2025-09-27 12:13:38 - ROBOTY.main - INFO - Запуск приложения ROBOTY
2025-09-27 12:13:38 - ROBOTY.main - INFO - Применена тема: dark
2025-09-27 12:13:38 - ROBOTY.main - INFO - Интерфейс инициализирован
2025-09-27 12:13:38 - ROBOTY.main - INFO - Приложение успешно запущено
2025-09-27 12:13:42 - ROBOTY.main - INFO - Запуск десктопного приложения
2025-09-27 12:13:42 - ROBOTY.desktop - INFO - Запуск оптимизированного десктопного приложения
2025-09-27 12:13:43 - ROBOTY.desktop - INFO - Применена тема: dark
2025-09-27 12:13:43 - ROBOTY.performance - INFO - Применено оптимизаций: 4
2025-09-27 12:13:43 - ROBOTY.desktop - INFO - Применено оптимизаций: 4
2025-09-27 12:13:43 - ROBOTY.desktop - INFO - Десктопное приложение инициализировано
2025-09-27 12:13:43 - ROBOTY.main - INFO - Десктопное приложение успешно запущено
2025-09-27 12:14:04 - ROBOTY.main - INFO - Создан входной файл: C:\Users\22200490\.cursor\ROBOTY-main\data\input_20250927_121353.json
2025-09-27 12:14:04 - ROBOTY.parser - INFO - Начинаем загрузку файла: C:\Users\22200490\.cursor\ROBOTY-main\data\input_20250927_121353.json
2025-09-27 12:14:04 - ROBOTY.parser - INFO - Файл C:\Users\22200490\.cursor\ROBOTY-main\data\input_20250927_121353.json успешно загружен
2025-09-27 12:14:04 - ROBOTY.parser - DEBUG - Робот 1 успешно загружен
2025-09-27 12:14:04 - ROBOTY.parser - DEBUG - Робот 2 успешно загружен
2025-09-27 12:14:04 - ROBOTY.parser - DEBUG - Робот 3 успешно загружен
2025-09-27 12:14:04 - ROBOTY.parser - DEBUG - Робот 4 успешно загружен
2025-09-27 12:14:04 - ROBOTY.parser - DEBUG - Операция 1 успешно загружена
2025-09-27 12:14:04 - ROBOTY.parser - DEBUG - Операция 2 успешно загружена
2025-09-27 12:14:04 - ROBOTY.parser - DEBUG - Операция 3 успешно загружена
2025-09-27 12:14:04 - ROBOTY.parser - DEBUG - Операция 4 успешно загружена
2025-09-27 12:14:04 - ROBOTY.parser - DEBUG - Операция 5 успешно загружена
2025-09-27 12:14:04 - ROBOTY.parser - DEBUG - Операция 6 успешно загружена
2025-09-27 12:14:04 - ROBOTY.parser - DEBUG - Операция 7 успешно загружена
2025-09-27 12:14:04 - ROBOTY.parser - DEBUG - Операция 8 успешно загружена
2025-09-27 12:14:04 - ROBOTY.parser - DEBUG - Операция 9 успешно загружена
2025-09-27 12:14:04 - ROBOTY.parser - DEBUG - Операция 10 успешно загружена
2025-09-27 12:14:04 - ROBOTY.parser - DEBUG - Операция 11 успешно загружена
2025-09-27 12:14:04 - ROBOTY.parser - DEBUG - Операция 12 успешно загружена
2025-09-27 12:14:04 - ROBOTY.parser - DEBUG - Операция 13 успешно загружена
2025-09-27 12:14:04 - ROBOTY.parser - DEBUG - Операция 14 успешно загружена
2025-09-27 12:14:04 - ROBOTY.parser - DEBUG - Операция 15 успешно загружена
2025-09-27 12:14:04 - ROBOTY.parser - DEBUG - Операция 16 успешно загружена
2025-09-27 12:14:04 - ROBOTY.parser - DEBUG - Операция 17 успешно загружена
2025-09-27 12:14:04 - ROBOTY.parser - DEBUG - Операция 18 успешно загружена
2025-09-27 12:14:04 - ROBOTY.parser - DEBUG - Операция 19 успешно загружена
2025-09-27 12:14:04 - ROBOTY.parser - DEBUG - Операция 20 успешно загружена
2025-09-27 12:14:04 - ROBOTY.parser - DEBUG - Операция 21 успешно загружена
2025-09-27 12:14:04 - ROBOTY.parser - DEBUG - Операция 22 успешно загружена
2025-09-27 12:14:04 - ROBOTY.parser - DEBUG - Операция 23 успешно загружена
2025-09-27 12:14:04 - ROBOTY.parser - DEBUG - Операция 24 успешно загружена
2025-09-27 12:14:04 - ROBOTY.parser - DEBUG - Операция 25 успешно загружена
2025-09-27 12:14:04 - ROBOTY.parser - DEBUG - Операция 26 успешно загружена
2025-09-27 12:14:04 - ROBOTY.parser - DEBUG - Операция 27 успешно загружена
2025-09-27 12:14:04 - ROBOTY.parser - DEBUG - Операция 28 успешно загружена
2025-09-27 12:14:04 - ROBOTY.parser - DEBUG - Операция 29 успешно загружена
2025-09-27 12:14:04 - ROBOTY.parser - DEBUG - Операция 30 успешно загружена
2025-09-27 12:14:04 - ROBOTY.parser - INFO - Загружено 4 роботов и 30 операций
2025-09-27 12:14:10 - ROBOTY.main - INFO - Запуск планировщика
2025-09-27 12:14:10 - ROBOTY.planner - INFO - Запуск планировщика траекторий
2025-09-27 12:14:10 - ROBOTY.assigner - INFO - Начинаем назначение операций методом: balanced
2025-09-27 12:14:10 - ROBOTY.assigner - DEBUG - Операция 0 назначена роботу 0 (нагрузка: 7.24)
2025-09-27 12:14:10 - ROBOTY.assigner - DEBUG - Операция 1 назначена роботу 1 (нагрузка: 8.82)
2025-09-27 12:14:10 - ROBOTY.assigner - DEBUG - Операция 2 назначена роботу 3 (нагрузка: 11.30)
2025-09-27 12:14:10 - ROBOTY.assigner - DEBUG - Операция 3 назначена роботу 2 (нагрузка: 18.35)
2025-09-27 12:14:10 - ROBOTY.assigner - DEBUG - Операция 4 назначена роботу 0 (нагрузка: 16.56)
2025-09-27 12:14:10 - ROBOTY.assigner - DEBUG - Операция 5 назначена роботу 1 (нагрузка: 23.71)
2025-09-27 12:14:10 - ROBOTY.assigner - DEBUG - Операция 6 назначена роботу 3 (нагрузка: 22.26)
2025-09-27 12:14:10 - ROBOTY.assigner - DEBUG - Операция 7 назначена роботу 0 (нагрузка: 22.37)
2025-09-27 12:14:10 - ROBOTY.assigner - DEBUG - Операция 8 назначена роботу 0 (нагрузка: 32.38)
2025-09-27 12:14:10 - ROBOTY.assigner - DEBUG - Операция 9 назначена роботу 2 (нагрузка: 33.50)
2025-09-27 12:14:10 - ROBOTY.assigner - DEBUG - Операция 10 назначена роботу 3 (нагрузка: 30.19)
2025-09-27 12:14:10 - ROBOTY.assigner - DEBUG - Операция 11 назначена роботу 1 (нагрузка: 36.18)
2025-09-27 12:14:10 - ROBOTY.assigner - DEBUG - Операция 12 назначена роботу 0 (нагрузка: 40.64)
2025-09-27 12:14:10 - ROBOTY.assigner - DEBUG - Операция 13 назначена роботу 3 (нагрузка: 43.55)
2025-09-27 12:14:10 - ROBOTY.assigner - DEBUG - Операция 14 назначена роботу 1 (нагрузка: 46.49)
2025-09-27 12:14:10 - ROBOTY.assigner - DEBUG - Операция 15 назначена роботу 2 (нагрузка: 45.92)
2025-09-27 12:14:10 - ROBOTY.assigner - DEBUG - Операция 16 назначена роботу 0 (нагрузка: 50.21)
2025-09-27 12:14:10 - ROBOTY.assigner - DEBUG - Операция 17 назначена роботу 3 (нагрузка: 53.32)
2025-09-27 12:14:10 - ROBOTY.assigner - DEBUG - Операция 18 назначена роботу 1 (нагрузка: 52.84)
2025-09-27 12:14:10 - ROBOTY.assigner - DEBUG - Операция 19 назначена роботу 0 (нагрузка: 58.63)
2025-09-27 12:14:10 - ROBOTY.assigner - DEBUG - Операция 20 назначена роботу 2 (нагрузка: 57.36)
2025-09-27 12:14:10 - ROBOTY.assigner - DEBUG - Операция 21 назначена роботу 1 (нагрузка: 61.73)
2025-09-27 12:14:10 - ROBOTY.assigner - DEBUG - Операция 22 назначена роботу 3 (нагрузка: 66.68)
2025-09-27 12:14:10 - ROBOTY.assigner - DEBUG - Операция 23 назначена роботу 0 (нагрузка: 67.36)
2025-09-27 12:14:10 - ROBOTY.assigner - DEBUG - Операция 24 назначена роботу 2 (нагрузка: 71.01)
2025-09-27 12:14:10 - ROBOTY.assigner - DEBUG - Операция 25 назначена роботу 1 (нагрузка: 75.20)
2025-09-27 12:14:10 - ROBOTY.assigner - DEBUG - Операция 26 назначена роботу 3 (нагрузка: 80.72)
2025-09-27 12:14:10 - ROBOTY.assigner - DEBUG - Операция 27 назначена роботу 0 (нагрузка: 74.20)
2025-09-27 12:14:10 - ROBOTY.assigner - DEBUG - Операция 28 назначена роботу 2 (нагрузка: 83.33)
2025-09-27 12:14:10 - ROBOTY.assigner - DEBUG - Операция 29 назначена роботу 0 (нагрузка: 80.31)
2025-09-27 12:14:10 - ROBOTY.assigner - INFO - Распределено 30 операций с балансировкой нагрузки
2025-09-27 12:14:10 - ROBOTY.assigner - INFO - Итоговые нагрузки роботов: ['80.31', '75.20', '83.33', '80.72']
2025-09-27 12:14:10 - ROBOTY.assigner - INFO - Робот 0: 10 операций, нагрузка 80.31
2025-09-27 12:14:10 - ROBOTY.assigner - INFO - Робот 1: 7 операций, нагрузка 75.20
2025-09-27 12:14:10 - ROBOTY.assigner - INFO - Робот 2: 6 операций, нагрузка 83.33
2025-09-27 12:14:10 - ROBOTY.assigner - INFO - Робот 3: 7 операций, нагрузка 80.72
2025-09-27 12:14:10 - ROBOTY.planner - INFO - Операции назначены методом: balanced
2025-09-27 12:14:10 - ROBOTY.planner - INFO - Планирование траектории для робота 1 (ID: 1) с 10 операциями
2025-09-27 12:14:10 - ROBOTY.planner - DEBUG - Планирование траектории для робота с 10 операциями
2025-09-27 12:14:10 - ROBOTY.planner - DEBUG - Операция 1 запланирована, время завершения: 9.37
2025-09-27 12:14:10 - ROBOTY.planner - DEBUG - Операция 2 запланирована, время завершения: 17.08
2025-09-27 12:14:10 - ROBOTY.planner - DEBUG - Операция 3 запланирована, время завершения: 23.50
2025-09-27 12:14:10 - ROBOTY.planner - DEBUG - Операция 4 запланирована, время завершения: 33.47
2025-09-27 12:14:10 - ROBOTY.planner - DEBUG - Операция 5 запланирована, время завершения: 43.42
2025-09-27 12:14:10 - ROBOTY.planner - DEBUG - Операция 6 запланирована, время завершения: 53.33
2025-09-27 12:14:10 - ROBOTY.planner - DEBUG - Операция 7 запланирована, время завершения: 63.10
2025-09-27 12:14:10 - ROBOTY.planner - DEBUG - Операция 8 запланирована, время завершения: 69.50
2025-09-27 12:14:10 - ROBOTY.planner - DEBUG - Операция 9 запланирована, время завершения: 79.48
2025-09-27 12:14:10 - ROBOTY.planner - DEBUG - Операция 10 запланирована, время завершения: 84.28
2025-09-27 12:14:10 - ROBOTY.planner - INFO - Траектория робота запланирована, общее время: 84.28
2025-09-27 12:14:10 - ROBOTY.planner - INFO - Робот 1: траектория содержит 240 точек
2025-09-27 12:14:10 - ROBOTY.planner - INFO - Планирование траектории для робота 2 (ID: 2) с 7 операциями
2025-09-27 12:14:10 - ROBOTY.planner - DEBUG - Планирование траектории для робота с 7 операциями
2025-09-27 12:14:10 - ROBOTY.planner - DEBUG - Операция 1 запланирована, время завершения: 10.12
2025-09-27 12:14:10 - ROBOTY.planner - DEBUG - Операция 2 запланирована, время завершения: 22.88
2025-09-27 12:14:10 - ROBOTY.planner - DEBUG - Операция 3 запланирована, время завершения: 33.35
2025-09-27 12:14:10 - ROBOTY.planner - DEBUG - Операция 4 запланирована, время завершения: 45.64
2025-09-27 12:14:10 - ROBOTY.planner - DEBUG - Операция 5 запланирована, время завершения: 54.46
2025-09-27 12:14:10 - ROBOTY.planner - DEBUG - Операция 6 запланирована, время завершения: 65.06
2025-09-27 12:14:10 - ROBOTY.planner - DEBUG - Операция 7 запланирована, время завершения: 74.31
2025-09-27 12:14:10 - ROBOTY.planner - INFO - Траектория робота запланирована, общее время: 74.31
2025-09-27 12:14:10 - ROBOTY.planner - INFO - Робот 2: траектория содержит 168 точек
2025-09-27 12:14:10 - ROBOTY.planner - INFO - Планирование траектории для робота 3 (ID: 3) с 6 операциями
2025-09-27 12:14:10 - ROBOTY.planner - DEBUG - Планирование траектории для робота с 6 операциями
2025-09-27 12:14:10 - ROBOTY.planner - DEBUG - Операция 1 запланирована, время завершения: 19.45
2025-09-27 12:14:10 - ROBOTY.planner - DEBUG - Операция 2 запланирована, время завершения: 37.31
2025-09-27 12:14:10 - ROBOTY.planner - DEBUG - Операция 3 запланирована, время завершения: 49.60
2025-09-27 12:14:10 - ROBOTY.planner - DEBUG - Операция 4 запланирована, время завершения: 59.42
2025-09-27 12:14:10 - ROBOTY.planner - DEBUG - Операция 5 запланирована, время завершения: 72.16
2025-09-27 12:14:10 - ROBOTY.planner - DEBUG - Операция 6 запланирована, время завершения: 92.24
2025-09-27 12:14:10 - ROBOTY.planner - INFO - Траектория робота запланирована, общее время: 92.24
2025-09-27 12:14:10 - ROBOTY.planner - INFO - Робот 3: траектория содержит 144 точек
2025-09-27 12:14:10 - ROBOTY.planner - INFO - Планирование траектории для робота 4 (ID: 4) с 7 операциями
2025-09-27 12:14:10 - ROBOTY.planner - DEBUG - Планирование траектории для робота с 7 операциями
2025-09-27 12:14:10 - ROBOTY.planner - DEBUG - Операция 1 запланирована, время завершения: 13.14
2025-09-27 12:14:10 - ROBOTY.planner - DEBUG - Операция 2 запланирована, время завершения: 24.68
2025-09-27 12:14:10 - ROBOTY.planner - DEBUG - Операция 3 запланирована, время завершения: 38.96
2025-09-27 12:14:10 - ROBOTY.planner - DEBUG - Операция 4 запланирована, время завершения: 55.35
2025-09-27 12:14:10 - ROBOTY.planner - DEBUG - Операция 5 запланирована, время завершения: 65.32
2025-09-27 12:14:10 - ROBOTY.planner - DEBUG - Операция 6 запланирована, время завершения: 79.39
2025-09-27 12:14:10 - ROBOTY.planner - DEBUG - Операция 7 запланирована, время завершения: 97.61
2025-09-27 12:14:10 - ROBOTY.planner - INFO - Траектория робота запланирована, общее время: 97.61
2025-09-27 12:14:10 - ROBOTY.planner - INFO - Робот 4: траектория содержит 168 точек
2025-09-27 12:14:10 - ROBOTY.planner - INFO - Планирование завершено. Makespan: 97.61
2025-09-27 12:14:10 - ROBOTY.main - INFO - Планировщик успешно завершил работу
2025-09-27 12:14:10 - ROBOTY.collision - INFO - Начинаем детальную проверку коллизий
2025-09-27 12:14:10 - ROBOTY.collision - DEBUG - Проверяем коллизии в диапазоне времени: 0.00 - 97.61
2025-09-27 12:14:10 - ROBOTY.collision - INFO - Коллизий не обнаружено
2025-09-27 12:14:10 - ROBOTY.main - INFO - Коллизий не обнаружено
2025-09-27 12:14:12 - ROBOTY.main - INFO - Запуск десктопного приложения
2025-09-27 12:14:12 - ROBOTY.desktop - INFO - Запуск оптимизированного десктопного приложения
2025-09-27 12:14:12 - ROBOTY.desktop - INFO - Применена тема: dark
2025-09-27 12:14:12 - ROBOTY.performance - INFO - Применено оптимизаций: 8
2025-09-27 12:14:12 - ROBOTY.desktop - INFO - Применено оптимизаций: 4
2025-09-27 12:14:12 - ROBOTY.desktop - INFO - Десктопное приложение инициализировано
2025-09-27 12:14:12 - ROBOTY.main - INFO - Десктопное приложение успешно запущено
2025-09-27 12:14:19 - ROBOTY.main - INFO - Открытие визуализатора
2025-09-27 12:14:19 - ROBOTY.main - INFO - Визуализация успешно завершена
2025-09-27 12:14:19 - ROBOTY.visualizer - INFO - Запуск визуализации типа: 3d_anim
2025-09-27 12:14:19 - ROBOTY.visualizer - INFO - Создание 3D анимации траекторий
2025-09-27 12:14:19 - ROBOTY.visualizer - INFO - Создание 3D визуализации траекторий
2025-09-27 12:14:20 - ROBOTY.visualizer - INFO - 3D визуализация создана
2025-09-27 12:14:20 - ROBOTY.visualizer - INFO - Ограничиваем анимацию: 70 кадров из 490
2025-09-27 12:14:30 - ROBOTY.visualizer - INFO - Визуализация записана во временный файл: C:\Users\22200490\AppData\Local\Temp\tmpnkasi802_viz_3d_anim.html
2025-09-27 12:14:31 - ROBOTY.visualizer - INFO - Визуализация открыта в браузере из временного файла
2025-09-27 12:14:31 - ROBOTY.mesh_loader - INFO - Кэш мешей очищен
2025-09-27 12:14:31 - ROBOTY.visualizer - INFO - Кэш мешей очищен для освобождения памяти
2025-09-27 12:14:31 - ROBOTY.main - INFO - Визуализация успешно завершена (в фоне, временный файл будет удалён автоматически)
2025-09-27 12:14:50 - ROBOTY.visualizer - INFO - Временный файл визуализации удалён: C:\Users\22200490\AppData\Local\Temp\tmpnkasi802_viz_3d_anim.html
