2025-09-26 11:25:46 - ROBOTY.main - INFO - Запуск приложения ROBOTY
2025-09-26 11:25:46 - ROBOTY.main - INFO - Применена тема: dark
2025-09-26 11:25:46 - ROBOTY.main - INFO - Интерфейс инициализирован
2025-09-26 11:25:46 - ROBOTY.main - INFO - Приложение успешно запущено
2025-09-26 11:26:00 - ROBOTY.main - INFO - Создан входной файл: C:\Users\22200490\.cursor\ROBOTY-main\data\input_20250926_112550.json
2025-09-26 11:26:00 - ROBOTY.parser - INFO - Начинаем загрузку файла: C:\Users\22200490\.cursor\ROBOTY-main\data\input_20250926_112550.json
2025-09-26 11:26:00 - ROBOTY.parser - INFO - Файл C:\Users\22200490\.cursor\ROBOTY-main\data\input_20250926_112550.json успешно загружен
2025-09-26 11:26:00 - ROBOTY.parser - DEBUG - Робот 1 успешно загружен
2025-09-26 11:26:00 - ROBOTY.parser - DEBUG - Операция 1 успешно загружена
2025-09-26 11:26:00 - ROBOTY.parser - DEBUG - Операция 2 успешно загружена
2025-09-26 11:26:00 - ROBOTY.parser - DEBUG - Операция 3 успешно загружена
2025-09-26 11:26:00 - ROBOTY.parser - DEBUG - Операция 4 успешно загружена
2025-09-26 11:26:00 - ROBOTY.parser - DEBUG - Операция 5 успешно загружена
2025-09-26 11:26:00 - ROBOTY.parser - DEBUG - Операция 6 успешно загружена
2025-09-26 11:26:00 - ROBOTY.parser - DEBUG - Операция 7 успешно загружена
2025-09-26 11:26:00 - ROBOTY.parser - DEBUG - Операция 8 успешно загружена
2025-09-26 11:26:00 - ROBOTY.parser - DEBUG - Операция 9 успешно загружена
2025-09-26 11:26:00 - ROBOTY.parser - DEBUG - Операция 10 успешно загружена
2025-09-26 11:26:00 - ROBOTY.parser - INFO - Загружено 1 роботов и 10 операций
2025-09-26 11:26:13 - ROBOTY.main - INFO - Запуск планировщика
2025-09-26 11:26:13 - ROBOTY.planner - INFO - Запуск планировщика траекторий
2025-09-26 11:26:13 - ROBOTY.assigner - INFO - Начинаем назначение операций методом: balanced
2025-09-26 11:26:13 - ROBOTY.assigner - DEBUG - Операция 0 назначена роботу 0 (нагрузка: 15.99)
2025-09-26 11:26:13 - ROBOTY.assigner - DEBUG - Операция 1 назначена роботу 0 (нагрузка: 29.74)
2025-09-26 11:26:13 - ROBOTY.assigner - DEBUG - Операция 2 назначена роботу 0 (нагрузка: 53.28)
2025-09-26 11:26:13 - ROBOTY.assigner - DEBUG - Операция 3 назначена роботу 0 (нагрузка: 68.32)
2025-09-26 11:26:13 - ROBOTY.assigner - DEBUG - Операция 4 назначена роботу 0 (нагрузка: 81.91)
2025-09-26 11:26:13 - ROBOTY.assigner - DEBUG - Операция 5 назначена роботу 0 (нагрузка: 93.73)
2025-09-26 11:26:13 - ROBOTY.assigner - DEBUG - Операция 6 назначена роботу 0 (нагрузка: 104.56)
2025-09-26 11:26:13 - ROBOTY.assigner - DEBUG - Операция 7 назначена роботу 0 (нагрузка: 121.13)
2025-09-26 11:26:13 - ROBOTY.assigner - DEBUG - Операция 8 назначена роботу 0 (нагрузка: 133.00)
2025-09-26 11:26:13 - ROBOTY.assigner - DEBUG - Операция 9 назначена роботу 0 (нагрузка: 144.83)
2025-09-26 11:26:13 - ROBOTY.assigner - INFO - Распределено 10 операций с балансировкой нагрузки
2025-09-26 11:26:13 - ROBOTY.assigner - INFO - Итоговые нагрузки роботов: ['144.83']
2025-09-26 11:26:13 - ROBOTY.assigner - INFO - Робот 0: 10 операций, нагрузка 144.83
2025-09-26 11:26:13 - ROBOTY.planner - INFO - Операции назначены методом: balanced
2025-09-26 11:26:13 - ROBOTY.planner - INFO - Планирование траектории для робота 1 (ID: 1) с 10 операциями
2025-09-26 11:26:13 - ROBOTY.planner - DEBUG - Планирование траектории для робота с 10 операциями
2025-09-26 11:26:13 - ROBOTY.planner - DEBUG - Операция 1 запланирована, время завершения: 17.32
2025-09-26 11:26:13 - ROBOTY.planner - DEBUG - Операция 2 запланирована, время завершения: 28.45
2025-09-26 11:26:13 - ROBOTY.planner - DEBUG - Операция 3 запланирована, время завершения: 49.98
2025-09-26 11:26:13 - ROBOTY.planner - DEBUG - Операция 4 запланирована, время завершения: 58.76
2025-09-26 11:26:13 - ROBOTY.planner - DEBUG - Операция 5 запланирована, время завершения: 69.13
2025-09-26 11:26:13 - ROBOTY.planner - DEBUG - Операция 6 запланирована, время завершения: 80.45
2025-09-26 11:26:13 - ROBOTY.planner - DEBUG - Операция 7 запланирована, время завершения: 96.25
2025-09-26 11:26:13 - ROBOTY.planner - DEBUG - Операция 8 запланирована, время завершения: 112.27
2025-09-26 11:26:13 - ROBOTY.planner - DEBUG - Операция 9 запланирована, время завершения: 129.92
2025-09-26 11:26:13 - ROBOTY.planner - DEBUG - Операция 10 запланирована, время завершения: 138.57
2025-09-26 11:26:13 - ROBOTY.planner - INFO - Траектория робота запланирована, общее время: 138.57
2025-09-26 11:26:13 - ROBOTY.planner - INFO - Робот 1: траектория содержит 240 точек
2025-09-26 11:26:13 - ROBOTY.planner - INFO - Планирование завершено. Makespan: 138.57
2025-09-26 11:26:13 - ROBOTY.main - INFO - Планировщик успешно завершил работу
2025-09-26 11:26:13 - ROBOTY.collision - INFO - Начинаем детальную проверку коллизий
2025-09-26 11:26:13 - ROBOTY.collision - INFO - Недостаточно роботов для проверки коллизий
2025-09-26 11:26:13 - ROBOTY.main - INFO - Коллизий не обнаружено
2025-09-26 11:26:14 - ROBOTY.main - INFO - Открытие визуализатора
2025-09-26 11:26:15 - ROBOTY.visualizer - INFO - Запуск визуализации типа: 3d_anim
2025-09-26 11:26:15 - ROBOTY.main - INFO - Визуализация успешно завершена
2025-09-26 11:26:15 - ROBOTY.visualizer - INFO - Создание 3D анимации траекторий
2025-09-26 11:26:15 - ROBOTY.visualizer - INFO - Создание 3D визуализации траекторий
2025-09-26 11:26:15 - ROBOTY.visualizer - INFO - 3D визуализация создана
2025-09-26 11:26:15 - ROBOTY.mesh_loader - INFO - OBJ загружен: 1758706684_68d3bbfcdbb32.obj, вершин=48087, треугольников=96202
2025-09-26 11:26:18 - ROBOTY.visualizer - INFO - Визуализация записана во временный файл: C:\Users\22200490\AppData\Local\Temp\tmphoy5j9ow_viz_3d_anim.html
2025-09-26 11:26:18 - ROBOTY.visualizer - INFO - Визуализация открыта в браузере из временного файла
2025-09-26 11:26:18 - ROBOTY.main - INFO - Визуализация успешно завершена (в фоне, временный файл будет удалён автоматически)
2025-09-26 11:26:56 - ROBOTY.visualizer - INFO - Временный файл визуализации удалён: C:\Users\22200490\AppData\Local\Temp\tmphoy5j9ow_viz_3d_anim.html
