2025-09-27 12:48:47 - ROBOTY.main - INFO - Запуск приложения ROBOTY
2025-09-27 12:48:47 - ROBOTY.main - INFO - Применена тема: dark
2025-09-27 12:48:47 - ROBOTY.main - INFO - Интерфейс инициализирован
2025-09-27 12:48:47 - ROBOTY.main - INFO - Приложение успешно запущено
2025-09-27 12:48:58 - ROBOTY.main - INFO - Создан входной файл: C:\Users\22200490\.cursor\ROBOTY-main\data\input_20250927_124849.json
2025-09-27 12:48:58 - ROBOTY.parser - INFO - Начинаем загрузку файла: C:\Users\22200490\.cursor\ROBOTY-main\data\input_20250927_124849.json
2025-09-27 12:48:58 - ROBOTY.parser - INFO - Файл C:\Users\22200490\.cursor\ROBOTY-main\data\input_20250927_124849.json успешно загружен
2025-09-27 12:48:58 - ROBOTY.parser - DEBUG - Робот 1 успешно загружен
2025-09-27 12:48:58 - ROBOTY.parser - DEBUG - Робот 2 успешно загружен
2025-09-27 12:48:58 - ROBOTY.parser - DEBUG - Робот 3 успешно загружен
2025-09-27 12:48:58 - ROBOTY.parser - DEBUG - Робот 4 успешно загружен
2025-09-27 12:48:58 - ROBOTY.parser - DEBUG - Операция 1 успешно загружена
2025-09-27 12:48:58 - ROBOTY.parser - DEBUG - Операция 2 успешно загружена
2025-09-27 12:48:58 - ROBOTY.parser - DEBUG - Операция 3 успешно загружена
2025-09-27 12:48:58 - ROBOTY.parser - DEBUG - Операция 4 успешно загружена
2025-09-27 12:48:58 - ROBOTY.parser - DEBUG - Операция 5 успешно загружена
2025-09-27 12:48:58 - ROBOTY.parser - DEBUG - Операция 6 успешно загружена
2025-09-27 12:48:58 - ROBOTY.parser - DEBUG - Операция 7 успешно загружена
2025-09-27 12:48:58 - ROBOTY.parser - DEBUG - Операция 8 успешно загружена
2025-09-27 12:48:58 - ROBOTY.parser - DEBUG - Операция 9 успешно загружена
2025-09-27 12:48:58 - ROBOTY.parser - DEBUG - Операция 10 успешно загружена
2025-09-27 12:48:58 - ROBOTY.parser - DEBUG - Операция 11 успешно загружена
2025-09-27 12:48:58 - ROBOTY.parser - DEBUG - Операция 12 успешно загружена
2025-09-27 12:48:58 - ROBOTY.parser - DEBUG - Операция 13 успешно загружена
2025-09-27 12:48:58 - ROBOTY.parser - DEBUG - Операция 14 успешно загружена
2025-09-27 12:48:58 - ROBOTY.parser - DEBUG - Операция 15 успешно загружена
2025-09-27 12:48:58 - ROBOTY.parser - DEBUG - Операция 16 успешно загружена
2025-09-27 12:48:58 - ROBOTY.parser - DEBUG - Операция 17 успешно загружена
2025-09-27 12:48:58 - ROBOTY.parser - DEBUG - Операция 18 успешно загружена
2025-09-27 12:48:58 - ROBOTY.parser - DEBUG - Операция 19 успешно загружена
2025-09-27 12:48:58 - ROBOTY.parser - DEBUG - Операция 20 успешно загружена
2025-09-27 12:48:58 - ROBOTY.parser - DEBUG - Операция 21 успешно загружена
2025-09-27 12:48:58 - ROBOTY.parser - DEBUG - Операция 22 успешно загружена
2025-09-27 12:48:58 - ROBOTY.parser - DEBUG - Операция 23 успешно загружена
2025-09-27 12:48:58 - ROBOTY.parser - DEBUG - Операция 24 успешно загружена
2025-09-27 12:48:58 - ROBOTY.parser - DEBUG - Операция 25 успешно загружена
2025-09-27 12:48:58 - ROBOTY.parser - DEBUG - Операция 26 успешно загружена
2025-09-27 12:48:58 - ROBOTY.parser - DEBUG - Операция 27 успешно загружена
2025-09-27 12:48:58 - ROBOTY.parser - DEBUG - Операция 28 успешно загружена
2025-09-27 12:48:58 - ROBOTY.parser - DEBUG - Операция 29 успешно загружена
2025-09-27 12:48:58 - ROBOTY.parser - DEBUG - Операция 30 успешно загружена
2025-09-27 12:48:58 - ROBOTY.parser - INFO - Загружено 4 роботов и 30 операций
2025-09-27 12:49:04 - ROBOTY.main - INFO - Запуск планировщика
2025-09-27 12:49:04 - ROBOTY.planner - INFO - Запуск планировщика траекторий
2025-09-27 12:49:04 - ROBOTY.assigner - INFO - Начинаем назначение операций методом: balanced
2025-09-27 12:49:04 - ROBOTY.assigner - DEBUG - Операция 0 назначена роботу 0 (нагрузка: 5.82)
2025-09-27 12:49:04 - ROBOTY.assigner - DEBUG - Операция 1 назначена роботу 2 (нагрузка: 6.30)
2025-09-27 12:49:04 - ROBOTY.assigner - DEBUG - Операция 2 назначена роботу 3 (нагрузка: 6.52)
2025-09-27 12:49:04 - ROBOTY.assigner - DEBUG - Операция 3 назначена роботу 1 (нагрузка: 10.05)
2025-09-27 12:49:04 - ROBOTY.assigner - DEBUG - Операция 4 назначена роботу 0 (нагрузка: 12.30)
2025-09-27 12:49:04 - ROBOTY.assigner - DEBUG - Операция 5 назначена роботу 3 (нагрузка: 15.63)
2025-09-27 12:49:04 - ROBOTY.assigner - DEBUG - Операция 6 назначена роботу 1 (нагрузка: 18.91)
2025-09-27 12:49:04 - ROBOTY.assigner - DEBUG - Операция 7 назначена роботу 2 (нагрузка: 18.23)
2025-09-27 12:49:04 - ROBOTY.assigner - DEBUG - Операция 8 назначена роботу 0 (нагрузка: 21.68)
2025-09-27 12:49:04 - ROBOTY.assigner - DEBUG - Операция 9 назначена роботу 3 (нагрузка: 26.30)
2025-09-27 12:49:04 - ROBOTY.assigner - DEBUG - Операция 10 назначена роботу 1 (нагрузка: 26.15)
2025-09-27 12:49:04 - ROBOTY.assigner - DEBUG - Операция 11 назначена роботу 2 (нагрузка: 29.71)
2025-09-27 12:49:04 - ROBOTY.assigner - DEBUG - Операция 12 назначена роботу 3 (нагрузка: 31.61)
2025-09-27 12:49:04 - ROBOTY.assigner - DEBUG - Операция 13 назначена роботу 0 (нагрузка: 31.04)
2025-09-27 12:49:04 - ROBOTY.assigner - DEBUG - Операция 14 назначена роботу 1 (нагрузка: 35.73)
2025-09-27 12:49:04 - ROBOTY.assigner - DEBUG - Операция 15 назначена роботу 0 (нагрузка: 40.31)
2025-09-27 12:49:04 - ROBOTY.assigner - DEBUG - Операция 16 назначена роботу 3 (нагрузка: 38.26)
2025-09-27 12:49:04 - ROBOTY.assigner - DEBUG - Операция 17 назначена роботу 2 (нагрузка: 38.68)
2025-09-27 12:49:04 - ROBOTY.assigner - DEBUG - Операция 18 назначена роботу 1 (нагрузка: 42.75)
2025-09-27 12:49:04 - ROBOTY.assigner - DEBUG - Операция 19 назначена роботу 3 (нагрузка: 47.78)
2025-09-27 12:49:04 - ROBOTY.assigner - DEBUG - Операция 20 назначена роботу 2 (нагрузка: 46.55)
2025-09-27 12:49:04 - ROBOTY.assigner - DEBUG - Операция 21 назначена роботу 1 (нагрузка: 51.64)
2025-09-27 12:49:04 - ROBOTY.assigner - DEBUG - Операция 22 назначена роботу 0 (нагрузка: 47.23)
2025-09-27 12:49:04 - ROBOTY.assigner - DEBUG - Операция 23 назначена роботу 3 (нагрузка: 54.92)
2025-09-27 12:49:04 - ROBOTY.assigner - DEBUG - Операция 24 назначена роботу 2 (нагрузка: 52.75)
2025-09-27 12:49:04 - ROBOTY.assigner - DEBUG - Операция 25 назначена роботу 0 (нагрузка: 58.24)
2025-09-27 12:49:04 - ROBOTY.assigner - DEBUG - Операция 26 назначена роботу 1 (нагрузка: 56.29)
2025-09-27 12:49:04 - ROBOTY.assigner - DEBUG - Операция 27 назначена роботу 3 (нагрузка: 63.10)
2025-09-27 12:49:04 - ROBOTY.assigner - DEBUG - Операция 28 назначена роботу 2 (нагрузка: 59.10)
2025-09-27 12:49:04 - ROBOTY.assigner - DEBUG - Операция 29 назначена роботу 1 (нагрузка: 65.04)
2025-09-27 12:49:04 - ROBOTY.assigner - INFO - Распределено 30 операций с балансировкой нагрузки
2025-09-27 12:49:04 - ROBOTY.assigner - INFO - Итоговые нагрузки роботов: ['58.24', '65.04', '59.10', '63.10']
2025-09-27 12:49:04 - ROBOTY.assigner - INFO - Робот 0: 7 операций, нагрузка 58.24
2025-09-27 12:49:04 - ROBOTY.assigner - INFO - Робот 1: 8 операций, нагрузка 65.04
2025-09-27 12:49:04 - ROBOTY.assigner - INFO - Робот 2: 7 операций, нагрузка 59.10
2025-09-27 12:49:04 - ROBOTY.assigner - INFO - Робот 3: 8 операций, нагрузка 63.10
2025-09-27 12:49:04 - ROBOTY.planner - INFO - Операции назначены методом: balanced
2025-09-27 12:49:04 - ROBOTY.planner - INFO - Планирование траектории для робота 1 (ID: 1) с 7 операциями
2025-09-27 12:49:04 - ROBOTY.planner - DEBUG - Планирование траектории для робота с 7 операциями
2025-09-27 12:49:04 - ROBOTY.planner - DEBUG - Операция 1 запланирована, время завершения: 7.44
2025-09-27 12:49:04 - ROBOTY.planner - DEBUG - Операция 2 запланирована, время завершения: 13.64
2025-09-27 12:49:04 - ROBOTY.planner - DEBUG - Операция 3 запланирована, время завершения: 23.06
2025-09-27 12:49:04 - ROBOTY.planner - DEBUG - Операция 4 запланирована, время завершения: 34.23
2025-09-27 12:49:04 - ROBOTY.planner - DEBUG - Операция 5 запланирована, время завершения: 43.91
2025-09-27 12:49:04 - ROBOTY.planner - DEBUG - Операция 6 запланирована, время завершения: 51.53
2025-09-27 12:49:04 - ROBOTY.planner - DEBUG - Операция 7 запланирована, время завершения: 60.69
2025-09-27 12:49:04 - ROBOTY.planner - INFO - Траектория робота запланирована, общее время: 60.69
2025-09-27 12:49:04 - ROBOTY.planner - INFO - Робот 1: траектория содержит 168 точек
2025-09-27 12:49:04 - ROBOTY.planner - INFO - Планирование траектории для робота 2 (ID: 2) с 8 операциями
2025-09-27 12:49:04 - ROBOTY.planner - DEBUG - Планирование траектории для робота с 8 операциями
2025-09-27 12:49:04 - ROBOTY.planner - DEBUG - Операция 1 запланирована, время завершения: 11.87
2025-09-27 12:49:04 - ROBOTY.planner - DEBUG - Операция 2 запланирована, время завершения: 25.53
2025-09-27 12:49:04 - ROBOTY.planner - DEBUG - Операция 3 запланирована, время завершения: 36.44
2025-09-27 12:49:04 - ROBOTY.planner - DEBUG - Операция 4 запланирована, время завершения: 47.91
2025-09-27 12:49:04 - ROBOTY.planner - DEBUG - Операция 5 запланирована, время завершения: 56.15
2025-09-27 12:49:04 - ROBOTY.planner - DEBUG - Операция 6 запланирована, время завершения: 64.48
2025-09-27 12:49:04 - ROBOTY.planner - DEBUG - Операция 7 запланирована, время завершения: 74.22
2025-09-27 12:49:04 - ROBOTY.planner - DEBUG - Операция 8 запланирована, время завершения: 82.41
2025-09-27 12:49:04 - ROBOTY.planner - INFO - Траектория робота запланирована, общее время: 82.41
2025-09-27 12:49:04 - ROBOTY.planner - INFO - Робот 2: траектория содержит 192 точек
2025-09-27 12:49:04 - ROBOTY.planner - INFO - Планирование траектории для робота 3 (ID: 3) с 7 операциями
2025-09-27 12:49:04 - ROBOTY.planner - DEBUG - Планирование траектории для робота с 7 операциями
2025-09-27 12:49:04 - ROBOTY.planner - DEBUG - Операция 1 запланирована, время завершения: 7.89
2025-09-27 12:49:04 - ROBOTY.planner - DEBUG - Операция 2 запланирована, время завершения: 20.95
2025-09-27 12:49:04 - ROBOTY.planner - DEBUG - Операция 3 запланирована, время завершения: 35.25
2025-09-27 12:49:04 - ROBOTY.planner - DEBUG - Операция 4 запланирована, время завершения: 46.83
2025-09-27 12:49:04 - ROBOTY.planner - DEBUG - Операция 5 запланирована, время завершения: 53.55
2025-09-27 12:49:04 - ROBOTY.planner - DEBUG - Операция 6 запланирована, время завершения: 61.72
2025-09-27 12:49:04 - ROBOTY.planner - DEBUG - Операция 7 запланирована, время завершения: 68.52
2025-09-27 12:49:04 - ROBOTY.planner - INFO - Траектория робота запланирована, общее время: 68.52
2025-09-27 12:49:04 - ROBOTY.planner - INFO - Робот 3: траектория содержит 168 точек
2025-09-27 12:49:04 - ROBOTY.planner - INFO - Планирование траектории для робота 4 (ID: 4) с 8 операциями
2025-09-27 12:49:04 - ROBOTY.planner - DEBUG - Планирование траектории для робота с 8 операциями
2025-09-27 12:49:04 - ROBOTY.planner - DEBUG - Операция 1 запланирована, время завершения: 8.86
2025-09-27 12:49:04 - ROBOTY.planner - DEBUG - Операция 2 запланирована, время завершения: 16.90
2025-09-27 12:49:04 - ROBOTY.planner - DEBUG - Операция 3 запланирована, время завершения: 25.73
2025-09-27 12:49:04 - ROBOTY.planner - DEBUG - Операция 4 запланирована, время завершения: 34.95
2025-09-27 12:49:04 - ROBOTY.planner - DEBUG - Операция 5 запланирована, время завершения: 46.04
2025-09-27 12:49:04 - ROBOTY.planner - DEBUG - Операция 6 запланирована, время завершения: 58.64
2025-09-27 12:49:04 - ROBOTY.planner - DEBUG - Операция 7 запланирована, время завершения: 68.76
2025-09-27 12:49:04 - ROBOTY.planner - DEBUG - Операция 8 запланирована, время завершения: 80.90
2025-09-27 12:49:04 - ROBOTY.planner - INFO - Траектория робота запланирована, общее время: 80.90
2025-09-27 12:49:04 - ROBOTY.planner - INFO - Робот 4: траектория содержит 192 точек
2025-09-27 12:49:04 - ROBOTY.planner - INFO - Планирование завершено. Makespan: 82.41
2025-09-27 12:49:04 - ROBOTY.main - INFO - Планировщик успешно завершил работу
2025-09-27 12:49:04 - ROBOTY.collision - INFO - Начинаем детальную проверку коллизий
2025-09-27 12:49:04 - ROBOTY.collision - DEBUG - Проверяем коллизии в диапазоне времени: 0.00 - 82.41
2025-09-27 12:49:04 - ROBOTY.collision - WARNING - Коллизия: роботы 1 и 2 в 23.80s, расстояние: 0.473, требуется: 0.500
2025-09-27 12:49:04 - ROBOTY.collision - WARNING - Коллизия: роботы 1 и 2 в 23.90s, расстояние: 0.398, требуется: 0.500
2025-09-27 12:49:04 - ROBOTY.collision - WARNING - Коллизия: роботы 1 и 2 в 24.00s, расстояние: 0.457, требуется: 0.500
2025-09-27 12:49:04 - ROBOTY.collision - WARNING - Коллизия: роботы 1 и 3 в 55.70s, расстояние: 0.472, требуется: 0.500
2025-09-27 12:49:04 - ROBOTY.collision - WARNING - Коллизия: роботы 1 и 3 в 55.80s, расстояние: 0.280, требуется: 0.500
2025-09-27 12:49:04 - ROBOTY.collision - WARNING - Коллизия: роботы 1 и 3 в 55.90s, расстояние: 0.231, требуется: 0.500
2025-09-27 12:49:04 - ROBOTY.collision - WARNING - Коллизия: роботы 1 и 3 в 56.00s, расстояние: 0.384, требуется: 0.500
2025-09-27 12:49:04 - ROBOTY.collision - ERROR - Обнаружено 7 коллизий
2025-09-27 12:49:04 - ROBOTY.main - WARNING - Обнаружено 7 коллизий, применяем онлайн-безопасность
2025-09-27 12:49:04 - ROBOTY.safety - INFO - Применяем онлайн-безопасность: вставка пауз при коллизиях
2025-09-27 12:49:04 - ROBOTY.collision - INFO - Начинаем детальную проверку коллизий
2025-09-27 12:49:04 - ROBOTY.collision - DEBUG - Проверяем коллизии в диапазоне времени: 0.00 - 82.41
2025-09-27 12:49:04 - ROBOTY.collision - WARNING - Коллизия: роботы 1 и 2 в 23.80s, расстояние: 0.473, требуется: 0.500
2025-09-27 12:49:04 - ROBOTY.collision - WARNING - Коллизия: роботы 1 и 2 в 23.85s, расстояние: 0.417, требуется: 0.500
2025-09-27 12:49:04 - ROBOTY.collision - WARNING - Коллизия: роботы 1 и 2 в 23.90s, расстояние: 0.398, требуется: 0.500
2025-09-27 12:49:04 - ROBOTY.collision - WARNING - Коллизия: роботы 1 и 2 в 23.95s, расстояние: 0.416, требуется: 0.500
2025-09-27 12:49:04 - ROBOTY.collision - WARNING - Коллизия: роботы 1 и 2 в 24.00s, расстояние: 0.457, требуется: 0.500
2025-09-27 12:49:04 - ROBOTY.collision - WARNING - Коллизия: роботы 1 и 3 в 55.70s, расстояние: 0.472, требуется: 0.500
2025-09-27 12:49:04 - ROBOTY.collision - WARNING - Коллизия: роботы 1 и 3 в 55.75s, расстояние: 0.368, требуется: 0.500
2025-09-27 12:49:04 - ROBOTY.collision - WARNING - Коллизия: роботы 1 и 3 в 55.80s, расстояние: 0.280, требуется: 0.500
2025-09-27 12:49:04 - ROBOTY.collision - WARNING - Коллизия: роботы 1 и 3 в 55.85s, расстояние: 0.226, требуется: 0.500
2025-09-27 12:49:04 - ROBOTY.collision - WARNING - Коллизия: роботы 1 и 3 в 55.90s, расстояние: 0.231, требуется: 0.500
2025-09-27 12:49:04 - ROBOTY.collision - WARNING - Коллизия: роботы 1 и 3 в 55.95s, расстояние: 0.292, требуется: 0.500
2025-09-27 12:49:04 - ROBOTY.collision - WARNING - Коллизия: роботы 1 и 3 в 56.00s, расстояние: 0.384, требуется: 0.500
2025-09-27 12:49:04 - ROBOTY.collision - WARNING - Коллизия: роботы 1 и 3 в 56.05s, расстояние: 0.489, требуется: 0.500
2025-09-27 12:49:04 - ROBOTY.collision - WARNING - Коллизия: роботы 2 и 4 в 65.95s, расстояние: 0.498, требуется: 0.500
2025-09-27 12:49:04 - ROBOTY.collision - ERROR - Обнаружено 14 коллизий
2025-09-27 12:49:04 - ROBOTY.safety - DEBUG - Добавлена пауза 0.60s роботу 1 в t=23.80s
2025-09-27 12:49:04 - ROBOTY.safety - DEBUG - Добавлена пауза 0.60s роботу 2 в t=23.80s
2025-09-27 12:49:04 - ROBOTY.safety - DEBUG - Добавлена пауза 0.60s роботу 1 в t=23.85s
2025-09-27 12:49:04 - ROBOTY.safety - DEBUG - Добавлена пауза 0.60s роботу 2 в t=23.85s
2025-09-27 12:49:04 - ROBOTY.safety - DEBUG - Добавлена пауза 0.60s роботу 1 в t=23.90s
2025-09-27 12:49:04 - ROBOTY.safety - DEBUG - Добавлена пауза 0.60s роботу 2 в t=23.90s
2025-09-27 12:49:04 - ROBOTY.safety - DEBUG - Добавлена пауза 0.60s роботу 1 в t=23.95s
2025-09-27 12:49:04 - ROBOTY.safety - DEBUG - Добавлена пауза 0.60s роботу 2 в t=23.95s
2025-09-27 12:49:04 - ROBOTY.safety - DEBUG - Добавлена пауза 0.60s роботу 1 в t=24.00s
2025-09-27 12:49:04 - ROBOTY.safety - DEBUG - Добавлена пауза 0.60s роботу 2 в t=24.00s
2025-09-27 12:49:04 - ROBOTY.safety - DEBUG - Добавлена пауза 0.60s роботу 1 в t=55.70s
2025-09-27 12:49:04 - ROBOTY.safety - DEBUG - Добавлена пауза 0.60s роботу 3 в t=55.70s
2025-09-27 12:49:04 - ROBOTY.safety - DEBUG - Добавлена пауза 0.60s роботу 1 в t=55.75s
2025-09-27 12:49:04 - ROBOTY.safety - DEBUG - Добавлена пауза 0.60s роботу 3 в t=55.75s
2025-09-27 12:49:04 - ROBOTY.safety - DEBUG - Добавлена пауза 0.60s роботу 1 в t=55.80s
2025-09-27 12:49:04 - ROBOTY.safety - DEBUG - Добавлена пауза 0.60s роботу 3 в t=55.80s
2025-09-27 12:49:04 - ROBOTY.safety - DEBUG - Добавлена пауза 0.60s роботу 1 в t=55.85s
2025-09-27 12:49:04 - ROBOTY.safety - DEBUG - Добавлена пауза 0.60s роботу 3 в t=55.85s
2025-09-27 12:49:04 - ROBOTY.safety - DEBUG - Добавлена пауза 0.60s роботу 1 в t=55.90s
2025-09-27 12:49:04 - ROBOTY.safety - DEBUG - Добавлена пауза 0.60s роботу 3 в t=55.90s
2025-09-27 12:49:04 - ROBOTY.safety - DEBUG - Добавлена пауза 0.60s роботу 1 в t=55.95s
2025-09-27 12:49:04 - ROBOTY.safety - DEBUG - Добавлена пауза 0.60s роботу 3 в t=55.95s
2025-09-27 12:49:04 - ROBOTY.safety - DEBUG - Добавлена пауза 0.60s роботу 1 в t=56.00s
2025-09-27 12:49:04 - ROBOTY.safety - DEBUG - Добавлена пауза 0.60s роботу 3 в t=56.00s
2025-09-27 12:49:04 - ROBOTY.safety - DEBUG - Добавлена пауза 0.60s роботу 1 в t=56.05s
2025-09-27 12:49:04 - ROBOTY.safety - DEBUG - Добавлена пауза 0.60s роботу 3 в t=56.05s
2025-09-27 12:49:04 - ROBOTY.safety - DEBUG - Добавлена пауза 0.60s роботу 2 в t=65.95s
2025-09-27 12:49:04 - ROBOTY.safety - DEBUG - Добавлена пауза 0.60s роботу 4 в t=65.95s
2025-09-27 12:49:04 - ROBOTY.safety - INFO - Онлайн-безопасность применена: паузы вставлены
2025-09-27 12:49:04 - ROBOTY.collision - INFO - Начинаем детальную проверку коллизий
2025-09-27 12:49:04 - ROBOTY.collision - DEBUG - Проверяем коллизии в диапазоне времени: 0.00 - 86.01
2025-09-27 12:49:04 - ROBOTY.collision - WARNING - Коллизия: роботы 1 и 2 в 23.80s, расстояние: 0.473, требуется: 0.500
2025-09-27 12:49:04 - ROBOTY.collision - WARNING - Коллизия: роботы 1 и 2 в 23.90s, расстояние: 0.473, требуется: 0.500
2025-09-27 12:49:04 - ROBOTY.collision - WARNING - Коллизия: роботы 1 и 2 в 24.00s, расстояние: 0.473, требуется: 0.500
2025-09-27 12:49:04 - ROBOTY.collision - WARNING - Коллизия: роботы 1 и 2 в 24.10s, расстояние: 0.473, требуется: 0.500
2025-09-27 12:49:04 - ROBOTY.collision - WARNING - Коллизия: роботы 1 и 2 в 24.20s, расстояние: 0.473, требуется: 0.500
2025-09-27 12:49:04 - ROBOTY.collision - WARNING - Коллизия: роботы 1 и 2 в 24.30s, расстояние: 0.473, требуется: 0.500
2025-09-27 12:49:04 - ROBOTY.collision - WARNING - Коллизия: роботы 1 и 2 в 24.40s, расстояние: 0.473, требуется: 0.500
2025-09-27 12:49:04 - ROBOTY.collision - WARNING - Коллизия: роботы 1 и 2 в 24.50s, расстояние: 0.473, требуется: 0.500
2025-09-27 12:49:04 - ROBOTY.collision - WARNING - Коллизия: роботы 1 и 2 в 24.60s, расстояние: 0.473, требуется: 0.500
2025-09-27 12:49:04 - ROBOTY.collision - WARNING - Коллизия: роботы 1 и 2 в 24.70s, расстояние: 0.473, требуется: 0.500
2025-09-27 12:49:04 - ROBOTY.collision - WARNING - Коллизия: роботы 1 и 2 в 24.80s, расстояние: 0.473, требуется: 0.500
2025-09-27 12:49:04 - ROBOTY.collision - WARNING - Коллизия: роботы 1 и 2 в 24.90s, расстояние: 0.473, требуется: 0.500
2025-09-27 12:49:04 - ROBOTY.collision - WARNING - Коллизия: роботы 1 и 2 в 25.00s, расстояние: 0.473, требуется: 0.500
2025-09-27 12:49:04 - ROBOTY.collision - WARNING - Коллизия: роботы 1 и 2 в 25.10s, расстояние: 0.473, требуется: 0.500
2025-09-27 12:49:04 - ROBOTY.collision - WARNING - Коллизия: роботы 1 и 2 в 25.20s, расстояние: 0.473, требуется: 0.500
2025-09-27 12:49:04 - ROBOTY.collision - WARNING - Коллизия: роботы 1 и 2 в 25.30s, расстояние: 0.473, требуется: 0.500
2025-09-27 12:49:04 - ROBOTY.collision - WARNING - Коллизия: роботы 1 и 2 в 25.40s, расстояние: 0.473, требуется: 0.500
2025-09-27 12:49:04 - ROBOTY.collision - WARNING - Коллизия: роботы 1 и 2 в 25.50s, расстояние: 0.473, требуется: 0.500
2025-09-27 12:49:04 - ROBOTY.collision - WARNING - Коллизия: роботы 1 и 2 в 25.60s, расстояние: 0.473, требуется: 0.500
2025-09-27 12:49:04 - ROBOTY.collision - WARNING - Коллизия: роботы 1 и 2 в 25.70s, расстояние: 0.473, требуется: 0.500
2025-09-27 12:49:04 - ROBOTY.collision - WARNING - Коллизия: роботы 1 и 2 в 25.80s, расстояние: 0.473, требуется: 0.500
2025-09-27 12:49:04 - ROBOTY.collision - WARNING - Коллизия: роботы 1 и 2 в 25.90s, расстояние: 0.473, требуется: 0.500
2025-09-27 12:49:04 - ROBOTY.collision - WARNING - Коллизия: роботы 1 и 2 в 26.00s, расстояние: 0.473, требуется: 0.500
2025-09-27 12:49:04 - ROBOTY.collision - WARNING - Коллизия: роботы 1 и 2 в 26.10s, расстояние: 0.473, требуется: 0.500
2025-09-27 12:49:04 - ROBOTY.collision - WARNING - Коллизия: роботы 1 и 2 в 26.20s, расстояние: 0.473, требуется: 0.500
2025-09-27 12:49:04 - ROBOTY.collision - WARNING - Коллизия: роботы 1 и 2 в 26.30s, расстояние: 0.473, требуется: 0.500
2025-09-27 12:49:04 - ROBOTY.collision - WARNING - Коллизия: роботы 1 и 2 в 26.40s, расстояние: 0.473, требуется: 0.500
2025-09-27 12:49:04 - ROBOTY.collision - WARNING - Коллизия: роботы 1 и 2 в 26.50s, расстояние: 0.473, требуется: 0.500
2025-09-27 12:49:04 - ROBOTY.collision - WARNING - Коллизия: роботы 1 и 2 в 26.60s, расстояние: 0.473, требуется: 0.500
2025-09-27 12:49:04 - ROBOTY.collision - WARNING - Коллизия: роботы 1 и 2 в 26.70s, расстояние: 0.473, требуется: 0.500
2025-09-27 12:49:04 - ROBOTY.collision - WARNING - Коллизия: роботы 1 и 2 в 26.80s, расстояние: 0.473, требуется: 0.500
2025-09-27 12:49:04 - ROBOTY.collision - WARNING - Коллизия: роботы 1 и 2 в 26.90s, расстояние: 0.398, требуется: 0.500
2025-09-27 12:49:04 - ROBOTY.collision - WARNING - Коллизия: роботы 1 и 2 в 27.00s, расстояние: 0.457, требуется: 0.500
2025-09-27 12:49:04 - ROBOTY.collision - ERROR - Обнаружено 33 коллизий
2025-09-27 12:49:04 - ROBOTY.main - WARNING - Коллизии сохраняются после вставки пауз
2025-09-27 12:49:06 - ROBOTY.main - INFO - Запуск десктопного 3D Viewer
2025-09-27 12:49:07 - ROBOTY.native_3d - INFO - Парсинг завершен: 4 роботов
2025-09-27 12:49:07 - ROBOTY.native_3d - INFO - Native 3D Viewer инициализирован
2025-09-27 12:49:07 - ROBOTY.main - INFO - Десктопный 3D Viewer успешно запущен
2025-09-27 12:50:00 - ROBOTY.native_3d - INFO - Закрытие Native 3D Viewer
