2025-09-20 16:04:44 - ROBOTY.main - INFO - Запуск приложения ROBOTY
2025-09-20 16:04:44 - ROBOTY.main - INFO - Применена тема: light
2025-09-20 16:04:44 - ROBOTY.main - INFO - Интерфейс инициализирован
2025-09-20 16:04:45 - ROBOTY.main - INFO - Приложение успешно запущено
2025-09-20 16:05:02 - ROBOTY.main - INFO - Применена тема: dark
2025-09-20 16:05:02 - ROBOTY.main - INFO - Переключение темы: dark -> dark
2025-09-20 16:05:04 - ROBOTY.main - INFO - Применена тема: light
2025-09-20 16:05:04 - ROBOTY.main - INFO - Переключение темы: light -> light
2025-09-20 16:05:04 - ROBOTY.main - INFO - Применена тема: dark
2025-09-20 16:05:04 - ROBOTY.main - INFO - Переключение темы: dark -> dark
2025-09-20 16:05:04 - ROBOTY.main - INFO - Применена тема: light
2025-09-20 16:05:04 - ROBOTY.main - INFO - Переключение темы: light -> light
2025-09-20 16:05:05 - ROBOTY.main - INFO - Применена тема: dark
2025-09-20 16:05:05 - ROBOTY.main - INFO - Переключение темы: dark -> dark
2025-09-20 16:05:05 - ROBOTY.main - INFO - Применена тема: light
2025-09-20 16:05:05 - ROBOTY.main - INFO - Переключение темы: light -> light
2025-09-20 16:05:13 - ROBOTY.main - INFO - Применена тема: dark
2025-09-20 16:05:13 - ROBOTY.main - INFO - Переключение темы: dark -> dark
2025-09-20 16:05:13 - ROBOTY.main - INFO - Применена тема: light
2025-09-20 16:05:13 - ROBOTY.main - INFO - Переключение темы: light -> light
2025-09-20 16:05:14 - ROBOTY.main - INFO - Применена тема: dark
2025-09-20 16:05:14 - ROBOTY.main - INFO - Переключение темы: dark -> dark
2025-09-20 16:05:42 - ROBOTY.main - INFO - Начинаем загрузку файла
2025-09-20 16:05:45 - ROBOTY.main - INFO - Загружаем файл: C:/Users/79518/.cursor/ROBOTY-2/ROBOTY/ROBOTY/data/example_schedule2.json
2025-09-20 16:05:45 - ROBOTY.parser - INFO - Начинаем загрузку файла: C:/Users/79518/.cursor/ROBOTY-2/ROBOTY/ROBOTY/data/example_schedule2.json
2025-09-20 16:05:45 - ROBOTY.parser - INFO - Файл C:/Users/79518/.cursor/ROBOTY-2/ROBOTY/ROBOTY/data/example_schedule2.json успешно загружен
2025-09-20 16:05:45 - ROBOTY.parser - DEBUG - Робот 1 успешно загружен
2025-09-20 16:05:45 - ROBOTY.parser - DEBUG - Робот 2 успешно загружен
2025-09-20 16:05:45 - ROBOTY.parser - DEBUG - Робот 3 успешно загружен
2025-09-20 16:05:45 - ROBOTY.parser - DEBUG - Робот 4 успешно загружен
2025-09-20 16:05:45 - ROBOTY.parser - DEBUG - Робот 5 успешно загружен
2025-09-20 16:05:45 - ROBOTY.parser - DEBUG - Робот 6 успешно загружен
2025-09-20 16:05:45 - ROBOTY.parser - DEBUG - Робот 7 успешно загружен
2025-09-20 16:05:45 - ROBOTY.parser - DEBUG - Робот 8 успешно загружен
2025-09-20 16:05:45 - ROBOTY.parser - DEBUG - Робот 9 успешно загружен
2025-09-20 16:05:45 - ROBOTY.parser - DEBUG - Робот 10 успешно загружен
2025-09-20 16:05:45 - ROBOTY.parser - DEBUG - Операция 101 успешно загружена
2025-09-20 16:05:45 - ROBOTY.parser - DEBUG - Операция 102 успешно загружена
2025-09-20 16:05:45 - ROBOTY.parser - INFO - Загружено 10 роботов и 2 операций
2025-09-20 16:05:45 - ROBOTY.main - INFO - Файл успешно загружен и распарсен
2025-09-20 16:05:49 - ROBOTY.main - INFO - Запуск планировщика
2025-09-20 16:05:49 - ROBOTY.genetic_algorithm - INFO - Запуск генетического алгоритма для назначения операций
2025-09-20 16:05:49 - ROBOTY.genetic_algorithm - INFO - Инициализирован генетический алгоритм: популяция=50, поколения=110
2025-09-20 16:05:49 - ROBOTY.genetic_algorithm - INFO - Начинаем эволюцию генетического алгоритма
2025-09-20 16:05:49 - ROBOTY.genetic_algorithm - DEBUG - Инициализирована популяция из 50 индивидов
2025-09-20 16:05:49 - ROBOTY.genetic_algorithm - INFO - Поколение 0: лучшая приспособленность = 0.399840, makespan = 2.50
2025-09-20 16:05:49 - ROBOTY.genetic_algorithm - WARNING - В родителе 1 отсутствуют операции: {1}
2025-09-20 16:05:49 - ROBOTY.genetic_algorithm - WARNING - В родителе 2 отсутствуют операции: {1}
2025-09-20 16:05:49 - ROBOTY.genetic_algorithm - WARNING - В родителе 2 отсутствуют операции: {1}
2025-09-20 16:05:49 - ROBOTY.genetic_algorithm - WARNING - В родителе 1 отсутствуют операции: {1}
2025-09-20 16:05:49 - ROBOTY.genetic_algorithm - WARNING - В родителе 1 отсутствуют операции: {1}
2025-09-20 16:05:49 - ROBOTY.genetic_algorithm - WARNING - В родителе 2 отсутствуют операции: {1}
2025-09-20 16:05:49 - ROBOTY.genetic_algorithm - WARNING - В родителе 2 отсутствуют операции: {0}
2025-09-20 16:05:49 - ROBOTY.genetic_algorithm - WARNING - В родителе 1 отсутствуют операции: {1}
2025-09-20 16:05:49 - ROBOTY.genetic_algorithm - WARNING - В родителе 2 отсутствуют операции: {1}
2025-09-20 16:05:49 - ROBOTY.genetic_algorithm - WARNING - В родителе 2 отсутствуют операции: {1}
2025-09-20 16:05:49 - ROBOTY.genetic_algorithm - WARNING - В родителе 2 отсутствуют операции: {1}
2025-09-20 16:05:49 - ROBOTY.genetic_algorithm - WARNING - В родителе 1 отсутствуют операции: {0}
2025-09-20 16:05:49 - ROBOTY.genetic_algorithm - WARNING - В родителе 1 отсутствуют операции: {1}
2025-09-20 16:05:49 - ROBOTY.genetic_algorithm - WARNING - В родителе 2 отсутствуют операции: {0}
2025-09-20 16:05:49 - ROBOTY.genetic_algorithm - WARNING - В родителе 2 отсутствуют операции: {1}
2025-09-20 16:05:49 - ROBOTY.genetic_algorithm - WARNING - В родителе 1 отсутствуют операции: {1}
2025-09-20 16:05:49 - ROBOTY.genetic_algorithm - WARNING - В родителе 2 отсутствуют операции: {1}
2025-09-20 16:05:49 - ROBOTY.genetic_algorithm - WARNING - В родителе 2 отсутствуют операции: {0}
2025-09-20 16:05:49 - ROBOTY.genetic_algorithm - WARNING - В родителе 2 отсутствуют операции: {0}
2025-09-20 16:05:49 - ROBOTY.genetic_algorithm - WARNING - В родителе 1 отсутствуют операции: {1}
2025-09-20 16:05:49 - ROBOTY.genetic_algorithm - WARNING - В родителе 2 отсутствуют операции: {0}
2025-09-20 16:05:49 - ROBOTY.genetic_algorithm - WARNING - В родителе 2 отсутствуют операции: {0}
2025-09-20 16:05:49 - ROBOTY.genetic_algorithm - WARNING - В родителе 2 отсутствуют операции: {0}
2025-09-20 16:05:49 - ROBOTY.genetic_algorithm - WARNING - В родителе 2 отсутствуют операции: {0}
2025-09-20 16:05:49 - ROBOTY.genetic_algorithm - WARNING - В родителе 1 отсутствуют операции: {0}
2025-09-20 16:05:49 - ROBOTY.genetic_algorithm - WARNING - В родителе 2 отсутствуют операции: {0}
2025-09-20 16:05:49 - ROBOTY.genetic_algorithm - WARNING - В родителе 1 отсутствуют операции: {0}
2025-09-20 16:05:49 - ROBOTY.genetic_algorithm - WARNING - В родителе 1 отсутствуют операции: {0}
2025-09-20 16:05:49 - ROBOTY.genetic_algorithm - WARNING - В родителе 1 отсутствуют операции: {0}
2025-09-20 16:05:49 - ROBOTY.genetic_algorithm - WARNING - В родителе 2 отсутствуют операции: {0}
2025-09-20 16:05:49 - ROBOTY.genetic_algorithm - WARNING - В родителе 2 отсутствуют операции: {0}
2025-09-20 16:05:49 - ROBOTY.genetic_algorithm - WARNING - В родителе 1 отсутствуют операции: {0}
2025-09-20 16:05:49 - ROBOTY.genetic_algorithm - WARNING - В родителе 2 отсутствуют операции: {0}
2025-09-20 16:05:49 - ROBOTY.genetic_algorithm - WARNING - В родителе 2 отсутствуют операции: {0}
2025-09-20 16:05:49 - ROBOTY.genetic_algorithm - WARNING - В родителе 2 отсутствуют операции: {0}
2025-09-20 16:05:49 - ROBOTY.genetic_algorithm - WARNING - В родителе 2 отсутствуют операции: {0}
2025-09-20 16:05:49 - ROBOTY.genetic_algorithm - WARNING - В родителе 1 отсутствуют операции: {0}
2025-09-20 16:05:49 - ROBOTY.genetic_algorithm - WARNING - В родителе 2 отсутствуют операции: {0}
2025-09-20 16:05:49 - ROBOTY.genetic_algorithm - INFO - Поколение 10: лучшая приспособленность = 0.577017, makespan = 1.73
2025-09-20 16:05:49 - ROBOTY.genetic_algorithm - WARNING - В родителе 2 отсутствуют операции: {0}
2025-09-20 16:05:49 - ROBOTY.genetic_algorithm - WARNING - В родителе 1 отсутствуют операции: {0}
2025-09-20 16:05:49 - ROBOTY.genetic_algorithm - WARNING - В родителе 1 отсутствуют операции: {0}
2025-09-20 16:05:49 - ROBOTY.genetic_algorithm - WARNING - В родителе 1 отсутствуют операции: {0, 1}
2025-09-20 16:05:49 - ROBOTY.genetic_algorithm - WARNING - В родителе 2 отсутствуют операции: {1}
2025-09-20 16:05:49 - ROBOTY.genetic_algorithm - WARNING - В родителе 2 отсутствуют операции: {0, 1}
2025-09-20 16:05:49 - ROBOTY.genetic_algorithm - WARNING - В родителе 2 отсутствуют операции: {0}
2025-09-20 16:05:49 - ROBOTY.genetic_algorithm - WARNING - В родителе 1 отсутствуют операции: {0}
2025-09-20 16:05:49 - ROBOTY.genetic_algorithm - WARNING - В родителе 2 отсутствуют операции: {0}
2025-09-20 16:05:49 - ROBOTY.genetic_algorithm - WARNING - В родителе 1 отсутствуют операции: {0}
2025-09-20 16:05:49 - ROBOTY.genetic_algorithm - WARNING - В родителе 2 отсутствуют операции: {0, 1}
2025-09-20 16:05:49 - ROBOTY.genetic_algorithm - WARNING - В родителе 1 отсутствуют операции: {0}
2025-09-20 16:05:49 - ROBOTY.genetic_algorithm - WARNING - В родителе 1 отсутствуют операции: {0}
2025-09-20 16:05:49 - ROBOTY.genetic_algorithm - WARNING - В родителе 1 отсутствуют операции: {0}
2025-09-20 16:05:49 - ROBOTY.genetic_algorithm - WARNING - В родителе 2 отсутствуют операции: {0}
2025-09-20 16:05:49 - ROBOTY.genetic_algorithm - WARNING - В родителе 1 отсутствуют операции: {0}
2025-09-20 16:05:49 - ROBOTY.genetic_algorithm - WARNING - В родителе 1 отсутствуют операции: {0}
2025-09-20 16:05:49 - ROBOTY.genetic_algorithm - WARNING - В родителе 1 отсутствуют операции: {0}
2025-09-20 16:05:49 - ROBOTY.genetic_algorithm - WARNING - В родителе 1 отсутствуют операции: {0}
2025-09-20 16:05:49 - ROBOTY.genetic_algorithm - WARNING - В родителе 2 отсутствуют операции: {0}
2025-09-20 16:05:49 - ROBOTY.genetic_algorithm - INFO - Поколение 20: лучшая приспособленность = 1000.000000, makespan = 0.00
2025-09-20 16:05:49 - ROBOTY.genetic_algorithm - WARNING - В родителе 1 отсутствуют операции: {0, 1}
2025-09-20 16:05:49 - ROBOTY.genetic_algorithm - WARNING - В родителе 1 отсутствуют операции: {0}
2025-09-20 16:05:49 - ROBOTY.genetic_algorithm - WARNING - В родителе 1 отсутствуют операции: {1}
2025-09-20 16:05:49 - ROBOTY.genetic_algorithm - WARNING - В родителе 2 отсутствуют операции: {1}
2025-09-20 16:05:49 - ROBOTY.genetic_algorithm - WARNING - В родителе 1 отсутствуют операции: {1}
2025-09-20 16:05:49 - ROBOTY.genetic_algorithm - WARNING - В родителе 2 отсутствуют операции: {1}
2025-09-20 16:05:49 - ROBOTY.genetic_algorithm - WARNING - В родителе 2 отсутствуют операции: {1}
2025-09-20 16:05:49 - ROBOTY.genetic_algorithm - WARNING - В родителе 1 отсутствуют операции: {0}
2025-09-20 16:05:49 - ROBOTY.genetic_algorithm - WARNING - В родителе 2 отсутствуют операции: {1}
2025-09-20 16:05:49 - ROBOTY.genetic_algorithm - WARNING - В родителе 1 отсутствуют операции: {0, 1}
2025-09-20 16:05:49 - ROBOTY.genetic_algorithm - WARNING - В родителе 2 отсутствуют операции: {1}
2025-09-20 16:05:49 - ROBOTY.genetic_algorithm - WARNING - В родителе 1 отсутствуют операции: {1}
2025-09-20 16:05:49 - ROBOTY.genetic_algorithm - INFO - Поколение 30: лучшая приспособленность = 1000.000000, makespan = 0.00
2025-09-20 16:05:49 - ROBOTY.genetic_algorithm - WARNING - В родителе 2 отсутствуют операции: {0}
2025-09-20 16:05:49 - ROBOTY.genetic_algorithm - WARNING - В родителе 1 отсутствуют операции: {0, 1}
2025-09-20 16:05:49 - ROBOTY.genetic_algorithm - WARNING - В родителе 1 отсутствуют операции: {0}
2025-09-20 16:05:49 - ROBOTY.genetic_algorithm - WARNING - В родителе 2 отсутствуют операции: {0, 1}
2025-09-20 16:05:49 - ROBOTY.genetic_algorithm - WARNING - В родителе 1 отсутствуют операции: {0}
2025-09-20 16:05:49 - ROBOTY.genetic_algorithm - WARNING - В родителе 2 отсутствуют операции: {0}
2025-09-20 16:05:49 - ROBOTY.genetic_algorithm - WARNING - В родителе 1 отсутствуют операции: {0}
2025-09-20 16:05:49 - ROBOTY.genetic_algorithm - WARNING - В родителе 2 отсутствуют операции: {0}
2025-09-20 16:05:49 - ROBOTY.genetic_algorithm - INFO - Поколение 40: лучшая приспособленность = 1000.000000, makespan = 0.00
2025-09-20 16:05:49 - ROBOTY.genetic_algorithm - WARNING - В родителе 2 отсутствуют операции: {0}
2025-09-20 16:05:49 - ROBOTY.genetic_algorithm - WARNING - В родителе 1 отсутствуют операции: {0, 1}
2025-09-20 16:05:49 - ROBOTY.genetic_algorithm - WARNING - В родителе 1 отсутствуют операции: {0}
2025-09-20 16:05:49 - ROBOTY.genetic_algorithm - WARNING - В родителе 2 отсутствуют операции: {0}
2025-09-20 16:05:49 - ROBOTY.genetic_algorithm - WARNING - В родителе 2 отсутствуют операции: {0}
2025-09-20 16:05:49 - ROBOTY.genetic_algorithm - WARNING - В родителе 1 отсутствуют операции: {0}
2025-09-20 16:05:49 - ROBOTY.genetic_algorithm - WARNING - В родителе 1 отсутствуют операции: {0}
2025-09-20 16:05:49 - ROBOTY.genetic_algorithm - WARNING - В родителе 1 отсутствуют операции: {0}
2025-09-20 16:05:49 - ROBOTY.genetic_algorithm - WARNING - В родителе 1 отсутствуют операции: {0}
2025-09-20 16:05:49 - ROBOTY.genetic_algorithm - WARNING - В родителе 2 отсутствуют операции: {0}
2025-09-20 16:05:49 - ROBOTY.genetic_algorithm - WARNING - В родителе 2 отсутствуют операции: {0}
2025-09-20 16:05:49 - ROBOTY.genetic_algorithm - INFO - Поколение 50: лучшая приспособленность = 1000.000000, makespan = 0.00
2025-09-20 16:05:49 - ROBOTY.genetic_algorithm - WARNING - В родителе 2 отсутствуют операции: {0}
2025-09-20 16:05:49 - ROBOTY.genetic_algorithm - WARNING - В родителе 2 отсутствуют операции: {0, 1}
2025-09-20 16:05:49 - ROBOTY.genetic_algorithm - WARNING - В родителе 2 отсутствуют операции: {0}
2025-09-20 16:05:49 - ROBOTY.genetic_algorithm - WARNING - В родителе 2 отсутствуют операции: {0}
2025-09-20 16:05:49 - ROBOTY.genetic_algorithm - WARNING - В родителе 1 отсутствуют операции: {0}
2025-09-20 16:05:49 - ROBOTY.genetic_algorithm - WARNING - В родителе 2 отсутствуют операции: {0}
2025-09-20 16:05:49 - ROBOTY.genetic_algorithm - WARNING - В родителе 1 отсутствуют операции: {0}
2025-09-20 16:05:49 - ROBOTY.genetic_algorithm - WARNING - В родителе 2 отсутствуют операции: {0}
2025-09-20 16:05:49 - ROBOTY.genetic_algorithm - WARNING - В родителе 1 отсутствуют операции: {0}
2025-09-20 16:05:49 - ROBOTY.genetic_algorithm - WARNING - В родителе 2 отсутствуют операции: {0}
2025-09-20 16:05:49 - ROBOTY.genetic_algorithm - WARNING - В родителе 2 отсутствуют операции: {0}
2025-09-20 16:05:49 - ROBOTY.genetic_algorithm - WARNING - В родителе 1 отсутствуют операции: {0}
2025-09-20 16:05:49 - ROBOTY.genetic_algorithm - WARNING - В родителе 2 отсутствуют операции: {0}
2025-09-20 16:05:49 - ROBOTY.genetic_algorithm - WARNING - В родителе 1 отсутствуют операции: {0}
2025-09-20 16:05:49 - ROBOTY.genetic_algorithm - WARNING - В родителе 2 отсутствуют операции: {0}
2025-09-20 16:05:49 - ROBOTY.genetic_algorithm - WARNING - В родителе 2 отсутствуют операции: {0}
2025-09-20 16:05:49 - ROBOTY.genetic_algorithm - WARNING - В родителе 1 отсутствуют операции: {0}
2025-09-20 16:05:49 - ROBOTY.genetic_algorithm - WARNING - В родителе 2 отсутствуют операции: {0}
2025-09-20 16:05:49 - ROBOTY.genetic_algorithm - WARNING - В родителе 1 отсутствуют операции: {0}
2025-09-20 16:05:49 - ROBOTY.genetic_algorithm - WARNING - В родителе 1 отсутствуют операции: {0, 1}
2025-09-20 16:05:49 - ROBOTY.genetic_algorithm - INFO - Поколение 60: лучшая приспособленность = 1000.000000, makespan = 0.00
2025-09-20 16:05:49 - ROBOTY.genetic_algorithm - WARNING - В родителе 1 отсутствуют операции: {0, 1}
2025-09-20 16:05:49 - ROBOTY.genetic_algorithm - WARNING - В родителе 1 отсутствуют операции: {0}
2025-09-20 16:05:49 - ROBOTY.genetic_algorithm - WARNING - В родителе 2 отсутствуют операции: {0}
2025-09-20 16:05:49 - ROBOTY.genetic_algorithm - WARNING - В родителе 1 отсутствуют операции: {0, 1}
2025-09-20 16:05:49 - ROBOTY.genetic_algorithm - WARNING - В родителе 2 отсутствуют операции: {0}
2025-09-20 16:05:49 - ROBOTY.genetic_algorithm - WARNING - В родителе 1 отсутствуют операции: {1}
2025-09-20 16:05:49 - ROBOTY.genetic_algorithm - WARNING - В родителе 1 отсутствуют операции: {1}
2025-09-20 16:05:49 - ROBOTY.genetic_algorithm - WARNING - В родителе 1 отсутствуют операции: {0}
2025-09-20 16:05:49 - ROBOTY.genetic_algorithm - INFO - Поколение 70: лучшая приспособленность = 1000.000000, makespan = 0.00
2025-09-20 16:05:49 - ROBOTY.genetic_algorithm - WARNING - В родителе 2 отсутствуют операции: {0}
2025-09-20 16:05:49 - ROBOTY.genetic_algorithm - WARNING - В родителе 2 отсутствуют операции: {0}
2025-09-20 16:05:49 - ROBOTY.genetic_algorithm - WARNING - В родителе 2 отсутствуют операции: {1}
2025-09-20 16:05:49 - ROBOTY.genetic_algorithm - WARNING - В родителе 1 отсутствуют операции: {1}
2025-09-20 16:05:49 - ROBOTY.genetic_algorithm - WARNING - В родителе 1 отсутствуют операции: {0, 1}
2025-09-20 16:05:49 - ROBOTY.genetic_algorithm - INFO - Поколение 80: лучшая приспособленность = 1000.000000, makespan = 0.00
2025-09-20 16:05:49 - ROBOTY.genetic_algorithm - WARNING - В родителе 1 отсутствуют операции: {0, 1}
2025-09-20 16:05:49 - ROBOTY.genetic_algorithm - WARNING - В родителе 2 отсутствуют операции: {0, 1}
2025-09-20 16:05:49 - ROBOTY.genetic_algorithm - WARNING - В родителе 1 отсутствуют операции: {0}
2025-09-20 16:05:49 - ROBOTY.genetic_algorithm - WARNING - В родителе 2 отсутствуют операции: {0}
2025-09-20 16:05:49 - ROBOTY.genetic_algorithm - WARNING - В родителе 1 отсутствуют операции: {0}
2025-09-20 16:05:49 - ROBOTY.genetic_algorithm - INFO - Поколение 90: лучшая приспособленность = 1000.000000, makespan = 0.00
2025-09-20 16:05:49 - ROBOTY.genetic_algorithm - WARNING - В родителе 2 отсутствуют операции: {0}
2025-09-20 16:05:49 - ROBOTY.genetic_algorithm - WARNING - В родителе 2 отсутствуют операции: {0, 1}
2025-09-20 16:05:49 - ROBOTY.genetic_algorithm - WARNING - В родителе 1 отсутствуют операции: {0}
2025-09-20 16:05:49 - ROBOTY.genetic_algorithm - WARNING - В родителе 1 отсутствуют операции: {0, 1}
2025-09-20 16:05:49 - ROBOTY.genetic_algorithm - WARNING - В родителе 2 отсутствуют операции: {0, 1}
2025-09-20 16:05:49 - ROBOTY.genetic_algorithm - WARNING - В родителе 1 отсутствуют операции: {0, 1}
2025-09-20 16:05:49 - ROBOTY.genetic_algorithm - WARNING - В родителе 2 отсутствуют операции: {0}
2025-09-20 16:05:49 - ROBOTY.genetic_algorithm - WARNING - В родителе 1 отсутствуют операции: {0, 1}
2025-09-20 16:05:49 - ROBOTY.genetic_algorithm - WARNING - В родителе 2 отсутствуют операции: {0, 1}
2025-09-20 16:05:49 - ROBOTY.genetic_algorithm - WARNING - В родителе 2 отсутствуют операции: {0}
2025-09-20 16:05:49 - ROBOTY.genetic_algorithm - WARNING - В родителе 2 отсутствуют операции: {0}
2025-09-20 16:05:49 - ROBOTY.genetic_algorithm - WARNING - В родителе 2 отсутствуют операции: {0}
2025-09-20 16:05:49 - ROBOTY.genetic_algorithm - WARNING - В родителе 1 отсутствуют операции: {0}
2025-09-20 16:05:49 - ROBOTY.genetic_algorithm - WARNING - В родителе 2 отсутствуют операции: {0}
2025-09-20 16:05:49 - ROBOTY.genetic_algorithm - WARNING - В родителе 2 отсутствуют операции: {0}
2025-09-20 16:05:49 - ROBOTY.genetic_algorithm - INFO - Поколение 100: лучшая приспособленность = 1000.000000, makespan = 0.00
2025-09-20 16:05:49 - ROBOTY.genetic_algorithm - WARNING - В родителе 2 отсутствуют операции: {0}
2025-09-20 16:05:49 - ROBOTY.genetic_algorithm - WARNING - В родителе 2 отсутствуют операции: {0}
2025-09-20 16:05:49 - ROBOTY.genetic_algorithm - WARNING - В родителе 1 отсутствуют операции: {0}
2025-09-20 16:05:49 - ROBOTY.genetic_algorithm - WARNING - В родителе 2 отсутствуют операции: {0, 1}
2025-09-20 16:05:49 - ROBOTY.genetic_algorithm - WARNING - В родителе 2 отсутствуют операции: {0, 1}
2025-09-20 16:05:49 - ROBOTY.genetic_algorithm - WARNING - В родителе 2 отсутствуют операции: {1}
2025-09-20 16:05:49 - ROBOTY.genetic_algorithm - WARNING - В родителе 2 отсутствуют операции: {0, 1}
2025-09-20 16:05:49 - ROBOTY.genetic_algorithm - WARNING - В родителе 1 отсутствуют операции: {0, 1}
2025-09-20 16:05:49 - ROBOTY.genetic_algorithm - WARNING - В родителе 2 отсутствуют операции: {0, 1}
2025-09-20 16:05:49 - ROBOTY.genetic_algorithm - INFO - Поколение 109: лучшая приспособленность = 1000.000000, makespan = 0.00
2025-09-20 16:05:49 - ROBOTY.genetic_algorithm - INFO - Эволюция завершена. Лучший makespan: 0.00
2025-09-20 16:05:49 - ROBOTY.genetic_algorithm - INFO - Генетический алгоритм завершен. Найдено назначение с makespan = 0.00
2025-09-20 16:05:49 - ROBOTY.planner - DEBUG - Планирование траектории для робота с 2 операциями
2025-09-20 16:05:49 - ROBOTY.planner - DEBUG - Операция 1 запланирована, время завершения: 4.97
2025-09-20 16:05:49 - ROBOTY.planner - DEBUG - Операция 2 запланирована, время завершения: 11.97
2025-09-20 16:05:49 - ROBOTY.planner - INFO - Траектория робота запланирована, общее время: 11.97
2025-09-20 16:05:49 - ROBOTY.planner - WARNING - Нет операций для планирования траектории
2025-09-20 16:05:49 - ROBOTY.planner - WARNING - Нет операций для планирования траектории
2025-09-20 16:05:49 - ROBOTY.planner - WARNING - Нет операций для планирования траектории
2025-09-20 16:05:49 - ROBOTY.planner - WARNING - Нет операций для планирования траектории
2025-09-20 16:05:49 - ROBOTY.planner - WARNING - Нет операций для планирования траектории
2025-09-20 16:05:49 - ROBOTY.planner - WARNING - Нет операций для планирования траектории
2025-09-20 16:05:49 - ROBOTY.planner - WARNING - Нет операций для планирования траектории
2025-09-20 16:05:49 - ROBOTY.planner - WARNING - Нет операций для планирования траектории
2025-09-20 16:05:49 - ROBOTY.planner - WARNING - Нет операций для планирования траектории
2025-09-20 16:05:49 - ROBOTY.main - INFO - Планировщик успешно завершил работу
2025-09-20 16:05:49 - ROBOTY.collision - INFO - Начинаем детальную проверку коллизий
2025-09-20 16:05:49 - ROBOTY.collision - DEBUG - Проверяем коллизии в диапазоне времени: 0.00 - 11.97
2025-09-20 16:05:49 - ROBOTY.collision - WARNING - Коллизия: роботы 1 и 8 в 2.40s, расстояние: 0.126, требуется: 0.200
2025-09-20 16:05:49 - ROBOTY.collision - WARNING - Коллизия: роботы 1 и 8 в 2.50s, расстояние: 0.065, требуется: 0.200
2025-09-20 16:05:49 - ROBOTY.collision - WARNING - Коллизия: роботы 1 и 8 в 2.60s, расстояние: 0.037, требуется: 0.200
2025-09-20 16:05:49 - ROBOTY.collision - WARNING - Коллизия: роботы 1 и 8 в 2.70s, расстояние: 0.010, требуется: 0.200
2025-09-20 16:05:49 - ROBOTY.collision - WARNING - Коллизия: роботы 1 и 8 в 2.80s, расстояние: 0.014, требуется: 0.200
2025-09-20 16:05:49 - ROBOTY.collision - WARNING - Коллизия: роботы 1 и 8 в 2.90s, расстояние: 0.037, требуется: 0.200
2025-09-20 16:05:49 - ROBOTY.collision - WARNING - Коллизия: роботы 1 и 8 в 3.00s, расстояние: 0.077, требуется: 0.200
2025-09-20 16:05:49 - ROBOTY.collision - WARNING - Коллизия: роботы 1 и 8 в 3.10s, расстояние: 0.144, требуется: 0.200
2025-09-20 16:05:49 - ROBOTY.collision - WARNING - Коллизия: роботы 1 и 2 в 8.00s, расстояние: 0.233, требуется: 0.250
2025-09-20 16:05:49 - ROBOTY.collision - WARNING - Коллизия: роботы 1 и 2 в 8.10s, расстояние: 0.139, требуется: 0.250
2025-09-20 16:05:49 - ROBOTY.collision - WARNING - Коллизия: роботы 1 и 2 в 8.20s, расстояние: 0.094, требуется: 0.250
2025-09-20 16:05:49 - ROBOTY.collision - WARNING - Коллизия: роботы 1 и 2 в 8.30s, расстояние: 0.059, требуется: 0.250
2025-09-20 16:05:49 - ROBOTY.collision - WARNING - Коллизия: роботы 1 и 2 в 8.40s, расстояние: 0.024, требуется: 0.250
2025-09-20 16:05:49 - ROBOTY.collision - WARNING - Коллизия: роботы 1 и 2 в 8.50s, расстояние: 0.011, требуется: 0.250
2025-09-20 16:05:49 - ROBOTY.collision - WARNING - Коллизия: роботы 1 и 2 в 8.60s, расстояние: 0.046, требуется: 0.250
2025-09-20 16:05:49 - ROBOTY.collision - WARNING - Коллизия: роботы 1 и 2 в 8.70s, расстояние: 0.081, требуется: 0.250
2025-09-20 16:05:49 - ROBOTY.collision - WARNING - Коллизия: роботы 1 и 2 в 8.80s, расстояние: 0.116, требуется: 0.250
2025-09-20 16:05:49 - ROBOTY.collision - WARNING - Коллизия: роботы 1 и 2 в 8.90s, расстояние: 0.199, требуется: 0.250
2025-09-20 16:05:49 - ROBOTY.collision - ERROR - Обнаружено 18 коллизий
2025-09-20 16:05:49 - ROBOTY.main - WARNING - Обнаружено 18 коллизий
2025-09-20 16:05:53 - ROBOTY.main - INFO - Открытие визуализатора
2025-09-20 16:05:53 - ROBOTY.visualizer - INFO - Запуск визуализации типа: 3d
2025-09-20 16:05:53 - ROBOTY.visualizer - INFO - Создание 3D визуализации траекторий
2025-09-20 16:05:54 - ROBOTY.visualizer - INFO - 3D визуализация создана
2025-09-20 16:05:55 - ROBOTY.visualizer - INFO - Визуализация сохранена в файл: C:\Users\79518\.cursor\ROBOTY-2\ROBOTY\ROBOTY\viz\..\outputs\visualizations\visualization_3d_20250920_160554.html
2025-09-20 16:05:56 - ROBOTY.visualizer - INFO - Визуализация открыта в браузере
2025-09-20 16:05:56 - ROBOTY.main - INFO - Визуализация успешно завершена
