2025-09-27 14:00:10 - ROBOTY.main - INFO - Запуск приложения ROBOTY
2025-09-27 14:00:10 - ROBOTY.main - INFO - Применена тема: dark
2025-09-27 14:00:10 - ROBOTY.main - INFO - Интерфейс инициализирован
2025-09-27 14:00:10 - ROBOTY.main - INFO - Приложение успешно запущено
2025-09-27 14:00:17 - ROBOTY.main - INFO - Создан входной файл: C:\Users\22200490\.cursor\ROBOTY-main\data\input_20250927_140013.json
2025-09-27 14:00:17 - ROBOTY.parser - INFO - Начинаем загрузку файла: C:\Users\22200490\.cursor\ROBOTY-main\data\input_20250927_140013.json
2025-09-27 14:00:17 - ROBOTY.parser - INFO - Файл C:\Users\22200490\.cursor\ROBOTY-main\data\input_20250927_140013.json успешно загружен
2025-09-27 14:00:17 - ROBOTY.parser - DEBUG - Робот 1 успешно загружен
2025-09-27 14:00:17 - ROBOTY.parser - DEBUG - Робот 2 успешно загружен
2025-09-27 14:00:17 - ROBOTY.parser - DEBUG - Робот 3 успешно загружен
2025-09-27 14:00:17 - ROBOTY.parser - DEBUG - Робот 4 успешно загружен
2025-09-27 14:00:17 - ROBOTY.parser - DEBUG - Робот 5 успешно загружен
2025-09-27 14:00:17 - ROBOTY.parser - DEBUG - Робот 6 успешно загружен
2025-09-27 14:00:17 - ROBOTY.parser - DEBUG - Робот 7 успешно загружен
2025-09-27 14:00:17 - ROBOTY.parser - DEBUG - Робот 8 успешно загружен
2025-09-27 14:00:17 - ROBOTY.parser - DEBUG - Робот 9 успешно загружен
2025-09-27 14:00:17 - ROBOTY.parser - DEBUG - Робот 10 успешно загружен
2025-09-27 14:00:17 - ROBOTY.parser - DEBUG - Операция 1 успешно загружена
2025-09-27 14:00:17 - ROBOTY.parser - DEBUG - Операция 2 успешно загружена
2025-09-27 14:00:17 - ROBOTY.parser - DEBUG - Операция 3 успешно загружена
2025-09-27 14:00:17 - ROBOTY.parser - DEBUG - Операция 4 успешно загружена
2025-09-27 14:00:17 - ROBOTY.parser - DEBUG - Операция 5 успешно загружена
2025-09-27 14:00:17 - ROBOTY.parser - DEBUG - Операция 6 успешно загружена
2025-09-27 14:00:17 - ROBOTY.parser - DEBUG - Операция 7 успешно загружена
2025-09-27 14:00:17 - ROBOTY.parser - DEBUG - Операция 8 успешно загружена
2025-09-27 14:00:17 - ROBOTY.parser - DEBUG - Операция 9 успешно загружена
2025-09-27 14:00:17 - ROBOTY.parser - DEBUG - Операция 10 успешно загружена
2025-09-27 14:00:17 - ROBOTY.parser - DEBUG - Операция 11 успешно загружена
2025-09-27 14:00:17 - ROBOTY.parser - DEBUG - Операция 12 успешно загружена
2025-09-27 14:00:17 - ROBOTY.parser - DEBUG - Операция 13 успешно загружена
2025-09-27 14:00:17 - ROBOTY.parser - DEBUG - Операция 14 успешно загружена
2025-09-27 14:00:17 - ROBOTY.parser - DEBUG - Операция 15 успешно загружена
2025-09-27 14:00:17 - ROBOTY.parser - DEBUG - Операция 16 успешно загружена
2025-09-27 14:00:17 - ROBOTY.parser - DEBUG - Операция 17 успешно загружена
2025-09-27 14:00:17 - ROBOTY.parser - DEBUG - Операция 18 успешно загружена
2025-09-27 14:00:17 - ROBOTY.parser - DEBUG - Операция 19 успешно загружена
2025-09-27 14:00:17 - ROBOTY.parser - DEBUG - Операция 20 успешно загружена
2025-09-27 14:00:17 - ROBOTY.parser - DEBUG - Операция 21 успешно загружена
2025-09-27 14:00:17 - ROBOTY.parser - DEBUG - Операция 22 успешно загружена
2025-09-27 14:00:17 - ROBOTY.parser - DEBUG - Операция 23 успешно загружена
2025-09-27 14:00:17 - ROBOTY.parser - DEBUG - Операция 24 успешно загружена
2025-09-27 14:00:17 - ROBOTY.parser - DEBUG - Операция 25 успешно загружена
2025-09-27 14:00:17 - ROBOTY.parser - DEBUG - Операция 26 успешно загружена
2025-09-27 14:00:17 - ROBOTY.parser - DEBUG - Операция 27 успешно загружена
2025-09-27 14:00:17 - ROBOTY.parser - DEBUG - Операция 28 успешно загружена
2025-09-27 14:00:17 - ROBOTY.parser - DEBUG - Операция 29 успешно загружена
2025-09-27 14:00:17 - ROBOTY.parser - DEBUG - Операция 30 успешно загружена
2025-09-27 14:00:17 - ROBOTY.parser - INFO - Загружено 10 роботов и 30 операций
2025-09-27 14:00:21 - ROBOTY.main - INFO - Запуск планировщика
2025-09-27 14:00:21 - ROBOTY.planner - INFO - Запуск планировщика траекторий
2025-09-27 14:00:21 - ROBOTY.assigner - INFO - Начинаем назначение операций методом: balanced
2025-09-27 14:00:21 - ROBOTY.assigner - DEBUG - Операция 0 назначена роботу 3 (нагрузка: 7.86)
2025-09-27 14:00:21 - ROBOTY.assigner - DEBUG - Операция 1 назначена роботу 8 (нагрузка: 7.48)
2025-09-27 14:00:21 - ROBOTY.assigner - DEBUG - Операция 2 назначена роботу 2 (нагрузка: 10.43)
2025-09-27 14:00:21 - ROBOTY.assigner - DEBUG - Операция 3 назначена роботу 5 (нагрузка: 4.14)
2025-09-27 14:00:21 - ROBOTY.assigner - DEBUG - Операция 4 назначена роботу 7 (нагрузка: 9.44)
2025-09-27 14:00:21 - ROBOTY.assigner - DEBUG - Операция 5 назначена роботу 1 (нагрузка: 9.88)
2025-09-27 14:00:21 - ROBOTY.assigner - DEBUG - Операция 6 назначена роботу 4 (нагрузка: 12.84)
2025-09-27 14:00:21 - ROBOTY.assigner - DEBUG - Операция 7 назначена роботу 9 (нагрузка: 11.97)
2025-09-27 14:00:21 - ROBOTY.assigner - DEBUG - Операция 8 назначена роботу 8 (нагрузка: 16.98)
2025-09-27 14:00:21 - ROBOTY.assigner - DEBUG - Операция 9 назначена роботу 6 (нагрузка: 15.02)
2025-09-27 14:00:21 - ROBOTY.assigner - DEBUG - Операция 10 назначена роботу 0 (нагрузка: 12.92)
2025-09-27 14:00:21 - ROBOTY.assigner - DEBUG - Операция 11 назначена роботу 5 (нагрузка: 12.35)
2025-09-27 14:00:21 - ROBOTY.assigner - DEBUG - Операция 12 назначена роботу 3 (нагрузка: 16.02)
2025-09-27 14:00:21 - ROBOTY.assigner - DEBUG - Операция 13 назначена роботу 2 (нагрузка: 21.08)
2025-09-27 14:00:21 - ROBOTY.assigner - DEBUG - Операция 14 назначена роботу 7 (нагрузка: 19.71)
2025-09-27 14:00:21 - ROBOTY.assigner - DEBUG - Операция 15 назначена роботу 5 (нагрузка: 17.12)
2025-09-27 14:00:21 - ROBOTY.assigner - DEBUG - Операция 16 назначена роботу 1 (нагрузка: 17.43)
2025-09-27 14:00:21 - ROBOTY.assigner - DEBUG - Операция 17 назначена роботу 9 (нагрузка: 23.05)
2025-09-27 14:00:21 - ROBOTY.assigner - DEBUG - Операция 18 назначена роботу 3 (нагрузка: 22.95)
2025-09-27 14:00:21 - ROBOTY.assigner - DEBUG - Операция 19 назначена роботу 4 (нагрузка: 24.68)
2025-09-27 14:00:21 - ROBOTY.assigner - DEBUG - Операция 20 назначена роботу 8 (нагрузка: 24.70)
2025-09-27 14:00:21 - ROBOTY.assigner - DEBUG - Операция 21 назначена роботу 5 (нагрузка: 25.54)
2025-09-27 14:00:21 - ROBOTY.assigner - DEBUG - Операция 22 назначена роботу 0 (нагрузка: 22.55)
2025-09-27 14:00:21 - ROBOTY.assigner - DEBUG - Операция 23 назначена роботу 6 (нагрузка: 27.60)
2025-09-27 14:00:21 - ROBOTY.assigner - DEBUG - Операция 24 назначена роботу 7 (нагрузка: 26.37)
2025-09-27 14:00:21 - ROBOTY.assigner - DEBUG - Операция 25 назначена роботу 2 (нагрузка: 28.98)
2025-09-27 14:00:21 - ROBOTY.assigner - DEBUG - Операция 26 назначена роботу 3 (нагрузка: 28.57)
2025-09-27 14:00:21 - ROBOTY.assigner - DEBUG - Операция 27 назначена роботу 8 (нагрузка: 32.97)
2025-09-27 14:00:21 - ROBOTY.assigner - DEBUG - Операция 28 назначена роботу 9 (нагрузка: 28.29)
2025-09-27 14:00:21 - ROBOTY.assigner - DEBUG - Операция 29 назначена роботу 1 (нагрузка: 28.54)
2025-09-27 14:00:21 - ROBOTY.assigner - INFO - Распределено 30 операций с балансировкой нагрузки
2025-09-27 14:00:21 - ROBOTY.assigner - INFO - Итоговые нагрузки роботов: ['22.55', '28.54', '28.98', '28.57', '24.68', '25.54', '27.60', '26.37', '32.97', '28.29']
2025-09-27 14:00:21 - ROBOTY.assigner - INFO - Робот 0: 2 операций, нагрузка 22.55
2025-09-27 14:00:21 - ROBOTY.assigner - INFO - Робот 1: 3 операций, нагрузка 28.54
2025-09-27 14:00:21 - ROBOTY.assigner - INFO - Робот 2: 3 операций, нагрузка 28.98
2025-09-27 14:00:21 - ROBOTY.assigner - INFO - Робот 3: 4 операций, нагрузка 28.57
2025-09-27 14:00:21 - ROBOTY.assigner - INFO - Робот 4: 2 операций, нагрузка 24.68
2025-09-27 14:00:21 - ROBOTY.assigner - INFO - Робот 5: 4 операций, нагрузка 25.54
2025-09-27 14:00:21 - ROBOTY.assigner - INFO - Робот 6: 2 операций, нагрузка 27.60
2025-09-27 14:00:21 - ROBOTY.assigner - INFO - Робот 7: 3 операций, нагрузка 26.37
2025-09-27 14:00:21 - ROBOTY.assigner - INFO - Робот 8: 4 операций, нагрузка 32.97
2025-09-27 14:00:21 - ROBOTY.assigner - INFO - Робот 9: 3 операций, нагрузка 28.29
2025-09-27 14:00:21 - ROBOTY.planner - INFO - Операции назначены методом: balanced
2025-09-27 14:00:21 - ROBOTY.planner - INFO - Планирование траектории для робота 1 (ID: 1) с 2 операциями
2025-09-27 14:00:21 - ROBOTY.planner - DEBUG - Планирование траектории для робота с 2 операциями
2025-09-27 14:00:21 - ROBOTY.planner - DEBUG - Операция 1 запланирована, время завершения: 14.86
2025-09-27 14:00:21 - ROBOTY.planner - DEBUG - Операция 2 запланирована, время завершения: 33.89
2025-09-27 14:00:21 - ROBOTY.planner - INFO - Траектория робота запланирована, общее время: 33.89
2025-09-27 14:00:21 - ROBOTY.planner - INFO - Робот 1: траектория содержит 48 точек
2025-09-27 14:00:21 - ROBOTY.planner - INFO - Планирование траектории для робота 2 (ID: 2) с 3 операциями
2025-09-27 14:00:21 - ROBOTY.planner - DEBUG - Планирование траектории для робота с 3 операциями
2025-09-27 14:00:21 - ROBOTY.planner - DEBUG - Операция 1 запланирована, время завершения: 11.37
2025-09-27 14:00:21 - ROBOTY.planner - DEBUG - Операция 2 запланирована, время завершения: 24.52
2025-09-27 14:00:21 - ROBOTY.planner - DEBUG - Операция 3 запланирована, время завершения: 40.64
2025-09-27 14:00:21 - ROBOTY.planner - INFO - Траектория робота запланирована, общее время: 40.64
2025-09-27 14:00:21 - ROBOTY.planner - INFO - Робот 2: траектория содержит 72 точек
2025-09-27 14:00:21 - ROBOTY.planner - INFO - Планирование траектории для робота 3 (ID: 3) с 3 операциями
2025-09-27 14:00:21 - ROBOTY.planner - DEBUG - Планирование траектории для робота с 3 операциями
2025-09-27 14:00:21 - ROBOTY.planner - DEBUG - Операция 1 запланирована, время завершения: 12.26
2025-09-27 14:00:21 - ROBOTY.planner - DEBUG - Операция 2 запланирована, время завершения: 26.03
2025-09-27 14:00:21 - ROBOTY.planner - DEBUG - Операция 3 запланирована, время завершения: 38.37
2025-09-27 14:00:21 - ROBOTY.planner - INFO - Траектория робота запланирована, общее время: 38.37
2025-09-27 14:00:21 - ROBOTY.planner - INFO - Робот 3: траектория содержит 72 точек
2025-09-27 14:00:21 - ROBOTY.planner - INFO - Планирование траектории для робота 4 (ID: 4) с 4 операциями
2025-09-27 14:00:21 - ROBOTY.planner - DEBUG - Планирование траектории для робота с 4 операциями
2025-09-27 14:00:21 - ROBOTY.planner - DEBUG - Операция 1 запланирована, время завершения: 9.86
2025-09-27 14:00:21 - ROBOTY.planner - DEBUG - Операция 2 запланирована, время завершения: 20.58
2025-09-27 14:00:21 - ROBOTY.planner - DEBUG - Операция 3 запланирована, время завершения: 31.52
2025-09-27 14:00:21 - ROBOTY.planner - DEBUG - Операция 4 запланирована, время завершения: 39.22
2025-09-27 14:00:21 - ROBOTY.planner - INFO - Траектория робота запланирована, общее время: 39.22
2025-09-27 14:00:21 - ROBOTY.planner - INFO - Робот 4: траектория содержит 96 точек
2025-09-27 14:00:21 - ROBOTY.planner - INFO - Планирование траектории для робота 5 (ID: 5) с 2 операциями
2025-09-27 14:00:21 - ROBOTY.planner - DEBUG - Планирование траектории для робота с 2 операциями
2025-09-27 14:00:21 - ROBOTY.planner - DEBUG - Операция 1 запланирована, время завершения: 14.86
2025-09-27 14:00:21 - ROBOTY.planner - DEBUG - Операция 2 запланирована, время завершения: 31.66
2025-09-27 14:00:21 - ROBOTY.planner - INFO - Траектория робота запланирована, общее время: 31.66
2025-09-27 14:00:21 - ROBOTY.planner - INFO - Робот 5: траектория содержит 48 точек
2025-09-27 14:00:21 - ROBOTY.planner - INFO - Планирование траектории для робота 6 (ID: 6) с 4 операциями
2025-09-27 14:00:21 - ROBOTY.planner - DEBUG - Планирование траектории для робота с 4 операциями
2025-09-27 14:00:21 - ROBOTY.planner - DEBUG - Операция 1 запланирована, время завершения: 5.43
2025-09-27 14:00:21 - ROBOTY.planner - DEBUG - Операция 2 запланирована, время завершения: 15.77
2025-09-27 14:00:21 - ROBOTY.planner - DEBUG - Операция 3 запланирована, время завершения: 23.82
2025-09-27 14:00:21 - ROBOTY.planner - DEBUG - Операция 4 запланирована, время завершения: 32.19
2025-09-27 14:00:21 - ROBOTY.planner - INFO - Траектория робота запланирована, общее время: 32.19
2025-09-27 14:00:21 - ROBOTY.planner - INFO - Робот 6: траектория содержит 96 точек
2025-09-27 14:00:21 - ROBOTY.planner - INFO - Планирование траектории для робота 7 (ID: 7) с 2 операциями
2025-09-27 14:00:21 - ROBOTY.planner - DEBUG - Планирование траектории для робота с 2 операциями
2025-09-27 14:00:21 - ROBOTY.planner - DEBUG - Операция 1 запланирована, время завершения: 16.62
2025-09-27 14:00:21 - ROBOTY.planner - DEBUG - Операция 2 запланирована, время завершения: 31.48
2025-09-27 14:00:21 - ROBOTY.planner - INFO - Траектория робота запланирована, общее время: 31.48
2025-09-27 14:00:21 - ROBOTY.planner - INFO - Робот 7: траектория содержит 48 точек
2025-09-27 14:00:21 - ROBOTY.planner - INFO - Планирование траектории для робота 8 (ID: 8) с 3 операциями
2025-09-27 14:00:21 - ROBOTY.planner - DEBUG - Планирование траектории для робота с 3 операциями
2025-09-27 14:00:21 - ROBOTY.planner - DEBUG - Операция 1 запланирована, время завершения: 11.13
2025-09-27 14:00:21 - ROBOTY.planner - DEBUG - Операция 2 запланирована, время завершения: 21.00
2025-09-27 14:00:21 - ROBOTY.planner - DEBUG - Операция 3 запланирована, время завершения: 30.07
2025-09-27 14:00:21 - ROBOTY.planner - INFO - Траектория робота запланирована, общее время: 30.07
2025-09-27 14:00:21 - ROBOTY.planner - INFO - Робот 8: траектория содержит 72 точек
2025-09-27 14:00:21 - ROBOTY.planner - INFO - Планирование траектории для робота 9 (ID: 9) с 4 операциями
2025-09-27 14:00:21 - ROBOTY.planner - DEBUG - Планирование траектории для робота с 4 операциями
2025-09-27 14:00:21 - ROBOTY.planner - DEBUG - Операция 1 запланирована, время завершения: 9.11
2025-09-27 14:00:21 - ROBOTY.planner - DEBUG - Операция 2 запланирована, время завершения: 22.20
2025-09-27 14:00:21 - ROBOTY.planner - DEBUG - Операция 3 запланирована, время завершения: 33.54
2025-09-27 14:00:21 - ROBOTY.planner - DEBUG - Операция 4 запланирована, время завершения: 43.22
2025-09-27 14:00:21 - ROBOTY.planner - INFO - Траектория робота запланирована, общее время: 43.22
2025-09-27 14:00:21 - ROBOTY.planner - INFO - Робот 9: траектория содержит 96 точек
2025-09-27 14:00:21 - ROBOTY.planner - INFO - Планирование траектории для робота 10 (ID: 10) с 3 операциями
2025-09-27 14:00:21 - ROBOTY.planner - DEBUG - Планирование траектории для робота с 3 операциями
2025-09-27 14:00:21 - ROBOTY.planner - DEBUG - Операция 1 запланирована, время завершения: 13.40
2025-09-27 14:00:21 - ROBOTY.planner - DEBUG - Операция 2 запланирована, время завершения: 24.58
2025-09-27 14:00:21 - ROBOTY.planner - DEBUG - Операция 3 запланирована, время завершения: 33.74
2025-09-27 14:00:21 - ROBOTY.planner - INFO - Траектория робота запланирована, общее время: 33.74
2025-09-27 14:00:21 - ROBOTY.planner - INFO - Робот 10: траектория содержит 72 точек
2025-09-27 14:00:21 - ROBOTY.planner - INFO - Планирование завершено. Makespan: 43.22
2025-09-27 14:00:21 - ROBOTY.main - INFO - Планировщик успешно завершил работу
2025-09-27 14:00:21 - ROBOTY.collision - INFO - Начинаем детальную проверку коллизий
2025-09-27 14:00:21 - ROBOTY.collision - DEBUG - Проверяем коллизии в диапазоне времени: 0.00 - 43.22
2025-09-27 14:00:21 - ROBOTY.collision - WARNING - Коллизия: роботы 4 и 10 в 5.10s, расстояние: 0.449, требуется: 0.500
2025-09-27 14:00:21 - ROBOTY.collision - WARNING - Коллизия: роботы 4 и 10 в 5.20s, расстояние: 0.442, требуется: 0.500
2025-09-27 14:00:21 - ROBOTY.collision - WARNING - Коллизия: роботы 2 и 10 в 7.80s, расстояние: 0.490, требуется: 0.500
2025-09-27 14:00:21 - ROBOTY.collision - WARNING - Коллизия: роботы 2 и 10 в 7.90s, расстояние: 0.462, требуется: 0.500
2025-09-27 14:00:21 - ROBOTY.collision - WARNING - Коллизия: роботы 2 и 10 в 8.00s, расстояние: 0.452, требуется: 0.500
2025-09-27 14:00:21 - ROBOTY.collision - WARNING - Коллизия: роботы 2 и 10 в 8.10s, расстояние: 0.462, требуется: 0.500
2025-09-27 14:00:21 - ROBOTY.collision - WARNING - Коллизия: роботы 2 и 10 в 8.20s, расстояние: 0.489, требуется: 0.500
2025-09-27 14:00:21 - ROBOTY.collision - WARNING - Коллизия: роботы 1 и 3 в 8.30s, расстояние: 0.463, требуется: 0.500
2025-09-27 14:00:21 - ROBOTY.collision - WARNING - Коллизия: роботы 1 и 3 в 8.40s, расстояние: 0.393, требуется: 0.500
2025-09-27 14:00:21 - ROBOTY.collision - WARNING - Коллизия: роботы 1 и 3 в 8.50s, расстояние: 0.329, требуется: 0.500
2025-09-27 14:00:21 - ROBOTY.collision - WARNING - Коллизия: роботы 1 и 3 в 8.60s, расстояние: 0.277, требуется: 0.500
2025-09-27 14:00:21 - ROBOTY.collision - WARNING - Коллизия: роботы 1 и 3 в 8.70s, расстояние: 0.242, требуется: 0.500
2025-09-27 14:00:21 - ROBOTY.collision - WARNING - Коллизия: роботы 1 и 3 в 8.80s, расстояние: 0.233, требуется: 0.500
2025-09-27 14:00:21 - ROBOTY.collision - WARNING - Коллизия: роботы 1 и 3 в 8.90s, расстояние: 0.253, требуется: 0.500
2025-09-27 14:00:21 - ROBOTY.collision - WARNING - Коллизия: роботы 1 и 3 в 9.00s, расстояние: 0.297, требуется: 0.500
2025-09-27 14:00:21 - ROBOTY.collision - WARNING - Коллизия: роботы 1 и 3 в 9.10s, расстояние: 0.355, требуется: 0.500
2025-09-27 14:00:21 - ROBOTY.collision - WARNING - Коллизия: роботы 1 и 3 в 9.20s, расстояние: 0.421, требуется: 0.500
2025-09-27 14:00:21 - ROBOTY.collision - WARNING - Коллизия: роботы 1 и 3 в 9.30s, расстояние: 0.493, требуется: 0.500
2025-09-27 14:00:21 - ROBOTY.collision - WARNING - Коллизия: роботы 8 и 10 в 16.60s, расстояние: 0.495, требуется: 0.500
2025-09-27 14:00:21 - ROBOTY.collision - WARNING - Коллизия: роботы 8 и 10 в 16.70s, расстояние: 0.455, требуется: 0.500
2025-09-27 14:00:21 - ROBOTY.collision - WARNING - Коллизия: роботы 8 и 10 в 16.80s, расстояние: 0.434, требуется: 0.500
2025-09-27 14:00:21 - ROBOTY.collision - WARNING - Коллизия: роботы 8 и 10 в 16.90s, расстояние: 0.425, требуется: 0.500
2025-09-27 14:00:21 - ROBOTY.collision - WARNING - Коллизия: роботы 8 и 10 в 17.00s, расстояние: 0.412, требуется: 0.500
2025-09-27 14:00:21 - ROBOTY.collision - WARNING - Коллизия: роботы 8 и 10 в 17.10s, расстояние: 0.439, требуется: 0.500
2025-09-27 14:00:21 - ROBOTY.collision - WARNING - Коллизия: роботы 8 и 10 в 17.20s, расстояние: 0.499, требуется: 0.500
2025-09-27 14:00:21 - ROBOTY.collision - WARNING - Коллизия: роботы 2 и 6 в 18.10s, расстояние: 0.447, требуется: 0.500
2025-09-27 14:00:21 - ROBOTY.collision - WARNING - Коллизия: роботы 2 и 6 в 18.20s, расстояние: 0.279, требуется: 0.500
2025-09-27 14:00:21 - ROBOTY.collision - WARNING - Коллизия: роботы 2 и 6 в 18.30s, расстояние: 0.117, требуется: 0.500
2025-09-27 14:00:21 - ROBOTY.collision - WARNING - Коллизия: роботы 2 и 6 в 18.40s, расстояние: 0.092, требуется: 0.500
2025-09-27 14:00:21 - ROBOTY.collision - WARNING - Коллизия: роботы 2 и 6 в 18.50s, расстояние: 0.248, требуется: 0.500
2025-09-27 14:00:21 - ROBOTY.collision - WARNING - Коллизия: роботы 2 и 6 в 18.60s, расстояние: 0.417, требуется: 0.500
2025-09-27 14:00:21 - ROBOTY.collision - WARNING - Коллизия: роботы 8 и 9 в 19.60s, расстояние: 0.436, требуется: 0.500
2025-09-27 14:00:21 - ROBOTY.collision - WARNING - Коллизия: роботы 8 и 9 в 19.70s, расстояние: 0.358, требуется: 0.500
2025-09-27 14:00:21 - ROBOTY.collision - WARNING - Коллизия: роботы 8 и 9 в 19.80s, расстояние: 0.319, требуется: 0.500
2025-09-27 14:00:21 - ROBOTY.collision - WARNING - Коллизия: роботы 8 и 9 в 19.90s, расстояние: 0.330, требуется: 0.500
2025-09-27 14:00:21 - ROBOTY.collision - WARNING - Коллизия: роботы 8 и 9 в 20.00s, расстояние: 0.386, требуется: 0.500
2025-09-27 14:00:21 - ROBOTY.collision - WARNING - Коллизия: роботы 8 и 9 в 20.10s, расстояние: 0.490, требуется: 0.500
2025-09-27 14:00:21 - ROBOTY.collision - WARNING - Коллизия: роботы 3 и 5 в 20.60s, расстояние: 0.396, требуется: 0.500
2025-09-27 14:00:21 - ROBOTY.collision - WARNING - Коллизия: роботы 3 и 5 в 20.70s, расстояние: 0.189, требуется: 0.500
2025-09-27 14:00:21 - ROBOTY.collision - WARNING - Коллизия: роботы 3 и 5 в 20.80s, расстояние: 0.087, требуется: 0.500
2025-09-27 14:00:21 - ROBOTY.collision - WARNING - Коллизия: роботы 3 и 5 в 20.90s, расстояние: 0.269, требуется: 0.500
2025-09-27 14:00:21 - ROBOTY.collision - WARNING - Коллизия: роботы 3 и 5 в 21.00s, расстояние: 0.480, требуется: 0.500
2025-09-27 14:00:21 - ROBOTY.collision - WARNING - Коллизия: роботы 3 и 6 в 21.40s, расстояние: 0.467, требуется: 0.500
2025-09-27 14:00:21 - ROBOTY.collision - WARNING - Коллизия: роботы 3 и 6 в 21.50s, расстояние: 0.395, требуется: 0.500
2025-09-27 14:00:21 - ROBOTY.collision - WARNING - Коллизия: роботы 3 и 6 в 21.60s, расстояние: 0.387, требуется: 0.500
2025-09-27 14:00:21 - ROBOTY.collision - WARNING - Коллизия: роботы 3 и 6 в 21.70s, расстояние: 0.450, требуется: 0.500
2025-09-27 14:00:21 - ROBOTY.collision - WARNING - Коллизия: роботы 3 и 8 в 24.10s, расстояние: 0.433, требуется: 0.500
2025-09-27 14:00:21 - ROBOTY.collision - WARNING - Коллизия: роботы 3 и 8 в 24.20s, расстояние: 0.403, требуется: 0.500
2025-09-27 14:00:21 - ROBOTY.collision - WARNING - Коллизия: роботы 3 и 8 в 24.30s, расстояние: 0.435, требуется: 0.500
2025-09-27 14:00:21 - ROBOTY.collision - WARNING - Коллизия: роботы 2 и 8 в 25.30s, расстояние: 0.423, требуется: 0.500
2025-09-27 14:00:21 - ROBOTY.collision - WARNING - Коллизия: роботы 2 и 8 в 25.40s, расстояние: 0.302, требуется: 0.500
2025-09-27 14:00:21 - ROBOTY.collision - WARNING - Коллизия: роботы 2 и 8 в 25.50s, расстояние: 0.186, требуется: 0.500
2025-09-27 14:00:21 - ROBOTY.collision - WARNING - Коллизия: роботы 2 и 8 в 25.60s, расстояние: 0.099, требуется: 0.500
2025-09-27 14:00:21 - ROBOTY.collision - WARNING - Коллизия: роботы 2 и 8 в 25.70s, расстояние: 0.128, требуется: 0.500
2025-09-27 14:00:21 - ROBOTY.collision - WARNING - Коллизия: роботы 2 и 8 в 25.80s, расстояние: 0.234, требуется: 0.500
2025-09-27 14:00:21 - ROBOTY.collision - WARNING - Коллизия: роботы 2 и 8 в 25.90s, расстояние: 0.353, требуется: 0.500
2025-09-27 14:00:21 - ROBOTY.collision - WARNING - Коллизия: роботы 2 и 8 в 26.00s, расстояние: 0.475, требуется: 0.500
2025-09-27 14:00:21 - ROBOTY.collision - WARNING - Коллизия: роботы 3 и 5 в 35.60s, расстояние: 0.492, требуется: 0.500
2025-09-27 14:00:21 - ROBOTY.collision - WARNING - Коллизия: роботы 3 и 5 в 35.70s, расстояние: 0.491, требуется: 0.500
2025-09-27 14:00:21 - ROBOTY.collision - ERROR - Обнаружено 59 коллизий
2025-09-27 14:00:21 - ROBOTY.main - WARNING - Обнаружено 59 коллизий, применяем онлайн-безопасность
2025-09-27 14:00:21 - ROBOTY.safety - INFO - Применяем онлайн-безопасность: вставка пауз при коллизиях
2025-09-27 14:00:21 - ROBOTY.collision - INFO - Начинаем детальную проверку коллизий
2025-09-27 14:00:21 - ROBOTY.collision - DEBUG - Проверяем коллизии в диапазоне времени: 0.00 - 43.22
2025-09-27 14:00:21 - ROBOTY.collision - WARNING - Коллизия: роботы 4 и 10 в 5.05s, расстояние: 0.477, требуется: 0.500
2025-09-27 14:00:21 - ROBOTY.collision - WARNING - Коллизия: роботы 4 и 10 в 5.10s, расстояние: 0.449, требуется: 0.500
2025-09-27 14:00:21 - ROBOTY.collision - WARNING - Коллизия: роботы 4 и 10 в 5.15s, расстояние: 0.437, требуется: 0.500
2025-09-27 14:00:21 - ROBOTY.collision - WARNING - Коллизия: роботы 4 и 10 в 5.20s, расстояние: 0.442, требуется: 0.500
2025-09-27 14:00:21 - ROBOTY.collision - WARNING - Коллизия: роботы 4 и 10 в 5.25s, расстояние: 0.465, требуется: 0.500
2025-09-27 14:00:21 - ROBOTY.collision - WARNING - Коллизия: роботы 2 и 10 в 7.80s, расстояние: 0.490, требуется: 0.500
2025-09-27 14:00:21 - ROBOTY.collision - WARNING - Коллизия: роботы 2 и 10 в 7.85s, расстояние: 0.474, требуется: 0.500
2025-09-27 14:00:21 - ROBOTY.collision - WARNING - Коллизия: роботы 2 и 10 в 7.90s, расстояние: 0.462, требуется: 0.500
2025-09-27 14:00:21 - ROBOTY.collision - WARNING - Коллизия: роботы 2 и 10 в 7.95s, расстояние: 0.455, требуется: 0.500
2025-09-27 14:00:21 - ROBOTY.collision - WARNING - Коллизия: роботы 2 и 10 в 8.00s, расстояние: 0.452, требуется: 0.500
2025-09-27 14:00:21 - ROBOTY.collision - WARNING - Коллизия: роботы 2 и 10 в 8.05s, расстояние: 0.455, требуется: 0.500
2025-09-27 14:00:21 - ROBOTY.collision - WARNING - Коллизия: роботы 2 и 10 в 8.10s, расстояние: 0.462, требуется: 0.500
2025-09-27 14:00:21 - ROBOTY.collision - WARNING - Коллизия: роботы 2 и 10 в 8.15s, расстояние: 0.474, требуется: 0.500
2025-09-27 14:00:21 - ROBOTY.collision - WARNING - Коллизия: роботы 2 и 10 в 8.20s, расстояние: 0.489, требуется: 0.500
2025-09-27 14:00:21 - ROBOTY.collision - WARNING - Коллизия: роботы 1 и 3 в 8.25s, расстояние: 0.499, требуется: 0.500
2025-09-27 14:00:21 - ROBOTY.collision - WARNING - Коллизия: роботы 1 и 3 в 8.30s, расстояние: 0.463, требуется: 0.500
2025-09-27 14:00:21 - ROBOTY.collision - WARNING - Коллизия: роботы 1 и 3 в 8.35s, расстояние: 0.427, требуется: 0.500
2025-09-27 14:00:21 - ROBOTY.collision - WARNING - Коллизия: роботы 1 и 3 в 8.40s, расстояние: 0.393, требуется: 0.500
2025-09-27 14:00:21 - ROBOTY.collision - WARNING - Коллизия: роботы 1 и 3 в 8.45s, расстояние: 0.360, требуется: 0.500
2025-09-27 14:00:21 - ROBOTY.collision - WARNING - Коллизия: роботы 1 и 3 в 8.50s, расстояние: 0.329, требуется: 0.500
2025-09-27 14:00:21 - ROBOTY.collision - WARNING - Коллизия: роботы 1 и 3 в 8.55s, расстояние: 0.301, требуется: 0.500
2025-09-27 14:00:21 - ROBOTY.collision - WARNING - Коллизия: роботы 1 и 3 в 8.60s, расстояние: 0.277, требуется: 0.500
2025-09-27 14:00:21 - ROBOTY.collision - WARNING - Коллизия: роботы 1 и 3 в 8.65s, расстояние: 0.256, требуется: 0.500
2025-09-27 14:00:21 - ROBOTY.collision - WARNING - Коллизия: роботы 1 и 3 в 8.70s, расстояние: 0.242, требуется: 0.500
2025-09-27 14:00:21 - ROBOTY.collision - WARNING - Коллизия: роботы 1 и 3 в 8.75s, расстояние: 0.234, требуется: 0.500
2025-09-27 14:00:21 - ROBOTY.collision - WARNING - Коллизия: роботы 1 и 3 в 8.80s, расстояние: 0.233, требуется: 0.500
2025-09-27 14:00:21 - ROBOTY.collision - WARNING - Коллизия: роботы 1 и 3 в 8.85s, расстояние: 0.240, требуется: 0.500
2025-09-27 14:00:21 - ROBOTY.collision - WARNING - Коллизия: роботы 1 и 3 в 8.90s, расстояние: 0.253, требуется: 0.500
2025-09-27 14:00:21 - ROBOTY.collision - WARNING - Коллизия: роботы 1 и 3 в 8.95s, расстояние: 0.273, требуется: 0.500
2025-09-27 14:00:21 - ROBOTY.collision - WARNING - Коллизия: роботы 1 и 3 в 9.00s, расстояние: 0.297, требуется: 0.500
2025-09-27 14:00:21 - ROBOTY.collision - WARNING - Коллизия: роботы 1 и 3 в 9.05s, расстояние: 0.324, требуется: 0.500
2025-09-27 14:00:21 - ROBOTY.collision - WARNING - Коллизия: роботы 1 и 3 в 9.10s, расстояние: 0.355, требуется: 0.500
2025-09-27 14:00:21 - ROBOTY.collision - WARNING - Коллизия: роботы 1 и 3 в 9.15s, расстояние: 0.387, требуется: 0.500
2025-09-27 14:00:21 - ROBOTY.collision - WARNING - Коллизия: роботы 1 и 3 в 9.20s, расстояние: 0.421, требуется: 0.500
2025-09-27 14:00:21 - ROBOTY.collision - WARNING - Коллизия: роботы 1 и 3 в 9.25s, расстояние: 0.456, требуется: 0.500
2025-09-27 14:00:21 - ROBOTY.collision - WARNING - Коллизия: роботы 1 и 3 в 9.30s, расстояние: 0.493, требуется: 0.500
2025-09-27 14:00:21 - ROBOTY.collision - WARNING - Коллизия: роботы 8 и 10 в 16.60s, расстояние: 0.495, требуется: 0.500
2025-09-27 14:00:21 - ROBOTY.collision - WARNING - Коллизия: роботы 8 и 10 в 16.65s, расстояние: 0.473, требуется: 0.500
2025-09-27 14:00:21 - ROBOTY.collision - WARNING - Коллизия: роботы 8 и 10 в 16.70s, расстояние: 0.455, требуется: 0.500
2025-09-27 14:00:21 - ROBOTY.collision - WARNING - Коллизия: роботы 8 и 10 в 16.75s, расстояние: 0.442, требуется: 0.500
2025-09-27 14:00:21 - ROBOTY.collision - WARNING - Коллизия: роботы 8 и 10 в 16.80s, расстояние: 0.434, требуется: 0.500
2025-09-27 14:00:21 - ROBOTY.collision - WARNING - Коллизия: роботы 8 и 10 в 16.85s, расстояние: 0.432, требуется: 0.500
2025-09-27 14:00:21 - ROBOTY.collision - WARNING - Коллизия: роботы 8 и 10 в 16.90s, расстояние: 0.425, требуется: 0.500
2025-09-27 14:00:21 - ROBOTY.collision - WARNING - Коллизия: роботы 8 и 10 в 16.95s, расстояние: 0.414, требуется: 0.500
2025-09-27 14:00:21 - ROBOTY.collision - WARNING - Коллизия: роботы 8 и 10 в 17.00s, расстояние: 0.412, требуется: 0.500
2025-09-27 14:00:21 - ROBOTY.collision - WARNING - Коллизия: роботы 8 и 10 в 17.05s, расстояние: 0.421, требуется: 0.500
2025-09-27 14:00:21 - ROBOTY.collision - WARNING - Коллизия: роботы 8 и 10 в 17.10s, расстояние: 0.439, требуется: 0.500
2025-09-27 14:00:21 - ROBOTY.collision - WARNING - Коллизия: роботы 8 и 10 в 17.15s, расстояние: 0.466, требуется: 0.500
2025-09-27 14:00:21 - ROBOTY.collision - WARNING - Коллизия: роботы 8 и 10 в 17.20s, расстояние: 0.499, требуется: 0.500
2025-09-27 14:00:21 - ROBOTY.collision - WARNING - Коллизия: роботы 2 и 6 в 18.10s, расстояние: 0.447, требуется: 0.500
2025-09-27 14:00:21 - ROBOTY.collision - WARNING - Коллизия: роботы 2 и 6 в 18.15s, расстояние: 0.363, требуется: 0.500
2025-09-27 14:00:21 - ROBOTY.collision - WARNING - Коллизия: роботы 2 и 6 в 18.20s, расстояние: 0.279, требуется: 0.500
2025-09-27 14:00:21 - ROBOTY.collision - WARNING - Коллизия: роботы 2 и 6 в 18.25s, расстояние: 0.196, требуется: 0.500
2025-09-27 14:00:21 - ROBOTY.collision - WARNING - Коллизия: роботы 2 и 6 в 18.30s, расстояние: 0.117, требуется: 0.500
2025-09-27 14:00:21 - ROBOTY.collision - WARNING - Коллизия: роботы 2 и 6 в 18.35s, расстояние: 0.061, требуется: 0.500
2025-09-27 14:00:21 - ROBOTY.collision - WARNING - Коллизия: роботы 2 и 6 в 18.40s, расстояние: 0.092, требуется: 0.500
2025-09-27 14:00:21 - ROBOTY.collision - WARNING - Коллизия: роботы 2 и 6 в 18.45s, расстояние: 0.167, требуется: 0.500
2025-09-27 14:00:21 - ROBOTY.collision - WARNING - Коллизия: роботы 2 и 6 в 18.50s, расстояние: 0.248, требуется: 0.500
2025-09-27 14:00:21 - ROBOTY.collision - WARNING - Коллизия: роботы 2 и 6 в 18.55s, расстояние: 0.332, требуется: 0.500
2025-09-27 14:00:21 - ROBOTY.collision - WARNING - Коллизия: роботы 2 и 6 в 18.60s, расстояние: 0.417, требуется: 0.500
2025-09-27 14:00:21 - ROBOTY.collision - WARNING - Коллизия: роботы 8 и 9 в 19.55s, расстояние: 0.494, требуется: 0.500
2025-09-27 14:00:21 - ROBOTY.collision - WARNING - Коллизия: роботы 8 и 9 в 19.60s, расстояние: 0.436, требуется: 0.500
2025-09-27 14:00:21 - ROBOTY.collision - WARNING - Коллизия: роботы 8 и 9 в 19.65s, расстояние: 0.392, требуется: 0.500
2025-09-27 14:00:21 - ROBOTY.collision - WARNING - Коллизия: роботы 8 и 9 в 19.70s, расстояние: 0.358, требуется: 0.500
2025-09-27 14:00:21 - ROBOTY.collision - WARNING - Коллизия: роботы 8 и 9 в 19.75s, расстояние: 0.333, требуется: 0.500
2025-09-27 14:00:21 - ROBOTY.collision - WARNING - Коллизия: роботы 8 и 9 в 19.80s, расстояние: 0.319, требуется: 0.500
2025-09-27 14:00:21 - ROBOTY.collision - WARNING - Коллизия: роботы 8 и 9 в 19.85s, расстояние: 0.318, требуется: 0.500
2025-09-27 14:00:21 - ROBOTY.collision - WARNING - Коллизия: роботы 8 и 9 в 19.90s, расстояние: 0.330, требуется: 0.500
2025-09-27 14:00:21 - ROBOTY.collision - WARNING - Коллизия: роботы 8 и 9 в 19.95s, расстояние: 0.353, требуется: 0.500
2025-09-27 14:00:21 - ROBOTY.collision - WARNING - Коллизия: роботы 8 и 9 в 20.00s, расстояние: 0.386, требуется: 0.500
2025-09-27 14:00:21 - ROBOTY.collision - WARNING - Коллизия: роботы 8 и 9 в 20.05s, расстояние: 0.426, требуется: 0.500
2025-09-27 14:00:21 - ROBOTY.collision - WARNING - Коллизия: роботы 8 и 9 в 20.10s, расстояние: 0.490, требуется: 0.500
2025-09-27 14:00:21 - ROBOTY.collision - WARNING - Коллизия: роботы 3 и 5 в 20.60s, расстояние: 0.396, требуется: 0.500
2025-09-27 14:00:21 - ROBOTY.collision - WARNING - Коллизия: роботы 3 и 5 в 20.65s, расстояние: 0.291, требуется: 0.500
2025-09-27 14:00:21 - ROBOTY.collision - WARNING - Коллизия: роботы 3 и 5 в 20.70s, расстояние: 0.189, требуется: 0.500
2025-09-27 14:00:21 - ROBOTY.collision - WARNING - Коллизия: роботы 3 и 5 в 20.75s, расстояние: 0.100, требуется: 0.500
2025-09-27 14:00:21 - ROBOTY.collision - WARNING - Коллизия: роботы 3 и 5 в 20.80s, расстояние: 0.087, требуется: 0.500
2025-09-27 14:00:21 - ROBOTY.collision - WARNING - Коллизия: роботы 3 и 5 в 20.85s, расстояние: 0.169, требуется: 0.500
2025-09-27 14:00:21 - ROBOTY.collision - WARNING - Коллизия: роботы 3 и 5 в 20.90s, расстояние: 0.269, требуется: 0.500
2025-09-27 14:00:21 - ROBOTY.collision - WARNING - Коллизия: роботы 3 и 5 в 20.95s, расстояние: 0.374, требуется: 0.500
2025-09-27 14:00:21 - ROBOTY.collision - WARNING - Коллизия: роботы 3 и 5 в 21.00s, расстояние: 0.480, требуется: 0.500
2025-09-27 14:00:21 - ROBOTY.collision - WARNING - Коллизия: роботы 3 и 6 в 21.40s, расстояние: 0.467, требуется: 0.500
2025-09-27 14:00:21 - ROBOTY.collision - WARNING - Коллизия: роботы 3 и 6 в 21.45s, расстояние: 0.425, требуется: 0.500
2025-09-27 14:00:21 - ROBOTY.collision - WARNING - Коллизия: роботы 3 и 6 в 21.50s, расстояние: 0.395, требуется: 0.500
2025-09-27 14:00:21 - ROBOTY.collision - WARNING - Коллизия: роботы 3 и 6 в 21.55s, расстояние: 0.381, требуется: 0.500
2025-09-27 14:00:21 - ROBOTY.collision - WARNING - Коллизия: роботы 3 и 6 в 21.60s, расстояние: 0.387, требуется: 0.500
2025-09-27 14:00:21 - ROBOTY.collision - WARNING - Коллизия: роботы 3 и 6 в 21.65s, расстояние: 0.411, требуется: 0.500
2025-09-27 14:00:21 - ROBOTY.collision - WARNING - Коллизия: роботы 3 и 6 в 21.70s, расстояние: 0.450, требуется: 0.500
2025-09-27 14:00:21 - ROBOTY.collision - WARNING - Коллизия: роботы 3 и 8 в 24.05s, расстояние: 0.468, требуется: 0.500
2025-09-27 14:00:21 - ROBOTY.collision - WARNING - Коллизия: роботы 3 и 8 в 24.10s, расстояние: 0.433, требуется: 0.500
2025-09-27 14:00:21 - ROBOTY.collision - WARNING - Коллизия: роботы 3 и 8 в 24.15s, расстояние: 0.411, требуется: 0.500
2025-09-27 14:00:21 - ROBOTY.collision - WARNING - Коллизия: роботы 3 и 8 в 24.20s, расстояние: 0.403, требуется: 0.500
2025-09-27 14:00:21 - ROBOTY.collision - WARNING - Коллизия: роботы 3 и 8 в 24.25s, расстояние: 0.412, требуется: 0.500
2025-09-27 14:00:21 - ROBOTY.collision - WARNING - Коллизия: роботы 3 и 8 в 24.30s, расстояние: 0.435, требуется: 0.500
2025-09-27 14:00:21 - ROBOTY.collision - WARNING - Коллизия: роботы 3 и 8 в 24.35s, расстояние: 0.471, требуется: 0.500
2025-09-27 14:00:21 - ROBOTY.collision - WARNING - Коллизия: роботы 2 и 8 в 25.25s, расстояние: 0.485, требуется: 0.500
2025-09-27 14:00:21 - ROBOTY.collision - WARNING - Коллизия: роботы 2 и 8 в 25.30s, расстояние: 0.423, требуется: 0.500
2025-09-27 14:00:21 - ROBOTY.collision - WARNING - Коллизия: роботы 2 и 8 в 25.35s, расстояние: 0.362, требуется: 0.500
2025-09-27 14:00:21 - ROBOTY.collision - WARNING - Коллизия: роботы 2 и 8 в 25.40s, расстояние: 0.302, требуется: 0.500
2025-09-27 14:00:21 - ROBOTY.collision - WARNING - Коллизия: роботы 2 и 8 в 25.45s, расстояние: 0.243, требуется: 0.500
2025-09-27 14:00:21 - ROBOTY.collision - WARNING - Коллизия: роботы 2 и 8 в 25.50s, расстояние: 0.186, требуется: 0.500
2025-09-27 14:00:21 - ROBOTY.collision - WARNING - Коллизия: роботы 2 и 8 в 25.55s, расстояние: 0.135, требуется: 0.500
2025-09-27 14:00:21 - ROBOTY.collision - WARNING - Коллизия: роботы 2 и 8 в 25.60s, расстояние: 0.099, требуется: 0.500
2025-09-27 14:00:21 - ROBOTY.collision - WARNING - Коллизия: роботы 2 и 8 в 25.65s, расстояние: 0.095, требуется: 0.500
2025-09-27 14:00:21 - ROBOTY.collision - WARNING - Коллизия: роботы 2 и 8 в 25.70s, расстояние: 0.128, требуется: 0.500
2025-09-27 14:00:21 - ROBOTY.collision - WARNING - Коллизия: роботы 2 и 8 в 25.75s, расстояние: 0.178, требуется: 0.500
2025-09-27 14:00:21 - ROBOTY.collision - WARNING - Коллизия: роботы 2 и 8 в 25.80s, расстояние: 0.234, требуется: 0.500
2025-09-27 14:00:21 - ROBOTY.collision - WARNING - Коллизия: роботы 2 и 8 в 25.85s, расстояние: 0.293, требуется: 0.500
2025-09-27 14:00:21 - ROBOTY.collision - WARNING - Коллизия: роботы 2 и 8 в 25.90s, расстояние: 0.353, требуется: 0.500
2025-09-27 14:00:21 - ROBOTY.collision - WARNING - Коллизия: роботы 2 и 8 в 25.95s, расстояние: 0.414, требуется: 0.500
2025-09-27 14:00:21 - ROBOTY.collision - WARNING - Коллизия: роботы 2 и 8 в 26.00s, расстояние: 0.475, требуется: 0.500
2025-09-27 14:00:22 - ROBOTY.collision - WARNING - Коллизия: роботы 3 и 5 в 35.60s, расстояние: 0.492, требуется: 0.500
2025-09-27 14:00:22 - ROBOTY.collision - WARNING - Коллизия: роботы 3 и 5 в 35.65s, расстояние: 0.487, требуется: 0.500
2025-09-27 14:00:22 - ROBOTY.collision - WARNING - Коллизия: роботы 3 и 5 в 35.70s, расстояние: 0.491, требуется: 0.500
2025-09-27 14:00:22 - ROBOTY.collision - ERROR - Обнаружено 114 коллизий
2025-09-27 14:00:22 - ROBOTY.safety - DEBUG - Добавлена пауза 0.60s роботу 4 в t=5.05s
2025-09-27 14:00:22 - ROBOTY.safety - DEBUG - Добавлена пауза 0.60s роботу 10 в t=5.05s
2025-09-27 14:00:22 - ROBOTY.safety - DEBUG - Добавлена пауза 0.60s роботу 4 в t=5.10s
2025-09-27 14:00:22 - ROBOTY.safety - DEBUG - Добавлена пауза 0.60s роботу 10 в t=5.10s
2025-09-27 14:00:22 - ROBOTY.safety - DEBUG - Добавлена пауза 0.60s роботу 4 в t=5.15s
2025-09-27 14:00:22 - ROBOTY.safety - DEBUG - Добавлена пауза 0.60s роботу 10 в t=5.15s
2025-09-27 14:00:22 - ROBOTY.safety - DEBUG - Добавлена пауза 0.60s роботу 4 в t=5.20s
2025-09-27 14:00:22 - ROBOTY.safety - DEBUG - Добавлена пауза 0.60s роботу 10 в t=5.20s
2025-09-27 14:00:22 - ROBOTY.safety - DEBUG - Добавлена пауза 0.60s роботу 4 в t=5.25s
2025-09-27 14:00:22 - ROBOTY.safety - DEBUG - Добавлена пауза 0.60s роботу 10 в t=5.25s
2025-09-27 14:00:22 - ROBOTY.safety - DEBUG - Добавлена пауза 0.60s роботу 2 в t=7.80s
2025-09-27 14:00:22 - ROBOTY.safety - DEBUG - Добавлена пауза 0.60s роботу 10 в t=7.80s
2025-09-27 14:00:22 - ROBOTY.safety - DEBUG - Добавлена пауза 0.60s роботу 2 в t=7.85s
2025-09-27 14:00:22 - ROBOTY.safety - DEBUG - Добавлена пауза 0.60s роботу 10 в t=7.85s
2025-09-27 14:00:22 - ROBOTY.safety - DEBUG - Добавлена пауза 0.60s роботу 2 в t=7.90s
2025-09-27 14:00:22 - ROBOTY.safety - DEBUG - Добавлена пауза 0.60s роботу 10 в t=7.90s
2025-09-27 14:00:22 - ROBOTY.safety - DEBUG - Добавлена пауза 0.60s роботу 2 в t=7.95s
2025-09-27 14:00:22 - ROBOTY.safety - DEBUG - Добавлена пауза 0.60s роботу 10 в t=7.95s
2025-09-27 14:00:22 - ROBOTY.safety - DEBUG - Добавлена пауза 0.60s роботу 2 в t=8.00s
2025-09-27 14:00:22 - ROBOTY.safety - DEBUG - Добавлена пауза 0.60s роботу 10 в t=8.00s
2025-09-27 14:00:22 - ROBOTY.safety - DEBUG - Добавлена пауза 0.60s роботу 2 в t=8.05s
2025-09-27 14:00:22 - ROBOTY.safety - DEBUG - Добавлена пауза 0.60s роботу 10 в t=8.05s
2025-09-27 14:00:22 - ROBOTY.safety - DEBUG - Добавлена пауза 0.60s роботу 2 в t=8.10s
2025-09-27 14:00:22 - ROBOTY.safety - DEBUG - Добавлена пауза 0.60s роботу 10 в t=8.10s
2025-09-27 14:00:22 - ROBOTY.safety - DEBUG - Добавлена пауза 0.60s роботу 2 в t=8.15s
2025-09-27 14:00:22 - ROBOTY.safety - DEBUG - Добавлена пауза 0.60s роботу 10 в t=8.15s
2025-09-27 14:00:22 - ROBOTY.safety - DEBUG - Добавлена пауза 0.60s роботу 2 в t=8.20s
2025-09-27 14:00:22 - ROBOTY.safety - DEBUG - Добавлена пауза 0.60s роботу 10 в t=8.20s
2025-09-27 14:00:22 - ROBOTY.safety - DEBUG - Добавлена пауза 0.60s роботу 1 в t=8.25s
2025-09-27 14:00:22 - ROBOTY.safety - DEBUG - Добавлена пауза 0.60s роботу 3 в t=8.25s
2025-09-27 14:00:22 - ROBOTY.safety - DEBUG - Добавлена пауза 0.60s роботу 1 в t=8.30s
2025-09-27 14:00:22 - ROBOTY.safety - DEBUG - Добавлена пауза 0.60s роботу 3 в t=8.30s
2025-09-27 14:00:22 - ROBOTY.safety - DEBUG - Добавлена пауза 0.60s роботу 1 в t=8.35s
2025-09-27 14:00:22 - ROBOTY.safety - DEBUG - Добавлена пауза 0.60s роботу 3 в t=8.35s
2025-09-27 14:00:22 - ROBOTY.safety - DEBUG - Добавлена пауза 0.60s роботу 1 в t=8.40s
2025-09-27 14:00:22 - ROBOTY.safety - DEBUG - Добавлена пауза 0.60s роботу 3 в t=8.40s
2025-09-27 14:00:22 - ROBOTY.safety - DEBUG - Добавлена пауза 0.60s роботу 1 в t=8.45s
2025-09-27 14:00:22 - ROBOTY.safety - DEBUG - Добавлена пауза 0.60s роботу 3 в t=8.45s
2025-09-27 14:00:22 - ROBOTY.safety - DEBUG - Добавлена пауза 0.60s роботу 1 в t=8.50s
2025-09-27 14:00:22 - ROBOTY.safety - DEBUG - Добавлена пауза 0.60s роботу 3 в t=8.50s
2025-09-27 14:00:22 - ROBOTY.safety - DEBUG - Добавлена пауза 0.60s роботу 1 в t=8.55s
2025-09-27 14:00:22 - ROBOTY.safety - DEBUG - Добавлена пауза 0.60s роботу 3 в t=8.55s
2025-09-27 14:00:22 - ROBOTY.safety - DEBUG - Добавлена пауза 0.60s роботу 1 в t=8.60s
2025-09-27 14:00:22 - ROBOTY.safety - DEBUG - Добавлена пауза 0.60s роботу 3 в t=8.60s
2025-09-27 14:00:22 - ROBOTY.safety - DEBUG - Добавлена пауза 0.60s роботу 1 в t=8.65s
2025-09-27 14:00:22 - ROBOTY.safety - DEBUG - Добавлена пауза 0.60s роботу 3 в t=8.65s
2025-09-27 14:00:22 - ROBOTY.safety - DEBUG - Добавлена пауза 0.60s роботу 1 в t=8.70s
2025-09-27 14:00:22 - ROBOTY.safety - DEBUG - Добавлена пауза 0.60s роботу 3 в t=8.70s
2025-09-27 14:00:22 - ROBOTY.safety - DEBUG - Добавлена пауза 0.60s роботу 1 в t=8.75s
2025-09-27 14:00:22 - ROBOTY.safety - DEBUG - Добавлена пауза 0.60s роботу 3 в t=8.75s
2025-09-27 14:00:22 - ROBOTY.safety - DEBUG - Добавлена пауза 0.60s роботу 1 в t=8.80s
2025-09-27 14:00:22 - ROBOTY.safety - DEBUG - Добавлена пауза 0.60s роботу 3 в t=8.80s
2025-09-27 14:00:22 - ROBOTY.safety - DEBUG - Добавлена пауза 0.60s роботу 1 в t=8.85s
2025-09-27 14:00:22 - ROBOTY.safety - DEBUG - Добавлена пауза 0.60s роботу 3 в t=8.85s
2025-09-27 14:00:22 - ROBOTY.safety - DEBUG - Добавлена пауза 0.60s роботу 1 в t=8.90s
2025-09-27 14:00:22 - ROBOTY.safety - DEBUG - Добавлена пауза 0.60s роботу 3 в t=8.90s
2025-09-27 14:00:22 - ROBOTY.safety - DEBUG - Добавлена пауза 0.60s роботу 1 в t=8.95s
2025-09-27 14:00:22 - ROBOTY.safety - DEBUG - Добавлена пауза 0.60s роботу 3 в t=8.95s
2025-09-27 14:00:22 - ROBOTY.safety - DEBUG - Добавлена пауза 0.60s роботу 1 в t=9.00s
2025-09-27 14:00:22 - ROBOTY.safety - DEBUG - Добавлена пауза 0.60s роботу 3 в t=9.00s
2025-09-27 14:00:22 - ROBOTY.safety - DEBUG - Добавлена пауза 0.60s роботу 1 в t=9.05s
2025-09-27 14:00:22 - ROBOTY.safety - DEBUG - Добавлена пауза 0.60s роботу 3 в t=9.05s
2025-09-27 14:00:22 - ROBOTY.safety - DEBUG - Добавлена пауза 0.60s роботу 1 в t=9.10s
2025-09-27 14:00:22 - ROBOTY.safety - DEBUG - Добавлена пауза 0.60s роботу 3 в t=9.10s
2025-09-27 14:00:22 - ROBOTY.safety - DEBUG - Добавлена пауза 0.60s роботу 1 в t=9.15s
2025-09-27 14:00:22 - ROBOTY.safety - DEBUG - Добавлена пауза 0.60s роботу 3 в t=9.15s
2025-09-27 14:00:22 - ROBOTY.safety - DEBUG - Добавлена пауза 0.60s роботу 1 в t=9.20s
2025-09-27 14:00:22 - ROBOTY.safety - DEBUG - Добавлена пауза 0.60s роботу 3 в t=9.20s
2025-09-27 14:00:22 - ROBOTY.safety - DEBUG - Добавлена пауза 0.60s роботу 1 в t=9.25s
2025-09-27 14:00:22 - ROBOTY.safety - DEBUG - Добавлена пауза 0.60s роботу 3 в t=9.25s
2025-09-27 14:00:22 - ROBOTY.safety - DEBUG - Добавлена пауза 0.60s роботу 1 в t=9.30s
2025-09-27 14:00:22 - ROBOTY.safety - DEBUG - Добавлена пауза 0.60s роботу 3 в t=9.30s
2025-09-27 14:00:22 - ROBOTY.safety - DEBUG - Добавлена пауза 0.60s роботу 8 в t=16.60s
2025-09-27 14:00:22 - ROBOTY.safety - DEBUG - Добавлена пауза 0.60s роботу 10 в t=16.60s
2025-09-27 14:00:22 - ROBOTY.safety - DEBUG - Добавлена пауза 0.60s роботу 8 в t=16.65s
2025-09-27 14:00:22 - ROBOTY.safety - DEBUG - Добавлена пауза 0.60s роботу 10 в t=16.65s
2025-09-27 14:00:22 - ROBOTY.safety - DEBUG - Добавлена пауза 0.60s роботу 8 в t=16.70s
2025-09-27 14:00:22 - ROBOTY.safety - DEBUG - Добавлена пауза 0.60s роботу 10 в t=16.70s
2025-09-27 14:00:22 - ROBOTY.safety - DEBUG - Добавлена пауза 0.60s роботу 8 в t=16.75s
2025-09-27 14:00:22 - ROBOTY.safety - DEBUG - Добавлена пауза 0.60s роботу 10 в t=16.75s
2025-09-27 14:00:22 - ROBOTY.safety - DEBUG - Добавлена пауза 0.60s роботу 8 в t=16.80s
2025-09-27 14:00:22 - ROBOTY.safety - DEBUG - Добавлена пауза 0.60s роботу 10 в t=16.80s
2025-09-27 14:00:22 - ROBOTY.safety - DEBUG - Добавлена пауза 0.60s роботу 8 в t=16.85s
2025-09-27 14:00:22 - ROBOTY.safety - DEBUG - Добавлена пауза 0.60s роботу 10 в t=16.85s
2025-09-27 14:00:22 - ROBOTY.safety - DEBUG - Добавлена пауза 0.60s роботу 8 в t=16.90s
2025-09-27 14:00:22 - ROBOTY.safety - DEBUG - Добавлена пауза 0.60s роботу 10 в t=16.90s
2025-09-27 14:00:22 - ROBOTY.safety - DEBUG - Добавлена пауза 0.60s роботу 8 в t=16.95s
2025-09-27 14:00:22 - ROBOTY.safety - DEBUG - Добавлена пауза 0.60s роботу 10 в t=16.95s
2025-09-27 14:00:22 - ROBOTY.safety - DEBUG - Добавлена пауза 0.60s роботу 8 в t=17.00s
2025-09-27 14:00:22 - ROBOTY.safety - DEBUG - Добавлена пауза 0.60s роботу 10 в t=17.00s
2025-09-27 14:00:22 - ROBOTY.safety - DEBUG - Добавлена пауза 0.60s роботу 8 в t=17.05s
2025-09-27 14:00:22 - ROBOTY.safety - DEBUG - Добавлена пауза 0.60s роботу 10 в t=17.05s
2025-09-27 14:00:22 - ROBOTY.safety - DEBUG - Добавлена пауза 0.60s роботу 8 в t=17.10s
2025-09-27 14:00:22 - ROBOTY.safety - DEBUG - Добавлена пауза 0.60s роботу 10 в t=17.10s
2025-09-27 14:00:22 - ROBOTY.safety - DEBUG - Добавлена пауза 0.60s роботу 8 в t=17.15s
2025-09-27 14:00:22 - ROBOTY.safety - DEBUG - Добавлена пауза 0.60s роботу 10 в t=17.15s
2025-09-27 14:00:22 - ROBOTY.safety - DEBUG - Добавлена пауза 0.60s роботу 8 в t=17.20s
2025-09-27 14:00:22 - ROBOTY.safety - DEBUG - Добавлена пауза 0.60s роботу 10 в t=17.20s
2025-09-27 14:00:22 - ROBOTY.safety - DEBUG - Добавлена пауза 0.60s роботу 2 в t=18.10s
2025-09-27 14:00:22 - ROBOTY.safety - DEBUG - Добавлена пауза 0.60s роботу 6 в t=18.10s
2025-09-27 14:00:22 - ROBOTY.safety - DEBUG - Добавлена пауза 0.60s роботу 2 в t=18.15s
2025-09-27 14:00:22 - ROBOTY.safety - DEBUG - Добавлена пауза 0.60s роботу 6 в t=18.15s
2025-09-27 14:00:22 - ROBOTY.safety - DEBUG - Добавлена пауза 0.60s роботу 2 в t=18.20s
2025-09-27 14:00:22 - ROBOTY.safety - DEBUG - Добавлена пауза 0.60s роботу 6 в t=18.20s
2025-09-27 14:00:22 - ROBOTY.safety - DEBUG - Добавлена пауза 0.60s роботу 2 в t=18.25s
2025-09-27 14:00:22 - ROBOTY.safety - DEBUG - Добавлена пауза 0.60s роботу 6 в t=18.25s
2025-09-27 14:00:22 - ROBOTY.safety - DEBUG - Добавлена пауза 0.60s роботу 2 в t=18.30s
2025-09-27 14:00:22 - ROBOTY.safety - DEBUG - Добавлена пауза 0.60s роботу 6 в t=18.30s
2025-09-27 14:00:22 - ROBOTY.safety - DEBUG - Добавлена пауза 0.60s роботу 2 в t=18.35s
2025-09-27 14:00:22 - ROBOTY.safety - DEBUG - Добавлена пауза 0.60s роботу 6 в t=18.35s
2025-09-27 14:00:22 - ROBOTY.safety - DEBUG - Добавлена пауза 0.60s роботу 2 в t=18.40s
2025-09-27 14:00:22 - ROBOTY.safety - DEBUG - Добавлена пауза 0.60s роботу 6 в t=18.40s
2025-09-27 14:00:22 - ROBOTY.safety - DEBUG - Добавлена пауза 0.60s роботу 2 в t=18.45s
2025-09-27 14:00:22 - ROBOTY.safety - DEBUG - Добавлена пауза 0.60s роботу 6 в t=18.45s
2025-09-27 14:00:22 - ROBOTY.safety - DEBUG - Добавлена пауза 0.60s роботу 2 в t=18.50s
2025-09-27 14:00:22 - ROBOTY.safety - DEBUG - Добавлена пауза 0.60s роботу 6 в t=18.50s
2025-09-27 14:00:22 - ROBOTY.safety - DEBUG - Добавлена пауза 0.60s роботу 2 в t=18.55s
2025-09-27 14:00:22 - ROBOTY.safety - DEBUG - Добавлена пауза 0.60s роботу 6 в t=18.55s
2025-09-27 14:00:22 - ROBOTY.safety - DEBUG - Добавлена пауза 0.60s роботу 2 в t=18.60s
2025-09-27 14:00:22 - ROBOTY.safety - DEBUG - Добавлена пауза 0.60s роботу 6 в t=18.60s
2025-09-27 14:00:22 - ROBOTY.safety - DEBUG - Добавлена пауза 0.60s роботу 8 в t=19.55s
2025-09-27 14:00:22 - ROBOTY.safety - DEBUG - Добавлена пауза 0.60s роботу 9 в t=19.55s
2025-09-27 14:00:22 - ROBOTY.safety - DEBUG - Добавлена пауза 0.60s роботу 8 в t=19.60s
2025-09-27 14:00:22 - ROBOTY.safety - DEBUG - Добавлена пауза 0.60s роботу 9 в t=19.60s
2025-09-27 14:00:22 - ROBOTY.safety - DEBUG - Добавлена пауза 0.60s роботу 8 в t=19.65s
2025-09-27 14:00:22 - ROBOTY.safety - DEBUG - Добавлена пауза 0.60s роботу 9 в t=19.65s
2025-09-27 14:00:22 - ROBOTY.safety - DEBUG - Добавлена пауза 0.60s роботу 8 в t=19.70s
2025-09-27 14:00:22 - ROBOTY.safety - DEBUG - Добавлена пауза 0.60s роботу 9 в t=19.70s
2025-09-27 14:00:22 - ROBOTY.safety - DEBUG - Добавлена пауза 0.60s роботу 8 в t=19.75s
2025-09-27 14:00:22 - ROBOTY.safety - DEBUG - Добавлена пауза 0.60s роботу 9 в t=19.75s
2025-09-27 14:00:22 - ROBOTY.safety - DEBUG - Добавлена пауза 0.60s роботу 8 в t=19.80s
2025-09-27 14:00:22 - ROBOTY.safety - DEBUG - Добавлена пауза 0.60s роботу 9 в t=19.80s
2025-09-27 14:00:22 - ROBOTY.safety - DEBUG - Добавлена пауза 0.60s роботу 8 в t=19.85s
2025-09-27 14:00:22 - ROBOTY.safety - DEBUG - Добавлена пауза 0.60s роботу 9 в t=19.85s
2025-09-27 14:00:22 - ROBOTY.safety - DEBUG - Добавлена пауза 0.60s роботу 8 в t=19.90s
2025-09-27 14:00:22 - ROBOTY.safety - DEBUG - Добавлена пауза 0.60s роботу 9 в t=19.90s
2025-09-27 14:00:22 - ROBOTY.safety - DEBUG - Добавлена пауза 0.60s роботу 8 в t=19.95s
2025-09-27 14:00:22 - ROBOTY.safety - DEBUG - Добавлена пауза 0.60s роботу 9 в t=19.95s
2025-09-27 14:00:22 - ROBOTY.safety - DEBUG - Добавлена пауза 0.60s роботу 8 в t=20.00s
2025-09-27 14:00:22 - ROBOTY.safety - DEBUG - Добавлена пауза 0.60s роботу 9 в t=20.00s
2025-09-27 14:00:22 - ROBOTY.safety - DEBUG - Добавлена пауза 0.60s роботу 8 в t=20.05s
2025-09-27 14:00:22 - ROBOTY.safety - DEBUG - Добавлена пауза 0.60s роботу 9 в t=20.05s
2025-09-27 14:00:22 - ROBOTY.safety - DEBUG - Добавлена пауза 0.60s роботу 8 в t=20.10s
2025-09-27 14:00:22 - ROBOTY.safety - DEBUG - Добавлена пауза 0.60s роботу 9 в t=20.10s
2025-09-27 14:00:22 - ROBOTY.safety - DEBUG - Добавлена пауза 0.60s роботу 3 в t=20.60s
2025-09-27 14:00:22 - ROBOTY.safety - DEBUG - Добавлена пауза 0.60s роботу 5 в t=20.60s
2025-09-27 14:00:22 - ROBOTY.safety - DEBUG - Добавлена пауза 0.60s роботу 3 в t=20.65s
2025-09-27 14:00:22 - ROBOTY.safety - DEBUG - Добавлена пауза 0.60s роботу 5 в t=20.65s
2025-09-27 14:00:22 - ROBOTY.safety - DEBUG - Добавлена пауза 0.60s роботу 3 в t=20.70s
2025-09-27 14:00:22 - ROBOTY.safety - DEBUG - Добавлена пауза 0.60s роботу 5 в t=20.70s
2025-09-27 14:00:22 - ROBOTY.safety - DEBUG - Добавлена пауза 0.60s роботу 3 в t=20.75s
2025-09-27 14:00:22 - ROBOTY.safety - DEBUG - Добавлена пауза 0.60s роботу 5 в t=20.75s
2025-09-27 14:00:22 - ROBOTY.safety - DEBUG - Добавлена пауза 0.60s роботу 3 в t=20.80s
2025-09-27 14:00:22 - ROBOTY.safety - DEBUG - Добавлена пауза 0.60s роботу 5 в t=20.80s
2025-09-27 14:00:22 - ROBOTY.safety - DEBUG - Добавлена пауза 0.60s роботу 3 в t=20.85s
2025-09-27 14:00:22 - ROBOTY.safety - DEBUG - Добавлена пауза 0.60s роботу 5 в t=20.85s
2025-09-27 14:00:22 - ROBOTY.safety - DEBUG - Добавлена пауза 0.60s роботу 3 в t=20.90s
2025-09-27 14:00:22 - ROBOTY.safety - DEBUG - Добавлена пауза 0.60s роботу 5 в t=20.90s
2025-09-27 14:00:22 - ROBOTY.safety - DEBUG - Добавлена пауза 0.60s роботу 3 в t=20.95s
2025-09-27 14:00:22 - ROBOTY.safety - DEBUG - Добавлена пауза 0.60s роботу 5 в t=20.95s
2025-09-27 14:00:22 - ROBOTY.safety - DEBUG - Добавлена пауза 0.60s роботу 3 в t=21.00s
2025-09-27 14:00:22 - ROBOTY.safety - DEBUG - Добавлена пауза 0.60s роботу 5 в t=21.00s
2025-09-27 14:00:22 - ROBOTY.safety - DEBUG - Добавлена пауза 0.60s роботу 3 в t=21.40s
2025-09-27 14:00:22 - ROBOTY.safety - DEBUG - Добавлена пауза 0.60s роботу 6 в t=21.40s
2025-09-27 14:00:22 - ROBOTY.safety - DEBUG - Добавлена пауза 0.60s роботу 3 в t=21.45s
2025-09-27 14:00:22 - ROBOTY.safety - DEBUG - Добавлена пауза 0.60s роботу 6 в t=21.45s
2025-09-27 14:00:22 - ROBOTY.safety - DEBUG - Добавлена пауза 0.60s роботу 3 в t=21.50s
2025-09-27 14:00:22 - ROBOTY.safety - DEBUG - Добавлена пауза 0.60s роботу 6 в t=21.50s
2025-09-27 14:00:22 - ROBOTY.safety - DEBUG - Добавлена пауза 0.60s роботу 3 в t=21.55s
2025-09-27 14:00:22 - ROBOTY.safety - DEBUG - Добавлена пауза 0.60s роботу 6 в t=21.55s
2025-09-27 14:00:22 - ROBOTY.safety - DEBUG - Добавлена пауза 0.60s роботу 3 в t=21.60s
2025-09-27 14:00:22 - ROBOTY.safety - DEBUG - Добавлена пауза 0.60s роботу 6 в t=21.60s
2025-09-27 14:00:22 - ROBOTY.safety - DEBUG - Добавлена пауза 0.60s роботу 3 в t=21.65s
2025-09-27 14:00:22 - ROBOTY.safety - DEBUG - Добавлена пауза 0.60s роботу 6 в t=21.65s
2025-09-27 14:00:22 - ROBOTY.safety - DEBUG - Добавлена пауза 0.60s роботу 3 в t=21.70s
2025-09-27 14:00:22 - ROBOTY.safety - DEBUG - Добавлена пауза 0.60s роботу 6 в t=21.70s
2025-09-27 14:00:22 - ROBOTY.safety - DEBUG - Добавлена пауза 0.60s роботу 3 в t=24.05s
2025-09-27 14:00:22 - ROBOTY.safety - DEBUG - Добавлена пауза 0.60s роботу 8 в t=24.05s
2025-09-27 14:00:22 - ROBOTY.safety - DEBUG - Добавлена пауза 0.60s роботу 3 в t=24.10s
2025-09-27 14:00:22 - ROBOTY.safety - DEBUG - Добавлена пауза 0.60s роботу 8 в t=24.10s
2025-09-27 14:00:22 - ROBOTY.safety - DEBUG - Добавлена пауза 0.60s роботу 3 в t=24.15s
2025-09-27 14:00:22 - ROBOTY.safety - DEBUG - Добавлена пауза 0.60s роботу 8 в t=24.15s
2025-09-27 14:00:22 - ROBOTY.safety - DEBUG - Добавлена пауза 0.60s роботу 3 в t=24.20s
2025-09-27 14:00:22 - ROBOTY.safety - DEBUG - Добавлена пауза 0.60s роботу 8 в t=24.20s
2025-09-27 14:00:22 - ROBOTY.safety - DEBUG - Добавлена пауза 0.60s роботу 3 в t=24.25s
2025-09-27 14:00:22 - ROBOTY.safety - DEBUG - Добавлена пауза 0.60s роботу 8 в t=24.25s
2025-09-27 14:00:22 - ROBOTY.safety - DEBUG - Добавлена пауза 0.60s роботу 3 в t=24.30s
2025-09-27 14:00:22 - ROBOTY.safety - DEBUG - Добавлена пауза 0.60s роботу 8 в t=24.30s
2025-09-27 14:00:22 - ROBOTY.safety - DEBUG - Добавлена пауза 0.60s роботу 3 в t=24.35s
2025-09-27 14:00:22 - ROBOTY.safety - DEBUG - Добавлена пауза 0.60s роботу 8 в t=24.35s
2025-09-27 14:00:22 - ROBOTY.safety - DEBUG - Добавлена пауза 0.60s роботу 2 в t=25.25s
2025-09-27 14:00:22 - ROBOTY.safety - DEBUG - Добавлена пауза 0.60s роботу 8 в t=25.25s
2025-09-27 14:00:22 - ROBOTY.safety - DEBUG - Добавлена пауза 0.60s роботу 2 в t=25.30s
2025-09-27 14:00:22 - ROBOTY.safety - DEBUG - Добавлена пауза 0.60s роботу 8 в t=25.30s
2025-09-27 14:00:22 - ROBOTY.safety - DEBUG - Добавлена пауза 0.60s роботу 2 в t=25.35s
2025-09-27 14:00:22 - ROBOTY.safety - DEBUG - Добавлена пауза 0.60s роботу 8 в t=25.35s
2025-09-27 14:00:22 - ROBOTY.safety - DEBUG - Добавлена пауза 0.60s роботу 2 в t=25.40s
2025-09-27 14:00:22 - ROBOTY.safety - DEBUG - Добавлена пауза 0.60s роботу 8 в t=25.40s
2025-09-27 14:00:22 - ROBOTY.safety - DEBUG - Добавлена пауза 0.60s роботу 2 в t=25.45s
2025-09-27 14:00:22 - ROBOTY.safety - DEBUG - Добавлена пауза 0.60s роботу 8 в t=25.45s
2025-09-27 14:00:22 - ROBOTY.safety - DEBUG - Добавлена пауза 0.60s роботу 2 в t=25.50s
2025-09-27 14:00:22 - ROBOTY.safety - DEBUG - Добавлена пауза 0.60s роботу 8 в t=25.50s
2025-09-27 14:00:22 - ROBOTY.safety - DEBUG - Добавлена пауза 0.60s роботу 2 в t=25.55s
2025-09-27 14:00:22 - ROBOTY.safety - DEBUG - Добавлена пауза 0.60s роботу 8 в t=25.55s
2025-09-27 14:00:22 - ROBOTY.safety - DEBUG - Добавлена пауза 0.60s роботу 2 в t=25.60s
2025-09-27 14:00:22 - ROBOTY.safety - DEBUG - Добавлена пауза 0.60s роботу 8 в t=25.60s
2025-09-27 14:00:22 - ROBOTY.safety - DEBUG - Добавлена пауза 0.60s роботу 2 в t=25.65s
2025-09-27 14:00:22 - ROBOTY.safety - DEBUG - Добавлена пауза 0.60s роботу 8 в t=25.65s
2025-09-27 14:00:22 - ROBOTY.safety - DEBUG - Добавлена пауза 0.60s роботу 2 в t=25.70s
2025-09-27 14:00:22 - ROBOTY.safety - DEBUG - Добавлена пауза 0.60s роботу 8 в t=25.70s
2025-09-27 14:00:22 - ROBOTY.safety - DEBUG - Добавлена пауза 0.60s роботу 2 в t=25.75s
2025-09-27 14:00:22 - ROBOTY.safety - DEBUG - Добавлена пауза 0.60s роботу 8 в t=25.75s
2025-09-27 14:00:22 - ROBOTY.safety - DEBUG - Добавлена пауза 0.60s роботу 2 в t=25.80s
2025-09-27 14:00:22 - ROBOTY.safety - DEBUG - Добавлена пауза 0.60s роботу 8 в t=25.80s
2025-09-27 14:00:22 - ROBOTY.safety - DEBUG - Добавлена пауза 0.60s роботу 2 в t=25.85s
2025-09-27 14:00:22 - ROBOTY.safety - DEBUG - Добавлена пауза 0.60s роботу 8 в t=25.85s
2025-09-27 14:00:22 - ROBOTY.safety - DEBUG - Добавлена пауза 0.60s роботу 2 в t=25.90s
2025-09-27 14:00:22 - ROBOTY.safety - DEBUG - Добавлена пауза 0.60s роботу 8 в t=25.90s
2025-09-27 14:00:22 - ROBOTY.safety - DEBUG - Добавлена пауза 0.60s роботу 2 в t=25.95s
2025-09-27 14:00:22 - ROBOTY.safety - DEBUG - Добавлена пауза 0.60s роботу 8 в t=25.95s
2025-09-27 14:00:22 - ROBOTY.safety - DEBUG - Добавлена пауза 0.60s роботу 2 в t=26.00s
2025-09-27 14:00:22 - ROBOTY.safety - DEBUG - Добавлена пауза 0.60s роботу 8 в t=26.00s
2025-09-27 14:00:22 - ROBOTY.safety - DEBUG - Добавлена пауза 0.60s роботу 3 в t=35.60s
2025-09-27 14:00:22 - ROBOTY.safety - DEBUG - Добавлена пауза 0.60s роботу 5 в t=35.60s
2025-09-27 14:00:22 - ROBOTY.safety - DEBUG - Добавлена пауза 0.60s роботу 3 в t=35.65s
2025-09-27 14:00:22 - ROBOTY.safety - DEBUG - Добавлена пауза 0.60s роботу 5 в t=35.65s
2025-09-27 14:00:22 - ROBOTY.safety - DEBUG - Добавлена пауза 0.60s роботу 3 в t=35.70s
2025-09-27 14:00:22 - ROBOTY.safety - DEBUG - Добавлена пауза 0.60s роботу 5 в t=35.70s
2025-09-27 14:00:22 - ROBOTY.safety - INFO - Онлайн-безопасность применена: паузы вставлены
2025-09-27 14:00:22 - ROBOTY.collision - INFO - Начинаем детальную проверку коллизий
2025-09-27 14:00:22 - ROBOTY.collision - DEBUG - Проверяем коллизии в диапазоне времени: 0.00 - 67.17
2025-09-27 14:00:22 - ROBOTY.collision - WARNING - Коллизия: роботы 4 и 10 в 5.10s, расстояние: 0.477, требуется: 0.500
2025-09-27 14:00:22 - ROBOTY.collision - WARNING - Коллизия: роботы 4 и 10 в 5.20s, расстояние: 0.477, требуется: 0.500
2025-09-27 14:00:22 - ROBOTY.collision - WARNING - Коллизия: роботы 4 и 10 в 5.30s, расстояние: 0.477, требуется: 0.500
2025-09-27 14:00:22 - ROBOTY.collision - WARNING - Коллизия: роботы 4 и 10 в 5.40s, расстояние: 0.477, требуется: 0.500
2025-09-27 14:00:22 - ROBOTY.collision - WARNING - Коллизия: роботы 4 и 10 в 5.50s, расстояние: 0.477, требуется: 0.500
2025-09-27 14:00:22 - ROBOTY.collision - WARNING - Коллизия: роботы 4 и 10 в 5.60s, расстояние: 0.477, требуется: 0.500
2025-09-27 14:00:22 - ROBOTY.collision - WARNING - Коллизия: роботы 4 и 10 в 5.70s, расстояние: 0.477, требуется: 0.500
2025-09-27 14:00:22 - ROBOTY.collision - WARNING - Коллизия: роботы 4 и 10 в 5.80s, расстояние: 0.477, требуется: 0.500
2025-09-27 14:00:22 - ROBOTY.collision - WARNING - Коллизия: роботы 4 и 10 в 5.90s, расстояние: 0.477, требуется: 0.500
2025-09-27 14:00:22 - ROBOTY.collision - WARNING - Коллизия: роботы 4 и 10 в 6.00s, расстояние: 0.477, требуется: 0.500
2025-09-27 14:00:22 - ROBOTY.collision - WARNING - Коллизия: роботы 4 и 10 в 6.10s, расстояние: 0.477, требуется: 0.500
2025-09-27 14:00:22 - ROBOTY.collision - WARNING - Коллизия: роботы 4 и 10 в 6.20s, расстояние: 0.477, требуется: 0.500
2025-09-27 14:00:22 - ROBOTY.collision - WARNING - Коллизия: роботы 4 и 10 в 6.30s, расстояние: 0.477, требуется: 0.500
2025-09-27 14:00:22 - ROBOTY.collision - WARNING - Коллизия: роботы 4 и 10 в 6.40s, расстояние: 0.477, требуется: 0.500
2025-09-27 14:00:22 - ROBOTY.collision - WARNING - Коллизия: роботы 4 и 10 в 6.50s, расстояние: 0.477, требуется: 0.500
2025-09-27 14:00:22 - ROBOTY.collision - WARNING - Коллизия: роботы 4 и 10 в 6.60s, расстояние: 0.477, требуется: 0.500
2025-09-27 14:00:22 - ROBOTY.collision - WARNING - Коллизия: роботы 4 и 10 в 6.70s, расстояние: 0.477, требуется: 0.500
2025-09-27 14:00:22 - ROBOTY.collision - WARNING - Коллизия: роботы 4 и 10 в 6.80s, расстояние: 0.477, требуется: 0.500
2025-09-27 14:00:22 - ROBOTY.collision - WARNING - Коллизия: роботы 4 и 10 в 6.90s, расстояние: 0.477, требуется: 0.500
2025-09-27 14:00:22 - ROBOTY.collision - WARNING - Коллизия: роботы 4 и 10 в 7.00s, расстояние: 0.477, требуется: 0.500
2025-09-27 14:00:22 - ROBOTY.collision - WARNING - Коллизия: роботы 4 и 10 в 7.10s, расстояние: 0.477, требуется: 0.500
2025-09-27 14:00:22 - ROBOTY.collision - WARNING - Коллизия: роботы 4 и 10 в 7.20s, расстояние: 0.477, требуется: 0.500
2025-09-27 14:00:22 - ROBOTY.collision - WARNING - Коллизия: роботы 4 и 10 в 7.30s, расстояние: 0.477, требуется: 0.500
2025-09-27 14:00:22 - ROBOTY.collision - WARNING - Коллизия: роботы 4 и 10 в 7.40s, расстояние: 0.477, требуется: 0.500
2025-09-27 14:00:22 - ROBOTY.collision - WARNING - Коллизия: роботы 4 и 10 в 7.50s, расстояние: 0.477, требуется: 0.500
2025-09-27 14:00:22 - ROBOTY.collision - WARNING - Коллизия: роботы 4 и 10 в 7.60s, расстояние: 0.477, требуется: 0.500
2025-09-27 14:00:22 - ROBOTY.collision - WARNING - Коллизия: роботы 4 и 10 в 7.70s, расстояние: 0.477, требуется: 0.500
2025-09-27 14:00:22 - ROBOTY.collision - WARNING - Коллизия: роботы 4 и 10 в 7.80s, расстояние: 0.477, требуется: 0.500
2025-09-27 14:00:22 - ROBOTY.collision - WARNING - Коллизия: роботы 4 и 10 в 7.90s, расстояние: 0.477, требуется: 0.500
2025-09-27 14:00:22 - ROBOTY.collision - WARNING - Коллизия: роботы 4 и 10 в 8.00s, расстояние: 0.477, требуется: 0.500
2025-09-27 14:00:22 - ROBOTY.collision - WARNING - Коллизия: роботы 4 и 10 в 8.10s, расстояние: 0.447, требуется: 0.500
2025-09-27 14:00:22 - ROBOTY.collision - WARNING - Коллизия: роботы 4 и 10 в 8.20s, расстояние: 0.415, требуется: 0.500
2025-09-27 14:00:22 - ROBOTY.collision - WARNING - Коллизия: роботы 1 и 3 в 8.30s, расстояние: 0.499, требуется: 0.500
2025-09-27 14:00:22 - ROBOTY.collision - WARNING - Коллизия: роботы 4 и 10 в 8.30s, расстояние: 0.429, требуется: 0.500
2025-09-27 14:00:22 - ROBOTY.collision - WARNING - Коллизия: роботы 1 и 3 в 8.40s, расстояние: 0.499, требуется: 0.500
2025-09-27 14:00:22 - ROBOTY.collision - WARNING - Коллизия: роботы 4 и 10 в 8.40s, расстояние: 0.484, требуется: 0.500
2025-09-27 14:00:22 - ROBOTY.collision - WARNING - Коллизия: роботы 1 и 3 в 8.50s, расстояние: 0.499, требуется: 0.500
2025-09-27 14:00:22 - ROBOTY.collision - WARNING - Коллизия: роботы 1 и 3 в 8.60s, расстояние: 0.499, требуется: 0.500
2025-09-27 14:00:22 - ROBOTY.collision - WARNING - Коллизия: роботы 1 и 3 в 8.70s, расстояние: 0.499, требуется: 0.500
2025-09-27 14:00:22 - ROBOTY.collision - WARNING - Коллизия: роботы 1 и 3 в 8.80s, расстояние: 0.499, требуется: 0.500
2025-09-27 14:00:22 - ROBOTY.collision - WARNING - Коллизия: роботы 1 и 3 в 8.90s, расстояние: 0.499, требуется: 0.500
2025-09-27 14:00:22 - ROBOTY.collision - WARNING - Коллизия: роботы 1 и 3 в 9.00s, расстояние: 0.499, требуется: 0.500
2025-09-27 14:00:22 - ROBOTY.collision - WARNING - Коллизия: роботы 1 и 3 в 9.10s, расстояние: 0.499, требуется: 0.500
2025-09-27 14:00:22 - ROBOTY.collision - WARNING - Коллизия: роботы 1 и 3 в 9.20s, расстояние: 0.499, требуется: 0.500
2025-09-27 14:00:22 - ROBOTY.collision - WARNING - Коллизия: роботы 1 и 3 в 9.30s, расстояние: 0.499, требуется: 0.500
2025-09-27 14:00:22 - ROBOTY.collision - WARNING - Коллизия: роботы 1 и 3 в 9.40s, расстояние: 0.499, требуется: 0.500
2025-09-27 14:00:22 - ROBOTY.collision - WARNING - Коллизия: роботы 1 и 3 в 9.50s, расстояние: 0.499, требуется: 0.500
2025-09-27 14:00:22 - ROBOTY.collision - WARNING - Коллизия: роботы 1 и 3 в 9.60s, расстояние: 0.499, требуется: 0.500
2025-09-27 14:00:22 - ROBOTY.collision - WARNING - Коллизия: роботы 1 и 3 в 9.70s, расстояние: 0.499, требуется: 0.500
2025-09-27 14:00:22 - ROBOTY.collision - WARNING - Коллизия: роботы 1 и 3 в 9.80s, расстояние: 0.499, требуется: 0.500
2025-09-27 14:00:22 - ROBOTY.collision - WARNING - Коллизия: роботы 1 и 3 в 9.90s, расстояние: 0.499, требуется: 0.500
2025-09-27 14:00:22 - ROBOTY.collision - WARNING - Коллизия: роботы 1 и 3 в 10.00s, расстояние: 0.499, требуется: 0.500
2025-09-27 14:00:22 - ROBOTY.collision - WARNING - Коллизия: роботы 1 и 3 в 10.10s, расстояние: 0.499, требуется: 0.500
2025-09-27 14:00:22 - ROBOTY.collision - WARNING - Коллизия: роботы 1 и 3 в 10.20s, расстояние: 0.499, требуется: 0.500
2025-09-27 14:00:22 - ROBOTY.collision - WARNING - Коллизия: роботы 1 и 3 в 10.30s, расстояние: 0.499, требуется: 0.500
2025-09-27 14:00:22 - ROBOTY.collision - WARNING - Коллизия: роботы 1 и 3 в 10.40s, расстояние: 0.499, требуется: 0.500
2025-09-27 14:00:22 - ROBOTY.collision - WARNING - Коллизия: роботы 1 и 3 в 10.50s, расстояние: 0.499, требуется: 0.500
2025-09-27 14:00:22 - ROBOTY.collision - WARNING - Коллизия: роботы 1 и 3 в 10.60s, расстояние: 0.499, требуется: 0.500
2025-09-27 14:00:22 - ROBOTY.collision - WARNING - Коллизия: роботы 1 и 3 в 10.70s, расстояние: 0.499, требуется: 0.500
2025-09-27 14:00:22 - ROBOTY.collision - WARNING - Коллизия: роботы 1 и 3 в 10.80s, расстояние: 0.499, требуется: 0.500
2025-09-27 14:00:22 - ROBOTY.collision - WARNING - Коллизия: роботы 1 и 3 в 10.90s, расстояние: 0.499, требуется: 0.500
2025-09-27 14:00:22 - ROBOTY.collision - WARNING - Коллизия: роботы 1 и 3 в 11.00s, расстояние: 0.499, требуется: 0.500
2025-09-27 14:00:22 - ROBOTY.collision - WARNING - Коллизия: роботы 1 и 3 в 11.10s, расстояние: 0.499, требуется: 0.500
2025-09-27 14:00:22 - ROBOTY.collision - WARNING - Коллизия: роботы 1 и 3 в 11.20s, расстояние: 0.499, требуется: 0.500
2025-09-27 14:00:22 - ROBOTY.collision - WARNING - Коллизия: роботы 1 и 3 в 11.30s, расстояние: 0.499, требуется: 0.500
2025-09-27 14:00:22 - ROBOTY.collision - WARNING - Коллизия: роботы 1 и 3 в 11.40s, расстояние: 0.499, требуется: 0.500
2025-09-27 14:00:22 - ROBOTY.collision - WARNING - Коллизия: роботы 1 и 3 в 11.50s, расстояние: 0.499, требуется: 0.500
2025-09-27 14:00:22 - ROBOTY.collision - WARNING - Коллизия: роботы 1 и 3 в 11.60s, расстояние: 0.499, требуется: 0.500
2025-09-27 14:00:22 - ROBOTY.collision - WARNING - Коллизия: роботы 1 и 3 в 11.70s, расстояние: 0.499, требуется: 0.500
2025-09-27 14:00:22 - ROBOTY.collision - WARNING - Коллизия: роботы 1 и 3 в 11.80s, расстояние: 0.499, требуется: 0.500
2025-09-27 14:00:22 - ROBOTY.collision - WARNING - Коллизия: роботы 1 и 3 в 11.90s, расстояние: 0.499, требуется: 0.500
2025-09-27 14:00:22 - ROBOTY.collision - WARNING - Коллизия: роботы 1 и 3 в 12.00s, расстояние: 0.499, требуется: 0.500
2025-09-27 14:00:22 - ROBOTY.collision - WARNING - Коллизия: роботы 1 и 3 в 12.10s, расстояние: 0.499, требуется: 0.500
2025-09-27 14:00:22 - ROBOTY.collision - WARNING - Коллизия: роботы 1 и 3 в 12.20s, расстояние: 0.499, требуется: 0.500
2025-09-27 14:00:22 - ROBOTY.collision - WARNING - Коллизия: роботы 1 и 3 в 12.30s, расстояние: 0.499, требуется: 0.500
2025-09-27 14:00:22 - ROBOTY.collision - WARNING - Коллизия: роботы 1 и 3 в 12.40s, расстояние: 0.499, требуется: 0.500
2025-09-27 14:00:22 - ROBOTY.collision - WARNING - Коллизия: роботы 1 и 3 в 12.50s, расстояние: 0.499, требуется: 0.500
2025-09-27 14:00:22 - ROBOTY.collision - WARNING - Коллизия: роботы 1 и 3 в 12.60s, расстояние: 0.499, требуется: 0.500
2025-09-27 14:00:22 - ROBOTY.collision - WARNING - Коллизия: роботы 1 и 3 в 12.70s, расстояние: 0.499, требуется: 0.500
2025-09-27 14:00:22 - ROBOTY.collision - WARNING - Коллизия: роботы 1 и 3 в 12.80s, расстояние: 0.499, требуется: 0.500
2025-09-27 14:00:22 - ROBOTY.collision - WARNING - Коллизия: роботы 1 и 3 в 12.90s, расстояние: 0.499, требуется: 0.500
2025-09-27 14:00:22 - ROBOTY.collision - WARNING - Коллизия: роботы 1 и 3 в 13.00s, расстояние: 0.499, требуется: 0.500
2025-09-27 14:00:22 - ROBOTY.collision - WARNING - Коллизия: роботы 1 и 3 в 13.10s, расстояние: 0.499, требуется: 0.500
2025-09-27 14:00:22 - ROBOTY.collision - WARNING - Коллизия: роботы 1 и 3 в 13.20s, расстояние: 0.499, требуется: 0.500
2025-09-27 14:00:22 - ROBOTY.collision - WARNING - Коллизия: роботы 1 и 3 в 13.30s, расстояние: 0.499, требуется: 0.500
2025-09-27 14:00:22 - ROBOTY.collision - WARNING - Коллизия: роботы 1 и 3 в 13.40s, расстояние: 0.499, требуется: 0.500
2025-09-27 14:00:22 - ROBOTY.collision - WARNING - Коллизия: роботы 1 и 3 в 13.50s, расстояние: 0.499, требуется: 0.500
2025-09-27 14:00:22 - ROBOTY.collision - WARNING - Коллизия: роботы 1 и 3 в 13.60s, расстояние: 0.499, требуется: 0.500
2025-09-27 14:00:22 - ROBOTY.collision - WARNING - Коллизия: роботы 1 и 3 в 13.70s, расстояние: 0.499, требуется: 0.500
2025-09-27 14:00:22 - ROBOTY.collision - WARNING - Коллизия: роботы 1 и 3 в 13.80s, расстояние: 0.499, требуется: 0.500
2025-09-27 14:00:22 - ROBOTY.collision - WARNING - Коллизия: роботы 1 и 3 в 13.90s, расстояние: 0.499, требуется: 0.500
2025-09-27 14:00:22 - ROBOTY.collision - WARNING - Коллизия: роботы 1 и 3 в 14.00s, расстояние: 0.499, требуется: 0.500
2025-09-27 14:00:22 - ROBOTY.collision - WARNING - Коллизия: роботы 1 и 3 в 14.10s, расстояние: 0.499, требуется: 0.500
2025-09-27 14:00:22 - ROBOTY.collision - WARNING - Коллизия: роботы 1 и 3 в 14.20s, расстояние: 0.499, требуется: 0.500
2025-09-27 14:00:22 - ROBOTY.collision - WARNING - Коллизия: роботы 1 и 3 в 14.30s, расстояние: 0.499, требуется: 0.500
2025-09-27 14:00:22 - ROBOTY.collision - WARNING - Коллизия: роботы 1 и 3 в 14.40s, расстояние: 0.499, требуется: 0.500
2025-09-27 14:00:22 - ROBOTY.collision - WARNING - Коллизия: роботы 1 и 3 в 14.50s, расстояние: 0.499, требуется: 0.500
2025-09-27 14:00:22 - ROBOTY.collision - WARNING - Коллизия: роботы 1 и 3 в 14.60s, расстояние: 0.499, требуется: 0.500
2025-09-27 14:00:22 - ROBOTY.collision - WARNING - Коллизия: роботы 1 и 3 в 14.70s, расстояние: 0.499, требуется: 0.500
2025-09-27 14:00:22 - ROBOTY.collision - WARNING - Коллизия: роботы 1 и 3 в 14.80s, расстояние: 0.499, требуется: 0.500
2025-09-27 14:00:22 - ROBOTY.collision - WARNING - Коллизия: роботы 1 и 3 в 14.90s, расстояние: 0.499, требуется: 0.500
2025-09-27 14:00:22 - ROBOTY.collision - WARNING - Коллизия: роботы 1 и 3 в 15.00s, расстояние: 0.499, требуется: 0.500
2025-09-27 14:00:22 - ROBOTY.collision - WARNING - Коллизия: роботы 1 и 3 в 15.10s, расстояние: 0.499, требуется: 0.500
2025-09-27 14:00:22 - ROBOTY.collision - WARNING - Коллизия: роботы 1 и 3 в 15.20s, расстояние: 0.499, требуется: 0.500
2025-09-27 14:00:22 - ROBOTY.collision - WARNING - Коллизия: роботы 1 и 3 в 15.30s, расстояние: 0.499, требуется: 0.500
2025-09-27 14:00:22 - ROBOTY.collision - WARNING - Коллизия: роботы 1 и 3 в 15.40s, расстояние: 0.499, требуется: 0.500
2025-09-27 14:00:22 - ROBOTY.collision - WARNING - Коллизия: роботы 1 и 3 в 15.50s, расстояние: 0.499, требуется: 0.500
2025-09-27 14:00:22 - ROBOTY.collision - WARNING - Коллизия: роботы 1 и 3 в 15.60s, расстояние: 0.499, требуется: 0.500
2025-09-27 14:00:22 - ROBOTY.collision - WARNING - Коллизия: роботы 1 и 3 в 15.70s, расстояние: 0.499, требуется: 0.500
2025-09-27 14:00:22 - ROBOTY.collision - WARNING - Коллизия: роботы 1 и 3 в 15.80s, расстояние: 0.499, требуется: 0.500
2025-09-27 14:00:22 - ROBOTY.collision - WARNING - Коллизия: роботы 1 и 3 в 15.90s, расстояние: 0.499, требуется: 0.500
2025-09-27 14:00:22 - ROBOTY.collision - WARNING - Коллизия: роботы 1 и 3 в 16.00s, расстояние: 0.499, требуется: 0.500
2025-09-27 14:00:22 - ROBOTY.collision - WARNING - Коллизия: роботы 1 и 3 в 16.10s, расстояние: 0.499, требуется: 0.500
2025-09-27 14:00:22 - ROBOTY.collision - WARNING - Коллизия: роботы 1 и 3 в 16.20s, расстояние: 0.499, требуется: 0.500
2025-09-27 14:00:22 - ROBOTY.collision - WARNING - Коллизия: роботы 1 и 3 в 16.30s, расстояние: 0.499, требуется: 0.500
2025-09-27 14:00:22 - ROBOTY.collision - WARNING - Коллизия: роботы 1 и 3 в 16.40s, расстояние: 0.499, требуется: 0.500
2025-09-27 14:00:22 - ROBOTY.collision - WARNING - Коллизия: роботы 1 и 3 в 16.50s, расстояние: 0.499, требуется: 0.500
2025-09-27 14:00:22 - ROBOTY.collision - WARNING - Коллизия: роботы 1 и 3 в 16.60s, расстояние: 0.499, требуется: 0.500
2025-09-27 14:00:22 - ROBOTY.collision - WARNING - Коллизия: роботы 1 и 3 в 16.70s, расстояние: 0.499, требуется: 0.500
2025-09-27 14:00:22 - ROBOTY.collision - WARNING - Коллизия: роботы 1 и 3 в 16.80s, расстояние: 0.499, требуется: 0.500
2025-09-27 14:00:22 - ROBOTY.collision - WARNING - Коллизия: роботы 1 и 3 в 16.90s, расстояние: 0.499, требуется: 0.500
2025-09-27 14:00:22 - ROBOTY.collision - WARNING - Коллизия: роботы 1 и 3 в 17.00s, расстояние: 0.499, требуется: 0.500
2025-09-27 14:00:22 - ROBOTY.collision - WARNING - Коллизия: роботы 1 и 3 в 17.10s, расстояние: 0.499, требуется: 0.500
2025-09-27 14:00:22 - ROBOTY.collision - WARNING - Коллизия: роботы 1 и 3 в 17.20s, расстояние: 0.499, требуется: 0.500
2025-09-27 14:00:22 - ROBOTY.collision - WARNING - Коллизия: роботы 1 и 3 в 17.30s, расстояние: 0.499, требуется: 0.500
2025-09-27 14:00:22 - ROBOTY.collision - WARNING - Коллизия: роботы 1 и 3 в 17.40s, расстояние: 0.499, требуется: 0.500
2025-09-27 14:00:22 - ROBOTY.collision - WARNING - Коллизия: роботы 1 и 3 в 17.50s, расстояние: 0.499, требуется: 0.500
2025-09-27 14:00:22 - ROBOTY.collision - WARNING - Коллизия: роботы 1 и 3 в 17.60s, расстояние: 0.499, требуется: 0.500
2025-09-27 14:00:22 - ROBOTY.collision - WARNING - Коллизия: роботы 1 и 3 в 17.70s, расстояние: 0.499, требуется: 0.500
2025-09-27 14:00:22 - ROBOTY.collision - WARNING - Коллизия: роботы 1 и 3 в 17.80s, расстояние: 0.499, требуется: 0.500
2025-09-27 14:00:22 - ROBOTY.collision - WARNING - Коллизия: роботы 1 и 3 в 17.90s, расстояние: 0.499, требуется: 0.500
2025-09-27 14:00:22 - ROBOTY.collision - WARNING - Коллизия: роботы 1 и 3 в 18.00s, расстояние: 0.499, требуется: 0.500
2025-09-27 14:00:22 - ROBOTY.collision - WARNING - Коллизия: роботы 1 и 3 в 18.10s, расстояние: 0.499, требуется: 0.500
2025-09-27 14:00:22 - ROBOTY.collision - WARNING - Коллизия: роботы 1 и 3 в 18.20s, расстояние: 0.499, требуется: 0.500
2025-09-27 14:00:22 - ROBOTY.collision - WARNING - Коллизия: роботы 1 и 3 в 18.30s, расстояние: 0.499, требуется: 0.500
2025-09-27 14:00:22 - ROBOTY.collision - WARNING - Коллизия: роботы 1 и 3 в 18.40s, расстояние: 0.499, требуется: 0.500
2025-09-27 14:00:22 - ROBOTY.collision - WARNING - Коллизия: роботы 1 и 3 в 18.50s, расстояние: 0.499, требуется: 0.500
2025-09-27 14:00:22 - ROBOTY.collision - WARNING - Коллизия: роботы 1 и 3 в 18.60s, расстояние: 0.499, требуется: 0.500
2025-09-27 14:00:22 - ROBOTY.collision - WARNING - Коллизия: роботы 1 и 3 в 18.70s, расстояние: 0.499, требуется: 0.500
2025-09-27 14:00:22 - ROBOTY.collision - WARNING - Коллизия: роботы 1 и 3 в 18.80s, расстояние: 0.499, требуется: 0.500
2025-09-27 14:00:22 - ROBOTY.collision - WARNING - Коллизия: роботы 1 и 3 в 18.90s, расстояние: 0.499, требуется: 0.500
2025-09-27 14:00:22 - ROBOTY.collision - WARNING - Коллизия: роботы 1 и 3 в 19.00s, расстояние: 0.499, требуется: 0.500
2025-09-27 14:00:22 - ROBOTY.collision - WARNING - Коллизия: роботы 1 и 3 в 19.10s, расстояние: 0.499, требуется: 0.500
2025-09-27 14:00:22 - ROBOTY.collision - WARNING - Коллизия: роботы 1 и 3 в 19.20s, расстояние: 0.499, требуется: 0.500
2025-09-27 14:00:22 - ROBOTY.collision - WARNING - Коллизия: роботы 1 и 3 в 19.30s, расстояние: 0.499, требуется: 0.500
2025-09-27 14:00:22 - ROBOTY.collision - WARNING - Коллизия: роботы 1 и 3 в 19.40s, расстояние: 0.499, требуется: 0.500
2025-09-27 14:00:22 - ROBOTY.collision - WARNING - Коллизия: роботы 1 и 3 в 19.50s, расстояние: 0.499, требуется: 0.500
2025-09-27 14:00:22 - ROBOTY.collision - WARNING - Коллизия: роботы 1 и 3 в 19.60s, расстояние: 0.499, требуется: 0.500
2025-09-27 14:00:22 - ROBOTY.collision - WARNING - Коллизия: роботы 1 и 3 в 19.70s, расстояние: 0.499, требуется: 0.500
2025-09-27 14:00:22 - ROBOTY.collision - WARNING - Коллизия: роботы 1 и 3 в 19.80s, расстояние: 0.499, требуется: 0.500
2025-09-27 14:00:22 - ROBOTY.collision - WARNING - Коллизия: роботы 1 и 3 в 19.90s, расстояние: 0.499, требуется: 0.500
2025-09-27 14:00:22 - ROBOTY.collision - WARNING - Коллизия: роботы 1 и 3 в 20.00s, расстояние: 0.499, требуется: 0.500
2025-09-27 14:00:22 - ROBOTY.collision - WARNING - Коллизия: роботы 1 и 3 в 20.10s, расстояние: 0.499, требуется: 0.500
2025-09-27 14:00:22 - ROBOTY.collision - WARNING - Коллизия: роботы 1 и 3 в 20.20s, расстояние: 0.499, требуется: 0.500
2025-09-27 14:00:22 - ROBOTY.collision - WARNING - Коллизия: роботы 1 и 3 в 20.30s, расстояние: 0.499, требуется: 0.500
2025-09-27 14:00:22 - ROBOTY.collision - WARNING - Коллизия: роботы 1 и 3 в 20.40s, расстояние: 0.499, требуется: 0.500
2025-09-27 14:00:22 - ROBOTY.collision - WARNING - Коллизия: роботы 1 и 3 в 20.50s, расстояние: 0.499, требуется: 0.500
2025-09-27 14:00:22 - ROBOTY.collision - WARNING - Коллизия: роботы 1 и 3 в 20.60s, расстояние: 0.499, требуется: 0.500
2025-09-27 14:00:22 - ROBOTY.collision - WARNING - Коллизия: роботы 1 и 3 в 20.70s, расстояние: 0.499, требуется: 0.500
2025-09-27 14:00:22 - ROBOTY.collision - WARNING - Коллизия: роботы 1 и 3 в 20.80s, расстояние: 0.499, требуется: 0.500
2025-09-27 14:00:22 - ROBOTY.collision - WARNING - Коллизия: роботы 1 и 3 в 20.90s, расстояние: 0.499, требуется: 0.500
2025-09-27 14:00:22 - ROBOTY.collision - WARNING - Коллизия: роботы 1 и 3 в 21.00s, расстояние: 0.499, требуется: 0.500
2025-09-27 14:00:22 - ROBOTY.collision - WARNING - Коллизия: роботы 1 и 3 в 21.10s, расстояние: 0.499, требуется: 0.500
2025-09-27 14:00:22 - ROBOTY.collision - WARNING - Коллизия: роботы 1 и 3 в 21.20s, расстояние: 0.499, требуется: 0.500
2025-09-27 14:00:22 - ROBOTY.collision - WARNING - Коллизия: роботы 1 и 3 в 21.30s, расстояние: 0.499, требуется: 0.500
2025-09-27 14:00:22 - ROBOTY.collision - WARNING - Коллизия: роботы 1 и 3 в 21.40s, расстояние: 0.499, требуется: 0.500
2025-09-27 14:00:22 - ROBOTY.collision - WARNING - Коллизия: роботы 1 и 3 в 21.50s, расстояние: 0.491, требуется: 0.500
2025-09-27 14:00:22 - ROBOTY.collision - WARNING - Коллизия: роботы 1 и 3 в 21.60s, расстояние: 0.483, требуется: 0.500
2025-09-27 14:00:22 - ROBOTY.collision - WARNING - Коллизия: роботы 1 и 3 в 21.70s, расстояние: 0.489, требуется: 0.500
2025-09-27 14:00:22 - ROBOTY.collision - WARNING - Коллизия: роботы 4 и 10 в 25.80s, расстояние: 0.491, требуется: 0.500
2025-09-27 14:00:22 - ROBOTY.collision - WARNING - Коллизия: роботы 4 и 10 в 25.90s, расстояние: 0.371, требуется: 0.500
2025-09-27 14:00:22 - ROBOTY.collision - WARNING - Коллизия: роботы 4 и 10 в 26.00s, расстояние: 0.284, требуется: 0.500
2025-09-27 14:00:22 - ROBOTY.collision - WARNING - Коллизия: роботы 4 и 10 в 26.10s, расстояние: 0.266, требуется: 0.500
2025-09-27 14:00:22 - ROBOTY.collision - WARNING - Коллизия: роботы 4 и 10 в 26.20s, расстояние: 0.329, требуется: 0.500
2025-09-27 14:00:22 - ROBOTY.collision - WARNING - Коллизия: роботы 4 и 10 в 26.30s, расстояние: 0.439, требуется: 0.500
2025-09-27 14:00:22 - ROBOTY.collision - WARNING - Коллизия: роботы 8 и 10 в 31.70s, расстояние: 0.497, требуется: 0.500
2025-09-27 14:00:22 - ROBOTY.collision - WARNING - Коллизия: роботы 8 и 10 в 31.80s, расстояние: 0.477, требуется: 0.500
2025-09-27 14:00:22 - ROBOTY.collision - WARNING - Коллизия: роботы 1 и 4 в 31.90s, расстояние: 0.461, требуется: 0.500
2025-09-27 14:00:22 - ROBOTY.collision - WARNING - Коллизия: роботы 8 и 10 в 31.90s, расстояние: 0.471, требуется: 0.500
2025-09-27 14:00:22 - ROBOTY.collision - WARNING - Коллизия: роботы 1 и 4 в 32.00s, расстояние: 0.441, требуется: 0.500
2025-09-27 14:00:22 - ROBOTY.collision - WARNING - Коллизия: роботы 8 и 10 в 32.00s, расстояние: 0.477, требуется: 0.500
2025-09-27 14:00:22 - ROBOTY.collision - WARNING - Коллизия: роботы 1 и 4 в 32.10s, расстояние: 0.457, требуется: 0.500
2025-09-27 14:00:22 - ROBOTY.collision - WARNING - Коллизия: роботы 8 и 10 в 32.10s, расстояние: 0.483, требуется: 0.500
2025-09-27 14:00:22 - ROBOTY.collision - WARNING - Коллизия: роботы 8 и 10 в 32.20s, расстояние: 0.491, требуется: 0.500
2025-09-27 14:00:22 - ROBOTY.collision - WARNING - Коллизия: роботы 8 и 10 в 32.30s, расстояние: 0.495, требуется: 0.500
2025-09-27 14:00:22 - ROBOTY.collision - WARNING - Коллизия: роботы 8 и 10 в 32.40s, расстояние: 0.495, требуется: 0.500
2025-09-27 14:00:22 - ROBOTY.collision - WARNING - Коллизия: роботы 8 и 10 в 32.50s, расстояние: 0.495, требуется: 0.500
2025-09-27 14:00:22 - ROBOTY.collision - WARNING - Коллизия: роботы 8 и 10 в 32.60s, расстояние: 0.495, требуется: 0.500
2025-09-27 14:00:22 - ROBOTY.collision - WARNING - Коллизия: роботы 8 и 10 в 32.70s, расстояние: 0.495, требуется: 0.500
2025-09-27 14:00:22 - ROBOTY.collision - WARNING - Коллизия: роботы 8 и 10 в 32.80s, расстояние: 0.495, требуется: 0.500
2025-09-27 14:00:22 - ROBOTY.collision - WARNING - Коллизия: роботы 8 и 10 в 32.90s, расстояние: 0.495, требуется: 0.500
2025-09-27 14:00:22 - ROBOTY.collision - WARNING - Коллизия: роботы 8 и 10 в 33.00s, расстояние: 0.495, требуется: 0.500
2025-09-27 14:00:22 - ROBOTY.collision - WARNING - Коллизия: роботы 8 и 10 в 33.10s, расстояние: 0.485, требуется: 0.500
2025-09-27 14:00:22 - ROBOTY.collision - WARNING - Коллизия: роботы 8 и 10 в 33.20s, расстояние: 0.439, требуется: 0.500
2025-09-27 14:00:22 - ROBOTY.collision - WARNING - Коллизия: роботы 1 и 3 в 33.30s, расстояние: 0.475, требуется: 0.500
2025-09-27 14:00:22 - ROBOTY.collision - WARNING - Коллизия: роботы 8 и 10 в 33.30s, расстояние: 0.398, требуется: 0.500
2025-09-27 14:00:22 - ROBOTY.collision - WARNING - Коллизия: роботы 1 и 3 в 33.40s, расстояние: 0.457, требуется: 0.500
2025-09-27 14:00:22 - ROBOTY.collision - WARNING - Коллизия: роботы 8 и 10 в 33.40s, расстояние: 0.363, требуется: 0.500
2025-09-27 14:00:22 - ROBOTY.collision - WARNING - Коллизия: роботы 1 и 3 в 33.50s, расстояние: 0.452, требуется: 0.500
2025-09-27 14:00:22 - ROBOTY.collision - WARNING - Коллизия: роботы 8 и 10 в 33.50s, расстояние: 0.336, требуется: 0.500
2025-09-27 14:00:22 - ROBOTY.collision - WARNING - Коллизия: роботы 1 и 3 в 33.60s, расстояние: 0.461, требуется: 0.500
2025-09-27 14:00:22 - ROBOTY.collision - WARNING - Коллизия: роботы 8 и 10 в 33.60s, расстояние: 0.321, требуется: 0.500
2025-09-27 14:00:22 - ROBOTY.collision - WARNING - Коллизия: роботы 1 и 3 в 33.70s, расстояние: 0.484, требуется: 0.500
2025-09-27 14:00:22 - ROBOTY.collision - WARNING - Коллизия: роботы 8 и 10 в 33.70s, расстояние: 0.317, требуется: 0.500
2025-09-27 14:00:22 - ROBOTY.collision - WARNING - Коллизия: роботы 8 и 10 в 33.80s, расстояние: 0.327, требуется: 0.500
2025-09-27 14:00:22 - ROBOTY.collision - WARNING - Коллизия: роботы 8 и 10 в 33.90s, расстояние: 0.358, требуется: 0.500
2025-09-27 14:00:22 - ROBOTY.collision - WARNING - Коллизия: роботы 8 и 10 в 34.00s, расстояние: 0.404, требуется: 0.500
2025-09-27 14:00:22 - ROBOTY.collision - WARNING - Коллизия: роботы 8 и 10 в 34.10s, расстояние: 0.461, требуется: 0.500
2025-09-27 14:00:22 - ROBOTY.collision - WARNING - Коллизия: роботы 8 и 9 в 48.60s, расстояние: 0.451, требуется: 0.500
2025-09-27 14:00:22 - ROBOTY.collision - WARNING - Коллизия: роботы 8 и 9 в 48.70s, расстояние: 0.355, требуется: 0.500
2025-09-27 14:00:22 - ROBOTY.collision - WARNING - Коллизия: роботы 8 и 9 в 48.80s, расстояние: 0.274, требуется: 0.500
2025-09-27 14:00:22 - ROBOTY.collision - WARNING - Коллизия: роботы 8 и 9 в 48.90s, расстояние: 0.238, требуется: 0.500
2025-09-27 14:00:22 - ROBOTY.collision - WARNING - Коллизия: роботы 8 и 9 в 49.00s, расстояние: 0.279, требуется: 0.500
2025-09-27 14:00:22 - ROBOTY.collision - WARNING - Коллизия: роботы 8 и 9 в 49.10s, расстояние: 0.361, требуется: 0.500
2025-09-27 14:00:22 - ROBOTY.collision - WARNING - Коллизия: роботы 8 и 9 в 49.20s, расстояние: 0.462, требуется: 0.500
2025-09-27 14:00:22 - ROBOTY.collision - WARNING - Коллизия: роботы 3 и 8 в 52.90s, расстояние: 0.433, требуется: 0.500
2025-09-27 14:00:22 - ROBOTY.collision - WARNING - Коллизия: роботы 3 и 8 в 53.00s, расстояние: 0.403, требуется: 0.500
2025-09-27 14:00:22 - ROBOTY.collision - WARNING - Коллизия: роботы 3 и 8 в 53.10s, расстояние: 0.435, требуется: 0.500
2025-09-27 14:00:22 - ROBOTY.collision - WARNING - Коллизия: роботы 3 и 5 в 64.40s, расстояние: 0.492, требуется: 0.500
2025-09-27 14:00:22 - ROBOTY.collision - WARNING - Коллизия: роботы 3 и 5 в 64.50s, расстояние: 0.491, требуется: 0.500
2025-09-27 14:00:22 - ROBOTY.collision - ERROR - Обнаружено 220 коллизий
2025-09-27 14:00:22 - ROBOTY.main - WARNING - Коллизии сохраняются после вставки пауз
2025-09-27 14:00:23 - ROBOTY.main - INFO - Запуск десктопного 3D Viewer
2025-09-27 14:00:23 - ROBOTY.3d_viewer - ERROR - Ошибка создания WebView: module 'PySide6.QtWebEngineWidgets' has no attribute 'QWebEngineSettings'
2025-09-27 14:00:23 - ROBOTY.3d_viewer - INFO - Получены данные плана: 10 роботов
2025-09-27 14:00:23 - ROBOTY.3d_viewer - INFO - Начинаем генерацию 3D визуализации
2025-09-27 14:00:23 - ROBOTY.3d_viewer - INFO - Тип визуализации: 3d_desktop
2025-09-27 14:00:23 - ROBOTY.3d_viewer - INFO - Количество роботов: 10
2025-09-27 14:00:23 - ROBOTY.3d_viewer - INFO - Применены агрессивные оптимизации для большой сцены
2025-09-27 14:00:23 - ROBOTY.3d_viewer - INFO - Применены максимальные оптимизации для очень большой сцены
2025-09-27 14:00:23 - ROBOTY.visualizer - INFO - Запуск визуализации типа: 3d_desktop
2025-09-27 14:00:23 - ROBOTY.visualizer - INFO - Создание 3D визуализации траекторий
2025-09-27 14:00:23 - ROBOTY.visualizer - INFO - Создание десктопной 3D визуализации с точечным воспроизведением
2025-09-27 14:00:23 - ROBOTY.mesh_loader - INFO - Hand definition загружен: assets/robots/hand_ultra_simple_hand_def.txt, вершин=85, сегментов=247, точек=0
2025-09-27 14:00:23 - ROBOTY.mesh_loader - INFO - Hand definition загружен: assets/robots/hand_ultra_simple_hand_def.txt, вершин=85, сегментов=247, точек=0
2025-09-27 14:00:23 - ROBOTY.mesh_loader - INFO - Hand definition загружен: assets/robots/hand_ultra_simple_hand_def.txt, вершин=85, сегментов=247, точек=0
2025-09-27 14:00:23 - ROBOTY.mesh_loader - INFO - Hand definition загружен: assets/robots/hand_ultra_simple_hand_def.txt, вершин=85, сегментов=247, точек=0
2025-09-27 14:00:23 - ROBOTY.mesh_loader - INFO - Hand definition загружен: assets/robots/hand_ultra_simple_hand_def.txt, вершин=85, сегментов=247, точек=0
2025-09-27 14:00:23 - ROBOTY.mesh_loader - INFO - Hand definition загружен: assets/robots/hand_ultra_simple_hand_def.txt, вершин=85, сегментов=247, точек=0
2025-09-27 14:00:24 - ROBOTY.mesh_loader - INFO - Hand definition загружен: assets/robots/hand_ultra_simple_hand_def.txt, вершин=85, сегментов=247, точек=0
2025-09-27 14:00:24 - ROBOTY.mesh_loader - INFO - Hand definition загружен: assets/robots/hand_ultra_simple_hand_def.txt, вершин=85, сегментов=247, точек=0
2025-09-27 14:00:24 - ROBOTY.mesh_loader - INFO - Hand definition загружен: assets/robots/hand_ultra_simple_hand_def.txt, вершин=85, сегментов=247, точек=0
2025-09-27 14:00:24 - ROBOTY.mesh_loader - INFO - Hand definition загружен: assets/robots/hand_ultra_simple_hand_def.txt, вершин=85, сегментов=247, точек=0
2025-09-27 14:00:24 - ROBOTY.visualizer - INFO - Десктопная 3D визуализация создана
2025-09-27 14:00:24 - ROBOTY.3d_viewer - INFO - 3D визуализация успешно сгенерирована
2025-09-27 14:00:24 - ROBOTY.3d_viewer - INFO - 3D Viewer инициализирован
2025-09-27 14:00:24 - ROBOTY.main - INFO - Десктопный 3D Viewer успешно запущен
2025-09-27 14:00:30 - ROBOTY.3d_viewer - INFO - Закрытие 3D Viewer
2025-09-27 14:00:30 - ROBOTY.3d_viewer - INFO - Временный HTML файл удален
