2025-09-20 09:07:13 - ROBOTY.main - INFO - Запуск приложения ROBOTY
2025-09-20 09:07:13 - ROBOTY.main - INFO - Интерфейс инициализирован
2025-09-20 09:07:13 - ROBOTY.main - INFO - Приложение успешно запущено
2025-09-20 09:07:17 - ROBOTY.main - INFO - Начинаем загрузку файла
2025-09-20 09:07:21 - ROBOTY.main - INFO - Загружаем файл: //edu.local/public/studenthomes/22200847/Desktop/ROBOTY-main/ROBOTY/data/test_scenario_simple.json
2025-09-20 09:07:21 - ROBOTY.parser - INFO - Начинаем загрузку файла: //edu.local/public/studenthomes/22200847/Desktop/ROBOTY-main/ROBOTY/data/test_scenario_simple.json
2025-09-20 09:07:21 - ROBOTY.parser - INFO - Файл //edu.local/public/studenthomes/22200847/Desktop/ROBOTY-main/ROBOTY/data/test_scenario_simple.json успешно загружен
2025-09-20 09:07:21 - ROBOTY.parser - DEBUG - Робот 1 успешно загружен
2025-09-20 09:07:21 - ROBOTY.parser - DEBUG - Робот 2 успешно загружен
2025-09-20 09:07:21 - ROBOTY.parser - DEBUG - Операция 1 успешно загружена
2025-09-20 09:07:21 - ROBOTY.parser - DEBUG - Операция 2 успешно загружена
2025-09-20 09:07:21 - ROBOTY.parser - DEBUG - Операция 3 успешно загружена
2025-09-20 09:07:21 - ROBOTY.parser - INFO - Загружено 2 роботов и 3 операций
2025-09-20 09:07:21 - ROBOTY.main - INFO - Файл успешно загружен и распарсен
2025-09-20 09:07:22 - ROBOTY.main - INFO - Запуск планировщика
2025-09-20 09:07:22 - ROBOTY.planner - INFO - Запуск планировщика траекторий
2025-09-20 09:07:22 - ROBOTY.assigner - INFO - Начинаем назначение операций методом: balanced
2025-09-20 09:07:22 - ROBOTY.assigner - DEBUG - Операция 0 назначена роботу 1 (нагрузка: 2.86)
2025-09-20 09:07:22 - ROBOTY.assigner - DEBUG - Операция 1 назначена роботу 0 (нагрузка: 5.38)
2025-09-20 09:07:22 - ROBOTY.assigner - DEBUG - Операция 2 назначена роботу 1 (нагрузка: 5.41)
2025-09-20 09:07:22 - ROBOTY.assigner - INFO - Распределено 3 операций с балансировкой нагрузки
2025-09-20 09:07:22 - ROBOTY.assigner - INFO - Итоговые нагрузки роботов: ['5.38', '5.41']
2025-09-20 09:07:22 - ROBOTY.planner - INFO - Операции назначены методом: balanced
2025-09-20 09:07:22 - ROBOTY.planner - DEBUG - Планирование траектории для робота 1 с 1 операциями
2025-09-20 09:07:22 - ROBOTY.planner - DEBUG - Планирование траектории для робота с 1 операциями
2025-09-20 09:07:22 - ROBOTY.planner - DEBUG - Операция 1 запланирована, время завершения: 7.18
2025-09-20 09:07:22 - ROBOTY.planner - INFO - Траектория робота запланирована, общее время: 7.18
2025-09-20 09:07:22 - ROBOTY.planner - DEBUG - Планирование траектории для робота 2 с 2 операциями
2025-09-20 09:07:22 - ROBOTY.planner - DEBUG - Планирование траектории для робота с 2 операциями
2025-09-20 09:07:22 - ROBOTY.planner - DEBUG - Операция 1 запланирована, время завершения: 4.32
2025-09-20 09:07:22 - ROBOTY.planner - DEBUG - Операция 2 запланирована, время завершения: 8.37
2025-09-20 09:07:22 - ROBOTY.planner - INFO - Траектория робота запланирована, общее время: 8.37
2025-09-20 09:07:22 - ROBOTY.planner - INFO - Планирование завершено. Makespan: 8.37
2025-09-20 09:07:22 - ROBOTY.main - INFO - Планировщик успешно завершил работу
2025-09-20 09:07:22 - ROBOTY.collision - INFO - Начинаем детальную проверку коллизий
2025-09-20 09:07:22 - ROBOTY.collision - DEBUG - Проверяем коллизии в диапазоне времени: 0.00 - 8.37
2025-09-20 09:07:22 - ROBOTY.collision - INFO - Коллизий не обнаружено
2025-09-20 09:07:22 - ROBOTY.main - INFO - Коллизий не обнаружено
2025-09-20 09:07:24 - ROBOTY.main - INFO - Открытие визуализатора
2025-09-20 09:07:24 - ROBOTY.visualizer - INFO - Запуск визуализации типа: 3d
2025-09-20 09:07:24 - ROBOTY.visualizer - INFO - Создание 3D визуализации траекторий
2025-09-20 09:07:24 - ROBOTY.visualizer - INFO - 3D визуализация создана
2025-09-20 09:07:24 - ROBOTY.visualizer - INFO - Визуализация успешно отображена
2025-09-20 09:07:24 - ROBOTY.main - INFO - Визуализация успешно завершена
2025-09-20 09:08:00 - ROBOTY.main - INFO - Начинаем загрузку файла
2025-09-20 09:08:03 - ROBOTY.main - INFO - Загружаем файл: //edu.local/public/studenthomes/22200847/Desktop/ROBOTY-main/ROBOTY/data/test_scenario_complex.json
2025-09-20 09:08:03 - ROBOTY.parser - INFO - Начинаем загрузку файла: //edu.local/public/studenthomes/22200847/Desktop/ROBOTY-main/ROBOTY/data/test_scenario_complex.json
2025-09-20 09:08:03 - ROBOTY.parser - INFO - Файл //edu.local/public/studenthomes/22200847/Desktop/ROBOTY-main/ROBOTY/data/test_scenario_complex.json успешно загружен
2025-09-20 09:08:03 - ROBOTY.parser - DEBUG - Робот 1 успешно загружен
2025-09-20 09:08:03 - ROBOTY.parser - DEBUG - Робот 2 успешно загружен
2025-09-20 09:08:03 - ROBOTY.parser - DEBUG - Робот 3 успешно загружен
2025-09-20 09:08:03 - ROBOTY.parser - DEBUG - Операция 1 успешно загружена
2025-09-20 09:08:03 - ROBOTY.parser - DEBUG - Операция 2 успешно загружена
2025-09-20 09:08:03 - ROBOTY.parser - DEBUG - Операция 3 успешно загружена
2025-09-20 09:08:03 - ROBOTY.parser - DEBUG - Операция 4 успешно загружена
2025-09-20 09:08:03 - ROBOTY.parser - DEBUG - Операция 5 успешно загружена
2025-09-20 09:08:03 - ROBOTY.parser - DEBUG - Операция 6 успешно загружена
2025-09-20 09:08:03 - ROBOTY.parser - INFO - Загружено 3 роботов и 6 операций
2025-09-20 09:08:03 - ROBOTY.main - INFO - Файл успешно загружен и распарсен
2025-09-20 09:08:04 - ROBOTY.main - INFO - Запуск планировщика
2025-09-20 09:08:04 - ROBOTY.planner - INFO - Запуск планировщика траекторий
2025-09-20 09:08:04 - ROBOTY.assigner - INFO - Начинаем назначение операций методом: balanced
2025-09-20 09:08:04 - ROBOTY.assigner - DEBUG - Операция 0 назначена роботу 0 (нагрузка: 2.33)
2025-09-20 09:08:04 - ROBOTY.assigner - DEBUG - Операция 1 назначена роботу 1 (нагрузка: 3.84)
2025-09-20 09:08:04 - ROBOTY.assigner - DEBUG - Операция 2 назначена роботу 2 (нагрузка: 3.77)
2025-09-20 09:08:04 - ROBOTY.assigner - DEBUG - Операция 3 назначена роботу 1 (нагрузка: 6.06)
2025-09-20 09:08:04 - ROBOTY.assigner - DEBUG - Операция 4 назначена роботу 0 (нагрузка: 6.93)
2025-09-20 09:08:04 - ROBOTY.assigner - DEBUG - Операция 5 назначена роботу 2 (нагрузка: 7.50)
2025-09-20 09:08:04 - ROBOTY.assigner - INFO - Распределено 6 операций с балансировкой нагрузки
2025-09-20 09:08:04 - ROBOTY.assigner - INFO - Итоговые нагрузки роботов: ['6.93', '6.06', '7.50']
2025-09-20 09:08:04 - ROBOTY.planner - INFO - Операции назначены методом: balanced
2025-09-20 09:08:04 - ROBOTY.planner - DEBUG - Планирование траектории для робота 1 с 2 операциями
2025-09-20 09:08:04 - ROBOTY.planner - DEBUG - Планирование траектории для робота с 2 операциями
2025-09-20 09:08:04 - ROBOTY.planner - DEBUG - Операция 1 запланирована, время завершения: 3.83
2025-09-20 09:08:04 - ROBOTY.planner - DEBUG - Операция 2 запланирована, время завершения: 9.85
2025-09-20 09:08:04 - ROBOTY.planner - INFO - Траектория робота запланирована, общее время: 9.85
2025-09-20 09:08:04 - ROBOTY.planner - DEBUG - Планирование траектории для робота 2 с 2 операциями
2025-09-20 09:08:04 - ROBOTY.planner - DEBUG - Планирование траектории для робота с 2 операциями
2025-09-20 09:08:04 - ROBOTY.planner - DEBUG - Операция 1 запланирована, время завершения: 5.60
2025-09-20 09:08:04 - ROBOTY.planner - DEBUG - Операция 2 запланирована, время завершения: 11.46
2025-09-20 09:08:04 - ROBOTY.planner - INFO - Траектория робота запланирована, общее время: 11.46
2025-09-20 09:08:04 - ROBOTY.planner - DEBUG - Планирование траектории для робота 3 с 2 операциями
2025-09-20 09:08:04 - ROBOTY.planner - DEBUG - Планирование траектории для робота с 2 операциями
2025-09-20 09:08:04 - ROBOTY.planner - DEBUG - Операция 1 запланирована, время завершения: 5.43
2025-09-20 09:08:04 - ROBOTY.planner - DEBUG - Операция 2 запланирована, время завершения: 11.36
2025-09-20 09:08:04 - ROBOTY.planner - INFO - Траектория робота запланирована, общее время: 11.36
2025-09-20 09:08:04 - ROBOTY.planner - INFO - Планирование завершено. Makespan: 11.46
2025-09-20 09:08:04 - ROBOTY.main - INFO - Планировщик успешно завершил работу
2025-09-20 09:08:04 - ROBOTY.collision - INFO - Начинаем детальную проверку коллизий
2025-09-20 09:08:04 - ROBOTY.collision - DEBUG - Проверяем коллизии в диапазоне времени: 0.00 - 11.46
2025-09-20 09:08:04 - ROBOTY.collision - WARNING - Коллизия: роботы 2 и 3 в 1.30s, расстояние: 0.692, требуется: 0.750
2025-09-20 09:08:04 - ROBOTY.collision - WARNING - Коллизия: роботы 2 и 3 в 1.40s, расстояние: 0.589, требуется: 0.750
2025-09-20 09:08:04 - ROBOTY.collision - WARNING - Коллизия: роботы 2 и 3 в 1.50s, расстояние: 0.536, требуется: 0.750
2025-09-20 09:08:04 - ROBOTY.collision - WARNING - Коллизия: роботы 2 и 3 в 1.60s, расстояние: 0.546, требуется: 0.750
2025-09-20 09:08:04 - ROBOTY.collision - WARNING - Коллизия: роботы 2 и 3 в 1.70s, расстояние: 0.604, требуется: 0.750
2025-09-20 09:08:04 - ROBOTY.collision - WARNING - Коллизия: роботы 2 и 3 в 1.80s, расстояние: 0.690, требуется: 0.750
2025-09-20 09:08:04 - ROBOTY.collision - WARNING - Коллизия: роботы 1 и 2 в 2.20s, расстояние: 0.609, требуется: 0.650
2025-09-20 09:08:04 - ROBOTY.collision - WARNING - Коллизия: роботы 1 и 2 в 2.30s, расстояние: 0.566, требуется: 0.650
2025-09-20 09:08:04 - ROBOTY.collision - WARNING - Коллизия: роботы 1 и 2 в 2.40s, расстояние: 0.548, требуется: 0.650
2025-09-20 09:08:04 - ROBOTY.collision - WARNING - Коллизия: роботы 1 и 2 в 2.50s, расстояние: 0.556, требуется: 0.650
2025-09-20 09:08:04 - ROBOTY.collision - WARNING - Коллизия: роботы 1 и 2 в 2.60s, расстояние: 0.582, требуется: 0.650
2025-09-20 09:08:04 - ROBOTY.collision - WARNING - Коллизия: роботы 1 и 2 в 2.70s, расстояние: 0.622, требуется: 0.650
2025-09-20 09:08:04 - ROBOTY.collision - WARNING - Коллизия: роботы 1 и 2 в 3.70s, расстояние: 0.598, требуется: 0.650
2025-09-20 09:08:04 - ROBOTY.collision - WARNING - Коллизия: роботы 1 и 2 в 3.80s, расстояние: 0.541, требуется: 0.650
2025-09-20 09:08:04 - ROBOTY.collision - WARNING - Коллизия: роботы 1 и 2 в 3.90s, расстояние: 0.496, требуется: 0.650
2025-09-20 09:08:04 - ROBOTY.collision - WARNING - Коллизия: роботы 1 и 2 в 4.00s, расстояние: 0.477, требуется: 0.650
2025-09-20 09:08:04 - ROBOTY.collision - WARNING - Коллизия: роботы 1 и 2 в 4.10s, расстояние: 0.477, требуется: 0.650
2025-09-20 09:08:04 - ROBOTY.collision - WARNING - Коллизия: роботы 1 и 2 в 4.20s, расстояние: 0.522, требуется: 0.650
2025-09-20 09:08:04 - ROBOTY.collision - WARNING - Коллизия: роботы 1 и 2 в 4.30s, расстояние: 0.611, требуется: 0.650
2025-09-20 09:08:04 - ROBOTY.collision - WARNING - Коллизия: роботы 2 и 3 в 6.00s, расстояние: 0.679, требуется: 0.750
2025-09-20 09:08:04 - ROBOTY.collision - WARNING - Коллизия: роботы 2 и 3 в 6.10s, расстояние: 0.546, требуется: 0.750
2025-09-20 09:08:04 - ROBOTY.collision - WARNING - Коллизия: роботы 2 и 3 в 6.20s, расстояние: 0.412, требуется: 0.750
2025-09-20 09:08:04 - ROBOTY.collision - WARNING - Коллизия: роботы 2 и 3 в 6.30s, расстояние: 0.270, требуется: 0.750
2025-09-20 09:08:04 - ROBOTY.collision - WARNING - Коллизия: роботы 2 и 3 в 6.40s, расстояние: 0.134, требуется: 0.750
2025-09-20 09:08:04 - ROBOTY.collision - WARNING - Коллизия: роботы 2 и 3 в 6.50s, расстояние: 0.076, требуется: 0.750
2025-09-20 09:08:04 - ROBOTY.collision - WARNING - Коллизия: роботы 2 и 3 в 6.60s, расстояние: 0.191, требуется: 0.750
2025-09-20 09:08:04 - ROBOTY.collision - WARNING - Коллизия: роботы 2 и 3 в 6.70s, расстояние: 0.332, требуется: 0.750
2025-09-20 09:08:04 - ROBOTY.collision - WARNING - Коллизия: роботы 1 и 3 в 6.80s, расстояние: 0.658, требуется: 0.700
2025-09-20 09:08:04 - ROBOTY.collision - WARNING - Коллизия: роботы 2 и 3 в 6.80s, расстояние: 0.476, требуется: 0.750
2025-09-20 09:08:04 - ROBOTY.collision - WARNING - Коллизия: роботы 1 и 3 в 6.90s, расстояние: 0.538, требуется: 0.700
2025-09-20 09:08:04 - ROBOTY.collision - WARNING - Коллизия: роботы 2 и 3 в 6.90s, расстояние: 0.621, требуется: 0.750
2025-09-20 09:08:04 - ROBOTY.collision - WARNING - Коллизия: роботы 1 и 3 в 7.00s, расстояние: 0.429, требуется: 0.700
2025-09-20 09:08:04 - ROBOTY.collision - WARNING - Коллизия: роботы 1 и 3 в 7.10s, расстояние: 0.328, требуется: 0.700
2025-09-20 09:08:04 - ROBOTY.collision - WARNING - Коллизия: роботы 1 и 3 в 7.20s, расстояние: 0.294, требуется: 0.700
2025-09-20 09:08:04 - ROBOTY.collision - WARNING - Коллизия: роботы 1 и 3 в 7.30s, расстояние: 0.350, требуется: 0.700
2025-09-20 09:08:04 - ROBOTY.collision - WARNING - Коллизия: роботы 1 и 3 в 7.40s, расстояние: 0.466, требуется: 0.700
2025-09-20 09:08:04 - ROBOTY.collision - WARNING - Коллизия: роботы 1 и 3 в 7.50s, расстояние: 0.608, требуется: 0.700
2025-09-20 09:08:04 - ROBOTY.collision - ERROR - Обнаружено 37 коллизий
2025-09-20 09:08:04 - ROBOTY.main - WARNING - Обнаружено 37 коллизий
2025-09-20 09:08:08 - ROBOTY.main - INFO - Открытие визуализатора
2025-09-20 09:08:08 - ROBOTY.visualizer - INFO - Запуск визуализации типа: 3d
2025-09-20 09:08:08 - ROBOTY.visualizer - INFO - Создание 3D визуализации траекторий
2025-09-20 09:08:08 - ROBOTY.visualizer - INFO - 3D визуализация создана
