2025-09-20 17:57:12 - ROBOTY.main - INFO - Запуск приложения ROBOTY
2025-09-20 17:57:12 - ROBOTY.main - INFO - Применена тема: light
2025-09-20 17:57:12 - ROBOTY.main - INFO - Интерфейс инициализирован
2025-09-20 17:57:12 - ROBOTY.main - INFO - Приложение успешно запущено
2025-09-20 17:57:18 - ROBOTY.main - INFO - Создан входной файл: /Users/maksimchernukha/Pictures/ROBOTY/data/input_20250920_175713.json
2025-09-20 17:57:18 - ROBOTY.parser - INFO - Начинаем загрузку файла: /Users/maksimchernukha/Pictures/ROBOTY/data/input_20250920_175713.json
2025-09-20 17:57:18 - ROBOTY.parser - INFO - Файл /Users/maksimchernukha/Pictures/ROBOTY/data/input_20250920_175713.json успешно загружен
2025-09-20 17:57:18 - ROBOTY.parser - DEBUG - Робот 1 успешно загружен
2025-09-20 17:57:18 - ROBOTY.parser - DEBUG - Робот 2 успешно загружен
2025-09-20 17:57:18 - ROBOTY.parser - DEBUG - Робот 3 успешно загружен
2025-09-20 17:57:18 - ROBOTY.parser - DEBUG - Робот 4 успешно загружен
2025-09-20 17:57:18 - ROBOTY.parser - DEBUG - Робот 5 успешно загружен
2025-09-20 17:57:18 - ROBOTY.parser - DEBUG - Робот 6 успешно загружен
2025-09-20 17:57:18 - ROBOTY.parser - DEBUG - Робот 7 успешно загружен
2025-09-20 17:57:18 - ROBOTY.parser - DEBUG - Робот 8 успешно загружен
2025-09-20 17:57:18 - ROBOTY.parser - DEBUG - Робот 9 успешно загружен
2025-09-20 17:57:18 - ROBOTY.parser - DEBUG - Робот 10 успешно загружен
2025-09-20 17:57:18 - ROBOTY.parser - DEBUG - Операция 1 успешно загружена
2025-09-20 17:57:18 - ROBOTY.parser - DEBUG - Операция 2 успешно загружена
2025-09-20 17:57:18 - ROBOTY.parser - DEBUG - Операция 3 успешно загружена
2025-09-20 17:57:18 - ROBOTY.parser - DEBUG - Операция 4 успешно загружена
2025-09-20 17:57:18 - ROBOTY.parser - DEBUG - Операция 5 успешно загружена
2025-09-20 17:57:18 - ROBOTY.parser - DEBUG - Операция 6 успешно загружена
2025-09-20 17:57:18 - ROBOTY.parser - DEBUG - Операция 7 успешно загружена
2025-09-20 17:57:18 - ROBOTY.parser - DEBUG - Операция 8 успешно загружена
2025-09-20 17:57:18 - ROBOTY.parser - DEBUG - Операция 9 успешно загружена
2025-09-20 17:57:18 - ROBOTY.parser - DEBUG - Операция 10 успешно загружена
2025-09-20 17:57:18 - ROBOTY.parser - DEBUG - Операция 11 успешно загружена
2025-09-20 17:57:18 - ROBOTY.parser - DEBUG - Операция 12 успешно загружена
2025-09-20 17:57:18 - ROBOTY.parser - DEBUG - Операция 13 успешно загружена
2025-09-20 17:57:18 - ROBOTY.parser - DEBUG - Операция 14 успешно загружена
2025-09-20 17:57:18 - ROBOTY.parser - DEBUG - Операция 15 успешно загружена
2025-09-20 17:57:18 - ROBOTY.parser - DEBUG - Операция 16 успешно загружена
2025-09-20 17:57:18 - ROBOTY.parser - DEBUG - Операция 17 успешно загружена
2025-09-20 17:57:18 - ROBOTY.parser - DEBUG - Операция 18 успешно загружена
2025-09-20 17:57:18 - ROBOTY.parser - DEBUG - Операция 19 успешно загружена
2025-09-20 17:57:18 - ROBOTY.parser - DEBUG - Операция 20 успешно загружена
2025-09-20 17:57:18 - ROBOTY.parser - DEBUG - Операция 21 успешно загружена
2025-09-20 17:57:18 - ROBOTY.parser - DEBUG - Операция 22 успешно загружена
2025-09-20 17:57:18 - ROBOTY.parser - DEBUG - Операция 23 успешно загружена
2025-09-20 17:57:18 - ROBOTY.parser - DEBUG - Операция 24 успешно загружена
2025-09-20 17:57:18 - ROBOTY.parser - DEBUG - Операция 25 успешно загружена
2025-09-20 17:57:18 - ROBOTY.parser - DEBUG - Операция 26 успешно загружена
2025-09-20 17:57:18 - ROBOTY.parser - DEBUG - Операция 27 успешно загружена
2025-09-20 17:57:18 - ROBOTY.parser - DEBUG - Операция 28 успешно загружена
2025-09-20 17:57:18 - ROBOTY.parser - DEBUG - Операция 29 успешно загружена
2025-09-20 17:57:18 - ROBOTY.parser - DEBUG - Операция 30 успешно загружена
2025-09-20 17:57:18 - ROBOTY.parser - INFO - Загружено 10 роботов и 30 операций
2025-09-20 17:57:19 - ROBOTY.main - INFO - Запуск планировщика
2025-09-20 17:57:19 - ROBOTY.planner - INFO - Запуск планировщика траекторий
2025-09-20 17:57:19 - ROBOTY.assigner - INFO - Начинаем назначение операций методом: balanced
2025-09-20 17:57:19 - ROBOTY.assigner - DEBUG - Операция 0 назначена роботу 0 (нагрузка: 2.48)
2025-09-20 17:57:19 - ROBOTY.assigner - DEBUG - Операция 1 назначена роботу 2 (нагрузка: 2.26)
2025-09-20 17:57:19 - ROBOTY.assigner - DEBUG - Операция 2 назначена роботу 1 (нагрузка: 3.48)
2025-09-20 17:57:19 - ROBOTY.assigner - DEBUG - Операция 3 назначена роботу 3 (нагрузка: 1.44)
2025-09-20 17:57:19 - ROBOTY.assigner - DEBUG - Операция 4 назначена роботу 4 (нагрузка: 1.93)
2025-09-20 17:57:19 - ROBOTY.assigner - DEBUG - Операция 5 назначена роботу 9 (нагрузка: 1.24)
2025-09-20 17:57:19 - ROBOTY.assigner - DEBUG - Операция 6 назначена роботу 6 (нагрузка: 3.04)
2025-09-20 17:57:19 - ROBOTY.assigner - DEBUG - Операция 7 назначена роботу 7 (нагрузка: 2.39)
2025-09-20 17:57:19 - ROBOTY.assigner - DEBUG - Операция 8 назначена роботу 8 (нагрузка: 2.06)
2025-09-20 17:57:19 - ROBOTY.assigner - DEBUG - Операция 9 назначена роботу 9 (нагрузка: 2.93)
2025-09-20 17:57:19 - ROBOTY.assigner - DEBUG - Операция 10 назначена роботу 5 (нагрузка: 3.94)
2025-09-20 17:57:19 - ROBOTY.assigner - DEBUG - Операция 11 назначена роботу 0 (нагрузка: 5.17)
2025-09-20 17:57:19 - ROBOTY.assigner - DEBUG - Операция 12 назначена роботу 2 (нагрузка: 4.95)
2025-09-20 17:57:19 - ROBOTY.assigner - DEBUG - Операция 13 назначена роботу 3 (нагрузка: 3.27)
2025-09-20 17:57:19 - ROBOTY.assigner - DEBUG - Операция 14 назначена роботу 4 (нагрузка: 3.45)
2025-09-20 17:57:19 - ROBOTY.assigner - DEBUG - Операция 15 назначена роботу 8 (нагрузка: 4.52)
2025-09-20 17:57:19 - ROBOTY.assigner - DEBUG - Операция 16 назначена роботу 6 (нагрузка: 4.50)
2025-09-20 17:57:19 - ROBOTY.assigner - DEBUG - Операция 17 назначена роботу 7 (нагрузка: 4.77)
2025-09-20 17:57:19 - ROBOTY.assigner - DEBUG - Операция 18 назначена роботу 9 (нагрузка: 4.69)
2025-09-20 17:57:19 - ROBOTY.assigner - DEBUG - Операция 19 назначена роботу 9 (нагрузка: 6.56)
2025-09-20 17:57:19 - ROBOTY.assigner - DEBUG - Операция 20 назначена роботу 4 (нагрузка: 7.28)
2025-09-20 17:57:19 - ROBOTY.assigner - DEBUG - Операция 21 назначена роботу 1 (нагрузка: 5.60)
2025-09-20 17:57:19 - ROBOTY.assigner - DEBUG - Операция 22 назначена роботу 3 (нагрузка: 6.04)
2025-09-20 17:57:19 - ROBOTY.assigner - DEBUG - Операция 23 назначена роботу 2 (нагрузка: 7.72)
2025-09-20 17:57:19 - ROBOTY.assigner - DEBUG - Операция 24 назначена роботу 5 (нагрузка: 6.64)
2025-09-20 17:57:19 - ROBOTY.assigner - DEBUG - Операция 25 назначена роботу 8 (нагрузка: 7.57)
2025-09-20 17:57:19 - ROBOTY.assigner - DEBUG - Операция 26 назначена роботу 6 (нагрузка: 6.85)
2025-09-20 17:57:19 - ROBOTY.assigner - DEBUG - Операция 27 назначена роботу 7 (нагрузка: 6.80)
2025-09-20 17:57:19 - ROBOTY.assigner - DEBUG - Операция 28 назначена роботу 0 (нагрузка: 8.72)
2025-09-20 17:57:19 - ROBOTY.assigner - DEBUG - Операция 29 назначена роботу 9 (нагрузка: 8.36)
2025-09-20 17:57:19 - ROBOTY.assigner - INFO - Распределено 30 операций с балансировкой нагрузки
2025-09-20 17:57:19 - ROBOTY.assigner - INFO - Итоговые нагрузки роботов: ['8.72', '5.60', '7.72', '6.04', '7.28', '6.64', '6.85', '6.80', '7.57', '8.36']
2025-09-20 17:57:19 - ROBOTY.assigner - INFO - Робот 0: 3 операций, нагрузка 8.72
2025-09-20 17:57:19 - ROBOTY.assigner - INFO - Робот 1: 2 операций, нагрузка 5.60
2025-09-20 17:57:19 - ROBOTY.assigner - INFO - Робот 2: 3 операций, нагрузка 7.72
2025-09-20 17:57:19 - ROBOTY.assigner - INFO - Робот 3: 3 операций, нагрузка 6.04
2025-09-20 17:57:19 - ROBOTY.assigner - INFO - Робот 4: 3 операций, нагрузка 7.28
2025-09-20 17:57:19 - ROBOTY.assigner - INFO - Робот 5: 2 операций, нагрузка 6.64
2025-09-20 17:57:19 - ROBOTY.assigner - INFO - Робот 6: 3 операций, нагрузка 6.85
2025-09-20 17:57:19 - ROBOTY.assigner - INFO - Робот 7: 3 операций, нагрузка 6.80
2025-09-20 17:57:19 - ROBOTY.assigner - INFO - Робот 8: 3 операций, нагрузка 7.57
2025-09-20 17:57:19 - ROBOTY.assigner - INFO - Робот 9: 5 операций, нагрузка 8.36
2025-09-20 17:57:19 - ROBOTY.planner - INFO - Операции назначены методом: balanced
2025-09-20 17:57:19 - ROBOTY.planner - INFO - Планирование траектории для робота 1 (ID: 1) с 3 операциями
2025-09-20 17:57:19 - ROBOTY.planner - DEBUG - Планирование траектории для робота с 3 операциями
2025-09-20 17:57:19 - ROBOTY.planner - DEBUG - Операция 1 запланирована, время завершения: 4.46
2025-09-20 17:57:19 - ROBOTY.planner - DEBUG - Операция 2 запланирована, время завершения: 8.68
2025-09-20 17:57:19 - ROBOTY.planner - DEBUG - Операция 3 запланирована, время завершения: 14.43
2025-09-20 17:57:19 - ROBOTY.planner - INFO - Траектория робота запланирована, общее время: 14.43
2025-09-20 17:57:19 - ROBOTY.planner - INFO - Робот 1: траектория содержит 72 точек
2025-09-20 17:57:19 - ROBOTY.planner - INFO - Планирование траектории для робота 2 (ID: 2) с 2 операциями
2025-09-20 17:57:19 - ROBOTY.planner - DEBUG - Планирование траектории для робота с 2 операциями
2025-09-20 17:57:19 - ROBOTY.planner - DEBUG - Операция 1 запланирована, время завершения: 5.23
2025-09-20 17:57:19 - ROBOTY.planner - DEBUG - Операция 2 запланирована, время завершения: 10.87
2025-09-20 17:57:19 - ROBOTY.planner - INFO - Траектория робота запланирована, общее время: 10.87
2025-09-20 17:57:19 - ROBOTY.planner - INFO - Робот 2: траектория содержит 48 точек
2025-09-20 17:57:19 - ROBOTY.planner - INFO - Планирование траектории для робота 3 (ID: 3) с 3 операциями
2025-09-20 17:57:19 - ROBOTY.planner - DEBUG - Планирование траектории для робота с 3 операциями
2025-09-20 17:57:19 - ROBOTY.planner - DEBUG - Операция 1 запланирована, время завершения: 3.99
2025-09-20 17:57:19 - ROBOTY.planner - DEBUG - Операция 2 запланирована, время завершения: 9.36
2025-09-20 17:57:19 - ROBOTY.planner - DEBUG - Операция 3 запланирована, время завершения: 14.32
2025-09-20 17:57:19 - ROBOTY.planner - INFO - Траектория робота запланирована, общее время: 14.32
2025-09-20 17:57:19 - ROBOTY.planner - INFO - Робот 3: траектория содержит 72 точек
2025-09-20 17:57:19 - ROBOTY.planner - INFO - Планирование траектории для робота 4 (ID: 4) с 3 операциями
2025-09-20 17:57:19 - ROBOTY.planner - DEBUG - Планирование траектории для робота с 3 операциями
2025-09-20 17:57:19 - ROBOTY.planner - DEBUG - Операция 1 запланирована, время завершения: 2.60
2025-09-20 17:57:19 - ROBOTY.planner - DEBUG - Операция 2 запланирована, время завершения: 6.25
2025-09-20 17:57:19 - ROBOTY.planner - DEBUG - Операция 3 запланирована, время завершения: 10.10
2025-09-20 17:57:19 - ROBOTY.planner - INFO - Траектория робота запланирована, общее время: 10.10
2025-09-20 17:57:19 - ROBOTY.planner - INFO - Робот 4: траектория содержит 72 точек
2025-09-20 17:57:19 - ROBOTY.planner - INFO - Планирование траектории для робота 5 (ID: 5) с 3 операциями
2025-09-20 17:57:19 - ROBOTY.planner - DEBUG - Планирование траектории для робота с 3 операциями
2025-09-20 17:57:19 - ROBOTY.planner - DEBUG - Операция 1 запланирована, время завершения: 3.74
2025-09-20 17:57:19 - ROBOTY.planner - DEBUG - Операция 2 запланирована, время завершения: 7.08
2025-09-20 17:57:19 - ROBOTY.planner - DEBUG - Операция 3 запланирована, время завершения: 13.67
2025-09-20 17:57:19 - ROBOTY.planner - INFO - Траектория робота запланирована, общее время: 13.67
2025-09-20 17:57:19 - ROBOTY.planner - INFO - Робот 5: траектория содержит 72 точек
2025-09-20 17:57:19 - ROBOTY.planner - INFO - Планирование траектории для робота 6 (ID: 6) с 2 операциями
2025-09-20 17:57:19 - ROBOTY.planner - DEBUG - Планирование траектории для робота с 2 операциями
2025-09-20 17:57:19 - ROBOTY.planner - DEBUG - Операция 1 запланирована, время завершения: 5.48
2025-09-20 17:57:19 - ROBOTY.planner - DEBUG - Операция 2 запланирована, время завершения: 9.55
2025-09-20 17:57:19 - ROBOTY.planner - INFO - Траектория робота запланирована, общее время: 9.55
2025-09-20 17:57:19 - ROBOTY.planner - INFO - Робот 6: траектория содержит 48 точек
2025-09-20 17:57:19 - ROBOTY.planner - INFO - Планирование траектории для робота 7 (ID: 7) с 3 операциями
2025-09-20 17:57:19 - ROBOTY.planner - DEBUG - Планирование траектории для робота с 3 операциями
2025-09-20 17:57:19 - ROBOTY.planner - DEBUG - Операция 1 запланирована, время завершения: 4.82
2025-09-20 17:57:19 - ROBOTY.planner - DEBUG - Операция 2 запланирована, время завершения: 7.71
2025-09-20 17:57:19 - ROBOTY.planner - DEBUG - Операция 3 запланирована, время завершения: 11.90
2025-09-20 17:57:19 - ROBOTY.planner - INFO - Траектория робота запланирована, общее время: 11.90
2025-09-20 17:57:19 - ROBOTY.planner - INFO - Робот 7: траектория содержит 72 точек
2025-09-20 17:57:19 - ROBOTY.planner - INFO - Планирование траектории для робота 8 (ID: 8) с 3 операциями
2025-09-20 17:57:19 - ROBOTY.planner - DEBUG - Планирование траектории для робота с 3 операциями
2025-09-20 17:57:19 - ROBOTY.planner - DEBUG - Операция 1 запланирована, время завершения: 3.80
2025-09-20 17:57:19 - ROBOTY.planner - DEBUG - Операция 2 запланирована, время завершения: 8.17
2025-09-20 17:57:19 - ROBOTY.planner - DEBUG - Операция 3 запланирована, время завершения: 11.96
2025-09-20 17:57:19 - ROBOTY.planner - INFO - Траектория робота запланирована, общее время: 11.96
2025-09-20 17:57:19 - ROBOTY.planner - INFO - Робот 8: траектория содержит 72 точек
2025-09-20 17:57:19 - ROBOTY.planner - INFO - Планирование траектории для робота 9 (ID: 9) с 3 операциями
2025-09-20 17:57:19 - ROBOTY.planner - DEBUG - Планирование траектории для робота с 3 операциями
2025-09-20 17:57:19 - ROBOTY.planner - DEBUG - Операция 1 запланирована, время завершения: 4.24
2025-09-20 17:57:19 - ROBOTY.planner - DEBUG - Операция 2 запланирована, время завершения: 7.74
2025-09-20 17:57:19 - ROBOTY.planner - DEBUG - Операция 3 запланирована, время завершения: 12.69
2025-09-20 17:57:19 - ROBOTY.planner - INFO - Траектория робота запланирована, общее время: 12.69
2025-09-20 17:57:19 - ROBOTY.planner - INFO - Робот 9: траектория содержит 72 точек
2025-09-20 17:57:19 - ROBOTY.planner - INFO - Планирование траектории для робота 10 (ID: 10) с 5 операциями
2025-09-20 17:57:19 - ROBOTY.planner - DEBUG - Планирование траектории для робота с 5 операциями
2025-09-20 17:57:19 - ROBOTY.planner - DEBUG - Операция 1 запланирована, время завершения: 3.08
2025-09-20 17:57:19 - ROBOTY.planner - DEBUG - Операция 2 запланирована, время завершения: 7.68
2025-09-20 17:57:19 - ROBOTY.planner - DEBUG - Операция 3 запланирована, время завершения: 11.85
2025-09-20 17:57:19 - ROBOTY.planner - DEBUG - Операция 4 запланирована, время завершения: 17.28
2025-09-20 17:57:19 - ROBOTY.planner - DEBUG - Операция 5 запланирована, время завершения: 21.76
2025-09-20 17:57:19 - ROBOTY.planner - INFO - Траектория робота запланирована, общее время: 21.76
2025-09-20 17:57:19 - ROBOTY.planner - INFO - Робот 10: траектория содержит 120 точек
2025-09-20 17:57:19 - ROBOTY.planner - INFO - Планирование завершено. Makespan: 21.76
2025-09-20 17:57:19 - ROBOTY.main - INFO - Планировщик успешно завершил работу
2025-09-20 17:57:19 - ROBOTY.collision - INFO - Начинаем детальную проверку коллизий
2025-09-20 17:57:19 - ROBOTY.collision - DEBUG - Проверяем коллизии в диапазоне времени: 0.00 - 21.76
2025-09-20 17:57:19 - ROBOTY.collision - WARNING - Коллизия: роботы 5 и 6 в 1.60s, расстояние: 0.445, требуется: 0.500
2025-09-20 17:57:19 - ROBOTY.collision - WARNING - Коллизия: роботы 5 и 6 в 1.70s, расстояние: 0.407, требуется: 0.500
2025-09-20 17:57:19 - ROBOTY.collision - WARNING - Коллизия: роботы 5 и 6 в 1.80s, расстояние: 0.402, требуется: 0.500
2025-09-20 17:57:19 - ROBOTY.collision - WARNING - Коллизия: роботы 5 и 6 в 1.90s, расстояние: 0.445, требуется: 0.500
2025-09-20 17:57:19 - ROBOTY.collision - WARNING - Коллизия: роботы 2 и 3 в 5.90s, расстояние: 0.428, требуется: 0.500
2025-09-20 17:57:19 - ROBOTY.collision - WARNING - Коллизия: роботы 2 и 3 в 6.00s, расстояние: 0.355, требуется: 0.500
2025-09-20 17:57:19 - ROBOTY.collision - WARNING - Коллизия: роботы 2 и 3 в 6.10s, расстояние: 0.294, требуется: 0.500
2025-09-20 17:57:19 - ROBOTY.collision - WARNING - Коллизия: роботы 2 и 3 в 6.20s, расстояние: 0.256, требуется: 0.500
2025-09-20 17:57:19 - ROBOTY.collision - WARNING - Коллизия: роботы 2 и 3 в 6.30s, расстояние: 0.249, требуется: 0.500
2025-09-20 17:57:19 - ROBOTY.collision - WARNING - Коллизия: роботы 2 и 3 в 6.40s, расстояние: 0.277, требуется: 0.500
2025-09-20 17:57:19 - ROBOTY.collision - WARNING - Коллизия: роботы 2 и 3 в 6.50s, расстояние: 0.331, требуется: 0.500
2025-09-20 17:57:19 - ROBOTY.collision - WARNING - Коллизия: роботы 2 и 3 в 6.60s, расстояние: 0.401, требуется: 0.500
2025-09-20 17:57:19 - ROBOTY.collision - WARNING - Коллизия: роботы 2 и 3 в 6.70s, расстояние: 0.479, требуется: 0.500
2025-09-20 17:57:19 - ROBOTY.collision - WARNING - Коллизия: роботы 1 и 9 в 10.30s, расстояние: 0.471, требуется: 0.500
2025-09-20 17:57:19 - ROBOTY.collision - WARNING - Коллизия: роботы 1 и 9 в 10.40s, расстояние: 0.468, требуется: 0.500
2025-09-20 17:57:19 - ROBOTY.collision - WARNING - Коллизия: роботы 1 и 10 в 11.10s, расстояние: 0.470, требуется: 0.500
2025-09-20 17:57:19 - ROBOTY.collision - WARNING - Коллизия: роботы 1 и 10 в 11.20s, расстояние: 0.410, требуется: 0.500
2025-09-20 17:57:19 - ROBOTY.collision - WARNING - Коллизия: роботы 1 и 10 в 11.30s, расстояние: 0.458, требуется: 0.500
2025-09-20 17:57:19 - ROBOTY.collision - WARNING - Коллизия: роботы 1 и 10 в 11.70s, расстояние: 0.496, требуется: 0.500
2025-09-20 17:57:19 - ROBOTY.collision - WARNING - Коллизия: роботы 1 и 10 в 11.80s, расстояние: 0.462, требуется: 0.500
2025-09-20 17:57:19 - ROBOTY.collision - WARNING - Коллизия: роботы 1 и 10 в 11.90s, расстояние: 0.452, требуется: 0.500
2025-09-20 17:57:19 - ROBOTY.collision - WARNING - Коллизия: роботы 1 и 10 в 12.00s, расстояние: 0.470, требуется: 0.500
2025-09-20 17:57:19 - ROBOTY.collision - ERROR - Обнаружено 22 коллизий
2025-09-20 17:57:19 - ROBOTY.main - WARNING - Обнаружено 22 коллизий
2025-09-20 17:57:19 - ROBOTY.main - INFO - Открытие визуализатора
2025-09-20 17:57:19 - ROBOTY.visualizer - INFO - Запуск визуализации типа: 3d
2025-09-20 17:57:19 - ROBOTY.visualizer - INFO - Создание 3D визуализации траекторий
2025-09-20 17:57:19 - ROBOTY.visualizer - INFO - 3D визуализация создана
2025-09-20 17:57:19 - ROBOTY.visualizer - INFO - Визуализация сохранена в файл: /Users/maksimchernukha/Pictures/ROBOTY/viz/../outputs/visualizations/visualization_3d_20250920_175719.html
2025-09-20 17:57:19 - ROBOTY.visualizer - INFO - Визуализация открыта в браузере
2025-09-20 17:57:19 - ROBOTY.main - INFO - Визуализация успешно завершена
