2025-09-20 20:55:00 - ROBOTY.main - INFO - Запуск приложения ROBOTY
2025-09-20 20:55:00 - ROBOTY.main - INFO - Применена тема: light
2025-09-20 20:55:00 - ROBOTY.main - INFO - Интерфейс инициализирован
2025-09-20 20:55:00 - ROBOTY.main - INFO - Приложение успешно запущено
2025-09-20 20:55:02 - ROBOTY.main - INFO - Применена тема: dark
2025-09-20 20:55:02 - ROBOTY.main - INFO - Переключение темы: dark -> dark
2025-09-20 20:55:38 - ROBOTY.main - INFO - Создан входной файл: /Users/maksimchernukha/Pictures/ROBOTY/data/input_20250920_205535.json
2025-09-20 20:55:38 - ROBOTY.parser - INFO - Начинаем загрузку файла: /Users/maksimchernukha/Pictures/ROBOTY/data/input_20250920_205535.json
2025-09-20 20:55:38 - ROBOTY.parser - INFO - Файл /Users/maksimchernukha/Pictures/ROBOTY/data/input_20250920_205535.json успешно загружен
2025-09-20 20:55:38 - ROBOTY.parser - DEBUG - Робот 1 успешно загружен
2025-09-20 20:55:38 - ROBOTY.parser - DEBUG - Робот 2 успешно загружен
2025-09-20 20:55:38 - ROBOTY.parser - DEBUG - Робот 3 успешно загружен
2025-09-20 20:55:38 - ROBOTY.parser - DEBUG - Робот 4 успешно загружен
2025-09-20 20:55:38 - ROBOTY.parser - DEBUG - Робот 5 успешно загружен
2025-09-20 20:55:38 - ROBOTY.parser - DEBUG - Робот 6 успешно загружен
2025-09-20 20:55:38 - ROBOTY.parser - DEBUG - Робот 7 успешно загружен
2025-09-20 20:55:38 - ROBOTY.parser - DEBUG - Робот 8 успешно загружен
2025-09-20 20:55:38 - ROBOTY.parser - DEBUG - Робот 9 успешно загружен
2025-09-20 20:55:38 - ROBOTY.parser - DEBUG - Робот 10 успешно загружен
2025-09-20 20:55:38 - ROBOTY.parser - DEBUG - Операция 1 успешно загружена
2025-09-20 20:55:38 - ROBOTY.parser - DEBUG - Операция 2 успешно загружена
2025-09-20 20:55:38 - ROBOTY.parser - DEBUG - Операция 3 успешно загружена
2025-09-20 20:55:38 - ROBOTY.parser - DEBUG - Операция 4 успешно загружена
2025-09-20 20:55:38 - ROBOTY.parser - DEBUG - Операция 5 успешно загружена
2025-09-20 20:55:38 - ROBOTY.parser - DEBUG - Операция 6 успешно загружена
2025-09-20 20:55:38 - ROBOTY.parser - DEBUG - Операция 7 успешно загружена
2025-09-20 20:55:38 - ROBOTY.parser - DEBUG - Операция 8 успешно загружена
2025-09-20 20:55:38 - ROBOTY.parser - DEBUG - Операция 9 успешно загружена
2025-09-20 20:55:38 - ROBOTY.parser - DEBUG - Операция 10 успешно загружена
2025-09-20 20:55:38 - ROBOTY.parser - DEBUG - Операция 11 успешно загружена
2025-09-20 20:55:38 - ROBOTY.parser - DEBUG - Операция 12 успешно загружена
2025-09-20 20:55:38 - ROBOTY.parser - DEBUG - Операция 13 успешно загружена
2025-09-20 20:55:38 - ROBOTY.parser - DEBUG - Операция 14 успешно загружена
2025-09-20 20:55:38 - ROBOTY.parser - DEBUG - Операция 15 успешно загружена
2025-09-20 20:55:38 - ROBOTY.parser - DEBUG - Операция 16 успешно загружена
2025-09-20 20:55:38 - ROBOTY.parser - DEBUG - Операция 17 успешно загружена
2025-09-20 20:55:38 - ROBOTY.parser - DEBUG - Операция 18 успешно загружена
2025-09-20 20:55:38 - ROBOTY.parser - DEBUG - Операция 19 успешно загружена
2025-09-20 20:55:38 - ROBOTY.parser - DEBUG - Операция 20 успешно загружена
2025-09-20 20:55:38 - ROBOTY.parser - DEBUG - Операция 21 успешно загружена
2025-09-20 20:55:38 - ROBOTY.parser - DEBUG - Операция 22 успешно загружена
2025-09-20 20:55:38 - ROBOTY.parser - DEBUG - Операция 23 успешно загружена
2025-09-20 20:55:38 - ROBOTY.parser - DEBUG - Операция 24 успешно загружена
2025-09-20 20:55:38 - ROBOTY.parser - DEBUG - Операция 25 успешно загружена
2025-09-20 20:55:38 - ROBOTY.parser - DEBUG - Операция 26 успешно загружена
2025-09-20 20:55:38 - ROBOTY.parser - DEBUG - Операция 27 успешно загружена
2025-09-20 20:55:38 - ROBOTY.parser - DEBUG - Операция 28 успешно загружена
2025-09-20 20:55:38 - ROBOTY.parser - DEBUG - Операция 29 успешно загружена
2025-09-20 20:55:38 - ROBOTY.parser - DEBUG - Операция 30 успешно загружена
2025-09-20 20:55:38 - ROBOTY.parser - INFO - Загружено 10 роботов и 30 операций
2025-09-20 20:55:39 - ROBOTY.main - INFO - Запуск планировщика
2025-09-20 20:55:39 - ROBOTY.planner - INFO - Запуск планировщика траекторий
2025-09-20 20:55:39 - ROBOTY.assigner - INFO - Начинаем назначение операций методом: balanced
2025-09-20 20:55:39 - ROBOTY.assigner - DEBUG - Операция 0 назначена роботу 4 (нагрузка: 7.09)
2025-09-20 20:55:39 - ROBOTY.assigner - DEBUG - Операция 1 назначена роботу 8 (нагрузка: 9.26)
2025-09-20 20:55:39 - ROBOTY.assigner - DEBUG - Операция 2 назначена роботу 7 (нагрузка: 5.25)
2025-09-20 20:55:39 - ROBOTY.assigner - DEBUG - Операция 3 назначена роботу 5 (нагрузка: 13.78)
2025-09-20 20:55:39 - ROBOTY.assigner - DEBUG - Операция 4 назначена роботу 3 (нагрузка: 11.61)
2025-09-20 20:55:39 - ROBOTY.assigner - DEBUG - Операция 5 назначена роботу 6 (нагрузка: 9.75)
2025-09-20 20:55:39 - ROBOTY.assigner - DEBUG - Операция 6 назначена роботу 2 (нагрузка: 8.63)
2025-09-20 20:55:39 - ROBOTY.assigner - DEBUG - Операция 7 назначена роботу 1 (нагрузка: 9.81)
2025-09-20 20:55:39 - ROBOTY.assigner - DEBUG - Операция 8 назначена роботу 0 (нагрузка: 9.80)
2025-09-20 20:55:39 - ROBOTY.assigner - DEBUG - Операция 9 назначена роботу 7 (нагрузка: 11.69)
2025-09-20 20:55:39 - ROBOTY.assigner - DEBUG - Операция 10 назначена роботу 9 (нагрузка: 10.97)
2025-09-20 20:55:39 - ROBOTY.assigner - DEBUG - Операция 11 назначена роботу 4 (нагрузка: 14.49)
2025-09-20 20:55:39 - ROBOTY.assigner - DEBUG - Операция 12 назначена роботу 2 (нагрузка: 16.47)
2025-09-20 20:55:39 - ROBOTY.assigner - DEBUG - Операция 13 назначена роботу 7 (нагрузка: 19.87)
2025-09-20 20:55:39 - ROBOTY.assigner - DEBUG - Операция 14 назначена роботу 8 (нагрузка: 18.74)
2025-09-20 20:55:39 - ROBOTY.assigner - DEBUG - Операция 15 назначена роботу 9 (нагрузка: 20.97)
2025-09-20 20:55:39 - ROBOTY.assigner - DEBUG - Операция 16 назначена роботу 0 (нагрузка: 14.41)
2025-09-20 20:55:39 - ROBOTY.assigner - DEBUG - Операция 17 назначена роботу 1 (нагрузка: 18.93)
2025-09-20 20:55:39 - ROBOTY.assigner - DEBUG - Операция 18 назначена роботу 6 (нагрузка: 23.86)
2025-09-20 20:55:39 - ROBOTY.assigner - DEBUG - Операция 19 назначена роботу 3 (нагрузка: 24.77)
2025-09-20 20:55:39 - ROBOTY.assigner - DEBUG - Операция 20 назначена роботу 2 (нагрузка: 22.47)
2025-09-20 20:55:39 - ROBOTY.assigner - DEBUG - Операция 21 назначена роботу 5 (нагрузка: 21.23)
2025-09-20 20:55:39 - ROBOTY.assigner - DEBUG - Операция 22 назначена роботу 4 (нагрузка: 24.87)
2025-09-20 20:55:39 - ROBOTY.assigner - DEBUG - Операция 23 назначена роботу 0 (нагрузка: 29.41)
2025-09-20 20:55:39 - ROBOTY.assigner - DEBUG - Операция 24 назначена роботу 8 (нагрузка: 28.27)
2025-09-20 20:55:39 - ROBOTY.assigner - DEBUG - Операция 25 назначена роботу 1 (нагрузка: 27.66)
2025-09-20 20:55:39 - ROBOTY.assigner - DEBUG - Операция 26 назначена роботу 5 (нагрузка: 27.34)
2025-09-20 20:55:39 - ROBOTY.assigner - DEBUG - Операция 27 назначена роботу 7 (нагрузка: 26.22)
2025-09-20 20:55:39 - ROBOTY.assigner - DEBUG - Операция 28 назначена роботу 2 (нагрузка: 29.27)
2025-09-20 20:55:39 - ROBOTY.assigner - DEBUG - Операция 29 назначена роботу 9 (нагрузка: 33.59)
2025-09-20 20:55:39 - ROBOTY.assigner - INFO - Распределено 30 операций с балансировкой нагрузки
2025-09-20 20:55:39 - ROBOTY.assigner - INFO - Итоговые нагрузки роботов: ['29.41', '27.66', '29.27', '24.77', '24.87', '27.34', '23.86', '26.22', '28.27', '33.59']
2025-09-20 20:55:39 - ROBOTY.assigner - INFO - Робот 0: 3 операций, нагрузка 29.41
2025-09-20 20:55:39 - ROBOTY.assigner - INFO - Робот 1: 3 операций, нагрузка 27.66
2025-09-20 20:55:39 - ROBOTY.assigner - INFO - Робот 2: 4 операций, нагрузка 29.27
2025-09-20 20:55:39 - ROBOTY.assigner - INFO - Робот 3: 2 операций, нагрузка 24.77
2025-09-20 20:55:39 - ROBOTY.assigner - INFO - Робот 4: 3 операций, нагрузка 24.87
2025-09-20 20:55:39 - ROBOTY.assigner - INFO - Робот 5: 3 операций, нагрузка 27.34
2025-09-20 20:55:39 - ROBOTY.assigner - INFO - Робот 6: 2 операций, нагрузка 23.86
2025-09-20 20:55:39 - ROBOTY.assigner - INFO - Робот 7: 4 операций, нагрузка 26.22
2025-09-20 20:55:39 - ROBOTY.assigner - INFO - Робот 8: 3 операций, нагрузка 28.27
2025-09-20 20:55:39 - ROBOTY.assigner - INFO - Робот 9: 3 операций, нагрузка 33.59
2025-09-20 20:55:39 - ROBOTY.planner - INFO - Операции назначены методом: balanced
2025-09-20 20:55:39 - ROBOTY.planner - INFO - Планирование траектории для робота 1 (ID: 1) с 3 операциями
2025-09-20 20:55:39 - ROBOTY.planner - DEBUG - Планирование траектории для робота с 3 операциями
2025-09-20 20:55:39 - ROBOTY.planner - DEBUG - Операция 1 запланирована, время завершения: 11.54
2025-09-20 20:55:39 - ROBOTY.planner - DEBUG - Операция 2 запланирована, время завершения: 24.10
2025-09-20 20:55:39 - ROBOTY.planner - DEBUG - Операция 3 запланирована, время завершения: 37.59
2025-09-20 20:55:39 - ROBOTY.planner - INFO - Траектория робота запланирована, общее время: 37.59
2025-09-20 20:55:39 - ROBOTY.planner - INFO - Робот 1: траектория содержит 72 точек
2025-09-20 20:55:39 - ROBOTY.planner - INFO - Планирование траектории для робота 2 (ID: 2) с 3 операциями
2025-09-20 20:55:39 - ROBOTY.planner - DEBUG - Планирование траектории для робота с 3 операциями
2025-09-20 20:55:39 - ROBOTY.planner - DEBUG - Операция 1 запланирована, время завершения: 12.16
2025-09-20 20:55:39 - ROBOTY.planner - DEBUG - Операция 2 запланирована, время завершения: 21.18
2025-09-20 20:55:39 - ROBOTY.planner - DEBUG - Операция 3 запланирована, время завершения: 33.02
2025-09-20 20:55:39 - ROBOTY.planner - INFO - Траектория робота запланирована, общее время: 33.02
2025-09-20 20:55:39 - ROBOTY.planner - INFO - Робот 2: траектория содержит 72 точек
2025-09-20 20:55:39 - ROBOTY.planner - INFO - Планирование траектории для робота 3 (ID: 3) с 4 операциями
2025-09-20 20:55:39 - ROBOTY.planner - DEBUG - Планирование траектории для робота с 4 операциями
2025-09-20 20:55:39 - ROBOTY.planner - DEBUG - Операция 1 запланирована, время завершения: 10.20
2025-09-20 20:55:39 - ROBOTY.planner - DEBUG - Операция 2 запланирована, время завершения: 19.19
2025-09-20 20:55:39 - ROBOTY.planner - DEBUG - Операция 3 запланирована, время завершения: 33.81
2025-09-20 20:55:39 - ROBOTY.planner - DEBUG - Операция 4 запланирована, время завершения: 43.04
2025-09-20 20:55:39 - ROBOTY.planner - INFO - Траектория робота запланирована, общее время: 43.04
2025-09-20 20:55:39 - ROBOTY.planner - INFO - Робот 3: траектория содержит 96 точек
2025-09-20 20:55:39 - ROBOTY.planner - INFO - Планирование траектории для робота 4 (ID: 4) с 2 операциями
2025-09-20 20:55:39 - ROBOTY.planner - DEBUG - Планирование траектории для робота с 2 операциями
2025-09-20 20:55:39 - ROBOTY.planner - DEBUG - Операция 1 запланирована, время завершения: 13.92
2025-09-20 20:55:39 - ROBOTY.planner - DEBUG - Операция 2 запланирована, время завершения: 28.70
2025-09-20 20:55:39 - ROBOTY.planner - INFO - Траектория робота запланирована, общее время: 28.70
2025-09-20 20:55:39 - ROBOTY.planner - INFO - Робот 4: траектория содержит 48 точек
2025-09-20 20:55:39 - ROBOTY.planner - INFO - Планирование траектории для робота 5 (ID: 5) с 3 операциями
2025-09-20 20:55:39 - ROBOTY.planner - DEBUG - Планирование траектории для робота с 3 операциями
2025-09-20 20:55:39 - ROBOTY.planner - DEBUG - Операция 1 запланирована, время завершения: 9.46
2025-09-20 20:55:39 - ROBOTY.planner - DEBUG - Операция 2 запланирована, время завершения: 22.29
2025-09-20 20:55:39 - ROBOTY.planner - DEBUG - Операция 3 запланирована, время завершения: 35.63
2025-09-20 20:55:39 - ROBOTY.planner - INFO - Траектория робота запланирована, общее время: 35.63
2025-09-20 20:55:39 - ROBOTY.planner - INFO - Робот 5: траектория содержит 72 точек
2025-09-20 20:55:39 - ROBOTY.planner - INFO - Планирование траектории для робота 6 (ID: 6) с 3 операциями
2025-09-20 20:55:39 - ROBOTY.planner - DEBUG - Планирование траектории для робота с 3 операциями
2025-09-20 20:55:39 - ROBOTY.planner - DEBUG - Операция 1 запланирована, время завершения: 15.32
2025-09-20 20:55:39 - ROBOTY.planner - DEBUG - Операция 2 запланирована, время завершения: 26.39
2025-09-20 20:55:39 - ROBOTY.planner - DEBUG - Операция 3 запланирована, время завершения: 38.23
2025-09-20 20:55:39 - ROBOTY.planner - INFO - Траектория робота запланирована, общее время: 38.23
2025-09-20 20:55:39 - ROBOTY.planner - INFO - Робот 6: траектория содержит 72 точек
2025-09-20 20:55:39 - ROBOTY.planner - INFO - Планирование траектории для робота 7 (ID: 7) с 2 операциями
2025-09-20 20:55:39 - ROBOTY.planner - DEBUG - Планирование траектории для робота с 2 операциями
2025-09-20 20:55:39 - ROBOTY.planner - DEBUG - Операция 1 запланирована, время завершения: 11.57
2025-09-20 20:55:39 - ROBOTY.planner - DEBUG - Операция 2 запланирована, время завершения: 26.14
2025-09-20 20:55:39 - ROBOTY.planner - INFO - Траектория робота запланирована, общее время: 26.14
2025-09-20 20:55:39 - ROBOTY.planner - INFO - Робот 7: траектория содержит 48 точек
2025-09-20 20:55:39 - ROBOTY.planner - INFO - Планирование траектории для робота 8 (ID: 8) с 4 операциями
2025-09-20 20:55:39 - ROBOTY.planner - DEBUG - Планирование траектории для робота с 4 операциями
2025-09-20 20:55:39 - ROBOTY.planner - DEBUG - Операция 1 запланирована, время завершения: 6.66
2025-09-20 20:55:39 - ROBOTY.planner - DEBUG - Операция 2 запланирована, время завершения: 14.21
2025-09-20 20:55:39 - ROBOTY.planner - DEBUG - Операция 3 запланирована, время завершения: 25.92
2025-09-20 20:55:39 - ROBOTY.planner - DEBUG - Операция 4 запланирована, время завершения: 34.20
2025-09-20 20:55:39 - ROBOTY.planner - INFO - Траектория робота запланирована, общее время: 34.20
2025-09-20 20:55:39 - ROBOTY.planner - INFO - Робот 8: траектория содержит 96 точек
2025-09-20 20:55:39 - ROBOTY.planner - INFO - Планирование траектории для робота 9 (ID: 9) с 3 операциями
2025-09-20 20:55:39 - ROBOTY.planner - DEBUG - Планирование траектории для робота с 3 операциями
2025-09-20 20:55:39 - ROBOTY.planner - DEBUG - Операция 1 запланирована, время завершения: 11.50
2025-09-20 20:55:39 - ROBOTY.planner - DEBUG - Операция 2 запланирована, время завершения: 22.81
2025-09-20 20:55:39 - ROBOTY.planner - DEBUG - Операция 3 запланирована, время завершения: 36.48
2025-09-20 20:55:39 - ROBOTY.planner - INFO - Траектория робота запланирована, общее время: 36.48
2025-09-20 20:55:39 - ROBOTY.planner - INFO - Робот 9: траектория содержит 72 точек
2025-09-20 20:55:39 - ROBOTY.planner - INFO - Планирование траектории для робота 10 (ID: 10) с 3 операциями
2025-09-20 20:55:39 - ROBOTY.planner - DEBUG - Планирование траектории для робота с 3 операциями
2025-09-20 20:55:39 - ROBOTY.planner - DEBUG - Операция 1 запланирована, время завершения: 12.69
2025-09-20 20:55:39 - ROBOTY.planner - DEBUG - Операция 2 запланирована, время завершения: 28.57
2025-09-20 20:55:39 - ROBOTY.planner - DEBUG - Операция 3 запланирована, время завершения: 47.58
2025-09-20 20:55:39 - ROBOTY.planner - INFO - Траектория робота запланирована, общее время: 47.58
2025-09-20 20:55:39 - ROBOTY.planner - INFO - Робот 10: траектория содержит 72 точек
2025-09-20 20:55:39 - ROBOTY.planner - INFO - Планирование завершено. Makespan: 47.58
2025-09-20 20:55:39 - ROBOTY.main - INFO - Планировщик успешно завершил работу
2025-09-20 20:55:39 - ROBOTY.collision - INFO - Начинаем детальную проверку коллизий
2025-09-20 20:55:39 - ROBOTY.collision - DEBUG - Проверяем коллизии в диапазоне времени: 0.00 - 47.58
2025-09-20 20:55:39 - ROBOTY.collision - WARNING - Коллизия: роботы 1 и 8 в 8.50s, расстояние: 0.473, требуется: 0.500
2025-09-20 20:55:39 - ROBOTY.collision - WARNING - Коллизия: роботы 1 и 8 в 8.60s, расстояние: 0.440, требуется: 0.500
2025-09-20 20:55:39 - ROBOTY.collision - WARNING - Коллизия: роботы 1 и 8 в 8.70s, расстояние: 0.442, требуется: 0.500
2025-09-20 20:55:39 - ROBOTY.collision - WARNING - Коллизия: роботы 1 и 8 в 8.80s, расстояние: 0.481, требуется: 0.500
2025-09-20 20:55:39 - ROBOTY.collision - WARNING - Коллизия: роботы 1 и 7 в 9.50s, расстояние: 0.398, требуется: 0.500
2025-09-20 20:55:39 - ROBOTY.collision - WARNING - Коллизия: роботы 1 и 7 в 9.60s, расстояние: 0.355, требуется: 0.500
2025-09-20 20:55:39 - ROBOTY.collision - WARNING - Коллизия: роботы 1 и 7 в 9.70s, расстояние: 0.410, требуется: 0.500
2025-09-20 20:55:39 - ROBOTY.collision - WARNING - Коллизия: роботы 1 и 6 в 27.80s, расстояние: 0.307, требуется: 0.500
2025-09-20 20:55:39 - ROBOTY.collision - WARNING - Коллизия: роботы 1 и 6 в 27.90s, расстояние: 0.190, требуется: 0.500
2025-09-20 20:55:39 - ROBOTY.collision - WARNING - Коллизия: роботы 1 и 6 в 28.00s, расстояние: 0.281, требуется: 0.500
2025-09-20 20:55:39 - ROBOTY.collision - WARNING - Коллизия: роботы 1 и 6 в 28.10s, расстояние: 0.472, требуется: 0.500
2025-09-20 20:55:39 - ROBOTY.collision - WARNING - Коллизия: роботы 5 и 10 в 30.90s, расстояние: 0.446, требуется: 0.500
2025-09-20 20:55:39 - ROBOTY.collision - WARNING - Коллизия: роботы 5 и 10 в 31.00s, расстояние: 0.436, требуется: 0.500
2025-09-20 20:55:39 - ROBOTY.collision - ERROR - Обнаружено 13 коллизий
2025-09-20 20:55:39 - ROBOTY.main - WARNING - Обнаружено 13 коллизий
2025-09-20 20:55:40 - ROBOTY.main - INFO - Открытие визуализатора
2025-09-20 20:55:40 - ROBOTY.visualizer - INFO - Запуск визуализации типа: 3d
2025-09-20 20:55:40 - ROBOTY.visualizer - INFO - Создание 3D визуализации траекторий
2025-09-20 20:55:40 - ROBOTY.visualizer - INFO - 3D визуализация создана
2025-09-20 20:55:40 - ROBOTY.visualizer - INFO - Визуализация сохранена в файл: /Users/maksimchernukha/Pictures/ROBOTY/viz/../outputs/visualizations/visualization_3d_20250920_205540.html
2025-09-20 20:55:41 - ROBOTY.visualizer - INFO - Визуализация открыта в браузере
2025-09-20 20:55:41 - ROBOTY.main - INFO - Визуализация успешно завершена
2025-09-20 20:56:16 - ROBOTY.main - INFO - Создан входной файл: /Users/maksimchernukha/Pictures/ROBOTY/data/input_20250920_205552.json
2025-09-20 20:56:16 - ROBOTY.parser - INFO - Начинаем загрузку файла: /Users/maksimchernukha/Pictures/ROBOTY/data/input_20250920_205552.json
2025-09-20 20:56:16 - ROBOTY.parser - INFO - Файл /Users/maksimchernukha/Pictures/ROBOTY/data/input_20250920_205552.json успешно загружен
2025-09-20 20:56:16 - ROBOTY.parser - DEBUG - Робот 1 успешно загружен
2025-09-20 20:56:16 - ROBOTY.parser - DEBUG - Робот 2 успешно загружен
2025-09-20 20:56:16 - ROBOTY.parser - DEBUG - Робот 3 успешно загружен
2025-09-20 20:56:16 - ROBOTY.parser - DEBUG - Робот 4 успешно загружен
2025-09-20 20:56:16 - ROBOTY.parser - DEBUG - Робот 5 успешно загружен
2025-09-20 20:56:16 - ROBOTY.parser - DEBUG - Робот 6 успешно загружен
2025-09-20 20:56:16 - ROBOTY.parser - DEBUG - Робот 7 успешно загружен
2025-09-20 20:56:16 - ROBOTY.parser - DEBUG - Робот 8 успешно загружен
2025-09-20 20:56:16 - ROBOTY.parser - DEBUG - Робот 9 успешно загружен
2025-09-20 20:56:16 - ROBOTY.parser - DEBUG - Робот 10 успешно загружен
2025-09-20 20:56:16 - ROBOTY.parser - DEBUG - Операция 1 успешно загружена
2025-09-20 20:56:16 - ROBOTY.parser - DEBUG - Операция 2 успешно загружена
2025-09-20 20:56:16 - ROBOTY.parser - DEBUG - Операция 3 успешно загружена
2025-09-20 20:56:16 - ROBOTY.parser - DEBUG - Операция 4 успешно загружена
2025-09-20 20:56:16 - ROBOTY.parser - DEBUG - Операция 5 успешно загружена
2025-09-20 20:56:16 - ROBOTY.parser - DEBUG - Операция 6 успешно загружена
2025-09-20 20:56:16 - ROBOTY.parser - DEBUG - Операция 7 успешно загружена
2025-09-20 20:56:16 - ROBOTY.parser - DEBUG - Операция 8 успешно загружена
2025-09-20 20:56:16 - ROBOTY.parser - DEBUG - Операция 9 успешно загружена
2025-09-20 20:56:16 - ROBOTY.parser - DEBUG - Операция 10 успешно загружена
2025-09-20 20:56:16 - ROBOTY.parser - DEBUG - Операция 11 успешно загружена
2025-09-20 20:56:16 - ROBOTY.parser - DEBUG - Операция 12 успешно загружена
2025-09-20 20:56:16 - ROBOTY.parser - DEBUG - Операция 13 успешно загружена
2025-09-20 20:56:16 - ROBOTY.parser - DEBUG - Операция 14 успешно загружена
2025-09-20 20:56:16 - ROBOTY.parser - DEBUG - Операция 15 успешно загружена
2025-09-20 20:56:16 - ROBOTY.parser - DEBUG - Операция 16 успешно загружена
2025-09-20 20:56:16 - ROBOTY.parser - DEBUG - Операция 17 успешно загружена
2025-09-20 20:56:16 - ROBOTY.parser - DEBUG - Операция 18 успешно загружена
2025-09-20 20:56:16 - ROBOTY.parser - DEBUG - Операция 19 успешно загружена
2025-09-20 20:56:16 - ROBOTY.parser - DEBUG - Операция 20 успешно загружена
2025-09-20 20:56:16 - ROBOTY.parser - DEBUG - Операция 21 успешно загружена
2025-09-20 20:56:16 - ROBOTY.parser - DEBUG - Операция 22 успешно загружена
2025-09-20 20:56:16 - ROBOTY.parser - DEBUG - Операция 23 успешно загружена
2025-09-20 20:56:16 - ROBOTY.parser - DEBUG - Операция 24 успешно загружена
2025-09-20 20:56:16 - ROBOTY.parser - DEBUG - Операция 25 успешно загружена
2025-09-20 20:56:16 - ROBOTY.parser - DEBUG - Операция 26 успешно загружена
2025-09-20 20:56:16 - ROBOTY.parser - DEBUG - Операция 27 успешно загружена
2025-09-20 20:56:16 - ROBOTY.parser - DEBUG - Операция 28 успешно загружена
2025-09-20 20:56:16 - ROBOTY.parser - DEBUG - Операция 29 успешно загружена
2025-09-20 20:56:16 - ROBOTY.parser - DEBUG - Операция 30 успешно загружена
2025-09-20 20:56:16 - ROBOTY.parser - INFO - Загружено 10 роботов и 30 операций
2025-09-20 20:56:17 - ROBOTY.main - INFO - Запуск планировщика
2025-09-20 20:56:17 - ROBOTY.planner - INFO - Запуск планировщика траекторий
2025-09-20 20:56:17 - ROBOTY.assigner - INFO - Начинаем назначение операций методом: balanced
2025-09-20 20:56:17 - ROBOTY.assigner - DEBUG - Операция 0 назначена роботу 2 (нагрузка: 35.13)
2025-09-20 20:56:17 - ROBOTY.assigner - DEBUG - Операция 1 назначена роботу 7 (нагрузка: 31.75)
2025-09-20 20:56:17 - ROBOTY.assigner - DEBUG - Операция 2 назначена роботу 0 (нагрузка: 27.39)
2025-09-20 20:56:17 - ROBOTY.assigner - DEBUG - Операция 3 назначена роботу 8 (нагрузка: 25.02)
2025-09-20 20:56:17 - ROBOTY.assigner - DEBUG - Операция 4 назначена роботу 3 (нагрузка: 32.30)
2025-09-20 20:56:17 - ROBOTY.assigner - DEBUG - Операция 5 назначена роботу 9 (нагрузка: 42.02)
2025-09-20 20:56:17 - ROBOTY.assigner - DEBUG - Операция 6 назначена роботу 6 (нагрузка: 15.25)
2025-09-20 20:56:17 - ROBOTY.assigner - DEBUG - Операция 7 назначена роботу 1 (нагрузка: 65.45)
2025-09-20 20:56:17 - ROBOTY.assigner - DEBUG - Операция 8 назначена роботу 5 (нагрузка: 28.65)
2025-09-20 20:56:17 - ROBOTY.assigner - DEBUG - Операция 9 назначена роботу 8 (нагрузка: 56.25)
2025-09-20 20:56:17 - ROBOTY.assigner - DEBUG - Операция 10 назначена роботу 4 (нагрузка: 14.29)
2025-09-20 20:56:17 - ROBOTY.assigner - DEBUG - Операция 11 назначена роботу 6 (нагрузка: 65.80)
2025-09-20 20:56:17 - ROBOTY.assigner - DEBUG - Операция 12 назначена роботу 4 (нагрузка: 40.32)
2025-09-20 20:56:17 - ROBOTY.assigner - DEBUG - Операция 13 назначена роботу 7 (нагрузка: 66.36)
2025-09-20 20:56:17 - ROBOTY.assigner - DEBUG - Операция 14 назначена роботу 3 (нагрузка: 65.51)
2025-09-20 20:56:17 - ROBOTY.assigner - DEBUG - Операция 15 назначена роботу 9 (нагрузка: 79.30)
2025-09-20 20:56:17 - ROBOTY.assigner - DEBUG - Операция 16 назначена роботу 0 (нагрузка: 44.51)
2025-09-20 20:56:17 - ROBOTY.assigner - DEBUG - Операция 17 назначена роботу 5 (нагрузка: 67.28)
2025-09-20 20:56:17 - ROBOTY.assigner - DEBUG - Операция 18 назначена роботу 8 (нагрузка: 74.50)
2025-09-20 20:56:17 - ROBOTY.assigner - DEBUG - Операция 19 назначена роботу 2 (нагрузка: 69.53)
2025-09-20 20:56:17 - ROBOTY.assigner - DEBUG - Операция 20 назначена роботу 7 (нагрузка: 101.15)
2025-09-20 20:56:17 - ROBOTY.assigner - DEBUG - Операция 21 назначена роботу 4 (нагрузка: 72.81)
2025-09-20 20:56:17 - ROBOTY.assigner - DEBUG - Операция 22 назначена роботу 0 (нагрузка: 84.55)
2025-09-20 20:56:17 - ROBOTY.assigner - DEBUG - Операция 23 назначена роботу 3 (нагрузка: 97.26)
2025-09-20 20:56:17 - ROBOTY.assigner - DEBUG - Операция 24 назначена роботу 6 (нагрузка: 97.90)
2025-09-20 20:56:17 - ROBOTY.assigner - DEBUG - Операция 25 назначена роботу 5 (нагрузка: 90.41)
2025-09-20 20:56:17 - ROBOTY.assigner - DEBUG - Операция 26 назначена роботу 2 (нагрузка: 89.33)
2025-09-20 20:56:17 - ROBOTY.assigner - DEBUG - Операция 27 назначена роботу 1 (нагрузка: 120.35)
2025-09-20 20:56:17 - ROBOTY.assigner - DEBUG - Операция 28 назначена роботу 8 (нагрузка: 113.08)
2025-09-20 20:56:17 - ROBOTY.assigner - DEBUG - Операция 29 назначена роботу 0 (нагрузка: 123.64)
2025-09-20 20:56:17 - ROBOTY.assigner - INFO - Распределено 30 операций с балансировкой нагрузки
2025-09-20 20:56:17 - ROBOTY.assigner - INFO - Итоговые нагрузки роботов: ['123.64', '120.35', '89.33', '97.26', '72.81', '90.41', '97.90', '101.15', '113.08', '79.30']
2025-09-20 20:56:17 - ROBOTY.assigner - INFO - Робот 0: 4 операций, нагрузка 123.64
2025-09-20 20:56:17 - ROBOTY.assigner - INFO - Робот 1: 2 операций, нагрузка 120.35
2025-09-20 20:56:17 - ROBOTY.assigner - INFO - Робот 2: 3 операций, нагрузка 89.33
2025-09-20 20:56:17 - ROBOTY.assigner - INFO - Робот 3: 3 операций, нагрузка 97.26
2025-09-20 20:56:17 - ROBOTY.assigner - INFO - Робот 4: 3 операций, нагрузка 72.81
2025-09-20 20:56:17 - ROBOTY.assigner - INFO - Робот 5: 3 операций, нагрузка 90.41
2025-09-20 20:56:17 - ROBOTY.assigner - INFO - Робот 6: 3 операций, нагрузка 97.90
2025-09-20 20:56:17 - ROBOTY.assigner - INFO - Робот 7: 3 операций, нагрузка 101.15
2025-09-20 20:56:17 - ROBOTY.assigner - INFO - Робот 8: 4 операций, нагрузка 113.08
2025-09-20 20:56:17 - ROBOTY.assigner - INFO - Робот 9: 2 операций, нагрузка 79.30
2025-09-20 20:56:17 - ROBOTY.planner - INFO - Операции назначены методом: balanced
2025-09-20 20:56:17 - ROBOTY.planner - INFO - Планирование траектории для робота 1 (ID: 1) с 4 операциями
2025-09-20 20:56:17 - ROBOTY.planner - DEBUG - Планирование траектории для робота с 4 операциями
2025-09-20 20:56:17 - ROBOTY.planner - DEBUG - Операция 1 запланирована, время завершения: 29.52
2025-09-20 20:56:17 - ROBOTY.planner - DEBUG - Операция 2 запланирована, время завершения: 63.23
2025-09-20 20:56:17 - ROBOTY.planner - DEBUG - Операция 3 запланирована, время завершения: 96.40
2025-09-20 20:56:17 - ROBOTY.planner - DEBUG - Операция 4 запланирована, время завершения: 167.27
2025-09-20 20:56:17 - ROBOTY.planner - INFO - Траектория робота запланирована, общее время: 167.27
2025-09-20 20:56:17 - ROBOTY.planner - INFO - Робот 1: траектория содержит 96 точек
2025-09-20 20:56:17 - ROBOTY.planner - INFO - Планирование траектории для робота 2 (ID: 2) с 2 операциями
2025-09-20 20:56:17 - ROBOTY.planner - DEBUG - Планирование траектории для робота с 2 операциями
2025-09-20 20:56:17 - ROBOTY.planner - DEBUG - Операция 1 запланирована, время завершения: 66.92
2025-09-20 20:56:17 - ROBOTY.planner - DEBUG - Операция 2 запланирована, время завершения: 170.37
2025-09-20 20:56:17 - ROBOTY.planner - INFO - Траектория робота запланирована, общее время: 170.37
2025-09-20 20:56:17 - ROBOTY.planner - INFO - Робот 2: траектория содержит 48 точек
2025-09-20 20:56:17 - ROBOTY.planner - INFO - Планирование траектории для робота 3 (ID: 3) с 3 операциями
2025-09-20 20:56:17 - ROBOTY.planner - DEBUG - Планирование траектории для робота с 3 операциями
2025-09-20 20:56:17 - ROBOTY.planner - DEBUG - Операция 1 запланирована, время завершения: 37.10
2025-09-20 20:56:17 - ROBOTY.planner - DEBUG - Операция 2 запланирована, время завершения: 83.94
2025-09-20 20:56:17 - ROBOTY.planner - DEBUG - Операция 3 запланирована, время завершения: 121.46
2025-09-20 20:56:17 - ROBOTY.planner - INFO - Траектория робота запланирована, общее время: 121.46
2025-09-20 20:56:17 - ROBOTY.planner - INFO - Робот 3: траектория содержит 72 точек
2025-09-20 20:56:17 - ROBOTY.planner - INFO - Планирование траектории для робота 4 (ID: 4) с 3 операциями
2025-09-20 20:56:17 - ROBOTY.planner - DEBUG - Планирование траектории для робота с 3 операциями
2025-09-20 20:56:17 - ROBOTY.planner - DEBUG - Операция 1 запланирована, время завершения: 34.31
2025-09-20 20:56:17 - ROBOTY.planner - DEBUG - Операция 2 запланирована, время завершения: 77.87
2025-09-20 20:56:17 - ROBOTY.planner - DEBUG - Операция 3 запланирована, время завершения: 123.21
2025-09-20 20:56:17 - ROBOTY.planner - INFO - Траектория робота запланирована, общее время: 123.21
2025-09-20 20:56:17 - ROBOTY.planner - INFO - Робот 4: траектория содержит 72 точек
2025-09-20 20:56:17 - ROBOTY.planner - INFO - Планирование траектории для робота 5 (ID: 5) с 3 операциями
2025-09-20 20:56:17 - ROBOTY.planner - DEBUG - Планирование траектории для робота с 3 операциями
2025-09-20 20:56:17 - ROBOTY.planner - DEBUG - Операция 1 запланирована, время завершения: 15.38
2025-09-20 20:56:17 - ROBOTY.planner - DEBUG - Операция 2 запланирована, время завершения: 31.15
2025-09-20 20:56:17 - ROBOTY.planner - DEBUG - Операция 3 запланирована, время завершения: 59.77
2025-09-20 20:56:17 - ROBOTY.planner - INFO - Траектория робота запланирована, общее время: 59.77
2025-09-20 20:56:17 - ROBOTY.planner - INFO - Робот 5: траектория содержит 72 точек
2025-09-20 20:56:17 - ROBOTY.planner - INFO - Планирование траектории для робота 6 (ID: 6) с 3 операциями
2025-09-20 20:56:17 - ROBOTY.planner - DEBUG - Планирование траектории для робота с 3 операциями
2025-09-20 20:56:17 - ROBOTY.planner - DEBUG - Операция 1 запланирована, время завершения: 30.64
2025-09-20 20:56:17 - ROBOTY.planner - DEBUG - Операция 2 запланирована, время завершения: 58.97
2025-09-20 20:56:17 - ROBOTY.planner - DEBUG - Операция 3 запланирована, время завершения: 84.45
2025-09-20 20:56:17 - ROBOTY.planner - INFO - Траектория робота запланирована, общее время: 84.45
2025-09-20 20:56:17 - ROBOTY.planner - INFO - Робот 6: траектория содержит 72 точек
2025-09-20 20:56:17 - ROBOTY.planner - INFO - Планирование траектории для робота 7 (ID: 7) с 3 операциями
2025-09-20 20:56:17 - ROBOTY.planner - DEBUG - Планирование траектории для робота с 3 операциями
2025-09-20 20:56:17 - ROBOTY.planner - DEBUG - Операция 1 запланирована, время завершения: 16.75
2025-09-20 20:56:17 - ROBOTY.planner - DEBUG - Операция 2 запланирована, время завершения: 72.61
2025-09-20 20:56:17 - ROBOTY.planner - DEBUG - Операция 3 запланирована, время завершения: 129.10
2025-09-20 20:56:17 - ROBOTY.planner - INFO - Траектория робота запланирована, общее время: 129.10
2025-09-20 20:56:17 - ROBOTY.planner - INFO - Робот 7: траектория содержит 72 точек
2025-09-20 20:56:17 - ROBOTY.planner - INFO - Планирование траектории для робота 8 (ID: 8) с 3 операциями
2025-09-20 20:56:17 - ROBOTY.planner - DEBUG - Планирование траектории для робота с 3 операциями
2025-09-20 20:56:17 - ROBOTY.planner - DEBUG - Операция 1 запланирована, время завершения: 33.97
2025-09-20 20:56:17 - ROBOTY.planner - DEBUG - Операция 2 запланирована, время завершения: 79.81
2025-09-20 20:56:17 - ROBOTY.planner - DEBUG - Операция 3 запланирована, время завершения: 120.58
2025-09-20 20:56:17 - ROBOTY.planner - INFO - Траектория робота запланирована, общее время: 120.58
2025-09-20 20:56:17 - ROBOTY.planner - INFO - Робот 8: траектория содержит 72 точек
2025-09-20 20:56:17 - ROBOTY.planner - INFO - Планирование траектории для робота 9 (ID: 9) с 4 операциями
2025-09-20 20:56:17 - ROBOTY.planner - DEBUG - Планирование траектории для робота с 4 операциями
2025-09-20 20:56:17 - ROBOTY.planner - DEBUG - Операция 1 запланирована, время завершения: 27.49
2025-09-20 20:56:17 - ROBOTY.planner - DEBUG - Операция 2 запланирована, время завершения: 75.69
2025-09-20 20:56:17 - ROBOTY.planner - DEBUG - Операция 3 запланирована, время завершения: 113.78
2025-09-20 20:56:17 - ROBOTY.planner - DEBUG - Операция 4 запланирована, время завершения: 140.93
2025-09-20 20:56:17 - ROBOTY.planner - INFO - Траектория робота запланирована, общее время: 140.93
2025-09-20 20:56:17 - ROBOTY.planner - INFO - Робот 9: траектория содержит 96 точек
2025-09-20 20:56:17 - ROBOTY.planner - INFO - Планирование траектории для робота 10 (ID: 10) с 2 операциями
2025-09-20 20:56:17 - ROBOTY.planner - DEBUG - Планирование траектории для робота с 2 операциями
2025-09-20 20:56:17 - ROBOTY.planner - DEBUG - Операция 1 запланирована, время завершения: 44.33
2025-09-20 20:56:17 - ROBOTY.planner - DEBUG - Операция 2 запланирована, время завершения: 112.63
2025-09-20 20:56:17 - ROBOTY.planner - INFO - Траектория робота запланирована, общее время: 112.63
2025-09-20 20:56:17 - ROBOTY.planner - INFO - Робот 10: траектория содержит 48 точек
2025-09-20 20:56:17 - ROBOTY.planner - INFO - Планирование завершено. Makespan: 170.37
2025-09-20 20:56:17 - ROBOTY.main - INFO - Планировщик успешно завершил работу
2025-09-20 20:56:17 - ROBOTY.collision - INFO - Начинаем детальную проверку коллизий
2025-09-20 20:56:17 - ROBOTY.collision - DEBUG - Проверяем коллизии в диапазоне времени: 0.00 - 170.37
2025-09-20 20:56:17 - ROBOTY.collision - WARNING - Коллизия: роботы 1 и 3 в 12.60s, расстояние: 0.490, требуется: 0.500
2025-09-20 20:56:17 - ROBOTY.collision - WARNING - Коллизия: роботы 1 и 3 в 12.70s, расстояние: 0.445, требуется: 0.500
2025-09-20 20:56:17 - ROBOTY.collision - WARNING - Коллизия: роботы 1 и 3 в 12.80s, расстояние: 0.414, требуется: 0.500
2025-09-20 20:56:17 - ROBOTY.collision - WARNING - Коллизия: роботы 1 и 3 в 12.90s, расстояние: 0.399, требуется: 0.500
2025-09-20 20:56:17 - ROBOTY.collision - WARNING - Коллизия: роботы 1 и 3 в 13.00s, расстояние: 0.403, требуется: 0.500
2025-09-20 20:56:17 - ROBOTY.collision - WARNING - Коллизия: роботы 1 и 3 в 13.10s, расстояние: 0.425, требуется: 0.500
2025-09-20 20:56:17 - ROBOTY.collision - WARNING - Коллизия: роботы 1 и 3 в 13.20s, расстояние: 0.463, требуется: 0.500
2025-09-20 20:56:17 - ROBOTY.collision - WARNING - Коллизия: роботы 3 и 7 в 104.90s, расстояние: 0.494, требуется: 0.500
2025-09-20 20:56:17 - ROBOTY.collision - ERROR - Обнаружено 8 коллизий
2025-09-20 20:56:17 - ROBOTY.main - WARNING - Обнаружено 8 коллизий
2025-09-20 20:56:18 - ROBOTY.main - INFO - Открытие визуализатора
2025-09-20 20:56:18 - ROBOTY.visualizer - INFO - Запуск визуализации типа: 3d
2025-09-20 20:56:18 - ROBOTY.visualizer - INFO - Создание 3D визуализации траекторий
2025-09-20 20:56:18 - ROBOTY.visualizer - INFO - 3D визуализация создана
2025-09-20 20:56:18 - ROBOTY.visualizer - INFO - Визуализация сохранена в файл: /Users/maksimchernukha/Pictures/ROBOTY/viz/../outputs/visualizations/visualization_3d_20250920_205618.html
2025-09-20 20:56:18 - ROBOTY.visualizer - INFO - Визуализация открыта в браузере
2025-09-20 20:56:18 - ROBOTY.main - INFO - Визуализация успешно завершена
2025-09-20 20:56:40 - ROBOTY.main - INFO - Создан входной файл: /Users/maksimchernukha/Pictures/ROBOTY/data/input_20250920_205630.json
2025-09-20 20:56:40 - ROBOTY.parser - INFO - Начинаем загрузку файла: /Users/maksimchernukha/Pictures/ROBOTY/data/input_20250920_205630.json
2025-09-20 20:56:40 - ROBOTY.parser - INFO - Файл /Users/maksimchernukha/Pictures/ROBOTY/data/input_20250920_205630.json успешно загружен
2025-09-20 20:56:40 - ROBOTY.parser - DEBUG - Робот 1 успешно загружен
2025-09-20 20:56:40 - ROBOTY.parser - DEBUG - Робот 2 успешно загружен
2025-09-20 20:56:40 - ROBOTY.parser - DEBUG - Робот 3 успешно загружен
2025-09-20 20:56:40 - ROBOTY.parser - DEBUG - Робот 4 успешно загружен
2025-09-20 20:56:40 - ROBOTY.parser - DEBUG - Робот 5 успешно загружен
2025-09-20 20:56:40 - ROBOTY.parser - DEBUG - Робот 6 успешно загружен
2025-09-20 20:56:40 - ROBOTY.parser - DEBUG - Робот 7 успешно загружен
2025-09-20 20:56:40 - ROBOTY.parser - DEBUG - Робот 8 успешно загружен
2025-09-20 20:56:40 - ROBOTY.parser - DEBUG - Робот 9 успешно загружен
2025-09-20 20:56:40 - ROBOTY.parser - DEBUG - Робот 10 успешно загружен
2025-09-20 20:56:40 - ROBOTY.parser - DEBUG - Операция 1 успешно загружена
2025-09-20 20:56:40 - ROBOTY.parser - DEBUG - Операция 2 успешно загружена
2025-09-20 20:56:40 - ROBOTY.parser - DEBUG - Операция 3 успешно загружена
2025-09-20 20:56:40 - ROBOTY.parser - DEBUG - Операция 4 успешно загружена
2025-09-20 20:56:40 - ROBOTY.parser - DEBUG - Операция 5 успешно загружена
2025-09-20 20:56:40 - ROBOTY.parser - DEBUG - Операция 6 успешно загружена
2025-09-20 20:56:40 - ROBOTY.parser - DEBUG - Операция 7 успешно загружена
2025-09-20 20:56:40 - ROBOTY.parser - DEBUG - Операция 8 успешно загружена
2025-09-20 20:56:40 - ROBOTY.parser - DEBUG - Операция 9 успешно загружена
2025-09-20 20:56:40 - ROBOTY.parser - DEBUG - Операция 10 успешно загружена
2025-09-20 20:56:40 - ROBOTY.parser - DEBUG - Операция 11 успешно загружена
2025-09-20 20:56:40 - ROBOTY.parser - DEBUG - Операция 12 успешно загружена
2025-09-20 20:56:40 - ROBOTY.parser - DEBUG - Операция 13 успешно загружена
2025-09-20 20:56:40 - ROBOTY.parser - DEBUG - Операция 14 успешно загружена
2025-09-20 20:56:40 - ROBOTY.parser - DEBUG - Операция 15 успешно загружена
2025-09-20 20:56:40 - ROBOTY.parser - DEBUG - Операция 16 успешно загружена
2025-09-20 20:56:40 - ROBOTY.parser - DEBUG - Операция 17 успешно загружена
2025-09-20 20:56:40 - ROBOTY.parser - DEBUG - Операция 18 успешно загружена
2025-09-20 20:56:40 - ROBOTY.parser - DEBUG - Операция 19 успешно загружена
2025-09-20 20:56:40 - ROBOTY.parser - DEBUG - Операция 20 успешно загружена
2025-09-20 20:56:40 - ROBOTY.parser - DEBUG - Операция 21 успешно загружена
2025-09-20 20:56:40 - ROBOTY.parser - DEBUG - Операция 22 успешно загружена
2025-09-20 20:56:40 - ROBOTY.parser - DEBUG - Операция 23 успешно загружена
2025-09-20 20:56:40 - ROBOTY.parser - DEBUG - Операция 24 успешно загружена
2025-09-20 20:56:40 - ROBOTY.parser - DEBUG - Операция 25 успешно загружена
2025-09-20 20:56:40 - ROBOTY.parser - DEBUG - Операция 26 успешно загружена
2025-09-20 20:56:40 - ROBOTY.parser - DEBUG - Операция 27 успешно загружена
2025-09-20 20:56:40 - ROBOTY.parser - DEBUG - Операция 28 успешно загружена
2025-09-20 20:56:40 - ROBOTY.parser - DEBUG - Операция 29 успешно загружена
2025-09-20 20:56:40 - ROBOTY.parser - DEBUG - Операция 30 успешно загружена
2025-09-20 20:56:40 - ROBOTY.parser - INFO - Загружено 10 роботов и 30 операций
2025-09-20 20:56:41 - ROBOTY.main - INFO - Запуск планировщика
2025-09-20 20:56:41 - ROBOTY.planner - INFO - Запуск планировщика траекторий
2025-09-20 20:56:41 - ROBOTY.assigner - INFO - Начинаем назначение операций методом: balanced
2025-09-20 20:56:41 - ROBOTY.assigner - DEBUG - Операция 0 назначена роботу 1 (нагрузка: 876.14)
2025-09-20 20:56:41 - ROBOTY.assigner - DEBUG - Операция 1 назначена роботу 0 (нагрузка: 516.36)
2025-09-20 20:56:41 - ROBOTY.assigner - DEBUG - Операция 2 назначена роботу 4 (нагрузка: 288.16)
2025-09-20 20:56:41 - ROBOTY.assigner - DEBUG - Операция 3 назначена роботу 9 (нагрузка: 857.74)
2025-09-20 20:56:41 - ROBOTY.assigner - DEBUG - Операция 4 назначена роботу 5 (нагрузка: 688.91)
2025-09-20 20:56:41 - ROBOTY.assigner - DEBUG - Операция 5 назначена роботу 6 (нагрузка: 715.27)
2025-09-20 20:56:41 - ROBOTY.assigner - DEBUG - Операция 6 назначена роботу 7 (нагрузка: 832.91)
2025-09-20 20:56:41 - ROBOTY.assigner - DEBUG - Операция 7 назначена роботу 2 (нагрузка: 1350.44)
2025-09-20 20:56:41 - ROBOTY.assigner - DEBUG - Операция 8 назначена роботу 0 (нагрузка: 1215.43)
2025-09-20 20:56:41 - ROBOTY.assigner - DEBUG - Операция 9 назначена роботу 8 (нагрузка: 1814.25)
2025-09-20 20:56:41 - ROBOTY.assigner - DEBUG - Операция 10 назначена роботу 5 (нагрузка: 1092.12)
2025-09-20 20:56:41 - ROBOTY.assigner - DEBUG - Операция 11 назначена роботу 4 (нагрузка: 1476.61)
2025-09-20 20:56:41 - ROBOTY.assigner - DEBUG - Операция 12 назначена роботу 3 (нагрузка: 997.34)
2025-09-20 20:56:41 - ROBOTY.assigner - DEBUG - Операция 13 назначена роботу 6 (нагрузка: 917.90)
2025-09-20 20:56:41 - ROBOTY.assigner - DEBUG - Операция 14 назначена роботу 9 (нагрузка: 1444.72)
2025-09-20 20:56:41 - ROBOTY.assigner - DEBUG - Операция 15 назначена роботу 7 (нагрузка: 1692.84)
2025-09-20 20:56:41 - ROBOTY.assigner - DEBUG - Операция 16 назначена роботу 6 (нагрузка: 1712.03)
2025-09-20 20:56:41 - ROBOTY.assigner - DEBUG - Операция 17 назначена роботу 5 (нагрузка: 1670.81)
2025-09-20 20:56:41 - ROBOTY.assigner - DEBUG - Операция 18 назначена роботу 9 (нагрузка: 1694.86)
2025-09-20 20:56:41 - ROBOTY.assigner - DEBUG - Операция 19 назначена роботу 1 (нагрузка: 1712.02)
2025-09-20 20:56:41 - ROBOTY.assigner - DEBUG - Операция 20 назначена роботу 0 (нагрузка: 2106.59)
2025-09-20 20:56:41 - ROBOTY.assigner - DEBUG - Операция 21 назначена роботу 6 (нагрузка: 2219.67)
2025-09-20 20:56:41 - ROBOTY.assigner - DEBUG - Операция 22 назначена роботу 4 (нагрузка: 2608.81)
2025-09-20 20:56:41 - ROBOTY.assigner - DEBUG - Операция 23 назначена роботу 1 (нагрузка: 2270.92)
2025-09-20 20:56:41 - ROBOTY.assigner - DEBUG - Операция 24 назначена роботу 2 (нагрузка: 2262.85)
2025-09-20 20:56:41 - ROBOTY.assigner - DEBUG - Операция 25 назначена роботу 5 (нагрузка: 2389.60)
2025-09-20 20:56:41 - ROBOTY.assigner - DEBUG - Операция 26 назначена роботу 9 (нагрузка: 2168.76)
2025-09-20 20:56:41 - ROBOTY.assigner - DEBUG - Операция 27 назначена роботу 0 (нагрузка: 2669.52)
2025-09-20 20:56:41 - ROBOTY.assigner - DEBUG - Операция 28 назначена роботу 3 (нагрузка: 2494.18)
2025-09-20 20:56:41 - ROBOTY.assigner - DEBUG - Операция 29 назначена роботу 8 (нагрузка: 2614.51)
2025-09-20 20:56:41 - ROBOTY.assigner - INFO - Распределено 30 операций с балансировкой нагрузки
2025-09-20 20:56:41 - ROBOTY.assigner - INFO - Итоговые нагрузки роботов: ['2669.52', '2270.92', '2262.85', '2494.18', '2608.81', '2389.60', '2219.67', '1692.84', '2614.51', '2168.76']
2025-09-20 20:56:41 - ROBOTY.assigner - INFO - Робот 0: 4 операций, нагрузка 2669.52
2025-09-20 20:56:41 - ROBOTY.assigner - INFO - Робот 1: 3 операций, нагрузка 2270.92
2025-09-20 20:56:41 - ROBOTY.assigner - INFO - Робот 2: 2 операций, нагрузка 2262.85
2025-09-20 20:56:41 - ROBOTY.assigner - INFO - Робот 3: 2 операций, нагрузка 2494.18
2025-09-20 20:56:41 - ROBOTY.assigner - INFO - Робот 4: 3 операций, нагрузка 2608.81
2025-09-20 20:56:41 - ROBOTY.assigner - INFO - Робот 5: 4 операций, нагрузка 2389.60
2025-09-20 20:56:41 - ROBOTY.assigner - INFO - Робот 6: 4 операций, нагрузка 2219.67
2025-09-20 20:56:41 - ROBOTY.assigner - INFO - Робот 7: 2 операций, нагрузка 1692.84
2025-09-20 20:56:41 - ROBOTY.assigner - INFO - Робот 8: 2 операций, нагрузка 2614.51
2025-09-20 20:56:41 - ROBOTY.assigner - INFO - Робот 9: 4 операций, нагрузка 2168.76
2025-09-20 20:56:41 - ROBOTY.planner - INFO - Операции назначены методом: balanced
2025-09-20 20:56:41 - ROBOTY.planner - INFO - Планирование траектории для робота 1 (ID: 1) с 4 операциями
2025-09-20 20:56:41 - ROBOTY.planner - DEBUG - Планирование траектории для робота с 4 операциями
2025-09-20 20:56:41 - ROBOTY.planner - DEBUG - Операция 1 запланирована, время завершения: 518.73
2025-09-20 20:56:41 - ROBOTY.planner - DEBUG - Операция 2 запланирована, время завершения: 1574.94
2025-09-20 20:56:41 - ROBOTY.planner - DEBUG - Операция 3 запланирована, время завершения: 2056.86
2025-09-20 20:56:41 - ROBOTY.planner - DEBUG - Операция 4 запланирована, время завершения: 2871.17
2025-09-20 20:56:41 - ROBOTY.planner - INFO - Траектория робота запланирована, общее время: 2871.17
2025-09-20 20:56:41 - ROBOTY.planner - INFO - Робот 1: траектория содержит 96 точек
2025-09-20 20:56:41 - ROBOTY.planner - INFO - Планирование траектории для робота 2 (ID: 2) с 3 операциями
2025-09-20 20:56:41 - ROBOTY.planner - DEBUG - Планирование траектории для робота с 3 операциями
2025-09-20 20:56:41 - ROBOTY.planner - DEBUG - Операция 1 запланирована, время завершения: 878.06
2025-09-20 20:56:41 - ROBOTY.planner - DEBUG - Операция 2 запланирована, время завершения: 1525.46
2025-09-20 20:56:41 - ROBOTY.planner - DEBUG - Операция 3 запланирована, время завершения: 2337.94
2025-09-20 20:56:41 - ROBOTY.planner - INFO - Траектория робота запланирована, общее время: 2337.94
2025-09-20 20:56:41 - ROBOTY.planner - INFO - Робот 2: траектория содержит 72 точек
2025-09-20 20:56:41 - ROBOTY.planner - INFO - Планирование траектории для робота 3 (ID: 3) с 2 операциями
2025-09-20 20:56:41 - ROBOTY.planner - DEBUG - Планирование траектории для робота с 2 операциями
2025-09-20 20:56:41 - ROBOTY.planner - DEBUG - Операция 1 запланирована, время завершения: 1351.98
2025-09-20 20:56:41 - ROBOTY.planner - DEBUG - Операция 2 запланирована, время завершения: 2848.91
2025-09-20 20:56:41 - ROBOTY.planner - INFO - Траектория робота запланирована, общее время: 2848.91
2025-09-20 20:56:41 - ROBOTY.planner - INFO - Робот 3: траектория содержит 48 точек
2025-09-20 20:56:41 - ROBOTY.planner - INFO - Планирование траектории для робота 4 (ID: 4) с 2 операциями
2025-09-20 20:56:41 - ROBOTY.planner - DEBUG - Планирование траектории для робота с 2 операциями
2025-09-20 20:56:41 - ROBOTY.planner - DEBUG - Операция 1 запланирована, время завершения: 998.59
2025-09-20 20:56:41 - ROBOTY.planner - DEBUG - Операция 2 запланирована, время завершения: 2071.53
2025-09-20 20:56:41 - ROBOTY.planner - INFO - Траектория робота запланирована, общее время: 2071.53
2025-09-20 20:56:41 - ROBOTY.planner - INFO - Робот 4: траектория содержит 48 точек
2025-09-20 20:56:41 - ROBOTY.planner - INFO - Планирование траектории для робота 5 (ID: 5) с 3 операциями
2025-09-20 20:56:41 - ROBOTY.planner - DEBUG - Планирование траектории для робота с 3 операциями
2025-09-20 20:56:41 - ROBOTY.planner - DEBUG - Операция 1 запланирована, время завершения: 289.48
2025-09-20 20:56:41 - ROBOTY.planner - DEBUG - Операция 2 запланирована, время завершения: 1422.99
2025-09-20 20:56:41 - ROBOTY.planner - DEBUG - Операция 3 запланирована, время завершения: 3666.82
2025-09-20 20:56:41 - ROBOTY.planner - INFO - Траектория робота запланирована, общее время: 3666.82
2025-09-20 20:56:41 - ROBOTY.planner - INFO - Робот 5: траектория содержит 72 точек
2025-09-20 20:56:41 - ROBOTY.planner - INFO - Планирование траектории для робота 6 (ID: 6) с 4 операциями
2025-09-20 20:56:41 - ROBOTY.planner - DEBUG - Планирование траектории для робота с 4 операциями
2025-09-20 20:56:41 - ROBOTY.planner - DEBUG - Операция 1 запланирована, время завершения: 691.56
2025-09-20 20:56:41 - ROBOTY.planner - DEBUG - Операция 2 запланирована, время завершения: 1403.99
2025-09-20 20:56:41 - ROBOTY.planner - DEBUG - Операция 3 запланирована, время завершения: 2327.28
2025-09-20 20:56:41 - ROBOTY.planner - DEBUG - Операция 4 запланирована, время завершения: 2992.66
2025-09-20 20:56:41 - ROBOTY.planner - INFO - Траектория робота запланирована, общее время: 2992.66
2025-09-20 20:56:41 - ROBOTY.planner - INFO - Робот 6: траектория содержит 96 точек
2025-09-20 20:56:41 - ROBOTY.planner - INFO - Планирование траектории для робота 7 (ID: 7) с 4 операциями
2025-09-20 20:56:41 - ROBOTY.planner - DEBUG - Планирование траектории для робота с 4 операциями
2025-09-20 20:56:41 - ROBOTY.planner - DEBUG - Операция 1 запланирована, время завершения: 716.79
2025-09-20 20:56:41 - ROBOTY.planner - DEBUG - Операция 2 запланирована, время завершения: 1077.65
2025-09-20 20:56:41 - ROBOTY.planner - DEBUG - Операция 3 запланирована, время завершения: 2042.77
2025-09-20 20:56:41 - ROBOTY.planner - DEBUG - Операция 4 запланирована, время завершения: 3151.46
2025-09-20 20:56:41 - ROBOTY.planner - INFO - Траектория робота запланирована, общее время: 3151.46
2025-09-20 20:56:41 - ROBOTY.planner - INFO - Робот 7: траектория содержит 96 точек
2025-09-20 20:56:41 - ROBOTY.planner - INFO - Планирование траектории для робота 8 (ID: 8) с 2 операциями
2025-09-20 20:56:41 - ROBOTY.planner - DEBUG - Планирование траектории для робота с 2 операциями
2025-09-20 20:56:41 - ROBOTY.planner - DEBUG - Операция 1 запланирована, время завершения: 834.66
2025-09-20 20:56:41 - ROBOTY.planner - DEBUG - Операция 2 запланирована, время завершения: 1687.78
2025-09-20 20:56:41 - ROBOTY.planner - INFO - Траектория робота запланирована, общее время: 1687.78
2025-09-20 20:56:41 - ROBOTY.planner - INFO - Робот 8: траектория содержит 48 точек
2025-09-20 20:56:41 - ROBOTY.planner - INFO - Планирование траектории для робота 9 (ID: 9) с 2 операциями
2025-09-20 20:56:41 - ROBOTY.planner - DEBUG - Планирование траектории для робота с 2 операциями
2025-09-20 20:56:41 - ROBOTY.planner - DEBUG - Операция 1 запланирована, время завершения: 1816.16
2025-09-20 20:56:41 - ROBOTY.planner - DEBUG - Операция 2 запланирована, время завершения: 2265.13
2025-09-20 20:56:41 - ROBOTY.planner - INFO - Траектория робота запланирована, общее время: 2265.13
2025-09-20 20:56:41 - ROBOTY.planner - INFO - Робот 9: траектория содержит 48 точек
2025-09-20 20:56:41 - ROBOTY.planner - INFO - Планирование траектории для робота 10 (ID: 10) с 4 операциями
2025-09-20 20:56:41 - ROBOTY.planner - DEBUG - Планирование траектории для робота с 4 операциями
2025-09-20 20:56:41 - ROBOTY.planner - DEBUG - Операция 1 запланирована, время завершения: 859.91
2025-09-20 20:56:41 - ROBOTY.planner - DEBUG - Операция 2 запланирована, время завершения: 1615.49
2025-09-20 20:56:41 - ROBOTY.planner - DEBUG - Операция 3 запланирована, время завершения: 2238.86
2025-09-20 20:56:41 - ROBOTY.planner - DEBUG - Операция 4 запланирована, время завершения: 2555.85
2025-09-20 20:56:41 - ROBOTY.planner - INFO - Траектория робота запланирована, общее время: 2555.85
2025-09-20 20:56:41 - ROBOTY.planner - INFO - Робот 10: траектория содержит 96 точек
2025-09-20 20:56:41 - ROBOTY.planner - INFO - Планирование завершено. Makespan: 3666.82
2025-09-20 20:56:41 - ROBOTY.main - INFO - Планировщик успешно завершил работу
2025-09-20 20:56:41 - ROBOTY.collision - INFO - Начинаем детальную проверку коллизий
2025-09-20 20:56:41 - ROBOTY.collision - DEBUG - Проверяем коллизии в диапазоне времени: 0.00 - 3666.82
2025-09-20 20:56:42 - ROBOTY.collision - INFO - Коллизий не обнаружено
2025-09-20 20:56:42 - ROBOTY.main - INFO - Коллизий не обнаружено
2025-09-20 20:56:42 - ROBOTY.main - INFO - Запуск планировщика
2025-09-20 20:56:42 - ROBOTY.planner - INFO - Запуск планировщика траекторий
2025-09-20 20:56:42 - ROBOTY.assigner - INFO - Начинаем назначение операций методом: balanced
2025-09-20 20:56:42 - ROBOTY.assigner - DEBUG - Операция 0 назначена роботу 1 (нагрузка: 876.14)
2025-09-20 20:56:42 - ROBOTY.assigner - DEBUG - Операция 1 назначена роботу 0 (нагрузка: 516.36)
2025-09-20 20:56:42 - ROBOTY.assigner - DEBUG - Операция 2 назначена роботу 4 (нагрузка: 288.16)
2025-09-20 20:56:42 - ROBOTY.assigner - DEBUG - Операция 3 назначена роботу 9 (нагрузка: 857.74)
2025-09-20 20:56:42 - ROBOTY.assigner - DEBUG - Операция 4 назначена роботу 5 (нагрузка: 688.91)
2025-09-20 20:56:42 - ROBOTY.assigner - DEBUG - Операция 5 назначена роботу 6 (нагрузка: 715.27)
2025-09-20 20:56:42 - ROBOTY.assigner - DEBUG - Операция 6 назначена роботу 7 (нагрузка: 832.91)
2025-09-20 20:56:42 - ROBOTY.assigner - DEBUG - Операция 7 назначена роботу 2 (нагрузка: 1350.44)
2025-09-20 20:56:42 - ROBOTY.assigner - DEBUG - Операция 8 назначена роботу 0 (нагрузка: 1215.43)
2025-09-20 20:56:42 - ROBOTY.assigner - DEBUG - Операция 9 назначена роботу 8 (нагрузка: 1814.25)
2025-09-20 20:56:42 - ROBOTY.assigner - DEBUG - Операция 10 назначена роботу 5 (нагрузка: 1092.12)
2025-09-20 20:56:42 - ROBOTY.assigner - DEBUG - Операция 11 назначена роботу 4 (нагрузка: 1476.61)
2025-09-20 20:56:42 - ROBOTY.assigner - DEBUG - Операция 12 назначена роботу 3 (нагрузка: 997.34)
2025-09-20 20:56:42 - ROBOTY.assigner - DEBUG - Операция 13 назначена роботу 6 (нагрузка: 917.90)
2025-09-20 20:56:42 - ROBOTY.assigner - DEBUG - Операция 14 назначена роботу 9 (нагрузка: 1444.72)
2025-09-20 20:56:42 - ROBOTY.assigner - DEBUG - Операция 15 назначена роботу 7 (нагрузка: 1692.84)
2025-09-20 20:56:42 - ROBOTY.assigner - DEBUG - Операция 16 назначена роботу 6 (нагрузка: 1712.03)
2025-09-20 20:56:42 - ROBOTY.assigner - DEBUG - Операция 17 назначена роботу 5 (нагрузка: 1670.81)
2025-09-20 20:56:42 - ROBOTY.assigner - DEBUG - Операция 18 назначена роботу 9 (нагрузка: 1694.86)
2025-09-20 20:56:42 - ROBOTY.assigner - DEBUG - Операция 19 назначена роботу 1 (нагрузка: 1712.02)
2025-09-20 20:56:42 - ROBOTY.assigner - DEBUG - Операция 20 назначена роботу 0 (нагрузка: 2106.59)
2025-09-20 20:56:42 - ROBOTY.assigner - DEBUG - Операция 21 назначена роботу 6 (нагрузка: 2219.67)
2025-09-20 20:56:42 - ROBOTY.assigner - DEBUG - Операция 22 назначена роботу 4 (нагрузка: 2608.81)
2025-09-20 20:56:42 - ROBOTY.assigner - DEBUG - Операция 23 назначена роботу 1 (нагрузка: 2270.92)
2025-09-20 20:56:42 - ROBOTY.assigner - DEBUG - Операция 24 назначена роботу 2 (нагрузка: 2262.85)
2025-09-20 20:56:42 - ROBOTY.assigner - DEBUG - Операция 25 назначена роботу 5 (нагрузка: 2389.60)
2025-09-20 20:56:42 - ROBOTY.assigner - DEBUG - Операция 26 назначена роботу 9 (нагрузка: 2168.76)
2025-09-20 20:56:42 - ROBOTY.assigner - DEBUG - Операция 27 назначена роботу 0 (нагрузка: 2669.52)
2025-09-20 20:56:42 - ROBOTY.assigner - DEBUG - Операция 28 назначена роботу 3 (нагрузка: 2494.18)
2025-09-20 20:56:42 - ROBOTY.assigner - DEBUG - Операция 29 назначена роботу 8 (нагрузка: 2614.51)
2025-09-20 20:56:42 - ROBOTY.assigner - INFO - Распределено 30 операций с балансировкой нагрузки
2025-09-20 20:56:42 - ROBOTY.assigner - INFO - Итоговые нагрузки роботов: ['2669.52', '2270.92', '2262.85', '2494.18', '2608.81', '2389.60', '2219.67', '1692.84', '2614.51', '2168.76']
2025-09-20 20:56:42 - ROBOTY.assigner - INFO - Робот 0: 4 операций, нагрузка 2669.52
2025-09-20 20:56:42 - ROBOTY.assigner - INFO - Робот 1: 3 операций, нагрузка 2270.92
2025-09-20 20:56:42 - ROBOTY.assigner - INFO - Робот 2: 2 операций, нагрузка 2262.85
2025-09-20 20:56:42 - ROBOTY.assigner - INFO - Робот 3: 2 операций, нагрузка 2494.18
2025-09-20 20:56:42 - ROBOTY.assigner - INFO - Робот 4: 3 операций, нагрузка 2608.81
2025-09-20 20:56:42 - ROBOTY.assigner - INFO - Робот 5: 4 операций, нагрузка 2389.60
2025-09-20 20:56:42 - ROBOTY.assigner - INFO - Робот 6: 4 операций, нагрузка 2219.67
2025-09-20 20:56:42 - ROBOTY.assigner - INFO - Робот 7: 2 операций, нагрузка 1692.84
2025-09-20 20:56:42 - ROBOTY.assigner - INFO - Робот 8: 2 операций, нагрузка 2614.51
2025-09-20 20:56:42 - ROBOTY.assigner - INFO - Робот 9: 4 операций, нагрузка 2168.76
2025-09-20 20:56:42 - ROBOTY.planner - INFO - Операции назначены методом: balanced
2025-09-20 20:56:42 - ROBOTY.planner - INFO - Планирование траектории для робота 1 (ID: 1) с 4 операциями
2025-09-20 20:56:42 - ROBOTY.planner - DEBUG - Планирование траектории для робота с 4 операциями
2025-09-20 20:56:42 - ROBOTY.planner - DEBUG - Операция 1 запланирована, время завершения: 518.73
2025-09-20 20:56:42 - ROBOTY.planner - DEBUG - Операция 2 запланирована, время завершения: 1574.94
2025-09-20 20:56:42 - ROBOTY.planner - DEBUG - Операция 3 запланирована, время завершения: 2056.86
2025-09-20 20:56:42 - ROBOTY.planner - DEBUG - Операция 4 запланирована, время завершения: 2871.17
2025-09-20 20:56:42 - ROBOTY.planner - INFO - Траектория робота запланирована, общее время: 2871.17
2025-09-20 20:56:42 - ROBOTY.planner - INFO - Робот 1: траектория содержит 96 точек
2025-09-20 20:56:42 - ROBOTY.planner - INFO - Планирование траектории для робота 2 (ID: 2) с 3 операциями
2025-09-20 20:56:42 - ROBOTY.planner - DEBUG - Планирование траектории для робота с 3 операциями
2025-09-20 20:56:42 - ROBOTY.planner - DEBUG - Операция 1 запланирована, время завершения: 878.06
2025-09-20 20:56:42 - ROBOTY.planner - DEBUG - Операция 2 запланирована, время завершения: 1525.46
2025-09-20 20:56:42 - ROBOTY.planner - DEBUG - Операция 3 запланирована, время завершения: 2337.94
2025-09-20 20:56:42 - ROBOTY.planner - INFO - Траектория робота запланирована, общее время: 2337.94
2025-09-20 20:56:42 - ROBOTY.planner - INFO - Робот 2: траектория содержит 72 точек
2025-09-20 20:56:42 - ROBOTY.planner - INFO - Планирование траектории для робота 3 (ID: 3) с 2 операциями
2025-09-20 20:56:42 - ROBOTY.planner - DEBUG - Планирование траектории для робота с 2 операциями
2025-09-20 20:56:42 - ROBOTY.planner - DEBUG - Операция 1 запланирована, время завершения: 1351.98
2025-09-20 20:56:42 - ROBOTY.planner - DEBUG - Операция 2 запланирована, время завершения: 2848.91
2025-09-20 20:56:42 - ROBOTY.planner - INFO - Траектория робота запланирована, общее время: 2848.91
2025-09-20 20:56:42 - ROBOTY.planner - INFO - Робот 3: траектория содержит 48 точек
2025-09-20 20:56:42 - ROBOTY.planner - INFO - Планирование траектории для робота 4 (ID: 4) с 2 операциями
2025-09-20 20:56:42 - ROBOTY.planner - DEBUG - Планирование траектории для робота с 2 операциями
2025-09-20 20:56:42 - ROBOTY.planner - DEBUG - Операция 1 запланирована, время завершения: 998.59
2025-09-20 20:56:42 - ROBOTY.planner - DEBUG - Операция 2 запланирована, время завершения: 2071.53
2025-09-20 20:56:42 - ROBOTY.planner - INFO - Траектория робота запланирована, общее время: 2071.53
2025-09-20 20:56:42 - ROBOTY.planner - INFO - Робот 4: траектория содержит 48 точек
2025-09-20 20:56:42 - ROBOTY.planner - INFO - Планирование траектории для робота 5 (ID: 5) с 3 операциями
2025-09-20 20:56:42 - ROBOTY.planner - DEBUG - Планирование траектории для робота с 3 операциями
2025-09-20 20:56:42 - ROBOTY.planner - DEBUG - Операция 1 запланирована, время завершения: 289.48
2025-09-20 20:56:42 - ROBOTY.planner - DEBUG - Операция 2 запланирована, время завершения: 1422.99
2025-09-20 20:56:42 - ROBOTY.planner - DEBUG - Операция 3 запланирована, время завершения: 3666.82
2025-09-20 20:56:42 - ROBOTY.planner - INFO - Траектория робота запланирована, общее время: 3666.82
2025-09-20 20:56:42 - ROBOTY.planner - INFO - Робот 5: траектория содержит 72 точек
2025-09-20 20:56:42 - ROBOTY.planner - INFO - Планирование траектории для робота 6 (ID: 6) с 4 операциями
2025-09-20 20:56:42 - ROBOTY.planner - DEBUG - Планирование траектории для робота с 4 операциями
2025-09-20 20:56:42 - ROBOTY.planner - DEBUG - Операция 1 запланирована, время завершения: 691.56
2025-09-20 20:56:42 - ROBOTY.planner - DEBUG - Операция 2 запланирована, время завершения: 1403.99
2025-09-20 20:56:42 - ROBOTY.planner - DEBUG - Операция 3 запланирована, время завершения: 2327.28
2025-09-20 20:56:42 - ROBOTY.planner - DEBUG - Операция 4 запланирована, время завершения: 2992.66
2025-09-20 20:56:42 - ROBOTY.planner - INFO - Траектория робота запланирована, общее время: 2992.66
2025-09-20 20:56:42 - ROBOTY.planner - INFO - Робот 6: траектория содержит 96 точек
2025-09-20 20:56:42 - ROBOTY.planner - INFO - Планирование траектории для робота 7 (ID: 7) с 4 операциями
2025-09-20 20:56:42 - ROBOTY.planner - DEBUG - Планирование траектории для робота с 4 операциями
2025-09-20 20:56:42 - ROBOTY.planner - DEBUG - Операция 1 запланирована, время завершения: 716.79
2025-09-20 20:56:42 - ROBOTY.planner - DEBUG - Операция 2 запланирована, время завершения: 1077.65
2025-09-20 20:56:42 - ROBOTY.planner - DEBUG - Операция 3 запланирована, время завершения: 2042.77
2025-09-20 20:56:42 - ROBOTY.planner - DEBUG - Операция 4 запланирована, время завершения: 3151.46
2025-09-20 20:56:42 - ROBOTY.planner - INFO - Траектория робота запланирована, общее время: 3151.46
2025-09-20 20:56:42 - ROBOTY.planner - INFO - Робот 7: траектория содержит 96 точек
2025-09-20 20:56:42 - ROBOTY.planner - INFO - Планирование траектории для робота 8 (ID: 8) с 2 операциями
2025-09-20 20:56:42 - ROBOTY.planner - DEBUG - Планирование траектории для робота с 2 операциями
2025-09-20 20:56:42 - ROBOTY.planner - DEBUG - Операция 1 запланирована, время завершения: 834.66
2025-09-20 20:56:42 - ROBOTY.planner - DEBUG - Операция 2 запланирована, время завершения: 1687.78
2025-09-20 20:56:42 - ROBOTY.planner - INFO - Траектория робота запланирована, общее время: 1687.78
2025-09-20 20:56:42 - ROBOTY.planner - INFO - Робот 8: траектория содержит 48 точек
2025-09-20 20:56:42 - ROBOTY.planner - INFO - Планирование траектории для робота 9 (ID: 9) с 2 операциями
2025-09-20 20:56:42 - ROBOTY.planner - DEBUG - Планирование траектории для робота с 2 операциями
2025-09-20 20:56:42 - ROBOTY.planner - DEBUG - Операция 1 запланирована, время завершения: 1816.16
2025-09-20 20:56:42 - ROBOTY.planner - DEBUG - Операция 2 запланирована, время завершения: 2265.13
2025-09-20 20:56:42 - ROBOTY.planner - INFO - Траектория робота запланирована, общее время: 2265.13
2025-09-20 20:56:42 - ROBOTY.planner - INFO - Робот 9: траектория содержит 48 точек
2025-09-20 20:56:42 - ROBOTY.planner - INFO - Планирование траектории для робота 10 (ID: 10) с 4 операциями
2025-09-20 20:56:42 - ROBOTY.planner - DEBUG - Планирование траектории для робота с 4 операциями
2025-09-20 20:56:42 - ROBOTY.planner - DEBUG - Операция 1 запланирована, время завершения: 859.91
2025-09-20 20:56:42 - ROBOTY.planner - DEBUG - Операция 2 запланирована, время завершения: 1615.49
2025-09-20 20:56:42 - ROBOTY.planner - DEBUG - Операция 3 запланирована, время завершения: 2238.86
2025-09-20 20:56:42 - ROBOTY.planner - DEBUG - Операция 4 запланирована, время завершения: 2555.85
2025-09-20 20:56:42 - ROBOTY.planner - INFO - Траектория робота запланирована, общее время: 2555.85
2025-09-20 20:56:42 - ROBOTY.planner - INFO - Робот 10: траектория содержит 96 точек
2025-09-20 20:56:42 - ROBOTY.planner - INFO - Планирование завершено. Makespan: 3666.82
2025-09-20 20:56:42 - ROBOTY.main - INFO - Планировщик успешно завершил работу
2025-09-20 20:56:42 - ROBOTY.collision - INFO - Начинаем детальную проверку коллизий
2025-09-20 20:56:42 - ROBOTY.collision - DEBUG - Проверяем коллизии в диапазоне времени: 0.00 - 3666.82
2025-09-20 20:56:44 - ROBOTY.collision - INFO - Коллизий не обнаружено
2025-09-20 20:56:44 - ROBOTY.main - INFO - Коллизий не обнаружено
2025-09-20 20:56:44 - ROBOTY.main - INFO - Открытие визуализатора
2025-09-20 20:56:44 - ROBOTY.visualizer - INFO - Запуск визуализации типа: 3d
2025-09-20 20:56:44 - ROBOTY.visualizer - INFO - Создание 3D визуализации траекторий
2025-09-20 20:56:44 - ROBOTY.visualizer - INFO - 3D визуализация создана
2025-09-20 20:56:44 - ROBOTY.visualizer - INFO - Визуализация сохранена в файл: /Users/maksimchernukha/Pictures/ROBOTY/viz/../outputs/visualizations/visualization_3d_20250920_205644.html
2025-09-20 20:56:44 - ROBOTY.visualizer - INFO - Визуализация открыта в браузере
2025-09-20 20:56:44 - ROBOTY.main - INFO - Визуализация успешно завершена
2025-09-20 20:57:13 - ROBOTY.main - INFO - Создан входной файл: /Users/maksimchernukha/Pictures/ROBOTY/data/input_20250920_205700.json
2025-09-20 20:57:13 - ROBOTY.parser - INFO - Начинаем загрузку файла: /Users/maksimchernukha/Pictures/ROBOTY/data/input_20250920_205700.json
2025-09-20 20:57:13 - ROBOTY.parser - INFO - Файл /Users/maksimchernukha/Pictures/ROBOTY/data/input_20250920_205700.json успешно загружен
2025-09-20 20:57:13 - ROBOTY.parser - DEBUG - Робот 1 успешно загружен
2025-09-20 20:57:13 - ROBOTY.parser - DEBUG - Робот 2 успешно загружен
2025-09-20 20:57:13 - ROBOTY.parser - DEBUG - Робот 3 успешно загружен
2025-09-20 20:57:13 - ROBOTY.parser - DEBUG - Робот 4 успешно загружен
2025-09-20 20:57:13 - ROBOTY.parser - DEBUG - Робот 5 успешно загружен
2025-09-20 20:57:13 - ROBOTY.parser - DEBUG - Робот 6 успешно загружен
2025-09-20 20:57:13 - ROBOTY.parser - DEBUG - Робот 7 успешно загружен
2025-09-20 20:57:13 - ROBOTY.parser - DEBUG - Робот 8 успешно загружен
2025-09-20 20:57:13 - ROBOTY.parser - DEBUG - Робот 9 успешно загружен
2025-09-20 20:57:13 - ROBOTY.parser - DEBUG - Робот 10 успешно загружен
2025-09-20 20:57:13 - ROBOTY.parser - DEBUG - Операция 1 успешно загружена
2025-09-20 20:57:13 - ROBOTY.parser - DEBUG - Операция 2 успешно загружена
2025-09-20 20:57:13 - ROBOTY.parser - DEBUG - Операция 3 успешно загружена
2025-09-20 20:57:13 - ROBOTY.parser - DEBUG - Операция 4 успешно загружена
2025-09-20 20:57:13 - ROBOTY.parser - DEBUG - Операция 5 успешно загружена
2025-09-20 20:57:13 - ROBOTY.parser - DEBUG - Операция 6 успешно загружена
2025-09-20 20:57:13 - ROBOTY.parser - DEBUG - Операция 7 успешно загружена
2025-09-20 20:57:13 - ROBOTY.parser - DEBUG - Операция 8 успешно загружена
2025-09-20 20:57:13 - ROBOTY.parser - DEBUG - Операция 9 успешно загружена
2025-09-20 20:57:13 - ROBOTY.parser - DEBUG - Операция 10 успешно загружена
2025-09-20 20:57:13 - ROBOTY.parser - DEBUG - Операция 11 успешно загружена
2025-09-20 20:57:13 - ROBOTY.parser - DEBUG - Операция 12 успешно загружена
2025-09-20 20:57:13 - ROBOTY.parser - DEBUG - Операция 13 успешно загружена
2025-09-20 20:57:13 - ROBOTY.parser - DEBUG - Операция 14 успешно загружена
2025-09-20 20:57:13 - ROBOTY.parser - DEBUG - Операция 15 успешно загружена
2025-09-20 20:57:13 - ROBOTY.parser - DEBUG - Операция 16 успешно загружена
2025-09-20 20:57:13 - ROBOTY.parser - DEBUG - Операция 17 успешно загружена
2025-09-20 20:57:13 - ROBOTY.parser - DEBUG - Операция 18 успешно загружена
2025-09-20 20:57:13 - ROBOTY.parser - DEBUG - Операция 19 успешно загружена
2025-09-20 20:57:13 - ROBOTY.parser - DEBUG - Операция 20 успешно загружена
2025-09-20 20:57:13 - ROBOTY.parser - DEBUG - Операция 21 успешно загружена
2025-09-20 20:57:13 - ROBOTY.parser - DEBUG - Операция 22 успешно загружена
2025-09-20 20:57:13 - ROBOTY.parser - DEBUG - Операция 23 успешно загружена
2025-09-20 20:57:13 - ROBOTY.parser - DEBUG - Операция 24 успешно загружена
2025-09-20 20:57:13 - ROBOTY.parser - DEBUG - Операция 25 успешно загружена
2025-09-20 20:57:13 - ROBOTY.parser - DEBUG - Операция 26 успешно загружена
2025-09-20 20:57:13 - ROBOTY.parser - DEBUG - Операция 27 успешно загружена
2025-09-20 20:57:13 - ROBOTY.parser - DEBUG - Операция 28 успешно загружена
2025-09-20 20:57:13 - ROBOTY.parser - DEBUG - Операция 29 успешно загружена
2025-09-20 20:57:13 - ROBOTY.parser - DEBUG - Операция 30 успешно загружена
2025-09-20 20:57:13 - ROBOTY.parser - INFO - Загружено 10 роботов и 30 операций
2025-09-20 20:57:15 - ROBOTY.main - INFO - Запуск планировщика
2025-09-20 20:57:15 - ROBOTY.planner - INFO - Запуск планировщика траекторий
2025-09-20 20:57:15 - ROBOTY.assigner - INFO - Начинаем назначение операций методом: balanced
2025-09-20 20:57:15 - ROBOTY.assigner - DEBUG - Операция 0 назначена роботу 6 (нагрузка: 539.88)
2025-09-20 20:57:15 - ROBOTY.assigner - DEBUG - Операция 1 назначена роботу 2 (нагрузка: 634.25)
2025-09-20 20:57:15 - ROBOTY.assigner - DEBUG - Операция 2 назначена роботу 9 (нагрузка: 858.59)
2025-09-20 20:57:15 - ROBOTY.assigner - DEBUG - Операция 3 назначена роботу 7 (нагрузка: 1208.50)
2025-09-20 20:57:15 - ROBOTY.assigner - DEBUG - Операция 4 назначена роботу 0 (нагрузка: 1141.03)
2025-09-20 20:57:15 - ROBOTY.assigner - DEBUG - Операция 5 назначена роботу 5 (нагрузка: 669.41)
2025-09-20 20:57:15 - ROBOTY.assigner - DEBUG - Операция 6 назначена роботу 3 (нагрузка: 1126.04)
2025-09-20 20:57:15 - ROBOTY.assigner - DEBUG - Операция 7 назначена роботу 8 (нагрузка: 1039.45)
2025-09-20 20:57:15 - ROBOTY.assigner - DEBUG - Операция 8 назначена роботу 1 (нагрузка: 763.07)
2025-09-20 20:57:15 - ROBOTY.assigner - DEBUG - Операция 9 назначена роботу 4 (нагрузка: 964.61)
2025-09-20 20:57:15 - ROBOTY.assigner - DEBUG - Операция 10 назначена роботу 9 (нагрузка: 1729.76)
2025-09-20 20:57:15 - ROBOTY.assigner - DEBUG - Операция 11 назначена роботу 5 (нагрузка: 1315.10)
2025-09-20 20:57:15 - ROBOTY.assigner - DEBUG - Операция 12 назначена роботу 2 (нагрузка: 1840.00)
2025-09-20 20:57:15 - ROBOTY.assigner - DEBUG - Операция 13 назначена роботу 6 (нагрузка: 1908.75)
2025-09-20 20:57:15 - ROBOTY.assigner - DEBUG - Операция 14 назначена роботу 0 (нагрузка: 2265.58)
2025-09-20 20:57:15 - ROBOTY.assigner - DEBUG - Операция 15 назначена роботу 7 (нагрузка: 1653.99)
2025-09-20 20:57:15 - ROBOTY.assigner - DEBUG - Операция 16 назначена роботу 1 (нагрузка: 1839.74)
2025-09-20 20:57:15 - ROBOTY.assigner - DEBUG - Операция 17 назначена роботу 5 (нагрузка: 1915.59)
2025-09-20 20:57:15 - ROBOTY.assigner - DEBUG - Операция 18 назначена роботу 3 (нагрузка: 2097.93)
2025-09-20 20:57:15 - ROBOTY.assigner - DEBUG - Операция 19 назначена роботу 4 (нагрузка: 1545.31)
2025-09-20 20:57:15 - ROBOTY.assigner - DEBUG - Операция 20 назначена роботу 8 (нагрузка: 2074.49)
2025-09-20 20:57:15 - ROBOTY.assigner - DEBUG - Операция 21 назначена роботу 4 (нагрузка: 2754.86)
2025-09-20 20:57:15 - ROBOTY.assigner - DEBUG - Операция 22 назначена роботу 2 (нагрузка: 2537.68)
2025-09-20 20:57:15 - ROBOTY.assigner - DEBUG - Операция 23 назначена роботу 0 (нагрузка: 3173.86)
2025-09-20 20:57:15 - ROBOTY.assigner - DEBUG - Операция 24 назначена роботу 7 (нагрузка: 2737.42)
2025-09-20 20:57:15 - ROBOTY.assigner - DEBUG - Операция 25 назначена роботу 6 (нагрузка: 2504.82)
2025-09-20 20:57:15 - ROBOTY.assigner - DEBUG - Операция 26 назначена роботу 1 (нагрузка: 2672.75)
2025-09-20 20:57:15 - ROBOTY.assigner - DEBUG - Операция 27 назначена роботу 9 (нагрузка: 2884.46)
2025-09-20 20:57:15 - ROBOTY.assigner - DEBUG - Операция 28 назначена роботу 5 (нагрузка: 3052.49)
2025-09-20 20:57:15 - ROBOTY.assigner - DEBUG - Операция 29 назначена роботу 3 (нагрузка: 2996.75)
2025-09-20 20:57:15 - ROBOTY.assigner - INFO - Распределено 30 операций с балансировкой нагрузки
2025-09-20 20:57:15 - ROBOTY.assigner - INFO - Итоговые нагрузки роботов: ['3173.86', '2672.75', '2537.68', '2996.75', '2754.86', '3052.49', '2504.82', '2737.42', '2074.49', '2884.46']
2025-09-20 20:57:15 - ROBOTY.assigner - INFO - Робот 0: 3 операций, нагрузка 3173.86
2025-09-20 20:57:15 - ROBOTY.assigner - INFO - Робот 1: 3 операций, нагрузка 2672.75
2025-09-20 20:57:15 - ROBOTY.assigner - INFO - Робот 2: 3 операций, нагрузка 2537.68
2025-09-20 20:57:15 - ROBOTY.assigner - INFO - Робот 3: 3 операций, нагрузка 2996.75
2025-09-20 20:57:15 - ROBOTY.assigner - INFO - Робот 4: 3 операций, нагрузка 2754.86
2025-09-20 20:57:15 - ROBOTY.assigner - INFO - Робот 5: 4 операций, нагрузка 3052.49
2025-09-20 20:57:15 - ROBOTY.assigner - INFO - Робот 6: 3 операций, нагрузка 2504.82
2025-09-20 20:57:15 - ROBOTY.assigner - INFO - Робот 7: 3 операций, нагрузка 2737.42
2025-09-20 20:57:15 - ROBOTY.assigner - INFO - Робот 8: 2 операций, нагрузка 2074.49
2025-09-20 20:57:15 - ROBOTY.assigner - INFO - Робот 9: 3 операций, нагрузка 2884.46
2025-09-20 20:57:15 - ROBOTY.planner - INFO - Операции назначены методом: balanced
2025-09-20 20:57:15 - ROBOTY.planner - INFO - Планирование траектории для робота 1 (ID: 1) с 3 операциями
2025-09-20 20:57:15 - ROBOTY.planner - DEBUG - Планирование траектории для робота с 3 операциями
2025-09-20 20:57:15 - ROBOTY.planner - DEBUG - Операция 1 запланирована, время завершения: 1143.09
2025-09-20 20:57:15 - ROBOTY.planner - DEBUG - Операция 2 запланирована, время завершения: 2175.27
2025-09-20 20:57:15 - ROBOTY.planner - DEBUG - Операция 3 запланирована, время завершения: 3360.49
2025-09-20 20:57:15 - ROBOTY.planner - INFO - Траектория робота запланирована, общее время: 3360.49
2025-09-20 20:57:15 - ROBOTY.planner - INFO - Робот 1: траектория содержит 72 точек
2025-09-20 20:57:15 - ROBOTY.planner - INFO - Планирование траектории для робота 2 (ID: 2) с 3 операциями
2025-09-20 20:57:15 - ROBOTY.planner - DEBUG - Планирование траектории для робота с 3 операциями
2025-09-20 20:57:15 - ROBOTY.planner - DEBUG - Операция 1 запланирована, время завершения: 764.49
2025-09-20 20:57:15 - ROBOTY.planner - DEBUG - Операция 2 запланирована, время завершения: 1429.02
2025-09-20 20:57:15 - ROBOTY.planner - DEBUG - Операция 3 запланирована, время завершения: 2618.61
2025-09-20 20:57:15 - ROBOTY.planner - INFO - Траектория робота запланирована, общее время: 2618.61
2025-09-20 20:57:15 - ROBOTY.planner - INFO - Робот 2: траектория содержит 72 точек
2025-09-20 20:57:15 - ROBOTY.planner - INFO - Планирование траектории для робота 3 (ID: 3) с 3 операциями
2025-09-20 20:57:15 - ROBOTY.planner - DEBUG - Планирование траектории для робота с 3 операциями
2025-09-20 20:57:15 - ROBOTY.planner - DEBUG - Операция 1 запланирована, время завершения: 635.95
2025-09-20 20:57:15 - ROBOTY.planner - DEBUG - Операция 2 запланирована, время завершения: 1892.01
2025-09-20 20:57:15 - ROBOTY.planner - DEBUG - Операция 3 запланирована, время завершения: 3363.91
2025-09-20 20:57:15 - ROBOTY.planner - INFO - Траектория робота запланирована, общее время: 3363.91
2025-09-20 20:57:15 - ROBOTY.planner - INFO - Робот 3: траектория содержит 72 точек
2025-09-20 20:57:15 - ROBOTY.planner - INFO - Планирование траектории для робота 4 (ID: 4) с 3 операциями
2025-09-20 20:57:15 - ROBOTY.planner - DEBUG - Планирование траектории для робота с 3 операциями
2025-09-20 20:57:15 - ROBOTY.planner - DEBUG - Операция 1 запланирована, время завершения: 1128.21
2025-09-20 20:57:15 - ROBOTY.planner - DEBUG - Операция 2 запланирована, время завершения: 1983.92
2025-09-20 20:57:15 - ROBOTY.planner - DEBUG - Операция 3 запланирована, время завершения: 2696.91
2025-09-20 20:57:15 - ROBOTY.planner - INFO - Траектория робота запланирована, общее время: 2696.91
2025-09-20 20:57:15 - ROBOTY.planner - INFO - Робот 4: траектория содержит 72 точек
2025-09-20 20:57:15 - ROBOTY.planner - INFO - Планирование траектории для робота 5 (ID: 5) с 3 операциями
2025-09-20 20:57:15 - ROBOTY.planner - DEBUG - Планирование траектории для робота с 3 операциями
2025-09-20 20:57:15 - ROBOTY.planner - DEBUG - Операция 1 запланирована, время завершения: 966.43
2025-09-20 20:57:15 - ROBOTY.planner - DEBUG - Операция 2 запланирована, время завершения: 1989.15
2025-09-20 20:57:15 - ROBOTY.planner - DEBUG - Операция 3 запланирована, время завершения: 3468.64
2025-09-20 20:57:15 - ROBOTY.planner - INFO - Траектория робота запланирована, общее время: 3468.64
2025-09-20 20:57:15 - ROBOTY.planner - INFO - Робот 5: траектория содержит 72 точек
2025-09-20 20:57:15 - ROBOTY.planner - INFO - Планирование траектории для робота 6 (ID: 6) с 4 операциями
2025-09-20 20:57:15 - ROBOTY.planner - DEBUG - Планирование траектории для робота с 4 операциями
2025-09-20 20:57:15 - ROBOTY.planner - DEBUG - Операция 1 запланирована, время завершения: 670.62
2025-09-20 20:57:15 - ROBOTY.planner - DEBUG - Операция 2 запланирована, время завершения: 1967.07
2025-09-20 20:57:15 - ROBOTY.planner - DEBUG - Операция 3 запланирована, время завершения: 2853.15
2025-09-20 20:57:15 - ROBOTY.planner - DEBUG - Операция 4 запланирована, время завершения: 4129.17
2025-09-20 20:57:15 - ROBOTY.planner - INFO - Траектория робота запланирована, общее время: 4129.17
2025-09-20 20:57:15 - ROBOTY.planner - INFO - Робот 6: траектория содержит 96 точек
2025-09-20 20:57:15 - ROBOTY.planner - INFO - Планирование траектории для робота 7 (ID: 7) с 3 операциями
2025-09-20 20:57:15 - ROBOTY.planner - DEBUG - Планирование траектории для робота с 3 операциями
2025-09-20 20:57:15 - ROBOTY.planner - DEBUG - Операция 1 запланирована, время завершения: 541.88
2025-09-20 20:57:15 - ROBOTY.planner - DEBUG - Операция 2 запланирована, время завершения: 1714.87
2025-09-20 20:57:15 - ROBOTY.planner - DEBUG - Операция 3 запланирована, время завершения: 2662.54
2025-09-20 20:57:15 - ROBOTY.planner - INFO - Траектория робота запланирована, общее время: 2662.54
2025-09-20 20:57:15 - ROBOTY.planner - INFO - Робот 7: траектория содержит 72 точек
2025-09-20 20:57:15 - ROBOTY.planner - INFO - Планирование траектории для робота 8 (ID: 8) с 3 операциями
2025-09-20 20:57:15 - ROBOTY.planner - DEBUG - Планирование траектории для робота с 3 операциями
2025-09-20 20:57:15 - ROBOTY.planner - DEBUG - Операция 1 запланирована, время завершения: 1210.19
2025-09-20 20:57:15 - ROBOTY.planner - DEBUG - Операция 2 запланирована, время завершения: 2081.59
2025-09-20 20:57:15 - ROBOTY.planner - DEBUG - Операция 3 запланирована, время завершения: 3118.44
2025-09-20 20:57:15 - ROBOTY.planner - INFO - Траектория робота запланирована, общее время: 3118.44
2025-09-20 20:57:15 - ROBOTY.planner - INFO - Робот 8: траектория содержит 72 точек
2025-09-20 20:57:15 - ROBOTY.planner - INFO - Планирование траектории для робота 9 (ID: 9) с 2 операциями
2025-09-20 20:57:15 - ROBOTY.planner - DEBUG - Планирование траектории для робота с 2 операциями
2025-09-20 20:57:15 - ROBOTY.planner - DEBUG - Операция 1 запланирована, время завершения: 1041.26
2025-09-20 20:57:15 - ROBOTY.planner - DEBUG - Операция 2 запланирована, время завершения: 2506.94
2025-09-20 20:57:15 - ROBOTY.planner - INFO - Траектория робота запланирована, общее время: 2506.94
2025-09-20 20:57:15 - ROBOTY.planner - INFO - Робот 9: траектория содержит 48 точек
2025-09-20 20:57:15 - ROBOTY.planner - INFO - Планирование траектории для робота 10 (ID: 10) с 3 операциями
2025-09-20 20:57:15 - ROBOTY.planner - DEBUG - Планирование траектории для робота с 3 операциями
2025-09-20 20:57:15 - ROBOTY.planner - DEBUG - Операция 1 запланирована, время завершения: 861.08
2025-09-20 20:57:15 - ROBOTY.planner - DEBUG - Операция 2 запланирована, время завершения: 1958.84
2025-09-20 20:57:15 - ROBOTY.planner - DEBUG - Операция 3 запланирована, время завершения: 3190.40
2025-09-20 20:57:15 - ROBOTY.planner - INFO - Траектория робота запланирована, общее время: 3190.40
2025-09-20 20:57:15 - ROBOTY.planner - INFO - Робот 10: траектория содержит 72 точек
2025-09-20 20:57:15 - ROBOTY.planner - INFO - Планирование завершено. Makespan: 4129.17
2025-09-20 20:57:15 - ROBOTY.main - INFO - Планировщик успешно завершил работу
2025-09-20 20:57:15 - ROBOTY.collision - INFO - Начинаем детальную проверку коллизий
2025-09-20 20:57:15 - ROBOTY.collision - DEBUG - Проверяем коллизии в диапазоне времени: 0.00 - 4129.17
2025-09-20 20:57:16 - ROBOTY.collision - INFO - Коллизий не обнаружено
2025-09-20 20:57:16 - ROBOTY.main - INFO - Коллизий не обнаружено
2025-09-20 20:57:17 - ROBOTY.main - INFO - Открытие визуализатора
2025-09-20 20:57:17 - ROBOTY.visualizer - INFO - Запуск визуализации типа: 3d
2025-09-20 20:57:17 - ROBOTY.visualizer - INFO - Создание 3D визуализации траекторий
2025-09-20 20:57:17 - ROBOTY.visualizer - INFO - 3D визуализация создана
2025-09-20 20:57:17 - ROBOTY.visualizer - INFO - Визуализация сохранена в файл: /Users/maksimchernukha/Pictures/ROBOTY/viz/../outputs/visualizations/visualization_3d_20250920_205717.html
2025-09-20 20:57:17 - ROBOTY.visualizer - INFO - Визуализация открыта в браузере
2025-09-20 20:57:17 - ROBOTY.main - INFO - Визуализация успешно завершена
2025-09-20 20:57:29 - ROBOTY.main - INFO - Открытие визуализатора
2025-09-20 20:57:29 - ROBOTY.visualizer - INFO - Запуск визуализации типа: 3d
2025-09-20 20:57:29 - ROBOTY.visualizer - INFO - Создание 3D визуализации траекторий
2025-09-20 20:57:29 - ROBOTY.visualizer - INFO - 3D визуализация создана
2025-09-20 20:57:29 - ROBOTY.visualizer - INFO - Визуализация сохранена в файл: /Users/maksimchernukha/Pictures/ROBOTY/viz/../outputs/visualizations/visualization_3d_20250920_205729.html
2025-09-20 20:57:29 - ROBOTY.visualizer - INFO - Визуализация открыта в браузере
2025-09-20 20:57:29 - ROBOTY.main - INFO - Визуализация успешно завершена
2025-09-20 20:57:55 - ROBOTY.main - INFO - Применена тема: light
2025-09-20 20:57:55 - ROBOTY.main - INFO - Переключение темы: light -> light
2025-09-20 20:58:10 - ROBOTY.main - INFO - Создан входной файл: /Users/maksimchernukha/Pictures/ROBOTY/data/input_20250920_205802.json
2025-09-20 20:58:10 - ROBOTY.parser - INFO - Начинаем загрузку файла: /Users/maksimchernukha/Pictures/ROBOTY/data/input_20250920_205802.json
2025-09-20 20:58:10 - ROBOTY.parser - INFO - Файл /Users/maksimchernukha/Pictures/ROBOTY/data/input_20250920_205802.json успешно загружен
2025-09-20 20:58:10 - ROBOTY.parser - DEBUG - Робот 1 успешно загружен
2025-09-20 20:58:10 - ROBOTY.parser - DEBUG - Робот 2 успешно загружен
2025-09-20 20:58:10 - ROBOTY.parser - DEBUG - Робот 3 успешно загружен
2025-09-20 20:58:10 - ROBOTY.parser - DEBUG - Робот 4 успешно загружен
2025-09-20 20:58:10 - ROBOTY.parser - DEBUG - Робот 5 успешно загружен
2025-09-20 20:58:10 - ROBOTY.parser - DEBUG - Робот 6 успешно загружен
2025-09-20 20:58:10 - ROBOTY.parser - DEBUG - Робот 7 успешно загружен
2025-09-20 20:58:10 - ROBOTY.parser - DEBUG - Робот 8 успешно загружен
2025-09-20 20:58:10 - ROBOTY.parser - DEBUG - Робот 9 успешно загружен
2025-09-20 20:58:10 - ROBOTY.parser - DEBUG - Робот 10 успешно загружен
2025-09-20 20:58:10 - ROBOTY.parser - DEBUG - Операция 1 успешно загружена
2025-09-20 20:58:10 - ROBOTY.parser - DEBUG - Операция 2 успешно загружена
2025-09-20 20:58:10 - ROBOTY.parser - DEBUG - Операция 3 успешно загружена
2025-09-20 20:58:10 - ROBOTY.parser - DEBUG - Операция 4 успешно загружена
2025-09-20 20:58:10 - ROBOTY.parser - DEBUG - Операция 5 успешно загружена
2025-09-20 20:58:10 - ROBOTY.parser - DEBUG - Операция 6 успешно загружена
2025-09-20 20:58:10 - ROBOTY.parser - DEBUG - Операция 7 успешно загружена
2025-09-20 20:58:10 - ROBOTY.parser - DEBUG - Операция 8 успешно загружена
2025-09-20 20:58:10 - ROBOTY.parser - DEBUG - Операция 9 успешно загружена
2025-09-20 20:58:10 - ROBOTY.parser - DEBUG - Операция 10 успешно загружена
2025-09-20 20:58:10 - ROBOTY.parser - DEBUG - Операция 11 успешно загружена
2025-09-20 20:58:10 - ROBOTY.parser - DEBUG - Операция 12 успешно загружена
2025-09-20 20:58:10 - ROBOTY.parser - DEBUG - Операция 13 успешно загружена
2025-09-20 20:58:10 - ROBOTY.parser - DEBUG - Операция 14 успешно загружена
2025-09-20 20:58:10 - ROBOTY.parser - DEBUG - Операция 15 успешно загружена
2025-09-20 20:58:10 - ROBOTY.parser - DEBUG - Операция 16 успешно загружена
2025-09-20 20:58:10 - ROBOTY.parser - DEBUG - Операция 17 успешно загружена
2025-09-20 20:58:10 - ROBOTY.parser - DEBUG - Операция 18 успешно загружена
2025-09-20 20:58:10 - ROBOTY.parser - DEBUG - Операция 19 успешно загружена
2025-09-20 20:58:10 - ROBOTY.parser - DEBUG - Операция 20 успешно загружена
2025-09-20 20:58:10 - ROBOTY.parser - DEBUG - Операция 21 успешно загружена
2025-09-20 20:58:10 - ROBOTY.parser - DEBUG - Операция 22 успешно загружена
2025-09-20 20:58:10 - ROBOTY.parser - DEBUG - Операция 23 успешно загружена
2025-09-20 20:58:10 - ROBOTY.parser - DEBUG - Операция 24 успешно загружена
2025-09-20 20:58:10 - ROBOTY.parser - DEBUG - Операция 25 успешно загружена
2025-09-20 20:58:10 - ROBOTY.parser - DEBUG - Операция 26 успешно загружена
2025-09-20 20:58:10 - ROBOTY.parser - DEBUG - Операция 27 успешно загружена
2025-09-20 20:58:10 - ROBOTY.parser - DEBUG - Операция 28 успешно загружена
2025-09-20 20:58:10 - ROBOTY.parser - DEBUG - Операция 29 успешно загружена
2025-09-20 20:58:10 - ROBOTY.parser - DEBUG - Операция 30 успешно загружена
2025-09-20 20:58:10 - ROBOTY.parser - INFO - Загружено 10 роботов и 30 операций
2025-09-20 20:58:11 - ROBOTY.main - INFO - Запуск планировщика
2025-09-20 20:58:11 - ROBOTY.planner - INFO - Запуск планировщика траекторий
2025-09-20 20:58:11 - ROBOTY.assigner - INFO - Начинаем назначение операций методом: balanced
2025-09-20 20:58:11 - ROBOTY.assigner - DEBUG - Операция 0 назначена роботу 6 (нагрузка: 4.79)
2025-09-20 20:58:11 - ROBOTY.assigner - DEBUG - Операция 1 назначена роботу 9 (нагрузка: 6.24)
2025-09-20 20:58:11 - ROBOTY.assigner - DEBUG - Операция 2 назначена роботу 7 (нагрузка: 6.23)
2025-09-20 20:58:11 - ROBOTY.assigner - DEBUG - Операция 3 назначена роботу 4 (нагрузка: 8.02)
2025-09-20 20:58:11 - ROBOTY.assigner - DEBUG - Операция 4 назначена роботу 8 (нагрузка: 7.58)
2025-09-20 20:58:11 - ROBOTY.assigner - DEBUG - Операция 5 назначена роботу 1 (нагрузка: 5.70)
2025-09-20 20:58:11 - ROBOTY.assigner - DEBUG - Операция 6 назначена роботу 2 (нагрузка: 6.52)
2025-09-20 20:58:11 - ROBOTY.assigner - DEBUG - Операция 7 назначена роботу 5 (нагрузка: 8.11)
2025-09-20 20:58:11 - ROBOTY.assigner - DEBUG - Операция 8 назначена роботу 0 (нагрузка: 7.80)
2025-09-20 20:58:11 - ROBOTY.assigner - DEBUG - Операция 9 назначена роботу 7 (нагрузка: 12.73)
2025-09-20 20:58:11 - ROBOTY.assigner - DEBUG - Операция 10 назначена роботу 6 (нагрузка: 15.29)
2025-09-20 20:58:11 - ROBOTY.assigner - DEBUG - Операция 11 назначена роботу 3 (нагрузка: 10.95)
2025-09-20 20:58:11 - ROBOTY.assigner - DEBUG - Операция 12 назначена роботу 1 (нагрузка: 11.33)
2025-09-20 20:58:11 - ROBOTY.assigner - DEBUG - Операция 13 назначена роботу 2 (нагрузка: 14.22)
2025-09-20 20:58:11 - ROBOTY.assigner - DEBUG - Операция 14 назначена роботу 9 (нагрузка: 9.41)
2025-09-20 20:58:11 - ROBOTY.assigner - DEBUG - Операция 15 назначена роботу 4 (нагрузка: 13.91)
2025-09-20 20:58:11 - ROBOTY.assigner - DEBUG - Операция 16 назначена роботу 5 (нагрузка: 12.71)
2025-09-20 20:58:11 - ROBOTY.assigner - DEBUG - Операция 17 назначена роботу 9 (нагрузка: 17.35)
2025-09-20 20:58:11 - ROBOTY.assigner - DEBUG - Операция 18 назначена роботу 8 (нагрузка: 14.73)
2025-09-20 20:58:11 - ROBOTY.assigner - DEBUG - Операция 19 назначена роботу 1 (нагрузка: 14.67)
2025-09-20 20:58:11 - ROBOTY.assigner - DEBUG - Операция 20 назначена роботу 4 (нагрузка: 18.34)
2025-09-20 20:58:11 - ROBOTY.assigner - DEBUG - Операция 21 назначена роботу 7 (нагрузка: 18.99)
2025-09-20 20:58:11 - ROBOTY.assigner - DEBUG - Операция 22 назначена роботу 0 (нагрузка: 12.93)
2025-09-20 20:58:11 - ROBOTY.assigner - DEBUG - Операция 23 назначена роботу 5 (нагрузка: 20.29)
2025-09-20 20:58:11 - ROBOTY.assigner - DEBUG - Операция 24 назначена роботу 0 (нагрузка: 23.95)
2025-09-20 20:58:11 - ROBOTY.assigner - DEBUG - Операция 25 назначена роботу 3 (нагрузка: 16.67)
2025-09-20 20:58:11 - ROBOTY.assigner - DEBUG - Операция 26 назначена роботу 1 (нагрузка: 24.59)
2025-09-20 20:58:11 - ROBOTY.assigner - DEBUG - Операция 27 назначена роботу 2 (нагрузка: 20.90)
2025-09-20 20:58:11 - ROBOTY.assigner - DEBUG - Операция 28 назначена роботу 8 (нагрузка: 21.24)
2025-09-20 20:58:11 - ROBOTY.assigner - DEBUG - Операция 29 назначена роботу 9 (нагрузка: 28.05)
2025-09-20 20:58:11 - ROBOTY.assigner - INFO - Распределено 30 операций с балансировкой нагрузки
2025-09-20 20:58:11 - ROBOTY.assigner - INFO - Итоговые нагрузки роботов: ['23.95', '24.59', '20.90', '16.67', '18.34', '20.29', '15.29', '18.99', '21.24', '28.05']
2025-09-20 20:58:11 - ROBOTY.assigner - INFO - Робот 0: 3 операций, нагрузка 23.95
2025-09-20 20:58:11 - ROBOTY.assigner - INFO - Робот 1: 4 операций, нагрузка 24.59
2025-09-20 20:58:11 - ROBOTY.assigner - INFO - Робот 2: 3 операций, нагрузка 20.90
2025-09-20 20:58:11 - ROBOTY.assigner - INFO - Робот 3: 2 операций, нагрузка 16.67
2025-09-20 20:58:11 - ROBOTY.assigner - INFO - Робот 4: 3 операций, нагрузка 18.34
2025-09-20 20:58:11 - ROBOTY.assigner - INFO - Робот 5: 3 операций, нагрузка 20.29
2025-09-20 20:58:11 - ROBOTY.assigner - INFO - Робот 6: 2 операций, нагрузка 15.29
2025-09-20 20:58:11 - ROBOTY.assigner - INFO - Робот 7: 3 операций, нагрузка 18.99
2025-09-20 20:58:11 - ROBOTY.assigner - INFO - Робот 8: 3 операций, нагрузка 21.24
2025-09-20 20:58:11 - ROBOTY.assigner - INFO - Робот 9: 4 операций, нагрузка 28.05
2025-09-20 20:58:11 - ROBOTY.planner - INFO - Операции назначены методом: balanced
2025-09-20 20:58:11 - ROBOTY.planner - INFO - Планирование траектории для робота 1 (ID: 1) с 3 операциями
2025-09-20 20:58:11 - ROBOTY.planner - DEBUG - Планирование траектории для робота с 3 операциями
2025-09-20 20:58:11 - ROBOTY.planner - DEBUG - Операция 1 запланирована, время завершения: 9.83
2025-09-20 20:58:11 - ROBOTY.planner - DEBUG - Операция 2 запланирована, время завершения: 16.71
2025-09-20 20:58:11 - ROBOTY.planner - DEBUG - Операция 3 запланирована, время завершения: 26.15
2025-09-20 20:58:11 - ROBOTY.planner - INFO - Траектория робота запланирована, общее время: 26.15
2025-09-20 20:58:11 - ROBOTY.planner - INFO - Робот 1: траектория содержит 72 точек
2025-09-20 20:58:11 - ROBOTY.planner - INFO - Планирование траектории для робота 2 (ID: 2) с 4 операциями
2025-09-20 20:58:11 - ROBOTY.planner - DEBUG - Планирование траектории для робота с 4 операциями
2025-09-20 20:58:11 - ROBOTY.planner - DEBUG - Операция 1 запланирована, время завершения: 7.93
2025-09-20 20:58:11 - ROBOTY.planner - DEBUG - Операция 2 запланирована, время завершения: 17.97
2025-09-20 20:58:11 - ROBOTY.planner - DEBUG - Операция 3 запланирована, время завершения: 25.79
2025-09-20 20:58:11 - ROBOTY.planner - DEBUG - Операция 4 запланирована, время завершения: 36.42
2025-09-20 20:58:11 - ROBOTY.planner - INFO - Траектория робота запланирована, общее время: 36.42
2025-09-20 20:58:11 - ROBOTY.planner - INFO - Робот 2: траектория содержит 96 точек
2025-09-20 20:58:11 - ROBOTY.planner - INFO - Планирование траектории для робота 3 (ID: 3) с 3 операциями
2025-09-20 20:58:11 - ROBOTY.planner - DEBUG - Планирование траектории для робота с 3 операциями
2025-09-20 20:58:11 - ROBOTY.planner - DEBUG - Операция 1 запланирована, время завершения: 7.79
2025-09-20 20:58:11 - ROBOTY.planner - DEBUG - Операция 2 запланирована, время завершения: 21.51
2025-09-20 20:58:11 - ROBOTY.planner - DEBUG - Операция 3 запланирована, время завершения: 33.61
2025-09-20 20:58:11 - ROBOTY.planner - INFO - Траектория робота запланирована, общее время: 33.61
2025-09-20 20:58:11 - ROBOTY.planner - INFO - Робот 3: траектория содержит 72 точек
2025-09-20 20:58:11 - ROBOTY.planner - INFO - Планирование траектории для робота 4 (ID: 4) с 2 операциями
2025-09-20 20:58:11 - ROBOTY.planner - DEBUG - Планирование траектории для робота с 2 операциями
2025-09-20 20:58:11 - ROBOTY.planner - DEBUG - Операция 1 запланирована, время завершения: 12.78
2025-09-20 20:58:11 - ROBOTY.planner - DEBUG - Операция 2 запланирована, время завершения: 23.13
2025-09-20 20:58:11 - ROBOTY.planner - INFO - Траектория робота запланирована, общее время: 23.13
2025-09-20 20:58:11 - ROBOTY.planner - INFO - Робот 4: траектория содержит 48 точек
2025-09-20 20:58:11 - ROBOTY.planner - INFO - Планирование траектории для робота 5 (ID: 5) с 3 операциями
2025-09-20 20:58:11 - ROBOTY.planner - DEBUG - Планирование траектории для робота с 3 операциями
2025-09-20 20:58:11 - ROBOTY.planner - DEBUG - Операция 1 запланирована, время завершения: 10.59
2025-09-20 20:58:11 - ROBOTY.planner - DEBUG - Операция 2 запланирована, время завершения: 22.92
2025-09-20 20:58:11 - ROBOTY.planner - DEBUG - Операция 3 запланирована, время завершения: 32.60
2025-09-20 20:58:11 - ROBOTY.planner - INFO - Траектория робота запланирована, общее время: 32.60
2025-09-20 20:58:11 - ROBOTY.planner - INFO - Робот 5: траектория содержит 72 точек
2025-09-20 20:58:11 - ROBOTY.planner - INFO - Планирование траектории для робота 6 (ID: 6) с 3 операциями
2025-09-20 20:58:11 - ROBOTY.planner - DEBUG - Планирование траектории для робота с 3 операциями
2025-09-20 20:58:11 - ROBOTY.planner - DEBUG - Операция 1 запланирована, время завершения: 10.47
2025-09-20 20:58:11 - ROBOTY.planner - DEBUG - Операция 2 запланирована, время завершения: 21.47
2025-09-20 20:58:11 - ROBOTY.planner - DEBUG - Операция 3 запланирована, время завершения: 31.03
2025-09-20 20:58:11 - ROBOTY.planner - INFO - Траектория робота запланирована, общее время: 31.03
2025-09-20 20:58:11 - ROBOTY.planner - INFO - Робот 6: траектория содержит 72 точек
2025-09-20 20:58:11 - ROBOTY.planner - INFO - Планирование траектории для робота 7 (ID: 7) с 2 операциями
2025-09-20 20:58:11 - ROBOTY.planner - DEBUG - Планирование траектории для робота с 2 операциями
2025-09-20 20:58:11 - ROBOTY.planner - DEBUG - Операция 1 запланирована, время завершения: 6.96
2025-09-20 20:58:11 - ROBOTY.planner - DEBUG - Операция 2 запланирована, время завершения: 20.76
2025-09-20 20:58:11 - ROBOTY.planner - INFO - Траектория робота запланирована, общее время: 20.76
2025-09-20 20:58:11 - ROBOTY.planner - INFO - Робот 7: траектория содержит 48 точек
2025-09-20 20:58:11 - ROBOTY.planner - INFO - Планирование траектории для робота 8 (ID: 8) с 3 операциями
2025-09-20 20:58:11 - ROBOTY.planner - DEBUG - Планирование траектории для робота с 3 операциями
2025-09-20 20:58:11 - ROBOTY.planner - DEBUG - Операция 1 запланирована, время завершения: 8.60
2025-09-20 20:58:11 - ROBOTY.planner - DEBUG - Операция 2 запланирована, время завершения: 18.77
2025-09-20 20:58:11 - ROBOTY.planner - DEBUG - Операция 3 запланирована, время завершения: 30.65
2025-09-20 20:58:11 - ROBOTY.planner - INFO - Траектория робота запланирована, общее время: 30.65
2025-09-20 20:58:11 - ROBOTY.planner - INFO - Робот 8: траектория содержит 72 точек
2025-09-20 20:58:11 - ROBOTY.planner - INFO - Планирование траектории для робота 9 (ID: 9) с 3 операциями
2025-09-20 20:58:11 - ROBOTY.planner - DEBUG - Планирование траектории для робота с 3 операциями
2025-09-20 20:58:11 - ROBOTY.planner - DEBUG - Операция 1 запланирована, время завершения: 8.85
2025-09-20 20:58:11 - ROBOTY.planner - DEBUG - Операция 2 запланирована, время завершения: 17.39
2025-09-20 20:58:11 - ROBOTY.planner - DEBUG - Операция 3 запланирована, время завершения: 25.61
2025-09-20 20:58:11 - ROBOTY.planner - INFO - Траектория робота запланирована, общее время: 25.61
2025-09-20 20:58:11 - ROBOTY.planner - INFO - Робот 9: траектория содержит 72 точек
2025-09-20 20:58:11 - ROBOTY.planner - INFO - Планирование траектории для робота 10 (ID: 10) с 4 операциями
2025-09-20 20:58:11 - ROBOTY.planner - DEBUG - Планирование траектории для робота с 4 операциями
2025-09-20 20:58:11 - ROBOTY.planner - DEBUG - Операция 1 запланирована, время завершения: 8.50
2025-09-20 20:58:11 - ROBOTY.planner - DEBUG - Операция 2 запланирована, время завершения: 15.69
2025-09-20 20:58:11 - ROBOTY.planner - DEBUG - Операция 3 запланирована, время завершения: 25.11
2025-09-20 20:58:11 - ROBOTY.planner - DEBUG - Операция 4 запланирована, время завершения: 40.65
2025-09-20 20:58:11 - ROBOTY.planner - INFO - Траектория робота запланирована, общее время: 40.65
2025-09-20 20:58:11 - ROBOTY.planner - INFO - Робот 10: траектория содержит 96 точек
2025-09-20 20:58:11 - ROBOTY.planner - INFO - Планирование завершено. Makespan: 40.65
2025-09-20 20:58:11 - ROBOTY.main - INFO - Планировщик успешно завершил работу
2025-09-20 20:58:11 - ROBOTY.collision - INFO - Начинаем детальную проверку коллизий
2025-09-20 20:58:11 - ROBOTY.collision - DEBUG - Проверяем коллизии в диапазоне времени: 0.00 - 40.65
2025-09-20 20:58:11 - ROBOTY.collision - WARNING - Коллизия: роботы 8 и 9 в 5.70s, расстояние: 0.496, требуется: 0.500
2025-09-20 20:58:11 - ROBOTY.collision - WARNING - Коллизия: роботы 8 и 9 в 5.80s, расстояние: 0.325, требуется: 0.500
2025-09-20 20:58:11 - ROBOTY.collision - WARNING - Коллизия: роботы 8 и 9 в 5.90s, расстояние: 0.186, требуется: 0.500
2025-09-20 20:58:11 - ROBOTY.collision - WARNING - Коллизия: роботы 8 и 9 в 6.00s, расстояние: 0.183, требуется: 0.500
2025-09-20 20:58:11 - ROBOTY.collision - WARNING - Коллизия: роботы 8 и 9 в 6.10s, расстояние: 0.319, требуется: 0.500
2025-09-20 20:58:11 - ROBOTY.collision - WARNING - Коллизия: роботы 8 и 9 в 6.20s, расстояние: 0.489, требуется: 0.500
2025-09-20 20:58:11 - ROBOTY.collision - WARNING - Коллизия: роботы 5 и 10 в 8.80s, расстояние: 0.479, требуется: 0.500
2025-09-20 20:58:11 - ROBOTY.collision - WARNING - Коллизия: роботы 5 и 10 в 8.90s, расстояние: 0.351, требуется: 0.500
2025-09-20 20:58:11 - ROBOTY.collision - WARNING - Коллизия: роботы 5 и 10 в 9.00s, расстояние: 0.268, требуется: 0.500
2025-09-20 20:58:11 - ROBOTY.collision - WARNING - Коллизия: роботы 2 и 7 в 9.10s, расстояние: 0.438, требуется: 0.500
2025-09-20 20:58:11 - ROBOTY.collision - WARNING - Коллизия: роботы 5 и 10 в 9.10s, расстояние: 0.327, требуется: 0.500
2025-09-20 20:58:11 - ROBOTY.collision - WARNING - Коллизия: роботы 2 и 7 в 9.20s, расстояние: 0.287, требуется: 0.500
2025-09-20 20:58:11 - ROBOTY.collision - WARNING - Коллизия: роботы 5 и 10 в 9.20s, расстояние: 0.480, требуется: 0.500
2025-09-20 20:58:11 - ROBOTY.collision - WARNING - Коллизия: роботы 2 и 7 в 9.30s, расстояние: 0.319, требуется: 0.500
2025-09-20 20:58:11 - ROBOTY.collision - WARNING - Коллизия: роботы 1 и 8 в 13.50s, расстояние: 0.434, требуется: 0.500
2025-09-20 20:58:11 - ROBOTY.collision - WARNING - Коллизия: роботы 1 и 8 в 13.60s, расстояние: 0.298, требуется: 0.500
2025-09-20 20:58:11 - ROBOTY.collision - WARNING - Коллизия: роботы 1 и 8 в 13.70s, расстояние: 0.277, требуется: 0.500
2025-09-20 20:58:11 - ROBOTY.collision - WARNING - Коллизия: роботы 1 и 8 в 13.80s, расстояние: 0.395, требуется: 0.500
2025-09-20 20:58:11 - ROBOTY.collision - WARNING - Коллизия: роботы 3 и 5 в 16.10s, расстояние: 0.476, требуется: 0.500
2025-09-20 20:58:11 - ROBOTY.collision - WARNING - Коллизия: роботы 3 и 5 в 16.20s, расстояние: 0.300, требуется: 0.500
2025-09-20 20:58:11 - ROBOTY.collision - WARNING - Коллизия: роботы 3 и 5 в 16.30s, расстояние: 0.235, требуется: 0.500
2025-09-20 20:58:11 - ROBOTY.collision - WARNING - Коллизия: роботы 3 и 5 в 16.40s, расстояние: 0.332, требуется: 0.500
2025-09-20 20:58:11 - ROBOTY.collision - WARNING - Коллизия: роботы 3 и 5 в 16.50s, расстояние: 0.461, требуется: 0.500
2025-09-20 20:58:11 - ROBOTY.collision - WARNING - Коллизия: роботы 6 и 8 в 23.10s, расстояние: 0.474, требуется: 0.500
2025-09-20 20:58:11 - ROBOTY.collision - WARNING - Коллизия: роботы 6 и 8 в 23.20s, расстояние: 0.428, требуется: 0.500
2025-09-20 20:58:11 - ROBOTY.collision - WARNING - Коллизия: роботы 2 и 3 в 26.10s, расстояние: 0.449, требуется: 0.500
2025-09-20 20:58:11 - ROBOTY.collision - WARNING - Коллизия: роботы 2 и 3 в 26.20s, расстояние: 0.270, требуется: 0.500
2025-09-20 20:58:11 - ROBOTY.collision - WARNING - Коллизия: роботы 2 и 3 в 26.30s, расстояние: 0.100, требуется: 0.500
2025-09-20 20:58:11 - ROBOTY.collision - WARNING - Коллизия: роботы 2 и 3 в 26.40s, расстояние: 0.250, требуется: 0.500
2025-09-20 20:58:11 - ROBOTY.collision - WARNING - Коллизия: роботы 2 и 3 в 26.50s, расстояние: 0.481, требуется: 0.500
2025-09-20 20:58:11 - ROBOTY.collision - ERROR - Обнаружено 30 коллизий
2025-09-20 20:58:11 - ROBOTY.main - WARNING - Обнаружено 30 коллизий
2025-09-20 20:58:12 - ROBOTY.main - INFO - Открытие визуализатора
2025-09-20 20:58:12 - ROBOTY.visualizer - INFO - Запуск визуализации типа: 3d
2025-09-20 20:58:12 - ROBOTY.visualizer - INFO - Создание 3D визуализации траекторий
2025-09-20 20:58:12 - ROBOTY.visualizer - INFO - 3D визуализация создана
2025-09-20 20:58:12 - ROBOTY.visualizer - INFO - Визуализация сохранена в файл: /Users/maksimchernukha/Pictures/ROBOTY/viz/../outputs/visualizations/visualization_3d_20250920_205812.html
2025-09-20 20:58:12 - ROBOTY.visualizer - INFO - Визуализация открыта в браузере
2025-09-20 20:58:12 - ROBOTY.main - INFO - Визуализация успешно завершена
2025-09-20 20:58:20 - ROBOTY.main - INFO - Применена тема: dark
2025-09-20 20:58:20 - ROBOTY.main - INFO - Переключение темы: dark -> dark
