2025-09-23 16:40:38 - ROBOTY.main - INFO - Запуск приложения ROBOTY
2025-09-23 16:40:38 - ROBOTY.main - INFO - Применена тема: light
2025-09-23 16:40:38 - ROBOTY.main - INFO - Интерфейс инициализирован
2025-09-23 16:40:39 - ROBOTY.main - INFO - Приложение успешно запущено
2025-09-23 16:40:40 - ROBOTY.main - INFO - Применена тема: dark
2025-09-23 16:40:40 - ROBOTY.main - INFO - Переключение темы: dark -> dark
2025-09-23 16:41:19 - ROBOTY.main - INFO - Создан входной файл: C:\Users\22200490\.cursor\ROBOTY\data\input_20250923_164110.json
2025-09-23 16:41:19 - ROBOTY.parser - INFO - Начинаем загрузку файла: C:\Users\22200490\.cursor\ROBOTY\data\input_20250923_164110.json
2025-09-23 16:41:19 - ROBOTY.parser - INFO - Файл C:\Users\22200490\.cursor\ROBOTY\data\input_20250923_164110.json успешно загружен
2025-09-23 16:41:19 - ROBOTY.parser - DEBUG - Робот 1 успешно загружен
2025-09-23 16:41:19 - ROBOTY.parser - DEBUG - Робот 2 успешно загружен
2025-09-23 16:41:19 - ROBOTY.parser - DEBUG - Робот 3 успешно загружен
2025-09-23 16:41:19 - ROBOTY.parser - DEBUG - Операция 1 успешно загружена
2025-09-23 16:41:19 - ROBOTY.parser - DEBUG - Операция 2 успешно загружена
2025-09-23 16:41:19 - ROBOTY.parser - DEBUG - Операция 3 успешно загружена
2025-09-23 16:41:19 - ROBOTY.parser - DEBUG - Операция 4 успешно загружена
2025-09-23 16:41:19 - ROBOTY.parser - DEBUG - Операция 5 успешно загружена
2025-09-23 16:41:19 - ROBOTY.parser - DEBUG - Операция 6 успешно загружена
2025-09-23 16:41:19 - ROBOTY.parser - DEBUG - Операция 7 успешно загружена
2025-09-23 16:41:19 - ROBOTY.parser - DEBUG - Операция 8 успешно загружена
2025-09-23 16:41:19 - ROBOTY.parser - DEBUG - Операция 9 успешно загружена
2025-09-23 16:41:19 - ROBOTY.parser - DEBUG - Операция 10 успешно загружена
2025-09-23 16:41:19 - ROBOTY.parser - DEBUG - Операция 11 успешно загружена
2025-09-23 16:41:19 - ROBOTY.parser - DEBUG - Операция 12 успешно загружена
2025-09-23 16:41:19 - ROBOTY.parser - DEBUG - Операция 13 успешно загружена
2025-09-23 16:41:19 - ROBOTY.parser - DEBUG - Операция 14 успешно загружена
2025-09-23 16:41:19 - ROBOTY.parser - DEBUG - Операция 15 успешно загружена
2025-09-23 16:41:19 - ROBOTY.parser - DEBUG - Операция 16 успешно загружена
2025-09-23 16:41:19 - ROBOTY.parser - DEBUG - Операция 17 успешно загружена
2025-09-23 16:41:19 - ROBOTY.parser - DEBUG - Операция 18 успешно загружена
2025-09-23 16:41:19 - ROBOTY.parser - DEBUG - Операция 19 успешно загружена
2025-09-23 16:41:19 - ROBOTY.parser - DEBUG - Операция 20 успешно загружена
2025-09-23 16:41:19 - ROBOTY.parser - DEBUG - Операция 21 успешно загружена
2025-09-23 16:41:19 - ROBOTY.parser - DEBUG - Операция 22 успешно загружена
2025-09-23 16:41:19 - ROBOTY.parser - DEBUG - Операция 23 успешно загружена
2025-09-23 16:41:19 - ROBOTY.parser - DEBUG - Операция 24 успешно загружена
2025-09-23 16:41:19 - ROBOTY.parser - DEBUG - Операция 25 успешно загружена
2025-09-23 16:41:19 - ROBOTY.parser - DEBUG - Операция 26 успешно загружена
2025-09-23 16:41:19 - ROBOTY.parser - DEBUG - Операция 27 успешно загружена
2025-09-23 16:41:19 - ROBOTY.parser - DEBUG - Операция 28 успешно загружена
2025-09-23 16:41:19 - ROBOTY.parser - DEBUG - Операция 29 успешно загружена
2025-09-23 16:41:19 - ROBOTY.parser - DEBUG - Операция 30 успешно загружена
2025-09-23 16:41:19 - ROBOTY.parser - INFO - Загружено 3 роботов и 30 операций
2025-09-23 16:41:20 - ROBOTY.main - INFO - Запуск планировщика
2025-09-23 16:41:20 - ROBOTY.planner - INFO - Запуск планировщика траекторий
2025-09-23 16:41:20 - ROBOTY.assigner - INFO - Начинаем назначение операций методом: balanced
2025-09-23 16:41:20 - ROBOTY.assigner - DEBUG - Операция 0 назначена роботу 0 (нагрузка: 9.42)
2025-09-23 16:41:20 - ROBOTY.assigner - DEBUG - Операция 1 назначена роботу 2 (нагрузка: 8.18)
2025-09-23 16:41:20 - ROBOTY.assigner - DEBUG - Операция 2 назначена роботу 1 (нагрузка: 16.13)
2025-09-23 16:41:20 - ROBOTY.assigner - DEBUG - Операция 3 назначена роботу 0 (нагрузка: 17.82)
2025-09-23 16:41:20 - ROBOTY.assigner - DEBUG - Операция 4 назначена роботу 2 (нагрузка: 17.04)
2025-09-23 16:41:20 - ROBOTY.assigner - DEBUG - Операция 5 назначена роботу 2 (нагрузка: 26.09)
2025-09-23 16:41:20 - ROBOTY.assigner - DEBUG - Операция 6 назначена роботу 0 (нагрузка: 28.91)
2025-09-23 16:41:20 - ROBOTY.assigner - DEBUG - Операция 7 назначена роботу 2 (нагрузка: 37.02)
2025-09-23 16:41:20 - ROBOTY.assigner - DEBUG - Операция 8 назначена роботу 1 (нагрузка: 25.87)
2025-09-23 16:41:20 - ROBOTY.assigner - DEBUG - Операция 9 назначена роботу 1 (нагрузка: 35.32)
2025-09-23 16:41:20 - ROBOTY.assigner - DEBUG - Операция 10 назначена роботу 0 (нагрузка: 35.88)
2025-09-23 16:41:20 - ROBOTY.assigner - DEBUG - Операция 11 назначена роботу 0 (нагрузка: 45.33)
2025-09-23 16:41:20 - ROBOTY.assigner - DEBUG - Операция 12 назначена роботу 2 (нагрузка: 43.85)
2025-09-23 16:41:20 - ROBOTY.assigner - DEBUG - Операция 13 назначена роботу 1 (нагрузка: 46.63)
2025-09-23 16:41:20 - ROBOTY.assigner - DEBUG - Операция 14 назначена роботу 0 (нагрузка: 52.76)
2025-09-23 16:41:20 - ROBOTY.assigner - DEBUG - Операция 15 назначена роботу 2 (нагрузка: 51.79)
2025-09-23 16:41:20 - ROBOTY.assigner - DEBUG - Операция 16 назначена роботу 0 (нагрузка: 61.21)
2025-09-23 16:41:20 - ROBOTY.assigner - DEBUG - Операция 17 назначена роботу 1 (нагрузка: 57.45)
2025-09-23 16:41:20 - ROBOTY.assigner - DEBUG - Операция 18 назначена роботу 2 (нагрузка: 65.79)
2025-09-23 16:41:20 - ROBOTY.assigner - DEBUG - Операция 19 назначена роботу 1 (нагрузка: 72.92)
2025-09-23 16:41:20 - ROBOTY.assigner - DEBUG - Операция 20 назначена роботу 0 (нагрузка: 70.81)
2025-09-23 16:41:20 - ROBOTY.assigner - DEBUG - Операция 21 назначена роботу 2 (нагрузка: 76.80)
2025-09-23 16:41:20 - ROBOTY.assigner - DEBUG - Операция 22 назначена роботу 0 (нагрузка: 83.66)
2025-09-23 16:41:20 - ROBOTY.assigner - DEBUG - Операция 23 назначена роботу 1 (нагрузка: 86.79)
2025-09-23 16:41:20 - ROBOTY.assigner - DEBUG - Операция 24 назначена роботу 2 (нагрузка: 86.77)
2025-09-23 16:41:20 - ROBOTY.assigner - DEBUG - Операция 25 назначена роботу 0 (нагрузка: 94.45)
2025-09-23 16:41:20 - ROBOTY.assigner - DEBUG - Операция 26 назначена роботу 2 (нагрузка: 99.25)
2025-09-23 16:41:20 - ROBOTY.assigner - DEBUG - Операция 27 назначена роботу 0 (нагрузка: 102.62)
2025-09-23 16:41:20 - ROBOTY.assigner - DEBUG - Операция 28 назначена роботу 1 (нагрузка: 94.79)
2025-09-23 16:41:20 - ROBOTY.assigner - DEBUG - Операция 29 назначена роботу 1 (нагрузка: 105.82)
2025-09-23 16:41:20 - ROBOTY.assigner - INFO - Распределено 30 операций с балансировкой нагрузки
2025-09-23 16:41:20 - ROBOTY.assigner - INFO - Итоговые нагрузки роботов: ['102.62', '105.82', '99.25']
2025-09-23 16:41:20 - ROBOTY.assigner - INFO - Робот 0: 11 операций, нагрузка 102.62
2025-09-23 16:41:20 - ROBOTY.assigner - INFO - Робот 1: 9 операций, нагрузка 105.82
2025-09-23 16:41:20 - ROBOTY.assigner - INFO - Робот 2: 10 операций, нагрузка 99.25
2025-09-23 16:41:20 - ROBOTY.planner - INFO - Операции назначены методом: balanced
2025-09-23 16:41:20 - ROBOTY.planner - INFO - Планирование траектории для робота 1 (ID: 1) с 11 операциями
2025-09-23 16:41:20 - ROBOTY.planner - DEBUG - Планирование траектории для робота с 11 операциями
2025-09-23 16:41:20 - ROBOTY.planner - DEBUG - Операция 1 запланирована, время завершения: 10.74
2025-09-23 16:41:20 - ROBOTY.planner - DEBUG - Операция 2 запланирована, время завершения: 19.02
2025-09-23 16:41:20 - ROBOTY.planner - DEBUG - Операция 3 запланирована, время завершения: 28.93
2025-09-23 16:41:20 - ROBOTY.planner - DEBUG - Операция 4 запланирована, время завершения: 41.32
2025-09-23 16:41:20 - ROBOTY.planner - DEBUG - Операция 5 запланирована, время завершения: 52.45
2025-09-23 16:41:20 - ROBOTY.planner - DEBUG - Операция 6 запланирована, время завершения: 65.14
2025-09-23 16:41:20 - ROBOTY.planner - DEBUG - Операция 7 запланирована, время завершения: 78.24
2025-09-23 16:41:20 - ROBOTY.planner - DEBUG - Операция 8 запланирована, время завершения: 91.73
2025-09-23 16:41:20 - ROBOTY.planner - DEBUG - Операция 9 запланирована, время завершения: 104.09
2025-09-23 16:41:20 - ROBOTY.planner - DEBUG - Операция 10 запланирована, время завершения: 109.68
2025-09-23 16:41:20 - ROBOTY.planner - DEBUG - Операция 11 запланирована, время завершения: 122.00
2025-09-23 16:41:20 - ROBOTY.planner - INFO - Траектория робота запланирована, общее время: 122.00
2025-09-23 16:41:20 - ROBOTY.planner - INFO - Робот 1: траектория содержит 264 точек
2025-09-23 16:41:20 - ROBOTY.planner - INFO - Планирование траектории для робота 2 (ID: 2) с 9 операциями
2025-09-23 16:41:20 - ROBOTY.planner - DEBUG - Планирование траектории для робота с 9 операциями
2025-09-23 16:41:20 - ROBOTY.planner - DEBUG - Операция 1 запланирована, время завершения: 17.29
2025-09-23 16:41:20 - ROBOTY.planner - DEBUG - Операция 2 запланирована, время завершения: 27.05
2025-09-23 16:41:20 - ROBOTY.planner - DEBUG - Операция 3 запланирована, время завершения: 39.14
2025-09-23 16:41:20 - ROBOTY.planner - DEBUG - Операция 4 запланирована, время завершения: 46.71
2025-09-23 16:41:20 - ROBOTY.planner - DEBUG - Операция 5 запланирована, время завершения: 65.97
2025-09-23 16:41:20 - ROBOTY.planner - DEBUG - Операция 6 запланирована, время завершения: 79.31
2025-09-23 16:41:20 - ROBOTY.planner - DEBUG - Операция 7 запланирована, время завершения: 93.97
2025-09-23 16:41:20 - ROBOTY.planner - DEBUG - Операция 8 запланирована, время завершения: 107.57
2025-09-23 16:41:20 - ROBOTY.planner - DEBUG - Операция 9 запланирована, время завершения: 118.44
2025-09-23 16:41:20 - ROBOTY.planner - INFO - Траектория робота запланирована, общее время: 118.44
2025-09-23 16:41:20 - ROBOTY.planner - INFO - Робот 2: траектория содержит 216 точек
2025-09-23 16:41:20 - ROBOTY.planner - INFO - Планирование траектории для робота 3 (ID: 3) с 10 операциями
2025-09-23 16:41:20 - ROBOTY.planner - DEBUG - Планирование траектории для робота с 10 операциями
2025-09-23 16:41:20 - ROBOTY.planner - DEBUG - Операция 1 запланирована, время завершения: 10.73
2025-09-23 16:41:20 - ROBOTY.planner - DEBUG - Операция 2 запланирована, время завершения: 22.87
2025-09-23 16:41:20 - ROBOTY.planner - DEBUG - Операция 3 запланирована, время завершения: 37.41
2025-09-23 16:41:20 - ROBOTY.planner - DEBUG - Операция 4 запланирована, время завершения: 54.54
2025-09-23 16:41:20 - ROBOTY.planner - DEBUG - Операция 5 запланирована, время завершения: 66.31
2025-09-23 16:41:20 - ROBOTY.planner - DEBUG - Операция 6 запланирована, время завершения: 72.36
2025-09-23 16:41:20 - ROBOTY.planner - DEBUG - Операция 7 запланирована, время завершения: 84.98
2025-09-23 16:41:20 - ROBOTY.planner - DEBUG - Операция 8 запланирована, время завершения: 98.67
2025-09-23 16:41:20 - ROBOTY.planner - DEBUG - Операция 9 запланирована, время завершения: 113.84
2025-09-23 16:41:20 - ROBOTY.planner - DEBUG - Операция 10 запланирована, время завершения: 132.72
2025-09-23 16:41:20 - ROBOTY.planner - INFO - Траектория робота запланирована, общее время: 132.72
2025-09-23 16:41:20 - ROBOTY.planner - INFO - Робот 3: траектория содержит 240 точек
2025-09-23 16:41:20 - ROBOTY.planner - INFO - Планирование завершено. Makespan: 132.72
2025-09-23 16:41:20 - ROBOTY.main - INFO - Планировщик успешно завершил работу
2025-09-23 16:41:20 - ROBOTY.collision - INFO - Начинаем детальную проверку коллизий
2025-09-23 16:41:20 - ROBOTY.collision - DEBUG - Проверяем коллизии в диапазоне времени: 0.00 - 132.72
2025-09-23 16:41:20 - ROBOTY.collision - WARNING - Коллизия: роботы 1 и 3 в 33.90s, расстояние: 0.374, требуется: 0.500
2025-09-23 16:41:20 - ROBOTY.collision - WARNING - Коллизия: роботы 1 и 3 в 34.00s, расстояние: 0.214, требуется: 0.500
2025-09-23 16:41:20 - ROBOTY.collision - WARNING - Коллизия: роботы 1 и 3 в 34.10s, расстояние: 0.191, требуется: 0.500
2025-09-23 16:41:20 - ROBOTY.collision - WARNING - Коллизия: роботы 1 и 3 в 34.20s, расстояние: 0.335, требуется: 0.500
2025-09-23 16:41:20 - ROBOTY.collision - ERROR - Обнаружено 4 коллизий
2025-09-23 16:41:20 - ROBOTY.main - WARNING - Обнаружено 4 коллизий, применяем онлайн-безопасность
2025-09-23 16:41:20 - ROBOTY.safety - INFO - Применяем онлайн-безопасность: вставка пауз при коллизиях
2025-09-23 16:41:20 - ROBOTY.collision - INFO - Начинаем детальную проверку коллизий
2025-09-23 16:41:20 - ROBOTY.collision - DEBUG - Проверяем коллизии в диапазоне времени: 0.00 - 132.72
2025-09-23 16:41:20 - ROBOTY.collision - WARNING - Коллизия: роботы 1 и 3 в 33.85s, расстояние: 0.468, требуется: 0.500
2025-09-23 16:41:20 - ROBOTY.collision - WARNING - Коллизия: роботы 1 и 3 в 33.90s, расстояние: 0.374, требуется: 0.500
2025-09-23 16:41:20 - ROBOTY.collision - WARNING - Коллизия: роботы 1 и 3 в 33.95s, расстояние: 0.287, требуется: 0.500
2025-09-23 16:41:20 - ROBOTY.collision - WARNING - Коллизия: роботы 1 и 3 в 34.00s, расстояние: 0.214, требуется: 0.500
2025-09-23 16:41:20 - ROBOTY.collision - WARNING - Коллизия: роботы 1 и 3 в 34.05s, расстояние: 0.175, требуется: 0.500
2025-09-23 16:41:20 - ROBOTY.collision - WARNING - Коллизия: роботы 1 и 3 в 34.10s, расстояние: 0.191, требуется: 0.500
2025-09-23 16:41:20 - ROBOTY.collision - WARNING - Коллизия: роботы 1 и 3 в 34.15s, расстояние: 0.252, требуется: 0.500
2025-09-23 16:41:20 - ROBOTY.collision - WARNING - Коллизия: роботы 1 и 3 в 34.20s, расстояние: 0.335, требуется: 0.500
2025-09-23 16:41:20 - ROBOTY.collision - WARNING - Коллизия: роботы 1 и 3 в 34.25s, расстояние: 0.426, требуется: 0.500
2025-09-23 16:41:20 - ROBOTY.collision - ERROR - Обнаружено 9 коллизий
2025-09-23 16:41:20 - ROBOTY.safety - DEBUG - Добавлена пауза 0.60s роботу 1 в t=33.85s
2025-09-23 16:41:20 - ROBOTY.safety - DEBUG - Добавлена пауза 0.60s роботу 3 в t=33.85s
2025-09-23 16:41:20 - ROBOTY.safety - DEBUG - Добавлена пауза 0.60s роботу 1 в t=33.90s
2025-09-23 16:41:20 - ROBOTY.safety - DEBUG - Добавлена пауза 0.60s роботу 3 в t=33.90s
2025-09-23 16:41:20 - ROBOTY.safety - DEBUG - Добавлена пауза 0.60s роботу 1 в t=33.95s
2025-09-23 16:41:20 - ROBOTY.safety - DEBUG - Добавлена пауза 0.60s роботу 3 в t=33.95s
2025-09-23 16:41:20 - ROBOTY.safety - DEBUG - Добавлена пауза 0.60s роботу 1 в t=34.00s
2025-09-23 16:41:20 - ROBOTY.safety - DEBUG - Добавлена пауза 0.60s роботу 3 в t=34.00s
2025-09-23 16:41:20 - ROBOTY.safety - DEBUG - Добавлена пауза 0.60s роботу 1 в t=34.05s
2025-09-23 16:41:20 - ROBOTY.safety - DEBUG - Добавлена пауза 0.60s роботу 3 в t=34.05s
2025-09-23 16:41:20 - ROBOTY.safety - DEBUG - Добавлена пауза 0.60s роботу 1 в t=34.10s
2025-09-23 16:41:20 - ROBOTY.safety - DEBUG - Добавлена пауза 0.60s роботу 3 в t=34.10s
2025-09-23 16:41:20 - ROBOTY.safety - DEBUG - Добавлена пауза 0.60s роботу 1 в t=34.15s
2025-09-23 16:41:20 - ROBOTY.safety - DEBUG - Добавлена пауза 0.60s роботу 3 в t=34.15s
2025-09-23 16:41:20 - ROBOTY.safety - DEBUG - Добавлена пауза 0.60s роботу 1 в t=34.20s
2025-09-23 16:41:20 - ROBOTY.safety - DEBUG - Добавлена пауза 0.60s роботу 3 в t=34.20s
2025-09-23 16:41:20 - ROBOTY.safety - DEBUG - Добавлена пауза 0.60s роботу 1 в t=34.25s
2025-09-23 16:41:20 - ROBOTY.safety - DEBUG - Добавлена пауза 0.60s роботу 3 в t=34.25s
2025-09-23 16:41:20 - ROBOTY.safety - INFO - Онлайн-безопасность применена: паузы вставлены
2025-09-23 16:41:20 - ROBOTY.collision - INFO - Начинаем детальную проверку коллизий
2025-09-23 16:41:20 - ROBOTY.collision - DEBUG - Проверяем коллизии в диапазоне времени: 0.00 - 138.12
2025-09-23 16:41:20 - ROBOTY.collision - WARNING - Коллизия: роботы 1 и 3 в 33.90s, расстояние: 0.468, требуется: 0.500
2025-09-23 16:41:20 - ROBOTY.collision - WARNING - Коллизия: роботы 1 и 3 в 34.00s, расстояние: 0.468, требуется: 0.500
2025-09-23 16:41:20 - ROBOTY.collision - WARNING - Коллизия: роботы 1 и 3 в 34.10s, расстояние: 0.468, требуется: 0.500
2025-09-23 16:41:20 - ROBOTY.collision - WARNING - Коллизия: роботы 1 и 3 в 34.20s, расстояние: 0.468, требуется: 0.500
2025-09-23 16:41:20 - ROBOTY.collision - WARNING - Коллизия: роботы 1 и 3 в 34.30s, расстояние: 0.468, требуется: 0.500
2025-09-23 16:41:20 - ROBOTY.collision - WARNING - Коллизия: роботы 1 и 3 в 34.40s, расстояние: 0.468, требуется: 0.500
2025-09-23 16:41:20 - ROBOTY.collision - WARNING - Коллизия: роботы 1 и 3 в 34.50s, расстояние: 0.468, требуется: 0.500
2025-09-23 16:41:20 - ROBOTY.collision - WARNING - Коллизия: роботы 1 и 3 в 34.60s, расстояние: 0.468, требуется: 0.500
2025-09-23 16:41:20 - ROBOTY.collision - WARNING - Коллизия: роботы 1 и 3 в 34.70s, расстояние: 0.468, требуется: 0.500
2025-09-23 16:41:20 - ROBOTY.collision - WARNING - Коллизия: роботы 1 и 3 в 34.80s, расстояние: 0.468, требуется: 0.500
2025-09-23 16:41:20 - ROBOTY.collision - WARNING - Коллизия: роботы 1 и 3 в 34.90s, расстояние: 0.468, требуется: 0.500
2025-09-23 16:41:20 - ROBOTY.collision - WARNING - Коллизия: роботы 1 и 3 в 35.00s, расстояние: 0.468, требуется: 0.500
2025-09-23 16:41:20 - ROBOTY.collision - WARNING - Коллизия: роботы 1 и 3 в 35.10s, расстояние: 0.468, требуется: 0.500
2025-09-23 16:41:20 - ROBOTY.collision - WARNING - Коллизия: роботы 1 и 3 в 35.20s, расстояние: 0.468, требуется: 0.500
2025-09-23 16:41:20 - ROBOTY.collision - WARNING - Коллизия: роботы 1 и 3 в 35.30s, расстояние: 0.468, требуется: 0.500
2025-09-23 16:41:20 - ROBOTY.collision - WARNING - Коллизия: роботы 1 и 3 в 35.40s, расстояние: 0.468, требуется: 0.500
2025-09-23 16:41:20 - ROBOTY.collision - WARNING - Коллизия: роботы 1 и 3 в 35.50s, расстояние: 0.468, требуется: 0.500
2025-09-23 16:41:20 - ROBOTY.collision - WARNING - Коллизия: роботы 1 и 3 в 35.60s, расстояние: 0.468, требуется: 0.500
2025-09-23 16:41:20 - ROBOTY.collision - WARNING - Коллизия: роботы 1 и 3 в 35.70s, расстояние: 0.468, требуется: 0.500
2025-09-23 16:41:20 - ROBOTY.collision - WARNING - Коллизия: роботы 1 и 3 в 35.80s, расстояние: 0.468, требуется: 0.500
2025-09-23 16:41:20 - ROBOTY.collision - WARNING - Коллизия: роботы 1 и 3 в 35.90s, расстояние: 0.468, требуется: 0.500
2025-09-23 16:41:20 - ROBOTY.collision - WARNING - Коллизия: роботы 1 и 3 в 36.00s, расстояние: 0.468, требуется: 0.500
2025-09-23 16:41:20 - ROBOTY.collision - WARNING - Коллизия: роботы 1 и 3 в 36.10s, расстояние: 0.468, требуется: 0.500
2025-09-23 16:41:20 - ROBOTY.collision - WARNING - Коллизия: роботы 1 и 3 в 36.20s, расстояние: 0.468, требуется: 0.500
2025-09-23 16:41:20 - ROBOTY.collision - WARNING - Коллизия: роботы 1 и 3 в 36.30s, расстояние: 0.468, требуется: 0.500
2025-09-23 16:41:20 - ROBOTY.collision - WARNING - Коллизия: роботы 1 и 3 в 36.40s, расстояние: 0.468, требуется: 0.500
2025-09-23 16:41:20 - ROBOTY.collision - WARNING - Коллизия: роботы 1 и 3 в 36.50s, расстояние: 0.468, требуется: 0.500
2025-09-23 16:41:20 - ROBOTY.collision - WARNING - Коллизия: роботы 1 и 3 в 36.60s, расстояние: 0.468, требуется: 0.500
2025-09-23 16:41:20 - ROBOTY.collision - WARNING - Коллизия: роботы 1 и 3 в 36.70s, расстояние: 0.468, требуется: 0.500
2025-09-23 16:41:20 - ROBOTY.collision - WARNING - Коллизия: роботы 1 и 3 в 36.80s, расстояние: 0.468, требуется: 0.500
2025-09-23 16:41:20 - ROBOTY.collision - WARNING - Коллизия: роботы 1 и 3 в 36.90s, расстояние: 0.468, требуется: 0.500
2025-09-23 16:41:20 - ROBOTY.collision - WARNING - Коллизия: роботы 1 и 3 в 37.00s, расстояние: 0.468, требуется: 0.500
2025-09-23 16:41:20 - ROBOTY.collision - WARNING - Коллизия: роботы 1 и 3 в 37.10s, расстояние: 0.468, требуется: 0.500
2025-09-23 16:41:20 - ROBOTY.collision - WARNING - Коллизия: роботы 1 и 3 в 37.20s, расстояние: 0.468, требуется: 0.500
2025-09-23 16:41:20 - ROBOTY.collision - WARNING - Коллизия: роботы 1 и 3 в 37.30s, расстояние: 0.468, требуется: 0.500
2025-09-23 16:41:20 - ROBOTY.collision - WARNING - Коллизия: роботы 1 и 3 в 37.40s, расстояние: 0.468, требуется: 0.500
2025-09-23 16:41:20 - ROBOTY.collision - WARNING - Коллизия: роботы 1 и 3 в 37.50s, расстояние: 0.468, требуется: 0.500
2025-09-23 16:41:20 - ROBOTY.collision - WARNING - Коллизия: роботы 1 и 3 в 37.60s, расстояние: 0.468, требуется: 0.500
2025-09-23 16:41:20 - ROBOTY.collision - WARNING - Коллизия: роботы 1 и 3 в 37.70s, расстояние: 0.468, требуется: 0.500
2025-09-23 16:41:20 - ROBOTY.collision - WARNING - Коллизия: роботы 1 и 3 в 37.80s, расстояние: 0.468, требуется: 0.500
2025-09-23 16:41:20 - ROBOTY.collision - WARNING - Коллизия: роботы 1 и 3 в 37.90s, расстояние: 0.468, требуется: 0.500
2025-09-23 16:41:20 - ROBOTY.collision - WARNING - Коллизия: роботы 1 и 3 в 38.00s, расстояние: 0.468, требуется: 0.500
2025-09-23 16:41:20 - ROBOTY.collision - WARNING - Коллизия: роботы 1 и 3 в 38.10s, расстояние: 0.468, требуется: 0.500
2025-09-23 16:41:20 - ROBOTY.collision - WARNING - Коллизия: роботы 1 и 3 в 38.20s, расстояние: 0.468, требуется: 0.500
2025-09-23 16:41:20 - ROBOTY.collision - WARNING - Коллизия: роботы 1 и 3 в 38.30s, расстояние: 0.468, требуется: 0.500
2025-09-23 16:41:20 - ROBOTY.collision - WARNING - Коллизия: роботы 1 и 3 в 38.40s, расстояние: 0.468, требуется: 0.500
2025-09-23 16:41:20 - ROBOTY.collision - WARNING - Коллизия: роботы 1 и 3 в 38.50s, расстояние: 0.468, требуется: 0.500
2025-09-23 16:41:20 - ROBOTY.collision - WARNING - Коллизия: роботы 1 и 3 в 38.60s, расстояние: 0.468, требуется: 0.500
2025-09-23 16:41:20 - ROBOTY.collision - WARNING - Коллизия: роботы 1 и 3 в 38.70s, расстояние: 0.468, требуется: 0.500
2025-09-23 16:41:20 - ROBOTY.collision - WARNING - Коллизия: роботы 1 и 3 в 38.80s, расстояние: 0.468, требуется: 0.500
2025-09-23 16:41:20 - ROBOTY.collision - WARNING - Коллизия: роботы 1 и 3 в 38.90s, расстояние: 0.468, требуется: 0.500
2025-09-23 16:41:20 - ROBOTY.collision - WARNING - Коллизия: роботы 1 и 3 в 39.00s, расстояние: 0.468, требуется: 0.500
2025-09-23 16:41:20 - ROBOTY.collision - WARNING - Коллизия: роботы 1 и 3 в 39.10s, расстояние: 0.468, требуется: 0.500
2025-09-23 16:41:20 - ROBOTY.collision - WARNING - Коллизия: роботы 1 и 3 в 39.20s, расстояние: 0.468, требуется: 0.500
2025-09-23 16:41:20 - ROBOTY.collision - WARNING - Коллизия: роботы 1 и 3 в 39.30s, расстояние: 0.374, требуется: 0.500
2025-09-23 16:41:20 - ROBOTY.collision - WARNING - Коллизия: роботы 1 и 3 в 39.40s, расстояние: 0.214, требуется: 0.500
2025-09-23 16:41:20 - ROBOTY.collision - WARNING - Коллизия: роботы 1 и 3 в 39.50s, расстояние: 0.191, требуется: 0.500
2025-09-23 16:41:20 - ROBOTY.collision - WARNING - Коллизия: роботы 1 и 3 в 39.60s, расстояние: 0.335, требуется: 0.500
2025-09-23 16:41:20 - ROBOTY.collision - ERROR - Обнаружено 58 коллизий
2025-09-23 16:41:20 - ROBOTY.main - WARNING - Коллизии сохраняются после вставки пауз
2025-09-23 16:41:22 - ROBOTY.main - INFO - Открытие визуализатора
2025-09-23 16:41:22 - ROBOTY.visualizer - INFO - Запуск визуализации типа: 3d_anim
2025-09-23 16:41:22 - ROBOTY.visualizer - INFO - Создание 3D анимации траекторий
2025-09-23 16:41:22 - ROBOTY.visualizer - INFO - Создание 3D визуализации траекторий
2025-09-23 16:41:23 - ROBOTY.visualizer - INFO - 3D визуализация создана
2025-09-23 16:41:31 - ROBOTY.visualizer - INFO - Визуализация сохранена в файл: C:\Users\22200490\.cursor\ROBOTY\viz\..\outputs\visualizations\visualization_3d_anim_20250923_164130.html
2025-09-23 16:41:32 - ROBOTY.visualizer - INFO - Визуализация открыта в браузере
2025-09-23 16:41:32 - ROBOTY.main - INFO - Визуализация успешно завершена
