2025-09-20 21:12:24 - ROBOTY.main - INFO - Запуск приложения ROBOTY
2025-09-20 21:12:24 - ROBOTY.main - INFO - Применена тема: light
2025-09-20 21:12:24 - ROBOTY.main - INFO - Интерфейс инициализирован
2025-09-20 21:12:24 - ROBOTY.main - INFO - Приложение успешно запущено
2025-09-20 21:12:26 - ROBOTY.main - INFO - Применена тема: dark
2025-09-20 21:12:26 - ROBOTY.main - INFO - Переключение темы: dark -> dark
2025-09-20 21:13:12 - ROBOTY.main - INFO - Создан входной файл: C:\Users\79518\.cursor\ROBOTY\data\input_20250920_211227.json
2025-09-20 21:13:12 - ROBOTY.parser - INFO - Начинаем загрузку файла: C:\Users\79518\.cursor\ROBOTY\data\input_20250920_211227.json
2025-09-20 21:13:12 - ROBOTY.parser - INFO - Файл C:\Users\79518\.cursor\ROBOTY\data\input_20250920_211227.json успешно загружен
2025-09-20 21:13:12 - ROBOTY.parser - DEBUG - Робот 1 успешно загружен
2025-09-20 21:13:12 - ROBOTY.parser - DEBUG - Робот 2 успешно загружен
2025-09-20 21:13:12 - ROBOTY.parser - DEBUG - Робот 3 успешно загружен
2025-09-20 21:13:12 - ROBOTY.parser - DEBUG - Робот 4 успешно загружен
2025-09-20 21:13:12 - ROBOTY.parser - DEBUG - Робот 5 успешно загружен
2025-09-20 21:13:12 - ROBOTY.parser - DEBUG - Робот 6 успешно загружен
2025-09-20 21:13:12 - ROBOTY.parser - DEBUG - Робот 7 успешно загружен
2025-09-20 21:13:12 - ROBOTY.parser - DEBUG - Робот 8 успешно загружен
2025-09-20 21:13:12 - ROBOTY.parser - DEBUG - Робот 9 успешно загружен
2025-09-20 21:13:12 - ROBOTY.parser - DEBUG - Робот 10 успешно загружен
2025-09-20 21:13:12 - ROBOTY.parser - DEBUG - Операция 1 успешно загружена
2025-09-20 21:13:12 - ROBOTY.parser - DEBUG - Операция 2 успешно загружена
2025-09-20 21:13:12 - ROBOTY.parser - DEBUG - Операция 3 успешно загружена
2025-09-20 21:13:12 - ROBOTY.parser - DEBUG - Операция 4 успешно загружена
2025-09-20 21:13:12 - ROBOTY.parser - DEBUG - Операция 5 успешно загружена
2025-09-20 21:13:12 - ROBOTY.parser - DEBUG - Операция 6 успешно загружена
2025-09-20 21:13:12 - ROBOTY.parser - DEBUG - Операция 7 успешно загружена
2025-09-20 21:13:12 - ROBOTY.parser - DEBUG - Операция 8 успешно загружена
2025-09-20 21:13:12 - ROBOTY.parser - DEBUG - Операция 9 успешно загружена
2025-09-20 21:13:12 - ROBOTY.parser - DEBUG - Операция 10 успешно загружена
2025-09-20 21:13:12 - ROBOTY.parser - DEBUG - Операция 11 успешно загружена
2025-09-20 21:13:12 - ROBOTY.parser - DEBUG - Операция 12 успешно загружена
2025-09-20 21:13:12 - ROBOTY.parser - DEBUG - Операция 13 успешно загружена
2025-09-20 21:13:12 - ROBOTY.parser - DEBUG - Операция 14 успешно загружена
2025-09-20 21:13:12 - ROBOTY.parser - DEBUG - Операция 15 успешно загружена
2025-09-20 21:13:12 - ROBOTY.parser - DEBUG - Операция 16 успешно загружена
2025-09-20 21:13:12 - ROBOTY.parser - DEBUG - Операция 17 успешно загружена
2025-09-20 21:13:12 - ROBOTY.parser - DEBUG - Операция 18 успешно загружена
2025-09-20 21:13:12 - ROBOTY.parser - DEBUG - Операция 19 успешно загружена
2025-09-20 21:13:12 - ROBOTY.parser - DEBUG - Операция 20 успешно загружена
2025-09-20 21:13:12 - ROBOTY.parser - DEBUG - Операция 21 успешно загружена
2025-09-20 21:13:12 - ROBOTY.parser - DEBUG - Операция 22 успешно загружена
2025-09-20 21:13:12 - ROBOTY.parser - DEBUG - Операция 23 успешно загружена
2025-09-20 21:13:12 - ROBOTY.parser - DEBUG - Операция 24 успешно загружена
2025-09-20 21:13:12 - ROBOTY.parser - DEBUG - Операция 25 успешно загружена
2025-09-20 21:13:12 - ROBOTY.parser - DEBUG - Операция 26 успешно загружена
2025-09-20 21:13:12 - ROBOTY.parser - DEBUG - Операция 27 успешно загружена
2025-09-20 21:13:12 - ROBOTY.parser - DEBUG - Операция 28 успешно загружена
2025-09-20 21:13:12 - ROBOTY.parser - DEBUG - Операция 29 успешно загружена
2025-09-20 21:13:12 - ROBOTY.parser - DEBUG - Операция 30 успешно загружена
2025-09-20 21:13:12 - ROBOTY.parser - INFO - Загружено 10 роботов и 30 операций
2025-09-20 21:13:14 - ROBOTY.main - INFO - Запуск планировщика
2025-09-20 21:13:14 - ROBOTY.planner - INFO - Запуск планировщика траекторий
2025-09-20 21:13:14 - ROBOTY.assigner - INFO - Начинаем назначение операций методом: balanced
2025-09-20 21:13:14 - ROBOTY.assigner - DEBUG - Операция 0 назначена роботу 4 (нагрузка: 5.46)
2025-09-20 21:13:14 - ROBOTY.assigner - DEBUG - Операция 1 назначена роботу 0 (нагрузка: 11.44)
2025-09-20 21:13:14 - ROBOTY.assigner - DEBUG - Операция 2 назначена роботу 5 (нагрузка: 11.25)
2025-09-20 21:13:14 - ROBOTY.assigner - DEBUG - Операция 3 назначена роботу 1 (нагрузка: 13.37)
2025-09-20 21:13:14 - ROBOTY.assigner - DEBUG - Операция 4 назначена роботу 2 (нагрузка: 13.78)
2025-09-20 21:13:14 - ROBOTY.assigner - DEBUG - Операция 5 назначена роботу 6 (нагрузка: 8.15)
2025-09-20 21:13:14 - ROBOTY.assigner - DEBUG - Операция 6 назначена роботу 8 (нагрузка: 12.63)
2025-09-20 21:13:14 - ROBOTY.assigner - DEBUG - Операция 7 назначена роботу 7 (нагрузка: 17.28)
2025-09-20 21:13:14 - ROBOTY.assigner - DEBUG - Операция 8 назначена роботу 3 (нагрузка: 14.67)
2025-09-20 21:13:14 - ROBOTY.assigner - DEBUG - Операция 9 назначена роботу 4 (нагрузка: 18.41)
2025-09-20 21:13:14 - ROBOTY.assigner - DEBUG - Операция 10 назначена роботу 6 (нагрузка: 17.42)
2025-09-20 21:13:14 - ROBOTY.assigner - DEBUG - Операция 11 назначена роботу 9 (нагрузка: 13.78)
2025-09-20 21:13:14 - ROBOTY.assigner - DEBUG - Операция 12 назначена роботу 0 (нагрузка: 19.87)
2025-09-20 21:13:14 - ROBOTY.assigner - DEBUG - Операция 13 назначена роботу 2 (нагрузка: 20.02)
2025-09-20 21:13:14 - ROBOTY.assigner - DEBUG - Операция 14 назначена роботу 5 (нагрузка: 21.99)
2025-09-20 21:13:14 - ROBOTY.assigner - DEBUG - Операция 15 назначена роботу 1 (нагрузка: 26.82)
2025-09-20 21:13:14 - ROBOTY.assigner - DEBUG - Операция 16 назначена роботу 6 (нагрузка: 26.86)
2025-09-20 21:13:14 - ROBOTY.assigner - DEBUG - Операция 17 назначена роботу 0 (нагрузка: 24.21)
2025-09-20 21:13:14 - ROBOTY.assigner - DEBUG - Операция 18 назначена роботу 3 (нагрузка: 33.91)
2025-09-20 21:13:14 - ROBOTY.assigner - DEBUG - Операция 19 назначена роботу 4 (нагрузка: 28.69)
2025-09-20 21:13:14 - ROBOTY.assigner - DEBUG - Операция 20 назначена роботу 8 (нагрузка: 21.88)
2025-09-20 21:13:14 - ROBOTY.assigner - DEBUG - Операция 21 назначена роботу 2 (нагрузка: 24.46)
2025-09-20 21:13:14 - ROBOTY.assigner - DEBUG - Операция 22 назначена роботу 9 (нагрузка: 24.97)
2025-09-20 21:13:14 - ROBOTY.assigner - DEBUG - Операция 23 назначена роботу 7 (нагрузка: 30.59)
2025-09-20 21:13:14 - ROBOTY.assigner - DEBUG - Операция 24 назначена роботу 5 (нагрузка: 32.46)
2025-09-20 21:13:14 - ROBOTY.assigner - DEBUG - Операция 25 назначена роботу 0 (нагрузка: 34.85)
2025-09-20 21:13:14 - ROBOTY.assigner - DEBUG - Операция 26 назначена роботу 8 (нагрузка: 35.69)
2025-09-20 21:13:14 - ROBOTY.assigner - DEBUG - Операция 27 назначена роботу 2 (нагрузка: 38.16)
2025-09-20 21:13:14 - ROBOTY.assigner - DEBUG - Операция 28 назначена роботу 6 (нагрузка: 32.90)
2025-09-20 21:13:14 - ROBOTY.assigner - DEBUG - Операция 29 назначена роботу 4 (нагрузка: 36.88)
2025-09-20 21:13:14 - ROBOTY.assigner - INFO - Распределено 30 операций с балансировкой нагрузки
2025-09-20 21:13:14 - ROBOTY.assigner - INFO - Итоговые нагрузки роботов: ['34.85', '26.82', '38.16', '33.91', '36.88', '32.46', '32.90', '30.59', '35.69', '24.97']
2025-09-20 21:13:14 - ROBOTY.assigner - INFO - Робот 0: 4 операций, нагрузка 34.85
2025-09-20 21:13:14 - ROBOTY.assigner - INFO - Робот 1: 2 операций, нагрузка 26.82
2025-09-20 21:13:14 - ROBOTY.assigner - INFO - Робот 2: 4 операций, нагрузка 38.16
2025-09-20 21:13:14 - ROBOTY.assigner - INFO - Робот 3: 2 операций, нагрузка 33.91
2025-09-20 21:13:14 - ROBOTY.assigner - INFO - Робот 4: 4 операций, нагрузка 36.88
2025-09-20 21:13:14 - ROBOTY.assigner - INFO - Робот 5: 3 операций, нагрузка 32.46
2025-09-20 21:13:14 - ROBOTY.assigner - INFO - Робот 6: 4 операций, нагрузка 32.90
2025-09-20 21:13:14 - ROBOTY.assigner - INFO - Робот 7: 2 операций, нагрузка 30.59
2025-09-20 21:13:14 - ROBOTY.assigner - INFO - Робот 8: 3 операций, нагрузка 35.69
2025-09-20 21:13:14 - ROBOTY.assigner - INFO - Робот 9: 2 операций, нагрузка 24.97
2025-09-20 21:13:14 - ROBOTY.planner - INFO - Операции назначены методом: balanced
2025-09-20 21:13:14 - ROBOTY.planner - INFO - Планирование траектории для робота 1 (ID: 1) с 4 операциями
2025-09-20 21:13:14 - ROBOTY.planner - DEBUG - Планирование траектории для робота с 4 операциями
2025-09-20 21:13:14 - ROBOTY.planner - DEBUG - Операция 1 запланирована, время завершения: 13.60
2025-09-20 21:13:14 - ROBOTY.planner - DEBUG - Операция 2 запланирована, время завершения: 25.86
2025-09-20 21:13:14 - ROBOTY.planner - DEBUG - Операция 3 запланирована, время завершения: 34.05
2025-09-20 21:13:14 - ROBOTY.planner - DEBUG - Операция 4 запланирована, время завершения: 46.90
2025-09-20 21:13:14 - ROBOTY.planner - INFO - Траектория робота запланирована, общее время: 46.90
2025-09-20 21:13:14 - ROBOTY.planner - INFO - Робот 1: траектория содержит 96 точек
2025-09-20 21:13:14 - ROBOTY.planner - INFO - Планирование траектории для робота 2 (ID: 2) с 2 операциями
2025-09-20 21:13:14 - ROBOTY.planner - DEBUG - Планирование траектории для робота с 2 операциями
2025-09-20 21:13:14 - ROBOTY.planner - DEBUG - Операция 1 запланирована, время завершения: 15.07
2025-09-20 21:13:14 - ROBOTY.planner - DEBUG - Операция 2 запланирована, время завершения: 30.31
2025-09-20 21:13:14 - ROBOTY.planner - INFO - Траектория робота запланирована, общее время: 30.31
2025-09-20 21:13:14 - ROBOTY.planner - INFO - Робот 2: траектория содержит 48 точек
2025-09-20 21:13:14 - ROBOTY.planner - INFO - Планирование траектории для робота 3 (ID: 3) с 4 операциями
2025-09-20 21:13:14 - ROBOTY.planner - DEBUG - Планирование траектории для робота с 4 операциями
2025-09-20 21:13:14 - ROBOTY.planner - DEBUG - Операция 1 запланирована, время завершения: 15.19
2025-09-20 21:13:14 - ROBOTY.planner - DEBUG - Операция 2 запланирована, время завершения: 28.26
2025-09-20 21:13:14 - ROBOTY.planner - DEBUG - Операция 3 запланирована, время завершения: 36.43
2025-09-20 21:13:14 - ROBOTY.planner - DEBUG - Операция 4 запланирована, время завершения: 48.76
2025-09-20 21:13:14 - ROBOTY.planner - INFO - Траектория робота запланирована, общее время: 48.76
2025-09-20 21:13:14 - ROBOTY.planner - INFO - Робот 3: траектория содержит 96 точек
2025-09-20 21:13:14 - ROBOTY.planner - INFO - Планирование траектории для робота 4 (ID: 4) с 2 операциями
2025-09-20 21:13:14 - ROBOTY.planner - DEBUG - Планирование траектории для робота с 2 операциями
2025-09-20 21:13:14 - ROBOTY.planner - DEBUG - Операция 1 запланирована, время завершения: 16.37
2025-09-20 21:13:14 - ROBOTY.planner - DEBUG - Операция 2 запланирована, время завершения: 42.83
2025-09-20 21:13:14 - ROBOTY.planner - INFO - Траектория робота запланирована, общее время: 42.83
2025-09-20 21:13:14 - ROBOTY.planner - INFO - Робот 4: траектория содержит 48 точек
2025-09-20 21:13:14 - ROBOTY.planner - INFO - Планирование траектории для робота 5 (ID: 5) с 4 операциями
2025-09-20 21:13:14 - ROBOTY.planner - DEBUG - Планирование траектории для робота с 4 операциями
2025-09-20 21:13:14 - ROBOTY.planner - DEBUG - Операция 1 запланирована, время завершения: 7.33
2025-09-20 21:13:14 - ROBOTY.planner - DEBUG - Операция 2 запланирована, время завершения: 21.53
2025-09-20 21:13:14 - ROBOTY.planner - DEBUG - Операция 3 запланирована, время завершения: 32.94
2025-09-20 21:13:14 - ROBOTY.planner - DEBUG - Операция 4 запланирована, время завершения: 46.03
2025-09-20 21:13:14 - ROBOTY.planner - INFO - Траектория робота запланирована, общее время: 46.03
2025-09-20 21:13:14 - ROBOTY.planner - INFO - Робот 5: траектория содержит 96 точек
2025-09-20 21:13:14 - ROBOTY.planner - INFO - Планирование траектории для робота 6 (ID: 6) с 3 операциями
2025-09-20 21:13:14 - ROBOTY.planner - DEBUG - Планирование траектории для робота с 3 операциями
2025-09-20 21:13:14 - ROBOTY.planner - DEBUG - Операция 1 запланирована, время завершения: 13.30
2025-09-20 21:13:14 - ROBOTY.planner - DEBUG - Операция 2 запланирована, время завершения: 27.75
2025-09-20 21:13:14 - ROBOTY.planner - DEBUG - Операция 3 запланирована, время завершения: 40.99
2025-09-20 21:13:14 - ROBOTY.planner - INFO - Траектория робота запланирована, общее время: 40.99
2025-09-20 21:13:14 - ROBOTY.planner - INFO - Робот 6: траектория содержит 72 точек
2025-09-20 21:13:14 - ROBOTY.planner - INFO - Планирование траектории для робота 7 (ID: 7) с 4 операциями
2025-09-20 21:13:14 - ROBOTY.planner - DEBUG - Планирование траектории для робота с 4 операциями
2025-09-20 21:13:14 - ROBOTY.planner - DEBUG - Операция 1 запланирована, время завершения: 9.95
2025-09-20 21:13:14 - ROBOTY.planner - DEBUG - Операция 2 запланирована, время завершения: 21.73
2025-09-20 21:13:14 - ROBOTY.planner - DEBUG - Операция 3 запланирована, время завершения: 35.94
2025-09-20 21:13:14 - ROBOTY.planner - DEBUG - Операция 4 запланирована, время завершения: 48.53
2025-09-20 21:13:14 - ROBOTY.planner - INFO - Траектория робота запланирована, общее время: 48.53
2025-09-20 21:13:14 - ROBOTY.planner - INFO - Робот 7: траектория содержит 96 точек
2025-09-20 21:13:14 - ROBOTY.planner - INFO - Планирование траектории для робота 8 (ID: 8) с 2 операциями
2025-09-20 21:13:14 - ROBOTY.planner - DEBUG - Планирование траектории для робота с 2 операциями
2025-09-20 21:13:14 - ROBOTY.planner - DEBUG - Операция 1 запланирована, время завершения: 19.38
2025-09-20 21:13:14 - ROBOTY.planner - DEBUG - Операция 2 запланирована, время завершения: 36.64
2025-09-20 21:13:14 - ROBOTY.planner - INFO - Траектория робота запланирована, общее время: 36.64
2025-09-20 21:13:14 - ROBOTY.planner - INFO - Робот 8: траектория содержит 48 точек
2025-09-20 21:13:14 - ROBOTY.planner - INFO - Планирование траектории для робота 9 (ID: 9) с 3 операциями
2025-09-20 21:13:14 - ROBOTY.planner - DEBUG - Планирование траектории для робота с 3 операциями
2025-09-20 21:13:14 - ROBOTY.planner - DEBUG - Операция 1 запланирована, время завершения: 13.99
2025-09-20 21:13:14 - ROBOTY.planner - DEBUG - Операция 2 запланирована, время завершения: 25.83
2025-09-20 21:13:14 - ROBOTY.planner - DEBUG - Операция 3 запланирована, время завершения: 36.45
2025-09-20 21:13:14 - ROBOTY.planner - INFO - Траектория робота запланирована, общее время: 36.45
2025-09-20 21:13:14 - ROBOTY.planner - INFO - Робот 9: траектория содержит 72 точек
2025-09-20 21:13:14 - ROBOTY.planner - INFO - Планирование траектории для робота 10 (ID: 10) с 2 операциями
2025-09-20 21:13:14 - ROBOTY.planner - DEBUG - Планирование траектории для робота с 2 операциями
2025-09-20 21:13:14 - ROBOTY.planner - DEBUG - Операция 1 запланирована, время завершения: 14.89
2025-09-20 21:13:14 - ROBOTY.planner - DEBUG - Операция 2 запланирована, время завершения: 25.76
2025-09-20 21:13:14 - ROBOTY.planner - INFO - Траектория робота запланирована, общее время: 25.76
2025-09-20 21:13:14 - ROBOTY.planner - INFO - Робот 10: траектория содержит 48 точек
2025-09-20 21:13:14 - ROBOTY.planner - INFO - Планирование завершено. Makespan: 48.76
2025-09-20 21:13:14 - ROBOTY.main - INFO - Планировщик успешно завершил работу
2025-09-20 21:13:14 - ROBOTY.collision - INFO - Начинаем детальную проверку коллизий
2025-09-20 21:13:14 - ROBOTY.collision - DEBUG - Проверяем коллизии в диапазоне времени: 0.00 - 48.76
2025-09-20 21:13:14 - ROBOTY.collision - WARNING - Коллизия: роботы 5 и 9 в 11.80s, расстояние: 0.498, требуется: 0.500
2025-09-20 21:13:14 - ROBOTY.collision - WARNING - Коллизия: роботы 5 и 9 в 11.90s, расстояние: 0.486, требуется: 0.500
2025-09-20 21:13:14 - ROBOTY.collision - WARNING - Коллизия: роботы 5 и 9 в 12.00s, расстояние: 0.480, требуется: 0.500
2025-09-20 21:13:14 - ROBOTY.collision - WARNING - Коллизия: роботы 5 и 9 в 12.10s, расстояние: 0.480, требуется: 0.500
2025-09-20 21:13:14 - ROBOTY.collision - WARNING - Коллизия: роботы 5 и 9 в 12.20s, расстояние: 0.487, требуется: 0.500
2025-09-20 21:13:14 - ROBOTY.collision - WARNING - Коллизия: роботы 2 и 6 в 25.20s, расстояние: 0.471, требуется: 0.500
2025-09-20 21:13:14 - ROBOTY.collision - WARNING - Коллизия: роботы 2 и 6 в 25.30s, расстояние: 0.430, требуется: 0.500
2025-09-20 21:13:14 - ROBOTY.collision - WARNING - Коллизия: роботы 2 и 6 в 25.40s, расстояние: 0.485, требуется: 0.500
2025-09-20 21:13:14 - ROBOTY.collision - ERROR - Обнаружено 8 коллизий
2025-09-20 21:13:14 - ROBOTY.main - WARNING - Обнаружено 8 коллизий
2025-09-20 21:13:16 - ROBOTY.main - INFO - Открытие визуализатора
2025-09-20 21:13:16 - ROBOTY.visualizer - INFO - Запуск визуализации типа: 3d
2025-09-20 21:13:16 - ROBOTY.visualizer - INFO - Создание 3D визуализации траекторий
2025-09-20 21:13:16 - ROBOTY.visualizer - INFO - 3D визуализация создана
2025-09-20 21:13:18 - ROBOTY.visualizer - INFO - Визуализация сохранена в файл: C:\Users\79518\.cursor\ROBOTY\viz\..\outputs\visualizations\visualization_3d_20250920_211316.html
2025-09-20 21:13:20 - ROBOTY.visualizer - INFO - Визуализация открыта в браузере
2025-09-20 21:13:20 - ROBOTY.main - INFO - Визуализация успешно завершена
