2025-09-26 11:16:17 - ROBOTY.main - INFO - Запуск приложения ROBOTY
2025-09-26 11:16:17 - ROBOTY.main - INFO - Применена тема: dark
2025-09-26 11:16:17 - ROBOTY.main - INFO - Интерфейс инициализирован
2025-09-26 11:16:17 - ROBOTY.main - INFO - Приложение успешно запущено
2025-09-26 11:16:37 - ROBOTY.main - INFO - ⚙️ Результаты бенчмарка: |   - n=256, матричное умножение: 3.4 мс (9.7 GFLOPS) |   - доп. операции: 1.8 мс |   - суммарно: 5.2 мс | 🏷️ Рекомендация: hand_auto_optimized.obj (239 вершин) — Система быстрая: можно использовать детальнее |    Путь: assets/robots/hand_auto_optimized.obj |    Альтернативы: hand_optimized.obj (92), hand_auto_optimized.obj (239)
2025-09-26 11:16:59 - ROBOTY.main - INFO - Создан входной файл: C:\Users\22200490\.cursor\ROBOTY-main\data\input_20250926_111641.json
2025-09-26 11:16:59 - ROBOTY.parser - INFO - Начинаем загрузку файла: C:\Users\22200490\.cursor\ROBOTY-main\data\input_20250926_111641.json
2025-09-26 11:16:59 - ROBOTY.parser - INFO - Файл C:\Users\22200490\.cursor\ROBOTY-main\data\input_20250926_111641.json успешно загружен
2025-09-26 11:16:59 - ROBOTY.parser - DEBUG - Робот 1 успешно загружен
2025-09-26 11:16:59 - ROBOTY.parser - DEBUG - Операция 1 успешно загружена
2025-09-26 11:16:59 - ROBOTY.parser - DEBUG - Операция 2 успешно загружена
2025-09-26 11:16:59 - ROBOTY.parser - DEBUG - Операция 3 успешно загружена
2025-09-26 11:16:59 - ROBOTY.parser - DEBUG - Операция 4 успешно загружена
2025-09-26 11:16:59 - ROBOTY.parser - DEBUG - Операция 5 успешно загружена
2025-09-26 11:16:59 - ROBOTY.parser - DEBUG - Операция 6 успешно загружена
2025-09-26 11:16:59 - ROBOTY.parser - DEBUG - Операция 7 успешно загружена
2025-09-26 11:16:59 - ROBOTY.parser - DEBUG - Операция 8 успешно загружена
2025-09-26 11:16:59 - ROBOTY.parser - DEBUG - Операция 9 успешно загружена
2025-09-26 11:16:59 - ROBOTY.parser - DEBUG - Операция 10 успешно загружена
2025-09-26 11:16:59 - ROBOTY.parser - DEBUG - Операция 11 успешно загружена
2025-09-26 11:16:59 - ROBOTY.parser - DEBUG - Операция 12 успешно загружена
2025-09-26 11:16:59 - ROBOTY.parser - DEBUG - Операция 13 успешно загружена
2025-09-26 11:16:59 - ROBOTY.parser - DEBUG - Операция 14 успешно загружена
2025-09-26 11:16:59 - ROBOTY.parser - DEBUG - Операция 15 успешно загружена
2025-09-26 11:16:59 - ROBOTY.parser - INFO - Загружено 1 роботов и 15 операций
2025-09-26 11:17:26 - ROBOTY.main - INFO - Запуск планировщика
2025-09-26 11:17:26 - ROBOTY.planner - INFO - Запуск планировщика траекторий
2025-09-26 11:17:26 - ROBOTY.assigner - INFO - Начинаем назначение операций методом: balanced
2025-09-26 11:17:26 - ROBOTY.assigner - DEBUG - Операция 0 назначена роботу 0 (нагрузка: 4.17)
2025-09-26 11:17:26 - ROBOTY.assigner - DEBUG - Операция 1 назначена роботу 0 (нагрузка: 8.69)
2025-09-26 11:17:26 - ROBOTY.assigner - DEBUG - Операция 2 назначена роботу 0 (нагрузка: 12.90)
2025-09-26 11:17:26 - ROBOTY.assigner - DEBUG - Операция 3 назначена роботу 0 (нагрузка: 16.70)
2025-09-26 11:17:26 - ROBOTY.assigner - DEBUG - Операция 4 назначена роботу 0 (нагрузка: 19.19)
2025-09-26 11:17:26 - ROBOTY.assigner - DEBUG - Операция 5 назначена роботу 0 (нагрузка: 21.89)
2025-09-26 11:17:26 - ROBOTY.assigner - DEBUG - Операция 6 назначена роботу 0 (нагрузка: 26.29)
2025-09-26 11:17:26 - ROBOTY.assigner - DEBUG - Операция 7 назначена роботу 0 (нагрузка: 29.16)
2025-09-26 11:17:26 - ROBOTY.assigner - DEBUG - Операция 8 назначена роботу 0 (нагрузка: 33.25)
2025-09-26 11:17:26 - ROBOTY.assigner - DEBUG - Операция 9 назначена роботу 0 (нагрузка: 36.03)
2025-09-26 11:17:26 - ROBOTY.assigner - DEBUG - Операция 10 назначена роботу 0 (нагрузка: 38.73)
2025-09-26 11:17:26 - ROBOTY.assigner - DEBUG - Операция 11 назначена роботу 0 (нагрузка: 40.04)
2025-09-26 11:17:26 - ROBOTY.assigner - DEBUG - Операция 12 назначена роботу 0 (нагрузка: 44.57)
2025-09-26 11:17:26 - ROBOTY.assigner - DEBUG - Операция 13 назначена роботу 0 (нагрузка: 49.74)
2025-09-26 11:17:26 - ROBOTY.assigner - DEBUG - Операция 14 назначена роботу 0 (нагрузка: 55.16)
2025-09-26 11:17:26 - ROBOTY.assigner - INFO - Распределено 15 операций с балансировкой нагрузки
2025-09-26 11:17:26 - ROBOTY.assigner - INFO - Итоговые нагрузки роботов: ['55.16']
2025-09-26 11:17:26 - ROBOTY.assigner - INFO - Робот 0: 15 операций, нагрузка 55.16
2025-09-26 11:17:26 - ROBOTY.planner - INFO - Операции назначены методом: balanced
2025-09-26 11:17:26 - ROBOTY.planner - INFO - Планирование траектории для робота 1 (ID: 1) с 15 операциями
2025-09-26 11:17:26 - ROBOTY.planner - DEBUG - Планирование траектории для робота с 15 операциями
2025-09-26 11:17:26 - ROBOTY.planner - DEBUG - Операция 1 запланирована, время завершения: 6.21
2025-09-26 11:17:26 - ROBOTY.planner - DEBUG - Операция 2 запланирована, время завершения: 12.34
2025-09-26 11:17:26 - ROBOTY.planner - DEBUG - Операция 3 запланирована, время завершения: 16.79
2025-09-26 11:17:26 - ROBOTY.planner - DEBUG - Операция 4 запланирована, время завершения: 22.91
2025-09-26 11:17:26 - ROBOTY.planner - DEBUG - Операция 5 запланирована, время завершения: 27.82
2025-09-26 11:17:26 - ROBOTY.planner - DEBUG - Операция 6 запланирована, время завершения: 32.33
2025-09-26 11:17:26 - ROBOTY.planner - DEBUG - Операция 7 запланирована, время завершения: 39.49
2025-09-26 11:17:26 - ROBOTY.planner - DEBUG - Операция 8 запланирована, время завершения: 44.08
2025-09-26 11:17:26 - ROBOTY.planner - DEBUG - Операция 9 запланирована, время завершения: 49.68
2025-09-26 11:17:26 - ROBOTY.planner - DEBUG - Операция 10 запланирована, время завершения: 54.67
2025-09-26 11:17:26 - ROBOTY.planner - DEBUG - Операция 11 запланирована, время завершения: 60.11
2025-09-26 11:17:26 - ROBOTY.planner - DEBUG - Операция 12 запланирована, время завершения: 63.74
2025-09-26 11:17:26 - ROBOTY.planner - DEBUG - Операция 13 запланирована, время завершения: 70.13
2025-09-26 11:17:26 - ROBOTY.planner - DEBUG - Операция 14 запланирована, время завершения: 75.72
2025-09-26 11:17:26 - ROBOTY.planner - DEBUG - Операция 15 запланирована, время завершения: 82.65
2025-09-26 11:17:26 - ROBOTY.planner - INFO - Траектория робота запланирована, общее время: 82.65
2025-09-26 11:17:26 - ROBOTY.planner - INFO - Робот 1: траектория содержит 360 точек
2025-09-26 11:17:26 - ROBOTY.planner - INFO - Планирование завершено. Makespan: 82.65
2025-09-26 11:17:26 - ROBOTY.main - INFO - Планировщик успешно завершил работу
2025-09-26 11:17:26 - ROBOTY.collision - INFO - Начинаем детальную проверку коллизий
2025-09-26 11:17:26 - ROBOTY.collision - INFO - Недостаточно роботов для проверки коллизий
2025-09-26 11:17:26 - ROBOTY.main - INFO - Коллизий не обнаружено
2025-09-26 11:17:28 - ROBOTY.main - INFO - Открытие визуализатора
2025-09-26 11:17:28 - ROBOTY.main - INFO - Визуализация успешно завершена
2025-09-26 11:17:28 - ROBOTY.visualizer - INFO - Запуск визуализации типа: 3d_anim
2025-09-26 11:17:28 - ROBOTY.visualizer - INFO - Создание 3D анимации траекторий
2025-09-26 11:17:28 - ROBOTY.visualizer - INFO - Создание 3D визуализации траекторий
2025-09-26 11:17:29 - ROBOTY.visualizer - INFO - 3D визуализация создана
2025-09-26 11:17:29 - ROBOTY.mesh_loader - INFO - OBJ загружен: 1758706684_68d3bbfcdbb32.obj, вершин=48087, треугольников=96202
2025-09-26 11:19:47 - ROBOTY.main - INFO - Логи очищены пользователем
