2025-09-25 15:40:56 - ROBOTY.main - INFO - Запуск приложения ROBOTY
2025-09-25 15:40:56 - ROBOTY.main - INFO - Применена тема: light
2025-09-25 15:40:56 - ROBOTY.main - INFO - Интерфейс инициализирован
2025-09-25 15:40:56 - ROBOTY.main - INFO - Приложение успешно запущено
2025-09-25 15:40:58 - ROBOTY.main - INFO - Применена тема: dark
2025-09-25 15:40:58 - ROBOTY.main - INFO - Переключение темы: dark -> dark
2025-09-25 15:41:01 - ROBOTY.main - INFO - Создан входной файл: /Users/maksimchernukha/Documents/ROBOTY/data/input_20250925_154059.json
2025-09-25 15:41:01 - ROBOTY.parser - INFO - Начинаем загрузку файла: /Users/maksimchernukha/Documents/ROBOTY/data/input_20250925_154059.json
2025-09-25 15:41:01 - ROBOTY.parser - INFO - Файл /Users/maksimchernukha/Documents/ROBOTY/data/input_20250925_154059.json успешно загружен
2025-09-25 15:41:01 - ROBOTY.parser - DEBUG - Робот 1 успешно загружен
2025-09-25 15:41:01 - ROBOTY.parser - DEBUG - Робот 2 успешно загружен
2025-09-25 15:41:01 - ROBOTY.parser - DEBUG - Робот 3 успешно загружен
2025-09-25 15:41:01 - ROBOTY.parser - DEBUG - Робот 4 успешно загружен
2025-09-25 15:41:01 - ROBOTY.parser - DEBUG - Робот 5 успешно загружен
2025-09-25 15:41:01 - ROBOTY.parser - DEBUG - Робот 6 успешно загружен
2025-09-25 15:41:01 - ROBOTY.parser - DEBUG - Робот 7 успешно загружен
2025-09-25 15:41:01 - ROBOTY.parser - DEBUG - Робот 8 успешно загружен
2025-09-25 15:41:01 - ROBOTY.parser - DEBUG - Робот 9 успешно загружен
2025-09-25 15:41:01 - ROBOTY.parser - DEBUG - Робот 10 успешно загружен
2025-09-25 15:41:01 - ROBOTY.parser - DEBUG - Операция 1 успешно загружена
2025-09-25 15:41:01 - ROBOTY.parser - DEBUG - Операция 2 успешно загружена
2025-09-25 15:41:01 - ROBOTY.parser - DEBUG - Операция 3 успешно загружена
2025-09-25 15:41:01 - ROBOTY.parser - DEBUG - Операция 4 успешно загружена
2025-09-25 15:41:01 - ROBOTY.parser - DEBUG - Операция 5 успешно загружена
2025-09-25 15:41:01 - ROBOTY.parser - DEBUG - Операция 6 успешно загружена
2025-09-25 15:41:01 - ROBOTY.parser - DEBUG - Операция 7 успешно загружена
2025-09-25 15:41:01 - ROBOTY.parser - DEBUG - Операция 8 успешно загружена
2025-09-25 15:41:01 - ROBOTY.parser - DEBUG - Операция 9 успешно загружена
2025-09-25 15:41:01 - ROBOTY.parser - DEBUG - Операция 10 успешно загружена
2025-09-25 15:41:01 - ROBOTY.parser - DEBUG - Операция 11 успешно загружена
2025-09-25 15:41:01 - ROBOTY.parser - DEBUG - Операция 12 успешно загружена
2025-09-25 15:41:01 - ROBOTY.parser - DEBUG - Операция 13 успешно загружена
2025-09-25 15:41:01 - ROBOTY.parser - DEBUG - Операция 14 успешно загружена
2025-09-25 15:41:01 - ROBOTY.parser - DEBUG - Операция 15 успешно загружена
2025-09-25 15:41:01 - ROBOTY.parser - DEBUG - Операция 16 успешно загружена
2025-09-25 15:41:01 - ROBOTY.parser - DEBUG - Операция 17 успешно загружена
2025-09-25 15:41:01 - ROBOTY.parser - DEBUG - Операция 18 успешно загружена
2025-09-25 15:41:01 - ROBOTY.parser - DEBUG - Операция 19 успешно загружена
2025-09-25 15:41:01 - ROBOTY.parser - DEBUG - Операция 20 успешно загружена
2025-09-25 15:41:01 - ROBOTY.parser - DEBUG - Операция 21 успешно загружена
2025-09-25 15:41:01 - ROBOTY.parser - DEBUG - Операция 22 успешно загружена
2025-09-25 15:41:01 - ROBOTY.parser - DEBUG - Операция 23 успешно загружена
2025-09-25 15:41:01 - ROBOTY.parser - DEBUG - Операция 24 успешно загружена
2025-09-25 15:41:01 - ROBOTY.parser - DEBUG - Операция 25 успешно загружена
2025-09-25 15:41:01 - ROBOTY.parser - DEBUG - Операция 26 успешно загружена
2025-09-25 15:41:01 - ROBOTY.parser - DEBUG - Операция 27 успешно загружена
2025-09-25 15:41:01 - ROBOTY.parser - DEBUG - Операция 28 успешно загружена
2025-09-25 15:41:01 - ROBOTY.parser - DEBUG - Операция 29 успешно загружена
2025-09-25 15:41:01 - ROBOTY.parser - DEBUG - Операция 30 успешно загружена
2025-09-25 15:41:01 - ROBOTY.parser - INFO - Загружено 10 роботов и 30 операций
2025-09-25 15:41:03 - ROBOTY.main - INFO - Запуск планировщика
2025-09-25 15:41:03 - ROBOTY.planner - INFO - Запуск планировщика траекторий
2025-09-25 15:41:03 - ROBOTY.assigner - INFO - Начинаем назначение операций методом: balanced
2025-09-25 15:41:03 - ROBOTY.assigner - DEBUG - Операция 0 назначена роботу 5 (нагрузка: 3.72)
2025-09-25 15:41:03 - ROBOTY.assigner - DEBUG - Операция 1 назначена роботу 7 (нагрузка: 6.22)
2025-09-25 15:41:03 - ROBOTY.assigner - DEBUG - Операция 2 назначена роботу 6 (нагрузка: 6.84)
2025-09-25 15:41:03 - ROBOTY.assigner - DEBUG - Операция 3 назначена роботу 9 (нагрузка: 7.77)
2025-09-25 15:41:03 - ROBOTY.assigner - DEBUG - Операция 4 назначена роботу 1 (нагрузка: 7.74)
2025-09-25 15:41:03 - ROBOTY.assigner - DEBUG - Операция 5 назначена роботу 4 (нагрузка: 7.88)
2025-09-25 15:41:03 - ROBOTY.assigner - DEBUG - Операция 6 назначена роботу 3 (нагрузка: 9.77)
2025-09-25 15:41:03 - ROBOTY.assigner - DEBUG - Операция 7 назначена роботу 8 (нагрузка: 10.79)
2025-09-25 15:41:03 - ROBOTY.assigner - DEBUG - Операция 8 назначена роботу 5 (нагрузка: 9.95)
2025-09-25 15:41:03 - ROBOTY.assigner - DEBUG - Операция 9 назначена роботу 2 (нагрузка: 10.69)
2025-09-25 15:41:03 - ROBOTY.assigner - DEBUG - Операция 10 назначена роботу 0 (нагрузка: 14.95)
2025-09-25 15:41:03 - ROBOTY.assigner - DEBUG - Операция 11 назначена роботу 1 (нагрузка: 14.40)
2025-09-25 15:41:03 - ROBOTY.assigner - DEBUG - Операция 12 назначена роботу 6 (нагрузка: 14.63)
2025-09-25 15:41:03 - ROBOTY.assigner - DEBUG - Операция 13 назначена роботу 7 (нагрузка: 15.31)
2025-09-25 15:41:03 - ROBOTY.assigner - DEBUG - Операция 14 назначена роботу 4 (нагрузка: 12.30)
2025-09-25 15:41:03 - ROBOTY.assigner - DEBUG - Операция 15 назначена роботу 5 (нагрузка: 17.12)
2025-09-25 15:41:03 - ROBOTY.assigner - DEBUG - Операция 16 назначена роботу 9 (нагрузка: 14.99)
2025-09-25 15:41:03 - ROBOTY.assigner - DEBUG - Операция 17 назначена роботу 4 (нагрузка: 17.82)
2025-09-25 15:41:03 - ROBOTY.assigner - DEBUG - Операция 18 назначена роботу 6 (нагрузка: 23.02)
2025-09-25 15:41:03 - ROBOTY.assigner - DEBUG - Операция 19 назначена роботу 8 (нагрузка: 21.30)
2025-09-25 15:41:03 - ROBOTY.assigner - DEBUG - Операция 20 назначена роботу 9 (нагрузка: 25.34)
2025-09-25 15:41:03 - ROBOTY.assigner - DEBUG - Операция 21 назначена роботу 1 (нагрузка: 23.63)
2025-09-25 15:41:03 - ROBOTY.assigner - DEBUG - Операция 22 назначена роботу 7 (нагрузка: 23.37)
2025-09-25 15:41:03 - ROBOTY.assigner - DEBUG - Операция 23 назначена роботу 3 (нагрузка: 25.09)
2025-09-25 15:41:03 - ROBOTY.assigner - DEBUG - Операция 24 назначена роботу 2 (нагрузка: 26.63)
2025-09-25 15:41:03 - ROBOTY.assigner - DEBUG - Операция 25 назначена роботу 5 (нагрузка: 24.36)
2025-09-25 15:41:03 - ROBOTY.assigner - DEBUG - Операция 26 назначена роботу 4 (нагрузка: 32.70)
2025-09-25 15:41:03 - ROBOTY.assigner - DEBUG - Операция 27 назначена роботу 8 (нагрузка: 31.93)
2025-09-25 15:41:03 - ROBOTY.assigner - DEBUG - Операция 28 назначена роботу 0 (нагрузка: 27.47)
2025-09-25 15:41:03 - ROBOTY.assigner - DEBUG - Операция 29 назначена роботу 6 (нагрузка: 33.44)
2025-09-25 15:41:03 - ROBOTY.assigner - INFO - Распределено 30 операций с балансировкой нагрузки
2025-09-25 15:41:03 - ROBOTY.assigner - INFO - Итоговые нагрузки роботов: ['27.47', '23.63', '26.63', '25.09', '32.70', '24.36', '33.44', '23.37', '31.93', '25.34']
2025-09-25 15:41:03 - ROBOTY.assigner - INFO - Робот 0: 2 операций, нагрузка 27.47
2025-09-25 15:41:03 - ROBOTY.assigner - INFO - Робот 1: 3 операций, нагрузка 23.63
2025-09-25 15:41:03 - ROBOTY.assigner - INFO - Робот 2: 2 операций, нагрузка 26.63
2025-09-25 15:41:03 - ROBOTY.assigner - INFO - Робот 3: 2 операций, нагрузка 25.09
2025-09-25 15:41:03 - ROBOTY.assigner - INFO - Робот 4: 4 операций, нагрузка 32.70
2025-09-25 15:41:03 - ROBOTY.assigner - INFO - Робот 5: 4 операций, нагрузка 24.36
2025-09-25 15:41:03 - ROBOTY.assigner - INFO - Робот 6: 4 операций, нагрузка 33.44
2025-09-25 15:41:03 - ROBOTY.assigner - INFO - Робот 7: 3 операций, нагрузка 23.37
2025-09-25 15:41:03 - ROBOTY.assigner - INFO - Робот 8: 3 операций, нагрузка 31.93
2025-09-25 15:41:03 - ROBOTY.assigner - INFO - Робот 9: 3 операций, нагрузка 25.34
2025-09-25 15:41:03 - ROBOTY.planner - INFO - Операции назначены методом: balanced
2025-09-25 15:41:03 - ROBOTY.planner - INFO - Планирование траектории для робота 1 (ID: 1) с 2 операциями
2025-09-25 15:41:03 - ROBOTY.planner - DEBUG - Планирование траектории для робота с 2 операциями
2025-09-25 15:41:03 - ROBOTY.planner - DEBUG - Операция 1 запланирована, время завершения: 16.66
2025-09-25 15:41:03 - ROBOTY.planner - DEBUG - Операция 2 запланирована, время завершения: 39.51
2025-09-25 15:41:03 - ROBOTY.planner - INFO - Траектория робота запланирована, общее время: 39.51
2025-09-25 15:41:03 - ROBOTY.planner - INFO - Робот 1: траектория содержит 48 точек
2025-09-25 15:41:03 - ROBOTY.planner - INFO - Планирование траектории для робота 2 (ID: 2) с 3 операциями
2025-09-25 15:41:03 - ROBOTY.planner - DEBUG - Планирование траектории для робота с 3 операциями
2025-09-25 15:41:03 - ROBOTY.planner - DEBUG - Операция 1 запланирована, время завершения: 9.31
2025-09-25 15:41:03 - ROBOTY.planner - DEBUG - Операция 2 запланирована, время завершения: 19.00
2025-09-25 15:41:03 - ROBOTY.planner - DEBUG - Операция 3 запланирована, время завершения: 28.38
2025-09-25 15:41:03 - ROBOTY.planner - INFO - Траектория робота запланирована, общее время: 28.38
2025-09-25 15:41:03 - ROBOTY.planner - INFO - Робот 2: траектория содержит 72 точек
2025-09-25 15:41:03 - ROBOTY.planner - INFO - Планирование траектории для робота 3 (ID: 3) с 2 операциями
2025-09-25 15:41:03 - ROBOTY.planner - DEBUG - Планирование траектории для робота с 2 операциями
2025-09-25 15:41:03 - ROBOTY.planner - DEBUG - Операция 1 запланирована, время завершения: 12.50
2025-09-25 15:41:03 - ROBOTY.planner - DEBUG - Операция 2 запланирована, время завершения: 27.56
2025-09-25 15:41:03 - ROBOTY.planner - INFO - Траектория робота запланирована, общее время: 27.56
2025-09-25 15:41:03 - ROBOTY.planner - INFO - Робот 3: траектория содержит 48 точек
2025-09-25 15:41:03 - ROBOTY.planner - INFO - Планирование траектории для робота 4 (ID: 4) с 2 операциями
2025-09-25 15:41:03 - ROBOTY.planner - DEBUG - Планирование траектории для робота с 2 операциями
2025-09-25 15:41:03 - ROBOTY.planner - DEBUG - Операция 1 запланирована, время завершения: 11.45
2025-09-25 15:41:03 - ROBOTY.planner - DEBUG - Операция 2 запланирована, время завершения: 32.30
2025-09-25 15:41:03 - ROBOTY.planner - INFO - Траектория робота запланирована, общее время: 32.30
2025-09-25 15:41:03 - ROBOTY.planner - INFO - Робот 4: траектория содержит 48 точек
2025-09-25 15:41:03 - ROBOTY.planner - INFO - Планирование траектории для робота 5 (ID: 5) с 4 операциями
2025-09-25 15:41:03 - ROBOTY.planner - DEBUG - Планирование траектории для робота с 4 операциями
2025-09-25 15:41:03 - ROBOTY.planner - DEBUG - Операция 1 запланирована, время завершения: 10.00
2025-09-25 15:41:03 - ROBOTY.planner - DEBUG - Операция 2 запланирована, время завершения: 16.11
2025-09-25 15:41:03 - ROBOTY.planner - DEBUG - Операция 3 запланирована, время завершения: 24.01
2025-09-25 15:41:03 - ROBOTY.planner - DEBUG - Операция 4 запланирована, время завершения: 41.08
2025-09-25 15:41:03 - ROBOTY.planner - INFO - Траектория робота запланирована, общее время: 41.08
2025-09-25 15:41:03 - ROBOTY.planner - INFO - Робот 5: траектория содержит 96 точек
2025-09-25 15:41:03 - ROBOTY.planner - INFO - Планирование траектории для робота 6 (ID: 6) с 4 операциями
2025-09-25 15:41:03 - ROBOTY.planner - DEBUG - Планирование траектории для робота с 4 операциями
2025-09-25 15:41:03 - ROBOTY.planner - DEBUG - Операция 1 запланирована, время завершения: 5.43
2025-09-25 15:41:03 - ROBOTY.planner - DEBUG - Операция 2 запланирована, время завершения: 14.77
2025-09-25 15:41:03 - ROBOTY.planner - DEBUG - Операция 3 запланирована, время завершения: 22.41
2025-09-25 15:41:03 - ROBOTY.planner - DEBUG - Операция 4 запланирована, время завершения: 32.15
2025-09-25 15:41:03 - ROBOTY.planner - INFO - Траектория робота запланирована, общее время: 32.15
2025-09-25 15:41:03 - ROBOTY.planner - INFO - Робот 6: траектория содержит 96 точек
2025-09-25 15:41:03 - ROBOTY.planner - INFO - Планирование траектории для робота 7 (ID: 7) с 4 операциями
2025-09-25 15:41:03 - ROBOTY.planner - DEBUG - Планирование траектории для робота с 4 операциями
2025-09-25 15:41:03 - ROBOTY.planner - DEBUG - Операция 1 запланирована, время завершения: 8.72
2025-09-25 15:41:03 - ROBOTY.planner - DEBUG - Операция 2 запланирована, время завершения: 18.27
2025-09-25 15:41:03 - ROBOTY.planner - DEBUG - Операция 3 запланирована, время завершения: 31.68
2025-09-25 15:41:03 - ROBOTY.planner - DEBUG - Операция 4 запланирована, время завершения: 42.39
2025-09-25 15:41:03 - ROBOTY.planner - INFO - Траектория робота запланирована, общее время: 42.39
2025-09-25 15:41:03 - ROBOTY.planner - INFO - Робот 7: траектория содержит 96 точек
2025-09-25 15:41:03 - ROBOTY.planner - INFO - Планирование траектории для робота 8 (ID: 8) с 3 операциями
2025-09-25 15:41:03 - ROBOTY.planner - DEBUG - Планирование траектории для робота с 3 операциями
2025-09-25 15:41:03 - ROBOTY.planner - DEBUG - Операция 1 запланирована, время завершения: 8.26
2025-09-25 15:41:03 - ROBOTY.planner - DEBUG - Операция 2 запланирована, время завершения: 17.05
2025-09-25 15:41:03 - ROBOTY.planner - DEBUG - Операция 3 запланирована, время завершения: 27.48
2025-09-25 15:41:03 - ROBOTY.planner - INFO - Траектория робота запланирована, общее время: 27.48
2025-09-25 15:41:03 - ROBOTY.planner - INFO - Робот 8: траектория содержит 72 точек
2025-09-25 15:41:03 - ROBOTY.planner - INFO - Планирование траектории для робота 9 (ID: 9) с 3 операциями
2025-09-25 15:41:03 - ROBOTY.planner - DEBUG - Планирование траектории для робота с 3 операциями
2025-09-25 15:41:03 - ROBOTY.planner - DEBUG - Операция 1 запланирована, время завершения: 12.14
2025-09-25 15:41:03 - ROBOTY.planner - DEBUG - Операция 2 запланирована, время завершения: 22.43
2025-09-25 15:41:03 - ROBOTY.planner - DEBUG - Операция 3 запланирована, время завершения: 34.90
2025-09-25 15:41:03 - ROBOTY.planner - INFO - Траектория робота запланирована, общее время: 34.90
2025-09-25 15:41:03 - ROBOTY.planner - INFO - Робот 9: траектория содержит 72 точек
2025-09-25 15:41:03 - ROBOTY.planner - INFO - Планирование траектории для робота 10 (ID: 10) с 3 операциями
2025-09-25 15:41:03 - ROBOTY.planner - DEBUG - Планирование траектории для робота с 3 операциями
2025-09-25 15:41:03 - ROBOTY.planner - DEBUG - Операция 1 запланирована, время завершения: 9.00
2025-09-25 15:41:03 - ROBOTY.planner - DEBUG - Операция 2 запланирована, время завершения: 17.03
2025-09-25 15:41:03 - ROBOTY.planner - DEBUG - Операция 3 запланирована, время завершения: 28.48
2025-09-25 15:41:03 - ROBOTY.planner - INFO - Траектория робота запланирована, общее время: 28.48
2025-09-25 15:41:03 - ROBOTY.planner - INFO - Робот 10: траектория содержит 72 точек
2025-09-25 15:41:03 - ROBOTY.planner - INFO - Планирование завершено. Makespan: 42.39
2025-09-25 15:41:03 - ROBOTY.main - INFO - Планировщик успешно завершил работу
2025-09-25 15:41:03 - ROBOTY.collision - INFO - Начинаем детальную проверку коллизий
2025-09-25 15:41:03 - ROBOTY.collision - DEBUG - Проверяем коллизии в диапазоне времени: 0.00 - 42.39
2025-09-25 15:41:03 - ROBOTY.collision - WARNING - Коллизия: роботы 1 и 4 в 10.90s, расстояние: 0.488, требуется: 0.500
2025-09-25 15:41:03 - ROBOTY.collision - WARNING - Коллизия: роботы 1 и 4 в 11.00s, расстояние: 0.413, требуется: 0.500
2025-09-25 15:41:03 - ROBOTY.collision - WARNING - Коллизия: роботы 1 и 4 в 11.10s, расстояние: 0.342, требуется: 0.500
2025-09-25 15:41:03 - ROBOTY.collision - WARNING - Коллизия: роботы 1 и 4 в 11.20s, расстояние: 0.278, требуется: 0.500
2025-09-25 15:41:03 - ROBOTY.collision - WARNING - Коллизия: роботы 1 и 4 в 11.30s, расстояние: 0.228, требуется: 0.500
2025-09-25 15:41:03 - ROBOTY.collision - WARNING - Коллизия: роботы 1 и 4 в 11.40s, расстояние: 0.202, требуется: 0.500
2025-09-25 15:41:03 - ROBOTY.collision - WARNING - Коллизия: роботы 1 и 4 в 11.50s, расстояние: 0.195, требуется: 0.500
2025-09-25 15:41:03 - ROBOTY.collision - WARNING - Коллизия: роботы 1 и 4 в 11.60s, расстояние: 0.240, требуется: 0.500
2025-09-25 15:41:03 - ROBOTY.collision - WARNING - Коллизия: роботы 1 и 4 в 11.70s, расстояние: 0.332, требуется: 0.500
2025-09-25 15:41:03 - ROBOTY.collision - WARNING - Коллизия: роботы 1 и 4 в 11.80s, расстояние: 0.442, требуется: 0.500
2025-09-25 15:41:03 - ROBOTY.collision - WARNING - Коллизия: роботы 6 и 7 в 23.40s, расстояние: 0.490, требуется: 0.500
2025-09-25 15:41:03 - ROBOTY.collision - WARNING - Коллизия: роботы 6 и 7 в 23.50s, расстояние: 0.286, требуется: 0.500
2025-09-25 15:41:03 - ROBOTY.collision - WARNING - Коллизия: роботы 6 и 7 в 23.60s, расстояние: 0.127, требуется: 0.500
2025-09-25 15:41:03 - ROBOTY.collision - WARNING - Коллизия: роботы 6 и 7 в 23.70s, расстояние: 0.209, требуется: 0.500
2025-09-25 15:41:03 - ROBOTY.collision - WARNING - Коллизия: роботы 6 и 7 в 23.80s, расстояние: 0.405, требуется: 0.500
2025-09-25 15:41:03 - ROBOTY.collision - WARNING - Коллизия: роботы 6 и 7 в 28.90s, расстояние: 0.472, требуется: 0.500
2025-09-25 15:41:03 - ROBOTY.collision - WARNING - Коллизия: роботы 6 и 7 в 29.00s, расстояние: 0.421, требуется: 0.500
2025-09-25 15:41:03 - ROBOTY.collision - WARNING - Коллизия: роботы 6 и 7 в 29.10s, расстояние: 0.464, требуется: 0.500
2025-09-25 15:41:03 - ROBOTY.collision - WARNING - Коллизия: роботы 5 и 6 в 31.10s, расстояние: 0.470, требуется: 0.500
2025-09-25 15:41:03 - ROBOTY.collision - WARNING - Коллизия: роботы 5 и 6 в 31.20s, расстояние: 0.468, требуется: 0.500
2025-09-25 15:41:03 - ROBOTY.collision - WARNING - Коллизия: роботы 5 и 6 в 31.30s, расстояние: 0.481, требуется: 0.500
2025-09-25 15:41:03 - ROBOTY.collision - WARNING - Коллизия: роботы 3 и 7 в 37.90s, расстояние: 0.486, требуется: 0.500
2025-09-25 15:41:03 - ROBOTY.collision - WARNING - Коллизия: роботы 3 и 7 в 38.00s, расстояние: 0.429, требуется: 0.500
2025-09-25 15:41:03 - ROBOTY.collision - WARNING - Коллизия: роботы 3 и 7 в 38.10s, расстояние: 0.401, требуется: 0.500
2025-09-25 15:41:03 - ROBOTY.collision - WARNING - Коллизия: роботы 3 и 7 в 38.20s, расстояние: 0.409, требуется: 0.500
2025-09-25 15:41:03 - ROBOTY.collision - WARNING - Коллизия: роботы 3 и 7 в 38.30s, расстояние: 0.451, требуется: 0.500
2025-09-25 15:41:03 - ROBOTY.collision - ERROR - Обнаружено 26 коллизий
2025-09-25 15:41:03 - ROBOTY.main - WARNING - Обнаружено 26 коллизий, применяем онлайн-безопасность
2025-09-25 15:41:03 - ROBOTY.safety - INFO - Применяем онлайн-безопасность: вставка пауз при коллизиях
2025-09-25 15:41:03 - ROBOTY.collision - INFO - Начинаем детальную проверку коллизий
2025-09-25 15:41:03 - ROBOTY.collision - DEBUG - Проверяем коллизии в диапазоне времени: 0.00 - 42.39
2025-09-25 15:41:03 - ROBOTY.collision - WARNING - Коллизия: роботы 1 и 4 в 10.90s, расстояние: 0.488, требуется: 0.500
2025-09-25 15:41:03 - ROBOTY.collision - WARNING - Коллизия: роботы 1 и 4 в 10.95s, расстояние: 0.450, требуется: 0.500
2025-09-25 15:41:03 - ROBOTY.collision - WARNING - Коллизия: роботы 1 и 4 в 11.00s, расстояние: 0.413, требуется: 0.500
2025-09-25 15:41:03 - ROBOTY.collision - WARNING - Коллизия: роботы 1 и 4 в 11.05s, расстояние: 0.376, требуется: 0.500
2025-09-25 15:41:03 - ROBOTY.collision - WARNING - Коллизия: роботы 1 и 4 в 11.10s, расстояние: 0.342, требуется: 0.500
2025-09-25 15:41:03 - ROBOTY.collision - WARNING - Коллизия: роботы 1 и 4 в 11.15s, расстояние: 0.309, требуется: 0.500
2025-09-25 15:41:03 - ROBOTY.collision - WARNING - Коллизия: роботы 1 и 4 в 11.20s, расстояние: 0.278, требуется: 0.500
2025-09-25 15:41:03 - ROBOTY.collision - WARNING - Коллизия: роботы 1 и 4 в 11.25s, расстояние: 0.251, требуется: 0.500
2025-09-25 15:41:03 - ROBOTY.collision - WARNING - Коллизия: роботы 1 и 4 в 11.30s, расстояние: 0.228, требуется: 0.500
2025-09-25 15:41:03 - ROBOTY.collision - WARNING - Коллизия: роботы 1 и 4 в 11.35s, расстояние: 0.211, требуется: 0.500
2025-09-25 15:41:03 - ROBOTY.collision - WARNING - Коллизия: роботы 1 и 4 в 11.40s, расстояние: 0.202, требуется: 0.500
2025-09-25 15:41:03 - ROBOTY.collision - WARNING - Коллизия: роботы 1 и 4 в 11.45s, расстояние: 0.201, требуется: 0.500
2025-09-25 15:41:03 - ROBOTY.collision - WARNING - Коллизия: роботы 1 и 4 в 11.50s, расстояние: 0.195, требуется: 0.500
2025-09-25 15:41:03 - ROBOTY.collision - WARNING - Коллизия: роботы 1 и 4 в 11.55s, расстояние: 0.209, требуется: 0.500
2025-09-25 15:41:03 - ROBOTY.collision - WARNING - Коллизия: роботы 1 и 4 в 11.60s, расстояние: 0.240, требуется: 0.500
2025-09-25 15:41:03 - ROBOTY.collision - WARNING - Коллизия: роботы 1 и 4 в 11.65s, расстояние: 0.283, требуется: 0.500
2025-09-25 15:41:03 - ROBOTY.collision - WARNING - Коллизия: роботы 1 и 4 в 11.70s, расстояние: 0.332, требуется: 0.500
2025-09-25 15:41:03 - ROBOTY.collision - WARNING - Коллизия: роботы 1 и 4 в 11.75s, расстояние: 0.386, требуется: 0.500
2025-09-25 15:41:03 - ROBOTY.collision - WARNING - Коллизия: роботы 1 и 4 в 11.80s, расстояние: 0.442, требуется: 0.500
2025-09-25 15:41:03 - ROBOTY.collision - WARNING - Коллизия: роботы 6 и 7 в 23.40s, расстояние: 0.490, требуется: 0.500
2025-09-25 15:41:03 - ROBOTY.collision - WARNING - Коллизия: роботы 6 и 7 в 23.45s, расстояние: 0.386, требуется: 0.500
2025-09-25 15:41:03 - ROBOTY.collision - WARNING - Коллизия: роботы 6 и 7 в 23.50s, расстояние: 0.286, требуется: 0.500
2025-09-25 15:41:03 - ROBOTY.collision - WARNING - Коллизия: роботы 6 и 7 в 23.55s, расстояние: 0.193, требуется: 0.500
2025-09-25 15:41:03 - ROBOTY.collision - WARNING - Коллизия: роботы 6 и 7 в 23.60s, расстояние: 0.127, требуется: 0.500
2025-09-25 15:41:03 - ROBOTY.collision - WARNING - Коллизия: роботы 6 и 7 в 23.65s, расстояние: 0.135, требуется: 0.500
2025-09-25 15:41:03 - ROBOTY.collision - WARNING - Коллизия: роботы 6 и 7 в 23.70s, расстояние: 0.209, требуется: 0.500
2025-09-25 15:41:03 - ROBOTY.collision - WARNING - Коллизия: роботы 6 и 7 в 23.75s, расстояние: 0.304, требуется: 0.500
2025-09-25 15:41:03 - ROBOTY.collision - WARNING - Коллизия: роботы 6 и 7 в 23.80s, расстояние: 0.405, требуется: 0.500
2025-09-25 15:41:03 - ROBOTY.collision - WARNING - Коллизия: роботы 6 и 7 в 28.90s, расстояние: 0.472, требуется: 0.500
2025-09-25 15:41:03 - ROBOTY.collision - WARNING - Коллизия: роботы 6 и 7 в 28.95s, расстояние: 0.435, требуется: 0.500
2025-09-25 15:41:03 - ROBOTY.collision - WARNING - Коллизия: роботы 6 и 7 в 29.00s, расстояние: 0.421, требуется: 0.500
2025-09-25 15:41:03 - ROBOTY.collision - WARNING - Коллизия: роботы 6 и 7 в 29.05s, расстояние: 0.431, требуется: 0.500
2025-09-25 15:41:03 - ROBOTY.collision - WARNING - Коллизия: роботы 6 и 7 в 29.10s, расстояние: 0.464, требуется: 0.500
2025-09-25 15:41:03 - ROBOTY.collision - WARNING - Коллизия: роботы 5 и 6 в 31.05s, расстояние: 0.482, требуется: 0.500
2025-09-25 15:41:03 - ROBOTY.collision - WARNING - Коллизия: роботы 5 и 6 в 31.10s, расстояние: 0.470, требуется: 0.500
2025-09-25 15:41:03 - ROBOTY.collision - WARNING - Коллизия: роботы 5 и 6 в 31.15s, расстояние: 0.467, требуется: 0.500
2025-09-25 15:41:03 - ROBOTY.collision - WARNING - Коллизия: роботы 5 и 6 в 31.20s, расстояние: 0.468, требуется: 0.500
2025-09-25 15:41:03 - ROBOTY.collision - WARNING - Коллизия: роботы 5 и 6 в 31.25s, расстояние: 0.473, требуется: 0.500
2025-09-25 15:41:03 - ROBOTY.collision - WARNING - Коллизия: роботы 5 и 6 в 31.30s, расстояние: 0.481, требуется: 0.500
2025-09-25 15:41:03 - ROBOTY.collision - WARNING - Коллизия: роботы 5 и 6 в 31.35s, расстояние: 0.493, требуется: 0.500
2025-09-25 15:41:03 - ROBOTY.collision - WARNING - Коллизия: роботы 3 и 7 в 37.90s, расстояние: 0.486, требуется: 0.500
2025-09-25 15:41:03 - ROBOTY.collision - WARNING - Коллизия: роботы 3 и 7 в 37.95s, расстояние: 0.454, требуется: 0.500
2025-09-25 15:41:03 - ROBOTY.collision - WARNING - Коллизия: роботы 3 и 7 в 38.00s, расстояние: 0.429, требуется: 0.500
2025-09-25 15:41:03 - ROBOTY.collision - WARNING - Коллизия: роботы 3 и 7 в 38.05s, расстояние: 0.411, требуется: 0.500
2025-09-25 15:41:03 - ROBOTY.collision - WARNING - Коллизия: роботы 3 и 7 в 38.10s, расстояние: 0.401, требуется: 0.500
2025-09-25 15:41:03 - ROBOTY.collision - WARNING - Коллизия: роботы 3 и 7 в 38.15s, расстояние: 0.401, требуется: 0.500
2025-09-25 15:41:03 - ROBOTY.collision - WARNING - Коллизия: роботы 3 и 7 в 38.20s, расстояние: 0.409, требуется: 0.500
2025-09-25 15:41:03 - ROBOTY.collision - WARNING - Коллизия: роботы 3 и 7 в 38.25s, расстояние: 0.426, требуется: 0.500
2025-09-25 15:41:03 - ROBOTY.collision - WARNING - Коллизия: роботы 3 и 7 в 38.30s, расстояние: 0.451, требуется: 0.500
2025-09-25 15:41:03 - ROBOTY.collision - WARNING - Коллизия: роботы 3 и 7 в 38.35s, расстояние: 0.482, требуется: 0.500
2025-09-25 15:41:03 - ROBOTY.collision - ERROR - Обнаружено 50 коллизий
2025-09-25 15:41:03 - ROBOTY.safety - DEBUG - Добавлена пауза 0.60s роботу 1 в t=10.90s
2025-09-25 15:41:03 - ROBOTY.safety - DEBUG - Добавлена пауза 0.60s роботу 4 в t=10.90s
2025-09-25 15:41:03 - ROBOTY.safety - DEBUG - Добавлена пауза 0.60s роботу 1 в t=10.95s
2025-09-25 15:41:03 - ROBOTY.safety - DEBUG - Добавлена пауза 0.60s роботу 4 в t=10.95s
2025-09-25 15:41:03 - ROBOTY.safety - DEBUG - Добавлена пауза 0.60s роботу 1 в t=11.00s
2025-09-25 15:41:03 - ROBOTY.safety - DEBUG - Добавлена пауза 0.60s роботу 4 в t=11.00s
2025-09-25 15:41:03 - ROBOTY.safety - DEBUG - Добавлена пауза 0.60s роботу 1 в t=11.05s
2025-09-25 15:41:03 - ROBOTY.safety - DEBUG - Добавлена пауза 0.60s роботу 4 в t=11.05s
2025-09-25 15:41:03 - ROBOTY.safety - DEBUG - Добавлена пауза 0.60s роботу 1 в t=11.10s
2025-09-25 15:41:03 - ROBOTY.safety - DEBUG - Добавлена пауза 0.60s роботу 4 в t=11.10s
2025-09-25 15:41:03 - ROBOTY.safety - DEBUG - Добавлена пауза 0.60s роботу 1 в t=11.15s
2025-09-25 15:41:03 - ROBOTY.safety - DEBUG - Добавлена пауза 0.60s роботу 4 в t=11.15s
2025-09-25 15:41:03 - ROBOTY.safety - DEBUG - Добавлена пауза 0.60s роботу 1 в t=11.20s
2025-09-25 15:41:03 - ROBOTY.safety - DEBUG - Добавлена пауза 0.60s роботу 4 в t=11.20s
2025-09-25 15:41:03 - ROBOTY.safety - DEBUG - Добавлена пауза 0.60s роботу 1 в t=11.25s
2025-09-25 15:41:03 - ROBOTY.safety - DEBUG - Добавлена пауза 0.60s роботу 4 в t=11.25s
2025-09-25 15:41:03 - ROBOTY.safety - DEBUG - Добавлена пауза 0.60s роботу 1 в t=11.30s
2025-09-25 15:41:03 - ROBOTY.safety - DEBUG - Добавлена пауза 0.60s роботу 4 в t=11.30s
2025-09-25 15:41:03 - ROBOTY.safety - DEBUG - Добавлена пауза 0.60s роботу 1 в t=11.35s
2025-09-25 15:41:03 - ROBOTY.safety - DEBUG - Добавлена пауза 0.60s роботу 4 в t=11.35s
2025-09-25 15:41:03 - ROBOTY.safety - DEBUG - Добавлена пауза 0.60s роботу 1 в t=11.40s
2025-09-25 15:41:03 - ROBOTY.safety - DEBUG - Добавлена пауза 0.60s роботу 4 в t=11.40s
2025-09-25 15:41:03 - ROBOTY.safety - DEBUG - Добавлена пауза 0.60s роботу 1 в t=11.45s
2025-09-25 15:41:03 - ROBOTY.safety - DEBUG - Добавлена пауза 0.60s роботу 4 в t=11.45s
2025-09-25 15:41:03 - ROBOTY.safety - DEBUG - Добавлена пауза 0.60s роботу 1 в t=11.50s
2025-09-25 15:41:03 - ROBOTY.safety - DEBUG - Добавлена пауза 0.60s роботу 4 в t=11.50s
2025-09-25 15:41:03 - ROBOTY.safety - DEBUG - Добавлена пауза 0.60s роботу 1 в t=11.55s
2025-09-25 15:41:03 - ROBOTY.safety - DEBUG - Добавлена пауза 0.60s роботу 4 в t=11.55s
2025-09-25 15:41:03 - ROBOTY.safety - DEBUG - Добавлена пауза 0.60s роботу 1 в t=11.60s
2025-09-25 15:41:03 - ROBOTY.safety - DEBUG - Добавлена пауза 0.60s роботу 4 в t=11.60s
2025-09-25 15:41:03 - ROBOTY.safety - DEBUG - Добавлена пауза 0.60s роботу 1 в t=11.65s
2025-09-25 15:41:03 - ROBOTY.safety - DEBUG - Добавлена пауза 0.60s роботу 4 в t=11.65s
2025-09-25 15:41:03 - ROBOTY.safety - DEBUG - Добавлена пауза 0.60s роботу 1 в t=11.70s
2025-09-25 15:41:03 - ROBOTY.safety - DEBUG - Добавлена пауза 0.60s роботу 4 в t=11.70s
2025-09-25 15:41:03 - ROBOTY.safety - DEBUG - Добавлена пауза 0.60s роботу 1 в t=11.75s
2025-09-25 15:41:03 - ROBOTY.safety - DEBUG - Добавлена пауза 0.60s роботу 4 в t=11.75s
2025-09-25 15:41:03 - ROBOTY.safety - DEBUG - Добавлена пауза 0.60s роботу 1 в t=11.80s
2025-09-25 15:41:03 - ROBOTY.safety - DEBUG - Добавлена пауза 0.60s роботу 4 в t=11.80s
2025-09-25 15:41:03 - ROBOTY.safety - DEBUG - Добавлена пауза 0.60s роботу 6 в t=23.40s
2025-09-25 15:41:03 - ROBOTY.safety - DEBUG - Добавлена пауза 0.60s роботу 7 в t=23.40s
2025-09-25 15:41:03 - ROBOTY.safety - DEBUG - Добавлена пауза 0.60s роботу 6 в t=23.45s
2025-09-25 15:41:03 - ROBOTY.safety - DEBUG - Добавлена пауза 0.60s роботу 7 в t=23.45s
2025-09-25 15:41:03 - ROBOTY.safety - DEBUG - Добавлена пауза 0.60s роботу 6 в t=23.50s
2025-09-25 15:41:03 - ROBOTY.safety - DEBUG - Добавлена пауза 0.60s роботу 7 в t=23.50s
2025-09-25 15:41:03 - ROBOTY.safety - DEBUG - Добавлена пауза 0.60s роботу 6 в t=23.55s
2025-09-25 15:41:03 - ROBOTY.safety - DEBUG - Добавлена пауза 0.60s роботу 7 в t=23.55s
2025-09-25 15:41:03 - ROBOTY.safety - DEBUG - Добавлена пауза 0.60s роботу 6 в t=23.60s
2025-09-25 15:41:03 - ROBOTY.safety - DEBUG - Добавлена пауза 0.60s роботу 7 в t=23.60s
2025-09-25 15:41:03 - ROBOTY.safety - DEBUG - Добавлена пауза 0.60s роботу 6 в t=23.65s
2025-09-25 15:41:03 - ROBOTY.safety - DEBUG - Добавлена пауза 0.60s роботу 7 в t=23.65s
2025-09-25 15:41:03 - ROBOTY.safety - DEBUG - Добавлена пауза 0.60s роботу 6 в t=23.70s
2025-09-25 15:41:03 - ROBOTY.safety - DEBUG - Добавлена пауза 0.60s роботу 7 в t=23.70s
2025-09-25 15:41:03 - ROBOTY.safety - DEBUG - Добавлена пауза 0.60s роботу 6 в t=23.75s
2025-09-25 15:41:03 - ROBOTY.safety - DEBUG - Добавлена пауза 0.60s роботу 7 в t=23.75s
2025-09-25 15:41:03 - ROBOTY.safety - DEBUG - Добавлена пауза 0.60s роботу 6 в t=23.80s
2025-09-25 15:41:03 - ROBOTY.safety - DEBUG - Добавлена пауза 0.60s роботу 7 в t=23.80s
2025-09-25 15:41:03 - ROBOTY.safety - DEBUG - Добавлена пауза 0.60s роботу 6 в t=28.90s
2025-09-25 15:41:03 - ROBOTY.safety - DEBUG - Добавлена пауза 0.60s роботу 7 в t=28.90s
2025-09-25 15:41:03 - ROBOTY.safety - DEBUG - Добавлена пауза 0.60s роботу 6 в t=28.95s
2025-09-25 15:41:03 - ROBOTY.safety - DEBUG - Добавлена пауза 0.60s роботу 7 в t=28.95s
2025-09-25 15:41:03 - ROBOTY.safety - DEBUG - Добавлена пауза 0.60s роботу 6 в t=29.00s
2025-09-25 15:41:03 - ROBOTY.safety - DEBUG - Добавлена пауза 0.60s роботу 7 в t=29.00s
2025-09-25 15:41:03 - ROBOTY.safety - DEBUG - Добавлена пауза 0.60s роботу 6 в t=29.05s
2025-09-25 15:41:03 - ROBOTY.safety - DEBUG - Добавлена пауза 0.60s роботу 7 в t=29.05s
2025-09-25 15:41:03 - ROBOTY.safety - DEBUG - Добавлена пауза 0.60s роботу 6 в t=29.10s
2025-09-25 15:41:03 - ROBOTY.safety - DEBUG - Добавлена пауза 0.60s роботу 7 в t=29.10s
2025-09-25 15:41:03 - ROBOTY.safety - DEBUG - Добавлена пауза 0.60s роботу 5 в t=31.05s
2025-09-25 15:41:03 - ROBOTY.safety - DEBUG - Добавлена пауза 0.60s роботу 6 в t=31.05s
2025-09-25 15:41:03 - ROBOTY.safety - DEBUG - Добавлена пауза 0.60s роботу 5 в t=31.10s
2025-09-25 15:41:03 - ROBOTY.safety - DEBUG - Добавлена пауза 0.60s роботу 6 в t=31.10s
2025-09-25 15:41:03 - ROBOTY.safety - DEBUG - Добавлена пауза 0.60s роботу 5 в t=31.15s
2025-09-25 15:41:03 - ROBOTY.safety - DEBUG - Добавлена пауза 0.60s роботу 6 в t=31.15s
2025-09-25 15:41:03 - ROBOTY.safety - DEBUG - Добавлена пауза 0.60s роботу 5 в t=31.20s
2025-09-25 15:41:03 - ROBOTY.safety - DEBUG - Добавлена пауза 0.60s роботу 6 в t=31.20s
2025-09-25 15:41:03 - ROBOTY.safety - DEBUG - Добавлена пауза 0.60s роботу 5 в t=31.25s
2025-09-25 15:41:03 - ROBOTY.safety - DEBUG - Добавлена пауза 0.60s роботу 6 в t=31.25s
2025-09-25 15:41:03 - ROBOTY.safety - DEBUG - Добавлена пауза 0.60s роботу 5 в t=31.30s
2025-09-25 15:41:03 - ROBOTY.safety - DEBUG - Добавлена пауза 0.60s роботу 6 в t=31.30s
2025-09-25 15:41:03 - ROBOTY.safety - DEBUG - Добавлена пауза 0.60s роботу 5 в t=31.35s
2025-09-25 15:41:03 - ROBOTY.safety - DEBUG - Добавлена пауза 0.60s роботу 6 в t=31.35s
2025-09-25 15:41:03 - ROBOTY.safety - DEBUG - Добавлена пауза 0.60s роботу 3 в t=37.90s
2025-09-25 15:41:03 - ROBOTY.safety - DEBUG - Добавлена пауза 0.60s роботу 7 в t=37.90s
2025-09-25 15:41:03 - ROBOTY.safety - DEBUG - Добавлена пауза 0.60s роботу 3 в t=37.95s
2025-09-25 15:41:03 - ROBOTY.safety - DEBUG - Добавлена пауза 0.60s роботу 7 в t=37.95s
2025-09-25 15:41:03 - ROBOTY.safety - DEBUG - Добавлена пауза 0.60s роботу 3 в t=38.00s
2025-09-25 15:41:03 - ROBOTY.safety - DEBUG - Добавлена пауза 0.60s роботу 7 в t=38.00s
2025-09-25 15:41:03 - ROBOTY.safety - DEBUG - Добавлена пауза 0.60s роботу 3 в t=38.05s
2025-09-25 15:41:03 - ROBOTY.safety - DEBUG - Добавлена пауза 0.60s роботу 7 в t=38.05s
2025-09-25 15:41:03 - ROBOTY.safety - DEBUG - Добавлена пауза 0.60s роботу 3 в t=38.10s
2025-09-25 15:41:03 - ROBOTY.safety - DEBUG - Добавлена пауза 0.60s роботу 7 в t=38.10s
2025-09-25 15:41:03 - ROBOTY.safety - DEBUG - Добавлена пауза 0.60s роботу 3 в t=38.15s
2025-09-25 15:41:03 - ROBOTY.safety - DEBUG - Добавлена пауза 0.60s роботу 7 в t=38.15s
2025-09-25 15:41:03 - ROBOTY.safety - DEBUG - Добавлена пауза 0.60s роботу 3 в t=38.20s
2025-09-25 15:41:03 - ROBOTY.safety - DEBUG - Добавлена пауза 0.60s роботу 7 в t=38.20s
2025-09-25 15:41:03 - ROBOTY.safety - DEBUG - Добавлена пауза 0.60s роботу 3 в t=38.25s
2025-09-25 15:41:03 - ROBOTY.safety - DEBUG - Добавлена пауза 0.60s роботу 7 в t=38.25s
2025-09-25 15:41:03 - ROBOTY.safety - DEBUG - Добавлена пауза 0.60s роботу 3 в t=38.30s
2025-09-25 15:41:03 - ROBOTY.safety - DEBUG - Добавлена пауза 0.60s роботу 7 в t=38.30s
2025-09-25 15:41:03 - ROBOTY.safety - DEBUG - Добавлена пауза 0.60s роботу 3 в t=38.35s
2025-09-25 15:41:03 - ROBOTY.safety - DEBUG - Добавлена пауза 0.60s роботу 7 в t=38.35s
2025-09-25 15:41:03 - ROBOTY.safety - INFO - Онлайн-безопасность применена: паузы вставлены
2025-09-25 15:41:03 - ROBOTY.collision - INFO - Начинаем детальную проверку коллизий
2025-09-25 15:41:03 - ROBOTY.collision - DEBUG - Проверяем коллизии в диапазоне времени: 0.00 - 56.79
2025-09-25 15:41:03 - ROBOTY.collision - WARNING - Коллизия: роботы 1 и 4 в 10.90s, расстояние: 0.488, требуется: 0.500
2025-09-25 15:41:03 - ROBOTY.collision - WARNING - Коллизия: роботы 1 и 4 в 11.00s, расстояние: 0.488, требуется: 0.500
2025-09-25 15:41:03 - ROBOTY.collision - WARNING - Коллизия: роботы 1 и 4 в 11.10s, расстояние: 0.488, требуется: 0.500
2025-09-25 15:41:03 - ROBOTY.collision - WARNING - Коллизия: роботы 1 и 4 в 11.20s, расстояние: 0.488, требуется: 0.500
2025-09-25 15:41:03 - ROBOTY.collision - WARNING - Коллизия: роботы 1 и 4 в 11.30s, расстояние: 0.488, требуется: 0.500
2025-09-25 15:41:03 - ROBOTY.collision - WARNING - Коллизия: роботы 1 и 4 в 11.40s, расстояние: 0.488, требуется: 0.500
2025-09-25 15:41:03 - ROBOTY.collision - WARNING - Коллизия: роботы 1 и 4 в 11.50s, расстояние: 0.488, требуется: 0.500
2025-09-25 15:41:03 - ROBOTY.collision - WARNING - Коллизия: роботы 1 и 4 в 11.60s, расстояние: 0.488, требуется: 0.500
2025-09-25 15:41:03 - ROBOTY.collision - WARNING - Коллизия: роботы 1 и 4 в 11.70s, расстояние: 0.488, требуется: 0.500
2025-09-25 15:41:03 - ROBOTY.collision - WARNING - Коллизия: роботы 1 и 4 в 11.80s, расстояние: 0.488, требуется: 0.500
2025-09-25 15:41:03 - ROBOTY.collision - WARNING - Коллизия: роботы 1 и 4 в 11.90s, расстояние: 0.488, требуется: 0.500
2025-09-25 15:41:03 - ROBOTY.collision - WARNING - Коллизия: роботы 1 и 4 в 12.00s, расстояние: 0.488, требуется: 0.500
2025-09-25 15:41:03 - ROBOTY.collision - WARNING - Коллизия: роботы 1 и 4 в 12.10s, расстояние: 0.488, требуется: 0.500
2025-09-25 15:41:03 - ROBOTY.collision - WARNING - Коллизия: роботы 1 и 4 в 12.20s, расстояние: 0.488, требуется: 0.500
2025-09-25 15:41:03 - ROBOTY.collision - WARNING - Коллизия: роботы 1 и 4 в 12.30s, расстояние: 0.488, требуется: 0.500
2025-09-25 15:41:03 - ROBOTY.collision - WARNING - Коллизия: роботы 1 и 4 в 12.40s, расстояние: 0.488, требуется: 0.500
2025-09-25 15:41:03 - ROBOTY.collision - WARNING - Коллизия: роботы 1 и 4 в 12.50s, расстояние: 0.488, требуется: 0.500
2025-09-25 15:41:03 - ROBOTY.collision - WARNING - Коллизия: роботы 1 и 4 в 12.60s, расстояние: 0.488, требуется: 0.500
2025-09-25 15:41:03 - ROBOTY.collision - WARNING - Коллизия: роботы 1 и 4 в 12.70s, расстояние: 0.488, требуется: 0.500
2025-09-25 15:41:03 - ROBOTY.collision - WARNING - Коллизия: роботы 1 и 4 в 12.80s, расстояние: 0.488, требуется: 0.500
2025-09-25 15:41:03 - ROBOTY.collision - WARNING - Коллизия: роботы 1 и 4 в 12.90s, расстояние: 0.488, требуется: 0.500
2025-09-25 15:41:03 - ROBOTY.collision - WARNING - Коллизия: роботы 1 и 4 в 13.00s, расстояние: 0.488, требуется: 0.500
2025-09-25 15:41:03 - ROBOTY.collision - WARNING - Коллизия: роботы 1 и 4 в 13.10s, расстояние: 0.488, требуется: 0.500
2025-09-25 15:41:03 - ROBOTY.collision - WARNING - Коллизия: роботы 1 и 4 в 13.20s, расстояние: 0.488, требуется: 0.500
2025-09-25 15:41:03 - ROBOTY.collision - WARNING - Коллизия: роботы 1 и 4 в 13.30s, расстояние: 0.488, требуется: 0.500
2025-09-25 15:41:03 - ROBOTY.collision - WARNING - Коллизия: роботы 1 и 4 в 13.40s, расстояние: 0.488, требуется: 0.500
2025-09-25 15:41:03 - ROBOTY.collision - WARNING - Коллизия: роботы 1 и 4 в 13.50s, расстояние: 0.488, требуется: 0.500
2025-09-25 15:41:03 - ROBOTY.collision - WARNING - Коллизия: роботы 1 и 4 в 13.60s, расстояние: 0.488, требуется: 0.500
2025-09-25 15:41:03 - ROBOTY.collision - WARNING - Коллизия: роботы 1 и 4 в 13.70s, расстояние: 0.488, требуется: 0.500
2025-09-25 15:41:03 - ROBOTY.collision - WARNING - Коллизия: роботы 1 и 4 в 13.80s, расстояние: 0.488, требуется: 0.500
2025-09-25 15:41:03 - ROBOTY.collision - WARNING - Коллизия: роботы 1 и 4 в 13.90s, расстояние: 0.488, требуется: 0.500
2025-09-25 15:41:03 - ROBOTY.collision - WARNING - Коллизия: роботы 1 и 4 в 14.00s, расстояние: 0.488, требуется: 0.500
2025-09-25 15:41:03 - ROBOTY.collision - WARNING - Коллизия: роботы 1 и 4 в 14.10s, расстояние: 0.488, требуется: 0.500
2025-09-25 15:41:03 - ROBOTY.collision - WARNING - Коллизия: роботы 1 и 4 в 14.20s, расстояние: 0.488, требуется: 0.500
2025-09-25 15:41:03 - ROBOTY.collision - WARNING - Коллизия: роботы 1 и 4 в 14.30s, расстояние: 0.488, требуется: 0.500
2025-09-25 15:41:03 - ROBOTY.collision - WARNING - Коллизия: роботы 1 и 4 в 14.40s, расстояние: 0.488, требуется: 0.500
2025-09-25 15:41:03 - ROBOTY.collision - WARNING - Коллизия: роботы 1 и 4 в 14.50s, расстояние: 0.488, требуется: 0.500
2025-09-25 15:41:03 - ROBOTY.collision - WARNING - Коллизия: роботы 1 и 4 в 14.60s, расстояние: 0.488, требуется: 0.500
2025-09-25 15:41:03 - ROBOTY.collision - WARNING - Коллизия: роботы 1 и 4 в 14.70s, расстояние: 0.488, требуется: 0.500
2025-09-25 15:41:03 - ROBOTY.collision - WARNING - Коллизия: роботы 1 и 4 в 14.80s, расстояние: 0.488, требуется: 0.500
2025-09-25 15:41:03 - ROBOTY.collision - WARNING - Коллизия: роботы 1 и 4 в 14.90s, расстояние: 0.488, требуется: 0.500
2025-09-25 15:41:03 - ROBOTY.collision - WARNING - Коллизия: роботы 1 и 4 в 15.00s, расстояние: 0.488, требуется: 0.500
2025-09-25 15:41:03 - ROBOTY.collision - WARNING - Коллизия: роботы 1 и 4 в 15.10s, расстояние: 0.488, требуется: 0.500
2025-09-25 15:41:03 - ROBOTY.collision - WARNING - Коллизия: роботы 1 и 4 в 15.20s, расстояние: 0.488, требуется: 0.500
2025-09-25 15:41:03 - ROBOTY.collision - WARNING - Коллизия: роботы 1 и 4 в 15.30s, расстояние: 0.488, требуется: 0.500
2025-09-25 15:41:03 - ROBOTY.collision - WARNING - Коллизия: роботы 1 и 4 в 15.40s, расстояние: 0.488, требуется: 0.500
2025-09-25 15:41:03 - ROBOTY.collision - WARNING - Коллизия: роботы 1 и 4 в 15.50s, расстояние: 0.488, требуется: 0.500
2025-09-25 15:41:03 - ROBOTY.collision - WARNING - Коллизия: роботы 1 и 4 в 15.60s, расстояние: 0.488, требуется: 0.500
2025-09-25 15:41:03 - ROBOTY.collision - WARNING - Коллизия: роботы 1 и 4 в 15.70s, расстояние: 0.488, требуется: 0.500
2025-09-25 15:41:03 - ROBOTY.collision - WARNING - Коллизия: роботы 1 и 4 в 15.80s, расстояние: 0.488, требуется: 0.500
2025-09-25 15:41:03 - ROBOTY.collision - WARNING - Коллизия: роботы 1 и 4 в 15.90s, расстояние: 0.488, требуется: 0.500
2025-09-25 15:41:03 - ROBOTY.collision - WARNING - Коллизия: роботы 1 и 4 в 16.00s, расстояние: 0.488, требуется: 0.500
2025-09-25 15:41:03 - ROBOTY.collision - WARNING - Коллизия: роботы 1 и 4 в 16.10s, расстояние: 0.488, требуется: 0.500
2025-09-25 15:41:03 - ROBOTY.collision - WARNING - Коллизия: роботы 1 и 4 в 16.20s, расстояние: 0.488, требуется: 0.500
2025-09-25 15:41:03 - ROBOTY.collision - WARNING - Коллизия: роботы 1 и 4 в 16.30s, расстояние: 0.488, требуется: 0.500
2025-09-25 15:41:03 - ROBOTY.collision - WARNING - Коллизия: роботы 1 и 4 в 16.40s, расстояние: 0.488, требуется: 0.500
2025-09-25 15:41:03 - ROBOTY.collision - WARNING - Коллизия: роботы 1 и 4 в 16.50s, расстояние: 0.488, требуется: 0.500
2025-09-25 15:41:03 - ROBOTY.collision - WARNING - Коллизия: роботы 1 и 4 в 16.60s, расстояние: 0.488, требуется: 0.500
2025-09-25 15:41:03 - ROBOTY.collision - WARNING - Коллизия: роботы 1 и 4 в 16.70s, расстояние: 0.488, требуется: 0.500
2025-09-25 15:41:03 - ROBOTY.collision - WARNING - Коллизия: роботы 1 и 4 в 16.80s, расстояние: 0.488, требуется: 0.500
2025-09-25 15:41:03 - ROBOTY.collision - WARNING - Коллизия: роботы 1 и 4 в 16.90s, расстояние: 0.488, требуется: 0.500
2025-09-25 15:41:03 - ROBOTY.collision - WARNING - Коллизия: роботы 1 и 4 в 17.00s, расстояние: 0.488, требуется: 0.500
2025-09-25 15:41:03 - ROBOTY.collision - WARNING - Коллизия: роботы 1 и 4 в 17.10s, расстояние: 0.488, требуется: 0.500
2025-09-25 15:41:03 - ROBOTY.collision - WARNING - Коллизия: роботы 1 и 4 в 17.20s, расстояние: 0.488, требуется: 0.500
2025-09-25 15:41:03 - ROBOTY.collision - WARNING - Коллизия: роботы 1 и 4 в 17.30s, расстояние: 0.488, требуется: 0.500
2025-09-25 15:41:03 - ROBOTY.collision - WARNING - Коллизия: роботы 1 и 4 в 17.40s, расстояние: 0.488, требуется: 0.500
2025-09-25 15:41:03 - ROBOTY.collision - WARNING - Коллизия: роботы 1 и 4 в 17.50s, расстояние: 0.488, требуется: 0.500
2025-09-25 15:41:03 - ROBOTY.collision - WARNING - Коллизия: роботы 1 и 4 в 17.60s, расстояние: 0.488, требуется: 0.500
2025-09-25 15:41:03 - ROBOTY.collision - WARNING - Коллизия: роботы 1 и 4 в 17.70s, расстояние: 0.488, требуется: 0.500
2025-09-25 15:41:03 - ROBOTY.collision - WARNING - Коллизия: роботы 1 и 4 в 17.80s, расстояние: 0.488, требуется: 0.500
2025-09-25 15:41:03 - ROBOTY.collision - WARNING - Коллизия: роботы 1 и 4 в 17.90s, расстояние: 0.488, требуется: 0.500
2025-09-25 15:41:03 - ROBOTY.collision - WARNING - Коллизия: роботы 1 и 4 в 18.00s, расстояние: 0.488, требуется: 0.500
2025-09-25 15:41:03 - ROBOTY.collision - WARNING - Коллизия: роботы 1 и 4 в 18.10s, расстояние: 0.488, требуется: 0.500
2025-09-25 15:41:03 - ROBOTY.collision - WARNING - Коллизия: роботы 1 и 4 в 18.20s, расстояние: 0.488, требуется: 0.500
2025-09-25 15:41:03 - ROBOTY.collision - WARNING - Коллизия: роботы 1 и 4 в 18.30s, расстояние: 0.488, требуется: 0.500
2025-09-25 15:41:03 - ROBOTY.collision - WARNING - Коллизия: роботы 1 и 4 в 18.40s, расстояние: 0.488, требуется: 0.500
2025-09-25 15:41:03 - ROBOTY.collision - WARNING - Коллизия: роботы 1 и 4 в 18.50s, расстояние: 0.488, требуется: 0.500
2025-09-25 15:41:03 - ROBOTY.collision - WARNING - Коллизия: роботы 1 и 4 в 18.60s, расстояние: 0.488, требуется: 0.500
2025-09-25 15:41:03 - ROBOTY.collision - WARNING - Коллизия: роботы 1 и 4 в 18.70s, расстояние: 0.488, требуется: 0.500
2025-09-25 15:41:03 - ROBOTY.collision - WARNING - Коллизия: роботы 1 и 4 в 18.80s, расстояние: 0.488, требуется: 0.500
2025-09-25 15:41:03 - ROBOTY.collision - WARNING - Коллизия: роботы 1 и 4 в 18.90s, расстояние: 0.488, требуется: 0.500
2025-09-25 15:41:03 - ROBOTY.collision - WARNING - Коллизия: роботы 1 и 4 в 19.00s, расстояние: 0.488, требуется: 0.500
2025-09-25 15:41:03 - ROBOTY.collision - WARNING - Коллизия: роботы 1 и 4 в 19.10s, расстояние: 0.488, требуется: 0.500
2025-09-25 15:41:03 - ROBOTY.collision - WARNING - Коллизия: роботы 1 и 4 в 19.20s, расстояние: 0.488, требуется: 0.500
2025-09-25 15:41:03 - ROBOTY.collision - WARNING - Коллизия: роботы 1 и 4 в 19.30s, расстояние: 0.488, требуется: 0.500
2025-09-25 15:41:03 - ROBOTY.collision - WARNING - Коллизия: роботы 1 и 4 в 19.40s, расстояние: 0.488, требуется: 0.500
2025-09-25 15:41:03 - ROBOTY.collision - WARNING - Коллизия: роботы 1 и 4 в 19.50s, расстояние: 0.488, требуется: 0.500
2025-09-25 15:41:03 - ROBOTY.collision - WARNING - Коллизия: роботы 1 и 4 в 19.60s, расстояние: 0.488, требуется: 0.500
2025-09-25 15:41:03 - ROBOTY.collision - WARNING - Коллизия: роботы 1 и 4 в 19.70s, расстояние: 0.488, требуется: 0.500
2025-09-25 15:41:03 - ROBOTY.collision - WARNING - Коллизия: роботы 1 и 4 в 19.80s, расстояние: 0.488, требуется: 0.500
2025-09-25 15:41:03 - ROBOTY.collision - WARNING - Коллизия: роботы 1 и 4 в 19.90s, расстояние: 0.488, требуется: 0.500
2025-09-25 15:41:03 - ROBOTY.collision - WARNING - Коллизия: роботы 1 и 4 в 20.00s, расстояние: 0.488, требуется: 0.500
2025-09-25 15:41:03 - ROBOTY.collision - WARNING - Коллизия: роботы 1 и 4 в 20.10s, расстояние: 0.488, требуется: 0.500
2025-09-25 15:41:03 - ROBOTY.collision - WARNING - Коллизия: роботы 1 и 4 в 20.20s, расстояние: 0.488, требуется: 0.500
2025-09-25 15:41:03 - ROBOTY.collision - WARNING - Коллизия: роботы 1 и 4 в 20.30s, расстояние: 0.488, требуется: 0.500
2025-09-25 15:41:03 - ROBOTY.collision - WARNING - Коллизия: роботы 1 и 4 в 20.40s, расстояние: 0.488, требуется: 0.500
2025-09-25 15:41:03 - ROBOTY.collision - WARNING - Коллизия: роботы 1 и 4 в 20.50s, расстояние: 0.488, требуется: 0.500
2025-09-25 15:41:03 - ROBOTY.collision - WARNING - Коллизия: роботы 1 и 4 в 20.60s, расстояние: 0.488, требуется: 0.500
2025-09-25 15:41:03 - ROBOTY.collision - WARNING - Коллизия: роботы 1 и 4 в 20.70s, расстояние: 0.488, требуется: 0.500
2025-09-25 15:41:03 - ROBOTY.collision - WARNING - Коллизия: роботы 1 и 4 в 20.80s, расстояние: 0.488, требуется: 0.500
2025-09-25 15:41:03 - ROBOTY.collision - WARNING - Коллизия: роботы 1 и 4 в 20.90s, расстояние: 0.488, требуется: 0.500
2025-09-25 15:41:03 - ROBOTY.collision - WARNING - Коллизия: роботы 1 и 4 в 21.00s, расстояние: 0.488, требуется: 0.500
2025-09-25 15:41:03 - ROBOTY.collision - WARNING - Коллизия: роботы 1 и 4 в 21.10s, расстояние: 0.488, требуется: 0.500
2025-09-25 15:41:03 - ROBOTY.collision - WARNING - Коллизия: роботы 1 и 4 в 21.20s, расстояние: 0.488, требуется: 0.500
2025-09-25 15:41:03 - ROBOTY.collision - WARNING - Коллизия: роботы 1 и 4 в 21.30s, расстояние: 0.488, требуется: 0.500
2025-09-25 15:41:03 - ROBOTY.collision - WARNING - Коллизия: роботы 1 и 4 в 21.40s, расстояние: 0.488, требуется: 0.500
2025-09-25 15:41:03 - ROBOTY.collision - WARNING - Коллизия: роботы 1 и 4 в 21.50s, расстояние: 0.488, требуется: 0.500
2025-09-25 15:41:03 - ROBOTY.collision - WARNING - Коллизия: роботы 1 и 4 в 21.60s, расстояние: 0.488, требуется: 0.500
2025-09-25 15:41:03 - ROBOTY.collision - WARNING - Коллизия: роботы 1 и 4 в 21.70s, расстояние: 0.488, требуется: 0.500
2025-09-25 15:41:03 - ROBOTY.collision - WARNING - Коллизия: роботы 1 и 4 в 21.80s, расстояние: 0.488, требуется: 0.500
2025-09-25 15:41:03 - ROBOTY.collision - WARNING - Коллизия: роботы 1 и 4 в 21.90s, расстояние: 0.488, требуется: 0.500
2025-09-25 15:41:03 - ROBOTY.collision - WARNING - Коллизия: роботы 1 и 4 в 22.00s, расстояние: 0.488, требуется: 0.500
2025-09-25 15:41:03 - ROBOTY.collision - WARNING - Коллизия: роботы 1 и 4 в 22.10s, расстояние: 0.488, требуется: 0.500
2025-09-25 15:41:03 - ROBOTY.collision - WARNING - Коллизия: роботы 1 и 4 в 22.20s, расстояние: 0.488, требуется: 0.500
2025-09-25 15:41:03 - ROBOTY.collision - WARNING - Коллизия: роботы 1 и 4 в 22.30s, расстояние: 0.488, требуется: 0.500
2025-09-25 15:41:03 - ROBOTY.collision - WARNING - Коллизия: роботы 1 и 4 в 22.40s, расстояние: 0.413, требуется: 0.500
2025-09-25 15:41:03 - ROBOTY.collision - WARNING - Коллизия: роботы 1 и 4 в 22.50s, расстояние: 0.342, требуется: 0.500
2025-09-25 15:41:03 - ROBOTY.collision - WARNING - Коллизия: роботы 1 и 4 в 22.60s, расстояние: 0.278, требуется: 0.500
2025-09-25 15:41:03 - ROBOTY.collision - WARNING - Коллизия: роботы 1 и 4 в 22.70s, расстояние: 0.228, требуется: 0.500
2025-09-25 15:41:03 - ROBOTY.collision - WARNING - Коллизия: роботы 1 и 4 в 22.80s, расстояние: 0.202, требуется: 0.500
2025-09-25 15:41:03 - ROBOTY.collision - WARNING - Коллизия: роботы 1 и 4 в 22.90s, расстояние: 0.195, требуется: 0.500
2025-09-25 15:41:03 - ROBOTY.collision - WARNING - Коллизия: роботы 1 и 4 в 23.00s, расстояние: 0.240, требуется: 0.500
2025-09-25 15:41:03 - ROBOTY.collision - WARNING - Коллизия: роботы 1 и 4 в 23.10s, расстояние: 0.332, требуется: 0.500
2025-09-25 15:41:03 - ROBOTY.collision - WARNING - Коллизия: роботы 1 и 4 в 23.20s, расстояние: 0.442, требуется: 0.500
2025-09-25 15:41:03 - ROBOTY.collision - WARNING - Коллизия: роботы 6 и 7 в 23.40s, расстояние: 0.490, требуется: 0.500
2025-09-25 15:41:03 - ROBOTY.collision - WARNING - Коллизия: роботы 6 и 7 в 23.50s, расстояние: 0.490, требуется: 0.500
2025-09-25 15:41:03 - ROBOTY.collision - WARNING - Коллизия: роботы 6 и 7 в 23.60s, расстояние: 0.490, требуется: 0.500
2025-09-25 15:41:03 - ROBOTY.collision - WARNING - Коллизия: роботы 6 и 7 в 23.70s, расстояние: 0.490, требуется: 0.500
2025-09-25 15:41:03 - ROBOTY.collision - WARNING - Коллизия: роботы 6 и 7 в 23.80s, расстояние: 0.490, требуется: 0.500
2025-09-25 15:41:03 - ROBOTY.collision - WARNING - Коллизия: роботы 6 и 7 в 23.90s, расстояние: 0.490, требуется: 0.500
2025-09-25 15:41:03 - ROBOTY.collision - WARNING - Коллизия: роботы 6 и 7 в 24.00s, расстояние: 0.490, требуется: 0.500
2025-09-25 15:41:03 - ROBOTY.collision - WARNING - Коллизия: роботы 6 и 7 в 24.10s, расстояние: 0.490, требуется: 0.500
2025-09-25 15:41:03 - ROBOTY.collision - WARNING - Коллизия: роботы 6 и 7 в 24.20s, расстояние: 0.490, требуется: 0.500
2025-09-25 15:41:03 - ROBOTY.collision - WARNING - Коллизия: роботы 6 и 7 в 24.30s, расстояние: 0.490, требуется: 0.500
2025-09-25 15:41:03 - ROBOTY.collision - WARNING - Коллизия: роботы 6 и 7 в 24.40s, расстояние: 0.490, требуется: 0.500
2025-09-25 15:41:03 - ROBOTY.collision - WARNING - Коллизия: роботы 6 и 7 в 24.50s, расстояние: 0.490, требуется: 0.500
2025-09-25 15:41:03 - ROBOTY.collision - WARNING - Коллизия: роботы 6 и 7 в 24.60s, расстояние: 0.490, требуется: 0.500
2025-09-25 15:41:03 - ROBOTY.collision - WARNING - Коллизия: роботы 6 и 7 в 24.70s, расстояние: 0.490, требуется: 0.500
2025-09-25 15:41:03 - ROBOTY.collision - WARNING - Коллизия: роботы 6 и 7 в 24.80s, расстояние: 0.490, требуется: 0.500
2025-09-25 15:41:03 - ROBOTY.collision - WARNING - Коллизия: роботы 6 и 7 в 24.90s, расстояние: 0.490, требуется: 0.500
2025-09-25 15:41:03 - ROBOTY.collision - WARNING - Коллизия: роботы 6 и 7 в 25.00s, расстояние: 0.490, требуется: 0.500
2025-09-25 15:41:03 - ROBOTY.collision - WARNING - Коллизия: роботы 6 и 7 в 25.10s, расстояние: 0.490, требуется: 0.500
2025-09-25 15:41:03 - ROBOTY.collision - WARNING - Коллизия: роботы 6 и 7 в 25.20s, расстояние: 0.490, требуется: 0.500
2025-09-25 15:41:03 - ROBOTY.collision - WARNING - Коллизия: роботы 6 и 7 в 25.30s, расстояние: 0.490, требуется: 0.500
2025-09-25 15:41:03 - ROBOTY.collision - WARNING - Коллизия: роботы 6 и 7 в 25.40s, расстояние: 0.490, требуется: 0.500
2025-09-25 15:41:03 - ROBOTY.collision - WARNING - Коллизия: роботы 6 и 7 в 25.50s, расстояние: 0.490, требуется: 0.500
2025-09-25 15:41:03 - ROBOTY.collision - WARNING - Коллизия: роботы 6 и 7 в 25.60s, расстояние: 0.490, требуется: 0.500
2025-09-25 15:41:03 - ROBOTY.collision - WARNING - Коллизия: роботы 6 и 7 в 25.70s, расстояние: 0.490, требуется: 0.500
2025-09-25 15:41:03 - ROBOTY.collision - WARNING - Коллизия: роботы 6 и 7 в 25.80s, расстояние: 0.490, требуется: 0.500
2025-09-25 15:41:03 - ROBOTY.collision - WARNING - Коллизия: роботы 6 и 7 в 25.90s, расстояние: 0.490, требуется: 0.500
2025-09-25 15:41:03 - ROBOTY.collision - WARNING - Коллизия: роботы 6 и 7 в 26.00s, расстояние: 0.490, требуется: 0.500
2025-09-25 15:41:03 - ROBOTY.collision - WARNING - Коллизия: роботы 6 и 7 в 26.10s, расстояние: 0.490, требуется: 0.500
2025-09-25 15:41:03 - ROBOTY.collision - WARNING - Коллизия: роботы 6 и 7 в 26.20s, расстояние: 0.490, требуется: 0.500
2025-09-25 15:41:03 - ROBOTY.collision - WARNING - Коллизия: роботы 6 и 7 в 26.30s, расстояние: 0.490, требуется: 0.500
2025-09-25 15:41:03 - ROBOTY.collision - WARNING - Коллизия: роботы 6 и 7 в 26.40s, расстояние: 0.490, требуется: 0.500
2025-09-25 15:41:03 - ROBOTY.collision - WARNING - Коллизия: роботы 6 и 7 в 26.50s, расстояние: 0.490, требуется: 0.500
2025-09-25 15:41:03 - ROBOTY.collision - WARNING - Коллизия: роботы 6 и 7 в 26.60s, расстояние: 0.490, требуется: 0.500
2025-09-25 15:41:03 - ROBOTY.collision - WARNING - Коллизия: роботы 6 и 7 в 26.70s, расстояние: 0.490, требуется: 0.500
2025-09-25 15:41:03 - ROBOTY.collision - WARNING - Коллизия: роботы 6 и 7 в 26.80s, расстояние: 0.490, требуется: 0.500
2025-09-25 15:41:03 - ROBOTY.collision - WARNING - Коллизия: роботы 6 и 7 в 26.90s, расстояние: 0.490, требуется: 0.500
2025-09-25 15:41:03 - ROBOTY.collision - WARNING - Коллизия: роботы 6 и 7 в 27.00s, расстояние: 0.490, требуется: 0.500
2025-09-25 15:41:03 - ROBOTY.collision - WARNING - Коллизия: роботы 6 и 7 в 27.10s, расстояние: 0.490, требуется: 0.500
2025-09-25 15:41:03 - ROBOTY.collision - WARNING - Коллизия: роботы 6 и 7 в 27.20s, расстояние: 0.490, требуется: 0.500
2025-09-25 15:41:03 - ROBOTY.collision - WARNING - Коллизия: роботы 6 и 7 в 27.30s, расстояние: 0.490, требуется: 0.500
2025-09-25 15:41:03 - ROBOTY.collision - WARNING - Коллизия: роботы 6 и 7 в 27.40s, расстояние: 0.490, требуется: 0.500
2025-09-25 15:41:03 - ROBOTY.collision - WARNING - Коллизия: роботы 6 и 7 в 27.50s, расстояние: 0.490, требуется: 0.500
2025-09-25 15:41:03 - ROBOTY.collision - WARNING - Коллизия: роботы 6 и 7 в 27.60s, расстояние: 0.490, требуется: 0.500
2025-09-25 15:41:03 - ROBOTY.collision - WARNING - Коллизия: роботы 6 и 7 в 27.70s, расстояние: 0.490, требуется: 0.500
2025-09-25 15:41:03 - ROBOTY.collision - WARNING - Коллизия: роботы 6 и 7 в 27.80s, расстояние: 0.490, требуется: 0.500
2025-09-25 15:41:03 - ROBOTY.collision - WARNING - Коллизия: роботы 6 и 7 в 27.90s, расстояние: 0.490, требуется: 0.500
2025-09-25 15:41:03 - ROBOTY.collision - WARNING - Коллизия: роботы 6 и 7 в 28.00s, расстояние: 0.490, требуется: 0.500
2025-09-25 15:41:03 - ROBOTY.collision - WARNING - Коллизия: роботы 6 и 7 в 28.10s, расстояние: 0.490, требуется: 0.500
2025-09-25 15:41:03 - ROBOTY.collision - WARNING - Коллизия: роботы 6 и 7 в 28.20s, расстояние: 0.490, требуется: 0.500
2025-09-25 15:41:03 - ROBOTY.collision - WARNING - Коллизия: роботы 6 и 7 в 28.30s, расстояние: 0.490, требуется: 0.500
2025-09-25 15:41:03 - ROBOTY.collision - WARNING - Коллизия: роботы 6 и 7 в 28.40s, расстояние: 0.490, требуется: 0.500
2025-09-25 15:41:03 - ROBOTY.collision - WARNING - Коллизия: роботы 6 и 7 в 28.50s, расстояние: 0.490, требуется: 0.500
2025-09-25 15:41:03 - ROBOTY.collision - WARNING - Коллизия: роботы 6 и 7 в 28.60s, расстояние: 0.490, требуется: 0.500
2025-09-25 15:41:03 - ROBOTY.collision - WARNING - Коллизия: роботы 6 и 7 в 28.70s, расстояние: 0.490, требуется: 0.500
2025-09-25 15:41:03 - ROBOTY.collision - WARNING - Коллизия: роботы 6 и 7 в 28.80s, расстояние: 0.490, требуется: 0.500
2025-09-25 15:41:03 - ROBOTY.collision - WARNING - Коллизия: роботы 6 и 7 в 28.90s, расстояние: 0.286, требуется: 0.500
2025-09-25 15:41:03 - ROBOTY.collision - WARNING - Коллизия: роботы 6 и 7 в 29.00s, расстояние: 0.286, требуется: 0.500
2025-09-25 15:41:03 - ROBOTY.collision - WARNING - Коллизия: роботы 6 и 7 в 29.10s, расстояние: 0.286, требуется: 0.500
2025-09-25 15:41:03 - ROBOTY.collision - WARNING - Коллизия: роботы 6 и 7 в 29.20s, расстояние: 0.286, требуется: 0.500
2025-09-25 15:41:03 - ROBOTY.collision - WARNING - Коллизия: роботы 6 и 7 в 29.30s, расстояние: 0.286, требуется: 0.500
2025-09-25 15:41:03 - ROBOTY.collision - WARNING - Коллизия: роботы 6 и 7 в 29.40s, расстояние: 0.286, требуется: 0.500
2025-09-25 15:41:03 - ROBOTY.collision - WARNING - Коллизия: роботы 6 и 7 в 29.50s, расстояние: 0.286, требуется: 0.500
2025-09-25 15:41:03 - ROBOTY.collision - WARNING - Коллизия: роботы 6 и 7 в 29.60s, расстояние: 0.286, требуется: 0.500
2025-09-25 15:41:03 - ROBOTY.collision - WARNING - Коллизия: роботы 6 и 7 в 29.70s, расстояние: 0.286, требуется: 0.500
2025-09-25 15:41:03 - ROBOTY.collision - WARNING - Коллизия: роботы 6 и 7 в 29.80s, расстояние: 0.286, требуется: 0.500
2025-09-25 15:41:03 - ROBOTY.collision - WARNING - Коллизия: роботы 6 и 7 в 29.90s, расстояние: 0.286, требуется: 0.500
2025-09-25 15:41:03 - ROBOTY.collision - WARNING - Коллизия: роботы 6 и 7 в 30.00s, расстояние: 0.286, требуется: 0.500
2025-09-25 15:41:03 - ROBOTY.collision - WARNING - Коллизия: роботы 6 и 7 в 30.10s, расстояние: 0.286, требуется: 0.500
2025-09-25 15:41:03 - ROBOTY.collision - WARNING - Коллизия: роботы 6 и 7 в 30.20s, расстояние: 0.286, требуется: 0.500
2025-09-25 15:41:03 - ROBOTY.collision - WARNING - Коллизия: роботы 6 и 7 в 30.30s, расстояние: 0.286, требуется: 0.500
2025-09-25 15:41:03 - ROBOTY.collision - WARNING - Коллизия: роботы 6 и 7 в 30.40s, расстояние: 0.286, требуется: 0.500
2025-09-25 15:41:03 - ROBOTY.collision - WARNING - Коллизия: роботы 6 и 7 в 30.50s, расстояние: 0.286, требуется: 0.500
2025-09-25 15:41:03 - ROBOTY.collision - WARNING - Коллизия: роботы 6 и 7 в 30.60s, расстояние: 0.286, требуется: 0.500
2025-09-25 15:41:03 - ROBOTY.collision - WARNING - Коллизия: роботы 6 и 7 в 30.70s, расстояние: 0.286, требуется: 0.500
2025-09-25 15:41:03 - ROBOTY.collision - WARNING - Коллизия: роботы 6 и 7 в 30.80s, расстояние: 0.286, требуется: 0.500
2025-09-25 15:41:03 - ROBOTY.collision - WARNING - Коллизия: роботы 6 и 7 в 30.90s, расстояние: 0.286, требуется: 0.500
2025-09-25 15:41:03 - ROBOTY.collision - WARNING - Коллизия: роботы 6 и 7 в 31.00s, расстояние: 0.286, требуется: 0.500
2025-09-25 15:41:03 - ROBOTY.collision - WARNING - Коллизия: роботы 6 и 7 в 31.10s, расстояние: 0.286, требуется: 0.500
2025-09-25 15:41:03 - ROBOTY.collision - WARNING - Коллизия: роботы 6 и 7 в 31.20s, расстояние: 0.286, требуется: 0.500
2025-09-25 15:41:03 - ROBOTY.collision - WARNING - Коллизия: роботы 6 и 7 в 31.30s, расстояние: 0.286, требуется: 0.500
2025-09-25 15:41:03 - ROBOTY.collision - WARNING - Коллизия: роботы 6 и 7 в 31.40s, расстояние: 0.286, требуется: 0.500
2025-09-25 15:41:03 - ROBOTY.collision - WARNING - Коллизия: роботы 6 и 7 в 31.50s, расстояние: 0.286, требуется: 0.500
2025-09-25 15:41:03 - ROBOTY.collision - WARNING - Коллизия: роботы 6 и 7 в 31.60s, расстояние: 0.286, требуется: 0.500
2025-09-25 15:41:03 - ROBOTY.collision - WARNING - Коллизия: роботы 6 и 7 в 31.70s, расстояние: 0.286, требуется: 0.500
2025-09-25 15:41:03 - ROBOTY.collision - WARNING - Коллизия: роботы 6 и 7 в 31.80s, расстояние: 0.286, требуется: 0.500
2025-09-25 15:41:03 - ROBOTY.collision - WARNING - Коллизия: роботы 6 и 7 в 31.90s, расстояние: 0.286, требуется: 0.500
2025-09-25 15:41:03 - ROBOTY.collision - WARNING - Коллизия: роботы 6 и 7 в 32.00s, расстояние: 0.202, требуется: 0.500
2025-09-25 15:41:03 - ROBOTY.collision - WARNING - Коллизия: роботы 6 и 7 в 32.10s, расстояние: 0.170, требуется: 0.500
2025-09-25 15:41:03 - ROBOTY.collision - WARNING - Коллизия: роботы 6 и 7 в 32.20s, расстояние: 0.216, требуется: 0.500
2025-09-25 15:41:03 - ROBOTY.collision - WARNING - Коллизия: роботы 6 и 7 в 32.30s, расстояние: 0.306, требуется: 0.500
2025-09-25 15:41:03 - ROBOTY.collision - WARNING - Коллизия: роботы 6 и 7 в 32.40s, расстояние: 0.412, требуется: 0.500
2025-09-25 15:41:03 - ROBOTY.collision - WARNING - Коллизия: роботы 3 и 7 в 52.30s, расстояние: 0.486, требуется: 0.500
2025-09-25 15:41:03 - ROBOTY.collision - WARNING - Коллизия: роботы 3 и 7 в 52.40s, расстояние: 0.429, требуется: 0.500
2025-09-25 15:41:03 - ROBOTY.collision - WARNING - Коллизия: роботы 3 и 7 в 52.50s, расстояние: 0.401, требуется: 0.500
2025-09-25 15:41:03 - ROBOTY.collision - WARNING - Коллизия: роботы 3 и 7 в 52.60s, расстояние: 0.409, требуется: 0.500
2025-09-25 15:41:03 - ROBOTY.collision - WARNING - Коллизия: роботы 3 и 7 в 52.70s, расстояние: 0.451, требуется: 0.500
2025-09-25 15:41:03 - ROBOTY.collision - ERROR - Обнаружено 220 коллизий
2025-09-25 15:41:03 - ROBOTY.main - WARNING - Коллизии сохраняются после вставки пауз
2025-09-25 15:41:04 - ROBOTY.main - INFO - Открытие визуализатора
2025-09-25 15:41:04 - ROBOTY.main - INFO - Визуализация успешно завершена
2025-09-25 15:41:04 - ROBOTY.visualizer - INFO - Запуск визуализации типа: 3d_anim
2025-09-25 15:41:04 - ROBOTY.visualizer - INFO - Создание 3D анимации траекторий
2025-09-25 15:41:04 - ROBOTY.visualizer - INFO - Создание 3D визуализации траекторий
2025-09-25 15:41:04 - ROBOTY.visualizer - INFO - 3D визуализация создана
2025-09-25 15:41:09 - ROBOTY.visualizer - INFO - Визуализация записана во временный файл: /var/folders/4m/3pf4f4ds7g3b39tkt544gftr0000gn/T/tmpvi1f4j06_viz_3d_anim.html
2025-09-25 15:41:09 - ROBOTY.visualizer - INFO - Визуализация открыта в браузере из временного файла
2025-09-25 15:41:09 - ROBOTY.main - INFO - Визуализация успешно завершена (в фоне, временный файл будет удалён автоматически)
2025-09-25 15:41:30 - ROBOTY.visualizer - INFO - Временный файл визуализации удалён: /var/folders/4m/3pf4f4ds7g3b39tkt544gftr0000gn/T/tmpvi1f4j06_viz_3d_anim.html
