2025-09-27 14:27:58 - ROBOTY.main - INFO - Запуск приложения ROBOTY
2025-09-27 14:27:58 - ROBOTY.main - INFO - Применена тема: dark
2025-09-27 14:27:58 - ROBOTY.main - INFO - Интерфейс инициализирован
2025-09-27 14:27:58 - ROBOTY.main - INFO - Приложение успешно запущено
2025-09-27 14:28:05 - ROBOTY.main - INFO - Создан входной файл: C:\Users\22200490\.cursor\ROBOTY-main\data\input_20250927_142801.txt
2025-09-27 14:28:05 - ROBOTY.parser_txt - INFO - Начинаем загрузку TXT файла: C:\Users\22200490\.cursor\ROBOTY-main\data\input_20250927_142801.txt
2025-09-27 14:28:05 - ROBOTY.parser_txt - DEBUG - Загружено 48 строк из файла
2025-09-27 14:28:05 - ROBOTY.parser_txt - DEBUG - Количество роботов: 10, операций: 30
2025-09-27 14:28:05 - ROBOTY.parser_txt - DEBUG - Основание робота 1: (2.5, 1.5, 0.0)
2025-09-27 14:28:05 - ROBOTY.parser_txt - DEBUG - Основание робота 2: (2.5, 2.5, 0.0)
2025-09-27 14:28:05 - ROBOTY.parser_txt - DEBUG - Основание робота 3: (8.5, 2.5, 0.0)
2025-09-27 14:28:05 - ROBOTY.parser_txt - DEBUG - Основание робота 4: (6.5, 3.5, 0.0)
2025-09-27 14:28:05 - ROBOTY.parser_txt - DEBUG - Основание робота 5: (8.5, 4.5, 0.0)
2025-09-27 14:28:05 - ROBOTY.parser_txt - DEBUG - Основание робота 6: (1.5, 5.5, 0.0)
2025-09-27 14:28:05 - ROBOTY.parser_txt - DEBUG - Основание робота 7: (2.5, 5.5, 0.0)
2025-09-27 14:28:05 - ROBOTY.parser_txt - DEBUG - Основание робота 8: (8.5, 5.5, 0.0)
2025-09-27 14:28:05 - ROBOTY.parser_txt - DEBUG - Основание робота 9: (4.5, 6.5, 0.0)
2025-09-27 14:28:05 - ROBOTY.parser_txt - DEBUG - Основание робота 10: (4.5, 8.5, 0.0)
2025-09-27 14:28:05 - ROBOTY.parser_txt - DEBUG - Сустав 1: limits=(-180.0, 180.0), vmax=1.11, amax=2.37
2025-09-27 14:28:05 - ROBOTY.parser_txt - DEBUG - Сустав 2: limits=(-90.0, 90.0), vmax=1.44, amax=2.35
2025-09-27 14:28:05 - ROBOTY.parser_txt - DEBUG - Сустав 3: limits=(-90.0, 90.0), vmax=1.34, amax=2.23
2025-09-27 14:28:05 - ROBOTY.parser_txt - DEBUG - Сустав 4: limits=(-180.0, 180.0), vmax=1.0, amax=2.75
2025-09-27 14:28:05 - ROBOTY.parser_txt - DEBUG - Сустав 5: limits=(-90.0, 90.0), vmax=1.01, amax=1.71
2025-09-27 14:28:05 - ROBOTY.parser_txt - DEBUG - Сустав 6: limits=(-90.0, 90.0), vmax=0.77, amax=2.45
2025-09-27 14:28:05 - ROBOTY.parser_txt - DEBUG - Tool_clearance: 0.1, Safe_dist: 0.3
2025-09-27 14:28:05 - ROBOTY.parser_txt - DEBUG - Операция 1: pick=(5.224, 9.311, 3.653), place=(5.818, 8.5, 2.481), t_hold=0.79
2025-09-27 14:28:05 - ROBOTY.parser_txt - DEBUG - Операция 2: pick=(8.864, 9.588, 0.74), place=(8.273, 3.796, 2.214), t_hold=0.68
2025-09-27 14:28:05 - ROBOTY.parser_txt - DEBUG - Операция 3: pick=(4.759, 5.069, 3.51), place=(1.025, 2.07, 0.34), t_hold=1.13
2025-09-27 14:28:05 - ROBOTY.parser_txt - DEBUG - Операция 4: pick=(9.708, 7.321, 0.183), place=(8.422, 9.013, 3.449), t_hold=1.14
2025-09-27 14:28:05 - ROBOTY.parser_txt - DEBUG - Операция 5: pick=(1.329, 6.233, 3.192), place=(5.658, 5.053, 3.485), t_hold=0.54
2025-09-27 14:28:05 - ROBOTY.parser_txt - DEBUG - Операция 6: pick=(8.553, 1.506, 1.736), place=(3.592, 5.687, 3.049), t_hold=0.82
2025-09-27 14:28:05 - ROBOTY.parser_txt - DEBUG - Операция 7: pick=(7.35, 6.334, 2.356), place=(4.826, 2.686, 1.409), t_hold=1.13
2025-09-27 14:28:05 - ROBOTY.parser_txt - DEBUG - Операция 8: pick=(2.36, 5.744, 1.584), place=(7.561, 7.93, 0.467), t_hold=1.07
2025-09-27 14:28:05 - ROBOTY.parser_txt - DEBUG - Операция 9: pick=(6.484, 2.021, 0.55), place=(4.909, 7.316, 1.805), t_hold=0.97
2025-09-27 14:28:05 - ROBOTY.parser_txt - DEBUG - Операция 10: pick=(5.544, 6.438, 3.447), place=(6.41, 7.462, 0.643), t_hold=0.4
2025-09-27 14:28:05 - ROBOTY.parser_txt - DEBUG - Операция 11: pick=(3.975, 4.447, 1.922), place=(3.95, 6.427, 2.579), t_hold=0.44
2025-09-27 14:28:05 - ROBOTY.parser_txt - DEBUG - Операция 12: pick=(5.642, 1.302, 2.268), place=(8.565, 2.822, 0.987), t_hold=0.94
2025-09-27 14:28:05 - ROBOTY.parser_txt - DEBUG - Операция 13: pick=(1.299, 6.609, 1.714), place=(8.121, 6.793, 2.202), t_hold=1.15
2025-09-27 14:28:05 - ROBOTY.parser_txt - DEBUG - Операция 14: pick=(7.848, 5.653, 0.44), place=(9.951, 5.725, 2.989), t_hold=0.4
2025-09-27 14:28:05 - ROBOTY.parser_txt - DEBUG - Операция 15: pick=(2.842, 8.348, 2.141), place=(2.166, 1.743, 2.164), t_hold=0.63
2025-09-27 14:28:05 - ROBOTY.parser_txt - DEBUG - Операция 16: pick=(1.421, 3.59, 0.755), place=(7.016, 7.421, 3.625), t_hold=1.11
2025-09-27 14:28:05 - ROBOTY.parser_txt - DEBUG - Операция 17: pick=(6.056, 2.999, 1.955), place=(7.523, 9.162, 1.139), t_hold=0.92
2025-09-27 14:28:05 - ROBOTY.parser_txt - DEBUG - Операция 18: pick=(8.176, 9.504, 0.231), place=(2.465, 1.098, 1.79), t_hold=0.65
2025-09-27 14:28:05 - ROBOTY.parser_txt - DEBUG - Операция 19: pick=(3.228, 2.001, 1.544), place=(6.085, 9.941, 2.266), t_hold=0.56
2025-09-27 14:28:05 - ROBOTY.parser_txt - DEBUG - Операция 20: pick=(8.996, 8.098, 1.843), place=(9.888, 9.151, 2.784), t_hold=1.0
2025-09-27 14:28:05 - ROBOTY.parser_txt - DEBUG - Операция 21: pick=(7.139, 6.517, 2.523), place=(7.694, 8.335, 3.706), t_hold=1.14
2025-09-27 14:28:05 - ROBOTY.parser_txt - DEBUG - Операция 22: pick=(1.883, 7.032, 3.132), place=(2.559, 3.481, 3.325), t_hold=0.82
2025-09-27 14:28:05 - ROBOTY.parser_txt - DEBUG - Операция 23: pick=(5.297, 2.223, 1.733), place=(1.016, 2.963, 1.566), t_hold=1.05
2025-09-27 14:28:05 - ROBOTY.parser_txt - DEBUG - Операция 24: pick=(6.6, 6.608, 2.506), place=(2.02, 7.365, 1.149), t_hold=1.08
2025-09-27 14:28:05 - ROBOTY.parser_txt - DEBUG - Операция 25: pick=(7.102, 4.273, 0.357), place=(8.967, 3.897, 2.775), t_hold=0.86
2025-09-27 14:28:05 - ROBOTY.parser_txt - DEBUG - Операция 26: pick=(1.612, 7.888, 2.124), place=(7.58, 5.565, 2.435), t_hold=0.7
2025-09-27 14:28:05 - ROBOTY.parser_txt - DEBUG - Операция 27: pick=(7.472, 3.456, 1.621), place=(3.25, 1.42, 2.592), t_hold=1.11
2025-09-27 14:28:05 - ROBOTY.parser_txt - DEBUG - Операция 28: pick=(3.37, 2.958, 3.5), place=(4.022, 6.624, 2.869), t_hold=1.03
2025-09-27 14:28:05 - ROBOTY.parser_txt - DEBUG - Операция 29: pick=(2.078, 6.666, 1.789), place=(4.738, 9.339, 1.825), t_hold=1.18
2025-09-27 14:28:05 - ROBOTY.parser_txt - DEBUG - Операция 30: pick=(4.487, 5.715, 2.504), place=(5.773, 6.824, 3.371), t_hold=0.91
2025-09-27 14:28:05 - ROBOTY.parser_txt - INFO - Успешно загружено 10 роботов и 30 операций из TXT файла
2025-09-27 14:28:11 - ROBOTY.main - INFO - Запуск планировщика
2025-09-27 14:28:11 - ROBOTY.planner - INFO - Запуск планировщика траекторий
2025-09-27 14:28:11 - ROBOTY.assigner - INFO - Начинаем назначение операций методом: balanced
2025-09-27 14:28:11 - ROBOTY.assigner - DEBUG - Операция 0 назначена роботу 9 (нагрузка: 7.75)
2025-09-27 14:28:11 - ROBOTY.assigner - DEBUG - Операция 1 назначена роботу 7 (нагрузка: 13.90)
2025-09-27 14:28:11 - ROBOTY.assigner - DEBUG - Операция 2 назначена роботу 8 (нагрузка: 13.52)
2025-09-27 14:28:11 - ROBOTY.assigner - DEBUG - Операция 3 назначена роботу 4 (нагрузка: 10.19)
2025-09-27 14:28:11 - ROBOTY.assigner - DEBUG - Операция 4 назначена роботу 5 (нагрузка: 10.64)
2025-09-27 14:28:11 - ROBOTY.assigner - DEBUG - Операция 5 назначена роботу 2 (нагрузка: 12.02)
2025-09-27 14:28:11 - ROBOTY.assigner - DEBUG - Операция 6 назначена роботу 3 (нагрузка: 11.93)
2025-09-27 14:28:11 - ROBOTY.assigner - DEBUG - Операция 7 назначена роботу 6 (нагрузка: 10.63)
2025-09-27 14:28:11 - ROBOTY.assigner - DEBUG - Операция 8 назначена роботу 1 (нагрузка: 13.59)
2025-09-27 14:28:11 - ROBOTY.assigner - DEBUG - Операция 9 назначена роботу 0 (нагрузка: 13.20)
2025-09-27 14:28:11 - ROBOTY.assigner - DEBUG - Операция 10 назначена роботу 9 (нагрузка: 16.76)
2025-09-27 14:28:11 - ROBOTY.assigner - DEBUG - Операция 11 назначена роботу 3 (нагрузка: 21.71)
2025-09-27 14:28:11 - ROBOTY.assigner - DEBUG - Операция 12 назначена роботу 5 (нагрузка: 23.34)
2025-09-27 14:28:11 - ROBOTY.assigner - DEBUG - Операция 13 назначена роботу 4 (нагрузка: 16.70)
2025-09-27 14:28:11 - ROBOTY.assigner - DEBUG - Операция 14 назначена роботу 6 (нагрузка: 24.53)
2025-09-27 14:28:11 - ROBOTY.assigner - DEBUG - Операция 15 назначена роботу 1 (нагрузка: 26.48)
2025-09-27 14:28:11 - ROBOTY.assigner - DEBUG - Операция 16 назначена роботу 2 (нагрузка: 25.35)
2025-09-27 14:28:11 - ROBOTY.assigner - DEBUG - Операция 17 назначена роботу 7 (нагрузка: 33.12)
2025-09-27 14:28:11 - ROBOTY.assigner - DEBUG - Операция 18 назначена роботу 0 (нагрузка: 27.07)
2025-09-27 14:28:11 - ROBOTY.assigner - DEBUG - Операция 19 назначена роботу 8 (нагрузка: 23.34)
2025-09-27 14:28:11 - ROBOTY.assigner - DEBUG - Операция 20 назначена роботу 4 (нагрузка: 25.30)
2025-09-27 14:28:11 - ROBOTY.assigner - DEBUG - Операция 21 назначена роботу 9 (нагрузка: 27.91)
2025-09-27 14:28:11 - ROBOTY.assigner - DEBUG - Операция 22 назначена роботу 3 (нагрузка: 31.61)
2025-09-27 14:28:11 - ROBOTY.assigner - DEBUG - Операция 23 назначена роботу 8 (нагрузка: 34.94)
2025-09-27 14:28:11 - ROBOTY.assigner - DEBUG - Операция 24 назначена роботу 4 (нагрузка: 32.05)
2025-09-27 14:28:11 - ROBOTY.assigner - DEBUG - Операция 25 назначена роботу 5 (нагрузка: 36.52)
2025-09-27 14:28:11 - ROBOTY.assigner - DEBUG - Операция 26 назначена роботу 2 (нагрузка: 35.46)
2025-09-27 14:28:11 - ROBOTY.assigner - DEBUG - Операция 27 назначена роботу 6 (нагрузка: 36.19)
2025-09-27 14:28:11 - ROBOTY.assigner - DEBUG - Операция 28 назначена роботу 1 (нагрузка: 38.47)
2025-09-27 14:28:11 - ROBOTY.assigner - DEBUG - Операция 29 назначена роботу 9 (нагрузка: 36.16)
2025-09-27 14:28:11 - ROBOTY.assigner - INFO - Распределено 30 операций с балансировкой нагрузки
2025-09-27 14:28:11 - ROBOTY.assigner - INFO - Итоговые нагрузки роботов: ['27.07', '38.47', '35.46', '31.61', '32.05', '36.52', '36.19', '33.12', '34.94', '36.16']
2025-09-27 14:28:11 - ROBOTY.assigner - INFO - Робот 0: 2 операций, нагрузка 27.07
2025-09-27 14:28:11 - ROBOTY.assigner - INFO - Робот 1: 3 операций, нагрузка 38.47
2025-09-27 14:28:11 - ROBOTY.assigner - INFO - Робот 2: 3 операций, нагрузка 35.46
2025-09-27 14:28:11 - ROBOTY.assigner - INFO - Робот 3: 3 операций, нагрузка 31.61
2025-09-27 14:28:11 - ROBOTY.assigner - INFO - Робот 4: 4 операций, нагрузка 32.05
2025-09-27 14:28:11 - ROBOTY.assigner - INFO - Робот 5: 3 операций, нагрузка 36.52
2025-09-27 14:28:11 - ROBOTY.assigner - INFO - Робот 6: 3 операций, нагрузка 36.19
2025-09-27 14:28:11 - ROBOTY.assigner - INFO - Робот 7: 2 операций, нагрузка 33.12
2025-09-27 14:28:11 - ROBOTY.assigner - INFO - Робот 8: 3 операций, нагрузка 34.94
2025-09-27 14:28:11 - ROBOTY.assigner - INFO - Робот 9: 4 операций, нагрузка 36.16
2025-09-27 14:28:11 - ROBOTY.planner - INFO - Операции назначены методом: balanced
2025-09-27 14:28:11 - ROBOTY.planner - INFO - Планирование траектории для робота 1 (ID: 1) с 2 операциями
2025-09-27 14:28:11 - ROBOTY.planner - DEBUG - Планирование траектории для робота с 2 операциями
2025-09-27 14:28:11 - ROBOTY.planner - DEBUG - Операция 1 запланирована, время завершения: 14.50
2025-09-27 14:28:11 - ROBOTY.planner - DEBUG - Операция 2 запланирована, время завершения: 35.81
2025-09-27 14:28:11 - ROBOTY.planner - INFO - Траектория робота запланирована, общее время: 35.81
2025-09-27 14:28:11 - ROBOTY.planner - INFO - Робот 1: траектория содержит 48 точек
2025-09-27 14:28:11 - ROBOTY.planner - INFO - Планирование траектории для робота 2 (ID: 2) с 3 операциями
2025-09-27 14:28:11 - ROBOTY.planner - DEBUG - Планирование траектории для робота с 3 операциями
2025-09-27 14:28:11 - ROBOTY.planner - DEBUG - Операция 1 запланирована, время завершения: 15.46
2025-09-27 14:28:11 - ROBOTY.planner - DEBUG - Операция 2 запланирована, время завершения: 34.91
2025-09-27 14:28:11 - ROBOTY.planner - DEBUG - Операция 3 запланирована, время завершения: 49.98
2025-09-27 14:28:11 - ROBOTY.planner - INFO - Траектория робота запланирована, общее время: 49.98
2025-09-27 14:28:11 - ROBOTY.planner - INFO - Робот 2: траектория содержит 72 точек
2025-09-27 14:28:11 - ROBOTY.planner - INFO - Планирование траектории для робота 3 (ID: 3) с 3 операциями
2025-09-27 14:28:11 - ROBOTY.planner - DEBUG - Планирование траектории для робота с 3 операциями
2025-09-27 14:28:11 - ROBOTY.planner - DEBUG - Операция 1 запланирована, время завершения: 13.74
2025-09-27 14:28:11 - ROBOTY.planner - DEBUG - Операция 2 запланирована, время завершения: 29.72
2025-09-27 14:28:11 - ROBOTY.planner - DEBUG - Операция 3 запланирована, время завершения: 46.49
2025-09-27 14:28:11 - ROBOTY.planner - INFO - Траектория робота запланирована, общее время: 46.49
2025-09-27 14:28:11 - ROBOTY.planner - INFO - Робот 3: траектория содержит 72 точек
2025-09-27 14:28:11 - ROBOTY.planner - INFO - Планирование траектории для робота 4 (ID: 4) с 3 операциями
2025-09-27 14:28:11 - ROBOTY.planner - DEBUG - Планирование траектории для робота с 3 операциями
2025-09-27 14:28:11 - ROBOTY.planner - DEBUG - Операция 1 запланирована, время завершения: 13.96
2025-09-27 14:28:11 - ROBOTY.planner - DEBUG - Операция 2 запланирована, время завершения: 23.70
2025-09-27 14:28:11 - ROBOTY.planner - DEBUG - Операция 3 запланирована, время завершения: 36.77
2025-09-27 14:28:11 - ROBOTY.planner - INFO - Траектория робота запланирована, общее время: 36.77
2025-09-27 14:28:11 - ROBOTY.planner - INFO - Робот 4: траектория содержит 72 точек
2025-09-27 14:28:11 - ROBOTY.planner - INFO - Планирование траектории для робота 5 (ID: 5) с 4 операциями
2025-09-27 14:28:11 - ROBOTY.planner - DEBUG - Планирование траектории для робота с 4 операциями
2025-09-27 14:28:11 - ROBOTY.planner - DEBUG - Операция 1 запланирована, время завершения: 12.23
2025-09-27 14:28:11 - ROBOTY.planner - DEBUG - Операция 2 запланирована, время завершения: 24.13
2025-09-27 14:28:11 - ROBOTY.planner - DEBUG - Операция 3 запланирована, время завершения: 34.06
2025-09-27 14:28:11 - ROBOTY.planner - DEBUG - Операция 4 запланирована, время завершения: 47.56
2025-09-27 14:28:11 - ROBOTY.planner - INFO - Траектория робота запланирована, общее время: 47.56
2025-09-27 14:28:11 - ROBOTY.planner - INFO - Робот 5: траектория содержит 96 точек
2025-09-27 14:28:11 - ROBOTY.planner - INFO - Планирование траектории для робота 6 (ID: 6) с 3 операциями
2025-09-27 14:28:11 - ROBOTY.planner - DEBUG - Планирование траектории для робота с 3 операциями
2025-09-27 14:28:11 - ROBOTY.planner - DEBUG - Операция 1 запланирована, время завершения: 12.08
2025-09-27 14:28:11 - ROBOTY.planner - DEBUG - Операция 2 запланирована, время завершения: 30.60
2025-09-27 14:28:11 - ROBOTY.planner - DEBUG - Операция 3 запланирована, время завершения: 49.80
2025-09-27 14:28:11 - ROBOTY.planner - INFO - Траектория робота запланирована, общее время: 49.80
2025-09-27 14:28:11 - ROBOTY.planner - INFO - Робот 6: траектория содержит 72 точек
2025-09-27 14:28:11 - ROBOTY.planner - INFO - Планирование траектории для робота 7 (ID: 7) с 3 операциями
2025-09-27 14:28:11 - ROBOTY.planner - DEBUG - Планирование траектории для робота с 3 операциями
2025-09-27 14:28:11 - ROBOTY.planner - DEBUG - Операция 1 запланирована, время завершения: 12.60
2025-09-27 14:28:11 - ROBOTY.planner - DEBUG - Операция 2 запланирована, время завершения: 29.91
2025-09-27 14:28:11 - ROBOTY.planner - DEBUG - Операция 3 запланирована, время завершения: 40.59
2025-09-27 14:28:11 - ROBOTY.planner - INFO - Траектория робота запланирована, общее время: 40.59
2025-09-27 14:28:11 - ROBOTY.planner - INFO - Робот 7: траектория содержит 72 точек
2025-09-27 14:28:11 - ROBOTY.planner - INFO - Планирование траектории для робота 8 (ID: 8) с 2 операциями
2025-09-27 14:28:11 - ROBOTY.planner - DEBUG - Планирование траектории для робота с 2 операциями
2025-09-27 14:28:11 - ROBOTY.planner - DEBUG - Операция 1 запланирована, время завершения: 15.48
2025-09-27 14:28:11 - ROBOTY.planner - DEBUG - Операция 2 запланирована, время завершения: 38.88
2025-09-27 14:28:11 - ROBOTY.planner - INFO - Траектория робота запланирована, общее время: 38.88
2025-09-27 14:28:11 - ROBOTY.planner - INFO - Робот 8: траектория содержит 48 точек
2025-09-27 14:28:11 - ROBOTY.planner - INFO - Планирование траектории для робота 9 (ID: 9) с 3 операциями
2025-09-27 14:28:11 - ROBOTY.planner - DEBUG - Планирование траектории для робота с 3 операциями
2025-09-27 14:28:11 - ROBOTY.planner - DEBUG - Операция 1 запланирована, время завершения: 15.55
2025-09-27 14:28:11 - ROBOTY.planner - DEBUG - Операция 2 запланирована, время завершения: 33.75
2025-09-27 14:28:11 - ROBOTY.planner - DEBUG - Операция 3 запланирована, время завершения: 48.50
2025-09-27 14:28:11 - ROBOTY.planner - INFO - Траектория робота запланирована, общее время: 48.50
2025-09-27 14:28:11 - ROBOTY.planner - INFO - Робот 9: траектория содержит 72 точек
2025-09-27 14:28:11 - ROBOTY.planner - INFO - Планирование траектории для робота 10 (ID: 10) с 4 операциями
2025-09-27 14:28:11 - ROBOTY.planner - DEBUG - Планирование траектории для робота с 4 операциями
2025-09-27 14:28:11 - ROBOTY.planner - DEBUG - Операция 1 запланирована, время завершения: 9.44
2025-09-27 14:28:11 - ROBOTY.planner - DEBUG - Операция 2 запланирована, время завершения: 19.75
2025-09-27 14:28:11 - ROBOTY.planner - DEBUG - Операция 3 запланирована, время завершения: 29.88
2025-09-27 14:28:11 - ROBOTY.planner - DEBUG - Операция 4 запланирована, время завершения: 39.06
2025-09-27 14:28:11 - ROBOTY.planner - INFO - Траектория робота запланирована, общее время: 39.06
2025-09-27 14:28:11 - ROBOTY.planner - INFO - Робот 10: траектория содержит 96 точек
2025-09-27 14:28:11 - ROBOTY.planner - INFO - Планирование завершено. Makespan: 49.98
2025-09-27 14:28:11 - ROBOTY.main - INFO - Планировщик успешно завершил работу
2025-09-27 14:28:11 - ROBOTY.collision - INFO - Начинаем детальную проверку коллизий
2025-09-27 14:28:11 - ROBOTY.collision - DEBUG - Проверяем коллизии в диапазоне времени: 0.00 - 49.98
2025-09-27 14:28:11 - ROBOTY.collision - WARNING - Коллизия: роботы 3 и 6 в 14.40s, расстояние: 0.444, требуется: 0.500
2025-09-27 14:28:11 - ROBOTY.collision - WARNING - Коллизия: роботы 3 и 6 в 14.50s, расстояние: 0.367, требуется: 0.500
2025-09-27 14:28:11 - ROBOTY.collision - WARNING - Коллизия: роботы 3 и 6 в 14.60s, расстояние: 0.335, требуется: 0.500
2025-09-27 14:28:11 - ROBOTY.collision - WARNING - Коллизия: роботы 3 и 6 в 14.70s, расстояние: 0.360, требуется: 0.500
2025-09-27 14:28:11 - ROBOTY.collision - WARNING - Коллизия: роботы 3 и 6 в 14.80s, расстояние: 0.432, требуется: 0.500
2025-09-27 14:28:11 - ROBOTY.collision - WARNING - Коллизия: роботы 6 и 7 в 22.20s, расстояние: 0.477, требуется: 0.500
2025-09-27 14:28:11 - ROBOTY.collision - WARNING - Коллизия: роботы 6 и 7 в 22.30s, расстояние: 0.433, требуется: 0.500
2025-09-27 14:28:11 - ROBOTY.collision - WARNING - Коллизия: роботы 6 и 7 в 22.40s, расстояние: 0.417, требуется: 0.500
2025-09-27 14:28:11 - ROBOTY.collision - WARNING - Коллизия: роботы 6 и 7 в 22.50s, расстояние: 0.433, требуется: 0.500
2025-09-27 14:28:11 - ROBOTY.collision - WARNING - Коллизия: роботы 6 и 7 в 22.60s, расстояние: 0.477, требуется: 0.500
2025-09-27 14:28:11 - ROBOTY.collision - WARNING - Коллизия: роботы 3 и 9 в 24.60s, расстояние: 0.482, требуется: 0.500
2025-09-27 14:28:11 - ROBOTY.collision - WARNING - Коллизия: роботы 3 и 9 в 24.70s, расстояние: 0.442, требуется: 0.500
2025-09-27 14:28:11 - ROBOTY.collision - WARNING - Коллизия: роботы 3 и 9 в 24.80s, расстояние: 0.406, требуется: 0.500
2025-09-27 14:28:11 - ROBOTY.collision - WARNING - Коллизия: роботы 3 и 9 в 24.90s, расстояние: 0.374, требуется: 0.500
2025-09-27 14:28:11 - ROBOTY.collision - WARNING - Коллизия: роботы 3 и 9 в 25.00s, расстояние: 0.348, требуется: 0.500
2025-09-27 14:28:11 - ROBOTY.collision - WARNING - Коллизия: роботы 3 и 9 в 25.10s, расстояние: 0.330, требуется: 0.500
2025-09-27 14:28:11 - ROBOTY.collision - WARNING - Коллизия: роботы 3 и 9 в 25.20s, расстояние: 0.321, требуется: 0.500
2025-09-27 14:28:11 - ROBOTY.collision - WARNING - Коллизия: роботы 3 и 9 в 25.30s, расстояние: 0.321, требуется: 0.500
2025-09-27 14:28:11 - ROBOTY.collision - WARNING - Коллизия: роботы 3 и 9 в 25.40s, расстояние: 0.331, требуется: 0.500
2025-09-27 14:28:11 - ROBOTY.collision - WARNING - Коллизия: роботы 3 и 9 в 25.50s, расстояние: 0.349, требуется: 0.500
2025-09-27 14:28:11 - ROBOTY.collision - WARNING - Коллизия: роботы 3 и 9 в 25.60s, расстояние: 0.375, требуется: 0.500
2025-09-27 14:28:11 - ROBOTY.collision - WARNING - Коллизия: роботы 3 и 9 в 25.70s, расстояние: 0.407, требуется: 0.500
2025-09-27 14:28:11 - ROBOTY.collision - WARNING - Коллизия: роботы 3 и 9 в 25.80s, расстояние: 0.444, требуется: 0.500
2025-09-27 14:28:11 - ROBOTY.collision - WARNING - Коллизия: роботы 3 и 9 в 25.90s, расстояние: 0.485, требуется: 0.500
2025-09-27 14:28:11 - ROBOTY.collision - WARNING - Коллизия: роботы 5 и 6 в 28.10s, расстояние: 0.492, требуется: 0.500
2025-09-27 14:28:11 - ROBOTY.collision - WARNING - Коллизия: роботы 5 и 6 в 28.20s, расстояние: 0.492, требуется: 0.500
2025-09-27 14:28:11 - ROBOTY.collision - WARNING - Коллизия: роботы 1 и 2 в 28.40s, расстояние: 0.485, требуется: 0.500
2025-09-27 14:28:11 - ROBOTY.collision - WARNING - Коллизия: роботы 1 и 2 в 28.50s, расстояние: 0.461, требуется: 0.500
2025-09-27 14:28:11 - ROBOTY.collision - WARNING - Коллизия: роботы 1 и 2 в 28.60s, расстояние: 0.442, требуется: 0.500
2025-09-27 14:28:11 - ROBOTY.collision - WARNING - Коллизия: роботы 1 и 2 в 28.70s, расстояние: 0.428, требуется: 0.500
2025-09-27 14:28:11 - ROBOTY.collision - WARNING - Коллизия: роботы 1 и 2 в 28.80s, расстояние: 0.419, требуется: 0.500
2025-09-27 14:28:11 - ROBOTY.collision - WARNING - Коллизия: роботы 1 и 2 в 28.90s, расстояние: 0.418, требуется: 0.500
2025-09-27 14:28:11 - ROBOTY.collision - WARNING - Коллизия: роботы 1 и 2 в 29.00s, расстояние: 0.422, требуется: 0.500
2025-09-27 14:28:11 - ROBOTY.collision - WARNING - Коллизия: роботы 1 и 2 в 29.10s, расстояние: 0.433, требуется: 0.500
2025-09-27 14:28:11 - ROBOTY.collision - WARNING - Коллизия: роботы 1 и 2 в 29.20s, расстояние: 0.449, требуется: 0.500
2025-09-27 14:28:11 - ROBOTY.collision - WARNING - Коллизия: роботы 1 и 2 в 29.30s, расстояние: 0.470, требуется: 0.500
2025-09-27 14:28:11 - ROBOTY.collision - WARNING - Коллизия: роботы 1 и 2 в 29.40s, расстояние: 0.496, требуется: 0.500
2025-09-27 14:28:11 - ROBOTY.collision - WARNING - Коллизия: роботы 6 и 9 в 44.00s, расстояние: 0.494, требуется: 0.500
2025-09-27 14:28:11 - ROBOTY.collision - WARNING - Коллизия: роботы 6 и 9 в 44.10s, расстояние: 0.465, требуется: 0.500
2025-09-27 14:28:11 - ROBOTY.collision - WARNING - Коллизия: роботы 6 и 9 в 44.20s, расстояние: 0.484, требуется: 0.500
2025-09-27 14:28:11 - ROBOTY.collision - ERROR - Обнаружено 40 коллизий
2025-09-27 14:28:11 - ROBOTY.main - WARNING - Обнаружено 40 коллизий, применяем онлайн-безопасность
2025-09-27 14:28:11 - ROBOTY.safety - INFO - Применяем онлайн-безопасность: вставка пауз при коллизиях
2025-09-27 14:28:11 - ROBOTY.collision - INFO - Начинаем детальную проверку коллизий
2025-09-27 14:28:11 - ROBOTY.collision - DEBUG - Проверяем коллизии в диапазоне времени: 0.00 - 49.98
2025-09-27 14:28:11 - ROBOTY.collision - WARNING - Коллизия: роботы 3 и 6 в 14.35s, расстояние: 0.494, требуется: 0.500
2025-09-27 14:28:11 - ROBOTY.collision - WARNING - Коллизия: роботы 3 и 6 в 14.40s, расстояние: 0.444, требуется: 0.500
2025-09-27 14:28:11 - ROBOTY.collision - WARNING - Коллизия: роботы 3 и 6 в 14.45s, расстояние: 0.401, требуется: 0.500
2025-09-27 14:28:11 - ROBOTY.collision - WARNING - Коллизия: роботы 3 и 6 в 14.50s, расстояние: 0.367, требуется: 0.500
2025-09-27 14:28:11 - ROBOTY.collision - WARNING - Коллизия: роботы 3 и 6 в 14.55s, расстояние: 0.344, требуется: 0.500
2025-09-27 14:28:11 - ROBOTY.collision - WARNING - Коллизия: роботы 3 и 6 в 14.60s, расстояние: 0.335, требуется: 0.500
2025-09-27 14:28:11 - ROBOTY.collision - WARNING - Коллизия: роботы 3 и 6 в 14.65s, расстояние: 0.340, требуется: 0.500
2025-09-27 14:28:11 - ROBOTY.collision - WARNING - Коллизия: роботы 3 и 6 в 14.70s, расстояние: 0.360, требуется: 0.500
2025-09-27 14:28:11 - ROBOTY.collision - WARNING - Коллизия: роботы 3 и 6 в 14.75s, расстояние: 0.391, требуется: 0.500
2025-09-27 14:28:11 - ROBOTY.collision - WARNING - Коллизия: роботы 3 и 6 в 14.80s, расстояние: 0.432, требуется: 0.500
2025-09-27 14:28:11 - ROBOTY.collision - WARNING - Коллизия: роботы 3 и 6 в 14.85s, расстояние: 0.480, требуется: 0.500
2025-09-27 14:28:11 - ROBOTY.collision - WARNING - Коллизия: роботы 6 и 7 в 22.20s, расстояние: 0.477, требуется: 0.500
2025-09-27 14:28:11 - ROBOTY.collision - WARNING - Коллизия: роботы 6 и 7 в 22.25s, расстояние: 0.452, требуется: 0.500
2025-09-27 14:28:11 - ROBOTY.collision - WARNING - Коллизия: роботы 6 и 7 в 22.30s, расстояние: 0.433, требуется: 0.500
2025-09-27 14:28:11 - ROBOTY.collision - WARNING - Коллизия: роботы 6 и 7 в 22.35s, расстояние: 0.421, требуется: 0.500
2025-09-27 14:28:11 - ROBOTY.collision - WARNING - Коллизия: роботы 6 и 7 в 22.40s, расстояние: 0.417, требуется: 0.500
2025-09-27 14:28:11 - ROBOTY.collision - WARNING - Коллизия: роботы 6 и 7 в 22.45s, расстояние: 0.421, требуется: 0.500
2025-09-27 14:28:11 - ROBOTY.collision - WARNING - Коллизия: роботы 6 и 7 в 22.50s, расстояние: 0.433, требуется: 0.500
2025-09-27 14:28:11 - ROBOTY.collision - WARNING - Коллизия: роботы 6 и 7 в 22.55s, расстояние: 0.451, требуется: 0.500
2025-09-27 14:28:11 - ROBOTY.collision - WARNING - Коллизия: роботы 6 и 7 в 22.60s, расстояние: 0.477, требуется: 0.500
2025-09-27 14:28:11 - ROBOTY.collision - WARNING - Коллизия: роботы 3 и 9 в 24.60s, расстояние: 0.482, требуется: 0.500
2025-09-27 14:28:11 - ROBOTY.collision - WARNING - Коллизия: роботы 3 и 9 в 24.65s, расстояние: 0.462, требуется: 0.500
2025-09-27 14:28:11 - ROBOTY.collision - WARNING - Коллизия: роботы 3 и 9 в 24.70s, расстояние: 0.442, требуется: 0.500
2025-09-27 14:28:11 - ROBOTY.collision - WARNING - Коллизия: роботы 3 и 9 в 24.75s, расстояние: 0.423, требуется: 0.500
2025-09-27 14:28:11 - ROBOTY.collision - WARNING - Коллизия: роботы 3 и 9 в 24.80s, расстояние: 0.406, требуется: 0.500
2025-09-27 14:28:11 - ROBOTY.collision - WARNING - Коллизия: роботы 3 и 9 в 24.85s, расстояние: 0.389, требуется: 0.500
2025-09-27 14:28:11 - ROBOTY.collision - WARNING - Коллизия: роботы 3 и 9 в 24.90s, расстояние: 0.374, требуется: 0.500
2025-09-27 14:28:11 - ROBOTY.collision - WARNING - Коллизия: роботы 3 и 9 в 24.95s, расстояние: 0.360, требуется: 0.500
2025-09-27 14:28:11 - ROBOTY.collision - WARNING - Коллизия: роботы 3 и 9 в 25.00s, расстояние: 0.348, требуется: 0.500
2025-09-27 14:28:11 - ROBOTY.collision - WARNING - Коллизия: роботы 3 и 9 в 25.05s, расстояние: 0.338, требуется: 0.500
2025-09-27 14:28:11 - ROBOTY.collision - WARNING - Коллизия: роботы 3 и 9 в 25.10s, расстояние: 0.330, требуется: 0.500
2025-09-27 14:28:11 - ROBOTY.collision - WARNING - Коллизия: роботы 3 и 9 в 25.15s, расстояние: 0.324, требуется: 0.500
2025-09-27 14:28:11 - ROBOTY.collision - WARNING - Коллизия: роботы 3 и 9 в 25.20s, расстояние: 0.321, требуется: 0.500
2025-09-27 14:28:11 - ROBOTY.collision - WARNING - Коллизия: роботы 3 и 9 в 25.25s, расстояние: 0.320, требуется: 0.500
2025-09-27 14:28:11 - ROBOTY.collision - WARNING - Коллизия: роботы 3 и 9 в 25.30s, расстояние: 0.321, требуется: 0.500
2025-09-27 14:28:11 - ROBOTY.collision - WARNING - Коллизия: роботы 3 и 9 в 25.35s, расстояние: 0.325, требуется: 0.500
2025-09-27 14:28:11 - ROBOTY.collision - WARNING - Коллизия: роботы 3 и 9 в 25.40s, расстояние: 0.331, требуется: 0.500
2025-09-27 14:28:11 - ROBOTY.collision - WARNING - Коллизия: роботы 3 и 9 в 25.45s, расстояние: 0.339, требуется: 0.500
2025-09-27 14:28:11 - ROBOTY.collision - WARNING - Коллизия: роботы 3 и 9 в 25.50s, расстояние: 0.349, требуется: 0.500
2025-09-27 14:28:11 - ROBOTY.collision - WARNING - Коллизия: роботы 3 и 9 в 25.55s, расстояние: 0.362, требуется: 0.500
2025-09-27 14:28:11 - ROBOTY.collision - WARNING - Коллизия: роботы 3 и 9 в 25.60s, расстояние: 0.375, требуется: 0.500
2025-09-27 14:28:11 - ROBOTY.collision - WARNING - Коллизия: роботы 3 и 9 в 25.65s, расстояние: 0.391, требуется: 0.500
2025-09-27 14:28:11 - ROBOTY.collision - WARNING - Коллизия: роботы 3 и 9 в 25.70s, расстояние: 0.407, требуется: 0.500
2025-09-27 14:28:11 - ROBOTY.collision - WARNING - Коллизия: роботы 3 и 9 в 25.75s, расстояние: 0.425, требуется: 0.500
2025-09-27 14:28:11 - ROBOTY.collision - WARNING - Коллизия: роботы 3 и 9 в 25.80s, расстояние: 0.444, требуется: 0.500
2025-09-27 14:28:11 - ROBOTY.collision - WARNING - Коллизия: роботы 3 и 9 в 25.85s, расстояние: 0.464, требуется: 0.500
2025-09-27 14:28:11 - ROBOTY.collision - WARNING - Коллизия: роботы 3 и 9 в 25.90s, расстояние: 0.485, требуется: 0.500
2025-09-27 14:28:11 - ROBOTY.collision - WARNING - Коллизия: роботы 5 и 6 в 28.10s, расстояние: 0.492, требуется: 0.500
2025-09-27 14:28:11 - ROBOTY.collision - WARNING - Коллизия: роботы 5 и 6 в 28.15s, расстояние: 0.489, требуется: 0.500
2025-09-27 14:28:11 - ROBOTY.collision - WARNING - Коллизия: роботы 5 и 6 в 28.20s, расстояние: 0.492, требуется: 0.500
2025-09-27 14:28:11 - ROBOTY.collision - WARNING - Коллизия: роботы 1 и 2 в 28.35s, расстояние: 0.498, требуется: 0.500
2025-09-27 14:28:11 - ROBOTY.collision - WARNING - Коллизия: роботы 1 и 2 в 28.40s, расстояние: 0.485, требуется: 0.500
2025-09-27 14:28:11 - ROBOTY.collision - WARNING - Коллизия: роботы 1 и 2 в 28.45s, расстояние: 0.472, требуется: 0.500
2025-09-27 14:28:11 - ROBOTY.collision - WARNING - Коллизия: роботы 1 и 2 в 28.50s, расстояние: 0.461, требуется: 0.500
2025-09-27 14:28:11 - ROBOTY.collision - WARNING - Коллизия: роботы 1 и 2 в 28.55s, расстояние: 0.451, требуется: 0.500
2025-09-27 14:28:11 - ROBOTY.collision - WARNING - Коллизия: роботы 1 и 2 в 28.60s, расстояние: 0.442, требуется: 0.500
2025-09-27 14:28:11 - ROBOTY.collision - WARNING - Коллизия: роботы 1 и 2 в 28.65s, расстояние: 0.434, требуется: 0.500
2025-09-27 14:28:11 - ROBOTY.collision - WARNING - Коллизия: роботы 1 и 2 в 28.70s, расстояние: 0.428, требуется: 0.500
2025-09-27 14:28:11 - ROBOTY.collision - WARNING - Коллизия: роботы 1 и 2 в 28.75s, расстояние: 0.423, требуется: 0.500
2025-09-27 14:28:11 - ROBOTY.collision - WARNING - Коллизия: роботы 1 и 2 в 28.80s, расстояние: 0.419, требуется: 0.500
2025-09-27 14:28:11 - ROBOTY.collision - WARNING - Коллизия: роботы 1 и 2 в 28.85s, расстояние: 0.418, требуется: 0.500
2025-09-27 14:28:11 - ROBOTY.collision - WARNING - Коллизия: роботы 1 и 2 в 28.90s, расстояние: 0.418, требуется: 0.500
2025-09-27 14:28:11 - ROBOTY.collision - WARNING - Коллизия: роботы 1 и 2 в 28.95s, расстояние: 0.419, требуется: 0.500
2025-09-27 14:28:11 - ROBOTY.collision - WARNING - Коллизия: роботы 1 и 2 в 29.00s, расстояние: 0.422, требуется: 0.500
2025-09-27 14:28:11 - ROBOTY.collision - WARNING - Коллизия: роботы 1 и 2 в 29.05s, расстояние: 0.427, требуется: 0.500
2025-09-27 14:28:11 - ROBOTY.collision - WARNING - Коллизия: роботы 1 и 2 в 29.10s, расстояние: 0.433, требуется: 0.500
2025-09-27 14:28:11 - ROBOTY.collision - WARNING - Коллизия: роботы 1 и 2 в 29.15s, расстояние: 0.440, требуется: 0.500
2025-09-27 14:28:11 - ROBOTY.collision - WARNING - Коллизия: роботы 1 и 2 в 29.20s, расстояние: 0.449, требуется: 0.500
2025-09-27 14:28:11 - ROBOTY.collision - WARNING - Коллизия: роботы 1 и 2 в 29.25s, расстояние: 0.459, требуется: 0.500
2025-09-27 14:28:11 - ROBOTY.collision - WARNING - Коллизия: роботы 1 и 2 в 29.30s, расстояние: 0.470, требуется: 0.500
2025-09-27 14:28:11 - ROBOTY.collision - WARNING - Коллизия: роботы 1 и 2 в 29.35s, расстояние: 0.482, требуется: 0.500
2025-09-27 14:28:11 - ROBOTY.collision - WARNING - Коллизия: роботы 1 и 2 в 29.40s, расстояние: 0.496, требуется: 0.500
2025-09-27 14:28:11 - ROBOTY.collision - WARNING - Коллизия: роботы 6 и 9 в 44.00s, расстояние: 0.494, требуется: 0.500
2025-09-27 14:28:11 - ROBOTY.collision - WARNING - Коллизия: роботы 6 и 9 в 44.05s, расстояние: 0.474, требуется: 0.500
2025-09-27 14:28:11 - ROBOTY.collision - WARNING - Коллизия: роботы 6 и 9 в 44.10s, расстояние: 0.465, требуется: 0.500
2025-09-27 14:28:11 - ROBOTY.collision - WARNING - Коллизия: роботы 6 и 9 в 44.15s, расстояние: 0.468, требуется: 0.500
2025-09-27 14:28:11 - ROBOTY.collision - WARNING - Коллизия: роботы 6 и 9 в 44.20s, расстояние: 0.484, требуется: 0.500
2025-09-27 14:28:11 - ROBOTY.collision - ERROR - Обнаружено 77 коллизий
2025-09-27 14:28:11 - ROBOTY.safety - DEBUG - Добавлена пауза 0.60s роботу 3 в t=14.35s
2025-09-27 14:28:11 - ROBOTY.safety - DEBUG - Добавлена пауза 0.60s роботу 6 в t=14.35s
2025-09-27 14:28:11 - ROBOTY.safety - DEBUG - Добавлена пауза 0.60s роботу 3 в t=14.40s
2025-09-27 14:28:11 - ROBOTY.safety - DEBUG - Добавлена пауза 0.60s роботу 6 в t=14.40s
2025-09-27 14:28:11 - ROBOTY.safety - DEBUG - Добавлена пауза 0.60s роботу 3 в t=14.45s
2025-09-27 14:28:11 - ROBOTY.safety - DEBUG - Добавлена пауза 0.60s роботу 6 в t=14.45s
2025-09-27 14:28:11 - ROBOTY.safety - DEBUG - Добавлена пауза 0.60s роботу 3 в t=14.50s
2025-09-27 14:28:11 - ROBOTY.safety - DEBUG - Добавлена пауза 0.60s роботу 6 в t=14.50s
2025-09-27 14:28:11 - ROBOTY.safety - DEBUG - Добавлена пауза 0.60s роботу 3 в t=14.55s
2025-09-27 14:28:11 - ROBOTY.safety - DEBUG - Добавлена пауза 0.60s роботу 6 в t=14.55s
2025-09-27 14:28:11 - ROBOTY.safety - DEBUG - Добавлена пауза 0.60s роботу 3 в t=14.60s
2025-09-27 14:28:11 - ROBOTY.safety - DEBUG - Добавлена пауза 0.60s роботу 6 в t=14.60s
2025-09-27 14:28:11 - ROBOTY.safety - DEBUG - Добавлена пауза 0.60s роботу 3 в t=14.65s
2025-09-27 14:28:11 - ROBOTY.safety - DEBUG - Добавлена пауза 0.60s роботу 6 в t=14.65s
2025-09-27 14:28:11 - ROBOTY.safety - DEBUG - Добавлена пауза 0.60s роботу 3 в t=14.70s
2025-09-27 14:28:11 - ROBOTY.safety - DEBUG - Добавлена пауза 0.60s роботу 6 в t=14.70s
2025-09-27 14:28:11 - ROBOTY.safety - DEBUG - Добавлена пауза 0.60s роботу 3 в t=14.75s
2025-09-27 14:28:11 - ROBOTY.safety - DEBUG - Добавлена пауза 0.60s роботу 6 в t=14.75s
2025-09-27 14:28:11 - ROBOTY.safety - DEBUG - Добавлена пауза 0.60s роботу 3 в t=14.80s
2025-09-27 14:28:11 - ROBOTY.safety - DEBUG - Добавлена пауза 0.60s роботу 6 в t=14.80s
2025-09-27 14:28:11 - ROBOTY.safety - DEBUG - Добавлена пауза 0.60s роботу 3 в t=14.85s
2025-09-27 14:28:11 - ROBOTY.safety - DEBUG - Добавлена пауза 0.60s роботу 6 в t=14.85s
2025-09-27 14:28:11 - ROBOTY.safety - DEBUG - Добавлена пауза 0.60s роботу 6 в t=22.20s
2025-09-27 14:28:11 - ROBOTY.safety - DEBUG - Добавлена пауза 0.60s роботу 7 в t=22.20s
2025-09-27 14:28:11 - ROBOTY.safety - DEBUG - Добавлена пауза 0.60s роботу 6 в t=22.25s
2025-09-27 14:28:11 - ROBOTY.safety - DEBUG - Добавлена пауза 0.60s роботу 7 в t=22.25s
2025-09-27 14:28:11 - ROBOTY.safety - DEBUG - Добавлена пауза 0.60s роботу 6 в t=22.30s
2025-09-27 14:28:11 - ROBOTY.safety - DEBUG - Добавлена пауза 0.60s роботу 7 в t=22.30s
2025-09-27 14:28:11 - ROBOTY.safety - DEBUG - Добавлена пауза 0.60s роботу 6 в t=22.35s
2025-09-27 14:28:11 - ROBOTY.safety - DEBUG - Добавлена пауза 0.60s роботу 7 в t=22.35s
2025-09-27 14:28:11 - ROBOTY.safety - DEBUG - Добавлена пауза 0.60s роботу 6 в t=22.40s
2025-09-27 14:28:11 - ROBOTY.safety - DEBUG - Добавлена пауза 0.60s роботу 7 в t=22.40s
2025-09-27 14:28:11 - ROBOTY.safety - DEBUG - Добавлена пауза 0.60s роботу 6 в t=22.45s
2025-09-27 14:28:11 - ROBOTY.safety - DEBUG - Добавлена пауза 0.60s роботу 7 в t=22.45s
2025-09-27 14:28:11 - ROBOTY.safety - DEBUG - Добавлена пауза 0.60s роботу 6 в t=22.50s
2025-09-27 14:28:11 - ROBOTY.safety - DEBUG - Добавлена пауза 0.60s роботу 7 в t=22.50s
2025-09-27 14:28:11 - ROBOTY.safety - DEBUG - Добавлена пауза 0.60s роботу 6 в t=22.55s
2025-09-27 14:28:11 - ROBOTY.safety - DEBUG - Добавлена пауза 0.60s роботу 7 в t=22.55s
2025-09-27 14:28:11 - ROBOTY.safety - DEBUG - Добавлена пауза 0.60s роботу 6 в t=22.60s
2025-09-27 14:28:11 - ROBOTY.safety - DEBUG - Добавлена пауза 0.60s роботу 7 в t=22.60s
2025-09-27 14:28:11 - ROBOTY.safety - DEBUG - Добавлена пауза 0.60s роботу 3 в t=24.60s
2025-09-27 14:28:11 - ROBOTY.safety - DEBUG - Добавлена пауза 0.60s роботу 9 в t=24.60s
2025-09-27 14:28:11 - ROBOTY.safety - DEBUG - Добавлена пауза 0.60s роботу 3 в t=24.65s
2025-09-27 14:28:11 - ROBOTY.safety - DEBUG - Добавлена пауза 0.60s роботу 9 в t=24.65s
2025-09-27 14:28:11 - ROBOTY.safety - DEBUG - Добавлена пауза 0.60s роботу 3 в t=24.70s
2025-09-27 14:28:11 - ROBOTY.safety - DEBUG - Добавлена пауза 0.60s роботу 9 в t=24.70s
2025-09-27 14:28:11 - ROBOTY.safety - DEBUG - Добавлена пауза 0.60s роботу 3 в t=24.75s
2025-09-27 14:28:11 - ROBOTY.safety - DEBUG - Добавлена пауза 0.60s роботу 9 в t=24.75s
2025-09-27 14:28:11 - ROBOTY.safety - DEBUG - Добавлена пауза 0.60s роботу 3 в t=24.80s
2025-09-27 14:28:11 - ROBOTY.safety - DEBUG - Добавлена пауза 0.60s роботу 9 в t=24.80s
2025-09-27 14:28:11 - ROBOTY.safety - DEBUG - Добавлена пауза 0.60s роботу 3 в t=24.85s
2025-09-27 14:28:11 - ROBOTY.safety - DEBUG - Добавлена пауза 0.60s роботу 9 в t=24.85s
2025-09-27 14:28:11 - ROBOTY.safety - DEBUG - Добавлена пауза 0.60s роботу 3 в t=24.90s
2025-09-27 14:28:11 - ROBOTY.safety - DEBUG - Добавлена пауза 0.60s роботу 9 в t=24.90s
2025-09-27 14:28:11 - ROBOTY.safety - DEBUG - Добавлена пауза 0.60s роботу 3 в t=24.95s
2025-09-27 14:28:11 - ROBOTY.safety - DEBUG - Добавлена пауза 0.60s роботу 9 в t=24.95s
2025-09-27 14:28:11 - ROBOTY.safety - DEBUG - Добавлена пауза 0.60s роботу 3 в t=25.00s
2025-09-27 14:28:11 - ROBOTY.safety - DEBUG - Добавлена пауза 0.60s роботу 9 в t=25.00s
2025-09-27 14:28:11 - ROBOTY.safety - DEBUG - Добавлена пауза 0.60s роботу 3 в t=25.05s
2025-09-27 14:28:11 - ROBOTY.safety - DEBUG - Добавлена пауза 0.60s роботу 9 в t=25.05s
2025-09-27 14:28:11 - ROBOTY.safety - DEBUG - Добавлена пауза 0.60s роботу 3 в t=25.10s
2025-09-27 14:28:11 - ROBOTY.safety - DEBUG - Добавлена пауза 0.60s роботу 9 в t=25.10s
2025-09-27 14:28:11 - ROBOTY.safety - DEBUG - Добавлена пауза 0.60s роботу 3 в t=25.15s
2025-09-27 14:28:11 - ROBOTY.safety - DEBUG - Добавлена пауза 0.60s роботу 9 в t=25.15s
2025-09-27 14:28:11 - ROBOTY.safety - DEBUG - Добавлена пауза 0.60s роботу 3 в t=25.20s
2025-09-27 14:28:11 - ROBOTY.safety - DEBUG - Добавлена пауза 0.60s роботу 9 в t=25.20s
2025-09-27 14:28:11 - ROBOTY.safety - DEBUG - Добавлена пауза 0.60s роботу 3 в t=25.25s
2025-09-27 14:28:11 - ROBOTY.safety - DEBUG - Добавлена пауза 0.60s роботу 9 в t=25.25s
2025-09-27 14:28:11 - ROBOTY.safety - DEBUG - Добавлена пауза 0.60s роботу 3 в t=25.30s
2025-09-27 14:28:11 - ROBOTY.safety - DEBUG - Добавлена пауза 0.60s роботу 9 в t=25.30s
2025-09-27 14:28:11 - ROBOTY.safety - DEBUG - Добавлена пауза 0.60s роботу 3 в t=25.35s
2025-09-27 14:28:11 - ROBOTY.safety - DEBUG - Добавлена пауза 0.60s роботу 9 в t=25.35s
2025-09-27 14:28:11 - ROBOTY.safety - DEBUG - Добавлена пауза 0.60s роботу 3 в t=25.40s
2025-09-27 14:28:11 - ROBOTY.safety - DEBUG - Добавлена пауза 0.60s роботу 9 в t=25.40s
2025-09-27 14:28:11 - ROBOTY.safety - DEBUG - Добавлена пауза 0.60s роботу 3 в t=25.45s
2025-09-27 14:28:11 - ROBOTY.safety - DEBUG - Добавлена пауза 0.60s роботу 9 в t=25.45s
2025-09-27 14:28:11 - ROBOTY.safety - DEBUG - Добавлена пауза 0.60s роботу 3 в t=25.50s
2025-09-27 14:28:11 - ROBOTY.safety - DEBUG - Добавлена пауза 0.60s роботу 9 в t=25.50s
2025-09-27 14:28:11 - ROBOTY.safety - DEBUG - Добавлена пауза 0.60s роботу 3 в t=25.55s
2025-09-27 14:28:11 - ROBOTY.safety - DEBUG - Добавлена пауза 0.60s роботу 9 в t=25.55s
2025-09-27 14:28:11 - ROBOTY.safety - DEBUG - Добавлена пауза 0.60s роботу 3 в t=25.60s
2025-09-27 14:28:11 - ROBOTY.safety - DEBUG - Добавлена пауза 0.60s роботу 9 в t=25.60s
2025-09-27 14:28:11 - ROBOTY.safety - DEBUG - Добавлена пауза 0.60s роботу 3 в t=25.65s
2025-09-27 14:28:11 - ROBOTY.safety - DEBUG - Добавлена пауза 0.60s роботу 9 в t=25.65s
2025-09-27 14:28:11 - ROBOTY.safety - DEBUG - Добавлена пауза 0.60s роботу 3 в t=25.70s
2025-09-27 14:28:11 - ROBOTY.safety - DEBUG - Добавлена пауза 0.60s роботу 9 в t=25.70s
2025-09-27 14:28:11 - ROBOTY.safety - DEBUG - Добавлена пауза 0.60s роботу 3 в t=25.75s
2025-09-27 14:28:11 - ROBOTY.safety - DEBUG - Добавлена пауза 0.60s роботу 9 в t=25.75s
2025-09-27 14:28:11 - ROBOTY.safety - DEBUG - Добавлена пауза 0.60s роботу 3 в t=25.80s
2025-09-27 14:28:11 - ROBOTY.safety - DEBUG - Добавлена пауза 0.60s роботу 9 в t=25.80s
2025-09-27 14:28:11 - ROBOTY.safety - DEBUG - Добавлена пауза 0.60s роботу 3 в t=25.85s
2025-09-27 14:28:11 - ROBOTY.safety - DEBUG - Добавлена пауза 0.60s роботу 9 в t=25.85s
2025-09-27 14:28:11 - ROBOTY.safety - DEBUG - Добавлена пауза 0.60s роботу 3 в t=25.90s
2025-09-27 14:28:11 - ROBOTY.safety - DEBUG - Добавлена пауза 0.60s роботу 9 в t=25.90s
2025-09-27 14:28:11 - ROBOTY.safety - DEBUG - Добавлена пауза 0.60s роботу 5 в t=28.10s
2025-09-27 14:28:11 - ROBOTY.safety - DEBUG - Добавлена пауза 0.60s роботу 6 в t=28.10s
2025-09-27 14:28:11 - ROBOTY.safety - DEBUG - Добавлена пауза 0.60s роботу 5 в t=28.15s
2025-09-27 14:28:11 - ROBOTY.safety - DEBUG - Добавлена пауза 0.60s роботу 6 в t=28.15s
2025-09-27 14:28:11 - ROBOTY.safety - DEBUG - Добавлена пауза 0.60s роботу 5 в t=28.20s
2025-09-27 14:28:11 - ROBOTY.safety - DEBUG - Добавлена пауза 0.60s роботу 6 в t=28.20s
2025-09-27 14:28:11 - ROBOTY.safety - DEBUG - Добавлена пауза 0.60s роботу 1 в t=28.35s
2025-09-27 14:28:11 - ROBOTY.safety - DEBUG - Добавлена пауза 0.60s роботу 2 в t=28.35s
2025-09-27 14:28:11 - ROBOTY.safety - DEBUG - Добавлена пауза 0.60s роботу 1 в t=28.40s
2025-09-27 14:28:11 - ROBOTY.safety - DEBUG - Добавлена пауза 0.60s роботу 2 в t=28.40s
2025-09-27 14:28:11 - ROBOTY.safety - DEBUG - Добавлена пауза 0.60s роботу 1 в t=28.45s
2025-09-27 14:28:11 - ROBOTY.safety - DEBUG - Добавлена пауза 0.60s роботу 2 в t=28.45s
2025-09-27 14:28:11 - ROBOTY.safety - DEBUG - Добавлена пауза 0.60s роботу 1 в t=28.50s
2025-09-27 14:28:11 - ROBOTY.safety - DEBUG - Добавлена пауза 0.60s роботу 2 в t=28.50s
2025-09-27 14:28:11 - ROBOTY.safety - DEBUG - Добавлена пауза 0.60s роботу 1 в t=28.55s
2025-09-27 14:28:11 - ROBOTY.safety - DEBUG - Добавлена пауза 0.60s роботу 2 в t=28.55s
2025-09-27 14:28:11 - ROBOTY.safety - DEBUG - Добавлена пауза 0.60s роботу 1 в t=28.60s
2025-09-27 14:28:11 - ROBOTY.safety - DEBUG - Добавлена пауза 0.60s роботу 2 в t=28.60s
2025-09-27 14:28:11 - ROBOTY.safety - DEBUG - Добавлена пауза 0.60s роботу 1 в t=28.65s
2025-09-27 14:28:11 - ROBOTY.safety - DEBUG - Добавлена пауза 0.60s роботу 2 в t=28.65s
2025-09-27 14:28:11 - ROBOTY.safety - DEBUG - Добавлена пауза 0.60s роботу 1 в t=28.70s
2025-09-27 14:28:11 - ROBOTY.safety - DEBUG - Добавлена пауза 0.60s роботу 2 в t=28.70s
2025-09-27 14:28:11 - ROBOTY.safety - DEBUG - Добавлена пауза 0.60s роботу 1 в t=28.75s
2025-09-27 14:28:11 - ROBOTY.safety - DEBUG - Добавлена пауза 0.60s роботу 2 в t=28.75s
2025-09-27 14:28:11 - ROBOTY.safety - DEBUG - Добавлена пауза 0.60s роботу 1 в t=28.80s
2025-09-27 14:28:11 - ROBOTY.safety - DEBUG - Добавлена пауза 0.60s роботу 2 в t=28.80s
2025-09-27 14:28:11 - ROBOTY.safety - DEBUG - Добавлена пауза 0.60s роботу 1 в t=28.85s
2025-09-27 14:28:11 - ROBOTY.safety - DEBUG - Добавлена пауза 0.60s роботу 2 в t=28.85s
2025-09-27 14:28:11 - ROBOTY.safety - DEBUG - Добавлена пауза 0.60s роботу 1 в t=28.90s
2025-09-27 14:28:11 - ROBOTY.safety - DEBUG - Добавлена пауза 0.60s роботу 2 в t=28.90s
2025-09-27 14:28:11 - ROBOTY.safety - DEBUG - Добавлена пауза 0.60s роботу 1 в t=28.95s
2025-09-27 14:28:11 - ROBOTY.safety - DEBUG - Добавлена пауза 0.60s роботу 2 в t=28.95s
2025-09-27 14:28:11 - ROBOTY.safety - DEBUG - Добавлена пауза 0.60s роботу 1 в t=29.00s
2025-09-27 14:28:11 - ROBOTY.safety - DEBUG - Добавлена пауза 0.60s роботу 2 в t=29.00s
2025-09-27 14:28:11 - ROBOTY.safety - DEBUG - Добавлена пауза 0.60s роботу 1 в t=29.05s
2025-09-27 14:28:11 - ROBOTY.safety - DEBUG - Добавлена пауза 0.60s роботу 2 в t=29.05s
2025-09-27 14:28:11 - ROBOTY.safety - DEBUG - Добавлена пауза 0.60s роботу 1 в t=29.10s
2025-09-27 14:28:11 - ROBOTY.safety - DEBUG - Добавлена пауза 0.60s роботу 2 в t=29.10s
2025-09-27 14:28:11 - ROBOTY.safety - DEBUG - Добавлена пауза 0.60s роботу 1 в t=29.15s
2025-09-27 14:28:11 - ROBOTY.safety - DEBUG - Добавлена пауза 0.60s роботу 2 в t=29.15s
2025-09-27 14:28:11 - ROBOTY.safety - DEBUG - Добавлена пауза 0.60s роботу 1 в t=29.20s
2025-09-27 14:28:11 - ROBOTY.safety - DEBUG - Добавлена пауза 0.60s роботу 2 в t=29.20s
2025-09-27 14:28:11 - ROBOTY.safety - DEBUG - Добавлена пауза 0.60s роботу 1 в t=29.25s
2025-09-27 14:28:11 - ROBOTY.safety - DEBUG - Добавлена пауза 0.60s роботу 2 в t=29.25s
2025-09-27 14:28:11 - ROBOTY.safety - DEBUG - Добавлена пауза 0.60s роботу 1 в t=29.30s
2025-09-27 14:28:11 - ROBOTY.safety - DEBUG - Добавлена пауза 0.60s роботу 2 в t=29.30s
2025-09-27 14:28:11 - ROBOTY.safety - DEBUG - Добавлена пауза 0.60s роботу 1 в t=29.35s
2025-09-27 14:28:11 - ROBOTY.safety - DEBUG - Добавлена пауза 0.60s роботу 2 в t=29.35s
2025-09-27 14:28:11 - ROBOTY.safety - DEBUG - Добавлена пауза 0.60s роботу 1 в t=29.40s
2025-09-27 14:28:11 - ROBOTY.safety - DEBUG - Добавлена пауза 0.60s роботу 2 в t=29.40s
2025-09-27 14:28:11 - ROBOTY.safety - DEBUG - Добавлена пауза 0.60s роботу 6 в t=44.00s
2025-09-27 14:28:11 - ROBOTY.safety - DEBUG - Добавлена пауза 0.60s роботу 9 в t=44.00s
2025-09-27 14:28:11 - ROBOTY.safety - DEBUG - Добавлена пауза 0.60s роботу 6 в t=44.05s
2025-09-27 14:28:11 - ROBOTY.safety - DEBUG - Добавлена пауза 0.60s роботу 9 в t=44.05s
2025-09-27 14:28:11 - ROBOTY.safety - DEBUG - Добавлена пауза 0.60s роботу 6 в t=44.10s
2025-09-27 14:28:11 - ROBOTY.safety - DEBUG - Добавлена пауза 0.60s роботу 9 в t=44.10s
2025-09-27 14:28:11 - ROBOTY.safety - DEBUG - Добавлена пауза 0.60s роботу 6 в t=44.15s
2025-09-27 14:28:11 - ROBOTY.safety - DEBUG - Добавлена пауза 0.60s роботу 9 в t=44.15s
2025-09-27 14:28:11 - ROBOTY.safety - DEBUG - Добавлена пауза 0.60s роботу 6 в t=44.20s
2025-09-27 14:28:11 - ROBOTY.safety - DEBUG - Добавлена пауза 0.60s роботу 9 в t=44.20s
2025-09-27 14:28:11 - ROBOTY.safety - INFO - Онлайн-безопасность применена: паузы вставлены
2025-09-27 14:28:11 - ROBOTY.collision - INFO - Начинаем детальную проверку коллизий
2025-09-27 14:28:11 - ROBOTY.collision - DEBUG - Проверяем коллизии в диапазоне времени: 0.00 - 69.29
2025-09-27 14:28:11 - ROBOTY.collision - WARNING - Коллизия: роботы 3 и 6 в 14.40s, расстояние: 0.494, требуется: 0.500
2025-09-27 14:28:11 - ROBOTY.collision - WARNING - Коллизия: роботы 3 и 6 в 14.50s, расстояние: 0.494, требуется: 0.500
2025-09-27 14:28:11 - ROBOTY.collision - WARNING - Коллизия: роботы 3 и 6 в 14.60s, расстояние: 0.494, требуется: 0.500
2025-09-27 14:28:11 - ROBOTY.collision - WARNING - Коллизия: роботы 3 и 6 в 14.70s, расстояние: 0.494, требуется: 0.500
2025-09-27 14:28:11 - ROBOTY.collision - WARNING - Коллизия: роботы 3 и 6 в 14.80s, расстояние: 0.494, требуется: 0.500
2025-09-27 14:28:11 - ROBOTY.collision - WARNING - Коллизия: роботы 3 и 6 в 14.90s, расстояние: 0.494, требуется: 0.500
2025-09-27 14:28:11 - ROBOTY.collision - WARNING - Коллизия: роботы 3 и 6 в 15.00s, расстояние: 0.494, требуется: 0.500
2025-09-27 14:28:11 - ROBOTY.collision - WARNING - Коллизия: роботы 3 и 6 в 15.10s, расстояние: 0.494, требуется: 0.500
2025-09-27 14:28:11 - ROBOTY.collision - WARNING - Коллизия: роботы 3 и 6 в 15.20s, расстояние: 0.494, требуется: 0.500
2025-09-27 14:28:11 - ROBOTY.collision - WARNING - Коллизия: роботы 3 и 6 в 15.30s, расстояние: 0.494, требуется: 0.500
2025-09-27 14:28:11 - ROBOTY.collision - WARNING - Коллизия: роботы 3 и 6 в 15.40s, расстояние: 0.494, требуется: 0.500
2025-09-27 14:28:11 - ROBOTY.collision - WARNING - Коллизия: роботы 3 и 6 в 15.50s, расстояние: 0.494, требуется: 0.500
2025-09-27 14:28:11 - ROBOTY.collision - WARNING - Коллизия: роботы 3 и 6 в 15.60s, расстояние: 0.494, требуется: 0.500
2025-09-27 14:28:11 - ROBOTY.collision - WARNING - Коллизия: роботы 3 и 6 в 15.70s, расстояние: 0.494, требуется: 0.500
2025-09-27 14:28:11 - ROBOTY.collision - WARNING - Коллизия: роботы 3 и 6 в 15.80s, расстояние: 0.494, требуется: 0.500
2025-09-27 14:28:11 - ROBOTY.collision - WARNING - Коллизия: роботы 3 и 6 в 15.90s, расстояние: 0.494, требуется: 0.500
2025-09-27 14:28:11 - ROBOTY.collision - WARNING - Коллизия: роботы 3 и 6 в 16.00s, расстояние: 0.494, требуется: 0.500
2025-09-27 14:28:11 - ROBOTY.collision - WARNING - Коллизия: роботы 3 и 6 в 16.10s, расстояние: 0.494, требуется: 0.500
2025-09-27 14:28:11 - ROBOTY.collision - WARNING - Коллизия: роботы 3 и 6 в 16.20s, расстояние: 0.494, требуется: 0.500
2025-09-27 14:28:11 - ROBOTY.collision - WARNING - Коллизия: роботы 3 и 6 в 16.30s, расстояние: 0.494, требуется: 0.500
2025-09-27 14:28:11 - ROBOTY.collision - WARNING - Коллизия: роботы 3 и 6 в 16.40s, расстояние: 0.494, требуется: 0.500
2025-09-27 14:28:11 - ROBOTY.collision - WARNING - Коллизия: роботы 3 и 6 в 16.50s, расстояние: 0.494, требуется: 0.500
2025-09-27 14:28:11 - ROBOTY.collision - WARNING - Коллизия: роботы 3 и 6 в 16.60s, расстояние: 0.494, требуется: 0.500
2025-09-27 14:28:11 - ROBOTY.collision - WARNING - Коллизия: роботы 3 и 6 в 16.70s, расстояние: 0.494, требуется: 0.500
2025-09-27 14:28:11 - ROBOTY.collision - WARNING - Коллизия: роботы 3 и 6 в 16.80s, расстояние: 0.494, требуется: 0.500
2025-09-27 14:28:11 - ROBOTY.collision - WARNING - Коллизия: роботы 3 и 6 в 16.90s, расстояние: 0.494, требуется: 0.500
2025-09-27 14:28:11 - ROBOTY.collision - WARNING - Коллизия: роботы 3 и 6 в 17.00s, расстояние: 0.494, требуется: 0.500
2025-09-27 14:28:11 - ROBOTY.collision - WARNING - Коллизия: роботы 3 и 6 в 17.10s, расстояние: 0.494, требуется: 0.500
2025-09-27 14:28:11 - ROBOTY.collision - WARNING - Коллизия: роботы 3 и 6 в 17.20s, расстояние: 0.494, требуется: 0.500
2025-09-27 14:28:11 - ROBOTY.collision - WARNING - Коллизия: роботы 3 и 6 в 17.30s, расстояние: 0.494, требуется: 0.500
2025-09-27 14:28:11 - ROBOTY.collision - WARNING - Коллизия: роботы 3 и 6 в 17.40s, расстояние: 0.494, требуется: 0.500
2025-09-27 14:28:11 - ROBOTY.collision - WARNING - Коллизия: роботы 3 и 6 в 17.50s, расстояние: 0.494, требуется: 0.500
2025-09-27 14:28:11 - ROBOTY.collision - WARNING - Коллизия: роботы 3 и 6 в 17.60s, расстояние: 0.494, требуется: 0.500
2025-09-27 14:28:11 - ROBOTY.collision - WARNING - Коллизия: роботы 3 и 6 в 17.70s, расстояние: 0.494, требуется: 0.500
2025-09-27 14:28:11 - ROBOTY.collision - WARNING - Коллизия: роботы 3 и 6 в 17.80s, расстояние: 0.494, требуется: 0.500
2025-09-27 14:28:11 - ROBOTY.collision - WARNING - Коллизия: роботы 3 и 6 в 17.90s, расстояние: 0.494, требуется: 0.500
2025-09-27 14:28:11 - ROBOTY.collision - WARNING - Коллизия: роботы 3 и 6 в 18.00s, расстояние: 0.494, требуется: 0.500
2025-09-27 14:28:11 - ROBOTY.collision - WARNING - Коллизия: роботы 3 и 6 в 18.10s, расстояние: 0.494, требуется: 0.500
2025-09-27 14:28:11 - ROBOTY.collision - WARNING - Коллизия: роботы 3 и 6 в 18.20s, расстояние: 0.494, требуется: 0.500
2025-09-27 14:28:11 - ROBOTY.collision - WARNING - Коллизия: роботы 3 и 6 в 18.30s, расстояние: 0.494, требуется: 0.500
2025-09-27 14:28:11 - ROBOTY.collision - WARNING - Коллизия: роботы 3 и 6 в 18.40s, расстояние: 0.494, требуется: 0.500
2025-09-27 14:28:11 - ROBOTY.collision - WARNING - Коллизия: роботы 3 и 6 в 18.50s, расстояние: 0.494, требуется: 0.500
2025-09-27 14:28:11 - ROBOTY.collision - WARNING - Коллизия: роботы 3 и 6 в 18.60s, расстояние: 0.494, требуется: 0.500
2025-09-27 14:28:11 - ROBOTY.collision - WARNING - Коллизия: роботы 3 и 6 в 18.70s, расстояние: 0.494, требуется: 0.500
2025-09-27 14:28:11 - ROBOTY.collision - WARNING - Коллизия: роботы 3 и 6 в 18.80s, расстояние: 0.494, требуется: 0.500
2025-09-27 14:28:11 - ROBOTY.collision - WARNING - Коллизия: роботы 3 и 6 в 18.90s, расстояние: 0.494, требуется: 0.500
2025-09-27 14:28:11 - ROBOTY.collision - WARNING - Коллизия: роботы 3 и 6 в 19.00s, расстояние: 0.494, требуется: 0.500
2025-09-27 14:28:11 - ROBOTY.collision - WARNING - Коллизия: роботы 3 и 6 в 19.10s, расстояние: 0.494, требуется: 0.500
2025-09-27 14:28:11 - ROBOTY.collision - WARNING - Коллизия: роботы 3 и 6 в 19.20s, расстояние: 0.494, требуется: 0.500
2025-09-27 14:28:11 - ROBOTY.collision - WARNING - Коллизия: роботы 3 и 6 в 19.30s, расстояние: 0.494, требуется: 0.500
2025-09-27 14:28:11 - ROBOTY.collision - WARNING - Коллизия: роботы 3 и 6 в 19.40s, расстояние: 0.494, требуется: 0.500
2025-09-27 14:28:11 - ROBOTY.collision - WARNING - Коллизия: роботы 3 и 6 в 19.50s, расстояние: 0.494, требуется: 0.500
2025-09-27 14:28:11 - ROBOTY.collision - WARNING - Коллизия: роботы 3 и 6 в 19.60s, расстояние: 0.494, требуется: 0.500
2025-09-27 14:28:11 - ROBOTY.collision - WARNING - Коллизия: роботы 3 и 6 в 19.70s, расстояние: 0.494, требуется: 0.500
2025-09-27 14:28:11 - ROBOTY.collision - WARNING - Коллизия: роботы 3 и 6 в 19.80s, расстояние: 0.494, требуется: 0.500
2025-09-27 14:28:11 - ROBOTY.collision - WARNING - Коллизия: роботы 3 и 6 в 19.90s, расстояние: 0.494, требуется: 0.500
2025-09-27 14:28:11 - ROBOTY.collision - WARNING - Коллизия: роботы 3 и 6 в 20.00s, расстояние: 0.494, требуется: 0.500
2025-09-27 14:28:11 - ROBOTY.collision - WARNING - Коллизия: роботы 3 и 6 в 20.10s, расстояние: 0.494, требуется: 0.500
2025-09-27 14:28:11 - ROBOTY.collision - WARNING - Коллизия: роботы 3 и 6 в 20.20s, расстояние: 0.494, требуется: 0.500
2025-09-27 14:28:11 - ROBOTY.collision - WARNING - Коллизия: роботы 3 и 6 в 20.30s, расстояние: 0.494, требуется: 0.500
2025-09-27 14:28:11 - ROBOTY.collision - WARNING - Коллизия: роботы 3 и 6 в 20.40s, расстояние: 0.494, требуется: 0.500
2025-09-27 14:28:11 - ROBOTY.collision - WARNING - Коллизия: роботы 3 и 6 в 20.50s, расстояние: 0.494, требуется: 0.500
2025-09-27 14:28:11 - ROBOTY.collision - WARNING - Коллизия: роботы 3 и 6 в 20.60s, расстояние: 0.494, требуется: 0.500
2025-09-27 14:28:11 - ROBOTY.collision - WARNING - Коллизия: роботы 3 и 6 в 20.70s, расстояние: 0.494, требуется: 0.500
2025-09-27 14:28:11 - ROBOTY.collision - WARNING - Коллизия: роботы 3 и 6 в 20.80s, расстояние: 0.494, требуется: 0.500
2025-09-27 14:28:11 - ROBOTY.collision - WARNING - Коллизия: роботы 3 и 6 в 20.90s, расстояние: 0.494, требуется: 0.500
2025-09-27 14:28:11 - ROBOTY.collision - WARNING - Коллизия: роботы 3 и 6 в 21.00s, расстояние: 0.444, требуется: 0.500
2025-09-27 14:28:11 - ROBOTY.collision - WARNING - Коллизия: роботы 3 и 6 в 21.10s, расстояние: 0.367, требуется: 0.500
2025-09-27 14:28:11 - ROBOTY.collision - WARNING - Коллизия: роботы 3 и 6 в 21.20s, расстояние: 0.335, требуется: 0.500
2025-09-27 14:28:11 - ROBOTY.collision - WARNING - Коллизия: роботы 3 и 6 в 21.30s, расстояние: 0.360, требуется: 0.500
2025-09-27 14:28:12 - ROBOTY.collision - WARNING - Коллизия: роботы 3 и 6 в 21.40s, расстояние: 0.432, требуется: 0.500
2025-09-27 14:28:12 - ROBOTY.collision - WARNING - Коллизия: роботы 1 и 2 в 28.40s, расстояние: 0.498, требуется: 0.500
2025-09-27 14:28:12 - ROBOTY.collision - WARNING - Коллизия: роботы 1 и 2 в 28.50s, расстояние: 0.498, требуется: 0.500
2025-09-27 14:28:12 - ROBOTY.collision - WARNING - Коллизия: роботы 1 и 2 в 28.60s, расстояние: 0.498, требуется: 0.500
2025-09-27 14:28:12 - ROBOTY.collision - WARNING - Коллизия: роботы 1 и 2 в 28.70s, расстояние: 0.498, требуется: 0.500
2025-09-27 14:28:12 - ROBOTY.collision - WARNING - Коллизия: роботы 1 и 2 в 28.80s, расстояние: 0.498, требуется: 0.500
2025-09-27 14:28:12 - ROBOTY.collision - WARNING - Коллизия: роботы 1 и 2 в 28.90s, расстояние: 0.498, требуется: 0.500
2025-09-27 14:28:12 - ROBOTY.collision - WARNING - Коллизия: роботы 1 и 2 в 29.00s, расстояние: 0.498, требуется: 0.500
2025-09-27 14:28:12 - ROBOTY.collision - WARNING - Коллизия: роботы 1 и 2 в 29.10s, расстояние: 0.498, требуется: 0.500
2025-09-27 14:28:12 - ROBOTY.collision - WARNING - Коллизия: роботы 1 и 2 в 29.20s, расстояние: 0.498, требуется: 0.500
2025-09-27 14:28:12 - ROBOTY.collision - WARNING - Коллизия: роботы 1 и 2 в 29.30s, расстояние: 0.498, требуется: 0.500
2025-09-27 14:28:12 - ROBOTY.collision - WARNING - Коллизия: роботы 1 и 2 в 29.40s, расстояние: 0.498, требуется: 0.500
2025-09-27 14:28:12 - ROBOTY.collision - WARNING - Коллизия: роботы 1 и 2 в 29.50s, расстояние: 0.498, требуется: 0.500
2025-09-27 14:28:12 - ROBOTY.collision - WARNING - Коллизия: роботы 1 и 2 в 29.60s, расстояние: 0.498, требуется: 0.500
2025-09-27 14:28:12 - ROBOTY.collision - WARNING - Коллизия: роботы 1 и 2 в 29.70s, расстояние: 0.498, требуется: 0.500
2025-09-27 14:28:12 - ROBOTY.collision - WARNING - Коллизия: роботы 1 и 2 в 29.80s, расстояние: 0.498, требуется: 0.500
2025-09-27 14:28:12 - ROBOTY.collision - WARNING - Коллизия: роботы 1 и 2 в 29.90s, расстояние: 0.498, требуется: 0.500
2025-09-27 14:28:12 - ROBOTY.collision - WARNING - Коллизия: роботы 1 и 2 в 30.00s, расстояние: 0.498, требуется: 0.500
2025-09-27 14:28:12 - ROBOTY.collision - WARNING - Коллизия: роботы 1 и 2 в 30.10s, расстояние: 0.498, требуется: 0.500
2025-09-27 14:28:12 - ROBOTY.collision - WARNING - Коллизия: роботы 1 и 2 в 30.20s, расстояние: 0.498, требуется: 0.500
2025-09-27 14:28:12 - ROBOTY.collision - WARNING - Коллизия: роботы 1 и 2 в 30.30s, расстояние: 0.498, требуется: 0.500
2025-09-27 14:28:12 - ROBOTY.collision - WARNING - Коллизия: роботы 1 и 2 в 30.40s, расстояние: 0.498, требуется: 0.500
2025-09-27 14:28:12 - ROBOTY.collision - WARNING - Коллизия: роботы 1 и 2 в 30.50s, расстояние: 0.498, требуется: 0.500
2025-09-27 14:28:12 - ROBOTY.collision - WARNING - Коллизия: роботы 1 и 2 в 30.60s, расстояние: 0.498, требуется: 0.500
2025-09-27 14:28:12 - ROBOTY.collision - WARNING - Коллизия: роботы 1 и 2 в 30.70s, расстояние: 0.498, требуется: 0.500
2025-09-27 14:28:12 - ROBOTY.collision - WARNING - Коллизия: роботы 1 и 2 в 30.80s, расстояние: 0.498, требуется: 0.500
2025-09-27 14:28:12 - ROBOTY.collision - WARNING - Коллизия: роботы 1 и 2 в 30.90s, расстояние: 0.498, требуется: 0.500
2025-09-27 14:28:12 - ROBOTY.collision - WARNING - Коллизия: роботы 1 и 2 в 31.00s, расстояние: 0.498, требуется: 0.500
2025-09-27 14:28:12 - ROBOTY.collision - WARNING - Коллизия: роботы 1 и 2 в 31.10s, расстояние: 0.498, требуется: 0.500
2025-09-27 14:28:12 - ROBOTY.collision - WARNING - Коллизия: роботы 1 и 2 в 31.20s, расстояние: 0.498, требуется: 0.500
2025-09-27 14:28:12 - ROBOTY.collision - WARNING - Коллизия: роботы 1 и 2 в 31.30s, расстояние: 0.498, требуется: 0.500
2025-09-27 14:28:12 - ROBOTY.collision - WARNING - Коллизия: роботы 1 и 2 в 31.40s, расстояние: 0.498, требуется: 0.500
2025-09-27 14:28:12 - ROBOTY.collision - WARNING - Коллизия: роботы 1 и 2 в 31.50s, расстояние: 0.498, требуется: 0.500
2025-09-27 14:28:12 - ROBOTY.collision - WARNING - Коллизия: роботы 1 и 2 в 31.60s, расстояние: 0.498, требуется: 0.500
2025-09-27 14:28:12 - ROBOTY.collision - WARNING - Коллизия: роботы 1 и 2 в 31.70s, расстояние: 0.498, требуется: 0.500
2025-09-27 14:28:12 - ROBOTY.collision - WARNING - Коллизия: роботы 1 и 2 в 31.80s, расстояние: 0.498, требуется: 0.500
2025-09-27 14:28:12 - ROBOTY.collision - WARNING - Коллизия: роботы 1 и 2 в 31.90s, расстояние: 0.498, требуется: 0.500
2025-09-27 14:28:12 - ROBOTY.collision - WARNING - Коллизия: роботы 1 и 2 в 32.00s, расстояние: 0.498, требуется: 0.500
2025-09-27 14:28:12 - ROBOTY.collision - WARNING - Коллизия: роботы 1 и 2 в 32.10s, расстояние: 0.498, требуется: 0.500
2025-09-27 14:28:12 - ROBOTY.collision - WARNING - Коллизия: роботы 1 и 2 в 32.20s, расстояние: 0.498, требуется: 0.500
2025-09-27 14:28:12 - ROBOTY.collision - WARNING - Коллизия: роботы 1 и 2 в 32.30s, расстояние: 0.498, требуется: 0.500
2025-09-27 14:28:12 - ROBOTY.collision - WARNING - Коллизия: роботы 1 и 2 в 32.40s, расстояние: 0.498, требуется: 0.500
2025-09-27 14:28:12 - ROBOTY.collision - WARNING - Коллизия: роботы 1 и 2 в 32.50s, расстояние: 0.498, требуется: 0.500
2025-09-27 14:28:12 - ROBOTY.collision - WARNING - Коллизия: роботы 1 и 2 в 32.60s, расстояние: 0.498, требуется: 0.500
2025-09-27 14:28:12 - ROBOTY.collision - WARNING - Коллизия: роботы 1 и 2 в 32.70s, расстояние: 0.498, требуется: 0.500
2025-09-27 14:28:12 - ROBOTY.collision - WARNING - Коллизия: роботы 1 и 2 в 32.80s, расстояние: 0.498, требуется: 0.500
2025-09-27 14:28:12 - ROBOTY.collision - WARNING - Коллизия: роботы 1 и 2 в 32.90s, расстояние: 0.498, требуется: 0.500
2025-09-27 14:28:12 - ROBOTY.collision - WARNING - Коллизия: роботы 1 и 2 в 33.00s, расстояние: 0.498, требуется: 0.500
2025-09-27 14:28:12 - ROBOTY.collision - WARNING - Коллизия: роботы 1 и 2 в 33.10s, расстояние: 0.498, требуется: 0.500
2025-09-27 14:28:12 - ROBOTY.collision - WARNING - Коллизия: роботы 1 и 2 в 33.20s, расстояние: 0.498, требуется: 0.500
2025-09-27 14:28:12 - ROBOTY.collision - WARNING - Коллизия: роботы 1 и 2 в 33.30s, расстояние: 0.498, требуется: 0.500
2025-09-27 14:28:12 - ROBOTY.collision - WARNING - Коллизия: роботы 1 и 2 в 33.40s, расстояние: 0.498, требуется: 0.500
2025-09-27 14:28:12 - ROBOTY.collision - WARNING - Коллизия: роботы 1 и 2 в 33.50s, расстояние: 0.498, требуется: 0.500
2025-09-27 14:28:12 - ROBOTY.collision - WARNING - Коллизия: роботы 1 и 2 в 33.60s, расстояние: 0.498, требуется: 0.500
2025-09-27 14:28:12 - ROBOTY.collision - WARNING - Коллизия: роботы 1 и 2 в 33.70s, расстояние: 0.498, требуется: 0.500
2025-09-27 14:28:12 - ROBOTY.collision - WARNING - Коллизия: роботы 1 и 2 в 33.80s, расстояние: 0.498, требуется: 0.500
2025-09-27 14:28:12 - ROBOTY.collision - WARNING - Коллизия: роботы 1 и 2 в 33.90s, расстояние: 0.498, требуется: 0.500
2025-09-27 14:28:12 - ROBOTY.collision - WARNING - Коллизия: роботы 1 и 2 в 34.00s, расстояние: 0.498, требуется: 0.500
2025-09-27 14:28:12 - ROBOTY.collision - WARNING - Коллизия: роботы 1 и 2 в 34.10s, расстояние: 0.498, требуется: 0.500
2025-09-27 14:28:12 - ROBOTY.collision - WARNING - Коллизия: роботы 1 и 2 в 34.20s, расстояние: 0.498, требуется: 0.500
2025-09-27 14:28:12 - ROBOTY.collision - WARNING - Коллизия: роботы 1 и 2 в 34.30s, расстояние: 0.498, требуется: 0.500
2025-09-27 14:28:12 - ROBOTY.collision - WARNING - Коллизия: роботы 1 и 2 в 34.40s, расстояние: 0.498, требуется: 0.500
2025-09-27 14:28:12 - ROBOTY.collision - WARNING - Коллизия: роботы 1 и 2 в 34.50s, расстояние: 0.498, требуется: 0.500
2025-09-27 14:28:12 - ROBOTY.collision - WARNING - Коллизия: роботы 1 и 2 в 34.60s, расстояние: 0.498, требуется: 0.500
2025-09-27 14:28:12 - ROBOTY.collision - WARNING - Коллизия: роботы 1 и 2 в 34.70s, расстояние: 0.498, требуется: 0.500
2025-09-27 14:28:12 - ROBOTY.collision - WARNING - Коллизия: роботы 1 и 2 в 34.80s, расстояние: 0.498, требуется: 0.500
2025-09-27 14:28:12 - ROBOTY.collision - WARNING - Коллизия: роботы 1 и 2 в 34.90s, расстояние: 0.498, требуется: 0.500
2025-09-27 14:28:12 - ROBOTY.collision - WARNING - Коллизия: роботы 1 и 2 в 35.00s, расстояние: 0.498, требуется: 0.500
2025-09-27 14:28:12 - ROBOTY.collision - WARNING - Коллизия: роботы 1 и 2 в 35.10s, расстояние: 0.498, требуется: 0.500
2025-09-27 14:28:12 - ROBOTY.collision - WARNING - Коллизия: роботы 1 и 2 в 35.20s, расстояние: 0.498, требуется: 0.500
2025-09-27 14:28:12 - ROBOTY.collision - WARNING - Коллизия: роботы 1 и 2 в 35.30s, расстояние: 0.498, требуется: 0.500
2025-09-27 14:28:12 - ROBOTY.collision - WARNING - Коллизия: роботы 1 и 2 в 35.40s, расстояние: 0.498, требуется: 0.500
2025-09-27 14:28:12 - ROBOTY.collision - WARNING - Коллизия: роботы 1 и 2 в 35.50s, расстояние: 0.498, требуется: 0.500
2025-09-27 14:28:12 - ROBOTY.collision - WARNING - Коллизия: роботы 1 и 2 в 35.60s, расстояние: 0.498, требуется: 0.500
2025-09-27 14:28:12 - ROBOTY.collision - WARNING - Коллизия: роботы 1 и 2 в 35.70s, расстояние: 0.498, требуется: 0.500
2025-09-27 14:28:12 - ROBOTY.collision - WARNING - Коллизия: роботы 1 и 2 в 35.80s, расстояние: 0.498, требуется: 0.500
2025-09-27 14:28:12 - ROBOTY.collision - WARNING - Коллизия: роботы 1 и 2 в 35.90s, расстояние: 0.498, требуется: 0.500
2025-09-27 14:28:12 - ROBOTY.collision - WARNING - Коллизия: роботы 1 и 2 в 36.00s, расстояние: 0.498, требуется: 0.500
2025-09-27 14:28:12 - ROBOTY.collision - WARNING - Коллизия: роботы 1 и 2 в 36.10s, расстояние: 0.498, требуется: 0.500
2025-09-27 14:28:12 - ROBOTY.collision - WARNING - Коллизия: роботы 1 и 2 в 36.20s, расстояние: 0.498, требуется: 0.500
2025-09-27 14:28:12 - ROBOTY.collision - WARNING - Коллизия: роботы 1 и 2 в 36.30s, расстояние: 0.498, требуется: 0.500
2025-09-27 14:28:12 - ROBOTY.collision - WARNING - Коллизия: роботы 1 и 2 в 36.40s, расстояние: 0.498, требуется: 0.500
2025-09-27 14:28:12 - ROBOTY.collision - WARNING - Коллизия: роботы 1 и 2 в 36.50s, расстояние: 0.498, требуется: 0.500
2025-09-27 14:28:12 - ROBOTY.collision - WARNING - Коллизия: роботы 1 и 2 в 36.60s, расстояние: 0.498, требуется: 0.500
2025-09-27 14:28:12 - ROBOTY.collision - WARNING - Коллизия: роботы 1 и 2 в 36.70s, расстояние: 0.498, требуется: 0.500
2025-09-27 14:28:12 - ROBOTY.collision - WARNING - Коллизия: роботы 1 и 2 в 36.80s, расстояние: 0.498, требуется: 0.500
2025-09-27 14:28:12 - ROBOTY.collision - WARNING - Коллизия: роботы 1 и 2 в 36.90s, расстояние: 0.498, требуется: 0.500
2025-09-27 14:28:12 - ROBOTY.collision - WARNING - Коллизия: роботы 1 и 2 в 37.00s, расстояние: 0.498, требуется: 0.500
2025-09-27 14:28:12 - ROBOTY.collision - WARNING - Коллизия: роботы 1 и 2 в 37.10s, расстояние: 0.498, требуется: 0.500
2025-09-27 14:28:12 - ROBOTY.collision - WARNING - Коллизия: роботы 1 и 2 в 37.20s, расстояние: 0.498, требуется: 0.500
2025-09-27 14:28:12 - ROBOTY.collision - WARNING - Коллизия: роботы 1 и 2 в 37.30s, расстояние: 0.498, требуется: 0.500
2025-09-27 14:28:12 - ROBOTY.collision - WARNING - Коллизия: роботы 1 и 2 в 37.40s, расстояние: 0.498, требуется: 0.500
2025-09-27 14:28:12 - ROBOTY.collision - WARNING - Коллизия: роботы 1 и 2 в 37.50s, расстояние: 0.498, требуется: 0.500
2025-09-27 14:28:12 - ROBOTY.collision - WARNING - Коллизия: роботы 1 и 2 в 37.60s, расстояние: 0.498, требуется: 0.500
2025-09-27 14:28:12 - ROBOTY.collision - WARNING - Коллизия: роботы 1 и 2 в 37.70s, расстояние: 0.498, требуется: 0.500
2025-09-27 14:28:12 - ROBOTY.collision - WARNING - Коллизия: роботы 1 и 2 в 37.80s, расстояние: 0.498, требуется: 0.500
2025-09-27 14:28:12 - ROBOTY.collision - WARNING - Коллизия: роботы 1 и 2 в 37.90s, расстояние: 0.498, требуется: 0.500
2025-09-27 14:28:12 - ROBOTY.collision - WARNING - Коллизия: роботы 1 и 2 в 38.00s, расстояние: 0.498, требуется: 0.500
2025-09-27 14:28:12 - ROBOTY.collision - WARNING - Коллизия: роботы 1 и 2 в 38.10s, расстояние: 0.498, требуется: 0.500
2025-09-27 14:28:12 - ROBOTY.collision - WARNING - Коллизия: роботы 1 и 2 в 38.20s, расстояние: 0.498, требуется: 0.500
2025-09-27 14:28:12 - ROBOTY.collision - WARNING - Коллизия: роботы 1 и 2 в 38.30s, расстояние: 0.498, требуется: 0.500
2025-09-27 14:28:12 - ROBOTY.collision - WARNING - Коллизия: роботы 1 и 2 в 38.40s, расстояние: 0.498, требуется: 0.500
2025-09-27 14:28:12 - ROBOTY.collision - WARNING - Коллизия: роботы 1 и 2 в 38.50s, расстояние: 0.498, требуется: 0.500
2025-09-27 14:28:12 - ROBOTY.collision - WARNING - Коллизия: роботы 1 и 2 в 38.60s, расстояние: 0.498, требуется: 0.500
2025-09-27 14:28:12 - ROBOTY.collision - WARNING - Коллизия: роботы 1 и 2 в 38.70s, расстояние: 0.498, требуется: 0.500
2025-09-27 14:28:12 - ROBOTY.collision - WARNING - Коллизия: роботы 1 и 2 в 38.80s, расстояние: 0.498, требуется: 0.500
2025-09-27 14:28:12 - ROBOTY.collision - WARNING - Коллизия: роботы 1 и 2 в 38.90s, расстояние: 0.498, требуется: 0.500
2025-09-27 14:28:12 - ROBOTY.collision - WARNING - Коллизия: роботы 1 и 2 в 39.00s, расстояние: 0.498, требуется: 0.500
2025-09-27 14:28:12 - ROBOTY.collision - WARNING - Коллизия: роботы 1 и 2 в 39.10s, расстояние: 0.498, требуется: 0.500
2025-09-27 14:28:12 - ROBOTY.collision - WARNING - Коллизия: роботы 1 и 2 в 39.20s, расстояние: 0.498, требуется: 0.500
2025-09-27 14:28:12 - ROBOTY.collision - WARNING - Коллизия: роботы 1 и 2 в 39.30s, расстояние: 0.498, требуется: 0.500
2025-09-27 14:28:12 - ROBOTY.collision - WARNING - Коллизия: роботы 1 и 2 в 39.40s, расстояние: 0.498, требуется: 0.500
2025-09-27 14:28:12 - ROBOTY.collision - WARNING - Коллизия: роботы 1 и 2 в 39.50s, расстояние: 0.498, требуется: 0.500
2025-09-27 14:28:12 - ROBOTY.collision - WARNING - Коллизия: роботы 1 и 2 в 39.60s, расстояние: 0.498, требуется: 0.500
2025-09-27 14:28:12 - ROBOTY.collision - WARNING - Коллизия: роботы 1 и 2 в 39.70s, расстояние: 0.498, требуется: 0.500
2025-09-27 14:28:12 - ROBOTY.collision - WARNING - Коллизия: роботы 1 и 2 в 39.80s, расстояние: 0.498, требуется: 0.500
2025-09-27 14:28:12 - ROBOTY.collision - WARNING - Коллизия: роботы 1 и 2 в 39.90s, расстояние: 0.498, требуется: 0.500
2025-09-27 14:28:12 - ROBOTY.collision - WARNING - Коллизия: роботы 1 и 2 в 40.00s, расстояние: 0.498, требуется: 0.500
2025-09-27 14:28:12 - ROBOTY.collision - WARNING - Коллизия: роботы 1 и 2 в 40.10s, расстояние: 0.498, требуется: 0.500
2025-09-27 14:28:12 - ROBOTY.collision - WARNING - Коллизия: роботы 1 и 2 в 40.20s, расстояние: 0.498, требуется: 0.500
2025-09-27 14:28:12 - ROBOTY.collision - WARNING - Коллизия: роботы 1 и 2 в 40.30s, расстояние: 0.498, требуется: 0.500
2025-09-27 14:28:12 - ROBOTY.collision - WARNING - Коллизия: роботы 1 и 2 в 40.40s, расстояние: 0.498, требуется: 0.500
2025-09-27 14:28:12 - ROBOTY.collision - WARNING - Коллизия: роботы 1 и 2 в 40.50s, расстояние: 0.498, требуется: 0.500
2025-09-27 14:28:12 - ROBOTY.collision - WARNING - Коллизия: роботы 1 и 2 в 40.60s, расстояние: 0.498, требуется: 0.500
2025-09-27 14:28:12 - ROBOTY.collision - WARNING - Коллизия: роботы 1 и 2 в 40.70s, расстояние: 0.498, требуется: 0.500
2025-09-27 14:28:12 - ROBOTY.collision - WARNING - Коллизия: роботы 1 и 2 в 40.80s, расстояние: 0.498, требуется: 0.500
2025-09-27 14:28:12 - ROBOTY.collision - WARNING - Коллизия: роботы 1 и 2 в 40.90s, расстояние: 0.498, требуется: 0.500
2025-09-27 14:28:12 - ROBOTY.collision - WARNING - Коллизия: роботы 1 и 2 в 41.00s, расстояние: 0.498, требуется: 0.500
2025-09-27 14:28:12 - ROBOTY.collision - WARNING - Коллизия: роботы 1 и 2 в 41.10s, расстояние: 0.498, требуется: 0.500
2025-09-27 14:28:12 - ROBOTY.collision - WARNING - Коллизия: роботы 1 и 2 в 41.20s, расстояние: 0.498, требуется: 0.500
2025-09-27 14:28:12 - ROBOTY.collision - WARNING - Коллизия: роботы 1 и 2 в 41.30s, расстояние: 0.498, требуется: 0.500
2025-09-27 14:28:12 - ROBOTY.collision - WARNING - Коллизия: роботы 1 и 2 в 41.40s, расстояние: 0.498, требуется: 0.500
2025-09-27 14:28:12 - ROBOTY.collision - WARNING - Коллизия: роботы 1 и 2 в 41.50s, расстояние: 0.498, требуется: 0.500
2025-09-27 14:28:12 - ROBOTY.collision - WARNING - Коллизия: роботы 1 и 2 в 41.60s, расстояние: 0.485, требуется: 0.500
2025-09-27 14:28:12 - ROBOTY.collision - WARNING - Коллизия: роботы 1 и 2 в 41.70s, расстояние: 0.461, требуется: 0.500
2025-09-27 14:28:12 - ROBOTY.collision - WARNING - Коллизия: роботы 1 и 2 в 41.80s, расстояние: 0.442, требуется: 0.500
2025-09-27 14:28:12 - ROBOTY.collision - WARNING - Коллизия: роботы 1 и 2 в 41.90s, расстояние: 0.428, требуется: 0.500
2025-09-27 14:28:12 - ROBOTY.collision - WARNING - Коллизия: роботы 1 и 2 в 42.00s, расстояние: 0.419, требуется: 0.500
2025-09-27 14:28:12 - ROBOTY.collision - WARNING - Коллизия: роботы 1 и 2 в 42.10s, расстояние: 0.418, требуется: 0.500
2025-09-27 14:28:12 - ROBOTY.collision - WARNING - Коллизия: роботы 1 и 2 в 42.20s, расстояние: 0.422, требуется: 0.500
2025-09-27 14:28:12 - ROBOTY.collision - WARNING - Коллизия: роботы 1 и 2 в 42.30s, расстояние: 0.433, требуется: 0.500
2025-09-27 14:28:12 - ROBOTY.collision - WARNING - Коллизия: роботы 1 и 2 в 42.40s, расстояние: 0.449, требуется: 0.500
2025-09-27 14:28:12 - ROBOTY.collision - WARNING - Коллизия: роботы 1 и 2 в 42.50s, расстояние: 0.470, требуется: 0.500
2025-09-27 14:28:12 - ROBOTY.collision - WARNING - Коллизия: роботы 1 и 2 в 42.60s, расстояние: 0.496, требуется: 0.500
2025-09-27 14:28:12 - ROBOTY.collision - WARNING - Коллизия: роботы 2 и 10 в 44.60s, расстояние: 0.484, требуется: 0.500
2025-09-27 14:28:12 - ROBOTY.collision - WARNING - Коллизия: роботы 2 и 10 в 44.70s, расстояние: 0.437, требуется: 0.500
2025-09-27 14:28:12 - ROBOTY.collision - WARNING - Коллизия: роботы 2 и 10 в 44.80s, расстояние: 0.400, требуется: 0.500
2025-09-27 14:28:12 - ROBOTY.collision - WARNING - Коллизия: роботы 2 и 10 в 44.90s, расстояние: 0.374, требуется: 0.500
2025-09-27 14:28:12 - ROBOTY.collision - WARNING - Коллизия: роботы 2 и 10 в 45.00s, расстояние: 0.364, требуется: 0.500
2025-09-27 14:28:12 - ROBOTY.collision - WARNING - Коллизия: роботы 2 и 10 в 45.10s, расстояние: 0.370, требуется: 0.500
2025-09-27 14:28:12 - ROBOTY.collision - WARNING - Коллизия: роботы 2 и 10 в 45.20s, расстояние: 0.391, требуется: 0.500
2025-09-27 14:28:12 - ROBOTY.collision - WARNING - Коллизия: роботы 2 и 10 в 45.30s, расстояние: 0.425, требуется: 0.500
2025-09-27 14:28:12 - ROBOTY.collision - WARNING - Коллизия: роботы 2 и 10 в 45.40s, расстояние: 0.470, требуется: 0.500
2025-09-27 14:28:12 - ROBOTY.collision - WARNING - Коллизия: роботы 2 и 10 в 49.80s, расстояние: 0.497, требуется: 0.500
2025-09-27 14:28:12 - ROBOTY.collision - WARNING - Коллизия: роботы 2 и 10 в 49.90s, расстояние: 0.472, требуется: 0.500
2025-09-27 14:28:12 - ROBOTY.collision - WARNING - Коллизия: роботы 2 и 10 в 50.00s, расстояние: 0.459, требуется: 0.500
2025-09-27 14:28:12 - ROBOTY.collision - WARNING - Коллизия: роботы 2 и 10 в 50.10s, расстояние: 0.458, требуется: 0.500
2025-09-27 14:28:12 - ROBOTY.collision - WARNING - Коллизия: роботы 2 и 10 в 50.20s, расстояние: 0.470, требуется: 0.500
2025-09-27 14:28:12 - ROBOTY.collision - WARNING - Коллизия: роботы 2 и 10 в 50.30s, расстояние: 0.494, требуется: 0.500
2025-09-27 14:28:12 - ROBOTY.collision - WARNING - Коллизия: роботы 2 и 7 в 52.30s, расстояние: 0.497, требуется: 0.500
2025-09-27 14:28:12 - ROBOTY.collision - WARNING - Коллизия: роботы 2 и 7 в 52.40s, расстояние: 0.487, требуется: 0.500
2025-09-27 14:28:12 - ROBOTY.collision - WARNING - Коллизия: роботы 2 и 7 в 52.50s, расстояние: 0.490, требуется: 0.500
2025-09-27 14:28:12 - ROBOTY.collision - WARNING - Коллизия: роботы 6 и 9 в 62.00s, расстояние: 0.422, требуется: 0.500
2025-09-27 14:28:12 - ROBOTY.collision - WARNING - Коллизия: роботы 6 и 9 в 62.10s, расстояние: 0.387, требуется: 0.500
2025-09-27 14:28:12 - ROBOTY.collision - WARNING - Коллизия: роботы 6 и 9 в 62.20s, расстояние: 0.410, требуется: 0.500
2025-09-27 14:28:12 - ROBOTY.collision - WARNING - Коллизия: роботы 6 и 9 в 62.30s, расстояние: 0.482, требуется: 0.500
2025-09-27 14:28:12 - ROBOTY.collision - ERROR - Обнаружено 236 коллизий
2025-09-27 14:28:12 - ROBOTY.main - WARNING - Коллизии сохраняются после вставки пауз
2025-09-27 14:28:13 - ROBOTY.main - INFO - Запуск десктопного 3D Viewer
2025-09-27 14:28:13 - ROBOTY.3d_viewer - ERROR - Ошибка создания WebView: module 'PySide6.QtWebEngineWidgets' has no attribute 'QWebEngineSettings'
2025-09-27 14:28:13 - ROBOTY.3d_viewer - INFO - Получены данные плана: 10 роботов
2025-09-27 14:28:13 - ROBOTY.3d_viewer - INFO - Начинаем генерацию 3D визуализации
2025-09-27 14:28:13 - ROBOTY.3d_viewer - INFO - Тип визуализации: 3d_desktop
2025-09-27 14:28:13 - ROBOTY.3d_viewer - INFO - Количество роботов: 10
2025-09-27 14:28:13 - ROBOTY.3d_viewer - INFO - Применены агрессивные оптимизации для большой сцены
2025-09-27 14:28:13 - ROBOTY.3d_viewer - INFO - Применены максимальные оптимизации для очень большой сцены
2025-09-27 14:28:13 - ROBOTY.visualizer - INFO - Запуск визуализации типа: 3d_desktop
2025-09-27 14:28:13 - ROBOTY.visualizer - INFO - Создание десктопной 3D визуализации с точечным воспроизведением
2025-09-27 14:28:13 - ROBOTY.mesh_loader - INFO - Hand definition загружен: assets/robots/hand_ultra_simple_hand_def.txt, вершин=85, сегментов=247, точек=0
2025-09-27 14:28:13 - ROBOTY.mesh_loader - INFO - Hand definition загружен: assets/robots/hand_ultra_simple_hand_def.txt, вершин=85, сегментов=247, точек=0
2025-09-27 14:28:13 - ROBOTY.mesh_loader - INFO - Hand definition загружен: assets/robots/hand_ultra_simple_hand_def.txt, вершин=85, сегментов=247, точек=0
2025-09-27 14:28:14 - ROBOTY.mesh_loader - INFO - Hand definition загружен: assets/robots/hand_ultra_simple_hand_def.txt, вершин=85, сегментов=247, точек=0
2025-09-27 14:28:14 - ROBOTY.mesh_loader - INFO - Hand definition загружен: assets/robots/hand_ultra_simple_hand_def.txt, вершин=85, сегментов=247, точек=0
2025-09-27 14:28:14 - ROBOTY.mesh_loader - INFO - Hand definition загружен: assets/robots/hand_ultra_simple_hand_def.txt, вершин=85, сегментов=247, точек=0
2025-09-27 14:28:14 - ROBOTY.mesh_loader - INFO - Hand definition загружен: assets/robots/hand_ultra_simple_hand_def.txt, вершин=85, сегментов=247, точек=0
2025-09-27 14:28:14 - ROBOTY.mesh_loader - INFO - Hand definition загружен: assets/robots/hand_ultra_simple_hand_def.txt, вершин=85, сегментов=247, точек=0
2025-09-27 14:28:14 - ROBOTY.mesh_loader - INFO - Hand definition загружен: assets/robots/hand_ultra_simple_hand_def.txt, вершин=85, сегментов=247, точек=0
2025-09-27 14:28:14 - ROBOTY.mesh_loader - INFO - Hand definition загружен: assets/robots/hand_ultra_simple_hand_def.txt, вершин=85, сегментов=247, точек=0
2025-09-27 14:28:14 - ROBOTY.visualizer - INFO - Десктопная 3D визуализация создана
2025-09-27 14:28:14 - ROBOTY.3d_viewer - INFO - WebEngine недоступен, открываем в браузере
2025-09-27 14:28:14 - ROBOTY.3d_viewer - INFO - 3D визуализация успешно сгенерирована
2025-09-27 14:28:14 - ROBOTY.3d_viewer - INFO - 3D Viewer инициализирован
2025-09-27 14:28:14 - ROBOTY.main - INFO - Десктопный 3D Viewer успешно запущен
2025-09-27 14:28:24 - ROBOTY.3d_viewer - INFO - Закрытие 3D Viewer
2025-09-27 14:28:24 - ROBOTY.3d_viewer - INFO - Временный HTML файл удален
