2025-09-27 14:00:48 - ROBOTY.main - INFO - Запуск приложения ROBOTY
2025-09-27 14:00:48 - ROBOTY.main - INFO - Применена тема: dark
2025-09-27 14:00:48 - ROBOTY.main - INFO - Интерфейс инициализирован
2025-09-27 14:00:48 - ROBOTY.main - INFO - Приложение успешно запущено
2025-09-27 14:00:55 - ROBOTY.main - INFO - Создан входной файл: C:\Users\22200490\.cursor\ROBOTY-main\data\input_20250927_140050.json
2025-09-27 14:00:55 - ROBOTY.parser - INFO - Начинаем загрузку файла: C:\Users\22200490\.cursor\ROBOTY-main\data\input_20250927_140050.json
2025-09-27 14:00:55 - ROBOTY.parser - INFO - Файл C:\Users\22200490\.cursor\ROBOTY-main\data\input_20250927_140050.json успешно загружен
2025-09-27 14:00:55 - ROBOTY.parser - DEBUG - Робот 1 успешно загружен
2025-09-27 14:00:55 - ROBOTY.parser - DEBUG - Робот 2 успешно загружен
2025-09-27 14:00:55 - ROBOTY.parser - DEBUG - Робот 3 успешно загружен
2025-09-27 14:00:55 - ROBOTY.parser - DEBUG - Робот 4 успешно загружен
2025-09-27 14:00:55 - ROBOTY.parser - DEBUG - Робот 5 успешно загружен
2025-09-27 14:00:55 - ROBOTY.parser - DEBUG - Робот 6 успешно загружен
2025-09-27 14:00:55 - ROBOTY.parser - DEBUG - Робот 7 успешно загружен
2025-09-27 14:00:55 - ROBOTY.parser - DEBUG - Робот 8 успешно загружен
2025-09-27 14:00:55 - ROBOTY.parser - DEBUG - Робот 9 успешно загружен
2025-09-27 14:00:55 - ROBOTY.parser - DEBUG - Робот 10 успешно загружен
2025-09-27 14:00:55 - ROBOTY.parser - DEBUG - Операция 1 успешно загружена
2025-09-27 14:00:55 - ROBOTY.parser - DEBUG - Операция 2 успешно загружена
2025-09-27 14:00:55 - ROBOTY.parser - DEBUG - Операция 3 успешно загружена
2025-09-27 14:00:55 - ROBOTY.parser - DEBUG - Операция 4 успешно загружена
2025-09-27 14:00:55 - ROBOTY.parser - DEBUG - Операция 5 успешно загружена
2025-09-27 14:00:55 - ROBOTY.parser - DEBUG - Операция 6 успешно загружена
2025-09-27 14:00:55 - ROBOTY.parser - DEBUG - Операция 7 успешно загружена
2025-09-27 14:00:55 - ROBOTY.parser - DEBUG - Операция 8 успешно загружена
2025-09-27 14:00:55 - ROBOTY.parser - DEBUG - Операция 9 успешно загружена
2025-09-27 14:00:55 - ROBOTY.parser - DEBUG - Операция 10 успешно загружена
2025-09-27 14:00:55 - ROBOTY.parser - DEBUG - Операция 11 успешно загружена
2025-09-27 14:00:55 - ROBOTY.parser - DEBUG - Операция 12 успешно загружена
2025-09-27 14:00:55 - ROBOTY.parser - DEBUG - Операция 13 успешно загружена
2025-09-27 14:00:55 - ROBOTY.parser - DEBUG - Операция 14 успешно загружена
2025-09-27 14:00:55 - ROBOTY.parser - DEBUG - Операция 15 успешно загружена
2025-09-27 14:00:55 - ROBOTY.parser - DEBUG - Операция 16 успешно загружена
2025-09-27 14:00:55 - ROBOTY.parser - DEBUG - Операция 17 успешно загружена
2025-09-27 14:00:55 - ROBOTY.parser - DEBUG - Операция 18 успешно загружена
2025-09-27 14:00:55 - ROBOTY.parser - DEBUG - Операция 19 успешно загружена
2025-09-27 14:00:55 - ROBOTY.parser - DEBUG - Операция 20 успешно загружена
2025-09-27 14:00:55 - ROBOTY.parser - DEBUG - Операция 21 успешно загружена
2025-09-27 14:00:55 - ROBOTY.parser - DEBUG - Операция 22 успешно загружена
2025-09-27 14:00:55 - ROBOTY.parser - DEBUG - Операция 23 успешно загружена
2025-09-27 14:00:55 - ROBOTY.parser - DEBUG - Операция 24 успешно загружена
2025-09-27 14:00:55 - ROBOTY.parser - DEBUG - Операция 25 успешно загружена
2025-09-27 14:00:55 - ROBOTY.parser - DEBUG - Операция 26 успешно загружена
2025-09-27 14:00:55 - ROBOTY.parser - DEBUG - Операция 27 успешно загружена
2025-09-27 14:00:55 - ROBOTY.parser - DEBUG - Операция 28 успешно загружена
2025-09-27 14:00:55 - ROBOTY.parser - DEBUG - Операция 29 успешно загружена
2025-09-27 14:00:55 - ROBOTY.parser - DEBUG - Операция 30 успешно загружена
2025-09-27 14:00:55 - ROBOTY.parser - INFO - Загружено 10 роботов и 30 операций
2025-09-27 14:00:58 - ROBOTY.main - INFO - Запуск планировщика
2025-09-27 14:00:58 - ROBOTY.planner - INFO - Запуск планировщика траекторий
2025-09-27 14:00:58 - ROBOTY.assigner - INFO - Начинаем назначение операций методом: balanced
2025-09-27 14:00:58 - ROBOTY.assigner - DEBUG - Операция 0 назначена роботу 9 (нагрузка: 6.00)
2025-09-27 14:00:58 - ROBOTY.assigner - DEBUG - Операция 1 назначена роботу 1 (нагрузка: 6.96)
2025-09-27 14:00:58 - ROBOTY.assigner - DEBUG - Операция 2 назначена роботу 4 (нагрузка: 5.25)
2025-09-27 14:00:58 - ROBOTY.assigner - DEBUG - Операция 3 назначена роботу 3 (нагрузка: 9.34)
2025-09-27 14:00:58 - ROBOTY.assigner - DEBUG - Операция 4 назначена роботу 6 (нагрузка: 12.75)
2025-09-27 14:00:58 - ROBOTY.assigner - DEBUG - Операция 5 назначена роботу 0 (нагрузка: 7.39)
2025-09-27 14:00:58 - ROBOTY.assigner - DEBUG - Операция 6 назначена роботу 5 (нагрузка: 6.52)
2025-09-27 14:00:58 - ROBOTY.assigner - DEBUG - Операция 7 назначена роботу 2 (нагрузка: 8.28)
2025-09-27 14:00:58 - ROBOTY.assigner - DEBUG - Операция 8 назначена роботу 7 (нагрузка: 12.51)
2025-09-27 14:00:58 - ROBOTY.assigner - DEBUG - Операция 9 назначена роботу 8 (нагрузка: 8.34)
2025-09-27 14:00:58 - ROBOTY.assigner - DEBUG - Операция 10 назначена роботу 4 (нагрузка: 15.50)
2025-09-27 14:00:58 - ROBOTY.assigner - DEBUG - Операция 11 назначена роботу 1 (нагрузка: 13.67)
2025-09-27 14:00:58 - ROBOTY.assigner - DEBUG - Операция 12 назначена роботу 9 (нагрузка: 16.67)
2025-09-27 14:00:58 - ROBOTY.assigner - DEBUG - Операция 13 назначена роботу 3 (нагрузка: 19.91)
2025-09-27 14:00:58 - ROBOTY.assigner - DEBUG - Операция 14 назначена роботу 0 (нагрузка: 19.03)
2025-09-27 14:00:58 - ROBOTY.assigner - DEBUG - Операция 15 назначена роботу 5 (нагрузка: 20.86)
2025-09-27 14:00:58 - ROBOTY.assigner - DEBUG - Операция 16 назначена роботу 2 (нагрузка: 17.90)
2025-09-27 14:00:58 - ROBOTY.assigner - DEBUG - Операция 17 назначена роботу 8 (нагрузка: 20.48)
2025-09-27 14:00:58 - ROBOTY.assigner - DEBUG - Операция 18 назначена роботу 1 (нагрузка: 22.06)
2025-09-27 14:00:58 - ROBOTY.assigner - DEBUG - Операция 19 назначена роботу 4 (нагрузка: 24.92)
2025-09-27 14:00:58 - ROBOTY.assigner - DEBUG - Операция 20 назначена роботу 6 (нагрузка: 20.88)
2025-09-27 14:00:58 - ROBOTY.assigner - DEBUG - Операция 21 назначена роботу 9 (нагрузка: 26.76)
2025-09-27 14:00:58 - ROBOTY.assigner - DEBUG - Операция 22 назначена роботу 3 (нагрузка: 30.43)
2025-09-27 14:00:58 - ROBOTY.assigner - DEBUG - Операция 23 назначена роботу 7 (нагрузка: 23.45)
2025-09-27 14:00:58 - ROBOTY.assigner - DEBUG - Операция 24 назначена роботу 2 (нагрузка: 28.11)
2025-09-27 14:00:58 - ROBOTY.assigner - DEBUG - Операция 25 назначена роботу 0 (нагрузка: 31.56)
2025-09-27 14:00:58 - ROBOTY.assigner - DEBUG - Операция 26 назначена роботу 5 (нагрузка: 29.08)
2025-09-27 14:00:58 - ROBOTY.assigner - DEBUG - Операция 27 назначена роботу 8 (нагрузка: 30.14)
2025-09-27 14:00:58 - ROBOTY.assigner - DEBUG - Операция 28 назначена роботу 6 (нагрузка: 27.16)
2025-09-27 14:00:58 - ROBOTY.assigner - DEBUG - Операция 29 назначена роботу 1 (нагрузка: 28.53)
2025-09-27 14:00:58 - ROBOTY.assigner - INFO - Распределено 30 операций с балансировкой нагрузки
2025-09-27 14:00:58 - ROBOTY.assigner - INFO - Итоговые нагрузки роботов: ['31.56', '28.53', '28.11', '30.43', '24.92', '29.08', '27.16', '23.45', '30.14', '26.76']
2025-09-27 14:00:58 - ROBOTY.assigner - INFO - Робот 0: 3 операций, нагрузка 31.56
2025-09-27 14:00:58 - ROBOTY.assigner - INFO - Робот 1: 4 операций, нагрузка 28.53
2025-09-27 14:00:58 - ROBOTY.assigner - INFO - Робот 2: 3 операций, нагрузка 28.11
2025-09-27 14:00:58 - ROBOTY.assigner - INFO - Робот 3: 3 операций, нагрузка 30.43
2025-09-27 14:00:58 - ROBOTY.assigner - INFO - Робот 4: 3 операций, нагрузка 24.92
2025-09-27 14:00:58 - ROBOTY.assigner - INFO - Робот 5: 3 операций, нагрузка 29.08
2025-09-27 14:00:58 - ROBOTY.assigner - INFO - Робот 6: 3 операций, нагрузка 27.16
2025-09-27 14:00:58 - ROBOTY.assigner - INFO - Робот 7: 2 операций, нагрузка 23.45
2025-09-27 14:00:58 - ROBOTY.assigner - INFO - Робот 8: 3 операций, нагрузка 30.14
2025-09-27 14:00:58 - ROBOTY.assigner - INFO - Робот 9: 3 операций, нагрузка 26.76
2025-09-27 14:00:58 - ROBOTY.planner - INFO - Операции назначены методом: balanced
2025-09-27 14:00:58 - ROBOTY.planner - INFO - Планирование траектории для робота 1 (ID: 1) с 3 операциями
2025-09-27 14:00:58 - ROBOTY.planner - DEBUG - Планирование траектории для робота с 3 операциями
2025-09-27 14:00:58 - ROBOTY.planner - DEBUG - Операция 1 запланирована, время завершения: 9.17
2025-09-27 14:00:58 - ROBOTY.planner - DEBUG - Операция 2 запланирована, время завершения: 24.55
2025-09-27 14:00:58 - ROBOTY.planner - DEBUG - Операция 3 запланирована, время завершения: 37.21
2025-09-27 14:00:58 - ROBOTY.planner - INFO - Траектория робота запланирована, общее время: 37.21
2025-09-27 14:00:58 - ROBOTY.planner - INFO - Робот 1: траектория содержит 72 точек
2025-09-27 14:00:58 - ROBOTY.planner - INFO - Планирование траектории для робота 2 (ID: 2) с 4 операциями
2025-09-27 14:00:58 - ROBOTY.planner - DEBUG - Планирование траектории для робота с 4 операциями
2025-09-27 14:00:58 - ROBOTY.planner - DEBUG - Операция 1 запланирована, время завершения: 8.39
2025-09-27 14:00:58 - ROBOTY.planner - DEBUG - Операция 2 запланирована, время завершения: 20.54
2025-09-27 14:00:58 - ROBOTY.planner - DEBUG - Операция 3 запланирована, время завершения: 32.48
2025-09-27 14:00:58 - ROBOTY.planner - DEBUG - Операция 4 запланирована, время завершения: 39.21
2025-09-27 14:00:58 - ROBOTY.planner - INFO - Траектория робота запланирована, общее время: 39.21
2025-09-27 14:00:58 - ROBOTY.planner - INFO - Робот 2: траектория содержит 96 точек
2025-09-27 14:00:58 - ROBOTY.planner - INFO - Планирование траектории для робота 3 (ID: 3) с 3 операциями
2025-09-27 14:00:58 - ROBOTY.planner - DEBUG - Планирование траектории для робота с 3 операциями
2025-09-27 14:00:58 - ROBOTY.planner - DEBUG - Операция 1 запланирована, время завершения: 9.93
2025-09-27 14:00:58 - ROBOTY.planner - DEBUG - Операция 2 запланирована, время завершения: 21.98
2025-09-27 14:00:58 - ROBOTY.planner - DEBUG - Операция 3 запланирована, время завершения: 35.03
2025-09-27 14:00:58 - ROBOTY.planner - INFO - Траектория робота запланирована, общее время: 35.03
2025-09-27 14:00:58 - ROBOTY.planner - INFO - Робот 3: траектория содержит 72 точек
2025-09-27 14:00:58 - ROBOTY.planner - INFO - Планирование траектории для робота 4 (ID: 4) с 3 операциями
2025-09-27 14:00:58 - ROBOTY.planner - DEBUG - Планирование траектории для робота с 3 операциями
2025-09-27 14:00:58 - ROBOTY.planner - DEBUG - Операция 1 запланирована, время завершения: 11.04
2025-09-27 14:00:58 - ROBOTY.planner - DEBUG - Операция 2 запланирована, время завершения: 25.81
2025-09-27 14:00:58 - ROBOTY.planner - DEBUG - Операция 3 запланирована, время завершения: 41.91
2025-09-27 14:00:58 - ROBOTY.planner - INFO - Траектория робота запланирована, общее время: 41.91
2025-09-27 14:00:58 - ROBOTY.planner - INFO - Робот 4: траектория содержит 72 точек
2025-09-27 14:00:58 - ROBOTY.planner - INFO - Планирование траектории для робота 5 (ID: 5) с 3 операциями
2025-09-27 14:00:58 - ROBOTY.planner - DEBUG - Планирование траектории для робота с 3 операциями
2025-09-27 14:00:58 - ROBOTY.planner - DEBUG - Операция 1 запланирована, время завершения: 7.44
2025-09-27 14:00:58 - ROBOTY.planner - DEBUG - Операция 2 запланирована, время завершения: 21.49
2025-09-27 14:00:58 - ROBOTY.planner - DEBUG - Операция 3 запланирована, время завершения: 29.61
2025-09-27 14:00:58 - ROBOTY.planner - INFO - Траектория робота запланирована, общее время: 29.61
2025-09-27 14:00:58 - ROBOTY.planner - INFO - Робот 5: траектория содержит 72 точек
2025-09-27 14:00:58 - ROBOTY.planner - INFO - Планирование траектории для робота 6 (ID: 6) с 3 операциями
2025-09-27 14:00:58 - ROBOTY.planner - DEBUG - Планирование траектории для робота с 3 операциями
2025-09-27 14:00:58 - ROBOTY.planner - DEBUG - Операция 1 запланирована, время завершения: 8.44
2025-09-27 14:00:58 - ROBOTY.planner - DEBUG - Операция 2 запланирована, время завершения: 27.39
2025-09-27 14:00:58 - ROBOTY.planner - DEBUG - Операция 3 запланирована, время завершения: 36.90
2025-09-27 14:00:58 - ROBOTY.planner - INFO - Траектория робота запланирована, общее время: 36.90
2025-09-27 14:00:58 - ROBOTY.planner - INFO - Робот 6: траектория содержит 72 точек
2025-09-27 14:00:58 - ROBOTY.planner - INFO - Планирование траектории для робота 7 (ID: 7) с 3 операциями
2025-09-27 14:00:58 - ROBOTY.planner - DEBUG - Планирование траектории для робота с 3 операциями
2025-09-27 14:00:58 - ROBOTY.planner - DEBUG - Операция 1 запланирована, время завершения: 14.58
2025-09-27 14:00:58 - ROBOTY.planner - DEBUG - Операция 2 запланирована, время завершения: 25.60
2025-09-27 14:00:58 - ROBOTY.planner - DEBUG - Операция 3 запланирована, время завершения: 33.26
2025-09-27 14:00:58 - ROBOTY.planner - INFO - Траектория робота запланирована, общее время: 33.26
2025-09-27 14:00:58 - ROBOTY.planner - INFO - Робот 7: траектория содержит 72 точек
2025-09-27 14:00:58 - ROBOTY.planner - INFO - Планирование траектории для робота 8 (ID: 8) с 2 операциями
2025-09-27 14:00:58 - ROBOTY.planner - DEBUG - Планирование траектории для робота с 2 операциями
2025-09-27 14:00:58 - ROBOTY.planner - DEBUG - Операция 1 запланирована, время завершения: 14.35
2025-09-27 14:00:58 - ROBOTY.planner - DEBUG - Операция 2 запланирована, время завершения: 31.00
2025-09-27 14:00:58 - ROBOTY.planner - INFO - Траектория робота запланирована, общее время: 31.00
2025-09-27 14:00:58 - ROBOTY.planner - INFO - Робот 8: траектория содержит 48 точек
2025-09-27 14:00:58 - ROBOTY.planner - INFO - Планирование траектории для робота 9 (ID: 9) с 3 операциями
2025-09-27 14:00:58 - ROBOTY.planner - DEBUG - Планирование траектории для робота с 3 операциями
2025-09-27 14:00:58 - ROBOTY.planner - DEBUG - Операция 1 запланирована, время завершения: 9.96
2025-09-27 14:00:58 - ROBOTY.planner - DEBUG - Операция 2 запланирована, время завершения: 21.76
2025-09-27 14:00:58 - ROBOTY.planner - DEBUG - Операция 3 запланирована, время завершения: 36.49
2025-09-27 14:00:58 - ROBOTY.planner - INFO - Траектория робота запланирована, общее время: 36.49
2025-09-27 14:00:58 - ROBOTY.planner - INFO - Робот 9: траектория содержит 72 точек
2025-09-27 14:00:58 - ROBOTY.planner - INFO - Планирование траектории для робота 10 (ID: 10) с 3 операциями
2025-09-27 14:00:58 - ROBOTY.planner - DEBUG - Планирование траектории для робота с 3 операциями
2025-09-27 14:00:58 - ROBOTY.planner - DEBUG - Операция 1 запланирована, время завершения: 8.15
2025-09-27 14:00:58 - ROBOTY.planner - DEBUG - Операция 2 запланирована, время завершения: 17.02
2025-09-27 14:00:58 - ROBOTY.planner - DEBUG - Операция 3 запланирована, время завершения: 33.76
2025-09-27 14:00:58 - ROBOTY.planner - INFO - Траектория робота запланирована, общее время: 33.76
2025-09-27 14:00:58 - ROBOTY.planner - INFO - Робот 10: траектория содержит 72 точек
2025-09-27 14:00:58 - ROBOTY.planner - INFO - Планирование завершено. Makespan: 41.91
2025-09-27 14:00:58 - ROBOTY.main - INFO - Планировщик успешно завершил работу
2025-09-27 14:00:58 - ROBOTY.collision - INFO - Начинаем детальную проверку коллизий
2025-09-27 14:00:58 - ROBOTY.collision - DEBUG - Проверяем коллизии в диапазоне времени: 0.00 - 41.91
2025-09-27 14:00:58 - ROBOTY.collision - WARNING - Коллизия: роботы 2 и 9 в 5.20s, расстояние: 0.488, требуется: 0.500
2025-09-27 14:00:58 - ROBOTY.collision - WARNING - Коллизия: роботы 2 и 9 в 5.30s, расстояние: 0.376, требуется: 0.500
2025-09-27 14:00:58 - ROBOTY.collision - WARNING - Коллизия: роботы 2 и 9 в 5.40s, расстояние: 0.304, требуется: 0.500
2025-09-27 14:00:58 - ROBOTY.collision - WARNING - Коллизия: роботы 2 и 9 в 5.50s, расстояние: 0.303, требуется: 0.500
2025-09-27 14:00:58 - ROBOTY.collision - WARNING - Коллизия: роботы 2 и 9 в 5.60s, расстояние: 0.380, требуется: 0.500
2025-09-27 14:00:59 - ROBOTY.collision - WARNING - Коллизия: роботы 3 и 9 в 12.90s, расстояние: 0.492, требуется: 0.500
2025-09-27 14:00:59 - ROBOTY.collision - WARNING - Коллизия: роботы 3 и 9 в 13.00s, расстояние: 0.446, требуется: 0.500
2025-09-27 14:00:59 - ROBOTY.collision - WARNING - Коллизия: роботы 3 и 9 в 13.10s, расстояние: 0.419, требуется: 0.500
2025-09-27 14:00:59 - ROBOTY.collision - WARNING - Коллизия: роботы 3 и 9 в 13.20s, расстояние: 0.410, требуется: 0.500
2025-09-27 14:00:59 - ROBOTY.collision - WARNING - Коллизия: роботы 3 и 9 в 13.30s, расстояние: 0.419, требуется: 0.500
2025-09-27 14:00:59 - ROBOTY.collision - WARNING - Коллизия: роботы 3 и 9 в 13.40s, расстояние: 0.444, требуется: 0.500
2025-09-27 14:00:59 - ROBOTY.collision - WARNING - Коллизия: роботы 3 и 9 в 13.50s, расстояние: 0.484, требуется: 0.500
2025-09-27 14:00:59 - ROBOTY.collision - ERROR - Обнаружено 12 коллизий
2025-09-27 14:00:59 - ROBOTY.main - WARNING - Обнаружено 12 коллизий, применяем онлайн-безопасность
2025-09-27 14:00:59 - ROBOTY.safety - INFO - Применяем онлайн-безопасность: вставка пауз при коллизиях
2025-09-27 14:00:59 - ROBOTY.collision - INFO - Начинаем детальную проверку коллизий
2025-09-27 14:00:59 - ROBOTY.collision - DEBUG - Проверяем коллизии в диапазоне времени: 0.00 - 41.91
2025-09-27 14:00:59 - ROBOTY.collision - WARNING - Коллизия: роботы 2 и 9 в 5.20s, расстояние: 0.488, требуется: 0.500
2025-09-27 14:00:59 - ROBOTY.collision - WARNING - Коллизия: роботы 2 и 9 в 5.25s, расстояние: 0.429, требуется: 0.500
2025-09-27 14:00:59 - ROBOTY.collision - WARNING - Коллизия: роботы 2 и 9 в 5.30s, расстояние: 0.376, требуется: 0.500
2025-09-27 14:00:59 - ROBOTY.collision - WARNING - Коллизия: роботы 2 и 9 в 5.35s, расстояние: 0.333, требуется: 0.500
2025-09-27 14:00:59 - ROBOTY.collision - WARNING - Коллизия: роботы 2 и 9 в 5.40s, расстояние: 0.304, требуется: 0.500
2025-09-27 14:00:59 - ROBOTY.collision - WARNING - Коллизия: роботы 2 и 9 в 5.45s, расстояние: 0.294, требуется: 0.500
2025-09-27 14:00:59 - ROBOTY.collision - WARNING - Коллизия: роботы 2 и 9 в 5.50s, расстояние: 0.303, требуется: 0.500
2025-09-27 14:00:59 - ROBOTY.collision - WARNING - Коллизия: роботы 2 и 9 в 5.55s, расстояние: 0.332, требуется: 0.500
2025-09-27 14:00:59 - ROBOTY.collision - WARNING - Коллизия: роботы 2 и 9 в 5.60s, расстояние: 0.380, требуется: 0.500
2025-09-27 14:00:59 - ROBOTY.collision - WARNING - Коллизия: роботы 2 и 9 в 5.65s, расстояние: 0.442, требуется: 0.500
2025-09-27 14:00:59 - ROBOTY.collision - WARNING - Коллизия: роботы 3 и 9 в 12.90s, расстояние: 0.492, требуется: 0.500
2025-09-27 14:00:59 - ROBOTY.collision - WARNING - Коллизия: роботы 3 и 9 в 12.95s, расстояние: 0.467, требуется: 0.500
2025-09-27 14:00:59 - ROBOTY.collision - WARNING - Коллизия: роботы 3 и 9 в 13.00s, расстояние: 0.446, требуется: 0.500
2025-09-27 14:00:59 - ROBOTY.collision - WARNING - Коллизия: роботы 3 и 9 в 13.05s, расстояние: 0.430, требуется: 0.500
2025-09-27 14:00:59 - ROBOTY.collision - WARNING - Коллизия: роботы 3 и 9 в 13.10s, расстояние: 0.419, требуется: 0.500
2025-09-27 14:00:59 - ROBOTY.collision - WARNING - Коллизия: роботы 3 и 9 в 13.15s, расстояние: 0.413, требуется: 0.500
2025-09-27 14:00:59 - ROBOTY.collision - WARNING - Коллизия: роботы 3 и 9 в 13.20s, расстояние: 0.410, требуется: 0.500
2025-09-27 14:00:59 - ROBOTY.collision - WARNING - Коллизия: роботы 3 и 9 в 13.25s, расстояние: 0.412, требуется: 0.500
2025-09-27 14:00:59 - ROBOTY.collision - WARNING - Коллизия: роботы 3 и 9 в 13.30s, расстояние: 0.419, требуется: 0.500
2025-09-27 14:00:59 - ROBOTY.collision - WARNING - Коллизия: роботы 3 и 9 в 13.35s, расстояние: 0.429, требуется: 0.500
2025-09-27 14:00:59 - ROBOTY.collision - WARNING - Коллизия: роботы 3 и 9 в 13.40s, расстояние: 0.444, требуется: 0.500
2025-09-27 14:00:59 - ROBOTY.collision - WARNING - Коллизия: роботы 3 и 9 в 13.45s, расстояние: 0.462, требуется: 0.500
2025-09-27 14:00:59 - ROBOTY.collision - WARNING - Коллизия: роботы 3 и 9 в 13.50s, расстояние: 0.484, требуется: 0.500
2025-09-27 14:00:59 - ROBOTY.collision - ERROR - Обнаружено 23 коллизий
2025-09-27 14:00:59 - ROBOTY.safety - DEBUG - Добавлена пауза 0.60s роботу 2 в t=5.20s
2025-09-27 14:00:59 - ROBOTY.safety - DEBUG - Добавлена пауза 0.60s роботу 9 в t=5.20s
2025-09-27 14:00:59 - ROBOTY.safety - DEBUG - Добавлена пауза 0.60s роботу 2 в t=5.25s
2025-09-27 14:00:59 - ROBOTY.safety - DEBUG - Добавлена пауза 0.60s роботу 9 в t=5.25s
2025-09-27 14:00:59 - ROBOTY.safety - DEBUG - Добавлена пауза 0.60s роботу 2 в t=5.30s
2025-09-27 14:00:59 - ROBOTY.safety - DEBUG - Добавлена пауза 0.60s роботу 9 в t=5.30s
2025-09-27 14:00:59 - ROBOTY.safety - DEBUG - Добавлена пауза 0.60s роботу 2 в t=5.35s
2025-09-27 14:00:59 - ROBOTY.safety - DEBUG - Добавлена пауза 0.60s роботу 9 в t=5.35s
2025-09-27 14:00:59 - ROBOTY.safety - DEBUG - Добавлена пауза 0.60s роботу 2 в t=5.40s
2025-09-27 14:00:59 - ROBOTY.safety - DEBUG - Добавлена пауза 0.60s роботу 9 в t=5.40s
2025-09-27 14:00:59 - ROBOTY.safety - DEBUG - Добавлена пауза 0.60s роботу 2 в t=5.45s
2025-09-27 14:00:59 - ROBOTY.safety - DEBUG - Добавлена пауза 0.60s роботу 9 в t=5.45s
2025-09-27 14:00:59 - ROBOTY.safety - DEBUG - Добавлена пауза 0.60s роботу 2 в t=5.50s
2025-09-27 14:00:59 - ROBOTY.safety - DEBUG - Добавлена пауза 0.60s роботу 9 в t=5.50s
2025-09-27 14:00:59 - ROBOTY.safety - DEBUG - Добавлена пауза 0.60s роботу 2 в t=5.55s
2025-09-27 14:00:59 - ROBOTY.safety - DEBUG - Добавлена пауза 0.60s роботу 9 в t=5.55s
2025-09-27 14:00:59 - ROBOTY.safety - DEBUG - Добавлена пауза 0.60s роботу 2 в t=5.60s
2025-09-27 14:00:59 - ROBOTY.safety - DEBUG - Добавлена пауза 0.60s роботу 9 в t=5.60s
2025-09-27 14:00:59 - ROBOTY.safety - DEBUG - Добавлена пауза 0.60s роботу 2 в t=5.65s
2025-09-27 14:00:59 - ROBOTY.safety - DEBUG - Добавлена пауза 0.60s роботу 9 в t=5.65s
2025-09-27 14:00:59 - ROBOTY.safety - DEBUG - Добавлена пауза 0.60s роботу 3 в t=12.90s
2025-09-27 14:00:59 - ROBOTY.safety - DEBUG - Добавлена пауза 0.60s роботу 9 в t=12.90s
2025-09-27 14:00:59 - ROBOTY.safety - DEBUG - Добавлена пауза 0.60s роботу 3 в t=12.95s
2025-09-27 14:00:59 - ROBOTY.safety - DEBUG - Добавлена пауза 0.60s роботу 9 в t=12.95s
2025-09-27 14:00:59 - ROBOTY.safety - DEBUG - Добавлена пауза 0.60s роботу 3 в t=13.00s
2025-09-27 14:00:59 - ROBOTY.safety - DEBUG - Добавлена пауза 0.60s роботу 9 в t=13.00s
2025-09-27 14:00:59 - ROBOTY.safety - DEBUG - Добавлена пауза 0.60s роботу 3 в t=13.05s
2025-09-27 14:00:59 - ROBOTY.safety - DEBUG - Добавлена пауза 0.60s роботу 9 в t=13.05s
2025-09-27 14:00:59 - ROBOTY.safety - DEBUG - Добавлена пауза 0.60s роботу 3 в t=13.10s
2025-09-27 14:00:59 - ROBOTY.safety - DEBUG - Добавлена пауза 0.60s роботу 9 в t=13.10s
2025-09-27 14:00:59 - ROBOTY.safety - DEBUG - Добавлена пауза 0.60s роботу 3 в t=13.15s
2025-09-27 14:00:59 - ROBOTY.safety - DEBUG - Добавлена пауза 0.60s роботу 9 в t=13.15s
2025-09-27 14:00:59 - ROBOTY.safety - DEBUG - Добавлена пауза 0.60s роботу 3 в t=13.20s
2025-09-27 14:00:59 - ROBOTY.safety - DEBUG - Добавлена пауза 0.60s роботу 9 в t=13.20s
2025-09-27 14:00:59 - ROBOTY.safety - DEBUG - Добавлена пауза 0.60s роботу 3 в t=13.25s
2025-09-27 14:00:59 - ROBOTY.safety - DEBUG - Добавлена пауза 0.60s роботу 9 в t=13.25s
2025-09-27 14:00:59 - ROBOTY.safety - DEBUG - Добавлена пауза 0.60s роботу 3 в t=13.30s
2025-09-27 14:00:59 - ROBOTY.safety - DEBUG - Добавлена пауза 0.60s роботу 9 в t=13.30s
2025-09-27 14:00:59 - ROBOTY.safety - DEBUG - Добавлена пауза 0.60s роботу 3 в t=13.35s
2025-09-27 14:00:59 - ROBOTY.safety - DEBUG - Добавлена пауза 0.60s роботу 9 в t=13.35s
2025-09-27 14:00:59 - ROBOTY.safety - DEBUG - Добавлена пауза 0.60s роботу 3 в t=13.40s
2025-09-27 14:00:59 - ROBOTY.safety - DEBUG - Добавлена пауза 0.60s роботу 9 в t=13.40s
2025-09-27 14:00:59 - ROBOTY.safety - DEBUG - Добавлена пауза 0.60s роботу 3 в t=13.45s
2025-09-27 14:00:59 - ROBOTY.safety - DEBUG - Добавлена пауза 0.60s роботу 9 в t=13.45s
2025-09-27 14:00:59 - ROBOTY.safety - DEBUG - Добавлена пауза 0.60s роботу 3 в t=13.50s
2025-09-27 14:00:59 - ROBOTY.safety - DEBUG - Добавлена пауза 0.60s роботу 9 в t=13.50s
2025-09-27 14:00:59 - ROBOTY.safety - INFO - Онлайн-безопасность применена: паузы вставлены
2025-09-27 14:00:59 - ROBOTY.collision - INFO - Начинаем детальную проверку коллизий
2025-09-27 14:00:59 - ROBOTY.collision - DEBUG - Проверяем коллизии в диапазоне времени: 0.00 - 50.29
2025-09-27 14:00:59 - ROBOTY.collision - WARNING - Коллизия: роботы 2 и 9 в 5.20s, расстояние: 0.488, требуется: 0.500
2025-09-27 14:00:59 - ROBOTY.collision - WARNING - Коллизия: роботы 2 и 9 в 5.30s, расстояние: 0.488, требуется: 0.500
2025-09-27 14:00:59 - ROBOTY.collision - WARNING - Коллизия: роботы 2 и 9 в 5.40s, расстояние: 0.488, требуется: 0.500
2025-09-27 14:00:59 - ROBOTY.collision - WARNING - Коллизия: роботы 2 и 9 в 5.50s, расстояние: 0.488, требуется: 0.500
2025-09-27 14:00:59 - ROBOTY.collision - WARNING - Коллизия: роботы 2 и 9 в 5.60s, расстояние: 0.488, требуется: 0.500
2025-09-27 14:00:59 - ROBOTY.collision - WARNING - Коллизия: роботы 2 и 9 в 5.70s, расстояние: 0.488, требуется: 0.500
2025-09-27 14:00:59 - ROBOTY.collision - WARNING - Коллизия: роботы 2 и 9 в 5.80s, расстояние: 0.488, требуется: 0.500
2025-09-27 14:00:59 - ROBOTY.collision - WARNING - Коллизия: роботы 2 и 9 в 5.90s, расстояние: 0.488, требуется: 0.500
2025-09-27 14:00:59 - ROBOTY.collision - WARNING - Коллизия: роботы 2 и 9 в 6.00s, расстояние: 0.488, требуется: 0.500
2025-09-27 14:00:59 - ROBOTY.collision - WARNING - Коллизия: роботы 2 и 9 в 6.10s, расстояние: 0.488, требуется: 0.500
2025-09-27 14:00:59 - ROBOTY.collision - WARNING - Коллизия: роботы 2 и 9 в 6.20s, расстояние: 0.488, требуется: 0.500
2025-09-27 14:00:59 - ROBOTY.collision - WARNING - Коллизия: роботы 2 и 9 в 6.30s, расстояние: 0.488, требуется: 0.500
2025-09-27 14:00:59 - ROBOTY.collision - WARNING - Коллизия: роботы 2 и 9 в 6.40s, расстояние: 0.488, требуется: 0.500
2025-09-27 14:00:59 - ROBOTY.collision - WARNING - Коллизия: роботы 2 и 9 в 6.50s, расстояние: 0.488, требуется: 0.500
2025-09-27 14:00:59 - ROBOTY.collision - WARNING - Коллизия: роботы 2 и 9 в 6.60s, расстояние: 0.488, требуется: 0.500
2025-09-27 14:00:59 - ROBOTY.collision - WARNING - Коллизия: роботы 2 и 9 в 6.70s, расстояние: 0.488, требуется: 0.500
2025-09-27 14:00:59 - ROBOTY.collision - WARNING - Коллизия: роботы 2 и 9 в 6.80s, расстояние: 0.488, требуется: 0.500
2025-09-27 14:00:59 - ROBOTY.collision - WARNING - Коллизия: роботы 2 и 9 в 6.90s, расстояние: 0.488, требуется: 0.500
2025-09-27 14:00:59 - ROBOTY.collision - WARNING - Коллизия: роботы 2 и 9 в 7.00s, расстояние: 0.488, требуется: 0.500
2025-09-27 14:00:59 - ROBOTY.collision - WARNING - Коллизия: роботы 2 и 9 в 7.10s, расстояние: 0.488, требуется: 0.500
2025-09-27 14:00:59 - ROBOTY.collision - WARNING - Коллизия: роботы 2 и 9 в 7.20s, расстояние: 0.488, требуется: 0.500
2025-09-27 14:00:59 - ROBOTY.collision - WARNING - Коллизия: роботы 2 и 9 в 7.30s, расстояние: 0.488, требуется: 0.500
2025-09-27 14:00:59 - ROBOTY.collision - WARNING - Коллизия: роботы 2 и 9 в 7.40s, расстояние: 0.488, требуется: 0.500
2025-09-27 14:00:59 - ROBOTY.collision - WARNING - Коллизия: роботы 2 и 9 в 7.50s, расстояние: 0.488, требуется: 0.500
2025-09-27 14:00:59 - ROBOTY.collision - WARNING - Коллизия: роботы 2 и 9 в 7.60s, расстояние: 0.488, требуется: 0.500
2025-09-27 14:00:59 - ROBOTY.collision - WARNING - Коллизия: роботы 2 и 9 в 7.70s, расстояние: 0.488, требуется: 0.500
2025-09-27 14:00:59 - ROBOTY.collision - WARNING - Коллизия: роботы 2 и 9 в 7.80s, расстояние: 0.488, требуется: 0.500
2025-09-27 14:00:59 - ROBOTY.collision - WARNING - Коллизия: роботы 2 и 9 в 7.90s, расстояние: 0.488, требуется: 0.500
2025-09-27 14:00:59 - ROBOTY.collision - WARNING - Коллизия: роботы 2 и 9 в 8.00s, расстояние: 0.488, требуется: 0.500
2025-09-27 14:00:59 - ROBOTY.collision - WARNING - Коллизия: роботы 2 и 9 в 8.10s, расстояние: 0.488, требуется: 0.500
2025-09-27 14:00:59 - ROBOTY.collision - WARNING - Коллизия: роботы 2 и 9 в 8.20s, расстояние: 0.488, требуется: 0.500
2025-09-27 14:00:59 - ROBOTY.collision - WARNING - Коллизия: роботы 2 и 9 в 8.30s, расстояние: 0.488, требуется: 0.500
2025-09-27 14:00:59 - ROBOTY.collision - WARNING - Коллизия: роботы 2 и 9 в 8.40s, расстояние: 0.488, требуется: 0.500
2025-09-27 14:00:59 - ROBOTY.collision - WARNING - Коллизия: роботы 2 и 9 в 8.50s, расстояние: 0.488, требуется: 0.500
2025-09-27 14:00:59 - ROBOTY.collision - WARNING - Коллизия: роботы 2 и 9 в 8.60s, расстояние: 0.488, требуется: 0.500
2025-09-27 14:00:59 - ROBOTY.collision - WARNING - Коллизия: роботы 2 и 9 в 8.70s, расстояние: 0.488, требуется: 0.500
2025-09-27 14:00:59 - ROBOTY.collision - WARNING - Коллизия: роботы 2 и 9 в 8.80s, расстояние: 0.488, требуется: 0.500
2025-09-27 14:00:59 - ROBOTY.collision - WARNING - Коллизия: роботы 2 и 9 в 8.90s, расстояние: 0.488, требуется: 0.500
2025-09-27 14:00:59 - ROBOTY.collision - WARNING - Коллизия: роботы 2 и 9 в 9.00s, расстояние: 0.488, требуется: 0.500
2025-09-27 14:00:59 - ROBOTY.collision - WARNING - Коллизия: роботы 2 и 9 в 9.10s, расстояние: 0.488, требуется: 0.500
2025-09-27 14:00:59 - ROBOTY.collision - WARNING - Коллизия: роботы 2 и 9 в 9.20s, расстояние: 0.488, требуется: 0.500
2025-09-27 14:00:59 - ROBOTY.collision - WARNING - Коллизия: роботы 2 и 9 в 9.30s, расстояние: 0.488, требуется: 0.500
2025-09-27 14:00:59 - ROBOTY.collision - WARNING - Коллизия: роботы 2 и 9 в 9.40s, расстояние: 0.488, требуется: 0.500
2025-09-27 14:00:59 - ROBOTY.collision - WARNING - Коллизия: роботы 2 и 9 в 9.50s, расстояние: 0.488, требуется: 0.500
2025-09-27 14:00:59 - ROBOTY.collision - WARNING - Коллизия: роботы 2 и 9 в 9.60s, расстояние: 0.488, требуется: 0.500
2025-09-27 14:00:59 - ROBOTY.collision - WARNING - Коллизия: роботы 2 и 9 в 9.70s, расстояние: 0.488, требуется: 0.500
2025-09-27 14:00:59 - ROBOTY.collision - WARNING - Коллизия: роботы 2 и 9 в 9.80s, расстояние: 0.488, требуется: 0.500
2025-09-27 14:00:59 - ROBOTY.collision - WARNING - Коллизия: роботы 2 и 9 в 9.90s, расстояние: 0.488, требуется: 0.500
2025-09-27 14:00:59 - ROBOTY.collision - WARNING - Коллизия: роботы 2 и 9 в 10.00s, расстояние: 0.488, требуется: 0.500
2025-09-27 14:00:59 - ROBOTY.collision - WARNING - Коллизия: роботы 2 и 9 в 10.10s, расстояние: 0.488, требуется: 0.500
2025-09-27 14:00:59 - ROBOTY.collision - WARNING - Коллизия: роботы 2 и 4 в 10.20s, расстояние: 0.464, требуется: 0.500
2025-09-27 14:00:59 - ROBOTY.collision - WARNING - Коллизия: роботы 2 и 9 в 10.20s, расстояние: 0.488, требуется: 0.500
2025-09-27 14:00:59 - ROBOTY.collision - WARNING - Коллизия: роботы 2 и 4 в 10.30s, расстояние: 0.433, требуется: 0.500
2025-09-27 14:00:59 - ROBOTY.collision - WARNING - Коллизия: роботы 2 и 9 в 10.30s, расстояние: 0.488, требуется: 0.500
2025-09-27 14:00:59 - ROBOTY.collision - WARNING - Коллизия: роботы 2 и 4 в 10.40s, расстояние: 0.433, требуется: 0.500
2025-09-27 14:00:59 - ROBOTY.collision - WARNING - Коллизия: роботы 2 и 9 в 10.40s, расстояние: 0.488, требуется: 0.500
2025-09-27 14:00:59 - ROBOTY.collision - WARNING - Коллизия: роботы 2 и 4 в 10.50s, расстояние: 0.433, требуется: 0.500
2025-09-27 14:00:59 - ROBOTY.collision - WARNING - Коллизия: роботы 2 и 9 в 10.50s, расстояние: 0.488, требуется: 0.500
2025-09-27 14:00:59 - ROBOTY.collision - WARNING - Коллизия: роботы 2 и 4 в 10.60s, расстояние: 0.433, требуется: 0.500
2025-09-27 14:00:59 - ROBOTY.collision - WARNING - Коллизия: роботы 2 и 9 в 10.60s, расстояние: 0.488, требуется: 0.500
2025-09-27 14:00:59 - ROBOTY.collision - WARNING - Коллизия: роботы 2 и 4 в 10.70s, расстояние: 0.433, требуется: 0.500
2025-09-27 14:00:59 - ROBOTY.collision - WARNING - Коллизия: роботы 2 и 9 в 10.70s, расстояние: 0.488, требуется: 0.500
2025-09-27 14:00:59 - ROBOTY.collision - WARNING - Коллизия: роботы 2 и 4 в 10.80s, расстояние: 0.433, требуется: 0.500
2025-09-27 14:00:59 - ROBOTY.collision - WARNING - Коллизия: роботы 2 и 9 в 10.80s, расстояние: 0.488, требуется: 0.500
2025-09-27 14:00:59 - ROBOTY.collision - WARNING - Коллизия: роботы 2 и 4 в 10.90s, расстояние: 0.433, требуется: 0.500
2025-09-27 14:00:59 - ROBOTY.collision - WARNING - Коллизия: роботы 2 и 9 в 10.90s, расстояние: 0.488, требуется: 0.500
2025-09-27 14:00:59 - ROBOTY.collision - WARNING - Коллизия: роботы 2 и 4 в 11.00s, расстояние: 0.433, требуется: 0.500
2025-09-27 14:00:59 - ROBOTY.collision - WARNING - Коллизия: роботы 2 и 9 в 11.00s, расстояние: 0.488, требуется: 0.500
2025-09-27 14:00:59 - ROBOTY.collision - WARNING - Коллизия: роботы 2 и 4 в 11.10s, расстояние: 0.469, требуется: 0.500
2025-09-27 14:00:59 - ROBOTY.collision - WARNING - Коллизия: роботы 2 и 9 в 11.10s, расстояние: 0.488, требуется: 0.500
2025-09-27 14:00:59 - ROBOTY.collision - WARNING - Коллизия: роботы 2 и 9 в 11.20s, расстояние: 0.488, требуется: 0.500
2025-09-27 14:00:59 - ROBOTY.collision - WARNING - Коллизия: роботы 2 и 9 в 11.30s, расстояние: 0.376, требуется: 0.500
2025-09-27 14:00:59 - ROBOTY.collision - WARNING - Коллизия: роботы 2 и 9 в 11.40s, расстояние: 0.304, требуется: 0.500
2025-09-27 14:00:59 - ROBOTY.collision - WARNING - Коллизия: роботы 2 и 9 в 11.50s, расстояние: 0.303, требуется: 0.500
2025-09-27 14:00:59 - ROBOTY.collision - WARNING - Коллизия: роботы 2 и 9 в 11.60s, расстояние: 0.380, требуется: 0.500
2025-09-27 14:00:59 - ROBOTY.collision - WARNING - Коллизия: роботы 2 и 5 в 18.50s, расстояние: 0.447, требуется: 0.500
2025-09-27 14:00:59 - ROBOTY.collision - WARNING - Коллизия: роботы 2 и 5 в 18.60s, расстояние: 0.401, требуется: 0.500
2025-09-27 14:00:59 - ROBOTY.collision - WARNING - Коллизия: роботы 2 и 5 в 18.70s, расстояние: 0.405, требуется: 0.500
2025-09-27 14:00:59 - ROBOTY.collision - WARNING - Коллизия: роботы 2 и 5 в 18.80s, расстояние: 0.457, требуется: 0.500
2025-09-27 14:00:59 - ROBOTY.collision - WARNING - Коллизия: роботы 2 и 10 в 19.80s, расстояние: 0.494, требуется: 0.500
2025-09-27 14:00:59 - ROBOTY.collision - WARNING - Коллизия: роботы 2 и 10 в 19.90s, расстояние: 0.497, требуется: 0.500
2025-09-27 14:00:59 - ROBOTY.collision - WARNING - Коллизия: роботы 3 и 5 в 28.00s, расстояние: 0.366, требуется: 0.500
2025-09-27 14:00:59 - ROBOTY.collision - WARNING - Коллизия: роботы 3 и 5 в 28.10s, расстояние: 0.293, требуется: 0.500
2025-09-27 14:00:59 - ROBOTY.collision - WARNING - Коллизия: роботы 3 и 5 в 28.20s, расстояние: 0.349, требуется: 0.500
2025-09-27 14:00:59 - ROBOTY.collision - WARNING - Коллизия: роботы 3 и 5 в 28.30s, расстояние: 0.489, требуется: 0.500
2025-09-27 14:00:59 - ROBOTY.collision - ERROR - Обнаружено 85 коллизий
2025-09-27 14:00:59 - ROBOTY.main - WARNING - Коллизии сохраняются после вставки пауз
2025-09-27 14:01:02 - ROBOTY.main - INFO - Запуск десктопного 3D Viewer
2025-09-27 14:01:02 - ROBOTY.3d_viewer - ERROR - Ошибка создания WebView: module 'PySide6.QtWebEngineWidgets' has no attribute 'QWebEngineSettings'
2025-09-27 14:01:02 - ROBOTY.3d_viewer - INFO - Получены данные плана: 10 роботов
2025-09-27 14:01:02 - ROBOTY.3d_viewer - INFO - Начинаем генерацию 3D визуализации
2025-09-27 14:01:02 - ROBOTY.3d_viewer - INFO - Тип визуализации: 3d_desktop
2025-09-27 14:01:02 - ROBOTY.3d_viewer - INFO - Количество роботов: 10
2025-09-27 14:01:02 - ROBOTY.3d_viewer - INFO - Применены агрессивные оптимизации для большой сцены
2025-09-27 14:01:02 - ROBOTY.3d_viewer - INFO - Применены максимальные оптимизации для очень большой сцены
2025-09-27 14:01:02 - ROBOTY.visualizer - INFO - Запуск визуализации типа: 3d_desktop
2025-09-27 14:01:02 - ROBOTY.visualizer - INFO - Создание 3D визуализации траекторий
2025-09-27 14:01:02 - ROBOTY.visualizer - INFO - Создание десктопной 3D визуализации с точечным воспроизведением
2025-09-27 14:01:02 - ROBOTY.mesh_loader - INFO - Hand definition загружен: assets/robots/hand_ultra_simple_hand_def.txt, вершин=85, сегментов=247, точек=0
2025-09-27 14:01:02 - ROBOTY.mesh_loader - INFO - Hand definition загружен: assets/robots/hand_ultra_simple_hand_def.txt, вершин=85, сегментов=247, точек=0
2025-09-27 14:01:02 - ROBOTY.mesh_loader - INFO - Hand definition загружен: assets/robots/hand_ultra_simple_hand_def.txt, вершин=85, сегментов=247, точек=0
2025-09-27 14:01:02 - ROBOTY.mesh_loader - INFO - Hand definition загружен: assets/robots/hand_ultra_simple_hand_def.txt, вершин=85, сегментов=247, точек=0
2025-09-27 14:01:02 - ROBOTY.mesh_loader - INFO - Hand definition загружен: assets/robots/hand_ultra_simple_hand_def.txt, вершин=85, сегментов=247, точек=0
2025-09-27 14:01:03 - ROBOTY.mesh_loader - INFO - Hand definition загружен: assets/robots/hand_ultra_simple_hand_def.txt, вершин=85, сегментов=247, точек=0
2025-09-27 14:01:03 - ROBOTY.mesh_loader - INFO - Hand definition загружен: assets/robots/hand_ultra_simple_hand_def.txt, вершин=85, сегментов=247, точек=0
2025-09-27 14:01:03 - ROBOTY.mesh_loader - INFO - Hand definition загружен: assets/robots/hand_ultra_simple_hand_def.txt, вершин=85, сегментов=247, точек=0
2025-09-27 14:01:03 - ROBOTY.mesh_loader - INFO - Hand definition загружен: assets/robots/hand_ultra_simple_hand_def.txt, вершин=85, сегментов=247, точек=0
2025-09-27 14:01:03 - ROBOTY.mesh_loader - INFO - Hand definition загружен: assets/robots/hand_ultra_simple_hand_def.txt, вершин=85, сегментов=247, точек=0
2025-09-27 14:01:03 - ROBOTY.visualizer - INFO - Десктопная 3D визуализация создана
2025-09-27 14:01:03 - ROBOTY.3d_viewer - INFO - 3D визуализация успешно сгенерирована
2025-09-27 14:01:03 - ROBOTY.3d_viewer - INFO - 3D Viewer инициализирован
2025-09-27 14:01:03 - ROBOTY.main - INFO - Десктопный 3D Viewer успешно запущен
2025-09-27 14:01:06 - ROBOTY.3d_viewer - INFO - Обновление визуализации
2025-09-27 14:01:06 - ROBOTY.3d_viewer - INFO - Начинаем генерацию 3D визуализации
2025-09-27 14:01:06 - ROBOTY.3d_viewer - INFO - Тип визуализации: 3d_desktop
2025-09-27 14:01:06 - ROBOTY.3d_viewer - INFO - Количество роботов: 10
2025-09-27 14:01:06 - ROBOTY.3d_viewer - INFO - Применены агрессивные оптимизации для большой сцены
2025-09-27 14:01:06 - ROBOTY.3d_viewer - INFO - Применены максимальные оптимизации для очень большой сцены
2025-09-27 14:01:06 - ROBOTY.visualizer - INFO - Запуск визуализации типа: 3d_desktop
2025-09-27 14:01:06 - ROBOTY.visualizer - INFO - Создание 3D визуализации траекторий
2025-09-27 14:01:06 - ROBOTY.visualizer - INFO - Создание десктопной 3D визуализации с точечным воспроизведением
2025-09-27 14:01:06 - ROBOTY.mesh_loader - INFO - Hand definition загружен: assets/robots/hand_ultra_simple_hand_def.txt, вершин=85, сегментов=247, точек=0
2025-09-27 14:01:06 - ROBOTY.mesh_loader - INFO - Hand definition загружен: assets/robots/hand_ultra_simple_hand_def.txt, вершин=85, сегментов=247, точек=0
2025-09-27 14:01:06 - ROBOTY.mesh_loader - INFO - Hand definition загружен: assets/robots/hand_ultra_simple_hand_def.txt, вершин=85, сегментов=247, точек=0
2025-09-27 14:01:06 - ROBOTY.mesh_loader - INFO - Hand definition загружен: assets/robots/hand_ultra_simple_hand_def.txt, вершин=85, сегментов=247, точек=0
2025-09-27 14:01:06 - ROBOTY.mesh_loader - INFO - Hand definition загружен: assets/robots/hand_ultra_simple_hand_def.txt, вершин=85, сегментов=247, точек=0
2025-09-27 14:01:06 - ROBOTY.mesh_loader - INFO - Hand definition загружен: assets/robots/hand_ultra_simple_hand_def.txt, вершин=85, сегментов=247, точек=0
2025-09-27 14:01:06 - ROBOTY.mesh_loader - INFO - Hand definition загружен: assets/robots/hand_ultra_simple_hand_def.txt, вершин=85, сегментов=247, точек=0
2025-09-27 14:01:06 - ROBOTY.mesh_loader - INFO - Hand definition загружен: assets/robots/hand_ultra_simple_hand_def.txt, вершин=85, сегментов=247, точек=0
2025-09-27 14:01:06 - ROBOTY.mesh_loader - INFO - Hand definition загружен: assets/robots/hand_ultra_simple_hand_def.txt, вершин=85, сегментов=247, точек=0
2025-09-27 14:01:06 - ROBOTY.mesh_loader - INFO - Hand definition загружен: assets/robots/hand_ultra_simple_hand_def.txt, вершин=85, сегментов=247, точек=0
2025-09-27 14:01:06 - ROBOTY.visualizer - INFO - Десктопная 3D визуализация создана
2025-09-27 14:01:06 - ROBOTY.3d_viewer - INFO - 3D визуализация успешно сгенерирована
2025-09-27 14:01:11 - ROBOTY.3d_viewer - INFO - HTML файл открыт в браузере: C:\Users\22200490\AppData\Local\Temp\tmpb1_b0jco_viz_3d_desktop.html
2025-09-27 14:01:40 - ROBOTY.3d_viewer - INFO - Закрытие 3D Viewer
2025-09-27 14:01:40 - ROBOTY.3d_viewer - INFO - Временный HTML файл удален
