2025-09-23 23:35:15 - ROBOTY.main - INFO - Запуск приложения ROBOTY
2025-09-23 23:35:15 - ROBOTY.main - INFO - Применена тема: light
2025-09-23 23:35:15 - ROBOTY.main - INFO - Интерфейс инициализирован
2025-09-23 23:35:15 - ROBOTY.main - INFO - Приложение успешно запущено
2025-09-23 23:35:17 - ROBOTY.main - INFO - Применена тема: dark
2025-09-23 23:35:17 - ROBOTY.main - INFO - Переключение темы: dark -> dark
2025-09-23 23:35:43 - ROBOTY.main - INFO - Создан входной файл: C:\Users\79518\.cursor\ROBOTY\data\input_20250923_233530.json
2025-09-23 23:35:43 - ROBOTY.parser - INFO - Начинаем загрузку файла: C:\Users\79518\.cursor\ROBOTY\data\input_20250923_233530.json
2025-09-23 23:35:43 - ROBOTY.parser - INFO - Файл C:\Users\79518\.cursor\ROBOTY\data\input_20250923_233530.json успешно загружен
2025-09-23 23:35:43 - ROBOTY.parser - DEBUG - Робот 1 успешно загружен
2025-09-23 23:35:43 - ROBOTY.parser - DEBUG - Робот 2 успешно загружен
2025-09-23 23:35:43 - ROBOTY.parser - DEBUG - Операция 1 успешно загружена
2025-09-23 23:35:43 - ROBOTY.parser - DEBUG - Операция 2 успешно загружена
2025-09-23 23:35:43 - ROBOTY.parser - DEBUG - Операция 3 успешно загружена
2025-09-23 23:35:43 - ROBOTY.parser - DEBUG - Операция 4 успешно загружена
2025-09-23 23:35:43 - ROBOTY.parser - DEBUG - Операция 5 успешно загружена
2025-09-23 23:35:43 - ROBOTY.parser - DEBUG - Операция 6 успешно загружена
2025-09-23 23:35:43 - ROBOTY.parser - DEBUG - Операция 7 успешно загружена
2025-09-23 23:35:43 - ROBOTY.parser - DEBUG - Операция 8 успешно загружена
2025-09-23 23:35:43 - ROBOTY.parser - DEBUG - Операция 9 успешно загружена
2025-09-23 23:35:43 - ROBOTY.parser - DEBUG - Операция 10 успешно загружена
2025-09-23 23:35:43 - ROBOTY.parser - INFO - Загружено 2 роботов и 10 операций
2025-09-23 23:35:44 - ROBOTY.main - INFO - Запуск планировщика
2025-09-23 23:35:44 - ROBOTY.genetic_algorithm - INFO - Запуск генетического алгоритма для назначения операций
2025-09-23 23:35:44 - ROBOTY.genetic_algorithm - INFO - Инициализирован генетический алгоритм: популяция=50, поколения=100
2025-09-23 23:35:44 - ROBOTY.genetic_algorithm - INFO - Начинаем эволюцию генетического алгоритма
2025-09-23 23:35:44 - ROBOTY.genetic_algorithm - DEBUG - Инициализирована популяция из 50 индивидов
2025-09-23 23:35:44 - ROBOTY.genetic_algorithm - INFO - Поколение 0: лучшая приспособленность = 0.022752, makespan = 43.95
2025-09-23 23:35:44 - ROBOTY.genetic_algorithm - INFO - Поколение 10: лучшая приспособленность = 0.023628, makespan = 42.32
2025-09-23 23:35:44 - ROBOTY.genetic_algorithm - INFO - Поколение 20: лучшая приспособленность = 0.024066, makespan = 41.55
2025-09-23 23:35:45 - ROBOTY.genetic_algorithm - INFO - Поколение 30: лучшая приспособленность = 0.024066, makespan = 41.55
2025-09-23 23:35:45 - ROBOTY.genetic_algorithm - INFO - Поколение 40: лучшая приспособленность = 0.024066, makespan = 41.55
2025-09-23 23:35:45 - ROBOTY.genetic_algorithm - INFO - Поколение 50: лучшая приспособленность = 0.024066, makespan = 41.55
2025-09-23 23:35:45 - ROBOTY.genetic_algorithm - INFO - Поколение 60: лучшая приспособленность = 0.024066, makespan = 41.55
2025-09-23 23:35:45 - ROBOTY.genetic_algorithm - INFO - Поколение 70: лучшая приспособленность = 0.024066, makespan = 41.55
2025-09-23 23:35:45 - ROBOTY.genetic_algorithm - INFO - Поколение 80: лучшая приспособленность = 0.024066, makespan = 41.55
2025-09-23 23:35:45 - ROBOTY.genetic_algorithm - INFO - Поколение 90: лучшая приспособленность = 0.024066, makespan = 41.55
2025-09-23 23:35:45 - ROBOTY.genetic_algorithm - INFO - Поколение 99: лучшая приспособленность = 0.024066, makespan = 41.55
2025-09-23 23:35:45 - ROBOTY.genetic_algorithm - INFO - Эволюция завершена. Лучший makespan: 41.55
2025-09-23 23:35:45 - ROBOTY.genetic_algorithm - INFO - Генетический алгоритм завершен. Найдено назначение с makespan = 41.55
2025-09-23 23:35:45 - ROBOTY.planner - DEBUG - Планирование траектории для робота с 4 операциями
2025-09-23 23:35:45 - ROBOTY.planner - DEBUG - Операция 1 запланирована, время завершения: 11.32
2025-09-23 23:35:45 - ROBOTY.planner - DEBUG - Операция 2 запланирована, время завершения: 21.14
2025-09-23 23:35:45 - ROBOTY.planner - DEBUG - Операция 3 запланирована, время завершения: 36.18
2025-09-23 23:35:45 - ROBOTY.planner - DEBUG - Операция 4 запланирована, время завершения: 48.35
2025-09-23 23:35:45 - ROBOTY.planner - INFO - Траектория робота запланирована, общее время: 48.35
2025-09-23 23:35:45 - ROBOTY.planner - DEBUG - Планирование траектории для робота с 6 операциями
2025-09-23 23:35:45 - ROBOTY.planner - DEBUG - Операция 1 запланирована, время завершения: 8.91
2025-09-23 23:35:45 - ROBOTY.planner - DEBUG - Операция 2 запланирована, время завершения: 16.51
2025-09-23 23:35:45 - ROBOTY.planner - DEBUG - Операция 3 запланирована, время завершения: 28.07
2025-09-23 23:35:45 - ROBOTY.planner - DEBUG - Операция 4 запланирована, время завершения: 37.35
2025-09-23 23:35:45 - ROBOTY.planner - DEBUG - Операция 5 запланирована, время завершения: 46.62
2025-09-23 23:35:45 - ROBOTY.planner - DEBUG - Операция 6 запланирована, время завершения: 55.73
2025-09-23 23:35:45 - ROBOTY.planner - INFO - Траектория робота запланирована, общее время: 55.73
2025-09-23 23:35:45 - ROBOTY.main - INFO - Планировщик успешно завершил работу
2025-09-23 23:35:45 - ROBOTY.collision - INFO - Начинаем детальную проверку коллизий
2025-09-23 23:35:45 - ROBOTY.collision - DEBUG - Проверяем коллизии в диапазоне времени: 0.00 - 55.73
2025-09-23 23:35:45 - ROBOTY.collision - INFO - Коллизий не обнаружено
2025-09-23 23:35:45 - ROBOTY.main - INFO - Коллизий не обнаружено
2025-09-23 23:35:47 - ROBOTY.main - INFO - Открытие визуализатора
2025-09-23 23:35:47 - ROBOTY.main - INFO - Визуализация успешно завершена
2025-09-23 23:35:47 - ROBOTY.visualizer - INFO - Запуск визуализации типа: 3d_anim
2025-09-23 23:35:47 - ROBOTY.visualizer - INFO - Создание 3D анимации траекторий
2025-09-23 23:35:47 - ROBOTY.visualizer - INFO - Создание 3D визуализации траекторий
2025-09-23 23:35:47 - ROBOTY.visualizer - INFO - 3D визуализация создана
2025-09-23 23:35:47 - ROBOTY.mesh_loader - INFO - OBJ загружен: assets/robots/kuka/kr_360_fortec.obj, вершин=16, треугольников=24
2025-09-23 23:36:13 - ROBOTY.main - INFO - Открытие визуализатора
2025-09-23 23:36:13 - ROBOTY.main - INFO - Визуализация успешно завершена
2025-09-23 23:36:13 - ROBOTY.visualizer - INFO - Запуск визуализации типа: 3d_anim
2025-09-23 23:36:13 - ROBOTY.visualizer - INFO - Создание 3D анимации траекторий
2025-09-23 23:36:13 - ROBOTY.visualizer - INFO - Создание 3D визуализации траекторий
2025-09-23 23:36:13 - ROBOTY.visualizer - INFO - 3D визуализация создана
2025-09-23 23:36:13 - ROBOTY.mesh_loader - INFO - OBJ загружен: assets/robots/kuka/kr_360_fortec.obj, вершин=16, треугольников=24
2025-09-23 23:37:37 - ROBOTY.visualizer - INFO - Визуализация сохранена в файл: C:\Users\79518\.cursor\ROBOTY\viz\..\outputs\visualizations\visualization_3d_anim_20250923_233718.html
2025-09-23 23:37:51 - ROBOTY.visualizer - INFO - Визуализация открыта в браузере
2025-09-23 23:37:51 - ROBOTY.main - INFO - Визуализация успешно завершена (в фоне)
2025-09-23 23:37:57 - ROBOTY.visualizer - INFO - Визуализация сохранена в файл: C:\Users\79518\.cursor\ROBOTY\viz\..\outputs\visualizations\visualization_3d_anim_20250923_233746.html
2025-09-23 23:38:00 - ROBOTY.visualizer - INFO - Визуализация открыта в браузере
2025-09-23 23:38:00 - ROBOTY.main - INFO - Визуализация успешно завершена (в фоне)
