2025-09-27 12:09:58 - ROBOTY.main - INFO - Запуск приложения ROBOTY
2025-09-27 12:09:58 - ROBOTY.main - INFO - Применена тема: dark
2025-09-27 12:09:58 - ROBOTY.main - INFO - Интерфейс инициализирован
2025-09-27 12:10:05 - ROBOTY.main - INFO - Приложение успешно запущено
2025-09-27 12:10:11 - ROBOTY.main - INFO - Запуск десктопного приложения
2025-09-27 12:10:11 - ROBOTY.main - ERROR - ❌ Ошибка запуска десктопного приложения: No module named 'psutil'
Traceback (most recent call last):
  File "C:\Users\22200490\.cursor\ROBOTY-main\main.py", line 870, in launch_desktop_app
    from ui_files.desktop_app import DesktopApp
  File "C:\Users\22200490\.cursor\ROBOTY-main\ui_files\desktop_app.py", line 11, in <module>
    import psutil
ModuleNotFoundError: No module named 'psutil'
2025-09-27 12:10:36 - ROBOTY.main - INFO - Создан входной файл: C:\Users\22200490\.cursor\ROBOTY-main\data\input_20250927_121021.json
2025-09-27 12:10:36 - ROBOTY.parser - INFO - Начинаем загрузку файла: C:\Users\22200490\.cursor\ROBOTY-main\data\input_20250927_121021.json
2025-09-27 12:10:36 - ROBOTY.parser - INFO - Файл C:\Users\22200490\.cursor\ROBOTY-main\data\input_20250927_121021.json успешно загружен
2025-09-27 12:10:36 - ROBOTY.parser - DEBUG - Робот 1 успешно загружен
2025-09-27 12:10:36 - ROBOTY.parser - DEBUG - Робот 2 успешно загружен
2025-09-27 12:10:36 - ROBOTY.parser - DEBUG - Робот 3 успешно загружен
2025-09-27 12:10:36 - ROBOTY.parser - DEBUG - Робот 4 успешно загружен
2025-09-27 12:10:36 - ROBOTY.parser - DEBUG - Операция 1 успешно загружена
2025-09-27 12:10:36 - ROBOTY.parser - DEBUG - Операция 2 успешно загружена
2025-09-27 12:10:36 - ROBOTY.parser - DEBUG - Операция 3 успешно загружена
2025-09-27 12:10:36 - ROBOTY.parser - DEBUG - Операция 4 успешно загружена
2025-09-27 12:10:36 - ROBOTY.parser - DEBUG - Операция 5 успешно загружена
2025-09-27 12:10:36 - ROBOTY.parser - DEBUG - Операция 6 успешно загружена
2025-09-27 12:10:36 - ROBOTY.parser - DEBUG - Операция 7 успешно загружена
2025-09-27 12:10:36 - ROBOTY.parser - DEBUG - Операция 8 успешно загружена
2025-09-27 12:10:36 - ROBOTY.parser - DEBUG - Операция 9 успешно загружена
2025-09-27 12:10:36 - ROBOTY.parser - DEBUG - Операция 10 успешно загружена
2025-09-27 12:10:36 - ROBOTY.parser - DEBUG - Операция 11 успешно загружена
2025-09-27 12:10:36 - ROBOTY.parser - DEBUG - Операция 12 успешно загружена
2025-09-27 12:10:36 - ROBOTY.parser - DEBUG - Операция 13 успешно загружена
2025-09-27 12:10:36 - ROBOTY.parser - DEBUG - Операция 14 успешно загружена
2025-09-27 12:10:36 - ROBOTY.parser - DEBUG - Операция 15 успешно загружена
2025-09-27 12:10:36 - ROBOTY.parser - DEBUG - Операция 16 успешно загружена
2025-09-27 12:10:36 - ROBOTY.parser - DEBUG - Операция 17 успешно загружена
2025-09-27 12:10:36 - ROBOTY.parser - DEBUG - Операция 18 успешно загружена
2025-09-27 12:10:36 - ROBOTY.parser - DEBUG - Операция 19 успешно загружена
2025-09-27 12:10:36 - ROBOTY.parser - DEBUG - Операция 20 успешно загружена
2025-09-27 12:10:36 - ROBOTY.parser - DEBUG - Операция 21 успешно загружена
2025-09-27 12:10:36 - ROBOTY.parser - DEBUG - Операция 22 успешно загружена
2025-09-27 12:10:36 - ROBOTY.parser - DEBUG - Операция 23 успешно загружена
2025-09-27 12:10:36 - ROBOTY.parser - DEBUG - Операция 24 успешно загружена
2025-09-27 12:10:36 - ROBOTY.parser - DEBUG - Операция 25 успешно загружена
2025-09-27 12:10:36 - ROBOTY.parser - DEBUG - Операция 26 успешно загружена
2025-09-27 12:10:36 - ROBOTY.parser - DEBUG - Операция 27 успешно загружена
2025-09-27 12:10:36 - ROBOTY.parser - DEBUG - Операция 28 успешно загружена
2025-09-27 12:10:36 - ROBOTY.parser - DEBUG - Операция 29 успешно загружена
2025-09-27 12:10:36 - ROBOTY.parser - DEBUG - Операция 30 успешно загружена
2025-09-27 12:10:36 - ROBOTY.parser - INFO - Загружено 4 роботов и 30 операций
2025-09-27 12:10:43 - ROBOTY.main - INFO - Запуск планировщика
2025-09-27 12:10:43 - ROBOTY.planner - INFO - Запуск планировщика траекторий
2025-09-27 12:10:43 - ROBOTY.assigner - INFO - Начинаем назначение операций методом: balanced
2025-09-27 12:10:43 - ROBOTY.assigner - DEBUG - Операция 0 назначена роботу 1 (нагрузка: 12.05)
2025-09-27 12:10:43 - ROBOTY.assigner - DEBUG - Операция 1 назначена роботу 0 (нагрузка: 7.48)
2025-09-27 12:10:43 - ROBOTY.assigner - DEBUG - Операция 2 назначена роботу 3 (нагрузка: 8.48)
2025-09-27 12:10:43 - ROBOTY.assigner - DEBUG - Операция 3 назначена роботу 2 (нагрузка: 12.58)
2025-09-27 12:10:43 - ROBOTY.assigner - DEBUG - Операция 4 назначена роботу 0 (нагрузка: 15.17)
2025-09-27 12:10:43 - ROBOTY.assigner - DEBUG - Операция 5 назначена роботу 3 (нагрузка: 20.01)
2025-09-27 12:10:43 - ROBOTY.assigner - DEBUG - Операция 6 назначена роботу 1 (нагрузка: 19.81)
2025-09-27 12:10:43 - ROBOTY.assigner - DEBUG - Операция 7 назначена роботу 0 (нагрузка: 19.76)
2025-09-27 12:10:43 - ROBOTY.assigner - DEBUG - Операция 8 назначена роботу 1 (нагрузка: 29.98)
2025-09-27 12:10:43 - ROBOTY.assigner - DEBUG - Операция 9 назначена роботу 2 (нагрузка: 22.93)
2025-09-27 12:10:43 - ROBOTY.assigner - DEBUG - Операция 10 назначена роботу 0 (нагрузка: 30.88)
2025-09-27 12:10:43 - ROBOTY.assigner - DEBUG - Операция 11 назначена роботу 3 (нагрузка: 26.75)
2025-09-27 12:10:43 - ROBOTY.assigner - DEBUG - Операция 12 назначена роботу 3 (нагрузка: 35.13)
2025-09-27 12:10:43 - ROBOTY.assigner - DEBUG - Операция 13 назначена роботу 2 (нагрузка: 34.94)
2025-09-27 12:10:43 - ROBOTY.assigner - DEBUG - Операция 14 назначена роботу 1 (нагрузка: 36.63)
2025-09-27 12:10:43 - ROBOTY.assigner - DEBUG - Операция 15 назначена роботу 3 (нагрузка: 41.15)
2025-09-27 12:10:43 - ROBOTY.assigner - DEBUG - Операция 16 назначена роботу 0 (нагрузка: 38.06)
2025-09-27 12:10:43 - ROBOTY.assigner - DEBUG - Операция 17 назначена роботу 1 (нагрузка: 43.75)
2025-09-27 12:10:43 - ROBOTY.assigner - DEBUG - Операция 18 назначена роботу 2 (нагрузка: 46.23)
2025-09-27 12:10:43 - ROBOTY.assigner - DEBUG - Операция 19 назначена роботу 0 (нагрузка: 51.04)
2025-09-27 12:10:43 - ROBOTY.assigner - DEBUG - Операция 20 назначена роботу 3 (нагрузка: 49.83)
2025-09-27 12:10:43 - ROBOTY.assigner - DEBUG - Операция 21 назначена роботу 1 (нагрузка: 55.22)
2025-09-27 12:10:43 - ROBOTY.assigner - DEBUG - Операция 22 назначена роботу 3 (нагрузка: 61.55)
2025-09-27 12:10:43 - ROBOTY.assigner - DEBUG - Операция 23 назначена роботу 2 (нагрузка: 58.87)
2025-09-27 12:10:43 - ROBOTY.assigner - DEBUG - Операция 24 назначена роботу 0 (нагрузка: 57.50)
2025-09-27 12:10:43 - ROBOTY.assigner - DEBUG - Операция 25 назначена роботу 1 (нагрузка: 61.13)
2025-09-27 12:10:43 - ROBOTY.assigner - DEBUG - Операция 26 назначена роботу 3 (нагрузка: 71.25)
2025-09-27 12:10:43 - ROBOTY.assigner - DEBUG - Операция 27 назначена роботу 0 (нагрузка: 69.16)
2025-09-27 12:10:43 - ROBOTY.assigner - DEBUG - Операция 28 назначена роботу 1 (нагрузка: 67.99)
2025-09-27 12:10:43 - ROBOTY.assigner - DEBUG - Операция 29 назначена роботу 1 (нагрузка: 75.28)
2025-09-27 12:10:43 - ROBOTY.assigner - INFO - Распределено 30 операций с балансировкой нагрузки
2025-09-27 12:10:43 - ROBOTY.assigner - INFO - Итоговые нагрузки роботов: ['69.16', '75.28', '58.87', '71.25']
2025-09-27 12:10:43 - ROBOTY.assigner - INFO - Робот 0: 8 операций, нагрузка 69.16
2025-09-27 12:10:43 - ROBOTY.assigner - INFO - Робот 1: 9 операций, нагрузка 75.28
2025-09-27 12:10:43 - ROBOTY.assigner - INFO - Робот 2: 5 операций, нагрузка 58.87
2025-09-27 12:10:43 - ROBOTY.assigner - INFO - Робот 3: 8 операций, нагрузка 71.25
2025-09-27 12:10:43 - ROBOTY.planner - INFO - Операции назначены методом: balanced
2025-09-27 12:10:43 - ROBOTY.planner - INFO - Планирование траектории для робота 1 (ID: 1) с 8 операциями
2025-09-27 12:10:43 - ROBOTY.planner - DEBUG - Планирование траектории для робота с 8 операциями
2025-09-27 12:10:43 - ROBOTY.planner - DEBUG - Операция 1 запланирована, время завершения: 9.21
2025-09-27 12:10:43 - ROBOTY.planner - DEBUG - Операция 2 запланирована, время завершения: 18.39
2025-09-27 12:10:43 - ROBOTY.planner - DEBUG - Операция 3 запланирована, время завершения: 26.17
2025-09-27 12:10:43 - ROBOTY.planner - DEBUG - Операция 4 запланирована, время завершения: 37.33
2025-09-27 12:10:43 - ROBOTY.planner - DEBUG - Операция 5 запланирована, время завершения: 47.79
2025-09-27 12:10:43 - ROBOTY.planner - DEBUG - Операция 6 запланирована, время завершения: 60.81
2025-09-27 12:10:43 - ROBOTY.planner - DEBUG - Операция 7 запланирована, время завершения: 66.98
2025-09-27 12:10:43 - ROBOTY.planner - DEBUG - Операция 8 запланирована, время завершения: 77.85
2025-09-27 12:10:43 - ROBOTY.planner - INFO - Траектория робота запланирована, общее время: 77.85
2025-09-27 12:10:43 - ROBOTY.planner - INFO - Робот 1: траектория содержит 192 точек
2025-09-27 12:10:43 - ROBOTY.planner - INFO - Планирование траектории для робота 2 (ID: 2) с 9 операциями
2025-09-27 12:10:43 - ROBOTY.planner - DEBUG - Планирование траектории для робота с 9 операциями
2025-09-27 12:10:43 - ROBOTY.planner - DEBUG - Операция 1 запланирована, время завершения: 14.43
2025-09-27 12:10:43 - ROBOTY.planner - DEBUG - Операция 2 запланирована, время завершения: 23.39
2025-09-27 12:10:43 - ROBOTY.planner - DEBUG - Операция 3 запланирована, время завершения: 34.03
2025-09-27 12:10:43 - ROBOTY.planner - DEBUG - Операция 4 запланирована, время завершения: 44.39
2025-09-27 12:10:43 - ROBOTY.planner - DEBUG - Операция 5 запланирована, время завершения: 57.69
2025-09-27 12:10:43 - ROBOTY.planner - DEBUG - Операция 6 запланирована, время завершения: 70.45
2025-09-27 12:10:43 - ROBOTY.planner - DEBUG - Операция 7 запланирована, время завершения: 80.12
2025-09-27 12:10:43 - ROBOTY.planner - DEBUG - Операция 8 запланирована, время завершения: 87.58
2025-09-27 12:10:43 - ROBOTY.planner - DEBUG - Операция 9 запланирована, время завершения: 97.75
2025-09-27 12:10:43 - ROBOTY.planner - INFO - Траектория робота запланирована, общее время: 97.75
2025-09-27 12:10:43 - ROBOTY.planner - INFO - Робот 2: траектория содержит 216 точек
2025-09-27 12:10:43 - ROBOTY.planner - INFO - Планирование траектории для робота 3 (ID: 3) с 5 операциями
2025-09-27 12:10:43 - ROBOTY.planner - DEBUG - Планирование траектории для робота с 5 операциями
2025-09-27 12:10:43 - ROBOTY.planner - DEBUG - Операция 1 запланирована, время завершения: 14.68
2025-09-27 12:10:43 - ROBOTY.planner - DEBUG - Операция 2 запланирована, время завершения: 23.43
2025-09-27 12:10:43 - ROBOTY.planner - DEBUG - Операция 3 запланирована, время завершения: 33.72
2025-09-27 12:10:43 - ROBOTY.planner - DEBUG - Операция 4 запланирована, время завершения: 45.99
2025-09-27 12:10:43 - ROBOTY.planner - DEBUG - Операция 5 запланирована, время завершения: 65.19
2025-09-27 12:10:43 - ROBOTY.planner - INFO - Траектория робота запланирована, общее время: 65.19
2025-09-27 12:10:43 - ROBOTY.planner - INFO - Робот 3: траектория содержит 120 точек
2025-09-27 12:10:43 - ROBOTY.planner - INFO - Планирование траектории для робота 4 (ID: 4) с 8 операциями
2025-09-27 12:10:43 - ROBOTY.planner - DEBUG - Планирование траектории для робота с 8 операциями
2025-09-27 12:10:43 - ROBOTY.planner - DEBUG - Операция 1 запланирована, время завершения: 10.55
2025-09-27 12:10:43 - ROBOTY.planner - DEBUG - Операция 2 запланирована, время завершения: 22.79
2025-09-27 12:10:43 - ROBOTY.planner - DEBUG - Операция 3 запланирована, время завершения: 29.12
2025-09-27 12:10:43 - ROBOTY.planner - DEBUG - Операция 4 запланирована, время завершения: 38.35
2025-09-27 12:10:43 - ROBOTY.planner - DEBUG - Операция 5 запланирована, время завершения: 48.93
2025-09-27 12:10:43 - ROBOTY.planner - DEBUG - Операция 6 запланирована, время завершения: 59.72
2025-09-27 12:10:43 - ROBOTY.planner - DEBUG - Операция 7 запланирована, время завершения: 72.84
2025-09-27 12:10:43 - ROBOTY.planner - DEBUG - Операция 8 запланирована, время завершения: 88.42
2025-09-27 12:10:43 - ROBOTY.planner - INFO - Траектория робота запланирована, общее время: 88.42
2025-09-27 12:10:43 - ROBOTY.planner - INFO - Робот 4: траектория содержит 192 точек
2025-09-27 12:10:43 - ROBOTY.planner - INFO - Планирование завершено. Makespan: 97.75
2025-09-27 12:10:43 - ROBOTY.main - INFO - Планировщик успешно завершил работу
2025-09-27 12:10:43 - ROBOTY.collision - INFO - Начинаем детальную проверку коллизий
2025-09-27 12:10:43 - ROBOTY.collision - DEBUG - Проверяем коллизии в диапазоне времени: 0.00 - 97.75
2025-09-27 12:10:43 - ROBOTY.collision - WARNING - Коллизия: роботы 1 и 4 в 6.40s, расстояние: 0.442, требуется: 0.500
2025-09-27 12:10:43 - ROBOTY.collision - WARNING - Коллизия: роботы 1 и 4 в 6.50s, расстояние: 0.332, требуется: 0.500
2025-09-27 12:10:43 - ROBOTY.collision - WARNING - Коллизия: роботы 1 и 4 в 6.60s, расстояние: 0.229, требуется: 0.500
2025-09-27 12:10:43 - ROBOTY.collision - WARNING - Коллизия: роботы 1 и 4 в 6.70s, расстояние: 0.149, требуется: 0.500
2025-09-27 12:10:43 - ROBOTY.collision - WARNING - Коллизия: роботы 1 и 4 в 6.80s, расстояние: 0.139, требуется: 0.500
2025-09-27 12:10:43 - ROBOTY.collision - WARNING - Коллизия: роботы 1 и 4 в 6.90s, расстояние: 0.209, требуется: 0.500
2025-09-27 12:10:43 - ROBOTY.collision - WARNING - Коллизия: роботы 1 и 4 в 7.00s, расстояние: 0.310, требуется: 0.500
2025-09-27 12:10:43 - ROBOTY.collision - WARNING - Коллизия: роботы 1 и 4 в 7.10s, расстояние: 0.441, требуется: 0.500
2025-09-27 12:10:43 - ROBOTY.collision - WARNING - Коллизия: роботы 1 и 2 в 12.90s, расстояние: 0.410, требуется: 0.500
2025-09-27 12:10:43 - ROBOTY.collision - WARNING - Коллизия: роботы 1 и 2 в 13.00s, расстояние: 0.303, требуется: 0.500
2025-09-27 12:10:43 - ROBOTY.collision - WARNING - Коллизия: роботы 1 и 2 в 13.10s, расстояние: 0.288, требуется: 0.500
2025-09-27 12:10:43 - ROBOTY.collision - WARNING - Коллизия: роботы 1 и 2 в 13.20s, расстояние: 0.360, требуется: 0.500
2025-09-27 12:10:43 - ROBOTY.collision - WARNING - Коллизия: роботы 1 и 2 в 13.30s, расстояние: 0.480, требуется: 0.500
2025-09-27 12:10:43 - ROBOTY.collision - WARNING - Коллизия: роботы 2 и 4 в 30.10s, расстояние: 0.420, требуется: 0.500
2025-09-27 12:10:43 - ROBOTY.collision - WARNING - Коллизия: роботы 2 и 4 в 30.20s, расстояние: 0.199, требуется: 0.500
2025-09-27 12:10:43 - ROBOTY.collision - WARNING - Коллизия: роботы 2 и 4 в 30.30s, расстояние: 0.086, требуется: 0.500
2025-09-27 12:10:43 - ROBOTY.collision - WARNING - Коллизия: роботы 2 и 4 в 30.40s, расстояние: 0.283, требуется: 0.500
2025-09-27 12:10:43 - ROBOTY.collision - WARNING - Коллизия: роботы 1 и 4 в 62.30s, расстояние: 0.329, требуется: 0.500
2025-09-27 12:10:43 - ROBOTY.collision - WARNING - Коллизия: роботы 1 и 4 в 62.40s, расстояние: 0.150, требуется: 0.500
2025-09-27 12:10:43 - ROBOTY.collision - WARNING - Коллизия: роботы 1 и 4 в 62.50s, расстояние: 0.181, требуется: 0.500
2025-09-27 12:10:43 - ROBOTY.collision - WARNING - Коллизия: роботы 1 и 4 в 62.60s, расстояние: 0.373, требуется: 0.500
2025-09-27 12:10:43 - ROBOTY.collision - ERROR - Обнаружено 21 коллизий
2025-09-27 12:10:43 - ROBOTY.main - WARNING - Обнаружено 21 коллизий, применяем онлайн-безопасность
2025-09-27 12:10:43 - ROBOTY.safety - INFO - Применяем онлайн-безопасность: вставка пауз при коллизиях
2025-09-27 12:10:43 - ROBOTY.collision - INFO - Начинаем детальную проверку коллизий
2025-09-27 12:10:43 - ROBOTY.collision - DEBUG - Проверяем коллизии в диапазоне времени: 0.00 - 97.75
2025-09-27 12:10:43 - ROBOTY.collision - WARNING - Коллизия: роботы 1 и 4 в 6.35s, расстояние: 0.498, требуется: 0.500
2025-09-27 12:10:43 - ROBOTY.collision - WARNING - Коллизия: роботы 1 и 4 в 6.40s, расстояние: 0.442, требуется: 0.500
2025-09-27 12:10:43 - ROBOTY.collision - WARNING - Коллизия: роботы 1 и 4 в 6.45s, расстояние: 0.386, требуется: 0.500
2025-09-27 12:10:43 - ROBOTY.collision - WARNING - Коллизия: роботы 1 и 4 в 6.50s, расстояние: 0.332, требуется: 0.500
2025-09-27 12:10:43 - ROBOTY.collision - WARNING - Коллизия: роботы 1 и 4 в 6.55s, расстояние: 0.279, требуется: 0.500
2025-09-27 12:10:43 - ROBOTY.collision - WARNING - Коллизия: роботы 1 и 4 в 6.60s, расстояние: 0.229, требуется: 0.500
2025-09-27 12:10:43 - ROBOTY.collision - WARNING - Коллизия: роботы 1 и 4 в 6.65s, расстояние: 0.184, требуется: 0.500
2025-09-27 12:10:43 - ROBOTY.collision - WARNING - Коллизия: роботы 1 и 4 в 6.70s, расстояние: 0.149, требуется: 0.500
2025-09-27 12:10:43 - ROBOTY.collision - WARNING - Коллизия: роботы 1 и 4 в 6.75s, расстояние: 0.131, требуется: 0.500
2025-09-27 12:10:43 - ROBOTY.collision - WARNING - Коллизия: роботы 1 и 4 в 6.80s, расстояние: 0.139, требуется: 0.500
2025-09-27 12:10:43 - ROBOTY.collision - WARNING - Коллизия: роботы 1 и 4 в 6.85s, расстояние: 0.167, требуется: 0.500
2025-09-27 12:10:43 - ROBOTY.collision - WARNING - Коллизия: роботы 1 и 4 в 6.90s, расстояние: 0.209, требуется: 0.500
2025-09-27 12:10:43 - ROBOTY.collision - WARNING - Коллизия: роботы 1 и 4 в 6.95s, расстояние: 0.257, требуется: 0.500
2025-09-27 12:10:43 - ROBOTY.collision - WARNING - Коллизия: роботы 1 и 4 в 7.00s, расстояние: 0.310, требуется: 0.500
2025-09-27 12:10:43 - ROBOTY.collision - WARNING - Коллизия: роботы 1 и 4 в 7.05s, расстояние: 0.375, требуется: 0.500
2025-09-27 12:10:43 - ROBOTY.collision - WARNING - Коллизия: роботы 1 и 4 в 7.10s, расстояние: 0.441, требуется: 0.500
2025-09-27 12:10:43 - ROBOTY.collision - WARNING - Коллизия: роботы 1 и 2 в 12.90s, расстояние: 0.410, требуется: 0.500
2025-09-27 12:10:43 - ROBOTY.collision - WARNING - Коллизия: роботы 1 и 2 в 12.95s, расстояние: 0.341, требуется: 0.500
2025-09-27 12:10:43 - ROBOTY.collision - WARNING - Коллизия: роботы 1 и 2 в 13.00s, расстояние: 0.303, требуется: 0.500
2025-09-27 12:10:43 - ROBOTY.collision - WARNING - Коллизия: роботы 1 и 2 в 13.05s, расстояние: 0.284, требуется: 0.500
2025-09-27 12:10:43 - ROBOTY.collision - WARNING - Коллизия: роботы 1 и 2 в 13.10s, расстояние: 0.288, требуется: 0.500
2025-09-27 12:10:43 - ROBOTY.collision - WARNING - Коллизия: роботы 1 и 2 в 13.15s, расстояние: 0.315, требуется: 0.500
2025-09-27 12:10:43 - ROBOTY.collision - WARNING - Коллизия: роботы 1 и 2 в 13.20s, расстояние: 0.360, требуется: 0.500
2025-09-27 12:10:43 - ROBOTY.collision - WARNING - Коллизия: роботы 1 и 2 в 13.25s, расстояние: 0.416, требуется: 0.500
2025-09-27 12:10:43 - ROBOTY.collision - WARNING - Коллизия: роботы 1 и 2 в 13.30s, расстояние: 0.480, требуется: 0.500
2025-09-27 12:10:43 - ROBOTY.collision - WARNING - Коллизия: роботы 2 и 4 в 30.10s, расстояние: 0.420, требуется: 0.500
2025-09-27 12:10:43 - ROBOTY.collision - WARNING - Коллизия: роботы 2 и 4 в 30.15s, расстояние: 0.308, требуется: 0.500
2025-09-27 12:10:43 - ROBOTY.collision - WARNING - Коллизия: роботы 2 и 4 в 30.20s, расстояние: 0.199, требуется: 0.500
2025-09-27 12:10:43 - ROBOTY.collision - WARNING - Коллизия: роботы 2 и 4 в 30.25s, расстояние: 0.102, требуется: 0.500
2025-09-27 12:10:43 - ROBOTY.collision - WARNING - Коллизия: роботы 2 и 4 в 30.30s, расстояние: 0.086, требуется: 0.500
2025-09-27 12:10:43 - ROBOTY.collision - WARNING - Коллизия: роботы 2 и 4 в 30.35s, расстояние: 0.175, требуется: 0.500
2025-09-27 12:10:43 - ROBOTY.collision - WARNING - Коллизия: роботы 2 и 4 в 30.40s, расстояние: 0.283, требуется: 0.500
2025-09-27 12:10:43 - ROBOTY.collision - WARNING - Коллизия: роботы 2 и 4 в 30.45s, расстояние: 0.395, требуется: 0.500
2025-09-27 12:10:43 - ROBOTY.collision - WARNING - Коллизия: роботы 1 и 4 в 62.25s, расстояние: 0.432, требуется: 0.500
2025-09-27 12:10:43 - ROBOTY.collision - WARNING - Коллизия: роботы 1 и 4 в 62.30s, расстояние: 0.329, требуется: 0.500
2025-09-27 12:10:43 - ROBOTY.collision - WARNING - Коллизия: роботы 1 и 4 в 62.35s, расстояние: 0.231, требуется: 0.500
2025-09-27 12:10:43 - ROBOTY.collision - WARNING - Коллизия: роботы 1 и 4 в 62.40s, расстояние: 0.150, требуется: 0.500
2025-09-27 12:10:43 - ROBOTY.collision - WARNING - Коллизия: роботы 1 и 4 в 62.45s, расстояние: 0.126, требуется: 0.500
2025-09-27 12:10:43 - ROBOTY.collision - WARNING - Коллизия: роботы 1 и 4 в 62.50s, расстояние: 0.181, требуется: 0.500
2025-09-27 12:10:43 - ROBOTY.collision - WARNING - Коллизия: роботы 1 и 4 в 62.55s, расстояние: 0.272, требуется: 0.500
2025-09-27 12:10:43 - ROBOTY.collision - WARNING - Коллизия: роботы 1 и 4 в 62.60s, расстояние: 0.373, требуется: 0.500
2025-09-27 12:10:43 - ROBOTY.collision - WARNING - Коллизия: роботы 1 и 4 в 62.65s, расстояние: 0.477, требуется: 0.500
2025-09-27 12:10:43 - ROBOTY.collision - ERROR - Обнаружено 42 коллизий
2025-09-27 12:10:43 - ROBOTY.safety - DEBUG - Добавлена пауза 0.60s роботу 1 в t=6.35s
2025-09-27 12:10:43 - ROBOTY.safety - DEBUG - Добавлена пауза 0.60s роботу 4 в t=6.35s
2025-09-27 12:10:43 - ROBOTY.safety - DEBUG - Добавлена пауза 0.60s роботу 1 в t=6.40s
2025-09-27 12:10:43 - ROBOTY.safety - DEBUG - Добавлена пауза 0.60s роботу 4 в t=6.40s
2025-09-27 12:10:43 - ROBOTY.safety - DEBUG - Добавлена пауза 0.60s роботу 1 в t=6.45s
2025-09-27 12:10:43 - ROBOTY.safety - DEBUG - Добавлена пауза 0.60s роботу 4 в t=6.45s
2025-09-27 12:10:43 - ROBOTY.safety - DEBUG - Добавлена пауза 0.60s роботу 1 в t=6.50s
2025-09-27 12:10:43 - ROBOTY.safety - DEBUG - Добавлена пауза 0.60s роботу 4 в t=6.50s
2025-09-27 12:10:43 - ROBOTY.safety - DEBUG - Добавлена пауза 0.60s роботу 1 в t=6.55s
2025-09-27 12:10:43 - ROBOTY.safety - DEBUG - Добавлена пауза 0.60s роботу 4 в t=6.55s
2025-09-27 12:10:43 - ROBOTY.safety - DEBUG - Добавлена пауза 0.60s роботу 1 в t=6.60s
2025-09-27 12:10:43 - ROBOTY.safety - DEBUG - Добавлена пауза 0.60s роботу 4 в t=6.60s
2025-09-27 12:10:43 - ROBOTY.safety - DEBUG - Добавлена пауза 0.60s роботу 1 в t=6.65s
2025-09-27 12:10:43 - ROBOTY.safety - DEBUG - Добавлена пауза 0.60s роботу 4 в t=6.65s
2025-09-27 12:10:43 - ROBOTY.safety - DEBUG - Добавлена пауза 0.60s роботу 1 в t=6.70s
2025-09-27 12:10:43 - ROBOTY.safety - DEBUG - Добавлена пауза 0.60s роботу 4 в t=6.70s
2025-09-27 12:10:43 - ROBOTY.safety - DEBUG - Добавлена пауза 0.60s роботу 1 в t=6.75s
2025-09-27 12:10:43 - ROBOTY.safety - DEBUG - Добавлена пауза 0.60s роботу 4 в t=6.75s
2025-09-27 12:10:43 - ROBOTY.safety - DEBUG - Добавлена пауза 0.60s роботу 1 в t=6.80s
2025-09-27 12:10:43 - ROBOTY.safety - DEBUG - Добавлена пауза 0.60s роботу 4 в t=6.80s
2025-09-27 12:10:43 - ROBOTY.safety - DEBUG - Добавлена пауза 0.60s роботу 1 в t=6.85s
2025-09-27 12:10:43 - ROBOTY.safety - DEBUG - Добавлена пауза 0.60s роботу 4 в t=6.85s
2025-09-27 12:10:43 - ROBOTY.safety - DEBUG - Добавлена пауза 0.60s роботу 1 в t=6.90s
2025-09-27 12:10:43 - ROBOTY.safety - DEBUG - Добавлена пауза 0.60s роботу 4 в t=6.90s
2025-09-27 12:10:43 - ROBOTY.safety - DEBUG - Добавлена пауза 0.60s роботу 1 в t=6.95s
2025-09-27 12:10:43 - ROBOTY.safety - DEBUG - Добавлена пауза 0.60s роботу 4 в t=6.95s
2025-09-27 12:10:43 - ROBOTY.safety - DEBUG - Добавлена пауза 0.60s роботу 1 в t=7.00s
2025-09-27 12:10:43 - ROBOTY.safety - DEBUG - Добавлена пауза 0.60s роботу 4 в t=7.00s
2025-09-27 12:10:43 - ROBOTY.safety - DEBUG - Добавлена пауза 0.60s роботу 1 в t=7.05s
2025-09-27 12:10:43 - ROBOTY.safety - DEBUG - Добавлена пауза 0.60s роботу 4 в t=7.05s
2025-09-27 12:10:43 - ROBOTY.safety - DEBUG - Добавлена пауза 0.60s роботу 1 в t=7.10s
2025-09-27 12:10:43 - ROBOTY.safety - DEBUG - Добавлена пауза 0.60s роботу 4 в t=7.10s
2025-09-27 12:10:43 - ROBOTY.safety - DEBUG - Добавлена пауза 0.60s роботу 1 в t=12.90s
2025-09-27 12:10:43 - ROBOTY.safety - DEBUG - Добавлена пауза 0.60s роботу 2 в t=12.90s
2025-09-27 12:10:43 - ROBOTY.safety - DEBUG - Добавлена пауза 0.60s роботу 1 в t=12.95s
2025-09-27 12:10:43 - ROBOTY.safety - DEBUG - Добавлена пауза 0.60s роботу 2 в t=12.95s
2025-09-27 12:10:43 - ROBOTY.safety - DEBUG - Добавлена пауза 0.60s роботу 1 в t=13.00s
2025-09-27 12:10:43 - ROBOTY.safety - DEBUG - Добавлена пауза 0.60s роботу 2 в t=13.00s
2025-09-27 12:10:43 - ROBOTY.safety - DEBUG - Добавлена пауза 0.60s роботу 1 в t=13.05s
2025-09-27 12:10:43 - ROBOTY.safety - DEBUG - Добавлена пауза 0.60s роботу 2 в t=13.05s
2025-09-27 12:10:43 - ROBOTY.safety - DEBUG - Добавлена пауза 0.60s роботу 1 в t=13.10s
2025-09-27 12:10:43 - ROBOTY.safety - DEBUG - Добавлена пауза 0.60s роботу 2 в t=13.10s
2025-09-27 12:10:43 - ROBOTY.safety - DEBUG - Добавлена пауза 0.60s роботу 1 в t=13.15s
2025-09-27 12:10:43 - ROBOTY.safety - DEBUG - Добавлена пауза 0.60s роботу 2 в t=13.15s
2025-09-27 12:10:43 - ROBOTY.safety - DEBUG - Добавлена пауза 0.60s роботу 1 в t=13.20s
2025-09-27 12:10:43 - ROBOTY.safety - DEBUG - Добавлена пауза 0.60s роботу 2 в t=13.20s
2025-09-27 12:10:43 - ROBOTY.safety - DEBUG - Добавлена пауза 0.60s роботу 1 в t=13.25s
2025-09-27 12:10:43 - ROBOTY.safety - DEBUG - Добавлена пауза 0.60s роботу 2 в t=13.25s
2025-09-27 12:10:43 - ROBOTY.safety - DEBUG - Добавлена пауза 0.60s роботу 1 в t=13.30s
2025-09-27 12:10:43 - ROBOTY.safety - DEBUG - Добавлена пауза 0.60s роботу 2 в t=13.30s
2025-09-27 12:10:43 - ROBOTY.safety - DEBUG - Добавлена пауза 0.60s роботу 2 в t=30.10s
2025-09-27 12:10:43 - ROBOTY.safety - DEBUG - Добавлена пауза 0.60s роботу 4 в t=30.10s
2025-09-27 12:10:43 - ROBOTY.safety - DEBUG - Добавлена пауза 0.60s роботу 2 в t=30.15s
2025-09-27 12:10:43 - ROBOTY.safety - DEBUG - Добавлена пауза 0.60s роботу 4 в t=30.15s
2025-09-27 12:10:43 - ROBOTY.safety - DEBUG - Добавлена пауза 0.60s роботу 2 в t=30.20s
2025-09-27 12:10:43 - ROBOTY.safety - DEBUG - Добавлена пауза 0.60s роботу 4 в t=30.20s
2025-09-27 12:10:43 - ROBOTY.safety - DEBUG - Добавлена пауза 0.60s роботу 2 в t=30.25s
2025-09-27 12:10:43 - ROBOTY.safety - DEBUG - Добавлена пауза 0.60s роботу 4 в t=30.25s
2025-09-27 12:10:43 - ROBOTY.safety - DEBUG - Добавлена пауза 0.60s роботу 2 в t=30.30s
2025-09-27 12:10:43 - ROBOTY.safety - DEBUG - Добавлена пауза 0.60s роботу 4 в t=30.30s
2025-09-27 12:10:43 - ROBOTY.safety - DEBUG - Добавлена пауза 0.60s роботу 2 в t=30.35s
2025-09-27 12:10:43 - ROBOTY.safety - DEBUG - Добавлена пауза 0.60s роботу 4 в t=30.35s
2025-09-27 12:10:43 - ROBOTY.safety - DEBUG - Добавлена пауза 0.60s роботу 2 в t=30.40s
2025-09-27 12:10:43 - ROBOTY.safety - DEBUG - Добавлена пауза 0.60s роботу 4 в t=30.40s
2025-09-27 12:10:43 - ROBOTY.safety - DEBUG - Добавлена пауза 0.60s роботу 2 в t=30.45s
2025-09-27 12:10:43 - ROBOTY.safety - DEBUG - Добавлена пауза 0.60s роботу 4 в t=30.45s
2025-09-27 12:10:43 - ROBOTY.safety - DEBUG - Добавлена пауза 0.60s роботу 1 в t=62.25s
2025-09-27 12:10:43 - ROBOTY.safety - DEBUG - Добавлена пауза 0.60s роботу 4 в t=62.25s
2025-09-27 12:10:43 - ROBOTY.safety - DEBUG - Добавлена пауза 0.60s роботу 1 в t=62.30s
2025-09-27 12:10:43 - ROBOTY.safety - DEBUG - Добавлена пауза 0.60s роботу 4 в t=62.30s
2025-09-27 12:10:43 - ROBOTY.safety - DEBUG - Добавлена пауза 0.60s роботу 1 в t=62.35s
2025-09-27 12:10:43 - ROBOTY.safety - DEBUG - Добавлена пауза 0.60s роботу 4 в t=62.35s
2025-09-27 12:10:43 - ROBOTY.safety - DEBUG - Добавлена пауза 0.60s роботу 1 в t=62.40s
2025-09-27 12:10:43 - ROBOTY.safety - DEBUG - Добавлена пауза 0.60s роботу 4 в t=62.40s
2025-09-27 12:10:43 - ROBOTY.safety - DEBUG - Добавлена пауза 0.60s роботу 1 в t=62.45s
2025-09-27 12:10:43 - ROBOTY.safety - DEBUG - Добавлена пауза 0.60s роботу 4 в t=62.45s
2025-09-27 12:10:43 - ROBOTY.safety - DEBUG - Добавлена пауза 0.60s роботу 1 в t=62.50s
2025-09-27 12:10:43 - ROBOTY.safety - DEBUG - Добавлена пауза 0.60s роботу 4 в t=62.50s
2025-09-27 12:10:43 - ROBOTY.safety - DEBUG - Добавлена пауза 0.60s роботу 1 в t=62.55s
2025-09-27 12:10:43 - ROBOTY.safety - DEBUG - Добавлена пауза 0.60s роботу 4 в t=62.55s
2025-09-27 12:10:43 - ROBOTY.safety - DEBUG - Добавлена пауза 0.60s роботу 1 в t=62.60s
2025-09-27 12:10:43 - ROBOTY.safety - DEBUG - Добавлена пауза 0.60s роботу 4 в t=62.60s
2025-09-27 12:10:43 - ROBOTY.safety - DEBUG - Добавлена пауза 0.60s роботу 1 в t=62.65s
2025-09-27 12:10:43 - ROBOTY.safety - DEBUG - Добавлена пауза 0.60s роботу 4 в t=62.65s
2025-09-27 12:10:43 - ROBOTY.safety - INFO - Онлайн-безопасность применена: паузы вставлены
2025-09-27 12:10:43 - ROBOTY.collision - INFO - Начинаем детальную проверку коллизий
2025-09-27 12:10:43 - ROBOTY.collision - DEBUG - Проверяем коллизии в диапазоне времени: 0.00 - 108.22
2025-09-27 12:10:43 - ROBOTY.collision - WARNING - Коллизия: роботы 1 и 4 в 6.40s, расстояние: 0.498, требуется: 0.500
2025-09-27 12:10:43 - ROBOTY.collision - WARNING - Коллизия: роботы 1 и 4 в 6.50s, расстояние: 0.498, требуется: 0.500
2025-09-27 12:10:43 - ROBOTY.collision - WARNING - Коллизия: роботы 1 и 4 в 6.60s, расстояние: 0.498, требуется: 0.500
2025-09-27 12:10:43 - ROBOTY.collision - WARNING - Коллизия: роботы 1 и 4 в 6.70s, расстояние: 0.498, требуется: 0.500
2025-09-27 12:10:43 - ROBOTY.collision - WARNING - Коллизия: роботы 1 и 4 в 6.80s, расстояние: 0.498, требуется: 0.500
2025-09-27 12:10:43 - ROBOTY.collision - WARNING - Коллизия: роботы 1 и 4 в 6.90s, расстояние: 0.498, требуется: 0.500
2025-09-27 12:10:43 - ROBOTY.collision - WARNING - Коллизия: роботы 1 и 4 в 7.00s, расстояние: 0.498, требуется: 0.500
2025-09-27 12:10:43 - ROBOTY.collision - WARNING - Коллизия: роботы 1 и 4 в 7.10s, расстояние: 0.498, требуется: 0.500
2025-09-27 12:10:43 - ROBOTY.collision - WARNING - Коллизия: роботы 1 и 4 в 7.20s, расстояние: 0.498, требуется: 0.500
2025-09-27 12:10:43 - ROBOTY.collision - WARNING - Коллизия: роботы 1 и 4 в 7.30s, расстояние: 0.498, требуется: 0.500
2025-09-27 12:10:43 - ROBOTY.collision - WARNING - Коллизия: роботы 1 и 4 в 7.40s, расстояние: 0.498, требуется: 0.500
2025-09-27 12:10:43 - ROBOTY.collision - WARNING - Коллизия: роботы 1 и 4 в 7.50s, расстояние: 0.498, требуется: 0.500
2025-09-27 12:10:43 - ROBOTY.collision - WARNING - Коллизия: роботы 1 и 4 в 7.60s, расстояние: 0.498, требуется: 0.500
2025-09-27 12:10:43 - ROBOTY.collision - WARNING - Коллизия: роботы 1 и 4 в 7.70s, расстояние: 0.498, требуется: 0.500
2025-09-27 12:10:43 - ROBOTY.collision - WARNING - Коллизия: роботы 1 и 4 в 7.80s, расстояние: 0.498, требуется: 0.500
2025-09-27 12:10:43 - ROBOTY.collision - WARNING - Коллизия: роботы 1 и 4 в 7.90s, расстояние: 0.498, требуется: 0.500
2025-09-27 12:10:43 - ROBOTY.collision - WARNING - Коллизия: роботы 1 и 4 в 8.00s, расстояние: 0.498, требуется: 0.500
2025-09-27 12:10:43 - ROBOTY.collision - WARNING - Коллизия: роботы 1 и 4 в 8.10s, расстояние: 0.498, требуется: 0.500
2025-09-27 12:10:43 - ROBOTY.collision - WARNING - Коллизия: роботы 1 и 4 в 8.20s, расстояние: 0.498, требуется: 0.500
2025-09-27 12:10:43 - ROBOTY.collision - WARNING - Коллизия: роботы 1 и 4 в 8.30s, расстояние: 0.498, требуется: 0.500
2025-09-27 12:10:43 - ROBOTY.collision - WARNING - Коллизия: роботы 1 и 4 в 8.40s, расстояние: 0.498, требуется: 0.500
2025-09-27 12:10:43 - ROBOTY.collision - WARNING - Коллизия: роботы 1 и 4 в 8.50s, расстояние: 0.498, требуется: 0.500
2025-09-27 12:10:43 - ROBOTY.collision - WARNING - Коллизия: роботы 1 и 4 в 8.60s, расстояние: 0.498, требуется: 0.500
2025-09-27 12:10:43 - ROBOTY.collision - WARNING - Коллизия: роботы 1 и 4 в 8.70s, расстояние: 0.498, требуется: 0.500
2025-09-27 12:10:43 - ROBOTY.collision - WARNING - Коллизия: роботы 1 и 4 в 8.80s, расстояние: 0.498, требуется: 0.500
2025-09-27 12:10:43 - ROBOTY.collision - WARNING - Коллизия: роботы 1 и 4 в 8.90s, расстояние: 0.498, требуется: 0.500
2025-09-27 12:10:43 - ROBOTY.collision - WARNING - Коллизия: роботы 1 и 4 в 9.00s, расстояние: 0.498, требуется: 0.500
2025-09-27 12:10:43 - ROBOTY.collision - WARNING - Коллизия: роботы 1 и 4 в 9.10s, расстояние: 0.498, требуется: 0.500
2025-09-27 12:10:43 - ROBOTY.collision - WARNING - Коллизия: роботы 1 и 4 в 9.20s, расстояние: 0.498, требуется: 0.500
2025-09-27 12:10:43 - ROBOTY.collision - WARNING - Коллизия: роботы 1 и 4 в 9.30s, расстояние: 0.498, требуется: 0.500
2025-09-27 12:10:43 - ROBOTY.collision - WARNING - Коллизия: роботы 1 и 4 в 9.40s, расстояние: 0.498, требуется: 0.500
2025-09-27 12:10:43 - ROBOTY.collision - WARNING - Коллизия: роботы 1 и 4 в 9.50s, расстояние: 0.498, требуется: 0.500
2025-09-27 12:10:43 - ROBOTY.collision - WARNING - Коллизия: роботы 1 и 4 в 9.60s, расстояние: 0.498, требуется: 0.500
2025-09-27 12:10:43 - ROBOTY.collision - WARNING - Коллизия: роботы 1 и 4 в 9.70s, расстояние: 0.498, требуется: 0.500
2025-09-27 12:10:43 - ROBOTY.collision - WARNING - Коллизия: роботы 1 и 4 в 9.80s, расстояние: 0.498, требуется: 0.500
2025-09-27 12:10:43 - ROBOTY.collision - WARNING - Коллизия: роботы 1 и 4 в 9.90s, расстояние: 0.498, требуется: 0.500
2025-09-27 12:10:43 - ROBOTY.collision - WARNING - Коллизия: роботы 1 и 4 в 10.00s, расстояние: 0.498, требуется: 0.500
2025-09-27 12:10:43 - ROBOTY.collision - WARNING - Коллизия: роботы 1 и 4 в 10.10s, расстояние: 0.498, требуется: 0.500
2025-09-27 12:10:43 - ROBOTY.collision - WARNING - Коллизия: роботы 1 и 4 в 10.20s, расстояние: 0.498, требуется: 0.500
2025-09-27 12:10:43 - ROBOTY.collision - WARNING - Коллизия: роботы 1 и 4 в 10.30s, расстояние: 0.498, требуется: 0.500
2025-09-27 12:10:43 - ROBOTY.collision - WARNING - Коллизия: роботы 1 и 4 в 10.40s, расстояние: 0.498, требуется: 0.500
2025-09-27 12:10:43 - ROBOTY.collision - WARNING - Коллизия: роботы 1 и 4 в 10.50s, расстояние: 0.498, требуется: 0.500
2025-09-27 12:10:43 - ROBOTY.collision - WARNING - Коллизия: роботы 1 и 4 в 10.60s, расстояние: 0.498, требуется: 0.500
2025-09-27 12:10:43 - ROBOTY.collision - WARNING - Коллизия: роботы 1 и 4 в 10.70s, расстояние: 0.498, требуется: 0.500
2025-09-27 12:10:43 - ROBOTY.collision - WARNING - Коллизия: роботы 1 и 4 в 10.80s, расстояние: 0.498, требуется: 0.500
2025-09-27 12:10:43 - ROBOTY.collision - WARNING - Коллизия: роботы 1 и 4 в 10.90s, расстояние: 0.498, требуется: 0.500
2025-09-27 12:10:43 - ROBOTY.collision - WARNING - Коллизия: роботы 1 и 4 в 11.00s, расстояние: 0.498, требуется: 0.500
2025-09-27 12:10:43 - ROBOTY.collision - WARNING - Коллизия: роботы 1 и 4 в 11.10s, расстояние: 0.498, требуется: 0.500
2025-09-27 12:10:43 - ROBOTY.collision - WARNING - Коллизия: роботы 1 и 4 в 11.20s, расстояние: 0.498, требуется: 0.500
2025-09-27 12:10:43 - ROBOTY.collision - WARNING - Коллизия: роботы 1 и 4 в 11.30s, расстояние: 0.498, требуется: 0.500
2025-09-27 12:10:43 - ROBOTY.collision - WARNING - Коллизия: роботы 1 и 4 в 11.40s, расстояние: 0.498, требуется: 0.500
2025-09-27 12:10:43 - ROBOTY.collision - WARNING - Коллизия: роботы 1 и 4 в 11.50s, расстояние: 0.498, требуется: 0.500
2025-09-27 12:10:43 - ROBOTY.collision - WARNING - Коллизия: роботы 1 и 4 в 11.60s, расстояние: 0.498, требуется: 0.500
2025-09-27 12:10:43 - ROBOTY.collision - WARNING - Коллизия: роботы 1 и 4 в 11.70s, расстояние: 0.498, требуется: 0.500
2025-09-27 12:10:43 - ROBOTY.collision - WARNING - Коллизия: роботы 1 и 4 в 11.80s, расстояние: 0.498, требуется: 0.500
2025-09-27 12:10:43 - ROBOTY.collision - WARNING - Коллизия: роботы 1 и 4 в 11.90s, расстояние: 0.498, требуется: 0.500
2025-09-27 12:10:43 - ROBOTY.collision - WARNING - Коллизия: роботы 1 и 4 в 12.00s, расстояние: 0.498, требуется: 0.500
2025-09-27 12:10:43 - ROBOTY.collision - WARNING - Коллизия: роботы 1 и 4 в 12.10s, расстояние: 0.498, требуется: 0.500
2025-09-27 12:10:43 - ROBOTY.collision - WARNING - Коллизия: роботы 1 и 4 в 12.20s, расстояние: 0.498, требуется: 0.500
2025-09-27 12:10:43 - ROBOTY.collision - WARNING - Коллизия: роботы 1 и 4 в 12.30s, расстояние: 0.498, требуется: 0.500
2025-09-27 12:10:43 - ROBOTY.collision - WARNING - Коллизия: роботы 1 и 4 в 12.40s, расстояние: 0.498, требуется: 0.500
2025-09-27 12:10:43 - ROBOTY.collision - WARNING - Коллизия: роботы 1 и 4 в 12.50s, расстояние: 0.498, требуется: 0.500
2025-09-27 12:10:43 - ROBOTY.collision - WARNING - Коллизия: роботы 1 и 4 в 12.60s, расстояние: 0.498, требуется: 0.500
2025-09-27 12:10:43 - ROBOTY.collision - WARNING - Коллизия: роботы 1 и 4 в 12.70s, расстояние: 0.498, требуется: 0.500
2025-09-27 12:10:43 - ROBOTY.collision - WARNING - Коллизия: роботы 1 и 4 в 12.80s, расстояние: 0.498, требуется: 0.500
2025-09-27 12:10:43 - ROBOTY.collision - WARNING - Коллизия: роботы 1 и 4 в 12.90s, расстояние: 0.498, требуется: 0.500
2025-09-27 12:10:43 - ROBOTY.collision - WARNING - Коллизия: роботы 1 и 4 в 13.00s, расстояние: 0.498, требуется: 0.500
2025-09-27 12:10:43 - ROBOTY.collision - WARNING - Коллизия: роботы 1 и 4 в 13.10s, расстояние: 0.498, требуется: 0.500
2025-09-27 12:10:43 - ROBOTY.collision - WARNING - Коллизия: роботы 1 и 4 в 13.20s, расстояние: 0.498, требуется: 0.500
2025-09-27 12:10:43 - ROBOTY.collision - WARNING - Коллизия: роботы 1 и 4 в 13.30s, расстояние: 0.498, требуется: 0.500
2025-09-27 12:10:43 - ROBOTY.collision - WARNING - Коллизия: роботы 1 и 4 в 13.40s, расстояние: 0.498, требуется: 0.500
2025-09-27 12:10:43 - ROBOTY.collision - WARNING - Коллизия: роботы 1 и 4 в 13.50s, расстояние: 0.498, требуется: 0.500
2025-09-27 12:10:43 - ROBOTY.collision - WARNING - Коллизия: роботы 1 и 4 в 13.60s, расстояние: 0.498, требуется: 0.500
2025-09-27 12:10:43 - ROBOTY.collision - WARNING - Коллизия: роботы 1 и 4 в 13.70s, расстояние: 0.498, требуется: 0.500
2025-09-27 12:10:43 - ROBOTY.collision - WARNING - Коллизия: роботы 1 и 4 в 13.80s, расстояние: 0.498, требуется: 0.500
2025-09-27 12:10:43 - ROBOTY.collision - WARNING - Коллизия: роботы 1 и 4 в 13.90s, расстояние: 0.498, требуется: 0.500
2025-09-27 12:10:43 - ROBOTY.collision - WARNING - Коллизия: роботы 1 и 4 в 14.00s, расстояние: 0.498, требуется: 0.500
2025-09-27 12:10:43 - ROBOTY.collision - WARNING - Коллизия: роботы 1 и 4 в 14.10s, расстояние: 0.498, требуется: 0.500
2025-09-27 12:10:43 - ROBOTY.collision - WARNING - Коллизия: роботы 1 и 4 в 14.20s, расстояние: 0.498, требуется: 0.500
2025-09-27 12:10:43 - ROBOTY.collision - WARNING - Коллизия: роботы 1 и 4 в 14.30s, расстояние: 0.498, требуется: 0.500
2025-09-27 12:10:43 - ROBOTY.collision - WARNING - Коллизия: роботы 1 и 4 в 14.40s, расстояние: 0.498, требуется: 0.500
2025-09-27 12:10:43 - ROBOTY.collision - WARNING - Коллизия: роботы 1 и 4 в 14.50s, расстояние: 0.498, требуется: 0.500
2025-09-27 12:10:43 - ROBOTY.collision - WARNING - Коллизия: роботы 1 и 4 в 14.60s, расстояние: 0.498, требуется: 0.500
2025-09-27 12:10:43 - ROBOTY.collision - WARNING - Коллизия: роботы 1 и 4 в 14.70s, расстояние: 0.498, требуется: 0.500
2025-09-27 12:10:43 - ROBOTY.collision - WARNING - Коллизия: роботы 1 и 4 в 14.80s, расстояние: 0.498, требуется: 0.500
2025-09-27 12:10:43 - ROBOTY.collision - WARNING - Коллизия: роботы 1 и 4 в 14.90s, расстояние: 0.498, требуется: 0.500
2025-09-27 12:10:43 - ROBOTY.collision - WARNING - Коллизия: роботы 1 и 4 в 15.00s, расстояние: 0.498, требуется: 0.500
2025-09-27 12:10:43 - ROBOTY.collision - WARNING - Коллизия: роботы 1 и 4 в 15.10s, расстояние: 0.498, требуется: 0.500
2025-09-27 12:10:43 - ROBOTY.collision - WARNING - Коллизия: роботы 1 и 4 в 15.20s, расстояние: 0.498, требуется: 0.500
2025-09-27 12:10:43 - ROBOTY.collision - WARNING - Коллизия: роботы 1 и 4 в 15.30s, расстояние: 0.498, требуется: 0.500
2025-09-27 12:10:43 - ROBOTY.collision - WARNING - Коллизия: роботы 1 и 4 в 15.40s, расстояние: 0.498, требуется: 0.500
2025-09-27 12:10:43 - ROBOTY.collision - WARNING - Коллизия: роботы 1 и 4 в 15.50s, расстояние: 0.498, требуется: 0.500
2025-09-27 12:10:43 - ROBOTY.collision - WARNING - Коллизия: роботы 1 и 4 в 15.60s, расстояние: 0.498, требуется: 0.500
2025-09-27 12:10:43 - ROBOTY.collision - WARNING - Коллизия: роботы 1 и 4 в 15.70s, расстояние: 0.498, требуется: 0.500
2025-09-27 12:10:43 - ROBOTY.collision - WARNING - Коллизия: роботы 1 и 4 в 15.80s, расстояние: 0.498, требуется: 0.500
2025-09-27 12:10:43 - ROBOTY.collision - WARNING - Коллизия: роботы 1 и 4 в 15.90s, расстояние: 0.498, требуется: 0.500
2025-09-27 12:10:43 - ROBOTY.collision - WARNING - Коллизия: роботы 1 и 4 в 16.00s, расстояние: 0.498, требуется: 0.500
2025-09-27 12:10:43 - ROBOTY.collision - WARNING - Коллизия: роботы 1 и 4 в 16.10s, расстояние: 0.498, требуется: 0.500
2025-09-27 12:10:43 - ROBOTY.collision - WARNING - Коллизия: роботы 1 и 4 в 16.20s, расстояние: 0.498, требуется: 0.500
2025-09-27 12:10:43 - ROBOTY.collision - WARNING - Коллизия: роботы 1 и 4 в 16.30s, расстояние: 0.498, требуется: 0.500
2025-09-27 12:10:43 - ROBOTY.collision - WARNING - Коллизия: роботы 1 и 4 в 16.40s, расстояние: 0.498, требуется: 0.500
2025-09-27 12:10:43 - ROBOTY.collision - WARNING - Коллизия: роботы 1 и 4 в 16.50s, расстояние: 0.498, требуется: 0.500
2025-09-27 12:10:43 - ROBOTY.collision - WARNING - Коллизия: роботы 1 и 4 в 16.60s, расстояние: 0.497, требуется: 0.500
2025-09-27 12:10:43 - ROBOTY.collision - WARNING - Коллизия: роботы 1 и 4 в 16.70s, расстояние: 0.481, требуется: 0.500
2025-09-27 12:10:43 - ROBOTY.collision - WARNING - Коллизия: роботы 1 и 4 в 16.80s, расстояние: 0.466, требуется: 0.500
2025-09-27 12:10:43 - ROBOTY.collision - WARNING - Коллизия: роботы 1 и 4 в 16.90s, расстояние: 0.440, требуется: 0.500
2025-09-27 12:10:43 - ROBOTY.collision - WARNING - Коллизия: роботы 1 и 4 в 17.00s, расстояние: 0.416, требуется: 0.500
2025-09-27 12:10:43 - ROBOTY.collision - WARNING - Коллизия: роботы 1 и 4 в 17.10s, расстояние: 0.410, требуется: 0.500
2025-09-27 12:10:43 - ROBOTY.collision - WARNING - Коллизия: роботы 1 и 4 в 17.20s, расстояние: 0.433, требуется: 0.500
2025-09-27 12:10:43 - ROBOTY.collision - WARNING - Коллизия: роботы 1 и 4 в 17.30s, расстояние: 0.487, требуется: 0.500
2025-09-27 12:10:43 - ROBOTY.collision - WARNING - Коллизия: роботы 2 и 4 в 70.50s, расстояние: 0.499, требуется: 0.500
2025-09-27 12:10:43 - ROBOTY.collision - WARNING - Коллизия: роботы 2 и 4 в 70.60s, расстояние: 0.363, требуется: 0.500
2025-09-27 12:10:43 - ROBOTY.collision - WARNING - Коллизия: роботы 2 и 4 в 70.70s, расстояние: 0.308, требуется: 0.500
2025-09-27 12:10:43 - ROBOTY.collision - WARNING - Коллизия: роботы 2 и 4 в 70.80s, расстояние: 0.372, требуется: 0.500
2025-09-27 12:10:43 - ROBOTY.collision - WARNING - Коллизия: роботы 1 и 4 в 82.40s, расстояние: 0.459, требуется: 0.500
2025-09-27 12:10:43 - ROBOTY.collision - WARNING - Коллизия: роботы 1 и 4 в 82.50s, расстояние: 0.366, требуется: 0.500
2025-09-27 12:10:43 - ROBOTY.collision - WARNING - Коллизия: роботы 1 и 4 в 82.60s, расстояние: 0.391, требуется: 0.500
2025-09-27 12:10:43 - ROBOTY.collision - ERROR - Обнаружено 117 коллизий
2025-09-27 12:10:43 - ROBOTY.main - WARNING - Коллизии сохраняются после вставки пауз
2025-09-27 12:10:45 - ROBOTY.main - INFO - Запуск десктопного приложения
2025-09-27 12:10:45 - ROBOTY.main - ERROR - ❌ Ошибка запуска десктопного приложения: No module named 'psutil'
Traceback (most recent call last):
  File "C:\Users\22200490\.cursor\ROBOTY-main\main.py", line 870, in launch_desktop_app
    from ui_files.desktop_app import DesktopApp
  File "C:\Users\22200490\.cursor\ROBOTY-main\ui_files\desktop_app.py", line 11, in <module>
    import psutil
ModuleNotFoundError: No module named 'psutil'
