2025-09-27 12:19:19 - ROBOTY.main - INFO - Запуск приложения ROBOTY
2025-09-27 12:19:19 - ROBOTY.main - INFO - Применена тема: dark
2025-09-27 12:19:19 - ROBOTY.main - INFO - Интерфейс инициализирован
2025-09-27 12:19:19 - ROBOTY.main - INFO - Приложение успешно запущено
2025-09-27 12:19:29 - ROBOTY.main - INFO - Создан входной файл: C:\Users\22200490\.cursor\ROBOTY-main\data\input_20250927_121921.json
2025-09-27 12:19:29 - ROBOTY.parser - INFO - Начинаем загрузку файла: C:\Users\22200490\.cursor\ROBOTY-main\data\input_20250927_121921.json
2025-09-27 12:19:29 - ROBOTY.parser - INFO - Файл C:\Users\22200490\.cursor\ROBOTY-main\data\input_20250927_121921.json успешно загружен
2025-09-27 12:19:29 - ROBOTY.parser - DEBUG - Робот 1 успешно загружен
2025-09-27 12:19:29 - ROBOTY.parser - DEBUG - Робот 2 успешно загружен
2025-09-27 12:19:29 - ROBOTY.parser - DEBUG - Робот 3 успешно загружен
2025-09-27 12:19:29 - ROBOTY.parser - DEBUG - Робот 4 успешно загружен
2025-09-27 12:19:29 - ROBOTY.parser - DEBUG - Операция 1 успешно загружена
2025-09-27 12:19:29 - ROBOTY.parser - DEBUG - Операция 2 успешно загружена
2025-09-27 12:19:29 - ROBOTY.parser - DEBUG - Операция 3 успешно загружена
2025-09-27 12:19:29 - ROBOTY.parser - DEBUG - Операция 4 успешно загружена
2025-09-27 12:19:29 - ROBOTY.parser - DEBUG - Операция 5 успешно загружена
2025-09-27 12:19:29 - ROBOTY.parser - DEBUG - Операция 6 успешно загружена
2025-09-27 12:19:29 - ROBOTY.parser - DEBUG - Операция 7 успешно загружена
2025-09-27 12:19:29 - ROBOTY.parser - DEBUG - Операция 8 успешно загружена
2025-09-27 12:19:29 - ROBOTY.parser - DEBUG - Операция 9 успешно загружена
2025-09-27 12:19:29 - ROBOTY.parser - DEBUG - Операция 10 успешно загружена
2025-09-27 12:19:29 - ROBOTY.parser - DEBUG - Операция 11 успешно загружена
2025-09-27 12:19:29 - ROBOTY.parser - DEBUG - Операция 12 успешно загружена
2025-09-27 12:19:29 - ROBOTY.parser - DEBUG - Операция 13 успешно загружена
2025-09-27 12:19:29 - ROBOTY.parser - DEBUG - Операция 14 успешно загружена
2025-09-27 12:19:29 - ROBOTY.parser - DEBUG - Операция 15 успешно загружена
2025-09-27 12:19:29 - ROBOTY.parser - DEBUG - Операция 16 успешно загружена
2025-09-27 12:19:29 - ROBOTY.parser - DEBUG - Операция 17 успешно загружена
2025-09-27 12:19:29 - ROBOTY.parser - DEBUG - Операция 18 успешно загружена
2025-09-27 12:19:29 - ROBOTY.parser - DEBUG - Операция 19 успешно загружена
2025-09-27 12:19:29 - ROBOTY.parser - DEBUG - Операция 20 успешно загружена
2025-09-27 12:19:29 - ROBOTY.parser - DEBUG - Операция 21 успешно загружена
2025-09-27 12:19:29 - ROBOTY.parser - DEBUG - Операция 22 успешно загружена
2025-09-27 12:19:29 - ROBOTY.parser - DEBUG - Операция 23 успешно загружена
2025-09-27 12:19:29 - ROBOTY.parser - DEBUG - Операция 24 успешно загружена
2025-09-27 12:19:29 - ROBOTY.parser - DEBUG - Операция 25 успешно загружена
2025-09-27 12:19:29 - ROBOTY.parser - DEBUG - Операция 26 успешно загружена
2025-09-27 12:19:29 - ROBOTY.parser - DEBUG - Операция 27 успешно загружена
2025-09-27 12:19:29 - ROBOTY.parser - DEBUG - Операция 28 успешно загружена
2025-09-27 12:19:29 - ROBOTY.parser - DEBUG - Операция 29 успешно загружена
2025-09-27 12:19:29 - ROBOTY.parser - DEBUG - Операция 30 успешно загружена
2025-09-27 12:19:29 - ROBOTY.parser - INFO - Загружено 4 роботов и 30 операций
2025-09-27 12:19:34 - ROBOTY.main - INFO - Открытие визуализатора
2025-09-27 12:19:34 - ROBOTY.main - WARNING - Попытка визуализации без плана
2025-09-27 12:19:36 - ROBOTY.main - INFO - Запуск планировщика
2025-09-27 12:19:36 - ROBOTY.planner - INFO - Запуск планировщика траекторий
2025-09-27 12:19:36 - ROBOTY.assigner - INFO - Начинаем назначение операций методом: balanced
2025-09-27 12:19:36 - ROBOTY.assigner - DEBUG - Операция 0 назначена роботу 3 (нагрузка: 7.91)
2025-09-27 12:19:36 - ROBOTY.assigner - DEBUG - Операция 1 назначена роботу 2 (нагрузка: 10.51)
2025-09-27 12:19:36 - ROBOTY.assigner - DEBUG - Операция 2 назначена роботу 1 (нагрузка: 6.58)
2025-09-27 12:19:36 - ROBOTY.assigner - DEBUG - Операция 3 назначена роботу 0 (нагрузка: 12.74)
2025-09-27 12:19:36 - ROBOTY.assigner - DEBUG - Операция 4 назначена роботу 1 (нагрузка: 14.84)
2025-09-27 12:19:36 - ROBOTY.assigner - DEBUG - Операция 5 назначена роботу 3 (нагрузка: 19.16)
2025-09-27 12:19:36 - ROBOTY.assigner - DEBUG - Операция 6 назначена роботу 2 (нагрузка: 21.14)
2025-09-27 12:19:36 - ROBOTY.assigner - DEBUG - Операция 7 назначена роботу 0 (нагрузка: 25.92)
2025-09-27 12:19:36 - ROBOTY.assigner - DEBUG - Операция 8 назначена роботу 1 (нагрузка: 22.65)
2025-09-27 12:19:36 - ROBOTY.assigner - DEBUG - Операция 9 назначена роботу 2 (нагрузка: 28.98)
2025-09-27 12:19:36 - ROBOTY.assigner - DEBUG - Операция 10 назначена роботу 3 (нагрузка: 33.02)
2025-09-27 12:19:36 - ROBOTY.assigner - DEBUG - Операция 11 назначена роботу 1 (нагрузка: 35.80)
2025-09-27 12:19:36 - ROBOTY.assigner - DEBUG - Операция 12 назначена роботу 3 (нагрузка: 40.79)
2025-09-27 12:19:36 - ROBOTY.assigner - DEBUG - Операция 13 назначена роботу 2 (нагрузка: 40.68)
2025-09-27 12:19:36 - ROBOTY.assigner - DEBUG - Операция 14 назначена роботу 0 (нагрузка: 41.65)
2025-09-27 12:19:36 - ROBOTY.assigner - DEBUG - Операция 15 назначена роботу 1 (нагрузка: 44.29)
2025-09-27 12:19:36 - ROBOTY.assigner - DEBUG - Операция 16 назначена роботу 2 (нагрузка: 48.54)
2025-09-27 12:19:36 - ROBOTY.assigner - DEBUG - Операция 17 назначена роботу 3 (нагрузка: 53.22)
2025-09-27 12:19:36 - ROBOTY.assigner - DEBUG - Операция 18 назначена роботу 1 (нагрузка: 58.84)
2025-09-27 12:19:36 - ROBOTY.assigner - DEBUG - Операция 19 назначена роботу 0 (нагрузка: 52.50)
2025-09-27 12:19:36 - ROBOTY.assigner - DEBUG - Операция 20 назначена роботу 2 (нагрузка: 60.99)
2025-09-27 12:19:36 - ROBOTY.assigner - DEBUG - Операция 21 назначена роботу 3 (нагрузка: 64.00)
2025-09-27 12:19:36 - ROBOTY.assigner - DEBUG - Операция 22 назначена роботу 1 (нагрузка: 68.77)
2025-09-27 12:19:36 - ROBOTY.assigner - DEBUG - Операция 23 назначена роботу 2 (нагрузка: 71.00)
2025-09-27 12:19:36 - ROBOTY.assigner - DEBUG - Операция 24 назначена роботу 0 (нагрузка: 68.73)
2025-09-27 12:19:36 - ROBOTY.assigner - DEBUG - Операция 25 назначена роботу 3 (нагрузка: 73.41)
2025-09-27 12:19:36 - ROBOTY.assigner - DEBUG - Операция 26 назначена роботу 1 (нагрузка: 79.07)
2025-09-27 12:19:36 - ROBOTY.assigner - DEBUG - Операция 27 назначена роботу 2 (нагрузка: 82.00)
2025-09-27 12:19:36 - ROBOTY.assigner - DEBUG - Операция 28 назначена роботу 0 (нагрузка: 78.07)
2025-09-27 12:19:36 - ROBOTY.assigner - DEBUG - Операция 29 назначена роботу 3 (нагрузка: 85.95)
2025-09-27 12:19:36 - ROBOTY.assigner - INFO - Распределено 30 операций с балансировкой нагрузки
2025-09-27 12:19:36 - ROBOTY.assigner - INFO - Итоговые нагрузки роботов: ['78.07', '79.07', '82.00', '85.95']
2025-09-27 12:19:36 - ROBOTY.assigner - INFO - Робот 0: 6 операций, нагрузка 78.07
2025-09-27 12:19:36 - ROBOTY.assigner - INFO - Робот 1: 8 операций, нагрузка 79.07
2025-09-27 12:19:36 - ROBOTY.assigner - INFO - Робот 2: 8 операций, нагрузка 82.00
2025-09-27 12:19:36 - ROBOTY.assigner - INFO - Робот 3: 8 операций, нагрузка 85.95
2025-09-27 12:19:36 - ROBOTY.planner - INFO - Операции назначены методом: balanced
2025-09-27 12:19:36 - ROBOTY.planner - INFO - Планирование траектории для робота 1 (ID: 1) с 6 операциями
2025-09-27 12:19:36 - ROBOTY.planner - DEBUG - Планирование траектории для робота с 6 операциями
2025-09-27 12:19:36 - ROBOTY.planner - DEBUG - Операция 1 запланирована, время завершения: 14.16
2025-09-27 12:19:36 - ROBOTY.planner - DEBUG - Операция 2 запланирована, время завершения: 28.12
2025-09-27 12:19:36 - ROBOTY.planner - DEBUG - Операция 3 запланирована, время завершения: 36.88
2025-09-27 12:19:36 - ROBOTY.planner - DEBUG - Операция 4 запланирована, время завершения: 55.76
2025-09-27 12:19:36 - ROBOTY.planner - DEBUG - Операция 5 запланирована, время завершения: 75.55
2025-09-27 12:19:36 - ROBOTY.planner - DEBUG - Операция 6 запланирована, время завершения: 83.54
2025-09-27 12:19:36 - ROBOTY.planner - INFO - Траектория робота запланирована, общее время: 83.54
2025-09-27 12:19:36 - ROBOTY.planner - INFO - Робот 1: траектория содержит 144 точек
2025-09-27 12:19:36 - ROBOTY.planner - INFO - Планирование траектории для робота 2 (ID: 2) с 8 операциями
2025-09-27 12:19:36 - ROBOTY.planner - DEBUG - Планирование траектории для робота с 8 операциями
2025-09-27 12:19:36 - ROBOTY.planner - DEBUG - Операция 1 запланирована, время завершения: 8.63
2025-09-27 12:19:36 - ROBOTY.planner - DEBUG - Операция 2 запланирована, время завершения: 17.04
2025-09-27 12:19:36 - ROBOTY.planner - DEBUG - Операция 3 запланирована, время завершения: 25.42
2025-09-27 12:19:36 - ROBOTY.planner - DEBUG - Операция 4 запланирована, время завершения: 39.73
2025-09-27 12:19:36 - ROBOTY.planner - DEBUG - Операция 5 запланирована, время завершения: 50.67
2025-09-27 12:19:36 - ROBOTY.planner - DEBUG - Операция 6 запланирована, время завершения: 63.61
2025-09-27 12:19:36 - ROBOTY.planner - DEBUG - Операция 7 запланирована, время завершения: 77.33
2025-09-27 12:19:36 - ROBOTY.planner - DEBUG - Операция 8 запланирована, время завершения: 93.09
2025-09-27 12:19:36 - ROBOTY.planner - INFO - Траектория робота запланирована, общее время: 93.09
2025-09-27 12:19:36 - ROBOTY.planner - INFO - Робот 2: траектория содержит 192 точек
2025-09-27 12:19:36 - ROBOTY.planner - INFO - Планирование траектории для робота 3 (ID: 3) с 8 операциями
2025-09-27 12:19:36 - ROBOTY.planner - DEBUG - Планирование траектории для робота с 8 операциями
2025-09-27 12:19:36 - ROBOTY.planner - DEBUG - Операция 1 запланирована, время завершения: 12.33
2025-09-27 12:19:36 - ROBOTY.planner - DEBUG - Операция 2 запланирована, время завершения: 22.68
2025-09-27 12:19:36 - ROBOTY.planner - DEBUG - Операция 3 запланирована, время завершения: 34.19
2025-09-27 12:19:36 - ROBOTY.planner - DEBUG - Операция 4 запланирована, время завершения: 47.43
2025-09-27 12:19:36 - ROBOTY.planner - DEBUG - Операция 5 запланирована, время завершения: 55.36
2025-09-27 12:19:36 - ROBOTY.planner - DEBUG - Операция 6 запланирована, время завершения: 68.14
2025-09-27 12:19:36 - ROBOTY.planner - DEBUG - Операция 7 запланирована, время завершения: 84.31
2025-09-27 12:19:36 - ROBOTY.planner - DEBUG - Операция 8 запланирована, время завершения: 99.71
2025-09-27 12:19:36 - ROBOTY.planner - INFO - Траектория робота запланирована, общее время: 99.71
2025-09-27 12:19:36 - ROBOTY.planner - INFO - Робот 3: траектория содержит 192 точек
2025-09-27 12:19:36 - ROBOTY.planner - INFO - Планирование траектории для робота 4 (ID: 4) с 8 операциями
2025-09-27 12:19:36 - ROBOTY.planner - DEBUG - Планирование траектории для робота с 8 операциями
2025-09-27 12:19:36 - ROBOTY.planner - DEBUG - Операция 1 запланирована, время завершения: 10.14
2025-09-27 12:19:36 - ROBOTY.planner - DEBUG - Операция 2 запланирована, время завершения: 28.37
2025-09-27 12:19:36 - ROBOTY.planner - DEBUG - Операция 3 запланирована, время завершения: 43.23
2025-09-27 12:19:36 - ROBOTY.planner - DEBUG - Операция 4 запланирована, время завершения: 56.01
2025-09-27 12:19:36 - ROBOTY.planner - DEBUG - Операция 5 запланирована, время завершения: 70.03
2025-09-27 12:19:36 - ROBOTY.planner - DEBUG - Операция 6 запланирована, время завершения: 83.81
2025-09-27 12:19:36 - ROBOTY.planner - DEBUG - Операция 7 запланирована, время завершения: 93.33
2025-09-27 12:19:36 - ROBOTY.planner - DEBUG - Операция 8 запланирована, время завершения: 106.30
2025-09-27 12:19:36 - ROBOTY.planner - INFO - Траектория робота запланирована, общее время: 106.30
2025-09-27 12:19:36 - ROBOTY.planner - INFO - Робот 4: траектория содержит 192 точек
2025-09-27 12:19:36 - ROBOTY.planner - INFO - Планирование завершено. Makespan: 106.30
2025-09-27 12:19:36 - ROBOTY.main - INFO - Планировщик успешно завершил работу
2025-09-27 12:19:36 - ROBOTY.collision - INFO - Начинаем детальную проверку коллизий
2025-09-27 12:19:36 - ROBOTY.collision - DEBUG - Проверяем коллизии в диапазоне времени: 0.00 - 106.30
2025-09-27 12:19:36 - ROBOTY.collision - WARNING - Коллизия: роботы 3 и 4 в 13.30s, расстояние: 0.427, требуется: 0.500
2025-09-27 12:19:36 - ROBOTY.collision - WARNING - Коллизия: роботы 3 и 4 в 13.40s, расстояние: 0.345, требуется: 0.500
2025-09-27 12:19:36 - ROBOTY.collision - WARNING - Коллизия: роботы 3 и 4 в 13.50s, расстояние: 0.368, требуется: 0.500
2025-09-27 12:19:36 - ROBOTY.collision - WARNING - Коллизия: роботы 3 и 4 в 13.60s, расстояние: 0.481, требуется: 0.500
2025-09-27 12:19:36 - ROBOTY.collision - WARNING - Коллизия: роботы 2 и 4 в 86.20s, расстояние: 0.411, требуется: 0.500
2025-09-27 12:19:36 - ROBOTY.collision - WARNING - Коллизия: роботы 2 и 4 в 86.30s, расстояние: 0.265, требуется: 0.500
2025-09-27 12:19:36 - ROBOTY.collision - WARNING - Коллизия: роботы 2 и 4 в 86.40s, расстояние: 0.149, требуется: 0.500
2025-09-27 12:19:36 - ROBOTY.collision - WARNING - Коллизия: роботы 2 и 4 в 86.50s, расстояние: 0.156, требуется: 0.500
2025-09-27 12:19:36 - ROBOTY.collision - WARNING - Коллизия: роботы 2 и 4 в 86.60s, расстояние: 0.278, требуется: 0.500
2025-09-27 12:19:36 - ROBOTY.collision - WARNING - Коллизия: роботы 2 и 4 в 86.70s, расстояние: 0.425, требуется: 0.500
2025-09-27 12:19:36 - ROBOTY.collision - ERROR - Обнаружено 10 коллизий
2025-09-27 12:19:36 - ROBOTY.main - WARNING - Обнаружено 10 коллизий, применяем онлайн-безопасность
2025-09-27 12:19:36 - ROBOTY.safety - INFO - Применяем онлайн-безопасность: вставка пауз при коллизиях
2025-09-27 12:19:36 - ROBOTY.collision - INFO - Начинаем детальную проверку коллизий
2025-09-27 12:19:36 - ROBOTY.collision - DEBUG - Проверяем коллизии в диапазоне времени: 0.00 - 106.30
2025-09-27 12:19:36 - ROBOTY.collision - WARNING - Коллизия: роботы 3 и 4 в 13.25s, расстояние: 0.493, требуется: 0.500
2025-09-27 12:19:36 - ROBOTY.collision - WARNING - Коллизия: роботы 3 и 4 в 13.30s, расстояние: 0.427, требуется: 0.500
2025-09-27 12:19:36 - ROBOTY.collision - WARNING - Коллизия: роботы 3 и 4 в 13.35s, расстояние: 0.375, требуется: 0.500
2025-09-27 12:19:36 - ROBOTY.collision - WARNING - Коллизия: роботы 3 и 4 в 13.40s, расстояние: 0.345, требуется: 0.500
2025-09-27 12:19:36 - ROBOTY.collision - WARNING - Коллизия: роботы 3 и 4 в 13.45s, расстояние: 0.343, требуется: 0.500
2025-09-27 12:19:36 - ROBOTY.collision - WARNING - Коллизия: роботы 3 и 4 в 13.50s, расстояние: 0.368, требуется: 0.500
2025-09-27 12:19:36 - ROBOTY.collision - WARNING - Коллизия: роботы 3 и 4 в 13.55s, расстояние: 0.416, требуется: 0.500
2025-09-27 12:19:36 - ROBOTY.collision - WARNING - Коллизия: роботы 3 и 4 в 13.60s, расстояние: 0.481, требуется: 0.500
2025-09-27 12:19:36 - ROBOTY.collision - WARNING - Коллизия: роботы 2 и 4 в 86.15s, расстояние: 0.487, требуется: 0.500
2025-09-27 12:19:36 - ROBOTY.collision - WARNING - Коллизия: роботы 2 и 4 в 86.20s, расстояние: 0.411, требуется: 0.500
2025-09-27 12:19:36 - ROBOTY.collision - WARNING - Коллизия: роботы 2 и 4 в 86.25s, расстояние: 0.337, требуется: 0.500
2025-09-27 12:19:36 - ROBOTY.collision - WARNING - Коллизия: роботы 2 и 4 в 86.30s, расстояние: 0.265, требуется: 0.500
2025-09-27 12:19:36 - ROBOTY.collision - WARNING - Коллизия: роботы 2 и 4 в 86.35s, расстояние: 0.200, требуется: 0.500
2025-09-27 12:19:36 - ROBOTY.collision - WARNING - Коллизия: роботы 2 и 4 в 86.40s, расстояние: 0.149, требуется: 0.500
2025-09-27 12:19:36 - ROBOTY.collision - WARNING - Коллизия: роботы 2 и 4 в 86.45s, расстояние: 0.130, требуется: 0.500
2025-09-27 12:19:36 - ROBOTY.collision - WARNING - Коллизия: роботы 2 и 4 в 86.50s, расстояние: 0.156, требуется: 0.500
2025-09-27 12:19:36 - ROBOTY.collision - WARNING - Коллизия: роботы 2 и 4 в 86.55s, расстояние: 0.211, требуется: 0.500
2025-09-27 12:19:36 - ROBOTY.collision - WARNING - Коллизия: роботы 2 и 4 в 86.60s, расстояние: 0.278, требуется: 0.500
2025-09-27 12:19:36 - ROBOTY.collision - WARNING - Коллизия: роботы 2 и 4 в 86.65s, расстояние: 0.350, требуется: 0.500
2025-09-27 12:19:36 - ROBOTY.collision - WARNING - Коллизия: роботы 2 и 4 в 86.70s, расстояние: 0.425, требуется: 0.500
2025-09-27 12:19:36 - ROBOTY.collision - WARNING - Коллизия: роботы 2 и 4 в 86.75s, расстояние: 0.499, требуется: 0.500
2025-09-27 12:19:36 - ROBOTY.collision - ERROR - Обнаружено 21 коллизий
2025-09-27 12:19:36 - ROBOTY.safety - DEBUG - Добавлена пауза 0.60s роботу 3 в t=13.25s
2025-09-27 12:19:36 - ROBOTY.safety - DEBUG - Добавлена пауза 0.60s роботу 4 в t=13.25s
2025-09-27 12:19:36 - ROBOTY.safety - DEBUG - Добавлена пауза 0.60s роботу 3 в t=13.30s
2025-09-27 12:19:36 - ROBOTY.safety - DEBUG - Добавлена пауза 0.60s роботу 4 в t=13.30s
2025-09-27 12:19:36 - ROBOTY.safety - DEBUG - Добавлена пауза 0.60s роботу 3 в t=13.35s
2025-09-27 12:19:36 - ROBOTY.safety - DEBUG - Добавлена пауза 0.60s роботу 4 в t=13.35s
2025-09-27 12:19:36 - ROBOTY.safety - DEBUG - Добавлена пауза 0.60s роботу 3 в t=13.40s
2025-09-27 12:19:36 - ROBOTY.safety - DEBUG - Добавлена пауза 0.60s роботу 4 в t=13.40s
2025-09-27 12:19:36 - ROBOTY.safety - DEBUG - Добавлена пауза 0.60s роботу 3 в t=13.45s
2025-09-27 12:19:36 - ROBOTY.safety - DEBUG - Добавлена пауза 0.60s роботу 4 в t=13.45s
2025-09-27 12:19:36 - ROBOTY.safety - DEBUG - Добавлена пауза 0.60s роботу 3 в t=13.50s
2025-09-27 12:19:36 - ROBOTY.safety - DEBUG - Добавлена пауза 0.60s роботу 4 в t=13.50s
2025-09-27 12:19:36 - ROBOTY.safety - DEBUG - Добавлена пауза 0.60s роботу 3 в t=13.55s
2025-09-27 12:19:36 - ROBOTY.safety - DEBUG - Добавлена пауза 0.60s роботу 4 в t=13.55s
2025-09-27 12:19:36 - ROBOTY.safety - DEBUG - Добавлена пауза 0.60s роботу 3 в t=13.60s
2025-09-27 12:19:36 - ROBOTY.safety - DEBUG - Добавлена пауза 0.60s роботу 4 в t=13.60s
2025-09-27 12:19:36 - ROBOTY.safety - DEBUG - Добавлена пауза 0.60s роботу 2 в t=86.15s
2025-09-27 12:19:36 - ROBOTY.safety - DEBUG - Добавлена пауза 0.60s роботу 4 в t=86.15s
2025-09-27 12:19:36 - ROBOTY.safety - DEBUG - Добавлена пауза 0.60s роботу 2 в t=86.20s
2025-09-27 12:19:36 - ROBOTY.safety - DEBUG - Добавлена пауза 0.60s роботу 4 в t=86.20s
2025-09-27 12:19:36 - ROBOTY.safety - DEBUG - Добавлена пауза 0.60s роботу 2 в t=86.25s
2025-09-27 12:19:36 - ROBOTY.safety - DEBUG - Добавлена пауза 0.60s роботу 4 в t=86.25s
2025-09-27 12:19:36 - ROBOTY.safety - DEBUG - Добавлена пауза 0.60s роботу 2 в t=86.30s
2025-09-27 12:19:36 - ROBOTY.safety - DEBUG - Добавлена пауза 0.60s роботу 4 в t=86.30s
2025-09-27 12:19:36 - ROBOTY.safety - DEBUG - Добавлена пауза 0.60s роботу 2 в t=86.35s
2025-09-27 12:19:36 - ROBOTY.safety - DEBUG - Добавлена пауза 0.60s роботу 4 в t=86.35s
2025-09-27 12:19:36 - ROBOTY.safety - DEBUG - Добавлена пауза 0.60s роботу 2 в t=86.40s
2025-09-27 12:19:36 - ROBOTY.safety - DEBUG - Добавлена пауза 0.60s роботу 4 в t=86.40s
2025-09-27 12:19:36 - ROBOTY.safety - DEBUG - Добавлена пауза 0.60s роботу 2 в t=86.45s
2025-09-27 12:19:36 - ROBOTY.safety - DEBUG - Добавлена пауза 0.60s роботу 4 в t=86.45s
2025-09-27 12:19:36 - ROBOTY.safety - DEBUG - Добавлена пауза 0.60s роботу 2 в t=86.50s
2025-09-27 12:19:36 - ROBOTY.safety - DEBUG - Добавлена пауза 0.60s роботу 4 в t=86.50s
2025-09-27 12:19:36 - ROBOTY.safety - DEBUG - Добавлена пауза 0.60s роботу 2 в t=86.55s
2025-09-27 12:19:36 - ROBOTY.safety - DEBUG - Добавлена пауза 0.60s роботу 4 в t=86.55s
2025-09-27 12:19:36 - ROBOTY.safety - DEBUG - Добавлена пауза 0.60s роботу 2 в t=86.60s
2025-09-27 12:19:36 - ROBOTY.safety - DEBUG - Добавлена пауза 0.60s роботу 4 в t=86.60s
2025-09-27 12:19:36 - ROBOTY.safety - DEBUG - Добавлена пауза 0.60s роботу 2 в t=86.65s
2025-09-27 12:19:36 - ROBOTY.safety - DEBUG - Добавлена пауза 0.60s роботу 4 в t=86.65s
2025-09-27 12:19:36 - ROBOTY.safety - DEBUG - Добавлена пауза 0.60s роботу 2 в t=86.70s
2025-09-27 12:19:36 - ROBOTY.safety - DEBUG - Добавлена пауза 0.60s роботу 4 в t=86.70s
2025-09-27 12:19:36 - ROBOTY.safety - DEBUG - Добавлена пауза 0.60s роботу 2 в t=86.75s
2025-09-27 12:19:36 - ROBOTY.safety - DEBUG - Добавлена пауза 0.60s роботу 4 в t=86.75s
2025-09-27 12:19:36 - ROBOTY.safety - INFO - Онлайн-безопасность применена: паузы вставлены
2025-09-27 12:19:36 - ROBOTY.collision - INFO - Начинаем детальную проверку коллизий
2025-09-27 12:19:36 - ROBOTY.collision - DEBUG - Проверяем коллизии в диапазоне времени: 0.00 - 118.90
2025-09-27 12:19:36 - ROBOTY.collision - WARNING - Коллизия: роботы 3 и 4 в 13.30s, расстояние: 0.493, требуется: 0.500
2025-09-27 12:19:36 - ROBOTY.collision - WARNING - Коллизия: роботы 3 и 4 в 13.40s, расстояние: 0.493, требуется: 0.500
2025-09-27 12:19:36 - ROBOTY.collision - WARNING - Коллизия: роботы 3 и 4 в 13.50s, расстояние: 0.493, требуется: 0.500
2025-09-27 12:19:36 - ROBOTY.collision - WARNING - Коллизия: роботы 3 и 4 в 13.60s, расстояние: 0.493, требуется: 0.500
2025-09-27 12:19:36 - ROBOTY.collision - WARNING - Коллизия: роботы 3 и 4 в 13.70s, расстояние: 0.493, требуется: 0.500
2025-09-27 12:19:36 - ROBOTY.collision - WARNING - Коллизия: роботы 3 и 4 в 13.80s, расстояние: 0.493, требуется: 0.500
2025-09-27 12:19:36 - ROBOTY.collision - WARNING - Коллизия: роботы 3 и 4 в 13.90s, расстояние: 0.493, требуется: 0.500
2025-09-27 12:19:36 - ROBOTY.collision - WARNING - Коллизия: роботы 3 и 4 в 14.00s, расстояние: 0.493, требуется: 0.500
2025-09-27 12:19:36 - ROBOTY.collision - WARNING - Коллизия: роботы 3 и 4 в 14.10s, расстояние: 0.493, требуется: 0.500
2025-09-27 12:19:36 - ROBOTY.collision - WARNING - Коллизия: роботы 3 и 4 в 14.20s, расстояние: 0.493, требуется: 0.500
2025-09-27 12:19:36 - ROBOTY.collision - WARNING - Коллизия: роботы 3 и 4 в 14.30s, расстояние: 0.493, требуется: 0.500
2025-09-27 12:19:36 - ROBOTY.collision - WARNING - Коллизия: роботы 3 и 4 в 14.40s, расстояние: 0.493, требуется: 0.500
2025-09-27 12:19:36 - ROBOTY.collision - WARNING - Коллизия: роботы 3 и 4 в 14.50s, расстояние: 0.493, требуется: 0.500
2025-09-27 12:19:36 - ROBOTY.collision - WARNING - Коллизия: роботы 3 и 4 в 14.60s, расстояние: 0.493, требуется: 0.500
2025-09-27 12:19:36 - ROBOTY.collision - WARNING - Коллизия: роботы 3 и 4 в 14.70s, расстояние: 0.493, требуется: 0.500
2025-09-27 12:19:36 - ROBOTY.collision - WARNING - Коллизия: роботы 3 и 4 в 14.80s, расстояние: 0.493, требуется: 0.500
2025-09-27 12:19:36 - ROBOTY.collision - WARNING - Коллизия: роботы 3 и 4 в 14.90s, расстояние: 0.493, требуется: 0.500
2025-09-27 12:19:36 - ROBOTY.collision - WARNING - Коллизия: роботы 3 и 4 в 15.00s, расстояние: 0.493, требуется: 0.500
2025-09-27 12:19:36 - ROBOTY.collision - WARNING - Коллизия: роботы 3 и 4 в 15.10s, расстояние: 0.493, требуется: 0.500
2025-09-27 12:19:36 - ROBOTY.collision - WARNING - Коллизия: роботы 3 и 4 в 15.20s, расстояние: 0.493, требуется: 0.500
2025-09-27 12:19:36 - ROBOTY.collision - WARNING - Коллизия: роботы 3 и 4 в 15.30s, расстояние: 0.493, требуется: 0.500
2025-09-27 12:19:36 - ROBOTY.collision - WARNING - Коллизия: роботы 3 и 4 в 15.40s, расстояние: 0.493, требуется: 0.500
2025-09-27 12:19:36 - ROBOTY.collision - WARNING - Коллизия: роботы 3 и 4 в 15.50s, расстояние: 0.493, требуется: 0.500
2025-09-27 12:19:36 - ROBOTY.collision - WARNING - Коллизия: роботы 3 и 4 в 15.60s, расстояние: 0.493, требуется: 0.500
2025-09-27 12:19:36 - ROBOTY.collision - WARNING - Коллизия: роботы 3 и 4 в 15.70s, расстояние: 0.493, требуется: 0.500
2025-09-27 12:19:36 - ROBOTY.collision - WARNING - Коллизия: роботы 3 и 4 в 15.80s, расстояние: 0.493, требуется: 0.500
2025-09-27 12:19:36 - ROBOTY.collision - WARNING - Коллизия: роботы 3 и 4 в 15.90s, расстояние: 0.493, требуется: 0.500
2025-09-27 12:19:36 - ROBOTY.collision - WARNING - Коллизия: роботы 3 и 4 в 16.00s, расстояние: 0.493, требуется: 0.500
2025-09-27 12:19:36 - ROBOTY.collision - WARNING - Коллизия: роботы 3 и 4 в 16.10s, расстояние: 0.493, требуется: 0.500
2025-09-27 12:19:36 - ROBOTY.collision - WARNING - Коллизия: роботы 3 и 4 в 16.20s, расстояние: 0.493, требуется: 0.500
2025-09-27 12:19:36 - ROBOTY.collision - WARNING - Коллизия: роботы 3 и 4 в 16.30s, расстояние: 0.493, требуется: 0.500
2025-09-27 12:19:36 - ROBOTY.collision - WARNING - Коллизия: роботы 3 и 4 в 16.40s, расстояние: 0.493, требуется: 0.500
2025-09-27 12:19:36 - ROBOTY.collision - WARNING - Коллизия: роботы 3 и 4 в 16.50s, расстояние: 0.493, требуется: 0.500
2025-09-27 12:19:36 - ROBOTY.collision - WARNING - Коллизия: роботы 3 и 4 в 16.60s, расстояние: 0.493, требуется: 0.500
2025-09-27 12:19:36 - ROBOTY.collision - WARNING - Коллизия: роботы 3 и 4 в 16.70s, расстояние: 0.493, требуется: 0.500
2025-09-27 12:19:36 - ROBOTY.collision - WARNING - Коллизия: роботы 3 и 4 в 16.80s, расстояние: 0.493, требуется: 0.500
2025-09-27 12:19:36 - ROBOTY.collision - WARNING - Коллизия: роботы 3 и 4 в 16.90s, расстояние: 0.493, требуется: 0.500
2025-09-27 12:19:36 - ROBOTY.collision - WARNING - Коллизия: роботы 3 и 4 в 17.00s, расстояние: 0.493, требуется: 0.500
2025-09-27 12:19:36 - ROBOTY.collision - WARNING - Коллизия: роботы 3 и 4 в 17.10s, расстояние: 0.493, требуется: 0.500
2025-09-27 12:19:36 - ROBOTY.collision - WARNING - Коллизия: роботы 3 и 4 в 17.20s, расстояние: 0.493, требуется: 0.500
2025-09-27 12:19:36 - ROBOTY.collision - WARNING - Коллизия: роботы 3 и 4 в 17.30s, расстояние: 0.493, требуется: 0.500
2025-09-27 12:19:36 - ROBOTY.collision - WARNING - Коллизия: роботы 3 и 4 в 17.40s, расстояние: 0.493, требуется: 0.500
2025-09-27 12:19:36 - ROBOTY.collision - WARNING - Коллизия: роботы 3 и 4 в 17.50s, расстояние: 0.493, требуется: 0.500
2025-09-27 12:19:36 - ROBOTY.collision - WARNING - Коллизия: роботы 3 и 4 в 17.60s, расстояние: 0.493, требуется: 0.500
2025-09-27 12:19:36 - ROBOTY.collision - WARNING - Коллизия: роботы 3 и 4 в 17.70s, расстояние: 0.493, требуется: 0.500
2025-09-27 12:19:36 - ROBOTY.collision - WARNING - Коллизия: роботы 3 и 4 в 17.80s, расстояние: 0.493, требуется: 0.500
2025-09-27 12:19:36 - ROBOTY.collision - WARNING - Коллизия: роботы 3 и 4 в 17.90s, расстояние: 0.493, требуется: 0.500
2025-09-27 12:19:36 - ROBOTY.collision - WARNING - Коллизия: роботы 3 и 4 в 18.00s, расстояние: 0.493, требуется: 0.500
2025-09-27 12:19:36 - ROBOTY.collision - WARNING - Коллизия: роботы 3 и 4 в 18.10s, расстояние: 0.427, требуется: 0.500
2025-09-27 12:19:36 - ROBOTY.collision - WARNING - Коллизия: роботы 3 и 4 в 18.20s, расстояние: 0.345, требуется: 0.500
2025-09-27 12:19:36 - ROBOTY.collision - WARNING - Коллизия: роботы 3 и 4 в 18.30s, расстояние: 0.368, требуется: 0.500
2025-09-27 12:19:36 - ROBOTY.collision - WARNING - Коллизия: роботы 3 и 4 в 18.40s, расстояние: 0.481, требуется: 0.500
2025-09-27 12:19:36 - ROBOTY.collision - WARNING - Коллизия: роботы 2 и 3 в 19.90s, расстояние: 0.373, требуется: 0.500
2025-09-27 12:19:36 - ROBOTY.collision - WARNING - Коллизия: роботы 2 и 3 в 20.00s, расстояние: 0.347, требуется: 0.500
2025-09-27 12:19:36 - ROBOTY.collision - WARNING - Коллизия: роботы 2 и 3 в 20.10s, расстояние: 0.445, требуется: 0.500
2025-09-27 12:19:36 - ROBOTY.collision - WARNING - Коллизия: роботы 1 и 4 в 62.70s, расстояние: 0.482, требуется: 0.500
2025-09-27 12:19:36 - ROBOTY.collision - ERROR - Обнаружено 56 коллизий
2025-09-27 12:19:36 - ROBOTY.main - WARNING - Коллизии сохраняются после вставки пауз
2025-09-27 12:19:38 - ROBOTY.main - INFO - Запуск десктопной визуализации
2025-09-27 12:19:38 - ROBOTY.visualizer - INFO - Запуск визуализации типа: 3d_anim
2025-09-27 12:19:38 - ROBOTY.visualizer - INFO - Создание 3D анимации траекторий
2025-09-27 12:19:38 - ROBOTY.visualizer - INFO - Создание 3D визуализации траекторий
2025-09-27 12:19:38 - ROBOTY.visualizer - INFO - 3D визуализация создана
2025-09-27 12:19:38 - ROBOTY.visualizer - INFO - Ограничиваем анимацию: 60 кадров из 600
2025-09-27 12:19:46 - ROBOTY.visualizer - INFO - Визуализация записана во временный файл: C:\Users\22200490\AppData\Local\Temp\tmpm71tkx7h_viz_3d_anim.html
2025-09-27 12:19:46 - ROBOTY.visualizer - INFO - Визуализация открыта в браузере из временного файла
2025-09-27 12:19:46 - ROBOTY.mesh_loader - INFO - Кэш мешей очищен
2025-09-27 12:19:46 - ROBOTY.visualizer - INFO - Кэш мешей очищен для освобождения памяти
2025-09-27 12:19:46 - ROBOTY.main - INFO - Десктопная визуализация успешно завершена
2025-09-27 12:19:53 - ROBOTY.visualizer - INFO - Временный файл визуализации удалён: C:\Users\22200490\AppData\Local\Temp\tmpm71tkx7h_viz_3d_anim.html
