2025-09-25 18:30:08 - ROBOTY.main - INFO - Запуск приложения ROBOTY
2025-09-25 18:30:08 - ROBOTY.main - INFO - Применена тема: dark
2025-09-25 18:30:08 - ROBOTY.main - INFO - Интерфейс инициализирован
2025-09-25 18:30:08 - ROBOTY.main - INFO - Приложение успешно запущено
2025-09-25 18:30:14 - ROBOTY.main - INFO - Создан входной файл: /Users/maksimchernukha/Documents/ROBOTY/data/input_20250925_183011.json
2025-09-25 18:30:14 - ROBOTY.parser - INFO - Начинаем загрузку файла: /Users/maksimchernukha/Documents/ROBOTY/data/input_20250925_183011.json
2025-09-25 18:30:14 - ROBOTY.parser - INFO - Файл /Users/maksimchernukha/Documents/ROBOTY/data/input_20250925_183011.json успешно загружен
2025-09-25 18:30:14 - ROBOTY.parser - DEBUG - Робот 1 успешно загружен
2025-09-25 18:30:14 - ROBOTY.parser - DEBUG - Робот 2 успешно загружен
2025-09-25 18:30:14 - ROBOTY.parser - DEBUG - Робот 3 успешно загружен
2025-09-25 18:30:14 - ROBOTY.parser - DEBUG - Робот 4 успешно загружен
2025-09-25 18:30:14 - ROBOTY.parser - DEBUG - Робот 5 успешно загружен
2025-09-25 18:30:14 - ROBOTY.parser - DEBUG - Робот 6 успешно загружен
2025-09-25 18:30:14 - ROBOTY.parser - DEBUG - Робот 7 успешно загружен
2025-09-25 18:30:14 - ROBOTY.parser - DEBUG - Робот 8 успешно загружен
2025-09-25 18:30:14 - ROBOTY.parser - DEBUG - Робот 9 успешно загружен
2025-09-25 18:30:14 - ROBOTY.parser - DEBUG - Робот 10 успешно загружен
2025-09-25 18:30:14 - ROBOTY.parser - DEBUG - Операция 1 успешно загружена
2025-09-25 18:30:14 - ROBOTY.parser - DEBUG - Операция 2 успешно загружена
2025-09-25 18:30:14 - ROBOTY.parser - DEBUG - Операция 3 успешно загружена
2025-09-25 18:30:14 - ROBOTY.parser - DEBUG - Операция 4 успешно загружена
2025-09-25 18:30:14 - ROBOTY.parser - DEBUG - Операция 5 успешно загружена
2025-09-25 18:30:14 - ROBOTY.parser - DEBUG - Операция 6 успешно загружена
2025-09-25 18:30:14 - ROBOTY.parser - DEBUG - Операция 7 успешно загружена
2025-09-25 18:30:14 - ROBOTY.parser - DEBUG - Операция 8 успешно загружена
2025-09-25 18:30:14 - ROBOTY.parser - DEBUG - Операция 9 успешно загружена
2025-09-25 18:30:14 - ROBOTY.parser - DEBUG - Операция 10 успешно загружена
2025-09-25 18:30:14 - ROBOTY.parser - DEBUG - Операция 11 успешно загружена
2025-09-25 18:30:14 - ROBOTY.parser - DEBUG - Операция 12 успешно загружена
2025-09-25 18:30:14 - ROBOTY.parser - DEBUG - Операция 13 успешно загружена
2025-09-25 18:30:14 - ROBOTY.parser - DEBUG - Операция 14 успешно загружена
2025-09-25 18:30:14 - ROBOTY.parser - DEBUG - Операция 15 успешно загружена
2025-09-25 18:30:14 - ROBOTY.parser - DEBUG - Операция 16 успешно загружена
2025-09-25 18:30:14 - ROBOTY.parser - DEBUG - Операция 17 успешно загружена
2025-09-25 18:30:14 - ROBOTY.parser - DEBUG - Операция 18 успешно загружена
2025-09-25 18:30:14 - ROBOTY.parser - DEBUG - Операция 19 успешно загружена
2025-09-25 18:30:14 - ROBOTY.parser - DEBUG - Операция 20 успешно загружена
2025-09-25 18:30:14 - ROBOTY.parser - DEBUG - Операция 21 успешно загружена
2025-09-25 18:30:14 - ROBOTY.parser - DEBUG - Операция 22 успешно загружена
2025-09-25 18:30:14 - ROBOTY.parser - DEBUG - Операция 23 успешно загружена
2025-09-25 18:30:14 - ROBOTY.parser - DEBUG - Операция 24 успешно загружена
2025-09-25 18:30:14 - ROBOTY.parser - DEBUG - Операция 25 успешно загружена
2025-09-25 18:30:14 - ROBOTY.parser - DEBUG - Операция 26 успешно загружена
2025-09-25 18:30:14 - ROBOTY.parser - DEBUG - Операция 27 успешно загружена
2025-09-25 18:30:14 - ROBOTY.parser - DEBUG - Операция 28 успешно загружена
2025-09-25 18:30:14 - ROBOTY.parser - DEBUG - Операция 29 успешно загружена
2025-09-25 18:30:14 - ROBOTY.parser - DEBUG - Операция 30 успешно загружена
2025-09-25 18:30:14 - ROBOTY.parser - INFO - Загружено 10 роботов и 30 операций
2025-09-25 18:30:16 - ROBOTY.main - INFO - Запуск планировщика
2025-09-25 18:30:16 - ROBOTY.planner - INFO - Запуск планировщика траекторий
2025-09-25 18:30:16 - ROBOTY.assigner - INFO - Начинаем назначение операций методом: balanced
2025-09-25 18:30:16 - ROBOTY.assigner - DEBUG - Операция 0 назначена роботу 5 (нагрузка: 6.87)
2025-09-25 18:30:16 - ROBOTY.assigner - DEBUG - Операция 1 назначена роботу 7 (нагрузка: 6.99)
2025-09-25 18:30:16 - ROBOTY.assigner - DEBUG - Операция 2 назначена роботу 0 (нагрузка: 7.40)
2025-09-25 18:30:16 - ROBOTY.assigner - DEBUG - Операция 3 назначена роботу 4 (нагрузка: 5.05)
2025-09-25 18:30:16 - ROBOTY.assigner - DEBUG - Операция 4 назначена роботу 8 (нагрузка: 9.59)
2025-09-25 18:30:16 - ROBOTY.assigner - DEBUG - Операция 5 назначена роботу 2 (нагрузка: 7.09)
2025-09-25 18:30:16 - ROBOTY.assigner - DEBUG - Операция 6 назначена роботу 1 (нагрузка: 11.54)
2025-09-25 18:30:16 - ROBOTY.assigner - DEBUG - Операция 7 назначена роботу 6 (нагрузка: 5.63)
2025-09-25 18:30:16 - ROBOTY.assigner - DEBUG - Операция 8 назначена роботу 9 (нагрузка: 8.26)
2025-09-25 18:30:16 - ROBOTY.assigner - DEBUG - Операция 9 назначена роботу 4 (нагрузка: 10.17)
2025-09-25 18:30:16 - ROBOTY.assigner - DEBUG - Операция 10 назначена роботу 5 (нагрузка: 12.82)
2025-09-25 18:30:16 - ROBOTY.assigner - DEBUG - Операция 11 назначена роботу 3 (нагрузка: 9.65)
2025-09-25 18:30:16 - ROBOTY.assigner - DEBUG - Операция 12 назначена роботу 0 (нагрузка: 15.44)
2025-09-25 18:30:16 - ROBOTY.assigner - DEBUG - Операция 13 назначена роботу 7 (нагрузка: 15.76)
2025-09-25 18:30:16 - ROBOTY.assigner - DEBUG - Операция 14 назначена роботу 6 (нагрузка: 19.27)
2025-09-25 18:30:16 - ROBOTY.assigner - DEBUG - Операция 15 назначена роботу 2 (нагрузка: 20.73)
2025-09-25 18:30:16 - ROBOTY.assigner - DEBUG - Операция 16 назначена роботу 5 (нагрузка: 19.91)
2025-09-25 18:30:16 - ROBOTY.assigner - DEBUG - Операция 17 назначена роботу 8 (нагрузка: 18.93)
2025-09-25 18:30:16 - ROBOTY.assigner - DEBUG - Операция 18 назначена роботу 1 (нагрузка: 20.03)
2025-09-25 18:30:16 - ROBOTY.assigner - DEBUG - Операция 19 назначена роботу 9 (нагрузка: 22.76)
2025-09-25 18:30:16 - ROBOTY.assigner - DEBUG - Операция 20 назначена роботу 3 (нагрузка: 17.89)
2025-09-25 18:30:16 - ROBOTY.assigner - DEBUG - Операция 21 назначена роботу 7 (нагрузка: 21.96)
2025-09-25 18:30:16 - ROBOTY.assigner - DEBUG - Операция 22 назначена роботу 0 (нагрузка: 25.73)
2025-09-25 18:30:16 - ROBOTY.assigner - DEBUG - Операция 23 назначена роботу 4 (нагрузка: 24.78)
2025-09-25 18:30:16 - ROBOTY.assigner - DEBUG - Операция 24 назначена роботу 5 (нагрузка: 25.83)
2025-09-25 18:30:16 - ROBOTY.assigner - DEBUG - Операция 25 назначена роботу 2 (нагрузка: 29.72)
2025-09-25 18:30:16 - ROBOTY.assigner - DEBUG - Операция 26 назначена роботу 8 (нагрузка: 27.71)
2025-09-25 18:30:16 - ROBOTY.assigner - DEBUG - Операция 27 назначена роботу 6 (нагрузка: 28.91)
2025-09-25 18:30:16 - ROBOTY.assigner - DEBUG - Операция 28 назначена роботу 7 (нагрузка: 31.71)
2025-09-25 18:30:16 - ROBOTY.assigner - DEBUG - Операция 29 назначена роботу 1 (нагрузка: 27.44)
2025-09-25 18:30:16 - ROBOTY.assigner - INFO - Распределено 30 операций с балансировкой нагрузки
2025-09-25 18:30:16 - ROBOTY.assigner - INFO - Итоговые нагрузки роботов: ['25.73', '27.44', '29.72', '17.89', '24.78', '25.83', '28.91', '31.71', '27.71', '22.76']
2025-09-25 18:30:16 - ROBOTY.assigner - INFO - Робот 0: 3 операций, нагрузка 25.73
2025-09-25 18:30:16 - ROBOTY.assigner - INFO - Робот 1: 3 операций, нагрузка 27.44
2025-09-25 18:30:16 - ROBOTY.assigner - INFO - Робот 2: 3 операций, нагрузка 29.72
2025-09-25 18:30:16 - ROBOTY.assigner - INFO - Робот 3: 2 операций, нагрузка 17.89
2025-09-25 18:30:16 - ROBOTY.assigner - INFO - Робот 4: 3 операций, нагрузка 24.78
2025-09-25 18:30:16 - ROBOTY.assigner - INFO - Робот 5: 4 операций, нагрузка 25.83
2025-09-25 18:30:16 - ROBOTY.assigner - INFO - Робот 6: 3 операций, нагрузка 28.91
2025-09-25 18:30:16 - ROBOTY.assigner - INFO - Робот 7: 4 операций, нагрузка 31.71
2025-09-25 18:30:16 - ROBOTY.assigner - INFO - Робот 8: 3 операций, нагрузка 27.71
2025-09-25 18:30:16 - ROBOTY.assigner - INFO - Робот 9: 2 операций, нагрузка 22.76
2025-09-25 18:30:16 - ROBOTY.planner - INFO - Операции назначены методом: balanced
2025-09-25 18:30:16 - ROBOTY.planner - INFO - Планирование траектории для робота 1 (ID: 1) с 3 операциями
2025-09-25 18:30:16 - ROBOTY.planner - DEBUG - Планирование траектории для робота с 3 операциями
2025-09-25 18:30:16 - ROBOTY.planner - DEBUG - Операция 1 запланирована, время завершения: 9.29
2025-09-25 18:30:16 - ROBOTY.planner - DEBUG - Операция 2 запланирована, время завершения: 21.11
2025-09-25 18:30:16 - ROBOTY.planner - DEBUG - Операция 3 запланирована, время завершения: 33.07
2025-09-25 18:30:16 - ROBOTY.planner - INFO - Траектория робота запланирована, общее время: 33.07
2025-09-25 18:30:16 - ROBOTY.planner - INFO - Робот 1: траектория содержит 72 точек
2025-09-25 18:30:16 - ROBOTY.planner - INFO - Планирование траектории для робота 2 (ID: 2) с 3 операциями
2025-09-25 18:30:16 - ROBOTY.planner - DEBUG - Планирование траектории для робота с 3 операциями
2025-09-25 18:30:16 - ROBOTY.planner - DEBUG - Операция 1 запланирована, время завершения: 13.19
2025-09-25 18:30:16 - ROBOTY.planner - DEBUG - Операция 2 запланирована, время завершения: 28.95
2025-09-25 18:30:16 - ROBOTY.planner - DEBUG - Операция 3 запланирована, время завершения: 38.34
2025-09-25 18:30:16 - ROBOTY.planner - INFO - Траектория робота запланирована, общее время: 38.34
2025-09-25 18:30:16 - ROBOTY.planner - INFO - Робот 2: траектория содержит 72 точек
2025-09-25 18:30:16 - ROBOTY.planner - INFO - Планирование траектории для робота 3 (ID: 3) с 3 операциями
2025-09-25 18:30:16 - ROBOTY.planner - DEBUG - Планирование траектории для робота с 3 операциями
2025-09-25 18:30:16 - ROBOTY.planner - DEBUG - Операция 1 запланирована, время завершения: 9.26
2025-09-25 18:30:16 - ROBOTY.planner - DEBUG - Операция 2 запланирована, время завершения: 21.64
2025-09-25 18:30:16 - ROBOTY.planner - DEBUG - Операция 3 запланирована, время завершения: 35.52
2025-09-25 18:30:16 - ROBOTY.planner - INFO - Траектория робота запланирована, общее время: 35.52
2025-09-25 18:30:16 - ROBOTY.planner - INFO - Робот 3: траектория содержит 72 точек
2025-09-25 18:30:16 - ROBOTY.planner - INFO - Планирование траектории для робота 4 (ID: 4) с 2 операциями
2025-09-25 18:30:16 - ROBOTY.planner - DEBUG - Планирование траектории для робота с 2 операциями
2025-09-25 18:30:16 - ROBOTY.planner - DEBUG - Операция 1 запланирована, время завершения: 10.96
2025-09-25 18:30:16 - ROBOTY.planner - DEBUG - Операция 2 запланирована, время завершения: 23.18
2025-09-25 18:30:16 - ROBOTY.planner - INFO - Траектория робота запланирована, общее время: 23.18
2025-09-25 18:30:16 - ROBOTY.planner - INFO - Робот 4: траектория содержит 48 точек
2025-09-25 18:30:16 - ROBOTY.planner - INFO - Планирование траектории для робота 5 (ID: 5) с 3 операциями
2025-09-25 18:30:16 - ROBOTY.planner - DEBUG - Планирование траектории для робота с 3 операциями
2025-09-25 18:30:16 - ROBOTY.planner - DEBUG - Операция 1 запланирована, время завершения: 6.56
2025-09-25 18:30:16 - ROBOTY.planner - DEBUG - Операция 2 запланирована, время завершения: 14.60
2025-09-25 18:30:16 - ROBOTY.planner - DEBUG - Операция 3 запланирована, время завершения: 28.58
2025-09-25 18:30:16 - ROBOTY.planner - INFO - Траектория робота запланирована, общее время: 28.58
2025-09-25 18:30:16 - ROBOTY.planner - INFO - Робот 5: траектория содержит 72 точек
2025-09-25 18:30:16 - ROBOTY.planner - INFO - Планирование траектории для робота 6 (ID: 6) с 4 операциями
2025-09-25 18:30:16 - ROBOTY.planner - DEBUG - Планирование траектории для робота с 4 операциями
2025-09-25 18:30:16 - ROBOTY.planner - DEBUG - Операция 1 запланирована, время завершения: 9.25
2025-09-25 18:30:16 - ROBOTY.planner - DEBUG - Операция 2 запланирована, время завершения: 19.93
2025-09-25 18:30:16 - ROBOTY.planner - DEBUG - Операция 3 запланирована, время завершения: 26.54
2025-09-25 18:30:16 - ROBOTY.planner - DEBUG - Операция 4 запланирована, время завершения: 34.60
2025-09-25 18:30:16 - ROBOTY.planner - INFO - Траектория робота запланирована, общее время: 34.60
2025-09-25 18:30:16 - ROBOTY.planner - INFO - Робот 6: траектория содержит 96 точек
2025-09-25 18:30:16 - ROBOTY.planner - INFO - Планирование траектории для робота 7 (ID: 7) с 3 операциями
2025-09-25 18:30:16 - ROBOTY.planner - DEBUG - Планирование траектории для робота с 3 операциями
2025-09-25 18:30:16 - ROBOTY.planner - DEBUG - Операция 1 запланирована, время завершения: 7.31
2025-09-25 18:30:16 - ROBOTY.planner - DEBUG - Операция 2 запланирована, время завершения: 24.82
2025-09-25 18:30:16 - ROBOTY.planner - DEBUG - Операция 3 запланирована, время завершения: 38.92
2025-09-25 18:30:16 - ROBOTY.planner - INFO - Траектория робота запланирована, общее время: 38.92
2025-09-25 18:30:16 - ROBOTY.planner - INFO - Робот 7: траектория содержит 72 точек
2025-09-25 18:30:16 - ROBOTY.planner - INFO - Планирование траектории для робота 8 (ID: 8) с 4 операциями
2025-09-25 18:30:16 - ROBOTY.planner - DEBUG - Планирование траектории для робота с 4 операциями
2025-09-25 18:30:16 - ROBOTY.planner - DEBUG - Операция 1 запланирована, время завершения: 8.87
2025-09-25 18:30:16 - ROBOTY.planner - DEBUG - Операция 2 запланирована, время завершения: 22.02
2025-09-25 18:30:16 - ROBOTY.planner - DEBUG - Операция 3 запланирована, время завершения: 36.18
2025-09-25 18:30:16 - ROBOTY.planner - DEBUG - Операция 4 запланирована, время завершения: 50.90
2025-09-25 18:30:16 - ROBOTY.planner - INFO - Траектория робота запланирована, общее время: 50.90
2025-09-25 18:30:16 - ROBOTY.planner - INFO - Робот 8: траектория содержит 96 точек
2025-09-25 18:30:16 - ROBOTY.planner - INFO - Планирование траектории для робота 9 (ID: 9) с 3 операциями
2025-09-25 18:30:16 - ROBOTY.planner - DEBUG - Планирование траектории для робота с 3 операциями
2025-09-25 18:30:16 - ROBOTY.planner - DEBUG - Операция 1 запланирована, время завершения: 11.60
2025-09-25 18:30:16 - ROBOTY.planner - DEBUG - Операция 2 запланирована, время завершения: 23.47
2025-09-25 18:30:16 - ROBOTY.planner - DEBUG - Операция 3 запланирована, время завершения: 38.43
2025-09-25 18:30:16 - ROBOTY.planner - INFO - Траектория робота запланирована, общее время: 38.43
2025-09-25 18:30:16 - ROBOTY.planner - INFO - Робот 9: траектория содержит 72 точек
2025-09-25 18:30:16 - ROBOTY.planner - INFO - Планирование траектории для робота 10 (ID: 10) с 2 операциями
2025-09-25 18:30:16 - ROBOTY.planner - DEBUG - Планирование траектории для робота с 2 операциями
2025-09-25 18:30:16 - ROBOTY.planner - DEBUG - Операция 1 запланирована, время завершения: 9.84
2025-09-25 18:30:16 - ROBOTY.planner - DEBUG - Операция 2 запланирована, время завершения: 28.10
2025-09-25 18:30:16 - ROBOTY.planner - INFO - Траектория робота запланирована, общее время: 28.10
2025-09-25 18:30:16 - ROBOTY.planner - INFO - Робот 10: траектория содержит 48 точек
2025-09-25 18:30:16 - ROBOTY.planner - INFO - Планирование завершено. Makespan: 50.90
2025-09-25 18:30:16 - ROBOTY.main - INFO - Планировщик успешно завершил работу
2025-09-25 18:30:16 - ROBOTY.collision - INFO - Начинаем детальную проверку коллизий
2025-09-25 18:30:16 - ROBOTY.collision - DEBUG - Проверяем коллизии в диапазоне времени: 0.00 - 50.90
2025-09-25 18:30:16 - ROBOTY.collision - WARNING - Коллизия: роботы 6 и 7 в 1.60s, расстояние: 0.444, требуется: 0.500
2025-09-25 18:30:16 - ROBOTY.collision - WARNING - Коллизия: роботы 6 и 7 в 1.70s, расстояние: 0.368, требуется: 0.500
2025-09-25 18:30:16 - ROBOTY.collision - WARNING - Коллизия: роботы 6 и 7 в 1.80s, расстояние: 0.375, требуется: 0.500
2025-09-25 18:30:16 - ROBOTY.collision - WARNING - Коллизия: роботы 6 и 7 в 1.90s, расстояние: 0.458, требуется: 0.500
2025-09-25 18:30:16 - ROBOTY.collision - WARNING - Коллизия: роботы 5 и 7 в 6.10s, расстояние: 0.485, требуется: 0.500
2025-09-25 18:30:16 - ROBOTY.collision - WARNING - Коллизия: роботы 5 и 7 в 6.20s, расстояние: 0.455, требуется: 0.500
2025-09-25 18:30:16 - ROBOTY.collision - WARNING - Коллизия: роботы 5 и 7 в 6.30s, расстояние: 0.436, требуется: 0.500
2025-09-25 18:30:16 - ROBOTY.collision - WARNING - Коллизия: роботы 5 и 7 в 6.40s, расстояние: 0.433, требуется: 0.500
2025-09-25 18:30:16 - ROBOTY.collision - WARNING - Коллизия: роботы 5 и 7 в 6.50s, расстояние: 0.431, требуется: 0.500
2025-09-25 18:30:16 - ROBOTY.collision - WARNING - Коллизия: роботы 5 и 7 в 6.60s, расстояние: 0.440, требуется: 0.500
2025-09-25 18:30:16 - ROBOTY.collision - WARNING - Коллизия: роботы 5 и 7 в 6.70s, расстояние: 0.466, требуется: 0.500
2025-09-25 18:30:16 - ROBOTY.collision - WARNING - Коллизия: роботы 5 и 7 в 6.80s, расстояние: 0.492, требуется: 0.500
2025-09-25 18:30:16 - ROBOTY.collision - WARNING - Коллизия: роботы 1 и 9 в 6.90s, расстояние: 0.418, требуется: 0.500
2025-09-25 18:30:16 - ROBOTY.collision - WARNING - Коллизия: роботы 1 и 9 в 7.00s, расстояние: 0.357, требуется: 0.500
2025-09-25 18:30:16 - ROBOTY.collision - WARNING - Коллизия: роботы 1 и 9 в 7.10s, расстояние: 0.349, требуется: 0.500
2025-09-25 18:30:16 - ROBOTY.collision - WARNING - Коллизия: роботы 1 и 9 в 7.20s, расстояние: 0.395, требуется: 0.500
2025-09-25 18:30:16 - ROBOTY.collision - WARNING - Коллизия: роботы 1 и 9 в 7.30s, расстояние: 0.482, требуется: 0.500
2025-09-25 18:30:16 - ROBOTY.collision - WARNING - Коллизия: роботы 7 и 9 в 18.90s, расстояние: 0.496, требуется: 0.500
2025-09-25 18:30:16 - ROBOTY.collision - WARNING - Коллизия: роботы 7 и 9 в 19.00s, расстояние: 0.434, требуется: 0.500
2025-09-25 18:30:16 - ROBOTY.collision - WARNING - Коллизия: роботы 7 и 9 в 19.10s, расстояние: 0.409, требуется: 0.500
2025-09-25 18:30:16 - ROBOTY.collision - WARNING - Коллизия: роботы 7 и 9 в 19.20s, расстояние: 0.428, требуется: 0.500
2025-09-25 18:30:16 - ROBOTY.collision - WARNING - Коллизия: роботы 7 и 9 в 19.30s, расстояние: 0.485, требуется: 0.500
2025-09-25 18:30:16 - ROBOTY.collision - WARNING - Коллизия: роботы 1 и 8 в 39.10s, расстояние: 0.484, требуется: 0.500
2025-09-25 18:30:16 - ROBOTY.collision - WARNING - Коллизия: роботы 1 и 8 в 39.20s, расстояние: 0.460, требуется: 0.500
2025-09-25 18:30:16 - ROBOTY.collision - WARNING - Коллизия: роботы 1 и 8 в 39.30s, расстояние: 0.471, требуется: 0.500
2025-09-25 18:30:16 - ROBOTY.collision - ERROR - Обнаружено 25 коллизий
2025-09-25 18:30:16 - ROBOTY.main - WARNING - Обнаружено 25 коллизий, применяем онлайн-безопасность
2025-09-25 18:30:16 - ROBOTY.safety - INFO - Применяем онлайн-безопасность: вставка пауз при коллизиях
2025-09-25 18:30:16 - ROBOTY.collision - INFO - Начинаем детальную проверку коллизий
2025-09-25 18:30:16 - ROBOTY.collision - DEBUG - Проверяем коллизии в диапазоне времени: 0.00 - 50.90
2025-09-25 18:30:16 - ROBOTY.collision - WARNING - Коллизия: роботы 6 и 7 в 1.60s, расстояние: 0.444, требуется: 0.500
2025-09-25 18:30:16 - ROBOTY.collision - WARNING - Коллизия: роботы 6 и 7 в 1.65s, расстояние: 0.398, требуется: 0.500
2025-09-25 18:30:16 - ROBOTY.collision - WARNING - Коллизия: роботы 6 и 7 в 1.70s, расстояние: 0.368, требуется: 0.500
2025-09-25 18:30:16 - ROBOTY.collision - WARNING - Коллизия: роботы 6 и 7 в 1.75s, расстояние: 0.360, требуется: 0.500
2025-09-25 18:30:16 - ROBOTY.collision - WARNING - Коллизия: роботы 6 и 7 в 1.80s, расстояние: 0.375, требуется: 0.500
2025-09-25 18:30:16 - ROBOTY.collision - WARNING - Коллизия: роботы 6 и 7 в 1.85s, расстояние: 0.409, требуется: 0.500
2025-09-25 18:30:16 - ROBOTY.collision - WARNING - Коллизия: роботы 6 и 7 в 1.90s, расстояние: 0.458, требуется: 0.500
2025-09-25 18:30:16 - ROBOTY.collision - WARNING - Коллизия: роботы 5 и 7 в 6.10s, расстояние: 0.485, требуется: 0.500
2025-09-25 18:30:16 - ROBOTY.collision - WARNING - Коллизия: роботы 5 и 7 в 6.15s, расстояние: 0.468, требуется: 0.500
2025-09-25 18:30:16 - ROBOTY.collision - WARNING - Коллизия: роботы 5 и 7 в 6.20s, расстояние: 0.455, требуется: 0.500
2025-09-25 18:30:16 - ROBOTY.collision - WARNING - Коллизия: роботы 5 и 7 в 6.25s, расстояние: 0.444, требуется: 0.500
2025-09-25 18:30:16 - ROBOTY.collision - WARNING - Коллизия: роботы 5 и 7 в 6.30s, расстояние: 0.436, требуется: 0.500
2025-09-25 18:30:16 - ROBOTY.collision - WARNING - Коллизия: роботы 5 и 7 в 6.35s, расстояние: 0.434, требуется: 0.500
2025-09-25 18:30:16 - ROBOTY.collision - WARNING - Коллизия: роботы 5 и 7 в 6.40s, расстояние: 0.433, требуется: 0.500
2025-09-25 18:30:16 - ROBOTY.collision - WARNING - Коллизия: роботы 5 и 7 в 6.45s, расстояние: 0.432, требуется: 0.500
2025-09-25 18:30:16 - ROBOTY.collision - WARNING - Коллизия: роботы 5 и 7 в 6.50s, расстояние: 0.431, требуется: 0.500
2025-09-25 18:30:16 - ROBOTY.collision - WARNING - Коллизия: роботы 5 и 7 в 6.55s, расстояние: 0.431, требуется: 0.500
2025-09-25 18:30:16 - ROBOTY.collision - WARNING - Коллизия: роботы 5 и 7 в 6.60s, расстояние: 0.440, требуется: 0.500
2025-09-25 18:30:16 - ROBOTY.collision - WARNING - Коллизия: роботы 5 и 7 в 6.65s, расстояние: 0.453, требуется: 0.500
2025-09-25 18:30:16 - ROBOTY.collision - WARNING - Коллизия: роботы 5 и 7 в 6.70s, расстояние: 0.466, требуется: 0.500
2025-09-25 18:30:16 - ROBOTY.collision - WARNING - Коллизия: роботы 5 и 7 в 6.75s, расстояние: 0.479, требуется: 0.500
2025-09-25 18:30:16 - ROBOTY.collision - WARNING - Коллизия: роботы 5 и 7 в 6.80s, расстояние: 0.492, требуется: 0.500
2025-09-25 18:30:16 - ROBOTY.collision - WARNING - Коллизия: роботы 1 и 9 в 6.85s, расстояние: 0.462, требуется: 0.500
2025-09-25 18:30:16 - ROBOTY.collision - WARNING - Коллизия: роботы 1 и 9 в 6.90s, расстояние: 0.418, требуется: 0.500
2025-09-25 18:30:16 - ROBOTY.collision - WARNING - Коллизия: роботы 1 и 9 в 6.95s, расстояние: 0.382, требуется: 0.500
2025-09-25 18:30:16 - ROBOTY.collision - WARNING - Коллизия: роботы 1 и 9 в 7.00s, расстояние: 0.357, требуется: 0.500
2025-09-25 18:30:16 - ROBOTY.collision - WARNING - Коллизия: роботы 1 и 9 в 7.05s, расстояние: 0.346, требуется: 0.500
2025-09-25 18:30:16 - ROBOTY.collision - WARNING - Коллизия: роботы 1 и 9 в 7.10s, расстояние: 0.349, требуется: 0.500
2025-09-25 18:30:16 - ROBOTY.collision - WARNING - Коллизия: роботы 1 и 9 в 7.15s, расстояние: 0.366, требуется: 0.500
2025-09-25 18:30:16 - ROBOTY.collision - WARNING - Коллизия: роботы 1 и 9 в 7.20s, расстояние: 0.395, требуется: 0.500
2025-09-25 18:30:16 - ROBOTY.collision - WARNING - Коллизия: роботы 1 и 9 в 7.25s, расстояние: 0.435, требуется: 0.500
2025-09-25 18:30:16 - ROBOTY.collision - WARNING - Коллизия: роботы 1 и 9 в 7.30s, расстояние: 0.482, требуется: 0.500
2025-09-25 18:30:16 - ROBOTY.collision - WARNING - Коллизия: роботы 7 и 9 в 18.90s, расстояние: 0.496, требуется: 0.500
2025-09-25 18:30:16 - ROBOTY.collision - WARNING - Коллизия: роботы 7 и 9 в 18.95s, расстояние: 0.461, требуется: 0.500
2025-09-25 18:30:16 - ROBOTY.collision - WARNING - Коллизия: роботы 7 и 9 в 19.00s, расстояние: 0.434, требуется: 0.500
2025-09-25 18:30:16 - ROBOTY.collision - WARNING - Коллизия: роботы 7 и 9 в 19.05s, расстояние: 0.416, требуется: 0.500
2025-09-25 18:30:16 - ROBOTY.collision - WARNING - Коллизия: роботы 7 и 9 в 19.10s, расстояние: 0.409, требуется: 0.500
2025-09-25 18:30:16 - ROBOTY.collision - WARNING - Коллизия: роботы 7 и 9 в 19.15s, расстояние: 0.413, требуется: 0.500
2025-09-25 18:30:16 - ROBOTY.collision - WARNING - Коллизия: роботы 7 и 9 в 19.20s, расстояние: 0.428, требуется: 0.500
2025-09-25 18:30:16 - ROBOTY.collision - WARNING - Коллизия: роботы 7 и 9 в 19.25s, расстояние: 0.452, требуется: 0.500
2025-09-25 18:30:16 - ROBOTY.collision - WARNING - Коллизия: роботы 7 и 9 в 19.30s, расстояние: 0.485, требуется: 0.500
2025-09-25 18:30:16 - ROBOTY.collision - WARNING - Коллизия: роботы 1 и 8 в 39.10s, расстояние: 0.484, требуется: 0.500
2025-09-25 18:30:16 - ROBOTY.collision - WARNING - Коллизия: роботы 1 и 8 в 39.15s, расстояние: 0.468, требуется: 0.500
2025-09-25 18:30:16 - ROBOTY.collision - WARNING - Коллизия: роботы 1 и 8 в 39.20s, расстояние: 0.460, требуется: 0.500
2025-09-25 18:30:16 - ROBOTY.collision - WARNING - Коллизия: роботы 1 и 8 в 39.25s, расстояние: 0.461, требуется: 0.500
2025-09-25 18:30:16 - ROBOTY.collision - WARNING - Коллизия: роботы 1 и 8 в 39.30s, расстояние: 0.471, требуется: 0.500
2025-09-25 18:30:16 - ROBOTY.collision - WARNING - Коллизия: роботы 1 и 8 в 39.35s, расстояние: 0.489, требуется: 0.500
2025-09-25 18:30:16 - ROBOTY.collision - ERROR - Обнаружено 47 коллизий
2025-09-25 18:30:16 - ROBOTY.safety - DEBUG - Добавлена пауза 0.60s роботу 6 в t=1.60s
2025-09-25 18:30:16 - ROBOTY.safety - DEBUG - Добавлена пауза 0.60s роботу 7 в t=1.60s
2025-09-25 18:30:16 - ROBOTY.safety - DEBUG - Добавлена пауза 0.60s роботу 6 в t=1.65s
2025-09-25 18:30:16 - ROBOTY.safety - DEBUG - Добавлена пауза 0.60s роботу 7 в t=1.65s
2025-09-25 18:30:16 - ROBOTY.safety - DEBUG - Добавлена пауза 0.60s роботу 6 в t=1.70s
2025-09-25 18:30:16 - ROBOTY.safety - DEBUG - Добавлена пауза 0.60s роботу 7 в t=1.70s
2025-09-25 18:30:16 - ROBOTY.safety - DEBUG - Добавлена пауза 0.60s роботу 6 в t=1.75s
2025-09-25 18:30:16 - ROBOTY.safety - DEBUG - Добавлена пауза 0.60s роботу 7 в t=1.75s
2025-09-25 18:30:16 - ROBOTY.safety - DEBUG - Добавлена пауза 0.60s роботу 6 в t=1.80s
2025-09-25 18:30:16 - ROBOTY.safety - DEBUG - Добавлена пауза 0.60s роботу 7 в t=1.80s
2025-09-25 18:30:16 - ROBOTY.safety - DEBUG - Добавлена пауза 0.60s роботу 6 в t=1.85s
2025-09-25 18:30:16 - ROBOTY.safety - DEBUG - Добавлена пауза 0.60s роботу 7 в t=1.85s
2025-09-25 18:30:16 - ROBOTY.safety - DEBUG - Добавлена пауза 0.60s роботу 6 в t=1.90s
2025-09-25 18:30:16 - ROBOTY.safety - DEBUG - Добавлена пауза 0.60s роботу 7 в t=1.90s
2025-09-25 18:30:16 - ROBOTY.safety - DEBUG - Добавлена пауза 0.60s роботу 5 в t=6.10s
2025-09-25 18:30:16 - ROBOTY.safety - DEBUG - Добавлена пауза 0.60s роботу 7 в t=6.10s
2025-09-25 18:30:16 - ROBOTY.safety - DEBUG - Добавлена пауза 0.60s роботу 5 в t=6.15s
2025-09-25 18:30:16 - ROBOTY.safety - DEBUG - Добавлена пауза 0.60s роботу 7 в t=6.15s
2025-09-25 18:30:16 - ROBOTY.safety - DEBUG - Добавлена пауза 0.60s роботу 5 в t=6.20s
2025-09-25 18:30:16 - ROBOTY.safety - DEBUG - Добавлена пауза 0.60s роботу 7 в t=6.20s
2025-09-25 18:30:16 - ROBOTY.safety - DEBUG - Добавлена пауза 0.60s роботу 5 в t=6.25s
2025-09-25 18:30:16 - ROBOTY.safety - DEBUG - Добавлена пауза 0.60s роботу 7 в t=6.25s
2025-09-25 18:30:16 - ROBOTY.safety - DEBUG - Добавлена пауза 0.60s роботу 5 в t=6.30s
2025-09-25 18:30:16 - ROBOTY.safety - DEBUG - Добавлена пауза 0.60s роботу 7 в t=6.30s
2025-09-25 18:30:16 - ROBOTY.safety - DEBUG - Добавлена пауза 0.60s роботу 5 в t=6.35s
2025-09-25 18:30:16 - ROBOTY.safety - DEBUG - Добавлена пауза 0.60s роботу 7 в t=6.35s
2025-09-25 18:30:16 - ROBOTY.safety - DEBUG - Добавлена пауза 0.60s роботу 5 в t=6.40s
2025-09-25 18:30:16 - ROBOTY.safety - DEBUG - Добавлена пауза 0.60s роботу 7 в t=6.40s
2025-09-25 18:30:16 - ROBOTY.safety - DEBUG - Добавлена пауза 0.60s роботу 5 в t=6.45s
2025-09-25 18:30:16 - ROBOTY.safety - DEBUG - Добавлена пауза 0.60s роботу 7 в t=6.45s
2025-09-25 18:30:16 - ROBOTY.safety - DEBUG - Добавлена пауза 0.60s роботу 5 в t=6.50s
2025-09-25 18:30:16 - ROBOTY.safety - DEBUG - Добавлена пауза 0.60s роботу 7 в t=6.50s
2025-09-25 18:30:16 - ROBOTY.safety - DEBUG - Добавлена пауза 0.60s роботу 5 в t=6.55s
2025-09-25 18:30:16 - ROBOTY.safety - DEBUG - Добавлена пауза 0.60s роботу 7 в t=6.55s
2025-09-25 18:30:16 - ROBOTY.safety - DEBUG - Добавлена пауза 0.60s роботу 5 в t=6.60s
2025-09-25 18:30:16 - ROBOTY.safety - DEBUG - Добавлена пауза 0.60s роботу 7 в t=6.60s
2025-09-25 18:30:16 - ROBOTY.safety - DEBUG - Добавлена пауза 0.60s роботу 5 в t=6.65s
2025-09-25 18:30:16 - ROBOTY.safety - DEBUG - Добавлена пауза 0.60s роботу 7 в t=6.65s
2025-09-25 18:30:16 - ROBOTY.safety - DEBUG - Добавлена пауза 0.60s роботу 5 в t=6.70s
2025-09-25 18:30:16 - ROBOTY.safety - DEBUG - Добавлена пауза 0.60s роботу 7 в t=6.70s
2025-09-25 18:30:16 - ROBOTY.safety - DEBUG - Добавлена пауза 0.60s роботу 5 в t=6.75s
2025-09-25 18:30:16 - ROBOTY.safety - DEBUG - Добавлена пауза 0.60s роботу 7 в t=6.75s
2025-09-25 18:30:16 - ROBOTY.safety - DEBUG - Добавлена пауза 0.60s роботу 5 в t=6.80s
2025-09-25 18:30:16 - ROBOTY.safety - DEBUG - Добавлена пауза 0.60s роботу 7 в t=6.80s
2025-09-25 18:30:16 - ROBOTY.safety - DEBUG - Добавлена пауза 0.60s роботу 1 в t=6.85s
2025-09-25 18:30:16 - ROBOTY.safety - DEBUG - Добавлена пауза 0.60s роботу 9 в t=6.85s
2025-09-25 18:30:16 - ROBOTY.safety - DEBUG - Добавлена пауза 0.60s роботу 1 в t=6.90s
2025-09-25 18:30:16 - ROBOTY.safety - DEBUG - Добавлена пауза 0.60s роботу 9 в t=6.90s
2025-09-25 18:30:16 - ROBOTY.safety - DEBUG - Добавлена пауза 0.60s роботу 1 в t=6.95s
2025-09-25 18:30:16 - ROBOTY.safety - DEBUG - Добавлена пауза 0.60s роботу 9 в t=6.95s
2025-09-25 18:30:16 - ROBOTY.safety - DEBUG - Добавлена пауза 0.60s роботу 1 в t=7.00s
2025-09-25 18:30:16 - ROBOTY.safety - DEBUG - Добавлена пауза 0.60s роботу 9 в t=7.00s
2025-09-25 18:30:16 - ROBOTY.safety - DEBUG - Добавлена пауза 0.60s роботу 1 в t=7.05s
2025-09-25 18:30:16 - ROBOTY.safety - DEBUG - Добавлена пауза 0.60s роботу 9 в t=7.05s
2025-09-25 18:30:16 - ROBOTY.safety - DEBUG - Добавлена пауза 0.60s роботу 1 в t=7.10s
2025-09-25 18:30:16 - ROBOTY.safety - DEBUG - Добавлена пауза 0.60s роботу 9 в t=7.10s
2025-09-25 18:30:16 - ROBOTY.safety - DEBUG - Добавлена пауза 0.60s роботу 1 в t=7.15s
2025-09-25 18:30:16 - ROBOTY.safety - DEBUG - Добавлена пауза 0.60s роботу 9 в t=7.15s
2025-09-25 18:30:16 - ROBOTY.safety - DEBUG - Добавлена пауза 0.60s роботу 1 в t=7.20s
2025-09-25 18:30:16 - ROBOTY.safety - DEBUG - Добавлена пауза 0.60s роботу 9 в t=7.20s
2025-09-25 18:30:16 - ROBOTY.safety - DEBUG - Добавлена пауза 0.60s роботу 1 в t=7.25s
2025-09-25 18:30:16 - ROBOTY.safety - DEBUG - Добавлена пауза 0.60s роботу 9 в t=7.25s
2025-09-25 18:30:16 - ROBOTY.safety - DEBUG - Добавлена пауза 0.60s роботу 1 в t=7.30s
2025-09-25 18:30:16 - ROBOTY.safety - DEBUG - Добавлена пауза 0.60s роботу 9 в t=7.30s
2025-09-25 18:30:16 - ROBOTY.safety - DEBUG - Добавлена пауза 0.60s роботу 7 в t=18.90s
2025-09-25 18:30:16 - ROBOTY.safety - DEBUG - Добавлена пауза 0.60s роботу 9 в t=18.90s
2025-09-25 18:30:16 - ROBOTY.safety - DEBUG - Добавлена пауза 0.60s роботу 7 в t=18.95s
2025-09-25 18:30:16 - ROBOTY.safety - DEBUG - Добавлена пауза 0.60s роботу 9 в t=18.95s
2025-09-25 18:30:16 - ROBOTY.safety - DEBUG - Добавлена пауза 0.60s роботу 7 в t=19.00s
2025-09-25 18:30:16 - ROBOTY.safety - DEBUG - Добавлена пауза 0.60s роботу 9 в t=19.00s
2025-09-25 18:30:16 - ROBOTY.safety - DEBUG - Добавлена пауза 0.60s роботу 7 в t=19.05s
2025-09-25 18:30:16 - ROBOTY.safety - DEBUG - Добавлена пауза 0.60s роботу 9 в t=19.05s
2025-09-25 18:30:16 - ROBOTY.safety - DEBUG - Добавлена пауза 0.60s роботу 7 в t=19.10s
2025-09-25 18:30:16 - ROBOTY.safety - DEBUG - Добавлена пауза 0.60s роботу 9 в t=19.10s
2025-09-25 18:30:16 - ROBOTY.safety - DEBUG - Добавлена пауза 0.60s роботу 7 в t=19.15s
2025-09-25 18:30:16 - ROBOTY.safety - DEBUG - Добавлена пауза 0.60s роботу 9 в t=19.15s
2025-09-25 18:30:16 - ROBOTY.safety - DEBUG - Добавлена пауза 0.60s роботу 7 в t=19.20s
2025-09-25 18:30:16 - ROBOTY.safety - DEBUG - Добавлена пауза 0.60s роботу 9 в t=19.20s
2025-09-25 18:30:16 - ROBOTY.safety - DEBUG - Добавлена пауза 0.60s роботу 7 в t=19.25s
2025-09-25 18:30:16 - ROBOTY.safety - DEBUG - Добавлена пауза 0.60s роботу 9 в t=19.25s
2025-09-25 18:30:16 - ROBOTY.safety - DEBUG - Добавлена пауза 0.60s роботу 7 в t=19.30s
2025-09-25 18:30:16 - ROBOTY.safety - DEBUG - Добавлена пауза 0.60s роботу 9 в t=19.30s
2025-09-25 18:30:16 - ROBOTY.safety - DEBUG - Добавлена пауза 0.60s роботу 1 в t=39.10s
2025-09-25 18:30:16 - ROBOTY.safety - DEBUG - Добавлена пауза 0.60s роботу 8 в t=39.10s
2025-09-25 18:30:16 - ROBOTY.safety - DEBUG - Добавлена пауза 0.60s роботу 1 в t=39.15s
2025-09-25 18:30:16 - ROBOTY.safety - DEBUG - Добавлена пауза 0.60s роботу 8 в t=39.15s
2025-09-25 18:30:16 - ROBOTY.safety - DEBUG - Добавлена пауза 0.60s роботу 1 в t=39.20s
2025-09-25 18:30:16 - ROBOTY.safety - DEBUG - Добавлена пауза 0.60s роботу 8 в t=39.20s
2025-09-25 18:30:16 - ROBOTY.safety - DEBUG - Добавлена пауза 0.60s роботу 1 в t=39.25s
2025-09-25 18:30:16 - ROBOTY.safety - DEBUG - Добавлена пауза 0.60s роботу 8 в t=39.25s
2025-09-25 18:30:16 - ROBOTY.safety - DEBUG - Добавлена пауза 0.60s роботу 1 в t=39.30s
2025-09-25 18:30:16 - ROBOTY.safety - DEBUG - Добавлена пауза 0.60s роботу 8 в t=39.30s
2025-09-25 18:30:16 - ROBOTY.safety - DEBUG - Добавлена пауза 0.60s роботу 1 в t=39.35s
2025-09-25 18:30:16 - ROBOTY.safety - DEBUG - Добавлена пауза 0.60s роботу 8 в t=39.35s
2025-09-25 18:30:16 - ROBOTY.safety - INFO - Онлайн-безопасность применена: паузы вставлены
2025-09-25 18:30:16 - ROBOTY.collision - INFO - Начинаем детальную проверку коллизий
2025-09-25 18:30:16 - ROBOTY.collision - DEBUG - Проверяем коллизии в диапазоне времени: 0.00 - 57.52
2025-09-25 18:30:16 - ROBOTY.collision - WARNING - Коллизия: роботы 6 и 7 в 1.60s, расстояние: 0.444, требуется: 0.500
2025-09-25 18:30:16 - ROBOTY.collision - WARNING - Коллизия: роботы 6 и 7 в 1.70s, расстояние: 0.444, требуется: 0.500
2025-09-25 18:30:16 - ROBOTY.collision - WARNING - Коллизия: роботы 6 и 7 в 1.80s, расстояние: 0.444, требуется: 0.500
2025-09-25 18:30:16 - ROBOTY.collision - WARNING - Коллизия: роботы 6 и 7 в 1.90s, расстояние: 0.444, требуется: 0.500
2025-09-25 18:30:16 - ROBOTY.collision - WARNING - Коллизия: роботы 6 и 7 в 2.00s, расстояние: 0.444, требуется: 0.500
2025-09-25 18:30:16 - ROBOTY.collision - WARNING - Коллизия: роботы 6 и 7 в 2.10s, расстояние: 0.444, требуется: 0.500
2025-09-25 18:30:16 - ROBOTY.collision - WARNING - Коллизия: роботы 6 и 7 в 2.20s, расстояние: 0.444, требуется: 0.500
2025-09-25 18:30:16 - ROBOTY.collision - WARNING - Коллизия: роботы 6 и 7 в 2.30s, расстояние: 0.444, требуется: 0.500
2025-09-25 18:30:16 - ROBOTY.collision - WARNING - Коллизия: роботы 6 и 7 в 2.40s, расстояние: 0.444, требуется: 0.500
2025-09-25 18:30:16 - ROBOTY.collision - WARNING - Коллизия: роботы 6 и 7 в 2.50s, расстояние: 0.444, требуется: 0.500
2025-09-25 18:30:16 - ROBOTY.collision - WARNING - Коллизия: роботы 6 и 7 в 2.60s, расстояние: 0.444, требуется: 0.500
2025-09-25 18:30:16 - ROBOTY.collision - WARNING - Коллизия: роботы 6 и 7 в 2.70s, расстояние: 0.444, требуется: 0.500
2025-09-25 18:30:16 - ROBOTY.collision - WARNING - Коллизия: роботы 6 и 7 в 2.80s, расстояние: 0.444, требуется: 0.500
2025-09-25 18:30:16 - ROBOTY.collision - WARNING - Коллизия: роботы 6 и 7 в 2.90s, расстояние: 0.444, требуется: 0.500
2025-09-25 18:30:16 - ROBOTY.collision - WARNING - Коллизия: роботы 6 и 7 в 3.00s, расстояние: 0.444, требуется: 0.500
2025-09-25 18:30:16 - ROBOTY.collision - WARNING - Коллизия: роботы 6 и 7 в 3.10s, расстояние: 0.444, требуется: 0.500
2025-09-25 18:30:16 - ROBOTY.collision - WARNING - Коллизия: роботы 6 и 7 в 3.20s, расстояние: 0.444, требуется: 0.500
2025-09-25 18:30:16 - ROBOTY.collision - WARNING - Коллизия: роботы 6 и 7 в 3.30s, расстояние: 0.444, требуется: 0.500
2025-09-25 18:30:16 - ROBOTY.collision - WARNING - Коллизия: роботы 6 и 7 в 3.40s, расстояние: 0.444, требуется: 0.500
2025-09-25 18:30:16 - ROBOTY.collision - WARNING - Коллизия: роботы 6 и 7 в 3.50s, расстояние: 0.444, требуется: 0.500
2025-09-25 18:30:16 - ROBOTY.collision - WARNING - Коллизия: роботы 6 и 7 в 3.60s, расстояние: 0.444, требуется: 0.500
2025-09-25 18:30:16 - ROBOTY.collision - WARNING - Коллизия: роботы 6 и 7 в 3.70s, расстояние: 0.444, требуется: 0.500
2025-09-25 18:30:16 - ROBOTY.collision - WARNING - Коллизия: роботы 6 и 7 в 3.80s, расстояние: 0.444, требуется: 0.500
2025-09-25 18:30:16 - ROBOTY.collision - WARNING - Коллизия: роботы 6 и 7 в 3.90s, расстояние: 0.444, требуется: 0.500
2025-09-25 18:30:16 - ROBOTY.collision - WARNING - Коллизия: роботы 6 и 7 в 4.00s, расстояние: 0.444, требуется: 0.500
2025-09-25 18:30:16 - ROBOTY.collision - WARNING - Коллизия: роботы 6 и 7 в 4.10s, расстояние: 0.444, требуется: 0.500
2025-09-25 18:30:16 - ROBOTY.collision - WARNING - Коллизия: роботы 6 и 7 в 4.20s, расстояние: 0.444, требуется: 0.500
2025-09-25 18:30:16 - ROBOTY.collision - WARNING - Коллизия: роботы 6 и 7 в 4.30s, расстояние: 0.444, требуется: 0.500
2025-09-25 18:30:16 - ROBOTY.collision - WARNING - Коллизия: роботы 6 и 7 в 4.40s, расстояние: 0.444, требуется: 0.500
2025-09-25 18:30:16 - ROBOTY.collision - WARNING - Коллизия: роботы 6 и 7 в 4.50s, расстояние: 0.444, требуется: 0.500
2025-09-25 18:30:16 - ROBOTY.collision - WARNING - Коллизия: роботы 6 и 7 в 4.60s, расстояние: 0.444, требуется: 0.500
2025-09-25 18:30:16 - ROBOTY.collision - WARNING - Коллизия: роботы 6 и 7 в 4.70s, расстояние: 0.444, требуется: 0.500
2025-09-25 18:30:16 - ROBOTY.collision - WARNING - Коллизия: роботы 6 и 7 в 4.80s, расстояние: 0.444, требуется: 0.500
2025-09-25 18:30:16 - ROBOTY.collision - WARNING - Коллизия: роботы 6 и 7 в 4.90s, расстояние: 0.444, требуется: 0.500
2025-09-25 18:30:16 - ROBOTY.collision - WARNING - Коллизия: роботы 6 и 7 в 5.00s, расстояние: 0.444, требуется: 0.500
2025-09-25 18:30:16 - ROBOTY.collision - WARNING - Коллизия: роботы 6 и 7 в 5.10s, расстояние: 0.444, требуется: 0.500
2025-09-25 18:30:16 - ROBOTY.collision - WARNING - Коллизия: роботы 6 и 7 в 5.20s, расстояние: 0.444, требуется: 0.500
2025-09-25 18:30:16 - ROBOTY.collision - WARNING - Коллизия: роботы 6 и 7 в 5.30s, расстояние: 0.444, требуется: 0.500
2025-09-25 18:30:16 - ROBOTY.collision - WARNING - Коллизия: роботы 6 и 7 в 5.40s, расстояние: 0.444, требуется: 0.500
2025-09-25 18:30:16 - ROBOTY.collision - WARNING - Коллизия: роботы 6 и 7 в 5.50s, расстояние: 0.444, требуется: 0.500
2025-09-25 18:30:16 - ROBOTY.collision - WARNING - Коллизия: роботы 6 и 7 в 5.60s, расстояние: 0.444, требуется: 0.500
2025-09-25 18:30:16 - ROBOTY.collision - WARNING - Коллизия: роботы 6 и 7 в 5.70s, расстояние: 0.444, требуется: 0.500
2025-09-25 18:30:16 - ROBOTY.collision - WARNING - Коллизия: роботы 6 и 7 в 5.80s, расстояние: 0.444, требуется: 0.500
2025-09-25 18:30:16 - ROBOTY.collision - WARNING - Коллизия: роботы 6 и 7 в 5.90s, расстояние: 0.368, требуется: 0.500
2025-09-25 18:30:16 - ROBOTY.collision - WARNING - Коллизия: роботы 6 и 7 в 6.00s, расстояние: 0.375, требуется: 0.500
2025-09-25 18:30:16 - ROBOTY.collision - WARNING - Коллизия: роботы 6 и 7 в 6.10s, расстояние: 0.458, требуется: 0.500
2025-09-25 18:30:16 - ROBOTY.collision - WARNING - Коллизия: роботы 1 и 9 в 6.90s, расстояние: 0.462, требуется: 0.500
2025-09-25 18:30:16 - ROBOTY.collision - WARNING - Коллизия: роботы 1 и 9 в 7.00s, расстояние: 0.462, требуется: 0.500
2025-09-25 18:30:16 - ROBOTY.collision - WARNING - Коллизия: роботы 1 и 9 в 7.10s, расстояние: 0.462, требуется: 0.500
2025-09-25 18:30:16 - ROBOTY.collision - WARNING - Коллизия: роботы 1 и 9 в 7.20s, расстояние: 0.462, требуется: 0.500
2025-09-25 18:30:16 - ROBOTY.collision - WARNING - Коллизия: роботы 1 и 9 в 7.30s, расстояние: 0.462, требуется: 0.500
2025-09-25 18:30:16 - ROBOTY.collision - WARNING - Коллизия: роботы 1 и 9 в 7.40s, расстояние: 0.462, требуется: 0.500
2025-09-25 18:30:16 - ROBOTY.collision - WARNING - Коллизия: роботы 1 и 9 в 7.50s, расстояние: 0.462, требуется: 0.500
2025-09-25 18:30:16 - ROBOTY.collision - WARNING - Коллизия: роботы 1 и 9 в 7.60s, расстояние: 0.462, требуется: 0.500
2025-09-25 18:30:16 - ROBOTY.collision - WARNING - Коллизия: роботы 1 и 9 в 7.70s, расстояние: 0.462, требуется: 0.500
2025-09-25 18:30:16 - ROBOTY.collision - WARNING - Коллизия: роботы 1 и 9 в 7.80s, расстояние: 0.462, требуется: 0.500
2025-09-25 18:30:16 - ROBOTY.collision - WARNING - Коллизия: роботы 1 и 9 в 7.90s, расстояние: 0.462, требуется: 0.500
2025-09-25 18:30:16 - ROBOTY.collision - WARNING - Коллизия: роботы 1 и 9 в 8.00s, расстояние: 0.462, требуется: 0.500
2025-09-25 18:30:16 - ROBOTY.collision - WARNING - Коллизия: роботы 1 и 9 в 8.10s, расстояние: 0.462, требуется: 0.500
2025-09-25 18:30:16 - ROBOTY.collision - WARNING - Коллизия: роботы 1 и 9 в 8.20s, расстояние: 0.462, требуется: 0.500
2025-09-25 18:30:16 - ROBOTY.collision - WARNING - Коллизия: роботы 1 и 9 в 8.30s, расстояние: 0.462, требуется: 0.500
2025-09-25 18:30:16 - ROBOTY.collision - WARNING - Коллизия: роботы 1 и 9 в 8.40s, расстояние: 0.462, требуется: 0.500
2025-09-25 18:30:16 - ROBOTY.collision - WARNING - Коллизия: роботы 1 и 9 в 8.50s, расстояние: 0.462, требуется: 0.500
2025-09-25 18:30:16 - ROBOTY.collision - WARNING - Коллизия: роботы 1 и 9 в 8.60s, расстояние: 0.462, требуется: 0.500
2025-09-25 18:30:16 - ROBOTY.collision - WARNING - Коллизия: роботы 1 и 9 в 8.70s, расстояние: 0.462, требуется: 0.500
2025-09-25 18:30:16 - ROBOTY.collision - WARNING - Коллизия: роботы 1 и 9 в 8.80s, расстояние: 0.462, требуется: 0.500
2025-09-25 18:30:16 - ROBOTY.collision - WARNING - Коллизия: роботы 1 и 9 в 8.90s, расстояние: 0.462, требуется: 0.500
2025-09-25 18:30:16 - ROBOTY.collision - WARNING - Коллизия: роботы 1 и 9 в 9.00s, расстояние: 0.462, требуется: 0.500
2025-09-25 18:30:16 - ROBOTY.collision - WARNING - Коллизия: роботы 1 и 9 в 9.10s, расстояние: 0.462, требуется: 0.500
2025-09-25 18:30:16 - ROBOTY.collision - WARNING - Коллизия: роботы 1 и 9 в 9.20s, расстояние: 0.462, требуется: 0.500
2025-09-25 18:30:16 - ROBOTY.collision - WARNING - Коллизия: роботы 1 и 9 в 9.30s, расстояние: 0.462, требуется: 0.500
2025-09-25 18:30:16 - ROBOTY.collision - WARNING - Коллизия: роботы 1 и 9 в 9.40s, расстояние: 0.462, требуется: 0.500
2025-09-25 18:30:16 - ROBOTY.collision - WARNING - Коллизия: роботы 1 и 9 в 9.50s, расстояние: 0.462, требуется: 0.500
2025-09-25 18:30:16 - ROBOTY.collision - WARNING - Коллизия: роботы 1 и 9 в 9.60s, расстояние: 0.462, требуется: 0.500
2025-09-25 18:30:16 - ROBOTY.collision - WARNING - Коллизия: роботы 1 и 9 в 9.70s, расстояние: 0.462, требуется: 0.500
2025-09-25 18:30:16 - ROBOTY.collision - WARNING - Коллизия: роботы 1 и 9 в 9.80s, расстояние: 0.462, требуется: 0.500
2025-09-25 18:30:16 - ROBOTY.collision - WARNING - Коллизия: роботы 1 и 9 в 9.90s, расстояние: 0.462, требуется: 0.500
2025-09-25 18:30:16 - ROBOTY.collision - WARNING - Коллизия: роботы 1 и 9 в 10.00s, расстояние: 0.462, требуется: 0.500
2025-09-25 18:30:16 - ROBOTY.collision - WARNING - Коллизия: роботы 1 и 9 в 10.10s, расстояние: 0.462, требуется: 0.500
2025-09-25 18:30:16 - ROBOTY.collision - WARNING - Коллизия: роботы 1 и 9 в 10.20s, расстояние: 0.462, требуется: 0.500
2025-09-25 18:30:16 - ROBOTY.collision - WARNING - Коллизия: роботы 1 и 9 в 10.30s, расстояние: 0.462, требуется: 0.500
2025-09-25 18:30:16 - ROBOTY.collision - WARNING - Коллизия: роботы 1 и 9 в 10.40s, расстояние: 0.462, требуется: 0.500
2025-09-25 18:30:16 - ROBOTY.collision - WARNING - Коллизия: роботы 1 и 9 в 10.50s, расстояние: 0.462, требуется: 0.500
2025-09-25 18:30:16 - ROBOTY.collision - WARNING - Коллизия: роботы 1 и 9 в 10.60s, расстояние: 0.462, требуется: 0.500
2025-09-25 18:30:16 - ROBOTY.collision - WARNING - Коллизия: роботы 1 и 9 в 10.70s, расстояние: 0.462, требуется: 0.500
2025-09-25 18:30:16 - ROBOTY.collision - WARNING - Коллизия: роботы 1 и 9 в 10.80s, расстояние: 0.462, требуется: 0.500
2025-09-25 18:30:16 - ROBOTY.collision - WARNING - Коллизия: роботы 1 и 9 в 10.90s, расстояние: 0.462, требуется: 0.500
2025-09-25 18:30:16 - ROBOTY.collision - WARNING - Коллизия: роботы 1 и 9 в 11.00s, расстояние: 0.462, требуется: 0.500
2025-09-25 18:30:16 - ROBOTY.collision - WARNING - Коллизия: роботы 1 и 9 в 11.10s, расстояние: 0.462, требуется: 0.500
2025-09-25 18:30:16 - ROBOTY.collision - WARNING - Коллизия: роботы 1 и 9 в 11.20s, расстояние: 0.462, требуется: 0.500
2025-09-25 18:30:16 - ROBOTY.collision - WARNING - Коллизия: роботы 1 и 9 в 11.30s, расстояние: 0.462, требуется: 0.500
2025-09-25 18:30:16 - ROBOTY.collision - WARNING - Коллизия: роботы 1 и 9 в 11.40s, расстояние: 0.462, требуется: 0.500
2025-09-25 18:30:16 - ROBOTY.collision - WARNING - Коллизия: роботы 1 и 9 в 11.50s, расстояние: 0.462, требуется: 0.500
2025-09-25 18:30:16 - ROBOTY.collision - WARNING - Коллизия: роботы 1 и 9 в 11.60s, расстояние: 0.462, требуется: 0.500
2025-09-25 18:30:16 - ROBOTY.collision - WARNING - Коллизия: роботы 1 и 9 в 11.70s, расстояние: 0.462, требуется: 0.500
2025-09-25 18:30:16 - ROBOTY.collision - WARNING - Коллизия: роботы 1 и 9 в 11.80s, расстояние: 0.462, требуется: 0.500
2025-09-25 18:30:16 - ROBOTY.collision - WARNING - Коллизия: роботы 1 и 9 в 11.90s, расстояние: 0.462, требуется: 0.500
2025-09-25 18:30:16 - ROBOTY.collision - WARNING - Коллизия: роботы 1 и 9 в 12.00s, расстояние: 0.462, требуется: 0.500
2025-09-25 18:30:16 - ROBOTY.collision - WARNING - Коллизия: роботы 1 и 9 в 12.10s, расстояние: 0.462, требуется: 0.500
2025-09-25 18:30:16 - ROBOTY.collision - WARNING - Коллизия: роботы 1 и 9 в 12.20s, расстояние: 0.462, требуется: 0.500
2025-09-25 18:30:16 - ROBOTY.collision - WARNING - Коллизия: роботы 1 и 9 в 12.30s, расстояние: 0.462, требуется: 0.500
2025-09-25 18:30:16 - ROBOTY.collision - WARNING - Коллизия: роботы 1 и 9 в 12.40s, расстояние: 0.462, требуется: 0.500
2025-09-25 18:30:16 - ROBOTY.collision - WARNING - Коллизия: роботы 1 и 9 в 12.50s, расстояние: 0.462, требуется: 0.500
2025-09-25 18:30:16 - ROBOTY.collision - WARNING - Коллизия: роботы 1 и 9 в 12.60s, расстояние: 0.462, требуется: 0.500
2025-09-25 18:30:16 - ROBOTY.collision - WARNING - Коллизия: роботы 1 и 9 в 12.70s, расстояние: 0.462, требуется: 0.500
2025-09-25 18:30:16 - ROBOTY.collision - WARNING - Коллизия: роботы 1 и 9 в 12.80s, расстояние: 0.462, требуется: 0.500
2025-09-25 18:30:16 - ROBOTY.collision - WARNING - Коллизия: роботы 1 и 9 в 12.90s, расстояние: 0.418, требуется: 0.500
2025-09-25 18:30:16 - ROBOTY.collision - WARNING - Коллизия: роботы 1 и 9 в 13.00s, расстояние: 0.357, требуется: 0.500
2025-09-25 18:30:16 - ROBOTY.collision - WARNING - Коллизия: роботы 1 и 9 в 13.10s, расстояние: 0.349, требуется: 0.500
2025-09-25 18:30:16 - ROBOTY.collision - WARNING - Коллизия: роботы 1 и 9 в 13.20s, расстояние: 0.395, требуется: 0.500
2025-09-25 18:30:16 - ROBOTY.collision - WARNING - Коллизия: роботы 1 и 9 в 13.30s, расстояние: 0.482, требуется: 0.500
2025-09-25 18:30:16 - ROBOTY.collision - WARNING - Коллизия: роботы 3 и 7 в 15.00s, расстояние: 0.476, требуется: 0.500
2025-09-25 18:30:16 - ROBOTY.collision - WARNING - Коллизия: роботы 3 и 7 в 15.10s, расстояние: 0.365, требуется: 0.500
2025-09-25 18:30:16 - ROBOTY.collision - WARNING - Коллизия: роботы 3 и 7 в 15.20s, расстояние: 0.282, требуется: 0.500
2025-09-25 18:30:16 - ROBOTY.collision - WARNING - Коллизия: роботы 3 и 7 в 15.30s, расстояние: 0.215, требуется: 0.500
2025-09-25 18:30:16 - ROBOTY.collision - WARNING - Коллизия: роботы 3 и 7 в 15.40s, расстояние: 0.182, требуется: 0.500
2025-09-25 18:30:16 - ROBOTY.collision - WARNING - Коллизия: роботы 3 и 7 в 15.50s, расстояние: 0.199, требуется: 0.500
2025-09-25 18:30:16 - ROBOTY.collision - WARNING - Коллизия: роботы 3 и 7 в 15.60s, расстояние: 0.250, требуется: 0.500
2025-09-25 18:30:16 - ROBOTY.collision - WARNING - Коллизия: роботы 3 и 7 в 15.70s, расстояние: 0.324, требуется: 0.500
2025-09-25 18:30:16 - ROBOTY.collision - WARNING - Коллизия: роботы 3 и 7 в 15.80s, расстояние: 0.407, требуется: 0.500
2025-09-25 18:30:16 - ROBOTY.collision - WARNING - Коллизия: роботы 3 и 7 в 15.90s, расстояние: 0.482, требуется: 0.500
2025-09-25 18:30:16 - ROBOTY.collision - WARNING - Коллизия: роботы 1 и 5 в 22.80s, расстояние: 0.464, требуется: 0.500
2025-09-25 18:30:16 - ROBOTY.collision - WARNING - Коллизия: роботы 1 и 5 в 22.90s, расстояние: 0.454, требуется: 0.500
2025-09-25 18:30:16 - ROBOTY.collision - WARNING - Коллизия: роботы 1 и 5 в 23.00s, расстояние: 0.487, требуется: 0.500
2025-09-25 18:30:16 - ROBOTY.collision - WARNING - Коллизия: роботы 5 и 7 в 30.50s, расстояние: 0.385, требуется: 0.500
2025-09-25 18:30:16 - ROBOTY.collision - WARNING - Коллизия: роботы 5 и 7 в 30.60s, расстояние: 0.224, требуется: 0.500
2025-09-25 18:30:16 - ROBOTY.collision - WARNING - Коллизия: роботы 5 и 7 в 30.70s, расстояние: 0.098, требуется: 0.500
2025-09-25 18:30:16 - ROBOTY.collision - WARNING - Коллизия: роботы 5 и 7 в 30.80s, расстояние: 0.163, требуется: 0.500
2025-09-25 18:30:16 - ROBOTY.collision - WARNING - Коллизия: роботы 5 и 7 в 30.90s, расстояние: 0.318, требуется: 0.500
2025-09-25 18:30:16 - ROBOTY.collision - WARNING - Коллизия: роботы 5 и 7 в 31.00s, расстояние: 0.483, требуется: 0.500
2025-09-25 18:30:16 - ROBOTY.collision - WARNING - Коллизия: роботы 1 и 8 в 39.10s, расстояние: 0.484, требуется: 0.500
2025-09-25 18:30:16 - ROBOTY.collision - WARNING - Коллизия: роботы 1 и 8 в 39.20s, расстояние: 0.484, требуется: 0.500
2025-09-25 18:30:16 - ROBOTY.collision - WARNING - Коллизия: роботы 1 и 8 в 39.30s, расстояние: 0.484, требуется: 0.500
2025-09-25 18:30:16 - ROBOTY.collision - WARNING - Коллизия: роботы 1 и 8 в 39.40s, расстояние: 0.484, требуется: 0.500
2025-09-25 18:30:16 - ROBOTY.collision - WARNING - Коллизия: роботы 1 и 8 в 39.50s, расстояние: 0.484, требуется: 0.500
2025-09-25 18:30:16 - ROBOTY.collision - WARNING - Коллизия: роботы 1 и 8 в 39.60s, расстояние: 0.484, требуется: 0.500
2025-09-25 18:30:16 - ROBOTY.collision - WARNING - Коллизия: роботы 1 и 8 в 39.70s, расстояние: 0.484, требуется: 0.500
2025-09-25 18:30:16 - ROBOTY.collision - WARNING - Коллизия: роботы 1 и 8 в 39.80s, расстояние: 0.484, требуется: 0.500
2025-09-25 18:30:16 - ROBOTY.collision - WARNING - Коллизия: роботы 1 и 8 в 39.90s, расстояние: 0.484, требуется: 0.500
2025-09-25 18:30:16 - ROBOTY.collision - WARNING - Коллизия: роботы 1 и 8 в 40.00s, расстояние: 0.484, требуется: 0.500
2025-09-25 18:30:16 - ROBOTY.collision - WARNING - Коллизия: роботы 1 и 8 в 40.10s, расстояние: 0.484, требуется: 0.500
2025-09-25 18:30:16 - ROBOTY.collision - WARNING - Коллизия: роботы 1 и 8 в 40.20s, расстояние: 0.484, требуется: 0.500
2025-09-25 18:30:16 - ROBOTY.collision - WARNING - Коллизия: роботы 1 и 8 в 40.30s, расстояние: 0.484, требуется: 0.500
2025-09-25 18:30:16 - ROBOTY.collision - WARNING - Коллизия: роботы 1 и 8 в 40.40s, расстояние: 0.484, требуется: 0.500
2025-09-25 18:30:16 - ROBOTY.collision - WARNING - Коллизия: роботы 1 и 8 в 40.50s, расстояние: 0.484, требуется: 0.500
2025-09-25 18:30:16 - ROBOTY.collision - WARNING - Коллизия: роботы 1 и 8 в 40.60s, расстояние: 0.484, требуется: 0.500
2025-09-25 18:30:16 - ROBOTY.collision - WARNING - Коллизия: роботы 1 и 8 в 40.70s, расстояние: 0.484, требуется: 0.500
2025-09-25 18:30:16 - ROBOTY.collision - WARNING - Коллизия: роботы 1 и 8 в 40.80s, расстояние: 0.484, требуется: 0.500
2025-09-25 18:30:16 - ROBOTY.collision - WARNING - Коллизия: роботы 1 и 8 в 40.90s, расстояние: 0.484, требуется: 0.500
2025-09-25 18:30:16 - ROBOTY.collision - WARNING - Коллизия: роботы 1 и 8 в 41.00s, расстояние: 0.484, требуется: 0.500
2025-09-25 18:30:16 - ROBOTY.collision - WARNING - Коллизия: роботы 1 и 8 в 41.10s, расстояние: 0.484, требуется: 0.500
2025-09-25 18:30:16 - ROBOTY.collision - WARNING - Коллизия: роботы 1 и 8 в 41.20s, расстояние: 0.484, требуется: 0.500
2025-09-25 18:30:16 - ROBOTY.collision - WARNING - Коллизия: роботы 1 и 8 в 41.30s, расстояние: 0.484, требуется: 0.500
2025-09-25 18:30:16 - ROBOTY.collision - WARNING - Коллизия: роботы 1 и 8 в 41.40s, расстояние: 0.484, требуется: 0.500
2025-09-25 18:30:16 - ROBOTY.collision - WARNING - Коллизия: роботы 1 и 8 в 41.50s, расстояние: 0.484, требуется: 0.500
2025-09-25 18:30:16 - ROBOTY.collision - WARNING - Коллизия: роботы 1 и 8 в 41.60s, расстояние: 0.484, требуется: 0.500
2025-09-25 18:30:16 - ROBOTY.collision - WARNING - Коллизия: роботы 1 и 8 в 41.70s, расстояние: 0.484, требуется: 0.500
2025-09-25 18:30:16 - ROBOTY.collision - WARNING - Коллизия: роботы 1 и 8 в 41.80s, расстояние: 0.484, требуется: 0.500
2025-09-25 18:30:16 - ROBOTY.collision - WARNING - Коллизия: роботы 1 и 8 в 41.90s, расстояние: 0.484, требуется: 0.500
2025-09-25 18:30:16 - ROBOTY.collision - WARNING - Коллизия: роботы 1 и 8 в 42.00s, расстояние: 0.484, требуется: 0.500
2025-09-25 18:30:16 - ROBOTY.collision - WARNING - Коллизия: роботы 1 и 8 в 42.10s, расстояние: 0.484, требуется: 0.500
2025-09-25 18:30:16 - ROBOTY.collision - WARNING - Коллизия: роботы 1 и 8 в 42.20s, расстояние: 0.484, требуется: 0.500
2025-09-25 18:30:16 - ROBOTY.collision - WARNING - Коллизия: роботы 1 и 8 в 42.30s, расстояние: 0.484, требуется: 0.500
2025-09-25 18:30:16 - ROBOTY.collision - WARNING - Коллизия: роботы 1 и 8 в 42.40s, расстояние: 0.484, требуется: 0.500
2025-09-25 18:30:16 - ROBOTY.collision - WARNING - Коллизия: роботы 1 и 8 в 42.50s, расстояние: 0.484, требуется: 0.500
2025-09-25 18:30:16 - ROBOTY.collision - WARNING - Коллизия: роботы 1 и 8 в 42.60s, расстояние: 0.484, требуется: 0.500
2025-09-25 18:30:16 - ROBOTY.collision - WARNING - Коллизия: роботы 1 и 8 в 42.70s, расстояние: 0.484, требуется: 0.500
2025-09-25 18:30:16 - ROBOTY.collision - WARNING - Коллизия: роботы 1 и 8 в 42.80s, расстояние: 0.460, требуется: 0.500
2025-09-25 18:30:16 - ROBOTY.collision - WARNING - Коллизия: роботы 1 и 8 в 42.90s, расстояние: 0.471, требуется: 0.500
2025-09-25 18:30:16 - ROBOTY.collision - ERROR - Обнаружено 169 коллизий
2025-09-25 18:30:16 - ROBOTY.main - WARNING - Коллизии сохраняются после вставки пауз
2025-09-25 18:30:18 - ROBOTY.main - INFO - Открытие визуализатора
2025-09-25 18:30:18 - ROBOTY.main - INFO - Визуализация успешно завершена
2025-09-25 18:30:18 - ROBOTY.visualizer - INFO - Запуск визуализации типа: 3d_anim
2025-09-25 18:30:18 - ROBOTY.visualizer - INFO - Создание 3D анимации траекторий
2025-09-25 18:30:18 - ROBOTY.visualizer - INFO - Создание 3D визуализации траекторий
2025-09-25 18:30:18 - ROBOTY.visualizer - INFO - 3D визуализация создана
2025-09-25 18:30:22 - ROBOTY.visualizer - INFO - Визуализация записана во временный файл: /var/folders/4m/3pf4f4ds7g3b39tkt544gftr0000gn/T/tmp0lmhpzy7_viz_3d_anim.html
2025-09-25 18:30:22 - ROBOTY.visualizer - INFO - Визуализация открыта в браузере из временного файла
2025-09-25 18:30:22 - ROBOTY.main - INFO - Визуализация успешно завершена (в фоне, временный файл будет удалён автоматически)
2025-09-25 18:32:39 - ROBOTY.visualizer - INFO - Временный файл визуализации удалён: /var/folders/4m/3pf4f4ds7g3b39tkt544gftr0000gn/T/tmp0lmhpzy7_viz_3d_anim.html
