2025-09-20 09:08:26 - ROBOTY.main - INFO - Запуск приложения ROBOTY
2025-09-20 09:08:26 - ROBOTY.main - INFO - Интерфейс инициализирован
2025-09-20 09:08:27 - ROBOTY.main - INFO - Приложение успешно запущено
2025-09-20 09:08:28 - ROBOTY.main - INFO - Начинаем загрузку файла
2025-09-20 09:08:32 - ROBOTY.main - INFO - Загружаем файл: //edu.local/public/studenthomes/22200847/Desktop/ROBOTY-main/ROBOTY/data/example_schedule.json
2025-09-20 09:08:32 - ROBOTY.parser - INFO - Начинаем загрузку файла: //edu.local/public/studenthomes/22200847/Desktop/ROBOTY-main/ROBOTY/data/example_schedule.json
2025-09-20 09:08:32 - ROBOTY.parser - INFO - Файл //edu.local/public/studenthomes/22200847/Desktop/ROBOTY-main/ROBOTY/data/example_schedule.json успешно загружен
2025-09-20 09:08:32 - ROBOTY.parser - DEBUG - Робот 1 успешно загружен
2025-09-20 09:08:32 - ROBOTY.parser - DEBUG - Робот 2 успешно загружен
2025-09-20 09:08:32 - ROBOTY.parser - DEBUG - Операция 101 успешно загружена
2025-09-20 09:08:32 - ROBOTY.parser - DEBUG - Операция 102 успешно загружена
2025-09-20 09:08:32 - ROBOTY.parser - INFO - Загружено 2 роботов и 2 операций
2025-09-20 09:08:32 - ROBOTY.main - INFO - Файл успешно загружен и распарсен
2025-09-20 09:08:33 - ROBOTY.main - INFO - Запуск планировщика
2025-09-20 09:08:33 - ROBOTY.planner - INFO - Запуск планировщика траекторий
2025-09-20 09:08:33 - ROBOTY.assigner - INFO - Начинаем назначение операций методом: balanced
2025-09-20 09:08:33 - ROBOTY.planner - ERROR - Ошибка в планировщике: 'float' object is not iterable
2025-09-20 09:08:33 - ROBOTY.main - ERROR - Ошибка планировщика: 'float' object is not iterable
Traceback (most recent call last):
  File "\\edu.local\public\studenthomes\22200847\Desktop\ROBOTY-main\ROBOTY\main.py", line 166, in run_planner
    self.plan = run_planner_algorithm(self.input_data)
                ~~~~~~~~~~~~~~~~~~~~~^^^^^^^^^^^^^^^^^
  File "\\edu.local\public\studenthomes\22200847\Desktop\ROBOTY-main\ROBOTY\core\planner.py", line 175, in run_planner_algorithm
    assignments = assign_operations(input_data, assignment_method)
  File "\\edu.local\public\studenthomes\22200847\Desktop\ROBOTY-main\ROBOTY\core\assigner.py", line 119, in assign_operations
    return assign_operations_balanced(scenario)
  File "\\edu.local\public\studenthomes\22200847\Desktop\ROBOTY-main\ROBOTY\core\assigner.py", line 57, in assign_operations_balanced
    cost = calculate_operation_cost(robot, op)
  File "\\edu.local\public\studenthomes\22200847\Desktop\ROBOTY-main\ROBOTY\core\assigner.py", line 24, in calculate_operation_cost
    max_speed = min(robot.vmax) if robot.vmax else 1.0
                ~~~^^^^^^^^^^^^
TypeError: 'float' object is not iterable
2025-09-20 09:08:34 - ROBOTY.main - INFO - Начинаем загрузку файла
2025-09-20 09:08:36 - ROBOTY.main - INFO - Загружаем файл: //edu.local/public/studenthomes/22200847/Desktop/ROBOTY-main/ROBOTY/data/example_schedule2.json
2025-09-20 09:08:36 - ROBOTY.parser - INFO - Начинаем загрузку файла: //edu.local/public/studenthomes/22200847/Desktop/ROBOTY-main/ROBOTY/data/example_schedule2.json
2025-09-20 09:08:36 - ROBOTY.parser - INFO - Файл //edu.local/public/studenthomes/22200847/Desktop/ROBOTY-main/ROBOTY/data/example_schedule2.json успешно загружен
2025-09-20 09:08:36 - ROBOTY.parser - DEBUG - Робот 1 успешно загружен
2025-09-20 09:08:36 - ROBOTY.parser - DEBUG - Робот 2 успешно загружен
2025-09-20 09:08:36 - ROBOTY.parser - DEBUG - Робот 3 успешно загружен
2025-09-20 09:08:36 - ROBOTY.parser - DEBUG - Робот 4 успешно загружен
2025-09-20 09:08:36 - ROBOTY.parser - DEBUG - Робот 5 успешно загружен
2025-09-20 09:08:36 - ROBOTY.parser - DEBUG - Робот 6 успешно загружен
2025-09-20 09:08:36 - ROBOTY.parser - DEBUG - Робот 7 успешно загружен
2025-09-20 09:08:36 - ROBOTY.parser - DEBUG - Робот 8 успешно загружен
2025-09-20 09:08:36 - ROBOTY.parser - DEBUG - Робот 9 успешно загружен
2025-09-20 09:08:36 - ROBOTY.parser - DEBUG - Робот 10 успешно загружен
2025-09-20 09:08:36 - ROBOTY.parser - DEBUG - Операция 101 успешно загружена
2025-09-20 09:08:36 - ROBOTY.parser - DEBUG - Операция 102 успешно загружена
2025-09-20 09:08:36 - ROBOTY.parser - INFO - Загружено 10 роботов и 2 операций
2025-09-20 09:08:36 - ROBOTY.main - INFO - Файл успешно загружен и распарсен
2025-09-20 09:08:38 - ROBOTY.main - INFO - Открытие визуализатора
2025-09-20 09:08:38 - ROBOTY.main - WARNING - Попытка визуализации без плана
2025-09-20 09:08:39 - ROBOTY.main - INFO - Запуск планировщика
2025-09-20 09:08:39 - ROBOTY.planner - INFO - Запуск планировщика траекторий
2025-09-20 09:08:39 - ROBOTY.assigner - INFO - Начинаем назначение операций методом: balanced
2025-09-20 09:08:39 - ROBOTY.planner - ERROR - Ошибка в планировщике: 'float' object is not iterable
2025-09-20 09:08:39 - ROBOTY.main - ERROR - Ошибка планировщика: 'float' object is not iterable
Traceback (most recent call last):
  File "\\edu.local\public\studenthomes\22200847\Desktop\ROBOTY-main\ROBOTY\main.py", line 166, in run_planner
    self.plan = run_planner_algorithm(self.input_data)
                ~~~~~~~~~~~~~~~~~~~~~^^^^^^^^^^^^^^^^^
  File "\\edu.local\public\studenthomes\22200847\Desktop\ROBOTY-main\ROBOTY\core\planner.py", line 175, in run_planner_algorithm
    assignments = assign_operations(input_data, assignment_method)
  File "\\edu.local\public\studenthomes\22200847\Desktop\ROBOTY-main\ROBOTY\core\assigner.py", line 119, in assign_operations
    return assign_operations_balanced(scenario)
  File "\\edu.local\public\studenthomes\22200847\Desktop\ROBOTY-main\ROBOTY\core\assigner.py", line 57, in assign_operations_balanced
    cost = calculate_operation_cost(robot, op)
  File "\\edu.local\public\studenthomes\22200847\Desktop\ROBOTY-main\ROBOTY\core\assigner.py", line 24, in calculate_operation_cost
    max_speed = min(robot.vmax) if robot.vmax else 1.0
                ~~~^^^^^^^^^^^^
TypeError: 'float' object is not iterable
2025-09-20 09:08:40 - ROBOTY.main - INFO - Открытие визуализатора
2025-09-20 09:08:40 - ROBOTY.main - WARNING - Попытка визуализации без плана
2025-09-20 09:08:41 - ROBOTY.main - INFO - Начинаем загрузку файла
2025-09-20 09:08:44 - ROBOTY.main - INFO - Загружаем файл: //edu.local/public/studenthomes/22200847/Desktop/ROBOTY-main/ROBOTY/data/test_scenario_simple.json
2025-09-20 09:08:44 - ROBOTY.parser - INFO - Начинаем загрузку файла: //edu.local/public/studenthomes/22200847/Desktop/ROBOTY-main/ROBOTY/data/test_scenario_simple.json
2025-09-20 09:08:44 - ROBOTY.parser - INFO - Файл //edu.local/public/studenthomes/22200847/Desktop/ROBOTY-main/ROBOTY/data/test_scenario_simple.json успешно загружен
2025-09-20 09:08:44 - ROBOTY.parser - DEBUG - Робот 1 успешно загружен
2025-09-20 09:08:44 - ROBOTY.parser - DEBUG - Робот 2 успешно загружен
2025-09-20 09:08:44 - ROBOTY.parser - DEBUG - Операция 1 успешно загружена
2025-09-20 09:08:44 - ROBOTY.parser - DEBUG - Операция 2 успешно загружена
2025-09-20 09:08:44 - ROBOTY.parser - DEBUG - Операция 3 успешно загружена
2025-09-20 09:08:44 - ROBOTY.parser - INFO - Загружено 2 роботов и 3 операций
2025-09-20 09:08:44 - ROBOTY.main - INFO - Файл успешно загружен и распарсен
2025-09-20 09:08:46 - ROBOTY.main - INFO - Запуск планировщика
2025-09-20 09:08:46 - ROBOTY.planner - INFO - Запуск планировщика траекторий
2025-09-20 09:08:46 - ROBOTY.assigner - INFO - Начинаем назначение операций методом: balanced
2025-09-20 09:08:46 - ROBOTY.assigner - DEBUG - Операция 0 назначена роботу 1 (нагрузка: 2.86)
2025-09-20 09:08:46 - ROBOTY.assigner - DEBUG - Операция 1 назначена роботу 0 (нагрузка: 5.38)
2025-09-20 09:08:46 - ROBOTY.assigner - DEBUG - Операция 2 назначена роботу 1 (нагрузка: 5.41)
2025-09-20 09:08:46 - ROBOTY.assigner - INFO - Распределено 3 операций с балансировкой нагрузки
2025-09-20 09:08:46 - ROBOTY.assigner - INFO - Итоговые нагрузки роботов: ['5.38', '5.41']
2025-09-20 09:08:46 - ROBOTY.planner - INFO - Операции назначены методом: balanced
2025-09-20 09:08:46 - ROBOTY.planner - DEBUG - Планирование траектории для робота 1 с 1 операциями
2025-09-20 09:08:46 - ROBOTY.planner - DEBUG - Планирование траектории для робота с 1 операциями
2025-09-20 09:08:46 - ROBOTY.planner - DEBUG - Операция 1 запланирована, время завершения: 7.18
2025-09-20 09:08:46 - ROBOTY.planner - INFO - Траектория робота запланирована, общее время: 7.18
2025-09-20 09:08:46 - ROBOTY.planner - DEBUG - Планирование траектории для робота 2 с 2 операциями
2025-09-20 09:08:46 - ROBOTY.planner - DEBUG - Планирование траектории для робота с 2 операциями
2025-09-20 09:08:46 - ROBOTY.planner - DEBUG - Операция 1 запланирована, время завершения: 4.32
2025-09-20 09:08:46 - ROBOTY.planner - DEBUG - Операция 2 запланирована, время завершения: 8.37
2025-09-20 09:08:46 - ROBOTY.planner - INFO - Траектория робота запланирована, общее время: 8.37
2025-09-20 09:08:46 - ROBOTY.planner - INFO - Планирование завершено. Makespan: 8.37
2025-09-20 09:08:46 - ROBOTY.main - INFO - Планировщик успешно завершил работу
2025-09-20 09:08:46 - ROBOTY.collision - INFO - Начинаем детальную проверку коллизий
2025-09-20 09:08:46 - ROBOTY.collision - DEBUG - Проверяем коллизии в диапазоне времени: 0.00 - 8.37
2025-09-20 09:08:46 - ROBOTY.collision - INFO - Коллизий не обнаружено
2025-09-20 09:08:46 - ROBOTY.main - INFO - Коллизий не обнаружено
2025-09-20 09:08:46 - ROBOTY.main - INFO - Открытие визуализатора
2025-09-20 09:08:46 - ROBOTY.visualizer - INFO - Запуск визуализации типа: 3d
2025-09-20 09:08:46 - ROBOTY.visualizer - INFO - Создание 3D визуализации траекторий
2025-09-20 09:08:46 - ROBOTY.visualizer - INFO - 3D визуализация создана
