2025-09-23 16:12:29 - ROBOTY.main - INFO - Запуск приложения ROBOTY
2025-09-23 16:12:29 - ROBOTY.main - INFO - Применена тема: light
2025-09-23 16:12:29 - ROBOTY.main - INFO - Интерфейс инициализирован
2025-09-23 16:12:29 - ROBOTY.main - INFO - Приложение успешно запущено
2025-09-23 16:12:36 - ROBOTY.main - INFO - Применена тема: dark
2025-09-23 16:12:36 - ROBOTY.main - INFO - Переключение темы: dark -> dark
2025-09-23 16:12:45 - ROBOTY.main - INFO - Создан входной файл: /Users/maksimchernukha/Documents/ROBOTY/data/input_20250923_161243.json
2025-09-23 16:12:45 - ROBOTY.parser - INFO - Начинаем загрузку файла: /Users/maksimchernukha/Documents/ROBOTY/data/input_20250923_161243.json
2025-09-23 16:12:45 - ROBOTY.parser - INFO - Файл /Users/maksimchernukha/Documents/ROBOTY/data/input_20250923_161243.json успешно загружен
2025-09-23 16:12:45 - ROBOTY.parser - DEBUG - Робот 1 успешно загружен
2025-09-23 16:12:45 - ROBOTY.parser - DEBUG - Робот 2 успешно загружен
2025-09-23 16:12:45 - ROBOTY.parser - DEBUG - Робот 3 успешно загружен
2025-09-23 16:12:45 - ROBOTY.parser - DEBUG - Робот 4 успешно загружен
2025-09-23 16:12:45 - ROBOTY.parser - DEBUG - Робот 5 успешно загружен
2025-09-23 16:12:45 - ROBOTY.parser - DEBUG - Робот 6 успешно загружен
2025-09-23 16:12:45 - ROBOTY.parser - DEBUG - Робот 7 успешно загружен
2025-09-23 16:12:45 - ROBOTY.parser - DEBUG - Робот 8 успешно загружен
2025-09-23 16:12:45 - ROBOTY.parser - DEBUG - Робот 9 успешно загружен
2025-09-23 16:12:45 - ROBOTY.parser - DEBUG - Робот 10 успешно загружен
2025-09-23 16:12:45 - ROBOTY.parser - DEBUG - Операция 1 успешно загружена
2025-09-23 16:12:45 - ROBOTY.parser - DEBUG - Операция 2 успешно загружена
2025-09-23 16:12:45 - ROBOTY.parser - DEBUG - Операция 3 успешно загружена
2025-09-23 16:12:45 - ROBOTY.parser - DEBUG - Операция 4 успешно загружена
2025-09-23 16:12:45 - ROBOTY.parser - DEBUG - Операция 5 успешно загружена
2025-09-23 16:12:45 - ROBOTY.parser - DEBUG - Операция 6 успешно загружена
2025-09-23 16:12:45 - ROBOTY.parser - DEBUG - Операция 7 успешно загружена
2025-09-23 16:12:45 - ROBOTY.parser - DEBUG - Операция 8 успешно загружена
2025-09-23 16:12:45 - ROBOTY.parser - DEBUG - Операция 9 успешно загружена
2025-09-23 16:12:45 - ROBOTY.parser - DEBUG - Операция 10 успешно загружена
2025-09-23 16:12:45 - ROBOTY.parser - DEBUG - Операция 11 успешно загружена
2025-09-23 16:12:45 - ROBOTY.parser - DEBUG - Операция 12 успешно загружена
2025-09-23 16:12:45 - ROBOTY.parser - DEBUG - Операция 13 успешно загружена
2025-09-23 16:12:45 - ROBOTY.parser - DEBUG - Операция 14 успешно загружена
2025-09-23 16:12:45 - ROBOTY.parser - DEBUG - Операция 15 успешно загружена
2025-09-23 16:12:45 - ROBOTY.parser - DEBUG - Операция 16 успешно загружена
2025-09-23 16:12:45 - ROBOTY.parser - DEBUG - Операция 17 успешно загружена
2025-09-23 16:12:45 - ROBOTY.parser - DEBUG - Операция 18 успешно загружена
2025-09-23 16:12:45 - ROBOTY.parser - DEBUG - Операция 19 успешно загружена
2025-09-23 16:12:45 - ROBOTY.parser - DEBUG - Операция 20 успешно загружена
2025-09-23 16:12:45 - ROBOTY.parser - DEBUG - Операция 21 успешно загружена
2025-09-23 16:12:45 - ROBOTY.parser - DEBUG - Операция 22 успешно загружена
2025-09-23 16:12:45 - ROBOTY.parser - DEBUG - Операция 23 успешно загружена
2025-09-23 16:12:45 - ROBOTY.parser - DEBUG - Операция 24 успешно загружена
2025-09-23 16:12:45 - ROBOTY.parser - DEBUG - Операция 25 успешно загружена
2025-09-23 16:12:45 - ROBOTY.parser - DEBUG - Операция 26 успешно загружена
2025-09-23 16:12:45 - ROBOTY.parser - DEBUG - Операция 27 успешно загружена
2025-09-23 16:12:45 - ROBOTY.parser - DEBUG - Операция 28 успешно загружена
2025-09-23 16:12:45 - ROBOTY.parser - DEBUG - Операция 29 успешно загружена
2025-09-23 16:12:45 - ROBOTY.parser - DEBUG - Операция 30 успешно загружена
2025-09-23 16:12:45 - ROBOTY.parser - INFO - Загружено 10 роботов и 30 операций
2025-09-23 16:12:47 - ROBOTY.main - INFO - Запуск планировщика
2025-09-23 16:12:47 - ROBOTY.planner - INFO - Запуск планировщика траекторий
2025-09-23 16:12:47 - ROBOTY.assigner - INFO - Начинаем назначение операций методом: round_robin
2025-09-23 16:12:47 - ROBOTY.assigner - DEBUG - Операция 0 назначена роботу 0
2025-09-23 16:12:47 - ROBOTY.assigner - DEBUG - Операция 1 назначена роботу 1
2025-09-23 16:12:47 - ROBOTY.assigner - DEBUG - Операция 2 назначена роботу 2
2025-09-23 16:12:47 - ROBOTY.assigner - DEBUG - Операция 3 назначена роботу 3
2025-09-23 16:12:47 - ROBOTY.assigner - DEBUG - Операция 4 назначена роботу 4
2025-09-23 16:12:47 - ROBOTY.assigner - DEBUG - Операция 5 назначена роботу 5
2025-09-23 16:12:47 - ROBOTY.assigner - DEBUG - Операция 6 назначена роботу 6
2025-09-23 16:12:47 - ROBOTY.assigner - DEBUG - Операция 7 назначена роботу 7
2025-09-23 16:12:47 - ROBOTY.assigner - DEBUG - Операция 8 назначена роботу 8
2025-09-23 16:12:47 - ROBOTY.assigner - DEBUG - Операция 9 назначена роботу 9
2025-09-23 16:12:47 - ROBOTY.assigner - DEBUG - Операция 10 назначена роботу 0
2025-09-23 16:12:47 - ROBOTY.assigner - DEBUG - Операция 11 назначена роботу 1
2025-09-23 16:12:47 - ROBOTY.assigner - DEBUG - Операция 12 назначена роботу 2
2025-09-23 16:12:47 - ROBOTY.assigner - DEBUG - Операция 13 назначена роботу 3
2025-09-23 16:12:47 - ROBOTY.assigner - DEBUG - Операция 14 назначена роботу 4
2025-09-23 16:12:47 - ROBOTY.assigner - DEBUG - Операция 15 назначена роботу 5
2025-09-23 16:12:47 - ROBOTY.assigner - DEBUG - Операция 16 назначена роботу 6
2025-09-23 16:12:47 - ROBOTY.assigner - DEBUG - Операция 17 назначена роботу 7
2025-09-23 16:12:47 - ROBOTY.assigner - DEBUG - Операция 18 назначена роботу 8
2025-09-23 16:12:47 - ROBOTY.assigner - DEBUG - Операция 19 назначена роботу 9
2025-09-23 16:12:47 - ROBOTY.assigner - DEBUG - Операция 20 назначена роботу 0
2025-09-23 16:12:47 - ROBOTY.assigner - DEBUG - Операция 21 назначена роботу 1
2025-09-23 16:12:47 - ROBOTY.assigner - DEBUG - Операция 22 назначена роботу 2
2025-09-23 16:12:47 - ROBOTY.assigner - DEBUG - Операция 23 назначена роботу 3
2025-09-23 16:12:47 - ROBOTY.assigner - DEBUG - Операция 24 назначена роботу 4
2025-09-23 16:12:47 - ROBOTY.assigner - DEBUG - Операция 25 назначена роботу 5
2025-09-23 16:12:47 - ROBOTY.assigner - DEBUG - Операция 26 назначена роботу 6
2025-09-23 16:12:47 - ROBOTY.assigner - DEBUG - Операция 27 назначена роботу 7
2025-09-23 16:12:47 - ROBOTY.assigner - DEBUG - Операция 28 назначена роботу 8
2025-09-23 16:12:47 - ROBOTY.assigner - DEBUG - Операция 29 назначена роботу 9
2025-09-23 16:12:47 - ROBOTY.assigner - INFO - Распределено 30 операций между 10 роботами
2025-09-23 16:12:47 - ROBOTY.assigner - INFO - Робот 0: 3 операций
2025-09-23 16:12:47 - ROBOTY.assigner - INFO - Робот 1: 3 операций
2025-09-23 16:12:47 - ROBOTY.assigner - INFO - Робот 2: 3 операций
2025-09-23 16:12:47 - ROBOTY.assigner - INFO - Робот 3: 3 операций
2025-09-23 16:12:47 - ROBOTY.assigner - INFO - Робот 4: 3 операций
2025-09-23 16:12:47 - ROBOTY.assigner - INFO - Робот 5: 3 операций
2025-09-23 16:12:47 - ROBOTY.assigner - INFO - Робот 6: 3 операций
2025-09-23 16:12:47 - ROBOTY.assigner - INFO - Робот 7: 3 операций
2025-09-23 16:12:47 - ROBOTY.assigner - INFO - Робот 8: 3 операций
2025-09-23 16:12:47 - ROBOTY.assigner - INFO - Робот 9: 3 операций
2025-09-23 16:12:47 - ROBOTY.planner - INFO - Операции назначены методом: round_robin
2025-09-23 16:12:47 - ROBOTY.planner - INFO - Планирование траектории для робота 1 (ID: 1) с 3 операциями
2025-09-23 16:12:47 - ROBOTY.planner - DEBUG - Планирование траектории для робота с 3 операциями
2025-09-23 16:12:47 - ROBOTY.planner - DEBUG - Операция 1 запланирована, время завершения: 14.53
2025-09-23 16:12:47 - ROBOTY.planner - DEBUG - Операция 2 запланирована, время завершения: 26.35
2025-09-23 16:12:47 - ROBOTY.planner - DEBUG - Операция 3 запланирована, время завершения: 38.14
2025-09-23 16:12:47 - ROBOTY.planner - INFO - Траектория робота запланирована, общее время: 38.14
2025-09-23 16:12:47 - ROBOTY.planner - INFO - Робот 1: траектория содержит 72 точек
2025-09-23 16:12:47 - ROBOTY.planner - INFO - Планирование траектории для робота 2 (ID: 2) с 3 операциями
2025-09-23 16:12:47 - ROBOTY.planner - DEBUG - Планирование траектории для робота с 3 операциями
2025-09-23 16:12:47 - ROBOTY.planner - DEBUG - Операция 1 запланирована, время завершения: 13.28
2025-09-23 16:12:47 - ROBOTY.planner - DEBUG - Операция 2 запланирована, время завершения: 27.14
2025-09-23 16:12:47 - ROBOTY.planner - DEBUG - Операция 3 запланирована, время завершения: 41.33
2025-09-23 16:12:47 - ROBOTY.planner - INFO - Траектория робота запланирована, общее время: 41.33
2025-09-23 16:12:47 - ROBOTY.planner - INFO - Робот 2: траектория содержит 72 точек
2025-09-23 16:12:47 - ROBOTY.planner - INFO - Планирование траектории для робота 3 (ID: 3) с 3 операциями
2025-09-23 16:12:47 - ROBOTY.planner - DEBUG - Планирование траектории для робота с 3 операциями
2025-09-23 16:12:47 - ROBOTY.planner - DEBUG - Операция 1 запланирована, время завершения: 13.13
2025-09-23 16:12:47 - ROBOTY.planner - DEBUG - Операция 2 запланирована, время завершения: 21.68
2025-09-23 16:12:47 - ROBOTY.planner - DEBUG - Операция 3 запланирована, время завершения: 35.55
2025-09-23 16:12:47 - ROBOTY.planner - INFO - Траектория робота запланирована, общее время: 35.55
2025-09-23 16:12:47 - ROBOTY.planner - INFO - Робот 3: траектория содержит 72 точек
2025-09-23 16:12:47 - ROBOTY.planner - INFO - Планирование траектории для робота 4 (ID: 4) с 3 операциями
2025-09-23 16:12:47 - ROBOTY.planner - DEBUG - Планирование траектории для робота с 3 операциями
2025-09-23 16:12:47 - ROBOTY.planner - DEBUG - Операция 1 запланирована, время завершения: 11.65
2025-09-23 16:12:47 - ROBOTY.planner - DEBUG - Операция 2 запланирована, время завершения: 24.85
2025-09-23 16:12:47 - ROBOTY.planner - DEBUG - Операция 3 запланирована, время завершения: 38.46
2025-09-23 16:12:47 - ROBOTY.planner - INFO - Траектория робота запланирована, общее время: 38.46
2025-09-23 16:12:47 - ROBOTY.planner - INFO - Робот 4: траектория содержит 72 точек
2025-09-23 16:12:47 - ROBOTY.planner - INFO - Планирование траектории для робота 5 (ID: 5) с 3 операциями
2025-09-23 16:12:47 - ROBOTY.planner - DEBUG - Планирование траектории для робота с 3 операциями
2025-09-23 16:12:47 - ROBOTY.planner - DEBUG - Операция 1 запланирована, время завершения: 12.50
2025-09-23 16:12:47 - ROBOTY.planner - DEBUG - Операция 2 запланирована, время завершения: 22.34
2025-09-23 16:12:47 - ROBOTY.planner - DEBUG - Операция 3 запланирована, время завершения: 44.50
2025-09-23 16:12:47 - ROBOTY.planner - INFO - Траектория робота запланирована, общее время: 44.50
2025-09-23 16:12:47 - ROBOTY.planner - INFO - Робот 5: траектория содержит 72 точек
2025-09-23 16:12:47 - ROBOTY.planner - INFO - Планирование траектории для робота 6 (ID: 6) с 3 операциями
2025-09-23 16:12:47 - ROBOTY.planner - DEBUG - Планирование траектории для робота с 3 операциями
2025-09-23 16:12:47 - ROBOTY.planner - DEBUG - Операция 1 запланирована, время завершения: 6.92
2025-09-23 16:12:47 - ROBOTY.planner - DEBUG - Операция 2 запланирована, время завершения: 15.53
2025-09-23 16:12:47 - ROBOTY.planner - DEBUG - Операция 3 запланирована, время завершения: 27.01
2025-09-23 16:12:47 - ROBOTY.planner - INFO - Траектория робота запланирована, общее время: 27.01
2025-09-23 16:12:47 - ROBOTY.planner - INFO - Робот 6: траектория содержит 72 точек
2025-09-23 16:12:47 - ROBOTY.planner - INFO - Планирование траектории для робота 7 (ID: 7) с 3 операциями
2025-09-23 16:12:47 - ROBOTY.planner - DEBUG - Планирование траектории для робота с 3 операциями
2025-09-23 16:12:47 - ROBOTY.planner - DEBUG - Операция 1 запланирована, время завершения: 9.39
2025-09-23 16:12:47 - ROBOTY.planner - DEBUG - Операция 2 запланирована, время завершения: 21.09
2025-09-23 16:12:47 - ROBOTY.planner - DEBUG - Операция 3 запланирована, время завершения: 32.44
2025-09-23 16:12:47 - ROBOTY.planner - INFO - Траектория робота запланирована, общее время: 32.44
2025-09-23 16:12:47 - ROBOTY.planner - INFO - Робот 7: траектория содержит 72 точек
2025-09-23 16:12:47 - ROBOTY.planner - INFO - Планирование траектории для робота 8 (ID: 8) с 3 операциями
2025-09-23 16:12:47 - ROBOTY.planner - DEBUG - Планирование траектории для робота с 3 операциями
2025-09-23 16:12:47 - ROBOTY.planner - DEBUG - Операция 1 запланирована, время завершения: 14.50
2025-09-23 16:12:47 - ROBOTY.planner - DEBUG - Операция 2 запланирована, время завершения: 27.66
2025-09-23 16:12:47 - ROBOTY.planner - DEBUG - Операция 3 запланирована, время завершения: 40.48
2025-09-23 16:12:47 - ROBOTY.planner - INFO - Траектория робота запланирована, общее время: 40.48
2025-09-23 16:12:47 - ROBOTY.planner - INFO - Робот 8: траектория содержит 72 точек
2025-09-23 16:12:47 - ROBOTY.planner - INFO - Планирование траектории для робота 9 (ID: 9) с 3 операциями
2025-09-23 16:12:47 - ROBOTY.planner - DEBUG - Планирование траектории для робота с 3 операциями
2025-09-23 16:12:47 - ROBOTY.planner - DEBUG - Операция 1 запланирована, время завершения: 15.60
2025-09-23 16:12:47 - ROBOTY.planner - DEBUG - Операция 2 запланирована, время завершения: 23.48
2025-09-23 16:12:47 - ROBOTY.planner - DEBUG - Операция 3 запланирована, время завершения: 34.49
2025-09-23 16:12:47 - ROBOTY.planner - INFO - Траектория робота запланирована, общее время: 34.49
2025-09-23 16:12:47 - ROBOTY.planner - INFO - Робот 9: траектория содержит 72 точек
2025-09-23 16:12:47 - ROBOTY.planner - INFO - Планирование траектории для робота 10 (ID: 10) с 3 операциями
2025-09-23 16:12:47 - ROBOTY.planner - DEBUG - Планирование траектории для робота с 3 операциями
2025-09-23 16:12:47 - ROBOTY.planner - DEBUG - Операция 1 запланирована, время завершения: 9.27
2025-09-23 16:12:47 - ROBOTY.planner - DEBUG - Операция 2 запланирована, время завершения: 24.62
2025-09-23 16:12:47 - ROBOTY.planner - DEBUG - Операция 3 запланирована, время завершения: 33.98
2025-09-23 16:12:47 - ROBOTY.planner - INFO - Траектория робота запланирована, общее время: 33.98
2025-09-23 16:12:47 - ROBOTY.planner - INFO - Робот 10: траектория содержит 72 точек
2025-09-23 16:12:47 - ROBOTY.planner - INFO - Планирование завершено. Makespan: 44.50
2025-09-23 16:12:47 - ROBOTY.main - INFO - Планировщик успешно завершил работу
2025-09-23 16:12:47 - ROBOTY.collision - INFO - Начинаем детальную проверку коллизий
2025-09-23 16:12:47 - ROBOTY.collision - DEBUG - Проверяем коллизии в диапазоне времени: 0.00 - 44.50
2025-09-23 16:12:47 - ROBOTY.collision - WARNING - Коллизия: роботы 3 и 4 в 2.40s, расстояние: 0.472, требуется: 0.500
2025-09-23 16:12:47 - ROBOTY.collision - WARNING - Коллизия: роботы 3 и 4 в 2.50s, расстояние: 0.408, требуется: 0.500
2025-09-23 16:12:47 - ROBOTY.collision - WARNING - Коллизия: роботы 3 и 4 в 2.60s, расстояние: 0.366, требуется: 0.500
2025-09-23 16:12:47 - ROBOTY.collision - WARNING - Коллизия: роботы 3 и 4 в 2.70s, расстояние: 0.354, требуется: 0.500
2025-09-23 16:12:47 - ROBOTY.collision - WARNING - Коллизия: роботы 3 и 4 в 2.80s, расстояние: 0.374, требуется: 0.500
2025-09-23 16:12:47 - ROBOTY.collision - WARNING - Коллизия: роботы 3 и 4 в 2.90s, расстояние: 0.423, требуется: 0.500
2025-09-23 16:12:47 - ROBOTY.collision - WARNING - Коллизия: роботы 3 и 4 в 3.00s, расстояние: 0.491, требуется: 0.500
2025-09-23 16:12:47 - ROBOTY.collision - WARNING - Коллизия: роботы 6 и 9 в 3.80s, расстояние: 0.471, требуется: 0.500
2025-09-23 16:12:47 - ROBOTY.collision - WARNING - Коллизия: роботы 6 и 9 в 3.90s, расстояние: 0.453, требуется: 0.500
2025-09-23 16:12:47 - ROBOTY.collision - WARNING - Коллизия: роботы 6 и 9 в 4.00s, расстояние: 0.490, требуется: 0.500
2025-09-23 16:12:47 - ROBOTY.collision - WARNING - Коллизия: роботы 2 и 3 в 17.60s, расстояние: 0.399, требуется: 0.500
2025-09-23 16:12:47 - ROBOTY.collision - WARNING - Коллизия: роботы 2 и 3 в 17.70s, расстояние: 0.280, требуется: 0.500
2025-09-23 16:12:47 - ROBOTY.collision - WARNING - Коллизия: роботы 2 и 3 в 17.80s, расстояние: 0.259, требуется: 0.500
2025-09-23 16:12:47 - ROBOTY.collision - WARNING - Коллизия: роботы 2 и 3 в 17.90s, расстояние: 0.332, требуется: 0.500
2025-09-23 16:12:47 - ROBOTY.collision - WARNING - Коллизия: роботы 2 и 3 в 18.00s, расстояние: 0.439, требуется: 0.500
2025-09-23 16:12:47 - ROBOTY.collision - WARNING - Коллизия: роботы 8 и 10 в 27.20s, расстояние: 0.480, требуется: 0.500
2025-09-23 16:12:47 - ROBOTY.collision - WARNING - Коллизия: роботы 8 и 10 в 27.30s, расстояние: 0.412, требуется: 0.500
2025-09-23 16:12:47 - ROBOTY.collision - WARNING - Коллизия: роботы 8 и 10 в 27.40s, расстояние: 0.364, требуется: 0.500
2025-09-23 16:12:47 - ROBOTY.collision - WARNING - Коллизия: роботы 8 и 10 в 27.50s, расстояние: 0.344, требуется: 0.500
2025-09-23 16:12:47 - ROBOTY.collision - WARNING - Коллизия: роботы 8 и 10 в 27.60s, расстояние: 0.357, требуется: 0.500
2025-09-23 16:12:47 - ROBOTY.collision - WARNING - Коллизия: роботы 8 и 10 в 27.70s, расстояние: 0.412, требуется: 0.500
2025-09-23 16:12:47 - ROBOTY.collision - WARNING - Коллизия: роботы 3 и 5 в 42.10s, расстояние: 0.490, требуется: 0.500
2025-09-23 16:12:47 - ROBOTY.collision - WARNING - Коллизия: роботы 3 и 5 в 42.20s, расстояние: 0.463, требуется: 0.500
2025-09-23 16:12:47 - ROBOTY.collision - WARNING - Коллизия: роботы 3 и 5 в 42.30s, расстояние: 0.446, требуется: 0.500
2025-09-23 16:12:47 - ROBOTY.collision - WARNING - Коллизия: роботы 3 и 5 в 42.40s, расстояние: 0.443, требуется: 0.500
2025-09-23 16:12:47 - ROBOTY.collision - WARNING - Коллизия: роботы 3 и 5 в 42.50s, расстояние: 0.452, требуется: 0.500
2025-09-23 16:12:47 - ROBOTY.collision - WARNING - Коллизия: роботы 3 и 5 в 42.60s, расстояние: 0.470, требуется: 0.500
2025-09-23 16:12:47 - ROBOTY.collision - WARNING - Коллизия: роботы 3 и 5 в 42.70s, расстояние: 0.496, требуется: 0.500
2025-09-23 16:12:47 - ROBOTY.collision - ERROR - Обнаружено 28 коллизий
2025-09-23 16:12:47 - ROBOTY.main - WARNING - Обнаружено 28 коллизий, применяем онлайн-безопасность
2025-09-23 16:12:47 - ROBOTY.safety - INFO - Применяем онлайн-безопасность: вставка пауз при коллизиях
2025-09-23 16:12:47 - ROBOTY.collision - INFO - Начинаем детальную проверку коллизий
2025-09-23 16:12:47 - ROBOTY.collision - DEBUG - Проверяем коллизии в диапазоне времени: 0.00 - 44.50
2025-09-23 16:12:47 - ROBOTY.collision - WARNING - Коллизия: роботы 3 и 4 в 2.40s, расстояние: 0.472, требуется: 0.500
2025-09-23 16:12:47 - ROBOTY.collision - WARNING - Коллизия: роботы 3 и 4 в 2.45s, расстояние: 0.438, требуется: 0.500
2025-09-23 16:12:47 - ROBOTY.collision - WARNING - Коллизия: роботы 3 и 4 в 2.50s, расстояние: 0.408, требуется: 0.500
2025-09-23 16:12:47 - ROBOTY.collision - WARNING - Коллизия: роботы 3 и 4 в 2.55s, расстояние: 0.384, требуется: 0.500
2025-09-23 16:12:47 - ROBOTY.collision - WARNING - Коллизия: роботы 3 и 4 в 2.60s, расстояние: 0.366, требуется: 0.500
2025-09-23 16:12:47 - ROBOTY.collision - WARNING - Коллизия: роботы 3 и 4 в 2.65s, расстояние: 0.356, требуется: 0.500
2025-09-23 16:12:47 - ROBOTY.collision - WARNING - Коллизия: роботы 3 и 4 в 2.70s, расстояние: 0.354, требуется: 0.500
2025-09-23 16:12:47 - ROBOTY.collision - WARNING - Коллизия: роботы 3 и 4 в 2.75s, расстояние: 0.360, требуется: 0.500
2025-09-23 16:12:47 - ROBOTY.collision - WARNING - Коллизия: роботы 3 и 4 в 2.80s, расстояние: 0.374, требуется: 0.500
2025-09-23 16:12:47 - ROBOTY.collision - WARNING - Коллизия: роботы 3 и 4 в 2.85s, расстояние: 0.396, требуется: 0.500
2025-09-23 16:12:47 - ROBOTY.collision - WARNING - Коллизия: роботы 3 и 4 в 2.90s, расстояние: 0.423, требуется: 0.500
2025-09-23 16:12:47 - ROBOTY.collision - WARNING - Коллизия: роботы 3 и 4 в 2.95s, расстояние: 0.455, требуется: 0.500
2025-09-23 16:12:47 - ROBOTY.collision - WARNING - Коллизия: роботы 3 и 4 в 3.00s, расстояние: 0.491, требуется: 0.500
2025-09-23 16:12:47 - ROBOTY.collision - WARNING - Коллизия: роботы 6 и 9 в 3.75s, расстояние: 0.494, требуется: 0.500
2025-09-23 16:12:47 - ROBOTY.collision - WARNING - Коллизия: роботы 6 и 9 в 3.80s, расстояние: 0.471, требуется: 0.500
2025-09-23 16:12:47 - ROBOTY.collision - WARNING - Коллизия: роботы 6 и 9 в 3.85s, расстояние: 0.457, требуется: 0.500
2025-09-23 16:12:47 - ROBOTY.collision - WARNING - Коллизия: роботы 6 и 9 в 3.90s, расстояние: 0.453, требуется: 0.500
2025-09-23 16:12:47 - ROBOTY.collision - WARNING - Коллизия: роботы 6 и 9 в 3.95s, расстояние: 0.463, требуется: 0.500
2025-09-23 16:12:47 - ROBOTY.collision - WARNING - Коллизия: роботы 6 и 9 в 4.00s, расстояние: 0.490, требуется: 0.500
2025-09-23 16:12:47 - ROBOTY.collision - WARNING - Коллизия: роботы 2 и 3 в 17.55s, расстояние: 0.470, требуется: 0.500
2025-09-23 16:12:47 - ROBOTY.collision - WARNING - Коллизия: роботы 2 и 3 в 17.60s, расстояние: 0.399, требуется: 0.500
2025-09-23 16:12:47 - ROBOTY.collision - WARNING - Коллизия: роботы 2 и 3 в 17.65s, расстояние: 0.334, требуется: 0.500
2025-09-23 16:12:47 - ROBOTY.collision - WARNING - Коллизия: роботы 2 и 3 в 17.70s, расстояние: 0.280, требуется: 0.500
2025-09-23 16:12:47 - ROBOTY.collision - WARNING - Коллизия: роботы 2 и 3 в 17.75s, расстояние: 0.249, требуется: 0.500
2025-09-23 16:12:47 - ROBOTY.collision - WARNING - Коллизия: роботы 2 и 3 в 17.80s, расстояние: 0.259, требуется: 0.500
2025-09-23 16:12:47 - ROBOTY.collision - WARNING - Коллизия: роботы 2 и 3 в 17.85s, расстояние: 0.289, требуется: 0.500
2025-09-23 16:12:47 - ROBOTY.collision - WARNING - Коллизия: роботы 2 и 3 в 17.90s, расстояние: 0.332, требуется: 0.500
2025-09-23 16:12:47 - ROBOTY.collision - WARNING - Коллизия: роботы 2 и 3 в 17.95s, расстояние: 0.383, требуется: 0.500
2025-09-23 16:12:47 - ROBOTY.collision - WARNING - Коллизия: роботы 2 и 3 в 18.00s, расстояние: 0.439, требуется: 0.500
2025-09-23 16:12:47 - ROBOTY.collision - WARNING - Коллизия: роботы 2 и 3 в 18.05s, расстояние: 0.500, требуется: 0.500
2025-09-23 16:12:47 - ROBOTY.collision - WARNING - Коллизия: роботы 8 и 10 в 27.20s, расстояние: 0.480, требуется: 0.500
2025-09-23 16:12:47 - ROBOTY.collision - WARNING - Коллизия: роботы 8 и 10 в 27.25s, расстояние: 0.444, требуется: 0.500
2025-09-23 16:12:47 - ROBOTY.collision - WARNING - Коллизия: роботы 8 и 10 в 27.30s, расстояние: 0.412, требуется: 0.500
2025-09-23 16:12:47 - ROBOTY.collision - WARNING - Коллизия: роботы 8 и 10 в 27.35s, расстояние: 0.385, требуется: 0.500
2025-09-23 16:12:47 - ROBOTY.collision - WARNING - Коллизия: роботы 8 и 10 в 27.40s, расстояние: 0.364, требуется: 0.500
2025-09-23 16:12:47 - ROBOTY.collision - WARNING - Коллизия: роботы 8 и 10 в 27.45s, расстояние: 0.350, требуется: 0.500
2025-09-23 16:12:47 - ROBOTY.collision - WARNING - Коллизия: роботы 8 и 10 в 27.50s, расстояние: 0.344, требуется: 0.500
2025-09-23 16:12:47 - ROBOTY.collision - WARNING - Коллизия: роботы 8 и 10 в 27.55s, расстояние: 0.347, требуется: 0.500
2025-09-23 16:12:47 - ROBOTY.collision - WARNING - Коллизия: роботы 8 и 10 в 27.60s, расстояние: 0.357, требуется: 0.500
2025-09-23 16:12:47 - ROBOTY.collision - WARNING - Коллизия: роботы 8 и 10 в 27.65s, расстояние: 0.376, требуется: 0.500
2025-09-23 16:12:47 - ROBOTY.collision - WARNING - Коллизия: роботы 8 и 10 в 27.70s, расстояние: 0.412, требуется: 0.500
2025-09-23 16:12:47 - ROBOTY.collision - WARNING - Коллизия: роботы 8 и 10 в 27.75s, расстояние: 0.455, требуется: 0.500
2025-09-23 16:12:47 - ROBOTY.collision - WARNING - Коллизия: роботы 3 и 5 в 42.10s, расстояние: 0.490, требуется: 0.500
2025-09-23 16:12:47 - ROBOTY.collision - WARNING - Коллизия: роботы 3 и 5 в 42.15s, расстояние: 0.475, требуется: 0.500
2025-09-23 16:12:47 - ROBOTY.collision - WARNING - Коллизия: роботы 3 и 5 в 42.20s, расстояние: 0.463, требуется: 0.500
2025-09-23 16:12:47 - ROBOTY.collision - WARNING - Коллизия: роботы 3 и 5 в 42.25s, расстояние: 0.453, требуется: 0.500
2025-09-23 16:12:47 - ROBOTY.collision - WARNING - Коллизия: роботы 3 и 5 в 42.30s, расстояние: 0.446, требуется: 0.500
2025-09-23 16:12:47 - ROBOTY.collision - WARNING - Коллизия: роботы 3 и 5 в 42.35s, расстояние: 0.443, требуется: 0.500
2025-09-23 16:12:47 - ROBOTY.collision - WARNING - Коллизия: роботы 3 и 5 в 42.40s, расстояние: 0.443, требуется: 0.500
2025-09-23 16:12:47 - ROBOTY.collision - WARNING - Коллизия: роботы 3 и 5 в 42.45s, расстояние: 0.446, требуется: 0.500
2025-09-23 16:12:47 - ROBOTY.collision - WARNING - Коллизия: роботы 3 и 5 в 42.50s, расстояние: 0.452, требуется: 0.500
2025-09-23 16:12:47 - ROBOTY.collision - WARNING - Коллизия: роботы 3 и 5 в 42.55s, расстояние: 0.460, требуется: 0.500
2025-09-23 16:12:47 - ROBOTY.collision - WARNING - Коллизия: роботы 3 и 5 в 42.60s, расстояние: 0.470, требуется: 0.500
2025-09-23 16:12:47 - ROBOTY.collision - WARNING - Коллизия: роботы 3 и 5 в 42.65s, расстояние: 0.482, требуется: 0.500
2025-09-23 16:12:47 - ROBOTY.collision - WARNING - Коллизия: роботы 3 и 5 в 42.70s, расстояние: 0.496, требуется: 0.500
2025-09-23 16:12:47 - ROBOTY.collision - ERROR - Обнаружено 55 коллизий
2025-09-23 16:12:47 - ROBOTY.safety - DEBUG - Добавлена пауза 0.60s роботу 3 в t=2.40s
2025-09-23 16:12:47 - ROBOTY.safety - DEBUG - Добавлена пауза 0.60s роботу 4 в t=2.40s
2025-09-23 16:12:47 - ROBOTY.safety - DEBUG - Добавлена пауза 0.60s роботу 3 в t=2.45s
2025-09-23 16:12:47 - ROBOTY.safety - DEBUG - Добавлена пауза 0.60s роботу 4 в t=2.45s
2025-09-23 16:12:47 - ROBOTY.safety - DEBUG - Добавлена пауза 0.60s роботу 3 в t=2.50s
2025-09-23 16:12:47 - ROBOTY.safety - DEBUG - Добавлена пауза 0.60s роботу 4 в t=2.50s
2025-09-23 16:12:47 - ROBOTY.safety - DEBUG - Добавлена пауза 0.60s роботу 3 в t=2.55s
2025-09-23 16:12:47 - ROBOTY.safety - DEBUG - Добавлена пауза 0.60s роботу 4 в t=2.55s
2025-09-23 16:12:47 - ROBOTY.safety - DEBUG - Добавлена пауза 0.60s роботу 3 в t=2.60s
2025-09-23 16:12:47 - ROBOTY.safety - DEBUG - Добавлена пауза 0.60s роботу 4 в t=2.60s
2025-09-23 16:12:47 - ROBOTY.safety - DEBUG - Добавлена пауза 0.60s роботу 3 в t=2.65s
2025-09-23 16:12:47 - ROBOTY.safety - DEBUG - Добавлена пауза 0.60s роботу 4 в t=2.65s
2025-09-23 16:12:47 - ROBOTY.safety - DEBUG - Добавлена пауза 0.60s роботу 3 в t=2.70s
2025-09-23 16:12:47 - ROBOTY.safety - DEBUG - Добавлена пауза 0.60s роботу 4 в t=2.70s
2025-09-23 16:12:47 - ROBOTY.safety - DEBUG - Добавлена пауза 0.60s роботу 3 в t=2.75s
2025-09-23 16:12:47 - ROBOTY.safety - DEBUG - Добавлена пауза 0.60s роботу 4 в t=2.75s
2025-09-23 16:12:47 - ROBOTY.safety - DEBUG - Добавлена пауза 0.60s роботу 3 в t=2.80s
2025-09-23 16:12:47 - ROBOTY.safety - DEBUG - Добавлена пауза 0.60s роботу 4 в t=2.80s
2025-09-23 16:12:47 - ROBOTY.safety - DEBUG - Добавлена пауза 0.60s роботу 3 в t=2.85s
2025-09-23 16:12:47 - ROBOTY.safety - DEBUG - Добавлена пауза 0.60s роботу 4 в t=2.85s
2025-09-23 16:12:47 - ROBOTY.safety - DEBUG - Добавлена пауза 0.60s роботу 3 в t=2.90s
2025-09-23 16:12:47 - ROBOTY.safety - DEBUG - Добавлена пауза 0.60s роботу 4 в t=2.90s
2025-09-23 16:12:47 - ROBOTY.safety - DEBUG - Добавлена пауза 0.60s роботу 3 в t=2.95s
2025-09-23 16:12:47 - ROBOTY.safety - DEBUG - Добавлена пауза 0.60s роботу 4 в t=2.95s
2025-09-23 16:12:47 - ROBOTY.safety - DEBUG - Добавлена пауза 0.60s роботу 3 в t=3.00s
2025-09-23 16:12:47 - ROBOTY.safety - DEBUG - Добавлена пауза 0.60s роботу 4 в t=3.00s
2025-09-23 16:12:47 - ROBOTY.safety - DEBUG - Добавлена пауза 0.60s роботу 6 в t=3.75s
2025-09-23 16:12:47 - ROBOTY.safety - DEBUG - Добавлена пауза 0.60s роботу 9 в t=3.75s
2025-09-23 16:12:47 - ROBOTY.safety - DEBUG - Добавлена пауза 0.60s роботу 6 в t=3.80s
2025-09-23 16:12:47 - ROBOTY.safety - DEBUG - Добавлена пауза 0.60s роботу 9 в t=3.80s
2025-09-23 16:12:47 - ROBOTY.safety - DEBUG - Добавлена пауза 0.60s роботу 6 в t=3.85s
2025-09-23 16:12:47 - ROBOTY.safety - DEBUG - Добавлена пауза 0.60s роботу 9 в t=3.85s
2025-09-23 16:12:47 - ROBOTY.safety - DEBUG - Добавлена пауза 0.60s роботу 6 в t=3.90s
2025-09-23 16:12:47 - ROBOTY.safety - DEBUG - Добавлена пауза 0.60s роботу 9 в t=3.90s
2025-09-23 16:12:47 - ROBOTY.safety - DEBUG - Добавлена пауза 0.60s роботу 6 в t=3.95s
2025-09-23 16:12:47 - ROBOTY.safety - DEBUG - Добавлена пауза 0.60s роботу 9 в t=3.95s
2025-09-23 16:12:47 - ROBOTY.safety - DEBUG - Добавлена пауза 0.60s роботу 6 в t=4.00s
2025-09-23 16:12:47 - ROBOTY.safety - DEBUG - Добавлена пауза 0.60s роботу 9 в t=4.00s
2025-09-23 16:12:47 - ROBOTY.safety - DEBUG - Добавлена пауза 0.60s роботу 2 в t=17.55s
2025-09-23 16:12:47 - ROBOTY.safety - DEBUG - Добавлена пауза 0.60s роботу 3 в t=17.55s
2025-09-23 16:12:47 - ROBOTY.safety - DEBUG - Добавлена пауза 0.60s роботу 2 в t=17.60s
2025-09-23 16:12:47 - ROBOTY.safety - DEBUG - Добавлена пауза 0.60s роботу 3 в t=17.60s
2025-09-23 16:12:47 - ROBOTY.safety - DEBUG - Добавлена пауза 0.60s роботу 2 в t=17.65s
2025-09-23 16:12:47 - ROBOTY.safety - DEBUG - Добавлена пауза 0.60s роботу 3 в t=17.65s
2025-09-23 16:12:47 - ROBOTY.safety - DEBUG - Добавлена пауза 0.60s роботу 2 в t=17.70s
2025-09-23 16:12:47 - ROBOTY.safety - DEBUG - Добавлена пауза 0.60s роботу 3 в t=17.70s
2025-09-23 16:12:47 - ROBOTY.safety - DEBUG - Добавлена пауза 0.60s роботу 2 в t=17.75s
2025-09-23 16:12:47 - ROBOTY.safety - DEBUG - Добавлена пауза 0.60s роботу 3 в t=17.75s
2025-09-23 16:12:47 - ROBOTY.safety - DEBUG - Добавлена пауза 0.60s роботу 2 в t=17.80s
2025-09-23 16:12:47 - ROBOTY.safety - DEBUG - Добавлена пауза 0.60s роботу 3 в t=17.80s
2025-09-23 16:12:47 - ROBOTY.safety - DEBUG - Добавлена пауза 0.60s роботу 2 в t=17.85s
2025-09-23 16:12:47 - ROBOTY.safety - DEBUG - Добавлена пауза 0.60s роботу 3 в t=17.85s
2025-09-23 16:12:47 - ROBOTY.safety - DEBUG - Добавлена пауза 0.60s роботу 2 в t=17.90s
2025-09-23 16:12:47 - ROBOTY.safety - DEBUG - Добавлена пауза 0.60s роботу 3 в t=17.90s
2025-09-23 16:12:47 - ROBOTY.safety - DEBUG - Добавлена пауза 0.60s роботу 2 в t=17.95s
2025-09-23 16:12:47 - ROBOTY.safety - DEBUG - Добавлена пауза 0.60s роботу 3 в t=17.95s
2025-09-23 16:12:47 - ROBOTY.safety - DEBUG - Добавлена пауза 0.60s роботу 2 в t=18.00s
2025-09-23 16:12:47 - ROBOTY.safety - DEBUG - Добавлена пауза 0.60s роботу 3 в t=18.00s
2025-09-23 16:12:47 - ROBOTY.safety - DEBUG - Добавлена пауза 0.60s роботу 2 в t=18.05s
2025-09-23 16:12:47 - ROBOTY.safety - DEBUG - Добавлена пауза 0.60s роботу 3 в t=18.05s
2025-09-23 16:12:47 - ROBOTY.safety - DEBUG - Добавлена пауза 0.60s роботу 8 в t=27.20s
2025-09-23 16:12:47 - ROBOTY.safety - DEBUG - Добавлена пауза 0.60s роботу 10 в t=27.20s
2025-09-23 16:12:47 - ROBOTY.safety - DEBUG - Добавлена пауза 0.60s роботу 8 в t=27.25s
2025-09-23 16:12:47 - ROBOTY.safety - DEBUG - Добавлена пауза 0.60s роботу 10 в t=27.25s
2025-09-23 16:12:47 - ROBOTY.safety - DEBUG - Добавлена пауза 0.60s роботу 8 в t=27.30s
2025-09-23 16:12:47 - ROBOTY.safety - DEBUG - Добавлена пауза 0.60s роботу 10 в t=27.30s
2025-09-23 16:12:47 - ROBOTY.safety - DEBUG - Добавлена пауза 0.60s роботу 8 в t=27.35s
2025-09-23 16:12:47 - ROBOTY.safety - DEBUG - Добавлена пауза 0.60s роботу 10 в t=27.35s
2025-09-23 16:12:47 - ROBOTY.safety - DEBUG - Добавлена пауза 0.60s роботу 8 в t=27.40s
2025-09-23 16:12:47 - ROBOTY.safety - DEBUG - Добавлена пауза 0.60s роботу 10 в t=27.40s
2025-09-23 16:12:47 - ROBOTY.safety - DEBUG - Добавлена пауза 0.60s роботу 8 в t=27.45s
2025-09-23 16:12:47 - ROBOTY.safety - DEBUG - Добавлена пауза 0.60s роботу 10 в t=27.45s
2025-09-23 16:12:47 - ROBOTY.safety - DEBUG - Добавлена пауза 0.60s роботу 8 в t=27.50s
2025-09-23 16:12:47 - ROBOTY.safety - DEBUG - Добавлена пауза 0.60s роботу 10 в t=27.50s
2025-09-23 16:12:47 - ROBOTY.safety - DEBUG - Добавлена пауза 0.60s роботу 8 в t=27.55s
2025-09-23 16:12:47 - ROBOTY.safety - DEBUG - Добавлена пауза 0.60s роботу 10 в t=27.55s
2025-09-23 16:12:47 - ROBOTY.safety - DEBUG - Добавлена пауза 0.60s роботу 8 в t=27.60s
2025-09-23 16:12:47 - ROBOTY.safety - DEBUG - Добавлена пауза 0.60s роботу 10 в t=27.60s
2025-09-23 16:12:47 - ROBOTY.safety - DEBUG - Добавлена пауза 0.60s роботу 8 в t=27.65s
2025-09-23 16:12:47 - ROBOTY.safety - DEBUG - Добавлена пауза 0.60s роботу 10 в t=27.65s
2025-09-23 16:12:47 - ROBOTY.safety - DEBUG - Добавлена пауза 0.60s роботу 8 в t=27.70s
2025-09-23 16:12:47 - ROBOTY.safety - DEBUG - Добавлена пауза 0.60s роботу 10 в t=27.70s
2025-09-23 16:12:47 - ROBOTY.safety - DEBUG - Добавлена пауза 0.60s роботу 8 в t=27.75s
2025-09-23 16:12:47 - ROBOTY.safety - DEBUG - Добавлена пауза 0.60s роботу 10 в t=27.75s
2025-09-23 16:12:47 - ROBOTY.safety - DEBUG - Добавлена пауза 0.60s роботу 3 в t=42.10s
2025-09-23 16:12:47 - ROBOTY.safety - DEBUG - Добавлена пауза 0.60s роботу 5 в t=42.10s
2025-09-23 16:12:47 - ROBOTY.safety - DEBUG - Добавлена пауза 0.60s роботу 3 в t=42.15s
2025-09-23 16:12:47 - ROBOTY.safety - DEBUG - Добавлена пауза 0.60s роботу 5 в t=42.15s
2025-09-23 16:12:47 - ROBOTY.safety - DEBUG - Добавлена пауза 0.60s роботу 3 в t=42.20s
2025-09-23 16:12:47 - ROBOTY.safety - DEBUG - Добавлена пауза 0.60s роботу 5 в t=42.20s
2025-09-23 16:12:47 - ROBOTY.safety - DEBUG - Добавлена пауза 0.60s роботу 3 в t=42.25s
2025-09-23 16:12:47 - ROBOTY.safety - DEBUG - Добавлена пауза 0.60s роботу 5 в t=42.25s
2025-09-23 16:12:47 - ROBOTY.safety - DEBUG - Добавлена пауза 0.60s роботу 3 в t=42.30s
2025-09-23 16:12:47 - ROBOTY.safety - DEBUG - Добавлена пауза 0.60s роботу 5 в t=42.30s
2025-09-23 16:12:47 - ROBOTY.safety - DEBUG - Добавлена пауза 0.60s роботу 3 в t=42.35s
2025-09-23 16:12:47 - ROBOTY.safety - DEBUG - Добавлена пауза 0.60s роботу 5 в t=42.35s
2025-09-23 16:12:47 - ROBOTY.safety - DEBUG - Добавлена пауза 0.60s роботу 3 в t=42.40s
2025-09-23 16:12:47 - ROBOTY.safety - DEBUG - Добавлена пауза 0.60s роботу 5 в t=42.40s
2025-09-23 16:12:47 - ROBOTY.safety - DEBUG - Добавлена пауза 0.60s роботу 3 в t=42.45s
2025-09-23 16:12:47 - ROBOTY.safety - DEBUG - Добавлена пауза 0.60s роботу 5 в t=42.45s
2025-09-23 16:12:47 - ROBOTY.safety - DEBUG - Добавлена пауза 0.60s роботу 3 в t=42.50s
2025-09-23 16:12:47 - ROBOTY.safety - DEBUG - Добавлена пауза 0.60s роботу 5 в t=42.50s
2025-09-23 16:12:47 - ROBOTY.safety - DEBUG - Добавлена пауза 0.60s роботу 3 в t=42.55s
2025-09-23 16:12:47 - ROBOTY.safety - DEBUG - Добавлена пауза 0.60s роботу 5 в t=42.55s
2025-09-23 16:12:47 - ROBOTY.safety - DEBUG - Добавлена пауза 0.60s роботу 3 в t=42.60s
2025-09-23 16:12:47 - ROBOTY.safety - DEBUG - Добавлена пауза 0.60s роботу 5 в t=42.60s
2025-09-23 16:12:47 - ROBOTY.safety - DEBUG - Добавлена пауза 0.60s роботу 3 в t=42.65s
2025-09-23 16:12:47 - ROBOTY.safety - DEBUG - Добавлена пауза 0.60s роботу 5 в t=42.65s
2025-09-23 16:12:47 - ROBOTY.safety - DEBUG - Добавлена пауза 0.60s роботу 3 в t=42.70s
2025-09-23 16:12:47 - ROBOTY.safety - DEBUG - Добавлена пауза 0.60s роботу 5 в t=42.70s
2025-09-23 16:12:47 - ROBOTY.safety - INFO - Онлайн-безопасность применена: паузы вставлены
2025-09-23 16:12:47 - ROBOTY.collision - INFO - Начинаем детальную проверку коллизий
2025-09-23 16:12:47 - ROBOTY.collision - DEBUG - Проверяем коллизии в диапазоне времени: 0.00 - 57.75
2025-09-23 16:12:47 - ROBOTY.collision - WARNING - Коллизия: роботы 3 и 4 в 2.40s, расстояние: 0.472, требуется: 0.500
2025-09-23 16:12:47 - ROBOTY.collision - WARNING - Коллизия: роботы 3 и 4 в 2.50s, расстояние: 0.472, требуется: 0.500
2025-09-23 16:12:47 - ROBOTY.collision - WARNING - Коллизия: роботы 3 и 4 в 2.60s, расстояние: 0.472, требуется: 0.500
2025-09-23 16:12:47 - ROBOTY.collision - WARNING - Коллизия: роботы 3 и 4 в 2.70s, расстояние: 0.472, требуется: 0.500
2025-09-23 16:12:47 - ROBOTY.collision - WARNING - Коллизия: роботы 3 и 4 в 2.80s, расстояние: 0.472, требуется: 0.500
2025-09-23 16:12:47 - ROBOTY.collision - WARNING - Коллизия: роботы 3 и 4 в 2.90s, расстояние: 0.472, требуется: 0.500
2025-09-23 16:12:47 - ROBOTY.collision - WARNING - Коллизия: роботы 3 и 4 в 3.00s, расстояние: 0.472, требуется: 0.500
2025-09-23 16:12:47 - ROBOTY.collision - WARNING - Коллизия: роботы 3 и 4 в 3.10s, расстояние: 0.472, требуется: 0.500
2025-09-23 16:12:47 - ROBOTY.collision - WARNING - Коллизия: роботы 3 и 4 в 3.20s, расстояние: 0.472, требуется: 0.500
2025-09-23 16:12:47 - ROBOTY.collision - WARNING - Коллизия: роботы 3 и 4 в 3.30s, расстояние: 0.472, требуется: 0.500
2025-09-23 16:12:47 - ROBOTY.collision - WARNING - Коллизия: роботы 3 и 4 в 3.40s, расстояние: 0.472, требуется: 0.500
2025-09-23 16:12:47 - ROBOTY.collision - WARNING - Коллизия: роботы 3 и 4 в 3.50s, расстояние: 0.472, требуется: 0.500
2025-09-23 16:12:47 - ROBOTY.collision - WARNING - Коллизия: роботы 3 и 4 в 3.60s, расстояние: 0.472, требуется: 0.500
2025-09-23 16:12:47 - ROBOTY.collision - WARNING - Коллизия: роботы 3 и 4 в 3.70s, расстояние: 0.472, требуется: 0.500
2025-09-23 16:12:47 - ROBOTY.collision - WARNING - Коллизия: роботы 3 и 4 в 3.80s, расстояние: 0.472, требуется: 0.500
2025-09-23 16:12:47 - ROBOTY.collision - WARNING - Коллизия: роботы 6 и 9 в 3.80s, расстояние: 0.494, требуется: 0.500
2025-09-23 16:12:47 - ROBOTY.collision - WARNING - Коллизия: роботы 3 и 4 в 3.90s, расстояние: 0.472, требуется: 0.500
2025-09-23 16:12:47 - ROBOTY.collision - WARNING - Коллизия: роботы 6 и 9 в 3.90s, расстояние: 0.494, требуется: 0.500
2025-09-23 16:12:47 - ROBOTY.collision - WARNING - Коллизия: роботы 3 и 4 в 4.00s, расстояние: 0.472, требуется: 0.500
2025-09-23 16:12:47 - ROBOTY.collision - WARNING - Коллизия: роботы 6 и 9 в 4.00s, расстояние: 0.494, требуется: 0.500
2025-09-23 16:12:47 - ROBOTY.collision - WARNING - Коллизия: роботы 3 и 4 в 4.10s, расстояние: 0.472, требуется: 0.500
2025-09-23 16:12:47 - ROBOTY.collision - WARNING - Коллизия: роботы 6 и 9 в 4.10s, расстояние: 0.494, требуется: 0.500
2025-09-23 16:12:47 - ROBOTY.collision - WARNING - Коллизия: роботы 3 и 4 в 4.20s, расстояние: 0.472, требуется: 0.500
2025-09-23 16:12:47 - ROBOTY.collision - WARNING - Коллизия: роботы 6 и 9 в 4.20s, расстояние: 0.494, требуется: 0.500
2025-09-23 16:12:47 - ROBOTY.collision - WARNING - Коллизия: роботы 3 и 4 в 4.30s, расстояние: 0.472, требуется: 0.500
2025-09-23 16:12:47 - ROBOTY.collision - WARNING - Коллизия: роботы 6 и 9 в 4.30s, расстояние: 0.494, требуется: 0.500
2025-09-23 16:12:47 - ROBOTY.collision - WARNING - Коллизия: роботы 3 и 4 в 4.40s, расстояние: 0.472, требуется: 0.500
2025-09-23 16:12:47 - ROBOTY.collision - WARNING - Коллизия: роботы 6 и 9 в 4.40s, расстояние: 0.494, требуется: 0.500
2025-09-23 16:12:47 - ROBOTY.collision - WARNING - Коллизия: роботы 3 и 4 в 4.50s, расстояние: 0.472, требуется: 0.500
2025-09-23 16:12:47 - ROBOTY.collision - WARNING - Коллизия: роботы 6 и 9 в 4.50s, расстояние: 0.494, требуется: 0.500
2025-09-23 16:12:47 - ROBOTY.collision - WARNING - Коллизия: роботы 3 и 4 в 4.60s, расстояние: 0.472, требуется: 0.500
2025-09-23 16:12:47 - ROBOTY.collision - WARNING - Коллизия: роботы 6 и 9 в 4.60s, расстояние: 0.494, требуется: 0.500
2025-09-23 16:12:47 - ROBOTY.collision - WARNING - Коллизия: роботы 3 и 4 в 4.70s, расстояние: 0.472, требуется: 0.500
2025-09-23 16:12:47 - ROBOTY.collision - WARNING - Коллизия: роботы 6 и 9 в 4.70s, расстояние: 0.494, требуется: 0.500
2025-09-23 16:12:47 - ROBOTY.collision - WARNING - Коллизия: роботы 3 и 4 в 4.80s, расстояние: 0.472, требуется: 0.500
2025-09-23 16:12:47 - ROBOTY.collision - WARNING - Коллизия: роботы 6 и 9 в 4.80s, расстояние: 0.494, требуется: 0.500
2025-09-23 16:12:47 - ROBOTY.collision - WARNING - Коллизия: роботы 3 и 4 в 4.90s, расстояние: 0.472, требуется: 0.500
2025-09-23 16:12:47 - ROBOTY.collision - WARNING - Коллизия: роботы 6 и 9 в 4.90s, расстояние: 0.494, требуется: 0.500
2025-09-23 16:12:47 - ROBOTY.collision - WARNING - Коллизия: роботы 3 и 4 в 5.00s, расстояние: 0.472, требуется: 0.500
2025-09-23 16:12:47 - ROBOTY.collision - WARNING - Коллизия: роботы 6 и 9 в 5.00s, расстояние: 0.494, требуется: 0.500
2025-09-23 16:12:47 - ROBOTY.collision - WARNING - Коллизия: роботы 3 и 4 в 5.10s, расстояние: 0.472, требуется: 0.500
2025-09-23 16:12:47 - ROBOTY.collision - WARNING - Коллизия: роботы 6 и 9 в 5.10s, расстояние: 0.494, требуется: 0.500
2025-09-23 16:12:47 - ROBOTY.collision - WARNING - Коллизия: роботы 3 и 4 в 5.20s, расстояние: 0.472, требуется: 0.500
2025-09-23 16:12:47 - ROBOTY.collision - WARNING - Коллизия: роботы 6 и 9 в 5.20s, расстояние: 0.494, требуется: 0.500
2025-09-23 16:12:47 - ROBOTY.collision - WARNING - Коллизия: роботы 3 и 4 в 5.30s, расстояние: 0.472, требуется: 0.500
2025-09-23 16:12:47 - ROBOTY.collision - WARNING - Коллизия: роботы 6 и 9 в 5.30s, расстояние: 0.494, требуется: 0.500
2025-09-23 16:12:47 - ROBOTY.collision - WARNING - Коллизия: роботы 3 и 4 в 5.40s, расстояние: 0.472, требуется: 0.500
2025-09-23 16:12:47 - ROBOTY.collision - WARNING - Коллизия: роботы 6 и 9 в 5.40s, расстояние: 0.494, требуется: 0.500
2025-09-23 16:12:47 - ROBOTY.collision - WARNING - Коллизия: роботы 3 и 4 в 5.50s, расстояние: 0.472, требуется: 0.500
2025-09-23 16:12:47 - ROBOTY.collision - WARNING - Коллизия: роботы 6 и 9 в 5.50s, расстояние: 0.494, требуется: 0.500
2025-09-23 16:12:47 - ROBOTY.collision - WARNING - Коллизия: роботы 3 и 4 в 5.60s, расстояние: 0.472, требуется: 0.500
2025-09-23 16:12:47 - ROBOTY.collision - WARNING - Коллизия: роботы 6 и 9 в 5.60s, расстояние: 0.494, требуется: 0.500
2025-09-23 16:12:47 - ROBOTY.collision - WARNING - Коллизия: роботы 3 и 4 в 5.70s, расстояние: 0.472, требуется: 0.500
2025-09-23 16:12:47 - ROBOTY.collision - WARNING - Коллизия: роботы 6 и 9 в 5.70s, расстояние: 0.494, требуется: 0.500
2025-09-23 16:12:47 - ROBOTY.collision - WARNING - Коллизия: роботы 3 и 4 в 5.80s, расстояние: 0.472, требуется: 0.500
2025-09-23 16:12:47 - ROBOTY.collision - WARNING - Коллизия: роботы 6 и 9 в 5.80s, расстояние: 0.494, требуется: 0.500
2025-09-23 16:12:47 - ROBOTY.collision - WARNING - Коллизия: роботы 3 и 4 в 5.90s, расстояние: 0.472, требуется: 0.500
2025-09-23 16:12:47 - ROBOTY.collision - WARNING - Коллизия: роботы 6 и 9 в 5.90s, расстояние: 0.494, требуется: 0.500
2025-09-23 16:12:47 - ROBOTY.collision - WARNING - Коллизия: роботы 3 и 4 в 6.00s, расстояние: 0.472, требуется: 0.500
2025-09-23 16:12:47 - ROBOTY.collision - WARNING - Коллизия: роботы 6 и 9 в 6.00s, расстояние: 0.494, требуется: 0.500
2025-09-23 16:12:47 - ROBOTY.collision - WARNING - Коллизия: роботы 3 и 4 в 6.10s, расстояние: 0.472, требуется: 0.500
2025-09-23 16:12:47 - ROBOTY.collision - WARNING - Коллизия: роботы 6 и 9 в 6.10s, расстояние: 0.494, требуется: 0.500
2025-09-23 16:12:47 - ROBOTY.collision - WARNING - Коллизия: роботы 3 и 4 в 6.20s, расстояние: 0.472, требуется: 0.500
2025-09-23 16:12:47 - ROBOTY.collision - WARNING - Коллизия: роботы 6 и 9 в 6.20s, расстояние: 0.494, требуется: 0.500
2025-09-23 16:12:47 - ROBOTY.collision - WARNING - Коллизия: роботы 3 и 4 в 6.30s, расстояние: 0.472, требуется: 0.500
2025-09-23 16:12:47 - ROBOTY.collision - WARNING - Коллизия: роботы 6 и 9 в 6.30s, расстояние: 0.494, требуется: 0.500
2025-09-23 16:12:47 - ROBOTY.collision - WARNING - Коллизия: роботы 3 и 4 в 6.40s, расстояние: 0.472, требуется: 0.500
2025-09-23 16:12:47 - ROBOTY.collision - WARNING - Коллизия: роботы 6 и 9 в 6.40s, расстояние: 0.494, требуется: 0.500
2025-09-23 16:12:47 - ROBOTY.collision - WARNING - Коллизия: роботы 3 и 4 в 6.50s, расстояние: 0.472, требуется: 0.500
2025-09-23 16:12:47 - ROBOTY.collision - WARNING - Коллизия: роботы 6 и 9 в 6.50s, расстояние: 0.494, требуется: 0.500
2025-09-23 16:12:47 - ROBOTY.collision - WARNING - Коллизия: роботы 3 и 4 в 6.60s, расстояние: 0.472, требуется: 0.500
2025-09-23 16:12:47 - ROBOTY.collision - WARNING - Коллизия: роботы 6 и 9 в 6.60s, расстояние: 0.494, требуется: 0.500
2025-09-23 16:12:47 - ROBOTY.collision - WARNING - Коллизия: роботы 3 и 4 в 6.70s, расстояние: 0.472, требуется: 0.500
2025-09-23 16:12:47 - ROBOTY.collision - WARNING - Коллизия: роботы 6 и 9 в 6.70s, расстояние: 0.494, требуется: 0.500
2025-09-23 16:12:47 - ROBOTY.collision - WARNING - Коллизия: роботы 3 и 4 в 6.80s, расстояние: 0.472, требуется: 0.500
2025-09-23 16:12:47 - ROBOTY.collision - WARNING - Коллизия: роботы 6 и 9 в 6.80s, расстояние: 0.494, требуется: 0.500
2025-09-23 16:12:47 - ROBOTY.collision - WARNING - Коллизия: роботы 3 и 4 в 6.90s, расстояние: 0.472, требуется: 0.500
2025-09-23 16:12:47 - ROBOTY.collision - WARNING - Коллизия: роботы 6 и 9 в 6.90s, расстояние: 0.494, требуется: 0.500
2025-09-23 16:12:47 - ROBOTY.collision - WARNING - Коллизия: роботы 3 и 4 в 7.00s, расстояние: 0.472, требуется: 0.500
2025-09-23 16:12:47 - ROBOTY.collision - WARNING - Коллизия: роботы 6 и 9 в 7.00s, расстояние: 0.494, требуется: 0.500
2025-09-23 16:12:47 - ROBOTY.collision - WARNING - Коллизия: роботы 3 и 4 в 7.10s, расстояние: 0.472, требуется: 0.500
2025-09-23 16:12:47 - ROBOTY.collision - WARNING - Коллизия: роботы 6 и 9 в 7.10s, расстояние: 0.494, требуется: 0.500
2025-09-23 16:12:47 - ROBOTY.collision - WARNING - Коллизия: роботы 3 и 4 в 7.20s, расстояние: 0.472, требуется: 0.500
2025-09-23 16:12:47 - ROBOTY.collision - WARNING - Коллизия: роботы 6 и 9 в 7.20s, расстояние: 0.494, требуется: 0.500
2025-09-23 16:12:47 - ROBOTY.collision - WARNING - Коллизия: роботы 3 и 4 в 7.30s, расстояние: 0.472, требуется: 0.500
2025-09-23 16:12:47 - ROBOTY.collision - WARNING - Коллизия: роботы 6 и 9 в 7.30s, расстояние: 0.494, требуется: 0.500
2025-09-23 16:12:47 - ROBOTY.collision - WARNING - Коллизия: роботы 3 и 4 в 7.40s, расстояние: 0.472, требуется: 0.500
2025-09-23 16:12:47 - ROBOTY.collision - WARNING - Коллизия: роботы 6 и 9 в 7.40s, расстояние: 0.471, требуется: 0.500
2025-09-23 16:12:47 - ROBOTY.collision - WARNING - Коллизия: роботы 3 и 4 в 7.50s, расстояние: 0.472, требуется: 0.500
2025-09-23 16:12:47 - ROBOTY.collision - WARNING - Коллизия: роботы 6 и 9 в 7.50s, расстояние: 0.453, требуется: 0.500
2025-09-23 16:12:47 - ROBOTY.collision - WARNING - Коллизия: роботы 3 и 4 в 7.60s, расстояние: 0.472, требуется: 0.500
2025-09-23 16:12:47 - ROBOTY.collision - WARNING - Коллизия: роботы 6 и 9 в 7.60s, расстояние: 0.490, требуется: 0.500
2025-09-23 16:12:47 - ROBOTY.collision - WARNING - Коллизия: роботы 3 и 4 в 7.70s, расстояние: 0.472, требуется: 0.500
2025-09-23 16:12:47 - ROBOTY.collision - WARNING - Коллизия: роботы 3 и 4 в 7.80s, расстояние: 0.472, требуется: 0.500
2025-09-23 16:12:47 - ROBOTY.collision - WARNING - Коллизия: роботы 3 и 4 в 7.90s, расстояние: 0.472, требуется: 0.500
2025-09-23 16:12:47 - ROBOTY.collision - WARNING - Коллизия: роботы 3 и 4 в 8.00s, расстояние: 0.472, требуется: 0.500
2025-09-23 16:12:47 - ROBOTY.collision - WARNING - Коллизия: роботы 3 и 4 в 8.10s, расстояние: 0.472, требуется: 0.500
2025-09-23 16:12:47 - ROBOTY.collision - WARNING - Коллизия: роботы 3 и 4 в 8.20s, расстояние: 0.472, требуется: 0.500
2025-09-23 16:12:47 - ROBOTY.collision - WARNING - Коллизия: роботы 3 и 4 в 8.30s, расстояние: 0.472, требуется: 0.500
2025-09-23 16:12:47 - ROBOTY.collision - WARNING - Коллизия: роботы 3 и 4 в 8.40s, расстояние: 0.472, требуется: 0.500
2025-09-23 16:12:47 - ROBOTY.collision - WARNING - Коллизия: роботы 3 и 4 в 8.50s, расстояние: 0.472, требуется: 0.500
2025-09-23 16:12:47 - ROBOTY.collision - WARNING - Коллизия: роботы 3 и 4 в 8.60s, расстояние: 0.472, требуется: 0.500
2025-09-23 16:12:47 - ROBOTY.collision - WARNING - Коллизия: роботы 3 и 4 в 8.70s, расстояние: 0.472, требуется: 0.500
2025-09-23 16:12:47 - ROBOTY.collision - WARNING - Коллизия: роботы 3 и 4 в 8.80s, расстояние: 0.472, требуется: 0.500
2025-09-23 16:12:47 - ROBOTY.collision - WARNING - Коллизия: роботы 3 и 4 в 8.90s, расстояние: 0.472, требуется: 0.500
2025-09-23 16:12:47 - ROBOTY.collision - WARNING - Коллизия: роботы 3 и 4 в 9.00s, расстояние: 0.472, требуется: 0.500
2025-09-23 16:12:47 - ROBOTY.collision - WARNING - Коллизия: роботы 3 и 4 в 9.10s, расстояние: 0.472, требуется: 0.500
2025-09-23 16:12:47 - ROBOTY.collision - WARNING - Коллизия: роботы 3 и 4 в 9.20s, расстояние: 0.472, требуется: 0.500
2025-09-23 16:12:47 - ROBOTY.collision - WARNING - Коллизия: роботы 3 и 4 в 9.30s, расстояние: 0.472, требуется: 0.500
2025-09-23 16:12:47 - ROBOTY.collision - WARNING - Коллизия: роботы 3 и 4 в 9.40s, расстояние: 0.472, требуется: 0.500
2025-09-23 16:12:47 - ROBOTY.collision - WARNING - Коллизия: роботы 3 и 4 в 9.50s, расстояние: 0.472, требуется: 0.500
2025-09-23 16:12:47 - ROBOTY.collision - WARNING - Коллизия: роботы 3 и 4 в 9.60s, расстояние: 0.472, требуется: 0.500
2025-09-23 16:12:47 - ROBOTY.collision - WARNING - Коллизия: роботы 3 и 4 в 9.70s, расстояние: 0.472, требуется: 0.500
2025-09-23 16:12:47 - ROBOTY.collision - WARNING - Коллизия: роботы 3 и 4 в 9.80s, расстояние: 0.472, требуется: 0.500
2025-09-23 16:12:47 - ROBOTY.collision - WARNING - Коллизия: роботы 3 и 4 в 9.90s, расстояние: 0.472, требуется: 0.500
2025-09-23 16:12:47 - ROBOTY.collision - WARNING - Коллизия: роботы 3 и 4 в 10.00s, расстояние: 0.472, требуется: 0.500
2025-09-23 16:12:47 - ROBOTY.collision - WARNING - Коллизия: роботы 3 и 4 в 10.10s, расстояние: 0.472, требуется: 0.500
2025-09-23 16:12:47 - ROBOTY.collision - WARNING - Коллизия: роботы 3 и 4 в 10.20s, расстояние: 0.472, требуется: 0.500
2025-09-23 16:12:47 - ROBOTY.collision - WARNING - Коллизия: роботы 3 и 4 в 10.30s, расстояние: 0.408, требуется: 0.500
2025-09-23 16:12:47 - ROBOTY.collision - WARNING - Коллизия: роботы 3 и 4 в 10.40s, расстояние: 0.366, требуется: 0.500
2025-09-23 16:12:47 - ROBOTY.collision - WARNING - Коллизия: роботы 3 и 4 в 10.50s, расстояние: 0.354, требуется: 0.500
2025-09-23 16:12:47 - ROBOTY.collision - WARNING - Коллизия: роботы 3 и 4 в 10.60s, расстояние: 0.374, требуется: 0.500
2025-09-23 16:12:47 - ROBOTY.collision - WARNING - Коллизия: роботы 3 и 4 в 10.70s, расстояние: 0.423, требуется: 0.500
2025-09-23 16:12:47 - ROBOTY.collision - WARNING - Коллизия: роботы 3 и 4 в 10.80s, расстояние: 0.491, требуется: 0.500
2025-09-23 16:12:47 - ROBOTY.collision - WARNING - Коллизия: роботы 5 и 6 в 19.80s, расстояние: 0.474, требуется: 0.500
2025-09-23 16:12:47 - ROBOTY.collision - WARNING - Коллизия: роботы 5 и 6 в 19.90s, расстояние: 0.359, требуется: 0.500
2025-09-23 16:12:47 - ROBOTY.collision - WARNING - Коллизия: роботы 5 и 6 в 20.00s, расстояние: 0.257, требуется: 0.500
2025-09-23 16:12:47 - ROBOTY.collision - WARNING - Коллизия: роботы 5 и 6 в 20.10s, расстояние: 0.205, требуется: 0.500
2025-09-23 16:12:47 - ROBOTY.collision - WARNING - Коллизия: роботы 5 и 6 в 20.20s, расстояние: 0.239, требуется: 0.500
2025-09-23 16:12:47 - ROBOTY.collision - WARNING - Коллизия: роботы 5 и 6 в 20.30s, расстояние: 0.334, требуется: 0.500
2025-09-23 16:12:47 - ROBOTY.collision - WARNING - Коллизия: роботы 5 и 6 в 20.40s, расстояние: 0.452, требуется: 0.500
2025-09-23 16:12:47 - ROBOTY.collision - WARNING - Коллизия: роботы 8 и 10 в 27.20s, расстояние: 0.480, требуется: 0.500
2025-09-23 16:12:47 - ROBOTY.collision - WARNING - Коллизия: роботы 8 и 10 в 27.30s, расстояние: 0.480, требуется: 0.500
2025-09-23 16:12:47 - ROBOTY.collision - WARNING - Коллизия: роботы 8 и 10 в 27.40s, расстояние: 0.480, требуется: 0.500
2025-09-23 16:12:47 - ROBOTY.collision - WARNING - Коллизия: роботы 8 и 10 в 27.50s, расстояние: 0.480, требуется: 0.500
2025-09-23 16:12:47 - ROBOTY.collision - WARNING - Коллизия: роботы 8 и 10 в 27.60s, расстояние: 0.480, требуется: 0.500
2025-09-23 16:12:47 - ROBOTY.collision - WARNING - Коллизия: роботы 8 и 10 в 27.70s, расстояние: 0.480, требуется: 0.500
2025-09-23 16:12:47 - ROBOTY.collision - WARNING - Коллизия: роботы 8 и 10 в 27.80s, расстояние: 0.480, требуется: 0.500
2025-09-23 16:12:47 - ROBOTY.collision - WARNING - Коллизия: роботы 8 и 10 в 27.90s, расстояние: 0.480, требуется: 0.500
2025-09-23 16:12:47 - ROBOTY.collision - WARNING - Коллизия: роботы 8 и 10 в 28.00s, расстояние: 0.480, требуется: 0.500
2025-09-23 16:12:47 - ROBOTY.collision - WARNING - Коллизия: роботы 8 и 10 в 28.10s, расстояние: 0.480, требуется: 0.500
2025-09-23 16:12:47 - ROBOTY.collision - WARNING - Коллизия: роботы 8 и 10 в 28.20s, расстояние: 0.480, требуется: 0.500
2025-09-23 16:12:47 - ROBOTY.collision - WARNING - Коллизия: роботы 8 и 10 в 28.30s, расстояние: 0.480, требуется: 0.500
2025-09-23 16:12:47 - ROBOTY.collision - WARNING - Коллизия: роботы 8 и 10 в 28.40s, расстояние: 0.480, требуется: 0.500
2025-09-23 16:12:47 - ROBOTY.collision - WARNING - Коллизия: роботы 8 и 10 в 28.50s, расстояние: 0.480, требуется: 0.500
2025-09-23 16:12:47 - ROBOTY.collision - WARNING - Коллизия: роботы 8 и 10 в 28.60s, расстояние: 0.480, требуется: 0.500
2025-09-23 16:12:47 - ROBOTY.collision - WARNING - Коллизия: роботы 2 и 7 в 28.70s, расстояние: 0.467, требуется: 0.500
2025-09-23 16:12:47 - ROBOTY.collision - WARNING - Коллизия: роботы 8 и 10 в 28.70s, расстояние: 0.480, требуется: 0.500
2025-09-23 16:12:47 - ROBOTY.collision - WARNING - Коллизия: роботы 2 и 7 в 28.80s, расстояние: 0.473, требуется: 0.500
2025-09-23 16:12:47 - ROBOTY.collision - WARNING - Коллизия: роботы 8 и 10 в 28.80s, расстояние: 0.480, требуется: 0.500
2025-09-23 16:12:47 - ROBOTY.collision - WARNING - Коллизия: роботы 8 и 10 в 28.90s, расстояние: 0.480, требуется: 0.500
2025-09-23 16:12:47 - ROBOTY.collision - WARNING - Коллизия: роботы 8 и 10 в 29.00s, расстояние: 0.480, требуется: 0.500
2025-09-23 16:12:47 - ROBOTY.collision - WARNING - Коллизия: роботы 8 и 10 в 29.10s, расстояние: 0.480, требуется: 0.500
2025-09-23 16:12:47 - ROBOTY.collision - WARNING - Коллизия: роботы 8 и 10 в 29.20s, расстояние: 0.480, требуется: 0.500
2025-09-23 16:12:47 - ROBOTY.collision - WARNING - Коллизия: роботы 8 и 10 в 29.30s, расстояние: 0.480, требуется: 0.500
2025-09-23 16:12:47 - ROBOTY.collision - WARNING - Коллизия: роботы 8 и 10 в 29.40s, расстояние: 0.480, требуется: 0.500
2025-09-23 16:12:47 - ROBOTY.collision - WARNING - Коллизия: роботы 8 и 10 в 29.50s, расстояние: 0.480, требуется: 0.500
2025-09-23 16:12:47 - ROBOTY.collision - WARNING - Коллизия: роботы 8 и 10 в 29.60s, расстояние: 0.480, требуется: 0.500
2025-09-23 16:12:47 - ROBOTY.collision - WARNING - Коллизия: роботы 8 и 10 в 29.70s, расстояние: 0.480, требуется: 0.500
2025-09-23 16:12:47 - ROBOTY.collision - WARNING - Коллизия: роботы 8 и 10 в 29.80s, расстояние: 0.480, требуется: 0.500
2025-09-23 16:12:47 - ROBOTY.collision - WARNING - Коллизия: роботы 8 и 10 в 29.90s, расстояние: 0.480, требуется: 0.500
2025-09-23 16:12:47 - ROBOTY.collision - WARNING - Коллизия: роботы 8 и 10 в 30.00s, расстояние: 0.480, требуется: 0.500
2025-09-23 16:12:47 - ROBOTY.collision - WARNING - Коллизия: роботы 8 и 10 в 30.10s, расстояние: 0.480, требуется: 0.500
2025-09-23 16:12:47 - ROBOTY.collision - WARNING - Коллизия: роботы 8 и 10 в 30.20s, расстояние: 0.480, требуется: 0.500
2025-09-23 16:12:47 - ROBOTY.collision - WARNING - Коллизия: роботы 8 и 10 в 30.30s, расстояние: 0.480, требуется: 0.500
2025-09-23 16:12:47 - ROBOTY.collision - WARNING - Коллизия: роботы 8 и 10 в 30.40s, расстояние: 0.480, требуется: 0.500
2025-09-23 16:12:47 - ROBOTY.collision - WARNING - Коллизия: роботы 8 и 10 в 30.50s, расстояние: 0.480, требуется: 0.500
2025-09-23 16:12:47 - ROBOTY.collision - WARNING - Коллизия: роботы 8 и 10 в 30.60s, расстояние: 0.480, требуется: 0.500
2025-09-23 16:12:47 - ROBOTY.collision - WARNING - Коллизия: роботы 8 и 10 в 30.70s, расстояние: 0.480, требуется: 0.500
2025-09-23 16:12:47 - ROBOTY.collision - WARNING - Коллизия: роботы 8 и 10 в 30.80s, расстояние: 0.480, требуется: 0.500
2025-09-23 16:12:47 - ROBOTY.collision - WARNING - Коллизия: роботы 8 и 10 в 30.90s, расстояние: 0.480, требуется: 0.500
2025-09-23 16:12:47 - ROBOTY.collision - WARNING - Коллизия: роботы 8 и 10 в 31.00s, расстояние: 0.480, требуется: 0.500
2025-09-23 16:12:47 - ROBOTY.collision - WARNING - Коллизия: роботы 8 и 10 в 31.10s, расстояние: 0.480, требуется: 0.500
2025-09-23 16:12:47 - ROBOTY.collision - WARNING - Коллизия: роботы 8 и 10 в 31.20s, расстояние: 0.480, требуется: 0.500
2025-09-23 16:12:47 - ROBOTY.collision - WARNING - Коллизия: роботы 8 и 10 в 31.30s, расстояние: 0.480, требуется: 0.500
2025-09-23 16:12:47 - ROBOTY.collision - WARNING - Коллизия: роботы 8 и 10 в 31.40s, расстояние: 0.480, требуется: 0.500
2025-09-23 16:12:47 - ROBOTY.collision - WARNING - Коллизия: роботы 8 и 10 в 31.50s, расстояние: 0.480, требуется: 0.500
2025-09-23 16:12:47 - ROBOTY.collision - WARNING - Коллизия: роботы 8 и 10 в 31.60s, расстояние: 0.480, требуется: 0.500
2025-09-23 16:12:47 - ROBOTY.collision - WARNING - Коллизия: роботы 8 и 10 в 31.70s, расстояние: 0.480, требуется: 0.500
2025-09-23 16:12:47 - ROBOTY.collision - WARNING - Коллизия: роботы 8 и 10 в 31.80s, расстояние: 0.480, требуется: 0.500
2025-09-23 16:12:47 - ROBOTY.collision - WARNING - Коллизия: роботы 8 и 10 в 31.90s, расстояние: 0.480, требуется: 0.500
2025-09-23 16:12:47 - ROBOTY.collision - WARNING - Коллизия: роботы 8 и 10 в 32.00s, расстояние: 0.480, требуется: 0.500
2025-09-23 16:12:47 - ROBOTY.collision - WARNING - Коллизия: роботы 8 и 10 в 32.10s, расстояние: 0.480, требуется: 0.500
2025-09-23 16:12:47 - ROBOTY.collision - WARNING - Коллизия: роботы 8 и 10 в 32.20s, расстояние: 0.480, требуется: 0.500
2025-09-23 16:12:47 - ROBOTY.collision - WARNING - Коллизия: роботы 8 и 10 в 32.30s, расстояние: 0.480, требуется: 0.500
2025-09-23 16:12:47 - ROBOTY.collision - WARNING - Коллизия: роботы 8 и 10 в 32.40s, расстояние: 0.480, требуется: 0.500
2025-09-23 16:12:47 - ROBOTY.collision - WARNING - Коллизия: роботы 8 и 10 в 32.50s, расстояние: 0.480, требуется: 0.500
2025-09-23 16:12:47 - ROBOTY.collision - WARNING - Коллизия: роботы 8 и 10 в 32.60s, расстояние: 0.480, требуется: 0.500
2025-09-23 16:12:47 - ROBOTY.collision - WARNING - Коллизия: роботы 8 и 10 в 32.70s, расстояние: 0.480, требуется: 0.500
2025-09-23 16:12:47 - ROBOTY.collision - WARNING - Коллизия: роботы 8 и 10 в 32.80s, расстояние: 0.480, требуется: 0.500
2025-09-23 16:12:47 - ROBOTY.collision - WARNING - Коллизия: роботы 8 и 10 в 32.90s, расстояние: 0.480, требуется: 0.500
2025-09-23 16:12:47 - ROBOTY.collision - WARNING - Коллизия: роботы 8 и 10 в 33.00s, расстояние: 0.480, требуется: 0.500
2025-09-23 16:12:47 - ROBOTY.collision - WARNING - Коллизия: роботы 8 и 10 в 33.10s, расстояние: 0.480, требуется: 0.500
2025-09-23 16:12:47 - ROBOTY.collision - WARNING - Коллизия: роботы 8 и 10 в 33.20s, расстояние: 0.480, требуется: 0.500
2025-09-23 16:12:47 - ROBOTY.collision - WARNING - Коллизия: роботы 8 и 10 в 33.30s, расстояние: 0.480, требуется: 0.500
2025-09-23 16:12:47 - ROBOTY.collision - WARNING - Коллизия: роботы 8 и 10 в 33.40s, расстояние: 0.480, требуется: 0.500
2025-09-23 16:12:47 - ROBOTY.collision - WARNING - Коллизия: роботы 8 и 10 в 33.50s, расстояние: 0.480, требуется: 0.500
2025-09-23 16:12:47 - ROBOTY.collision - WARNING - Коллизия: роботы 8 и 10 в 33.60s, расстояние: 0.480, требуется: 0.500
2025-09-23 16:12:47 - ROBOTY.collision - WARNING - Коллизия: роботы 8 и 10 в 33.70s, расстояние: 0.480, требуется: 0.500
2025-09-23 16:12:47 - ROBOTY.collision - WARNING - Коллизия: роботы 8 и 10 в 33.80s, расстояние: 0.480, требуется: 0.500
2025-09-23 16:12:47 - ROBOTY.collision - WARNING - Коллизия: роботы 8 и 10 в 33.90s, расстояние: 0.480, требуется: 0.500
2025-09-23 16:12:47 - ROBOTY.collision - WARNING - Коллизия: роботы 8 и 10 в 34.00s, расстояние: 0.480, требуется: 0.500
2025-09-23 16:12:47 - ROBOTY.collision - WARNING - Коллизия: роботы 8 и 10 в 34.10s, расстояние: 0.480, требуется: 0.500
2025-09-23 16:12:47 - ROBOTY.collision - WARNING - Коллизия: роботы 8 и 10 в 34.20s, расстояние: 0.480, требуется: 0.500
2025-09-23 16:12:47 - ROBOTY.collision - WARNING - Коллизия: роботы 8 и 10 в 34.30s, расстояние: 0.480, требуется: 0.500
2025-09-23 16:12:47 - ROBOTY.collision - WARNING - Коллизия: роботы 8 и 10 в 34.40s, расстояние: 0.480, требуется: 0.500
2025-09-23 16:12:47 - ROBOTY.collision - WARNING - Коллизия: роботы 8 и 10 в 34.50s, расстояние: 0.412, требуется: 0.500
2025-09-23 16:12:47 - ROBOTY.collision - WARNING - Коллизия: роботы 8 и 10 в 34.60s, расстояние: 0.364, требуется: 0.500
2025-09-23 16:12:47 - ROBOTY.collision - WARNING - Коллизия: роботы 8 и 10 в 34.70s, расстояние: 0.344, требуется: 0.500
2025-09-23 16:12:47 - ROBOTY.collision - WARNING - Коллизия: роботы 8 и 10 в 34.80s, расстояние: 0.357, требуется: 0.500
2025-09-23 16:12:47 - ROBOTY.collision - WARNING - Коллизия: роботы 8 и 10 в 34.90s, расстояние: 0.412, требуется: 0.500
2025-09-23 16:12:47 - ROBOTY.collision - ERROR - Обнаружено 211 коллизий
2025-09-23 16:12:47 - ROBOTY.main - WARNING - Коллизии сохраняются после вставки пауз
2025-09-23 16:12:49 - ROBOTY.main - INFO - Открытие визуализатора
2025-09-23 16:12:49 - ROBOTY.visualizer - INFO - Запуск визуализации типа: 3d_anim
2025-09-23 16:12:49 - ROBOTY.visualizer - INFO - Создание 3D анимации траекторий
2025-09-23 16:12:49 - ROBOTY.visualizer - INFO - Создание 3D визуализации траекторий
2025-09-23 16:12:49 - ROBOTY.visualizer - INFO - 3D визуализация создана
2025-09-23 16:12:51 - ROBOTY.visualizer - INFO - Визуализация сохранена в файл: /Users/maksimchernukha/Documents/ROBOTY/viz/../outputs/visualizations/visualization_3d_anim_20250923_161251.html
2025-09-23 16:12:51 - ROBOTY.visualizer - INFO - Визуализация открыта в браузере
2025-09-23 16:12:51 - ROBOTY.main - INFO - Визуализация успешно завершена
