2025-09-25 15:20:35 - ROBOTY.main - INFO - Запуск приложения ROBOTY
2025-09-25 15:20:35 - ROBOTY.main - INFO - Применена тема: light
2025-09-25 15:20:35 - ROBOTY.main - INFO - Интерфейс инициализирован
2025-09-25 15:20:35 - ROBOTY.main - INFO - Приложение успешно запущено
2025-09-25 15:20:37 - ROBOTY.main - INFO - Применена тема: dark
2025-09-25 15:20:37 - ROBOTY.main - INFO - Переключение темы: dark -> dark
2025-09-25 15:20:42 - ROBOTY.main - INFO - Создан входной файл: /Users/maksimchernukha/Documents/ROBOTY/data/input_20250925_152040.json
2025-09-25 15:20:42 - ROBOTY.parser - INFO - Начинаем загрузку файла: /Users/maksimchernukha/Documents/ROBOTY/data/input_20250925_152040.json
2025-09-25 15:20:42 - ROBOTY.parser - INFO - Файл /Users/maksimchernukha/Documents/ROBOTY/data/input_20250925_152040.json успешно загружен
2025-09-25 15:20:42 - ROBOTY.parser - DEBUG - Робот 1 успешно загружен
2025-09-25 15:20:42 - ROBOTY.parser - DEBUG - Робот 2 успешно загружен
2025-09-25 15:20:42 - ROBOTY.parser - DEBUG - Робот 3 успешно загружен
2025-09-25 15:20:42 - ROBOTY.parser - DEBUG - Робот 4 успешно загружен
2025-09-25 15:20:42 - ROBOTY.parser - DEBUG - Робот 5 успешно загружен
2025-09-25 15:20:42 - ROBOTY.parser - DEBUG - Робот 6 успешно загружен
2025-09-25 15:20:42 - ROBOTY.parser - DEBUG - Робот 7 успешно загружен
2025-09-25 15:20:42 - ROBOTY.parser - DEBUG - Робот 8 успешно загружен
2025-09-25 15:20:42 - ROBOTY.parser - DEBUG - Робот 9 успешно загружен
2025-09-25 15:20:42 - ROBOTY.parser - DEBUG - Робот 10 успешно загружен
2025-09-25 15:20:42 - ROBOTY.parser - DEBUG - Операция 1 успешно загружена
2025-09-25 15:20:42 - ROBOTY.parser - DEBUG - Операция 2 успешно загружена
2025-09-25 15:20:42 - ROBOTY.parser - DEBUG - Операция 3 успешно загружена
2025-09-25 15:20:42 - ROBOTY.parser - DEBUG - Операция 4 успешно загружена
2025-09-25 15:20:42 - ROBOTY.parser - DEBUG - Операция 5 успешно загружена
2025-09-25 15:20:42 - ROBOTY.parser - DEBUG - Операция 6 успешно загружена
2025-09-25 15:20:42 - ROBOTY.parser - DEBUG - Операция 7 успешно загружена
2025-09-25 15:20:42 - ROBOTY.parser - DEBUG - Операция 8 успешно загружена
2025-09-25 15:20:42 - ROBOTY.parser - DEBUG - Операция 9 успешно загружена
2025-09-25 15:20:42 - ROBOTY.parser - DEBUG - Операция 10 успешно загружена
2025-09-25 15:20:42 - ROBOTY.parser - DEBUG - Операция 11 успешно загружена
2025-09-25 15:20:42 - ROBOTY.parser - DEBUG - Операция 12 успешно загружена
2025-09-25 15:20:42 - ROBOTY.parser - DEBUG - Операция 13 успешно загружена
2025-09-25 15:20:42 - ROBOTY.parser - DEBUG - Операция 14 успешно загружена
2025-09-25 15:20:42 - ROBOTY.parser - DEBUG - Операция 15 успешно загружена
2025-09-25 15:20:42 - ROBOTY.parser - DEBUG - Операция 16 успешно загружена
2025-09-25 15:20:42 - ROBOTY.parser - DEBUG - Операция 17 успешно загружена
2025-09-25 15:20:42 - ROBOTY.parser - DEBUG - Операция 18 успешно загружена
2025-09-25 15:20:42 - ROBOTY.parser - DEBUG - Операция 19 успешно загружена
2025-09-25 15:20:42 - ROBOTY.parser - DEBUG - Операция 20 успешно загружена
2025-09-25 15:20:42 - ROBOTY.parser - DEBUG - Операция 21 успешно загружена
2025-09-25 15:20:42 - ROBOTY.parser - DEBUG - Операция 22 успешно загружена
2025-09-25 15:20:42 - ROBOTY.parser - DEBUG - Операция 23 успешно загружена
2025-09-25 15:20:42 - ROBOTY.parser - DEBUG - Операция 24 успешно загружена
2025-09-25 15:20:42 - ROBOTY.parser - DEBUG - Операция 25 успешно загружена
2025-09-25 15:20:42 - ROBOTY.parser - DEBUG - Операция 26 успешно загружена
2025-09-25 15:20:42 - ROBOTY.parser - DEBUG - Операция 27 успешно загружена
2025-09-25 15:20:42 - ROBOTY.parser - DEBUG - Операция 28 успешно загружена
2025-09-25 15:20:42 - ROBOTY.parser - DEBUG - Операция 29 успешно загружена
2025-09-25 15:20:42 - ROBOTY.parser - DEBUG - Операция 30 успешно загружена
2025-09-25 15:20:42 - ROBOTY.parser - INFO - Загружено 10 роботов и 30 операций
2025-09-25 15:20:44 - ROBOTY.main - INFO - Запуск планировщика
2025-09-25 15:20:44 - ROBOTY.planner - INFO - Запуск планировщика траекторий
2025-09-25 15:20:44 - ROBOTY.assigner - INFO - Начинаем назначение операций методом: balanced
2025-09-25 15:20:44 - ROBOTY.assigner - DEBUG - Операция 0 назначена роботу 8 (нагрузка: 7.58)
2025-09-25 15:20:44 - ROBOTY.assigner - DEBUG - Операция 1 назначена роботу 6 (нагрузка: 7.53)
2025-09-25 15:20:44 - ROBOTY.assigner - DEBUG - Операция 2 назначена роботу 4 (нагрузка: 6.28)
2025-09-25 15:20:44 - ROBOTY.assigner - DEBUG - Операция 3 назначена роботу 9 (нагрузка: 9.97)
2025-09-25 15:20:44 - ROBOTY.assigner - DEBUG - Операция 4 назначена роботу 3 (нагрузка: 10.17)
2025-09-25 15:20:44 - ROBOTY.assigner - DEBUG - Операция 5 назначена роботу 1 (нагрузка: 6.30)
2025-09-25 15:20:44 - ROBOTY.assigner - DEBUG - Операция 6 назначена роботу 5 (нагрузка: 5.20)
2025-09-25 15:20:44 - ROBOTY.assigner - DEBUG - Операция 7 назначена роботу 7 (нагрузка: 10.75)
2025-09-25 15:20:44 - ROBOTY.assigner - DEBUG - Операция 8 назначена роботу 2 (нагрузка: 11.56)
2025-09-25 15:20:44 - ROBOTY.assigner - DEBUG - Операция 9 назначена роботу 0 (нагрузка: 18.30)
2025-09-25 15:20:44 - ROBOTY.assigner - DEBUG - Операция 10 назначена роботу 1 (нагрузка: 18.67)
2025-09-25 15:20:44 - ROBOTY.assigner - DEBUG - Операция 11 назначена роботу 6 (нагрузка: 18.13)
2025-09-25 15:20:44 - ROBOTY.assigner - DEBUG - Операция 12 назначена роботу 8 (нагрузка: 17.75)
2025-09-25 15:20:44 - ROBOTY.assigner - DEBUG - Операция 13 назначена роботу 3 (нагрузка: 16.42)
2025-09-25 15:20:44 - ROBOTY.assigner - DEBUG - Операция 14 назначена роботу 4 (нагрузка: 13.94)
2025-09-25 15:20:44 - ROBOTY.assigner - DEBUG - Операция 15 назначена роботу 5 (нагрузка: 18.90)
2025-09-25 15:20:44 - ROBOTY.assigner - DEBUG - Операция 16 назначена роботу 2 (нагрузка: 25.61)
2025-09-25 15:20:44 - ROBOTY.assigner - DEBUG - Операция 17 назначена роботу 4 (нагрузка: 16.29)
2025-09-25 15:20:44 - ROBOTY.assigner - DEBUG - Операция 18 назначена роботу 7 (нагрузка: 21.22)
2025-09-25 15:20:44 - ROBOTY.assigner - DEBUG - Операция 19 назначена роботу 4 (нагрузка: 22.59)
2025-09-25 15:20:44 - ROBOTY.assigner - DEBUG - Операция 20 назначена роботу 9 (нагрузка: 25.66)
2025-09-25 15:20:44 - ROBOTY.assigner - DEBUG - Операция 21 назначена роботу 0 (нагрузка: 22.66)
2025-09-25 15:20:44 - ROBOTY.assigner - DEBUG - Операция 22 назначена роботу 6 (нагрузка: 24.09)
2025-09-25 15:20:44 - ROBOTY.assigner - DEBUG - Операция 23 назначена роботу 8 (нагрузка: 25.76)
2025-09-25 15:20:44 - ROBOTY.assigner - DEBUG - Операция 24 назначена роботу 3 (нагрузка: 23.55)
2025-09-25 15:20:44 - ROBOTY.assigner - DEBUG - Операция 25 назначена роботу 1 (нагрузка: 28.46)
2025-09-25 15:20:44 - ROBOTY.assigner - DEBUG - Операция 26 назначена роботу 3 (нагрузка: 29.86)
2025-09-25 15:20:44 - ROBOTY.assigner - DEBUG - Операция 27 назначена роботу 5 (нагрузка: 30.90)
2025-09-25 15:20:44 - ROBOTY.assigner - DEBUG - Операция 28 назначена роботу 4 (нагрузка: 30.32)
2025-09-25 15:20:44 - ROBOTY.assigner - DEBUG - Операция 29 назначена роботу 6 (нагрузка: 28.60)
2025-09-25 15:20:44 - ROBOTY.assigner - INFO - Распределено 30 операций с балансировкой нагрузки
2025-09-25 15:20:44 - ROBOTY.assigner - INFO - Итоговые нагрузки роботов: ['22.66', '28.46', '25.61', '29.86', '30.32', '30.90', '28.60', '21.22', '25.76', '25.66']
2025-09-25 15:20:44 - ROBOTY.assigner - INFO - Робот 0: 2 операций, нагрузка 22.66
2025-09-25 15:20:44 - ROBOTY.assigner - INFO - Робот 1: 3 операций, нагрузка 28.46
2025-09-25 15:20:44 - ROBOTY.assigner - INFO - Робот 2: 2 операций, нагрузка 25.61
2025-09-25 15:20:44 - ROBOTY.assigner - INFO - Робот 3: 4 операций, нагрузка 29.86
2025-09-25 15:20:44 - ROBOTY.assigner - INFO - Робот 4: 5 операций, нагрузка 30.32
2025-09-25 15:20:44 - ROBOTY.assigner - INFO - Робот 5: 3 операций, нагрузка 30.90
2025-09-25 15:20:44 - ROBOTY.assigner - INFO - Робот 6: 4 операций, нагрузка 28.60
2025-09-25 15:20:44 - ROBOTY.assigner - INFO - Робот 7: 2 операций, нагрузка 21.22
2025-09-25 15:20:44 - ROBOTY.assigner - INFO - Робот 8: 3 операций, нагрузка 25.76
2025-09-25 15:20:44 - ROBOTY.assigner - INFO - Робот 9: 2 операций, нагрузка 25.66
2025-09-25 15:20:44 - ROBOTY.planner - INFO - Операции назначены методом: balanced
2025-09-25 15:20:44 - ROBOTY.planner - INFO - Планирование траектории для робота 1 (ID: 1) с 2 операциями
2025-09-25 15:20:44 - ROBOTY.planner - DEBUG - Планирование траектории для робота с 2 операциями
2025-09-25 15:20:44 - ROBOTY.planner - DEBUG - Операция 1 запланирована, время завершения: 19.61
2025-09-25 15:20:44 - ROBOTY.planner - DEBUG - Операция 2 запланирована, время завершения: 25.37
2025-09-25 15:20:44 - ROBOTY.planner - INFO - Траектория робота запланирована, общее время: 25.37
2025-09-25 15:20:44 - ROBOTY.planner - INFO - Робот 1: траектория содержит 48 точек
2025-09-25 15:20:44 - ROBOTY.planner - INFO - Планирование траектории для робота 2 (ID: 2) с 3 операциями
2025-09-25 15:20:44 - ROBOTY.planner - DEBUG - Планирование траектории для робота с 3 операциями
2025-09-25 15:20:44 - ROBOTY.planner - DEBUG - Операция 1 запланирована, время завершения: 8.36
2025-09-25 15:20:44 - ROBOTY.planner - DEBUG - Операция 2 запланирована, время завершения: 21.85
2025-09-25 15:20:44 - ROBOTY.planner - DEBUG - Операция 3 запланирована, время завершения: 31.58
2025-09-25 15:20:44 - ROBOTY.planner - INFO - Траектория робота запланирована, общее время: 31.58
2025-09-25 15:20:44 - ROBOTY.planner - INFO - Робот 2: траектория содержит 72 точек
2025-09-25 15:20:44 - ROBOTY.planner - INFO - Планирование траектории для робота 3 (ID: 3) с 2 операциями
2025-09-25 15:20:44 - ROBOTY.planner - DEBUG - Планирование траектории для робота с 2 операциями
2025-09-25 15:20:44 - ROBOTY.planner - DEBUG - Операция 1 запланирована, время завершения: 13.03
2025-09-25 15:20:44 - ROBOTY.planner - DEBUG - Операция 2 запланирована, время завершения: 31.55
2025-09-25 15:20:44 - ROBOTY.planner - INFO - Траектория робота запланирована, общее время: 31.55
2025-09-25 15:20:44 - ROBOTY.planner - INFO - Робот 3: траектория содержит 48 точек
2025-09-25 15:20:44 - ROBOTY.planner - INFO - Планирование траектории для робота 4 (ID: 4) с 4 операциями
2025-09-25 15:20:44 - ROBOTY.planner - DEBUG - Планирование траектории для робота с 4 операциями
2025-09-25 15:20:44 - ROBOTY.planner - DEBUG - Операция 1 запланирована, время завершения: 12.45
2025-09-25 15:20:44 - ROBOTY.planner - DEBUG - Операция 2 запланирована, время завершения: 29.42
2025-09-25 15:20:44 - ROBOTY.planner - DEBUG - Операция 3 запланирована, время завершения: 38.17
2025-09-25 15:20:44 - ROBOTY.planner - DEBUG - Операция 4 запланирована, время завершения: 51.60
2025-09-25 15:20:44 - ROBOTY.planner - INFO - Траектория робота запланирована, общее время: 51.60
2025-09-25 15:20:44 - ROBOTY.planner - INFO - Робот 4: траектория содержит 96 точек
2025-09-25 15:20:44 - ROBOTY.planner - INFO - Планирование траектории для робота 5 (ID: 5) с 5 операциями
2025-09-25 15:20:44 - ROBOTY.planner - DEBUG - Планирование траектории для робота с 5 операциями
2025-09-25 15:20:44 - ROBOTY.planner - DEBUG - Операция 1 запланирована, время завершения: 8.53
2025-09-25 15:20:44 - ROBOTY.planner - DEBUG - Операция 2 запланирована, время завершения: 18.03
2025-09-25 15:20:44 - ROBOTY.planner - DEBUG - Операция 3 запланирована, время завершения: 26.92
2025-09-25 15:20:44 - ROBOTY.planner - DEBUG - Операция 4 запланирована, время завершения: 35.41
2025-09-25 15:20:44 - ROBOTY.planner - DEBUG - Операция 5 запланирована, время завершения: 44.93
2025-09-25 15:20:44 - ROBOTY.planner - INFO - Траектория робота запланирована, общее время: 44.93
2025-09-25 15:20:44 - ROBOTY.planner - INFO - Робот 5: траектория содержит 120 точек
2025-09-25 15:20:44 - ROBOTY.planner - INFO - Планирование траектории для робота 6 (ID: 6) с 3 операциями
2025-09-25 15:20:44 - ROBOTY.planner - DEBUG - Планирование траектории для робота с 3 операциями
2025-09-25 15:20:44 - ROBOTY.planner - DEBUG - Операция 1 запланирована, время завершения: 6.81
2025-09-25 15:20:44 - ROBOTY.planner - DEBUG - Операция 2 запланирована, время завершения: 22.39
2025-09-25 15:20:44 - ROBOTY.planner - DEBUG - Операция 3 запланирована, время завершения: 35.44
2025-09-25 15:20:44 - ROBOTY.planner - INFO - Траектория робота запланирована, общее время: 35.44
2025-09-25 15:20:44 - ROBOTY.planner - INFO - Робот 6: траектория содержит 72 точек
2025-09-25 15:20:44 - ROBOTY.planner - INFO - Планирование траектории для робота 7 (ID: 7) с 4 операциями
2025-09-25 15:20:44 - ROBOTY.planner - DEBUG - Планирование траектории для робота с 4 операциями
2025-09-25 15:20:44 - ROBOTY.planner - DEBUG - Операция 1 запланирована, время завершения: 9.79
2025-09-25 15:20:44 - ROBOTY.planner - DEBUG - Операция 2 запланирована, время завершения: 24.33
2025-09-25 15:20:44 - ROBOTY.planner - DEBUG - Операция 3 запланирована, время завершения: 32.78
2025-09-25 15:20:44 - ROBOTY.planner - DEBUG - Операция 4 запланирована, время завершения: 39.73
2025-09-25 15:20:44 - ROBOTY.planner - INFO - Траектория робота запланирована, общее время: 39.73
2025-09-25 15:20:44 - ROBOTY.planner - INFO - Робот 7: траектория содержит 96 точек
2025-09-25 15:20:44 - ROBOTY.planner - INFO - Планирование траектории для робота 8 (ID: 8) с 2 операциями
2025-09-25 15:20:44 - ROBOTY.planner - DEBUG - Планирование траектории для робота с 2 операциями
2025-09-25 15:20:44 - ROBOTY.planner - DEBUG - Операция 1 запланирована, время завершения: 12.48
2025-09-25 15:20:44 - ROBOTY.planner - DEBUG - Операция 2 запланирована, время завершения: 27.71
2025-09-25 15:20:44 - ROBOTY.planner - INFO - Траектория робота запланирована, общее время: 27.71
2025-09-25 15:20:44 - ROBOTY.planner - INFO - Робот 8: траектория содержит 48 точек
2025-09-25 15:20:44 - ROBOTY.planner - INFO - Планирование траектории для робота 9 (ID: 9) с 3 операциями
2025-09-25 15:20:44 - ROBOTY.planner - DEBUG - Планирование траектории для робота с 3 операциями
2025-09-25 15:20:44 - ROBOTY.planner - DEBUG - Операция 1 запланирована, время завершения: 9.20
2025-09-25 15:20:44 - ROBOTY.planner - DEBUG - Операция 2 запланирована, время завершения: 22.48
2025-09-25 15:20:44 - ROBOTY.planner - DEBUG - Операция 3 запланирована, время завершения: 33.79
2025-09-25 15:20:44 - ROBOTY.planner - INFO - Траектория робота запланирована, общее время: 33.79
2025-09-25 15:20:44 - ROBOTY.planner - INFO - Робот 9: траектория содержит 72 точек
2025-09-25 15:20:44 - ROBOTY.planner - INFO - Планирование траектории для робота 10 (ID: 10) с 2 операциями
2025-09-25 15:20:44 - ROBOTY.planner - DEBUG - Планирование траектории для робота с 2 операциями
2025-09-25 15:20:44 - ROBOTY.planner - DEBUG - Операция 1 запланирована, время завершения: 11.73
2025-09-25 15:20:44 - ROBOTY.planner - DEBUG - Операция 2 запланирована, время завершения: 27.43
2025-09-25 15:20:44 - ROBOTY.planner - INFO - Траектория робота запланирована, общее время: 27.43
2025-09-25 15:20:44 - ROBOTY.planner - INFO - Робот 10: траектория содержит 48 точек
2025-09-25 15:20:44 - ROBOTY.planner - INFO - Планирование завершено. Makespan: 51.60
2025-09-25 15:20:44 - ROBOTY.main - INFO - Планировщик успешно завершил работу
2025-09-25 15:20:44 - ROBOTY.collision - INFO - Начинаем детальную проверку коллизий
2025-09-25 15:20:44 - ROBOTY.collision - DEBUG - Проверяем коллизии в диапазоне времени: 0.00 - 51.60
2025-09-25 15:20:44 - ROBOTY.collision - WARNING - Коллизия: роботы 4 и 7 в 5.80s, расстояние: 0.464, требуется: 0.500
2025-09-25 15:20:44 - ROBOTY.collision - WARNING - Коллизия: роботы 4 и 7 в 5.90s, расстояние: 0.469, требуется: 0.500
2025-09-25 15:20:44 - ROBOTY.collision - WARNING - Коллизия: роботы 6 и 7 в 14.50s, расстояние: 0.431, требуется: 0.500
2025-09-25 15:20:44 - ROBOTY.collision - WARNING - Коллизия: роботы 6 и 7 в 14.60s, расстояние: 0.361, требуется: 0.500
2025-09-25 15:20:44 - ROBOTY.collision - WARNING - Коллизия: роботы 6 и 7 в 14.70s, расстояние: 0.402, требуется: 0.500
2025-09-25 15:20:44 - ROBOTY.collision - WARNING - Коллизия: роботы 1 и 6 в 23.00s, расстояние: 0.411, требуется: 0.500
2025-09-25 15:20:44 - ROBOTY.collision - WARNING - Коллизия: роботы 1 и 6 в 23.10s, расстояние: 0.321, требуется: 0.500
2025-09-25 15:20:44 - ROBOTY.collision - WARNING - Коллизия: роботы 1 и 6 в 23.20s, расстояние: 0.310, требуется: 0.500
2025-09-25 15:20:44 - ROBOTY.collision - WARNING - Коллизия: роботы 1 и 6 в 23.30s, расстояние: 0.399, требуется: 0.500
2025-09-25 15:20:44 - ROBOTY.collision - WARNING - Коллизия: роботы 6 и 9 в 29.70s, расстояние: 0.483, требуется: 0.500
2025-09-25 15:20:44 - ROBOTY.collision - WARNING - Коллизия: роботы 6 и 9 в 29.80s, расстояние: 0.283, требуется: 0.500
2025-09-25 15:20:44 - ROBOTY.collision - WARNING - Коллизия: роботы 6 и 9 в 29.90s, расстояние: 0.156, требуется: 0.500
2025-09-25 15:20:44 - ROBOTY.collision - WARNING - Коллизия: роботы 6 и 9 в 30.00s, расстояние: 0.258, требуется: 0.500
2025-09-25 15:20:44 - ROBOTY.collision - WARNING - Коллизия: роботы 6 и 9 в 30.10s, расстояние: 0.454, требуется: 0.500
2025-09-25 15:20:44 - ROBOTY.collision - WARNING - Коллизия: роботы 5 и 8 в 33.90s, расстояние: 0.460, требуется: 0.500
2025-09-25 15:20:44 - ROBOTY.collision - WARNING - Коллизия: роботы 5 и 8 в 34.00s, расстояние: 0.393, требуется: 0.500
2025-09-25 15:20:44 - ROBOTY.collision - WARNING - Коллизия: роботы 5 и 8 в 34.10s, расстояние: 0.364, требуется: 0.500
2025-09-25 15:20:44 - ROBOTY.collision - WARNING - Коллизия: роботы 5 и 8 в 34.20s, расстояние: 0.379, требуется: 0.500
2025-09-25 15:20:44 - ROBOTY.collision - WARNING - Коллизия: роботы 5 и 8 в 34.30s, расстояние: 0.398, требуется: 0.500
2025-09-25 15:20:44 - ROBOTY.collision - WARNING - Коллизия: роботы 5 и 8 в 34.40s, расстояние: 0.420, требуется: 0.500
2025-09-25 15:20:44 - ROBOTY.collision - WARNING - Коллизия: роботы 5 и 8 в 34.50s, расстояние: 0.445, требуется: 0.500
2025-09-25 15:20:44 - ROBOTY.collision - WARNING - Коллизия: роботы 5 и 8 в 34.60s, расстояние: 0.474, требуется: 0.500
2025-09-25 15:20:45 - ROBOTY.collision - WARNING - Коллизия: роботы 5 и 8 в 35.50s, расстояние: 0.494, требуется: 0.500
2025-09-25 15:20:45 - ROBOTY.collision - WARNING - Коллизия: роботы 5 и 8 в 35.60s, расстояние: 0.486, требуется: 0.500
2025-09-25 15:20:45 - ROBOTY.collision - WARNING - Коллизия: роботы 5 и 8 в 35.70s, расстояние: 0.481, требуется: 0.500
2025-09-25 15:20:45 - ROBOTY.collision - WARNING - Коллизия: роботы 5 и 8 в 35.80s, расстояние: 0.478, требуется: 0.500
2025-09-25 15:20:45 - ROBOTY.collision - WARNING - Коллизия: роботы 5 и 8 в 35.90s, расстояние: 0.488, требуется: 0.500
2025-09-25 15:20:45 - ROBOTY.collision - ERROR - Обнаружено 27 коллизий
2025-09-25 15:20:45 - ROBOTY.main - WARNING - Обнаружено 27 коллизий, применяем онлайн-безопасность
2025-09-25 15:20:45 - ROBOTY.safety - INFO - Применяем онлайн-безопасность: вставка пауз при коллизиях
2025-09-25 15:20:45 - ROBOTY.collision - INFO - Начинаем детальную проверку коллизий
2025-09-25 15:20:45 - ROBOTY.collision - DEBUG - Проверяем коллизии в диапазоне времени: 0.00 - 51.60
2025-09-25 15:20:45 - ROBOTY.collision - WARNING - Коллизия: роботы 4 и 7 в 5.75s, расстояние: 0.489, требуется: 0.500
2025-09-25 15:20:45 - ROBOTY.collision - WARNING - Коллизия: роботы 4 и 7 в 5.80s, расстояние: 0.464, требуется: 0.500
2025-09-25 15:20:45 - ROBOTY.collision - WARNING - Коллизия: роботы 4 и 7 в 5.85s, расстояние: 0.461, требуется: 0.500
2025-09-25 15:20:45 - ROBOTY.collision - WARNING - Коллизия: роботы 4 и 7 в 5.90s, расстояние: 0.469, требуется: 0.500
2025-09-25 15:20:45 - ROBOTY.collision - WARNING - Коллизия: роботы 4 и 7 в 5.95s, расстояние: 0.488, требуется: 0.500
2025-09-25 15:20:45 - ROBOTY.collision - WARNING - Коллизия: роботы 6 и 7 в 14.45s, расстояние: 0.496, требуется: 0.500
2025-09-25 15:20:45 - ROBOTY.collision - WARNING - Коллизия: роботы 6 и 7 в 14.50s, расстояние: 0.431, требуется: 0.500
2025-09-25 15:20:45 - ROBOTY.collision - WARNING - Коллизия: роботы 6 и 7 в 14.55s, расстояние: 0.384, требуется: 0.500
2025-09-25 15:20:45 - ROBOTY.collision - WARNING - Коллизия: роботы 6 и 7 в 14.60s, расстояние: 0.361, требуется: 0.500
2025-09-25 15:20:45 - ROBOTY.collision - WARNING - Коллизия: роботы 6 и 7 в 14.65s, расстояние: 0.368, требуется: 0.500
2025-09-25 15:20:45 - ROBOTY.collision - WARNING - Коллизия: роботы 6 и 7 в 14.70s, расстояние: 0.402, требуется: 0.500
2025-09-25 15:20:45 - ROBOTY.collision - WARNING - Коллизия: роботы 6 и 7 в 14.75s, расстояние: 0.459, требуется: 0.500
2025-09-25 15:20:45 - ROBOTY.collision - WARNING - Коллизия: роботы 1 и 6 в 22.95s, расстояние: 0.470, требуется: 0.500
2025-09-25 15:20:45 - ROBOTY.collision - WARNING - Коллизия: роботы 1 и 6 в 23.00s, расстояние: 0.411, требуется: 0.500
2025-09-25 15:20:45 - ROBOTY.collision - WARNING - Коллизия: роботы 1 и 6 в 23.05s, расстояние: 0.358, требуется: 0.500
2025-09-25 15:20:45 - ROBOTY.collision - WARNING - Коллизия: роботы 1 и 6 в 23.10s, расстояние: 0.321, требуется: 0.500
2025-09-25 15:20:45 - ROBOTY.collision - WARNING - Коллизия: роботы 1 и 6 в 23.15s, расстояние: 0.302, требуется: 0.500
2025-09-25 15:20:45 - ROBOTY.collision - WARNING - Коллизия: роботы 1 и 6 в 23.20s, расстояние: 0.310, требуется: 0.500
2025-09-25 15:20:45 - ROBOTY.collision - WARNING - Коллизия: роботы 1 и 6 в 23.25s, расстояние: 0.345, требуется: 0.500
2025-09-25 15:20:45 - ROBOTY.collision - WARNING - Коллизия: роботы 1 и 6 в 23.30s, расстояние: 0.399, требуется: 0.500
2025-09-25 15:20:45 - ROBOTY.collision - WARNING - Коллизия: роботы 1 и 6 в 23.35s, расстояние: 0.467, требуется: 0.500
2025-09-25 15:20:45 - ROBOTY.collision - WARNING - Коллизия: роботы 6 и 9 в 29.70s, расстояние: 0.483, требуется: 0.500
2025-09-25 15:20:45 - ROBOTY.collision - WARNING - Коллизия: роботы 6 и 9 в 29.75s, расстояние: 0.380, требуется: 0.500
2025-09-25 15:20:45 - ROBOTY.collision - WARNING - Коллизия: роботы 6 и 9 в 29.80s, расстояние: 0.283, требуется: 0.500
2025-09-25 15:20:45 - ROBOTY.collision - WARNING - Коллизия: роботы 6 и 9 в 29.85s, расстояние: 0.200, требуется: 0.500
2025-09-25 15:20:45 - ROBOTY.collision - WARNING - Коллизия: роботы 6 и 9 в 29.90s, расстояние: 0.156, требуется: 0.500
2025-09-25 15:20:45 - ROBOTY.collision - WARNING - Коллизия: роботы 6 и 9 в 29.95s, расстояние: 0.182, требуется: 0.500
2025-09-25 15:20:45 - ROBOTY.collision - WARNING - Коллизия: роботы 6 и 9 в 30.00s, расстояние: 0.258, требуется: 0.500
2025-09-25 15:20:45 - ROBOTY.collision - WARNING - Коллизия: роботы 6 и 9 в 30.05s, расстояние: 0.353, требуется: 0.500
2025-09-25 15:20:45 - ROBOTY.collision - WARNING - Коллизия: роботы 6 и 9 в 30.10s, расстояние: 0.454, требуется: 0.500
2025-09-25 15:20:45 - ROBOTY.collision - WARNING - Коллизия: роботы 5 и 8 в 33.90s, расстояние: 0.460, требуется: 0.500
2025-09-25 15:20:45 - ROBOTY.collision - WARNING - Коллизия: роботы 5 и 8 в 33.95s, расстояние: 0.423, требуется: 0.500
2025-09-25 15:20:45 - ROBOTY.collision - WARNING - Коллизия: роботы 5 и 8 в 34.00s, расстояние: 0.393, требуется: 0.500
2025-09-25 15:20:45 - ROBOTY.collision - WARNING - Коллизия: роботы 5 и 8 в 34.05s, расстояние: 0.373, требуется: 0.500
2025-09-25 15:20:45 - ROBOTY.collision - WARNING - Коллизия: роботы 5 и 8 в 34.10s, расстояние: 0.364, требуется: 0.500
2025-09-25 15:20:45 - ROBOTY.collision - WARNING - Коллизия: роботы 5 и 8 в 34.15s, расстояние: 0.366, требуется: 0.500
2025-09-25 15:20:45 - ROBOTY.collision - WARNING - Коллизия: роботы 5 и 8 в 34.20s, расстояние: 0.379, требуется: 0.500
2025-09-25 15:20:45 - ROBOTY.collision - WARNING - Коллизия: роботы 5 и 8 в 34.25s, расстояние: 0.389, требуется: 0.500
2025-09-25 15:20:45 - ROBOTY.collision - WARNING - Коллизия: роботы 5 и 8 в 34.30s, расстояние: 0.398, требуется: 0.500
2025-09-25 15:20:45 - ROBOTY.collision - WARNING - Коллизия: роботы 5 и 8 в 34.35s, расстояние: 0.409, требуется: 0.500
2025-09-25 15:20:45 - ROBOTY.collision - WARNING - Коллизия: роботы 5 и 8 в 34.40s, расстояние: 0.420, требуется: 0.500
2025-09-25 15:20:45 - ROBOTY.collision - WARNING - Коллизия: роботы 5 и 8 в 34.45s, расстояние: 0.432, требуется: 0.500
2025-09-25 15:20:45 - ROBOTY.collision - WARNING - Коллизия: роботы 5 и 8 в 34.50s, расстояние: 0.445, требуется: 0.500
2025-09-25 15:20:45 - ROBOTY.collision - WARNING - Коллизия: роботы 5 и 8 в 34.55s, расстояние: 0.459, требуется: 0.500
2025-09-25 15:20:45 - ROBOTY.collision - WARNING - Коллизия: роботы 5 и 8 в 34.60s, расстояние: 0.474, требуется: 0.500
2025-09-25 15:20:45 - ROBOTY.collision - WARNING - Коллизия: роботы 5 и 8 в 34.65s, расстояние: 0.489, требуется: 0.500
2025-09-25 15:20:45 - ROBOTY.collision - WARNING - Коллизия: роботы 5 и 8 в 35.45s, расстояние: 0.499, требуется: 0.500
2025-09-25 15:20:45 - ROBOTY.collision - WARNING - Коллизия: роботы 5 и 8 в 35.50s, расстояние: 0.494, требуется: 0.500
2025-09-25 15:20:45 - ROBOTY.collision - WARNING - Коллизия: роботы 5 и 8 в 35.55s, расстояние: 0.490, требуется: 0.500
2025-09-25 15:20:45 - ROBOTY.collision - WARNING - Коллизия: роботы 5 и 8 в 35.60s, расстояние: 0.486, требуется: 0.500
2025-09-25 15:20:45 - ROBOTY.collision - WARNING - Коллизия: роботы 5 и 8 в 35.65s, расстояние: 0.483, требуется: 0.500
2025-09-25 15:20:45 - ROBOTY.collision - WARNING - Коллизия: роботы 5 и 8 в 35.70s, расстояние: 0.481, требуется: 0.500
2025-09-25 15:20:45 - ROBOTY.collision - WARNING - Коллизия: роботы 5 и 8 в 35.75s, расстояние: 0.479, требуется: 0.500
2025-09-25 15:20:45 - ROBOTY.collision - WARNING - Коллизия: роботы 5 и 8 в 35.80s, расстояние: 0.478, требуется: 0.500
2025-09-25 15:20:45 - ROBOTY.collision - WARNING - Коллизия: роботы 5 и 8 в 35.85s, расстояние: 0.480, требуется: 0.500
2025-09-25 15:20:45 - ROBOTY.collision - WARNING - Коллизия: роботы 5 и 8 в 35.90s, расстояние: 0.488, требуется: 0.500
2025-09-25 15:20:45 - ROBOTY.collision - ERROR - Обнаружено 56 коллизий
2025-09-25 15:20:45 - ROBOTY.safety - DEBUG - Добавлена пауза 0.60s роботу 4 в t=5.75s
2025-09-25 15:20:45 - ROBOTY.safety - DEBUG - Добавлена пауза 0.60s роботу 7 в t=5.75s
2025-09-25 15:20:45 - ROBOTY.safety - DEBUG - Добавлена пауза 0.60s роботу 4 в t=5.80s
2025-09-25 15:20:45 - ROBOTY.safety - DEBUG - Добавлена пауза 0.60s роботу 7 в t=5.80s
2025-09-25 15:20:45 - ROBOTY.safety - DEBUG - Добавлена пауза 0.60s роботу 4 в t=5.85s
2025-09-25 15:20:45 - ROBOTY.safety - DEBUG - Добавлена пауза 0.60s роботу 7 в t=5.85s
2025-09-25 15:20:45 - ROBOTY.safety - DEBUG - Добавлена пауза 0.60s роботу 4 в t=5.90s
2025-09-25 15:20:45 - ROBOTY.safety - DEBUG - Добавлена пауза 0.60s роботу 7 в t=5.90s
2025-09-25 15:20:45 - ROBOTY.safety - DEBUG - Добавлена пауза 0.60s роботу 4 в t=5.95s
2025-09-25 15:20:45 - ROBOTY.safety - DEBUG - Добавлена пауза 0.60s роботу 7 в t=5.95s
2025-09-25 15:20:45 - ROBOTY.safety - DEBUG - Добавлена пауза 0.60s роботу 6 в t=14.45s
2025-09-25 15:20:45 - ROBOTY.safety - DEBUG - Добавлена пауза 0.60s роботу 7 в t=14.45s
2025-09-25 15:20:45 - ROBOTY.safety - DEBUG - Добавлена пауза 0.60s роботу 6 в t=14.50s
2025-09-25 15:20:45 - ROBOTY.safety - DEBUG - Добавлена пауза 0.60s роботу 7 в t=14.50s
2025-09-25 15:20:45 - ROBOTY.safety - DEBUG - Добавлена пауза 0.60s роботу 6 в t=14.55s
2025-09-25 15:20:45 - ROBOTY.safety - DEBUG - Добавлена пауза 0.60s роботу 7 в t=14.55s
2025-09-25 15:20:45 - ROBOTY.safety - DEBUG - Добавлена пауза 0.60s роботу 6 в t=14.60s
2025-09-25 15:20:45 - ROBOTY.safety - DEBUG - Добавлена пауза 0.60s роботу 7 в t=14.60s
2025-09-25 15:20:45 - ROBOTY.safety - DEBUG - Добавлена пауза 0.60s роботу 6 в t=14.65s
2025-09-25 15:20:45 - ROBOTY.safety - DEBUG - Добавлена пауза 0.60s роботу 7 в t=14.65s
2025-09-25 15:20:45 - ROBOTY.safety - DEBUG - Добавлена пауза 0.60s роботу 6 в t=14.70s
2025-09-25 15:20:45 - ROBOTY.safety - DEBUG - Добавлена пауза 0.60s роботу 7 в t=14.70s
2025-09-25 15:20:45 - ROBOTY.safety - DEBUG - Добавлена пауза 0.60s роботу 6 в t=14.75s
2025-09-25 15:20:45 - ROBOTY.safety - DEBUG - Добавлена пауза 0.60s роботу 7 в t=14.75s
2025-09-25 15:20:45 - ROBOTY.safety - DEBUG - Добавлена пауза 0.60s роботу 1 в t=22.95s
2025-09-25 15:20:45 - ROBOTY.safety - DEBUG - Добавлена пауза 0.60s роботу 6 в t=22.95s
2025-09-25 15:20:45 - ROBOTY.safety - DEBUG - Добавлена пауза 0.60s роботу 1 в t=23.00s
2025-09-25 15:20:45 - ROBOTY.safety - DEBUG - Добавлена пауза 0.60s роботу 6 в t=23.00s
2025-09-25 15:20:45 - ROBOTY.safety - DEBUG - Добавлена пауза 0.60s роботу 1 в t=23.05s
2025-09-25 15:20:45 - ROBOTY.safety - DEBUG - Добавлена пауза 0.60s роботу 6 в t=23.05s
2025-09-25 15:20:45 - ROBOTY.safety - DEBUG - Добавлена пауза 0.60s роботу 1 в t=23.10s
2025-09-25 15:20:45 - ROBOTY.safety - DEBUG - Добавлена пауза 0.60s роботу 6 в t=23.10s
2025-09-25 15:20:45 - ROBOTY.safety - DEBUG - Добавлена пауза 0.60s роботу 1 в t=23.15s
2025-09-25 15:20:45 - ROBOTY.safety - DEBUG - Добавлена пауза 0.60s роботу 6 в t=23.15s
2025-09-25 15:20:45 - ROBOTY.safety - DEBUG - Добавлена пауза 0.60s роботу 1 в t=23.20s
2025-09-25 15:20:45 - ROBOTY.safety - DEBUG - Добавлена пауза 0.60s роботу 6 в t=23.20s
2025-09-25 15:20:45 - ROBOTY.safety - DEBUG - Добавлена пауза 0.60s роботу 1 в t=23.25s
2025-09-25 15:20:45 - ROBOTY.safety - DEBUG - Добавлена пауза 0.60s роботу 6 в t=23.25s
2025-09-25 15:20:45 - ROBOTY.safety - DEBUG - Добавлена пауза 0.60s роботу 1 в t=23.30s
2025-09-25 15:20:45 - ROBOTY.safety - DEBUG - Добавлена пауза 0.60s роботу 6 в t=23.30s
2025-09-25 15:20:45 - ROBOTY.safety - DEBUG - Добавлена пауза 0.60s роботу 1 в t=23.35s
2025-09-25 15:20:45 - ROBOTY.safety - DEBUG - Добавлена пауза 0.60s роботу 6 в t=23.35s
2025-09-25 15:20:45 - ROBOTY.safety - DEBUG - Добавлена пауза 0.60s роботу 6 в t=29.70s
2025-09-25 15:20:45 - ROBOTY.safety - DEBUG - Добавлена пауза 0.60s роботу 9 в t=29.70s
2025-09-25 15:20:45 - ROBOTY.safety - DEBUG - Добавлена пауза 0.60s роботу 6 в t=29.75s
2025-09-25 15:20:45 - ROBOTY.safety - DEBUG - Добавлена пауза 0.60s роботу 9 в t=29.75s
2025-09-25 15:20:45 - ROBOTY.safety - DEBUG - Добавлена пауза 0.60s роботу 6 в t=29.80s
2025-09-25 15:20:45 - ROBOTY.safety - DEBUG - Добавлена пауза 0.60s роботу 9 в t=29.80s
2025-09-25 15:20:45 - ROBOTY.safety - DEBUG - Добавлена пауза 0.60s роботу 6 в t=29.85s
2025-09-25 15:20:45 - ROBOTY.safety - DEBUG - Добавлена пауза 0.60s роботу 9 в t=29.85s
2025-09-25 15:20:45 - ROBOTY.safety - DEBUG - Добавлена пауза 0.60s роботу 6 в t=29.90s
2025-09-25 15:20:45 - ROBOTY.safety - DEBUG - Добавлена пауза 0.60s роботу 9 в t=29.90s
2025-09-25 15:20:45 - ROBOTY.safety - DEBUG - Добавлена пауза 0.60s роботу 6 в t=29.95s
2025-09-25 15:20:45 - ROBOTY.safety - DEBUG - Добавлена пауза 0.60s роботу 9 в t=29.95s
2025-09-25 15:20:45 - ROBOTY.safety - DEBUG - Добавлена пауза 0.60s роботу 6 в t=30.00s
2025-09-25 15:20:45 - ROBOTY.safety - DEBUG - Добавлена пауза 0.60s роботу 9 в t=30.00s
2025-09-25 15:20:45 - ROBOTY.safety - DEBUG - Добавлена пауза 0.60s роботу 6 в t=30.05s
2025-09-25 15:20:45 - ROBOTY.safety - DEBUG - Добавлена пауза 0.60s роботу 9 в t=30.05s
2025-09-25 15:20:45 - ROBOTY.safety - DEBUG - Добавлена пауза 0.60s роботу 6 в t=30.10s
2025-09-25 15:20:45 - ROBOTY.safety - DEBUG - Добавлена пауза 0.60s роботу 9 в t=30.10s
2025-09-25 15:20:45 - ROBOTY.safety - DEBUG - Добавлена пауза 0.60s роботу 5 в t=33.90s
2025-09-25 15:20:45 - ROBOTY.safety - DEBUG - Добавлена пауза 0.60s роботу 8 в t=33.90s
2025-09-25 15:20:45 - ROBOTY.safety - DEBUG - Добавлена пауза 0.60s роботу 5 в t=33.95s
2025-09-25 15:20:45 - ROBOTY.safety - DEBUG - Добавлена пауза 0.60s роботу 8 в t=33.95s
2025-09-25 15:20:45 - ROBOTY.safety - DEBUG - Добавлена пауза 0.60s роботу 5 в t=34.00s
2025-09-25 15:20:45 - ROBOTY.safety - DEBUG - Добавлена пауза 0.60s роботу 8 в t=34.00s
2025-09-25 15:20:45 - ROBOTY.safety - DEBUG - Добавлена пауза 0.60s роботу 5 в t=34.05s
2025-09-25 15:20:45 - ROBOTY.safety - DEBUG - Добавлена пауза 0.60s роботу 8 в t=34.05s
2025-09-25 15:20:45 - ROBOTY.safety - DEBUG - Добавлена пауза 0.60s роботу 5 в t=34.10s
2025-09-25 15:20:45 - ROBOTY.safety - DEBUG - Добавлена пауза 0.60s роботу 8 в t=34.10s
2025-09-25 15:20:45 - ROBOTY.safety - DEBUG - Добавлена пауза 0.60s роботу 5 в t=34.15s
2025-09-25 15:20:45 - ROBOTY.safety - DEBUG - Добавлена пауза 0.60s роботу 8 в t=34.15s
2025-09-25 15:20:45 - ROBOTY.safety - DEBUG - Добавлена пауза 0.60s роботу 5 в t=34.20s
2025-09-25 15:20:45 - ROBOTY.safety - DEBUG - Добавлена пауза 0.60s роботу 8 в t=34.20s
2025-09-25 15:20:45 - ROBOTY.safety - DEBUG - Добавлена пауза 0.60s роботу 5 в t=34.25s
2025-09-25 15:20:45 - ROBOTY.safety - DEBUG - Добавлена пауза 0.60s роботу 8 в t=34.25s
2025-09-25 15:20:45 - ROBOTY.safety - DEBUG - Добавлена пауза 0.60s роботу 5 в t=34.30s
2025-09-25 15:20:45 - ROBOTY.safety - DEBUG - Добавлена пауза 0.60s роботу 8 в t=34.30s
2025-09-25 15:20:45 - ROBOTY.safety - DEBUG - Добавлена пауза 0.60s роботу 5 в t=34.35s
2025-09-25 15:20:45 - ROBOTY.safety - DEBUG - Добавлена пауза 0.60s роботу 8 в t=34.35s
2025-09-25 15:20:45 - ROBOTY.safety - DEBUG - Добавлена пауза 0.60s роботу 5 в t=34.40s
2025-09-25 15:20:45 - ROBOTY.safety - DEBUG - Добавлена пауза 0.60s роботу 8 в t=34.40s
2025-09-25 15:20:45 - ROBOTY.safety - DEBUG - Добавлена пауза 0.60s роботу 5 в t=34.45s
2025-09-25 15:20:45 - ROBOTY.safety - DEBUG - Добавлена пауза 0.60s роботу 8 в t=34.45s
2025-09-25 15:20:45 - ROBOTY.safety - DEBUG - Добавлена пауза 0.60s роботу 5 в t=34.50s
2025-09-25 15:20:45 - ROBOTY.safety - DEBUG - Добавлена пауза 0.60s роботу 8 в t=34.50s
2025-09-25 15:20:45 - ROBOTY.safety - DEBUG - Добавлена пауза 0.60s роботу 5 в t=34.55s
2025-09-25 15:20:45 - ROBOTY.safety - DEBUG - Добавлена пауза 0.60s роботу 8 в t=34.55s
2025-09-25 15:20:45 - ROBOTY.safety - DEBUG - Добавлена пауза 0.60s роботу 5 в t=34.60s
2025-09-25 15:20:45 - ROBOTY.safety - DEBUG - Добавлена пауза 0.60s роботу 8 в t=34.60s
2025-09-25 15:20:45 - ROBOTY.safety - DEBUG - Добавлена пауза 0.60s роботу 5 в t=34.65s
2025-09-25 15:20:45 - ROBOTY.safety - DEBUG - Добавлена пауза 0.60s роботу 8 в t=34.65s
2025-09-25 15:20:45 - ROBOTY.safety - DEBUG - Добавлена пауза 0.60s роботу 5 в t=35.45s
2025-09-25 15:20:45 - ROBOTY.safety - DEBUG - Добавлена пауза 0.60s роботу 8 в t=35.45s
2025-09-25 15:20:45 - ROBOTY.safety - DEBUG - Добавлена пауза 0.60s роботу 5 в t=35.50s
2025-09-25 15:20:45 - ROBOTY.safety - DEBUG - Добавлена пауза 0.60s роботу 8 в t=35.50s
2025-09-25 15:20:45 - ROBOTY.safety - DEBUG - Добавлена пауза 0.60s роботу 5 в t=35.55s
2025-09-25 15:20:45 - ROBOTY.safety - DEBUG - Добавлена пауза 0.60s роботу 8 в t=35.55s
2025-09-25 15:20:45 - ROBOTY.safety - DEBUG - Добавлена пауза 0.60s роботу 5 в t=35.60s
2025-09-25 15:20:45 - ROBOTY.safety - DEBUG - Добавлена пауза 0.60s роботу 8 в t=35.60s
2025-09-25 15:20:45 - ROBOTY.safety - DEBUG - Добавлена пауза 0.60s роботу 5 в t=35.65s
2025-09-25 15:20:45 - ROBOTY.safety - DEBUG - Добавлена пауза 0.60s роботу 8 в t=35.65s
2025-09-25 15:20:45 - ROBOTY.safety - DEBUG - Добавлена пауза 0.60s роботу 5 в t=35.70s
2025-09-25 15:20:45 - ROBOTY.safety - DEBUG - Добавлена пауза 0.60s роботу 8 в t=35.70s
2025-09-25 15:20:45 - ROBOTY.safety - DEBUG - Добавлена пауза 0.60s роботу 5 в t=35.75s
2025-09-25 15:20:45 - ROBOTY.safety - DEBUG - Добавлена пауза 0.60s роботу 8 в t=35.75s
2025-09-25 15:20:45 - ROBOTY.safety - DEBUG - Добавлена пауза 0.60s роботу 5 в t=35.80s
2025-09-25 15:20:45 - ROBOTY.safety - DEBUG - Добавлена пауза 0.60s роботу 8 в t=35.80s
2025-09-25 15:20:45 - ROBOTY.safety - DEBUG - Добавлена пауза 0.60s роботу 5 в t=35.85s
2025-09-25 15:20:45 - ROBOTY.safety - DEBUG - Добавлена пауза 0.60s роботу 8 в t=35.85s
2025-09-25 15:20:45 - ROBOTY.safety - DEBUG - Добавлена пауза 0.60s роботу 5 в t=35.90s
2025-09-25 15:20:45 - ROBOTY.safety - DEBUG - Добавлена пауза 0.60s роботу 8 в t=35.90s
2025-09-25 15:20:45 - ROBOTY.safety - INFO - Онлайн-безопасность применена: паузы вставлены
2025-09-25 15:20:45 - ROBOTY.collision - INFO - Начинаем детальную проверку коллизий
2025-09-25 15:20:45 - ROBOTY.collision - DEBUG - Проверяем коллизии в диапазоне времени: 0.00 - 60.53
2025-09-25 15:20:45 - ROBOTY.collision - WARNING - Коллизия: роботы 4 и 7 в 5.80s, расстояние: 0.489, требуется: 0.500
2025-09-25 15:20:45 - ROBOTY.collision - WARNING - Коллизия: роботы 4 и 7 в 5.90s, расстояние: 0.489, требуется: 0.500
2025-09-25 15:20:45 - ROBOTY.collision - WARNING - Коллизия: роботы 4 и 7 в 6.00s, расстояние: 0.489, требуется: 0.500
2025-09-25 15:20:45 - ROBOTY.collision - WARNING - Коллизия: роботы 4 и 7 в 6.10s, расстояние: 0.489, требуется: 0.500
2025-09-25 15:20:45 - ROBOTY.collision - WARNING - Коллизия: роботы 4 и 7 в 6.20s, расстояние: 0.489, требуется: 0.500
2025-09-25 15:20:45 - ROBOTY.collision - WARNING - Коллизия: роботы 4 и 7 в 6.30s, расстояние: 0.489, требуется: 0.500
2025-09-25 15:20:45 - ROBOTY.collision - WARNING - Коллизия: роботы 4 и 7 в 6.40s, расстояние: 0.489, требуется: 0.500
2025-09-25 15:20:45 - ROBOTY.collision - WARNING - Коллизия: роботы 4 и 7 в 6.50s, расстояние: 0.489, требуется: 0.500
2025-09-25 15:20:45 - ROBOTY.collision - WARNING - Коллизия: роботы 4 и 7 в 6.60s, расстояние: 0.489, требуется: 0.500
2025-09-25 15:20:45 - ROBOTY.collision - WARNING - Коллизия: роботы 4 и 7 в 6.70s, расстояние: 0.489, требуется: 0.500
2025-09-25 15:20:45 - ROBOTY.collision - WARNING - Коллизия: роботы 4 и 7 в 6.80s, расстояние: 0.489, требуется: 0.500
2025-09-25 15:20:45 - ROBOTY.collision - WARNING - Коллизия: роботы 4 и 7 в 6.90s, расстояние: 0.489, требуется: 0.500
2025-09-25 15:20:45 - ROBOTY.collision - WARNING - Коллизия: роботы 4 и 7 в 7.00s, расстояние: 0.489, требуется: 0.500
2025-09-25 15:20:45 - ROBOTY.collision - WARNING - Коллизия: роботы 4 и 7 в 7.10s, расстояние: 0.489, требуется: 0.500
2025-09-25 15:20:45 - ROBOTY.collision - WARNING - Коллизия: роботы 4 и 7 в 7.20s, расстояние: 0.489, требуется: 0.500
2025-09-25 15:20:45 - ROBOTY.collision - WARNING - Коллизия: роботы 4 и 7 в 7.30s, расстояние: 0.489, требуется: 0.500
2025-09-25 15:20:45 - ROBOTY.collision - WARNING - Коллизия: роботы 4 и 7 в 7.40s, расстояние: 0.489, требуется: 0.500
2025-09-25 15:20:45 - ROBOTY.collision - WARNING - Коллизия: роботы 4 и 7 в 7.50s, расстояние: 0.489, требуется: 0.500
2025-09-25 15:20:45 - ROBOTY.collision - WARNING - Коллизия: роботы 4 и 7 в 7.60s, расстояние: 0.489, требуется: 0.500
2025-09-25 15:20:45 - ROBOTY.collision - WARNING - Коллизия: роботы 4 и 7 в 7.70s, расстояние: 0.489, требуется: 0.500
2025-09-25 15:20:45 - ROBOTY.collision - WARNING - Коллизия: роботы 4 и 7 в 7.80s, расстояние: 0.489, требуется: 0.500
2025-09-25 15:20:45 - ROBOTY.collision - WARNING - Коллизия: роботы 4 и 7 в 7.90s, расстояние: 0.489, требуется: 0.500
2025-09-25 15:20:45 - ROBOTY.collision - WARNING - Коллизия: роботы 4 и 7 в 8.00s, расстояние: 0.489, требуется: 0.500
2025-09-25 15:20:45 - ROBOTY.collision - WARNING - Коллизия: роботы 4 и 7 в 8.10s, расстояние: 0.489, требуется: 0.500
2025-09-25 15:20:45 - ROBOTY.collision - WARNING - Коллизия: роботы 4 и 7 в 8.20s, расстояние: 0.489, требуется: 0.500
2025-09-25 15:20:45 - ROBOTY.collision - WARNING - Коллизия: роботы 4 и 7 в 8.30s, расстояние: 0.489, требуется: 0.500
2025-09-25 15:20:45 - ROBOTY.collision - WARNING - Коллизия: роботы 4 и 7 в 8.40s, расстояние: 0.489, требуется: 0.500
2025-09-25 15:20:45 - ROBOTY.collision - WARNING - Коллизия: роботы 4 и 7 в 8.50s, расстояние: 0.489, требуется: 0.500
2025-09-25 15:20:45 - ROBOTY.collision - WARNING - Коллизия: роботы 4 и 7 в 8.60s, расстояние: 0.489, требуется: 0.500
2025-09-25 15:20:45 - ROBOTY.collision - WARNING - Коллизия: роботы 4 и 7 в 8.70s, расстояние: 0.489, требуется: 0.500
2025-09-25 15:20:45 - ROBOTY.collision - WARNING - Коллизия: роботы 4 и 7 в 8.80s, расстояние: 0.464, требуется: 0.500
2025-09-25 15:20:45 - ROBOTY.collision - WARNING - Коллизия: роботы 4 и 7 в 8.90s, расстояние: 0.469, требуется: 0.500
2025-09-25 15:20:45 - ROBOTY.collision - WARNING - Коллизия: роботы 6 и 7 в 20.50s, расстояние: 0.466, требуется: 0.500
2025-09-25 15:20:45 - ROBOTY.collision - WARNING - Коллизия: роботы 5 и 8 в 33.90s, расстояние: 0.460, требуется: 0.500
2025-09-25 15:20:45 - ROBOTY.collision - WARNING - Коллизия: роботы 5 и 8 в 34.00s, расстояние: 0.460, требуется: 0.500
2025-09-25 15:20:45 - ROBOTY.collision - WARNING - Коллизия: роботы 5 и 8 в 34.10s, расстояние: 0.460, требуется: 0.500
2025-09-25 15:20:45 - ROBOTY.collision - WARNING - Коллизия: роботы 5 и 8 в 34.20s, расстояние: 0.460, требуется: 0.500
2025-09-25 15:20:45 - ROBOTY.collision - WARNING - Коллизия: роботы 5 и 8 в 34.30s, расстояние: 0.460, требуется: 0.500
2025-09-25 15:20:45 - ROBOTY.collision - WARNING - Коллизия: роботы 5 и 8 в 34.40s, расстояние: 0.460, требуется: 0.500
2025-09-25 15:20:45 - ROBOTY.collision - WARNING - Коллизия: роботы 5 и 8 в 34.50s, расстояние: 0.460, требуется: 0.500
2025-09-25 15:20:45 - ROBOTY.collision - WARNING - Коллизия: роботы 5 и 8 в 34.60s, расстояние: 0.460, требуется: 0.500
2025-09-25 15:20:45 - ROBOTY.collision - WARNING - Коллизия: роботы 5 и 8 в 34.70s, расстояние: 0.460, требуется: 0.500
2025-09-25 15:20:45 - ROBOTY.collision - WARNING - Коллизия: роботы 5 и 8 в 34.80s, расстояние: 0.460, требуется: 0.500
2025-09-25 15:20:45 - ROBOTY.collision - WARNING - Коллизия: роботы 5 и 8 в 34.90s, расстояние: 0.460, требуется: 0.500
2025-09-25 15:20:45 - ROBOTY.collision - WARNING - Коллизия: роботы 5 и 8 в 35.00s, расстояние: 0.460, требуется: 0.500
2025-09-25 15:20:45 - ROBOTY.collision - WARNING - Коллизия: роботы 5 и 8 в 35.10s, расстояние: 0.460, требуется: 0.500
2025-09-25 15:20:45 - ROBOTY.collision - WARNING - Коллизия: роботы 5 и 8 в 35.20s, расстояние: 0.460, требуется: 0.500
2025-09-25 15:20:45 - ROBOTY.collision - WARNING - Коллизия: роботы 5 и 8 в 35.30s, расстояние: 0.460, требуется: 0.500
2025-09-25 15:20:45 - ROBOTY.collision - WARNING - Коллизия: роботы 5 и 8 в 35.40s, расстояние: 0.460, требуется: 0.500
2025-09-25 15:20:45 - ROBOTY.collision - WARNING - Коллизия: роботы 5 и 8 в 35.50s, расстояние: 0.460, требуется: 0.500
2025-09-25 15:20:45 - ROBOTY.collision - WARNING - Коллизия: роботы 5 и 8 в 35.60s, расстояние: 0.460, требуется: 0.500
2025-09-25 15:20:45 - ROBOTY.collision - WARNING - Коллизия: роботы 5 и 8 в 35.70s, расстояние: 0.460, требуется: 0.500
2025-09-25 15:20:45 - ROBOTY.collision - WARNING - Коллизия: роботы 5 и 8 в 35.80s, расстояние: 0.460, требуется: 0.500
2025-09-25 15:20:45 - ROBOTY.collision - WARNING - Коллизия: роботы 1 и 6 в 35.90s, расстояние: 0.454, требуется: 0.500
2025-09-25 15:20:45 - ROBOTY.collision - WARNING - Коллизия: роботы 5 и 8 в 35.90s, расстояние: 0.460, требуется: 0.500
2025-09-25 15:20:45 - ROBOTY.collision - WARNING - Коллизия: роботы 1 и 6 в 36.00s, расстояние: 0.428, требуется: 0.500
2025-09-25 15:20:45 - ROBOTY.collision - WARNING - Коллизия: роботы 5 и 8 в 36.00s, расстояние: 0.460, требуется: 0.500
2025-09-25 15:20:45 - ROBOTY.collision - WARNING - Коллизия: роботы 1 и 6 в 36.10s, расстояние: 0.430, требуется: 0.500
2025-09-25 15:20:45 - ROBOTY.collision - WARNING - Коллизия: роботы 5 и 8 в 36.10s, расстояние: 0.460, требуется: 0.500
2025-09-25 15:20:45 - ROBOTY.collision - WARNING - Коллизия: роботы 1 и 6 в 36.20s, расстояние: 0.456, требуется: 0.500
2025-09-25 15:20:45 - ROBOTY.collision - WARNING - Коллизия: роботы 5 и 8 в 36.20s, расстояние: 0.460, требуется: 0.500
2025-09-25 15:20:45 - ROBOTY.collision - WARNING - Коллизия: роботы 1 и 6 в 36.30s, расстояние: 0.491, требуется: 0.500
2025-09-25 15:20:45 - ROBOTY.collision - WARNING - Коллизия: роботы 5 и 8 в 36.30s, расстояние: 0.460, требуется: 0.500
2025-09-25 15:20:45 - ROBOTY.collision - WARNING - Коллизия: роботы 5 и 8 в 36.40s, расстояние: 0.460, требуется: 0.500
2025-09-25 15:20:45 - ROBOTY.collision - WARNING - Коллизия: роботы 5 и 8 в 36.50s, расстояние: 0.460, требуется: 0.500
2025-09-25 15:20:45 - ROBOTY.collision - WARNING - Коллизия: роботы 5 и 8 в 36.60s, расстояние: 0.460, требуется: 0.500
2025-09-25 15:20:45 - ROBOTY.collision - WARNING - Коллизия: роботы 5 и 8 в 36.70s, расстояние: 0.460, требуется: 0.500
2025-09-25 15:20:45 - ROBOTY.collision - WARNING - Коллизия: роботы 5 и 8 в 36.80s, расстояние: 0.460, требуется: 0.500
2025-09-25 15:20:45 - ROBOTY.collision - WARNING - Коллизия: роботы 5 и 8 в 36.90s, расстояние: 0.460, требуется: 0.500
2025-09-25 15:20:45 - ROBOTY.collision - WARNING - Коллизия: роботы 5 и 8 в 37.00s, расстояние: 0.460, требуется: 0.500
2025-09-25 15:20:45 - ROBOTY.collision - WARNING - Коллизия: роботы 5 и 8 в 37.10s, расстояние: 0.460, требуется: 0.500
2025-09-25 15:20:45 - ROBOTY.collision - WARNING - Коллизия: роботы 5 и 8 в 37.20s, расстояние: 0.460, требуется: 0.500
2025-09-25 15:20:45 - ROBOTY.collision - WARNING - Коллизия: роботы 5 и 8 в 37.30s, расстояние: 0.460, требуется: 0.500
2025-09-25 15:20:45 - ROBOTY.collision - WARNING - Коллизия: роботы 5 и 8 в 37.40s, расстояние: 0.460, требуется: 0.500
2025-09-25 15:20:45 - ROBOTY.collision - WARNING - Коллизия: роботы 5 и 8 в 37.50s, расстояние: 0.460, требуется: 0.500
2025-09-25 15:20:45 - ROBOTY.collision - WARNING - Коллизия: роботы 5 и 8 в 37.60s, расстояние: 0.460, требуется: 0.500
2025-09-25 15:20:45 - ROBOTY.collision - WARNING - Коллизия: роботы 5 и 8 в 37.70s, расстояние: 0.460, требуется: 0.500
2025-09-25 15:20:45 - ROBOTY.collision - WARNING - Коллизия: роботы 5 и 8 в 37.80s, расстояние: 0.460, требуется: 0.500
2025-09-25 15:20:45 - ROBOTY.collision - WARNING - Коллизия: роботы 5 и 8 в 37.90s, расстояние: 0.460, требуется: 0.500
2025-09-25 15:20:45 - ROBOTY.collision - WARNING - Коллизия: роботы 5 и 8 в 38.00s, расстояние: 0.460, требуется: 0.500
2025-09-25 15:20:45 - ROBOTY.collision - WARNING - Коллизия: роботы 5 и 8 в 38.10s, расстояние: 0.460, требуется: 0.500
2025-09-25 15:20:45 - ROBOTY.collision - WARNING - Коллизия: роботы 5 и 8 в 38.20s, расстояние: 0.460, требуется: 0.500
2025-09-25 15:20:45 - ROBOTY.collision - WARNING - Коллизия: роботы 5 и 8 в 38.30s, расстояние: 0.460, требуется: 0.500
2025-09-25 15:20:45 - ROBOTY.collision - WARNING - Коллизия: роботы 5 и 8 в 38.40s, расстояние: 0.460, требуется: 0.500
2025-09-25 15:20:45 - ROBOTY.collision - WARNING - Коллизия: роботы 5 и 8 в 38.50s, расстояние: 0.460, требуется: 0.500
2025-09-25 15:20:45 - ROBOTY.collision - WARNING - Коллизия: роботы 5 и 8 в 38.60s, расстояние: 0.460, требуется: 0.500
2025-09-25 15:20:45 - ROBOTY.collision - WARNING - Коллизия: роботы 5 и 8 в 38.70s, расстояние: 0.460, требуется: 0.500
2025-09-25 15:20:45 - ROBOTY.collision - WARNING - Коллизия: роботы 5 и 8 в 38.80s, расстояние: 0.460, требуется: 0.500
2025-09-25 15:20:45 - ROBOTY.collision - WARNING - Коллизия: роботы 5 и 8 в 38.90s, расстояние: 0.460, требуется: 0.500
2025-09-25 15:20:45 - ROBOTY.collision - WARNING - Коллизия: роботы 5 и 8 в 39.00s, расстояние: 0.460, требуется: 0.500
2025-09-25 15:20:45 - ROBOTY.collision - WARNING - Коллизия: роботы 5 и 8 в 39.10s, расстояние: 0.460, требуется: 0.500
2025-09-25 15:20:45 - ROBOTY.collision - WARNING - Коллизия: роботы 5 и 8 в 39.20s, расстояние: 0.460, требуется: 0.500
2025-09-25 15:20:45 - ROBOTY.collision - WARNING - Коллизия: роботы 5 и 8 в 39.30s, расстояние: 0.460, требуется: 0.500
2025-09-25 15:20:45 - ROBOTY.collision - WARNING - Коллизия: роботы 5 и 8 в 39.40s, расстояние: 0.460, требуется: 0.500
2025-09-25 15:20:45 - ROBOTY.collision - WARNING - Коллизия: роботы 5 и 8 в 39.50s, расстояние: 0.460, требуется: 0.500
2025-09-25 15:20:45 - ROBOTY.collision - WARNING - Коллизия: роботы 5 и 8 в 39.60s, расстояние: 0.460, требуется: 0.500
2025-09-25 15:20:45 - ROBOTY.collision - WARNING - Коллизия: роботы 5 и 8 в 39.70s, расстояние: 0.460, требуется: 0.500
2025-09-25 15:20:45 - ROBOTY.collision - WARNING - Коллизия: роботы 5 и 8 в 39.80s, расстояние: 0.460, требуется: 0.500
2025-09-25 15:20:45 - ROBOTY.collision - WARNING - Коллизия: роботы 5 и 8 в 39.90s, расстояние: 0.460, требуется: 0.500
2025-09-25 15:20:45 - ROBOTY.collision - WARNING - Коллизия: роботы 5 и 8 в 40.00s, расстояние: 0.460, требуется: 0.500
2025-09-25 15:20:45 - ROBOTY.collision - WARNING - Коллизия: роботы 5 и 8 в 40.10s, расстояние: 0.460, требуется: 0.500
2025-09-25 15:20:45 - ROBOTY.collision - WARNING - Коллизия: роботы 5 и 8 в 40.20s, расстояние: 0.460, требуется: 0.500
2025-09-25 15:20:45 - ROBOTY.collision - WARNING - Коллизия: роботы 5 и 8 в 40.30s, расстояние: 0.460, требуется: 0.500
2025-09-25 15:20:45 - ROBOTY.collision - WARNING - Коллизия: роботы 5 и 8 в 40.40s, расстояние: 0.460, требуется: 0.500
2025-09-25 15:20:45 - ROBOTY.collision - WARNING - Коллизия: роботы 5 и 8 в 40.50s, расстояние: 0.460, требуется: 0.500
2025-09-25 15:20:45 - ROBOTY.collision - WARNING - Коллизия: роботы 5 и 8 в 40.60s, расстояние: 0.460, требуется: 0.500
2025-09-25 15:20:45 - ROBOTY.collision - WARNING - Коллизия: роботы 5 и 8 в 40.70s, расстояние: 0.460, требуется: 0.500
2025-09-25 15:20:45 - ROBOTY.collision - WARNING - Коллизия: роботы 5 и 8 в 40.80s, расстояние: 0.460, требуется: 0.500
2025-09-25 15:20:45 - ROBOTY.collision - WARNING - Коллизия: роботы 5 и 8 в 40.90s, расстояние: 0.460, требуется: 0.500
2025-09-25 15:20:45 - ROBOTY.collision - WARNING - Коллизия: роботы 5 и 8 в 41.00s, расстояние: 0.460, требуется: 0.500
2025-09-25 15:20:45 - ROBOTY.collision - WARNING - Коллизия: роботы 5 и 8 в 41.10s, расстояние: 0.460, требуется: 0.500
2025-09-25 15:20:45 - ROBOTY.collision - WARNING - Коллизия: роботы 5 и 8 в 41.20s, расстояние: 0.460, требуется: 0.500
2025-09-25 15:20:45 - ROBOTY.collision - WARNING - Коллизия: роботы 5 и 8 в 41.30s, расстояние: 0.460, требуется: 0.500
2025-09-25 15:20:45 - ROBOTY.collision - WARNING - Коллизия: роботы 5 и 8 в 41.40s, расстояние: 0.460, требуется: 0.500
2025-09-25 15:20:45 - ROBOTY.collision - WARNING - Коллизия: роботы 5 и 8 в 41.50s, расстояние: 0.460, требуется: 0.500
2025-09-25 15:20:45 - ROBOTY.collision - WARNING - Коллизия: роботы 5 и 8 в 41.60s, расстояние: 0.460, требуется: 0.500
2025-09-25 15:20:45 - ROBOTY.collision - WARNING - Коллизия: роботы 5 и 8 в 41.70s, расстояние: 0.460, требуется: 0.500
2025-09-25 15:20:45 - ROBOTY.collision - WARNING - Коллизия: роботы 5 и 8 в 41.80s, расстояние: 0.460, требуется: 0.500
2025-09-25 15:20:45 - ROBOTY.collision - WARNING - Коллизия: роботы 5 и 8 в 41.90s, расстояние: 0.460, требуется: 0.500
2025-09-25 15:20:45 - ROBOTY.collision - WARNING - Коллизия: роботы 5 и 8 в 42.00s, расстояние: 0.460, требуется: 0.500
2025-09-25 15:20:45 - ROBOTY.collision - WARNING - Коллизия: роботы 5 и 8 в 42.10s, расстояние: 0.460, требуется: 0.500
2025-09-25 15:20:45 - ROBOTY.collision - WARNING - Коллизия: роботы 5 и 8 в 42.20s, расстояние: 0.460, требуется: 0.500
2025-09-25 15:20:45 - ROBOTY.collision - WARNING - Коллизия: роботы 5 и 8 в 42.30s, расстояние: 0.460, требуется: 0.500
2025-09-25 15:20:45 - ROBOTY.collision - WARNING - Коллизия: роботы 5 и 8 в 42.40s, расстояние: 0.460, требуется: 0.500
2025-09-25 15:20:45 - ROBOTY.collision - WARNING - Коллизия: роботы 5 и 8 в 42.50s, расстояние: 0.460, требуется: 0.500
2025-09-25 15:20:45 - ROBOTY.collision - WARNING - Коллизия: роботы 5 и 8 в 42.60s, расстояние: 0.460, требуется: 0.500
2025-09-25 15:20:45 - ROBOTY.collision - WARNING - Коллизия: роботы 5 и 8 в 42.70s, расстояние: 0.460, требуется: 0.500
2025-09-25 15:20:45 - ROBOTY.collision - WARNING - Коллизия: роботы 5 и 8 в 42.80s, расстояние: 0.460, требуется: 0.500
2025-09-25 15:20:45 - ROBOTY.collision - WARNING - Коллизия: роботы 5 и 8 в 42.90s, расстояние: 0.460, требуется: 0.500
2025-09-25 15:20:45 - ROBOTY.collision - WARNING - Коллизия: роботы 5 и 8 в 43.00s, расстояние: 0.460, требуется: 0.500
2025-09-25 15:20:45 - ROBOTY.collision - WARNING - Коллизия: роботы 5 и 8 в 43.10s, расстояние: 0.460, требуется: 0.500
2025-09-25 15:20:45 - ROBOTY.collision - WARNING - Коллизия: роботы 5 и 8 в 43.20s, расстояние: 0.460, требуется: 0.500
2025-09-25 15:20:45 - ROBOTY.collision - WARNING - Коллизия: роботы 5 и 8 в 43.30s, расстояние: 0.460, требуется: 0.500
2025-09-25 15:20:45 - ROBOTY.collision - WARNING - Коллизия: роботы 5 и 8 в 43.40s, расстояние: 0.460, требуется: 0.500
2025-09-25 15:20:45 - ROBOTY.collision - WARNING - Коллизия: роботы 5 и 8 в 43.50s, расстояние: 0.460, требуется: 0.500
2025-09-25 15:20:45 - ROBOTY.collision - WARNING - Коллизия: роботы 5 и 8 в 43.60s, расстояние: 0.460, требуется: 0.500
2025-09-25 15:20:45 - ROBOTY.collision - WARNING - Коллизия: роботы 5 и 8 в 43.70s, расстояние: 0.460, требуется: 0.500
2025-09-25 15:20:45 - ROBOTY.collision - WARNING - Коллизия: роботы 5 и 8 в 43.80s, расстояние: 0.460, требуется: 0.500
2025-09-25 15:20:45 - ROBOTY.collision - WARNING - Коллизия: роботы 5 и 8 в 43.90s, расстояние: 0.460, требуется: 0.500
2025-09-25 15:20:45 - ROBOTY.collision - WARNING - Коллизия: роботы 5 и 8 в 44.00s, расстояние: 0.460, требуется: 0.500
2025-09-25 15:20:45 - ROBOTY.collision - WARNING - Коллизия: роботы 5 и 8 в 44.10s, расстояние: 0.460, требуется: 0.500
2025-09-25 15:20:45 - ROBOTY.collision - WARNING - Коллизия: роботы 5 и 8 в 44.20s, расстояние: 0.460, требуется: 0.500
2025-09-25 15:20:45 - ROBOTY.collision - WARNING - Коллизия: роботы 5 и 8 в 44.30s, расстояние: 0.460, требуется: 0.500
2025-09-25 15:20:45 - ROBOTY.collision - WARNING - Коллизия: роботы 5 и 8 в 44.40s, расстояние: 0.460, требуется: 0.500
2025-09-25 15:20:45 - ROBOTY.collision - WARNING - Коллизия: роботы 5 и 8 в 44.50s, расстояние: 0.460, требуется: 0.500
2025-09-25 15:20:45 - ROBOTY.collision - WARNING - Коллизия: роботы 5 и 8 в 44.60s, расстояние: 0.460, требуется: 0.500
2025-09-25 15:20:45 - ROBOTY.collision - WARNING - Коллизия: роботы 5 и 8 в 44.70s, расстояние: 0.460, требуется: 0.500
2025-09-25 15:20:45 - ROBOTY.collision - WARNING - Коллизия: роботы 5 и 8 в 44.80s, расстояние: 0.460, требуется: 0.500
2025-09-25 15:20:45 - ROBOTY.collision - WARNING - Коллизия: роботы 5 и 8 в 44.90s, расстояние: 0.460, требуется: 0.500
2025-09-25 15:20:45 - ROBOTY.collision - WARNING - Коллизия: роботы 5 и 8 в 45.00s, расстояние: 0.460, требуется: 0.500
2025-09-25 15:20:45 - ROBOTY.collision - WARNING - Коллизия: роботы 5 и 8 в 45.10s, расстояние: 0.460, требуется: 0.500
2025-09-25 15:20:45 - ROBOTY.collision - WARNING - Коллизия: роботы 5 и 8 в 45.20s, расстояние: 0.460, требуется: 0.500
2025-09-25 15:20:45 - ROBOTY.collision - WARNING - Коллизия: роботы 5 и 8 в 45.30s, расстояние: 0.460, требуется: 0.500
2025-09-25 15:20:45 - ROBOTY.collision - WARNING - Коллизия: роботы 5 и 8 в 45.40s, расстояние: 0.460, требуется: 0.500
2025-09-25 15:20:45 - ROBOTY.collision - WARNING - Коллизия: роботы 5 и 8 в 45.50s, расстояние: 0.460, требуется: 0.500
2025-09-25 15:20:45 - ROBOTY.collision - WARNING - Коллизия: роботы 5 и 8 в 45.60s, расстояние: 0.460, требуется: 0.500
2025-09-25 15:20:45 - ROBOTY.collision - WARNING - Коллизия: роботы 5 и 8 в 45.70s, расстояние: 0.460, требуется: 0.500
2025-09-25 15:20:45 - ROBOTY.collision - WARNING - Коллизия: роботы 5 и 8 в 45.80s, расстояние: 0.460, требуется: 0.500
2025-09-25 15:20:45 - ROBOTY.collision - WARNING - Коллизия: роботы 5 и 8 в 45.90s, расстояние: 0.460, требуется: 0.500
2025-09-25 15:20:45 - ROBOTY.collision - WARNING - Коллизия: роботы 5 и 8 в 46.00s, расстояние: 0.460, требуется: 0.500
2025-09-25 15:20:45 - ROBOTY.collision - WARNING - Коллизия: роботы 5 и 8 в 46.10s, расстояние: 0.460, требуется: 0.500
2025-09-25 15:20:45 - ROBOTY.collision - WARNING - Коллизия: роботы 5 и 8 в 46.20s, расстояние: 0.460, требуется: 0.500
2025-09-25 15:20:45 - ROBOTY.collision - WARNING - Коллизия: роботы 5 и 8 в 46.30s, расстояние: 0.460, требуется: 0.500
2025-09-25 15:20:45 - ROBOTY.collision - WARNING - Коллизия: роботы 5 и 8 в 46.40s, расстояние: 0.460, требуется: 0.500
2025-09-25 15:20:45 - ROBOTY.collision - WARNING - Коллизия: роботы 5 и 8 в 46.50s, расстояние: 0.460, требуется: 0.500
2025-09-25 15:20:45 - ROBOTY.collision - WARNING - Коллизия: роботы 5 и 8 в 46.60s, расстояние: 0.460, требуется: 0.500
2025-09-25 15:20:45 - ROBOTY.collision - WARNING - Коллизия: роботы 5 и 8 в 46.70s, расстояние: 0.460, требуется: 0.500
2025-09-25 15:20:45 - ROBOTY.collision - WARNING - Коллизия: роботы 5 и 8 в 46.80s, расстояние: 0.460, требуется: 0.500
2025-09-25 15:20:45 - ROBOTY.collision - WARNING - Коллизия: роботы 5 и 8 в 46.90s, расстояние: 0.460, требуется: 0.500
2025-09-25 15:20:45 - ROBOTY.collision - WARNING - Коллизия: роботы 5 и 8 в 47.00s, расстояние: 0.460, требуется: 0.500
2025-09-25 15:20:45 - ROBOTY.collision - WARNING - Коллизия: роботы 5 и 8 в 47.10s, расстояние: 0.460, требуется: 0.500
2025-09-25 15:20:45 - ROBOTY.collision - WARNING - Коллизия: роботы 5 и 8 в 47.20s, расстояние: 0.460, требуется: 0.500
2025-09-25 15:20:45 - ROBOTY.collision - WARNING - Коллизия: роботы 5 и 8 в 47.30s, расстояние: 0.460, требуется: 0.500
2025-09-25 15:20:45 - ROBOTY.collision - WARNING - Коллизия: роботы 5 и 8 в 47.40s, расстояние: 0.460, требуется: 0.500
2025-09-25 15:20:45 - ROBOTY.collision - WARNING - Коллизия: роботы 5 и 8 в 47.50s, расстояние: 0.460, требуется: 0.500
2025-09-25 15:20:45 - ROBOTY.collision - WARNING - Коллизия: роботы 5 и 8 в 47.60s, расстояние: 0.460, требуется: 0.500
2025-09-25 15:20:45 - ROBOTY.collision - WARNING - Коллизия: роботы 5 и 8 в 47.70s, расстояние: 0.460, требуется: 0.500
2025-09-25 15:20:45 - ROBOTY.collision - WARNING - Коллизия: роботы 5 и 8 в 47.80s, расстояние: 0.460, требуется: 0.500
2025-09-25 15:20:45 - ROBOTY.collision - WARNING - Коллизия: роботы 5 и 8 в 47.90s, расстояние: 0.460, требуется: 0.500
2025-09-25 15:20:45 - ROBOTY.collision - WARNING - Коллизия: роботы 5 и 8 в 48.00s, расстояние: 0.460, требуется: 0.500
2025-09-25 15:20:45 - ROBOTY.collision - WARNING - Коллизия: роботы 5 и 8 в 48.10s, расстояние: 0.460, требуется: 0.500
2025-09-25 15:20:45 - ROBOTY.collision - WARNING - Коллизия: роботы 5 и 8 в 48.20s, расстояние: 0.460, требуется: 0.500
2025-09-25 15:20:45 - ROBOTY.collision - WARNING - Коллизия: роботы 5 и 8 в 48.30s, расстояние: 0.460, требуется: 0.500
2025-09-25 15:20:45 - ROBOTY.collision - WARNING - Коллизия: роботы 5 и 8 в 48.40s, расстояние: 0.460, требуется: 0.500
2025-09-25 15:20:45 - ROBOTY.collision - WARNING - Коллизия: роботы 5 и 8 в 48.50s, расстояние: 0.460, требуется: 0.500
2025-09-25 15:20:45 - ROBOTY.collision - WARNING - Коллизия: роботы 5 и 8 в 48.60s, расстояние: 0.460, требуется: 0.500
2025-09-25 15:20:45 - ROBOTY.collision - WARNING - Коллизия: роботы 5 и 8 в 48.70s, расстояние: 0.460, требуется: 0.500
2025-09-25 15:20:45 - ROBOTY.collision - WARNING - Коллизия: роботы 5 и 8 в 48.80s, расстояние: 0.460, требуется: 0.500
2025-09-25 15:20:45 - ROBOTY.collision - WARNING - Коллизия: роботы 5 и 8 в 48.90s, расстояние: 0.460, требуется: 0.500
2025-09-25 15:20:45 - ROBOTY.collision - WARNING - Коллизия: роботы 5 и 8 в 49.00s, расстояние: 0.460, требуется: 0.500
2025-09-25 15:20:45 - ROBOTY.collision - WARNING - Коллизия: роботы 5 и 8 в 49.10s, расстояние: 0.460, требуется: 0.500
2025-09-25 15:20:45 - ROBOTY.collision - WARNING - Коллизия: роботы 5 и 8 в 49.20s, расстояние: 0.460, требуется: 0.500
2025-09-25 15:20:45 - ROBOTY.collision - WARNING - Коллизия: роботы 5 и 8 в 49.30s, расстояние: 0.460, требуется: 0.500
2025-09-25 15:20:45 - ROBOTY.collision - WARNING - Коллизия: роботы 5 и 8 в 49.40s, расстояние: 0.460, требуется: 0.500
2025-09-25 15:20:45 - ROBOTY.collision - WARNING - Коллизия: роботы 5 и 8 в 49.50s, расстояние: 0.460, требуется: 0.500
2025-09-25 15:20:45 - ROBOTY.collision - WARNING - Коллизия: роботы 5 и 8 в 49.60s, расстояние: 0.393, требуется: 0.500
2025-09-25 15:20:45 - ROBOTY.collision - WARNING - Коллизия: роботы 5 и 8 в 49.70s, расстояние: 0.364, требуется: 0.500
2025-09-25 15:20:45 - ROBOTY.collision - WARNING - Коллизия: роботы 5 и 8 в 49.80s, расстояние: 0.379, требуется: 0.500
2025-09-25 15:20:45 - ROBOTY.collision - WARNING - Коллизия: роботы 5 и 8 в 49.90s, расстояние: 0.398, требуется: 0.500
2025-09-25 15:20:45 - ROBOTY.collision - WARNING - Коллизия: роботы 5 и 8 в 50.00s, расстояние: 0.420, требуется: 0.500
2025-09-25 15:20:45 - ROBOTY.collision - WARNING - Коллизия: роботы 5 и 8 в 50.10s, расстояние: 0.445, требуется: 0.500
2025-09-25 15:20:45 - ROBOTY.collision - WARNING - Коллизия: роботы 5 и 8 в 50.20s, расстояние: 0.474, требуется: 0.500
2025-09-25 15:20:45 - ROBOTY.collision - WARNING - Коллизия: роботы 5 и 8 в 51.10s, расстояние: 0.494, требуется: 0.500
2025-09-25 15:20:45 - ROBOTY.collision - WARNING - Коллизия: роботы 5 и 8 в 51.20s, расстояние: 0.486, требуется: 0.500
2025-09-25 15:20:45 - ROBOTY.collision - WARNING - Коллизия: роботы 5 и 8 в 51.30s, расстояние: 0.481, требуется: 0.500
2025-09-25 15:20:45 - ROBOTY.collision - WARNING - Коллизия: роботы 5 и 8 в 51.40s, расстояние: 0.478, требуется: 0.500
2025-09-25 15:20:45 - ROBOTY.collision - WARNING - Коллизия: роботы 5 и 8 в 51.50s, расстояние: 0.488, требуется: 0.500
2025-09-25 15:20:45 - ROBOTY.collision - ERROR - Обнаружено 207 коллизий
2025-09-25 15:20:45 - ROBOTY.main - WARNING - Коллизии сохраняются после вставки пауз
2025-09-25 15:20:53 - ROBOTY.main - INFO - Открытие визуализатора
2025-09-25 15:20:53 - ROBOTY.main - INFO - Визуализация успешно завершена
2025-09-25 15:20:53 - ROBOTY.visualizer - INFO - Запуск визуализации типа: 3d_anim
2025-09-25 15:20:53 - ROBOTY.visualizer - INFO - Создание 3D анимации траекторий
2025-09-25 15:20:53 - ROBOTY.visualizer - INFO - Создание 3D визуализации траекторий
2025-09-25 15:20:53 - ROBOTY.visualizer - INFO - 3D визуализация создана
2025-09-25 15:20:58 - ROBOTY.visualizer - INFO - Визуализация показана без сохранения файла
2025-09-25 15:20:58 - ROBOTY.main - INFO - Визуализация успешно завершена (в фоне)
