2025-09-24 16:24:06 - ROBOTY.main - INFO - Запуск приложения ROBOTY
2025-09-24 16:24:06 - ROBOTY.main - INFO - Применена тема: light
2025-09-24 16:24:06 - ROBOTY.main - INFO - Интерфейс инициализирован
2025-09-24 16:24:07 - ROBOTY.main - INFO - Приложение успешно запущено
2025-09-24 16:24:15 - ROBOTY.main - INFO - Создан входной файл: C:\Users\79518\.cursor\ROBOTY\data\input_20250924_162411.json
2025-09-24 16:24:15 - ROBOTY.parser - INFO - Начинаем загрузку файла: C:\Users\79518\.cursor\ROBOTY\data\input_20250924_162411.json
2025-09-24 16:24:15 - ROBOTY.parser - INFO - Файл C:\Users\79518\.cursor\ROBOTY\data\input_20250924_162411.json успешно загружен
2025-09-24 16:24:15 - ROBOTY.parser - DEBUG - Робот 1 успешно загружен
2025-09-24 16:24:15 - ROBOTY.parser - DEBUG - Робот 2 успешно загружен
2025-09-24 16:24:15 - ROBOTY.parser - DEBUG - Робот 3 успешно загружен
2025-09-24 16:24:15 - ROBOTY.parser - DEBUG - Робот 4 успешно загружен
2025-09-24 16:24:15 - ROBOTY.parser - DEBUG - Операция 1 успешно загружена
2025-09-24 16:24:15 - ROBOTY.parser - DEBUG - Операция 2 успешно загружена
2025-09-24 16:24:15 - ROBOTY.parser - DEBUG - Операция 3 успешно загружена
2025-09-24 16:24:15 - ROBOTY.parser - DEBUG - Операция 4 успешно загружена
2025-09-24 16:24:15 - ROBOTY.parser - DEBUG - Операция 5 успешно загружена
2025-09-24 16:24:15 - ROBOTY.parser - DEBUG - Операция 6 успешно загружена
2025-09-24 16:24:15 - ROBOTY.parser - DEBUG - Операция 7 успешно загружена
2025-09-24 16:24:15 - ROBOTY.parser - DEBUG - Операция 8 успешно загружена
2025-09-24 16:24:15 - ROBOTY.parser - DEBUG - Операция 9 успешно загружена
2025-09-24 16:24:15 - ROBOTY.parser - DEBUG - Операция 10 успешно загружена
2025-09-24 16:24:15 - ROBOTY.parser - DEBUG - Операция 11 успешно загружена
2025-09-24 16:24:15 - ROBOTY.parser - DEBUG - Операция 12 успешно загружена
2025-09-24 16:24:15 - ROBOTY.parser - DEBUG - Операция 13 успешно загружена
2025-09-24 16:24:15 - ROBOTY.parser - DEBUG - Операция 14 успешно загружена
2025-09-24 16:24:15 - ROBOTY.parser - DEBUG - Операция 15 успешно загружена
2025-09-24 16:24:15 - ROBOTY.parser - DEBUG - Операция 16 успешно загружена
2025-09-24 16:24:15 - ROBOTY.parser - DEBUG - Операция 17 успешно загружена
2025-09-24 16:24:15 - ROBOTY.parser - DEBUG - Операция 18 успешно загружена
2025-09-24 16:24:15 - ROBOTY.parser - DEBUG - Операция 19 успешно загружена
2025-09-24 16:24:15 - ROBOTY.parser - DEBUG - Операция 20 успешно загружена
2025-09-24 16:24:15 - ROBOTY.parser - DEBUG - Операция 21 успешно загружена
2025-09-24 16:24:15 - ROBOTY.parser - DEBUG - Операция 22 успешно загружена
2025-09-24 16:24:15 - ROBOTY.parser - DEBUG - Операция 23 успешно загружена
2025-09-24 16:24:15 - ROBOTY.parser - DEBUG - Операция 24 успешно загружена
2025-09-24 16:24:15 - ROBOTY.parser - DEBUG - Операция 25 успешно загружена
2025-09-24 16:24:15 - ROBOTY.parser - DEBUG - Операция 26 успешно загружена
2025-09-24 16:24:15 - ROBOTY.parser - DEBUG - Операция 27 успешно загружена
2025-09-24 16:24:15 - ROBOTY.parser - DEBUG - Операция 28 успешно загружена
2025-09-24 16:24:15 - ROBOTY.parser - DEBUG - Операция 29 успешно загружена
2025-09-24 16:24:15 - ROBOTY.parser - DEBUG - Операция 30 успешно загружена
2025-09-24 16:24:15 - ROBOTY.parser - INFO - Загружено 4 роботов и 30 операций
2025-09-24 16:24:17 - ROBOTY.main - INFO - Запуск планировщика
2025-09-24 16:24:17 - ROBOTY.planner - INFO - Запуск планировщика траекторий
2025-09-24 16:24:17 - ROBOTY.assigner - INFO - Начинаем назначение операций методом: balanced
2025-09-24 16:24:17 - ROBOTY.assigner - DEBUG - Операция 0 назначена роботу 0 (нагрузка: 6.78)
2025-09-24 16:24:17 - ROBOTY.assigner - DEBUG - Операция 1 назначена роботу 3 (нагрузка: 11.85)
2025-09-24 16:24:17 - ROBOTY.assigner - DEBUG - Операция 2 назначена роботу 2 (нагрузка: 11.99)
2025-09-24 16:24:17 - ROBOTY.assigner - DEBUG - Операция 3 назначена роботу 1 (нагрузка: 10.52)
2025-09-24 16:24:17 - ROBOTY.assigner - DEBUG - Операция 4 назначена роботу 0 (нагрузка: 15.70)
2025-09-24 16:24:17 - ROBOTY.assigner - DEBUG - Операция 5 назначена роботу 3 (нагрузка: 19.20)
2025-09-24 16:24:17 - ROBOTY.assigner - DEBUG - Операция 6 назначена роботу 1 (нагрузка: 24.15)
2025-09-24 16:24:17 - ROBOTY.assigner - DEBUG - Операция 7 назначена роботу 0 (нагрузка: 24.63)
2025-09-24 16:24:17 - ROBOTY.assigner - DEBUG - Операция 8 назначена роботу 3 (нагрузка: 25.05)
2025-09-24 16:24:17 - ROBOTY.assigner - DEBUG - Операция 9 назначена роботу 2 (нагрузка: 31.20)
2025-09-24 16:24:17 - ROBOTY.assigner - DEBUG - Операция 10 назначена роботу 3 (нагрузка: 33.09)
2025-09-24 16:24:17 - ROBOTY.assigner - DEBUG - Операция 11 назначена роботу 0 (нагрузка: 32.10)
2025-09-24 16:24:17 - ROBOTY.assigner - DEBUG - Операция 12 назначена роботу 1 (нагрузка: 32.49)
2025-09-24 16:24:17 - ROBOTY.assigner - DEBUG - Операция 13 назначена роботу 3 (нагрузка: 41.34)
2025-09-24 16:24:17 - ROBOTY.assigner - DEBUG - Операция 14 назначена роботу 1 (нагрузка: 39.89)
2025-09-24 16:24:17 - ROBOTY.assigner - DEBUG - Операция 15 назначена роботу 0 (нагрузка: 35.29)
2025-09-24 16:24:17 - ROBOTY.assigner - DEBUG - Операция 16 назначена роботу 2 (нагрузка: 40.63)
2025-09-24 16:24:17 - ROBOTY.assigner - DEBUG - Операция 17 назначена роботу 0 (нагрузка: 44.50)
2025-09-24 16:24:17 - ROBOTY.assigner - DEBUG - Операция 18 назначена роботу 3 (нагрузка: 52.55)
2025-09-24 16:24:17 - ROBOTY.assigner - DEBUG - Операция 19 назначена роботу 1 (нагрузка: 47.67)
2025-09-24 16:24:17 - ROBOTY.assigner - DEBUG - Операция 20 назначена роботу 0 (нагрузка: 54.02)
2025-09-24 16:24:17 - ROBOTY.assigner - DEBUG - Операция 21 назначена роботу 3 (нагрузка: 61.83)
2025-09-24 16:24:17 - ROBOTY.assigner - DEBUG - Операция 22 назначена роботу 2 (нагрузка: 51.11)
2025-09-24 16:24:17 - ROBOTY.assigner - DEBUG - Операция 23 назначена роботу 1 (нагрузка: 56.46)
2025-09-24 16:24:17 - ROBOTY.assigner - DEBUG - Операция 24 назначена роботу 0 (нагрузка: 63.73)
2025-09-24 16:24:17 - ROBOTY.assigner - DEBUG - Операция 25 назначена роботу 2 (нагрузка: 65.54)
2025-09-24 16:24:17 - ROBOTY.assigner - DEBUG - Операция 26 назначена роботу 1 (нагрузка: 64.75)
2025-09-24 16:24:17 - ROBOTY.assigner - DEBUG - Операция 27 назначена роботу 3 (нагрузка: 70.27)
2025-09-24 16:24:17 - ROBOTY.assigner - DEBUG - Операция 28 назначена роботу 0 (нагрузка: 77.81)
2025-09-24 16:24:17 - ROBOTY.assigner - DEBUG - Операция 29 назначена роботу 2 (нагрузка: 76.58)
2025-09-24 16:24:17 - ROBOTY.assigner - INFO - Распределено 30 операций с балансировкой нагрузки
2025-09-24 16:24:17 - ROBOTY.assigner - INFO - Итоговые нагрузки роботов: ['77.81', '64.75', '76.58', '70.27']
2025-09-24 16:24:17 - ROBOTY.assigner - INFO - Робот 0: 9 операций, нагрузка 77.81
2025-09-24 16:24:17 - ROBOTY.assigner - INFO - Робот 1: 7 операций, нагрузка 64.75
2025-09-24 16:24:17 - ROBOTY.assigner - INFO - Робот 2: 6 операций, нагрузка 76.58
2025-09-24 16:24:17 - ROBOTY.assigner - INFO - Робот 3: 8 операций, нагрузка 70.27
2025-09-24 16:24:17 - ROBOTY.planner - INFO - Операции назначены методом: balanced
2025-09-24 16:24:17 - ROBOTY.planner - INFO - Планирование траектории для робота 1 (ID: 1) с 9 операциями
2025-09-24 16:24:17 - ROBOTY.planner - DEBUG - Планирование траектории для робота с 9 операциями
2025-09-24 16:24:17 - ROBOTY.planner - DEBUG - Операция 1 запланирована, время завершения: 9.16
2025-09-24 16:24:17 - ROBOTY.planner - DEBUG - Операция 2 запланирована, время завершения: 17.90
2025-09-24 16:24:17 - ROBOTY.planner - DEBUG - Операция 3 запланирована, время завершения: 27.45
2025-09-24 16:24:17 - ROBOTY.planner - DEBUG - Операция 4 запланирована, время завершения: 37.03
2025-09-24 16:24:17 - ROBOTY.planner - DEBUG - Операция 5 запланирована, время завершения: 44.91
2025-09-24 16:24:17 - ROBOTY.planner - DEBUG - Операция 6 запланирована, время завершения: 55.44
2025-09-24 16:24:17 - ROBOTY.planner - DEBUG - Операция 7 запланирована, время завершения: 67.68
2025-09-24 16:24:17 - ROBOTY.planner - DEBUG - Операция 8 запланирована, время завершения: 78.09
2025-09-24 16:24:17 - ROBOTY.planner - DEBUG - Операция 9 запланирована, время завершения: 90.98
2025-09-24 16:24:17 - ROBOTY.planner - INFO - Траектория робота запланирована, общее время: 90.98
2025-09-24 16:24:17 - ROBOTY.planner - INFO - Робот 1: траектория содержит 216 точек
2025-09-24 16:24:17 - ROBOTY.planner - INFO - Планирование траектории для робота 2 (ID: 2) с 7 операциями
2025-09-24 16:24:17 - ROBOTY.planner - DEBUG - Планирование траектории для робота с 7 операциями
2025-09-24 16:24:17 - ROBOTY.planner - DEBUG - Операция 1 запланирована, время завершения: 12.26
2025-09-24 16:24:17 - ROBOTY.planner - DEBUG - Операция 2 запланирована, время завершения: 22.34
2025-09-24 16:24:17 - ROBOTY.planner - DEBUG - Операция 3 запланирована, время завершения: 31.78
2025-09-24 16:24:17 - ROBOTY.planner - DEBUG - Операция 4 запланирована, время завершения: 39.61
2025-09-24 16:24:17 - ROBOTY.planner - DEBUG - Операция 5 запланирована, время завершения: 48.87
2025-09-24 16:24:17 - ROBOTY.planner - DEBUG - Операция 6 запланирована, время завершения: 58.32
2025-09-24 16:24:17 - ROBOTY.planner - DEBUG - Операция 7 запланирована, время завершения: 68.43
2025-09-24 16:24:17 - ROBOTY.planner - INFO - Траектория робота запланирована, общее время: 68.43
2025-09-24 16:24:17 - ROBOTY.planner - INFO - Робот 2: траектория содержит 168 точек
2025-09-24 16:24:17 - ROBOTY.planner - INFO - Планирование траектории для робота 3 (ID: 3) с 6 операциями
2025-09-24 16:24:17 - ROBOTY.planner - DEBUG - Планирование траектории для робота с 6 операциями
2025-09-24 16:24:17 - ROBOTY.planner - DEBUG - Операция 1 запланирована, время завершения: 13.41
2025-09-24 16:24:17 - ROBOTY.planner - DEBUG - Операция 2 запланирована, время завершения: 36.05
2025-09-24 16:24:17 - ROBOTY.planner - DEBUG - Операция 3 запланирована, время завершения: 47.42
2025-09-24 16:24:17 - ROBOTY.planner - DEBUG - Операция 4 запланирована, время завершения: 60.66
2025-09-24 16:24:17 - ROBOTY.planner - DEBUG - Операция 5 запланирована, время завершения: 79.66
2025-09-24 16:24:17 - ROBOTY.planner - DEBUG - Операция 6 запланирована, время завершения: 93.11
2025-09-24 16:24:17 - ROBOTY.planner - INFO - Траектория робота запланирована, общее время: 93.11
2025-09-24 16:24:17 - ROBOTY.planner - INFO - Робот 3: траектория содержит 144 точек
2025-09-24 16:24:17 - ROBOTY.planner - INFO - Планирование траектории для робота 4 (ID: 4) с 8 операциями
2025-09-24 16:24:17 - ROBOTY.planner - DEBUG - Планирование траектории для робота с 8 операциями
2025-09-24 16:24:17 - ROBOTY.planner - DEBUG - Операция 1 запланирована, время завершения: 13.92
2025-09-24 16:24:17 - ROBOTY.planner - DEBUG - Операция 2 запланирована, время завершения: 22.70
2025-09-24 16:24:17 - ROBOTY.planner - DEBUG - Операция 3 запланирована, время завершения: 32.41
2025-09-24 16:24:17 - ROBOTY.planner - DEBUG - Операция 4 запланирована, время завершения: 42.91
2025-09-24 16:24:17 - ROBOTY.planner - DEBUG - Операция 5 запланирована, время завершения: 57.14
2025-09-24 16:24:17 - ROBOTY.planner - DEBUG - Операция 6 запланирована, время завершения: 66.41
2025-09-24 16:24:17 - ROBOTY.planner - DEBUG - Операция 7 запланирована, время завершения: 81.56
2025-09-24 16:24:17 - ROBOTY.planner - DEBUG - Операция 8 запланирована, время завершения: 94.27
2025-09-24 16:24:17 - ROBOTY.planner - INFO - Траектория робота запланирована, общее время: 94.27
2025-09-24 16:24:17 - ROBOTY.planner - INFO - Робот 4: траектория содержит 192 точек
2025-09-24 16:24:17 - ROBOTY.planner - INFO - Планирование завершено. Makespan: 94.27
2025-09-24 16:24:17 - ROBOTY.main - INFO - Планировщик успешно завершил работу
2025-09-24 16:24:17 - ROBOTY.collision - INFO - Начинаем детальную проверку коллизий
2025-09-24 16:24:17 - ROBOTY.collision - DEBUG - Проверяем коллизии в диапазоне времени: 0.00 - 94.27
2025-09-24 16:24:17 - ROBOTY.collision - WARNING - Коллизия: роботы 1 и 4 в 43.50s, расстояние: 0.490, требуется: 0.500
2025-09-24 16:24:17 - ROBOTY.collision - WARNING - Коллизия: роботы 1 и 4 в 43.60s, расстояние: 0.449, требуется: 0.500
2025-09-24 16:24:17 - ROBOTY.collision - WARNING - Коллизия: роботы 1 и 4 в 43.70s, расстояние: 0.498, требуется: 0.500
2025-09-24 16:24:17 - ROBOTY.collision - ERROR - Обнаружено 3 коллизий
2025-09-24 16:24:17 - ROBOTY.main - WARNING - Обнаружено 3 коллизий, применяем онлайн-безопасность
2025-09-24 16:24:17 - ROBOTY.safety - INFO - Применяем онлайн-безопасность: вставка пауз при коллизиях
2025-09-24 16:24:17 - ROBOTY.collision - INFO - Начинаем детальную проверку коллизий
2025-09-24 16:24:17 - ROBOTY.collision - DEBUG - Проверяем коллизии в диапазоне времени: 0.00 - 94.27
2025-09-24 16:24:17 - ROBOTY.collision - WARNING - Коллизия: роботы 1 и 4 в 43.50s, расстояние: 0.490, требуется: 0.500
2025-09-24 16:24:17 - ROBOTY.collision - WARNING - Коллизия: роботы 1 и 4 в 43.55s, расстояние: 0.457, требуется: 0.500
2025-09-24 16:24:17 - ROBOTY.collision - WARNING - Коллизия: роботы 1 и 4 в 43.60s, расстояние: 0.449, требуется: 0.500
2025-09-24 16:24:17 - ROBOTY.collision - WARNING - Коллизия: роботы 1 и 4 в 43.65s, расстояние: 0.465, требуется: 0.500
2025-09-24 16:24:17 - ROBOTY.collision - WARNING - Коллизия: роботы 1 и 4 в 43.70s, расстояние: 0.498, требуется: 0.500
2025-09-24 16:24:17 - ROBOTY.collision - ERROR - Обнаружено 5 коллизий
2025-09-24 16:24:17 - ROBOTY.safety - DEBUG - Добавлена пауза 0.60s роботу 1 в t=43.50s
2025-09-24 16:24:17 - ROBOTY.safety - DEBUG - Добавлена пауза 0.60s роботу 4 в t=43.50s
2025-09-24 16:24:17 - ROBOTY.safety - DEBUG - Добавлена пауза 0.60s роботу 1 в t=43.55s
2025-09-24 16:24:17 - ROBOTY.safety - DEBUG - Добавлена пауза 0.60s роботу 4 в t=43.55s
2025-09-24 16:24:17 - ROBOTY.safety - DEBUG - Добавлена пауза 0.60s роботу 1 в t=43.60s
2025-09-24 16:24:17 - ROBOTY.safety - DEBUG - Добавлена пауза 0.60s роботу 4 в t=43.60s
2025-09-24 16:24:17 - ROBOTY.safety - DEBUG - Добавлена пауза 0.60s роботу 1 в t=43.65s
2025-09-24 16:24:17 - ROBOTY.safety - DEBUG - Добавлена пауза 0.60s роботу 4 в t=43.65s
2025-09-24 16:24:17 - ROBOTY.safety - DEBUG - Добавлена пауза 0.60s роботу 1 в t=43.70s
2025-09-24 16:24:17 - ROBOTY.safety - DEBUG - Добавлена пауза 0.60s роботу 4 в t=43.70s
2025-09-24 16:24:17 - ROBOTY.safety - INFO - Онлайн-безопасность применена: паузы вставлены
2025-09-24 16:24:17 - ROBOTY.collision - INFO - Начинаем детальную проверку коллизий
2025-09-24 16:24:17 - ROBOTY.collision - DEBUG - Проверяем коллизии в диапазоне времени: 0.00 - 97.27
2025-09-24 16:24:17 - ROBOTY.collision - WARNING - Коллизия: роботы 1 и 4 в 43.50s, расстояние: 0.490, требуется: 0.500
2025-09-24 16:24:17 - ROBOTY.collision - WARNING - Коллизия: роботы 1 и 4 в 43.60s, расстояние: 0.490, требуется: 0.500
2025-09-24 16:24:17 - ROBOTY.collision - WARNING - Коллизия: роботы 1 и 4 в 43.70s, расстояние: 0.490, требуется: 0.500
2025-09-24 16:24:17 - ROBOTY.collision - WARNING - Коллизия: роботы 1 и 4 в 43.80s, расстояние: 0.490, требуется: 0.500
2025-09-24 16:24:17 - ROBOTY.collision - WARNING - Коллизия: роботы 1 и 4 в 43.90s, расстояние: 0.490, требуется: 0.500
2025-09-24 16:24:17 - ROBOTY.collision - WARNING - Коллизия: роботы 1 и 4 в 44.00s, расстояние: 0.490, требуется: 0.500
2025-09-24 16:24:17 - ROBOTY.collision - WARNING - Коллизия: роботы 1 и 4 в 44.10s, расстояние: 0.490, требуется: 0.500
2025-09-24 16:24:17 - ROBOTY.collision - WARNING - Коллизия: роботы 1 и 4 в 44.20s, расстояние: 0.490, требуется: 0.500
2025-09-24 16:24:17 - ROBOTY.collision - WARNING - Коллизия: роботы 1 и 4 в 44.30s, расстояние: 0.490, требуется: 0.500
2025-09-24 16:24:17 - ROBOTY.collision - WARNING - Коллизия: роботы 1 и 4 в 44.40s, расстояние: 0.490, требуется: 0.500
2025-09-24 16:24:17 - ROBOTY.collision - WARNING - Коллизия: роботы 1 и 4 в 44.50s, расстояние: 0.490, требуется: 0.500
2025-09-24 16:24:17 - ROBOTY.collision - WARNING - Коллизия: роботы 1 и 4 в 44.60s, расстояние: 0.490, требуется: 0.500
2025-09-24 16:24:17 - ROBOTY.collision - WARNING - Коллизия: роботы 1 и 4 в 44.70s, расстояние: 0.490, требуется: 0.500
2025-09-24 16:24:17 - ROBOTY.collision - WARNING - Коллизия: роботы 1 и 4 в 44.80s, расстояние: 0.490, требуется: 0.500
2025-09-24 16:24:17 - ROBOTY.collision - WARNING - Коллизия: роботы 1 и 4 в 44.90s, расстояние: 0.490, требуется: 0.500
2025-09-24 16:24:17 - ROBOTY.collision - WARNING - Коллизия: роботы 1 и 4 в 45.00s, расстояние: 0.490, требуется: 0.500
2025-09-24 16:24:17 - ROBOTY.collision - WARNING - Коллизия: роботы 1 и 4 в 45.10s, расстояние: 0.490, требуется: 0.500
2025-09-24 16:24:17 - ROBOTY.collision - WARNING - Коллизия: роботы 1 и 4 в 45.20s, расстояние: 0.490, требуется: 0.500
2025-09-24 16:24:17 - ROBOTY.collision - WARNING - Коллизия: роботы 1 и 4 в 45.30s, расстояние: 0.490, требуется: 0.500
2025-09-24 16:24:17 - ROBOTY.collision - WARNING - Коллизия: роботы 1 и 4 в 45.40s, расстояние: 0.490, требуется: 0.500
2025-09-24 16:24:17 - ROBOTY.collision - WARNING - Коллизия: роботы 1 и 4 в 45.50s, расстояние: 0.490, требуется: 0.500
2025-09-24 16:24:17 - ROBOTY.collision - WARNING - Коллизия: роботы 1 и 4 в 45.60s, расстояние: 0.490, требуется: 0.500
2025-09-24 16:24:17 - ROBOTY.collision - WARNING - Коллизия: роботы 1 и 4 в 45.70s, расстояние: 0.490, требуется: 0.500
2025-09-24 16:24:17 - ROBOTY.collision - WARNING - Коллизия: роботы 1 и 4 в 45.80s, расстояние: 0.490, требуется: 0.500
2025-09-24 16:24:17 - ROBOTY.collision - WARNING - Коллизия: роботы 1 и 4 в 45.90s, расстояние: 0.490, требуется: 0.500
2025-09-24 16:24:17 - ROBOTY.collision - WARNING - Коллизия: роботы 1 и 4 в 46.00s, расстояние: 0.490, требуется: 0.500
2025-09-24 16:24:17 - ROBOTY.collision - WARNING - Коллизия: роботы 1 и 4 в 46.10s, расстояние: 0.490, требуется: 0.500
2025-09-24 16:24:17 - ROBOTY.collision - WARNING - Коллизия: роботы 1 и 4 в 46.20s, расстояние: 0.490, требуется: 0.500
2025-09-24 16:24:17 - ROBOTY.collision - WARNING - Коллизия: роботы 1 и 4 в 46.30s, расстояние: 0.490, требуется: 0.500
2025-09-24 16:24:17 - ROBOTY.collision - WARNING - Коллизия: роботы 1 и 4 в 46.40s, расстояние: 0.490, требуется: 0.500
2025-09-24 16:24:17 - ROBOTY.collision - WARNING - Коллизия: роботы 1 и 4 в 46.50s, расстояние: 0.490, требуется: 0.500
2025-09-24 16:24:17 - ROBOTY.collision - WARNING - Коллизия: роботы 1 и 4 в 46.60s, расстояние: 0.449, требуется: 0.500
2025-09-24 16:24:17 - ROBOTY.collision - WARNING - Коллизия: роботы 1 и 4 в 46.70s, расстояние: 0.498, требуется: 0.500
2025-09-24 16:24:17 - ROBOTY.collision - ERROR - Обнаружено 33 коллизий
2025-09-24 16:24:17 - ROBOTY.main - WARNING - Коллизии сохраняются после вставки пауз
2025-09-24 16:24:20 - ROBOTY.main - INFO - Открытие визуализатора
2025-09-24 16:24:20 - ROBOTY.main - INFO - Визуализация успешно завершена
2025-09-24 16:24:20 - ROBOTY.visualizer - INFO - Запуск визуализации типа: 3d_anim
2025-09-24 16:24:20 - ROBOTY.visualizer - INFO - Создание 3D анимации траекторий
2025-09-24 16:24:20 - ROBOTY.visualizer - INFO - Создание 3D визуализации траекторий
2025-09-24 16:24:20 - ROBOTY.visualizer - INFO - 3D визуализация создана
2025-09-24 16:24:20 - ROBOTY.mesh_loader - INFO - Hand definition загружен: C:\Users\79518\OneDrive\Рабочий стол\Конкурс\Улучшения.txt, вершин=0, сегментов=0, точек=0
