2025-09-27 14:33:50 - ROBOTY.main - INFO - Запуск приложения ROBOTY
2025-09-27 14:33:50 - ROBOTY.main - INFO - Применена тема: dark
2025-09-27 14:33:50 - ROBOTY.main - INFO - Интерфейс инициализирован
2025-09-27 14:33:50 - ROBOTY.main - INFO - Приложение успешно запущено
2025-09-27 14:34:00 - ROBOTY.main - INFO - Создан входной файл: C:\Users\22200490\.cursor\ROBOTY-main\data\input_20250927_143356.json
2025-09-27 14:34:00 - ROBOTY.parser - INFO - Начинаем загрузку файла: C:\Users\22200490\.cursor\ROBOTY-main\data\input_20250927_143356.json
2025-09-27 14:34:00 - ROBOTY.parser - INFO - Файл C:\Users\22200490\.cursor\ROBOTY-main\data\input_20250927_143356.json успешно загружен
2025-09-27 14:34:00 - ROBOTY.parser - DEBUG - Робот 1 успешно загружен
2025-09-27 14:34:00 - ROBOTY.parser - DEBUG - Робот 2 успешно загружен
2025-09-27 14:34:00 - ROBOTY.parser - DEBUG - Робот 3 успешно загружен
2025-09-27 14:34:00 - ROBOTY.parser - DEBUG - Робот 4 успешно загружен
2025-09-27 14:34:00 - ROBOTY.parser - DEBUG - Робот 5 успешно загружен
2025-09-27 14:34:00 - ROBOTY.parser - DEBUG - Робот 6 успешно загружен
2025-09-27 14:34:00 - ROBOTY.parser - DEBUG - Робот 7 успешно загружен
2025-09-27 14:34:00 - ROBOTY.parser - DEBUG - Робот 8 успешно загружен
2025-09-27 14:34:00 - ROBOTY.parser - DEBUG - Робот 9 успешно загружен
2025-09-27 14:34:00 - ROBOTY.parser - DEBUG - Робот 10 успешно загружен
2025-09-27 14:34:00 - ROBOTY.parser - DEBUG - Операция 1 успешно загружена
2025-09-27 14:34:00 - ROBOTY.parser - DEBUG - Операция 2 успешно загружена
2025-09-27 14:34:00 - ROBOTY.parser - DEBUG - Операция 3 успешно загружена
2025-09-27 14:34:00 - ROBOTY.parser - DEBUG - Операция 4 успешно загружена
2025-09-27 14:34:00 - ROBOTY.parser - DEBUG - Операция 5 успешно загружена
2025-09-27 14:34:00 - ROBOTY.parser - DEBUG - Операция 6 успешно загружена
2025-09-27 14:34:00 - ROBOTY.parser - DEBUG - Операция 7 успешно загружена
2025-09-27 14:34:00 - ROBOTY.parser - DEBUG - Операция 8 успешно загружена
2025-09-27 14:34:00 - ROBOTY.parser - DEBUG - Операция 9 успешно загружена
2025-09-27 14:34:00 - ROBOTY.parser - DEBUG - Операция 10 успешно загружена
2025-09-27 14:34:00 - ROBOTY.parser - DEBUG - Операция 11 успешно загружена
2025-09-27 14:34:00 - ROBOTY.parser - DEBUG - Операция 12 успешно загружена
2025-09-27 14:34:00 - ROBOTY.parser - DEBUG - Операция 13 успешно загружена
2025-09-27 14:34:00 - ROBOTY.parser - DEBUG - Операция 14 успешно загружена
2025-09-27 14:34:00 - ROBOTY.parser - DEBUG - Операция 15 успешно загружена
2025-09-27 14:34:00 - ROBOTY.parser - DEBUG - Операция 16 успешно загружена
2025-09-27 14:34:00 - ROBOTY.parser - DEBUG - Операция 17 успешно загружена
2025-09-27 14:34:00 - ROBOTY.parser - DEBUG - Операция 18 успешно загружена
2025-09-27 14:34:00 - ROBOTY.parser - DEBUG - Операция 19 успешно загружена
2025-09-27 14:34:00 - ROBOTY.parser - DEBUG - Операция 20 успешно загружена
2025-09-27 14:34:00 - ROBOTY.parser - DEBUG - Операция 21 успешно загружена
2025-09-27 14:34:00 - ROBOTY.parser - DEBUG - Операция 22 успешно загружена
2025-09-27 14:34:00 - ROBOTY.parser - DEBUG - Операция 23 успешно загружена
2025-09-27 14:34:00 - ROBOTY.parser - DEBUG - Операция 24 успешно загружена
2025-09-27 14:34:00 - ROBOTY.parser - DEBUG - Операция 25 успешно загружена
2025-09-27 14:34:00 - ROBOTY.parser - DEBUG - Операция 26 успешно загружена
2025-09-27 14:34:00 - ROBOTY.parser - DEBUG - Операция 27 успешно загружена
2025-09-27 14:34:00 - ROBOTY.parser - DEBUG - Операция 28 успешно загружена
2025-09-27 14:34:00 - ROBOTY.parser - DEBUG - Операция 29 успешно загружена
2025-09-27 14:34:00 - ROBOTY.parser - DEBUG - Операция 30 успешно загружена
2025-09-27 14:34:00 - ROBOTY.parser - INFO - Загружено 10 роботов и 30 операций
2025-09-27 14:34:05 - ROBOTY.main - INFO - Запуск планировщика
2025-09-27 14:34:05 - ROBOTY.planner - INFO - Запуск планировщика траекторий
2025-09-27 14:34:05 - ROBOTY.assigner - INFO - Начинаем назначение операций методом: balanced
2025-09-27 14:34:05 - ROBOTY.assigner - DEBUG - Операция 0 назначена роботу 1 (нагрузка: 7.85)
2025-09-27 14:34:05 - ROBOTY.assigner - DEBUG - Операция 1 назначена роботу 0 (нагрузка: 5.68)
2025-09-27 14:34:05 - ROBOTY.assigner - DEBUG - Операция 2 назначена роботу 5 (нагрузка: 7.14)
2025-09-27 14:34:05 - ROBOTY.assigner - DEBUG - Операция 3 назначена роботу 4 (нагрузка: 5.63)
2025-09-27 14:34:05 - ROBOTY.assigner - DEBUG - Операция 4 назначена роботу 7 (нагрузка: 7.83)
2025-09-27 14:34:05 - ROBOTY.assigner - DEBUG - Операция 5 назначена роботу 3 (нагрузка: 11.66)
2025-09-27 14:34:05 - ROBOTY.assigner - DEBUG - Операция 6 назначена роботу 8 (нагрузка: 10.78)
2025-09-27 14:34:05 - ROBOTY.assigner - DEBUG - Операция 7 назначена роботу 6 (нагрузка: 11.08)
2025-09-27 14:34:05 - ROBOTY.assigner - DEBUG - Операция 8 назначена роботу 9 (нагрузка: 15.05)
2025-09-27 14:34:05 - ROBOTY.assigner - DEBUG - Операция 9 назначена роботу 2 (нагрузка: 8.09)
2025-09-27 14:34:05 - ROBOTY.assigner - DEBUG - Операция 10 назначена роботу 4 (нагрузка: 12.53)
2025-09-27 14:34:05 - ROBOTY.assigner - DEBUG - Операция 11 назначена роботу 0 (нагрузка: 15.28)
2025-09-27 14:34:05 - ROBOTY.assigner - DEBUG - Операция 12 назначена роботу 5 (нагрузка: 13.19)
2025-09-27 14:34:05 - ROBOTY.assigner - DEBUG - Операция 13 назначена роботу 1 (нагрузка: 11.48)
2025-09-27 14:34:05 - ROBOTY.assigner - DEBUG - Операция 14 назначена роботу 7 (нагрузка: 14.42)
2025-09-27 14:34:05 - ROBOTY.assigner - DEBUG - Операция 15 назначена роботу 1 (нагрузка: 17.33)
2025-09-27 14:34:05 - ROBOTY.assigner - DEBUG - Операция 16 назначена роботу 3 (нагрузка: 23.69)
2025-09-27 14:34:05 - ROBOTY.assigner - DEBUG - Операция 17 назначена роботу 6 (нагрузка: 19.02)
2025-09-27 14:34:05 - ROBOTY.assigner - DEBUG - Операция 18 назначена роботу 5 (нагрузка: 24.75)
2025-09-27 14:34:05 - ROBOTY.assigner - DEBUG - Операция 19 назначена роботу 8 (нагрузка: 19.08)
2025-09-27 14:34:05 - ROBOTY.assigner - DEBUG - Операция 20 назначена роботу 4 (нагрузка: 21.48)
2025-09-27 14:34:05 - ROBOTY.assigner - DEBUG - Операция 21 назначена роботу 7 (нагрузка: 20.73)
2025-09-27 14:34:05 - ROBOTY.assigner - DEBUG - Операция 22 назначена роботу 1 (нагрузка: 28.48)
2025-09-27 14:34:05 - ROBOTY.assigner - DEBUG - Операция 23 назначена роботу 2 (нагрузка: 22.71)
2025-09-27 14:34:05 - ROBOTY.assigner - DEBUG - Операция 24 назначена роботу 0 (нагрузка: 25.97)
2025-09-27 14:34:05 - ROBOTY.assigner - DEBUG - Операция 25 назначена роботу 4 (нагрузка: 27.59)
2025-09-27 14:34:05 - ROBOTY.assigner - DEBUG - Операция 26 назначена роботу 9 (нагрузка: 27.80)
2025-09-27 14:34:05 - ROBOTY.assigner - DEBUG - Операция 27 назначена роботу 6 (нагрузка: 26.54)
2025-09-27 14:34:05 - ROBOTY.assigner - DEBUG - Операция 28 назначена роботу 8 (нагрузка: 31.14)
2025-09-27 14:34:05 - ROBOTY.assigner - DEBUG - Операция 29 назначена роботу 3 (нагрузка: 33.99)
2025-09-27 14:34:05 - ROBOTY.assigner - INFO - Распределено 30 операций с балансировкой нагрузки
2025-09-27 14:34:05 - ROBOTY.assigner - INFO - Итоговые нагрузки роботов: ['25.97', '28.48', '22.71', '33.99', '27.59', '24.75', '26.54', '20.73', '31.14', '27.80']
2025-09-27 14:34:05 - ROBOTY.assigner - INFO - Робот 0: 3 операций, нагрузка 25.97
2025-09-27 14:34:05 - ROBOTY.assigner - INFO - Робот 1: 4 операций, нагрузка 28.48
2025-09-27 14:34:05 - ROBOTY.assigner - INFO - Робот 2: 2 операций, нагрузка 22.71
2025-09-27 14:34:05 - ROBOTY.assigner - INFO - Робот 3: 3 операций, нагрузка 33.99
2025-09-27 14:34:05 - ROBOTY.assigner - INFO - Робот 4: 4 операций, нагрузка 27.59
2025-09-27 14:34:05 - ROBOTY.assigner - INFO - Робот 5: 3 операций, нагрузка 24.75
2025-09-27 14:34:05 - ROBOTY.assigner - INFO - Робот 6: 3 операций, нагрузка 26.54
2025-09-27 14:34:05 - ROBOTY.assigner - INFO - Робот 7: 3 операций, нагрузка 20.73
2025-09-27 14:34:05 - ROBOTY.assigner - INFO - Робот 8: 3 операций, нагрузка 31.14
2025-09-27 14:34:05 - ROBOTY.assigner - INFO - Робот 9: 2 операций, нагрузка 27.80
2025-09-27 14:34:05 - ROBOTY.planner - INFO - Операции назначены методом: balanced
2025-09-27 14:34:05 - ROBOTY.planner - INFO - Планирование траектории для робота 1 (ID: 1) с 3 операциями
2025-09-27 14:34:05 - ROBOTY.planner - DEBUG - Планирование траектории для робота с 3 операциями
2025-09-27 14:34:05 - ROBOTY.planner - DEBUG - Операция 1 запланирована, время завершения: 7.28
2025-09-27 14:34:05 - ROBOTY.planner - DEBUG - Операция 2 запланирована, время завершения: 19.13
2025-09-27 14:34:05 - ROBOTY.planner - DEBUG - Операция 3 запланирована, время завершения: 29.09
2025-09-27 14:34:05 - ROBOTY.planner - INFO - Траектория робота запланирована, общее время: 29.09
2025-09-27 14:34:05 - ROBOTY.planner - INFO - Робот 1: траектория содержит 72 точек
2025-09-27 14:34:05 - ROBOTY.planner - INFO - Планирование траектории для робота 2 (ID: 2) с 4 операциями
2025-09-27 14:34:05 - ROBOTY.planner - DEBUG - Планирование траектории для робота с 4 операциями
2025-09-27 14:34:05 - ROBOTY.planner - DEBUG - Операция 1 запланирована, время завершения: 10.23
2025-09-27 14:34:05 - ROBOTY.planner - DEBUG - Операция 2 запланирована, время завершения: 17.98
2025-09-27 14:34:05 - ROBOTY.planner - DEBUG - Операция 3 запланирована, время завершения: 25.35
2025-09-27 14:34:05 - ROBOTY.planner - DEBUG - Операция 4 запланирована, время завершения: 38.81
2025-09-27 14:34:05 - ROBOTY.planner - INFO - Траектория робота запланирована, общее время: 38.81
2025-09-27 14:34:05 - ROBOTY.planner - INFO - Робот 2: траектория содержит 96 точек
2025-09-27 14:34:05 - ROBOTY.planner - INFO - Планирование траектории для робота 3 (ID: 3) с 2 операциями
2025-09-27 14:34:05 - ROBOTY.planner - DEBUG - Планирование траектории для робота с 2 операциями
2025-09-27 14:34:05 - ROBOTY.planner - DEBUG - Операция 1 запланирована, время завершения: 9.26
2025-09-27 14:34:05 - ROBOTY.planner - DEBUG - Операция 2 запланирована, время завершения: 27.05
2025-09-27 14:34:05 - ROBOTY.planner - INFO - Траектория робота запланирована, общее время: 27.05
2025-09-27 14:34:05 - ROBOTY.planner - INFO - Робот 3: траектория содержит 48 точек
2025-09-27 14:34:05 - ROBOTY.planner - INFO - Планирование траектории для робота 4 (ID: 4) с 3 операциями
2025-09-27 14:34:05 - ROBOTY.planner - DEBUG - Планирование траектории для робота с 3 операциями
2025-09-27 14:34:05 - ROBOTY.planner - DEBUG - Операция 1 запланирована, время завершения: 13.84
2025-09-27 14:34:05 - ROBOTY.planner - DEBUG - Операция 2 запланирована, время завершения: 25.47
2025-09-27 14:34:05 - ROBOTY.planner - DEBUG - Операция 3 запланирована, время завершения: 41.05
2025-09-27 14:34:05 - ROBOTY.planner - INFO - Траектория робота запланирована, общее время: 41.05
2025-09-27 14:34:05 - ROBOTY.planner - INFO - Робот 4: траектория содержит 72 точек
2025-09-27 14:34:05 - ROBOTY.planner - INFO - Планирование траектории для робота 5 (ID: 5) с 4 операциями
2025-09-27 14:34:05 - ROBOTY.planner - DEBUG - Планирование траектории для робота с 4 операциями
2025-09-27 14:34:05 - ROBOTY.planner - DEBUG - Операция 1 запланирована, время завершения: 7.62
2025-09-27 14:34:05 - ROBOTY.planner - DEBUG - Операция 2 запланирована, время завершения: 16.42
2025-09-27 14:34:05 - ROBOTY.planner - DEBUG - Операция 3 запланирована, время завершения: 26.68
2025-09-27 14:34:05 - ROBOTY.planner - DEBUG - Операция 4 запланирована, время завершения: 34.63
2025-09-27 14:34:05 - ROBOTY.planner - INFO - Траектория робота запланирована, общее время: 34.63
2025-09-27 14:34:05 - ROBOTY.planner - INFO - Робот 5: траектория содержит 96 точек
2025-09-27 14:34:05 - ROBOTY.planner - INFO - Планирование траектории для робота 6 (ID: 6) с 3 операциями
2025-09-27 14:34:05 - ROBOTY.planner - DEBUG - Планирование траектории для робота с 3 операциями
2025-09-27 14:34:05 - ROBOTY.planner - DEBUG - Операция 1 запланирована, время завершения: 9.42
2025-09-27 14:34:05 - ROBOTY.planner - DEBUG - Операция 2 запланирована, время завершения: 19.97
2025-09-27 14:34:05 - ROBOTY.planner - DEBUG - Операция 3 запланирована, время завершения: 37.61
2025-09-27 14:34:05 - ROBOTY.planner - INFO - Траектория робота запланирована, общее время: 37.61
2025-09-27 14:34:05 - ROBOTY.planner - INFO - Робот 6: траектория содержит 72 точек
2025-09-27 14:34:05 - ROBOTY.planner - INFO - Планирование траектории для робота 7 (ID: 7) с 3 операциями
2025-09-27 14:34:05 - ROBOTY.planner - DEBUG - Планирование траектории для робота с 3 операциями
2025-09-27 14:34:05 - ROBOTY.planner - DEBUG - Операция 1 запланирована, время завершения: 12.98
2025-09-27 14:34:05 - ROBOTY.planner - DEBUG - Операция 2 запланирована, время завершения: 25.25
2025-09-27 14:34:05 - ROBOTY.planner - DEBUG - Операция 3 запланирована, время завершения: 40.05
2025-09-27 14:34:05 - ROBOTY.planner - INFO - Траектория робота запланирована, общее время: 40.05
2025-09-27 14:34:05 - ROBOTY.planner - INFO - Робот 7: траектория содержит 72 точек
2025-09-27 14:34:05 - ROBOTY.planner - INFO - Планирование траектории для робота 8 (ID: 8) с 3 операциями
2025-09-27 14:34:05 - ROBOTY.planner - DEBUG - Планирование траектории для робота с 3 операциями
2025-09-27 14:34:05 - ROBOTY.planner - DEBUG - Операция 1 запланирована, время завершения: 10.06
2025-09-27 14:34:05 - ROBOTY.planner - DEBUG - Операция 2 запланирована, время завершения: 21.35
2025-09-27 14:34:05 - ROBOTY.planner - DEBUG - Операция 3 запланирована, время завершения: 32.35
2025-09-27 14:34:05 - ROBOTY.planner - INFO - Траектория робота запланирована, общее время: 32.35
2025-09-27 14:34:05 - ROBOTY.planner - INFO - Робот 8: траектория содержит 72 точек
2025-09-27 14:34:05 - ROBOTY.planner - INFO - Планирование траектории для робота 9 (ID: 9) с 3 операциями
2025-09-27 14:34:05 - ROBOTY.planner - DEBUG - Планирование траектории для робота с 3 операциями
2025-09-27 14:34:05 - ROBOTY.planner - DEBUG - Операция 1 запланирована, время завершения: 12.24
2025-09-27 14:34:05 - ROBOTY.planner - DEBUG - Операция 2 запланирована, время завершения: 24.14
2025-09-27 14:34:05 - ROBOTY.planner - DEBUG - Операция 3 запланирована, время завершения: 39.77
2025-09-27 14:34:05 - ROBOTY.planner - INFO - Траектория робота запланирована, общее время: 39.77
2025-09-27 14:34:05 - ROBOTY.planner - INFO - Робот 9: траектория содержит 72 точек
2025-09-27 14:34:05 - ROBOTY.planner - INFO - Планирование траектории для робота 10 (ID: 10) с 2 операциями
2025-09-27 14:34:05 - ROBOTY.planner - DEBUG - Планирование траектории для робота с 2 операциями
2025-09-27 14:34:05 - ROBOTY.planner - DEBUG - Операция 1 запланирована, время завершения: 16.76
2025-09-27 14:34:05 - ROBOTY.planner - DEBUG - Операция 2 запланирована, время завершения: 29.50
2025-09-27 14:34:05 - ROBOTY.planner - INFO - Траектория робота запланирована, общее время: 29.50
2025-09-27 14:34:05 - ROBOTY.planner - INFO - Робот 10: траектория содержит 48 точек
2025-09-27 14:34:05 - ROBOTY.planner - INFO - Планирование завершено. Makespan: 41.05
2025-09-27 14:34:05 - ROBOTY.main - INFO - Планировщик успешно завершил работу
2025-09-27 14:34:05 - ROBOTY.collision - INFO - Начинаем детальную проверку коллизий
2025-09-27 14:34:05 - ROBOTY.collision - DEBUG - Проверяем коллизии в диапазоне времени: 0.00 - 41.05
2025-09-27 14:34:05 - ROBOTY.collision - WARNING - Коллизия: роботы 2 и 6 в 5.70s, расстояние: 0.455, требуется: 0.500
2025-09-27 14:34:05 - ROBOTY.collision - WARNING - Коллизия: роботы 2 и 6 в 5.80s, расстояние: 0.415, требуется: 0.500
2025-09-27 14:34:05 - ROBOTY.collision - WARNING - Коллизия: роботы 2 и 6 в 5.90s, расстояние: 0.384, требуется: 0.500
2025-09-27 14:34:05 - ROBOTY.collision - WARNING - Коллизия: роботы 2 и 6 в 6.00s, расстояние: 0.366, требуется: 0.500
2025-09-27 14:34:05 - ROBOTY.collision - WARNING - Коллизия: роботы 2 и 6 в 6.10s, расстояние: 0.363, требуется: 0.500
2025-09-27 14:34:05 - ROBOTY.collision - WARNING - Коллизия: роботы 2 и 6 в 6.20s, расстояние: 0.375, требуется: 0.500
2025-09-27 14:34:05 - ROBOTY.collision - WARNING - Коллизия: роботы 2 и 6 в 6.30s, расстояние: 0.400, требуется: 0.500
2025-09-27 14:34:05 - ROBOTY.collision - WARNING - Коллизия: роботы 2 и 6 в 6.40s, расстояние: 0.437, требуется: 0.500
2025-09-27 14:34:05 - ROBOTY.collision - WARNING - Коллизия: роботы 2 и 6 в 6.50s, расстояние: 0.483, требуется: 0.500
2025-09-27 14:34:05 - ROBOTY.collision - WARNING - Коллизия: роботы 6 и 10 в 10.80s, расстояние: 0.364, требуется: 0.500
2025-09-27 14:34:05 - ROBOTY.collision - WARNING - Коллизия: роботы 6 и 10 в 10.90s, расстояние: 0.208, требуется: 0.500
2025-09-27 14:34:05 - ROBOTY.collision - WARNING - Коллизия: роботы 6 и 10 в 11.00s, расстояние: 0.061, требуется: 0.500
2025-09-27 14:34:05 - ROBOTY.collision - WARNING - Коллизия: роботы 6 и 10 в 11.10s, расстояние: 0.118, требуется: 0.500
2025-09-27 14:34:05 - ROBOTY.collision - WARNING - Коллизия: роботы 6 и 10 в 11.20s, расстояние: 0.271, требуется: 0.500
2025-09-27 14:34:05 - ROBOTY.collision - WARNING - Коллизия: роботы 6 и 10 в 11.30s, расстояние: 0.428, требуется: 0.500
2025-09-27 14:34:05 - ROBOTY.collision - WARNING - Коллизия: роботы 1 и 9 в 21.10s, расстояние: 0.478, требуется: 0.500
2025-09-27 14:34:05 - ROBOTY.collision - WARNING - Коллизия: роботы 1 и 9 в 21.20s, расстояние: 0.418, требуется: 0.500
2025-09-27 14:34:05 - ROBOTY.collision - WARNING - Коллизия: роботы 1 и 9 в 21.30s, расстояние: 0.368, требуется: 0.500
2025-09-27 14:34:05 - ROBOTY.collision - WARNING - Коллизия: роботы 1 и 9 в 21.40s, расстояние: 0.331, требуется: 0.500
2025-09-27 14:34:05 - ROBOTY.collision - WARNING - Коллизия: роботы 1 и 9 в 21.50s, расстояние: 0.312, требуется: 0.500
2025-09-27 14:34:05 - ROBOTY.collision - WARNING - Коллизия: роботы 1 и 9 в 21.60s, расстояние: 0.315, требуется: 0.500
2025-09-27 14:34:05 - ROBOTY.collision - WARNING - Коллизия: роботы 1 и 9 в 21.70s, расстояние: 0.339, требуется: 0.500
2025-09-27 14:34:05 - ROBOTY.collision - WARNING - Коллизия: роботы 1 и 9 в 21.80s, расстояние: 0.380, требуется: 0.500
2025-09-27 14:34:05 - ROBOTY.collision - WARNING - Коллизия: роботы 1 и 9 в 21.90s, расстояние: 0.432, требуется: 0.500
2025-09-27 14:34:05 - ROBOTY.collision - WARNING - Коллизия: роботы 1 и 9 в 22.00s, расстояние: 0.480, требуется: 0.500
2025-09-27 14:34:05 - ROBOTY.collision - WARNING - Коллизия: роботы 1 и 9 в 24.30s, расстояние: 0.429, требуется: 0.500
2025-09-27 14:34:05 - ROBOTY.collision - WARNING - Коллизия: роботы 1 и 9 в 24.40s, расстояние: 0.346, требуется: 0.500
2025-09-27 14:34:05 - ROBOTY.collision - WARNING - Коллизия: роботы 1 и 9 в 24.50s, расстояние: 0.279, требуется: 0.500
2025-09-27 14:34:05 - ROBOTY.collision - WARNING - Коллизия: роботы 1 и 9 в 24.60s, расстояние: 0.242, требуется: 0.500
2025-09-27 14:34:05 - ROBOTY.collision - WARNING - Коллизия: роботы 1 и 9 в 24.70s, расстояние: 0.250, требуется: 0.500
2025-09-27 14:34:05 - ROBOTY.collision - WARNING - Коллизия: роботы 1 и 9 в 24.80s, расстояние: 0.300, требуется: 0.500
2025-09-27 14:34:05 - ROBOTY.collision - WARNING - Коллизия: роботы 1 и 9 в 24.90s, расстояние: 0.375, требуется: 0.500
2025-09-27 14:34:05 - ROBOTY.collision - WARNING - Коллизия: роботы 1 и 9 в 25.00s, расстояние: 0.464, требуется: 0.500
2025-09-27 14:34:05 - ROBOTY.collision - ERROR - Обнаружено 33 коллизий
2025-09-27 14:34:05 - ROBOTY.main - WARNING - Обнаружено 33 коллизий, применяем онлайн-безопасность
2025-09-27 14:34:05 - ROBOTY.safety - INFO - Применяем онлайн-безопасность: вставка пауз при коллизиях
2025-09-27 14:34:05 - ROBOTY.collision - INFO - Начинаем детальную проверку коллизий
2025-09-27 14:34:05 - ROBOTY.collision - DEBUG - Проверяем коллизии в диапазоне времени: 0.00 - 41.05
2025-09-27 14:34:05 - ROBOTY.collision - WARNING - Коллизия: роботы 2 и 6 в 5.65s, расстояние: 0.479, требуется: 0.500
2025-09-27 14:34:05 - ROBOTY.collision - WARNING - Коллизия: роботы 2 и 6 в 5.70s, расстояние: 0.455, требуется: 0.500
2025-09-27 14:34:05 - ROBOTY.collision - WARNING - Коллизия: роботы 2 и 6 в 5.75s, расстояние: 0.434, требуется: 0.500
2025-09-27 14:34:05 - ROBOTY.collision - WARNING - Коллизия: роботы 2 и 6 в 5.80s, расстояние: 0.415, требуется: 0.500
2025-09-27 14:34:05 - ROBOTY.collision - WARNING - Коллизия: роботы 2 и 6 в 5.85s, расстояние: 0.398, требуется: 0.500
2025-09-27 14:34:05 - ROBOTY.collision - WARNING - Коллизия: роботы 2 и 6 в 5.90s, расстояние: 0.384, требуется: 0.500
2025-09-27 14:34:05 - ROBOTY.collision - WARNING - Коллизия: роботы 2 и 6 в 5.95s, расстояние: 0.373, требуется: 0.500
2025-09-27 14:34:05 - ROBOTY.collision - WARNING - Коллизия: роботы 2 и 6 в 6.00s, расстояние: 0.366, требуется: 0.500
2025-09-27 14:34:05 - ROBOTY.collision - WARNING - Коллизия: роботы 2 и 6 в 6.05s, расстояние: 0.363, требуется: 0.500
2025-09-27 14:34:05 - ROBOTY.collision - WARNING - Коллизия: роботы 2 и 6 в 6.10s, расстояние: 0.363, требуется: 0.500
2025-09-27 14:34:05 - ROBOTY.collision - WARNING - Коллизия: роботы 2 и 6 в 6.15s, расстояние: 0.367, требуется: 0.500
2025-09-27 14:34:05 - ROBOTY.collision - WARNING - Коллизия: роботы 2 и 6 в 6.20s, расстояние: 0.375, требуется: 0.500
2025-09-27 14:34:05 - ROBOTY.collision - WARNING - Коллизия: роботы 2 и 6 в 6.25s, расстояние: 0.386, требуется: 0.500
2025-09-27 14:34:05 - ROBOTY.collision - WARNING - Коллизия: роботы 2 и 6 в 6.30s, расстояние: 0.400, требуется: 0.500
2025-09-27 14:34:05 - ROBOTY.collision - WARNING - Коллизия: роботы 2 и 6 в 6.35s, расстояние: 0.417, требуется: 0.500
2025-09-27 14:34:05 - ROBOTY.collision - WARNING - Коллизия: роботы 2 и 6 в 6.40s, расстояние: 0.437, требуется: 0.500
2025-09-27 14:34:05 - ROBOTY.collision - WARNING - Коллизия: роботы 2 и 6 в 6.45s, расстояние: 0.459, требуется: 0.500
2025-09-27 14:34:05 - ROBOTY.collision - WARNING - Коллизия: роботы 2 и 6 в 6.50s, расстояние: 0.483, требуется: 0.500
2025-09-27 14:34:05 - ROBOTY.collision - WARNING - Коллизия: роботы 6 и 10 в 10.75s, расстояние: 0.442, требуется: 0.500
2025-09-27 14:34:05 - ROBOTY.collision - WARNING - Коллизия: роботы 6 и 10 в 10.80s, расстояние: 0.364, требуется: 0.500
2025-09-27 14:34:05 - ROBOTY.collision - WARNING - Коллизия: роботы 6 и 10 в 10.85s, расстояние: 0.286, требуется: 0.500
2025-09-27 14:34:05 - ROBOTY.collision - WARNING - Коллизия: роботы 6 и 10 в 10.90s, расстояние: 0.208, требуется: 0.500
2025-09-27 14:34:05 - ROBOTY.collision - WARNING - Коллизия: роботы 6 и 10 в 10.95s, расстояние: 0.132, требуется: 0.500
2025-09-27 14:34:05 - ROBOTY.collision - WARNING - Коллизия: роботы 6 и 10 в 11.00s, расстояние: 0.061, требуется: 0.500
2025-09-27 14:34:05 - ROBOTY.collision - WARNING - Коллизия: роботы 6 и 10 в 11.05s, расстояние: 0.051, требуется: 0.500
2025-09-27 14:34:05 - ROBOTY.collision - WARNING - Коллизия: роботы 6 и 10 в 11.10s, расстояние: 0.118, требуется: 0.500
2025-09-27 14:34:05 - ROBOTY.collision - WARNING - Коллизия: роботы 6 и 10 в 11.15s, расстояние: 0.194, требуется: 0.500
2025-09-27 14:34:05 - ROBOTY.collision - WARNING - Коллизия: роботы 6 и 10 в 11.20s, расстояние: 0.271, требуется: 0.500
2025-09-27 14:34:05 - ROBOTY.collision - WARNING - Коллизия: роботы 6 и 10 в 11.25s, расстояние: 0.349, требуется: 0.500
2025-09-27 14:34:05 - ROBOTY.collision - WARNING - Коллизия: роботы 6 и 10 в 11.30s, расстояние: 0.428, требуется: 0.500
2025-09-27 14:34:05 - ROBOTY.collision - WARNING - Коллизия: роботы 1 и 9 в 21.10s, расстояние: 0.478, требуется: 0.500
2025-09-27 14:34:05 - ROBOTY.collision - WARNING - Коллизия: роботы 1 и 9 в 21.15s, расстояние: 0.447, требуется: 0.500
2025-09-27 14:34:05 - ROBOTY.collision - WARNING - Коллизия: роботы 1 и 9 в 21.20s, расстояние: 0.418, требуется: 0.500
2025-09-27 14:34:05 - ROBOTY.collision - WARNING - Коллизия: роботы 1 и 9 в 21.25s, расстояние: 0.392, требуется: 0.500
2025-09-27 14:34:05 - ROBOTY.collision - WARNING - Коллизия: роботы 1 и 9 в 21.30s, расстояние: 0.368, требуется: 0.500
2025-09-27 14:34:06 - ROBOTY.collision - WARNING - Коллизия: роботы 1 и 9 в 21.35s, расстояние: 0.347, требуется: 0.500
2025-09-27 14:34:06 - ROBOTY.collision - WARNING - Коллизия: роботы 1 и 9 в 21.40s, расстояние: 0.331, требуется: 0.500
2025-09-27 14:34:06 - ROBOTY.collision - WARNING - Коллизия: роботы 1 и 9 в 21.45s, расстояние: 0.319, требуется: 0.500
2025-09-27 14:34:06 - ROBOTY.collision - WARNING - Коллизия: роботы 1 и 9 в 21.50s, расстояние: 0.312, требуется: 0.500
2025-09-27 14:34:06 - ROBOTY.collision - WARNING - Коллизия: роботы 1 и 9 в 21.55s, расстояние: 0.311, требуется: 0.500
2025-09-27 14:34:06 - ROBOTY.collision - WARNING - Коллизия: роботы 1 и 9 в 21.60s, расстояние: 0.315, требуется: 0.500
2025-09-27 14:34:06 - ROBOTY.collision - WARNING - Коллизия: роботы 1 и 9 в 21.65s, расстояние: 0.325, требуется: 0.500
2025-09-27 14:34:06 - ROBOTY.collision - WARNING - Коллизия: роботы 1 и 9 в 21.70s, расстояние: 0.339, требуется: 0.500
2025-09-27 14:34:06 - ROBOTY.collision - WARNING - Коллизия: роботы 1 и 9 в 21.75s, расстояние: 0.358, требуется: 0.500
2025-09-27 14:34:06 - ROBOTY.collision - WARNING - Коллизия: роботы 1 и 9 в 21.80s, расстояние: 0.380, требуется: 0.500
2025-09-27 14:34:06 - ROBOTY.collision - WARNING - Коллизия: роботы 1 и 9 в 21.85s, расстояние: 0.405, требуется: 0.500
2025-09-27 14:34:06 - ROBOTY.collision - WARNING - Коллизия: роботы 1 и 9 в 21.90s, расстояние: 0.432, требуется: 0.500
2025-09-27 14:34:06 - ROBOTY.collision - WARNING - Коллизия: роботы 1 и 9 в 21.95s, расстояние: 0.455, требуется: 0.500
2025-09-27 14:34:06 - ROBOTY.collision - WARNING - Коллизия: роботы 1 и 9 в 22.00s, расстояние: 0.480, требуется: 0.500
2025-09-27 14:34:06 - ROBOTY.collision - WARNING - Коллизия: роботы 1 и 9 в 24.25s, расстояние: 0.474, требуется: 0.500
2025-09-27 14:34:06 - ROBOTY.collision - WARNING - Коллизия: роботы 1 и 9 в 24.30s, расстояние: 0.429, требуется: 0.500
2025-09-27 14:34:06 - ROBOTY.collision - WARNING - Коллизия: роботы 1 и 9 в 24.35s, расстояние: 0.386, требуется: 0.500
2025-09-27 14:34:06 - ROBOTY.collision - WARNING - Коллизия: роботы 1 и 9 в 24.40s, расстояние: 0.346, требуется: 0.500
2025-09-27 14:34:06 - ROBOTY.collision - WARNING - Коллизия: роботы 1 и 9 в 24.45s, расстояние: 0.310, требуется: 0.500
2025-09-27 14:34:06 - ROBOTY.collision - WARNING - Коллизия: роботы 1 и 9 в 24.50s, расстояние: 0.279, требуется: 0.500
2025-09-27 14:34:06 - ROBOTY.collision - WARNING - Коллизия: роботы 1 и 9 в 24.55s, расстояние: 0.255, требуется: 0.500
2025-09-27 14:34:06 - ROBOTY.collision - WARNING - Коллизия: роботы 1 и 9 в 24.60s, расстояние: 0.242, требуется: 0.500
2025-09-27 14:34:06 - ROBOTY.collision - WARNING - Коллизия: роботы 1 и 9 в 24.65s, расстояние: 0.240, требуется: 0.500
2025-09-27 14:34:06 - ROBOTY.collision - WARNING - Коллизия: роботы 1 и 9 в 24.70s, расстояние: 0.250, требуется: 0.500
2025-09-27 14:34:06 - ROBOTY.collision - WARNING - Коллизия: роботы 1 и 9 в 24.75s, расстояние: 0.271, требуется: 0.500
2025-09-27 14:34:06 - ROBOTY.collision - WARNING - Коллизия: роботы 1 и 9 в 24.80s, расстояние: 0.300, требуется: 0.500
2025-09-27 14:34:06 - ROBOTY.collision - WARNING - Коллизия: роботы 1 и 9 в 24.85s, расстояние: 0.335, требуется: 0.500
2025-09-27 14:34:06 - ROBOTY.collision - WARNING - Коллизия: роботы 1 и 9 в 24.90s, расстояние: 0.375, требуется: 0.500
2025-09-27 14:34:06 - ROBOTY.collision - WARNING - Коллизия: роботы 1 и 9 в 24.95s, расстояние: 0.418, требуется: 0.500
2025-09-27 14:34:06 - ROBOTY.collision - WARNING - Коллизия: роботы 1 и 9 в 25.00s, расстояние: 0.464, требуется: 0.500
2025-09-27 14:34:06 - ROBOTY.collision - ERROR - Обнаружено 65 коллизий
2025-09-27 14:34:06 - ROBOTY.safety - DEBUG - Добавлена пауза 0.60s роботу 2 в t=5.65s
2025-09-27 14:34:06 - ROBOTY.safety - DEBUG - Добавлена пауза 0.60s роботу 6 в t=5.65s
2025-09-27 14:34:06 - ROBOTY.safety - DEBUG - Добавлена пауза 0.60s роботу 2 в t=5.70s
2025-09-27 14:34:06 - ROBOTY.safety - DEBUG - Добавлена пауза 0.60s роботу 6 в t=5.70s
2025-09-27 14:34:06 - ROBOTY.safety - DEBUG - Добавлена пауза 0.60s роботу 2 в t=5.75s
2025-09-27 14:34:06 - ROBOTY.safety - DEBUG - Добавлена пауза 0.60s роботу 6 в t=5.75s
2025-09-27 14:34:06 - ROBOTY.safety - DEBUG - Добавлена пауза 0.60s роботу 2 в t=5.80s
2025-09-27 14:34:06 - ROBOTY.safety - DEBUG - Добавлена пауза 0.60s роботу 6 в t=5.80s
2025-09-27 14:34:06 - ROBOTY.safety - DEBUG - Добавлена пауза 0.60s роботу 2 в t=5.85s
2025-09-27 14:34:06 - ROBOTY.safety - DEBUG - Добавлена пауза 0.60s роботу 6 в t=5.85s
2025-09-27 14:34:06 - ROBOTY.safety - DEBUG - Добавлена пауза 0.60s роботу 2 в t=5.90s
2025-09-27 14:34:06 - ROBOTY.safety - DEBUG - Добавлена пауза 0.60s роботу 6 в t=5.90s
2025-09-27 14:34:06 - ROBOTY.safety - DEBUG - Добавлена пауза 0.60s роботу 2 в t=5.95s
2025-09-27 14:34:06 - ROBOTY.safety - DEBUG - Добавлена пауза 0.60s роботу 6 в t=5.95s
2025-09-27 14:34:06 - ROBOTY.safety - DEBUG - Добавлена пауза 0.60s роботу 2 в t=6.00s
2025-09-27 14:34:06 - ROBOTY.safety - DEBUG - Добавлена пауза 0.60s роботу 6 в t=6.00s
2025-09-27 14:34:06 - ROBOTY.safety - DEBUG - Добавлена пауза 0.60s роботу 2 в t=6.05s
2025-09-27 14:34:06 - ROBOTY.safety - DEBUG - Добавлена пауза 0.60s роботу 6 в t=6.05s
2025-09-27 14:34:06 - ROBOTY.safety - DEBUG - Добавлена пауза 0.60s роботу 2 в t=6.10s
2025-09-27 14:34:06 - ROBOTY.safety - DEBUG - Добавлена пауза 0.60s роботу 6 в t=6.10s
2025-09-27 14:34:06 - ROBOTY.safety - DEBUG - Добавлена пауза 0.60s роботу 2 в t=6.15s
2025-09-27 14:34:06 - ROBOTY.safety - DEBUG - Добавлена пауза 0.60s роботу 6 в t=6.15s
2025-09-27 14:34:06 - ROBOTY.safety - DEBUG - Добавлена пауза 0.60s роботу 2 в t=6.20s
2025-09-27 14:34:06 - ROBOTY.safety - DEBUG - Добавлена пауза 0.60s роботу 6 в t=6.20s
2025-09-27 14:34:06 - ROBOTY.safety - DEBUG - Добавлена пауза 0.60s роботу 2 в t=6.25s
2025-09-27 14:34:06 - ROBOTY.safety - DEBUG - Добавлена пауза 0.60s роботу 6 в t=6.25s
2025-09-27 14:34:06 - ROBOTY.safety - DEBUG - Добавлена пауза 0.60s роботу 2 в t=6.30s
2025-09-27 14:34:06 - ROBOTY.safety - DEBUG - Добавлена пауза 0.60s роботу 6 в t=6.30s
2025-09-27 14:34:06 - ROBOTY.safety - DEBUG - Добавлена пауза 0.60s роботу 2 в t=6.35s
2025-09-27 14:34:06 - ROBOTY.safety - DEBUG - Добавлена пауза 0.60s роботу 6 в t=6.35s
2025-09-27 14:34:06 - ROBOTY.safety - DEBUG - Добавлена пауза 0.60s роботу 2 в t=6.40s
2025-09-27 14:34:06 - ROBOTY.safety - DEBUG - Добавлена пауза 0.60s роботу 6 в t=6.40s
2025-09-27 14:34:06 - ROBOTY.safety - DEBUG - Добавлена пауза 0.60s роботу 2 в t=6.45s
2025-09-27 14:34:06 - ROBOTY.safety - DEBUG - Добавлена пауза 0.60s роботу 6 в t=6.45s
2025-09-27 14:34:06 - ROBOTY.safety - DEBUG - Добавлена пауза 0.60s роботу 2 в t=6.50s
2025-09-27 14:34:06 - ROBOTY.safety - DEBUG - Добавлена пауза 0.60s роботу 6 в t=6.50s
2025-09-27 14:34:06 - ROBOTY.safety - DEBUG - Добавлена пауза 0.60s роботу 6 в t=10.75s
2025-09-27 14:34:06 - ROBOTY.safety - DEBUG - Добавлена пауза 0.60s роботу 10 в t=10.75s
2025-09-27 14:34:06 - ROBOTY.safety - DEBUG - Добавлена пауза 0.60s роботу 6 в t=10.80s
2025-09-27 14:34:06 - ROBOTY.safety - DEBUG - Добавлена пауза 0.60s роботу 10 в t=10.80s
2025-09-27 14:34:06 - ROBOTY.safety - DEBUG - Добавлена пауза 0.60s роботу 6 в t=10.85s
2025-09-27 14:34:06 - ROBOTY.safety - DEBUG - Добавлена пауза 0.60s роботу 10 в t=10.85s
2025-09-27 14:34:06 - ROBOTY.safety - DEBUG - Добавлена пауза 0.60s роботу 6 в t=10.90s
2025-09-27 14:34:06 - ROBOTY.safety - DEBUG - Добавлена пауза 0.60s роботу 10 в t=10.90s
2025-09-27 14:34:06 - ROBOTY.safety - DEBUG - Добавлена пауза 0.60s роботу 6 в t=10.95s
2025-09-27 14:34:06 - ROBOTY.safety - DEBUG - Добавлена пауза 0.60s роботу 10 в t=10.95s
2025-09-27 14:34:06 - ROBOTY.safety - DEBUG - Добавлена пауза 0.60s роботу 6 в t=11.00s
2025-09-27 14:34:06 - ROBOTY.safety - DEBUG - Добавлена пауза 0.60s роботу 10 в t=11.00s
2025-09-27 14:34:06 - ROBOTY.safety - DEBUG - Добавлена пауза 0.60s роботу 6 в t=11.05s
2025-09-27 14:34:06 - ROBOTY.safety - DEBUG - Добавлена пауза 0.60s роботу 10 в t=11.05s
2025-09-27 14:34:06 - ROBOTY.safety - DEBUG - Добавлена пауза 0.60s роботу 6 в t=11.10s
2025-09-27 14:34:06 - ROBOTY.safety - DEBUG - Добавлена пауза 0.60s роботу 10 в t=11.10s
2025-09-27 14:34:06 - ROBOTY.safety - DEBUG - Добавлена пауза 0.60s роботу 6 в t=11.15s
2025-09-27 14:34:06 - ROBOTY.safety - DEBUG - Добавлена пауза 0.60s роботу 10 в t=11.15s
2025-09-27 14:34:06 - ROBOTY.safety - DEBUG - Добавлена пауза 0.60s роботу 6 в t=11.20s
2025-09-27 14:34:06 - ROBOTY.safety - DEBUG - Добавлена пауза 0.60s роботу 10 в t=11.20s
2025-09-27 14:34:06 - ROBOTY.safety - DEBUG - Добавлена пауза 0.60s роботу 6 в t=11.25s
2025-09-27 14:34:06 - ROBOTY.safety - DEBUG - Добавлена пауза 0.60s роботу 10 в t=11.25s
2025-09-27 14:34:06 - ROBOTY.safety - DEBUG - Добавлена пауза 0.60s роботу 6 в t=11.30s
2025-09-27 14:34:06 - ROBOTY.safety - DEBUG - Добавлена пауза 0.60s роботу 10 в t=11.30s
2025-09-27 14:34:06 - ROBOTY.safety - DEBUG - Добавлена пауза 0.60s роботу 1 в t=21.10s
2025-09-27 14:34:06 - ROBOTY.safety - DEBUG - Добавлена пауза 0.60s роботу 9 в t=21.10s
2025-09-27 14:34:06 - ROBOTY.safety - DEBUG - Добавлена пауза 0.60s роботу 1 в t=21.15s
2025-09-27 14:34:06 - ROBOTY.safety - DEBUG - Добавлена пауза 0.60s роботу 9 в t=21.15s
2025-09-27 14:34:06 - ROBOTY.safety - DEBUG - Добавлена пауза 0.60s роботу 1 в t=21.20s
2025-09-27 14:34:06 - ROBOTY.safety - DEBUG - Добавлена пауза 0.60s роботу 9 в t=21.20s
2025-09-27 14:34:06 - ROBOTY.safety - DEBUG - Добавлена пауза 0.60s роботу 1 в t=21.25s
2025-09-27 14:34:06 - ROBOTY.safety - DEBUG - Добавлена пауза 0.60s роботу 9 в t=21.25s
2025-09-27 14:34:06 - ROBOTY.safety - DEBUG - Добавлена пауза 0.60s роботу 1 в t=21.30s
2025-09-27 14:34:06 - ROBOTY.safety - DEBUG - Добавлена пауза 0.60s роботу 9 в t=21.30s
2025-09-27 14:34:06 - ROBOTY.safety - DEBUG - Добавлена пауза 0.60s роботу 1 в t=21.35s
2025-09-27 14:34:06 - ROBOTY.safety - DEBUG - Добавлена пауза 0.60s роботу 9 в t=21.35s
2025-09-27 14:34:06 - ROBOTY.safety - DEBUG - Добавлена пауза 0.60s роботу 1 в t=21.40s
2025-09-27 14:34:06 - ROBOTY.safety - DEBUG - Добавлена пауза 0.60s роботу 9 в t=21.40s
2025-09-27 14:34:06 - ROBOTY.safety - DEBUG - Добавлена пауза 0.60s роботу 1 в t=21.45s
2025-09-27 14:34:06 - ROBOTY.safety - DEBUG - Добавлена пауза 0.60s роботу 9 в t=21.45s
2025-09-27 14:34:06 - ROBOTY.safety - DEBUG - Добавлена пауза 0.60s роботу 1 в t=21.50s
2025-09-27 14:34:06 - ROBOTY.safety - DEBUG - Добавлена пауза 0.60s роботу 9 в t=21.50s
2025-09-27 14:34:06 - ROBOTY.safety - DEBUG - Добавлена пауза 0.60s роботу 1 в t=21.55s
2025-09-27 14:34:06 - ROBOTY.safety - DEBUG - Добавлена пауза 0.60s роботу 9 в t=21.55s
2025-09-27 14:34:06 - ROBOTY.safety - DEBUG - Добавлена пауза 0.60s роботу 1 в t=21.60s
2025-09-27 14:34:06 - ROBOTY.safety - DEBUG - Добавлена пауза 0.60s роботу 9 в t=21.60s
2025-09-27 14:34:06 - ROBOTY.safety - DEBUG - Добавлена пауза 0.60s роботу 1 в t=21.65s
2025-09-27 14:34:06 - ROBOTY.safety - DEBUG - Добавлена пауза 0.60s роботу 9 в t=21.65s
2025-09-27 14:34:06 - ROBOTY.safety - DEBUG - Добавлена пауза 0.60s роботу 1 в t=21.70s
2025-09-27 14:34:06 - ROBOTY.safety - DEBUG - Добавлена пауза 0.60s роботу 9 в t=21.70s
2025-09-27 14:34:06 - ROBOTY.safety - DEBUG - Добавлена пауза 0.60s роботу 1 в t=21.75s
2025-09-27 14:34:06 - ROBOTY.safety - DEBUG - Добавлена пауза 0.60s роботу 9 в t=21.75s
2025-09-27 14:34:06 - ROBOTY.safety - DEBUG - Добавлена пауза 0.60s роботу 1 в t=21.80s
2025-09-27 14:34:06 - ROBOTY.safety - DEBUG - Добавлена пауза 0.60s роботу 9 в t=21.80s
2025-09-27 14:34:06 - ROBOTY.safety - DEBUG - Добавлена пауза 0.60s роботу 1 в t=21.85s
2025-09-27 14:34:06 - ROBOTY.safety - DEBUG - Добавлена пауза 0.60s роботу 9 в t=21.85s
2025-09-27 14:34:06 - ROBOTY.safety - DEBUG - Добавлена пауза 0.60s роботу 1 в t=21.90s
2025-09-27 14:34:06 - ROBOTY.safety - DEBUG - Добавлена пауза 0.60s роботу 9 в t=21.90s
2025-09-27 14:34:06 - ROBOTY.safety - DEBUG - Добавлена пауза 0.60s роботу 1 в t=21.95s
2025-09-27 14:34:06 - ROBOTY.safety - DEBUG - Добавлена пауза 0.60s роботу 9 в t=21.95s
2025-09-27 14:34:06 - ROBOTY.safety - DEBUG - Добавлена пауза 0.60s роботу 1 в t=22.00s
2025-09-27 14:34:06 - ROBOTY.safety - DEBUG - Добавлена пауза 0.60s роботу 9 в t=22.00s
2025-09-27 14:34:06 - ROBOTY.safety - DEBUG - Добавлена пауза 0.60s роботу 1 в t=24.25s
2025-09-27 14:34:06 - ROBOTY.safety - DEBUG - Добавлена пауза 0.60s роботу 9 в t=24.25s
2025-09-27 14:34:06 - ROBOTY.safety - DEBUG - Добавлена пауза 0.60s роботу 1 в t=24.30s
2025-09-27 14:34:06 - ROBOTY.safety - DEBUG - Добавлена пауза 0.60s роботу 9 в t=24.30s
2025-09-27 14:34:06 - ROBOTY.safety - DEBUG - Добавлена пауза 0.60s роботу 1 в t=24.35s
2025-09-27 14:34:06 - ROBOTY.safety - DEBUG - Добавлена пауза 0.60s роботу 9 в t=24.35s
2025-09-27 14:34:06 - ROBOTY.safety - DEBUG - Добавлена пауза 0.60s роботу 1 в t=24.40s
2025-09-27 14:34:06 - ROBOTY.safety - DEBUG - Добавлена пауза 0.60s роботу 9 в t=24.40s
2025-09-27 14:34:06 - ROBOTY.safety - DEBUG - Добавлена пауза 0.60s роботу 1 в t=24.45s
2025-09-27 14:34:06 - ROBOTY.safety - DEBUG - Добавлена пауза 0.60s роботу 9 в t=24.45s
2025-09-27 14:34:06 - ROBOTY.safety - DEBUG - Добавлена пауза 0.60s роботу 1 в t=24.50s
2025-09-27 14:34:06 - ROBOTY.safety - DEBUG - Добавлена пауза 0.60s роботу 9 в t=24.50s
2025-09-27 14:34:06 - ROBOTY.safety - DEBUG - Добавлена пауза 0.60s роботу 1 в t=24.55s
2025-09-27 14:34:06 - ROBOTY.safety - DEBUG - Добавлена пауза 0.60s роботу 9 в t=24.55s
2025-09-27 14:34:06 - ROBOTY.safety - DEBUG - Добавлена пауза 0.60s роботу 1 в t=24.60s
2025-09-27 14:34:06 - ROBOTY.safety - DEBUG - Добавлена пауза 0.60s роботу 9 в t=24.60s
2025-09-27 14:34:06 - ROBOTY.safety - DEBUG - Добавлена пауза 0.60s роботу 1 в t=24.65s
2025-09-27 14:34:06 - ROBOTY.safety - DEBUG - Добавлена пауза 0.60s роботу 9 в t=24.65s
2025-09-27 14:34:06 - ROBOTY.safety - DEBUG - Добавлена пауза 0.60s роботу 1 в t=24.70s
2025-09-27 14:34:06 - ROBOTY.safety - DEBUG - Добавлена пауза 0.60s роботу 9 в t=24.70s
2025-09-27 14:34:06 - ROBOTY.safety - DEBUG - Добавлена пауза 0.60s роботу 1 в t=24.75s
2025-09-27 14:34:06 - ROBOTY.safety - DEBUG - Добавлена пауза 0.60s роботу 9 в t=24.75s
2025-09-27 14:34:06 - ROBOTY.safety - DEBUG - Добавлена пауза 0.60s роботу 1 в t=24.80s
2025-09-27 14:34:06 - ROBOTY.safety - DEBUG - Добавлена пауза 0.60s роботу 9 в t=24.80s
2025-09-27 14:34:06 - ROBOTY.safety - DEBUG - Добавлена пауза 0.60s роботу 1 в t=24.85s
2025-09-27 14:34:06 - ROBOTY.safety - DEBUG - Добавлена пауза 0.60s роботу 9 в t=24.85s
2025-09-27 14:34:06 - ROBOTY.safety - DEBUG - Добавлена пауза 0.60s роботу 1 в t=24.90s
2025-09-27 14:34:06 - ROBOTY.safety - DEBUG - Добавлена пауза 0.60s роботу 9 в t=24.90s
2025-09-27 14:34:06 - ROBOTY.safety - DEBUG - Добавлена пауза 0.60s роботу 1 в t=24.95s
2025-09-27 14:34:06 - ROBOTY.safety - DEBUG - Добавлена пауза 0.60s роботу 9 в t=24.95s
2025-09-27 14:34:06 - ROBOTY.safety - DEBUG - Добавлена пауза 0.60s роботу 1 в t=25.00s
2025-09-27 14:34:06 - ROBOTY.safety - DEBUG - Добавлена пауза 0.60s роботу 9 в t=25.00s
2025-09-27 14:34:06 - ROBOTY.safety - INFO - Онлайн-безопасность применена: паузы вставлены
2025-09-27 14:34:06 - ROBOTY.collision - INFO - Начинаем детальную проверку коллизий
2025-09-27 14:34:06 - ROBOTY.collision - DEBUG - Проверяем коллизии в диапазоне времени: 0.00 - 60.77
2025-09-27 14:34:06 - ROBOTY.collision - WARNING - Коллизия: роботы 2 и 6 в 5.70s, расстояние: 0.479, требуется: 0.500
2025-09-27 14:34:06 - ROBOTY.collision - WARNING - Коллизия: роботы 2 и 6 в 5.80s, расстояние: 0.479, требуется: 0.500
2025-09-27 14:34:06 - ROBOTY.collision - WARNING - Коллизия: роботы 2 и 6 в 5.90s, расстояние: 0.479, требуется: 0.500
2025-09-27 14:34:06 - ROBOTY.collision - WARNING - Коллизия: роботы 2 и 6 в 6.00s, расстояние: 0.479, требуется: 0.500
2025-09-27 14:34:06 - ROBOTY.collision - WARNING - Коллизия: роботы 2 и 6 в 6.10s, расстояние: 0.479, требуется: 0.500
2025-09-27 14:34:06 - ROBOTY.collision - WARNING - Коллизия: роботы 2 и 6 в 6.20s, расстояние: 0.479, требуется: 0.500
2025-09-27 14:34:06 - ROBOTY.collision - WARNING - Коллизия: роботы 2 и 6 в 6.30s, расстояние: 0.479, требуется: 0.500
2025-09-27 14:34:06 - ROBOTY.collision - WARNING - Коллизия: роботы 2 и 6 в 6.40s, расстояние: 0.479, требуется: 0.500
2025-09-27 14:34:06 - ROBOTY.collision - WARNING - Коллизия: роботы 2 и 6 в 6.50s, расстояние: 0.479, требуется: 0.500
2025-09-27 14:34:06 - ROBOTY.collision - WARNING - Коллизия: роботы 2 и 6 в 6.60s, расстояние: 0.479, требуется: 0.500
2025-09-27 14:34:06 - ROBOTY.collision - WARNING - Коллизия: роботы 2 и 6 в 6.70s, расстояние: 0.479, требуется: 0.500
2025-09-27 14:34:06 - ROBOTY.collision - WARNING - Коллизия: роботы 2 и 6 в 6.80s, расстояние: 0.479, требуется: 0.500
2025-09-27 14:34:06 - ROBOTY.collision - WARNING - Коллизия: роботы 2 и 6 в 6.90s, расстояние: 0.479, требуется: 0.500
2025-09-27 14:34:06 - ROBOTY.collision - WARNING - Коллизия: роботы 2 и 6 в 7.00s, расстояние: 0.479, требуется: 0.500
2025-09-27 14:34:06 - ROBOTY.collision - WARNING - Коллизия: роботы 2 и 6 в 7.10s, расстояние: 0.479, требуется: 0.500
2025-09-27 14:34:06 - ROBOTY.collision - WARNING - Коллизия: роботы 2 и 6 в 7.20s, расстояние: 0.479, требуется: 0.500
2025-09-27 14:34:06 - ROBOTY.collision - WARNING - Коллизия: роботы 2 и 6 в 7.30s, расстояние: 0.479, требуется: 0.500
2025-09-27 14:34:06 - ROBOTY.collision - WARNING - Коллизия: роботы 2 и 6 в 7.40s, расстояние: 0.479, требуется: 0.500
2025-09-27 14:34:06 - ROBOTY.collision - WARNING - Коллизия: роботы 2 и 6 в 7.50s, расстояние: 0.479, требуется: 0.500
2025-09-27 14:34:06 - ROBOTY.collision - WARNING - Коллизия: роботы 2 и 6 в 7.60s, расстояние: 0.479, требуется: 0.500
2025-09-27 14:34:06 - ROBOTY.collision - WARNING - Коллизия: роботы 2 и 6 в 7.70s, расстояние: 0.479, требуется: 0.500
2025-09-27 14:34:06 - ROBOTY.collision - WARNING - Коллизия: роботы 2 и 6 в 7.80s, расстояние: 0.479, требуется: 0.500
2025-09-27 14:34:06 - ROBOTY.collision - WARNING - Коллизия: роботы 2 и 6 в 7.90s, расстояние: 0.479, требуется: 0.500
2025-09-27 14:34:06 - ROBOTY.collision - WARNING - Коллизия: роботы 2 и 6 в 8.00s, расстояние: 0.479, требуется: 0.500
2025-09-27 14:34:06 - ROBOTY.collision - WARNING - Коллизия: роботы 2 и 6 в 8.10s, расстояние: 0.479, требуется: 0.500
2025-09-27 14:34:06 - ROBOTY.collision - WARNING - Коллизия: роботы 2 и 6 в 8.20s, расстояние: 0.479, требуется: 0.500
2025-09-27 14:34:06 - ROBOTY.collision - WARNING - Коллизия: роботы 2 и 6 в 8.30s, расстояние: 0.479, требуется: 0.500
2025-09-27 14:34:06 - ROBOTY.collision - WARNING - Коллизия: роботы 2 и 6 в 8.40s, расстояние: 0.479, требуется: 0.500
2025-09-27 14:34:06 - ROBOTY.collision - WARNING - Коллизия: роботы 2 и 6 в 8.50s, расстояние: 0.479, требуется: 0.500
2025-09-27 14:34:06 - ROBOTY.collision - WARNING - Коллизия: роботы 2 и 6 в 8.60s, расстояние: 0.479, требуется: 0.500
2025-09-27 14:34:06 - ROBOTY.collision - WARNING - Коллизия: роботы 2 и 6 в 8.70s, расстояние: 0.479, требуется: 0.500
2025-09-27 14:34:06 - ROBOTY.collision - WARNING - Коллизия: роботы 2 и 6 в 8.80s, расстояние: 0.479, требуется: 0.500
2025-09-27 14:34:06 - ROBOTY.collision - WARNING - Коллизия: роботы 2 и 6 в 8.90s, расстояние: 0.479, требуется: 0.500
2025-09-27 14:34:06 - ROBOTY.collision - WARNING - Коллизия: роботы 2 и 6 в 9.00s, расстояние: 0.479, требуется: 0.500
2025-09-27 14:34:06 - ROBOTY.collision - WARNING - Коллизия: роботы 2 и 6 в 9.10s, расстояние: 0.479, требуется: 0.500
2025-09-27 14:34:06 - ROBOTY.collision - WARNING - Коллизия: роботы 2 и 6 в 9.20s, расстояние: 0.479, требуется: 0.500
2025-09-27 14:34:06 - ROBOTY.collision - WARNING - Коллизия: роботы 2 и 6 в 9.30s, расстояние: 0.479, требуется: 0.500
2025-09-27 14:34:06 - ROBOTY.collision - WARNING - Коллизия: роботы 2 и 6 в 9.40s, расстояние: 0.479, требуется: 0.500
2025-09-27 14:34:06 - ROBOTY.collision - WARNING - Коллизия: роботы 2 и 6 в 9.50s, расстояние: 0.479, требуется: 0.500
2025-09-27 14:34:06 - ROBOTY.collision - WARNING - Коллизия: роботы 2 и 6 в 9.60s, расстояние: 0.479, требуется: 0.500
2025-09-27 14:34:06 - ROBOTY.collision - WARNING - Коллизия: роботы 2 и 6 в 9.70s, расстояние: 0.479, требуется: 0.500
2025-09-27 14:34:06 - ROBOTY.collision - WARNING - Коллизия: роботы 2 и 6 в 9.80s, расстояние: 0.479, требуется: 0.500
2025-09-27 14:34:06 - ROBOTY.collision - WARNING - Коллизия: роботы 2 и 6 в 9.90s, расстояние: 0.479, требуется: 0.500
2025-09-27 14:34:06 - ROBOTY.collision - WARNING - Коллизия: роботы 2 и 6 в 10.00s, расстояние: 0.479, требуется: 0.500
2025-09-27 14:34:06 - ROBOTY.collision - WARNING - Коллизия: роботы 2 и 6 в 10.10s, расстояние: 0.479, требуется: 0.500
2025-09-27 14:34:06 - ROBOTY.collision - WARNING - Коллизия: роботы 2 и 6 в 10.20s, расстояние: 0.479, требуется: 0.500
2025-09-27 14:34:06 - ROBOTY.collision - WARNING - Коллизия: роботы 2 и 6 в 10.30s, расстояние: 0.479, требуется: 0.500
2025-09-27 14:34:06 - ROBOTY.collision - WARNING - Коллизия: роботы 2 и 6 в 10.40s, расстояние: 0.479, требуется: 0.500
2025-09-27 14:34:06 - ROBOTY.collision - WARNING - Коллизия: роботы 2 и 6 в 10.50s, расстояние: 0.479, требуется: 0.500
2025-09-27 14:34:06 - ROBOTY.collision - WARNING - Коллизия: роботы 2 и 6 в 10.60s, расстояние: 0.479, требуется: 0.500
2025-09-27 14:34:06 - ROBOTY.collision - WARNING - Коллизия: роботы 2 и 6 в 10.70s, расстояние: 0.479, требуется: 0.500
2025-09-27 14:34:06 - ROBOTY.collision - WARNING - Коллизия: роботы 2 и 6 в 10.80s, расстояние: 0.479, требуется: 0.500
2025-09-27 14:34:06 - ROBOTY.collision - WARNING - Коллизия: роботы 2 и 6 в 10.90s, расстояние: 0.479, требуется: 0.500
2025-09-27 14:34:06 - ROBOTY.collision - WARNING - Коллизия: роботы 2 и 6 в 11.00s, расстояние: 0.479, требуется: 0.500
2025-09-27 14:34:06 - ROBOTY.collision - WARNING - Коллизия: роботы 2 и 6 в 11.10s, расстояние: 0.479, требуется: 0.500
2025-09-27 14:34:06 - ROBOTY.collision - WARNING - Коллизия: роботы 2 и 6 в 11.20s, расстояние: 0.479, требуется: 0.500
2025-09-27 14:34:06 - ROBOTY.collision - WARNING - Коллизия: роботы 2 и 6 в 11.30s, расстояние: 0.479, требуется: 0.500
2025-09-27 14:34:06 - ROBOTY.collision - WARNING - Коллизия: роботы 2 и 6 в 11.40s, расстояние: 0.479, требуется: 0.500
2025-09-27 14:34:06 - ROBOTY.collision - WARNING - Коллизия: роботы 2 и 6 в 11.50s, расстояние: 0.479, требуется: 0.500
2025-09-27 14:34:06 - ROBOTY.collision - WARNING - Коллизия: роботы 2 и 6 в 11.60s, расстояние: 0.479, требуется: 0.500
2025-09-27 14:34:06 - ROBOTY.collision - WARNING - Коллизия: роботы 2 и 6 в 11.70s, расстояние: 0.479, требуется: 0.500
2025-09-27 14:34:06 - ROBOTY.collision - WARNING - Коллизия: роботы 2 и 6 в 11.80s, расстояние: 0.479, требуется: 0.500
2025-09-27 14:34:06 - ROBOTY.collision - WARNING - Коллизия: роботы 2 и 6 в 11.90s, расстояние: 0.479, требуется: 0.500
2025-09-27 14:34:06 - ROBOTY.collision - WARNING - Коллизия: роботы 2 и 6 в 12.00s, расстояние: 0.479, требуется: 0.500
2025-09-27 14:34:06 - ROBOTY.collision - WARNING - Коллизия: роботы 2 и 6 в 12.10s, расстояние: 0.479, требуется: 0.500
2025-09-27 14:34:06 - ROBOTY.collision - WARNING - Коллизия: роботы 2 и 6 в 12.20s, расстояние: 0.479, требуется: 0.500
2025-09-27 14:34:06 - ROBOTY.collision - WARNING - Коллизия: роботы 2 и 6 в 12.30s, расстояние: 0.479, требуется: 0.500
2025-09-27 14:34:06 - ROBOTY.collision - WARNING - Коллизия: роботы 2 и 6 в 12.40s, расстояние: 0.479, требуется: 0.500
2025-09-27 14:34:06 - ROBOTY.collision - WARNING - Коллизия: роботы 2 и 6 в 12.50s, расстояние: 0.479, требуется: 0.500
2025-09-27 14:34:06 - ROBOTY.collision - WARNING - Коллизия: роботы 2 и 6 в 12.60s, расстояние: 0.479, требуется: 0.500
2025-09-27 14:34:06 - ROBOTY.collision - WARNING - Коллизия: роботы 2 и 6 в 12.70s, расстояние: 0.479, требуется: 0.500
2025-09-27 14:34:06 - ROBOTY.collision - WARNING - Коллизия: роботы 2 и 6 в 12.80s, расстояние: 0.479, требуется: 0.500
2025-09-27 14:34:06 - ROBOTY.collision - WARNING - Коллизия: роботы 2 и 6 в 12.90s, расстояние: 0.479, требуется: 0.500
2025-09-27 14:34:06 - ROBOTY.collision - WARNING - Коллизия: роботы 2 и 6 в 13.00s, расстояние: 0.479, требуется: 0.500
2025-09-27 14:34:06 - ROBOTY.collision - WARNING - Коллизия: роботы 2 и 6 в 13.10s, расстояние: 0.479, требуется: 0.500
2025-09-27 14:34:06 - ROBOTY.collision - WARNING - Коллизия: роботы 2 и 6 в 13.20s, расстояние: 0.479, требуется: 0.500
2025-09-27 14:34:06 - ROBOTY.collision - WARNING - Коллизия: роботы 2 и 6 в 13.30s, расстояние: 0.479, требуется: 0.500
2025-09-27 14:34:06 - ROBOTY.collision - WARNING - Коллизия: роботы 2 и 6 в 13.40s, расстояние: 0.479, требуется: 0.500
2025-09-27 14:34:06 - ROBOTY.collision - WARNING - Коллизия: роботы 2 и 6 в 13.50s, расстояние: 0.479, требуется: 0.500
2025-09-27 14:34:06 - ROBOTY.collision - WARNING - Коллизия: роботы 2 и 6 в 13.60s, расстояние: 0.479, требуется: 0.500
2025-09-27 14:34:06 - ROBOTY.collision - WARNING - Коллизия: роботы 2 и 6 в 13.70s, расстояние: 0.479, требуется: 0.500
2025-09-27 14:34:06 - ROBOTY.collision - WARNING - Коллизия: роботы 2 и 6 в 13.80s, расстояние: 0.479, требуется: 0.500
2025-09-27 14:34:06 - ROBOTY.collision - WARNING - Коллизия: роботы 2 и 6 в 13.90s, расстояние: 0.479, требуется: 0.500
2025-09-27 14:34:06 - ROBOTY.collision - WARNING - Коллизия: роботы 2 и 6 в 14.00s, расстояние: 0.479, требуется: 0.500
2025-09-27 14:34:06 - ROBOTY.collision - WARNING - Коллизия: роботы 2 и 6 в 14.10s, расстояние: 0.479, требуется: 0.500
2025-09-27 14:34:06 - ROBOTY.collision - WARNING - Коллизия: роботы 2 и 6 в 14.20s, расстояние: 0.479, требуется: 0.500
2025-09-27 14:34:06 - ROBOTY.collision - WARNING - Коллизия: роботы 2 и 6 в 14.30s, расстояние: 0.479, требуется: 0.500
2025-09-27 14:34:06 - ROBOTY.collision - WARNING - Коллизия: роботы 2 и 6 в 14.40s, расстояние: 0.479, требуется: 0.500
2025-09-27 14:34:06 - ROBOTY.collision - WARNING - Коллизия: роботы 2 и 6 в 14.50s, расстояние: 0.479, требуется: 0.500
2025-09-27 14:34:06 - ROBOTY.collision - WARNING - Коллизия: роботы 2 и 6 в 14.60s, расстояние: 0.479, требуется: 0.500
2025-09-27 14:34:06 - ROBOTY.collision - WARNING - Коллизия: роботы 2 и 6 в 14.70s, расстояние: 0.479, требуется: 0.500
2025-09-27 14:34:06 - ROBOTY.collision - WARNING - Коллизия: роботы 2 и 6 в 14.80s, расстояние: 0.479, требуется: 0.500
2025-09-27 14:34:06 - ROBOTY.collision - WARNING - Коллизия: роботы 2 и 6 в 14.90s, расстояние: 0.479, требуется: 0.500
2025-09-27 14:34:06 - ROBOTY.collision - WARNING - Коллизия: роботы 2 и 6 в 15.00s, расстояние: 0.479, требуется: 0.500
2025-09-27 14:34:06 - ROBOTY.collision - WARNING - Коллизия: роботы 2 и 6 в 15.10s, расстояние: 0.479, требуется: 0.500
2025-09-27 14:34:06 - ROBOTY.collision - WARNING - Коллизия: роботы 2 и 6 в 15.20s, расстояние: 0.479, требуется: 0.500
2025-09-27 14:34:06 - ROBOTY.collision - WARNING - Коллизия: роботы 2 и 6 в 15.30s, расстояние: 0.479, требуется: 0.500
2025-09-27 14:34:06 - ROBOTY.collision - WARNING - Коллизия: роботы 2 и 6 в 15.40s, расстояние: 0.479, требуется: 0.500
2025-09-27 14:34:06 - ROBOTY.collision - WARNING - Коллизия: роботы 2 и 6 в 15.50s, расстояние: 0.479, требуется: 0.500
2025-09-27 14:34:06 - ROBOTY.collision - WARNING - Коллизия: роботы 2 и 6 в 15.60s, расстояние: 0.479, требуется: 0.500
2025-09-27 14:34:06 - ROBOTY.collision - WARNING - Коллизия: роботы 2 и 6 в 15.70s, расстояние: 0.479, требуется: 0.500
2025-09-27 14:34:06 - ROBOTY.collision - WARNING - Коллизия: роботы 2 и 6 в 15.80s, расстояние: 0.479, требуется: 0.500
2025-09-27 14:34:06 - ROBOTY.collision - WARNING - Коллизия: роботы 2 и 6 в 15.90s, расстояние: 0.479, требуется: 0.500
2025-09-27 14:34:06 - ROBOTY.collision - WARNING - Коллизия: роботы 2 и 6 в 16.00s, расстояние: 0.479, требуется: 0.500
2025-09-27 14:34:06 - ROBOTY.collision - WARNING - Коллизия: роботы 2 и 6 в 16.10s, расстояние: 0.479, требуется: 0.500
2025-09-27 14:34:06 - ROBOTY.collision - WARNING - Коллизия: роботы 2 и 6 в 16.20s, расстояние: 0.479, требуется: 0.500
2025-09-27 14:34:06 - ROBOTY.collision - WARNING - Коллизия: роботы 2 и 6 в 16.30s, расстояние: 0.479, требуется: 0.500
2025-09-27 14:34:06 - ROBOTY.collision - WARNING - Коллизия: роботы 2 и 6 в 16.40s, расстояние: 0.479, требуется: 0.500
2025-09-27 14:34:06 - ROBOTY.collision - WARNING - Коллизия: роботы 3 и 6 в 16.40s, расстояние: 0.479, требуется: 0.500
2025-09-27 14:34:06 - ROBOTY.collision - WARNING - Коллизия: роботы 2 и 6 в 16.50s, расстояние: 0.429, требуется: 0.500
2025-09-27 14:34:06 - ROBOTY.collision - WARNING - Коллизия: роботы 3 и 6 в 16.50s, расстояние: 0.415, требуется: 0.500
2025-09-27 14:34:06 - ROBOTY.collision - WARNING - Коллизия: роботы 2 и 6 в 16.60s, расстояние: 0.347, требуется: 0.500
2025-09-27 14:34:06 - ROBOTY.collision - WARNING - Коллизия: роботы 3 и 6 в 16.60s, расстояние: 0.360, требуется: 0.500
2025-09-27 14:34:06 - ROBOTY.collision - WARNING - Коллизия: роботы 2 и 6 в 16.70s, расстояние: 0.303, требуется: 0.500
2025-09-27 14:34:06 - ROBOTY.collision - WARNING - Коллизия: роботы 3 и 6 в 16.70s, расстояние: 0.318, требуется: 0.500
2025-09-27 14:34:06 - ROBOTY.collision - WARNING - Коллизия: роботы 2 и 3 в 16.80s, расстояние: 0.469, требуется: 0.500
2025-09-27 14:34:06 - ROBOTY.collision - WARNING - Коллизия: роботы 2 и 6 в 16.80s, расстояние: 0.314, требуется: 0.500
2025-09-27 14:34:06 - ROBOTY.collision - WARNING - Коллизия: роботы 3 и 6 в 16.80s, расстояние: 0.293, требуется: 0.500
2025-09-27 14:34:06 - ROBOTY.collision - WARNING - Коллизия: роботы 2 и 3 в 16.90s, расстояние: 0.433, требуется: 0.500
2025-09-27 14:34:06 - ROBOTY.collision - WARNING - Коллизия: роботы 2 и 6 в 16.90s, расстояние: 0.375, требуется: 0.500
2025-09-27 14:34:06 - ROBOTY.collision - WARNING - Коллизия: роботы 3 и 6 в 16.90s, расстояние: 0.290, требуется: 0.500
2025-09-27 14:34:06 - ROBOTY.collision - WARNING - Коллизия: роботы 2 и 3 в 17.00s, расстояние: 0.466, требуется: 0.500
2025-09-27 14:34:06 - ROBOTY.collision - WARNING - Коллизия: роботы 2 и 6 в 17.00s, расстояние: 0.467, требуется: 0.500
2025-09-27 14:34:06 - ROBOTY.collision - WARNING - Коллизия: роботы 3 и 6 в 17.00s, расстояние: 0.311, требуется: 0.500
2025-09-27 14:34:06 - ROBOTY.collision - WARNING - Коллизия: роботы 3 и 6 в 17.10s, расстояние: 0.350, требуется: 0.500
2025-09-27 14:34:06 - ROBOTY.collision - WARNING - Коллизия: роботы 3 и 6 в 17.20s, расстояние: 0.403, требуется: 0.500
2025-09-27 14:34:06 - ROBOTY.collision - WARNING - Коллизия: роботы 3 и 6 в 17.30s, расстояние: 0.465, требуется: 0.500
2025-09-27 14:34:06 - ROBOTY.collision - WARNING - Коллизия: роботы 1 и 9 в 21.10s, расстояние: 0.478, требуется: 0.500
2025-09-27 14:34:06 - ROBOTY.collision - WARNING - Коллизия: роботы 1 и 9 в 21.20s, расстояние: 0.478, требуется: 0.500
2025-09-27 14:34:06 - ROBOTY.collision - WARNING - Коллизия: роботы 1 и 9 в 21.30s, расстояние: 0.478, требуется: 0.500
2025-09-27 14:34:06 - ROBOTY.collision - WARNING - Коллизия: роботы 1 и 9 в 21.40s, расстояние: 0.478, требуется: 0.500
2025-09-27 14:34:06 - ROBOTY.collision - WARNING - Коллизия: роботы 1 и 9 в 21.50s, расстояние: 0.478, требуется: 0.500
2025-09-27 14:34:06 - ROBOTY.collision - WARNING - Коллизия: роботы 1 и 9 в 21.60s, расстояние: 0.478, требуется: 0.500
2025-09-27 14:34:06 - ROBOTY.collision - WARNING - Коллизия: роботы 1 и 9 в 21.70s, расстояние: 0.478, требуется: 0.500
2025-09-27 14:34:06 - ROBOTY.collision - WARNING - Коллизия: роботы 1 и 9 в 21.80s, расстояние: 0.478, требуется: 0.500
2025-09-27 14:34:06 - ROBOTY.collision - WARNING - Коллизия: роботы 1 и 9 в 21.90s, расстояние: 0.478, требуется: 0.500
2025-09-27 14:34:06 - ROBOTY.collision - WARNING - Коллизия: роботы 1 и 9 в 22.00s, расстояние: 0.478, требуется: 0.500
2025-09-27 14:34:06 - ROBOTY.collision - WARNING - Коллизия: роботы 1 и 9 в 22.10s, расстояние: 0.478, требуется: 0.500
2025-09-27 14:34:06 - ROBOTY.collision - WARNING - Коллизия: роботы 1 и 9 в 22.20s, расстояние: 0.478, требуется: 0.500
2025-09-27 14:34:06 - ROBOTY.collision - WARNING - Коллизия: роботы 1 и 9 в 22.30s, расстояние: 0.478, требуется: 0.500
2025-09-27 14:34:06 - ROBOTY.collision - WARNING - Коллизия: роботы 1 и 9 в 22.40s, расстояние: 0.478, требуется: 0.500
2025-09-27 14:34:06 - ROBOTY.collision - WARNING - Коллизия: роботы 1 и 9 в 22.50s, расстояние: 0.478, требуется: 0.500
2025-09-27 14:34:06 - ROBOTY.collision - WARNING - Коллизия: роботы 1 и 9 в 22.60s, расстояние: 0.478, требуется: 0.500
2025-09-27 14:34:06 - ROBOTY.collision - WARNING - Коллизия: роботы 1 и 9 в 22.70s, расстояние: 0.478, требуется: 0.500
2025-09-27 14:34:06 - ROBOTY.collision - WARNING - Коллизия: роботы 1 и 9 в 22.80s, расстояние: 0.478, требуется: 0.500
2025-09-27 14:34:06 - ROBOTY.collision - WARNING - Коллизия: роботы 1 и 9 в 22.90s, расстояние: 0.478, требуется: 0.500
2025-09-27 14:34:06 - ROBOTY.collision - WARNING - Коллизия: роботы 1 и 9 в 23.00s, расстояние: 0.478, требуется: 0.500
2025-09-27 14:34:06 - ROBOTY.collision - WARNING - Коллизия: роботы 7 и 9 в 23.00s, расстояние: 0.452, требуется: 0.500
2025-09-27 14:34:06 - ROBOTY.collision - WARNING - Коллизия: роботы 1 и 9 в 23.10s, расстояние: 0.478, требуется: 0.500
2025-09-27 14:34:06 - ROBOTY.collision - WARNING - Коллизия: роботы 7 и 9 в 23.10s, расстояние: 0.403, требуется: 0.500
2025-09-27 14:34:06 - ROBOTY.collision - WARNING - Коллизия: роботы 1 и 9 в 23.20s, расстояние: 0.478, требуется: 0.500
2025-09-27 14:34:06 - ROBOTY.collision - WARNING - Коллизия: роботы 7 и 9 в 23.20s, расстояние: 0.368, требуется: 0.500
2025-09-27 14:34:06 - ROBOTY.collision - WARNING - Коллизия: роботы 1 и 9 в 23.30s, расстояние: 0.478, требуется: 0.500
2025-09-27 14:34:06 - ROBOTY.collision - WARNING - Коллизия: роботы 7 и 9 в 23.30s, расстояние: 0.352, требуется: 0.500
2025-09-27 14:34:06 - ROBOTY.collision - WARNING - Коллизия: роботы 1 и 9 в 23.40s, расстояние: 0.478, требуется: 0.500
2025-09-27 14:34:06 - ROBOTY.collision - WARNING - Коллизия: роботы 7 и 9 в 23.40s, расстояние: 0.357, требуется: 0.500
2025-09-27 14:34:06 - ROBOTY.collision - WARNING - Коллизия: роботы 1 и 9 в 23.50s, расстояние: 0.478, требуется: 0.500
2025-09-27 14:34:06 - ROBOTY.collision - WARNING - Коллизия: роботы 7 и 9 в 23.50s, расстояние: 0.382, требуется: 0.500
2025-09-27 14:34:06 - ROBOTY.collision - WARNING - Коллизия: роботы 1 и 9 в 23.60s, расстояние: 0.478, требуется: 0.500
2025-09-27 14:34:06 - ROBOTY.collision - WARNING - Коллизия: роботы 7 и 9 в 23.60s, расстояние: 0.423, требуется: 0.500
2025-09-27 14:34:06 - ROBOTY.collision - WARNING - Коллизия: роботы 1 и 9 в 23.70s, расстояние: 0.478, требуется: 0.500
2025-09-27 14:34:06 - ROBOTY.collision - WARNING - Коллизия: роботы 7 и 9 в 23.70s, расстояние: 0.478, требуется: 0.500
2025-09-27 14:34:06 - ROBOTY.collision - WARNING - Коллизия: роботы 1 и 9 в 23.80s, расстояние: 0.478, требуется: 0.500
2025-09-27 14:34:06 - ROBOTY.collision - WARNING - Коллизия: роботы 1 и 9 в 23.90s, расстояние: 0.478, требуется: 0.500
2025-09-27 14:34:06 - ROBOTY.collision - WARNING - Коллизия: роботы 1 и 9 в 24.00s, расстояние: 0.478, требуется: 0.500
2025-09-27 14:34:06 - ROBOTY.collision - WARNING - Коллизия: роботы 1 и 9 в 24.10s, расстояние: 0.478, требуется: 0.500
2025-09-27 14:34:06 - ROBOTY.collision - WARNING - Коллизия: роботы 1 и 9 в 24.20s, расстояние: 0.478, требуется: 0.500
2025-09-27 14:34:06 - ROBOTY.collision - WARNING - Коллизия: роботы 1 и 9 в 24.30s, расстояние: 0.478, требуется: 0.500
2025-09-27 14:34:06 - ROBOTY.collision - WARNING - Коллизия: роботы 1 и 9 в 24.40s, расстояние: 0.478, требуется: 0.500
2025-09-27 14:34:06 - ROBOTY.collision - WARNING - Коллизия: роботы 1 и 9 в 24.50s, расстояние: 0.478, требуется: 0.500
2025-09-27 14:34:06 - ROBOTY.collision - WARNING - Коллизия: роботы 1 и 9 в 24.60s, расстояние: 0.478, требуется: 0.500
2025-09-27 14:34:06 - ROBOTY.collision - WARNING - Коллизия: роботы 1 и 9 в 24.70s, расстояние: 0.478, требуется: 0.500
2025-09-27 14:34:06 - ROBOTY.collision - WARNING - Коллизия: роботы 1 и 9 в 24.80s, расстояние: 0.478, требуется: 0.500
2025-09-27 14:34:06 - ROBOTY.collision - WARNING - Коллизия: роботы 1 и 9 в 24.90s, расстояние: 0.478, требуется: 0.500
2025-09-27 14:34:06 - ROBOTY.collision - WARNING - Коллизия: роботы 1 и 9 в 25.00s, расстояние: 0.478, требуется: 0.500
2025-09-27 14:34:06 - ROBOTY.collision - WARNING - Коллизия: роботы 1 и 9 в 25.10s, расстояние: 0.478, требуется: 0.500
2025-09-27 14:34:06 - ROBOTY.collision - WARNING - Коллизия: роботы 1 и 9 в 25.20s, расстояние: 0.478, требуется: 0.500
2025-09-27 14:34:06 - ROBOTY.collision - WARNING - Коллизия: роботы 1 и 9 в 25.30s, расстояние: 0.478, требуется: 0.500
2025-09-27 14:34:06 - ROBOTY.collision - WARNING - Коллизия: роботы 1 и 9 в 25.40s, расстояние: 0.478, требуется: 0.500
2025-09-27 14:34:06 - ROBOTY.collision - WARNING - Коллизия: роботы 1 и 9 в 25.50s, расстояние: 0.478, требуется: 0.500
2025-09-27 14:34:06 - ROBOTY.collision - WARNING - Коллизия: роботы 1 и 9 в 25.60s, расстояние: 0.478, требуется: 0.500
2025-09-27 14:34:06 - ROBOTY.collision - WARNING - Коллизия: роботы 1 и 9 в 25.70s, расстояние: 0.478, требуется: 0.500
2025-09-27 14:34:06 - ROBOTY.collision - WARNING - Коллизия: роботы 1 и 9 в 25.80s, расстояние: 0.478, требуется: 0.500
2025-09-27 14:34:06 - ROBOTY.collision - WARNING - Коллизия: роботы 1 и 9 в 25.90s, расстояние: 0.478, требуется: 0.500
2025-09-27 14:34:06 - ROBOTY.collision - WARNING - Коллизия: роботы 1 и 9 в 26.00s, расстояние: 0.478, требуется: 0.500
2025-09-27 14:34:06 - ROBOTY.collision - WARNING - Коллизия: роботы 1 и 9 в 26.10s, расстояние: 0.478, требуется: 0.500
2025-09-27 14:34:06 - ROBOTY.collision - WARNING - Коллизия: роботы 1 и 7 в 26.20s, расстояние: 0.487, требуется: 0.500
2025-09-27 14:34:06 - ROBOTY.collision - WARNING - Коллизия: роботы 1 и 9 в 26.20s, расстояние: 0.478, требуется: 0.500
2025-09-27 14:34:06 - ROBOTY.collision - WARNING - Коллизия: роботы 1 и 7 в 26.30s, расстояние: 0.446, требуется: 0.500
2025-09-27 14:34:06 - ROBOTY.collision - WARNING - Коллизия: роботы 1 и 9 в 26.30s, расстояние: 0.478, требуется: 0.500
2025-09-27 14:34:06 - ROBOTY.collision - WARNING - Коллизия: роботы 1 и 7 в 26.40s, расстояние: 0.420, требуется: 0.500
2025-09-27 14:34:06 - ROBOTY.collision - WARNING - Коллизия: роботы 1 и 9 в 26.40s, расстояние: 0.478, требуется: 0.500
2025-09-27 14:34:06 - ROBOTY.collision - WARNING - Коллизия: роботы 1 и 7 в 26.50s, расстояние: 0.411, требуется: 0.500
2025-09-27 14:34:06 - ROBOTY.collision - WARNING - Коллизия: роботы 1 и 9 в 26.50s, расстояние: 0.478, требуется: 0.500
2025-09-27 14:34:06 - ROBOTY.collision - WARNING - Коллизия: роботы 1 и 7 в 26.60s, расстояние: 0.420, требуется: 0.500
2025-09-27 14:34:06 - ROBOTY.collision - WARNING - Коллизия: роботы 1 и 9 в 26.60s, расстояние: 0.478, требуется: 0.500
2025-09-27 14:34:06 - ROBOTY.collision - WARNING - Коллизия: роботы 1 и 7 в 26.70s, расстояние: 0.446, требуется: 0.500
2025-09-27 14:34:06 - ROBOTY.collision - WARNING - Коллизия: роботы 1 и 9 в 26.70s, расстояние: 0.478, требуется: 0.500
2025-09-27 14:34:06 - ROBOTY.collision - WARNING - Коллизия: роботы 1 и 7 в 26.80s, расстояние: 0.486, требуется: 0.500
2025-09-27 14:34:06 - ROBOTY.collision - WARNING - Коллизия: роботы 1 и 9 в 26.80s, расстояние: 0.478, требуется: 0.500
2025-09-27 14:34:06 - ROBOTY.collision - WARNING - Коллизия: роботы 1 и 9 в 26.90s, расстояние: 0.478, требуется: 0.500
2025-09-27 14:34:06 - ROBOTY.collision - WARNING - Коллизия: роботы 1 и 9 в 27.00s, расстояние: 0.478, требуется: 0.500
2025-09-27 14:34:06 - ROBOTY.collision - WARNING - Коллизия: роботы 1 и 9 в 27.10s, расстояние: 0.478, требуется: 0.500
2025-09-27 14:34:06 - ROBOTY.collision - WARNING - Коллизия: роботы 1 и 9 в 27.20s, расстояние: 0.478, требуется: 0.500
2025-09-27 14:34:06 - ROBOTY.collision - WARNING - Коллизия: роботы 1 и 9 в 27.30s, расстояние: 0.478, требуется: 0.500
2025-09-27 14:34:06 - ROBOTY.collision - WARNING - Коллизия: роботы 1 и 9 в 27.40s, расстояние: 0.478, требуется: 0.500
2025-09-27 14:34:06 - ROBOTY.collision - WARNING - Коллизия: роботы 1 и 9 в 27.50s, расстояние: 0.478, требуется: 0.500
2025-09-27 14:34:06 - ROBOTY.collision - WARNING - Коллизия: роботы 1 и 9 в 27.60s, расстояние: 0.478, требуется: 0.500
2025-09-27 14:34:06 - ROBOTY.collision - WARNING - Коллизия: роботы 1 и 9 в 27.70s, расстояние: 0.478, требуется: 0.500
2025-09-27 14:34:06 - ROBOTY.collision - WARNING - Коллизия: роботы 1 и 9 в 27.80s, расстояние: 0.478, требуется: 0.500
2025-09-27 14:34:06 - ROBOTY.collision - WARNING - Коллизия: роботы 1 и 9 в 27.90s, расстояние: 0.478, требуется: 0.500
2025-09-27 14:34:06 - ROBOTY.collision - WARNING - Коллизия: роботы 1 и 9 в 28.00s, расстояние: 0.478, требуется: 0.500
2025-09-27 14:34:06 - ROBOTY.collision - WARNING - Коллизия: роботы 1 и 9 в 28.10s, расстояние: 0.478, требуется: 0.500
2025-09-27 14:34:06 - ROBOTY.collision - WARNING - Коллизия: роботы 1 и 9 в 28.20s, расстояние: 0.478, требуется: 0.500
2025-09-27 14:34:06 - ROBOTY.collision - WARNING - Коллизия: роботы 1 и 9 в 28.30s, расстояние: 0.478, требуется: 0.500
2025-09-27 14:34:06 - ROBOTY.collision - WARNING - Коллизия: роботы 1 и 9 в 28.40s, расстояние: 0.478, требуется: 0.500
2025-09-27 14:34:06 - ROBOTY.collision - WARNING - Коллизия: роботы 1 и 9 в 28.50s, расстояние: 0.478, требуется: 0.500
2025-09-27 14:34:06 - ROBOTY.collision - WARNING - Коллизия: роботы 1 и 9 в 28.60s, расстояние: 0.478, требуется: 0.500
2025-09-27 14:34:06 - ROBOTY.collision - WARNING - Коллизия: роботы 1 и 9 в 28.70s, расстояние: 0.478, требуется: 0.500
2025-09-27 14:34:06 - ROBOTY.collision - WARNING - Коллизия: роботы 1 и 9 в 28.80s, расстояние: 0.478, требуется: 0.500
2025-09-27 14:34:06 - ROBOTY.collision - WARNING - Коллизия: роботы 1 и 9 в 28.90s, расстояние: 0.478, требуется: 0.500
2025-09-27 14:34:06 - ROBOTY.collision - WARNING - Коллизия: роботы 1 и 9 в 29.00s, расстояние: 0.478, требуется: 0.500
2025-09-27 14:34:06 - ROBOTY.collision - WARNING - Коллизия: роботы 1 и 9 в 29.10s, расстояние: 0.478, требуется: 0.500
2025-09-27 14:34:06 - ROBOTY.collision - WARNING - Коллизия: роботы 1 и 9 в 29.20s, расстояние: 0.478, требуется: 0.500
2025-09-27 14:34:06 - ROBOTY.collision - WARNING - Коллизия: роботы 1 и 9 в 29.30s, расстояние: 0.478, требуется: 0.500
2025-09-27 14:34:06 - ROBOTY.collision - WARNING - Коллизия: роботы 1 и 9 в 29.40s, расстояние: 0.478, требуется: 0.500
2025-09-27 14:34:06 - ROBOTY.collision - WARNING - Коллизия: роботы 1 и 9 в 29.50s, расстояние: 0.478, требуется: 0.500
2025-09-27 14:34:06 - ROBOTY.collision - WARNING - Коллизия: роботы 1 и 9 в 29.60s, расстояние: 0.478, требуется: 0.500
2025-09-27 14:34:06 - ROBOTY.collision - WARNING - Коллизия: роботы 1 и 9 в 29.70s, расстояние: 0.478, требуется: 0.500
2025-09-27 14:34:06 - ROBOTY.collision - WARNING - Коллизия: роботы 1 и 9 в 29.80s, расстояние: 0.478, требуется: 0.500
2025-09-27 14:34:06 - ROBOTY.collision - WARNING - Коллизия: роботы 1 и 9 в 29.90s, расстояние: 0.478, требуется: 0.500
2025-09-27 14:34:06 - ROBOTY.collision - WARNING - Коллизия: роботы 1 и 9 в 30.00s, расстояние: 0.478, требуется: 0.500
2025-09-27 14:34:06 - ROBOTY.collision - WARNING - Коллизия: роботы 1 и 9 в 30.10s, расстояние: 0.478, требуется: 0.500
2025-09-27 14:34:06 - ROBOTY.collision - WARNING - Коллизия: роботы 1 и 9 в 30.20s, расстояние: 0.478, требуется: 0.500
2025-09-27 14:34:06 - ROBOTY.collision - WARNING - Коллизия: роботы 1 и 9 в 30.30s, расстояние: 0.478, требуется: 0.500
2025-09-27 14:34:06 - ROBOTY.collision - WARNING - Коллизия: роботы 1 и 9 в 30.40s, расстояние: 0.478, требуется: 0.500
2025-09-27 14:34:06 - ROBOTY.collision - WARNING - Коллизия: роботы 1 и 9 в 30.50s, расстояние: 0.478, требуется: 0.500
2025-09-27 14:34:06 - ROBOTY.collision - WARNING - Коллизия: роботы 1 и 9 в 30.60s, расстояние: 0.478, требуется: 0.500
2025-09-27 14:34:06 - ROBOTY.collision - WARNING - Коллизия: роботы 1 и 9 в 30.70s, расстояние: 0.478, требуется: 0.500
2025-09-27 14:34:06 - ROBOTY.collision - WARNING - Коллизия: роботы 1 и 9 в 30.80s, расстояние: 0.478, требуется: 0.500
2025-09-27 14:34:06 - ROBOTY.collision - WARNING - Коллизия: роботы 1 и 9 в 30.90s, расстояние: 0.478, требуется: 0.500
2025-09-27 14:34:06 - ROBOTY.collision - WARNING - Коллизия: роботы 1 и 9 в 31.00s, расстояние: 0.478, требуется: 0.500
2025-09-27 14:34:06 - ROBOTY.collision - WARNING - Коллизия: роботы 1 и 9 в 31.10s, расстояние: 0.478, требуется: 0.500
2025-09-27 14:34:06 - ROBOTY.collision - WARNING - Коллизия: роботы 1 и 9 в 31.20s, расстояние: 0.478, требуется: 0.500
2025-09-27 14:34:06 - ROBOTY.collision - WARNING - Коллизия: роботы 1 и 9 в 31.30s, расстояние: 0.478, требуется: 0.500
2025-09-27 14:34:06 - ROBOTY.collision - WARNING - Коллизия: роботы 1 и 9 в 31.40s, расстояние: 0.478, требуется: 0.500
2025-09-27 14:34:06 - ROBOTY.collision - WARNING - Коллизия: роботы 1 и 9 в 31.50s, расстояние: 0.478, требуется: 0.500
2025-09-27 14:34:06 - ROBOTY.collision - WARNING - Коллизия: роботы 1 и 9 в 31.60s, расстояние: 0.478, требуется: 0.500
2025-09-27 14:34:06 - ROBOTY.collision - WARNING - Коллизия: роботы 1 и 9 в 31.70s, расстояние: 0.478, требуется: 0.500
2025-09-27 14:34:06 - ROBOTY.collision - WARNING - Коллизия: роботы 1 и 9 в 31.80s, расстояние: 0.478, требуется: 0.500
2025-09-27 14:34:06 - ROBOTY.collision - WARNING - Коллизия: роботы 1 и 9 в 31.90s, расстояние: 0.478, требуется: 0.500
2025-09-27 14:34:06 - ROBOTY.collision - WARNING - Коллизия: роботы 1 и 9 в 32.00s, расстояние: 0.478, требуется: 0.500
2025-09-27 14:34:06 - ROBOTY.collision - WARNING - Коллизия: роботы 1 и 9 в 32.10s, расстояние: 0.478, требуется: 0.500
2025-09-27 14:34:06 - ROBOTY.collision - WARNING - Коллизия: роботы 1 и 9 в 32.20s, расстояние: 0.478, требуется: 0.500
2025-09-27 14:34:06 - ROBOTY.collision - WARNING - Коллизия: роботы 1 и 9 в 32.30s, расстояние: 0.478, требуется: 0.500
2025-09-27 14:34:06 - ROBOTY.collision - WARNING - Коллизия: роботы 1 и 9 в 32.40s, расстояние: 0.478, требуется: 0.500
2025-09-27 14:34:06 - ROBOTY.collision - WARNING - Коллизия: роботы 1 и 9 в 32.50s, расстояние: 0.478, требуется: 0.500
2025-09-27 14:34:06 - ROBOTY.collision - WARNING - Коллизия: роботы 1 и 9 в 32.60s, расстояние: 0.478, требуется: 0.500
2025-09-27 14:34:06 - ROBOTY.collision - WARNING - Коллизия: роботы 1 и 9 в 32.70s, расстояние: 0.478, требуется: 0.500
2025-09-27 14:34:06 - ROBOTY.collision - WARNING - Коллизия: роботы 1 и 9 в 32.80s, расстояние: 0.478, требуется: 0.500
2025-09-27 14:34:06 - ROBOTY.collision - WARNING - Коллизия: роботы 1 и 9 в 32.90s, расстояние: 0.478, требуется: 0.500
2025-09-27 14:34:06 - ROBOTY.collision - WARNING - Коллизия: роботы 1 и 9 в 33.00s, расстояние: 0.478, требуется: 0.500
2025-09-27 14:34:06 - ROBOTY.collision - WARNING - Коллизия: роботы 1 и 9 в 33.10s, расстояние: 0.478, требуется: 0.500
2025-09-27 14:34:06 - ROBOTY.collision - WARNING - Коллизия: роботы 1 и 9 в 33.20s, расстояние: 0.478, требуется: 0.500
2025-09-27 14:34:06 - ROBOTY.collision - WARNING - Коллизия: роботы 1 и 9 в 33.30s, расстояние: 0.478, требуется: 0.500
2025-09-27 14:34:06 - ROBOTY.collision - WARNING - Коллизия: роботы 1 и 9 в 33.40s, расстояние: 0.478, требуется: 0.500
2025-09-27 14:34:06 - ROBOTY.collision - WARNING - Коллизия: роботы 1 и 9 в 33.50s, расстояние: 0.478, требуется: 0.500
2025-09-27 14:34:06 - ROBOTY.collision - WARNING - Коллизия: роботы 1 и 9 в 33.60s, расстояние: 0.478, требуется: 0.500
2025-09-27 14:34:06 - ROBOTY.collision - WARNING - Коллизия: роботы 1 и 9 в 33.70s, расстояние: 0.478, требуется: 0.500
2025-09-27 14:34:06 - ROBOTY.collision - WARNING - Коллизия: роботы 1 и 9 в 33.80s, расстояние: 0.478, требуется: 0.500
2025-09-27 14:34:06 - ROBOTY.collision - WARNING - Коллизия: роботы 1 и 9 в 33.90s, расстояние: 0.478, требуется: 0.500
2025-09-27 14:34:06 - ROBOTY.collision - WARNING - Коллизия: роботы 1 и 9 в 34.00s, расстояние: 0.478, требуется: 0.500
2025-09-27 14:34:06 - ROBOTY.collision - WARNING - Коллизия: роботы 1 и 9 в 34.10s, расстояние: 0.478, требуется: 0.500
2025-09-27 14:34:06 - ROBOTY.collision - WARNING - Коллизия: роботы 1 и 9 в 34.20s, расстояние: 0.478, требуется: 0.500
2025-09-27 14:34:06 - ROBOTY.collision - WARNING - Коллизия: роботы 1 и 9 в 34.30s, расстояние: 0.478, требуется: 0.500
2025-09-27 14:34:06 - ROBOTY.collision - WARNING - Коллизия: роботы 1 и 9 в 34.40s, расстояние: 0.478, требуется: 0.500
2025-09-27 14:34:06 - ROBOTY.collision - WARNING - Коллизия: роботы 1 и 9 в 34.50s, расстояние: 0.478, требуется: 0.500
2025-09-27 14:34:06 - ROBOTY.collision - WARNING - Коллизия: роботы 1 и 9 в 34.60s, расстояние: 0.478, требуется: 0.500
2025-09-27 14:34:06 - ROBOTY.collision - WARNING - Коллизия: роботы 1 и 9 в 34.70s, расстояние: 0.478, требуется: 0.500
2025-09-27 14:34:06 - ROBOTY.collision - WARNING - Коллизия: роботы 1 и 9 в 34.80s, расстояние: 0.478, требуется: 0.500
2025-09-27 14:34:06 - ROBOTY.collision - WARNING - Коллизия: роботы 1 и 9 в 34.90s, расстояние: 0.478, требуется: 0.500
2025-09-27 14:34:06 - ROBOTY.collision - WARNING - Коллизия: роботы 1 и 9 в 35.00s, расстояние: 0.478, требуется: 0.500
2025-09-27 14:34:06 - ROBOTY.collision - WARNING - Коллизия: роботы 1 и 9 в 35.10s, расстояние: 0.478, требуется: 0.500
2025-09-27 14:34:06 - ROBOTY.collision - WARNING - Коллизия: роботы 1 и 9 в 35.20s, расстояние: 0.478, требуется: 0.500
2025-09-27 14:34:06 - ROBOTY.collision - WARNING - Коллизия: роботы 1 и 9 в 35.30s, расстояние: 0.478, требуется: 0.500
2025-09-27 14:34:06 - ROBOTY.collision - WARNING - Коллизия: роботы 1 и 9 в 35.40s, расстояние: 0.478, требуется: 0.500
2025-09-27 14:34:06 - ROBOTY.collision - WARNING - Коллизия: роботы 1 и 9 в 35.50s, расстояние: 0.478, требуется: 0.500
2025-09-27 14:34:06 - ROBOTY.collision - WARNING - Коллизия: роботы 1 и 9 в 35.60s, расстояние: 0.478, требуется: 0.500
2025-09-27 14:34:06 - ROBOTY.collision - WARNING - Коллизия: роботы 1 и 9 в 35.70s, расстояние: 0.478, требуется: 0.500
2025-09-27 14:34:06 - ROBOTY.collision - WARNING - Коллизия: роботы 1 и 9 в 35.80s, расстояние: 0.478, требуется: 0.500
2025-09-27 14:34:06 - ROBOTY.collision - WARNING - Коллизия: роботы 1 и 9 в 35.90s, расстояние: 0.478, требуется: 0.500
2025-09-27 14:34:06 - ROBOTY.collision - WARNING - Коллизия: роботы 1 и 9 в 36.00s, расстояние: 0.478, требуется: 0.500
2025-09-27 14:34:06 - ROBOTY.collision - WARNING - Коллизия: роботы 1 и 9 в 36.10s, расстояние: 0.478, требуется: 0.500
2025-09-27 14:34:06 - ROBOTY.collision - WARNING - Коллизия: роботы 1 и 9 в 36.20s, расстояние: 0.478, требуется: 0.500
2025-09-27 14:34:06 - ROBOTY.collision - WARNING - Коллизия: роботы 1 и 9 в 36.30s, расстояние: 0.478, требуется: 0.500
2025-09-27 14:34:06 - ROBOTY.collision - WARNING - Коллизия: роботы 1 и 9 в 36.40s, расстояние: 0.478, требуется: 0.500
2025-09-27 14:34:06 - ROBOTY.collision - WARNING - Коллизия: роботы 1 и 9 в 36.50s, расстояние: 0.478, требуется: 0.500
2025-09-27 14:34:06 - ROBOTY.collision - WARNING - Коллизия: роботы 1 и 9 в 36.60s, расстояние: 0.478, требуется: 0.500
2025-09-27 14:34:06 - ROBOTY.collision - WARNING - Коллизия: роботы 1 и 9 в 36.70s, расстояние: 0.478, требуется: 0.500
2025-09-27 14:34:06 - ROBOTY.collision - WARNING - Коллизия: роботы 1 и 9 в 36.80s, расстояние: 0.478, требуется: 0.500
2025-09-27 14:34:06 - ROBOTY.collision - WARNING - Коллизия: роботы 1 и 9 в 36.90s, расстояние: 0.478, требуется: 0.500
2025-09-27 14:34:06 - ROBOTY.collision - WARNING - Коллизия: роботы 1 и 9 в 37.00s, расстояние: 0.478, требуется: 0.500
2025-09-27 14:34:06 - ROBOTY.collision - WARNING - Коллизия: роботы 1 и 9 в 37.10s, расстояние: 0.478, требуется: 0.500
2025-09-27 14:34:06 - ROBOTY.collision - WARNING - Коллизия: роботы 1 и 9 в 37.20s, расстояние: 0.478, требуется: 0.500
2025-09-27 14:34:06 - ROBOTY.collision - WARNING - Коллизия: роботы 1 и 9 в 37.30s, расстояние: 0.478, требуется: 0.500
2025-09-27 14:34:06 - ROBOTY.collision - WARNING - Коллизия: роботы 1 и 9 в 37.40s, расстояние: 0.478, требуется: 0.500
2025-09-27 14:34:06 - ROBOTY.collision - WARNING - Коллизия: роботы 1 и 9 в 37.50s, расстояние: 0.478, требуется: 0.500
2025-09-27 14:34:06 - ROBOTY.collision - WARNING - Коллизия: роботы 1 и 9 в 37.60s, расстояние: 0.478, требуется: 0.500
2025-09-27 14:34:06 - ROBOTY.collision - WARNING - Коллизия: роботы 1 и 9 в 37.70s, расстояние: 0.478, требуется: 0.500
2025-09-27 14:34:06 - ROBOTY.collision - WARNING - Коллизия: роботы 1 и 9 в 37.80s, расстояние: 0.478, требуется: 0.500
2025-09-27 14:34:06 - ROBOTY.collision - WARNING - Коллизия: роботы 1 и 9 в 37.90s, расстояние: 0.478, требуется: 0.500
2025-09-27 14:34:06 - ROBOTY.collision - WARNING - Коллизия: роботы 1 и 9 в 38.00s, расстояние: 0.478, требуется: 0.500
2025-09-27 14:34:06 - ROBOTY.collision - WARNING - Коллизия: роботы 1 и 9 в 38.10s, расстояние: 0.478, требуется: 0.500
2025-09-27 14:34:06 - ROBOTY.collision - WARNING - Коллизия: роботы 1 и 9 в 38.20s, расстояние: 0.478, требуется: 0.500
2025-09-27 14:34:06 - ROBOTY.collision - WARNING - Коллизия: роботы 1 и 9 в 38.30s, расстояние: 0.478, требуется: 0.500
2025-09-27 14:34:06 - ROBOTY.collision - WARNING - Коллизия: роботы 1 и 9 в 38.40s, расстояние: 0.478, требуется: 0.500
2025-09-27 14:34:06 - ROBOTY.collision - WARNING - Коллизия: роботы 1 и 9 в 38.50s, расстояние: 0.478, требуется: 0.500
2025-09-27 14:34:06 - ROBOTY.collision - WARNING - Коллизия: роботы 1 и 9 в 38.60s, расстояние: 0.478, требуется: 0.500
2025-09-27 14:34:06 - ROBOTY.collision - WARNING - Коллизия: роботы 1 и 9 в 38.70s, расстояние: 0.478, требуется: 0.500
2025-09-27 14:34:06 - ROBOTY.collision - WARNING - Коллизия: роботы 1 и 9 в 38.80s, расстояние: 0.478, требуется: 0.500
2025-09-27 14:34:06 - ROBOTY.collision - WARNING - Коллизия: роботы 1 и 9 в 38.90s, расстояние: 0.478, требуется: 0.500
2025-09-27 14:34:06 - ROBOTY.collision - WARNING - Коллизия: роботы 1 и 9 в 39.00s, расстояние: 0.478, требуется: 0.500
2025-09-27 14:34:06 - ROBOTY.collision - WARNING - Коллизия: роботы 1 и 9 в 39.10s, расстояние: 0.478, требуется: 0.500
2025-09-27 14:34:06 - ROBOTY.collision - WARNING - Коллизия: роботы 1 и 9 в 39.20s, расстояние: 0.478, требуется: 0.500
2025-09-27 14:34:06 - ROBOTY.collision - WARNING - Коллизия: роботы 1 и 9 в 39.30s, расстояние: 0.478, требуется: 0.500
2025-09-27 14:34:06 - ROBOTY.collision - WARNING - Коллизия: роботы 1 и 9 в 39.40s, расстояние: 0.478, требуется: 0.500
2025-09-27 14:34:06 - ROBOTY.collision - WARNING - Коллизия: роботы 1 и 9 в 39.50s, расстояние: 0.478, требуется: 0.500
2025-09-27 14:34:06 - ROBOTY.collision - WARNING - Коллизия: роботы 1 и 9 в 39.60s, расстояние: 0.478, требуется: 0.500
2025-09-27 14:34:06 - ROBOTY.collision - WARNING - Коллизия: роботы 1 и 9 в 39.70s, расстояние: 0.478, требуется: 0.500
2025-09-27 14:34:06 - ROBOTY.collision - WARNING - Коллизия: роботы 1 и 9 в 39.80s, расстояние: 0.478, требуется: 0.500
2025-09-27 14:34:06 - ROBOTY.collision - WARNING - Коллизия: роботы 1 и 9 в 39.90s, расстояние: 0.478, требуется: 0.500
2025-09-27 14:34:06 - ROBOTY.collision - WARNING - Коллизия: роботы 1 и 9 в 40.00s, расстояние: 0.478, требуется: 0.500
2025-09-27 14:34:06 - ROBOTY.collision - WARNING - Коллизия: роботы 1 и 9 в 40.10s, расстояние: 0.478, требуется: 0.500
2025-09-27 14:34:06 - ROBOTY.collision - WARNING - Коллизия: роботы 1 и 9 в 40.20s, расстояние: 0.478, требуется: 0.500
2025-09-27 14:34:06 - ROBOTY.collision - WARNING - Коллизия: роботы 1 и 9 в 40.30s, расстояние: 0.478, требуется: 0.500
2025-09-27 14:34:06 - ROBOTY.collision - WARNING - Коллизия: роботы 1 и 9 в 40.40s, расстояние: 0.478, требуется: 0.500
2025-09-27 14:34:06 - ROBOTY.collision - WARNING - Коллизия: роботы 1 и 9 в 40.50s, расстояние: 0.478, требуется: 0.500
2025-09-27 14:34:06 - ROBOTY.collision - WARNING - Коллизия: роботы 1 и 9 в 40.60s, расстояние: 0.478, требуется: 0.500
2025-09-27 14:34:06 - ROBOTY.collision - WARNING - Коллизия: роботы 1 и 9 в 40.70s, расстояние: 0.478, требуется: 0.500
2025-09-27 14:34:06 - ROBOTY.collision - WARNING - Коллизия: роботы 1 и 9 в 40.80s, расстояние: 0.478, требуется: 0.500
2025-09-27 14:34:06 - ROBOTY.collision - WARNING - Коллизия: роботы 1 и 9 в 40.90s, расстояние: 0.478, требуется: 0.500
2025-09-27 14:34:06 - ROBOTY.collision - WARNING - Коллизия: роботы 1 и 9 в 41.00s, расстояние: 0.478, требуется: 0.500
2025-09-27 14:34:06 - ROBOTY.collision - WARNING - Коллизия: роботы 1 и 9 в 41.10s, расстояние: 0.478, требуется: 0.500
2025-09-27 14:34:06 - ROBOTY.collision - WARNING - Коллизия: роботы 1 и 9 в 41.20s, расстояние: 0.478, требуется: 0.500
2025-09-27 14:34:06 - ROBOTY.collision - WARNING - Коллизия: роботы 1 и 9 в 41.30s, расстояние: 0.478, требуется: 0.500
2025-09-27 14:34:06 - ROBOTY.collision - WARNING - Коллизия: роботы 1 и 9 в 41.40s, расстояние: 0.478, требуется: 0.500
2025-09-27 14:34:06 - ROBOTY.collision - WARNING - Коллизия: роботы 1 и 9 в 41.50s, расстояние: 0.478, требуется: 0.500
2025-09-27 14:34:06 - ROBOTY.collision - WARNING - Коллизия: роботы 1 и 9 в 41.60s, расстояние: 0.478, требуется: 0.500
2025-09-27 14:34:06 - ROBOTY.collision - WARNING - Коллизия: роботы 1 и 9 в 41.70s, расстояние: 0.478, требуется: 0.500
2025-09-27 14:34:06 - ROBOTY.collision - WARNING - Коллизия: роботы 1 и 9 в 41.80s, расстояние: 0.478, требуется: 0.500
2025-09-27 14:34:06 - ROBOTY.collision - WARNING - Коллизия: роботы 1 и 9 в 41.90s, расстояние: 0.478, требуется: 0.500
2025-09-27 14:34:06 - ROBOTY.collision - WARNING - Коллизия: роботы 1 и 9 в 42.00s, расстояние: 0.478, требуется: 0.500
2025-09-27 14:34:06 - ROBOTY.collision - WARNING - Коллизия: роботы 1 и 9 в 42.10s, расстояние: 0.478, требуется: 0.500
2025-09-27 14:34:06 - ROBOTY.collision - WARNING - Коллизия: роботы 1 и 9 в 42.20s, расстояние: 0.418, требуется: 0.500
2025-09-27 14:34:06 - ROBOTY.collision - WARNING - Коллизия: роботы 1 и 9 в 42.30s, расстояние: 0.368, требуется: 0.500
2025-09-27 14:34:06 - ROBOTY.collision - WARNING - Коллизия: роботы 1 и 9 в 42.40s, расстояние: 0.331, требуется: 0.500
2025-09-27 14:34:06 - ROBOTY.collision - WARNING - Коллизия: роботы 1 и 9 в 42.50s, расстояние: 0.312, требуется: 0.500
2025-09-27 14:34:06 - ROBOTY.collision - WARNING - Коллизия: роботы 1 и 9 в 42.60s, расстояние: 0.315, требуется: 0.500
2025-09-27 14:34:06 - ROBOTY.collision - WARNING - Коллизия: роботы 1 и 9 в 42.70s, расстояние: 0.339, требуется: 0.500
2025-09-27 14:34:06 - ROBOTY.collision - WARNING - Коллизия: роботы 1 и 9 в 42.80s, расстояние: 0.380, требуется: 0.500
2025-09-27 14:34:06 - ROBOTY.collision - WARNING - Коллизия: роботы 1 и 9 в 42.90s, расстояние: 0.432, требуется: 0.500
2025-09-27 14:34:06 - ROBOTY.collision - WARNING - Коллизия: роботы 1 и 9 в 43.00s, расстояние: 0.480, требуется: 0.500
2025-09-27 14:34:06 - ROBOTY.collision - WARNING - Коллизия: роботы 1 и 9 в 45.30s, расстояние: 0.429, требуется: 0.500
2025-09-27 14:34:06 - ROBOTY.collision - WARNING - Коллизия: роботы 1 и 9 в 45.40s, расстояние: 0.346, требуется: 0.500
2025-09-27 14:34:06 - ROBOTY.collision - WARNING - Коллизия: роботы 1 и 9 в 45.50s, расстояние: 0.279, требуется: 0.500
2025-09-27 14:34:06 - ROBOTY.collision - WARNING - Коллизия: роботы 1 и 9 в 45.60s, расстояние: 0.242, требуется: 0.500
2025-09-27 14:34:06 - ROBOTY.collision - WARNING - Коллизия: роботы 1 и 9 в 45.70s, расстояние: 0.250, требуется: 0.500
2025-09-27 14:34:06 - ROBOTY.collision - WARNING - Коллизия: роботы 1 и 9 в 45.80s, расстояние: 0.300, требуется: 0.500
2025-09-27 14:34:06 - ROBOTY.collision - WARNING - Коллизия: роботы 1 и 9 в 45.90s, расстояние: 0.375, требуется: 0.500
2025-09-27 14:34:06 - ROBOTY.collision - WARNING - Коллизия: роботы 1 и 9 в 46.00s, расстояние: 0.464, требуется: 0.500
2025-09-27 14:34:06 - ROBOTY.collision - ERROR - Обнаружено 370 коллизий
2025-09-27 14:34:06 - ROBOTY.main - WARNING - Коллизии сохраняются после вставки пауз
2025-09-27 14:34:07 - ROBOTY.main - INFO - Запуск десктопного 3D Viewer
2025-09-27 14:34:07 - ROBOTY.3d_viewer - ERROR - Ошибка создания WebView: module 'PySide6.QtWebEngineWidgets' has no attribute 'QWebEngineSettings'
2025-09-27 14:34:08 - ROBOTY.3d_viewer - INFO - Создана встроенная 3D визуализация с matplotlib
2025-09-27 14:34:08 - ROBOTY.3d_viewer - INFO - Получены данные плана: 10 роботов
2025-09-27 14:34:08 - ROBOTY.3d_viewer - INFO - Начинаем генерацию 3D визуализации
2025-09-27 14:34:08 - ROBOTY.3d_viewer - INFO - Тип визуализации: 3d_desktop
2025-09-27 14:34:08 - ROBOTY.3d_viewer - INFO - Количество роботов: 10
2025-09-27 14:34:08 - ROBOTY.3d_viewer - INFO - Применены оптимизации для большой сцены (3D модели сохранены)
2025-09-27 14:34:08 - ROBOTY.3d_viewer - INFO - Применены максимальные оптимизации для очень большой сцены (3D модели сохранены)
2025-09-27 14:34:08 - ROBOTY.3d_viewer - INFO - Добавлена 3D модель робота KUKA KR 300
2025-09-27 14:34:08 - ROBOTY.3d_viewer - INFO - Добавлена модель руки
2025-09-27 14:34:08 - ROBOTY.3d_viewer - INFO - Используем matplotlib визуализацию
2025-09-27 14:34:09 - ROBOTY.3d_viewer - INFO - matplotlib визуализация создана
2025-09-27 14:34:09 - ROBOTY.3d_viewer - INFO - 3D визуализация успешно сгенерирована
2025-09-27 14:34:09 - ROBOTY.3d_viewer - INFO - 3D Viewer инициализирован
2025-09-27 14:34:09 - ROBOTY.main - INFO - Десктопный 3D Viewer успешно запущен
2025-09-27 14:34:40 - ROBOTY.3d_viewer - INFO - Закрытие 3D Viewer
