2025-09-24 16:46:06 - ROBOTY.main - INFO - Запуск приложения ROBOTY
2025-09-24 16:46:06 - ROBOTY.main - INFO - Применена тема: light
2025-09-24 16:46:06 - ROBOTY.main - INFO - Интерфейс инициализирован
2025-09-24 16:46:07 - ROBOTY.main - INFO - Приложение успешно запущено
2025-09-24 16:46:19 - ROBOTY.main - INFO - Создан входной файл: C:\Users\79518\.cursor\ROBOTY\data\input_20250924_164615.json
2025-09-24 16:46:19 - ROBOTY.parser - INFO - Начинаем загрузку файла: C:\Users\79518\.cursor\ROBOTY\data\input_20250924_164615.json
2025-09-24 16:46:19 - ROBOTY.parser - INFO - Файл C:\Users\79518\.cursor\ROBOTY\data\input_20250924_164615.json успешно загружен
2025-09-24 16:46:19 - ROBOTY.parser - DEBUG - Робот 1 успешно загружен
2025-09-24 16:46:19 - ROBOTY.parser - DEBUG - Операция 1 успешно загружена
2025-09-24 16:46:19 - ROBOTY.parser - DEBUG - Операция 2 успешно загружена
2025-09-24 16:46:19 - ROBOTY.parser - DEBUG - Операция 3 успешно загружена
2025-09-24 16:46:19 - ROBOTY.parser - DEBUG - Операция 4 успешно загружена
2025-09-24 16:46:19 - ROBOTY.parser - DEBUG - Операция 5 успешно загружена
2025-09-24 16:46:19 - ROBOTY.parser - DEBUG - Операция 6 успешно загружена
2025-09-24 16:46:19 - ROBOTY.parser - DEBUG - Операция 7 успешно загружена
2025-09-24 16:46:19 - ROBOTY.parser - DEBUG - Операция 8 успешно загружена
2025-09-24 16:46:19 - ROBOTY.parser - DEBUG - Операция 9 успешно загружена
2025-09-24 16:46:19 - ROBOTY.parser - DEBUG - Операция 10 успешно загружена
2025-09-24 16:46:19 - ROBOTY.parser - DEBUG - Операция 11 успешно загружена
2025-09-24 16:46:19 - ROBOTY.parser - DEBUG - Операция 12 успешно загружена
2025-09-24 16:46:19 - ROBOTY.parser - DEBUG - Операция 13 успешно загружена
2025-09-24 16:46:19 - ROBOTY.parser - DEBUG - Операция 14 успешно загружена
2025-09-24 16:46:19 - ROBOTY.parser - DEBUG - Операция 15 успешно загружена
2025-09-24 16:46:19 - ROBOTY.parser - DEBUG - Операция 16 успешно загружена
2025-09-24 16:46:19 - ROBOTY.parser - DEBUG - Операция 17 успешно загружена
2025-09-24 16:46:19 - ROBOTY.parser - DEBUG - Операция 18 успешно загружена
2025-09-24 16:46:19 - ROBOTY.parser - DEBUG - Операция 19 успешно загружена
2025-09-24 16:46:19 - ROBOTY.parser - DEBUG - Операция 20 успешно загружена
2025-09-24 16:46:19 - ROBOTY.parser - DEBUG - Операция 21 успешно загружена
2025-09-24 16:46:19 - ROBOTY.parser - DEBUG - Операция 22 успешно загружена
2025-09-24 16:46:19 - ROBOTY.parser - DEBUG - Операция 23 успешно загружена
2025-09-24 16:46:19 - ROBOTY.parser - DEBUG - Операция 24 успешно загружена
2025-09-24 16:46:19 - ROBOTY.parser - DEBUG - Операция 25 успешно загружена
2025-09-24 16:46:19 - ROBOTY.parser - DEBUG - Операция 26 успешно загружена
2025-09-24 16:46:19 - ROBOTY.parser - DEBUG - Операция 27 успешно загружена
2025-09-24 16:46:19 - ROBOTY.parser - DEBUG - Операция 28 успешно загружена
2025-09-24 16:46:19 - ROBOTY.parser - DEBUG - Операция 29 успешно загружена
2025-09-24 16:46:19 - ROBOTY.parser - DEBUG - Операция 30 успешно загружена
2025-09-24 16:46:19 - ROBOTY.parser - INFO - Загружено 1 роботов и 30 операций
2025-09-24 16:46:29 - ROBOTY.main - INFO - Запуск планировщика
2025-09-24 16:46:29 - ROBOTY.planner - INFO - Запуск планировщика траекторий
2025-09-24 16:46:29 - ROBOTY.assigner - INFO - Начинаем назначение операций методом: balanced
2025-09-24 16:46:29 - ROBOTY.assigner - DEBUG - Операция 0 назначена роботу 0 (нагрузка: 13.98)
2025-09-24 16:46:29 - ROBOTY.assigner - DEBUG - Операция 1 назначена роботу 0 (нагрузка: 20.59)
2025-09-24 16:46:29 - ROBOTY.assigner - DEBUG - Операция 2 назначена роботу 0 (нагрузка: 30.65)
2025-09-24 16:46:29 - ROBOTY.assigner - DEBUG - Операция 3 назначена роботу 0 (нагрузка: 40.45)
2025-09-24 16:46:29 - ROBOTY.assigner - DEBUG - Операция 4 назначена роботу 0 (нагрузка: 54.05)
2025-09-24 16:46:29 - ROBOTY.assigner - DEBUG - Операция 5 назначена роботу 0 (нагрузка: 72.87)
2025-09-24 16:46:29 - ROBOTY.assigner - DEBUG - Операция 6 назначена роботу 0 (нагрузка: 88.53)
2025-09-24 16:46:29 - ROBOTY.assigner - DEBUG - Операция 7 назначена роботу 0 (нагрузка: 104.52)
2025-09-24 16:46:29 - ROBOTY.assigner - DEBUG - Операция 8 назначена роботу 0 (нагрузка: 115.12)
2025-09-24 16:46:29 - ROBOTY.assigner - DEBUG - Операция 9 назначена роботу 0 (нагрузка: 124.04)
2025-09-24 16:46:29 - ROBOTY.assigner - DEBUG - Операция 10 назначена роботу 0 (нагрузка: 136.31)
2025-09-24 16:46:29 - ROBOTY.assigner - DEBUG - Операция 11 назначена роботу 0 (нагрузка: 147.25)
2025-09-24 16:46:29 - ROBOTY.assigner - DEBUG - Операция 12 назначена роботу 0 (нагрузка: 159.63)
2025-09-24 16:46:29 - ROBOTY.assigner - DEBUG - Операция 13 назначена роботу 0 (нагрузка: 171.84)
2025-09-24 16:46:29 - ROBOTY.assigner - DEBUG - Операция 14 назначена роботу 0 (нагрузка: 186.74)
2025-09-24 16:46:29 - ROBOTY.assigner - DEBUG - Операция 15 назначена роботу 0 (нагрузка: 201.07)
2025-09-24 16:46:29 - ROBOTY.assigner - DEBUG - Операция 16 назначена роботу 0 (нагрузка: 214.52)
2025-09-24 16:46:29 - ROBOTY.assigner - DEBUG - Операция 17 назначена роботу 0 (нагрузка: 226.22)
2025-09-24 16:46:29 - ROBOTY.assigner - DEBUG - Операция 18 назначена роботу 0 (нагрузка: 243.06)
2025-09-24 16:46:29 - ROBOTY.assigner - DEBUG - Операция 19 назначена роботу 0 (нагрузка: 259.52)
2025-09-24 16:46:29 - ROBOTY.assigner - DEBUG - Операция 20 назначена роботу 0 (нагрузка: 264.60)
2025-09-24 16:46:29 - ROBOTY.assigner - DEBUG - Операция 21 назначена роботу 0 (нагрузка: 275.80)
2025-09-24 16:46:29 - ROBOTY.assigner - DEBUG - Операция 22 назначена роботу 0 (нагрузка: 283.84)
2025-09-24 16:46:29 - ROBOTY.assigner - DEBUG - Операция 23 назначена роботу 0 (нагрузка: 291.89)
2025-09-24 16:46:29 - ROBOTY.assigner - DEBUG - Операция 24 назначена роботу 0 (нагрузка: 306.34)
2025-09-24 16:46:29 - ROBOTY.assigner - DEBUG - Операция 25 назначена роботу 0 (нагрузка: 318.60)
2025-09-24 16:46:29 - ROBOTY.assigner - DEBUG - Операция 26 назначена роботу 0 (нагрузка: 334.27)
2025-09-24 16:46:29 - ROBOTY.assigner - DEBUG - Операция 27 назначена роботу 0 (нагрузка: 342.41)
2025-09-24 16:46:29 - ROBOTY.assigner - DEBUG - Операция 28 назначена роботу 0 (нагрузка: 361.84)
2025-09-24 16:46:29 - ROBOTY.assigner - DEBUG - Операция 29 назначена роботу 0 (нагрузка: 378.27)
2025-09-24 16:46:29 - ROBOTY.assigner - INFO - Распределено 30 операций с балансировкой нагрузки
2025-09-24 16:46:29 - ROBOTY.assigner - INFO - Итоговые нагрузки роботов: ['378.27']
2025-09-24 16:46:29 - ROBOTY.assigner - INFO - Робот 0: 30 операций, нагрузка 378.27
2025-09-24 16:46:29 - ROBOTY.planner - INFO - Операции назначены методом: balanced
2025-09-24 16:46:29 - ROBOTY.planner - INFO - Планирование траектории для робота 1 (ID: 1) с 30 операциями
2025-09-24 16:46:29 - ROBOTY.planner - DEBUG - Планирование траектории для робота с 30 операциями
2025-09-24 16:46:29 - ROBOTY.planner - DEBUG - Операция 1 запланирована, время завершения: 15.54
2025-09-24 16:46:29 - ROBOTY.planner - DEBUG - Операция 2 запланирована, время завершения: 22.53
2025-09-24 16:46:29 - ROBOTY.planner - DEBUG - Операция 3 запланирована, время завершения: 32.59
2025-09-24 16:46:29 - ROBOTY.planner - DEBUG - Операция 4 запланирована, время завершения: 43.50
2025-09-24 16:46:29 - ROBOTY.planner - DEBUG - Операция 5 запланирована, время завершения: 53.37
2025-09-24 16:46:29 - ROBOTY.planner - DEBUG - Операция 6 запланирована, время завершения: 64.57
2025-09-24 16:46:29 - ROBOTY.planner - DEBUG - Операция 7 запланирована, время завершения: 74.62
2025-09-24 16:46:29 - ROBOTY.planner - DEBUG - Операция 8 запланирована, время завершения: 86.15
2025-09-24 16:46:29 - ROBOTY.planner - DEBUG - Операция 9 запланирована, время завершения: 98.99
2025-09-24 16:46:29 - ROBOTY.planner - DEBUG - Операция 10 запланирована, время завершения: 115.77
2025-09-24 16:46:29 - ROBOTY.planner - DEBUG - Операция 11 запланирована, время завершения: 124.00
2025-09-24 16:46:29 - ROBOTY.planner - DEBUG - Операция 12 запланирована, время завершения: 141.72
2025-09-24 16:46:29 - ROBOTY.planner - DEBUG - Операция 13 запланирована, время завершения: 159.73
2025-09-24 16:46:29 - ROBOTY.planner - DEBUG - Операция 14 запланирована, время завершения: 172.94
2025-09-24 16:46:29 - ROBOTY.planner - DEBUG - Операция 15 запланирована, время завершения: 185.87
2025-09-24 16:46:29 - ROBOTY.planner - DEBUG - Операция 16 запланирована, время завершения: 199.01
2025-09-24 16:46:29 - ROBOTY.planner - DEBUG - Операция 17 запланирована, время завершения: 210.81
2025-09-24 16:46:29 - ROBOTY.planner - DEBUG - Операция 18 запланирована, время завершения: 217.10
2025-09-24 16:46:29 - ROBOTY.planner - DEBUG - Операция 19 запланирована, время завершения: 225.98
2025-09-24 16:46:29 - ROBOTY.planner - DEBUG - Операция 20 запланирована, время завершения: 239.30
2025-09-24 16:46:29 - ROBOTY.planner - DEBUG - Операция 21 запланирована, время завершения: 248.09
2025-09-24 16:46:29 - ROBOTY.planner - DEBUG - Операция 22 запланирована, время завершения: 258.68
2025-09-24 16:46:29 - ROBOTY.planner - DEBUG - Операция 23 запланирована, время завершения: 273.53
2025-09-24 16:46:29 - ROBOTY.planner - DEBUG - Операция 24 запланирована, время завершения: 284.73
2025-09-24 16:46:29 - ROBOTY.planner - DEBUG - Операция 25 запланирована, время завершения: 299.16
2025-09-24 16:46:29 - ROBOTY.planner - DEBUG - Операция 26 запланирована, время завершения: 314.68
2025-09-24 16:46:29 - ROBOTY.planner - DEBUG - Операция 27 запланирована, время завершения: 331.15
2025-09-24 16:46:29 - ROBOTY.planner - DEBUG - Операция 28 запланирована, время завершения: 340.63
2025-09-24 16:46:29 - ROBOTY.planner - DEBUG - Операция 29 запланирована, время завершения: 356.33
2025-09-24 16:46:29 - ROBOTY.planner - DEBUG - Операция 30 запланирована, время завершения: 372.15
2025-09-24 16:46:29 - ROBOTY.planner - INFO - Траектория робота запланирована, общее время: 372.15
2025-09-24 16:46:29 - ROBOTY.planner - INFO - Робот 1: траектория содержит 720 точек
2025-09-24 16:46:29 - ROBOTY.planner - INFO - Планирование завершено. Makespan: 372.15
2025-09-24 16:46:29 - ROBOTY.main - INFO - Планировщик успешно завершил работу
2025-09-24 16:46:29 - ROBOTY.collision - INFO - Начинаем детальную проверку коллизий
2025-09-24 16:46:29 - ROBOTY.collision - INFO - Недостаточно роботов для проверки коллизий
2025-09-24 16:46:29 - ROBOTY.main - INFO - Коллизий не обнаружено
2025-09-24 16:46:30 - ROBOTY.main - INFO - Открытие визуализатора
2025-09-24 16:46:30 - ROBOTY.main - INFO - Визуализация успешно завершена
2025-09-24 16:46:30 - ROBOTY.visualizer - INFO - Запуск визуализации типа: 3d_anim
2025-09-24 16:46:30 - ROBOTY.visualizer - INFO - Создание 3D анимации траекторий
2025-09-24 16:46:30 - ROBOTY.visualizer - INFO - Создание 3D визуализации траекторий
2025-09-24 16:46:30 - ROBOTY.visualizer - INFO - 3D визуализация создана
2025-09-24 16:46:30 - ROBOTY.mesh_loader - INFO - Hand definition загружен: C:\Users\79518\OneDrive\Рабочий стол\Конкурс\Улучшения.txt, вершин=0, сегментов=0, точек=0
