2025-09-23 16:17:17 - ROBOTY.main - INFO - Запуск приложения ROBOTY
2025-09-23 16:17:17 - ROBOTY.main - INFO - Применена тема: light
2025-09-23 16:17:17 - ROBOTY.main - INFO - Интерфейс инициализирован
2025-09-23 16:17:18 - ROBOTY.main - INFO - Приложение успешно запущено
2025-09-23 16:17:19 - ROBOTY.main - INFO - Применена тема: dark
2025-09-23 16:17:19 - ROBOTY.main - INFO - Переключение темы: dark -> dark
2025-09-23 16:17:33 - ROBOTY.main - INFO - Создан входной файл: C:\Users\22200490\.cursor\ROBOTY\data\input_20250923_161722.json
2025-09-23 16:17:33 - ROBOTY.parser - INFO - Начинаем загрузку файла: C:\Users\22200490\.cursor\ROBOTY\data\input_20250923_161722.json
2025-09-23 16:17:33 - ROBOTY.parser - INFO - Файл C:\Users\22200490\.cursor\ROBOTY\data\input_20250923_161722.json успешно загружен
2025-09-23 16:17:33 - ROBOTY.parser - DEBUG - Робот 1 успешно загружен
2025-09-23 16:17:33 - ROBOTY.parser - DEBUG - Робот 2 успешно загружен
2025-09-23 16:17:33 - ROBOTY.parser - DEBUG - Робот 3 успешно загружен
2025-09-23 16:17:33 - ROBOTY.parser - DEBUG - Робот 4 успешно загружен
2025-09-23 16:17:33 - ROBOTY.parser - DEBUG - Операция 1 успешно загружена
2025-09-23 16:17:33 - ROBOTY.parser - DEBUG - Операция 2 успешно загружена
2025-09-23 16:17:33 - ROBOTY.parser - DEBUG - Операция 3 успешно загружена
2025-09-23 16:17:33 - ROBOTY.parser - DEBUG - Операция 4 успешно загружена
2025-09-23 16:17:33 - ROBOTY.parser - DEBUG - Операция 5 успешно загружена
2025-09-23 16:17:33 - ROBOTY.parser - DEBUG - Операция 6 успешно загружена
2025-09-23 16:17:33 - ROBOTY.parser - DEBUG - Операция 7 успешно загружена
2025-09-23 16:17:33 - ROBOTY.parser - DEBUG - Операция 8 успешно загружена
2025-09-23 16:17:33 - ROBOTY.parser - DEBUG - Операция 9 успешно загружена
2025-09-23 16:17:33 - ROBOTY.parser - DEBUG - Операция 10 успешно загружена
2025-09-23 16:17:33 - ROBOTY.parser - DEBUG - Операция 11 успешно загружена
2025-09-23 16:17:33 - ROBOTY.parser - DEBUG - Операция 12 успешно загружена
2025-09-23 16:17:33 - ROBOTY.parser - DEBUG - Операция 13 успешно загружена
2025-09-23 16:17:33 - ROBOTY.parser - DEBUG - Операция 14 успешно загружена
2025-09-23 16:17:33 - ROBOTY.parser - DEBUG - Операция 15 успешно загружена
2025-09-23 16:17:33 - ROBOTY.parser - DEBUG - Операция 16 успешно загружена
2025-09-23 16:17:33 - ROBOTY.parser - DEBUG - Операция 17 успешно загружена
2025-09-23 16:17:33 - ROBOTY.parser - DEBUG - Операция 18 успешно загружена
2025-09-23 16:17:33 - ROBOTY.parser - DEBUG - Операция 19 успешно загружена
2025-09-23 16:17:33 - ROBOTY.parser - DEBUG - Операция 20 успешно загружена
2025-09-23 16:17:33 - ROBOTY.parser - DEBUG - Операция 21 успешно загружена
2025-09-23 16:17:33 - ROBOTY.parser - DEBUG - Операция 22 успешно загружена
2025-09-23 16:17:33 - ROBOTY.parser - DEBUG - Операция 23 успешно загружена
2025-09-23 16:17:33 - ROBOTY.parser - DEBUG - Операция 24 успешно загружена
2025-09-23 16:17:33 - ROBOTY.parser - DEBUG - Операция 25 успешно загружена
2025-09-23 16:17:33 - ROBOTY.parser - DEBUG - Операция 26 успешно загружена
2025-09-23 16:17:33 - ROBOTY.parser - DEBUG - Операция 27 успешно загружена
2025-09-23 16:17:33 - ROBOTY.parser - DEBUG - Операция 28 успешно загружена
2025-09-23 16:17:33 - ROBOTY.parser - DEBUG - Операция 29 успешно загружена
2025-09-23 16:17:33 - ROBOTY.parser - DEBUG - Операция 30 успешно загружена
2025-09-23 16:17:33 - ROBOTY.parser - DEBUG - Операция 31 успешно загружена
2025-09-23 16:17:33 - ROBOTY.parser - DEBUG - Операция 32 успешно загружена
2025-09-23 16:17:33 - ROBOTY.parser - DEBUG - Операция 33 успешно загружена
2025-09-23 16:17:33 - ROBOTY.parser - DEBUG - Операция 34 успешно загружена
2025-09-23 16:17:33 - ROBOTY.parser - DEBUG - Операция 35 успешно загружена
2025-09-23 16:17:33 - ROBOTY.parser - INFO - Загружено 4 роботов и 35 операций
2025-09-23 16:17:34 - ROBOTY.main - INFO - Запуск планировщика
2025-09-23 16:17:34 - ROBOTY.planner - INFO - Запуск планировщика траекторий
2025-09-23 16:17:34 - ROBOTY.assigner - INFO - Начинаем назначение операций методом: balanced
2025-09-23 16:17:34 - ROBOTY.assigner - DEBUG - Операция 0 назначена роботу 0 (нагрузка: 12.41)
2025-09-23 16:17:34 - ROBOTY.assigner - DEBUG - Операция 1 назначена роботу 1 (нагрузка: 8.99)
2025-09-23 16:17:34 - ROBOTY.assigner - DEBUG - Операция 2 назначена роботу 3 (нагрузка: 18.76)
2025-09-23 16:17:34 - ROBOTY.assigner - DEBUG - Операция 3 назначена роботу 2 (нагрузка: 16.81)
2025-09-23 16:17:34 - ROBOTY.assigner - DEBUG - Операция 4 назначена роботу 0 (нагрузка: 21.34)
2025-09-23 16:17:34 - ROBOTY.assigner - DEBUG - Операция 5 назначена роботу 1 (нагрузка: 18.25)
2025-09-23 16:17:34 - ROBOTY.assigner - DEBUG - Операция 6 назначена роботу 3 (нагрузка: 28.96)
2025-09-23 16:17:34 - ROBOTY.assigner - DEBUG - Операция 7 назначена роботу 2 (нагрузка: 28.62)
2025-09-23 16:17:34 - ROBOTY.assigner - DEBUG - Операция 8 назначена роботу 0 (нагрузка: 30.42)
2025-09-23 16:17:34 - ROBOTY.assigner - DEBUG - Операция 9 назначена роботу 1 (нагрузка: 32.38)
2025-09-23 16:17:34 - ROBOTY.assigner - DEBUG - Операция 10 назначена роботу 0 (нагрузка: 37.07)
2025-09-23 16:17:34 - ROBOTY.assigner - DEBUG - Операция 11 назначена роботу 0 (нагрузка: 46.90)
2025-09-23 16:17:34 - ROBOTY.assigner - DEBUG - Операция 12 назначена роботу 3 (нагрузка: 38.72)
2025-09-23 16:17:34 - ROBOTY.assigner - DEBUG - Операция 13 назначена роботу 2 (нагрузка: 43.56)
2025-09-23 16:17:34 - ROBOTY.assigner - DEBUG - Операция 14 назначена роботу 1 (нагрузка: 40.06)
2025-09-23 16:17:34 - ROBOTY.assigner - DEBUG - Операция 15 назначена роботу 1 (нагрузка: 52.87)
2025-09-23 16:17:34 - ROBOTY.assigner - DEBUG - Операция 16 назначена роботу 3 (нагрузка: 49.75)
2025-09-23 16:17:34 - ROBOTY.assigner - DEBUG - Операция 17 назначена роботу 0 (нагрузка: 55.85)
2025-09-23 16:17:34 - ROBOTY.assigner - DEBUG - Операция 18 назначена роботу 2 (нагрузка: 58.78)
2025-09-23 16:17:34 - ROBOTY.assigner - DEBUG - Операция 19 назначена роботу 3 (нагрузка: 62.76)
2025-09-23 16:17:34 - ROBOTY.assigner - DEBUG - Операция 20 назначена роботу 0 (нагрузка: 69.27)
2025-09-23 16:17:34 - ROBOTY.assigner - DEBUG - Операция 21 назначена роботу 1 (нагрузка: 66.65)
2025-09-23 16:17:34 - ROBOTY.assigner - DEBUG - Операция 22 назначена роботу 2 (нагрузка: 66.36)
2025-09-23 16:17:34 - ROBOTY.assigner - DEBUG - Операция 23 назначена роботу 1 (нагрузка: 74.82)
2025-09-23 16:17:34 - ROBOTY.assigner - DEBUG - Операция 24 назначена роботу 3 (нагрузка: 74.02)
2025-09-23 16:17:34 - ROBOTY.assigner - DEBUG - Операция 25 назначена роботу 0 (нагрузка: 75.04)
2025-09-23 16:17:34 - ROBOTY.assigner - DEBUG - Операция 26 назначена роботу 3 (нагрузка: 88.55)
2025-09-23 16:17:34 - ROBOTY.assigner - DEBUG - Операция 27 назначена роботу 2 (нагрузка: 76.95)
2025-09-23 16:17:34 - ROBOTY.assigner - DEBUG - Операция 28 назначена роботу 0 (нагрузка: 85.19)
2025-09-23 16:17:34 - ROBOTY.assigner - DEBUG - Операция 29 назначена роботу 1 (нагрузка: 95.10)
2025-09-23 16:17:34 - ROBOTY.assigner - DEBUG - Операция 30 назначена роботу 0 (нагрузка: 96.89)
2025-09-23 16:17:34 - ROBOTY.assigner - DEBUG - Операция 31 назначена роботу 2 (нагрузка: 89.53)
2025-09-23 16:17:34 - ROBOTY.assigner - DEBUG - Операция 32 назначена роботу 3 (нагрузка: 103.78)
2025-09-23 16:17:34 - ROBOTY.assigner - DEBUG - Операция 33 назначена роботу 2 (нагрузка: 105.29)
2025-09-23 16:17:34 - ROBOTY.assigner - DEBUG - Операция 34 назначена роботу 1 (нагрузка: 105.58)
2025-09-23 16:17:34 - ROBOTY.assigner - INFO - Распределено 35 операций с балансировкой нагрузки
2025-09-23 16:17:34 - ROBOTY.assigner - INFO - Итоговые нагрузки роботов: ['96.89', '105.58', '105.29', '103.78']
2025-09-23 16:17:34 - ROBOTY.assigner - INFO - Робот 0: 10 операций, нагрузка 96.89
2025-09-23 16:17:34 - ROBOTY.assigner - INFO - Робот 1: 9 операций, нагрузка 105.58
2025-09-23 16:17:34 - ROBOTY.assigner - INFO - Робот 2: 8 операций, нагрузка 105.29
2025-09-23 16:17:34 - ROBOTY.assigner - INFO - Робот 3: 8 операций, нагрузка 103.78
2025-09-23 16:17:34 - ROBOTY.planner - INFO - Операции назначены методом: balanced
2025-09-23 16:17:34 - ROBOTY.planner - INFO - Планирование траектории для робота 1 (ID: 1) с 10 операциями
2025-09-23 16:17:34 - ROBOTY.planner - DEBUG - Планирование траектории для робота с 10 операциями
2025-09-23 16:17:34 - ROBOTY.planner - DEBUG - Операция 1 запланирована, время завершения: 14.73
2025-09-23 16:17:34 - ROBOTY.planner - DEBUG - Операция 2 запланирована, время завершения: 27.42
2025-09-23 16:17:34 - ROBOTY.planner - DEBUG - Операция 3 запланирована, время завершения: 36.73
2025-09-23 16:17:34 - ROBOTY.planner - DEBUG - Операция 4 запланирована, время завершения: 47.90
2025-09-23 16:17:34 - ROBOTY.planner - DEBUG - Операция 5 запланирована, время завершения: 59.93
2025-09-23 16:17:34 - ROBOTY.planner - DEBUG - Операция 6 запланирована, время завершения: 72.87
2025-09-23 16:17:34 - ROBOTY.planner - DEBUG - Операция 7 запланирована, время завершения: 88.75
2025-09-23 16:17:34 - ROBOTY.planner - DEBUG - Операция 8 запланирована, время завершения: 94.55
2025-09-23 16:17:34 - ROBOTY.planner - DEBUG - Операция 9 запланирована, время завершения: 105.73
2025-09-23 16:17:34 - ROBOTY.planner - DEBUG - Операция 10 запланирована, время завершения: 115.98
2025-09-23 16:17:34 - ROBOTY.planner - INFO - Траектория робота запланирована, общее время: 115.98
2025-09-23 16:17:34 - ROBOTY.planner - INFO - Робот 1: траектория содержит 240 точек
2025-09-23 16:17:34 - ROBOTY.planner - INFO - Планирование траектории для робота 2 (ID: 2) с 9 операциями
2025-09-23 16:17:34 - ROBOTY.planner - DEBUG - Планирование траектории для робота с 9 операциями
2025-09-23 16:17:34 - ROBOTY.planner - DEBUG - Операция 1 запланирована, время завершения: 10.27
2025-09-23 16:17:34 - ROBOTY.planner - DEBUG - Операция 2 запланирована, время завершения: 20.38
2025-09-23 16:17:34 - ROBOTY.planner - DEBUG - Операция 3 запланирована, время завершения: 30.53
2025-09-23 16:17:34 - ROBOTY.planner - DEBUG - Операция 4 запланирована, время завершения: 48.86
2025-09-23 16:17:34 - ROBOTY.planner - DEBUG - Операция 5 запланирована, время завершения: 60.13
2025-09-23 16:17:34 - ROBOTY.planner - DEBUG - Операция 6 запланирована, время завершения: 72.68
2025-09-23 16:17:34 - ROBOTY.planner - DEBUG - Операция 7 запланирована, время завершения: 78.84
2025-09-23 16:17:34 - ROBOTY.planner - DEBUG - Операция 8 запланирована, время завершения: 97.13
2025-09-23 16:17:34 - ROBOTY.planner - DEBUG - Операция 9 запланирована, время завершения: 112.06
2025-09-23 16:17:34 - ROBOTY.planner - INFO - Траектория робота запланирована, общее время: 112.06
2025-09-23 16:17:34 - ROBOTY.planner - INFO - Робот 2: траектория содержит 216 точек
2025-09-23 16:17:34 - ROBOTY.planner - INFO - Планирование траектории для робота 3 (ID: 3) с 8 операциями
2025-09-23 16:17:34 - ROBOTY.planner - DEBUG - Планирование траектории для робота с 8 операциями
2025-09-23 16:17:34 - ROBOTY.planner - DEBUG - Операция 1 запланирована, время завершения: 18.53
2025-09-23 16:17:34 - ROBOTY.planner - DEBUG - Операция 2 запланирована, время завершения: 33.96
2025-09-23 16:17:34 - ROBOTY.planner - DEBUG - Операция 3 запланирована, время завершения: 49.68
2025-09-23 16:17:34 - ROBOTY.planner - DEBUG - Операция 4 запланирована, время завершения: 66.89
2025-09-23 16:17:34 - ROBOTY.planner - DEBUG - Операция 5 запланирована, время завершения: 78.49
2025-09-23 16:17:34 - ROBOTY.planner - DEBUG - Операция 6 запланирована, время завершения: 87.51
2025-09-23 16:17:34 - ROBOTY.planner - DEBUG - Операция 7 запланирована, время завершения: 97.04
2025-09-23 16:17:34 - ROBOTY.planner - DEBUG - Операция 8 запланирована, время завершения: 110.43
2025-09-23 16:17:34 - ROBOTY.planner - INFO - Траектория робота запланирована, общее время: 110.43
2025-09-23 16:17:34 - ROBOTY.planner - INFO - Робот 3: траектория содержит 192 точек
2025-09-23 16:17:34 - ROBOTY.planner - INFO - Планирование траектории для робота 4 (ID: 4) с 8 операциями
2025-09-23 16:17:34 - ROBOTY.planner - DEBUG - Планирование траектории для робота с 8 операциями
2025-09-23 16:17:34 - ROBOTY.planner - DEBUG - Операция 1 запланирована, время завершения: 20.44
2025-09-23 16:17:34 - ROBOTY.planner - DEBUG - Операция 2 запланирована, время завершения: 32.32
2025-09-23 16:17:34 - ROBOTY.planner - DEBUG - Операция 3 запланирована, время завершения: 45.42
2025-09-23 16:17:34 - ROBOTY.planner - DEBUG - Операция 4 запланирована, время завершения: 57.99
2025-09-23 16:17:34 - ROBOTY.planner - DEBUG - Операция 5 запланирована, время завершения: 70.16
2025-09-23 16:17:34 - ROBOTY.planner - DEBUG - Операция 6 запланирована, время завершения: 80.17
2025-09-23 16:17:34 - ROBOTY.planner - DEBUG - Операция 7 запланирована, время завершения: 94.37
2025-09-23 16:17:34 - ROBOTY.planner - DEBUG - Операция 8 запланирована, время завершения: 110.89
2025-09-23 16:17:34 - ROBOTY.planner - INFO - Траектория робота запланирована, общее время: 110.89
2025-09-23 16:17:34 - ROBOTY.planner - INFO - Робот 4: траектория содержит 192 точек
2025-09-23 16:17:34 - ROBOTY.planner - INFO - Планирование завершено. Makespan: 115.98
2025-09-23 16:17:34 - ROBOTY.main - INFO - Планировщик успешно завершил работу
2025-09-23 16:17:34 - ROBOTY.collision - INFO - Начинаем детальную проверку коллизий
2025-09-23 16:17:34 - ROBOTY.collision - DEBUG - Проверяем коллизии в диапазоне времени: 0.00 - 115.98
2025-09-23 16:17:34 - ROBOTY.collision - WARNING - Коллизия: роботы 1 и 3 в 54.80s, расстояние: 0.485, требуется: 0.500
2025-09-23 16:17:34 - ROBOTY.collision - WARNING - Коллизия: роботы 1 и 3 в 54.90s, расстояние: 0.483, требуется: 0.500
2025-09-23 16:17:34 - ROBOTY.collision - WARNING - Коллизия: роботы 1 и 4 в 104.30s, расстояние: 0.433, требуется: 0.500
2025-09-23 16:17:34 - ROBOTY.collision - WARNING - Коллизия: роботы 1 и 4 в 104.40s, расстояние: 0.322, требуется: 0.500
2025-09-23 16:17:34 - ROBOTY.collision - WARNING - Коллизия: роботы 1 и 4 в 104.50s, расстояние: 0.228, требуется: 0.500
2025-09-23 16:17:34 - ROBOTY.collision - WARNING - Коллизия: роботы 1 и 4 в 104.60s, расстояние: 0.180, требуется: 0.500
2025-09-23 16:17:34 - ROBOTY.collision - WARNING - Коллизия: роботы 1 и 4 в 104.70s, расстояние: 0.207, требуется: 0.500
2025-09-23 16:17:34 - ROBOTY.collision - WARNING - Коллизия: роботы 1 и 4 в 104.80s, расстояние: 0.265, требуется: 0.500
2025-09-23 16:17:34 - ROBOTY.collision - WARNING - Коллизия: роботы 1 и 4 в 104.90s, расстояние: 0.335, требуется: 0.500
2025-09-23 16:17:34 - ROBOTY.collision - WARNING - Коллизия: роботы 1 и 4 в 105.00s, расстояние: 0.410, требуется: 0.500
2025-09-23 16:17:34 - ROBOTY.collision - WARNING - Коллизия: роботы 1 и 4 в 105.10s, расстояние: 0.488, требуется: 0.500
2025-09-23 16:17:34 - ROBOTY.collision - ERROR - Обнаружено 11 коллизий
2025-09-23 16:17:34 - ROBOTY.main - WARNING - Обнаружено 11 коллизий, применяем онлайн-безопасность
2025-09-23 16:17:34 - ROBOTY.safety - INFO - Применяем онлайн-безопасность: вставка пауз при коллизиях
2025-09-23 16:17:34 - ROBOTY.collision - INFO - Начинаем детальную проверку коллизий
2025-09-23 16:17:34 - ROBOTY.collision - DEBUG - Проверяем коллизии в диапазоне времени: 0.00 - 115.98
2025-09-23 16:17:34 - ROBOTY.collision - WARNING - Коллизия: роботы 1 и 3 в 54.80s, расстояние: 0.485, требуется: 0.500
2025-09-23 16:17:34 - ROBOTY.collision - WARNING - Коллизия: роботы 1 и 3 в 54.85s, расстояние: 0.474, требуется: 0.500
2025-09-23 16:17:34 - ROBOTY.collision - WARNING - Коллизия: роботы 1 и 3 в 54.90s, расстояние: 0.483, требуется: 0.500
2025-09-23 16:17:34 - ROBOTY.collision - WARNING - Коллизия: роботы 1 и 4 в 104.25s, расстояние: 0.491, требуется: 0.500
2025-09-23 16:17:34 - ROBOTY.collision - WARNING - Коллизия: роботы 1 и 4 в 104.30s, расстояние: 0.433, требуется: 0.500
2025-09-23 16:17:34 - ROBOTY.collision - WARNING - Коллизия: роботы 1 и 4 в 104.35s, расстояние: 0.376, требуется: 0.500
2025-09-23 16:17:34 - ROBOTY.collision - WARNING - Коллизия: роботы 1 и 4 в 104.40s, расстояние: 0.322, требуется: 0.500
2025-09-23 16:17:34 - ROBOTY.collision - WARNING - Коллизия: роботы 1 и 4 в 104.45s, расстояние: 0.272, требуется: 0.500
2025-09-23 16:17:34 - ROBOTY.collision - WARNING - Коллизия: роботы 1 и 4 в 104.50s, расстояние: 0.228, требуется: 0.500
2025-09-23 16:17:34 - ROBOTY.collision - WARNING - Коллизия: роботы 1 и 4 в 104.55s, расстояние: 0.196, требуется: 0.500
2025-09-23 16:17:34 - ROBOTY.collision - WARNING - Коллизия: роботы 1 и 4 в 104.60s, расстояние: 0.180, требуется: 0.500
2025-09-23 16:17:34 - ROBOTY.collision - WARNING - Коллизия: роботы 1 и 4 в 104.65s, расстояние: 0.185, требуется: 0.500
2025-09-23 16:17:34 - ROBOTY.collision - WARNING - Коллизия: роботы 1 и 4 в 104.70s, расстояние: 0.207, требуется: 0.500
2025-09-23 16:17:34 - ROBOTY.collision - WARNING - Коллизия: роботы 1 и 4 в 104.75s, расстояние: 0.234, требуется: 0.500
2025-09-23 16:17:34 - ROBOTY.collision - WARNING - Коллизия: роботы 1 и 4 в 104.80s, расстояние: 0.265, требуется: 0.500
2025-09-23 16:17:34 - ROBOTY.collision - WARNING - Коллизия: роботы 1 и 4 в 104.85s, расстояние: 0.299, требуется: 0.500
2025-09-23 16:17:34 - ROBOTY.collision - WARNING - Коллизия: роботы 1 и 4 в 104.90s, расстояние: 0.335, требуется: 0.500
2025-09-23 16:17:34 - ROBOTY.collision - WARNING - Коллизия: роботы 1 и 4 в 104.95s, расстояние: 0.372, требуется: 0.500
2025-09-23 16:17:34 - ROBOTY.collision - WARNING - Коллизия: роботы 1 и 4 в 105.00s, расстояние: 0.410, требуется: 0.500
2025-09-23 16:17:34 - ROBOTY.collision - WARNING - Коллизия: роботы 1 и 4 в 105.05s, расстояние: 0.448, требуется: 0.500
2025-09-23 16:17:34 - ROBOTY.collision - WARNING - Коллизия: роботы 1 и 4 в 105.10s, расстояние: 0.488, требуется: 0.500
2025-09-23 16:17:35 - ROBOTY.collision - ERROR - Обнаружено 21 коллизий
2025-09-23 16:17:35 - ROBOTY.safety - DEBUG - Добавлена пауза 0.60s роботу 1 в t=54.80s
2025-09-23 16:17:35 - ROBOTY.safety - DEBUG - Добавлена пауза 0.60s роботу 3 в t=54.80s
2025-09-23 16:17:35 - ROBOTY.safety - DEBUG - Добавлена пауза 0.60s роботу 1 в t=54.85s
2025-09-23 16:17:35 - ROBOTY.safety - DEBUG - Добавлена пауза 0.60s роботу 3 в t=54.85s
2025-09-23 16:17:35 - ROBOTY.safety - DEBUG - Добавлена пауза 0.60s роботу 1 в t=54.90s
2025-09-23 16:17:35 - ROBOTY.safety - DEBUG - Добавлена пауза 0.60s роботу 3 в t=54.90s
2025-09-23 16:17:35 - ROBOTY.safety - DEBUG - Добавлена пауза 0.60s роботу 1 в t=104.25s
2025-09-23 16:17:35 - ROBOTY.safety - DEBUG - Добавлена пауза 0.60s роботу 4 в t=104.25s
2025-09-23 16:17:35 - ROBOTY.safety - DEBUG - Добавлена пауза 0.60s роботу 1 в t=104.30s
2025-09-23 16:17:35 - ROBOTY.safety - DEBUG - Добавлена пауза 0.60s роботу 4 в t=104.30s
2025-09-23 16:17:35 - ROBOTY.safety - DEBUG - Добавлена пауза 0.60s роботу 1 в t=104.35s
2025-09-23 16:17:35 - ROBOTY.safety - DEBUG - Добавлена пауза 0.60s роботу 4 в t=104.35s
2025-09-23 16:17:35 - ROBOTY.safety - DEBUG - Добавлена пауза 0.60s роботу 1 в t=104.40s
2025-09-23 16:17:35 - ROBOTY.safety - DEBUG - Добавлена пауза 0.60s роботу 4 в t=104.40s
2025-09-23 16:17:35 - ROBOTY.safety - DEBUG - Добавлена пауза 0.60s роботу 1 в t=104.45s
2025-09-23 16:17:35 - ROBOTY.safety - DEBUG - Добавлена пауза 0.60s роботу 4 в t=104.45s
2025-09-23 16:17:35 - ROBOTY.safety - DEBUG - Добавлена пауза 0.60s роботу 1 в t=104.50s
2025-09-23 16:17:35 - ROBOTY.safety - DEBUG - Добавлена пауза 0.60s роботу 4 в t=104.50s
2025-09-23 16:17:35 - ROBOTY.safety - DEBUG - Добавлена пауза 0.60s роботу 1 в t=104.55s
2025-09-23 16:17:35 - ROBOTY.safety - DEBUG - Добавлена пауза 0.60s роботу 4 в t=104.55s
2025-09-23 16:17:35 - ROBOTY.safety - DEBUG - Добавлена пауза 0.60s роботу 1 в t=104.60s
2025-09-23 16:17:35 - ROBOTY.safety - DEBUG - Добавлена пауза 0.60s роботу 4 в t=104.60s
2025-09-23 16:17:35 - ROBOTY.safety - DEBUG - Добавлена пауза 0.60s роботу 1 в t=104.65s
2025-09-23 16:17:35 - ROBOTY.safety - DEBUG - Добавлена пауза 0.60s роботу 4 в t=104.65s
2025-09-23 16:17:35 - ROBOTY.safety - DEBUG - Добавлена пауза 0.60s роботу 1 в t=104.70s
2025-09-23 16:17:35 - ROBOTY.safety - DEBUG - Добавлена пауза 0.60s роботу 4 в t=104.70s
2025-09-23 16:17:35 - ROBOTY.safety - DEBUG - Добавлена пауза 0.60s роботу 1 в t=104.75s
2025-09-23 16:17:35 - ROBOTY.safety - DEBUG - Добавлена пауза 0.60s роботу 4 в t=104.75s
2025-09-23 16:17:35 - ROBOTY.safety - DEBUG - Добавлена пауза 0.60s роботу 1 в t=104.80s
2025-09-23 16:17:35 - ROBOTY.safety - DEBUG - Добавлена пауза 0.60s роботу 4 в t=104.80s
2025-09-23 16:17:35 - ROBOTY.safety - DEBUG - Добавлена пауза 0.60s роботу 1 в t=104.85s
2025-09-23 16:17:35 - ROBOTY.safety - DEBUG - Добавлена пауза 0.60s роботу 4 в t=104.85s
2025-09-23 16:17:35 - ROBOTY.safety - DEBUG - Добавлена пауза 0.60s роботу 1 в t=104.90s
2025-09-23 16:17:35 - ROBOTY.safety - DEBUG - Добавлена пауза 0.60s роботу 4 в t=104.90s
2025-09-23 16:17:35 - ROBOTY.safety - DEBUG - Добавлена пауза 0.60s роботу 1 в t=104.95s
2025-09-23 16:17:35 - ROBOTY.safety - DEBUG - Добавлена пауза 0.60s роботу 4 в t=104.95s
2025-09-23 16:17:35 - ROBOTY.safety - DEBUG - Добавлена пауза 0.60s роботу 1 в t=105.00s
2025-09-23 16:17:35 - ROBOTY.safety - DEBUG - Добавлена пауза 0.60s роботу 4 в t=105.00s
2025-09-23 16:17:35 - ROBOTY.safety - DEBUG - Добавлена пауза 0.60s роботу 1 в t=105.05s
2025-09-23 16:17:35 - ROBOTY.safety - DEBUG - Добавлена пауза 0.60s роботу 4 в t=105.05s
2025-09-23 16:17:35 - ROBOTY.safety - DEBUG - Добавлена пауза 0.60s роботу 1 в t=105.10s
2025-09-23 16:17:35 - ROBOTY.safety - DEBUG - Добавлена пауза 0.60s роботу 4 в t=105.10s
2025-09-23 16:17:35 - ROBOTY.safety - INFO - Онлайн-безопасность применена: паузы вставлены
2025-09-23 16:17:35 - ROBOTY.collision - INFO - Начинаем детальную проверку коллизий
2025-09-23 16:17:35 - ROBOTY.collision - DEBUG - Проверяем коллизии в диапазоне времени: 0.00 - 128.58
2025-09-23 16:17:35 - ROBOTY.collision - WARNING - Коллизия: роботы 1 и 3 в 54.80s, расстояние: 0.485, требуется: 0.500
2025-09-23 16:17:35 - ROBOTY.collision - WARNING - Коллизия: роботы 1 и 3 в 54.90s, расстояние: 0.485, требуется: 0.500
2025-09-23 16:17:35 - ROBOTY.collision - WARNING - Коллизия: роботы 1 и 3 в 55.00s, расстояние: 0.485, требуется: 0.500
2025-09-23 16:17:35 - ROBOTY.collision - WARNING - Коллизия: роботы 1 и 3 в 55.10s, расстояние: 0.485, требуется: 0.500
2025-09-23 16:17:35 - ROBOTY.collision - WARNING - Коллизия: роботы 1 и 3 в 55.20s, расстояние: 0.485, требуется: 0.500
2025-09-23 16:17:35 - ROBOTY.collision - WARNING - Коллизия: роботы 1 и 3 в 55.30s, расстояние: 0.485, требуется: 0.500
2025-09-23 16:17:35 - ROBOTY.collision - WARNING - Коллизия: роботы 1 и 3 в 55.40s, расстояние: 0.485, требуется: 0.500
2025-09-23 16:17:35 - ROBOTY.collision - WARNING - Коллизия: роботы 1 и 3 в 55.50s, расстояние: 0.485, требуется: 0.500
2025-09-23 16:17:35 - ROBOTY.collision - WARNING - Коллизия: роботы 1 и 3 в 55.60s, расстояние: 0.485, требуется: 0.500
2025-09-23 16:17:35 - ROBOTY.collision - WARNING - Коллизия: роботы 1 и 3 в 55.70s, расстояние: 0.485, требуется: 0.500
2025-09-23 16:17:35 - ROBOTY.collision - WARNING - Коллизия: роботы 1 и 3 в 55.80s, расстояние: 0.485, требуется: 0.500
2025-09-23 16:17:35 - ROBOTY.collision - WARNING - Коллизия: роботы 1 и 3 в 55.90s, расстояние: 0.485, требуется: 0.500
2025-09-23 16:17:35 - ROBOTY.collision - WARNING - Коллизия: роботы 1 и 3 в 56.00s, расстояние: 0.485, требуется: 0.500
2025-09-23 16:17:35 - ROBOTY.collision - WARNING - Коллизия: роботы 1 и 3 в 56.10s, расстояние: 0.485, требуется: 0.500
2025-09-23 16:17:35 - ROBOTY.collision - WARNING - Коллизия: роботы 1 и 3 в 56.20s, расстояние: 0.485, требуется: 0.500
2025-09-23 16:17:35 - ROBOTY.collision - WARNING - Коллизия: роботы 1 и 3 в 56.30s, расстояние: 0.485, требуется: 0.500
2025-09-23 16:17:35 - ROBOTY.collision - WARNING - Коллизия: роботы 1 и 3 в 56.40s, расстояние: 0.485, требуется: 0.500
2025-09-23 16:17:35 - ROBOTY.collision - WARNING - Коллизия: роботы 1 и 3 в 56.50s, расстояние: 0.485, требуется: 0.500
2025-09-23 16:17:35 - ROBOTY.collision - WARNING - Коллизия: роботы 1 и 3 в 56.60s, расстояние: 0.485, требуется: 0.500
2025-09-23 16:17:35 - ROBOTY.collision - WARNING - Коллизия: роботы 1 и 3 в 56.70s, расстояние: 0.483, требуется: 0.500
2025-09-23 16:17:35 - ROBOTY.collision - WARNING - Коллизия: роботы 2 и 3 в 103.10s, расстояние: 0.456, требуется: 0.500
2025-09-23 16:17:35 - ROBOTY.collision - WARNING - Коллизия: роботы 2 и 3 в 103.20s, расстояние: 0.408, требуется: 0.500
2025-09-23 16:17:35 - ROBOTY.collision - WARNING - Коллизия: роботы 2 и 3 в 103.30s, расстояние: 0.364, требуется: 0.500
2025-09-23 16:17:35 - ROBOTY.collision - WARNING - Коллизия: роботы 2 и 3 в 103.40s, расстояние: 0.328, требуется: 0.500
2025-09-23 16:17:35 - ROBOTY.collision - WARNING - Коллизия: роботы 2 и 3 в 103.50s, расстояние: 0.301, требуется: 0.500
2025-09-23 16:17:35 - ROBOTY.collision - WARNING - Коллизия: роботы 2 и 3 в 103.60s, расстояние: 0.277, требуется: 0.500
2025-09-23 16:17:35 - ROBOTY.collision - WARNING - Коллизия: роботы 2 и 3 в 103.70s, расстояние: 0.254, требуется: 0.500
2025-09-23 16:17:35 - ROBOTY.collision - WARNING - Коллизия: роботы 2 и 3 в 103.80s, расстояние: 0.246, требуется: 0.500
2025-09-23 16:17:35 - ROBOTY.collision - WARNING - Коллизия: роботы 2 и 3 в 103.90s, расстояние: 0.255, требуется: 0.500
2025-09-23 16:17:35 - ROBOTY.collision - WARNING - Коллизия: роботы 2 и 3 в 104.00s, расстояние: 0.279, требуется: 0.500
2025-09-23 16:17:35 - ROBOTY.collision - WARNING - Коллизия: роботы 2 и 3 в 104.10s, расстояние: 0.310, требуется: 0.500
2025-09-23 16:17:35 - ROBOTY.collision - WARNING - Коллизия: роботы 2 и 3 в 104.20s, расстояние: 0.339, требуется: 0.500
2025-09-23 16:17:35 - ROBOTY.collision - WARNING - Коллизия: роботы 2 и 3 в 104.30s, расстояние: 0.387, требуется: 0.500
2025-09-23 16:17:35 - ROBOTY.collision - WARNING - Коллизия: роботы 2 и 3 в 104.40s, расстояние: 0.450, требуется: 0.500
2025-09-23 16:17:35 - ROBOTY.collision - ERROR - Обнаружено 34 коллизий
2025-09-23 16:17:35 - ROBOTY.main - WARNING - Коллизии сохраняются после вставки пауз
2025-09-23 16:17:42 - ROBOTY.main - INFO - Открытие визуализатора
2025-09-23 16:17:42 - ROBOTY.visualizer - INFO - Запуск визуализации типа: 3d_anim
2025-09-23 16:17:42 - ROBOTY.visualizer - INFO - Создание 3D анимации траекторий
2025-09-23 16:17:42 - ROBOTY.visualizer - INFO - Создание 3D визуализации траекторий
2025-09-23 16:17:42 - ROBOTY.visualizer - INFO - 3D визуализация создана
2025-09-23 16:17:55 - ROBOTY.visualizer - INFO - Визуализация сохранена в файл: C:\Users\22200490\.cursor\ROBOTY\viz\..\outputs\visualizations\visualization_3d_anim_20250923_161754.html
2025-09-23 16:17:56 - ROBOTY.visualizer - INFO - Визуализация открыта в браузере
2025-09-23 16:17:56 - ROBOTY.main - INFO - Визуализация успешно завершена
