2025-09-23 15:02:15 - ROBOTY.main - INFO - Запуск приложения ROBOTY
2025-09-23 15:02:15 - ROBOTY.main - INFO - Применена тема: light
2025-09-23 15:02:15 - ROBOTY.main - INFO - Интерфейс инициализирован
2025-09-23 15:02:19 - ROBOTY.main - INFO - Приложение успешно запущено
2025-09-23 15:02:21 - ROBOTY.main - INFO - Применена тема: dark
2025-09-23 15:02:21 - ROBOTY.main - INFO - Переключение темы: dark -> dark
2025-09-23 15:02:25 - ROBOTY.main - INFO - Создан входной файл: C:\Users\22200490\.cursor\ROBOTY\data\input_20250923_150221.json
2025-09-23 15:02:25 - ROBOTY.parser - INFO - Начинаем загрузку файла: C:\Users\22200490\.cursor\ROBOTY\data\input_20250923_150221.json
2025-09-23 15:02:25 - ROBOTY.parser - INFO - Файл C:\Users\22200490\.cursor\ROBOTY\data\input_20250923_150221.json успешно загружен
2025-09-23 15:02:25 - ROBOTY.parser - DEBUG - Робот 1 успешно загружен
2025-09-23 15:02:25 - ROBOTY.parser - DEBUG - Робот 2 успешно загружен
2025-09-23 15:02:25 - ROBOTY.parser - DEBUG - Робот 3 успешно загружен
2025-09-23 15:02:25 - ROBOTY.parser - DEBUG - Робот 4 успешно загружен
2025-09-23 15:02:25 - ROBOTY.parser - DEBUG - Робот 5 успешно загружен
2025-09-23 15:02:25 - ROBOTY.parser - DEBUG - Робот 6 успешно загружен
2025-09-23 15:02:25 - ROBOTY.parser - DEBUG - Робот 7 успешно загружен
2025-09-23 15:02:25 - ROBOTY.parser - DEBUG - Робот 8 успешно загружен
2025-09-23 15:02:25 - ROBOTY.parser - DEBUG - Робот 9 успешно загружен
2025-09-23 15:02:25 - ROBOTY.parser - DEBUG - Робот 10 успешно загружен
2025-09-23 15:02:25 - ROBOTY.parser - DEBUG - Операция 1 успешно загружена
2025-09-23 15:02:25 - ROBOTY.parser - DEBUG - Операция 2 успешно загружена
2025-09-23 15:02:25 - ROBOTY.parser - DEBUG - Операция 3 успешно загружена
2025-09-23 15:02:25 - ROBOTY.parser - DEBUG - Операция 4 успешно загружена
2025-09-23 15:02:25 - ROBOTY.parser - DEBUG - Операция 5 успешно загружена
2025-09-23 15:02:25 - ROBOTY.parser - DEBUG - Операция 6 успешно загружена
2025-09-23 15:02:25 - ROBOTY.parser - DEBUG - Операция 7 успешно загружена
2025-09-23 15:02:25 - ROBOTY.parser - DEBUG - Операция 8 успешно загружена
2025-09-23 15:02:25 - ROBOTY.parser - DEBUG - Операция 9 успешно загружена
2025-09-23 15:02:25 - ROBOTY.parser - DEBUG - Операция 10 успешно загружена
2025-09-23 15:02:25 - ROBOTY.parser - DEBUG - Операция 11 успешно загружена
2025-09-23 15:02:25 - ROBOTY.parser - DEBUG - Операция 12 успешно загружена
2025-09-23 15:02:25 - ROBOTY.parser - DEBUG - Операция 13 успешно загружена
2025-09-23 15:02:25 - ROBOTY.parser - DEBUG - Операция 14 успешно загружена
2025-09-23 15:02:25 - ROBOTY.parser - DEBUG - Операция 15 успешно загружена
2025-09-23 15:02:25 - ROBOTY.parser - DEBUG - Операция 16 успешно загружена
2025-09-23 15:02:25 - ROBOTY.parser - DEBUG - Операция 17 успешно загружена
2025-09-23 15:02:25 - ROBOTY.parser - DEBUG - Операция 18 успешно загружена
2025-09-23 15:02:25 - ROBOTY.parser - DEBUG - Операция 19 успешно загружена
2025-09-23 15:02:25 - ROBOTY.parser - DEBUG - Операция 20 успешно загружена
2025-09-23 15:02:25 - ROBOTY.parser - DEBUG - Операция 21 успешно загружена
2025-09-23 15:02:25 - ROBOTY.parser - DEBUG - Операция 22 успешно загружена
2025-09-23 15:02:25 - ROBOTY.parser - DEBUG - Операция 23 успешно загружена
2025-09-23 15:02:25 - ROBOTY.parser - DEBUG - Операция 24 успешно загружена
2025-09-23 15:02:25 - ROBOTY.parser - DEBUG - Операция 25 успешно загружена
2025-09-23 15:02:25 - ROBOTY.parser - DEBUG - Операция 26 успешно загружена
2025-09-23 15:02:25 - ROBOTY.parser - DEBUG - Операция 27 успешно загружена
2025-09-23 15:02:25 - ROBOTY.parser - DEBUG - Операция 28 успешно загружена
2025-09-23 15:02:25 - ROBOTY.parser - DEBUG - Операция 29 успешно загружена
2025-09-23 15:02:25 - ROBOTY.parser - DEBUG - Операция 30 успешно загружена
2025-09-23 15:02:25 - ROBOTY.parser - INFO - Загружено 10 роботов и 30 операций
2025-09-23 15:02:25 - ROBOTY.main - INFO - Запуск планировщика
2025-09-23 15:02:25 - ROBOTY.planner - INFO - Запуск планировщика траекторий
2025-09-23 15:02:25 - ROBOTY.assigner - INFO - Начинаем назначение операций методом: balanced
2025-09-23 15:02:25 - ROBOTY.assigner - DEBUG - Операция 0 назначена роботу 6 (нагрузка: 5.29)
2025-09-23 15:02:25 - ROBOTY.assigner - DEBUG - Операция 1 назначена роботу 2 (нагрузка: 10.73)
2025-09-23 15:02:25 - ROBOTY.assigner - DEBUG - Операция 2 назначена роботу 7 (нагрузка: 6.73)
2025-09-23 15:02:25 - ROBOTY.assigner - DEBUG - Операция 3 назначена роботу 9 (нагрузка: 6.32)
2025-09-23 15:02:25 - ROBOTY.assigner - DEBUG - Операция 4 назначена роботу 5 (нагрузка: 8.09)
2025-09-23 15:02:25 - ROBOTY.assigner - DEBUG - Операция 5 назначена роботу 3 (нагрузка: 10.94)
2025-09-23 15:02:25 - ROBOTY.assigner - DEBUG - Операция 6 назначена роботу 8 (нагрузка: 9.82)
2025-09-23 15:02:25 - ROBOTY.assigner - DEBUG - Операция 7 назначена роботу 1 (нагрузка: 13.90)
2025-09-23 15:02:25 - ROBOTY.assigner - DEBUG - Операция 8 назначена роботу 6 (нагрузка: 14.79)
2025-09-23 15:02:25 - ROBOTY.assigner - DEBUG - Операция 9 назначена роботу 0 (нагрузка: 9.96)
2025-09-23 15:02:25 - ROBOTY.assigner - DEBUG - Операция 10 назначена роботу 4 (нагрузка: 4.80)
2025-09-23 15:02:25 - ROBOTY.assigner - DEBUG - Операция 11 назначена роботу 9 (нагрузка: 13.26)
2025-09-23 15:02:25 - ROBOTY.assigner - DEBUG - Операция 12 назначена роботу 7 (нагрузка: 12.97)
2025-09-23 15:02:25 - ROBOTY.assigner - DEBUG - Операция 13 назначена роботу 4 (нагрузка: 15.17)
2025-09-23 15:02:25 - ROBOTY.assigner - DEBUG - Операция 14 назначена роботу 5 (нагрузка: 14.65)
2025-09-23 15:02:25 - ROBOTY.assigner - DEBUG - Операция 15 назначена роботу 7 (нагрузка: 17.85)
2025-09-23 15:02:25 - ROBOTY.assigner - DEBUG - Операция 16 назначена роботу 0 (нагрузка: 18.18)
2025-09-23 15:02:25 - ROBOTY.assigner - DEBUG - Операция 17 назначена роботу 9 (нагрузка: 18.74)
2025-09-23 15:02:25 - ROBOTY.assigner - DEBUG - Операция 18 назначена роботу 2 (нагрузка: 22.04)
2025-09-23 15:02:25 - ROBOTY.assigner - DEBUG - Операция 19 назначена роботу 6 (нагрузка: 18.94)
2025-09-23 15:02:25 - ROBOTY.assigner - DEBUG - Операция 20 назначена роботу 8 (нагрузка: 18.61)
2025-09-23 15:02:25 - ROBOTY.assigner - DEBUG - Операция 21 назначена роботу 3 (нагрузка: 20.80)
2025-09-23 15:02:25 - ROBOTY.assigner - DEBUG - Операция 22 назначена роботу 5 (нагрузка: 22.64)
2025-09-23 15:02:25 - ROBOTY.assigner - DEBUG - Операция 23 назначена роботу 1 (нагрузка: 24.91)
2025-09-23 15:02:25 - ROBOTY.assigner - DEBUG - Операция 24 назначена роботу 7 (нагрузка: 24.45)
2025-09-23 15:02:25 - ROBOTY.assigner - DEBUG - Операция 25 назначена роботу 4 (нагрузка: 24.57)
2025-09-23 15:02:25 - ROBOTY.assigner - DEBUG - Операция 26 назначена роботу 6 (нагрузка: 22.87)
2025-09-23 15:02:25 - ROBOTY.assigner - DEBUG - Операция 27 назначена роботу 0 (нагрузка: 26.11)
2025-09-23 15:02:25 - ROBOTY.assigner - DEBUG - Операция 28 назначена роботу 5 (нагрузка: 30.61)
2025-09-23 15:02:25 - ROBOTY.assigner - DEBUG - Операция 29 назначена роботу 2 (нагрузка: 28.84)
2025-09-23 15:02:25 - ROBOTY.assigner - INFO - Распределено 30 операций с балансировкой нагрузки
2025-09-23 15:02:25 - ROBOTY.assigner - INFO - Итоговые нагрузки роботов: ['26.11', '24.91', '28.84', '20.80', '24.57', '30.61', '22.87', '24.45', '18.61', '18.74']
2025-09-23 15:02:25 - ROBOTY.assigner - INFO - Робот 0: 3 операций, нагрузка 26.11
2025-09-23 15:02:25 - ROBOTY.assigner - INFO - Робот 1: 2 операций, нагрузка 24.91
2025-09-23 15:02:25 - ROBOTY.assigner - INFO - Робот 2: 3 операций, нагрузка 28.84
2025-09-23 15:02:25 - ROBOTY.assigner - INFO - Робот 3: 2 операций, нагрузка 20.80
2025-09-23 15:02:25 - ROBOTY.assigner - INFO - Робот 4: 3 операций, нагрузка 24.57
2025-09-23 15:02:25 - ROBOTY.assigner - INFO - Робот 5: 4 операций, нагрузка 30.61
2025-09-23 15:02:25 - ROBOTY.assigner - INFO - Робот 6: 4 операций, нагрузка 22.87
2025-09-23 15:02:25 - ROBOTY.assigner - INFO - Робот 7: 4 операций, нагрузка 24.45
2025-09-23 15:02:25 - ROBOTY.assigner - INFO - Робот 8: 2 операций, нагрузка 18.61
2025-09-23 15:02:25 - ROBOTY.assigner - INFO - Робот 9: 3 операций, нагрузка 18.74
2025-09-23 15:02:25 - ROBOTY.planner - INFO - Операции назначены методом: balanced
2025-09-23 15:02:25 - ROBOTY.planner - INFO - Планирование траектории для робота 1 (ID: 1) с 3 операциями
2025-09-23 15:02:25 - ROBOTY.planner - DEBUG - Планирование траектории для робота с 3 операциями
2025-09-23 15:02:25 - ROBOTY.planner - DEBUG - Операция 1 запланирована, время завершения: 11.77
2025-09-23 15:02:25 - ROBOTY.planner - DEBUG - Операция 2 запланирована, время завершения: 19.53
2025-09-23 15:02:25 - ROBOTY.planner - DEBUG - Операция 3 запланирована, время завершения: 31.45
2025-09-23 15:02:25 - ROBOTY.planner - INFO - Траектория робота запланирована, общее время: 31.45
2025-09-23 15:02:25 - ROBOTY.planner - INFO - Робот 1: траектория содержит 72 точек
2025-09-23 15:02:25 - ROBOTY.planner - INFO - Планирование траектории для робота 2 (ID: 2) с 2 операциями
2025-09-23 15:02:25 - ROBOTY.planner - DEBUG - Планирование траектории для робота с 2 операциями
2025-09-23 15:02:25 - ROBOTY.planner - DEBUG - Операция 1 запланирована, время завершения: 15.31
2025-09-23 15:02:25 - ROBOTY.planner - DEBUG - Операция 2 запланирована, время завершения: 30.30
2025-09-23 15:02:25 - ROBOTY.planner - INFO - Траектория робота запланирована, общее время: 30.30
2025-09-23 15:02:25 - ROBOTY.planner - INFO - Робот 2: траектория содержит 48 точек
2025-09-23 15:02:25 - ROBOTY.planner - INFO - Планирование траектории для робота 3 (ID: 3) с 3 операциями
2025-09-23 15:02:25 - ROBOTY.planner - DEBUG - Планирование траектории для робота с 3 операциями
2025-09-23 15:02:25 - ROBOTY.planner - DEBUG - Операция 1 запланирована, время завершения: 12.68
2025-09-23 15:02:25 - ROBOTY.planner - DEBUG - Операция 2 запланирована, время завершения: 24.03
2025-09-23 15:02:25 - ROBOTY.planner - DEBUG - Операция 3 запланирована, время завершения: 36.22
2025-09-23 15:02:25 - ROBOTY.planner - INFO - Траектория робота запланирована, общее время: 36.22
2025-09-23 15:02:25 - ROBOTY.planner - INFO - Робот 3: траектория содержит 72 точек
2025-09-23 15:02:25 - ROBOTY.planner - INFO - Планирование траектории для робота 4 (ID: 4) с 2 операциями
2025-09-23 15:02:25 - ROBOTY.planner - DEBUG - Планирование траектории для робота с 2 операциями
2025-09-23 15:02:25 - ROBOTY.planner - DEBUG - Операция 1 запланирована, время завершения: 12.92
2025-09-23 15:02:25 - ROBOTY.planner - DEBUG - Операция 2 запланирована, время завершения: 21.02
2025-09-23 15:02:25 - ROBOTY.planner - INFO - Траектория робота запланирована, общее время: 21.02
2025-09-23 15:02:25 - ROBOTY.planner - INFO - Робот 4: траектория содержит 48 точек
2025-09-23 15:02:25 - ROBOTY.planner - INFO - Планирование траектории для робота 5 (ID: 5) с 3 операциями
2025-09-23 15:02:25 - ROBOTY.planner - DEBUG - Планирование траектории для робота с 3 операциями
2025-09-23 15:02:25 - ROBOTY.planner - DEBUG - Операция 1 запланирована, время завершения: 6.91
2025-09-23 15:02:25 - ROBOTY.planner - DEBUG - Операция 2 запланирована, время завершения: 20.15
2025-09-23 15:02:25 - ROBOTY.planner - DEBUG - Операция 3 запланирована, время завершения: 32.45
2025-09-23 15:02:25 - ROBOTY.planner - INFO - Траектория робота запланирована, общее время: 32.45
2025-09-23 15:02:25 - ROBOTY.planner - INFO - Робот 5: траектория содержит 72 точек
2025-09-23 15:02:25 - ROBOTY.planner - INFO - Планирование траектории для робота 6 (ID: 6) с 4 операциями
2025-09-23 15:02:25 - ROBOTY.planner - DEBUG - Планирование траектории для робота с 4 операциями
2025-09-23 15:02:25 - ROBOTY.planner - DEBUG - Операция 1 запланирована, время завершения: 10.36
2025-09-23 15:02:25 - ROBOTY.planner - DEBUG - Операция 2 запланирована, время завершения: 20.79
2025-09-23 15:02:25 - ROBOTY.planner - DEBUG - Операция 3 запланирована, время завершения: 29.53
2025-09-23 15:02:25 - ROBOTY.planner - DEBUG - Операция 4 запланирована, время завершения: 42.02
2025-09-23 15:02:25 - ROBOTY.planner - INFO - Траектория робота запланирована, общее время: 42.02
2025-09-23 15:02:25 - ROBOTY.planner - INFO - Робот 6: траектория содержит 96 точек
2025-09-23 15:02:25 - ROBOTY.planner - INFO - Планирование траектории для робота 7 (ID: 7) с 4 операциями
2025-09-23 15:02:25 - ROBOTY.planner - DEBUG - Планирование траектории для робота с 4 операциями
2025-09-23 15:02:25 - ROBOTY.planner - DEBUG - Операция 1 запланирована, время завершения: 7.22
2025-09-23 15:02:25 - ROBOTY.planner - DEBUG - Операция 2 запланирована, время завершения: 21.59
2025-09-23 15:02:25 - ROBOTY.planner - DEBUG - Операция 3 запланирована, время завершения: 30.37
2025-09-23 15:02:25 - ROBOTY.planner - DEBUG - Операция 4 запланирована, время завершения: 37.43
2025-09-23 15:02:25 - ROBOTY.planner - INFO - Траектория робота запланирована, общее время: 37.43
2025-09-23 15:02:25 - ROBOTY.planner - INFO - Робот 7: траектория содержит 96 точек
2025-09-23 15:02:25 - ROBOTY.planner - INFO - Планирование траектории для робота 8 (ID: 8) с 4 операциями
2025-09-23 15:02:25 - ROBOTY.planner - DEBUG - Планирование траектории для робота с 4 операциями
2025-09-23 15:02:25 - ROBOTY.planner - DEBUG - Операция 1 запланирована, время завершения: 8.58
2025-09-23 15:02:25 - ROBOTY.planner - DEBUG - Операция 2 запланирована, время завершения: 21.19
2025-09-23 15:02:25 - ROBOTY.planner - DEBUG - Операция 3 запланирована, время завершения: 28.59
2025-09-23 15:02:25 - ROBOTY.planner - DEBUG - Операция 4 запланирована, время завершения: 36.71
2025-09-23 15:02:25 - ROBOTY.planner - INFO - Траектория робота запланирована, общее время: 36.71
2025-09-23 15:02:25 - ROBOTY.planner - INFO - Робот 8: траектория содержит 96 точек
2025-09-23 15:02:25 - ROBOTY.planner - INFO - Планирование траектории для робота 9 (ID: 9) с 2 операциями
2025-09-23 15:02:25 - ROBOTY.planner - DEBUG - Планирование траектории для робота с 2 операциями
2025-09-23 15:02:25 - ROBOTY.planner - DEBUG - Операция 1 запланирована, время завершения: 11.33
2025-09-23 15:02:25 - ROBOTY.planner - DEBUG - Операция 2 запланирована, время завершения: 21.11
2025-09-23 15:02:25 - ROBOTY.planner - INFO - Траектория робота запланирована, общее время: 21.11
2025-09-23 15:02:25 - ROBOTY.planner - INFO - Робот 9: траектория содержит 48 точек
2025-09-23 15:02:25 - ROBOTY.planner - INFO - Планирование траектории для робота 10 (ID: 10) с 3 операциями
2025-09-23 15:02:25 - ROBOTY.planner - DEBUG - Планирование траектории для робота с 3 операциями
2025-09-23 15:02:25 - ROBOTY.planner - DEBUG - Операция 1 запланирована, время завершения: 7.79
2025-09-23 15:02:25 - ROBOTY.planner - DEBUG - Операция 2 запланирована, время завершения: 17.66
2025-09-23 15:02:25 - ROBOTY.planner - DEBUG - Операция 3 запланирована, время завершения: 27.30
2025-09-23 15:02:25 - ROBOTY.planner - INFO - Траектория робота запланирована, общее время: 27.30
2025-09-23 15:02:25 - ROBOTY.planner - INFO - Робот 10: траектория содержит 72 точек
2025-09-23 15:02:25 - ROBOTY.planner - INFO - Планирование завершено. Makespan: 42.02
2025-09-23 15:02:25 - ROBOTY.main - INFO - Планировщик успешно завершил работу
2025-09-23 15:02:25 - ROBOTY.collision - INFO - Начинаем детальную проверку коллизий
2025-09-23 15:02:25 - ROBOTY.collision - DEBUG - Проверяем коллизии в диапазоне времени: 0.00 - 42.02
2025-09-23 15:02:25 - ROBOTY.collision - WARNING - Коллизия: роботы 3 и 4 в 1.60s, расстояние: 0.401, требуется: 0.500
2025-09-23 15:02:25 - ROBOTY.collision - WARNING - Коллизия: роботы 3 и 4 в 1.70s, расстояние: 0.300, требуется: 0.500
2025-09-23 15:02:25 - ROBOTY.collision - WARNING - Коллизия: роботы 3 и 4 в 1.80s, расстояние: 0.292, требуется: 0.500
2025-09-23 15:02:25 - ROBOTY.collision - WARNING - Коллизия: роботы 3 и 4 в 1.90s, расстояние: 0.381, требуется: 0.500
2025-09-23 15:02:25 - ROBOTY.collision - WARNING - Коллизия: роботы 3 и 4 в 4.50s, расстояние: 0.425, требуется: 0.500
2025-09-23 15:02:25 - ROBOTY.collision - WARNING - Коллизия: роботы 3 и 4 в 4.60s, расстояние: 0.369, требуется: 0.500
2025-09-23 15:02:25 - ROBOTY.collision - WARNING - Коллизия: роботы 3 и 4 в 4.70s, расстояние: 0.340, требуется: 0.500
2025-09-23 15:02:25 - ROBOTY.collision - WARNING - Коллизия: роботы 3 и 4 в 4.80s, расстояние: 0.338, требуется: 0.500
2025-09-23 15:02:25 - ROBOTY.collision - WARNING - Коллизия: роботы 3 и 4 в 4.90s, расстояние: 0.370, требуется: 0.500
2025-09-23 15:02:25 - ROBOTY.collision - WARNING - Коллизия: роботы 3 и 4 в 5.00s, расстояние: 0.434, требуется: 0.500
2025-09-23 15:02:25 - ROBOTY.collision - WARNING - Коллизия: роботы 5 и 8 в 6.50s, расстояние: 0.440, требуется: 0.500
2025-09-23 15:02:25 - ROBOTY.collision - WARNING - Коллизия: роботы 5 и 8 в 6.60s, расстояние: 0.349, требуется: 0.500
2025-09-23 15:02:25 - ROBOTY.collision - WARNING - Коллизия: роботы 5 и 8 в 6.70s, расстояние: 0.298, требуется: 0.500
2025-09-23 15:02:25 - ROBOTY.collision - WARNING - Коллизия: роботы 5 и 8 в 6.80s, расстояние: 0.307, требуется: 0.500
2025-09-23 15:02:25 - ROBOTY.collision - WARNING - Коллизия: роботы 5 и 8 в 6.90s, расстояние: 0.372, требуется: 0.500
2025-09-23 15:02:25 - ROBOTY.collision - WARNING - Коллизия: роботы 5 и 8 в 7.00s, расстояние: 0.497, требуется: 0.500
2025-09-23 15:02:25 - ROBOTY.collision - WARNING - Коллизия: роботы 2 и 6 в 12.40s, расстояние: 0.460, требуется: 0.500
2025-09-23 15:02:25 - ROBOTY.collision - WARNING - Коллизия: роботы 2 и 6 в 12.50s, расстояние: 0.344, требуется: 0.500
2025-09-23 15:02:25 - ROBOTY.collision - WARNING - Коллизия: роботы 2 и 6 в 12.60s, расстояние: 0.376, требуется: 0.500
2025-09-23 15:02:25 - ROBOTY.collision - WARNING - Коллизия: роботы 2 и 5 в 17.00s, расстояние: 0.485, требуется: 0.500
2025-09-23 15:02:25 - ROBOTY.collision - WARNING - Коллизия: роботы 2 и 5 в 17.10s, расстояние: 0.460, требуется: 0.500
2025-09-23 15:02:25 - ROBOTY.collision - WARNING - Коллизия: роботы 3 и 6 в 32.30s, расстояние: 0.452, требуется: 0.500
2025-09-23 15:02:25 - ROBOTY.collision - WARNING - Коллизия: роботы 3 и 6 в 32.40s, расстояние: 0.236, требуется: 0.500
2025-09-23 15:02:25 - ROBOTY.collision - WARNING - Коллизия: роботы 3 и 6 в 32.50s, расстояние: 0.221, требуется: 0.500
2025-09-23 15:02:25 - ROBOTY.collision - WARNING - Коллизия: роботы 3 и 6 в 32.60s, расстояние: 0.429, требуется: 0.500
2025-09-23 15:02:25 - ROBOTY.collision - ERROR - Обнаружено 25 коллизий
2025-09-23 15:02:25 - ROBOTY.main - WARNING - Обнаружено 25 коллизий, применяем онлайн-безопасность
2025-09-23 15:02:25 - ROBOTY.safety - INFO - Применяем онлайн-безопасность: вставка пауз при коллизиях
2025-09-23 15:02:25 - ROBOTY.collision - INFO - Начинаем детальную проверку коллизий
2025-09-23 15:02:25 - ROBOTY.collision - DEBUG - Проверяем коллизии в диапазоне времени: 0.00 - 42.02
2025-09-23 15:02:25 - ROBOTY.collision - WARNING - Коллизия: роботы 3 и 4 в 1.55s, расстояние: 0.470, требуется: 0.500
2025-09-23 15:02:25 - ROBOTY.collision - WARNING - Коллизия: роботы 3 и 4 в 1.60s, расстояние: 0.401, требуется: 0.500
2025-09-23 15:02:25 - ROBOTY.collision - WARNING - Коллизия: роботы 3 и 4 в 1.65s, расстояние: 0.342, требуется: 0.500
2025-09-23 15:02:25 - ROBOTY.collision - WARNING - Коллизия: роботы 3 и 4 в 1.70s, расстояние: 0.300, требуется: 0.500
2025-09-23 15:02:25 - ROBOTY.collision - WARNING - Коллизия: роботы 3 и 4 в 1.75s, расстояние: 0.282, требуется: 0.500
2025-09-23 15:02:26 - ROBOTY.collision - WARNING - Коллизия: роботы 3 и 4 в 1.80s, расстояние: 0.292, требуется: 0.500
2025-09-23 15:02:26 - ROBOTY.collision - WARNING - Коллизия: роботы 3 и 4 в 1.85s, расстояние: 0.327, требуется: 0.500
2025-09-23 15:02:26 - ROBOTY.collision - WARNING - Коллизия: роботы 3 и 4 в 1.90s, расстояние: 0.381, требуется: 0.500
2025-09-23 15:02:26 - ROBOTY.collision - WARNING - Коллизия: роботы 3 и 4 в 1.95s, расстояние: 0.447, требуется: 0.500
2025-09-23 15:02:26 - ROBOTY.collision - WARNING - Коллизия: роботы 3 и 4 в 4.45s, расстояние: 0.461, требуется: 0.500
2025-09-23 15:02:26 - ROBOTY.collision - WARNING - Коллизия: роботы 3 и 4 в 4.50s, расстояние: 0.425, требуется: 0.500
2025-09-23 15:02:26 - ROBOTY.collision - WARNING - Коллизия: роботы 3 и 4 в 4.55s, расстояние: 0.394, требуется: 0.500
2025-09-23 15:02:26 - ROBOTY.collision - WARNING - Коллизия: роботы 3 и 4 в 4.60s, расстояние: 0.369, требуется: 0.500
2025-09-23 15:02:26 - ROBOTY.collision - WARNING - Коллизия: роботы 3 и 4 в 4.65s, расстояние: 0.351, требуется: 0.500
2025-09-23 15:02:26 - ROBOTY.collision - WARNING - Коллизия: роботы 3 и 4 в 4.70s, расстояние: 0.340, требуется: 0.500
2025-09-23 15:02:26 - ROBOTY.collision - WARNING - Коллизия: роботы 3 и 4 в 4.75s, расстояние: 0.337, требуется: 0.500
2025-09-23 15:02:26 - ROBOTY.collision - WARNING - Коллизия: роботы 3 и 4 в 4.80s, расстояние: 0.338, требуется: 0.500
2025-09-23 15:02:26 - ROBOTY.collision - WARNING - Коллизия: роботы 3 и 4 в 4.85s, расстояние: 0.350, требуется: 0.500
2025-09-23 15:02:26 - ROBOTY.collision - WARNING - Коллизия: роботы 3 и 4 в 4.90s, расстояние: 0.370, требуется: 0.500
2025-09-23 15:02:26 - ROBOTY.collision - WARNING - Коллизия: роботы 3 и 4 в 4.95s, расстояние: 0.399, требуется: 0.500
2025-09-23 15:02:26 - ROBOTY.collision - WARNING - Коллизия: роботы 3 и 4 в 5.00s, расстояние: 0.434, требуется: 0.500
2025-09-23 15:02:26 - ROBOTY.collision - WARNING - Коллизия: роботы 3 и 4 в 5.05s, расстояние: 0.473, требуется: 0.500
2025-09-23 15:02:26 - ROBOTY.collision - WARNING - Коллизия: роботы 5 и 8 в 6.45s, расстояние: 0.494, требуется: 0.500
2025-09-23 15:02:26 - ROBOTY.collision - WARNING - Коллизия: роботы 5 и 8 в 6.50s, расстояние: 0.440, требуется: 0.500
2025-09-23 15:02:26 - ROBOTY.collision - WARNING - Коллизия: роботы 5 и 8 в 6.55s, расстояние: 0.391, требуется: 0.500
2025-09-23 15:02:26 - ROBOTY.collision - WARNING - Коллизия: роботы 5 и 8 в 6.60s, расстояние: 0.349, требуется: 0.500
2025-09-23 15:02:26 - ROBOTY.collision - WARNING - Коллизия: роботы 5 и 8 в 6.65s, расстояние: 0.317, требуется: 0.500
2025-09-23 15:02:26 - ROBOTY.collision - WARNING - Коллизия: роботы 5 и 8 в 6.70s, расстояние: 0.298, требуется: 0.500
2025-09-23 15:02:26 - ROBOTY.collision - WARNING - Коллизия: роботы 5 и 8 в 6.75s, расстояние: 0.294, требуется: 0.500
2025-09-23 15:02:26 - ROBOTY.collision - WARNING - Коллизия: роботы 5 и 8 в 6.80s, расстояние: 0.307, требуется: 0.500
2025-09-23 15:02:26 - ROBOTY.collision - WARNING - Коллизия: роботы 5 и 8 в 6.85s, расстояние: 0.334, требуется: 0.500
2025-09-23 15:02:26 - ROBOTY.collision - WARNING - Коллизия: роботы 5 и 8 в 6.90s, расстояние: 0.372, требуется: 0.500
2025-09-23 15:02:26 - ROBOTY.collision - WARNING - Коллизия: роботы 5 и 8 в 6.95s, расстояние: 0.431, требуется: 0.500
2025-09-23 15:02:26 - ROBOTY.collision - WARNING - Коллизия: роботы 5 и 8 в 7.00s, расстояние: 0.497, требуется: 0.500
2025-09-23 15:02:26 - ROBOTY.collision - WARNING - Коллизия: роботы 2 и 6 в 12.40s, расстояние: 0.460, требуется: 0.500
2025-09-23 15:02:26 - ROBOTY.collision - WARNING - Коллизия: роботы 2 и 6 в 12.45s, расстояние: 0.388, требуется: 0.500
2025-09-23 15:02:26 - ROBOTY.collision - WARNING - Коллизия: роботы 2 и 6 в 12.50s, расстояние: 0.344, требуется: 0.500
2025-09-23 15:02:26 - ROBOTY.collision - WARNING - Коллизия: роботы 2 и 6 в 12.55s, расстояние: 0.340, требуется: 0.500
2025-09-23 15:02:26 - ROBOTY.collision - WARNING - Коллизия: роботы 2 и 6 в 12.60s, расстояние: 0.376, требуется: 0.500
2025-09-23 15:02:26 - ROBOTY.collision - WARNING - Коллизия: роботы 2 и 6 в 12.65s, расстояние: 0.444, требуется: 0.500
2025-09-23 15:02:26 - ROBOTY.collision - WARNING - Коллизия: роботы 2 и 5 в 17.00s, расстояние: 0.485, требуется: 0.500
2025-09-23 15:02:26 - ROBOTY.collision - WARNING - Коллизия: роботы 2 и 5 в 17.05s, расстояние: 0.460, требуется: 0.500
2025-09-23 15:02:26 - ROBOTY.collision - WARNING - Коллизия: роботы 2 и 5 в 17.10s, расстояние: 0.460, требуется: 0.500
2025-09-23 15:02:26 - ROBOTY.collision - WARNING - Коллизия: роботы 2 и 5 в 17.15s, расстояние: 0.483, требуется: 0.500
2025-09-23 15:02:26 - ROBOTY.collision - WARNING - Коллизия: роботы 3 и 6 в 32.30s, расстояние: 0.452, требуется: 0.500
2025-09-23 15:02:26 - ROBOTY.collision - WARNING - Коллизия: роботы 3 и 6 в 32.35s, расстояние: 0.335, требуется: 0.500
2025-09-23 15:02:26 - ROBOTY.collision - WARNING - Коллизия: роботы 3 и 6 в 32.40s, расстояние: 0.236, требуется: 0.500
2025-09-23 15:02:26 - ROBOTY.collision - WARNING - Коллизия: роботы 3 и 6 в 32.45s, расстояние: 0.185, требуется: 0.500
2025-09-23 15:02:26 - ROBOTY.collision - WARNING - Коллизия: роботы 3 и 6 в 32.50s, расстояние: 0.221, требуется: 0.500
2025-09-23 15:02:26 - ROBOTY.collision - WARNING - Коллизия: роботы 3 и 6 в 32.55s, расстояние: 0.314, требуется: 0.500
2025-09-23 15:02:26 - ROBOTY.collision - WARNING - Коллизия: роботы 3 и 6 в 32.60s, расстояние: 0.429, требуется: 0.500
2025-09-23 15:02:26 - ROBOTY.collision - ERROR - Обнаружено 51 коллизий
2025-09-23 15:02:26 - ROBOTY.safety - DEBUG - Добавлена пауза 0.60s роботу 3 в t=1.55s
2025-09-23 15:02:26 - ROBOTY.safety - DEBUG - Добавлена пауза 0.60s роботу 4 в t=1.55s
2025-09-23 15:02:26 - ROBOTY.safety - DEBUG - Добавлена пауза 0.60s роботу 3 в t=1.60s
2025-09-23 15:02:26 - ROBOTY.safety - DEBUG - Добавлена пауза 0.60s роботу 4 в t=1.60s
2025-09-23 15:02:26 - ROBOTY.safety - DEBUG - Добавлена пауза 0.60s роботу 3 в t=1.65s
2025-09-23 15:02:26 - ROBOTY.safety - DEBUG - Добавлена пауза 0.60s роботу 4 в t=1.65s
2025-09-23 15:02:26 - ROBOTY.safety - DEBUG - Добавлена пауза 0.60s роботу 3 в t=1.70s
2025-09-23 15:02:26 - ROBOTY.safety - DEBUG - Добавлена пауза 0.60s роботу 4 в t=1.70s
2025-09-23 15:02:26 - ROBOTY.safety - DEBUG - Добавлена пауза 0.60s роботу 3 в t=1.75s
2025-09-23 15:02:26 - ROBOTY.safety - DEBUG - Добавлена пауза 0.60s роботу 4 в t=1.75s
2025-09-23 15:02:26 - ROBOTY.safety - DEBUG - Добавлена пауза 0.60s роботу 3 в t=1.80s
2025-09-23 15:02:26 - ROBOTY.safety - DEBUG - Добавлена пауза 0.60s роботу 4 в t=1.80s
2025-09-23 15:02:26 - ROBOTY.safety - DEBUG - Добавлена пауза 0.60s роботу 3 в t=1.85s
2025-09-23 15:02:26 - ROBOTY.safety - DEBUG - Добавлена пауза 0.60s роботу 4 в t=1.85s
2025-09-23 15:02:26 - ROBOTY.safety - DEBUG - Добавлена пауза 0.60s роботу 3 в t=1.90s
2025-09-23 15:02:26 - ROBOTY.safety - DEBUG - Добавлена пауза 0.60s роботу 4 в t=1.90s
2025-09-23 15:02:26 - ROBOTY.safety - DEBUG - Добавлена пауза 0.60s роботу 3 в t=1.95s
2025-09-23 15:02:26 - ROBOTY.safety - DEBUG - Добавлена пауза 0.60s роботу 4 в t=1.95s
2025-09-23 15:02:26 - ROBOTY.safety - DEBUG - Добавлена пауза 0.60s роботу 3 в t=4.45s
2025-09-23 15:02:26 - ROBOTY.safety - DEBUG - Добавлена пауза 0.60s роботу 4 в t=4.45s
2025-09-23 15:02:26 - ROBOTY.safety - DEBUG - Добавлена пауза 0.60s роботу 3 в t=4.50s
2025-09-23 15:02:26 - ROBOTY.safety - DEBUG - Добавлена пауза 0.60s роботу 4 в t=4.50s
2025-09-23 15:02:26 - ROBOTY.safety - DEBUG - Добавлена пауза 0.60s роботу 3 в t=4.55s
2025-09-23 15:02:26 - ROBOTY.safety - DEBUG - Добавлена пауза 0.60s роботу 4 в t=4.55s
2025-09-23 15:02:26 - ROBOTY.safety - DEBUG - Добавлена пауза 0.60s роботу 3 в t=4.60s
2025-09-23 15:02:26 - ROBOTY.safety - DEBUG - Добавлена пауза 0.60s роботу 4 в t=4.60s
2025-09-23 15:02:26 - ROBOTY.safety - DEBUG - Добавлена пауза 0.60s роботу 3 в t=4.65s
2025-09-23 15:02:26 - ROBOTY.safety - DEBUG - Добавлена пауза 0.60s роботу 4 в t=4.65s
2025-09-23 15:02:26 - ROBOTY.safety - DEBUG - Добавлена пауза 0.60s роботу 3 в t=4.70s
2025-09-23 15:02:26 - ROBOTY.safety - DEBUG - Добавлена пауза 0.60s роботу 4 в t=4.70s
2025-09-23 15:02:26 - ROBOTY.safety - DEBUG - Добавлена пауза 0.60s роботу 3 в t=4.75s
2025-09-23 15:02:26 - ROBOTY.safety - DEBUG - Добавлена пауза 0.60s роботу 4 в t=4.75s
2025-09-23 15:02:26 - ROBOTY.safety - DEBUG - Добавлена пауза 0.60s роботу 3 в t=4.80s
2025-09-23 15:02:26 - ROBOTY.safety - DEBUG - Добавлена пауза 0.60s роботу 4 в t=4.80s
2025-09-23 15:02:26 - ROBOTY.safety - DEBUG - Добавлена пауза 0.60s роботу 3 в t=4.85s
2025-09-23 15:02:26 - ROBOTY.safety - DEBUG - Добавлена пауза 0.60s роботу 4 в t=4.85s
2025-09-23 15:02:26 - ROBOTY.safety - DEBUG - Добавлена пауза 0.60s роботу 3 в t=4.90s
2025-09-23 15:02:26 - ROBOTY.safety - DEBUG - Добавлена пауза 0.60s роботу 4 в t=4.90s
2025-09-23 15:02:26 - ROBOTY.safety - DEBUG - Добавлена пауза 0.60s роботу 3 в t=4.95s
2025-09-23 15:02:26 - ROBOTY.safety - DEBUG - Добавлена пауза 0.60s роботу 4 в t=4.95s
2025-09-23 15:02:26 - ROBOTY.safety - DEBUG - Добавлена пауза 0.60s роботу 3 в t=5.00s
2025-09-23 15:02:26 - ROBOTY.safety - DEBUG - Добавлена пауза 0.60s роботу 4 в t=5.00s
2025-09-23 15:02:26 - ROBOTY.safety - DEBUG - Добавлена пауза 0.60s роботу 3 в t=5.05s
2025-09-23 15:02:26 - ROBOTY.safety - DEBUG - Добавлена пауза 0.60s роботу 4 в t=5.05s
2025-09-23 15:02:26 - ROBOTY.safety - DEBUG - Добавлена пауза 0.60s роботу 5 в t=6.45s
2025-09-23 15:02:26 - ROBOTY.safety - DEBUG - Добавлена пауза 0.60s роботу 8 в t=6.45s
2025-09-23 15:02:26 - ROBOTY.safety - DEBUG - Добавлена пауза 0.60s роботу 5 в t=6.50s
2025-09-23 15:02:26 - ROBOTY.safety - DEBUG - Добавлена пауза 0.60s роботу 8 в t=6.50s
2025-09-23 15:02:26 - ROBOTY.safety - DEBUG - Добавлена пауза 0.60s роботу 5 в t=6.55s
2025-09-23 15:02:26 - ROBOTY.safety - DEBUG - Добавлена пауза 0.60s роботу 8 в t=6.55s
2025-09-23 15:02:26 - ROBOTY.safety - DEBUG - Добавлена пауза 0.60s роботу 5 в t=6.60s
2025-09-23 15:02:26 - ROBOTY.safety - DEBUG - Добавлена пауза 0.60s роботу 8 в t=6.60s
2025-09-23 15:02:26 - ROBOTY.safety - DEBUG - Добавлена пауза 0.60s роботу 5 в t=6.65s
2025-09-23 15:02:26 - ROBOTY.safety - DEBUG - Добавлена пауза 0.60s роботу 8 в t=6.65s
2025-09-23 15:02:26 - ROBOTY.safety - DEBUG - Добавлена пауза 0.60s роботу 5 в t=6.70s
2025-09-23 15:02:26 - ROBOTY.safety - DEBUG - Добавлена пауза 0.60s роботу 8 в t=6.70s
2025-09-23 15:02:26 - ROBOTY.safety - DEBUG - Добавлена пауза 0.60s роботу 5 в t=6.75s
2025-09-23 15:02:26 - ROBOTY.safety - DEBUG - Добавлена пауза 0.60s роботу 8 в t=6.75s
2025-09-23 15:02:26 - ROBOTY.safety - DEBUG - Добавлена пауза 0.60s роботу 5 в t=6.80s
2025-09-23 15:02:26 - ROBOTY.safety - DEBUG - Добавлена пауза 0.60s роботу 8 в t=6.80s
2025-09-23 15:02:26 - ROBOTY.safety - DEBUG - Добавлена пауза 0.60s роботу 5 в t=6.85s
2025-09-23 15:02:26 - ROBOTY.safety - DEBUG - Добавлена пауза 0.60s роботу 8 в t=6.85s
2025-09-23 15:02:26 - ROBOTY.safety - DEBUG - Добавлена пауза 0.60s роботу 5 в t=6.90s
2025-09-23 15:02:26 - ROBOTY.safety - DEBUG - Добавлена пауза 0.60s роботу 8 в t=6.90s
2025-09-23 15:02:26 - ROBOTY.safety - DEBUG - Добавлена пауза 0.60s роботу 5 в t=6.95s
2025-09-23 15:02:26 - ROBOTY.safety - DEBUG - Добавлена пауза 0.60s роботу 8 в t=6.95s
2025-09-23 15:02:26 - ROBOTY.safety - DEBUG - Добавлена пауза 0.60s роботу 5 в t=7.00s
2025-09-23 15:02:26 - ROBOTY.safety - DEBUG - Добавлена пауза 0.60s роботу 8 в t=7.00s
2025-09-23 15:02:26 - ROBOTY.safety - DEBUG - Добавлена пауза 0.60s роботу 2 в t=12.40s
2025-09-23 15:02:26 - ROBOTY.safety - DEBUG - Добавлена пауза 0.60s роботу 6 в t=12.40s
2025-09-23 15:02:26 - ROBOTY.safety - DEBUG - Добавлена пауза 0.60s роботу 2 в t=12.45s
2025-09-23 15:02:26 - ROBOTY.safety - DEBUG - Добавлена пауза 0.60s роботу 6 в t=12.45s
2025-09-23 15:02:26 - ROBOTY.safety - DEBUG - Добавлена пауза 0.60s роботу 2 в t=12.50s
2025-09-23 15:02:26 - ROBOTY.safety - DEBUG - Добавлена пауза 0.60s роботу 6 в t=12.50s
2025-09-23 15:02:26 - ROBOTY.safety - DEBUG - Добавлена пауза 0.60s роботу 2 в t=12.55s
2025-09-23 15:02:26 - ROBOTY.safety - DEBUG - Добавлена пауза 0.60s роботу 6 в t=12.55s
2025-09-23 15:02:26 - ROBOTY.safety - DEBUG - Добавлена пауза 0.60s роботу 2 в t=12.60s
2025-09-23 15:02:26 - ROBOTY.safety - DEBUG - Добавлена пауза 0.60s роботу 6 в t=12.60s
2025-09-23 15:02:26 - ROBOTY.safety - DEBUG - Добавлена пауза 0.60s роботу 2 в t=12.65s
2025-09-23 15:02:26 - ROBOTY.safety - DEBUG - Добавлена пауза 0.60s роботу 6 в t=12.65s
2025-09-23 15:02:26 - ROBOTY.safety - DEBUG - Добавлена пауза 0.60s роботу 2 в t=17.00s
2025-09-23 15:02:26 - ROBOTY.safety - DEBUG - Добавлена пауза 0.60s роботу 5 в t=17.00s
2025-09-23 15:02:26 - ROBOTY.safety - DEBUG - Добавлена пауза 0.60s роботу 2 в t=17.05s
2025-09-23 15:02:26 - ROBOTY.safety - DEBUG - Добавлена пауза 0.60s роботу 5 в t=17.05s
2025-09-23 15:02:26 - ROBOTY.safety - DEBUG - Добавлена пауза 0.60s роботу 2 в t=17.10s
2025-09-23 15:02:26 - ROBOTY.safety - DEBUG - Добавлена пауза 0.60s роботу 5 в t=17.10s
2025-09-23 15:02:26 - ROBOTY.safety - DEBUG - Добавлена пауза 0.60s роботу 2 в t=17.15s
2025-09-23 15:02:26 - ROBOTY.safety - DEBUG - Добавлена пауза 0.60s роботу 5 в t=17.15s
2025-09-23 15:02:26 - ROBOTY.safety - DEBUG - Добавлена пауза 0.60s роботу 3 в t=32.30s
2025-09-23 15:02:26 - ROBOTY.safety - DEBUG - Добавлена пауза 0.60s роботу 6 в t=32.30s
2025-09-23 15:02:26 - ROBOTY.safety - DEBUG - Добавлена пауза 0.60s роботу 3 в t=32.35s
2025-09-23 15:02:26 - ROBOTY.safety - DEBUG - Добавлена пауза 0.60s роботу 6 в t=32.35s
2025-09-23 15:02:26 - ROBOTY.safety - DEBUG - Добавлена пауза 0.60s роботу 3 в t=32.40s
2025-09-23 15:02:26 - ROBOTY.safety - DEBUG - Добавлена пауза 0.60s роботу 6 в t=32.40s
2025-09-23 15:02:26 - ROBOTY.safety - DEBUG - Добавлена пауза 0.60s роботу 3 в t=32.45s
2025-09-23 15:02:26 - ROBOTY.safety - DEBUG - Добавлена пауза 0.60s роботу 6 в t=32.45s
2025-09-23 15:02:26 - ROBOTY.safety - DEBUG - Добавлена пауза 0.60s роботу 3 в t=32.50s
2025-09-23 15:02:26 - ROBOTY.safety - DEBUG - Добавлена пауза 0.60s роботу 6 в t=32.50s
2025-09-23 15:02:26 - ROBOTY.safety - DEBUG - Добавлена пауза 0.60s роботу 3 в t=32.55s
2025-09-23 15:02:26 - ROBOTY.safety - DEBUG - Добавлена пауза 0.60s роботу 6 в t=32.55s
2025-09-23 15:02:26 - ROBOTY.safety - DEBUG - Добавлена пауза 0.60s роботу 3 в t=32.60s
2025-09-23 15:02:26 - ROBOTY.safety - DEBUG - Добавлена пауза 0.60s роботу 6 в t=32.60s
2025-09-23 15:02:26 - ROBOTY.safety - INFO - Онлайн-безопасность применена: паузы вставлены
2025-09-23 15:02:26 - ROBOTY.collision - INFO - Начинаем детальную проверку коллизий
2025-09-23 15:02:26 - ROBOTY.collision - DEBUG - Проверяем коллизии в диапазоне времени: 0.00 - 53.62
2025-09-23 15:02:26 - ROBOTY.collision - WARNING - Коллизия: роботы 3 и 4 в 1.60s, расстояние: 0.470, требуется: 0.500
2025-09-23 15:02:26 - ROBOTY.collision - WARNING - Коллизия: роботы 3 и 4 в 1.70s, расстояние: 0.470, требуется: 0.500
2025-09-23 15:02:26 - ROBOTY.collision - WARNING - Коллизия: роботы 3 и 4 в 1.80s, расстояние: 0.470, требуется: 0.500
2025-09-23 15:02:26 - ROBOTY.collision - WARNING - Коллизия: роботы 3 и 4 в 1.90s, расстояние: 0.470, требуется: 0.500
2025-09-23 15:02:26 - ROBOTY.collision - WARNING - Коллизия: роботы 3 и 4 в 2.00s, расстояние: 0.470, требуется: 0.500
2025-09-23 15:02:26 - ROBOTY.collision - WARNING - Коллизия: роботы 3 и 4 в 2.10s, расстояние: 0.470, требуется: 0.500
2025-09-23 15:02:26 - ROBOTY.collision - WARNING - Коллизия: роботы 3 и 4 в 2.20s, расстояние: 0.470, требуется: 0.500
2025-09-23 15:02:26 - ROBOTY.collision - WARNING - Коллизия: роботы 3 и 4 в 2.30s, расстояние: 0.470, требуется: 0.500
2025-09-23 15:02:26 - ROBOTY.collision - WARNING - Коллизия: роботы 3 и 4 в 2.40s, расстояние: 0.470, требуется: 0.500
2025-09-23 15:02:26 - ROBOTY.collision - WARNING - Коллизия: роботы 3 и 4 в 2.50s, расстояние: 0.470, требуется: 0.500
2025-09-23 15:02:26 - ROBOTY.collision - WARNING - Коллизия: роботы 3 и 4 в 2.60s, расстояние: 0.470, требуется: 0.500
2025-09-23 15:02:26 - ROBOTY.collision - WARNING - Коллизия: роботы 3 и 4 в 2.70s, расстояние: 0.470, требуется: 0.500
2025-09-23 15:02:26 - ROBOTY.collision - WARNING - Коллизия: роботы 3 и 4 в 2.80s, расстояние: 0.470, требуется: 0.500
2025-09-23 15:02:26 - ROBOTY.collision - WARNING - Коллизия: роботы 3 и 4 в 2.90s, расстояние: 0.470, требуется: 0.500
2025-09-23 15:02:26 - ROBOTY.collision - WARNING - Коллизия: роботы 3 и 4 в 3.00s, расстояние: 0.470, требуется: 0.500
2025-09-23 15:02:26 - ROBOTY.collision - WARNING - Коллизия: роботы 3 и 4 в 3.10s, расстояние: 0.470, требуется: 0.500
2025-09-23 15:02:26 - ROBOTY.collision - WARNING - Коллизия: роботы 3 и 4 в 3.20s, расстояние: 0.470, требуется: 0.500
2025-09-23 15:02:26 - ROBOTY.collision - WARNING - Коллизия: роботы 3 и 4 в 3.30s, расстояние: 0.470, требуется: 0.500
2025-09-23 15:02:26 - ROBOTY.collision - WARNING - Коллизия: роботы 3 и 4 в 3.40s, расстояние: 0.470, требуется: 0.500
2025-09-23 15:02:26 - ROBOTY.collision - WARNING - Коллизия: роботы 3 и 4 в 3.50s, расстояние: 0.470, требуется: 0.500
2025-09-23 15:02:26 - ROBOTY.collision - WARNING - Коллизия: роботы 3 и 4 в 3.60s, расстояние: 0.470, требуется: 0.500
2025-09-23 15:02:26 - ROBOTY.collision - WARNING - Коллизия: роботы 3 и 4 в 3.70s, расстояние: 0.470, требуется: 0.500
2025-09-23 15:02:26 - ROBOTY.collision - WARNING - Коллизия: роботы 3 и 4 в 3.80s, расстояние: 0.470, требуется: 0.500
2025-09-23 15:02:26 - ROBOTY.collision - WARNING - Коллизия: роботы 3 и 4 в 3.90s, расстояние: 0.470, требуется: 0.500
2025-09-23 15:02:26 - ROBOTY.collision - WARNING - Коллизия: роботы 3 и 4 в 4.00s, расстояние: 0.470, требуется: 0.500
2025-09-23 15:02:26 - ROBOTY.collision - WARNING - Коллизия: роботы 3 и 4 в 4.10s, расстояние: 0.470, требуется: 0.500
2025-09-23 15:02:26 - ROBOTY.collision - WARNING - Коллизия: роботы 3 и 4 в 4.20s, расстояние: 0.470, требуется: 0.500
2025-09-23 15:02:26 - ROBOTY.collision - WARNING - Коллизия: роботы 3 и 4 в 4.30s, расстояние: 0.470, требуется: 0.500
2025-09-23 15:02:26 - ROBOTY.collision - WARNING - Коллизия: роботы 3 и 4 в 4.40s, расстояние: 0.470, требуется: 0.500
2025-09-23 15:02:26 - ROBOTY.collision - WARNING - Коллизия: роботы 3 и 4 в 4.50s, расстояние: 0.470, требуется: 0.500
2025-09-23 15:02:26 - ROBOTY.collision - WARNING - Коллизия: роботы 2 и 3 в 4.60s, расстояние: 0.492, требуется: 0.500
2025-09-23 15:02:26 - ROBOTY.collision - WARNING - Коллизия: роботы 2 и 4 в 4.60s, расстояние: 0.436, требуется: 0.500
2025-09-23 15:02:26 - ROBOTY.collision - WARNING - Коллизия: роботы 3 и 4 в 4.60s, расстояние: 0.470, требуется: 0.500
2025-09-23 15:02:26 - ROBOTY.collision - WARNING - Коллизия: роботы 2 и 4 в 4.70s, расстояние: 0.369, требуется: 0.500
2025-09-23 15:02:26 - ROBOTY.collision - WARNING - Коллизия: роботы 3 и 4 в 4.70s, расстояние: 0.470, требуется: 0.500
2025-09-23 15:02:26 - ROBOTY.collision - WARNING - Коллизия: роботы 2 и 4 в 4.80s, расстояние: 0.319, требуется: 0.500
2025-09-23 15:02:26 - ROBOTY.collision - WARNING - Коллизия: роботы 3 и 4 в 4.80s, расстояние: 0.470, требуется: 0.500
2025-09-23 15:02:26 - ROBOTY.collision - WARNING - Коллизия: роботы 2 и 4 в 4.90s, расстояние: 0.295, требуется: 0.500
2025-09-23 15:02:26 - ROBOTY.collision - WARNING - Коллизия: роботы 3 и 4 в 4.90s, расстояние: 0.470, требуется: 0.500
2025-09-23 15:02:26 - ROBOTY.collision - WARNING - Коллизия: роботы 2 и 4 в 5.00s, расстояние: 0.304, требуется: 0.500
2025-09-23 15:02:26 - ROBOTY.collision - WARNING - Коллизия: роботы 3 и 4 в 5.00s, расстояние: 0.470, требуется: 0.500
2025-09-23 15:02:26 - ROBOTY.collision - WARNING - Коллизия: роботы 2 и 4 в 5.10s, расстояние: 0.342, требуется: 0.500
2025-09-23 15:02:26 - ROBOTY.collision - WARNING - Коллизия: роботы 3 и 4 в 5.10s, расстояние: 0.470, требуется: 0.500
2025-09-23 15:02:26 - ROBOTY.collision - WARNING - Коллизия: роботы 2 и 4 в 5.20s, расстояние: 0.401, требуется: 0.500
2025-09-23 15:02:26 - ROBOTY.collision - WARNING - Коллизия: роботы 3 и 4 в 5.20s, расстояние: 0.470, требуется: 0.500
2025-09-23 15:02:26 - ROBOTY.collision - WARNING - Коллизия: роботы 2 и 4 в 5.30s, расстояние: 0.474, требуется: 0.500
2025-09-23 15:02:26 - ROBOTY.collision - WARNING - Коллизия: роботы 3 и 4 в 5.30s, расстояние: 0.470, требуется: 0.500
2025-09-23 15:02:26 - ROBOTY.collision - WARNING - Коллизия: роботы 3 и 4 в 5.40s, расстояние: 0.470, требуется: 0.500
2025-09-23 15:02:26 - ROBOTY.collision - WARNING - Коллизия: роботы 3 и 4 в 5.50s, расстояние: 0.470, требуется: 0.500
2025-09-23 15:02:26 - ROBOTY.collision - WARNING - Коллизия: роботы 3 и 4 в 5.60s, расстояние: 0.470, требуется: 0.500
2025-09-23 15:02:26 - ROBOTY.collision - WARNING - Коллизия: роботы 3 и 4 в 5.70s, расстояние: 0.470, требуется: 0.500
2025-09-23 15:02:26 - ROBOTY.collision - WARNING - Коллизия: роботы 3 и 4 в 5.80s, расстояние: 0.470, требуется: 0.500
2025-09-23 15:02:26 - ROBOTY.collision - WARNING - Коллизия: роботы 3 и 4 в 5.90s, расстояние: 0.470, требуется: 0.500
2025-09-23 15:02:26 - ROBOTY.collision - WARNING - Коллизия: роботы 3 и 4 в 6.00s, расстояние: 0.470, требуется: 0.500
2025-09-23 15:02:26 - ROBOTY.collision - WARNING - Коллизия: роботы 3 и 4 в 6.10s, расстояние: 0.470, требуется: 0.500
2025-09-23 15:02:26 - ROBOTY.collision - WARNING - Коллизия: роботы 3 и 4 в 6.20s, расстояние: 0.470, требуется: 0.500
2025-09-23 15:02:26 - ROBOTY.collision - WARNING - Коллизия: роботы 3 и 4 в 6.30s, расстояние: 0.470, требуется: 0.500
2025-09-23 15:02:26 - ROBOTY.collision - WARNING - Коллизия: роботы 3 и 4 в 6.40s, расстояние: 0.470, требуется: 0.500
2025-09-23 15:02:26 - ROBOTY.collision - WARNING - Коллизия: роботы 3 и 4 в 6.50s, расстояние: 0.470, требуется: 0.500
2025-09-23 15:02:26 - ROBOTY.collision - WARNING - Коллизия: роботы 5 и 8 в 6.50s, расстояние: 0.494, требуется: 0.500
2025-09-23 15:02:26 - ROBOTY.collision - WARNING - Коллизия: роботы 3 и 4 в 6.60s, расстояние: 0.470, требуется: 0.500
2025-09-23 15:02:26 - ROBOTY.collision - WARNING - Коллизия: роботы 5 и 8 в 6.60s, расстояние: 0.494, требуется: 0.500
2025-09-23 15:02:26 - ROBOTY.collision - WARNING - Коллизия: роботы 3 и 4 в 6.70s, расстояние: 0.470, требуется: 0.500
2025-09-23 15:02:26 - ROBOTY.collision - WARNING - Коллизия: роботы 5 и 8 в 6.70s, расстояние: 0.494, требуется: 0.500
2025-09-23 15:02:26 - ROBOTY.collision - WARNING - Коллизия: роботы 3 и 4 в 6.80s, расстояние: 0.470, требуется: 0.500
2025-09-23 15:02:26 - ROBOTY.collision - WARNING - Коллизия: роботы 5 и 8 в 6.80s, расстояние: 0.494, требуется: 0.500
2025-09-23 15:02:26 - ROBOTY.collision - WARNING - Коллизия: роботы 3 и 4 в 6.90s, расстояние: 0.470, требуется: 0.500
2025-09-23 15:02:26 - ROBOTY.collision - WARNING - Коллизия: роботы 5 и 8 в 6.90s, расстояние: 0.494, требуется: 0.500
2025-09-23 15:02:26 - ROBOTY.collision - WARNING - Коллизия: роботы 3 и 4 в 7.00s, расстояние: 0.470, требуется: 0.500
2025-09-23 15:02:26 - ROBOTY.collision - WARNING - Коллизия: роботы 5 и 8 в 7.00s, расстояние: 0.494, требуется: 0.500
2025-09-23 15:02:26 - ROBOTY.collision - WARNING - Коллизия: роботы 3 и 4 в 7.10s, расстояние: 0.470, требуется: 0.500
2025-09-23 15:02:26 - ROBOTY.collision - WARNING - Коллизия: роботы 5 и 8 в 7.10s, расстояние: 0.494, требуется: 0.500
2025-09-23 15:02:26 - ROBOTY.collision - WARNING - Коллизия: роботы 3 и 4 в 7.20s, расстояние: 0.470, требуется: 0.500
2025-09-23 15:02:26 - ROBOTY.collision - WARNING - Коллизия: роботы 5 и 8 в 7.20s, расстояние: 0.494, требуется: 0.500
2025-09-23 15:02:26 - ROBOTY.collision - WARNING - Коллизия: роботы 3 и 4 в 7.30s, расстояние: 0.470, требуется: 0.500
2025-09-23 15:02:26 - ROBOTY.collision - WARNING - Коллизия: роботы 5 и 8 в 7.30s, расстояние: 0.494, требуется: 0.500
2025-09-23 15:02:26 - ROBOTY.collision - WARNING - Коллизия: роботы 3 и 4 в 7.40s, расстояние: 0.470, требуется: 0.500
2025-09-23 15:02:26 - ROBOTY.collision - WARNING - Коллизия: роботы 5 и 8 в 7.40s, расстояние: 0.494, требуется: 0.500
2025-09-23 15:02:26 - ROBOTY.collision - WARNING - Коллизия: роботы 3 и 4 в 7.50s, расстояние: 0.470, требуется: 0.500
2025-09-23 15:02:26 - ROBOTY.collision - WARNING - Коллизия: роботы 5 и 8 в 7.50s, расстояние: 0.494, требуется: 0.500
2025-09-23 15:02:26 - ROBOTY.collision - WARNING - Коллизия: роботы 3 и 4 в 7.60s, расстояние: 0.470, требуется: 0.500
2025-09-23 15:02:26 - ROBOTY.collision - WARNING - Коллизия: роботы 5 и 8 в 7.60s, расстояние: 0.494, требуется: 0.500
2025-09-23 15:02:26 - ROBOTY.collision - WARNING - Коллизия: роботы 3 и 4 в 7.70s, расстояние: 0.470, требуется: 0.500
2025-09-23 15:02:26 - ROBOTY.collision - WARNING - Коллизия: роботы 5 и 8 в 7.70s, расстояние: 0.494, требуется: 0.500
2025-09-23 15:02:26 - ROBOTY.collision - WARNING - Коллизия: роботы 3 и 4 в 7.80s, расстояние: 0.470, требуется: 0.500
2025-09-23 15:02:26 - ROBOTY.collision - WARNING - Коллизия: роботы 5 и 8 в 7.80s, расстояние: 0.494, требуется: 0.500
2025-09-23 15:02:26 - ROBOTY.collision - WARNING - Коллизия: роботы 3 и 4 в 7.90s, расстояние: 0.470, требуется: 0.500
2025-09-23 15:02:26 - ROBOTY.collision - WARNING - Коллизия: роботы 5 и 8 в 7.90s, расстояние: 0.494, требуется: 0.500
2025-09-23 15:02:26 - ROBOTY.collision - WARNING - Коллизия: роботы 3 и 4 в 8.00s, расстояние: 0.470, требуется: 0.500
2025-09-23 15:02:26 - ROBOTY.collision - WARNING - Коллизия: роботы 5 и 8 в 8.00s, расстояние: 0.494, требуется: 0.500
2025-09-23 15:02:26 - ROBOTY.collision - WARNING - Коллизия: роботы 3 и 4 в 8.10s, расстояние: 0.470, требуется: 0.500
2025-09-23 15:02:26 - ROBOTY.collision - WARNING - Коллизия: роботы 5 и 8 в 8.10s, расстояние: 0.494, требуется: 0.500
2025-09-23 15:02:26 - ROBOTY.collision - WARNING - Коллизия: роботы 3 и 4 в 8.20s, расстояние: 0.470, требуется: 0.500
2025-09-23 15:02:26 - ROBOTY.collision - WARNING - Коллизия: роботы 5 и 8 в 8.20s, расстояние: 0.494, требуется: 0.500
2025-09-23 15:02:26 - ROBOTY.collision - WARNING - Коллизия: роботы 3 и 4 в 8.30s, расстояние: 0.470, требуется: 0.500
2025-09-23 15:02:26 - ROBOTY.collision - WARNING - Коллизия: роботы 5 и 8 в 8.30s, расстояние: 0.494, требуется: 0.500
2025-09-23 15:02:26 - ROBOTY.collision - WARNING - Коллизия: роботы 3 и 4 в 8.40s, расстояние: 0.470, требуется: 0.500
2025-09-23 15:02:26 - ROBOTY.collision - WARNING - Коллизия: роботы 5 и 8 в 8.40s, расстояние: 0.494, требуется: 0.500
2025-09-23 15:02:26 - ROBOTY.collision - WARNING - Коллизия: роботы 3 и 4 в 8.50s, расстояние: 0.470, требуется: 0.500
2025-09-23 15:02:26 - ROBOTY.collision - WARNING - Коллизия: роботы 5 и 8 в 8.50s, расстояние: 0.494, требуется: 0.500
2025-09-23 15:02:26 - ROBOTY.collision - WARNING - Коллизия: роботы 3 и 4 в 8.60s, расстояние: 0.470, требуется: 0.500
2025-09-23 15:02:26 - ROBOTY.collision - WARNING - Коллизия: роботы 5 и 8 в 8.60s, расстояние: 0.494, требуется: 0.500
2025-09-23 15:02:26 - ROBOTY.collision - WARNING - Коллизия: роботы 3 и 4 в 8.70s, расстояние: 0.470, требуется: 0.500
2025-09-23 15:02:26 - ROBOTY.collision - WARNING - Коллизия: роботы 5 и 8 в 8.70s, расстояние: 0.494, требуется: 0.500
2025-09-23 15:02:26 - ROBOTY.collision - WARNING - Коллизия: роботы 3 и 4 в 8.80s, расстояние: 0.470, требуется: 0.500
2025-09-23 15:02:26 - ROBOTY.collision - WARNING - Коллизия: роботы 5 и 8 в 8.80s, расстояние: 0.494, требуется: 0.500
2025-09-23 15:02:26 - ROBOTY.collision - WARNING - Коллизия: роботы 3 и 4 в 8.90s, расстояние: 0.470, требуется: 0.500
2025-09-23 15:02:26 - ROBOTY.collision - WARNING - Коллизия: роботы 5 и 8 в 8.90s, расстояние: 0.494, требуется: 0.500
2025-09-23 15:02:26 - ROBOTY.collision - WARNING - Коллизия: роботы 3 и 4 в 9.00s, расстояние: 0.470, требуется: 0.500
2025-09-23 15:02:26 - ROBOTY.collision - WARNING - Коллизия: роботы 5 и 8 в 9.00s, расстояние: 0.494, требуется: 0.500
2025-09-23 15:02:26 - ROBOTY.collision - WARNING - Коллизия: роботы 3 и 4 в 9.10s, расстояние: 0.470, требуется: 0.500
2025-09-23 15:02:26 - ROBOTY.collision - WARNING - Коллизия: роботы 5 и 8 в 9.10s, расстояние: 0.494, требуется: 0.500
2025-09-23 15:02:26 - ROBOTY.collision - WARNING - Коллизия: роботы 3 и 4 в 9.20s, расстояние: 0.470, требуется: 0.500
2025-09-23 15:02:26 - ROBOTY.collision - WARNING - Коллизия: роботы 5 и 8 в 9.20s, расстояние: 0.494, требуется: 0.500
2025-09-23 15:02:26 - ROBOTY.collision - WARNING - Коллизия: роботы 3 и 4 в 9.30s, расстояние: 0.470, требуется: 0.500
2025-09-23 15:02:26 - ROBOTY.collision - WARNING - Коллизия: роботы 5 и 8 в 9.30s, расстояние: 0.494, требуется: 0.500
2025-09-23 15:02:26 - ROBOTY.collision - WARNING - Коллизия: роботы 3 и 4 в 9.40s, расстояние: 0.470, требуется: 0.500
2025-09-23 15:02:26 - ROBOTY.collision - WARNING - Коллизия: роботы 5 и 8 в 9.40s, расстояние: 0.494, требуется: 0.500
2025-09-23 15:02:26 - ROBOTY.collision - WARNING - Коллизия: роботы 3 и 4 в 9.50s, расстояние: 0.470, требуется: 0.500
2025-09-23 15:02:26 - ROBOTY.collision - WARNING - Коллизия: роботы 5 и 8 в 9.50s, расстояние: 0.494, требуется: 0.500
2025-09-23 15:02:26 - ROBOTY.collision - WARNING - Коллизия: роботы 3 и 4 в 9.60s, расстояние: 0.470, требуется: 0.500
2025-09-23 15:02:26 - ROBOTY.collision - WARNING - Коллизия: роботы 5 и 8 в 9.60s, расстояние: 0.494, требуется: 0.500
2025-09-23 15:02:26 - ROBOTY.collision - WARNING - Коллизия: роботы 3 и 4 в 9.70s, расстояние: 0.470, требуется: 0.500
2025-09-23 15:02:26 - ROBOTY.collision - WARNING - Коллизия: роботы 5 и 8 в 9.70s, расстояние: 0.494, требуется: 0.500
2025-09-23 15:02:26 - ROBOTY.collision - WARNING - Коллизия: роботы 3 и 4 в 9.80s, расстояние: 0.470, требуется: 0.500
2025-09-23 15:02:26 - ROBOTY.collision - WARNING - Коллизия: роботы 5 и 8 в 9.80s, расстояние: 0.494, требуется: 0.500
2025-09-23 15:02:26 - ROBOTY.collision - WARNING - Коллизия: роботы 3 и 4 в 9.90s, расстояние: 0.470, требуется: 0.500
2025-09-23 15:02:26 - ROBOTY.collision - WARNING - Коллизия: роботы 5 и 8 в 9.90s, расстояние: 0.494, требуется: 0.500
2025-09-23 15:02:26 - ROBOTY.collision - WARNING - Коллизия: роботы 3 и 4 в 10.00s, расстояние: 0.470, требуется: 0.500
2025-09-23 15:02:26 - ROBOTY.collision - WARNING - Коллизия: роботы 5 и 8 в 10.00s, расстояние: 0.494, требуется: 0.500
2025-09-23 15:02:26 - ROBOTY.collision - WARNING - Коллизия: роботы 3 и 4 в 10.10s, расстояние: 0.470, требуется: 0.500
2025-09-23 15:02:26 - ROBOTY.collision - WARNING - Коллизия: роботы 5 и 8 в 10.10s, расстояние: 0.494, требуется: 0.500
2025-09-23 15:02:26 - ROBOTY.collision - WARNING - Коллизия: роботы 3 и 4 в 10.20s, расстояние: 0.470, требуется: 0.500
2025-09-23 15:02:26 - ROBOTY.collision - WARNING - Коллизия: роботы 5 и 8 в 10.20s, расстояние: 0.494, требуется: 0.500
2025-09-23 15:02:26 - ROBOTY.collision - WARNING - Коллизия: роботы 3 и 4 в 10.30s, расстояние: 0.470, требуется: 0.500
2025-09-23 15:02:26 - ROBOTY.collision - WARNING - Коллизия: роботы 5 и 8 в 10.30s, расстояние: 0.494, требуется: 0.500
2025-09-23 15:02:26 - ROBOTY.collision - WARNING - Коллизия: роботы 3 и 4 в 10.40s, расстояние: 0.470, требуется: 0.500
2025-09-23 15:02:26 - ROBOTY.collision - WARNING - Коллизия: роботы 5 и 8 в 10.40s, расстояние: 0.494, требуется: 0.500
2025-09-23 15:02:26 - ROBOTY.collision - WARNING - Коллизия: роботы 3 и 4 в 10.50s, расстояние: 0.470, требуется: 0.500
2025-09-23 15:02:26 - ROBOTY.collision - WARNING - Коллизия: роботы 5 и 8 в 10.50s, расстояние: 0.494, требуется: 0.500
2025-09-23 15:02:26 - ROBOTY.collision - WARNING - Коллизия: роботы 3 и 4 в 10.60s, расстояние: 0.470, требуется: 0.500
2025-09-23 15:02:26 - ROBOTY.collision - WARNING - Коллизия: роботы 5 и 8 в 10.60s, расстояние: 0.494, требуется: 0.500
2025-09-23 15:02:26 - ROBOTY.collision - WARNING - Коллизия: роботы 3 и 4 в 10.70s, расстояние: 0.470, требуется: 0.500
2025-09-23 15:02:26 - ROBOTY.collision - WARNING - Коллизия: роботы 5 и 8 в 10.70s, расстояние: 0.494, требуется: 0.500
2025-09-23 15:02:26 - ROBOTY.collision - WARNING - Коллизия: роботы 3 и 4 в 10.80s, расстояние: 0.470, требуется: 0.500
2025-09-23 15:02:26 - ROBOTY.collision - WARNING - Коллизия: роботы 5 и 8 в 10.80s, расстояние: 0.494, требуется: 0.500
2025-09-23 15:02:26 - ROBOTY.collision - WARNING - Коллизия: роботы 3 и 4 в 10.90s, расстояние: 0.470, требуется: 0.500
2025-09-23 15:02:26 - ROBOTY.collision - WARNING - Коллизия: роботы 5 и 8 в 10.90s, расстояние: 0.494, требуется: 0.500
2025-09-23 15:02:26 - ROBOTY.collision - WARNING - Коллизия: роботы 3 и 4 в 11.00s, расстояние: 0.470, требуется: 0.500
2025-09-23 15:02:26 - ROBOTY.collision - WARNING - Коллизия: роботы 5 и 8 в 11.00s, расстояние: 0.494, требуется: 0.500
2025-09-23 15:02:26 - ROBOTY.collision - WARNING - Коллизия: роботы 3 и 4 в 11.10s, расстояние: 0.470, требуется: 0.500
2025-09-23 15:02:26 - ROBOTY.collision - WARNING - Коллизия: роботы 5 и 8 в 11.10s, расстояние: 0.494, требуется: 0.500
2025-09-23 15:02:26 - ROBOTY.collision - WARNING - Коллизия: роботы 3 и 4 в 11.20s, расстояние: 0.470, требуется: 0.500
2025-09-23 15:02:26 - ROBOTY.collision - WARNING - Коллизия: роботы 5 и 8 в 11.20s, расстояние: 0.494, требуется: 0.500
2025-09-23 15:02:26 - ROBOTY.collision - WARNING - Коллизия: роботы 3 и 4 в 11.30s, расстояние: 0.470, требуется: 0.500
2025-09-23 15:02:26 - ROBOTY.collision - WARNING - Коллизия: роботы 5 и 8 в 11.30s, расстояние: 0.494, требуется: 0.500
2025-09-23 15:02:26 - ROBOTY.collision - WARNING - Коллизия: роботы 3 и 4 в 11.40s, расстояние: 0.470, требуется: 0.500
2025-09-23 15:02:26 - ROBOTY.collision - WARNING - Коллизия: роботы 5 и 8 в 11.40s, расстояние: 0.494, требуется: 0.500
2025-09-23 15:02:26 - ROBOTY.collision - WARNING - Коллизия: роботы 3 и 4 в 11.50s, расстояние: 0.470, требуется: 0.500
2025-09-23 15:02:26 - ROBOTY.collision - WARNING - Коллизия: роботы 5 и 8 в 11.50s, расстояние: 0.494, требуется: 0.500
2025-09-23 15:02:26 - ROBOTY.collision - WARNING - Коллизия: роботы 3 и 4 в 11.60s, расстояние: 0.470, требуется: 0.500
2025-09-23 15:02:26 - ROBOTY.collision - WARNING - Коллизия: роботы 5 и 8 в 11.60s, расстояние: 0.494, требуется: 0.500
2025-09-23 15:02:26 - ROBOTY.collision - WARNING - Коллизия: роботы 3 и 4 в 11.70s, расстояние: 0.470, требуется: 0.500
2025-09-23 15:02:26 - ROBOTY.collision - WARNING - Коллизия: роботы 5 и 8 в 11.70s, расстояние: 0.494, требуется: 0.500
2025-09-23 15:02:26 - ROBOTY.collision - WARNING - Коллизия: роботы 3 и 4 в 11.80s, расстояние: 0.470, требуется: 0.500
2025-09-23 15:02:26 - ROBOTY.collision - WARNING - Коллизия: роботы 5 и 8 в 11.80s, расстояние: 0.494, требуется: 0.500
2025-09-23 15:02:26 - ROBOTY.collision - WARNING - Коллизия: роботы 3 и 4 в 11.90s, расстояние: 0.470, требуется: 0.500
2025-09-23 15:02:26 - ROBOTY.collision - WARNING - Коллизия: роботы 5 и 8 в 11.90s, расстояние: 0.494, требуется: 0.500
2025-09-23 15:02:26 - ROBOTY.collision - WARNING - Коллизия: роботы 3 и 4 в 12.00s, расстояние: 0.470, требуется: 0.500
2025-09-23 15:02:26 - ROBOTY.collision - WARNING - Коллизия: роботы 5 и 8 в 12.00s, расстояние: 0.494, требуется: 0.500
2025-09-23 15:02:26 - ROBOTY.collision - WARNING - Коллизия: роботы 3 и 4 в 12.10s, расстояние: 0.470, требуется: 0.500
2025-09-23 15:02:26 - ROBOTY.collision - WARNING - Коллизия: роботы 5 и 8 в 12.10s, расстояние: 0.494, требуется: 0.500
2025-09-23 15:02:26 - ROBOTY.collision - WARNING - Коллизия: роботы 3 и 4 в 12.20s, расстояние: 0.470, требуется: 0.500
2025-09-23 15:02:26 - ROBOTY.collision - WARNING - Коллизия: роботы 5 и 8 в 12.20s, расстояние: 0.494, требуется: 0.500
2025-09-23 15:02:26 - ROBOTY.collision - WARNING - Коллизия: роботы 3 и 4 в 12.30s, расстояние: 0.470, требуется: 0.500
2025-09-23 15:02:26 - ROBOTY.collision - WARNING - Коллизия: роботы 5 и 8 в 12.30s, расстояние: 0.494, требуется: 0.500
2025-09-23 15:02:26 - ROBOTY.collision - WARNING - Коллизия: роботы 2 и 6 в 12.40s, расстояние: 0.460, требуется: 0.500
2025-09-23 15:02:26 - ROBOTY.collision - WARNING - Коллизия: роботы 3 и 4 в 12.40s, расстояние: 0.470, требуется: 0.500
2025-09-23 15:02:26 - ROBOTY.collision - WARNING - Коллизия: роботы 5 и 8 в 12.40s, расстояние: 0.494, требуется: 0.500
2025-09-23 15:02:26 - ROBOTY.collision - WARNING - Коллизия: роботы 2 и 6 в 12.50s, расстояние: 0.460, требуется: 0.500
2025-09-23 15:02:26 - ROBOTY.collision - WARNING - Коллизия: роботы 3 и 4 в 12.50s, расстояние: 0.470, требуется: 0.500
2025-09-23 15:02:26 - ROBOTY.collision - WARNING - Коллизия: роботы 5 и 8 в 12.50s, расстояние: 0.494, требуется: 0.500
2025-09-23 15:02:26 - ROBOTY.collision - WARNING - Коллизия: роботы 2 и 6 в 12.60s, расстояние: 0.460, требуется: 0.500
2025-09-23 15:02:26 - ROBOTY.collision - WARNING - Коллизия: роботы 3 и 4 в 12.60s, расстояние: 0.470, требуется: 0.500
2025-09-23 15:02:26 - ROBOTY.collision - WARNING - Коллизия: роботы 5 и 8 в 12.60s, расстояние: 0.494, требуется: 0.500
2025-09-23 15:02:26 - ROBOTY.collision - WARNING - Коллизия: роботы 2 и 6 в 12.70s, расстояние: 0.460, требуется: 0.500
2025-09-23 15:02:26 - ROBOTY.collision - WARNING - Коллизия: роботы 3 и 4 в 12.70s, расстояние: 0.470, требуется: 0.500
2025-09-23 15:02:26 - ROBOTY.collision - WARNING - Коллизия: роботы 5 и 8 в 12.70s, расстояние: 0.494, требуется: 0.500
2025-09-23 15:02:26 - ROBOTY.collision - WARNING - Коллизия: роботы 2 и 6 в 12.80s, расстояние: 0.460, требуется: 0.500
2025-09-23 15:02:26 - ROBOTY.collision - WARNING - Коллизия: роботы 3 и 4 в 12.80s, расстояние: 0.470, требуется: 0.500
2025-09-23 15:02:26 - ROBOTY.collision - WARNING - Коллизия: роботы 5 и 8 в 12.80s, расстояние: 0.494, требуется: 0.500
2025-09-23 15:02:26 - ROBOTY.collision - WARNING - Коллизия: роботы 2 и 6 в 12.90s, расстояние: 0.460, требуется: 0.500
2025-09-23 15:02:26 - ROBOTY.collision - WARNING - Коллизия: роботы 3 и 4 в 12.90s, расстояние: 0.470, требуется: 0.500
2025-09-23 15:02:26 - ROBOTY.collision - WARNING - Коллизия: роботы 5 и 8 в 12.90s, расстояние: 0.494, требуется: 0.500
2025-09-23 15:02:26 - ROBOTY.collision - WARNING - Коллизия: роботы 2 и 6 в 13.00s, расстояние: 0.460, требуется: 0.500
2025-09-23 15:02:26 - ROBOTY.collision - WARNING - Коллизия: роботы 3 и 4 в 13.00s, расстояние: 0.470, требуется: 0.500
2025-09-23 15:02:26 - ROBOTY.collision - WARNING - Коллизия: роботы 5 и 8 в 13.00s, расстояние: 0.494, требуется: 0.500
2025-09-23 15:02:26 - ROBOTY.collision - WARNING - Коллизия: роботы 2 и 6 в 13.10s, расстояние: 0.460, требуется: 0.500
2025-09-23 15:02:26 - ROBOTY.collision - WARNING - Коллизия: роботы 3 и 4 в 13.10s, расстояние: 0.470, требуется: 0.500
2025-09-23 15:02:26 - ROBOTY.collision - WARNING - Коллизия: роботы 5 и 8 в 13.10s, расстояние: 0.494, требуется: 0.500
2025-09-23 15:02:26 - ROBOTY.collision - WARNING - Коллизия: роботы 2 и 6 в 13.20s, расстояние: 0.460, требуется: 0.500
2025-09-23 15:02:26 - ROBOTY.collision - WARNING - Коллизия: роботы 3 и 4 в 13.20s, расстояние: 0.470, требуется: 0.500
2025-09-23 15:02:26 - ROBOTY.collision - WARNING - Коллизия: роботы 5 и 8 в 13.20s, расстояние: 0.494, требуется: 0.500
2025-09-23 15:02:26 - ROBOTY.collision - WARNING - Коллизия: роботы 2 и 6 в 13.30s, расстояние: 0.460, требуется: 0.500
2025-09-23 15:02:26 - ROBOTY.collision - WARNING - Коллизия: роботы 3 и 4 в 13.30s, расстояние: 0.470, требуется: 0.500
2025-09-23 15:02:26 - ROBOTY.collision - WARNING - Коллизия: роботы 5 и 8 в 13.30s, расстояние: 0.494, требуется: 0.500
2025-09-23 15:02:26 - ROBOTY.collision - WARNING - Коллизия: роботы 2 и 6 в 13.40s, расстояние: 0.460, требуется: 0.500
2025-09-23 15:02:26 - ROBOTY.collision - WARNING - Коллизия: роботы 3 и 4 в 13.40s, расстояние: 0.470, требуется: 0.500
2025-09-23 15:02:26 - ROBOTY.collision - WARNING - Коллизия: роботы 5 и 8 в 13.40s, расстояние: 0.494, требуется: 0.500
2025-09-23 15:02:26 - ROBOTY.collision - WARNING - Коллизия: роботы 2 и 6 в 13.50s, расстояние: 0.460, требуется: 0.500
2025-09-23 15:02:26 - ROBOTY.collision - WARNING - Коллизия: роботы 3 и 4 в 13.50s, расстояние: 0.470, требуется: 0.500
2025-09-23 15:02:26 - ROBOTY.collision - WARNING - Коллизия: роботы 5 и 8 в 13.50s, расстояние: 0.494, требуется: 0.500
2025-09-23 15:02:26 - ROBOTY.collision - WARNING - Коллизия: роботы 2 и 6 в 13.60s, расстояние: 0.460, требуется: 0.500
2025-09-23 15:02:26 - ROBOTY.collision - WARNING - Коллизия: роботы 3 и 4 в 13.60s, расстояние: 0.470, требуется: 0.500
2025-09-23 15:02:26 - ROBOTY.collision - WARNING - Коллизия: роботы 5 и 8 в 13.60s, расстояние: 0.494, требуется: 0.500
2025-09-23 15:02:26 - ROBOTY.collision - WARNING - Коллизия: роботы 2 и 6 в 13.70s, расстояние: 0.460, требуется: 0.500
2025-09-23 15:02:26 - ROBOTY.collision - WARNING - Коллизия: роботы 3 и 4 в 13.70s, расстояние: 0.470, требуется: 0.500
2025-09-23 15:02:26 - ROBOTY.collision - WARNING - Коллизия: роботы 5 и 8 в 13.70s, расстояние: 0.440, требуется: 0.500
2025-09-23 15:02:26 - ROBOTY.collision - WARNING - Коллизия: роботы 2 и 6 в 13.80s, расстояние: 0.460, требуется: 0.500
2025-09-23 15:02:26 - ROBOTY.collision - WARNING - Коллизия: роботы 3 и 4 в 13.80s, расстояние: 0.470, требуется: 0.500
2025-09-23 15:02:26 - ROBOTY.collision - WARNING - Коллизия: роботы 5 и 8 в 13.80s, расстояние: 0.349, требуется: 0.500
2025-09-23 15:02:26 - ROBOTY.collision - WARNING - Коллизия: роботы 2 и 6 в 13.90s, расстояние: 0.460, требуется: 0.500
2025-09-23 15:02:26 - ROBOTY.collision - WARNING - Коллизия: роботы 3 и 4 в 13.90s, расстояние: 0.470, требуется: 0.500
2025-09-23 15:02:26 - ROBOTY.collision - WARNING - Коллизия: роботы 5 и 8 в 13.90s, расстояние: 0.298, требуется: 0.500
2025-09-23 15:02:26 - ROBOTY.collision - WARNING - Коллизия: роботы 2 и 6 в 14.00s, расстояние: 0.460, требуется: 0.500
2025-09-23 15:02:26 - ROBOTY.collision - WARNING - Коллизия: роботы 3 и 4 в 14.00s, расстояние: 0.470, требуется: 0.500
2025-09-23 15:02:26 - ROBOTY.collision - WARNING - Коллизия: роботы 5 и 8 в 14.00s, расстояние: 0.307, требуется: 0.500
2025-09-23 15:02:26 - ROBOTY.collision - WARNING - Коллизия: роботы 2 и 6 в 14.10s, расстояние: 0.460, требуется: 0.500
2025-09-23 15:02:26 - ROBOTY.collision - WARNING - Коллизия: роботы 3 и 4 в 14.10s, расстояние: 0.470, требуется: 0.500
2025-09-23 15:02:26 - ROBOTY.collision - WARNING - Коллизия: роботы 5 и 8 в 14.10s, расстояние: 0.372, требуется: 0.500
2025-09-23 15:02:26 - ROBOTY.collision - WARNING - Коллизия: роботы 2 и 6 в 14.20s, расстояние: 0.460, требуется: 0.500
2025-09-23 15:02:26 - ROBOTY.collision - WARNING - Коллизия: роботы 3 и 4 в 14.20s, расстояние: 0.470, требуется: 0.500
2025-09-23 15:02:26 - ROBOTY.collision - WARNING - Коллизия: роботы 5 и 8 в 14.20s, расстояние: 0.497, требуется: 0.500
2025-09-23 15:02:26 - ROBOTY.collision - WARNING - Коллизия: роботы 2 и 6 в 14.30s, расстояние: 0.460, требуется: 0.500
2025-09-23 15:02:26 - ROBOTY.collision - WARNING - Коллизия: роботы 3 и 4 в 14.30s, расстояние: 0.470, требуется: 0.500
2025-09-23 15:02:26 - ROBOTY.collision - WARNING - Коллизия: роботы 2 и 6 в 14.40s, расстояние: 0.460, требуется: 0.500
2025-09-23 15:02:26 - ROBOTY.collision - WARNING - Коллизия: роботы 3 и 4 в 14.40s, расстояние: 0.470, требуется: 0.500
2025-09-23 15:02:26 - ROBOTY.collision - WARNING - Коллизия: роботы 2 и 6 в 14.50s, расстояние: 0.460, требуется: 0.500
2025-09-23 15:02:26 - ROBOTY.collision - WARNING - Коллизия: роботы 3 и 4 в 14.50s, расстояние: 0.470, требуется: 0.500
2025-09-23 15:02:26 - ROBOTY.collision - WARNING - Коллизия: роботы 2 и 6 в 14.60s, расстояние: 0.460, требуется: 0.500
2025-09-23 15:02:26 - ROBOTY.collision - WARNING - Коллизия: роботы 3 и 4 в 14.60s, расстояние: 0.470, требуется: 0.500
2025-09-23 15:02:26 - ROBOTY.collision - WARNING - Коллизия: роботы 2 и 6 в 14.70s, расстояние: 0.460, требуется: 0.500
2025-09-23 15:02:26 - ROBOTY.collision - WARNING - Коллизия: роботы 3 и 4 в 14.70s, расстояние: 0.470, требуется: 0.500
2025-09-23 15:02:26 - ROBOTY.collision - WARNING - Коллизия: роботы 2 и 6 в 14.80s, расстояние: 0.460, требуется: 0.500
2025-09-23 15:02:26 - ROBOTY.collision - WARNING - Коллизия: роботы 3 и 4 в 14.80s, расстояние: 0.401, требуется: 0.500
2025-09-23 15:02:26 - ROBOTY.collision - WARNING - Коллизия: роботы 2 и 6 в 14.90s, расстояние: 0.460, требуется: 0.500
2025-09-23 15:02:26 - ROBOTY.collision - WARNING - Коллизия: роботы 3 и 4 в 14.90s, расстояние: 0.300, требуется: 0.500
2025-09-23 15:02:26 - ROBOTY.collision - WARNING - Коллизия: роботы 2 и 6 в 15.00s, расстояние: 0.460, требуется: 0.500
2025-09-23 15:02:26 - ROBOTY.collision - WARNING - Коллизия: роботы 3 и 4 в 15.00s, расстояние: 0.292, требуется: 0.500
2025-09-23 15:02:26 - ROBOTY.collision - WARNING - Коллизия: роботы 2 и 6 в 15.10s, расстояние: 0.460, требуется: 0.500
2025-09-23 15:02:26 - ROBOTY.collision - WARNING - Коллизия: роботы 3 и 4 в 15.10s, расстояние: 0.381, требуется: 0.500
2025-09-23 15:02:26 - ROBOTY.collision - WARNING - Коллизия: роботы 2 и 6 в 15.20s, расстояние: 0.460, требуется: 0.500
2025-09-23 15:02:26 - ROBOTY.collision - WARNING - Коллизия: роботы 2 и 6 в 15.30s, расстояние: 0.460, требуется: 0.500
2025-09-23 15:02:26 - ROBOTY.collision - WARNING - Коллизия: роботы 2 и 6 в 15.40s, расстояние: 0.460, требуется: 0.500
2025-09-23 15:02:26 - ROBOTY.collision - WARNING - Коллизия: роботы 2 и 6 в 15.50s, расстояние: 0.460, требуется: 0.500
2025-09-23 15:02:26 - ROBOTY.collision - WARNING - Коллизия: роботы 2 и 6 в 15.60s, расстояние: 0.460, требуется: 0.500
2025-09-23 15:02:26 - ROBOTY.collision - WARNING - Коллизия: роботы 2 и 6 в 15.70s, расстояние: 0.460, требуется: 0.500
2025-09-23 15:02:26 - ROBOTY.collision - WARNING - Коллизия: роботы 2 и 6 в 15.80s, расстояние: 0.460, требуется: 0.500
2025-09-23 15:02:26 - ROBOTY.collision - WARNING - Коллизия: роботы 2 и 6 в 15.90s, расстояние: 0.460, требуется: 0.500
2025-09-23 15:02:26 - ROBOTY.collision - WARNING - Коллизия: роботы 2 и 6 в 16.00s, расстояние: 0.460, требуется: 0.500
2025-09-23 15:02:26 - ROBOTY.collision - WARNING - Коллизия: роботы 2 и 6 в 16.10s, расстояние: 0.344, требуется: 0.500
2025-09-23 15:02:26 - ROBOTY.collision - WARNING - Коллизия: роботы 2 и 6 в 16.20s, расстояние: 0.376, требуется: 0.500
2025-09-23 15:02:26 - ROBOTY.collision - WARNING - Коллизия: роботы 3 и 4 в 17.70s, расстояние: 0.425, требуется: 0.500
2025-09-23 15:02:26 - ROBOTY.collision - WARNING - Коллизия: роботы 3 и 4 в 17.80s, расстояние: 0.369, требуется: 0.500
2025-09-23 15:02:26 - ROBOTY.collision - WARNING - Коллизия: роботы 3 и 4 в 17.90s, расстояние: 0.340, требуется: 0.500
2025-09-23 15:02:26 - ROBOTY.collision - WARNING - Коллизия: роботы 3 и 4 в 18.00s, расстояние: 0.338, требуется: 0.500
2025-09-23 15:02:26 - ROBOTY.collision - WARNING - Коллизия: роботы 3 и 4 в 18.10s, расстояние: 0.370, требуется: 0.500
2025-09-23 15:02:26 - ROBOTY.collision - WARNING - Коллизия: роботы 2 и 7 в 18.20s, расстояние: 0.456, требуется: 0.500
2025-09-23 15:02:26 - ROBOTY.collision - WARNING - Коллизия: роботы 2 и 8 в 18.20s, расстояние: 0.448, требуется: 0.500
2025-09-23 15:02:26 - ROBOTY.collision - WARNING - Коллизия: роботы 3 и 4 в 18.20s, расстояние: 0.434, требуется: 0.500
2025-09-23 15:02:26 - ROBOTY.collision - WARNING - Коллизия: роботы 2 и 7 в 18.30s, расстояние: 0.415, требуется: 0.500
2025-09-23 15:02:26 - ROBOTY.collision - WARNING - Коллизия: роботы 2 и 8 в 18.30s, расстояние: 0.401, требуется: 0.500
2025-09-23 15:02:26 - ROBOTY.collision - WARNING - Коллизия: роботы 2 и 7 в 18.40s, расстояние: 0.415, требуется: 0.500
2025-09-23 15:02:26 - ROBOTY.collision - WARNING - Коллизия: роботы 2 и 8 в 18.40s, расстояние: 0.400, требуется: 0.500
2025-09-23 15:02:26 - ROBOTY.collision - WARNING - Коллизия: роботы 2 и 7 в 18.50s, расстояние: 0.455, требуется: 0.500
2025-09-23 15:02:26 - ROBOTY.collision - WARNING - Коллизия: роботы 2 и 8 в 18.50s, расстояние: 0.445, требуется: 0.500
2025-09-23 15:02:26 - ROBOTY.collision - WARNING - Коллизия: роботы 4 и 8 в 20.60s, расстояние: 0.447, требуется: 0.500
2025-09-23 15:02:26 - ROBOTY.collision - WARNING - Коллизия: роботы 4 и 8 в 20.70s, расстояние: 0.408, требуется: 0.500
2025-09-23 15:02:26 - ROBOTY.collision - WARNING - Коллизия: роботы 4 и 8 в 20.80s, расстояние: 0.444, требуется: 0.500
2025-09-23 15:02:26 - ROBOTY.collision - WARNING - Коллизия: роботы 3 и 5 в 29.00s, расстояние: 0.481, требуется: 0.500
2025-09-23 15:02:26 - ROBOTY.collision - WARNING - Коллизия: роботы 3 и 5 в 29.10s, расстояние: 0.405, требуется: 0.500
2025-09-23 15:02:26 - ROBOTY.collision - WARNING - Коллизия: роботы 3 и 5 в 29.20s, расстояние: 0.360, требуется: 0.500
2025-09-23 15:02:26 - ROBOTY.collision - WARNING - Коллизия: роботы 3 и 5 в 29.30s, расстояние: 0.356, требуется: 0.500
2025-09-23 15:02:26 - ROBOTY.collision - WARNING - Коллизия: роботы 3 и 5 в 29.40s, расстояние: 0.396, требуется: 0.500
2025-09-23 15:02:26 - ROBOTY.collision - WARNING - Коллизия: роботы 3 и 5 в 29.50s, расстояние: 0.467, требуется: 0.500
2025-09-23 15:02:26 - ROBOTY.collision - ERROR - Обнаружено 285 коллизий
2025-09-23 15:02:26 - ROBOTY.main - WARNING - Коллизии сохраняются после вставки пауз
2025-09-23 15:02:28 - ROBOTY.main - INFO - Открытие визуализатора
2025-09-23 15:02:28 - ROBOTY.visualizer - INFO - Запуск визуализации типа: 3d
2025-09-23 15:02:28 - ROBOTY.visualizer - INFO - Создание 3D визуализации траекторий
2025-09-23 15:02:28 - ROBOTY.visualizer - INFO - 3D визуализация создана
2025-09-23 15:02:29 - ROBOTY.visualizer - INFO - Визуализация сохранена в файл: C:\Users\22200490\.cursor\ROBOTY\viz\..\outputs\visualizations\visualization_3d_20250923_150228.html
2025-09-23 15:02:29 - ROBOTY.visualizer - INFO - Визуализация открыта в браузере
2025-09-23 15:02:29 - ROBOTY.main - INFO - Визуализация успешно завершена
