2025-09-27 14:16:20 - ROBOTY.main - INFO - Запуск приложения ROBOTY
2025-09-27 14:16:20 - ROBOTY.main - INFO - Применена тема: dark
2025-09-27 14:16:20 - ROBOTY.main - INFO - Интерфейс инициализирован
2025-09-27 14:16:20 - ROBOTY.main - INFO - Приложение успешно запущено
2025-09-27 14:16:27 - ROBOTY.main - INFO - Создан входной файл: C:\Users\22200490\.cursor\ROBOTY-main\data\input_20250927_141623.json
2025-09-27 14:16:27 - ROBOTY.parser - INFO - Начинаем загрузку файла: C:\Users\22200490\.cursor\ROBOTY-main\data\input_20250927_141623.json
2025-09-27 14:16:27 - ROBOTY.parser - INFO - Файл C:\Users\22200490\.cursor\ROBOTY-main\data\input_20250927_141623.json успешно загружен
2025-09-27 14:16:27 - ROBOTY.parser - DEBUG - Робот 1 успешно загружен
2025-09-27 14:16:27 - ROBOTY.parser - DEBUG - Робот 2 успешно загружен
2025-09-27 14:16:27 - ROBOTY.parser - DEBUG - Робот 3 успешно загружен
2025-09-27 14:16:27 - ROBOTY.parser - DEBUG - Робот 4 успешно загружен
2025-09-27 14:16:27 - ROBOTY.parser - DEBUG - Робот 5 успешно загружен
2025-09-27 14:16:27 - ROBOTY.parser - DEBUG - Робот 6 успешно загружен
2025-09-27 14:16:27 - ROBOTY.parser - DEBUG - Робот 7 успешно загружен
2025-09-27 14:16:27 - ROBOTY.parser - DEBUG - Робот 8 успешно загружен
2025-09-27 14:16:27 - ROBOTY.parser - DEBUG - Робот 9 успешно загружен
2025-09-27 14:16:27 - ROBOTY.parser - DEBUG - Робот 10 успешно загружен
2025-09-27 14:16:27 - ROBOTY.parser - DEBUG - Операция 1 успешно загружена
2025-09-27 14:16:27 - ROBOTY.parser - DEBUG - Операция 2 успешно загружена
2025-09-27 14:16:27 - ROBOTY.parser - DEBUG - Операция 3 успешно загружена
2025-09-27 14:16:27 - ROBOTY.parser - DEBUG - Операция 4 успешно загружена
2025-09-27 14:16:27 - ROBOTY.parser - DEBUG - Операция 5 успешно загружена
2025-09-27 14:16:27 - ROBOTY.parser - DEBUG - Операция 6 успешно загружена
2025-09-27 14:16:27 - ROBOTY.parser - DEBUG - Операция 7 успешно загружена
2025-09-27 14:16:27 - ROBOTY.parser - DEBUG - Операция 8 успешно загружена
2025-09-27 14:16:27 - ROBOTY.parser - DEBUG - Операция 9 успешно загружена
2025-09-27 14:16:27 - ROBOTY.parser - DEBUG - Операция 10 успешно загружена
2025-09-27 14:16:27 - ROBOTY.parser - DEBUG - Операция 11 успешно загружена
2025-09-27 14:16:27 - ROBOTY.parser - DEBUG - Операция 12 успешно загружена
2025-09-27 14:16:27 - ROBOTY.parser - DEBUG - Операция 13 успешно загружена
2025-09-27 14:16:27 - ROBOTY.parser - DEBUG - Операция 14 успешно загружена
2025-09-27 14:16:27 - ROBOTY.parser - DEBUG - Операция 15 успешно загружена
2025-09-27 14:16:27 - ROBOTY.parser - DEBUG - Операция 16 успешно загружена
2025-09-27 14:16:27 - ROBOTY.parser - DEBUG - Операция 17 успешно загружена
2025-09-27 14:16:27 - ROBOTY.parser - DEBUG - Операция 18 успешно загружена
2025-09-27 14:16:27 - ROBOTY.parser - DEBUG - Операция 19 успешно загружена
2025-09-27 14:16:27 - ROBOTY.parser - DEBUG - Операция 20 успешно загружена
2025-09-27 14:16:27 - ROBOTY.parser - DEBUG - Операция 21 успешно загружена
2025-09-27 14:16:27 - ROBOTY.parser - DEBUG - Операция 22 успешно загружена
2025-09-27 14:16:27 - ROBOTY.parser - DEBUG - Операция 23 успешно загружена
2025-09-27 14:16:27 - ROBOTY.parser - DEBUG - Операция 24 успешно загружена
2025-09-27 14:16:27 - ROBOTY.parser - DEBUG - Операция 25 успешно загружена
2025-09-27 14:16:27 - ROBOTY.parser - DEBUG - Операция 26 успешно загружена
2025-09-27 14:16:27 - ROBOTY.parser - DEBUG - Операция 27 успешно загружена
2025-09-27 14:16:27 - ROBOTY.parser - DEBUG - Операция 28 успешно загружена
2025-09-27 14:16:27 - ROBOTY.parser - DEBUG - Операция 29 успешно загружена
2025-09-27 14:16:27 - ROBOTY.parser - DEBUG - Операция 30 успешно загружена
2025-09-27 14:16:27 - ROBOTY.parser - INFO - Загружено 10 роботов и 30 операций
2025-09-27 14:16:31 - ROBOTY.main - INFO - Запуск планировщика
2025-09-27 14:16:31 - ROBOTY.planner - INFO - Запуск планировщика траекторий
2025-09-27 14:16:31 - ROBOTY.assigner - INFO - Начинаем назначение операций методом: balanced
2025-09-27 14:16:31 - ROBOTY.assigner - DEBUG - Операция 0 назначена роботу 4 (нагрузка: 11.44)
2025-09-27 14:16:31 - ROBOTY.assigner - DEBUG - Операция 1 назначена роботу 1 (нагрузка: 9.75)
2025-09-27 14:16:31 - ROBOTY.assigner - DEBUG - Операция 2 назначена роботу 0 (нагрузка: 2.85)
2025-09-27 14:16:31 - ROBOTY.assigner - DEBUG - Операция 3 назначена роботу 5 (нагрузка: 7.17)
2025-09-27 14:16:31 - ROBOTY.assigner - DEBUG - Операция 4 назначена роботу 3 (нагрузка: 5.12)
2025-09-27 14:16:31 - ROBOTY.assigner - DEBUG - Операция 5 назначена роботу 2 (нагрузка: 7.27)
2025-09-27 14:16:31 - ROBOTY.assigner - DEBUG - Операция 6 назначена роботу 9 (нагрузка: 9.13)
2025-09-27 14:16:31 - ROBOTY.assigner - DEBUG - Операция 7 назначена роботу 0 (нагрузка: 10.81)
2025-09-27 14:16:31 - ROBOTY.assigner - DEBUG - Операция 8 назначена роботу 3 (нагрузка: 16.52)
2025-09-27 14:16:31 - ROBOTY.assigner - DEBUG - Операция 9 назначена роботу 7 (нагрузка: 9.55)
2025-09-27 14:16:31 - ROBOTY.assigner - DEBUG - Операция 10 назначена роботу 8 (нагрузка: 10.91)
2025-09-27 14:16:31 - ROBOTY.assigner - DEBUG - Операция 11 назначена роботу 6 (нагрузка: 14.03)
2025-09-27 14:16:31 - ROBOTY.assigner - DEBUG - Операция 12 назначена роботу 5 (нагрузка: 17.53)
2025-09-27 14:16:31 - ROBOTY.assigner - DEBUG - Операция 13 назначена роботу 2 (нагрузка: 14.39)
2025-09-27 14:16:31 - ROBOTY.assigner - DEBUG - Операция 14 назначена роботу 1 (нагрузка: 18.23)
2025-09-27 14:16:31 - ROBOTY.assigner - DEBUG - Операция 15 назначена роботу 7 (нагрузка: 15.79)
2025-09-27 14:16:31 - ROBOTY.assigner - DEBUG - Операция 16 назначена роботу 0 (нагрузка: 19.50)
2025-09-27 14:16:31 - ROBOTY.assigner - DEBUG - Операция 17 назначена роботу 4 (нагрузка: 16.73)
2025-09-27 14:16:31 - ROBOTY.assigner - DEBUG - Операция 18 назначена роботу 2 (нагрузка: 26.16)
2025-09-27 14:16:31 - ROBOTY.assigner - DEBUG - Операция 19 назначена роботу 9 (нагрузка: 23.97)
2025-09-27 14:16:31 - ROBOTY.assigner - DEBUG - Операция 20 назначена роботу 8 (нагрузка: 20.37)
2025-09-27 14:16:31 - ROBOTY.assigner - DEBUG - Операция 21 назначена роботу 4 (нагрузка: 20.22)
2025-09-27 14:16:31 - ROBOTY.assigner - DEBUG - Операция 22 назначена роботу 3 (нагрузка: 22.81)
2025-09-27 14:16:31 - ROBOTY.assigner - DEBUG - Операция 23 назначена роботу 5 (нагрузка: 23.43)
2025-09-27 14:16:31 - ROBOTY.assigner - DEBUG - Операция 24 назначена роботу 6 (нагрузка: 22.07)
2025-09-27 14:16:31 - ROBOTY.assigner - DEBUG - Операция 25 назначена роботу 4 (нагрузка: 26.68)
2025-09-27 14:16:31 - ROBOTY.assigner - DEBUG - Операция 26 назначена роботу 7 (нагрузка: 24.56)
2025-09-27 14:16:31 - ROBOTY.assigner - DEBUG - Операция 27 назначена роботу 1 (нагрузка: 23.87)
2025-09-27 14:16:31 - ROBOTY.assigner - DEBUG - Операция 28 назначена роботу 0 (нагрузка: 30.63)
2025-09-27 14:16:31 - ROBOTY.assigner - DEBUG - Операция 29 назначена роботу 3 (нагрузка: 28.33)
2025-09-27 14:16:31 - ROBOTY.assigner - INFO - Распределено 30 операций с балансировкой нагрузки
2025-09-27 14:16:31 - ROBOTY.assigner - INFO - Итоговые нагрузки роботов: ['30.63', '23.87', '26.16', '28.33', '26.68', '23.43', '22.07', '24.56', '20.37', '23.97']
2025-09-27 14:16:31 - ROBOTY.assigner - INFO - Робот 0: 4 операций, нагрузка 30.63
2025-09-27 14:16:31 - ROBOTY.assigner - INFO - Робот 1: 3 операций, нагрузка 23.87
2025-09-27 14:16:31 - ROBOTY.assigner - INFO - Робот 2: 3 операций, нагрузка 26.16
2025-09-27 14:16:31 - ROBOTY.assigner - INFO - Робот 3: 4 операций, нагрузка 28.33
2025-09-27 14:16:31 - ROBOTY.assigner - INFO - Робот 4: 4 операций, нагрузка 26.68
2025-09-27 14:16:31 - ROBOTY.assigner - INFO - Робот 5: 3 операций, нагрузка 23.43
2025-09-27 14:16:31 - ROBOTY.assigner - INFO - Робот 6: 2 операций, нагрузка 22.07
2025-09-27 14:16:31 - ROBOTY.assigner - INFO - Робот 7: 3 операций, нагрузка 24.56
2025-09-27 14:16:31 - ROBOTY.assigner - INFO - Робот 8: 2 операций, нагрузка 20.37
2025-09-27 14:16:31 - ROBOTY.assigner - INFO - Робот 9: 2 операций, нагрузка 23.97
2025-09-27 14:16:31 - ROBOTY.planner - INFO - Операции назначены методом: balanced
2025-09-27 14:16:31 - ROBOTY.planner - INFO - Планирование траектории для робота 1 (ID: 1) с 4 операциями
2025-09-27 14:16:31 - ROBOTY.planner - DEBUG - Планирование траектории для робота с 4 операциями
2025-09-27 14:16:31 - ROBOTY.planner - DEBUG - Операция 1 запланирована, время завершения: 4.97
2025-09-27 14:16:31 - ROBOTY.planner - DEBUG - Операция 2 запланирована, время завершения: 15.06
2025-09-27 14:16:31 - ROBOTY.planner - DEBUG - Операция 3 запланирована, время завершения: 28.71
2025-09-27 14:16:31 - ROBOTY.planner - DEBUG - Операция 4 запланирована, время завершения: 41.17
2025-09-27 14:16:31 - ROBOTY.planner - INFO - Траектория робота запланирована, общее время: 41.17
2025-09-27 14:16:31 - ROBOTY.planner - INFO - Робот 1: траектория содержит 96 точек
2025-09-27 14:16:31 - ROBOTY.planner - INFO - Планирование траектории для робота 2 (ID: 2) с 3 операциями
2025-09-27 14:16:31 - ROBOTY.planner - DEBUG - Планирование траектории для робота с 3 операциями
2025-09-27 14:16:31 - ROBOTY.planner - DEBUG - Операция 1 запланирована, время завершения: 11.45
2025-09-27 14:16:31 - ROBOTY.planner - DEBUG - Операция 2 запланирована, время завершения: 24.45
2025-09-27 14:16:31 - ROBOTY.planner - DEBUG - Операция 3 запланирована, время завершения: 33.94
2025-09-27 14:16:31 - ROBOTY.planner - INFO - Траектория робота запланирована, общее время: 33.94
2025-09-27 14:16:31 - ROBOTY.planner - INFO - Робот 2: траектория содержит 72 точек
2025-09-27 14:16:31 - ROBOTY.planner - INFO - Планирование траектории для робота 3 (ID: 3) с 3 операциями
2025-09-27 14:16:31 - ROBOTY.planner - DEBUG - Планирование траектории для робота с 3 операциями
2025-09-27 14:16:31 - ROBOTY.planner - DEBUG - Операция 1 запланирована, время завершения: 9.20
2025-09-27 14:16:31 - ROBOTY.planner - DEBUG - Операция 2 запланирована, время завершения: 18.14
2025-09-27 14:16:31 - ROBOTY.planner - DEBUG - Операция 3 запланирована, время завершения: 30.47
2025-09-27 14:16:31 - ROBOTY.planner - INFO - Траектория робота запланирована, общее время: 30.47
2025-09-27 14:16:31 - ROBOTY.planner - INFO - Робот 3: траектория содержит 72 точек
2025-09-27 14:16:31 - ROBOTY.planner - INFO - Планирование траектории для робота 4 (ID: 4) с 4 операциями
2025-09-27 14:16:31 - ROBOTY.planner - DEBUG - Планирование траектории для робота с 4 операциями
2025-09-27 14:16:31 - ROBOTY.planner - DEBUG - Операция 1 запланирована, время завершения: 7.20
2025-09-27 14:16:31 - ROBOTY.planner - DEBUG - Операция 2 запланирована, время завершения: 19.77
2025-09-27 14:16:31 - ROBOTY.planner - DEBUG - Операция 3 запланирована, время завершения: 29.96
2025-09-27 14:16:31 - ROBOTY.planner - DEBUG - Операция 4 запланирована, время завершения: 37.33
2025-09-27 14:16:31 - ROBOTY.planner - INFO - Траектория робота запланирована, общее время: 37.33
2025-09-27 14:16:31 - ROBOTY.planner - INFO - Робот 4: траектория содержит 96 точек
2025-09-27 14:16:31 - ROBOTY.planner - INFO - Планирование траектории для робота 5 (ID: 5) с 4 операциями
2025-09-27 14:16:31 - ROBOTY.planner - DEBUG - Планирование траектории для робота с 4 операциями
2025-09-27 14:16:31 - ROBOTY.planner - DEBUG - Операция 1 запланирована, время завершения: 13.67
2025-09-27 14:16:31 - ROBOTY.planner - DEBUG - Операция 2 запланирована, время завершения: 22.61
2025-09-27 14:16:31 - ROBOTY.planner - DEBUG - Операция 3 запланирована, время завершения: 29.28
2025-09-27 14:16:31 - ROBOTY.planner - DEBUG - Операция 4 запланирована, время завершения: 37.77
2025-09-27 14:16:31 - ROBOTY.planner - INFO - Траектория робота запланирована, общее время: 37.77
2025-09-27 14:16:31 - ROBOTY.planner - INFO - Робот 5: траектория содержит 96 точек
2025-09-27 14:16:31 - ROBOTY.planner - INFO - Планирование траектории для робота 6 (ID: 6) с 3 операциями
2025-09-27 14:16:31 - ROBOTY.planner - DEBUG - Планирование траектории для робота с 3 операциями
2025-09-27 14:16:31 - ROBOTY.planner - DEBUG - Операция 1 запланирована, время завершения: 8.82
2025-09-27 14:16:31 - ROBOTY.planner - DEBUG - Операция 2 запланирована, время завершения: 20.82
2025-09-27 14:16:31 - ROBOTY.planner - DEBUG - Операция 3 запланирована, время завершения: 29.76
2025-09-27 14:16:31 - ROBOTY.planner - INFO - Траектория робота запланирована, общее время: 29.76
2025-09-27 14:16:31 - ROBOTY.planner - INFO - Робот 6: траектория содержит 72 точек
2025-09-27 14:16:31 - ROBOTY.planner - INFO - Планирование траектории для робота 7 (ID: 7) с 2 операциями
2025-09-27 14:16:31 - ROBOTY.planner - DEBUG - Планирование траектории для робота с 2 операциями
2025-09-27 14:16:31 - ROBOTY.planner - DEBUG - Операция 1 запланирована, время завершения: 16.05
2025-09-27 14:16:31 - ROBOTY.planner - DEBUG - Операция 2 запланирована, время завершения: 24.60
2025-09-27 14:16:31 - ROBOTY.planner - INFO - Траектория робота запланирована, общее время: 24.60
2025-09-27 14:16:31 - ROBOTY.planner - INFO - Робот 7: траектория содержит 48 точек
2025-09-27 14:16:31 - ROBOTY.planner - INFO - Планирование траектории для робота 8 (ID: 8) с 3 операциями
2025-09-27 14:16:31 - ROBOTY.planner - DEBUG - Планирование траектории для робота с 3 операциями
2025-09-27 14:16:31 - ROBOTY.planner - DEBUG - Операция 1 запланирована, время завершения: 11.63
2025-09-27 14:16:31 - ROBOTY.planner - DEBUG - Операция 2 запланирована, время завершения: 22.97
2025-09-27 14:16:31 - ROBOTY.planner - DEBUG - Операция 3 запланирована, время завершения: 36.12
2025-09-27 14:16:31 - ROBOTY.planner - INFO - Траектория робота запланирована, общее время: 36.12
2025-09-27 14:16:31 - ROBOTY.planner - INFO - Робот 8: траектория содержит 72 точек
2025-09-27 14:16:31 - ROBOTY.planner - INFO - Планирование траектории для робота 9 (ID: 9) с 2 операциями
2025-09-27 14:16:31 - ROBOTY.planner - DEBUG - Планирование траектории для робота с 2 операциями
2025-09-27 14:16:31 - ROBOTY.planner - DEBUG - Операция 1 запланирована, время завершения: 12.52
2025-09-27 14:16:31 - ROBOTY.planner - DEBUG - Операция 2 запланирована, время завершения: 28.28
2025-09-27 14:16:31 - ROBOTY.planner - INFO - Траектория робота запланирована, общее время: 28.28
2025-09-27 14:16:31 - ROBOTY.planner - INFO - Робот 9: траектория содержит 48 точек
2025-09-27 14:16:31 - ROBOTY.planner - INFO - Планирование траектории для робота 10 (ID: 10) с 2 операциями
2025-09-27 14:16:31 - ROBOTY.planner - DEBUG - Планирование траектории для робота с 2 операциями
2025-09-27 14:16:31 - ROBOTY.planner - DEBUG - Операция 1 запланирована, время завершения: 10.28
2025-09-27 14:16:31 - ROBOTY.planner - DEBUG - Операция 2 запланирована, время завершения: 29.98
2025-09-27 14:16:31 - ROBOTY.planner - INFO - Траектория робота запланирована, общее время: 29.98
2025-09-27 14:16:31 - ROBOTY.planner - INFO - Робот 10: траектория содержит 48 точек
2025-09-27 14:16:31 - ROBOTY.planner - INFO - Планирование завершено. Makespan: 41.17
2025-09-27 14:16:31 - ROBOTY.main - INFO - Планировщик успешно завершил работу
2025-09-27 14:16:31 - ROBOTY.collision - INFO - Начинаем детальную проверку коллизий
2025-09-27 14:16:31 - ROBOTY.collision - DEBUG - Проверяем коллизии в диапазоне времени: 0.00 - 41.17
2025-09-27 14:16:31 - ROBOTY.collision - WARNING - Коллизия: роботы 7 и 9 в 1.00s, расстояние: 0.474, требуется: 0.500
2025-09-27 14:16:31 - ROBOTY.collision - WARNING - Коллизия: роботы 7 и 9 в 1.10s, расстояние: 0.419, требуется: 0.500
2025-09-27 14:16:31 - ROBOTY.collision - WARNING - Коллизия: роботы 7 и 9 в 1.20s, расстояние: 0.370, требуется: 0.500
2025-09-27 14:16:31 - ROBOTY.collision - WARNING - Коллизия: роботы 7 и 9 в 1.30s, расстояние: 0.331, требуется: 0.500
2025-09-27 14:16:31 - ROBOTY.collision - WARNING - Коллизия: роботы 7 и 9 в 1.40s, расстояние: 0.305, требуется: 0.500
2025-09-27 14:16:31 - ROBOTY.collision - WARNING - Коллизия: роботы 7 и 9 в 1.50s, расстояние: 0.296, требуется: 0.500
2025-09-27 14:16:31 - ROBOTY.collision - WARNING - Коллизия: роботы 7 и 9 в 1.60s, расстояние: 0.304, требуется: 0.500
2025-09-27 14:16:31 - ROBOTY.collision - WARNING - Коллизия: роботы 7 и 9 в 1.70s, расстояние: 0.330, требуется: 0.500
2025-09-27 14:16:31 - ROBOTY.collision - WARNING - Коллизия: роботы 7 и 9 в 1.80s, расстояние: 0.369, требуется: 0.500
2025-09-27 14:16:31 - ROBOTY.collision - WARNING - Коллизия: роботы 7 и 9 в 1.90s, расстояние: 0.417, требуется: 0.500
2025-09-27 14:16:31 - ROBOTY.collision - WARNING - Коллизия: роботы 7 и 9 в 2.00s, расстояние: 0.472, требуется: 0.500
2025-09-27 14:16:31 - ROBOTY.collision - WARNING - Коллизия: роботы 6 и 9 в 9.80s, расстояние: 0.498, требуется: 0.500
2025-09-27 14:16:31 - ROBOTY.collision - WARNING - Коллизия: роботы 6 и 9 в 9.90s, расстояние: 0.283, требуется: 0.500
2025-09-27 14:16:31 - ROBOTY.collision - WARNING - Коллизия: роботы 6 и 9 в 10.00s, расстояние: 0.093, требуется: 0.500
2025-09-27 14:16:31 - ROBOTY.collision - WARNING - Коллизия: роботы 6 и 9 в 10.10s, расстояние: 0.184, требуется: 0.500
2025-09-27 14:16:31 - ROBOTY.collision - WARNING - Коллизия: роботы 6 и 9 в 10.20s, расстояние: 0.394, требуется: 0.500
2025-09-27 14:16:31 - ROBOTY.collision - WARNING - Коллизия: роботы 2 и 4 в 14.90s, расстояние: 0.467, требуется: 0.500
2025-09-27 14:16:31 - ROBOTY.collision - WARNING - Коллизия: роботы 2 и 4 в 15.00s, расстояние: 0.386, требуется: 0.500
2025-09-27 14:16:31 - ROBOTY.collision - WARNING - Коллизия: роботы 2 и 4 в 15.10s, расстояние: 0.459, требуется: 0.500
2025-09-27 14:16:31 - ROBOTY.collision - WARNING - Коллизия: роботы 7 и 8 в 17.00s, расстояние: 0.457, требуется: 0.500
2025-09-27 14:16:31 - ROBOTY.collision - WARNING - Коллизия: роботы 7 и 8 в 17.10s, расстояние: 0.373, требуется: 0.500
2025-09-27 14:16:31 - ROBOTY.collision - WARNING - Коллизия: роботы 7 и 8 в 17.20s, расстояние: 0.332, требуется: 0.500
2025-09-27 14:16:31 - ROBOTY.collision - WARNING - Коллизия: роботы 7 и 8 в 17.30s, расстояние: 0.349, требуется: 0.500
2025-09-27 14:16:31 - ROBOTY.collision - WARNING - Коллизия: роботы 7 и 8 в 17.40s, расстояние: 0.407, требуется: 0.500
2025-09-27 14:16:31 - ROBOTY.collision - WARNING - Коллизия: роботы 7 и 8 в 17.50s, расстояние: 0.472, требуется: 0.500
2025-09-27 14:16:31 - ROBOTY.collision - WARNING - Коллизия: роботы 1 и 2 в 19.60s, расстояние: 0.389, требуется: 0.500
2025-09-27 14:16:31 - ROBOTY.collision - WARNING - Коллизия: роботы 1 и 2 в 19.70s, расстояние: 0.409, требуется: 0.500
2025-09-27 14:16:31 - ROBOTY.collision - WARNING - Коллизия: роботы 1 и 2 в 32.70s, расстояние: 0.493, требуется: 0.500
2025-09-27 14:16:31 - ROBOTY.collision - WARNING - Коллизия: роботы 1 и 2 в 32.80s, расстояние: 0.422, требуется: 0.500
2025-09-27 14:16:31 - ROBOTY.collision - WARNING - Коллизия: роботы 1 и 2 в 32.90s, расстояние: 0.392, требуется: 0.500
2025-09-27 14:16:31 - ROBOTY.collision - WARNING - Коллизия: роботы 1 и 2 в 33.00s, расстояние: 0.395, требуется: 0.500
2025-09-27 14:16:31 - ROBOTY.collision - WARNING - Коллизия: роботы 1 и 2 в 33.10s, расстояние: 0.403, требуется: 0.500
2025-09-27 14:16:31 - ROBOTY.collision - WARNING - Коллизия: роботы 1 и 2 в 33.20s, расстояние: 0.425, требуется: 0.500
2025-09-27 14:16:31 - ROBOTY.collision - WARNING - Коллизия: роботы 1 и 2 в 33.30s, расстояние: 0.437, требуется: 0.500
2025-09-27 14:16:31 - ROBOTY.collision - WARNING - Коллизия: роботы 1 и 2 в 33.40s, расстояние: 0.457, требуется: 0.500
2025-09-27 14:16:31 - ROBOTY.collision - WARNING - Коллизия: роботы 1 и 2 в 33.50s, расстояние: 0.475, требуется: 0.500
2025-09-27 14:16:31 - ROBOTY.collision - WARNING - Коллизия: роботы 1 и 2 в 33.60s, расстояние: 0.495, требуется: 0.500
2025-09-27 14:16:31 - ROBOTY.collision - ERROR - Обнаружено 37 коллизий
2025-09-27 14:16:31 - ROBOTY.main - WARNING - Обнаружено 37 коллизий, применяем онлайн-безопасность
2025-09-27 14:16:31 - ROBOTY.safety - INFO - Применяем онлайн-безопасность: вставка пауз при коллизиях
2025-09-27 14:16:31 - ROBOTY.collision - INFO - Начинаем детальную проверку коллизий
2025-09-27 14:16:31 - ROBOTY.collision - DEBUG - Проверяем коллизии в диапазоне времени: 0.00 - 41.17
2025-09-27 14:16:31 - ROBOTY.collision - WARNING - Коллизия: роботы 7 и 9 в 1.00s, расстояние: 0.474, требуется: 0.500
2025-09-27 14:16:31 - ROBOTY.collision - WARNING - Коллизия: роботы 7 и 9 в 1.05s, расстояние: 0.446, требуется: 0.500
2025-09-27 14:16:31 - ROBOTY.collision - WARNING - Коллизия: роботы 7 и 9 в 1.10s, расстояние: 0.419, требуется: 0.500
2025-09-27 14:16:31 - ROBOTY.collision - WARNING - Коллизия: роботы 7 и 9 в 1.15s, расстояние: 0.394, требуется: 0.500
2025-09-27 14:16:31 - ROBOTY.collision - WARNING - Коллизия: роботы 7 и 9 в 1.20s, расстояние: 0.370, требуется: 0.500
2025-09-27 14:16:31 - ROBOTY.collision - WARNING - Коллизия: роботы 7 и 9 в 1.25s, расстояние: 0.349, требуется: 0.500
2025-09-27 14:16:31 - ROBOTY.collision - WARNING - Коллизия: роботы 7 и 9 в 1.30s, расстояние: 0.331, требуется: 0.500
2025-09-27 14:16:31 - ROBOTY.collision - WARNING - Коллизия: роботы 7 и 9 в 1.35s, расстояние: 0.316, требуется: 0.500
2025-09-27 14:16:31 - ROBOTY.collision - WARNING - Коллизия: роботы 7 и 9 в 1.40s, расстояние: 0.305, требуется: 0.500
2025-09-27 14:16:31 - ROBOTY.collision - WARNING - Коллизия: роботы 7 и 9 в 1.45s, расстояние: 0.298, требуется: 0.500
2025-09-27 14:16:31 - ROBOTY.collision - WARNING - Коллизия: роботы 7 и 9 в 1.50s, расстояние: 0.296, требуется: 0.500
2025-09-27 14:16:31 - ROBOTY.collision - WARNING - Коллизия: роботы 7 и 9 в 1.55s, расстояние: 0.298, требуется: 0.500
2025-09-27 14:16:31 - ROBOTY.collision - WARNING - Коллизия: роботы 7 и 9 в 1.60s, расстояние: 0.304, требуется: 0.500
2025-09-27 14:16:31 - ROBOTY.collision - WARNING - Коллизия: роботы 7 и 9 в 1.65s, расстояние: 0.315, требуется: 0.500
2025-09-27 14:16:31 - ROBOTY.collision - WARNING - Коллизия: роботы 7 и 9 в 1.70s, расстояние: 0.330, требуется: 0.500
2025-09-27 14:16:31 - ROBOTY.collision - WARNING - Коллизия: роботы 7 и 9 в 1.75s, расстояние: 0.348, требуется: 0.500
2025-09-27 14:16:31 - ROBOTY.collision - WARNING - Коллизия: роботы 7 и 9 в 1.80s, расстояние: 0.369, требуется: 0.500
2025-09-27 14:16:31 - ROBOTY.collision - WARNING - Коллизия: роботы 7 и 9 в 1.85s, расстояние: 0.392, требуется: 0.500
2025-09-27 14:16:31 - ROBOTY.collision - WARNING - Коллизия: роботы 7 и 9 в 1.90s, расстояние: 0.417, требуется: 0.500
2025-09-27 14:16:31 - ROBOTY.collision - WARNING - Коллизия: роботы 7 и 9 в 1.95s, расстояние: 0.444, требуется: 0.500
2025-09-27 14:16:31 - ROBOTY.collision - WARNING - Коллизия: роботы 7 и 9 в 2.00s, расстояние: 0.472, требуется: 0.500
2025-09-27 14:16:31 - ROBOTY.collision - WARNING - Коллизия: роботы 6 и 9 в 9.80s, расстояние: 0.498, требуется: 0.500
2025-09-27 14:16:31 - ROBOTY.collision - WARNING - Коллизия: роботы 6 и 9 в 9.85s, расстояние: 0.390, требуется: 0.500
2025-09-27 14:16:31 - ROBOTY.collision - WARNING - Коллизия: роботы 6 и 9 в 9.90s, расстояние: 0.283, требуется: 0.500
2025-09-27 14:16:31 - ROBOTY.collision - WARNING - Коллизия: роботы 6 и 9 в 9.95s, расстояние: 0.180, требуется: 0.500
2025-09-27 14:16:31 - ROBOTY.collision - WARNING - Коллизия: роботы 6 и 9 в 10.00s, расстояние: 0.093, требуется: 0.500
2025-09-27 14:16:31 - ROBOTY.collision - WARNING - Коллизия: роботы 6 и 9 в 10.05s, расстояние: 0.095, требуется: 0.500
2025-09-27 14:16:31 - ROBOTY.collision - WARNING - Коллизия: роботы 6 и 9 в 10.10s, расстояние: 0.184, требуется: 0.500
2025-09-27 14:16:31 - ROBOTY.collision - WARNING - Коллизия: роботы 6 и 9 в 10.15s, расстояние: 0.287, требуется: 0.500
2025-09-27 14:16:31 - ROBOTY.collision - WARNING - Коллизия: роботы 6 и 9 в 10.20s, расстояние: 0.394, требуется: 0.500
2025-09-27 14:16:31 - ROBOTY.collision - WARNING - Коллизия: роботы 2 и 4 в 14.90s, расстояние: 0.467, требуется: 0.500
2025-09-27 14:16:31 - ROBOTY.collision - WARNING - Коллизия: роботы 2 и 4 в 14.95s, расстояние: 0.409, требуется: 0.500
2025-09-27 14:16:31 - ROBOTY.collision - WARNING - Коллизия: роботы 2 и 4 в 15.00s, расстояние: 0.386, требуется: 0.500
2025-09-27 14:16:31 - ROBOTY.collision - WARNING - Коллизия: роботы 2 и 4 в 15.05s, расстояние: 0.404, требуется: 0.500
2025-09-27 14:16:31 - ROBOTY.collision - WARNING - Коллизия: роботы 2 и 4 в 15.10s, расстояние: 0.459, требуется: 0.500
2025-09-27 14:16:31 - ROBOTY.collision - WARNING - Коллизия: роботы 7 и 8 в 17.00s, расстояние: 0.457, требуется: 0.500
2025-09-27 14:16:31 - ROBOTY.collision - WARNING - Коллизия: роботы 7 и 8 в 17.05s, расстояние: 0.411, требуется: 0.500
2025-09-27 14:16:31 - ROBOTY.collision - WARNING - Коллизия: роботы 7 и 8 в 17.10s, расстояние: 0.373, требуется: 0.500
2025-09-27 14:16:31 - ROBOTY.collision - WARNING - Коллизия: роботы 7 и 8 в 17.15s, расстояние: 0.346, требуется: 0.500
2025-09-27 14:16:31 - ROBOTY.collision - WARNING - Коллизия: роботы 7 и 8 в 17.20s, расстояние: 0.332, требуется: 0.500
2025-09-27 14:16:31 - ROBOTY.collision - WARNING - Коллизия: роботы 7 и 8 в 17.25s, расстояние: 0.333, требуется: 0.500
2025-09-27 14:16:31 - ROBOTY.collision - WARNING - Коллизия: роботы 7 и 8 в 17.30s, расстояние: 0.349, требуется: 0.500
2025-09-27 14:16:31 - ROBOTY.collision - WARNING - Коллизия: роботы 7 и 8 в 17.35s, расстояние: 0.379, требуется: 0.500
2025-09-27 14:16:31 - ROBOTY.collision - WARNING - Коллизия: роботы 7 и 8 в 17.40s, расстояние: 0.407, требуется: 0.500
2025-09-27 14:16:31 - ROBOTY.collision - WARNING - Коллизия: роботы 7 и 8 в 17.45s, расстояние: 0.438, требуется: 0.500
2025-09-27 14:16:31 - ROBOTY.collision - WARNING - Коллизия: роботы 7 и 8 в 17.50s, расстояние: 0.472, требуется: 0.500
2025-09-27 14:16:31 - ROBOTY.collision - WARNING - Коллизия: роботы 1 и 2 в 19.55s, расстояние: 0.444, требуется: 0.500
2025-09-27 14:16:31 - ROBOTY.collision - WARNING - Коллизия: роботы 1 и 2 в 19.60s, расстояние: 0.389, требуется: 0.500
2025-09-27 14:16:31 - ROBOTY.collision - WARNING - Коллизия: роботы 1 и 2 в 19.65s, расстояние: 0.376, требуется: 0.500
2025-09-27 14:16:31 - ROBOTY.collision - WARNING - Коллизия: роботы 1 и 2 в 19.70s, расстояние: 0.409, требуется: 0.500
2025-09-27 14:16:31 - ROBOTY.collision - WARNING - Коллизия: роботы 1 и 2 в 19.75s, расстояние: 0.478, требуется: 0.500
2025-09-27 14:16:31 - ROBOTY.collision - WARNING - Коллизия: роботы 1 и 2 в 32.70s, расстояние: 0.493, требуется: 0.500
2025-09-27 14:16:31 - ROBOTY.collision - WARNING - Коллизия: роботы 1 и 2 в 32.75s, расстояние: 0.454, требуется: 0.500
2025-09-27 14:16:31 - ROBOTY.collision - WARNING - Коллизия: роботы 1 и 2 в 32.80s, расстояние: 0.422, требуется: 0.500
2025-09-27 14:16:31 - ROBOTY.collision - WARNING - Коллизия: роботы 1 и 2 в 32.85s, расстояние: 0.401, требуется: 0.500
2025-09-27 14:16:31 - ROBOTY.collision - WARNING - Коллизия: роботы 1 и 2 в 32.90s, расстояние: 0.392, требуется: 0.500
2025-09-27 14:16:31 - ROBOTY.collision - WARNING - Коллизия: роботы 1 и 2 в 32.95s, расстояние: 0.393, требуется: 0.500
2025-09-27 14:16:31 - ROBOTY.collision - WARNING - Коллизия: роботы 1 и 2 в 33.00s, расстояние: 0.395, требуется: 0.500
2025-09-27 14:16:31 - ROBOTY.collision - WARNING - Коллизия: роботы 1 и 2 в 33.05s, расстояние: 0.396, требуется: 0.500
2025-09-27 14:16:31 - ROBOTY.collision - WARNING - Коллизия: роботы 1 и 2 в 33.10s, расстояние: 0.403, требуется: 0.500
2025-09-27 14:16:31 - ROBOTY.collision - WARNING - Коллизия: роботы 1 и 2 в 33.15s, расстояние: 0.416, требуется: 0.500
2025-09-27 14:16:31 - ROBOTY.collision - WARNING - Коллизия: роботы 1 и 2 в 33.20s, расстояние: 0.425, требуется: 0.500
2025-09-27 14:16:31 - ROBOTY.collision - WARNING - Коллизия: роботы 1 и 2 в 33.25s, расстояние: 0.430, требуется: 0.500
2025-09-27 14:16:31 - ROBOTY.collision - WARNING - Коллизия: роботы 1 и 2 в 33.30s, расстояние: 0.437, требуется: 0.500
2025-09-27 14:16:31 - ROBOTY.collision - WARNING - Коллизия: роботы 1 и 2 в 33.35s, расстояние: 0.446, требуется: 0.500
2025-09-27 14:16:31 - ROBOTY.collision - WARNING - Коллизия: роботы 1 и 2 в 33.40s, расстояние: 0.457, требуется: 0.500
2025-09-27 14:16:31 - ROBOTY.collision - WARNING - Коллизия: роботы 1 и 2 в 33.45s, расстояние: 0.467, требуется: 0.500
2025-09-27 14:16:31 - ROBOTY.collision - WARNING - Коллизия: роботы 1 и 2 в 33.50s, расстояние: 0.475, требуется: 0.500
2025-09-27 14:16:31 - ROBOTY.collision - WARNING - Коллизия: роботы 1 и 2 в 33.55s, расстояние: 0.484, требуется: 0.500
2025-09-27 14:16:31 - ROBOTY.collision - WARNING - Коллизия: роботы 1 и 2 в 33.60s, расстояние: 0.495, требуется: 0.500
2025-09-27 14:16:31 - ROBOTY.collision - ERROR - Обнаружено 70 коллизий
2025-09-27 14:16:31 - ROBOTY.safety - DEBUG - Добавлена пауза 0.60s роботу 7 в t=1.00s
2025-09-27 14:16:31 - ROBOTY.safety - DEBUG - Добавлена пауза 0.60s роботу 9 в t=1.00s
2025-09-27 14:16:31 - ROBOTY.safety - DEBUG - Добавлена пауза 0.60s роботу 7 в t=1.05s
2025-09-27 14:16:31 - ROBOTY.safety - DEBUG - Добавлена пауза 0.60s роботу 9 в t=1.05s
2025-09-27 14:16:31 - ROBOTY.safety - DEBUG - Добавлена пауза 0.60s роботу 7 в t=1.10s
2025-09-27 14:16:31 - ROBOTY.safety - DEBUG - Добавлена пауза 0.60s роботу 9 в t=1.10s
2025-09-27 14:16:31 - ROBOTY.safety - DEBUG - Добавлена пауза 0.60s роботу 7 в t=1.15s
2025-09-27 14:16:31 - ROBOTY.safety - DEBUG - Добавлена пауза 0.60s роботу 9 в t=1.15s
2025-09-27 14:16:31 - ROBOTY.safety - DEBUG - Добавлена пауза 0.60s роботу 7 в t=1.20s
2025-09-27 14:16:31 - ROBOTY.safety - DEBUG - Добавлена пауза 0.60s роботу 9 в t=1.20s
2025-09-27 14:16:31 - ROBOTY.safety - DEBUG - Добавлена пауза 0.60s роботу 7 в t=1.25s
2025-09-27 14:16:31 - ROBOTY.safety - DEBUG - Добавлена пауза 0.60s роботу 9 в t=1.25s
2025-09-27 14:16:31 - ROBOTY.safety - DEBUG - Добавлена пауза 0.60s роботу 7 в t=1.30s
2025-09-27 14:16:31 - ROBOTY.safety - DEBUG - Добавлена пауза 0.60s роботу 9 в t=1.30s
2025-09-27 14:16:31 - ROBOTY.safety - DEBUG - Добавлена пауза 0.60s роботу 7 в t=1.35s
2025-09-27 14:16:31 - ROBOTY.safety - DEBUG - Добавлена пауза 0.60s роботу 9 в t=1.35s
2025-09-27 14:16:31 - ROBOTY.safety - DEBUG - Добавлена пауза 0.60s роботу 7 в t=1.40s
2025-09-27 14:16:31 - ROBOTY.safety - DEBUG - Добавлена пауза 0.60s роботу 9 в t=1.40s
2025-09-27 14:16:31 - ROBOTY.safety - DEBUG - Добавлена пауза 0.60s роботу 7 в t=1.45s
2025-09-27 14:16:31 - ROBOTY.safety - DEBUG - Добавлена пауза 0.60s роботу 9 в t=1.45s
2025-09-27 14:16:31 - ROBOTY.safety - DEBUG - Добавлена пауза 0.60s роботу 7 в t=1.50s
2025-09-27 14:16:31 - ROBOTY.safety - DEBUG - Добавлена пауза 0.60s роботу 9 в t=1.50s
2025-09-27 14:16:31 - ROBOTY.safety - DEBUG - Добавлена пауза 0.60s роботу 7 в t=1.55s
2025-09-27 14:16:31 - ROBOTY.safety - DEBUG - Добавлена пауза 0.60s роботу 9 в t=1.55s
2025-09-27 14:16:31 - ROBOTY.safety - DEBUG - Добавлена пауза 0.60s роботу 7 в t=1.60s
2025-09-27 14:16:31 - ROBOTY.safety - DEBUG - Добавлена пауза 0.60s роботу 9 в t=1.60s
2025-09-27 14:16:31 - ROBOTY.safety - DEBUG - Добавлена пауза 0.60s роботу 7 в t=1.65s
2025-09-27 14:16:31 - ROBOTY.safety - DEBUG - Добавлена пауза 0.60s роботу 9 в t=1.65s
2025-09-27 14:16:31 - ROBOTY.safety - DEBUG - Добавлена пауза 0.60s роботу 7 в t=1.70s
2025-09-27 14:16:31 - ROBOTY.safety - DEBUG - Добавлена пауза 0.60s роботу 9 в t=1.70s
2025-09-27 14:16:31 - ROBOTY.safety - DEBUG - Добавлена пауза 0.60s роботу 7 в t=1.75s
2025-09-27 14:16:31 - ROBOTY.safety - DEBUG - Добавлена пауза 0.60s роботу 9 в t=1.75s
2025-09-27 14:16:31 - ROBOTY.safety - DEBUG - Добавлена пауза 0.60s роботу 7 в t=1.80s
2025-09-27 14:16:31 - ROBOTY.safety - DEBUG - Добавлена пауза 0.60s роботу 9 в t=1.80s
2025-09-27 14:16:31 - ROBOTY.safety - DEBUG - Добавлена пауза 0.60s роботу 7 в t=1.85s
2025-09-27 14:16:31 - ROBOTY.safety - DEBUG - Добавлена пауза 0.60s роботу 9 в t=1.85s
2025-09-27 14:16:31 - ROBOTY.safety - DEBUG - Добавлена пауза 0.60s роботу 7 в t=1.90s
2025-09-27 14:16:31 - ROBOTY.safety - DEBUG - Добавлена пауза 0.60s роботу 9 в t=1.90s
2025-09-27 14:16:31 - ROBOTY.safety - DEBUG - Добавлена пауза 0.60s роботу 7 в t=1.95s
2025-09-27 14:16:31 - ROBOTY.safety - DEBUG - Добавлена пауза 0.60s роботу 9 в t=1.95s
2025-09-27 14:16:31 - ROBOTY.safety - DEBUG - Добавлена пауза 0.60s роботу 7 в t=2.00s
2025-09-27 14:16:31 - ROBOTY.safety - DEBUG - Добавлена пауза 0.60s роботу 9 в t=2.00s
2025-09-27 14:16:31 - ROBOTY.safety - DEBUG - Добавлена пауза 0.60s роботу 6 в t=9.80s
2025-09-27 14:16:31 - ROBOTY.safety - DEBUG - Добавлена пауза 0.60s роботу 9 в t=9.80s
2025-09-27 14:16:31 - ROBOTY.safety - DEBUG - Добавлена пауза 0.60s роботу 6 в t=9.85s
2025-09-27 14:16:31 - ROBOTY.safety - DEBUG - Добавлена пауза 0.60s роботу 9 в t=9.85s
2025-09-27 14:16:31 - ROBOTY.safety - DEBUG - Добавлена пауза 0.60s роботу 6 в t=9.90s
2025-09-27 14:16:31 - ROBOTY.safety - DEBUG - Добавлена пауза 0.60s роботу 9 в t=9.90s
2025-09-27 14:16:31 - ROBOTY.safety - DEBUG - Добавлена пауза 0.60s роботу 6 в t=9.95s
2025-09-27 14:16:31 - ROBOTY.safety - DEBUG - Добавлена пауза 0.60s роботу 9 в t=9.95s
2025-09-27 14:16:31 - ROBOTY.safety - DEBUG - Добавлена пауза 0.60s роботу 6 в t=10.00s
2025-09-27 14:16:31 - ROBOTY.safety - DEBUG - Добавлена пауза 0.60s роботу 9 в t=10.00s
2025-09-27 14:16:31 - ROBOTY.safety - DEBUG - Добавлена пауза 0.60s роботу 6 в t=10.05s
2025-09-27 14:16:31 - ROBOTY.safety - DEBUG - Добавлена пауза 0.60s роботу 9 в t=10.05s
2025-09-27 14:16:31 - ROBOTY.safety - DEBUG - Добавлена пауза 0.60s роботу 6 в t=10.10s
2025-09-27 14:16:31 - ROBOTY.safety - DEBUG - Добавлена пауза 0.60s роботу 9 в t=10.10s
2025-09-27 14:16:31 - ROBOTY.safety - DEBUG - Добавлена пауза 0.60s роботу 6 в t=10.15s
2025-09-27 14:16:31 - ROBOTY.safety - DEBUG - Добавлена пауза 0.60s роботу 9 в t=10.15s
2025-09-27 14:16:31 - ROBOTY.safety - DEBUG - Добавлена пауза 0.60s роботу 6 в t=10.20s
2025-09-27 14:16:31 - ROBOTY.safety - DEBUG - Добавлена пауза 0.60s роботу 9 в t=10.20s
2025-09-27 14:16:31 - ROBOTY.safety - DEBUG - Добавлена пауза 0.60s роботу 2 в t=14.90s
2025-09-27 14:16:31 - ROBOTY.safety - DEBUG - Добавлена пауза 0.60s роботу 4 в t=14.90s
2025-09-27 14:16:31 - ROBOTY.safety - DEBUG - Добавлена пауза 0.60s роботу 2 в t=14.95s
2025-09-27 14:16:31 - ROBOTY.safety - DEBUG - Добавлена пауза 0.60s роботу 4 в t=14.95s
2025-09-27 14:16:31 - ROBOTY.safety - DEBUG - Добавлена пауза 0.60s роботу 2 в t=15.00s
2025-09-27 14:16:31 - ROBOTY.safety - DEBUG - Добавлена пауза 0.60s роботу 4 в t=15.00s
2025-09-27 14:16:31 - ROBOTY.safety - DEBUG - Добавлена пауза 0.60s роботу 2 в t=15.05s
2025-09-27 14:16:31 - ROBOTY.safety - DEBUG - Добавлена пауза 0.60s роботу 4 в t=15.05s
2025-09-27 14:16:31 - ROBOTY.safety - DEBUG - Добавлена пауза 0.60s роботу 2 в t=15.10s
2025-09-27 14:16:31 - ROBOTY.safety - DEBUG - Добавлена пауза 0.60s роботу 4 в t=15.10s
2025-09-27 14:16:31 - ROBOTY.safety - DEBUG - Добавлена пауза 0.60s роботу 7 в t=17.00s
2025-09-27 14:16:31 - ROBOTY.safety - DEBUG - Добавлена пауза 0.60s роботу 8 в t=17.00s
2025-09-27 14:16:31 - ROBOTY.safety - DEBUG - Добавлена пауза 0.60s роботу 7 в t=17.05s
2025-09-27 14:16:31 - ROBOTY.safety - DEBUG - Добавлена пауза 0.60s роботу 8 в t=17.05s
2025-09-27 14:16:31 - ROBOTY.safety - DEBUG - Добавлена пауза 0.60s роботу 7 в t=17.10s
2025-09-27 14:16:31 - ROBOTY.safety - DEBUG - Добавлена пауза 0.60s роботу 8 в t=17.10s
2025-09-27 14:16:31 - ROBOTY.safety - DEBUG - Добавлена пауза 0.60s роботу 7 в t=17.15s
2025-09-27 14:16:31 - ROBOTY.safety - DEBUG - Добавлена пауза 0.60s роботу 8 в t=17.15s
2025-09-27 14:16:31 - ROBOTY.safety - DEBUG - Добавлена пауза 0.60s роботу 7 в t=17.20s
2025-09-27 14:16:31 - ROBOTY.safety - DEBUG - Добавлена пауза 0.60s роботу 8 в t=17.20s
2025-09-27 14:16:31 - ROBOTY.safety - DEBUG - Добавлена пауза 0.60s роботу 7 в t=17.25s
2025-09-27 14:16:31 - ROBOTY.safety - DEBUG - Добавлена пауза 0.60s роботу 8 в t=17.25s
2025-09-27 14:16:31 - ROBOTY.safety - DEBUG - Добавлена пауза 0.60s роботу 7 в t=17.30s
2025-09-27 14:16:31 - ROBOTY.safety - DEBUG - Добавлена пауза 0.60s роботу 8 в t=17.30s
2025-09-27 14:16:31 - ROBOTY.safety - DEBUG - Добавлена пауза 0.60s роботу 7 в t=17.35s
2025-09-27 14:16:31 - ROBOTY.safety - DEBUG - Добавлена пауза 0.60s роботу 8 в t=17.35s
2025-09-27 14:16:31 - ROBOTY.safety - DEBUG - Добавлена пауза 0.60s роботу 7 в t=17.40s
2025-09-27 14:16:31 - ROBOTY.safety - DEBUG - Добавлена пауза 0.60s роботу 8 в t=17.40s
2025-09-27 14:16:31 - ROBOTY.safety - DEBUG - Добавлена пауза 0.60s роботу 7 в t=17.45s
2025-09-27 14:16:31 - ROBOTY.safety - DEBUG - Добавлена пауза 0.60s роботу 8 в t=17.45s
2025-09-27 14:16:31 - ROBOTY.safety - DEBUG - Добавлена пауза 0.60s роботу 7 в t=17.50s
2025-09-27 14:16:31 - ROBOTY.safety - DEBUG - Добавлена пауза 0.60s роботу 8 в t=17.50s
2025-09-27 14:16:31 - ROBOTY.safety - DEBUG - Добавлена пауза 0.60s роботу 1 в t=19.55s
2025-09-27 14:16:31 - ROBOTY.safety - DEBUG - Добавлена пауза 0.60s роботу 2 в t=19.55s
2025-09-27 14:16:31 - ROBOTY.safety - DEBUG - Добавлена пауза 0.60s роботу 1 в t=19.60s
2025-09-27 14:16:31 - ROBOTY.safety - DEBUG - Добавлена пауза 0.60s роботу 2 в t=19.60s
2025-09-27 14:16:31 - ROBOTY.safety - DEBUG - Добавлена пауза 0.60s роботу 1 в t=19.65s
2025-09-27 14:16:31 - ROBOTY.safety - DEBUG - Добавлена пауза 0.60s роботу 2 в t=19.65s
2025-09-27 14:16:31 - ROBOTY.safety - DEBUG - Добавлена пауза 0.60s роботу 1 в t=19.70s
2025-09-27 14:16:31 - ROBOTY.safety - DEBUG - Добавлена пауза 0.60s роботу 2 в t=19.70s
2025-09-27 14:16:31 - ROBOTY.safety - DEBUG - Добавлена пауза 0.60s роботу 1 в t=19.75s
2025-09-27 14:16:31 - ROBOTY.safety - DEBUG - Добавлена пауза 0.60s роботу 2 в t=19.75s
2025-09-27 14:16:31 - ROBOTY.safety - DEBUG - Добавлена пауза 0.60s роботу 1 в t=32.70s
2025-09-27 14:16:31 - ROBOTY.safety - DEBUG - Добавлена пауза 0.60s роботу 2 в t=32.70s
2025-09-27 14:16:31 - ROBOTY.safety - DEBUG - Добавлена пауза 0.60s роботу 1 в t=32.75s
2025-09-27 14:16:31 - ROBOTY.safety - DEBUG - Добавлена пауза 0.60s роботу 2 в t=32.75s
2025-09-27 14:16:31 - ROBOTY.safety - DEBUG - Добавлена пауза 0.60s роботу 1 в t=32.80s
2025-09-27 14:16:31 - ROBOTY.safety - DEBUG - Добавлена пауза 0.60s роботу 2 в t=32.80s
2025-09-27 14:16:31 - ROBOTY.safety - DEBUG - Добавлена пауза 0.60s роботу 1 в t=32.85s
2025-09-27 14:16:31 - ROBOTY.safety - DEBUG - Добавлена пауза 0.60s роботу 2 в t=32.85s
2025-09-27 14:16:31 - ROBOTY.safety - DEBUG - Добавлена пауза 0.60s роботу 1 в t=32.90s
2025-09-27 14:16:31 - ROBOTY.safety - DEBUG - Добавлена пауза 0.60s роботу 2 в t=32.90s
2025-09-27 14:16:31 - ROBOTY.safety - DEBUG - Добавлена пауза 0.60s роботу 1 в t=32.95s
2025-09-27 14:16:31 - ROBOTY.safety - DEBUG - Добавлена пауза 0.60s роботу 2 в t=32.95s
2025-09-27 14:16:31 - ROBOTY.safety - DEBUG - Добавлена пауза 0.60s роботу 1 в t=33.00s
2025-09-27 14:16:31 - ROBOTY.safety - DEBUG - Добавлена пауза 0.60s роботу 2 в t=33.00s
2025-09-27 14:16:31 - ROBOTY.safety - DEBUG - Добавлена пауза 0.60s роботу 1 в t=33.05s
2025-09-27 14:16:31 - ROBOTY.safety - DEBUG - Добавлена пауза 0.60s роботу 2 в t=33.05s
2025-09-27 14:16:31 - ROBOTY.safety - DEBUG - Добавлена пауза 0.60s роботу 1 в t=33.10s
2025-09-27 14:16:31 - ROBOTY.safety - DEBUG - Добавлена пауза 0.60s роботу 2 в t=33.10s
2025-09-27 14:16:31 - ROBOTY.safety - DEBUG - Добавлена пауза 0.60s роботу 1 в t=33.15s
2025-09-27 14:16:31 - ROBOTY.safety - DEBUG - Добавлена пауза 0.60s роботу 2 в t=33.15s
2025-09-27 14:16:31 - ROBOTY.safety - DEBUG - Добавлена пауза 0.60s роботу 1 в t=33.20s
2025-09-27 14:16:31 - ROBOTY.safety - DEBUG - Добавлена пауза 0.60s роботу 2 в t=33.20s
2025-09-27 14:16:31 - ROBOTY.safety - DEBUG - Добавлена пауза 0.60s роботу 1 в t=33.25s
2025-09-27 14:16:31 - ROBOTY.safety - DEBUG - Добавлена пауза 0.60s роботу 2 в t=33.25s
2025-09-27 14:16:31 - ROBOTY.safety - DEBUG - Добавлена пауза 0.60s роботу 1 в t=33.30s
2025-09-27 14:16:31 - ROBOTY.safety - DEBUG - Добавлена пауза 0.60s роботу 2 в t=33.30s
2025-09-27 14:16:31 - ROBOTY.safety - DEBUG - Добавлена пауза 0.60s роботу 1 в t=33.35s
2025-09-27 14:16:31 - ROBOTY.safety - DEBUG - Добавлена пауза 0.60s роботу 2 в t=33.35s
2025-09-27 14:16:31 - ROBOTY.safety - DEBUG - Добавлена пауза 0.60s роботу 1 в t=33.40s
2025-09-27 14:16:31 - ROBOTY.safety - DEBUG - Добавлена пауза 0.60s роботу 2 в t=33.40s
2025-09-27 14:16:31 - ROBOTY.safety - DEBUG - Добавлена пауза 0.60s роботу 1 в t=33.45s
2025-09-27 14:16:31 - ROBOTY.safety - DEBUG - Добавлена пауза 0.60s роботу 2 в t=33.45s
2025-09-27 14:16:31 - ROBOTY.safety - DEBUG - Добавлена пауза 0.60s роботу 1 в t=33.50s
2025-09-27 14:16:31 - ROBOTY.safety - DEBUG - Добавлена пауза 0.60s роботу 2 в t=33.50s
2025-09-27 14:16:31 - ROBOTY.safety - DEBUG - Добавлена пауза 0.60s роботу 1 в t=33.55s
2025-09-27 14:16:31 - ROBOTY.safety - DEBUG - Добавлена пауза 0.60s роботу 2 в t=33.55s
2025-09-27 14:16:31 - ROBOTY.safety - DEBUG - Добавлена пауза 0.60s роботу 1 в t=33.60s
2025-09-27 14:16:31 - ROBOTY.safety - DEBUG - Добавлена пауза 0.60s роботу 2 в t=33.60s
2025-09-27 14:16:31 - ROBOTY.safety - INFO - Онлайн-безопасность применена: паузы вставлены
2025-09-27 14:16:31 - ROBOTY.collision - INFO - Начинаем детальную проверку коллизий
2025-09-27 14:16:31 - ROBOTY.collision - DEBUG - Проверяем коллизии в диапазоне времени: 0.00 - 55.57
2025-09-27 14:16:31 - ROBOTY.collision - WARNING - Коллизия: роботы 7 и 9 в 1.00s, расстояние: 0.474, требуется: 0.500
2025-09-27 14:16:31 - ROBOTY.collision - WARNING - Коллизия: роботы 7 и 9 в 1.10s, расстояние: 0.474, требуется: 0.500
2025-09-27 14:16:31 - ROBOTY.collision - WARNING - Коллизия: роботы 7 и 9 в 1.20s, расстояние: 0.474, требуется: 0.500
2025-09-27 14:16:31 - ROBOTY.collision - WARNING - Коллизия: роботы 7 и 9 в 1.30s, расстояние: 0.474, требуется: 0.500
2025-09-27 14:16:31 - ROBOTY.collision - WARNING - Коллизия: роботы 7 и 9 в 1.40s, расстояние: 0.474, требуется: 0.500
2025-09-27 14:16:31 - ROBOTY.collision - WARNING - Коллизия: роботы 7 и 9 в 1.50s, расстояние: 0.474, требуется: 0.500
2025-09-27 14:16:31 - ROBOTY.collision - WARNING - Коллизия: роботы 7 и 9 в 1.60s, расстояние: 0.474, требуется: 0.500
2025-09-27 14:16:31 - ROBOTY.collision - WARNING - Коллизия: роботы 7 и 9 в 1.70s, расстояние: 0.474, требуется: 0.500
2025-09-27 14:16:31 - ROBOTY.collision - WARNING - Коллизия: роботы 7 и 9 в 1.80s, расстояние: 0.474, требуется: 0.500
2025-09-27 14:16:31 - ROBOTY.collision - WARNING - Коллизия: роботы 7 и 9 в 1.90s, расстояние: 0.474, требуется: 0.500
2025-09-27 14:16:31 - ROBOTY.collision - WARNING - Коллизия: роботы 7 и 9 в 2.00s, расстояние: 0.474, требуется: 0.500
2025-09-27 14:16:31 - ROBOTY.collision - WARNING - Коллизия: роботы 7 и 9 в 2.10s, расстояние: 0.474, требуется: 0.500
2025-09-27 14:16:31 - ROBOTY.collision - WARNING - Коллизия: роботы 7 и 9 в 2.20s, расстояние: 0.474, требуется: 0.500
2025-09-27 14:16:31 - ROBOTY.collision - WARNING - Коллизия: роботы 7 и 9 в 2.30s, расстояние: 0.474, требуется: 0.500
2025-09-27 14:16:31 - ROBOTY.collision - WARNING - Коллизия: роботы 7 и 9 в 2.40s, расстояние: 0.474, требуется: 0.500
2025-09-27 14:16:31 - ROBOTY.collision - WARNING - Коллизия: роботы 7 и 9 в 2.50s, расстояние: 0.474, требуется: 0.500
2025-09-27 14:16:31 - ROBOTY.collision - WARNING - Коллизия: роботы 7 и 9 в 2.60s, расстояние: 0.474, требуется: 0.500
2025-09-27 14:16:31 - ROBOTY.collision - WARNING - Коллизия: роботы 7 и 9 в 2.70s, расстояние: 0.474, требуется: 0.500
2025-09-27 14:16:31 - ROBOTY.collision - WARNING - Коллизия: роботы 7 и 9 в 2.80s, расстояние: 0.474, требуется: 0.500
2025-09-27 14:16:31 - ROBOTY.collision - WARNING - Коллизия: роботы 7 и 9 в 2.90s, расстояние: 0.474, требуется: 0.500
2025-09-27 14:16:31 - ROBOTY.collision - WARNING - Коллизия: роботы 7 и 9 в 3.00s, расстояние: 0.474, требуется: 0.500
2025-09-27 14:16:31 - ROBOTY.collision - WARNING - Коллизия: роботы 7 и 9 в 3.10s, расстояние: 0.474, требуется: 0.500
2025-09-27 14:16:31 - ROBOTY.collision - WARNING - Коллизия: роботы 7 и 9 в 3.20s, расстояние: 0.474, требуется: 0.500
2025-09-27 14:16:31 - ROBOTY.collision - WARNING - Коллизия: роботы 7 и 9 в 3.30s, расстояние: 0.474, требуется: 0.500
2025-09-27 14:16:31 - ROBOTY.collision - WARNING - Коллизия: роботы 7 и 9 в 3.40s, расстояние: 0.474, требуется: 0.500
2025-09-27 14:16:31 - ROBOTY.collision - WARNING - Коллизия: роботы 7 и 9 в 3.50s, расстояние: 0.474, требуется: 0.500
2025-09-27 14:16:31 - ROBOTY.collision - WARNING - Коллизия: роботы 7 и 9 в 3.60s, расстояние: 0.474, требуется: 0.500
2025-09-27 14:16:31 - ROBOTY.collision - WARNING - Коллизия: роботы 7 и 9 в 3.70s, расстояние: 0.474, требуется: 0.500
2025-09-27 14:16:31 - ROBOTY.collision - WARNING - Коллизия: роботы 7 и 9 в 3.80s, расстояние: 0.474, требуется: 0.500
2025-09-27 14:16:31 - ROBOTY.collision - WARNING - Коллизия: роботы 7 и 9 в 3.90s, расстояние: 0.474, требуется: 0.500
2025-09-27 14:16:31 - ROBOTY.collision - WARNING - Коллизия: роботы 7 и 9 в 4.00s, расстояние: 0.474, требуется: 0.500
2025-09-27 14:16:31 - ROBOTY.collision - WARNING - Коллизия: роботы 7 и 9 в 4.10s, расстояние: 0.474, требуется: 0.500
2025-09-27 14:16:31 - ROBOTY.collision - WARNING - Коллизия: роботы 7 и 9 в 4.20s, расстояние: 0.474, требуется: 0.500
2025-09-27 14:16:31 - ROBOTY.collision - WARNING - Коллизия: роботы 7 и 9 в 4.30s, расстояние: 0.474, требуется: 0.500
2025-09-27 14:16:31 - ROBOTY.collision - WARNING - Коллизия: роботы 7 и 9 в 4.40s, расстояние: 0.474, требуется: 0.500
2025-09-27 14:16:31 - ROBOTY.collision - WARNING - Коллизия: роботы 7 и 9 в 4.50s, расстояние: 0.474, требуется: 0.500
2025-09-27 14:16:31 - ROBOTY.collision - WARNING - Коллизия: роботы 7 и 9 в 4.60s, расстояние: 0.474, требуется: 0.500
2025-09-27 14:16:31 - ROBOTY.collision - WARNING - Коллизия: роботы 7 и 9 в 4.70s, расстояние: 0.474, требуется: 0.500
2025-09-27 14:16:31 - ROBOTY.collision - WARNING - Коллизия: роботы 7 и 9 в 4.80s, расстояние: 0.474, требуется: 0.500
2025-09-27 14:16:31 - ROBOTY.collision - WARNING - Коллизия: роботы 7 и 9 в 4.90s, расстояние: 0.474, требуется: 0.500
2025-09-27 14:16:31 - ROBOTY.collision - WARNING - Коллизия: роботы 7 и 9 в 5.00s, расстояние: 0.474, требуется: 0.500
2025-09-27 14:16:31 - ROBOTY.collision - WARNING - Коллизия: роботы 7 и 9 в 5.10s, расстояние: 0.474, требуется: 0.500
2025-09-27 14:16:31 - ROBOTY.collision - WARNING - Коллизия: роботы 7 и 9 в 5.20s, расстояние: 0.474, требуется: 0.500
2025-09-27 14:16:31 - ROBOTY.collision - WARNING - Коллизия: роботы 7 и 9 в 5.30s, расстояние: 0.474, требуется: 0.500
2025-09-27 14:16:31 - ROBOTY.collision - WARNING - Коллизия: роботы 7 и 9 в 5.40s, расстояние: 0.474, требуется: 0.500
2025-09-27 14:16:31 - ROBOTY.collision - WARNING - Коллизия: роботы 7 и 9 в 5.50s, расстояние: 0.474, требуется: 0.500
2025-09-27 14:16:31 - ROBOTY.collision - WARNING - Коллизия: роботы 7 и 9 в 5.60s, расстояние: 0.474, требуется: 0.500
2025-09-27 14:16:31 - ROBOTY.collision - WARNING - Коллизия: роботы 7 и 9 в 5.70s, расстояние: 0.474, требуется: 0.500
2025-09-27 14:16:31 - ROBOTY.collision - WARNING - Коллизия: роботы 7 и 9 в 5.80s, расстояние: 0.474, требуется: 0.500
2025-09-27 14:16:31 - ROBOTY.collision - WARNING - Коллизия: роботы 7 и 9 в 5.90s, расстояние: 0.474, требуется: 0.500
2025-09-27 14:16:31 - ROBOTY.collision - WARNING - Коллизия: роботы 7 и 9 в 6.00s, расстояние: 0.474, требуется: 0.500
2025-09-27 14:16:31 - ROBOTY.collision - WARNING - Коллизия: роботы 7 и 9 в 6.10s, расстояние: 0.474, требуется: 0.500
2025-09-27 14:16:31 - ROBOTY.collision - WARNING - Коллизия: роботы 7 и 9 в 6.20s, расстояние: 0.474, требуется: 0.500
2025-09-27 14:16:31 - ROBOTY.collision - WARNING - Коллизия: роботы 7 и 9 в 6.30s, расстояние: 0.474, требуется: 0.500
2025-09-27 14:16:31 - ROBOTY.collision - WARNING - Коллизия: роботы 7 и 9 в 6.40s, расстояние: 0.474, требуется: 0.500
2025-09-27 14:16:31 - ROBOTY.collision - WARNING - Коллизия: роботы 7 и 9 в 6.50s, расстояние: 0.474, требуется: 0.500
2025-09-27 14:16:31 - ROBOTY.collision - WARNING - Коллизия: роботы 7 и 9 в 6.60s, расстояние: 0.474, требуется: 0.500
2025-09-27 14:16:31 - ROBOTY.collision - WARNING - Коллизия: роботы 7 и 9 в 6.70s, расстояние: 0.474, требуется: 0.500
2025-09-27 14:16:31 - ROBOTY.collision - WARNING - Коллизия: роботы 7 и 9 в 6.80s, расстояние: 0.474, требуется: 0.500
2025-09-27 14:16:31 - ROBOTY.collision - WARNING - Коллизия: роботы 7 и 9 в 6.90s, расстояние: 0.474, требуется: 0.500
2025-09-27 14:16:31 - ROBOTY.collision - WARNING - Коллизия: роботы 7 и 9 в 7.00s, расстояние: 0.474, требуется: 0.500
2025-09-27 14:16:31 - ROBOTY.collision - WARNING - Коллизия: роботы 7 и 9 в 7.10s, расстояние: 0.474, требуется: 0.500
2025-09-27 14:16:31 - ROBOTY.collision - WARNING - Коллизия: роботы 7 и 9 в 7.20s, расстояние: 0.474, требуется: 0.500
2025-09-27 14:16:31 - ROBOTY.collision - WARNING - Коллизия: роботы 7 и 9 в 7.30s, расстояние: 0.474, требуется: 0.500
2025-09-27 14:16:31 - ROBOTY.collision - WARNING - Коллизия: роботы 7 и 9 в 7.40s, расстояние: 0.474, требуется: 0.500
2025-09-27 14:16:31 - ROBOTY.collision - WARNING - Коллизия: роботы 7 и 9 в 7.50s, расстояние: 0.474, требуется: 0.500
2025-09-27 14:16:31 - ROBOTY.collision - WARNING - Коллизия: роботы 7 и 9 в 7.60s, расстояние: 0.474, требуется: 0.500
2025-09-27 14:16:31 - ROBOTY.collision - WARNING - Коллизия: роботы 7 и 9 в 7.70s, расстояние: 0.474, требуется: 0.500
2025-09-27 14:16:31 - ROBOTY.collision - WARNING - Коллизия: роботы 7 и 9 в 7.80s, расстояние: 0.474, требуется: 0.500
2025-09-27 14:16:31 - ROBOTY.collision - WARNING - Коллизия: роботы 7 и 9 в 7.90s, расстояние: 0.474, требуется: 0.500
2025-09-27 14:16:31 - ROBOTY.collision - WARNING - Коллизия: роботы 7 и 9 в 8.00s, расстояние: 0.474, требуется: 0.500
2025-09-27 14:16:31 - ROBOTY.collision - WARNING - Коллизия: роботы 7 и 9 в 8.10s, расстояние: 0.474, требуется: 0.500
2025-09-27 14:16:31 - ROBOTY.collision - WARNING - Коллизия: роботы 7 и 9 в 8.20s, расстояние: 0.474, требуется: 0.500
2025-09-27 14:16:31 - ROBOTY.collision - WARNING - Коллизия: роботы 7 и 9 в 8.30s, расстояние: 0.474, требуется: 0.500
2025-09-27 14:16:31 - ROBOTY.collision - WARNING - Коллизия: роботы 7 и 9 в 8.40s, расстояние: 0.474, требуется: 0.500
2025-09-27 14:16:31 - ROBOTY.collision - WARNING - Коллизия: роботы 7 и 9 в 8.50s, расстояние: 0.474, требуется: 0.500
2025-09-27 14:16:31 - ROBOTY.collision - WARNING - Коллизия: роботы 7 и 9 в 8.60s, расстояние: 0.474, требуется: 0.500
2025-09-27 14:16:31 - ROBOTY.collision - WARNING - Коллизия: роботы 7 и 9 в 8.70s, расстояние: 0.474, требуется: 0.500
2025-09-27 14:16:31 - ROBOTY.collision - WARNING - Коллизия: роботы 7 и 9 в 8.80s, расстояние: 0.474, требуется: 0.500
2025-09-27 14:16:31 - ROBOTY.collision - WARNING - Коллизия: роботы 7 и 9 в 8.90s, расстояние: 0.474, требуется: 0.500
2025-09-27 14:16:31 - ROBOTY.collision - WARNING - Коллизия: роботы 7 и 9 в 9.00s, расстояние: 0.474, требуется: 0.500
2025-09-27 14:16:31 - ROBOTY.collision - WARNING - Коллизия: роботы 7 и 9 в 9.10s, расстояние: 0.474, требуется: 0.500
2025-09-27 14:16:31 - ROBOTY.collision - WARNING - Коллизия: роботы 7 и 9 в 9.20s, расстояние: 0.474, требуется: 0.500
2025-09-27 14:16:31 - ROBOTY.collision - WARNING - Коллизия: роботы 7 и 9 в 9.30s, расстояние: 0.474, требуется: 0.500
2025-09-27 14:16:31 - ROBOTY.collision - WARNING - Коллизия: роботы 7 и 9 в 9.40s, расстояние: 0.474, требуется: 0.500
2025-09-27 14:16:31 - ROBOTY.collision - WARNING - Коллизия: роботы 7 и 9 в 9.50s, расстояние: 0.474, требуется: 0.500
2025-09-27 14:16:31 - ROBOTY.collision - WARNING - Коллизия: роботы 7 и 9 в 9.60s, расстояние: 0.474, требуется: 0.500
2025-09-27 14:16:31 - ROBOTY.collision - WARNING - Коллизия: роботы 7 и 9 в 9.70s, расстояние: 0.474, требуется: 0.500
2025-09-27 14:16:31 - ROBOTY.collision - WARNING - Коллизия: роботы 7 и 9 в 9.80s, расстояние: 0.474, требуется: 0.500
2025-09-27 14:16:31 - ROBOTY.collision - WARNING - Коллизия: роботы 7 и 9 в 9.90s, расстояние: 0.474, требуется: 0.500
2025-09-27 14:16:31 - ROBOTY.collision - WARNING - Коллизия: роботы 7 и 9 в 10.00s, расстояние: 0.474, требуется: 0.500
2025-09-27 14:16:31 - ROBOTY.collision - WARNING - Коллизия: роботы 7 и 9 в 10.10s, расстояние: 0.474, требуется: 0.500
2025-09-27 14:16:31 - ROBOTY.collision - WARNING - Коллизия: роботы 7 и 9 в 10.20s, расстояние: 0.474, требуется: 0.500
2025-09-27 14:16:31 - ROBOTY.collision - WARNING - Коллизия: роботы 7 и 9 в 10.30s, расстояние: 0.474, требуется: 0.500
2025-09-27 14:16:31 - ROBOTY.collision - WARNING - Коллизия: роботы 7 и 9 в 10.40s, расстояние: 0.474, требуется: 0.500
2025-09-27 14:16:31 - ROBOTY.collision - WARNING - Коллизия: роботы 7 и 9 в 10.50s, расстояние: 0.474, требуется: 0.500
2025-09-27 14:16:31 - ROBOTY.collision - WARNING - Коллизия: роботы 7 и 9 в 10.60s, расстояние: 0.474, требуется: 0.500
2025-09-27 14:16:31 - ROBOTY.collision - WARNING - Коллизия: роботы 7 и 9 в 10.70s, расстояние: 0.474, требуется: 0.500
2025-09-27 14:16:31 - ROBOTY.collision - WARNING - Коллизия: роботы 7 и 9 в 10.80s, расстояние: 0.474, требуется: 0.500
2025-09-27 14:16:31 - ROBOTY.collision - WARNING - Коллизия: роботы 7 и 9 в 10.90s, расстояние: 0.474, требуется: 0.500
2025-09-27 14:16:31 - ROBOTY.collision - WARNING - Коллизия: роботы 7 и 9 в 11.00s, расстояние: 0.474, требуется: 0.500
2025-09-27 14:16:31 - ROBOTY.collision - WARNING - Коллизия: роботы 7 и 9 в 11.10s, расстояние: 0.474, требуется: 0.500
2025-09-27 14:16:31 - ROBOTY.collision - WARNING - Коллизия: роботы 7 и 9 в 11.20s, расстояние: 0.474, требуется: 0.500
2025-09-27 14:16:31 - ROBOTY.collision - WARNING - Коллизия: роботы 7 и 9 в 11.30s, расстояние: 0.474, требуется: 0.500
2025-09-27 14:16:31 - ROBOTY.collision - WARNING - Коллизия: роботы 7 и 9 в 11.40s, расстояние: 0.474, требуется: 0.500
2025-09-27 14:16:31 - ROBOTY.collision - WARNING - Коллизия: роботы 7 и 9 в 11.50s, расстояние: 0.474, требуется: 0.500
2025-09-27 14:16:31 - ROBOTY.collision - WARNING - Коллизия: роботы 7 и 9 в 11.60s, расстояние: 0.474, требуется: 0.500
2025-09-27 14:16:31 - ROBOTY.collision - WARNING - Коллизия: роботы 7 и 9 в 11.70s, расстояние: 0.474, требуется: 0.500
2025-09-27 14:16:31 - ROBOTY.collision - WARNING - Коллизия: роботы 7 и 9 в 11.80s, расстояние: 0.474, требуется: 0.500
2025-09-27 14:16:31 - ROBOTY.collision - WARNING - Коллизия: роботы 7 и 9 в 11.90s, расстояние: 0.474, требуется: 0.500
2025-09-27 14:16:31 - ROBOTY.collision - WARNING - Коллизия: роботы 7 и 9 в 12.00s, расстояние: 0.474, требуется: 0.500
2025-09-27 14:16:31 - ROBOTY.collision - WARNING - Коллизия: роботы 7 и 9 в 12.10s, расстояние: 0.474, требуется: 0.500
2025-09-27 14:16:31 - ROBOTY.collision - WARNING - Коллизия: роботы 7 и 9 в 12.20s, расстояние: 0.474, требуется: 0.500
2025-09-27 14:16:31 - ROBOTY.collision - WARNING - Коллизия: роботы 7 и 9 в 12.30s, расстояние: 0.474, требуется: 0.500
2025-09-27 14:16:31 - ROBOTY.collision - WARNING - Коллизия: роботы 7 и 9 в 12.40s, расстояние: 0.474, требуется: 0.500
2025-09-27 14:16:31 - ROBOTY.collision - WARNING - Коллизия: роботы 7 и 9 в 12.50s, расстояние: 0.474, требуется: 0.500
2025-09-27 14:16:31 - ROBOTY.collision - WARNING - Коллизия: роботы 7 и 9 в 12.60s, расстояние: 0.474, требуется: 0.500
2025-09-27 14:16:31 - ROBOTY.collision - WARNING - Коллизия: роботы 7 и 9 в 12.70s, расстояние: 0.474, требуется: 0.500
2025-09-27 14:16:31 - ROBOTY.collision - WARNING - Коллизия: роботы 7 и 9 в 12.80s, расстояние: 0.474, требуется: 0.500
2025-09-27 14:16:31 - ROBOTY.collision - WARNING - Коллизия: роботы 7 и 9 в 12.90s, расстояние: 0.474, требуется: 0.500
2025-09-27 14:16:31 - ROBOTY.collision - WARNING - Коллизия: роботы 7 и 9 в 13.00s, расстояние: 0.474, требуется: 0.500
2025-09-27 14:16:31 - ROBOTY.collision - WARNING - Коллизия: роботы 7 и 9 в 13.10s, расстояние: 0.474, требуется: 0.500
2025-09-27 14:16:31 - ROBOTY.collision - WARNING - Коллизия: роботы 7 и 9 в 13.20s, расстояние: 0.474, требуется: 0.500
2025-09-27 14:16:31 - ROBOTY.collision - WARNING - Коллизия: роботы 7 и 9 в 13.30s, расстояние: 0.474, требуется: 0.500
2025-09-27 14:16:31 - ROBOTY.collision - WARNING - Коллизия: роботы 7 и 9 в 13.40s, расстояние: 0.474, требуется: 0.500
2025-09-27 14:16:31 - ROBOTY.collision - WARNING - Коллизия: роботы 7 и 9 в 13.50s, расстояние: 0.474, требуется: 0.500
2025-09-27 14:16:31 - ROBOTY.collision - WARNING - Коллизия: роботы 7 и 9 в 13.60s, расстояние: 0.474, требуется: 0.500
2025-09-27 14:16:31 - ROBOTY.collision - WARNING - Коллизия: роботы 2 и 4 в 14.90s, расстояние: 0.467, требуется: 0.500
2025-09-27 14:16:31 - ROBOTY.collision - WARNING - Коллизия: роботы 2 и 4 в 15.00s, расстояние: 0.467, требуется: 0.500
2025-09-27 14:16:31 - ROBOTY.collision - WARNING - Коллизия: роботы 2 и 4 в 15.10s, расстояние: 0.467, требуется: 0.500
2025-09-27 14:16:31 - ROBOTY.collision - WARNING - Коллизия: роботы 2 и 4 в 15.20s, расстояние: 0.467, требуется: 0.500
2025-09-27 14:16:31 - ROBOTY.collision - WARNING - Коллизия: роботы 2 и 4 в 15.30s, расстояние: 0.467, требуется: 0.500
2025-09-27 14:16:31 - ROBOTY.collision - WARNING - Коллизия: роботы 2 и 4 в 15.40s, расстояние: 0.467, требуется: 0.500
2025-09-27 14:16:31 - ROBOTY.collision - WARNING - Коллизия: роботы 2 и 4 в 15.50s, расстояние: 0.467, требуется: 0.500
2025-09-27 14:16:31 - ROBOTY.collision - WARNING - Коллизия: роботы 2 и 4 в 15.60s, расстояние: 0.467, требуется: 0.500
2025-09-27 14:16:31 - ROBOTY.collision - WARNING - Коллизия: роботы 2 и 4 в 15.70s, расстояние: 0.467, требуется: 0.500
2025-09-27 14:16:31 - ROBOTY.collision - WARNING - Коллизия: роботы 2 и 4 в 15.80s, расстояние: 0.467, требуется: 0.500
2025-09-27 14:16:31 - ROBOTY.collision - WARNING - Коллизия: роботы 2 и 4 в 15.90s, расстояние: 0.467, требуется: 0.500
2025-09-27 14:16:31 - ROBOTY.collision - WARNING - Коллизия: роботы 2 и 4 в 16.00s, расстояние: 0.467, требуется: 0.500
2025-09-27 14:16:31 - ROBOTY.collision - WARNING - Коллизия: роботы 2 и 4 в 16.10s, расстояние: 0.467, требуется: 0.500
2025-09-27 14:16:31 - ROBOTY.collision - WARNING - Коллизия: роботы 2 и 4 в 16.20s, расстояние: 0.467, требуется: 0.500
2025-09-27 14:16:31 - ROBOTY.collision - WARNING - Коллизия: роботы 2 и 4 в 16.30s, расстояние: 0.467, требуется: 0.500
2025-09-27 14:16:31 - ROBOTY.collision - WARNING - Коллизия: роботы 2 и 4 в 16.40s, расстояние: 0.467, требуется: 0.500
2025-09-27 14:16:31 - ROBOTY.collision - WARNING - Коллизия: роботы 2 и 4 в 16.50s, расстояние: 0.467, требуется: 0.500
2025-09-27 14:16:31 - ROBOTY.collision - WARNING - Коллизия: роботы 2 и 4 в 16.60s, расстояние: 0.467, требуется: 0.500
2025-09-27 14:16:31 - ROBOTY.collision - WARNING - Коллизия: роботы 2 и 4 в 16.70s, расстояние: 0.467, требуется: 0.500
2025-09-27 14:16:31 - ROBOTY.collision - WARNING - Коллизия: роботы 2 и 4 в 16.80s, расстояние: 0.467, требуется: 0.500
2025-09-27 14:16:31 - ROBOTY.collision - WARNING - Коллизия: роботы 2 и 4 в 16.90s, расстояние: 0.467, требуется: 0.500
2025-09-27 14:16:31 - ROBOTY.collision - WARNING - Коллизия: роботы 2 и 4 в 17.00s, расстояние: 0.467, требуется: 0.500
2025-09-27 14:16:31 - ROBOTY.collision - WARNING - Коллизия: роботы 2 и 4 в 17.10s, расстояние: 0.467, требуется: 0.500
2025-09-27 14:16:31 - ROBOTY.collision - WARNING - Коллизия: роботы 2 и 4 в 17.20s, расстояние: 0.467, требуется: 0.500
2025-09-27 14:16:31 - ROBOTY.collision - WARNING - Коллизия: роботы 2 и 4 в 17.30s, расстояние: 0.467, требуется: 0.500
2025-09-27 14:16:31 - ROBOTY.collision - WARNING - Коллизия: роботы 2 и 4 в 17.40s, расстояние: 0.467, требуется: 0.500
2025-09-27 14:16:31 - ROBOTY.collision - WARNING - Коллизия: роботы 2 и 4 в 17.50s, расстояние: 0.467, требуется: 0.500
2025-09-27 14:16:31 - ROBOTY.collision - WARNING - Коллизия: роботы 2 и 4 в 17.60s, расстояние: 0.467, требуется: 0.500
2025-09-27 14:16:31 - ROBOTY.collision - WARNING - Коллизия: роботы 2 и 4 в 17.70s, расстояние: 0.467, требуется: 0.500
2025-09-27 14:16:31 - ROBOTY.collision - WARNING - Коллизия: роботы 2 и 4 в 17.80s, расстояние: 0.467, требуется: 0.500
2025-09-27 14:16:31 - ROBOTY.collision - WARNING - Коллизия: роботы 2 и 4 в 17.90s, расстояние: 0.467, требуется: 0.500
2025-09-27 14:16:31 - ROBOTY.collision - WARNING - Коллизия: роботы 2 и 4 в 18.00s, расстояние: 0.386, требуется: 0.500
2025-09-27 14:16:31 - ROBOTY.collision - WARNING - Коллизия: роботы 2 и 4 в 18.10s, расстояние: 0.459, требуется: 0.500
2025-09-27 14:16:31 - ROBOTY.collision - WARNING - Коллизия: роботы 9 и 10 в 31.10s, расстояние: 0.475, требуется: 0.500
2025-09-27 14:16:31 - ROBOTY.collision - WARNING - Коллизия: роботы 9 и 10 в 31.20s, расстояние: 0.456, требуется: 0.500
2025-09-27 14:16:31 - ROBOTY.collision - WARNING - Коллизия: роботы 9 и 10 в 31.30s, расстояние: 0.449, требуется: 0.500
2025-09-27 14:16:31 - ROBOTY.collision - WARNING - Коллизия: роботы 9 и 10 в 31.40s, расстояние: 0.458, требуется: 0.500
2025-09-27 14:16:31 - ROBOTY.collision - WARNING - Коллизия: роботы 9 и 10 в 31.50s, расстояние: 0.489, требуется: 0.500
2025-09-27 14:16:31 - ROBOTY.collision - ERROR - Обнаружено 165 коллизий
2025-09-27 14:16:31 - ROBOTY.main - WARNING - Коллизии сохраняются после вставки пауз
2025-09-27 14:16:33 - ROBOTY.main - INFO - Запуск десктопного 3D Viewer
2025-09-27 14:16:33 - ROBOTY.native_viewer - INFO - Получены данные плана: 10 роботов
2025-09-27 14:16:33 - ROBOTY.native_viewer - INFO - Начинаем генерацию 3D визуализации
2025-09-27 14:16:33 - ROBOTY.native_viewer - INFO - Тип визуализации: 3d_desktop
2025-09-27 14:16:33 - ROBOTY.native_viewer - INFO - Количество роботов: 10
2025-09-27 14:16:33 - ROBOTY.native_viewer - INFO - Применены агрессивные оптимизации для большой сцены
2025-09-27 14:16:33 - ROBOTY.native_viewer - INFO - Применены максимальные оптимизации для очень большой сцены
2025-09-27 14:16:33 - ROBOTY.visualizer - INFO - Запуск визуализации типа: 3d_desktop
2025-09-27 14:16:33 - ROBOTY.visualizer - INFO - Создание 3D визуализации траекторий
2025-09-27 14:16:33 - ROBOTY.visualizer - INFO - Создание десктопной 3D визуализации с точечным воспроизведением
2025-09-27 14:16:33 - ROBOTY.mesh_loader - INFO - Hand definition загружен: assets/robots/hand_ultra_simple_hand_def.txt, вершин=85, сегментов=247, точек=0
2025-09-27 14:16:33 - ROBOTY.mesh_loader - INFO - Hand definition загружен: assets/robots/hand_ultra_simple_hand_def.txt, вершин=85, сегментов=247, точек=0
2025-09-27 14:16:33 - ROBOTY.mesh_loader - INFO - Hand definition загружен: assets/robots/hand_ultra_simple_hand_def.txt, вершин=85, сегментов=247, точек=0
2025-09-27 14:16:33 - ROBOTY.mesh_loader - INFO - Hand definition загружен: assets/robots/hand_ultra_simple_hand_def.txt, вершин=85, сегментов=247, точек=0
2025-09-27 14:16:33 - ROBOTY.mesh_loader - INFO - Hand definition загружен: assets/robots/hand_ultra_simple_hand_def.txt, вершин=85, сегментов=247, точек=0
2025-09-27 14:16:33 - ROBOTY.mesh_loader - INFO - Hand definition загружен: assets/robots/hand_ultra_simple_hand_def.txt, вершин=85, сегментов=247, точек=0
2025-09-27 14:16:33 - ROBOTY.mesh_loader - INFO - Hand definition загружен: assets/robots/hand_ultra_simple_hand_def.txt, вершин=85, сегментов=247, точек=0
2025-09-27 14:16:33 - ROBOTY.mesh_loader - INFO - Hand definition загружен: assets/robots/hand_ultra_simple_hand_def.txt, вершин=85, сегментов=247, точек=0
2025-09-27 14:16:33 - ROBOTY.mesh_loader - INFO - Hand definition загружен: assets/robots/hand_ultra_simple_hand_def.txt, вершин=85, сегментов=247, точек=0
2025-09-27 14:16:33 - ROBOTY.mesh_loader - INFO - Hand definition загружен: assets/robots/hand_ultra_simple_hand_def.txt, вершин=85, сегментов=247, точек=0
2025-09-27 14:16:33 - ROBOTY.visualizer - INFO - Десктопная 3D визуализация создана
2025-09-27 14:16:34 - ROBOTY.native_viewer - INFO - HTML файл сохранен: C:\Users\22200490\AppData\Local\Temp\tmp3ku_n61m_viz_3d_desktop.html
2025-09-27 14:16:34 - ROBOTY.native_viewer - INFO - 3D визуализация успешно сгенерирована
2025-09-27 14:16:34 - ROBOTY.native_viewer - INFO - Native Desktop Viewer инициализирован
2025-09-27 14:16:34 - ROBOTY.main - INFO - Десктопный 3D Viewer успешно запущен
2025-09-27 14:17:03 - ROBOTY.native_viewer - INFO - Обновление визуализации
2025-09-27 14:17:03 - ROBOTY.native_viewer - INFO - Начинаем генерацию 3D визуализации
2025-09-27 14:17:03 - ROBOTY.native_viewer - INFO - Тип визуализации: 3d_desktop
2025-09-27 14:17:03 - ROBOTY.native_viewer - INFO - Количество роботов: 10
2025-09-27 14:17:03 - ROBOTY.native_viewer - INFO - Применены агрессивные оптимизации для большой сцены
2025-09-27 14:17:03 - ROBOTY.native_viewer - INFO - Применены максимальные оптимизации для очень большой сцены
2025-09-27 14:17:03 - ROBOTY.visualizer - INFO - Запуск визуализации типа: 3d_desktop
2025-09-27 14:17:03 - ROBOTY.visualizer - INFO - Создание 3D визуализации траекторий
2025-09-27 14:17:03 - ROBOTY.visualizer - INFO - Создание десктопной 3D визуализации с точечным воспроизведением
2025-09-27 14:17:03 - ROBOTY.mesh_loader - INFO - Hand definition загружен: assets/robots/hand_ultra_simple_hand_def.txt, вершин=85, сегментов=247, точек=0
2025-09-27 14:17:03 - ROBOTY.mesh_loader - INFO - Hand definition загружен: assets/robots/hand_ultra_simple_hand_def.txt, вершин=85, сегментов=247, точек=0
2025-09-27 14:17:03 - ROBOTY.mesh_loader - INFO - Hand definition загружен: assets/robots/hand_ultra_simple_hand_def.txt, вершин=85, сегментов=247, точек=0
2025-09-27 14:17:03 - ROBOTY.mesh_loader - INFO - Hand definition загружен: assets/robots/hand_ultra_simple_hand_def.txt, вершин=85, сегментов=247, точек=0
2025-09-27 14:17:03 - ROBOTY.mesh_loader - INFO - Hand definition загружен: assets/robots/hand_ultra_simple_hand_def.txt, вершин=85, сегментов=247, точек=0
2025-09-27 14:17:03 - ROBOTY.mesh_loader - INFO - Hand definition загружен: assets/robots/hand_ultra_simple_hand_def.txt, вершин=85, сегментов=247, точек=0
2025-09-27 14:17:03 - ROBOTY.mesh_loader - INFO - Hand definition загружен: assets/robots/hand_ultra_simple_hand_def.txt, вершин=85, сегментов=247, точек=0
2025-09-27 14:17:03 - ROBOTY.mesh_loader - INFO - Hand definition загружен: assets/robots/hand_ultra_simple_hand_def.txt, вершин=85, сегментов=247, точек=0
2025-09-27 14:17:03 - ROBOTY.mesh_loader - INFO - Hand definition загружен: assets/robots/hand_ultra_simple_hand_def.txt, вершин=85, сегментов=247, точек=0
2025-09-27 14:17:03 - ROBOTY.mesh_loader - INFO - Hand definition загружен: assets/robots/hand_ultra_simple_hand_def.txt, вершин=85, сегментов=247, точек=0
2025-09-27 14:17:04 - ROBOTY.visualizer - INFO - Десктопная 3D визуализация создана
2025-09-27 14:17:04 - ROBOTY.native_viewer - INFO - HTML файл сохранен: C:\Users\22200490\AppData\Local\Temp\tmpknpicbqu_viz_3d_desktop.html
2025-09-27 14:17:04 - ROBOTY.native_viewer - INFO - 3D визуализация успешно сгенерирована
2025-09-27 14:17:11 - ROBOTY.native_viewer - INFO - Закрытие Native Desktop Viewer
2025-09-27 14:17:11 - ROBOTY.native_viewer - INFO - Временный HTML файл удален
