2025-09-24 00:09:07 - ROBOTY.main - INFO - Запуск приложения ROBOTY
2025-09-24 00:09:07 - ROBOTY.main - INFO - Применена тема: light
2025-09-24 00:09:07 - ROBOTY.main - INFO - Интерфейс инициализирован
2025-09-24 00:09:07 - ROBOTY.main - INFO - Приложение успешно запущено
2025-09-24 00:09:18 - ROBOTY.main - INFO - Создан входной файл: C:\Users\79518\.cursor\ROBOTY\data\input_20250924_000909.json
2025-09-24 00:09:18 - ROBOTY.parser - INFO - Начинаем загрузку файла: C:\Users\79518\.cursor\ROBOTY\data\input_20250924_000909.json
2025-09-24 00:09:18 - ROBOTY.parser - INFO - Файл C:\Users\79518\.cursor\ROBOTY\data\input_20250924_000909.json успешно загружен
2025-09-24 00:09:18 - ROBOTY.parser - DEBUG - Робот 1 успешно загружен
2025-09-24 00:09:18 - ROBOTY.parser - DEBUG - Операция 1 успешно загружена
2025-09-24 00:09:18 - ROBOTY.parser - DEBUG - Операция 2 успешно загружена
2025-09-24 00:09:18 - ROBOTY.parser - DEBUG - Операция 3 успешно загружена
2025-09-24 00:09:18 - ROBOTY.parser - DEBUG - Операция 4 успешно загружена
2025-09-24 00:09:18 - ROBOTY.parser - DEBUG - Операция 5 успешно загружена
2025-09-24 00:09:18 - ROBOTY.parser - DEBUG - Операция 6 успешно загружена
2025-09-24 00:09:18 - ROBOTY.parser - DEBUG - Операция 7 успешно загружена
2025-09-24 00:09:18 - ROBOTY.parser - DEBUG - Операция 8 успешно загружена
2025-09-24 00:09:18 - ROBOTY.parser - DEBUG - Операция 9 успешно загружена
2025-09-24 00:09:18 - ROBOTY.parser - DEBUG - Операция 10 успешно загружена
2025-09-24 00:09:18 - ROBOTY.parser - DEBUG - Операция 11 успешно загружена
2025-09-24 00:09:18 - ROBOTY.parser - DEBUG - Операция 12 успешно загружена
2025-09-24 00:09:18 - ROBOTY.parser - DEBUG - Операция 13 успешно загружена
2025-09-24 00:09:18 - ROBOTY.parser - DEBUG - Операция 14 успешно загружена
2025-09-24 00:09:18 - ROBOTY.parser - INFO - Загружено 1 роботов и 14 операций
2025-09-24 00:09:27 - ROBOTY.main - INFO - Запуск планировщика
2025-09-24 00:09:27 - ROBOTY.planner - INFO - Запуск планировщика траекторий
2025-09-24 00:09:27 - ROBOTY.assigner - INFO - Начинаем назначение операций методом: balanced
2025-09-24 00:09:27 - ROBOTY.assigner - DEBUG - Операция 0 назначена роботу 0 (нагрузка: 9.61)
2025-09-24 00:09:27 - ROBOTY.assigner - DEBUG - Операция 1 назначена роботу 0 (нагрузка: 18.05)
2025-09-24 00:09:27 - ROBOTY.assigner - DEBUG - Операция 2 назначена роботу 0 (нагрузка: 25.39)
2025-09-24 00:09:27 - ROBOTY.assigner - DEBUG - Операция 3 назначена роботу 0 (нагрузка: 32.07)
2025-09-24 00:09:27 - ROBOTY.assigner - DEBUG - Операция 4 назначена роботу 0 (нагрузка: 43.91)
2025-09-24 00:09:27 - ROBOTY.assigner - DEBUG - Операция 5 назначена роботу 0 (нагрузка: 53.35)
2025-09-24 00:09:27 - ROBOTY.assigner - DEBUG - Операция 6 назначена роботу 0 (нагрузка: 62.59)
2025-09-24 00:09:27 - ROBOTY.assigner - DEBUG - Операция 7 назначена роботу 0 (нагрузка: 75.29)
2025-09-24 00:09:27 - ROBOTY.assigner - DEBUG - Операция 8 назначена роботу 0 (нагрузка: 86.17)
2025-09-24 00:09:27 - ROBOTY.assigner - DEBUG - Операция 9 назначена роботу 0 (нагрузка: 92.61)
2025-09-24 00:09:27 - ROBOTY.assigner - DEBUG - Операция 10 назначена роботу 0 (нагрузка: 105.10)
2025-09-24 00:09:27 - ROBOTY.assigner - DEBUG - Операция 11 назначена роботу 0 (нагрузка: 116.47)
2025-09-24 00:09:27 - ROBOTY.assigner - DEBUG - Операция 12 назначена роботу 0 (нагрузка: 127.39)
2025-09-24 00:09:27 - ROBOTY.assigner - DEBUG - Операция 13 назначена роботу 0 (нагрузка: 132.29)
2025-09-24 00:09:27 - ROBOTY.assigner - INFO - Распределено 14 операций с балансировкой нагрузки
2025-09-24 00:09:27 - ROBOTY.assigner - INFO - Итоговые нагрузки роботов: ['132.29']
2025-09-24 00:09:27 - ROBOTY.assigner - INFO - Робот 0: 14 операций, нагрузка 132.29
2025-09-24 00:09:27 - ROBOTY.planner - INFO - Операции назначены методом: balanced
2025-09-24 00:09:27 - ROBOTY.planner - INFO - Планирование траектории для робота 1 (ID: 1) с 14 операциями
2025-09-24 00:09:27 - ROBOTY.planner - DEBUG - Планирование траектории для робота с 14 операциями
2025-09-24 00:09:27 - ROBOTY.planner - DEBUG - Операция 1 запланирована, время завершения: 11.80
2025-09-24 00:09:27 - ROBOTY.planner - DEBUG - Операция 2 запланирована, время завершения: 20.74
2025-09-24 00:09:27 - ROBOTY.planner - DEBUG - Операция 3 запланирована, время завершения: 33.13
2025-09-24 00:09:27 - ROBOTY.planner - DEBUG - Операция 4 запланирована, время завершения: 43.79
2025-09-24 00:09:27 - ROBOTY.planner - DEBUG - Операция 5 запланирована, время завершения: 53.91
2025-09-24 00:09:27 - ROBOTY.planner - DEBUG - Операция 6 запланирована, время завершения: 63.66
2025-09-24 00:09:27 - ROBOTY.planner - DEBUG - Операция 7 запланирована, время завершения: 72.44
2025-09-24 00:09:27 - ROBOTY.planner - DEBUG - Операция 8 запланирована, время завершения: 84.72
2025-09-24 00:09:27 - ROBOTY.planner - DEBUG - Операция 9 запланирована, время завершения: 97.52
2025-09-24 00:09:27 - ROBOTY.planner - DEBUG - Операция 10 запланирована, время завершения: 111.16
2025-09-24 00:09:27 - ROBOTY.planner - DEBUG - Операция 11 запланирована, время завершения: 123.13
2025-09-24 00:09:27 - ROBOTY.planner - DEBUG - Операция 12 запланирована, время завершения: 134.56
2025-09-24 00:09:27 - ROBOTY.planner - DEBUG - Операция 13 запланирована, время завершения: 146.88
2025-09-24 00:09:27 - ROBOTY.planner - DEBUG - Операция 14 запланирована, время завершения: 158.68
2025-09-24 00:09:27 - ROBOTY.planner - INFO - Траектория робота запланирована, общее время: 158.68
2025-09-24 00:09:27 - ROBOTY.planner - INFO - Робот 1: траектория содержит 336 точек
2025-09-24 00:09:27 - ROBOTY.planner - INFO - Планирование завершено. Makespan: 158.68
2025-09-24 00:09:27 - ROBOTY.main - INFO - Планировщик успешно завершил работу
2025-09-24 00:09:27 - ROBOTY.collision - INFO - Начинаем детальную проверку коллизий
2025-09-24 00:09:27 - ROBOTY.collision - INFO - Недостаточно роботов для проверки коллизий
2025-09-24 00:09:27 - ROBOTY.main - INFO - Коллизий не обнаружено
2025-09-24 00:09:29 - ROBOTY.main - INFO - Открытие визуализатора
2025-09-24 00:09:29 - ROBOTY.main - INFO - Визуализация успешно завершена
2025-09-24 00:09:29 - ROBOTY.visualizer - INFO - Запуск визуализации типа: 3d_anim
2025-09-24 00:09:29 - ROBOTY.visualizer - INFO - Создание 3D анимации траекторий
2025-09-24 00:09:29 - ROBOTY.visualizer - INFO - Создание 3D визуализации траекторий
2025-09-24 00:09:29 - ROBOTY.visualizer - INFO - 3D визуализация создана
2025-09-24 00:09:29 - ROBOTY.mesh_loader - INFO - OBJ загружен: assets/robots/kuka/kr_quantec.obj, вершин=16, треугольников=24
2025-09-24 00:09:29 - ROBOTY.mesh_loader - ERROR - Ошибка чтения hand definition C:\Users\79518\OneDrive\Рабочий стол\Конкурс\Улучшения.txt: could not convert string to float: 'x1'
2025-09-24 00:09:52 - ROBOTY.visualizer - INFO - Визуализация сохранена в файл: C:\Users\79518\.cursor\ROBOTY\viz\..\outputs\visualizations\visualization_3d_anim_20250924_000949.html
2025-09-24 00:09:54 - ROBOTY.visualizer - INFO - Визуализация открыта в браузере
2025-09-24 00:09:54 - ROBOTY.main - INFO - Визуализация успешно завершена (в фоне)
