2025-09-25 18:20:40 - ROBOTY.main - INFO - Запуск приложения ROBOTY
2025-09-25 18:20:40 - ROBOTY.main - INFO - Применена тема: dark
2025-09-25 18:20:40 - ROBOTY.main - INFO - Интерфейс инициализирован
2025-09-25 18:20:40 - ROBOTY.main - INFO - Приложение успешно запущено
2025-09-25 18:20:45 - ROBOTY.main - INFO - Создан входной файл: /Users/maksimchernukha/Documents/ROBOTY/data/input_20250925_182042.json
2025-09-25 18:20:45 - ROBOTY.parser - INFO - Начинаем загрузку файла: /Users/maksimchernukha/Documents/ROBOTY/data/input_20250925_182042.json
2025-09-25 18:20:45 - ROBOTY.parser - INFO - Файл /Users/maksimchernukha/Documents/ROBOTY/data/input_20250925_182042.json успешно загружен
2025-09-25 18:20:45 - ROBOTY.parser - DEBUG - Робот 1 успешно загружен
2025-09-25 18:20:45 - ROBOTY.parser - DEBUG - Робот 2 успешно загружен
2025-09-25 18:20:45 - ROBOTY.parser - DEBUG - Робот 3 успешно загружен
2025-09-25 18:20:45 - ROBOTY.parser - DEBUG - Робот 4 успешно загружен
2025-09-25 18:20:45 - ROBOTY.parser - DEBUG - Робот 5 успешно загружен
2025-09-25 18:20:45 - ROBOTY.parser - DEBUG - Робот 6 успешно загружен
2025-09-25 18:20:45 - ROBOTY.parser - DEBUG - Робот 7 успешно загружен
2025-09-25 18:20:45 - ROBOTY.parser - DEBUG - Робот 8 успешно загружен
2025-09-25 18:20:45 - ROBOTY.parser - DEBUG - Робот 9 успешно загружен
2025-09-25 18:20:45 - ROBOTY.parser - DEBUG - Робот 10 успешно загружен
2025-09-25 18:20:45 - ROBOTY.parser - DEBUG - Операция 1 успешно загружена
2025-09-25 18:20:45 - ROBOTY.parser - DEBUG - Операция 2 успешно загружена
2025-09-25 18:20:45 - ROBOTY.parser - DEBUG - Операция 3 успешно загружена
2025-09-25 18:20:45 - ROBOTY.parser - DEBUG - Операция 4 успешно загружена
2025-09-25 18:20:45 - ROBOTY.parser - DEBUG - Операция 5 успешно загружена
2025-09-25 18:20:45 - ROBOTY.parser - DEBUG - Операция 6 успешно загружена
2025-09-25 18:20:45 - ROBOTY.parser - DEBUG - Операция 7 успешно загружена
2025-09-25 18:20:45 - ROBOTY.parser - DEBUG - Операция 8 успешно загружена
2025-09-25 18:20:45 - ROBOTY.parser - DEBUG - Операция 9 успешно загружена
2025-09-25 18:20:45 - ROBOTY.parser - DEBUG - Операция 10 успешно загружена
2025-09-25 18:20:45 - ROBOTY.parser - DEBUG - Операция 11 успешно загружена
2025-09-25 18:20:45 - ROBOTY.parser - DEBUG - Операция 12 успешно загружена
2025-09-25 18:20:45 - ROBOTY.parser - DEBUG - Операция 13 успешно загружена
2025-09-25 18:20:45 - ROBOTY.parser - DEBUG - Операция 14 успешно загружена
2025-09-25 18:20:45 - ROBOTY.parser - DEBUG - Операция 15 успешно загружена
2025-09-25 18:20:45 - ROBOTY.parser - DEBUG - Операция 16 успешно загружена
2025-09-25 18:20:45 - ROBOTY.parser - DEBUG - Операция 17 успешно загружена
2025-09-25 18:20:45 - ROBOTY.parser - DEBUG - Операция 18 успешно загружена
2025-09-25 18:20:45 - ROBOTY.parser - DEBUG - Операция 19 успешно загружена
2025-09-25 18:20:45 - ROBOTY.parser - DEBUG - Операция 20 успешно загружена
2025-09-25 18:20:45 - ROBOTY.parser - DEBUG - Операция 21 успешно загружена
2025-09-25 18:20:45 - ROBOTY.parser - DEBUG - Операция 22 успешно загружена
2025-09-25 18:20:45 - ROBOTY.parser - DEBUG - Операция 23 успешно загружена
2025-09-25 18:20:45 - ROBOTY.parser - DEBUG - Операция 24 успешно загружена
2025-09-25 18:20:45 - ROBOTY.parser - DEBUG - Операция 25 успешно загружена
2025-09-25 18:20:45 - ROBOTY.parser - DEBUG - Операция 26 успешно загружена
2025-09-25 18:20:45 - ROBOTY.parser - DEBUG - Операция 27 успешно загружена
2025-09-25 18:20:45 - ROBOTY.parser - DEBUG - Операция 28 успешно загружена
2025-09-25 18:20:45 - ROBOTY.parser - DEBUG - Операция 29 успешно загружена
2025-09-25 18:20:45 - ROBOTY.parser - DEBUG - Операция 30 успешно загружена
2025-09-25 18:20:45 - ROBOTY.parser - INFO - Загружено 10 роботов и 30 операций
2025-09-25 18:20:46 - ROBOTY.main - INFO - Запуск планировщика
2025-09-25 18:20:46 - ROBOTY.planner - INFO - Запуск планировщика траекторий
2025-09-25 18:20:46 - ROBOTY.assigner - INFO - Начинаем назначение операций методом: balanced
2025-09-25 18:20:46 - ROBOTY.assigner - DEBUG - Операция 0 назначена роботу 7 (нагрузка: 6.90)
2025-09-25 18:20:46 - ROBOTY.assigner - DEBUG - Операция 1 назначена роботу 3 (нагрузка: 5.14)
2025-09-25 18:20:46 - ROBOTY.assigner - DEBUG - Операция 2 назначена роботу 6 (нагрузка: 6.56)
2025-09-25 18:20:46 - ROBOTY.assigner - DEBUG - Операция 3 назначена роботу 1 (нагрузка: 5.29)
2025-09-25 18:20:46 - ROBOTY.assigner - DEBUG - Операция 4 назначена роботу 5 (нагрузка: 12.05)
2025-09-25 18:20:46 - ROBOTY.assigner - DEBUG - Операция 5 назначена роботу 2 (нагрузка: 10.57)
2025-09-25 18:20:46 - ROBOTY.assigner - DEBUG - Операция 6 назначена роботу 1 (нагрузка: 10.46)
2025-09-25 18:20:46 - ROBOTY.assigner - DEBUG - Операция 7 назначена роботу 8 (нагрузка: 8.06)
2025-09-25 18:20:46 - ROBOTY.assigner - DEBUG - Операция 8 назначена роботу 4 (нагрузка: 11.96)
2025-09-25 18:20:46 - ROBOTY.assigner - DEBUG - Операция 9 назначена роботу 9 (нагрузка: 11.54)
2025-09-25 18:20:46 - ROBOTY.assigner - DEBUG - Операция 10 назначена роботу 8 (нагрузка: 13.30)
2025-09-25 18:20:46 - ROBOTY.assigner - DEBUG - Операция 11 назначена роботу 0 (нагрузка: 15.64)
2025-09-25 18:20:46 - ROBOTY.assigner - DEBUG - Операция 12 назначена роботу 3 (нагрузка: 14.78)
2025-09-25 18:20:46 - ROBOTY.assigner - DEBUG - Операция 13 назначена роботу 6 (нагрузка: 16.19)
2025-09-25 18:20:46 - ROBOTY.assigner - DEBUG - Операция 14 назначена роботу 7 (нагрузка: 16.62)
2025-09-25 18:20:46 - ROBOTY.assigner - DEBUG - Операция 15 назначена роботу 1 (нагрузка: 17.38)
2025-09-25 18:20:46 - ROBOTY.assigner - DEBUG - Операция 16 назначена роботу 5 (нагрузка: 19.79)
2025-09-25 18:20:46 - ROBOTY.assigner - DEBUG - Операция 17 назначена роботу 3 (нагрузка: 23.21)
2025-09-25 18:20:46 - ROBOTY.assigner - DEBUG - Операция 18 назначена роботу 8 (нагрузка: 23.65)
2025-09-25 18:20:46 - ROBOTY.assigner - DEBUG - Операция 19 назначена роботу 7 (нагрузка: 22.40)
2025-09-25 18:20:46 - ROBOTY.assigner - DEBUG - Операция 20 назначена роботу 9 (нагрузка: 23.22)
2025-09-25 18:20:46 - ROBOTY.assigner - DEBUG - Операция 21 назначена роботу 4 (нагрузка: 25.71)
2025-09-25 18:20:46 - ROBOTY.assigner - DEBUG - Операция 22 назначена роботу 6 (нагрузка: 21.22)
2025-09-25 18:20:46 - ROBOTY.assigner - DEBUG - Операция 23 назначена роботу 2 (нагрузка: 22.27)
2025-09-25 18:20:46 - ROBOTY.assigner - DEBUG - Операция 24 назначена роботу 1 (нагрузка: 26.47)
2025-09-25 18:20:46 - ROBOTY.assigner - DEBUG - Операция 25 назначена роботу 5 (нагрузка: 28.35)
2025-09-25 18:20:46 - ROBOTY.assigner - DEBUG - Операция 26 назначена роботу 6 (нагрузка: 27.31)
2025-09-25 18:20:46 - ROBOTY.assigner - DEBUG - Операция 27 назначена роботу 7 (нагрузка: 29.31)
2025-09-25 18:20:46 - ROBOTY.assigner - DEBUG - Операция 28 назначена роботу 8 (нагрузка: 29.50)
2025-09-25 18:20:46 - ROBOTY.assigner - DEBUG - Операция 29 назначена роботу 3 (нагрузка: 29.84)
2025-09-25 18:20:46 - ROBOTY.assigner - INFO - Распределено 30 операций с балансировкой нагрузки
2025-09-25 18:20:46 - ROBOTY.assigner - INFO - Итоговые нагрузки роботов: ['15.64', '26.47', '22.27', '29.84', '25.71', '28.35', '27.31', '29.31', '29.50', '23.22']
2025-09-25 18:20:46 - ROBOTY.assigner - INFO - Робот 0: 1 операций, нагрузка 15.64
2025-09-25 18:20:46 - ROBOTY.assigner - INFO - Робот 1: 4 операций, нагрузка 26.47
2025-09-25 18:20:46 - ROBOTY.assigner - INFO - Робот 2: 2 операций, нагрузка 22.27
2025-09-25 18:20:46 - ROBOTY.assigner - INFO - Робот 3: 4 операций, нагрузка 29.84
2025-09-25 18:20:46 - ROBOTY.assigner - INFO - Робот 4: 2 операций, нагрузка 25.71
2025-09-25 18:20:46 - ROBOTY.assigner - INFO - Робот 5: 3 операций, нагрузка 28.35
2025-09-25 18:20:46 - ROBOTY.assigner - INFO - Робот 6: 4 операций, нагрузка 27.31
2025-09-25 18:20:46 - ROBOTY.assigner - INFO - Робот 7: 4 операций, нагрузка 29.31
2025-09-25 18:20:46 - ROBOTY.assigner - INFO - Робот 8: 4 операций, нагрузка 29.50
2025-09-25 18:20:46 - ROBOTY.assigner - INFO - Робот 9: 2 операций, нагрузка 23.22
2025-09-25 18:20:46 - ROBOTY.planner - INFO - Операции назначены методом: balanced
2025-09-25 18:20:46 - ROBOTY.planner - INFO - Планирование траектории для робота 1 (ID: 1) с 1 операциями
2025-09-25 18:20:46 - ROBOTY.planner - DEBUG - Планирование траектории для робота с 1 операциями
2025-09-25 18:20:46 - ROBOTY.planner - DEBUG - Операция 1 запланирована, время завершения: 17.63
2025-09-25 18:20:46 - ROBOTY.planner - INFO - Траектория робота запланирована, общее время: 17.63
2025-09-25 18:20:46 - ROBOTY.planner - INFO - Робот 1: траектория содержит 24 точек
2025-09-25 18:20:46 - ROBOTY.planner - INFO - Планирование траектории для робота 2 (ID: 2) с 4 операциями
2025-09-25 18:20:46 - ROBOTY.planner - DEBUG - Планирование траектории для робота с 4 операциями
2025-09-25 18:20:46 - ROBOTY.planner - DEBUG - Операция 1 запланирована, время завершения: 7.46
2025-09-25 18:20:46 - ROBOTY.planner - DEBUG - Операция 2 запланирована, время завершения: 17.68
2025-09-25 18:20:46 - ROBOTY.planner - DEBUG - Операция 3 запланирована, время завершения: 31.07
2025-09-25 18:20:46 - ROBOTY.planner - DEBUG - Операция 4 запланирована, время завершения: 39.95
2025-09-25 18:20:46 - ROBOTY.planner - INFO - Траектория робота запланирована, общее время: 39.95
2025-09-25 18:20:46 - ROBOTY.planner - INFO - Робот 2: траектория содержит 96 точек
2025-09-25 18:20:46 - ROBOTY.planner - INFO - Планирование траектории для робота 3 (ID: 3) с 2 операциями
2025-09-25 18:20:46 - ROBOTY.planner - DEBUG - Планирование траектории для робота с 2 операциями
2025-09-25 18:20:46 - ROBOTY.planner - DEBUG - Операция 1 запланирована, время завершения: 12.34
2025-09-25 18:20:46 - ROBOTY.planner - DEBUG - Операция 2 запланирована, время завершения: 29.80
2025-09-25 18:20:46 - ROBOTY.planner - INFO - Траектория робота запланирована, общее время: 29.80
2025-09-25 18:20:46 - ROBOTY.planner - INFO - Робот 3: траектория содержит 48 точек
2025-09-25 18:20:46 - ROBOTY.planner - INFO - Планирование траектории для робота 4 (ID: 4) с 4 операциями
2025-09-25 18:20:46 - ROBOTY.planner - DEBUG - Планирование траектории для робота с 4 операциями
2025-09-25 18:20:46 - ROBOTY.planner - DEBUG - Операция 1 запланирована, время завершения: 7.31
2025-09-25 18:20:46 - ROBOTY.planner - DEBUG - Операция 2 запланирована, время завершения: 17.12
2025-09-25 18:20:46 - ROBOTY.planner - DEBUG - Операция 3 запланирована, время завершения: 29.91
2025-09-25 18:20:46 - ROBOTY.planner - DEBUG - Операция 4 запланирована, время завершения: 39.68
2025-09-25 18:20:46 - ROBOTY.planner - INFO - Траектория робота запланирована, общее время: 39.68
2025-09-25 18:20:46 - ROBOTY.planner - INFO - Робот 4: траектория содержит 96 точек
2025-09-25 18:20:46 - ROBOTY.planner - INFO - Планирование траектории для робота 5 (ID: 5) с 2 операциями
2025-09-25 18:20:46 - ROBOTY.planner - DEBUG - Планирование траектории для робота с 2 операциями
2025-09-25 18:20:46 - ROBOTY.planner - DEBUG - Операция 1 запланирована, время завершения: 13.78
2025-09-25 18:20:46 - ROBOTY.planner - DEBUG - Операция 2 запланирована, время завершения: 27.83
2025-09-25 18:20:46 - ROBOTY.planner - INFO - Траектория робота запланирована, общее время: 27.83
2025-09-25 18:20:46 - ROBOTY.planner - INFO - Робот 5: траектория содержит 48 точек
2025-09-25 18:20:46 - ROBOTY.planner - INFO - Планирование траектории для робота 6 (ID: 6) с 3 операциями
2025-09-25 18:20:46 - ROBOTY.planner - DEBUG - Планирование траектории для робота с 3 операциями
2025-09-25 18:20:46 - ROBOTY.planner - DEBUG - Операция 1 запланирована, время завершения: 13.93
2025-09-25 18:20:46 - ROBOTY.planner - DEBUG - Операция 2 запланирована, время завершения: 24.20
2025-09-25 18:20:46 - ROBOTY.planner - DEBUG - Операция 3 запланирована, время завершения: 34.92
2025-09-25 18:20:46 - ROBOTY.planner - INFO - Траектория робота запланирована, общее время: 34.92
2025-09-25 18:20:46 - ROBOTY.planner - INFO - Робот 6: траектория содержит 72 точек
2025-09-25 18:20:46 - ROBOTY.planner - INFO - Планирование траектории для робота 7 (ID: 7) с 4 операциями
2025-09-25 18:20:46 - ROBOTY.planner - DEBUG - Планирование траектории для робота с 4 операциями
2025-09-25 18:20:46 - ROBOTY.planner - DEBUG - Операция 1 запланирована, время завершения: 8.04
2025-09-25 18:20:46 - ROBOTY.planner - DEBUG - Операция 2 запланирована, время завершения: 22.22
2025-09-25 18:20:46 - ROBOTY.planner - DEBUG - Операция 3 запланирована, время завершения: 27.52
2025-09-25 18:20:46 - ROBOTY.planner - DEBUG - Операция 4 запланирована, время завершения: 38.19
2025-09-25 18:20:46 - ROBOTY.planner - INFO - Траектория робота запланирована, общее время: 38.19
2025-09-25 18:20:46 - ROBOTY.planner - INFO - Робот 7: траектория содержит 96 точек
2025-09-25 18:20:46 - ROBOTY.planner - INFO - Планирование траектории для робота 8 (ID: 8) с 4 операциями
2025-09-25 18:20:46 - ROBOTY.planner - DEBUG - Планирование траектории для робота с 4 операциями
2025-09-25 18:20:46 - ROBOTY.planner - DEBUG - Операция 1 запланирована, время завершения: 8.95
2025-09-25 18:20:46 - ROBOTY.planner - DEBUG - Операция 2 запланирована, время завершения: 20.30
2025-09-25 18:20:46 - ROBOTY.planner - DEBUG - Операция 3 запланирована, время завершения: 27.07
2025-09-25 18:20:46 - ROBOTY.planner - DEBUG - Операция 4 запланирована, время завершения: 37.83
2025-09-25 18:20:46 - ROBOTY.planner - INFO - Траектория робота запланирована, общее время: 37.83
2025-09-25 18:20:46 - ROBOTY.planner - INFO - Робот 8: траектория содержит 96 точек
2025-09-25 18:20:46 - ROBOTY.planner - INFO - Планирование траектории для робота 9 (ID: 9) с 4 операциями
2025-09-25 18:20:46 - ROBOTY.planner - DEBUG - Планирование траектории для робота с 4 операциями
2025-09-25 18:20:46 - ROBOTY.planner - DEBUG - Операция 1 запланирована, время завершения: 9.86
2025-09-25 18:20:46 - ROBOTY.planner - DEBUG - Операция 2 запланирована, время завершения: 20.42
2025-09-25 18:20:46 - ROBOTY.planner - DEBUG - Операция 3 запланирована, время завершения: 29.57
2025-09-25 18:20:46 - ROBOTY.planner - DEBUG - Операция 4 запланирована, время завершения: 40.72
2025-09-25 18:20:46 - ROBOTY.planner - INFO - Траектория робота запланирована, общее время: 40.72
2025-09-25 18:20:46 - ROBOTY.planner - INFO - Робот 9: траектория содержит 96 точек
2025-09-25 18:20:46 - ROBOTY.planner - INFO - Планирование траектории для робота 10 (ID: 10) с 2 операциями
2025-09-25 18:20:46 - ROBOTY.planner - DEBUG - Планирование траектории для робота с 2 операциями
2025-09-25 18:20:46 - ROBOTY.planner - DEBUG - Операция 1 запланирована, время завершения: 13.08
2025-09-25 18:20:46 - ROBOTY.planner - DEBUG - Операция 2 запланирована, время завершения: 28.01
2025-09-25 18:20:46 - ROBOTY.planner - INFO - Траектория робота запланирована, общее время: 28.01
2025-09-25 18:20:46 - ROBOTY.planner - INFO - Робот 10: траектория содержит 48 точек
2025-09-25 18:20:46 - ROBOTY.planner - INFO - Планирование завершено. Makespan: 40.72
2025-09-25 18:20:46 - ROBOTY.main - INFO - Планировщик успешно завершил работу
2025-09-25 18:20:46 - ROBOTY.collision - INFO - Начинаем детальную проверку коллизий
2025-09-25 18:20:46 - ROBOTY.collision - DEBUG - Проверяем коллизии в диапазоне времени: 0.00 - 40.72
2025-09-25 18:20:46 - ROBOTY.collision - WARNING - Коллизия: роботы 2 и 3 в 3.60s, расстояние: 0.490, требуется: 0.500
2025-09-25 18:20:46 - ROBOTY.collision - WARNING - Коллизия: роботы 5 и 8 в 10.60s, расстояние: 0.343, требуется: 0.500
2025-09-25 18:20:46 - ROBOTY.collision - WARNING - Коллизия: роботы 5 и 8 в 10.70s, расстояние: 0.293, требуется: 0.500
2025-09-25 18:20:46 - ROBOTY.collision - WARNING - Коллизия: роботы 5 и 8 в 10.80s, расстояние: 0.402, требуется: 0.500
2025-09-25 18:20:46 - ROBOTY.collision - WARNING - Коллизия: роботы 6 и 10 в 21.90s, расстояние: 0.498, требуется: 0.500
2025-09-25 18:20:46 - ROBOTY.collision - WARNING - Коллизия: роботы 7 и 8 в 31.50s, расстояние: 0.397, требуется: 0.500
2025-09-25 18:20:46 - ROBOTY.collision - WARNING - Коллизия: роботы 7 и 8 в 31.60s, расстояние: 0.277, требуется: 0.500
2025-09-25 18:20:46 - ROBOTY.collision - WARNING - Коллизия: роботы 7 и 8 в 31.70s, расстояние: 0.158, требуется: 0.500
2025-09-25 18:20:46 - ROBOTY.collision - WARNING - Коллизия: роботы 7 и 8 в 31.80s, расстояние: 0.056, требуется: 0.500
2025-09-25 18:20:46 - ROBOTY.collision - WARNING - Коллизия: роботы 7 и 8 в 31.90s, расстояние: 0.105, требуется: 0.500
2025-09-25 18:20:46 - ROBOTY.collision - WARNING - Коллизия: роботы 7 и 8 в 32.00s, расстояние: 0.221, требуется: 0.500
2025-09-25 18:20:46 - ROBOTY.collision - WARNING - Коллизия: роботы 7 и 8 в 32.10s, расстояние: 0.352, требуется: 0.500
2025-09-25 18:20:46 - ROBOTY.collision - WARNING - Коллизия: роботы 7 и 8 в 32.20s, расстояние: 0.468, требуется: 0.500
2025-09-25 18:20:46 - ROBOTY.collision - WARNING - Коллизия: роботы 4 и 7 в 32.50s, расстояние: 0.479, требуется: 0.500
2025-09-25 18:20:46 - ROBOTY.collision - WARNING - Коллизия: роботы 4 и 7 в 32.60s, расстояние: 0.364, требуется: 0.500
2025-09-25 18:20:46 - ROBOTY.collision - WARNING - Коллизия: роботы 4 и 7 в 32.70s, расстояние: 0.302, требуется: 0.500
2025-09-25 18:20:46 - ROBOTY.collision - WARNING - Коллизия: роботы 4 и 7 в 32.80s, расстояние: 0.316, требуется: 0.500
2025-09-25 18:20:46 - ROBOTY.collision - WARNING - Коллизия: роботы 6 и 9 в 32.80s, расстояние: 0.479, требуется: 0.500
2025-09-25 18:20:46 - ROBOTY.collision - WARNING - Коллизия: роботы 4 и 7 в 32.90s, расстояние: 0.384, требуется: 0.500
2025-09-25 18:20:46 - ROBOTY.collision - WARNING - Коллизия: роботы 4 и 7 в 33.00s, расстояние: 0.484, требуется: 0.500
2025-09-25 18:20:46 - ROBOTY.collision - WARNING - Коллизия: роботы 2 и 6 в 37.80s, расстояние: 0.454, требуется: 0.500
2025-09-25 18:20:46 - ROBOTY.collision - WARNING - Коллизия: роботы 2 и 6 в 37.90s, расстояние: 0.371, требуется: 0.500
2025-09-25 18:20:46 - ROBOTY.collision - WARNING - Коллизия: роботы 2 и 6 в 38.00s, расстояние: 0.334, требуется: 0.500
2025-09-25 18:20:46 - ROBOTY.collision - WARNING - Коллизия: роботы 2 и 6 в 38.10s, расстояние: 0.358, требуется: 0.500
2025-09-25 18:20:46 - ROBOTY.collision - WARNING - Коллизия: роботы 2 и 6 в 38.20s, расстояние: 0.433, требуется: 0.500
2025-09-25 18:20:46 - ROBOTY.collision - ERROR - Обнаружено 25 коллизий
2025-09-25 18:20:46 - ROBOTY.main - WARNING - Обнаружено 25 коллизий, применяем онлайн-безопасность
2025-09-25 18:20:46 - ROBOTY.safety - INFO - Применяем онлайн-безопасность: вставка пауз при коллизиях
2025-09-25 18:20:46 - ROBOTY.collision - INFO - Начинаем детальную проверку коллизий
2025-09-25 18:20:46 - ROBOTY.collision - DEBUG - Проверяем коллизии в диапазоне времени: 0.00 - 40.72
2025-09-25 18:20:46 - ROBOTY.collision - WARNING - Коллизия: роботы 2 и 3 в 3.55s, расстояние: 0.493, требуется: 0.500
2025-09-25 18:20:46 - ROBOTY.collision - WARNING - Коллизия: роботы 2 и 3 в 3.60s, расстояние: 0.490, требуется: 0.500
2025-09-25 18:20:46 - ROBOTY.collision - WARNING - Коллизия: роботы 2 и 3 в 3.65s, расстояние: 0.490, требуется: 0.500
2025-09-25 18:20:46 - ROBOTY.collision - WARNING - Коллизия: роботы 5 и 8 в 10.55s, расстояние: 0.416, требуется: 0.500
2025-09-25 18:20:46 - ROBOTY.collision - WARNING - Коллизия: роботы 5 и 8 в 10.60s, расстояние: 0.343, требуется: 0.500
2025-09-25 18:20:46 - ROBOTY.collision - WARNING - Коллизия: роботы 5 и 8 в 10.65s, расстояние: 0.297, требуется: 0.500
2025-09-25 18:20:46 - ROBOTY.collision - WARNING - Коллизия: роботы 5 и 8 в 10.70s, расстояние: 0.293, требуется: 0.500
2025-09-25 18:20:46 - ROBOTY.collision - WARNING - Коллизия: роботы 5 и 8 в 10.75s, расстояние: 0.332, требуется: 0.500
2025-09-25 18:20:46 - ROBOTY.collision - WARNING - Коллизия: роботы 5 и 8 в 10.80s, расстояние: 0.402, требуется: 0.500
2025-09-25 18:20:46 - ROBOTY.collision - WARNING - Коллизия: роботы 5 и 8 в 10.85s, расстояние: 0.489, требуется: 0.500
2025-09-25 18:20:46 - ROBOTY.collision - WARNING - Коллизия: роботы 6 и 10 в 21.90s, расстояние: 0.498, требуется: 0.500
2025-09-25 18:20:46 - ROBOTY.collision - WARNING - Коллизия: роботы 7 и 8 в 31.45s, расстояние: 0.458, требуется: 0.500
2025-09-25 18:20:46 - ROBOTY.collision - WARNING - Коллизия: роботы 7 и 8 в 31.50s, расстояние: 0.397, требуется: 0.500
2025-09-25 18:20:46 - ROBOTY.collision - WARNING - Коллизия: роботы 7 и 8 в 31.55s, расстояние: 0.337, требуется: 0.500
2025-09-25 18:20:46 - ROBOTY.collision - WARNING - Коллизия: роботы 7 и 8 в 31.60s, расстояние: 0.277, требуется: 0.500
2025-09-25 18:20:46 - ROBOTY.collision - WARNING - Коллизия: роботы 7 и 8 в 31.65s, расстояние: 0.217, требуется: 0.500
2025-09-25 18:20:46 - ROBOTY.collision - WARNING - Коллизия: роботы 7 и 8 в 31.70s, расстояние: 0.158, требуется: 0.500
2025-09-25 18:20:46 - ROBOTY.collision - WARNING - Коллизия: роботы 7 и 8 в 31.75s, расстояние: 0.102, требуется: 0.500
2025-09-25 18:20:46 - ROBOTY.collision - WARNING - Коллизия: роботы 7 и 8 в 31.80s, расстояние: 0.056, требуется: 0.500
2025-09-25 18:20:46 - ROBOTY.collision - WARNING - Коллизия: роботы 7 и 8 в 31.85s, расстояние: 0.058, требуется: 0.500
2025-09-25 18:20:46 - ROBOTY.collision - WARNING - Коллизия: роботы 7 и 8 в 31.90s, расстояние: 0.105, требуется: 0.500
2025-09-25 18:20:46 - ROBOTY.collision - WARNING - Коллизия: роботы 7 и 8 в 31.95s, расстояние: 0.162, требуется: 0.500
2025-09-25 18:20:46 - ROBOTY.collision - WARNING - Коллизия: роботы 7 и 8 в 32.00s, расстояние: 0.221, требуется: 0.500
2025-09-25 18:20:46 - ROBOTY.collision - WARNING - Коллизия: роботы 7 и 8 в 32.05s, расстояние: 0.280, требуется: 0.500
2025-09-25 18:20:46 - ROBOTY.collision - WARNING - Коллизия: роботы 7 и 8 в 32.10s, расстояние: 0.352, требуется: 0.500
2025-09-25 18:20:46 - ROBOTY.collision - WARNING - Коллизия: роботы 7 и 8 в 32.15s, расстояние: 0.421, требуется: 0.500
2025-09-25 18:20:46 - ROBOTY.collision - WARNING - Коллизия: роботы 7 и 8 в 32.20s, расстояние: 0.468, требуется: 0.500
2025-09-25 18:20:46 - ROBOTY.collision - WARNING - Коллизия: роботы 4 и 7 в 32.50s, расстояние: 0.479, требуется: 0.500
2025-09-25 18:20:46 - ROBOTY.collision - WARNING - Коллизия: роботы 4 и 7 в 32.55s, расстояние: 0.419, требуется: 0.500
2025-09-25 18:20:46 - ROBOTY.collision - WARNING - Коллизия: роботы 4 и 7 в 32.60s, расстояние: 0.364, требуется: 0.500
2025-09-25 18:20:46 - ROBOTY.collision - WARNING - Коллизия: роботы 4 и 7 в 32.65s, расстояние: 0.319, требуется: 0.500
2025-09-25 18:20:46 - ROBOTY.collision - WARNING - Коллизия: роботы 4 и 7 в 32.70s, расстояние: 0.302, требуется: 0.500
2025-09-25 18:20:46 - ROBOTY.collision - WARNING - Коллизия: роботы 4 и 7 в 32.75s, расстояние: 0.301, требуется: 0.500
2025-09-25 18:20:46 - ROBOTY.collision - WARNING - Коллизия: роботы 6 и 9 в 32.75s, расстояние: 0.478, требуется: 0.500
2025-09-25 18:20:46 - ROBOTY.collision - WARNING - Коллизия: роботы 4 и 7 в 32.80s, расстояние: 0.316, требуется: 0.500
2025-09-25 18:20:46 - ROBOTY.collision - WARNING - Коллизия: роботы 6 и 9 в 32.80s, расстояние: 0.479, требуется: 0.500
2025-09-25 18:20:46 - ROBOTY.collision - WARNING - Коллизия: роботы 4 и 7 в 32.85s, расстояние: 0.345, требуется: 0.500
2025-09-25 18:20:46 - ROBOTY.collision - WARNING - Коллизия: роботы 4 и 7 в 32.90s, расстояние: 0.384, требуется: 0.500
2025-09-25 18:20:46 - ROBOTY.collision - WARNING - Коллизия: роботы 4 и 7 в 32.95s, расстояние: 0.431, требуется: 0.500
2025-09-25 18:20:46 - ROBOTY.collision - WARNING - Коллизия: роботы 4 и 7 в 33.00s, расстояние: 0.484, требуется: 0.500
2025-09-25 18:20:46 - ROBOTY.collision - WARNING - Коллизия: роботы 2 и 6 в 37.80s, расстояние: 0.454, требуется: 0.500
2025-09-25 18:20:46 - ROBOTY.collision - WARNING - Коллизия: роботы 2 и 6 в 37.85s, расстояние: 0.408, требуется: 0.500
2025-09-25 18:20:46 - ROBOTY.collision - WARNING - Коллизия: роботы 2 и 6 в 37.90s, расстояние: 0.371, требуется: 0.500
2025-09-25 18:20:46 - ROBOTY.collision - WARNING - Коллизия: роботы 2 и 6 в 37.95s, расстояние: 0.346, требуется: 0.500
2025-09-25 18:20:46 - ROBOTY.collision - WARNING - Коллизия: роботы 2 и 6 в 38.00s, расстояние: 0.334, требуется: 0.500
2025-09-25 18:20:46 - ROBOTY.collision - WARNING - Коллизия: роботы 2 и 6 в 38.05s, расстояние: 0.339, требуется: 0.500
2025-09-25 18:20:46 - ROBOTY.collision - WARNING - Коллизия: роботы 2 и 6 в 38.10s, расстояние: 0.358, требуется: 0.500
2025-09-25 18:20:46 - ROBOTY.collision - WARNING - Коллизия: роботы 2 и 6 в 38.15s, расстояние: 0.391, требуется: 0.500
2025-09-25 18:20:46 - ROBOTY.collision - WARNING - Коллизия: роботы 2 и 6 в 38.20s, расстояние: 0.433, требуется: 0.500
2025-09-25 18:20:46 - ROBOTY.collision - WARNING - Коллизия: роботы 2 и 6 в 38.25s, расстояние: 0.483, требуется: 0.500
2025-09-25 18:20:46 - ROBOTY.collision - ERROR - Обнаружено 50 коллизий
2025-09-25 18:20:46 - ROBOTY.safety - DEBUG - Добавлена пауза 0.60s роботу 2 в t=3.55s
2025-09-25 18:20:46 - ROBOTY.safety - DEBUG - Добавлена пауза 0.60s роботу 3 в t=3.55s
2025-09-25 18:20:46 - ROBOTY.safety - DEBUG - Добавлена пауза 0.60s роботу 2 в t=3.60s
2025-09-25 18:20:46 - ROBOTY.safety - DEBUG - Добавлена пауза 0.60s роботу 3 в t=3.60s
2025-09-25 18:20:46 - ROBOTY.safety - DEBUG - Добавлена пауза 0.60s роботу 2 в t=3.65s
2025-09-25 18:20:46 - ROBOTY.safety - DEBUG - Добавлена пауза 0.60s роботу 3 в t=3.65s
2025-09-25 18:20:46 - ROBOTY.safety - DEBUG - Добавлена пауза 0.60s роботу 5 в t=10.55s
2025-09-25 18:20:46 - ROBOTY.safety - DEBUG - Добавлена пауза 0.60s роботу 8 в t=10.55s
2025-09-25 18:20:46 - ROBOTY.safety - DEBUG - Добавлена пауза 0.60s роботу 5 в t=10.60s
2025-09-25 18:20:46 - ROBOTY.safety - DEBUG - Добавлена пауза 0.60s роботу 8 в t=10.60s
2025-09-25 18:20:46 - ROBOTY.safety - DEBUG - Добавлена пауза 0.60s роботу 5 в t=10.65s
2025-09-25 18:20:46 - ROBOTY.safety - DEBUG - Добавлена пауза 0.60s роботу 8 в t=10.65s
2025-09-25 18:20:46 - ROBOTY.safety - DEBUG - Добавлена пауза 0.60s роботу 5 в t=10.70s
2025-09-25 18:20:46 - ROBOTY.safety - DEBUG - Добавлена пауза 0.60s роботу 8 в t=10.70s
2025-09-25 18:20:46 - ROBOTY.safety - DEBUG - Добавлена пауза 0.60s роботу 5 в t=10.75s
2025-09-25 18:20:46 - ROBOTY.safety - DEBUG - Добавлена пауза 0.60s роботу 8 в t=10.75s
2025-09-25 18:20:46 - ROBOTY.safety - DEBUG - Добавлена пауза 0.60s роботу 5 в t=10.80s
2025-09-25 18:20:46 - ROBOTY.safety - DEBUG - Добавлена пауза 0.60s роботу 8 в t=10.80s
2025-09-25 18:20:46 - ROBOTY.safety - DEBUG - Добавлена пауза 0.60s роботу 5 в t=10.85s
2025-09-25 18:20:46 - ROBOTY.safety - DEBUG - Добавлена пауза 0.60s роботу 8 в t=10.85s
2025-09-25 18:20:46 - ROBOTY.safety - DEBUG - Добавлена пауза 0.60s роботу 6 в t=21.90s
2025-09-25 18:20:46 - ROBOTY.safety - DEBUG - Добавлена пауза 0.60s роботу 10 в t=21.90s
2025-09-25 18:20:46 - ROBOTY.safety - DEBUG - Добавлена пауза 0.60s роботу 7 в t=31.45s
2025-09-25 18:20:46 - ROBOTY.safety - DEBUG - Добавлена пауза 0.60s роботу 8 в t=31.45s
2025-09-25 18:20:46 - ROBOTY.safety - DEBUG - Добавлена пауза 0.60s роботу 7 в t=31.50s
2025-09-25 18:20:46 - ROBOTY.safety - DEBUG - Добавлена пауза 0.60s роботу 8 в t=31.50s
2025-09-25 18:20:46 - ROBOTY.safety - DEBUG - Добавлена пауза 0.60s роботу 7 в t=31.55s
2025-09-25 18:20:46 - ROBOTY.safety - DEBUG - Добавлена пауза 0.60s роботу 8 в t=31.55s
2025-09-25 18:20:46 - ROBOTY.safety - DEBUG - Добавлена пауза 0.60s роботу 7 в t=31.60s
2025-09-25 18:20:46 - ROBOTY.safety - DEBUG - Добавлена пауза 0.60s роботу 8 в t=31.60s
2025-09-25 18:20:46 - ROBOTY.safety - DEBUG - Добавлена пауза 0.60s роботу 7 в t=31.65s
2025-09-25 18:20:46 - ROBOTY.safety - DEBUG - Добавлена пауза 0.60s роботу 8 в t=31.65s
2025-09-25 18:20:46 - ROBOTY.safety - DEBUG - Добавлена пауза 0.60s роботу 7 в t=31.70s
2025-09-25 18:20:46 - ROBOTY.safety - DEBUG - Добавлена пауза 0.60s роботу 8 в t=31.70s
2025-09-25 18:20:46 - ROBOTY.safety - DEBUG - Добавлена пауза 0.60s роботу 7 в t=31.75s
2025-09-25 18:20:46 - ROBOTY.safety - DEBUG - Добавлена пауза 0.60s роботу 8 в t=31.75s
2025-09-25 18:20:46 - ROBOTY.safety - DEBUG - Добавлена пауза 0.60s роботу 7 в t=31.80s
2025-09-25 18:20:46 - ROBOTY.safety - DEBUG - Добавлена пауза 0.60s роботу 8 в t=31.80s
2025-09-25 18:20:46 - ROBOTY.safety - DEBUG - Добавлена пауза 0.60s роботу 7 в t=31.85s
2025-09-25 18:20:46 - ROBOTY.safety - DEBUG - Добавлена пауза 0.60s роботу 8 в t=31.85s
2025-09-25 18:20:46 - ROBOTY.safety - DEBUG - Добавлена пауза 0.60s роботу 7 в t=31.90s
2025-09-25 18:20:46 - ROBOTY.safety - DEBUG - Добавлена пауза 0.60s роботу 8 в t=31.90s
2025-09-25 18:20:46 - ROBOTY.safety - DEBUG - Добавлена пауза 0.60s роботу 7 в t=31.95s
2025-09-25 18:20:46 - ROBOTY.safety - DEBUG - Добавлена пауза 0.60s роботу 8 в t=31.95s
2025-09-25 18:20:46 - ROBOTY.safety - DEBUG - Добавлена пауза 0.60s роботу 7 в t=32.00s
2025-09-25 18:20:46 - ROBOTY.safety - DEBUG - Добавлена пауза 0.60s роботу 8 в t=32.00s
2025-09-25 18:20:46 - ROBOTY.safety - DEBUG - Добавлена пауза 0.60s роботу 7 в t=32.05s
2025-09-25 18:20:46 - ROBOTY.safety - DEBUG - Добавлена пауза 0.60s роботу 8 в t=32.05s
2025-09-25 18:20:46 - ROBOTY.safety - DEBUG - Добавлена пауза 0.60s роботу 7 в t=32.10s
2025-09-25 18:20:46 - ROBOTY.safety - DEBUG - Добавлена пауза 0.60s роботу 8 в t=32.10s
2025-09-25 18:20:46 - ROBOTY.safety - DEBUG - Добавлена пауза 0.60s роботу 7 в t=32.15s
2025-09-25 18:20:46 - ROBOTY.safety - DEBUG - Добавлена пауза 0.60s роботу 8 в t=32.15s
2025-09-25 18:20:46 - ROBOTY.safety - DEBUG - Добавлена пауза 0.60s роботу 7 в t=32.20s
2025-09-25 18:20:46 - ROBOTY.safety - DEBUG - Добавлена пауза 0.60s роботу 8 в t=32.20s
2025-09-25 18:20:46 - ROBOTY.safety - DEBUG - Добавлена пауза 0.60s роботу 4 в t=32.50s
2025-09-25 18:20:46 - ROBOTY.safety - DEBUG - Добавлена пауза 0.60s роботу 7 в t=32.50s
2025-09-25 18:20:46 - ROBOTY.safety - DEBUG - Добавлена пауза 0.60s роботу 4 в t=32.55s
2025-09-25 18:20:46 - ROBOTY.safety - DEBUG - Добавлена пауза 0.60s роботу 7 в t=32.55s
2025-09-25 18:20:46 - ROBOTY.safety - DEBUG - Добавлена пауза 0.60s роботу 4 в t=32.60s
2025-09-25 18:20:46 - ROBOTY.safety - DEBUG - Добавлена пауза 0.60s роботу 7 в t=32.60s
2025-09-25 18:20:46 - ROBOTY.safety - DEBUG - Добавлена пауза 0.60s роботу 4 в t=32.65s
2025-09-25 18:20:46 - ROBOTY.safety - DEBUG - Добавлена пауза 0.60s роботу 7 в t=32.65s
2025-09-25 18:20:46 - ROBOTY.safety - DEBUG - Добавлена пауза 0.60s роботу 4 в t=32.70s
2025-09-25 18:20:46 - ROBOTY.safety - DEBUG - Добавлена пауза 0.60s роботу 7 в t=32.70s
2025-09-25 18:20:46 - ROBOTY.safety - DEBUG - Добавлена пауза 0.60s роботу 4 в t=32.75s
2025-09-25 18:20:46 - ROBOTY.safety - DEBUG - Добавлена пауза 0.60s роботу 7 в t=32.75s
2025-09-25 18:20:46 - ROBOTY.safety - DEBUG - Добавлена пауза 0.60s роботу 4 в t=32.80s
2025-09-25 18:20:46 - ROBOTY.safety - DEBUG - Добавлена пауза 0.60s роботу 7 в t=32.80s
2025-09-25 18:20:46 - ROBOTY.safety - DEBUG - Добавлена пауза 0.60s роботу 4 в t=32.85s
2025-09-25 18:20:46 - ROBOTY.safety - DEBUG - Добавлена пауза 0.60s роботу 7 в t=32.85s
2025-09-25 18:20:46 - ROBOTY.safety - DEBUG - Добавлена пауза 0.60s роботу 4 в t=32.90s
2025-09-25 18:20:46 - ROBOTY.safety - DEBUG - Добавлена пауза 0.60s роботу 7 в t=32.90s
2025-09-25 18:20:46 - ROBOTY.safety - DEBUG - Добавлена пауза 0.60s роботу 4 в t=32.95s
2025-09-25 18:20:46 - ROBOTY.safety - DEBUG - Добавлена пауза 0.60s роботу 7 в t=32.95s
2025-09-25 18:20:46 - ROBOTY.safety - DEBUG - Добавлена пауза 0.60s роботу 4 в t=33.00s
2025-09-25 18:20:46 - ROBOTY.safety - DEBUG - Добавлена пауза 0.60s роботу 7 в t=33.00s
2025-09-25 18:20:46 - ROBOTY.safety - DEBUG - Добавлена пауза 0.60s роботу 2 в t=37.80s
2025-09-25 18:20:46 - ROBOTY.safety - DEBUG - Добавлена пауза 0.60s роботу 6 в t=37.80s
2025-09-25 18:20:46 - ROBOTY.safety - DEBUG - Добавлена пауза 0.60s роботу 2 в t=37.85s
2025-09-25 18:20:46 - ROBOTY.safety - DEBUG - Добавлена пауза 0.60s роботу 6 в t=37.85s
2025-09-25 18:20:46 - ROBOTY.safety - DEBUG - Добавлена пауза 0.60s роботу 2 в t=37.90s
2025-09-25 18:20:46 - ROBOTY.safety - DEBUG - Добавлена пауза 0.60s роботу 6 в t=37.90s
2025-09-25 18:20:46 - ROBOTY.safety - DEBUG - Добавлена пауза 0.60s роботу 2 в t=37.95s
2025-09-25 18:20:46 - ROBOTY.safety - DEBUG - Добавлена пауза 0.60s роботу 6 в t=37.95s
2025-09-25 18:20:46 - ROBOTY.safety - DEBUG - Добавлена пауза 0.60s роботу 2 в t=38.00s
2025-09-25 18:20:46 - ROBOTY.safety - DEBUG - Добавлена пауза 0.60s роботу 6 в t=38.00s
2025-09-25 18:20:46 - ROBOTY.safety - DEBUG - Добавлена пауза 0.60s роботу 2 в t=38.05s
2025-09-25 18:20:46 - ROBOTY.safety - DEBUG - Добавлена пауза 0.60s роботу 6 в t=38.05s
2025-09-25 18:20:46 - ROBOTY.safety - DEBUG - Добавлена пауза 0.60s роботу 2 в t=38.10s
2025-09-25 18:20:46 - ROBOTY.safety - DEBUG - Добавлена пауза 0.60s роботу 6 в t=38.10s
2025-09-25 18:20:46 - ROBOTY.safety - DEBUG - Добавлена пауза 0.60s роботу 2 в t=38.15s
2025-09-25 18:20:46 - ROBOTY.safety - DEBUG - Добавлена пауза 0.60s роботу 6 в t=38.15s
2025-09-25 18:20:46 - ROBOTY.safety - DEBUG - Добавлена пауза 0.60s роботу 2 в t=38.20s
2025-09-25 18:20:46 - ROBOTY.safety - DEBUG - Добавлена пауза 0.60s роботу 6 в t=38.20s
2025-09-25 18:20:46 - ROBOTY.safety - DEBUG - Добавлена пауза 0.60s роботу 2 в t=38.25s
2025-09-25 18:20:46 - ROBOTY.safety - DEBUG - Добавлена пауза 0.60s роботу 6 в t=38.25s
2025-09-25 18:20:46 - ROBOTY.safety - INFO - Онлайн-безопасность применена: паузы вставлены
2025-09-25 18:20:46 - ROBOTY.collision - INFO - Начинаем детальную проверку коллизий
2025-09-25 18:20:46 - ROBOTY.collision - DEBUG - Проверяем коллизии в диапазоне времени: 0.00 - 54.39
2025-09-25 18:20:46 - ROBOTY.collision - WARNING - Коллизия: роботы 2 и 3 в 3.60s, расстояние: 0.493, требуется: 0.500
2025-09-25 18:20:46 - ROBOTY.collision - WARNING - Коллизия: роботы 2 и 3 в 3.70s, расстояние: 0.493, требуется: 0.500
2025-09-25 18:20:46 - ROBOTY.collision - WARNING - Коллизия: роботы 2 и 3 в 3.80s, расстояние: 0.493, требуется: 0.500
2025-09-25 18:20:46 - ROBOTY.collision - WARNING - Коллизия: роботы 2 и 3 в 3.90s, расстояние: 0.493, требуется: 0.500
2025-09-25 18:20:46 - ROBOTY.collision - WARNING - Коллизия: роботы 2 и 3 в 4.00s, расстояние: 0.493, требуется: 0.500
2025-09-25 18:20:46 - ROBOTY.collision - WARNING - Коллизия: роботы 2 и 3 в 4.10s, расстояние: 0.493, требуется: 0.500
2025-09-25 18:20:46 - ROBOTY.collision - WARNING - Коллизия: роботы 2 и 3 в 4.20s, расстояние: 0.493, требуется: 0.500
2025-09-25 18:20:46 - ROBOTY.collision - WARNING - Коллизия: роботы 2 и 3 в 4.30s, расстояние: 0.493, требуется: 0.500
2025-09-25 18:20:46 - ROBOTY.collision - WARNING - Коллизия: роботы 2 и 3 в 4.40s, расстояние: 0.493, требуется: 0.500
2025-09-25 18:20:46 - ROBOTY.collision - WARNING - Коллизия: роботы 2 и 3 в 4.50s, расстояние: 0.493, требуется: 0.500
2025-09-25 18:20:46 - ROBOTY.collision - WARNING - Коллизия: роботы 2 и 3 в 4.60s, расстояние: 0.493, требуется: 0.500
2025-09-25 18:20:46 - ROBOTY.collision - WARNING - Коллизия: роботы 2 и 3 в 4.70s, расстояние: 0.493, требуется: 0.500
2025-09-25 18:20:46 - ROBOTY.collision - WARNING - Коллизия: роботы 2 и 3 в 4.80s, расстояние: 0.493, требуется: 0.500
2025-09-25 18:20:46 - ROBOTY.collision - WARNING - Коллизия: роботы 2 и 3 в 4.90s, расстояние: 0.493, требуется: 0.500
2025-09-25 18:20:46 - ROBOTY.collision - WARNING - Коллизия: роботы 2 и 3 в 5.00s, расстояние: 0.493, требуется: 0.500
2025-09-25 18:20:46 - ROBOTY.collision - WARNING - Коллизия: роботы 2 и 3 в 5.10s, расстояние: 0.493, требуется: 0.500
2025-09-25 18:20:46 - ROBOTY.collision - WARNING - Коллизия: роботы 2 и 3 в 5.20s, расстояние: 0.493, требуется: 0.500
2025-09-25 18:20:46 - ROBOTY.collision - WARNING - Коллизия: роботы 2 и 3 в 5.30s, расстояние: 0.493, требуется: 0.500
2025-09-25 18:20:46 - ROBOTY.collision - WARNING - Коллизия: роботы 2 и 3 в 5.40s, расстояние: 0.490, требуется: 0.500
2025-09-25 18:20:46 - ROBOTY.collision - WARNING - Коллизия: роботы 3 и 9 в 7.70s, расстояние: 0.489, требуется: 0.500
2025-09-25 18:20:46 - ROBOTY.collision - WARNING - Коллизия: роботы 3 и 9 в 7.80s, расстояние: 0.416, требуется: 0.500
2025-09-25 18:20:46 - ROBOTY.collision - WARNING - Коллизия: роботы 3 и 9 в 7.90s, расстояние: 0.429, требуется: 0.500
2025-09-25 18:20:46 - ROBOTY.collision - WARNING - Коллизия: роботы 5 и 8 в 10.60s, расстояние: 0.416, требуется: 0.500
2025-09-25 18:20:46 - ROBOTY.collision - WARNING - Коллизия: роботы 5 и 8 в 10.70s, расстояние: 0.416, требуется: 0.500
2025-09-25 18:20:46 - ROBOTY.collision - WARNING - Коллизия: роботы 5 и 8 в 10.80s, расстояние: 0.416, требуется: 0.500
2025-09-25 18:20:46 - ROBOTY.collision - WARNING - Коллизия: роботы 5 и 8 в 10.90s, расстояние: 0.416, требуется: 0.500
2025-09-25 18:20:46 - ROBOTY.collision - WARNING - Коллизия: роботы 5 и 8 в 11.00s, расстояние: 0.416, требуется: 0.500
2025-09-25 18:20:46 - ROBOTY.collision - WARNING - Коллизия: роботы 5 и 8 в 11.10s, расстояние: 0.416, требуется: 0.500
2025-09-25 18:20:46 - ROBOTY.collision - WARNING - Коллизия: роботы 5 и 8 в 11.20s, расстояние: 0.416, требуется: 0.500
2025-09-25 18:20:46 - ROBOTY.collision - WARNING - Коллизия: роботы 5 и 8 в 11.30s, расстояние: 0.416, требуется: 0.500
2025-09-25 18:20:46 - ROBOTY.collision - WARNING - Коллизия: роботы 5 и 8 в 11.40s, расстояние: 0.416, требуется: 0.500
2025-09-25 18:20:46 - ROBOTY.collision - WARNING - Коллизия: роботы 5 и 8 в 11.50s, расстояние: 0.416, требуется: 0.500
2025-09-25 18:20:46 - ROBOTY.collision - WARNING - Коллизия: роботы 5 и 8 в 11.60s, расстояние: 0.416, требуется: 0.500
2025-09-25 18:20:46 - ROBOTY.collision - WARNING - Коллизия: роботы 5 и 8 в 11.70s, расстояние: 0.416, требуется: 0.500
2025-09-25 18:20:46 - ROBOTY.collision - WARNING - Коллизия: роботы 5 и 8 в 11.80s, расстояние: 0.416, требуется: 0.500
2025-09-25 18:20:46 - ROBOTY.collision - WARNING - Коллизия: роботы 5 и 8 в 11.90s, расстояние: 0.416, требуется: 0.500
2025-09-25 18:20:46 - ROBOTY.collision - WARNING - Коллизия: роботы 5 и 8 в 12.00s, расстояние: 0.416, требуется: 0.500
2025-09-25 18:20:46 - ROBOTY.collision - WARNING - Коллизия: роботы 5 и 8 в 12.10s, расстояние: 0.416, требуется: 0.500
2025-09-25 18:20:46 - ROBOTY.collision - WARNING - Коллизия: роботы 5 и 8 в 12.20s, расстояние: 0.416, требуется: 0.500
2025-09-25 18:20:46 - ROBOTY.collision - WARNING - Коллизия: роботы 6 и 8 в 12.20s, расстояние: 0.485, требуется: 0.500
2025-09-25 18:20:46 - ROBOTY.collision - WARNING - Коллизия: роботы 5 и 8 в 12.30s, расстояние: 0.416, требуется: 0.500
2025-09-25 18:20:46 - ROBOTY.collision - WARNING - Коллизия: роботы 6 и 8 в 12.30s, расстояние: 0.381, требуется: 0.500
2025-09-25 18:20:46 - ROBOTY.collision - WARNING - Коллизия: роботы 5 и 8 в 12.40s, расстояние: 0.416, требуется: 0.500
2025-09-25 18:20:46 - ROBOTY.collision - WARNING - Коллизия: роботы 6 и 8 в 12.40s, расстояние: 0.307, требуется: 0.500
2025-09-25 18:20:46 - ROBOTY.collision - WARNING - Коллизия: роботы 5 и 8 в 12.50s, расстояние: 0.416, требуется: 0.500
2025-09-25 18:20:46 - ROBOTY.collision - WARNING - Коллизия: роботы 6 и 8 в 12.50s, расстояние: 0.268, требуется: 0.500
2025-09-25 18:20:46 - ROBOTY.collision - WARNING - Коллизия: роботы 5 и 8 в 12.60s, расстояние: 0.416, требуется: 0.500
2025-09-25 18:20:46 - ROBOTY.collision - WARNING - Коллизия: роботы 6 и 8 в 12.60s, расстояние: 0.251, требуется: 0.500
2025-09-25 18:20:46 - ROBOTY.collision - WARNING - Коллизия: роботы 5 и 8 в 12.70s, расстояние: 0.416, требуется: 0.500
2025-09-25 18:20:46 - ROBOTY.collision - WARNING - Коллизия: роботы 6 и 8 в 12.70s, расстояние: 0.260, требуется: 0.500
2025-09-25 18:20:46 - ROBOTY.collision - WARNING - Коллизия: роботы 5 и 8 в 12.80s, расстояние: 0.416, требуется: 0.500
2025-09-25 18:20:46 - ROBOTY.collision - WARNING - Коллизия: роботы 6 и 8 в 12.80s, расстояние: 0.292, требуется: 0.500
2025-09-25 18:20:46 - ROBOTY.collision - WARNING - Коллизия: роботы 5 и 8 в 12.90s, расстояние: 0.416, требуется: 0.500
2025-09-25 18:20:46 - ROBOTY.collision - WARNING - Коллизия: роботы 6 и 8 в 12.90s, расстояние: 0.342, требуется: 0.500
2025-09-25 18:20:46 - ROBOTY.collision - WARNING - Коллизия: роботы 5 и 8 в 13.00s, расстояние: 0.416, требуется: 0.500
2025-09-25 18:20:46 - ROBOTY.collision - WARNING - Коллизия: роботы 6 и 8 в 13.00s, расстояние: 0.402, требуется: 0.500
2025-09-25 18:20:46 - ROBOTY.collision - WARNING - Коллизия: роботы 5 и 8 в 13.10s, расстояние: 0.416, требуется: 0.500
2025-09-25 18:20:46 - ROBOTY.collision - WARNING - Коллизия: роботы 6 и 8 в 13.10s, расстояние: 0.438, требуется: 0.500
2025-09-25 18:20:46 - ROBOTY.collision - WARNING - Коллизия: роботы 5 и 8 в 13.20s, расстояние: 0.416, требуется: 0.500
2025-09-25 18:20:46 - ROBOTY.collision - WARNING - Коллизия: роботы 6 и 8 в 13.20s, расстояние: 0.438, требуется: 0.500
2025-09-25 18:20:46 - ROBOTY.collision - WARNING - Коллизия: роботы 5 и 8 в 13.30s, расстояние: 0.416, требуется: 0.500
2025-09-25 18:20:46 - ROBOTY.collision - WARNING - Коллизия: роботы 6 и 8 в 13.30s, расстояние: 0.438, требуется: 0.500
2025-09-25 18:20:46 - ROBOTY.collision - WARNING - Коллизия: роботы 5 и 8 в 13.40s, расстояние: 0.416, требуется: 0.500
2025-09-25 18:20:46 - ROBOTY.collision - WARNING - Коллизия: роботы 6 и 8 в 13.40s, расстояние: 0.438, требуется: 0.500
2025-09-25 18:20:46 - ROBOTY.collision - WARNING - Коллизия: роботы 5 и 8 в 13.50s, расстояние: 0.416, требуется: 0.500
2025-09-25 18:20:46 - ROBOTY.collision - WARNING - Коллизия: роботы 6 и 8 в 13.50s, расстояние: 0.438, требуется: 0.500
2025-09-25 18:20:46 - ROBOTY.collision - WARNING - Коллизия: роботы 5 и 8 в 13.60s, расстояние: 0.416, требуется: 0.500
2025-09-25 18:20:46 - ROBOTY.collision - WARNING - Коллизия: роботы 6 и 8 в 13.60s, расстояние: 0.438, требуется: 0.500
2025-09-25 18:20:46 - ROBOTY.collision - WARNING - Коллизия: роботы 5 и 8 в 13.70s, расстояние: 0.416, требуется: 0.500
2025-09-25 18:20:46 - ROBOTY.collision - WARNING - Коллизия: роботы 6 и 8 в 13.70s, расстояние: 0.438, требуется: 0.500
2025-09-25 18:20:46 - ROBOTY.collision - WARNING - Коллизия: роботы 5 и 8 в 13.80s, расстояние: 0.416, требуется: 0.500
2025-09-25 18:20:46 - ROBOTY.collision - WARNING - Коллизия: роботы 6 и 8 в 13.80s, расстояние: 0.438, требуется: 0.500
2025-09-25 18:20:46 - ROBOTY.collision - WARNING - Коллизия: роботы 5 и 8 в 13.90s, расстояние: 0.416, требуется: 0.500
2025-09-25 18:20:46 - ROBOTY.collision - WARNING - Коллизия: роботы 6 и 8 в 13.90s, расстояние: 0.438, требуется: 0.500
2025-09-25 18:20:46 - ROBOTY.collision - WARNING - Коллизия: роботы 5 и 8 в 14.00s, расстояние: 0.416, требуется: 0.500
2025-09-25 18:20:46 - ROBOTY.collision - WARNING - Коллизия: роботы 6 и 8 в 14.00s, расстояние: 0.401, требуется: 0.500
2025-09-25 18:20:46 - ROBOTY.collision - WARNING - Коллизия: роботы 5 и 8 в 14.10s, расстояние: 0.416, требуется: 0.500
2025-09-25 18:20:46 - ROBOTY.collision - WARNING - Коллизия: роботы 6 и 8 в 14.10s, расстояние: 0.347, требуется: 0.500
2025-09-25 18:20:46 - ROBOTY.collision - WARNING - Коллизия: роботы 5 и 8 в 14.20s, расстояние: 0.416, требуется: 0.500
2025-09-25 18:20:46 - ROBOTY.collision - WARNING - Коллизия: роботы 6 и 8 в 14.20s, расстояние: 0.294, требуется: 0.500
2025-09-25 18:20:46 - ROBOTY.collision - WARNING - Коллизия: роботы 5 и 8 в 14.30s, расстояние: 0.416, требуется: 0.500
2025-09-25 18:20:46 - ROBOTY.collision - WARNING - Коллизия: роботы 6 и 8 в 14.30s, расстояние: 0.242, требуется: 0.500
2025-09-25 18:20:46 - ROBOTY.collision - WARNING - Коллизия: роботы 5 и 8 в 14.40s, расстояние: 0.416, требуется: 0.500
2025-09-25 18:20:46 - ROBOTY.collision - WARNING - Коллизия: роботы 6 и 8 в 14.40s, расстояние: 0.182, требуется: 0.500
2025-09-25 18:20:46 - ROBOTY.collision - WARNING - Коллизия: роботы 5 и 8 в 14.50s, расстояние: 0.416, требуется: 0.500
2025-09-25 18:20:46 - ROBOTY.collision - WARNING - Коллизия: роботы 6 и 8 в 14.50s, расстояние: 0.114, требуется: 0.500
2025-09-25 18:20:46 - ROBOTY.collision - WARNING - Коллизия: роботы 5 и 8 в 14.60s, расстояние: 0.416, требуется: 0.500
2025-09-25 18:20:46 - ROBOTY.collision - WARNING - Коллизия: роботы 6 и 8 в 14.60s, расстояние: 0.158, требуется: 0.500
2025-09-25 18:20:46 - ROBOTY.collision - WARNING - Коллизия: роботы 5 и 8 в 14.70s, расстояние: 0.416, требуется: 0.500
2025-09-25 18:20:46 - ROBOTY.collision - WARNING - Коллизия: роботы 6 и 8 в 14.70s, расстояние: 0.263, требуется: 0.500
2025-09-25 18:20:46 - ROBOTY.collision - WARNING - Коллизия: роботы 5 и 8 в 14.80s, расстояние: 0.343, требуется: 0.500
2025-09-25 18:20:46 - ROBOTY.collision - WARNING - Коллизия: роботы 6 и 8 в 14.80s, расстояние: 0.400, требуется: 0.500
2025-09-25 18:20:46 - ROBOTY.collision - WARNING - Коллизия: роботы 5 и 8 в 14.90s, расстояние: 0.293, требуется: 0.500
2025-09-25 18:20:46 - ROBOTY.collision - WARNING - Коллизия: роботы 5 и 8 в 15.00s, расстояние: 0.402, требуется: 0.500
2025-09-25 18:20:46 - ROBOTY.collision - WARNING - Коллизия: роботы 3 и 4 в 21.20s, расстояние: 0.494, требуется: 0.500
2025-09-25 18:20:46 - ROBOTY.collision - WARNING - Коллизия: роботы 3 и 4 в 21.30s, расстояние: 0.443, требуется: 0.500
2025-09-25 18:20:46 - ROBOTY.collision - WARNING - Коллизия: роботы 3 и 4 в 21.40s, расстояние: 0.421, требуется: 0.500
2025-09-25 18:20:46 - ROBOTY.collision - WARNING - Коллизия: роботы 3 и 4 в 21.50s, расстояние: 0.432, требуется: 0.500
2025-09-25 18:20:46 - ROBOTY.collision - WARNING - Коллизия: роботы 3 и 4 в 21.60s, расстояние: 0.475, требуется: 0.500
2025-09-25 18:20:46 - ROBOTY.collision - WARNING - Коллизия: роботы 6 и 10 в 21.90s, расстояние: 0.498, требуется: 0.500
2025-09-25 18:20:46 - ROBOTY.collision - WARNING - Коллизия: роботы 6 и 10 в 22.00s, расстояние: 0.498, требуется: 0.500
2025-09-25 18:20:46 - ROBOTY.collision - WARNING - Коллизия: роботы 6 и 10 в 22.10s, расстояние: 0.498, требуется: 0.500
2025-09-25 18:20:46 - ROBOTY.collision - WARNING - Коллизия: роботы 6 и 10 в 22.20s, расстояние: 0.498, требуется: 0.500
2025-09-25 18:20:46 - ROBOTY.collision - WARNING - Коллизия: роботы 6 и 10 в 22.30s, расстояние: 0.498, требуется: 0.500
2025-09-25 18:20:46 - ROBOTY.collision - WARNING - Коллизия: роботы 6 и 10 в 22.40s, расстояние: 0.498, требуется: 0.500
2025-09-25 18:20:46 - ROBOTY.collision - WARNING - Коллизия: роботы 6 и 10 в 22.50s, расстояние: 0.498, требуется: 0.500
2025-09-25 18:20:46 - ROBOTY.collision - WARNING - Коллизия: роботы 6 и 9 в 32.90s, расстояние: 0.366, требуется: 0.500
2025-09-25 18:20:46 - ROBOTY.collision - WARNING - Коллизия: роботы 6 и 9 в 33.00s, расстояние: 0.152, требуется: 0.500
2025-09-25 18:20:46 - ROBOTY.collision - WARNING - Коллизия: роботы 6 и 9 в 33.10s, расстояние: 0.125, требуется: 0.500
2025-09-25 18:20:46 - ROBOTY.collision - WARNING - Коллизия: роботы 6 и 9 в 33.20s, расстояние: 0.334, требуется: 0.500
2025-09-25 18:20:46 - ROBOTY.collision - WARNING - Коллизия: роботы 7 и 8 в 44.20s, расстояние: 0.492, требуется: 0.500
2025-09-25 18:20:46 - ROBOTY.collision - WARNING - Коллизия: роботы 7 и 8 в 44.30s, расстояние: 0.437, требуется: 0.500
2025-09-25 18:20:46 - ROBOTY.collision - WARNING - Коллизия: роботы 7 и 8 в 44.40s, расстояние: 0.405, требуется: 0.500
2025-09-25 18:20:46 - ROBOTY.collision - WARNING - Коллизия: роботы 7 и 8 в 44.50s, расстояние: 0.403, требуется: 0.500
2025-09-25 18:20:46 - ROBOTY.collision - WARNING - Коллизия: роботы 7 и 8 в 44.60s, расстояние: 0.413, требуется: 0.500
2025-09-25 18:20:46 - ROBOTY.collision - WARNING - Коллизия: роботы 7 и 8 в 44.70s, расстояние: 0.423, требуется: 0.500
2025-09-25 18:20:46 - ROBOTY.collision - WARNING - Коллизия: роботы 7 и 8 в 44.80s, расстояние: 0.437, требуется: 0.500
2025-09-25 18:20:46 - ROBOTY.collision - WARNING - Коллизия: роботы 7 и 8 в 44.90s, расстояние: 0.454, требуется: 0.500
2025-09-25 18:20:46 - ROBOTY.collision - WARNING - Коллизия: роботы 7 и 8 в 45.00s, расстояние: 0.458, требуется: 0.500
2025-09-25 18:20:46 - ROBOTY.collision - WARNING - Коллизия: роботы 7 и 8 в 45.10s, расстояние: 0.458, требуется: 0.500
2025-09-25 18:20:46 - ROBOTY.collision - WARNING - Коллизия: роботы 7 и 8 в 45.20s, расстояние: 0.458, требуется: 0.500
2025-09-25 18:20:46 - ROBOTY.collision - WARNING - Коллизия: роботы 7 и 8 в 45.30s, расстояние: 0.458, требуется: 0.500
2025-09-25 18:20:46 - ROBOTY.collision - WARNING - Коллизия: роботы 7 и 8 в 45.40s, расстояние: 0.458, требуется: 0.500
2025-09-25 18:20:46 - ROBOTY.collision - WARNING - Коллизия: роботы 7 и 8 в 45.50s, расстояние: 0.458, требуется: 0.500
2025-09-25 18:20:46 - ROBOTY.collision - WARNING - Коллизия: роботы 2 и 6 в 45.60s, расстояние: 0.454, требуется: 0.500
2025-09-25 18:20:46 - ROBOTY.collision - WARNING - Коллизия: роботы 7 и 8 в 45.60s, расстояние: 0.458, требуется: 0.500
2025-09-25 18:20:46 - ROBOTY.collision - WARNING - Коллизия: роботы 2 и 6 в 45.70s, расстояние: 0.371, требуется: 0.500
2025-09-25 18:20:46 - ROBOTY.collision - WARNING - Коллизия: роботы 7 и 8 в 45.70s, расстояние: 0.458, требуется: 0.500
2025-09-25 18:20:46 - ROBOTY.collision - WARNING - Коллизия: роботы 2 и 6 в 45.80s, расстояние: 0.334, требуется: 0.500
2025-09-25 18:20:46 - ROBOTY.collision - WARNING - Коллизия: роботы 7 и 8 в 45.80s, расстояние: 0.458, требуется: 0.500
2025-09-25 18:20:46 - ROBOTY.collision - WARNING - Коллизия: роботы 2 и 6 в 45.90s, расстояние: 0.358, требуется: 0.500
2025-09-25 18:20:46 - ROBOTY.collision - WARNING - Коллизия: роботы 7 и 8 в 45.90s, расстояние: 0.446, требуется: 0.500
2025-09-25 18:20:46 - ROBOTY.collision - WARNING - Коллизия: роботы 2 и 6 в 46.00s, расстояние: 0.433, требуется: 0.500
2025-09-25 18:20:46 - ROBOTY.collision - WARNING - Коллизия: роботы 7 и 8 в 46.00s, расстояние: 0.412, требуется: 0.500
2025-09-25 18:20:46 - ROBOTY.collision - WARNING - Коллизия: роботы 2 и 7 в 46.10s, расстояние: 0.493, требуется: 0.500
2025-09-25 18:20:46 - ROBOTY.collision - WARNING - Коллизия: роботы 7 и 8 в 46.10s, расстояние: 0.381, требуется: 0.500
2025-09-25 18:20:46 - ROBOTY.collision - WARNING - Коллизия: роботы 2 и 7 в 46.20s, расстояние: 0.390, требуется: 0.500
2025-09-25 18:20:46 - ROBOTY.collision - WARNING - Коллизия: роботы 7 и 8 в 46.20s, расстояние: 0.353, требуется: 0.500
2025-09-25 18:20:46 - ROBOTY.collision - WARNING - Коллизия: роботы 2 и 7 в 46.30s, расстояние: 0.319, требуется: 0.500
2025-09-25 18:20:46 - ROBOTY.collision - WARNING - Коллизия: роботы 2 и 8 в 46.30s, расстояние: 0.402, требуется: 0.500
2025-09-25 18:20:46 - ROBOTY.collision - WARNING - Коллизия: роботы 7 и 8 в 46.30s, расстояние: 0.328, требуется: 0.500
2025-09-25 18:20:46 - ROBOTY.collision - WARNING - Коллизия: роботы 2 и 7 в 46.40s, расстояние: 0.300, требуется: 0.500
2025-09-25 18:20:46 - ROBOTY.collision - WARNING - Коллизия: роботы 2 и 8 в 46.40s, расстояние: 0.185, требуется: 0.500
2025-09-25 18:20:46 - ROBOTY.collision - WARNING - Коллизия: роботы 7 и 8 в 46.40s, расстояние: 0.294, требуется: 0.500
2025-09-25 18:20:46 - ROBOTY.collision - WARNING - Коллизия: роботы 2 и 7 в 46.50s, расстояние: 0.342, требуется: 0.500
2025-09-25 18:20:46 - ROBOTY.collision - WARNING - Коллизия: роботы 2 и 8 в 46.50s, расстояние: 0.088, требуется: 0.500
2025-09-25 18:20:46 - ROBOTY.collision - WARNING - Коллизия: роботы 7 и 8 в 46.50s, расстояние: 0.288, требуется: 0.500
2025-09-25 18:20:46 - ROBOTY.collision - WARNING - Коллизия: роботы 2 и 7 в 46.60s, расстояние: 0.416, требуется: 0.500
2025-09-25 18:20:46 - ROBOTY.collision - WARNING - Коллизия: роботы 2 и 8 в 46.60s, расстояние: 0.322, требуется: 0.500
2025-09-25 18:20:46 - ROBOTY.collision - WARNING - Коллизия: роботы 7 и 8 в 46.60s, расстояние: 0.332, требуется: 0.500
2025-09-25 18:20:46 - ROBOTY.collision - WARNING - Коллизия: роботы 2 и 7 в 46.70s, расстояние: 0.455, требуется: 0.500
2025-09-25 18:20:46 - ROBOTY.collision - WARNING - Коллизия: роботы 2 и 8 в 46.70s, расстояние: 0.495, требуется: 0.500
2025-09-25 18:20:46 - ROBOTY.collision - WARNING - Коллизия: роботы 7 и 8 в 46.70s, расстояние: 0.412, требуется: 0.500
2025-09-25 18:20:46 - ROBOTY.collision - WARNING - Коллизия: роботы 2 и 7 в 46.80s, расстояние: 0.497, требуется: 0.500
2025-09-25 18:20:46 - ROBOTY.collision - WARNING - Коллизия: роботы 6 и 8 в 47.00s, расстояние: 0.431, требуется: 0.500
2025-09-25 18:20:46 - ROBOTY.collision - WARNING - Коллизия: роботы 6 и 8 в 47.10s, расстояние: 0.373, требуется: 0.500
2025-09-25 18:20:46 - ROBOTY.collision - WARNING - Коллизия: роботы 6 и 8 в 47.20s, расстояние: 0.361, требуется: 0.500
2025-09-25 18:20:46 - ROBOTY.collision - WARNING - Коллизия: роботы 6 и 8 в 47.30s, расстояние: 0.402, требуется: 0.500
2025-09-25 18:20:46 - ROBOTY.collision - WARNING - Коллизия: роботы 6 и 8 в 47.40s, расстояние: 0.482, требуется: 0.500
2025-09-25 18:20:46 - ROBOTY.collision - WARNING - Коллизия: роботы 2 и 7 в 47.80s, расстояние: 0.424, требуется: 0.500
2025-09-25 18:20:46 - ROBOTY.collision - WARNING - Коллизия: роботы 2 и 7 в 47.90s, расстояние: 0.316, требуется: 0.500
2025-09-25 18:20:46 - ROBOTY.collision - WARNING - Коллизия: роботы 2 и 7 в 48.00s, расстояние: 0.222, требуется: 0.500
2025-09-25 18:20:46 - ROBOTY.collision - WARNING - Коллизия: роботы 2 и 7 в 48.10s, расстояние: 0.168, требуется: 0.500
2025-09-25 18:20:46 - ROBOTY.collision - WARNING - Коллизия: роботы 2 и 7 в 48.20s, расстояние: 0.192, требуется: 0.500
2025-09-25 18:20:46 - ROBOTY.collision - WARNING - Коллизия: роботы 2 и 7 в 48.30s, расстояние: 0.275, требуется: 0.500
2025-09-25 18:20:46 - ROBOTY.collision - WARNING - Коллизия: роботы 2 и 7 в 48.40s, расстояние: 0.345, требуется: 0.500
2025-09-25 18:20:46 - ROBOTY.collision - WARNING - Коллизия: роботы 2 и 7 в 48.50s, расстояние: 0.397, требуется: 0.500
2025-09-25 18:20:46 - ROBOTY.collision - WARNING - Коллизия: роботы 2 и 7 в 48.60s, расстояние: 0.452, требуется: 0.500
2025-09-25 18:20:46 - ROBOTY.collision - ERROR - Обнаружено 168 коллизий
2025-09-25 18:20:46 - ROBOTY.main - WARNING - Коллизии сохраняются после вставки пауз
2025-09-25 18:20:48 - ROBOTY.main - INFO - Открытие визуализатора
2025-09-25 18:20:48 - ROBOTY.main - INFO - Визуализация успешно завершена
2025-09-25 18:20:48 - ROBOTY.visualizer - INFO - Запуск визуализации типа: 3d_anim
2025-09-25 18:20:48 - ROBOTY.visualizer - INFO - Создание 3D анимации траекторий
2025-09-25 18:20:48 - ROBOTY.visualizer - INFO - Создание 3D визуализации траекторий
2025-09-25 18:20:48 - ROBOTY.visualizer - INFO - 3D визуализация создана
2025-09-25 18:20:52 - ROBOTY.visualizer - INFO - Визуализация записана во временный файл: /var/folders/4m/3pf4f4ds7g3b39tkt544gftr0000gn/T/tmpdke8cxxd_viz_3d_anim.html
2025-09-25 18:20:52 - ROBOTY.visualizer - INFO - Визуализация открыта в браузере из временного файла
2025-09-25 18:20:52 - ROBOTY.main - INFO - Визуализация успешно завершена (в фоне, временный файл будет удалён автоматически)
2025-09-25 18:21:34 - ROBOTY.main - INFO - Открытие визуализатора
2025-09-25 18:21:34 - ROBOTY.main - INFO - Визуализация успешно завершена
2025-09-25 18:21:34 - ROBOTY.visualizer - INFO - Запуск визуализации типа: 3d_anim
2025-09-25 18:21:34 - ROBOTY.visualizer - INFO - Создание 3D анимации траекторий
2025-09-25 18:21:34 - ROBOTY.visualizer - INFO - Создание 3D визуализации траекторий
2025-09-25 18:21:34 - ROBOTY.visualizer - INFO - 3D визуализация создана
2025-09-25 18:21:38 - ROBOTY.visualizer - INFO - Визуализация записана во временный файл: /var/folders/4m/3pf4f4ds7g3b39tkt544gftr0000gn/T/tmpi90hdo9x_viz_3d_anim.html
2025-09-25 18:21:38 - ROBOTY.visualizer - INFO - Визуализация открыта в браузере из временного файла
2025-09-25 18:21:38 - ROBOTY.main - INFO - Визуализация успешно завершена (в фоне, временный файл будет удалён автоматически)
2025-09-25 18:21:59 - ROBOTY.visualizer - INFO - Временный файл визуализации удалён: /var/folders/4m/3pf4f4ds7g3b39tkt544gftr0000gn/T/tmpi90hdo9x_viz_3d_anim.html
2025-09-25 18:21:59 - ROBOTY.visualizer - INFO - Временный файл визуализации удалён: /var/folders/4m/3pf4f4ds7g3b39tkt544gftr0000gn/T/tmpdke8cxxd_viz_3d_anim.html
