2025-09-20 16:45:17 - ROBOTY.main - INFO - Запуск приложения ROBOTY
2025-09-20 16:45:17 - ROBOTY.main - INFO - Применена тема: light
2025-09-20 16:45:17 - ROBOTY.main - INFO - Интерфейс инициализирован
2025-09-20 16:45:17 - ROBOTY.main - INFO - Приложение успешно запущено
2025-09-20 16:45:21 - ROBOTY.main - INFO - Применена тема: dark
2025-09-20 16:45:21 - ROBOTY.main - INFO - Переключение темы: dark -> dark
2025-09-20 16:45:23 - ROBOTY.main - INFO - Начинаем загрузку файла
2025-09-20 16:45:25 - ROBOTY.main - INFO - Загружаем файл: /Users/maksimchernukha/Pictures/ROBOTY/data/test_scenario_10_robots.json
2025-09-20 16:45:25 - ROBOTY.parser - INFO - Начинаем загрузку файла: /Users/maksimchernukha/Pictures/ROBOTY/data/test_scenario_10_robots.json
2025-09-20 16:45:25 - ROBOTY.parser - INFO - Файл /Users/maksimchernukha/Pictures/ROBOTY/data/test_scenario_10_robots.json успешно загружен
2025-09-20 16:45:25 - ROBOTY.parser - DEBUG - Робот 1 успешно загружен
2025-09-20 16:45:25 - ROBOTY.parser - DEBUG - Робот 2 успешно загружен
2025-09-20 16:45:25 - ROBOTY.parser - DEBUG - Робот 3 успешно загружен
2025-09-20 16:45:25 - ROBOTY.parser - DEBUG - Робот 4 успешно загружен
2025-09-20 16:45:25 - ROBOTY.parser - DEBUG - Робот 5 успешно загружен
2025-09-20 16:45:25 - ROBOTY.parser - DEBUG - Робот 6 успешно загружен
2025-09-20 16:45:25 - ROBOTY.parser - DEBUG - Робот 7 успешно загружен
2025-09-20 16:45:25 - ROBOTY.parser - DEBUG - Робот 8 успешно загружен
2025-09-20 16:45:25 - ROBOTY.parser - DEBUG - Робот 9 успешно загружен
2025-09-20 16:45:25 - ROBOTY.parser - DEBUG - Робот 10 успешно загружен
2025-09-20 16:45:25 - ROBOTY.parser - DEBUG - Робот 11 успешно загружен
2025-09-20 16:45:25 - ROBOTY.parser - DEBUG - Робот 12 успешно загружен
2025-09-20 16:45:25 - ROBOTY.parser - DEBUG - Операция 1 успешно загружена
2025-09-20 16:45:25 - ROBOTY.parser - DEBUG - Операция 2 успешно загружена
2025-09-20 16:45:25 - ROBOTY.parser - DEBUG - Операция 3 успешно загружена
2025-09-20 16:45:25 - ROBOTY.parser - DEBUG - Операция 4 успешно загружена
2025-09-20 16:45:25 - ROBOTY.parser - DEBUG - Операция 5 успешно загружена
2025-09-20 16:45:25 - ROBOTY.parser - DEBUG - Операция 6 успешно загружена
2025-09-20 16:45:25 - ROBOTY.parser - DEBUG - Операция 7 успешно загружена
2025-09-20 16:45:25 - ROBOTY.parser - DEBUG - Операция 8 успешно загружена
2025-09-20 16:45:25 - ROBOTY.parser - DEBUG - Операция 9 успешно загружена
2025-09-20 16:45:25 - ROBOTY.parser - DEBUG - Операция 10 успешно загружена
2025-09-20 16:45:25 - ROBOTY.parser - DEBUG - Операция 11 успешно загружена
2025-09-20 16:45:25 - ROBOTY.parser - DEBUG - Операция 12 успешно загружена
2025-09-20 16:45:25 - ROBOTY.parser - DEBUG - Операция 13 успешно загружена
2025-09-20 16:45:25 - ROBOTY.parser - DEBUG - Операция 14 успешно загружена
2025-09-20 16:45:25 - ROBOTY.parser - DEBUG - Операция 15 успешно загружена
2025-09-20 16:45:25 - ROBOTY.parser - INFO - Загружено 12 роботов и 15 операций
2025-09-20 16:45:25 - ROBOTY.main - INFO - Файл успешно загружен и распарсен
2025-09-20 16:45:26 - ROBOTY.main - INFO - Запуск планировщика
2025-09-20 16:45:26 - ROBOTY.planner - INFO - Запуск планировщика траекторий
2025-09-20 16:45:26 - ROBOTY.assigner - INFO - Начинаем назначение операций методом: balanced
2025-09-20 16:45:26 - ROBOTY.assigner - DEBUG - Операция 0 назначена роботу 0 (нагрузка: 2.33)
2025-09-20 16:45:26 - ROBOTY.assigner - DEBUG - Операция 1 назначена роботу 1 (нагрузка: 3.84)
2025-09-20 16:45:26 - ROBOTY.assigner - DEBUG - Операция 2 назначена роботу 2 (нагрузка: 3.77)
2025-09-20 16:45:26 - ROBOTY.assigner - DEBUG - Операция 3 назначена роботу 4 (нагрузка: 3.95)
2025-09-20 16:45:26 - ROBOTY.assigner - DEBUG - Операция 4 назначена роботу 5 (нагрузка: 4.97)
2025-09-20 16:45:26 - ROBOTY.assigner - DEBUG - Операция 5 назначена роботу 7 (нагрузка: 5.06)
2025-09-20 16:45:26 - ROBOTY.assigner - DEBUG - Операция 6 назначена роботу 3 (нагрузка: 2.26)
2025-09-20 16:45:26 - ROBOTY.assigner - DEBUG - Операция 7 назначена роботу 9 (нагрузка: 5.44)
2025-09-20 16:45:26 - ROBOTY.assigner - DEBUG - Операция 8 назначена роботу 6 (нагрузка: 5.74)
2025-09-20 16:45:26 - ROBOTY.assigner - DEBUG - Операция 9 назначена роботу 8 (нагрузка: 4.37)
2025-09-20 16:45:26 - ROBOTY.assigner - DEBUG - Операция 10 назначена роботу 5 (нагрузка: 8.01)
2025-09-20 16:45:26 - ROBOTY.assigner - DEBUG - Операция 11 назначена роботу 11 (нагрузка: 5.36)
2025-09-20 16:45:26 - ROBOTY.assigner - DEBUG - Операция 12 назначена роботу 10 (нагрузка: 7.10)
2025-09-20 16:45:26 - ROBOTY.assigner - DEBUG - Операция 13 назначена роботу 3 (нагрузка: 6.99)
2025-09-20 16:45:26 - ROBOTY.assigner - DEBUG - Операция 14 назначена роботу 11 (нагрузка: 9.67)
2025-09-20 16:45:26 - ROBOTY.assigner - INFO - Распределено 15 операций с балансировкой нагрузки
2025-09-20 16:45:26 - ROBOTY.assigner - INFO - Итоговые нагрузки роботов: ['2.33', '3.84', '3.77', '6.99', '3.95', '8.01', '5.74', '5.06', '4.37', '5.44', '7.10', '9.67']
2025-09-20 16:45:26 - ROBOTY.assigner - INFO - Робот 0: 1 операций, нагрузка 2.33
2025-09-20 16:45:26 - ROBOTY.assigner - INFO - Робот 1: 1 операций, нагрузка 3.84
2025-09-20 16:45:26 - ROBOTY.assigner - INFO - Робот 2: 1 операций, нагрузка 3.77
2025-09-20 16:45:26 - ROBOTY.assigner - INFO - Робот 3: 2 операций, нагрузка 6.99
2025-09-20 16:45:26 - ROBOTY.assigner - INFO - Робот 4: 1 операций, нагрузка 3.95
2025-09-20 16:45:26 - ROBOTY.assigner - INFO - Робот 5: 2 операций, нагрузка 8.01
2025-09-20 16:45:26 - ROBOTY.assigner - INFO - Робот 6: 1 операций, нагрузка 5.74
2025-09-20 16:45:26 - ROBOTY.assigner - INFO - Робот 7: 1 операций, нагрузка 5.06
2025-09-20 16:45:26 - ROBOTY.assigner - INFO - Робот 8: 1 операций, нагрузка 4.37
2025-09-20 16:45:26 - ROBOTY.assigner - INFO - Робот 9: 1 операций, нагрузка 5.44
2025-09-20 16:45:26 - ROBOTY.assigner - INFO - Робот 10: 1 операций, нагрузка 7.10
2025-09-20 16:45:26 - ROBOTY.assigner - INFO - Робот 11: 2 операций, нагрузка 9.67
2025-09-20 16:45:26 - ROBOTY.planner - INFO - Операции назначены методом: balanced
2025-09-20 16:45:26 - ROBOTY.planner - INFO - Планирование траектории для робота 1 (ID: 1) с 1 операциями
2025-09-20 16:45:26 - ROBOTY.planner - DEBUG - Планирование траектории для робота с 1 операциями
2025-09-20 16:45:26 - ROBOTY.planner - DEBUG - Операция 1 запланирована, время завершения: 3.83
2025-09-20 16:45:26 - ROBOTY.planner - INFO - Траектория робота запланирована, общее время: 3.83
2025-09-20 16:45:26 - ROBOTY.planner - INFO - Робот 1: траектория содержит 24 точек
2025-09-20 16:45:26 - ROBOTY.planner - INFO - Планирование траектории для робота 2 (ID: 2) с 1 операциями
2025-09-20 16:45:26 - ROBOTY.planner - DEBUG - Планирование траектории для робота с 1 операциями
2025-09-20 16:45:26 - ROBOTY.planner - DEBUG - Операция 1 запланирована, время завершения: 5.60
2025-09-20 16:45:26 - ROBOTY.planner - INFO - Траектория робота запланирована, общее время: 5.60
2025-09-20 16:45:26 - ROBOTY.planner - INFO - Робот 2: траектория содержит 24 точек
2025-09-20 16:45:26 - ROBOTY.planner - INFO - Планирование траектории для робота 3 (ID: 3) с 1 операциями
2025-09-20 16:45:26 - ROBOTY.planner - DEBUG - Планирование траектории для робота с 1 операциями
2025-09-20 16:45:26 - ROBOTY.planner - DEBUG - Операция 1 запланирована, время завершения: 5.43
2025-09-20 16:45:26 - ROBOTY.planner - INFO - Траектория робота запланирована, общее время: 5.43
2025-09-20 16:45:26 - ROBOTY.planner - INFO - Робот 3: траектория содержит 24 точек
2025-09-20 16:45:26 - ROBOTY.planner - INFO - Планирование траектории для робота 4 (ID: 4) с 2 операциями
2025-09-20 16:45:26 - ROBOTY.planner - DEBUG - Планирование траектории для робота с 2 операциями
2025-09-20 16:45:26 - ROBOTY.planner - DEBUG - Операция 1 запланирована, время завершения: 3.86
2025-09-20 16:45:26 - ROBOTY.planner - DEBUG - Операция 2 запланирована, время завершения: 9.79
2025-09-20 16:45:26 - ROBOTY.planner - INFO - Траектория робота запланирована, общее время: 9.79
2025-09-20 16:45:26 - ROBOTY.planner - INFO - Робот 4: траектория содержит 48 точек
2025-09-20 16:45:26 - ROBOTY.planner - INFO - Планирование траектории для робота 5 (ID: 5) с 1 операциями
2025-09-20 16:45:26 - ROBOTY.planner - DEBUG - Планирование траектории для робота с 1 операциями
2025-09-20 16:45:26 - ROBOTY.planner - DEBUG - Операция 1 запланирована, время завершения: 5.65
2025-09-20 16:45:26 - ROBOTY.planner - INFO - Траектория робота запланирована, общее время: 5.65
2025-09-20 16:45:26 - ROBOTY.planner - INFO - Робот 5: траектория содержит 24 точек
2025-09-20 16:45:26 - ROBOTY.planner - INFO - Планирование траектории для робота 6 (ID: 6) с 2 операциями
2025-09-20 16:45:26 - ROBOTY.planner - DEBUG - Планирование траектории для робота с 2 операциями
2025-09-20 16:45:26 - ROBOTY.planner - DEBUG - Операция 1 запланирована, время завершения: 6.90
2025-09-20 16:45:26 - ROBOTY.planner - DEBUG - Операция 2 запланирована, время завершения: 11.90
2025-09-20 16:45:26 - ROBOTY.planner - INFO - Траектория робота запланирована, общее время: 11.90
2025-09-20 16:45:26 - ROBOTY.planner - INFO - Робот 6: траектория содержит 48 точек
2025-09-20 16:45:26 - ROBOTY.planner - INFO - Планирование траектории для робота 7 (ID: 7) с 1 операциями
2025-09-20 16:45:26 - ROBOTY.planner - DEBUG - Планирование траектории для робота с 1 операциями
2025-09-20 16:45:26 - ROBOTY.planner - DEBUG - Операция 1 запланирована, время завершения: 7.24
2025-09-20 16:45:26 - ROBOTY.planner - INFO - Траектория робота запланирована, общее время: 7.24
2025-09-20 16:45:26 - ROBOTY.planner - INFO - Робот 7: траектория содержит 24 точек
2025-09-20 16:45:26 - ROBOTY.planner - INFO - Планирование траектории для робота 8 (ID: 8) с 1 операциями
2025-09-20 16:45:26 - ROBOTY.planner - DEBUG - Планирование траектории для робота с 1 операциями
2025-09-20 16:45:26 - ROBOTY.planner - DEBUG - Операция 1 запланирована, время завершения: 6.40
2025-09-20 16:45:26 - ROBOTY.planner - INFO - Траектория робота запланирована, общее время: 6.40
2025-09-20 16:45:26 - ROBOTY.planner - INFO - Робот 8: траектория содержит 24 точек
2025-09-20 16:45:26 - ROBOTY.planner - INFO - Планирование траектории для робота 9 (ID: 9) с 1 операциями
2025-09-20 16:45:26 - ROBOTY.planner - DEBUG - Планирование траектории для робота с 1 операциями
2025-09-20 16:45:26 - ROBOTY.planner - DEBUG - Операция 1 запланирована, время завершения: 6.07
2025-09-20 16:45:26 - ROBOTY.planner - INFO - Траектория робота запланирована, общее время: 6.07
2025-09-20 16:45:26 - ROBOTY.planner - INFO - Робот 9: траектория содержит 24 точек
2025-09-20 16:45:26 - ROBOTY.planner - INFO - Планирование траектории для робота 10 (ID: 10) с 1 операциями
2025-09-20 16:45:26 - ROBOTY.planner - DEBUG - Планирование траектории для робота с 1 операциями
2025-09-20 16:45:26 - ROBOTY.planner - DEBUG - Операция 1 запланирована, время завершения: 7.27
2025-09-20 16:45:26 - ROBOTY.planner - INFO - Траектория робота запланирована, общее время: 7.27
2025-09-20 16:45:26 - ROBOTY.planner - INFO - Робот 10: траектория содержит 24 точек
2025-09-20 16:45:26 - ROBOTY.planner - INFO - Планирование траектории для робота 11 (ID: 11) с 1 операциями
2025-09-20 16:45:26 - ROBOTY.planner - DEBUG - Планирование траектории для робота с 1 операциями
2025-09-20 16:45:26 - ROBOTY.planner - DEBUG - Операция 1 запланирована, время завершения: 8.96
2025-09-20 16:45:26 - ROBOTY.planner - INFO - Траектория робота запланирована, общее время: 8.96
2025-09-20 16:45:26 - ROBOTY.planner - INFO - Робот 11: траектория содержит 24 точек
2025-09-20 16:45:26 - ROBOTY.planner - INFO - Планирование траектории для робота 12 (ID: 12) с 2 операциями
2025-09-20 16:45:26 - ROBOTY.planner - DEBUG - Планирование траектории для робота с 2 операциями
2025-09-20 16:45:26 - ROBOTY.planner - DEBUG - Операция 1 запланирована, время завершения: 7.03
2025-09-20 16:45:26 - ROBOTY.planner - DEBUG - Операция 2 запланирована, время завершения: 17.75
2025-09-20 16:45:26 - ROBOTY.planner - INFO - Траектория робота запланирована, общее время: 17.75
2025-09-20 16:45:26 - ROBOTY.planner - INFO - Робот 12: траектория содержит 48 точек
2025-09-20 16:45:26 - ROBOTY.planner - INFO - Планирование завершено. Makespan: 17.75
2025-09-20 16:45:26 - ROBOTY.main - INFO - Планировщик успешно завершил работу
2025-09-20 16:45:26 - ROBOTY.collision - INFO - Начинаем детальную проверку коллизий
2025-09-20 16:45:26 - ROBOTY.collision - DEBUG - Проверяем коллизии в диапазоне времени: 0.00 - 17.75
2025-09-20 16:45:26 - ROBOTY.collision - WARNING - Коллизия: роботы 9 и 10 в 1.20s, расстояние: 0.676, требуется: 0.700
2025-09-20 16:45:26 - ROBOTY.collision - WARNING - Коллизия: роботы 2 и 3 в 1.30s, расстояние: 0.692, требуется: 0.750
2025-09-20 16:45:26 - ROBOTY.collision - WARNING - Коллизия: роботы 9 и 10 в 1.30s, расстояние: 0.509, требуется: 0.700
2025-09-20 16:45:26 - ROBOTY.collision - WARNING - Коллизия: роботы 2 и 3 в 1.40s, расстояние: 0.589, требуется: 0.750
2025-09-20 16:45:26 - ROBOTY.collision - WARNING - Коллизия: роботы 9 и 10 в 1.40s, расстояние: 0.373, требуется: 0.700
2025-09-20 16:45:26 - ROBOTY.collision - WARNING - Коллизия: роботы 2 и 3 в 1.50s, расстояние: 0.536, требуется: 0.750
2025-09-20 16:45:26 - ROBOTY.collision - WARNING - Коллизия: роботы 9 и 10 в 1.50s, расстояние: 0.310, требуется: 0.700
2025-09-20 16:45:26 - ROBOTY.collision - WARNING - Коллизия: роботы 2 и 3 в 1.60s, расстояние: 0.546, требуется: 0.750
2025-09-20 16:45:26 - ROBOTY.collision - WARNING - Коллизия: роботы 9 и 10 в 1.60s, расстояние: 0.359, требуется: 0.700
2025-09-20 16:45:26 - ROBOTY.collision - WARNING - Коллизия: роботы 2 и 3 в 1.70s, расстояние: 0.604, требуется: 0.750
2025-09-20 16:45:26 - ROBOTY.collision - WARNING - Коллизия: роботы 9 и 10 в 1.70s, расстояние: 0.489, требуется: 0.700
2025-09-20 16:45:26 - ROBOTY.collision - WARNING - Коллизия: роботы 2 и 3 в 1.80s, расстояние: 0.690, требуется: 0.750
2025-09-20 16:45:26 - ROBOTY.collision - WARNING - Коллизия: роботы 9 и 10 в 1.80s, расстояние: 0.653, требуется: 0.700
2025-09-20 16:45:26 - ROBOTY.collision - WARNING - Коллизия: роботы 1 и 2 в 2.20s, расстояние: 0.609, требуется: 0.650
2025-09-20 16:45:26 - ROBOTY.collision - WARNING - Коллизия: роботы 1 и 2 в 2.30s, расстояние: 0.566, требуется: 0.650
2025-09-20 16:45:26 - ROBOTY.collision - WARNING - Коллизия: роботы 2 и 6 в 2.30s, расстояние: 0.631, требуется: 0.690
2025-09-20 16:45:26 - ROBOTY.collision - WARNING - Коллизия: роботы 1 и 2 в 2.40s, расстояние: 0.548, требуется: 0.650
2025-09-20 16:45:26 - ROBOTY.collision - WARNING - Коллизия: роботы 2 и 6 в 2.40s, расстояние: 0.545, требуется: 0.690
2025-09-20 16:45:26 - ROBOTY.collision - WARNING - Коллизия: роботы 1 и 2 в 2.50s, расстояние: 0.556, требуется: 0.650
2025-09-20 16:45:26 - ROBOTY.collision - WARNING - Коллизия: роботы 2 и 6 в 2.50s, расстояние: 0.486, требуется: 0.690
2025-09-20 16:45:26 - ROBOTY.collision - WARNING - Коллизия: роботы 1 и 2 в 2.60s, расстояние: 0.582, требуется: 0.650
2025-09-20 16:45:26 - ROBOTY.collision - WARNING - Коллизия: роботы 2 и 6 в 2.60s, расстояние: 0.453, требуется: 0.690
2025-09-20 16:45:26 - ROBOTY.collision - WARNING - Коллизия: роботы 3 и 6 в 2.60s, расстояние: 0.682, требуется: 0.740
2025-09-20 16:45:26 - ROBOTY.collision - WARNING - Коллизия: роботы 1 и 2 в 2.70s, расстояние: 0.622, требуется: 0.650
2025-09-20 16:45:26 - ROBOTY.collision - WARNING - Коллизия: роботы 2 и 6 в 2.70s, расстояние: 0.450, требуется: 0.690
2025-09-20 16:45:26 - ROBOTY.collision - WARNING - Коллизия: роботы 3 и 6 в 2.70s, расстояние: 0.596, требуется: 0.740
2025-09-20 16:45:26 - ROBOTY.collision - WARNING - Коллизия: роботы 2 и 6 в 2.80s, расстояние: 0.463, требуется: 0.690
2025-09-20 16:45:26 - ROBOTY.collision - WARNING - Коллизия: роботы 3 и 6 в 2.80s, расстояние: 0.551, требуется: 0.740
2025-09-20 16:45:26 - ROBOTY.collision - WARNING - Коллизия: роботы 2 и 6 в 2.90s, расстояние: 0.476, требуется: 0.690
2025-09-20 16:45:26 - ROBOTY.collision - WARNING - Коллизия: роботы 3 и 6 в 2.90s, расстояние: 0.534, требуется: 0.740
2025-09-20 16:45:26 - ROBOTY.collision - WARNING - Коллизия: роботы 2 и 6 в 3.00s, расстояние: 0.492, требуется: 0.690
2025-09-20 16:45:26 - ROBOTY.collision - WARNING - Коллизия: роботы 3 и 6 в 3.00s, расстояние: 0.531, требуется: 0.740
2025-09-20 16:45:26 - ROBOTY.collision - WARNING - Коллизия: роботы 2 и 6 в 3.10s, расстояние: 0.500, требуется: 0.690
2025-09-20 16:45:26 - ROBOTY.collision - WARNING - Коллизия: роботы 3 и 6 в 3.10s, расстояние: 0.556, требуется: 0.740
2025-09-20 16:45:26 - ROBOTY.collision - WARNING - Коллизия: роботы 2 и 6 в 3.20s, расстояние: 0.500, требуется: 0.690
2025-09-20 16:45:26 - ROBOTY.collision - WARNING - Коллизия: роботы 3 и 6 в 3.20s, расстояние: 0.595, требуется: 0.740
2025-09-20 16:45:26 - ROBOTY.collision - WARNING - Коллизия: роботы 2 и 6 в 3.30s, расстояние: 0.501, требуется: 0.690
2025-09-20 16:45:26 - ROBOTY.collision - WARNING - Коллизия: роботы 3 и 6 в 3.30s, расстояние: 0.642, требуется: 0.740
2025-09-20 16:45:26 - ROBOTY.collision - WARNING - Коллизия: роботы 1 и 8 в 3.40s, расстояние: 0.654, требуется: 0.660
2025-09-20 16:45:26 - ROBOTY.collision - WARNING - Коллизия: роботы 2 и 6 в 3.40s, расстояние: 0.508, требуется: 0.690
2025-09-20 16:45:26 - ROBOTY.collision - WARNING - Коллизия: роботы 2 и 8 в 3.40s, расстояние: 0.554, требуется: 0.710
2025-09-20 16:45:26 - ROBOTY.collision - WARNING - Коллизия: роботы 3 и 6 в 3.40s, расстояние: 0.694, требуется: 0.740
2025-09-20 16:45:26 - ROBOTY.collision - WARNING - Коллизия: роботы 1 и 8 в 3.50s, расстояние: 0.635, требуется: 0.660
2025-09-20 16:45:26 - ROBOTY.collision - WARNING - Коллизия: роботы 2 и 6 в 3.50s, расстояние: 0.526, требуется: 0.690
2025-09-20 16:45:26 - ROBOTY.collision - WARNING - Коллизия: роботы 2 и 8 в 3.50s, расстояние: 0.387, требуется: 0.710
2025-09-20 16:45:26 - ROBOTY.collision - WARNING - Коллизия: роботы 1 и 8 в 3.60s, расстояние: 0.646, требуется: 0.660
2025-09-20 16:45:26 - ROBOTY.collision - WARNING - Коллизия: роботы 2 и 6 в 3.60s, расстояние: 0.567, требуется: 0.690
2025-09-20 16:45:26 - ROBOTY.collision - WARNING - Коллизия: роботы 2 и 8 в 3.60s, расстояние: 0.269, требуется: 0.710
2025-09-20 16:45:26 - ROBOTY.collision - WARNING - Коллизия: роботы 1 и 2 в 3.70s, расстояние: 0.598, требуется: 0.650
2025-09-20 16:45:26 - ROBOTY.collision - WARNING - Коллизия: роботы 2 и 6 в 3.70s, расстояние: 0.628, требуется: 0.690
2025-09-20 16:45:26 - ROBOTY.collision - WARNING - Коллизия: роботы 2 и 8 в 3.70s, расстояние: 0.316, требуется: 0.710
2025-09-20 16:45:26 - ROBOTY.collision - WARNING - Коллизия: роботы 6 и 8 в 3.70s, расстояние: 0.675, требуется: 0.700
2025-09-20 16:45:26 - ROBOTY.collision - WARNING - Коллизия: роботы 1 и 2 в 3.80s, расстояние: 0.541, требуется: 0.650
2025-09-20 16:45:26 - ROBOTY.collision - WARNING - Коллизия: роботы 2 и 8 в 3.80s, расстояние: 0.488, требуется: 0.710
2025-09-20 16:45:26 - ROBOTY.collision - WARNING - Коллизия: роботы 6 и 8 в 3.80s, расстояние: 0.668, требуется: 0.700
2025-09-20 16:45:26 - ROBOTY.collision - WARNING - Коллизия: роботы 1 и 2 в 3.90s, расстояние: 0.508, требуется: 0.650
2025-09-20 16:45:26 - ROBOTY.collision - WARNING - Коллизия: роботы 2 и 8 в 3.90s, расстояние: 0.646, требуется: 0.710
2025-09-20 16:45:26 - ROBOTY.collision - WARNING - Коллизия: роботы 6 и 8 в 3.90s, расстояние: 0.673, требуется: 0.700
2025-09-20 16:45:26 - ROBOTY.collision - WARNING - Коллизия: роботы 1 и 2 в 4.00s, расстояние: 0.501, требуется: 0.650
2025-09-20 16:45:26 - ROBOTY.collision - WARNING - Коллизия: роботы 6 и 8 в 4.00s, расстояние: 0.685, требуется: 0.700
2025-09-20 16:45:26 - ROBOTY.collision - WARNING - Коллизия: роботы 1 и 2 в 4.10s, расстояние: 0.523, требуется: 0.650
2025-09-20 16:45:26 - ROBOTY.collision - WARNING - Коллизия: роботы 1 и 2 в 4.20s, расстояние: 0.570, требуется: 0.650
2025-09-20 16:45:26 - ROBOTY.collision - WARNING - Коллизия: роботы 1 и 2 в 4.30s, расстояние: 0.636, требуется: 0.650
2025-09-20 16:45:26 - ROBOTY.collision - WARNING - Коллизия: роботы 3 и 6 в 5.00s, расстояние: 0.725, требуется: 0.740
2025-09-20 16:45:26 - ROBOTY.collision - WARNING - Коллизия: роботы 1 и 8 в 5.10s, расстояние: 0.588, требуется: 0.660
2025-09-20 16:45:26 - ROBOTY.collision - WARNING - Коллизия: роботы 2 и 6 в 5.10s, расстояние: 0.653, требуется: 0.690
2025-09-20 16:45:26 - ROBOTY.collision - WARNING - Коллизия: роботы 3 и 6 в 5.10s, расстояние: 0.653, требуется: 0.740
2025-09-20 16:45:26 - ROBOTY.collision - WARNING - Коллизия: роботы 1 и 8 в 5.20s, расстояние: 0.475, требуется: 0.660
2025-09-20 16:45:26 - ROBOTY.collision - WARNING - Коллизия: роботы 2 и 6 в 5.20s, расстояние: 0.601, требуется: 0.690
2025-09-20 16:45:26 - ROBOTY.collision - WARNING - Коллизия: роботы 3 и 6 в 5.20s, расстояние: 0.601, требуется: 0.740
2025-09-20 16:45:26 - ROBOTY.collision - WARNING - Коллизия: роботы 1 и 8 в 5.30s, расстояние: 0.378, требуется: 0.660
2025-09-20 16:45:26 - ROBOTY.collision - WARNING - Коллизия: роботы 2 и 6 в 5.30s, расстояние: 0.575, требуется: 0.690
2025-09-20 16:45:26 - ROBOTY.collision - WARNING - Коллизия: роботы 3 и 6 в 5.30s, расстояние: 0.575, требуется: 0.740
2025-09-20 16:45:26 - ROBOTY.collision - WARNING - Коллизия: роботы 1 и 8 в 5.40s, расстояние: 0.316, требуется: 0.660
2025-09-20 16:45:26 - ROBOTY.collision - WARNING - Коллизия: роботы 2 и 6 в 5.40s, расстояние: 0.576, требуется: 0.690
2025-09-20 16:45:26 - ROBOTY.collision - WARNING - Коллизия: роботы 3 и 6 в 5.40s, расстояние: 0.576, требуется: 0.740
2025-09-20 16:45:26 - ROBOTY.collision - WARNING - Коллизия: роботы 1 и 8 в 5.50s, расстояние: 0.308, требуется: 0.660
2025-09-20 16:45:26 - ROBOTY.collision - WARNING - Коллизия: роботы 2 и 6 в 5.50s, расстояние: 0.603, требуется: 0.690
2025-09-20 16:45:26 - ROBOTY.collision - WARNING - Коллизия: роботы 2 и 8 в 5.50s, расстояние: 0.681, требуется: 0.710
2025-09-20 16:45:26 - ROBOTY.collision - WARNING - Коллизия: роботы 3 и 6 в 5.50s, расстояние: 0.603, требуется: 0.740
2025-09-20 16:45:26 - ROBOTY.collision - WARNING - Коллизия: роботы 1 и 8 в 5.60s, расстояние: 0.355, требуется: 0.660
2025-09-20 16:45:26 - ROBOTY.collision - WARNING - Коллизия: роботы 2 и 6 в 5.60s, расстояние: 0.638, требуется: 0.690
2025-09-20 16:45:26 - ROBOTY.collision - WARNING - Коллизия: роботы 2 и 8 в 5.60s, расстояние: 0.558, требуется: 0.710
2025-09-20 16:45:26 - ROBOTY.collision - WARNING - Коллизия: роботы 3 и 6 в 5.60s, расстояние: 0.638, требуется: 0.740
2025-09-20 16:45:26 - ROBOTY.collision - WARNING - Коллизия: роботы 1 и 8 в 5.70s, расстояние: 0.418, требуется: 0.660
2025-09-20 16:45:26 - ROBOTY.collision - WARNING - Коллизия: роботы 2 и 6 в 5.70s, расстояние: 0.676, требуется: 0.690
2025-09-20 16:45:26 - ROBOTY.collision - WARNING - Коллизия: роботы 2 и 8 в 5.70s, расстояние: 0.463, требуется: 0.710
2025-09-20 16:45:26 - ROBOTY.collision - WARNING - Коллизия: роботы 3 и 6 в 5.70s, расстояние: 0.676, требуется: 0.740
2025-09-20 16:45:26 - ROBOTY.collision - WARNING - Коллизия: роботы 1 и 8 в 5.80s, расстояние: 0.469, требуется: 0.660
2025-09-20 16:45:26 - ROBOTY.collision - WARNING - Коллизия: роботы 2 и 8 в 5.80s, расстояние: 0.401, требуется: 0.710
2025-09-20 16:45:26 - ROBOTY.collision - WARNING - Коллизия: роботы 3 и 6 в 5.80s, расстояние: 0.693, требуется: 0.740
2025-09-20 16:45:26 - ROBOTY.collision - WARNING - Коллизия: роботы 1 и 8 в 5.90s, расстояние: 0.504, требуется: 0.660
2025-09-20 16:45:26 - ROBOTY.collision - WARNING - Коллизия: роботы 2 и 8 в 5.90s, расстояние: 0.363, требуется: 0.710
2025-09-20 16:45:26 - ROBOTY.collision - WARNING - Коллизия: роботы 3 и 6 в 5.90s, расстояние: 0.707, требуется: 0.740
2025-09-20 16:45:26 - ROBOTY.collision - WARNING - Коллизия: роботы 1 и 8 в 6.00s, расстояние: 0.520, требуется: 0.660
2025-09-20 16:45:26 - ROBOTY.collision - WARNING - Коллизия: роботы 2 и 8 в 6.00s, расстояние: 0.346, требуется: 0.710
2025-09-20 16:45:26 - ROBOTY.collision - WARNING - Коллизия: роботы 3 и 6 в 6.00s, расстояние: 0.707, требуется: 0.740
2025-09-20 16:45:26 - ROBOTY.collision - WARNING - Коллизия: роботы 1 и 8 в 6.10s, расстояние: 0.520, требуется: 0.660
2025-09-20 16:45:26 - ROBOTY.collision - WARNING - Коллизия: роботы 2 и 8 в 6.10s, расстояние: 0.346, требуется: 0.710
2025-09-20 16:45:26 - ROBOTY.collision - WARNING - Коллизия: роботы 3 и 6 в 6.10s, расстояние: 0.707, требуется: 0.740
2025-09-20 16:45:26 - ROBOTY.collision - WARNING - Коллизия: роботы 1 и 8 в 6.20s, расстояние: 0.520, требуется: 0.660
2025-09-20 16:45:26 - ROBOTY.collision - WARNING - Коллизия: роботы 2 и 8 в 6.20s, расстояние: 0.346, требуется: 0.710
2025-09-20 16:45:26 - ROBOTY.collision - WARNING - Коллизия: роботы 3 и 6 в 6.20s, расстояние: 0.707, требуется: 0.740
2025-09-20 16:45:26 - ROBOTY.collision - WARNING - Коллизия: роботы 1 и 8 в 6.30s, расстояние: 0.520, требуется: 0.660
2025-09-20 16:45:26 - ROBOTY.collision - WARNING - Коллизия: роботы 2 и 8 в 6.30s, расстояние: 0.346, требуется: 0.710
2025-09-20 16:45:26 - ROBOTY.collision - WARNING - Коллизия: роботы 3 и 6 в 6.30s, расстояние: 0.707, требуется: 0.740
2025-09-20 16:45:26 - ROBOTY.collision - WARNING - Коллизия: роботы 1 и 8 в 6.40s, расстояние: 0.520, требуется: 0.660
2025-09-20 16:45:26 - ROBOTY.collision - WARNING - Коллизия: роботы 2 и 8 в 6.40s, расстояние: 0.346, требуется: 0.710
2025-09-20 16:45:26 - ROBOTY.collision - WARNING - Коллизия: роботы 3 и 6 в 6.40s, расстояние: 0.707, требуется: 0.740
2025-09-20 16:45:26 - ROBOTY.collision - WARNING - Коллизия: роботы 1 и 8 в 6.50s, расстояние: 0.520, требуется: 0.660
2025-09-20 16:45:26 - ROBOTY.collision - WARNING - Коллизия: роботы 2 и 8 в 6.50s, расстояние: 0.346, требуется: 0.710
2025-09-20 16:45:26 - ROBOTY.collision - WARNING - Коллизия: роботы 3 и 6 в 6.50s, расстояние: 0.707, требуется: 0.740
2025-09-20 16:45:26 - ROBOTY.collision - WARNING - Коллизия: роботы 1 и 8 в 6.60s, расстояние: 0.520, требуется: 0.660
2025-09-20 16:45:26 - ROBOTY.collision - WARNING - Коллизия: роботы 2 и 8 в 6.60s, расстояние: 0.346, требуется: 0.710
2025-09-20 16:45:26 - ROBOTY.collision - WARNING - Коллизия: роботы 3 и 6 в 6.60s, расстояние: 0.707, требуется: 0.740
2025-09-20 16:45:26 - ROBOTY.collision - WARNING - Коллизия: роботы 1 и 8 в 6.70s, расстояние: 0.520, требуется: 0.660
2025-09-20 16:45:26 - ROBOTY.collision - WARNING - Коллизия: роботы 2 и 8 в 6.70s, расстояние: 0.346, требуется: 0.710
2025-09-20 16:45:26 - ROBOTY.collision - WARNING - Коллизия: роботы 3 и 6 в 6.70s, расстояние: 0.707, требуется: 0.740
2025-09-20 16:45:26 - ROBOTY.collision - WARNING - Коллизия: роботы 1 и 8 в 6.80s, расстояние: 0.520, требуется: 0.660
2025-09-20 16:45:26 - ROBOTY.collision - WARNING - Коллизия: роботы 2 и 8 в 6.80s, расстояние: 0.346, требуется: 0.710
2025-09-20 16:45:26 - ROBOTY.collision - WARNING - Коллизия: роботы 3 и 6 в 6.80s, расстояние: 0.707, требуется: 0.740
2025-09-20 16:45:26 - ROBOTY.collision - WARNING - Коллизия: роботы 1 и 8 в 6.90s, расстояние: 0.520, требуется: 0.660
2025-09-20 16:45:26 - ROBOTY.collision - WARNING - Коллизия: роботы 2 и 8 в 6.90s, расстояние: 0.346, требуется: 0.710
2025-09-20 16:45:26 - ROBOTY.collision - WARNING - Коллизия: роботы 3 и 6 в 6.90s, расстояние: 0.708, требуется: 0.740
2025-09-20 16:45:26 - ROBOTY.collision - WARNING - Коллизия: роботы 1 и 8 в 7.00s, расстояние: 0.520, требуется: 0.660
2025-09-20 16:45:26 - ROBOTY.collision - WARNING - Коллизия: роботы 2 и 8 в 7.00s, расстояние: 0.346, требуется: 0.710
2025-09-20 16:45:26 - ROBOTY.collision - WARNING - Коллизия: роботы 3 и 6 в 7.00s, расстояние: 0.723, требуется: 0.740
2025-09-20 16:45:26 - ROBOTY.collision - WARNING - Коллизия: роботы 1 и 8 в 7.10s, расстояние: 0.520, требуется: 0.660
2025-09-20 16:45:26 - ROBOTY.collision - WARNING - Коллизия: роботы 2 и 8 в 7.10s, расстояние: 0.346, требуется: 0.710
2025-09-20 16:45:26 - ROBOTY.collision - WARNING - Коллизия: роботы 1 и 8 в 7.20s, расстояние: 0.520, требуется: 0.660
2025-09-20 16:45:26 - ROBOTY.collision - WARNING - Коллизия: роботы 2 и 8 в 7.20s, расстояние: 0.346, требуется: 0.710
2025-09-20 16:45:26 - ROBOTY.collision - WARNING - Коллизия: роботы 1 и 8 в 7.30s, расстояние: 0.520, требуется: 0.660
2025-09-20 16:45:26 - ROBOTY.collision - WARNING - Коллизия: роботы 2 и 8 в 7.30s, расстояние: 0.346, требуется: 0.710
2025-09-20 16:45:26 - ROBOTY.collision - WARNING - Коллизия: роботы 1 и 8 в 7.40s, расстояние: 0.520, требуется: 0.660
2025-09-20 16:45:26 - ROBOTY.collision - WARNING - Коллизия: роботы 2 и 8 в 7.40s, расстояние: 0.346, требуется: 0.710
2025-09-20 16:45:26 - ROBOTY.collision - WARNING - Коллизия: роботы 1 и 8 в 7.50s, расстояние: 0.520, требуется: 0.660
2025-09-20 16:45:26 - ROBOTY.collision - WARNING - Коллизия: роботы 2 и 8 в 7.50s, расстояние: 0.346, требуется: 0.710
2025-09-20 16:45:26 - ROBOTY.collision - WARNING - Коллизия: роботы 1 и 8 в 7.60s, расстояние: 0.520, требуется: 0.660
2025-09-20 16:45:26 - ROBOTY.collision - WARNING - Коллизия: роботы 2 и 8 в 7.60s, расстояние: 0.346, требуется: 0.710
2025-09-20 16:45:26 - ROBOTY.collision - WARNING - Коллизия: роботы 1 и 8 в 7.70s, расстояние: 0.520, требуется: 0.660
2025-09-20 16:45:26 - ROBOTY.collision - WARNING - Коллизия: роботы 2 и 8 в 7.70s, расстояние: 0.346, требуется: 0.710
2025-09-20 16:45:26 - ROBOTY.collision - WARNING - Коллизия: роботы 1 и 8 в 7.80s, расстояние: 0.520, требуется: 0.660
2025-09-20 16:45:26 - ROBOTY.collision - WARNING - Коллизия: роботы 2 и 8 в 7.80s, расстояние: 0.346, требуется: 0.710
2025-09-20 16:45:26 - ROBOTY.collision - WARNING - Коллизия: роботы 1 и 8 в 7.90s, расстояние: 0.520, требуется: 0.660
2025-09-20 16:45:26 - ROBOTY.collision - WARNING - Коллизия: роботы 2 и 8 в 7.90s, расстояние: 0.346, требуется: 0.710
2025-09-20 16:45:26 - ROBOTY.collision - WARNING - Коллизия: роботы 1 и 8 в 8.00s, расстояние: 0.520, требуется: 0.660
2025-09-20 16:45:26 - ROBOTY.collision - WARNING - Коллизия: роботы 2 и 8 в 8.00s, расстояние: 0.346, требуется: 0.710
2025-09-20 16:45:26 - ROBOTY.collision - WARNING - Коллизия: роботы 1 и 8 в 8.10s, расстояние: 0.520, требуется: 0.660
2025-09-20 16:45:26 - ROBOTY.collision - WARNING - Коллизия: роботы 2 и 8 в 8.10s, расстояние: 0.346, требуется: 0.710
2025-09-20 16:45:26 - ROBOTY.collision - WARNING - Коллизия: роботы 1 и 8 в 8.20s, расстояние: 0.520, требуется: 0.660
2025-09-20 16:45:26 - ROBOTY.collision - WARNING - Коллизия: роботы 2 и 8 в 8.20s, расстояние: 0.346, требуется: 0.710
2025-09-20 16:45:26 - ROBOTY.collision - WARNING - Коллизия: роботы 1 и 8 в 8.30s, расстояние: 0.520, требуется: 0.660
2025-09-20 16:45:26 - ROBOTY.collision - WARNING - Коллизия: роботы 2 и 8 в 8.30s, расстояние: 0.346, требуется: 0.710
2025-09-20 16:45:26 - ROBOTY.collision - WARNING - Коллизия: роботы 1 и 8 в 8.40s, расстояние: 0.520, требуется: 0.660
2025-09-20 16:45:26 - ROBOTY.collision - WARNING - Коллизия: роботы 2 и 8 в 8.40s, расстояние: 0.346, требуется: 0.710
2025-09-20 16:45:26 - ROBOTY.collision - WARNING - Коллизия: роботы 1 и 8 в 8.50s, расстояние: 0.520, требуется: 0.660
2025-09-20 16:45:26 - ROBOTY.collision - WARNING - Коллизия: роботы 2 и 8 в 8.50s, расстояние: 0.346, требуется: 0.710
2025-09-20 16:45:26 - ROBOTY.collision - WARNING - Коллизия: роботы 1 и 8 в 8.60s, расстояние: 0.520, требуется: 0.660
2025-09-20 16:45:26 - ROBOTY.collision - WARNING - Коллизия: роботы 2 и 8 в 8.60s, расстояние: 0.346, требуется: 0.710
2025-09-20 16:45:26 - ROBOTY.collision - WARNING - Коллизия: роботы 1 и 8 в 8.70s, расстояние: 0.520, требуется: 0.660
2025-09-20 16:45:26 - ROBOTY.collision - WARNING - Коллизия: роботы 2 и 8 в 8.70s, расстояние: 0.346, требуется: 0.710
2025-09-20 16:45:26 - ROBOTY.collision - WARNING - Коллизия: роботы 1 и 8 в 8.80s, расстояние: 0.520, требуется: 0.660
2025-09-20 16:45:26 - ROBOTY.collision - WARNING - Коллизия: роботы 2 и 8 в 8.80s, расстояние: 0.346, требуется: 0.710
2025-09-20 16:45:26 - ROBOTY.collision - WARNING - Коллизия: роботы 1 и 8 в 8.90s, расстояние: 0.520, требуется: 0.660
2025-09-20 16:45:26 - ROBOTY.collision - WARNING - Коллизия: роботы 2 и 8 в 8.90s, расстояние: 0.346, требуется: 0.710
2025-09-20 16:45:26 - ROBOTY.collision - WARNING - Коллизия: роботы 1 и 8 в 9.00s, расстояние: 0.520, требуется: 0.660
2025-09-20 16:45:26 - ROBOTY.collision - WARNING - Коллизия: роботы 2 и 8 в 9.00s, расстояние: 0.346, требуется: 0.710
2025-09-20 16:45:26 - ROBOTY.collision - WARNING - Коллизия: роботы 1 и 8 в 9.10s, расстояние: 0.520, требуется: 0.660
2025-09-20 16:45:26 - ROBOTY.collision - WARNING - Коллизия: роботы 2 и 8 в 9.10s, расстояние: 0.346, требуется: 0.710
2025-09-20 16:45:26 - ROBOTY.collision - WARNING - Коллизия: роботы 1 и 8 в 9.20s, расстояние: 0.520, требуется: 0.660
2025-09-20 16:45:26 - ROBOTY.collision - WARNING - Коллизия: роботы 2 и 8 в 9.20s, расстояние: 0.346, требуется: 0.710
2025-09-20 16:45:26 - ROBOTY.collision - WARNING - Коллизия: роботы 1 и 8 в 9.30s, расстояние: 0.520, требуется: 0.660
2025-09-20 16:45:26 - ROBOTY.collision - WARNING - Коллизия: роботы 2 и 8 в 9.30s, расстояние: 0.346, требуется: 0.710
2025-09-20 16:45:26 - ROBOTY.collision - WARNING - Коллизия: роботы 1 и 8 в 9.40s, расстояние: 0.520, требуется: 0.660
2025-09-20 16:45:26 - ROBOTY.collision - WARNING - Коллизия: роботы 2 и 8 в 9.40s, расстояние: 0.346, требуется: 0.710
2025-09-20 16:45:26 - ROBOTY.collision - WARNING - Коллизия: роботы 1 и 8 в 9.50s, расстояние: 0.520, требуется: 0.660
2025-09-20 16:45:26 - ROBOTY.collision - WARNING - Коллизия: роботы 2 и 8 в 9.50s, расстояние: 0.346, требуется: 0.710
2025-09-20 16:45:26 - ROBOTY.collision - WARNING - Коллизия: роботы 1 и 8 в 9.60s, расстояние: 0.520, требуется: 0.660
2025-09-20 16:45:26 - ROBOTY.collision - WARNING - Коллизия: роботы 2 и 8 в 9.60s, расстояние: 0.346, требуется: 0.710
2025-09-20 16:45:26 - ROBOTY.collision - WARNING - Коллизия: роботы 1 и 8 в 9.70s, расстояние: 0.520, требуется: 0.660
2025-09-20 16:45:26 - ROBOTY.collision - WARNING - Коллизия: роботы 2 и 8 в 9.70s, расстояние: 0.346, требуется: 0.710
2025-09-20 16:45:26 - ROBOTY.collision - WARNING - Коллизия: роботы 1 и 8 в 9.80s, расстояние: 0.520, требуется: 0.660
2025-09-20 16:45:26 - ROBOTY.collision - WARNING - Коллизия: роботы 2 и 8 в 9.80s, расстояние: 0.346, требуется: 0.710
2025-09-20 16:45:26 - ROBOTY.collision - WARNING - Коллизия: роботы 1 и 8 в 9.90s, расстояние: 0.520, требуется: 0.660
2025-09-20 16:45:26 - ROBOTY.collision - WARNING - Коллизия: роботы 2 и 8 в 9.90s, расстояние: 0.346, требуется: 0.710
2025-09-20 16:45:26 - ROBOTY.collision - WARNING - Коллизия: роботы 1 и 8 в 10.00s, расстояние: 0.520, требуется: 0.660
2025-09-20 16:45:26 - ROBOTY.collision - WARNING - Коллизия: роботы 2 и 8 в 10.00s, расстояние: 0.346, требуется: 0.710
2025-09-20 16:45:26 - ROBOTY.collision - WARNING - Коллизия: роботы 1 и 8 в 10.10s, расстояние: 0.520, требуется: 0.660
2025-09-20 16:45:26 - ROBOTY.collision - WARNING - Коллизия: роботы 2 и 8 в 10.10s, расстояние: 0.346, требуется: 0.710
2025-09-20 16:45:26 - ROBOTY.collision - WARNING - Коллизия: роботы 1 и 8 в 10.20s, расстояние: 0.520, требуется: 0.660
2025-09-20 16:45:26 - ROBOTY.collision - WARNING - Коллизия: роботы 2 и 8 в 10.20s, расстояние: 0.346, требуется: 0.710
2025-09-20 16:45:26 - ROBOTY.collision - WARNING - Коллизия: роботы 1 и 8 в 10.30s, расстояние: 0.520, требуется: 0.660
2025-09-20 16:45:26 - ROBOTY.collision - WARNING - Коллизия: роботы 2 и 8 в 10.30s, расстояние: 0.346, требуется: 0.710
2025-09-20 16:45:26 - ROBOTY.collision - WARNING - Коллизия: роботы 1 и 8 в 10.40s, расстояние: 0.520, требуется: 0.660
2025-09-20 16:45:26 - ROBOTY.collision - WARNING - Коллизия: роботы 2 и 8 в 10.40s, расстояние: 0.346, требуется: 0.710
2025-09-20 16:45:26 - ROBOTY.collision - WARNING - Коллизия: роботы 1 и 8 в 10.50s, расстояние: 0.520, требуется: 0.660
2025-09-20 16:45:26 - ROBOTY.collision - WARNING - Коллизия: роботы 2 и 8 в 10.50s, расстояние: 0.346, требуется: 0.710
2025-09-20 16:45:26 - ROBOTY.collision - WARNING - Коллизия: роботы 1 и 8 в 10.60s, расстояние: 0.520, требуется: 0.660
2025-09-20 16:45:26 - ROBOTY.collision - WARNING - Коллизия: роботы 2 и 8 в 10.60s, расстояние: 0.346, требуется: 0.710
2025-09-20 16:45:26 - ROBOTY.collision - WARNING - Коллизия: роботы 1 и 8 в 10.70s, расстояние: 0.520, требуется: 0.660
2025-09-20 16:45:26 - ROBOTY.collision - WARNING - Коллизия: роботы 2 и 8 в 10.70s, расстояние: 0.346, требуется: 0.710
2025-09-20 16:45:26 - ROBOTY.collision - WARNING - Коллизия: роботы 1 и 8 в 10.80s, расстояние: 0.520, требуется: 0.660
2025-09-20 16:45:26 - ROBOTY.collision - WARNING - Коллизия: роботы 2 и 8 в 10.80s, расстояние: 0.346, требуется: 0.710
2025-09-20 16:45:26 - ROBOTY.collision - WARNING - Коллизия: роботы 1 и 8 в 10.90s, расстояние: 0.520, требуется: 0.660
2025-09-20 16:45:26 - ROBOTY.collision - WARNING - Коллизия: роботы 2 и 8 в 10.90s, расстояние: 0.346, требуется: 0.710
2025-09-20 16:45:26 - ROBOTY.collision - WARNING - Коллизия: роботы 1 и 8 в 11.00s, расстояние: 0.520, требуется: 0.660
2025-09-20 16:45:26 - ROBOTY.collision - WARNING - Коллизия: роботы 2 и 8 в 11.00s, расстояние: 0.346, требуется: 0.710
2025-09-20 16:45:26 - ROBOTY.collision - WARNING - Коллизия: роботы 1 и 8 в 11.10s, расстояние: 0.520, требуется: 0.660
2025-09-20 16:45:26 - ROBOTY.collision - WARNING - Коллизия: роботы 2 и 8 в 11.10s, расстояние: 0.346, требуется: 0.710
2025-09-20 16:45:26 - ROBOTY.collision - WARNING - Коллизия: роботы 1 и 8 в 11.20s, расстояние: 0.520, требуется: 0.660
2025-09-20 16:45:26 - ROBOTY.collision - WARNING - Коллизия: роботы 2 и 8 в 11.20s, расстояние: 0.346, требуется: 0.710
2025-09-20 16:45:26 - ROBOTY.collision - WARNING - Коллизия: роботы 1 и 8 в 11.30s, расстояние: 0.520, требуется: 0.660
2025-09-20 16:45:26 - ROBOTY.collision - WARNING - Коллизия: роботы 2 и 8 в 11.30s, расстояние: 0.346, требуется: 0.710
2025-09-20 16:45:26 - ROBOTY.collision - WARNING - Коллизия: роботы 1 и 8 в 11.40s, расстояние: 0.520, требуется: 0.660
2025-09-20 16:45:26 - ROBOTY.collision - WARNING - Коллизия: роботы 2 и 8 в 11.40s, расстояние: 0.346, требуется: 0.710
2025-09-20 16:45:26 - ROBOTY.collision - WARNING - Коллизия: роботы 1 и 8 в 11.50s, расстояние: 0.520, требуется: 0.660
2025-09-20 16:45:26 - ROBOTY.collision - WARNING - Коллизия: роботы 2 и 8 в 11.50s, расстояние: 0.346, требуется: 0.710
2025-09-20 16:45:26 - ROBOTY.collision - WARNING - Коллизия: роботы 1 и 8 в 11.60s, расстояние: 0.520, требуется: 0.660
2025-09-20 16:45:26 - ROBOTY.collision - WARNING - Коллизия: роботы 2 и 8 в 11.60s, расстояние: 0.346, требуется: 0.710
2025-09-20 16:45:26 - ROBOTY.collision - WARNING - Коллизия: роботы 1 и 8 в 11.70s, расстояние: 0.520, требуется: 0.660
2025-09-20 16:45:26 - ROBOTY.collision - WARNING - Коллизия: роботы 2 и 8 в 11.70s, расстояние: 0.346, требуется: 0.710
2025-09-20 16:45:26 - ROBOTY.collision - WARNING - Коллизия: роботы 1 и 8 в 11.80s, расстояние: 0.520, требуется: 0.660
2025-09-20 16:45:26 - ROBOTY.collision - WARNING - Коллизия: роботы 2 и 8 в 11.80s, расстояние: 0.346, требуется: 0.710
2025-09-20 16:45:26 - ROBOTY.collision - WARNING - Коллизия: роботы 1 и 8 в 11.90s, расстояние: 0.520, требуется: 0.660
2025-09-20 16:45:26 - ROBOTY.collision - WARNING - Коллизия: роботы 2 и 8 в 11.90s, расстояние: 0.346, требуется: 0.710
2025-09-20 16:45:26 - ROBOTY.collision - WARNING - Коллизия: роботы 1 и 8 в 12.00s, расстояние: 0.520, требуется: 0.660
2025-09-20 16:45:26 - ROBOTY.collision - WARNING - Коллизия: роботы 2 и 8 в 12.00s, расстояние: 0.346, требуется: 0.710
2025-09-20 16:45:26 - ROBOTY.collision - WARNING - Коллизия: роботы 1 и 8 в 12.10s, расстояние: 0.520, требуется: 0.660
2025-09-20 16:45:26 - ROBOTY.collision - WARNING - Коллизия: роботы 2 и 8 в 12.10s, расстояние: 0.346, требуется: 0.710
2025-09-20 16:45:26 - ROBOTY.collision - WARNING - Коллизия: роботы 1 и 8 в 12.20s, расстояние: 0.520, требуется: 0.660
2025-09-20 16:45:26 - ROBOTY.collision - WARNING - Коллизия: роботы 2 и 8 в 12.20s, расстояние: 0.346, требуется: 0.710
2025-09-20 16:45:26 - ROBOTY.collision - WARNING - Коллизия: роботы 1 и 8 в 12.30s, расстояние: 0.520, требуется: 0.660
2025-09-20 16:45:26 - ROBOTY.collision - WARNING - Коллизия: роботы 2 и 8 в 12.30s, расстояние: 0.346, требуется: 0.710
2025-09-20 16:45:26 - ROBOTY.collision - WARNING - Коллизия: роботы 1 и 8 в 12.40s, расстояние: 0.520, требуется: 0.660
2025-09-20 16:45:26 - ROBOTY.collision - WARNING - Коллизия: роботы 2 и 8 в 12.40s, расстояние: 0.346, требуется: 0.710
2025-09-20 16:45:26 - ROBOTY.collision - WARNING - Коллизия: роботы 1 и 8 в 12.50s, расстояние: 0.520, требуется: 0.660
2025-09-20 16:45:26 - ROBOTY.collision - WARNING - Коллизия: роботы 2 и 8 в 12.50s, расстояние: 0.346, требуется: 0.710
2025-09-20 16:45:26 - ROBOTY.collision - WARNING - Коллизия: роботы 1 и 8 в 12.60s, расстояние: 0.520, требуется: 0.660
2025-09-20 16:45:26 - ROBOTY.collision - WARNING - Коллизия: роботы 2 и 8 в 12.60s, расстояние: 0.346, требуется: 0.710
2025-09-20 16:45:26 - ROBOTY.collision - WARNING - Коллизия: роботы 1 и 8 в 12.70s, расстояние: 0.520, требуется: 0.660
2025-09-20 16:45:26 - ROBOTY.collision - WARNING - Коллизия: роботы 2 и 8 в 12.70s, расстояние: 0.346, требуется: 0.710
2025-09-20 16:45:26 - ROBOTY.collision - WARNING - Коллизия: роботы 1 и 8 в 12.80s, расстояние: 0.520, требуется: 0.660
2025-09-20 16:45:26 - ROBOTY.collision - WARNING - Коллизия: роботы 2 и 8 в 12.80s, расстояние: 0.346, требуется: 0.710
2025-09-20 16:45:26 - ROBOTY.collision - WARNING - Коллизия: роботы 1 и 8 в 12.90s, расстояние: 0.520, требуется: 0.660
2025-09-20 16:45:26 - ROBOTY.collision - WARNING - Коллизия: роботы 2 и 8 в 12.90s, расстояние: 0.346, требуется: 0.710
2025-09-20 16:45:26 - ROBOTY.collision - WARNING - Коллизия: роботы 1 и 8 в 13.00s, расстояние: 0.520, требуется: 0.660
2025-09-20 16:45:26 - ROBOTY.collision - WARNING - Коллизия: роботы 2 и 8 в 13.00s, расстояние: 0.346, требуется: 0.710
2025-09-20 16:45:26 - ROBOTY.collision - WARNING - Коллизия: роботы 1 и 8 в 13.10s, расстояние: 0.520, требуется: 0.660
2025-09-20 16:45:26 - ROBOTY.collision - WARNING - Коллизия: роботы 2 и 8 в 13.10s, расстояние: 0.346, требуется: 0.710
2025-09-20 16:45:26 - ROBOTY.collision - WARNING - Коллизия: роботы 1 и 8 в 13.20s, расстояние: 0.520, требуется: 0.660
2025-09-20 16:45:26 - ROBOTY.collision - WARNING - Коллизия: роботы 2 и 8 в 13.20s, расстояние: 0.346, требуется: 0.710
2025-09-20 16:45:26 - ROBOTY.collision - WARNING - Коллизия: роботы 1 и 8 в 13.30s, расстояние: 0.520, требуется: 0.660
2025-09-20 16:45:26 - ROBOTY.collision - WARNING - Коллизия: роботы 2 и 8 в 13.30s, расстояние: 0.346, требуется: 0.710
2025-09-20 16:45:26 - ROBOTY.collision - WARNING - Коллизия: роботы 1 и 8 в 13.40s, расстояние: 0.520, требуется: 0.660
2025-09-20 16:45:26 - ROBOTY.collision - WARNING - Коллизия: роботы 2 и 8 в 13.40s, расстояние: 0.346, требуется: 0.710
2025-09-20 16:45:26 - ROBOTY.collision - WARNING - Коллизия: роботы 1 и 8 в 13.50s, расстояние: 0.520, требуется: 0.660
2025-09-20 16:45:26 - ROBOTY.collision - WARNING - Коллизия: роботы 2 и 8 в 13.50s, расстояние: 0.346, требуется: 0.710
2025-09-20 16:45:26 - ROBOTY.collision - WARNING - Коллизия: роботы 1 и 8 в 13.60s, расстояние: 0.520, требуется: 0.660
2025-09-20 16:45:26 - ROBOTY.collision - WARNING - Коллизия: роботы 2 и 8 в 13.60s, расстояние: 0.346, требуется: 0.710
2025-09-20 16:45:26 - ROBOTY.collision - WARNING - Коллизия: роботы 1 и 8 в 13.70s, расстояние: 0.520, требуется: 0.660
2025-09-20 16:45:26 - ROBOTY.collision - WARNING - Коллизия: роботы 2 и 8 в 13.70s, расстояние: 0.346, требуется: 0.710
2025-09-20 16:45:26 - ROBOTY.collision - WARNING - Коллизия: роботы 1 и 8 в 13.80s, расстояние: 0.520, требуется: 0.660
2025-09-20 16:45:26 - ROBOTY.collision - WARNING - Коллизия: роботы 2 и 8 в 13.80s, расстояние: 0.346, требуется: 0.710
2025-09-20 16:45:26 - ROBOTY.collision - WARNING - Коллизия: роботы 1 и 8 в 13.90s, расстояние: 0.520, требуется: 0.660
2025-09-20 16:45:26 - ROBOTY.collision - WARNING - Коллизия: роботы 2 и 8 в 13.90s, расстояние: 0.346, требуется: 0.710
2025-09-20 16:45:26 - ROBOTY.collision - WARNING - Коллизия: роботы 1 и 8 в 14.00s, расстояние: 0.520, требуется: 0.660
2025-09-20 16:45:26 - ROBOTY.collision - WARNING - Коллизия: роботы 2 и 8 в 14.00s, расстояние: 0.346, требуется: 0.710
2025-09-20 16:45:26 - ROBOTY.collision - WARNING - Коллизия: роботы 1 и 8 в 14.10s, расстояние: 0.520, требуется: 0.660
2025-09-20 16:45:26 - ROBOTY.collision - WARNING - Коллизия: роботы 2 и 8 в 14.10s, расстояние: 0.346, требуется: 0.710
2025-09-20 16:45:26 - ROBOTY.collision - WARNING - Коллизия: роботы 1 и 8 в 14.20s, расстояние: 0.520, требуется: 0.660
2025-09-20 16:45:26 - ROBOTY.collision - WARNING - Коллизия: роботы 2 и 8 в 14.20s, расстояние: 0.346, требуется: 0.710
2025-09-20 16:45:26 - ROBOTY.collision - WARNING - Коллизия: роботы 1 и 8 в 14.30s, расстояние: 0.520, требуется: 0.660
2025-09-20 16:45:26 - ROBOTY.collision - WARNING - Коллизия: роботы 2 и 8 в 14.30s, расстояние: 0.346, требуется: 0.710
2025-09-20 16:45:26 - ROBOTY.collision - WARNING - Коллизия: роботы 1 и 8 в 14.40s, расстояние: 0.520, требуется: 0.660
2025-09-20 16:45:26 - ROBOTY.collision - WARNING - Коллизия: роботы 2 и 8 в 14.40s, расстояние: 0.346, требуется: 0.710
2025-09-20 16:45:26 - ROBOTY.collision - WARNING - Коллизия: роботы 1 и 8 в 14.50s, расстояние: 0.520, требуется: 0.660
2025-09-20 16:45:26 - ROBOTY.collision - WARNING - Коллизия: роботы 2 и 8 в 14.50s, расстояние: 0.346, требуется: 0.710
2025-09-20 16:45:26 - ROBOTY.collision - WARNING - Коллизия: роботы 1 и 8 в 14.60s, расстояние: 0.520, требуется: 0.660
2025-09-20 16:45:26 - ROBOTY.collision - WARNING - Коллизия: роботы 2 и 8 в 14.60s, расстояние: 0.346, требуется: 0.710
2025-09-20 16:45:26 - ROBOTY.collision - WARNING - Коллизия: роботы 1 и 8 в 14.70s, расстояние: 0.520, требуется: 0.660
2025-09-20 16:45:26 - ROBOTY.collision - WARNING - Коллизия: роботы 2 и 8 в 14.70s, расстояние: 0.346, требуется: 0.710
2025-09-20 16:45:26 - ROBOTY.collision - WARNING - Коллизия: роботы 1 и 8 в 14.80s, расстояние: 0.520, требуется: 0.660
2025-09-20 16:45:26 - ROBOTY.collision - WARNING - Коллизия: роботы 2 и 8 в 14.80s, расстояние: 0.346, требуется: 0.710
2025-09-20 16:45:26 - ROBOTY.collision - WARNING - Коллизия: роботы 1 и 8 в 14.90s, расстояние: 0.520, требуется: 0.660
2025-09-20 16:45:26 - ROBOTY.collision - WARNING - Коллизия: роботы 2 и 8 в 14.90s, расстояние: 0.346, требуется: 0.710
2025-09-20 16:45:26 - ROBOTY.collision - WARNING - Коллизия: роботы 1 и 8 в 15.00s, расстояние: 0.520, требуется: 0.660
2025-09-20 16:45:26 - ROBOTY.collision - WARNING - Коллизия: роботы 2 и 8 в 15.00s, расстояние: 0.346, требуется: 0.710
2025-09-20 16:45:26 - ROBOTY.collision - WARNING - Коллизия: роботы 1 и 8 в 15.10s, расстояние: 0.520, требуется: 0.660
2025-09-20 16:45:26 - ROBOTY.collision - WARNING - Коллизия: роботы 2 и 8 в 15.10s, расстояние: 0.346, требуется: 0.710
2025-09-20 16:45:26 - ROBOTY.collision - WARNING - Коллизия: роботы 1 и 8 в 15.20s, расстояние: 0.520, требуется: 0.660
2025-09-20 16:45:26 - ROBOTY.collision - WARNING - Коллизия: роботы 2 и 8 в 15.20s, расстояние: 0.346, требуется: 0.710
2025-09-20 16:45:26 - ROBOTY.collision - WARNING - Коллизия: роботы 1 и 8 в 15.30s, расстояние: 0.520, требуется: 0.660
2025-09-20 16:45:26 - ROBOTY.collision - WARNING - Коллизия: роботы 2 и 8 в 15.30s, расстояние: 0.346, требуется: 0.710
2025-09-20 16:45:26 - ROBOTY.collision - WARNING - Коллизия: роботы 1 и 8 в 15.40s, расстояние: 0.520, требуется: 0.660
2025-09-20 16:45:26 - ROBOTY.collision - WARNING - Коллизия: роботы 2 и 8 в 15.40s, расстояние: 0.346, требуется: 0.710
2025-09-20 16:45:26 - ROBOTY.collision - WARNING - Коллизия: роботы 1 и 8 в 15.50s, расстояние: 0.520, требуется: 0.660
2025-09-20 16:45:26 - ROBOTY.collision - WARNING - Коллизия: роботы 2 и 8 в 15.50s, расстояние: 0.346, требуется: 0.710
2025-09-20 16:45:26 - ROBOTY.collision - WARNING - Коллизия: роботы 1 и 8 в 15.60s, расстояние: 0.520, требуется: 0.660
2025-09-20 16:45:26 - ROBOTY.collision - WARNING - Коллизия: роботы 2 и 8 в 15.60s, расстояние: 0.346, требуется: 0.710
2025-09-20 16:45:26 - ROBOTY.collision - WARNING - Коллизия: роботы 1 и 8 в 15.70s, расстояние: 0.520, требуется: 0.660
2025-09-20 16:45:26 - ROBOTY.collision - WARNING - Коллизия: роботы 2 и 8 в 15.70s, расстояние: 0.346, требуется: 0.710
2025-09-20 16:45:26 - ROBOTY.collision - WARNING - Коллизия: роботы 1 и 8 в 15.80s, расстояние: 0.520, требуется: 0.660
2025-09-20 16:45:26 - ROBOTY.collision - WARNING - Коллизия: роботы 2 и 8 в 15.80s, расстояние: 0.346, требуется: 0.710
2025-09-20 16:45:26 - ROBOTY.collision - WARNING - Коллизия: роботы 1 и 8 в 15.90s, расстояние: 0.520, требуется: 0.660
2025-09-20 16:45:26 - ROBOTY.collision - WARNING - Коллизия: роботы 2 и 8 в 15.90s, расстояние: 0.346, требуется: 0.710
2025-09-20 16:45:26 - ROBOTY.collision - WARNING - Коллизия: роботы 1 и 8 в 16.00s, расстояние: 0.520, требуется: 0.660
2025-09-20 16:45:26 - ROBOTY.collision - WARNING - Коллизия: роботы 2 и 8 в 16.00s, расстояние: 0.346, требуется: 0.710
2025-09-20 16:45:26 - ROBOTY.collision - WARNING - Коллизия: роботы 1 и 8 в 16.10s, расстояние: 0.520, требуется: 0.660
2025-09-20 16:45:26 - ROBOTY.collision - WARNING - Коллизия: роботы 2 и 8 в 16.10s, расстояние: 0.346, требуется: 0.710
2025-09-20 16:45:26 - ROBOTY.collision - WARNING - Коллизия: роботы 1 и 8 в 16.20s, расстояние: 0.520, требуется: 0.660
2025-09-20 16:45:26 - ROBOTY.collision - WARNING - Коллизия: роботы 2 и 8 в 16.20s, расстояние: 0.346, требуется: 0.710
2025-09-20 16:45:26 - ROBOTY.collision - WARNING - Коллизия: роботы 1 и 8 в 16.30s, расстояние: 0.520, требуется: 0.660
2025-09-20 16:45:26 - ROBOTY.collision - WARNING - Коллизия: роботы 2 и 8 в 16.30s, расстояние: 0.346, требуется: 0.710
2025-09-20 16:45:26 - ROBOTY.collision - WARNING - Коллизия: роботы 1 и 8 в 16.40s, расстояние: 0.520, требуется: 0.660
2025-09-20 16:45:26 - ROBOTY.collision - WARNING - Коллизия: роботы 2 и 8 в 16.40s, расстояние: 0.346, требуется: 0.710
2025-09-20 16:45:26 - ROBOTY.collision - WARNING - Коллизия: роботы 1 и 8 в 16.50s, расстояние: 0.520, требуется: 0.660
2025-09-20 16:45:26 - ROBOTY.collision - WARNING - Коллизия: роботы 2 и 8 в 16.50s, расстояние: 0.346, требуется: 0.710
2025-09-20 16:45:26 - ROBOTY.collision - WARNING - Коллизия: роботы 1 и 8 в 16.60s, расстояние: 0.520, требуется: 0.660
2025-09-20 16:45:26 - ROBOTY.collision - WARNING - Коллизия: роботы 2 и 8 в 16.60s, расстояние: 0.346, требуется: 0.710
2025-09-20 16:45:26 - ROBOTY.collision - WARNING - Коллизия: роботы 1 и 8 в 16.70s, расстояние: 0.520, требуется: 0.660
2025-09-20 16:45:26 - ROBOTY.collision - WARNING - Коллизия: роботы 2 и 8 в 16.70s, расстояние: 0.346, требуется: 0.710
2025-09-20 16:45:26 - ROBOTY.collision - WARNING - Коллизия: роботы 1 и 8 в 16.80s, расстояние: 0.520, требуется: 0.660
2025-09-20 16:45:26 - ROBOTY.collision - WARNING - Коллизия: роботы 2 и 8 в 16.80s, расстояние: 0.346, требуется: 0.710
2025-09-20 16:45:26 - ROBOTY.collision - WARNING - Коллизия: роботы 1 и 8 в 16.90s, расстояние: 0.520, требуется: 0.660
2025-09-20 16:45:26 - ROBOTY.collision - WARNING - Коллизия: роботы 2 и 8 в 16.90s, расстояние: 0.346, требуется: 0.710
2025-09-20 16:45:26 - ROBOTY.collision - WARNING - Коллизия: роботы 1 и 8 в 17.00s, расстояние: 0.520, требуется: 0.660
2025-09-20 16:45:26 - ROBOTY.collision - WARNING - Коллизия: роботы 2 и 8 в 17.00s, расстояние: 0.346, требуется: 0.710
2025-09-20 16:45:26 - ROBOTY.collision - WARNING - Коллизия: роботы 1 и 8 в 17.10s, расстояние: 0.520, требуется: 0.660
2025-09-20 16:45:26 - ROBOTY.collision - WARNING - Коллизия: роботы 2 и 8 в 17.10s, расстояние: 0.346, требуется: 0.710
2025-09-20 16:45:26 - ROBOTY.collision - WARNING - Коллизия: роботы 1 и 8 в 17.20s, расстояние: 0.520, требуется: 0.660
2025-09-20 16:45:26 - ROBOTY.collision - WARNING - Коллизия: роботы 2 и 8 в 17.20s, расстояние: 0.346, требуется: 0.710
2025-09-20 16:45:26 - ROBOTY.collision - WARNING - Коллизия: роботы 1 и 8 в 17.30s, расстояние: 0.520, требуется: 0.660
2025-09-20 16:45:26 - ROBOTY.collision - WARNING - Коллизия: роботы 2 и 8 в 17.30s, расстояние: 0.346, требуется: 0.710
2025-09-20 16:45:26 - ROBOTY.collision - WARNING - Коллизия: роботы 1 и 8 в 17.40s, расстояние: 0.520, требуется: 0.660
2025-09-20 16:45:26 - ROBOTY.collision - WARNING - Коллизия: роботы 2 и 8 в 17.40s, расстояние: 0.346, требуется: 0.710
2025-09-20 16:45:26 - ROBOTY.collision - WARNING - Коллизия: роботы 1 и 8 в 17.50s, расстояние: 0.520, требуется: 0.660
2025-09-20 16:45:26 - ROBOTY.collision - WARNING - Коллизия: роботы 2 и 8 в 17.50s, расстояние: 0.346, требуется: 0.710
2025-09-20 16:45:26 - ROBOTY.collision - WARNING - Коллизия: роботы 1 и 8 в 17.60s, расстояние: 0.520, требуется: 0.660
2025-09-20 16:45:26 - ROBOTY.collision - WARNING - Коллизия: роботы 2 и 8 в 17.60s, расстояние: 0.346, требуется: 0.710
2025-09-20 16:45:26 - ROBOTY.collision - WARNING - Коллизия: роботы 1 и 8 в 17.70s, расстояние: 0.520, требуется: 0.660
2025-09-20 16:45:26 - ROBOTY.collision - WARNING - Коллизия: роботы 2 и 8 в 17.70s, расстояние: 0.346, требуется: 0.710
2025-09-20 16:45:26 - ROBOTY.collision - ERROR - Обнаружено 341 коллизий
2025-09-20 16:45:26 - ROBOTY.main - WARNING - Обнаружено 341 коллизий
2025-09-20 16:45:28 - ROBOTY.main - INFO - Открытие визуализатора
2025-09-20 16:45:28 - ROBOTY.visualizer - INFO - Запуск визуализации типа: 3d
2025-09-20 16:45:28 - ROBOTY.visualizer - INFO - Создание 3D визуализации траекторий
2025-09-20 16:45:28 - ROBOTY.visualizer - INFO - 3D визуализация создана
2025-09-20 16:45:28 - ROBOTY.visualizer - INFO - Визуализация сохранена в файл: /Users/maksimchernukha/Pictures/ROBOTY/viz/../outputs/visualizations/visualization_3d_20250920_164528.html
2025-09-20 16:45:28 - ROBOTY.visualizer - INFO - Визуализация открыта в браузере
2025-09-20 16:45:28 - ROBOTY.main - INFO - Визуализация успешно завершена
