2025-09-27 09:02:30 - ROBOTY.main - INFO - Запуск приложения ROBOTY
2025-09-27 09:02:30 - ROBOTY.main - INFO - Применена тема: dark
2025-09-27 09:02:30 - ROBOTY.main - INFO - Интерфейс инициализирован
2025-09-27 09:02:30 - ROBOTY.main - INFO - Приложение успешно запущено
2025-09-27 09:02:37 - ROBOTY.main - INFO - Создан входной файл: C:\Users\22200490\.cursor\ROBOTY-main\data\input_20250927_090232.json
2025-09-27 09:02:37 - ROBOTY.parser - INFO - Начинаем загрузку файла: C:\Users\22200490\.cursor\ROBOTY-main\data\input_20250927_090232.json
2025-09-27 09:02:37 - ROBOTY.parser - INFO - Файл C:\Users\22200490\.cursor\ROBOTY-main\data\input_20250927_090232.json успешно загружен
2025-09-27 09:02:37 - ROBOTY.parser - DEBUG - Робот 1 успешно загружен
2025-09-27 09:02:37 - ROBOTY.parser - DEBUG - Операция 1 успешно загружена
2025-09-27 09:02:37 - ROBOTY.parser - DEBUG - Операция 2 успешно загружена
2025-09-27 09:02:37 - ROBOTY.parser - DEBUG - Операция 3 успешно загружена
2025-09-27 09:02:37 - ROBOTY.parser - DEBUG - Операция 4 успешно загружена
2025-09-27 09:02:37 - ROBOTY.parser - DEBUG - Операция 5 успешно загружена
2025-09-27 09:02:37 - ROBOTY.parser - DEBUG - Операция 6 успешно загружена
2025-09-27 09:02:37 - ROBOTY.parser - DEBUG - Операция 7 успешно загружена
2025-09-27 09:02:37 - ROBOTY.parser - DEBUG - Операция 8 успешно загружена
2025-09-27 09:02:37 - ROBOTY.parser - DEBUG - Операция 9 успешно загружена
2025-09-27 09:02:37 - ROBOTY.parser - DEBUG - Операция 10 успешно загружена
2025-09-27 09:02:37 - ROBOTY.parser - DEBUG - Операция 11 успешно загружена
2025-09-27 09:02:37 - ROBOTY.parser - DEBUG - Операция 12 успешно загружена
2025-09-27 09:02:37 - ROBOTY.parser - DEBUG - Операция 13 успешно загружена
2025-09-27 09:02:37 - ROBOTY.parser - DEBUG - Операция 14 успешно загружена
2025-09-27 09:02:37 - ROBOTY.parser - DEBUG - Операция 15 успешно загружена
2025-09-27 09:02:37 - ROBOTY.parser - DEBUG - Операция 16 успешно загружена
2025-09-27 09:02:37 - ROBOTY.parser - DEBUG - Операция 17 успешно загружена
2025-09-27 09:02:37 - ROBOTY.parser - DEBUG - Операция 18 успешно загружена
2025-09-27 09:02:37 - ROBOTY.parser - DEBUG - Операция 19 успешно загружена
2025-09-27 09:02:37 - ROBOTY.parser - DEBUG - Операция 20 успешно загружена
2025-09-27 09:02:37 - ROBOTY.parser - DEBUG - Операция 21 успешно загружена
2025-09-27 09:02:37 - ROBOTY.parser - DEBUG - Операция 22 успешно загружена
2025-09-27 09:02:37 - ROBOTY.parser - DEBUG - Операция 23 успешно загружена
2025-09-27 09:02:37 - ROBOTY.parser - INFO - Загружено 1 роботов и 23 операций
2025-09-27 09:02:48 - ROBOTY.main - INFO - Открытие визуализатора
2025-09-27 09:02:48 - ROBOTY.main - WARNING - Попытка визуализации без плана
2025-09-27 09:02:56 - ROBOTY.main - INFO - Открытие визуализатора
2025-09-27 09:02:56 - ROBOTY.main - WARNING - Попытка визуализации без плана
2025-09-27 09:03:01 - ROBOTY.main - INFO - Запуск планировщика
2025-09-27 09:03:01 - ROBOTY.planner - INFO - Запуск планировщика траекторий
2025-09-27 09:03:01 - ROBOTY.assigner - INFO - Начинаем назначение операций методом: balanced
2025-09-27 09:03:01 - ROBOTY.assigner - DEBUG - Операция 0 назначена роботу 0 (нагрузка: 8.78)
2025-09-27 09:03:01 - ROBOTY.assigner - DEBUG - Операция 1 назначена роботу 0 (нагрузка: 18.87)
2025-09-27 09:03:01 - ROBOTY.assigner - DEBUG - Операция 2 назначена роботу 0 (нагрузка: 31.96)
2025-09-27 09:03:01 - ROBOTY.assigner - DEBUG - Операция 3 назначена роботу 0 (нагрузка: 38.56)
2025-09-27 09:03:01 - ROBOTY.assigner - DEBUG - Операция 4 назначена роботу 0 (нагрузка: 43.69)
2025-09-27 09:03:01 - ROBOTY.assigner - DEBUG - Операция 5 назначена роботу 0 (нагрузка: 48.17)
2025-09-27 09:03:01 - ROBOTY.assigner - DEBUG - Операция 6 назначена роботу 0 (нагрузка: 57.01)
2025-09-27 09:03:01 - ROBOTY.assigner - DEBUG - Операция 7 назначена роботу 0 (нагрузка: 69.21)
2025-09-27 09:03:01 - ROBOTY.assigner - DEBUG - Операция 8 назначена роботу 0 (нагрузка: 77.75)
2025-09-27 09:03:01 - ROBOTY.assigner - DEBUG - Операция 9 назначена роботу 0 (нагрузка: 85.98)
2025-09-27 09:03:01 - ROBOTY.assigner - DEBUG - Операция 10 назначена роботу 0 (нагрузка: 94.03)
2025-09-27 09:03:01 - ROBOTY.assigner - DEBUG - Операция 11 назначена роботу 0 (нагрузка: 97.63)
2025-09-27 09:03:01 - ROBOTY.assigner - DEBUG - Операция 12 назначена роботу 0 (нагрузка: 105.33)
2025-09-27 09:03:01 - ROBOTY.assigner - DEBUG - Операция 13 назначена роботу 0 (нагрузка: 114.20)
2025-09-27 09:03:01 - ROBOTY.assigner - DEBUG - Операция 14 назначена роботу 0 (нагрузка: 122.22)
2025-09-27 09:03:01 - ROBOTY.assigner - DEBUG - Операция 15 назначена роботу 0 (нагрузка: 136.17)
2025-09-27 09:03:01 - ROBOTY.assigner - DEBUG - Операция 16 назначена роботу 0 (нагрузка: 144.73)
2025-09-27 09:03:01 - ROBOTY.assigner - DEBUG - Операция 17 назначена роботу 0 (нагрузка: 159.33)
2025-09-27 09:03:01 - ROBOTY.assigner - DEBUG - Операция 18 назначена роботу 0 (нагрузка: 166.50)
2025-09-27 09:03:01 - ROBOTY.assigner - DEBUG - Операция 19 назначена роботу 0 (нагрузка: 173.86)
2025-09-27 09:03:01 - ROBOTY.assigner - DEBUG - Операция 20 назначена роботу 0 (нагрузка: 181.36)
2025-09-27 09:03:01 - ROBOTY.assigner - DEBUG - Операция 21 назначена роботу 0 (нагрузка: 189.00)
2025-09-27 09:03:01 - ROBOTY.assigner - DEBUG - Операция 22 назначена роботу 0 (нагрузка: 204.62)
2025-09-27 09:03:01 - ROBOTY.assigner - INFO - Распределено 23 операций с балансировкой нагрузки
2025-09-27 09:03:01 - ROBOTY.assigner - INFO - Итоговые нагрузки роботов: ['204.62']
2025-09-27 09:03:01 - ROBOTY.assigner - INFO - Робот 0: 23 операций, нагрузка 204.62
2025-09-27 09:03:01 - ROBOTY.planner - INFO - Операции назначены методом: balanced
2025-09-27 09:03:01 - ROBOTY.planner - INFO - Планирование траектории для робота 1 (ID: 1) с 23 операциями
2025-09-27 09:03:01 - ROBOTY.planner - DEBUG - Планирование траектории для робота с 23 операциями
2025-09-27 09:03:01 - ROBOTY.planner - DEBUG - Операция 1 запланирована, время завершения: 10.57
2025-09-27 09:03:01 - ROBOTY.planner - DEBUG - Операция 2 запланирована, время завершения: 19.60
2025-09-27 09:03:01 - ROBOTY.planner - DEBUG - Операция 3 запланирована, время завершения: 32.63
2025-09-27 09:03:01 - ROBOTY.planner - DEBUG - Операция 4 запланирована, время завершения: 39.48
2025-09-27 09:03:01 - ROBOTY.planner - DEBUG - Операция 5 запланирована, время завершения: 46.30
2025-09-27 09:03:01 - ROBOTY.planner - DEBUG - Операция 6 запланирована, время завершения: 54.25
2025-09-27 09:03:01 - ROBOTY.planner - DEBUG - Операция 7 запланирована, время завершения: 62.22
2025-09-27 09:03:01 - ROBOTY.planner - DEBUG - Операция 8 запланирована, время завершения: 74.28
2025-09-27 09:03:01 - ROBOTY.planner - DEBUG - Операция 9 запланирована, время завершения: 83.37
2025-09-27 09:03:01 - ROBOTY.planner - DEBUG - Операция 10 запланирована, время завершения: 90.38
2025-09-27 09:03:01 - ROBOTY.planner - DEBUG - Операция 11 запланирована, время завершения: 98.30
2025-09-27 09:03:01 - ROBOTY.planner - DEBUG - Операция 12 запланирована, время завершения: 105.13
2025-09-27 09:03:01 - ROBOTY.planner - DEBUG - Операция 13 запланирована, время завершения: 111.90
2025-09-27 09:03:01 - ROBOTY.planner - DEBUG - Операция 14 запланирована, время завершения: 119.96
2025-09-27 09:03:01 - ROBOTY.planner - DEBUG - Операция 15 запланирована, время завершения: 127.24
2025-09-27 09:03:01 - ROBOTY.planner - DEBUG - Операция 16 запланирована, время завершения: 141.44
2025-09-27 09:03:01 - ROBOTY.planner - DEBUG - Операция 17 запланирована, время завершения: 154.12
2025-09-27 09:03:01 - ROBOTY.planner - DEBUG - Операция 18 запланирована, время завершения: 164.19
2025-09-27 09:03:01 - ROBOTY.planner - DEBUG - Операция 19 запланирована, время завершения: 173.99
2025-09-27 09:03:01 - ROBOTY.planner - DEBUG - Операция 20 запланирована, время завершения: 186.28
2025-09-27 09:03:01 - ROBOTY.planner - DEBUG - Операция 21 запланирована, время завершения: 195.19
2025-09-27 09:03:01 - ROBOTY.planner - DEBUG - Операция 22 запланирована, время завершения: 207.59
2025-09-27 09:03:01 - ROBOTY.planner - DEBUG - Операция 23 запланирована, время завершения: 221.02
2025-09-27 09:03:01 - ROBOTY.planner - INFO - Траектория робота запланирована, общее время: 221.02
2025-09-27 09:03:01 - ROBOTY.planner - INFO - Робот 1: траектория содержит 552 точек
2025-09-27 09:03:01 - ROBOTY.planner - INFO - Планирование завершено. Makespan: 221.02
2025-09-27 09:03:01 - ROBOTY.main - INFO - Планировщик успешно завершил работу
2025-09-27 09:03:01 - ROBOTY.collision - INFO - Начинаем детальную проверку коллизий
2025-09-27 09:03:01 - ROBOTY.collision - INFO - Недостаточно роботов для проверки коллизий
2025-09-27 09:03:01 - ROBOTY.main - INFO - Коллизий не обнаружено
2025-09-27 09:03:03 - ROBOTY.main - INFO - Открытие визуализатора
2025-09-27 09:03:03 - ROBOTY.main - INFO - Визуализация успешно завершена
2025-09-27 09:03:03 - ROBOTY.visualizer - INFO - Запуск визуализации типа: 3d_anim
2025-09-27 09:03:03 - ROBOTY.visualizer - INFO - Создание 3D анимации траекторий
2025-09-27 09:03:03 - ROBOTY.visualizer - INFO - Создание 3D визуализации траекторий
2025-09-27 09:03:03 - ROBOTY.visualizer - INFO - 3D визуализация создана
2025-09-27 09:03:03 - ROBOTY.mesh_loader - INFO - OBJ загружен: 1758706684_68d3bbfcdbb32.obj, вершин=48087, треугольников=96202
2025-09-27 09:03:13 - ROBOTY.main - INFO - Логи очищены пользователем
