2025-09-24 16:17:25 - ROBOTY.main - INFO - Запуск приложения ROBOTY
2025-09-24 16:17:25 - ROBOTY.main - INFO - Применена тема: light
2025-09-24 16:17:25 - ROBOTY.main - INFO - Интерфейс инициализирован
2025-09-24 16:17:26 - ROBOTY.main - INFO - Приложение успешно запущено
2025-09-24 16:17:37 - ROBOTY.main - INFO - Создан входной файл: C:\Users\79518\.cursor\ROBOTY\data\input_20250924_161732.json
2025-09-24 16:17:37 - ROBOTY.parser - INFO - Начинаем загрузку файла: C:\Users\79518\.cursor\ROBOTY\data\input_20250924_161732.json
2025-09-24 16:17:37 - ROBOTY.parser - INFO - Файл C:\Users\79518\.cursor\ROBOTY\data\input_20250924_161732.json успешно загружен
2025-09-24 16:17:37 - ROBOTY.parser - DEBUG - Робот 1 успешно загружен
2025-09-24 16:17:37 - ROBOTY.parser - DEBUG - Операция 1 успешно загружена
2025-09-24 16:17:37 - ROBOTY.parser - DEBUG - Операция 2 успешно загружена
2025-09-24 16:17:37 - ROBOTY.parser - DEBUG - Операция 3 успешно загружена
2025-09-24 16:17:37 - ROBOTY.parser - DEBUG - Операция 4 успешно загружена
2025-09-24 16:17:37 - ROBOTY.parser - DEBUG - Операция 5 успешно загружена
2025-09-24 16:17:37 - ROBOTY.parser - DEBUG - Операция 6 успешно загружена
2025-09-24 16:17:37 - ROBOTY.parser - DEBUG - Операция 7 успешно загружена
2025-09-24 16:17:37 - ROBOTY.parser - DEBUG - Операция 8 успешно загружена
2025-09-24 16:17:37 - ROBOTY.parser - DEBUG - Операция 9 успешно загружена
2025-09-24 16:17:37 - ROBOTY.parser - DEBUG - Операция 10 успешно загружена
2025-09-24 16:17:37 - ROBOTY.parser - DEBUG - Операция 11 успешно загружена
2025-09-24 16:17:37 - ROBOTY.parser - DEBUG - Операция 12 успешно загружена
2025-09-24 16:17:37 - ROBOTY.parser - DEBUG - Операция 13 успешно загружена
2025-09-24 16:17:37 - ROBOTY.parser - DEBUG - Операция 14 успешно загружена
2025-09-24 16:17:37 - ROBOTY.parser - DEBUG - Операция 15 успешно загружена
2025-09-24 16:17:37 - ROBOTY.parser - DEBUG - Операция 16 успешно загружена
2025-09-24 16:17:37 - ROBOTY.parser - DEBUG - Операция 17 успешно загружена
2025-09-24 16:17:37 - ROBOTY.parser - DEBUG - Операция 18 успешно загружена
2025-09-24 16:17:37 - ROBOTY.parser - DEBUG - Операция 19 успешно загружена
2025-09-24 16:17:37 - ROBOTY.parser - DEBUG - Операция 20 успешно загружена
2025-09-24 16:17:37 - ROBOTY.parser - DEBUG - Операция 21 успешно загружена
2025-09-24 16:17:37 - ROBOTY.parser - DEBUG - Операция 22 успешно загружена
2025-09-24 16:17:37 - ROBOTY.parser - DEBUG - Операция 23 успешно загружена
2025-09-24 16:17:37 - ROBOTY.parser - DEBUG - Операция 24 успешно загружена
2025-09-24 16:17:37 - ROBOTY.parser - DEBUG - Операция 25 успешно загружена
2025-09-24 16:17:37 - ROBOTY.parser - DEBUG - Операция 26 успешно загружена
2025-09-24 16:17:37 - ROBOTY.parser - DEBUG - Операция 27 успешно загружена
2025-09-24 16:17:37 - ROBOTY.parser - DEBUG - Операция 28 успешно загружена
2025-09-24 16:17:37 - ROBOTY.parser - DEBUG - Операция 29 успешно загружена
2025-09-24 16:17:37 - ROBOTY.parser - DEBUG - Операция 30 успешно загружена
2025-09-24 16:17:37 - ROBOTY.parser - INFO - Загружено 1 роботов и 30 операций
2025-09-24 16:17:37 - ROBOTY.main - INFO - Запуск планировщика
2025-09-24 16:17:37 - ROBOTY.planner - INFO - Запуск планировщика траекторий
2025-09-24 16:17:37 - ROBOTY.assigner - INFO - Начинаем назначение операций методом: balanced
2025-09-24 16:17:38 - ROBOTY.assigner - DEBUG - Операция 0 назначена роботу 0 (нагрузка: 14.62)
2025-09-24 16:17:38 - ROBOTY.assigner - DEBUG - Операция 1 назначена роботу 0 (нагрузка: 31.58)
2025-09-24 16:17:38 - ROBOTY.assigner - DEBUG - Операция 2 назначена роботу 0 (нагрузка: 42.22)
2025-09-24 16:17:38 - ROBOTY.assigner - DEBUG - Операция 3 назначена роботу 0 (нагрузка: 53.37)
2025-09-24 16:17:38 - ROBOTY.assigner - DEBUG - Операция 4 назначена роботу 0 (нагрузка: 62.62)
2025-09-24 16:17:38 - ROBOTY.assigner - DEBUG - Операция 5 назначена роботу 0 (нагрузка: 78.34)
2025-09-24 16:17:38 - ROBOTY.assigner - DEBUG - Операция 6 назначена роботу 0 (нагрузка: 94.59)
2025-09-24 16:17:38 - ROBOTY.assigner - DEBUG - Операция 7 назначена роботу 0 (нагрузка: 106.35)
2025-09-24 16:17:38 - ROBOTY.assigner - DEBUG - Операция 8 назначена роботу 0 (нагрузка: 120.62)
2025-09-24 16:17:38 - ROBOTY.assigner - DEBUG - Операция 9 назначена роботу 0 (нагрузка: 130.84)
2025-09-24 16:17:38 - ROBOTY.assigner - DEBUG - Операция 10 назначена роботу 0 (нагрузка: 142.21)
2025-09-24 16:17:38 - ROBOTY.assigner - DEBUG - Операция 11 назначена роботу 0 (нагрузка: 155.99)
2025-09-24 16:17:38 - ROBOTY.assigner - DEBUG - Операция 12 назначена роботу 0 (нагрузка: 166.09)
2025-09-24 16:17:38 - ROBOTY.assigner - DEBUG - Операция 13 назначена роботу 0 (нагрузка: 177.93)
2025-09-24 16:17:38 - ROBOTY.assigner - DEBUG - Операция 14 назначена роботу 0 (нагрузка: 195.26)
2025-09-24 16:17:38 - ROBOTY.assigner - DEBUG - Операция 15 назначена роботу 0 (нагрузка: 209.71)
2025-09-24 16:17:38 - ROBOTY.assigner - DEBUG - Операция 16 назначена роботу 0 (нагрузка: 222.08)
2025-09-24 16:17:38 - ROBOTY.assigner - DEBUG - Операция 17 назначена роботу 0 (нагрузка: 232.90)
2025-09-24 16:17:38 - ROBOTY.assigner - DEBUG - Операция 18 назначена роботу 0 (нагрузка: 244.41)
2025-09-24 16:17:38 - ROBOTY.assigner - DEBUG - Операция 19 назначена роботу 0 (нагрузка: 259.38)
2025-09-24 16:17:38 - ROBOTY.assigner - DEBUG - Операция 20 назначена роботу 0 (нагрузка: 270.11)
2025-09-24 16:17:38 - ROBOTY.assigner - DEBUG - Операция 21 назначена роботу 0 (нагрузка: 286.25)
2025-09-24 16:17:38 - ROBOTY.assigner - DEBUG - Операция 22 назначена роботу 0 (нагрузка: 300.25)
2025-09-24 16:17:38 - ROBOTY.assigner - DEBUG - Операция 23 назначена роботу 0 (нагрузка: 311.32)
2025-09-24 16:17:38 - ROBOTY.assigner - DEBUG - Операция 24 назначена роботу 0 (нагрузка: 321.42)
2025-09-24 16:17:38 - ROBOTY.assigner - DEBUG - Операция 25 назначена роботу 0 (нагрузка: 339.15)
2025-09-24 16:17:38 - ROBOTY.assigner - DEBUG - Операция 26 назначена роботу 0 (нагрузка: 351.18)
2025-09-24 16:17:38 - ROBOTY.assigner - DEBUG - Операция 27 назначена роботу 0 (нагрузка: 363.09)
2025-09-24 16:17:38 - ROBOTY.assigner - DEBUG - Операция 28 назначена роботу 0 (нагрузка: 372.28)
2025-09-24 16:17:38 - ROBOTY.assigner - DEBUG - Операция 29 назначена роботу 0 (нагрузка: 383.33)
2025-09-24 16:17:38 - ROBOTY.assigner - INFO - Распределено 30 операций с балансировкой нагрузки
2025-09-24 16:17:38 - ROBOTY.assigner - INFO - Итоговые нагрузки роботов: ['383.33']
2025-09-24 16:17:38 - ROBOTY.assigner - INFO - Робот 0: 30 операций, нагрузка 383.33
2025-09-24 16:17:38 - ROBOTY.planner - INFO - Операции назначены методом: balanced
2025-09-24 16:17:38 - ROBOTY.planner - INFO - Планирование траектории для робота 1 (ID: 1) с 30 операциями
2025-09-24 16:17:38 - ROBOTY.planner - DEBUG - Планирование траектории для робота с 30 операциями
2025-09-24 16:17:38 - ROBOTY.planner - DEBUG - Операция 1 запланирована, время завершения: 16.63
2025-09-24 16:17:38 - ROBOTY.planner - DEBUG - Операция 2 запланирована, время завершения: 31.32
2025-09-24 16:17:38 - ROBOTY.planner - DEBUG - Операция 3 запланирована, время завершения: 45.88
2025-09-24 16:17:38 - ROBOTY.planner - DEBUG - Операция 4 запланирована, время завершения: 60.54
2025-09-24 16:17:38 - ROBOTY.planner - DEBUG - Операция 5 запланирована, время завершения: 76.81
2025-09-24 16:17:38 - ROBOTY.planner - DEBUG - Операция 6 запланирована, время завершения: 88.20
2025-09-24 16:17:38 - ROBOTY.planner - DEBUG - Операция 7 запланирована, время завершения: 103.33
2025-09-24 16:17:38 - ROBOTY.planner - DEBUG - Операция 8 запланирована, время завершения: 114.98
2025-09-24 16:17:38 - ROBOTY.planner - DEBUG - Операция 9 запланирована, время завершения: 130.81
2025-09-24 16:17:38 - ROBOTY.planner - DEBUG - Операция 10 запланирована, время завершения: 139.18
2025-09-24 16:17:38 - ROBOTY.planner - DEBUG - Операция 11 запланирована, время завершения: 152.40
2025-09-24 16:17:38 - ROBOTY.planner - DEBUG - Операция 12 запланирована, время завершения: 162.69
2025-09-24 16:17:38 - ROBOTY.planner - DEBUG - Операция 13 запланирована, время завершения: 169.90
2025-09-24 16:17:38 - ROBOTY.planner - DEBUG - Операция 14 запланирована, время завершения: 178.62
2025-09-24 16:17:38 - ROBOTY.planner - DEBUG - Операция 15 запланирована, время завершения: 199.01
2025-09-24 16:17:38 - ROBOTY.planner - DEBUG - Операция 16 запланирована, время завершения: 211.11
2025-09-24 16:17:38 - ROBOTY.planner - DEBUG - Операция 17 запланирована, время завершения: 223.73
2025-09-24 16:17:38 - ROBOTY.planner - DEBUG - Операция 18 запланирована, время завершения: 230.65
2025-09-24 16:17:38 - ROBOTY.planner - DEBUG - Операция 19 запланирована, время завершения: 238.82
2025-09-24 16:17:38 - ROBOTY.planner - DEBUG - Операция 20 запланирована, время завершения: 250.62
2025-09-24 16:17:38 - ROBOTY.planner - DEBUG - Операция 21 запланирована, время завершения: 259.63
2025-09-24 16:17:38 - ROBOTY.planner - DEBUG - Операция 22 запланирована, время завершения: 272.86
2025-09-24 16:17:38 - ROBOTY.planner - DEBUG - Операция 23 запланирована, время завершения: 287.67
2025-09-24 16:17:38 - ROBOTY.planner - DEBUG - Операция 24 запланирована, время завершения: 295.85
2025-09-24 16:17:38 - ROBOTY.planner - DEBUG - Операция 25 запланирована, время завершения: 306.98
2025-09-24 16:17:38 - ROBOTY.planner - DEBUG - Операция 26 запланирована, время завершения: 319.98
2025-09-24 16:17:38 - ROBOTY.planner - DEBUG - Операция 27 запланирована, время завершения: 332.71
2025-09-24 16:17:38 - ROBOTY.planner - DEBUG - Операция 28 запланирована, время завершения: 342.29
2025-09-24 16:17:38 - ROBOTY.planner - DEBUG - Операция 29 запланирована, время завершения: 355.45
2025-09-24 16:17:38 - ROBOTY.planner - DEBUG - Операция 30 запланирована, время завершения: 363.95
2025-09-24 16:17:38 - ROBOTY.planner - INFO - Траектория робота запланирована, общее время: 363.95
2025-09-24 16:17:38 - ROBOTY.planner - INFO - Робот 1: траектория содержит 720 точек
2025-09-24 16:17:38 - ROBOTY.planner - INFO - Планирование завершено. Makespan: 363.95
2025-09-24 16:17:38 - ROBOTY.main - INFO - Планировщик успешно завершил работу
2025-09-24 16:17:38 - ROBOTY.collision - INFO - Начинаем детальную проверку коллизий
2025-09-24 16:17:38 - ROBOTY.collision - INFO - Недостаточно роботов для проверки коллизий
2025-09-24 16:17:38 - ROBOTY.main - INFO - Коллизий не обнаружено
2025-09-24 16:17:39 - ROBOTY.main - INFO - Открытие визуализатора
2025-09-24 16:17:39 - ROBOTY.main - INFO - Визуализация успешно завершена
2025-09-24 16:17:39 - ROBOTY.visualizer - INFO - Запуск визуализации типа: 3d
2025-09-24 16:17:39 - ROBOTY.visualizer - INFO - Создание 3D визуализации траекторий
2025-09-24 16:17:39 - ROBOTY.visualizer - INFO - 3D визуализация создана
2025-09-24 16:17:39 - ROBOTY.visualizer - INFO - Визуализация сохранена в файл: C:\Users\79518\.cursor\ROBOTY\viz\..\outputs\visualizations\visualization_3d_20250924_161739.html
2025-09-24 16:17:41 - ROBOTY.visualizer - INFO - Визуализация открыта в браузере
2025-09-24 16:17:41 - ROBOTY.main - INFO - Визуализация успешно завершена (в фоне)
2025-09-24 16:17:57 - ROBOTY.main - INFO - Логи очищены пользователем
2025-09-24 16:18:11 - ROBOTY.main - INFO - Создан входной файл: C:\Users\79518\.cursor\ROBOTY\data\input_20250924_161806.json
2025-09-24 16:18:11 - ROBOTY.parser - INFO - Начинаем загрузку файла: C:\Users\79518\.cursor\ROBOTY\data\input_20250924_161806.json
2025-09-24 16:18:11 - ROBOTY.parser - INFO - Файл C:\Users\79518\.cursor\ROBOTY\data\input_20250924_161806.json успешно загружен
2025-09-24 16:18:11 - ROBOTY.parser - DEBUG - Робот 1 успешно загружен
2025-09-24 16:18:11 - ROBOTY.parser - DEBUG - Операция 1 успешно загружена
2025-09-24 16:18:11 - ROBOTY.parser - DEBUG - Операция 2 успешно загружена
2025-09-24 16:18:11 - ROBOTY.parser - DEBUG - Операция 3 успешно загружена
2025-09-24 16:18:11 - ROBOTY.parser - DEBUG - Операция 4 успешно загружена
2025-09-24 16:18:11 - ROBOTY.parser - DEBUG - Операция 5 успешно загружена
2025-09-24 16:18:11 - ROBOTY.parser - DEBUG - Операция 6 успешно загружена
2025-09-24 16:18:11 - ROBOTY.parser - DEBUG - Операция 7 успешно загружена
2025-09-24 16:18:11 - ROBOTY.parser - DEBUG - Операция 8 успешно загружена
2025-09-24 16:18:11 - ROBOTY.parser - DEBUG - Операция 9 успешно загружена
2025-09-24 16:18:11 - ROBOTY.parser - DEBUG - Операция 10 успешно загружена
2025-09-24 16:18:11 - ROBOTY.parser - DEBUG - Операция 11 успешно загружена
2025-09-24 16:18:11 - ROBOTY.parser - DEBUG - Операция 12 успешно загружена
2025-09-24 16:18:11 - ROBOTY.parser - DEBUG - Операция 13 успешно загружена
2025-09-24 16:18:11 - ROBOTY.parser - DEBUG - Операция 14 успешно загружена
2025-09-24 16:18:11 - ROBOTY.parser - DEBUG - Операция 15 успешно загружена
2025-09-24 16:18:11 - ROBOTY.parser - DEBUG - Операция 16 успешно загружена
2025-09-24 16:18:11 - ROBOTY.parser - DEBUG - Операция 17 успешно загружена
2025-09-24 16:18:11 - ROBOTY.parser - DEBUG - Операция 18 успешно загружена
2025-09-24 16:18:11 - ROBOTY.parser - DEBUG - Операция 19 успешно загружена
2025-09-24 16:18:11 - ROBOTY.parser - DEBUG - Операция 20 успешно загружена
2025-09-24 16:18:11 - ROBOTY.parser - DEBUG - Операция 21 успешно загружена
2025-09-24 16:18:11 - ROBOTY.parser - DEBUG - Операция 22 успешно загружена
2025-09-24 16:18:11 - ROBOTY.parser - DEBUG - Операция 23 успешно загружена
2025-09-24 16:18:11 - ROBOTY.parser - DEBUG - Операция 24 успешно загружена
2025-09-24 16:18:11 - ROBOTY.parser - DEBUG - Операция 25 успешно загружена
2025-09-24 16:18:11 - ROBOTY.parser - DEBUG - Операция 26 успешно загружена
2025-09-24 16:18:11 - ROBOTY.parser - DEBUG - Операция 27 успешно загружена
2025-09-24 16:18:11 - ROBOTY.parser - DEBUG - Операция 28 успешно загружена
2025-09-24 16:18:11 - ROBOTY.parser - DEBUG - Операция 29 успешно загружена
2025-09-24 16:18:11 - ROBOTY.parser - DEBUG - Операция 30 успешно загружена
2025-09-24 16:18:11 - ROBOTY.parser - INFO - Загружено 1 роботов и 30 операций
2025-09-24 16:18:13 - ROBOTY.main - INFO - Запуск планировщика
2025-09-24 16:18:13 - ROBOTY.planner - INFO - Запуск планировщика траекторий
2025-09-24 16:18:13 - ROBOTY.assigner - INFO - Начинаем назначение операций методом: balanced
2025-09-24 16:18:13 - ROBOTY.assigner - DEBUG - Операция 0 назначена роботу 0 (нагрузка: 11.49)
2025-09-24 16:18:13 - ROBOTY.assigner - DEBUG - Операция 1 назначена роботу 0 (нагрузка: 22.82)
2025-09-24 16:18:13 - ROBOTY.assigner - DEBUG - Операция 2 назначена роботу 0 (нагрузка: 33.68)
2025-09-24 16:18:13 - ROBOTY.assigner - DEBUG - Операция 3 назначена роботу 0 (нагрузка: 44.99)
2025-09-24 16:18:13 - ROBOTY.assigner - DEBUG - Операция 4 назначена роботу 0 (нагрузка: 52.13)
2025-09-24 16:18:13 - ROBOTY.assigner - DEBUG - Операция 5 назначена роботу 0 (нагрузка: 59.79)
2025-09-24 16:18:13 - ROBOTY.assigner - DEBUG - Операция 6 назначена роботу 0 (нагрузка: 67.54)
2025-09-24 16:18:13 - ROBOTY.assigner - DEBUG - Операция 7 назначена роботу 0 (нагрузка: 82.40)
2025-09-24 16:18:13 - ROBOTY.assigner - DEBUG - Операция 8 назначена роботу 0 (нагрузка: 91.22)
2025-09-24 16:18:13 - ROBOTY.assigner - DEBUG - Операция 9 назначена роботу 0 (нагрузка: 100.06)
2025-09-24 16:18:13 - ROBOTY.assigner - DEBUG - Операция 10 назначена роботу 0 (нагрузка: 112.00)
2025-09-24 16:18:13 - ROBOTY.assigner - DEBUG - Операция 11 назначена роботу 0 (нагрузка: 124.15)
2025-09-24 16:18:13 - ROBOTY.assigner - DEBUG - Операция 12 назначена роботу 0 (нагрузка: 131.70)
2025-09-24 16:18:13 - ROBOTY.assigner - DEBUG - Операция 13 назначена роботу 0 (нагрузка: 141.77)
2025-09-24 16:18:13 - ROBOTY.assigner - DEBUG - Операция 14 назначена роботу 0 (нагрузка: 149.67)
2025-09-24 16:18:13 - ROBOTY.assigner - DEBUG - Операция 15 назначена роботу 0 (нагрузка: 166.98)
2025-09-24 16:18:13 - ROBOTY.assigner - DEBUG - Операция 16 назначена роботу 0 (нагрузка: 178.38)
2025-09-24 16:18:13 - ROBOTY.assigner - DEBUG - Операция 17 назначена роботу 0 (нагрузка: 191.50)
2025-09-24 16:18:13 - ROBOTY.assigner - DEBUG - Операция 18 назначена роботу 0 (нагрузка: 204.40)
2025-09-24 16:18:13 - ROBOTY.assigner - DEBUG - Операция 19 назначена роботу 0 (нагрузка: 214.40)
2025-09-24 16:18:13 - ROBOTY.assigner - DEBUG - Операция 20 назначена роботу 0 (нагрузка: 229.12)
2025-09-24 16:18:13 - ROBOTY.assigner - DEBUG - Операция 21 назначена роботу 0 (нагрузка: 242.17)
2025-09-24 16:18:13 - ROBOTY.assigner - DEBUG - Операция 22 назначена роботу 0 (нагрузка: 249.99)
2025-09-24 16:18:13 - ROBOTY.assigner - DEBUG - Операция 23 назначена роботу 0 (нагрузка: 262.11)
2025-09-24 16:18:13 - ROBOTY.assigner - DEBUG - Операция 24 назначена роботу 0 (нагрузка: 270.42)
2025-09-24 16:18:13 - ROBOTY.assigner - DEBUG - Операция 25 назначена роботу 0 (нагрузка: 279.91)
2025-09-24 16:18:13 - ROBOTY.assigner - DEBUG - Операция 26 назначена роботу 0 (нагрузка: 288.11)
2025-09-24 16:18:13 - ROBOTY.assigner - DEBUG - Операция 27 назначена роботу 0 (нагрузка: 295.94)
2025-09-24 16:18:13 - ROBOTY.assigner - DEBUG - Операция 28 назначена роботу 0 (нагрузка: 305.92)
2025-09-24 16:18:13 - ROBOTY.assigner - DEBUG - Операция 29 назначена роботу 0 (нагрузка: 314.25)
2025-09-24 16:18:13 - ROBOTY.assigner - INFO - Распределено 30 операций с балансировкой нагрузки
2025-09-24 16:18:13 - ROBOTY.assigner - INFO - Итоговые нагрузки роботов: ['314.25']
2025-09-24 16:18:13 - ROBOTY.assigner - INFO - Робот 0: 30 операций, нагрузка 314.25
2025-09-24 16:18:13 - ROBOTY.planner - INFO - Операции назначены методом: balanced
2025-09-24 16:18:13 - ROBOTY.planner - INFO - Планирование траектории для робота 1 (ID: 1) с 30 операциями
2025-09-24 16:18:13 - ROBOTY.planner - DEBUG - Планирование траектории для робота с 30 операциями
2025-09-24 16:18:13 - ROBOTY.planner - DEBUG - Операция 1 запланирована, время завершения: 13.23
2025-09-24 16:18:13 - ROBOTY.planner - DEBUG - Операция 2 запланирована, время завершения: 25.21
2025-09-24 16:18:13 - ROBOTY.planner - DEBUG - Операция 3 запланирована, время завершения: 36.50
2025-09-24 16:18:13 - ROBOTY.planner - DEBUG - Операция 4 запланирована, время завершения: 46.08
2025-09-24 16:18:13 - ROBOTY.planner - DEBUG - Операция 5 запланирована, время завершения: 54.16
2025-09-24 16:18:13 - ROBOTY.planner - DEBUG - Операция 6 запланирована, время завершения: 61.77
2025-09-24 16:18:13 - ROBOTY.planner - DEBUG - Операция 7 запланирована, время завершения: 69.92
2025-09-24 16:18:13 - ROBOTY.planner - DEBUG - Операция 8 запланирована, время завершения: 83.52
2025-09-24 16:18:13 - ROBOTY.planner - DEBUG - Операция 9 запланирована, время завершения: 89.58
2025-09-24 16:18:13 - ROBOTY.planner - DEBUG - Операция 10 запланирована, время завершения: 99.12
2025-09-24 16:18:13 - ROBOTY.planner - DEBUG - Операция 11 запланирована, время завершения: 106.86
2025-09-24 16:18:13 - ROBOTY.planner - DEBUG - Операция 12 запланирована, время завершения: 116.11
2025-09-24 16:18:13 - ROBOTY.planner - DEBUG - Операция 13 запланирована, время завершения: 125.26
2025-09-24 16:18:13 - ROBOTY.planner - DEBUG - Операция 14 запланирована, время завершения: 137.50
2025-09-24 16:18:13 - ROBOTY.planner - DEBUG - Операция 15 запланирована, время завершения: 146.96
2025-09-24 16:18:13 - ROBOTY.planner - DEBUG - Операция 16 запланирована, время завершения: 162.03
2025-09-24 16:18:13 - ROBOTY.planner - DEBUG - Операция 17 запланирована, время завершения: 173.12
2025-09-24 16:18:13 - ROBOTY.planner - DEBUG - Операция 18 запланирована, время завершения: 189.43
2025-09-24 16:18:13 - ROBOTY.planner - DEBUG - Операция 19 запланирована, время завершения: 203.00
2025-09-24 16:18:13 - ROBOTY.planner - DEBUG - Операция 20 запланирована, время завершения: 213.54
2025-09-24 16:18:13 - ROBOTY.planner - DEBUG - Операция 21 запланирована, время завершения: 225.32
2025-09-24 16:18:13 - ROBOTY.planner - DEBUG - Операция 22 запланирована, время завершения: 240.79
2025-09-24 16:18:13 - ROBOTY.planner - DEBUG - Операция 23 запланирована, время завершения: 254.60
2025-09-24 16:18:13 - ROBOTY.planner - DEBUG - Операция 24 запланирована, время завершения: 264.04
2025-09-24 16:18:13 - ROBOTY.planner - DEBUG - Операция 25 запланирована, время завершения: 276.09
2025-09-24 16:18:13 - ROBOTY.planner - DEBUG - Операция 26 запланирована, время завершения: 284.00
2025-09-24 16:18:13 - ROBOTY.planner - DEBUG - Операция 27 запланирована, время завершения: 291.29
2025-09-24 16:18:13 - ROBOTY.planner - DEBUG - Операция 28 запланирована, время завершения: 297.79
2025-09-24 16:18:13 - ROBOTY.planner - DEBUG - Операция 29 запланирована, время завершения: 309.66
2025-09-24 16:18:13 - ROBOTY.planner - DEBUG - Операция 30 запланирована, время завершения: 319.81
2025-09-24 16:18:13 - ROBOTY.planner - INFO - Траектория робота запланирована, общее время: 319.81
2025-09-24 16:18:13 - ROBOTY.planner - INFO - Робот 1: траектория содержит 720 точек
2025-09-24 16:18:13 - ROBOTY.planner - INFO - Планирование завершено. Makespan: 319.81
2025-09-24 16:18:13 - ROBOTY.main - INFO - Планировщик успешно завершил работу
2025-09-24 16:18:13 - ROBOTY.collision - INFO - Начинаем детальную проверку коллизий
2025-09-24 16:18:13 - ROBOTY.collision - INFO - Недостаточно роботов для проверки коллизий
2025-09-24 16:18:13 - ROBOTY.main - INFO - Коллизий не обнаружено
2025-09-24 16:18:14 - ROBOTY.main - INFO - Открытие визуализатора
2025-09-24 16:18:14 - ROBOTY.main - INFO - Визуализация успешно завершена
2025-09-24 16:18:14 - ROBOTY.visualizer - INFO - Запуск визуализации типа: 3d_anim
2025-09-24 16:18:14 - ROBOTY.visualizer - INFO - Создание 3D анимации траекторий
2025-09-24 16:18:14 - ROBOTY.visualizer - INFO - Создание 3D визуализации траекторий
2025-09-24 16:18:14 - ROBOTY.visualizer - INFO - 3D визуализация создана
2025-09-24 16:18:14 - ROBOTY.mesh_loader - INFO - Hand definition загружен: C:\Users\79518\OneDrive\Рабочий стол\Конкурс\Улучшения.txt, вершин=0, сегментов=0, точек=0
