2025-09-27 09:33:22 - ROBOTY.main - INFO - Запуск приложения ROBOTY
2025-09-27 09:33:22 - ROBOTY.main - INFO - Применена тема: dark
2025-09-27 09:33:22 - ROBOTY.main - INFO - Интерфейс инициализирован
2025-09-27 09:33:23 - ROBOTY.main - INFO - Приложение успешно запущено
2025-09-27 09:33:58 - ROBOTY.main - INFO - Создан входной файл: C:\Users\22200490\.cursor\ROBOTY-main\data\input_20250927_093325.json
2025-09-27 09:33:58 - ROBOTY.parser - INFO - Начинаем загрузку файла: C:\Users\22200490\.cursor\ROBOTY-main\data\input_20250927_093325.json
2025-09-27 09:33:58 - ROBOTY.parser - INFO - Файл C:\Users\22200490\.cursor\ROBOTY-main\data\input_20250927_093325.json успешно загружен
2025-09-27 09:33:58 - ROBOTY.parser - DEBUG - Робот 1 успешно загружен
2025-09-27 09:33:58 - ROBOTY.parser - DEBUG - Робот 2 успешно загружен
2025-09-27 09:33:58 - ROBOTY.parser - DEBUG - Робот 3 успешно загружен
2025-09-27 09:33:58 - ROBOTY.parser - DEBUG - Операция 1 успешно загружена
2025-09-27 09:33:58 - ROBOTY.parser - DEBUG - Операция 2 успешно загружена
2025-09-27 09:33:58 - ROBOTY.parser - DEBUG - Операция 3 успешно загружена
2025-09-27 09:33:58 - ROBOTY.parser - DEBUG - Операция 4 успешно загружена
2025-09-27 09:33:58 - ROBOTY.parser - DEBUG - Операция 5 успешно загружена
2025-09-27 09:33:58 - ROBOTY.parser - DEBUG - Операция 6 успешно загружена
2025-09-27 09:33:58 - ROBOTY.parser - DEBUG - Операция 7 успешно загружена
2025-09-27 09:33:58 - ROBOTY.parser - DEBUG - Операция 8 успешно загружена
2025-09-27 09:33:58 - ROBOTY.parser - DEBUG - Операция 9 успешно загружена
2025-09-27 09:33:58 - ROBOTY.parser - DEBUG - Операция 10 успешно загружена
2025-09-27 09:33:58 - ROBOTY.parser - DEBUG - Операция 11 успешно загружена
2025-09-27 09:33:58 - ROBOTY.parser - DEBUG - Операция 12 успешно загружена
2025-09-27 09:33:58 - ROBOTY.parser - DEBUG - Операция 13 успешно загружена
2025-09-27 09:33:58 - ROBOTY.parser - DEBUG - Операция 14 успешно загружена
2025-09-27 09:33:58 - ROBOTY.parser - DEBUG - Операция 15 успешно загружена
2025-09-27 09:33:58 - ROBOTY.parser - DEBUG - Операция 16 успешно загружена
2025-09-27 09:33:58 - ROBOTY.parser - DEBUG - Операция 17 успешно загружена
2025-09-27 09:33:58 - ROBOTY.parser - DEBUG - Операция 18 успешно загружена
2025-09-27 09:33:58 - ROBOTY.parser - DEBUG - Операция 19 успешно загружена
2025-09-27 09:33:58 - ROBOTY.parser - DEBUG - Операция 20 успешно загружена
2025-09-27 09:33:58 - ROBOTY.parser - DEBUG - Операция 21 успешно загружена
2025-09-27 09:33:58 - ROBOTY.parser - DEBUG - Операция 22 успешно загружена
2025-09-27 09:33:58 - ROBOTY.parser - DEBUG - Операция 23 успешно загружена
2025-09-27 09:33:58 - ROBOTY.parser - DEBUG - Операция 24 успешно загружена
2025-09-27 09:33:58 - ROBOTY.parser - DEBUG - Операция 25 успешно загружена
2025-09-27 09:33:58 - ROBOTY.parser - DEBUG - Операция 26 успешно загружена
2025-09-27 09:33:58 - ROBOTY.parser - DEBUG - Операция 27 успешно загружена
2025-09-27 09:33:58 - ROBOTY.parser - DEBUG - Операция 28 успешно загружена
2025-09-27 09:33:58 - ROBOTY.parser - DEBUG - Операция 29 успешно загружена
2025-09-27 09:33:58 - ROBOTY.parser - DEBUG - Операция 30 успешно загружена
2025-09-27 09:33:58 - ROBOTY.parser - INFO - Загружено 3 роботов и 30 операций
2025-09-27 09:34:03 - ROBOTY.main - INFO - Запуск планировщика
2025-09-27 09:34:03 - ROBOTY.planner - INFO - Запуск планировщика траекторий
2025-09-27 09:34:03 - ROBOTY.assigner - INFO - Начинаем назначение операций методом: balanced
2025-09-27 09:34:03 - ROBOTY.assigner - DEBUG - Операция 0 назначена роботу 2 (нагрузка: 6.74)
2025-09-27 09:34:03 - ROBOTY.assigner - DEBUG - Операция 1 назначена роботу 0 (нагрузка: 8.54)
2025-09-27 09:34:03 - ROBOTY.assigner - DEBUG - Операция 2 назначена роботу 1 (нагрузка: 7.29)
2025-09-27 09:34:03 - ROBOTY.assigner - DEBUG - Операция 3 назначена роботу 2 (нагрузка: 18.11)
2025-09-27 09:34:03 - ROBOTY.assigner - DEBUG - Операция 4 назначена роботу 1 (нагрузка: 17.68)
2025-09-27 09:34:03 - ROBOTY.assigner - DEBUG - Операция 5 назначена роботу 0 (нагрузка: 18.78)
2025-09-27 09:34:03 - ROBOTY.assigner - DEBUG - Операция 6 назначена роботу 2 (нагрузка: 22.57)
2025-09-27 09:34:03 - ROBOTY.assigner - DEBUG - Операция 7 назначена роботу 0 (нагрузка: 29.04)
2025-09-27 09:34:03 - ROBOTY.assigner - DEBUG - Операция 8 назначена роботу 2 (нагрузка: 29.63)
2025-09-27 09:34:03 - ROBOTY.assigner - DEBUG - Операция 9 назначена роботу 1 (нагрузка: 34.98)
2025-09-27 09:34:03 - ROBOTY.assigner - DEBUG - Операция 10 назначена роботу 0 (нагрузка: 37.73)
2025-09-27 09:34:03 - ROBOTY.assigner - DEBUG - Операция 11 назначена роботу 2 (нагрузка: 35.97)
2025-09-27 09:34:03 - ROBOTY.assigner - DEBUG - Операция 12 назначена роботу 2 (нагрузка: 40.38)
2025-09-27 09:34:03 - ROBOTY.assigner - DEBUG - Операция 13 назначена роботу 0 (нагрузка: 44.72)
2025-09-27 09:34:03 - ROBOTY.assigner - DEBUG - Операция 14 назначена роботу 1 (нагрузка: 45.67)
2025-09-27 09:34:03 - ROBOTY.assigner - DEBUG - Операция 15 назначена роботу 2 (нагрузка: 52.04)
2025-09-27 09:34:03 - ROBOTY.assigner - DEBUG - Операция 16 назначена роботу 0 (нагрузка: 59.28)
2025-09-27 09:34:03 - ROBOTY.assigner - DEBUG - Операция 17 назначена роботу 2 (нагрузка: 56.84)
2025-09-27 09:34:03 - ROBOTY.assigner - DEBUG - Операция 18 назначена роботу 1 (нагрузка: 60.30)
2025-09-27 09:34:03 - ROBOTY.assigner - DEBUG - Операция 19 назначена роботу 0 (нагрузка: 65.24)
2025-09-27 09:34:03 - ROBOTY.assigner - DEBUG - Операция 20 назначена роботу 2 (нагрузка: 63.79)
2025-09-27 09:34:03 - ROBOTY.assigner - DEBUG - Операция 21 назначена роботу 1 (нагрузка: 69.30)
2025-09-27 09:34:03 - ROBOTY.assigner - DEBUG - Операция 22 назначена роботу 2 (нагрузка: 67.43)
2025-09-27 09:34:03 - ROBOTY.assigner - DEBUG - Операция 23 назначена роботу 0 (нагрузка: 71.42)
2025-09-27 09:34:03 - ROBOTY.assigner - DEBUG - Операция 24 назначена роботу 2 (нагрузка: 73.00)
2025-09-27 09:34:03 - ROBOTY.assigner - DEBUG - Операция 25 назначена роботу 0 (нагрузка: 78.77)
2025-09-27 09:34:03 - ROBOTY.assigner - DEBUG - Операция 26 назначена роботу 1 (нагрузка: 76.76)
2025-09-27 09:34:03 - ROBOTY.assigner - DEBUG - Операция 27 назначена роботу 2 (нагрузка: 80.85)
2025-09-27 09:34:03 - ROBOTY.assigner - DEBUG - Операция 28 назначена роботу 2 (нагрузка: 87.43)
2025-09-27 09:34:03 - ROBOTY.assigner - DEBUG - Операция 29 назначена роботу 0 (нагрузка: 85.89)
2025-09-27 09:34:03 - ROBOTY.assigner - INFO - Распределено 30 операций с балансировкой нагрузки
2025-09-27 09:34:03 - ROBOTY.assigner - INFO - Итоговые нагрузки роботов: ['85.89', '76.76', '87.43']
2025-09-27 09:34:03 - ROBOTY.assigner - INFO - Робот 0: 10 операций, нагрузка 85.89
2025-09-27 09:34:03 - ROBOTY.assigner - INFO - Робот 1: 7 операций, нагрузка 76.76
2025-09-27 09:34:03 - ROBOTY.assigner - INFO - Робот 2: 13 операций, нагрузка 87.43
2025-09-27 09:34:03 - ROBOTY.planner - INFO - Операции назначены методом: balanced
2025-09-27 09:34:03 - ROBOTY.planner - INFO - Планирование траектории для робота 1 (ID: 1) с 10 операциями
2025-09-27 09:34:03 - ROBOTY.planner - DEBUG - Планирование траектории для робота с 10 операциями
2025-09-27 09:34:03 - ROBOTY.planner - DEBUG - Операция 1 запланирована, время завершения: 10.00
2025-09-27 09:34:03 - ROBOTY.planner - DEBUG - Операция 2 запланирована, время завершения: 19.68
2025-09-27 09:34:03 - ROBOTY.planner - DEBUG - Операция 3 запланирована, время завершения: 31.11
2025-09-27 09:34:03 - ROBOTY.planner - DEBUG - Операция 4 запланирована, время завершения: 41.09
2025-09-27 09:34:03 - ROBOTY.planner - DEBUG - Операция 5 запланирована, время завершения: 54.59
2025-09-27 09:34:03 - ROBOTY.planner - DEBUG - Операция 6 запланирована, время завершения: 70.26
2025-09-27 09:34:03 - ROBOTY.planner - DEBUG - Операция 7 запланирована, время завершения: 76.56
2025-09-27 09:34:03 - ROBOTY.planner - DEBUG - Операция 8 запланирована, время завершения: 83.22
2025-09-27 09:34:03 - ROBOTY.planner - DEBUG - Операция 9 запланирована, время завершения: 89.39
2025-09-27 09:34:03 - ROBOTY.planner - DEBUG - Операция 10 запланирована, время завершения: 99.45
2025-09-27 09:34:03 - ROBOTY.planner - INFO - Траектория робота запланирована, общее время: 99.45
2025-09-27 09:34:03 - ROBOTY.planner - INFO - Робот 1: траектория содержит 240 точек
2025-09-27 09:34:03 - ROBOTY.planner - INFO - Планирование траектории для робота 2 (ID: 2) с 7 операциями
2025-09-27 09:34:03 - ROBOTY.planner - DEBUG - Планирование траектории для робота с 7 операциями
2025-09-27 09:34:03 - ROBOTY.planner - DEBUG - Операция 1 запланирована, время завершения: 8.88
2025-09-27 09:34:03 - ROBOTY.planner - DEBUG - Операция 2 запланирована, время завершения: 25.66
2025-09-27 09:34:03 - ROBOTY.planner - DEBUG - Операция 3 запланирована, время завершения: 41.47
2025-09-27 09:34:03 - ROBOTY.planner - DEBUG - Операция 4 запланирована, время завершения: 53.75
2025-09-27 09:34:03 - ROBOTY.planner - DEBUG - Операция 5 запланирована, время завершения: 66.37
2025-09-27 09:34:03 - ROBOTY.planner - DEBUG - Операция 6 запланирована, время завершения: 78.61
2025-09-27 09:34:03 - ROBOTY.planner - DEBUG - Операция 7 запланирована, время завершения: 86.28
2025-09-27 09:34:03 - ROBOTY.planner - INFO - Траектория робота запланирована, общее время: 86.28
2025-09-27 09:34:03 - ROBOTY.planner - INFO - Робот 2: траектория содержит 168 точек
2025-09-27 09:34:03 - ROBOTY.planner - INFO - Планирование траектории для робота 3 (ID: 3) с 13 операциями
2025-09-27 09:34:03 - ROBOTY.planner - DEBUG - Планирование траектории для робота с 13 операциями
2025-09-27 09:34:03 - ROBOTY.planner - DEBUG - Операция 1 запланирована, время завершения: 9.09
2025-09-27 09:34:03 - ROBOTY.planner - DEBUG - Операция 2 запланирована, время завершения: 23.69
2025-09-27 09:34:03 - ROBOTY.planner - DEBUG - Операция 3 запланирована, время завершения: 31.10
2025-09-27 09:34:03 - ROBOTY.planner - DEBUG - Операция 4 запланирована, время завершения: 39.53
2025-09-27 09:34:03 - ROBOTY.planner - DEBUG - Операция 5 запланирована, время завершения: 52.51
2025-09-27 09:34:03 - ROBOTY.planner - DEBUG - Операция 6 запланирована, время завершения: 60.03
2025-09-27 09:34:03 - ROBOTY.planner - DEBUG - Операция 7 запланирована, время завершения: 73.27
2025-09-27 09:34:03 - ROBOTY.planner - DEBUG - Операция 8 запланирована, время завершения: 79.77
2025-09-27 09:34:03 - ROBOTY.planner - DEBUG - Операция 9 запланирована, время завершения: 89.59
2025-09-27 09:34:03 - ROBOTY.planner - DEBUG - Операция 10 запланирована, время завершения: 97.14
2025-09-27 09:34:03 - ROBOTY.planner - DEBUG - Операция 11 запланирована, время завершения: 107.13
2025-09-27 09:34:03 - ROBOTY.planner - DEBUG - Операция 12 запланирована, время завершения: 116.87
2025-09-27 09:34:03 - ROBOTY.planner - DEBUG - Операция 13 запланирована, время завершения: 127.33
2025-09-27 09:34:03 - ROBOTY.planner - INFO - Траектория робота запланирована, общее время: 127.33
2025-09-27 09:34:03 - ROBOTY.planner - INFO - Робот 3: траектория содержит 312 точек
2025-09-27 09:34:03 - ROBOTY.planner - INFO - Планирование завершено. Makespan: 127.33
2025-09-27 09:34:03 - ROBOTY.main - INFO - Планировщик успешно завершил работу
2025-09-27 09:34:03 - ROBOTY.collision - INFO - Начинаем детальную проверку коллизий
2025-09-27 09:34:03 - ROBOTY.collision - DEBUG - Проверяем коллизии в диапазоне времени: 0.00 - 127.33
2025-09-27 09:34:03 - ROBOTY.collision - WARNING - Коллизия: роботы 1 и 2 в 80.60s, расстояние: 0.476, требуется: 0.500
2025-09-27 09:34:03 - ROBOTY.collision - WARNING - Коллизия: роботы 1 и 3 в 109.80s, расстояние: 0.493, требуется: 0.500
2025-09-27 09:34:03 - ROBOTY.collision - WARNING - Коллизия: роботы 1 и 3 в 109.90s, расстояние: 0.441, требуется: 0.500
2025-09-27 09:34:03 - ROBOTY.collision - WARNING - Коллизия: роботы 1 и 3 в 110.00s, расстояние: 0.425, требуется: 0.500
2025-09-27 09:34:03 - ROBOTY.collision - WARNING - Коллизия: роботы 1 и 3 в 110.10s, расстояние: 0.448, требуется: 0.500
2025-09-27 09:34:04 - ROBOTY.collision - ERROR - Обнаружено 5 коллизий
2025-09-27 09:34:04 - ROBOTY.main - WARNING - Обнаружено 5 коллизий, применяем онлайн-безопасность
2025-09-27 09:34:04 - ROBOTY.safety - INFO - Применяем онлайн-безопасность: вставка пауз при коллизиях
2025-09-27 09:34:04 - ROBOTY.collision - INFO - Начинаем детальную проверку коллизий
2025-09-27 09:34:04 - ROBOTY.collision - DEBUG - Проверяем коллизии в диапазоне времени: 0.00 - 127.33
2025-09-27 09:34:04 - ROBOTY.collision - WARNING - Коллизия: роботы 1 и 2 в 80.55s, расстояние: 0.480, требуется: 0.500
2025-09-27 09:34:04 - ROBOTY.collision - WARNING - Коллизия: роботы 1 и 2 в 80.60s, расстояние: 0.476, требуется: 0.500
2025-09-27 09:34:04 - ROBOTY.collision - WARNING - Коллизия: роботы 1 и 2 в 80.65s, расстояние: 0.496, требуется: 0.500
2025-09-27 09:34:04 - ROBOTY.collision - WARNING - Коллизия: роботы 1 и 3 в 109.80s, расстояние: 0.493, требуется: 0.500
2025-09-27 09:34:04 - ROBOTY.collision - WARNING - Коллизия: роботы 1 и 3 в 109.85s, расстояние: 0.463, требуется: 0.500
2025-09-27 09:34:04 - ROBOTY.collision - WARNING - Коллизия: роботы 1 и 3 в 109.90s, расстояние: 0.441, требуется: 0.500
2025-09-27 09:34:04 - ROBOTY.collision - WARNING - Коллизия: роботы 1 и 3 в 109.95s, расстояние: 0.428, требуется: 0.500
2025-09-27 09:34:04 - ROBOTY.collision - WARNING - Коллизия: роботы 1 и 3 в 110.00s, расстояние: 0.425, требуется: 0.500
2025-09-27 09:34:04 - ROBOTY.collision - WARNING - Коллизия: роботы 1 и 3 в 110.05s, расстояние: 0.432, требуется: 0.500
2025-09-27 09:34:04 - ROBOTY.collision - WARNING - Коллизия: роботы 1 и 3 в 110.10s, расстояние: 0.448, требуется: 0.500
2025-09-27 09:34:04 - ROBOTY.collision - WARNING - Коллизия: роботы 1 и 3 в 110.15s, расстояние: 0.474, требуется: 0.500
2025-09-27 09:34:04 - ROBOTY.collision - ERROR - Обнаружено 11 коллизий
2025-09-27 09:34:04 - ROBOTY.safety - DEBUG - Добавлена пауза 0.60s роботу 1 в t=80.55s
2025-09-27 09:34:04 - ROBOTY.safety - DEBUG - Добавлена пауза 0.60s роботу 2 в t=80.55s
2025-09-27 09:34:04 - ROBOTY.safety - DEBUG - Добавлена пауза 0.60s роботу 1 в t=80.60s
2025-09-27 09:34:04 - ROBOTY.safety - DEBUG - Добавлена пауза 0.60s роботу 2 в t=80.60s
2025-09-27 09:34:04 - ROBOTY.safety - DEBUG - Добавлена пауза 0.60s роботу 1 в t=80.65s
2025-09-27 09:34:04 - ROBOTY.safety - DEBUG - Добавлена пауза 0.60s роботу 2 в t=80.65s
2025-09-27 09:34:04 - ROBOTY.safety - DEBUG - Добавлена пауза 0.60s роботу 1 в t=109.80s
2025-09-27 09:34:04 - ROBOTY.safety - DEBUG - Добавлена пауза 0.60s роботу 3 в t=109.80s
2025-09-27 09:34:04 - ROBOTY.safety - DEBUG - Добавлена пауза 0.60s роботу 1 в t=109.85s
2025-09-27 09:34:04 - ROBOTY.safety - DEBUG - Добавлена пауза 0.60s роботу 3 в t=109.85s
2025-09-27 09:34:04 - ROBOTY.safety - DEBUG - Добавлена пауза 0.60s роботу 1 в t=109.90s
2025-09-27 09:34:04 - ROBOTY.safety - DEBUG - Добавлена пауза 0.60s роботу 3 в t=109.90s
2025-09-27 09:34:04 - ROBOTY.safety - DEBUG - Добавлена пауза 0.60s роботу 1 в t=109.95s
2025-09-27 09:34:04 - ROBOTY.safety - DEBUG - Добавлена пауза 0.60s роботу 3 в t=109.95s
2025-09-27 09:34:04 - ROBOTY.safety - DEBUG - Добавлена пауза 0.60s роботу 1 в t=110.00s
2025-09-27 09:34:04 - ROBOTY.safety - DEBUG - Добавлена пауза 0.60s роботу 3 в t=110.00s
2025-09-27 09:34:04 - ROBOTY.safety - DEBUG - Добавлена пауза 0.60s роботу 1 в t=110.05s
2025-09-27 09:34:04 - ROBOTY.safety - DEBUG - Добавлена пауза 0.60s роботу 3 в t=110.05s
2025-09-27 09:34:04 - ROBOTY.safety - DEBUG - Добавлена пауза 0.60s роботу 1 в t=110.10s
2025-09-27 09:34:04 - ROBOTY.safety - DEBUG - Добавлена пауза 0.60s роботу 3 в t=110.10s
2025-09-27 09:34:04 - ROBOTY.safety - DEBUG - Добавлена пауза 0.60s роботу 1 в t=110.15s
2025-09-27 09:34:04 - ROBOTY.safety - DEBUG - Добавлена пауза 0.60s роботу 3 в t=110.15s
2025-09-27 09:34:04 - ROBOTY.safety - INFO - Онлайн-безопасность применена: паузы вставлены
2025-09-27 09:34:04 - ROBOTY.collision - INFO - Начинаем детальную проверку коллизий
2025-09-27 09:34:04 - ROBOTY.collision - DEBUG - Проверяем коллизии в диапазоне времени: 0.00 - 132.13
2025-09-27 09:34:04 - ROBOTY.collision - WARNING - Коллизия: роботы 1 и 2 в 80.60s, расстояние: 0.480, требуется: 0.500
2025-09-27 09:34:04 - ROBOTY.collision - WARNING - Коллизия: роботы 1 и 2 в 80.70s, расстояние: 0.480, требуется: 0.500
2025-09-27 09:34:04 - ROBOTY.collision - WARNING - Коллизия: роботы 1 и 2 в 80.80s, расстояние: 0.480, требуется: 0.500
2025-09-27 09:34:04 - ROBOTY.collision - WARNING - Коллизия: роботы 1 и 2 в 80.90s, расстояние: 0.480, требуется: 0.500
2025-09-27 09:34:04 - ROBOTY.collision - WARNING - Коллизия: роботы 1 и 2 в 81.00s, расстояние: 0.480, требуется: 0.500
2025-09-27 09:34:04 - ROBOTY.collision - WARNING - Коллизия: роботы 1 и 2 в 81.10s, расстояние: 0.480, требуется: 0.500
2025-09-27 09:34:04 - ROBOTY.collision - WARNING - Коллизия: роботы 1 и 2 в 81.20s, расстояние: 0.480, требуется: 0.500
2025-09-27 09:34:04 - ROBOTY.collision - WARNING - Коллизия: роботы 1 и 2 в 81.30s, расстояние: 0.480, требуется: 0.500
2025-09-27 09:34:04 - ROBOTY.collision - WARNING - Коллизия: роботы 1 и 2 в 81.40s, расстояние: 0.480, требуется: 0.500
2025-09-27 09:34:04 - ROBOTY.collision - WARNING - Коллизия: роботы 1 и 2 в 81.50s, расстояние: 0.480, требуется: 0.500
2025-09-27 09:34:04 - ROBOTY.collision - WARNING - Коллизия: роботы 1 и 2 в 81.60s, расстояние: 0.480, требуется: 0.500
2025-09-27 09:34:04 - ROBOTY.collision - WARNING - Коллизия: роботы 1 и 2 в 81.70s, расстояние: 0.480, требуется: 0.500
2025-09-27 09:34:04 - ROBOTY.collision - WARNING - Коллизия: роботы 1 и 2 в 81.80s, расстояние: 0.480, требуется: 0.500
2025-09-27 09:34:04 - ROBOTY.collision - WARNING - Коллизия: роботы 1 и 2 в 81.90s, расстояние: 0.480, требуется: 0.500
2025-09-27 09:34:04 - ROBOTY.collision - WARNING - Коллизия: роботы 1 и 2 в 82.00s, расстояние: 0.480, требуется: 0.500
2025-09-27 09:34:04 - ROBOTY.collision - WARNING - Коллизия: роботы 1 и 2 в 82.10s, расстояние: 0.480, требуется: 0.500
2025-09-27 09:34:04 - ROBOTY.collision - WARNING - Коллизия: роботы 1 и 2 в 82.20s, расстояние: 0.480, требуется: 0.500
2025-09-27 09:34:04 - ROBOTY.collision - WARNING - Коллизия: роботы 1 и 2 в 82.30s, расстояние: 0.480, требуется: 0.500
2025-09-27 09:34:04 - ROBOTY.collision - WARNING - Коллизия: роботы 1 и 2 в 82.40s, расстояние: 0.476, требуется: 0.500
2025-09-27 09:34:04 - ROBOTY.collision - WARNING - Коллизия: роботы 1 и 3 в 109.80s, расстояние: 0.493, требуется: 0.500
2025-09-27 09:34:04 - ROBOTY.collision - WARNING - Коллизия: роботы 1 и 3 в 109.90s, расстояние: 0.493, требуется: 0.500
2025-09-27 09:34:04 - ROBOTY.collision - WARNING - Коллизия: роботы 1 и 3 в 110.00s, расстояние: 0.493, требуется: 0.500
2025-09-27 09:34:04 - ROBOTY.collision - WARNING - Коллизия: роботы 1 и 3 в 110.10s, расстояние: 0.493, требуется: 0.500
2025-09-27 09:34:04 - ROBOTY.collision - WARNING - Коллизия: роботы 1 и 3 в 110.20s, расстояние: 0.493, требуется: 0.500
2025-09-27 09:34:04 - ROBOTY.collision - WARNING - Коллизия: роботы 1 и 3 в 110.30s, расстояние: 0.493, требуется: 0.500
2025-09-27 09:34:04 - ROBOTY.collision - WARNING - Коллизия: роботы 1 и 3 в 110.40s, расстояние: 0.493, требуется: 0.500
2025-09-27 09:34:04 - ROBOTY.collision - WARNING - Коллизия: роботы 1 и 3 в 110.50s, расстояние: 0.493, требуется: 0.500
2025-09-27 09:34:04 - ROBOTY.collision - WARNING - Коллизия: роботы 1 и 3 в 110.60s, расстояние: 0.493, требуется: 0.500
2025-09-27 09:34:04 - ROBOTY.collision - WARNING - Коллизия: роботы 1 и 3 в 110.70s, расстояние: 0.493, требуется: 0.500
2025-09-27 09:34:04 - ROBOTY.collision - WARNING - Коллизия: роботы 1 и 3 в 110.80s, расстояние: 0.493, требуется: 0.500
2025-09-27 09:34:04 - ROBOTY.collision - WARNING - Коллизия: роботы 1 и 3 в 110.90s, расстояние: 0.493, требуется: 0.500
2025-09-27 09:34:04 - ROBOTY.collision - WARNING - Коллизия: роботы 1 и 3 в 111.00s, расстояние: 0.493, требуется: 0.500
2025-09-27 09:34:04 - ROBOTY.collision - WARNING - Коллизия: роботы 1 и 3 в 111.10s, расстояние: 0.493, требуется: 0.500
2025-09-27 09:34:04 - ROBOTY.collision - WARNING - Коллизия: роботы 1 и 3 в 111.20s, расстояние: 0.493, требуется: 0.500
2025-09-27 09:34:04 - ROBOTY.collision - WARNING - Коллизия: роботы 1 и 3 в 111.30s, расстояние: 0.493, требуется: 0.500
2025-09-27 09:34:04 - ROBOTY.collision - WARNING - Коллизия: роботы 1 и 3 в 111.40s, расстояние: 0.493, требуется: 0.500
2025-09-27 09:34:04 - ROBOTY.collision - WARNING - Коллизия: роботы 1 и 3 в 111.50s, расстояние: 0.493, требуется: 0.500
2025-09-27 09:34:04 - ROBOTY.collision - WARNING - Коллизия: роботы 1 и 3 в 111.60s, расстояние: 0.493, требуется: 0.500
2025-09-27 09:34:04 - ROBOTY.collision - WARNING - Коллизия: роботы 1 и 3 в 111.70s, расстояние: 0.493, требуется: 0.500
2025-09-27 09:34:04 - ROBOTY.collision - WARNING - Коллизия: роботы 1 и 3 в 111.80s, расстояние: 0.493, требуется: 0.500
2025-09-27 09:34:04 - ROBOTY.collision - WARNING - Коллизия: роботы 1 и 3 в 111.90s, расстояние: 0.493, требуется: 0.500
2025-09-27 09:34:04 - ROBOTY.collision - WARNING - Коллизия: роботы 1 и 3 в 112.00s, расстояние: 0.493, требуется: 0.500
2025-09-27 09:34:04 - ROBOTY.collision - WARNING - Коллизия: роботы 1 и 3 в 112.10s, расстояние: 0.493, требуется: 0.500
2025-09-27 09:34:04 - ROBOTY.collision - WARNING - Коллизия: роботы 1 и 3 в 112.20s, расстояние: 0.493, требуется: 0.500
2025-09-27 09:34:04 - ROBOTY.collision - WARNING - Коллизия: роботы 1 и 3 в 112.30s, расстояние: 0.493, требуется: 0.500
2025-09-27 09:34:04 - ROBOTY.collision - WARNING - Коллизия: роботы 1 и 3 в 112.40s, расстояние: 0.493, требуется: 0.500
2025-09-27 09:34:04 - ROBOTY.collision - WARNING - Коллизия: роботы 1 и 3 в 112.50s, расстояние: 0.493, требуется: 0.500
2025-09-27 09:34:04 - ROBOTY.collision - WARNING - Коллизия: роботы 1 и 3 в 112.60s, расстояние: 0.493, требуется: 0.500
2025-09-27 09:34:04 - ROBOTY.collision - WARNING - Коллизия: роботы 1 и 3 в 112.70s, расстояние: 0.493, требуется: 0.500
2025-09-27 09:34:04 - ROBOTY.collision - WARNING - Коллизия: роботы 1 и 3 в 112.80s, расстояние: 0.493, требуется: 0.500
2025-09-27 09:34:04 - ROBOTY.collision - WARNING - Коллизия: роботы 1 и 3 в 112.90s, расстояние: 0.493, требуется: 0.500
2025-09-27 09:34:04 - ROBOTY.collision - WARNING - Коллизия: роботы 1 и 3 в 113.00s, расстояние: 0.493, требуется: 0.500
2025-09-27 09:34:04 - ROBOTY.collision - WARNING - Коллизия: роботы 1 и 3 в 113.10s, расстояние: 0.493, требуется: 0.500
2025-09-27 09:34:04 - ROBOTY.collision - WARNING - Коллизия: роботы 1 и 3 в 113.20s, расстояние: 0.493, требуется: 0.500
2025-09-27 09:34:04 - ROBOTY.collision - WARNING - Коллизия: роботы 1 и 3 в 113.30s, расстояние: 0.493, требуется: 0.500
2025-09-27 09:34:04 - ROBOTY.collision - WARNING - Коллизия: роботы 1 и 3 в 113.40s, расстояние: 0.493, требуется: 0.500
2025-09-27 09:34:04 - ROBOTY.collision - WARNING - Коллизия: роботы 1 и 3 в 113.50s, расстояние: 0.493, требуется: 0.500
2025-09-27 09:34:04 - ROBOTY.collision - WARNING - Коллизия: роботы 1 и 3 в 113.60s, расстояние: 0.493, требуется: 0.500
2025-09-27 09:34:04 - ROBOTY.collision - WARNING - Коллизия: роботы 1 и 3 в 113.70s, расстояние: 0.493, требуется: 0.500
2025-09-27 09:34:04 - ROBOTY.collision - WARNING - Коллизия: роботы 1 и 3 в 113.80s, расстояние: 0.493, требуется: 0.500
2025-09-27 09:34:04 - ROBOTY.collision - WARNING - Коллизия: роботы 1 и 3 в 113.90s, расстояние: 0.493, требуется: 0.500
2025-09-27 09:34:04 - ROBOTY.collision - WARNING - Коллизия: роботы 1 и 3 в 114.00s, расстояние: 0.493, требуется: 0.500
2025-09-27 09:34:04 - ROBOTY.collision - WARNING - Коллизия: роботы 1 и 3 в 114.10s, расстояние: 0.493, требуется: 0.500
2025-09-27 09:34:04 - ROBOTY.collision - WARNING - Коллизия: роботы 1 и 3 в 114.20s, расстояние: 0.493, требуется: 0.500
2025-09-27 09:34:04 - ROBOTY.collision - WARNING - Коллизия: роботы 1 и 3 в 114.30s, расстояние: 0.493, требуется: 0.500
2025-09-27 09:34:04 - ROBOTY.collision - WARNING - Коллизия: роботы 1 и 3 в 114.40s, расстояние: 0.493, требуется: 0.500
2025-09-27 09:34:04 - ROBOTY.collision - WARNING - Коллизия: роботы 1 и 3 в 114.50s, расстояние: 0.493, требуется: 0.500
2025-09-27 09:34:04 - ROBOTY.collision - WARNING - Коллизия: роботы 1 и 3 в 114.60s, расстояние: 0.493, требуется: 0.500
2025-09-27 09:34:04 - ROBOTY.collision - WARNING - Коллизия: роботы 1 и 3 в 114.70s, расстояние: 0.441, требуется: 0.500
2025-09-27 09:34:04 - ROBOTY.collision - WARNING - Коллизия: роботы 1 и 3 в 114.80s, расстояние: 0.425, требуется: 0.500
2025-09-27 09:34:04 - ROBOTY.collision - WARNING - Коллизия: роботы 1 и 3 в 114.90s, расстояние: 0.448, требуется: 0.500
2025-09-27 09:34:04 - ROBOTY.collision - ERROR - Обнаружено 71 коллизий
2025-09-27 09:34:04 - ROBOTY.main - WARNING - Коллизии сохраняются после вставки пауз
2025-09-27 09:34:06 - ROBOTY.main - INFO - Открытие визуализатора
2025-09-27 09:34:06 - ROBOTY.main - INFO - Визуализация успешно завершена
2025-09-27 09:34:06 - ROBOTY.visualizer - INFO - Запуск визуализации типа: 3d
2025-09-27 09:34:06 - ROBOTY.visualizer - INFO - Создание 3D визуализации траекторий
2025-09-27 09:34:06 - ROBOTY.visualizer - INFO - 3D визуализация создана
2025-09-27 09:34:07 - ROBOTY.visualizer - INFO - Визуализация записана во временный файл: C:\Users\22200490\AppData\Local\Temp\tmpl2sqnuft_viz_3d.html
2025-09-27 09:34:08 - ROBOTY.visualizer - INFO - Визуализация открыта в браузере из временного файла
2025-09-27 09:34:08 - ROBOTY.main - INFO - Визуализация успешно завершена (в фоне, временный файл будет удалён автоматически)
2025-09-27 09:34:43 - ROBOTY.visualizer - INFO - Временный файл визуализации удалён: C:\Users\22200490\AppData\Local\Temp\tmpl2sqnuft_viz_3d.html
