2025-09-20 12:25:33 - ROBOTY.main - INFO - Запуск приложения ROBOTY
2025-09-20 12:25:33 - ROBOTY.main - INFO - Интерфейс инициализирован
2025-09-20 12:25:34 - ROBOTY.main - INFO - Приложение успешно запущено
2025-09-20 12:26:30 - ROBOTY.main - INFO - Начинаем загрузку файла
2025-09-20 12:26:36 - ROBOTY.main - INFO - Загружаем файл: C:/Users/22200490/.cursor/ROBOTY/ROBOTY/data/test_scenario_complex.json
2025-09-20 12:26:36 - ROBOTY.parser - INFO - Начинаем загрузку файла: C:/Users/22200490/.cursor/ROBOTY/ROBOTY/data/test_scenario_complex.json
2025-09-20 12:26:36 - ROBOTY.parser - INFO - Файл C:/Users/22200490/.cursor/ROBOTY/ROBOTY/data/test_scenario_complex.json успешно загружен
2025-09-20 12:26:36 - ROBOTY.parser - DEBUG - Робот 1 успешно загружен
2025-09-20 12:26:36 - ROBOTY.parser - DEBUG - Робот 2 успешно загружен
2025-09-20 12:26:36 - ROBOTY.parser - DEBUG - Робот 3 успешно загружен
2025-09-20 12:26:36 - ROBOTY.parser - DEBUG - Операция 1 успешно загружена
2025-09-20 12:26:36 - ROBOTY.parser - DEBUG - Операция 2 успешно загружена
2025-09-20 12:26:36 - ROBOTY.parser - DEBUG - Операция 3 успешно загружена
2025-09-20 12:26:36 - ROBOTY.parser - DEBUG - Операция 4 успешно загружена
2025-09-20 12:26:36 - ROBOTY.parser - DEBUG - Операция 5 успешно загружена
2025-09-20 12:26:36 - ROBOTY.parser - DEBUG - Операция 6 успешно загружена
2025-09-20 12:26:36 - ROBOTY.parser - INFO - Загружено 3 роботов и 6 операций
2025-09-20 12:26:36 - ROBOTY.main - INFO - Файл успешно загружен и распарсен
2025-09-20 12:26:42 - ROBOTY.main - INFO - Метод назначения изменен на: genetic
2025-09-20 12:26:45 - ROBOTY.main - INFO - Планирование пути: включено
2025-09-20 12:26:49 - ROBOTY.main - INFO - Запуск планировщика
2025-09-20 12:26:49 - ROBOTY.planner - INFO - Запуск планировщика траекторий
2025-09-20 12:26:49 - ROBOTY.assigner - INFO - Начинаем назначение операций методом: genetic
2025-09-20 12:26:49 - ROBOTY.genetic_algorithm - INFO - Инициализирован генетический алгоритм: популяция=50, поколения=100
2025-09-20 12:26:49 - ROBOTY.genetic_algorithm - INFO - Начинаем эволюцию генетического алгоритма
2025-09-20 12:26:49 - ROBOTY.genetic_algorithm - INFO - Поколение 0: лучшая приспособленность = 0.102949, makespan = 9.71
2025-09-20 12:26:49 - ROBOTY.genetic_algorithm - INFO - Поколение 10: лучшая приспособленность = 0.109474, makespan = 9.13
2025-09-20 12:26:49 - ROBOTY.genetic_algorithm - INFO - Поколение 20: лучшая приспособленность = 0.109474, makespan = 9.13
2025-09-20 12:26:49 - ROBOTY.genetic_algorithm - INFO - Поколение 30: лучшая приспособленность = 0.109474, makespan = 9.13
2025-09-20 12:26:49 - ROBOTY.genetic_algorithm - INFO - Поколение 40: лучшая приспособленность = 0.109474, makespan = 9.13
2025-09-20 12:26:49 - ROBOTY.genetic_algorithm - INFO - Поколение 50: лучшая приспособленность = 0.109474, makespan = 9.13
2025-09-20 12:26:49 - ROBOTY.genetic_algorithm - INFO - Поколение 60: лучшая приспособленность = 0.109474, makespan = 9.13
2025-09-20 12:26:49 - ROBOTY.genetic_algorithm - INFO - Поколение 70: лучшая приспособленность = 0.109474, makespan = 9.13
2025-09-20 12:26:49 - ROBOTY.genetic_algorithm - INFO - Поколение 80: лучшая приспособленность = 0.109474, makespan = 9.13
2025-09-20 12:26:49 - ROBOTY.genetic_algorithm - INFO - Поколение 90: лучшая приспособленность = 0.109474, makespan = 9.13
2025-09-20 12:26:49 - ROBOTY.genetic_algorithm - INFO - Эволюция завершена. Лучший makespan: 9.13
2025-09-20 12:26:49 - ROBOTY.planner - INFO - Операции назначены методом: genetic
2025-09-20 12:26:49 - ROBOTY.planner - DEBUG - Планирование траектории для робота 1 с 2 операциями
2025-09-20 12:26:49 - ROBOTY.planner - DEBUG - Планирование траектории для робота с 2 операциями
2025-09-20 12:26:49 - ROBOTY.planner - DEBUG - Операция 1 запланирована, время завершения: 3.83
2025-09-20 12:26:49 - ROBOTY.planner - DEBUG - Операция 2 запланирована, время завершения: 9.85
2025-09-20 12:26:49 - ROBOTY.planner - INFO - Траектория робота запланирована, общее время: 9.85
2025-09-20 12:26:49 - ROBOTY.planner - DEBUG - Применяем планирование пути для робота 1
2025-09-20 12:26:49 - ROBOTY.path_planner - INFO - Инициализирован планировщик A* с разрешением 0.1
2025-09-20 12:26:49 - ROBOTY.path_planner - DEBUG - Добавлено препятствие: sphere в (3, 0, 0)
2025-09-20 12:26:49 - ROBOTY.path_planner - DEBUG - Добавлено препятствие: sphere в (1.5, 2, 0)
2025-09-20 12:26:49 - ROBOTY.path_planner - INFO - Поиск пути от (0.0, 0.0, 0.0) до (0.010303300858899106, 0.010303300858899106, 0.0)
2025-09-20 12:26:49 - ROBOTY.path_planner - INFO - Путь найден
2025-09-20 12:26:49 - ROBOTY.path_planner - INFO - Инициализирован планировщик A* с разрешением 0.1
2025-09-20 12:26:49 - ROBOTY.path_planner - DEBUG - Добавлено препятствие: sphere в (3, 0, 0)
2025-09-20 12:26:49 - ROBOTY.path_planner - DEBUG - Добавлено препятствие: sphere в (1.5, 2, 0)
2025-09-20 12:26:49 - ROBOTY.path_planner - INFO - Поиск пути от (0.010303300858899106, 0.010303300858899106, 0.0) до (0.041213203435596424, 0.041213203435596424, 0.0)
2025-09-20 12:26:49 - ROBOTY.path_planner - INFO - Путь найден
2025-09-20 12:26:49 - ROBOTY.path_planner - INFO - Инициализирован планировщик A* с разрешением 0.1
2025-09-20 12:26:49 - ROBOTY.path_planner - DEBUG - Добавлено препятствие: sphere в (3, 0, 0)
2025-09-20 12:26:49 - ROBOTY.path_planner - DEBUG - Добавлено препятствие: sphere в (1.5, 2, 0)
2025-09-20 12:26:49 - ROBOTY.path_planner - INFO - Поиск пути от (0.041213203435596424, 0.041213203435596424, 0.0) до (0.09272970773009195, 0.09272970773009195, 0.0)
2025-09-20 12:26:49 - ROBOTY.path_planner - INFO - Путь найден
2025-09-20 12:26:49 - ROBOTY.path_planner - INFO - Инициализирован планировщик A* с разрешением 0.1
2025-09-20 12:26:49 - ROBOTY.path_planner - DEBUG - Добавлено препятствие: sphere в (3, 0, 0)
2025-09-20 12:26:49 - ROBOTY.path_planner - DEBUG - Добавлено препятствие: sphere в (1.5, 2, 0)
2025-09-20 12:26:49 - ROBOTY.path_planner - INFO - Поиск пути от (0.09272970773009195, 0.09272970773009195, 0.0) до (0.1648528137423857, 0.1648528137423857, 0.0)
2025-09-20 12:26:49 - ROBOTY.path_planner - INFO - Путь найден
2025-09-20 12:26:49 - ROBOTY.path_planner - INFO - Инициализирован планировщик A* с разрешением 0.1
2025-09-20 12:26:49 - ROBOTY.path_planner - DEBUG - Добавлено препятствие: sphere в (3, 0, 0)
2025-09-20 12:26:49 - ROBOTY.path_planner - DEBUG - Добавлено препятствие: sphere в (1.5, 2, 0)
2025-09-20 12:26:49 - ROBOTY.path_planner - INFO - Поиск пути от (0.1648528137423857, 0.1648528137423857, 0.0) до (0.24999999999999994, 0.24999999999999994, 0.0)
2025-09-20 12:26:49 - ROBOTY.path_planner - INFO - Путь найден
2025-09-20 12:26:49 - ROBOTY.path_planner - INFO - Инициализирован планировщик A* с разрешением 0.1
2025-09-20 12:26:49 - ROBOTY.path_planner - DEBUG - Добавлено препятствие: sphere в (3, 0, 0)
2025-09-20 12:26:49 - ROBOTY.path_planner - DEBUG - Добавлено препятствие: sphere в (1.5, 2, 0)
2025-09-20 12:26:49 - ROBOTY.path_planner - INFO - Поиск пути от (0.24999999999999994, 0.24999999999999994, 0.0) до (0.33514718625761425, 0.33514718625761425, 0.0)
2025-09-20 12:26:49 - ROBOTY.path_planner - INFO - Путь найден
2025-09-20 12:26:49 - ROBOTY.path_planner - INFO - Инициализирован планировщик A* с разрешением 0.1
2025-09-20 12:26:49 - ROBOTY.path_planner - DEBUG - Добавлено препятствие: sphere в (3, 0, 0)
2025-09-20 12:26:49 - ROBOTY.path_planner - DEBUG - Добавлено препятствие: sphere в (1.5, 2, 0)
2025-09-20 12:26:49 - ROBOTY.path_planner - INFO - Поиск пути от (0.33514718625761425, 0.33514718625761425, 0.0) до (0.4072702922699079, 0.4072702922699079, 0.0)
2025-09-20 12:26:49 - ROBOTY.path_planner - INFO - Путь найден
2025-09-20 12:26:49 - ROBOTY.path_planner - INFO - Инициализирован планировщик A* с разрешением 0.1
2025-09-20 12:26:49 - ROBOTY.path_planner - DEBUG - Добавлено препятствие: sphere в (3, 0, 0)
2025-09-20 12:26:49 - ROBOTY.path_planner - DEBUG - Добавлено препятствие: sphere в (1.5, 2, 0)
2025-09-20 12:26:49 - ROBOTY.path_planner - INFO - Поиск пути от (0.4072702922699079, 0.4072702922699079, 0.0) до (0.4587867965644035, 0.4587867965644035, 0.0)
2025-09-20 12:26:49 - ROBOTY.path_planner - INFO - Путь найден
2025-09-20 12:26:49 - ROBOTY.path_planner - INFO - Инициализирован планировщик A* с разрешением 0.1
2025-09-20 12:26:49 - ROBOTY.path_planner - DEBUG - Добавлено препятствие: sphere в (3, 0, 0)
2025-09-20 12:26:49 - ROBOTY.path_planner - DEBUG - Добавлено препятствие: sphere в (1.5, 2, 0)
2025-09-20 12:26:49 - ROBOTY.path_planner - INFO - Поиск пути от (0.4587867965644035, 0.4587867965644035, 0.0) до (0.4896966991411009, 0.4896966991411009, 0.0)
2025-09-20 12:26:49 - ROBOTY.path_planner - INFO - Путь найден
2025-09-20 12:26:49 - ROBOTY.path_planner - INFO - Инициализирован планировщик A* с разрешением 0.1
2025-09-20 12:26:49 - ROBOTY.path_planner - DEBUG - Добавлено препятствие: sphere в (3, 0, 0)
2025-09-20 12:26:49 - ROBOTY.path_planner - DEBUG - Добавлено препятствие: sphere в (1.5, 2, 0)
2025-09-20 12:26:49 - ROBOTY.path_planner - INFO - Поиск пути от (0.4896966991411009, 0.4896966991411009, 0.0) до (0.5, 0.5, 0.0)
2025-09-20 12:26:49 - ROBOTY.path_planner - INFO - Путь найден
2025-09-20 12:26:49 - ROBOTY.path_planner - INFO - Инициализирован планировщик A* с разрешением 0.1
2025-09-20 12:26:49 - ROBOTY.path_planner - DEBUG - Добавлено препятствие: sphere в (3, 0, 0)
2025-09-20 12:26:49 - ROBOTY.path_planner - DEBUG - Добавлено препятствие: sphere в (1.5, 2, 0)
2025-09-20 12:26:49 - ROBOTY.path_planner - INFO - Поиск пути от (0.5, 0.5, 0.0) до (0.5, 0.5, 0)
2025-09-20 12:26:49 - ROBOTY.path_planner - INFO - Путь найден
2025-09-20 12:26:49 - ROBOTY.path_planner - INFO - Инициализирован планировщик A* с разрешением 0.1
2025-09-20 12:26:49 - ROBOTY.path_planner - DEBUG - Добавлено препятствие: sphere в (3, 0, 0)
2025-09-20 12:26:49 - ROBOTY.path_planner - DEBUG - Добавлено препятствие: sphere в (1.5, 2, 0)
2025-09-20 12:26:49 - ROBOTY.path_planner - INFO - Поиск пути от (0.5, 0.5, 0) до (0.5, 0.5, 0.0)
2025-09-20 12:26:49 - ROBOTY.path_planner - INFO - Путь найден
2025-09-20 12:26:49 - ROBOTY.path_planner - INFO - Инициализирован планировщик A* с разрешением 0.1
2025-09-20 12:26:49 - ROBOTY.path_planner - DEBUG - Добавлено препятствие: sphere в (3, 0, 0)
2025-09-20 12:26:49 - ROBOTY.path_planner - DEBUG - Добавлено препятствие: sphere в (1.5, 2, 0)
2025-09-20 12:26:49 - ROBOTY.path_planner - INFO - Поиск пути от (0.5, 0.5, 0.0) до (0.5, 0.5234164078649988, 0.011708203932499373)
2025-09-20 12:26:49 - ROBOTY.path_planner - INFO - Путь найден
2025-09-20 12:26:49 - ROBOTY.path_planner - INFO - Инициализирован планировщик A* с разрешением 0.1
2025-09-20 12:26:49 - ROBOTY.path_planner - DEBUG - Добавлено препятствие: sphere в (3, 0, 0)
2025-09-20 12:26:49 - ROBOTY.path_planner - DEBUG - Добавлено препятствие: sphere в (1.5, 2, 0)
2025-09-20 12:26:49 - ROBOTY.path_planner - INFO - Поиск пути от (0.5, 0.5234164078649988, 0.011708203932499373) до (0.5, 0.593665631459995, 0.04683281572999749)
2025-09-20 12:26:49 - ROBOTY.path_planner - INFO - Путь найден
2025-09-20 12:26:49 - ROBOTY.path_planner - INFO - Инициализирован планировщик A* с разрешением 0.1
2025-09-20 12:26:49 - ROBOTY.path_planner - DEBUG - Добавлено препятствие: sphere в (3, 0, 0)
2025-09-20 12:26:49 - ROBOTY.path_planner - DEBUG - Добавлено препятствие: sphere в (1.5, 2, 0)
2025-09-20 12:26:49 - ROBOTY.path_planner - INFO - Поиск пути от (0.5, 0.593665631459995, 0.04683281572999749) до (0.5, 0.7107476707849886, 0.1053738353924943)
2025-09-20 12:26:49 - ROBOTY.path_planner - INFO - Путь найден
2025-09-20 12:26:49 - ROBOTY.path_planner - INFO - Инициализирован планировщик A* с разрешением 0.1
2025-09-20 12:26:49 - ROBOTY.path_planner - DEBUG - Добавлено препятствие: sphere в (3, 0, 0)
2025-09-20 12:26:49 - ROBOTY.path_planner - DEBUG - Добавлено препятствие: sphere в (1.5, 2, 0)
2025-09-20 12:26:49 - ROBOTY.path_planner - INFO - Поиск пути от (0.5, 0.7107476707849886, 0.1053738353924943) до (0.5, 0.8552786404500043, 0.17763932022500215)
2025-09-20 12:26:49 - ROBOTY.path_planner - INFO - Путь найден
2025-09-20 12:26:49 - ROBOTY.path_planner - INFO - Инициализирован планировщик A* с разрешением 0.1
2025-09-20 12:26:49 - ROBOTY.path_planner - DEBUG - Добавлено препятствие: sphere в (3, 0, 0)
2025-09-20 12:26:49 - ROBOTY.path_planner - DEBUG - Добавлено препятствие: sphere в (1.5, 2, 0)
2025-09-20 12:26:49 - ROBOTY.path_planner - INFO - Поиск пути от (0.5, 0.8552786404500043, 0.17763932022500215) до (0.5, 1.0, 0.25)
2025-09-20 12:26:49 - ROBOTY.path_planner - INFO - Путь найден
2025-09-20 12:26:49 - ROBOTY.path_planner - INFO - Инициализирован планировщик A* с разрешением 0.1
2025-09-20 12:26:49 - ROBOTY.path_planner - DEBUG - Добавлено препятствие: sphere в (3, 0, 0)
2025-09-20 12:26:49 - ROBOTY.path_planner - DEBUG - Добавлено препятствие: sphere в (1.5, 2, 0)
2025-09-20 12:26:49 - ROBOTY.path_planner - INFO - Поиск пути от (0.5, 1.0, 0.25) до (0.5, 1.1447213595499957, 0.3223606797749979)
2025-09-20 12:26:49 - ROBOTY.path_planner - INFO - Путь найден
2025-09-20 12:26:49 - ROBOTY.path_planner - INFO - Инициализирован планировщик A* с разрешением 0.1
2025-09-20 12:26:49 - ROBOTY.path_planner - DEBUG - Добавлено препятствие: sphere в (3, 0, 0)
2025-09-20 12:26:49 - ROBOTY.path_planner - DEBUG - Добавлено препятствие: sphere в (1.5, 2, 0)
2025-09-20 12:26:49 - ROBOTY.path_planner - INFO - Поиск пути от (0.5, 1.1447213595499957, 0.3223606797749979) до (0.5, 1.289252329215011, 0.3946261646075056)
2025-09-20 12:26:49 - ROBOTY.path_planner - INFO - Путь найден
2025-09-20 12:26:49 - ROBOTY.path_planner - INFO - Инициализирован планировщик A* с разрешением 0.1
2025-09-20 12:26:49 - ROBOTY.path_planner - DEBUG - Добавлено препятствие: sphere в (3, 0, 0)
2025-09-20 12:26:49 - ROBOTY.path_planner - DEBUG - Добавлено препятствие: sphere в (1.5, 2, 0)
2025-09-20 12:26:49 - ROBOTY.path_planner - INFO - Поиск пути от (0.5, 1.289252329215011, 0.3946261646075056) до (0.5, 1.4063343685400054, 0.45316718427000263)
2025-09-20 12:26:49 - ROBOTY.path_planner - INFO - Путь найден
2025-09-20 12:26:49 - ROBOTY.path_planner - INFO - Инициализирован планировщик A* с разрешением 0.1
2025-09-20 12:26:49 - ROBOTY.path_planner - DEBUG - Добавлено препятствие: sphere в (3, 0, 0)
2025-09-20 12:26:49 - ROBOTY.path_planner - DEBUG - Добавлено препятствие: sphere в (1.5, 2, 0)
2025-09-20 12:26:49 - ROBOTY.path_planner - INFO - Поиск пути от (0.5, 1.4063343685400054, 0.45316718427000263) до (0.5, 1.4765835921350012, 0.48829179606750067)
2025-09-20 12:26:49 - ROBOTY.path_planner - INFO - Путь найден
2025-09-20 12:26:49 - ROBOTY.path_planner - INFO - Инициализирован планировщик A* с разрешением 0.1
2025-09-20 12:26:49 - ROBOTY.path_planner - DEBUG - Добавлено препятствие: sphere в (3, 0, 0)
2025-09-20 12:26:49 - ROBOTY.path_planner - DEBUG - Добавлено препятствие: sphere в (1.5, 2, 0)
2025-09-20 12:26:49 - ROBOTY.path_planner - INFO - Поиск пути от (0.5, 1.4765835921350012, 0.48829179606750067) до (0.5, 1.5, 0.5)
2025-09-20 12:26:49 - ROBOTY.path_planner - INFO - Путь найден
2025-09-20 12:26:49 - ROBOTY.path_planner - INFO - Инициализирован планировщик A* с разрешением 0.1
2025-09-20 12:26:49 - ROBOTY.path_planner - DEBUG - Добавлено препятствие: sphere в (3, 0, 0)
2025-09-20 12:26:49 - ROBOTY.path_planner - DEBUG - Добавлено препятствие: sphere в (1.5, 2, 0)
2025-09-20 12:26:49 - ROBOTY.path_planner - INFO - Поиск пути от (0.5, 1.5, 0.5) до (0.5, 1.5, 0.5)
2025-09-20 12:26:49 - ROBOTY.path_planner - INFO - Путь найден
2025-09-20 12:26:49 - ROBOTY.path_planner - INFO - Инициализирован планировщик A* с разрешением 0.1
2025-09-20 12:26:49 - ROBOTY.path_planner - DEBUG - Добавлено препятствие: sphere в (3, 0, 0)
2025-09-20 12:26:49 - ROBOTY.path_planner - DEBUG - Добавлено препятствие: sphere в (1.5, 2, 0)
2025-09-20 12:26:49 - ROBOTY.path_planner - INFO - Поиск пути от (0.5, 1.5, 0.5) до (0.5, 1.5, 0.5)
2025-09-20 12:26:49 - ROBOTY.path_planner - INFO - Путь найден
2025-09-20 12:26:49 - ROBOTY.path_planner - INFO - Инициализирован планировщик A* с разрешением 0.1
2025-09-20 12:26:49 - ROBOTY.path_planner - DEBUG - Добавлено препятствие: sphere в (3, 0, 0)
2025-09-20 12:26:49 - ROBOTY.path_planner - DEBUG - Добавлено препятствие: sphere в (1.5, 2, 0)
2025-09-20 12:26:49 - ROBOTY.path_planner - INFO - Поиск пути от (0.5, 1.5, 0.5) до (0.5242886901662352, 1.4878556549168824, 0.4878556549168824)
2025-09-20 12:26:49 - ROBOTY.path_planner - INFO - Путь найден
2025-09-20 12:26:49 - ROBOTY.path_planner - INFO - Инициализирован планировщик A* с разрешением 0.1
2025-09-20 12:26:49 - ROBOTY.path_planner - DEBUG - Добавлено препятствие: sphere в (3, 0, 0)
2025-09-20 12:26:49 - ROBOTY.path_planner - DEBUG - Добавлено препятствие: sphere в (1.5, 2, 0)
2025-09-20 12:26:49 - ROBOTY.path_planner - INFO - Поиск пути от (0.5242886901662352, 1.4878556549168824, 0.4878556549168824) до (0.5971547606649409, 1.4514226196675295, 0.45142261966752956)
2025-09-20 12:26:49 - ROBOTY.path_planner - INFO - Путь найден
2025-09-20 12:26:49 - ROBOTY.path_planner - INFO - Инициализирован планировщик A* с разрешением 0.1
2025-09-20 12:26:49 - ROBOTY.path_planner - DEBUG - Добавлено препятствие: sphere в (3, 0, 0)
2025-09-20 12:26:49 - ROBOTY.path_planner - DEBUG - Добавлено препятствие: sphere в (1.5, 2, 0)
2025-09-20 12:26:49 - ROBOTY.path_planner - INFO - Поиск пути от (0.5971547606649409, 1.4514226196675295, 0.45142261966752956) до (0.7183503419072274, 1.3908248290463863, 0.3908248290463863)
2025-09-20 12:26:49 - ROBOTY.path_planner - INFO - Путь найден
2025-09-20 12:26:49 - ROBOTY.path_planner - INFO - Инициализирован планировщик A* с разрешением 0.1
2025-09-20 12:26:49 - ROBOTY.path_planner - DEBUG - Добавлено препятствие: sphere в (3, 0, 0)
2025-09-20 12:26:49 - ROBOTY.path_planner - DEBUG - Добавлено препятствие: sphere в (1.5, 2, 0)
2025-09-20 12:26:49 - ROBOTY.path_planner - INFO - Поиск пути от (0.7183503419072274, 1.3908248290463863, 0.3908248290463863) до (0.8591751709536137, 1.320412414523193, 0.32041241452319313)
2025-09-20 12:26:49 - ROBOTY.path_planner - INFO - Путь найден
2025-09-20 12:26:49 - ROBOTY.path_planner - INFO - Инициализирован планировщик A* с разрешением 0.1
2025-09-20 12:26:49 - ROBOTY.path_planner - DEBUG - Добавлено препятствие: sphere в (3, 0, 0)
2025-09-20 12:26:49 - ROBOTY.path_planner - DEBUG - Добавлено препятствие: sphere в (1.5, 2, 0)
2025-09-20 12:26:49 - ROBOTY.path_planner - INFO - Поиск пути от (0.8591751709536137, 1.320412414523193, 0.32041241452319313) до (1.0, 1.25, 0.25)
2025-09-20 12:26:49 - ROBOTY.path_planner - INFO - Путь найден
2025-09-20 12:26:49 - ROBOTY.path_planner - INFO - Инициализирован планировщик A* с разрешением 0.1
2025-09-20 12:26:49 - ROBOTY.path_planner - DEBUG - Добавлено препятствие: sphere в (3, 0, 0)
2025-09-20 12:26:49 - ROBOTY.path_planner - DEBUG - Добавлено препятствие: sphere в (1.5, 2, 0)
2025-09-20 12:26:49 - ROBOTY.path_planner - INFO - Поиск пути от (1.0, 1.25, 0.25) до (1.1408248290463863, 1.1795875854768068, 0.17958758547680687)
2025-09-20 12:26:49 - ROBOTY.path_planner - INFO - Путь найден
2025-09-20 12:26:49 - ROBOTY.path_planner - INFO - Инициализирован планировщик A* с разрешением 0.1
2025-09-20 12:26:49 - ROBOTY.path_planner - DEBUG - Добавлено препятствие: sphere в (3, 0, 0)
2025-09-20 12:26:49 - ROBOTY.path_planner - DEBUG - Добавлено препятствие: sphere в (1.5, 2, 0)
2025-09-20 12:26:49 - ROBOTY.path_planner - INFO - Поиск пути от (1.1408248290463863, 1.1795875854768068, 0.17958758547680687) до (1.2816496580927725, 1.1091751709536137, 0.10917517095361373)
2025-09-20 12:26:49 - ROBOTY.path_planner - INFO - Путь найден
2025-09-20 12:26:49 - ROBOTY.path_planner - INFO - Инициализирован планировщик A* с разрешением 0.1
2025-09-20 12:26:49 - ROBOTY.path_planner - DEBUG - Добавлено препятствие: sphere в (3, 0, 0)
2025-09-20 12:26:49 - ROBOTY.path_planner - DEBUG - Добавлено препятствие: sphere в (1.5, 2, 0)
2025-09-20 12:26:49 - ROBOTY.path_planner - INFO - Поиск пути от (1.2816496580927725, 1.1091751709536137, 0.10917517095361373) до (1.4028452393350592, 1.0485773803324703, 0.04857738033247039)
2025-09-20 12:26:49 - ROBOTY.path_planner - INFO - Путь найден
2025-09-20 12:26:49 - ROBOTY.path_planner - INFO - Инициализирован планировщик A* с разрешением 0.1
2025-09-20 12:26:49 - ROBOTY.path_planner - DEBUG - Добавлено препятствие: sphere в (3, 0, 0)
2025-09-20 12:26:49 - ROBOTY.path_planner - DEBUG - Добавлено препятствие: sphere в (1.5, 2, 0)
2025-09-20 12:26:49 - ROBOTY.path_planner - INFO - Поиск пути от (1.4028452393350592, 1.0485773803324703, 0.04857738033247039) до (1.4757113098337649, 1.0121443450831176, 0.012144345083117514)
2025-09-20 12:26:49 - ROBOTY.path_planner - INFO - Путь найден
2025-09-20 12:26:49 - ROBOTY.path_planner - INFO - Инициализирован планировщик A* с разрешением 0.1
2025-09-20 12:26:49 - ROBOTY.path_planner - DEBUG - Добавлено препятствие: sphere в (3, 0, 0)
2025-09-20 12:26:49 - ROBOTY.path_planner - DEBUG - Добавлено препятствие: sphere в (1.5, 2, 0)
2025-09-20 12:26:49 - ROBOTY.path_planner - INFO - Поиск пути от (1.4757113098337649, 1.0121443450831176, 0.012144345083117514) до (1.5, 1.0, 0.0)
2025-09-20 12:26:49 - ROBOTY.path_planner - INFO - Путь найден
2025-09-20 12:26:49 - ROBOTY.path_planner - INFO - Инициализирован планировщик A* с разрешением 0.1
2025-09-20 12:26:49 - ROBOTY.path_planner - DEBUG - Добавлено препятствие: sphere в (3, 0, 0)
2025-09-20 12:26:49 - ROBOTY.path_planner - DEBUG - Добавлено препятствие: sphere в (1.5, 2, 0)
2025-09-20 12:26:49 - ROBOTY.path_planner - INFO - Поиск пути от (1.5, 1.0, 0.0) до (1.5, 1, 0)
2025-09-20 12:26:49 - ROBOTY.path_planner - INFO - Путь найден
2025-09-20 12:26:49 - ROBOTY.path_planner - INFO - Инициализирован планировщик A* с разрешением 0.1
2025-09-20 12:26:49 - ROBOTY.path_planner - DEBUG - Добавлено препятствие: sphere в (3, 0, 0)
2025-09-20 12:26:49 - ROBOTY.path_planner - DEBUG - Добавлено препятствие: sphere в (1.5, 2, 0)
2025-09-20 12:26:49 - ROBOTY.path_planner - INFO - Поиск пути от (1.5, 1, 0) до (1.5, 1.0, 0.0)
2025-09-20 12:26:49 - ROBOTY.path_planner - INFO - Путь найден
2025-09-20 12:26:49 - ROBOTY.path_planner - INFO - Инициализирован планировщик A* с разрешением 0.1
2025-09-20 12:26:49 - ROBOTY.path_planner - DEBUG - Добавлено препятствие: sphere в (3, 0, 0)
2025-09-20 12:26:49 - ROBOTY.path_planner - DEBUG - Добавлено препятствие: sphere в (1.5, 2, 0)
2025-09-20 12:26:49 - ROBOTY.path_planner - INFO - Поиск пути от (1.5, 1.0, 0.0) до (1.5, 1.0441217603018245, 0.02941450686788303)
2025-09-20 12:26:49 - ROBOTY.path_planner - INFO - Путь найден
2025-09-20 12:26:49 - ROBOTY.path_planner - INFO - Инициализирован планировщик A* с разрешением 0.1
2025-09-20 12:26:49 - ROBOTY.path_planner - DEBUG - Добавлено препятствие: sphere в (3, 0, 0)
2025-09-20 12:26:49 - ROBOTY.path_planner - DEBUG - Добавлено препятствие: sphere в (1.5, 2, 0)
2025-09-20 12:26:49 - ROBOTY.path_planner - INFO - Поиск пути от (1.5, 1.0441217603018245, 0.02941450686788303) до (1.5, 1.1764870412072983, 0.11765802747153212)
2025-09-20 12:26:49 - ROBOTY.path_planner - INFO - Путь найден
2025-09-20 12:26:49 - ROBOTY.path_planner - INFO - Инициализирован планировщик A* с разрешением 0.1
2025-09-20 12:26:49 - ROBOTY.path_planner - DEBUG - Добавлено препятствие: sphere в (3, 0, 0)
2025-09-20 12:26:49 - ROBOTY.path_planner - DEBUG - Добавлено препятствие: sphere в (1.5, 2, 0)
2025-09-20 12:26:49 - ROBOTY.path_planner - INFO - Поиск пути от (1.5, 1.1764870412072983, 0.11765802747153212) до (1.5, 1.3667949705662157, 0.24452998037747714)
2025-09-20 12:26:49 - ROBOTY.path_planner - INFO - Путь найден
2025-09-20 12:26:49 - ROBOTY.path_planner - INFO - Инициализирован планировщик A* с разрешением 0.1
2025-09-20 12:26:49 - ROBOTY.path_planner - DEBUG - Добавлено препятствие: sphere в (3, 0, 0)
2025-09-20 12:26:49 - ROBOTY.path_planner - DEBUG - Добавлено препятствие: sphere в (1.5, 2, 0)
2025-09-20 12:26:49 - ROBOTY.path_planner - INFO - Поиск пути от (1.5, 1.3667949705662157, 0.24452998037747714) до (1.5, 1.558397485283108, 0.37226499018873865)
2025-09-20 12:26:49 - ROBOTY.path_planner - INFO - Путь найден
2025-09-20 12:26:49 - ROBOTY.path_planner - INFO - Инициализирован планировщик A* с разрешением 0.1
2025-09-20 12:26:49 - ROBOTY.path_planner - DEBUG - Добавлено препятствие: sphere в (3, 0, 0)
2025-09-20 12:26:49 - ROBOTY.path_planner - DEBUG - Добавлено препятствие: sphere в (1.5, 2, 0)
2025-09-20 12:26:49 - ROBOTY.path_planner - INFO - Поиск пути от (1.5, 1.558397485283108, 0.37226499018873865) до (1.5, 1.75, 0.5000000000000001)
2025-09-20 12:26:49 - ROBOTY.path_planner - INFO - Путь найден
2025-09-20 12:26:49 - ROBOTY.path_planner - INFO - Инициализирован планировщик A* с разрешением 0.1
2025-09-20 12:26:49 - ROBOTY.path_planner - DEBUG - Добавлено препятствие: sphere в (3, 0, 0)
2025-09-20 12:26:49 - ROBOTY.path_planner - DEBUG - Добавлено препятствие: sphere в (1.5, 2, 0)
2025-09-20 12:26:49 - ROBOTY.path_planner - INFO - Поиск пути от (1.5, 1.75, 0.5000000000000001) до (1.5, 1.9416025147168923, 0.6277350098112615)
2025-09-20 12:26:49 - ROBOTY.path_planner - INFO - Путь найден
2025-09-20 12:26:49 - ROBOTY.path_planner - INFO - Инициализирован планировщик A* с разрешением 0.1
2025-09-20 12:26:49 - ROBOTY.path_planner - DEBUG - Добавлено препятствие: sphere в (3, 0, 0)
2025-09-20 12:26:49 - ROBOTY.path_planner - DEBUG - Добавлено препятствие: sphere в (1.5, 2, 0)
2025-09-20 12:26:49 - ROBOTY.path_planner - INFO - Поиск пути от (1.5, 1.9416025147168923, 0.6277350098112615) до (1.5, 2.1332050294337845, 0.7554700196225229)
2025-09-20 12:26:49 - ROBOTY.path_planner - INFO - Путь найден
2025-09-20 12:26:49 - ROBOTY.path_planner - INFO - Инициализирован планировщик A* с разрешением 0.1
2025-09-20 12:26:49 - ROBOTY.path_planner - DEBUG - Добавлено препятствие: sphere в (3, 0, 0)
2025-09-20 12:26:49 - ROBOTY.path_planner - DEBUG - Добавлено препятствие: sphere в (1.5, 2, 0)
2025-09-20 12:26:49 - ROBOTY.path_planner - INFO - Поиск пути от (1.5, 2.1332050294337845, 0.7554700196225229) до (1.5, 2.323512958792702, 0.882341972528468)
2025-09-20 12:26:49 - ROBOTY.path_planner - INFO - Путь найден
2025-09-20 12:26:49 - ROBOTY.path_planner - INFO - Инициализирован планировщик A* с разрешением 0.1
2025-09-20 12:26:49 - ROBOTY.path_planner - DEBUG - Добавлено препятствие: sphere в (3, 0, 0)
2025-09-20 12:26:49 - ROBOTY.path_planner - DEBUG - Добавлено препятствие: sphere в (1.5, 2, 0)
2025-09-20 12:26:49 - ROBOTY.path_planner - INFO - Поиск пути от (1.5, 2.323512958792702, 0.882341972528468) до (1.5, 2.4558782396981753, 0.9705854931321171)
2025-09-20 12:26:49 - ROBOTY.path_planner - INFO - Путь найден
2025-09-20 12:26:49 - ROBOTY.path_planner - INFO - Инициализирован планировщик A* с разрешением 0.1
2025-09-20 12:26:49 - ROBOTY.path_planner - DEBUG - Добавлено препятствие: sphere в (3, 0, 0)
2025-09-20 12:26:49 - ROBOTY.path_planner - DEBUG - Добавлено препятствие: sphere в (1.5, 2, 0)
2025-09-20 12:26:49 - ROBOTY.path_planner - INFO - Поиск пути от (1.5, 2.4558782396981753, 0.9705854931321171) до (1.5, 2.5, 1.0)
2025-09-20 12:26:49 - ROBOTY.path_planner - INFO - Путь найден
2025-09-20 12:26:49 - ROBOTY.path_planner - INFO - Инициализирован планировщик A* с разрешением 0.1
2025-09-20 12:26:49 - ROBOTY.path_planner - DEBUG - Добавлено препятствие: sphere в (3, 0, 0)
2025-09-20 12:26:49 - ROBOTY.path_planner - DEBUG - Добавлено препятствие: sphere в (1.5, 2, 0)
2025-09-20 12:26:49 - ROBOTY.path_planner - INFO - Поиск пути от (1.5, 2.5, 1.0) до (1.5, 2.5, 1)
2025-09-20 12:26:49 - ROBOTY.path_planner - INFO - Путь найден
2025-09-20 12:26:49 - ROBOTY.planner - DEBUG - Планирование траектории для робота 2 с 2 операциями
2025-09-20 12:26:49 - ROBOTY.planner - DEBUG - Планирование траектории для робота с 2 операциями
2025-09-20 12:26:49 - ROBOTY.planner - DEBUG - Операция 1 запланирована, время завершения: 4.52
2025-09-20 12:26:49 - ROBOTY.planner - DEBUG - Операция 2 запланирована, время завершения: 9.76
2025-09-20 12:26:49 - ROBOTY.planner - INFO - Траектория робота запланирована, общее время: 9.76
2025-09-20 12:26:49 - ROBOTY.planner - DEBUG - Применяем планирование пути для робота 2
2025-09-20 12:26:49 - ROBOTY.path_planner - INFO - Инициализирован планировщик A* с разрешением 0.1
2025-09-20 12:26:49 - ROBOTY.path_planner - DEBUG - Добавлено препятствие: sphere в (0, 0, 0)
2025-09-20 12:26:49 - ROBOTY.path_planner - DEBUG - Добавлено препятствие: sphere в (1.5, 2, 0)
2025-09-20 12:26:49 - ROBOTY.path_planner - INFO - Поиск пути от (3.0, 0.0, 0.0) до (2.975687373074583, 0.024312626925417042, 0.0)
2025-09-20 12:26:49 - ROBOTY.path_planner - INFO - Путь найден
2025-09-20 12:26:49 - ROBOTY.path_planner - INFO - Инициализирован планировщик A* с разрешением 0.1
2025-09-20 12:26:49 - ROBOTY.path_planner - DEBUG - Добавлено препятствие: sphere в (0, 0, 0)
2025-09-20 12:26:49 - ROBOTY.path_planner - DEBUG - Добавлено препятствие: sphere в (1.5, 2, 0)
2025-09-20 12:26:49 - ROBOTY.path_planner - INFO - Поиск пути от (2.975687373074583, 0.024312626925417042, 0.0) до (2.902749492298332, 0.09725050770166817, 0.0)
2025-09-20 12:26:49 - ROBOTY.path_planner - INFO - Путь найден
2025-09-20 12:26:49 - ROBOTY.path_planner - INFO - Инициализирован планировщик A* с разрешением 0.1
2025-09-20 12:26:49 - ROBOTY.path_planner - DEBUG - Добавлено препятствие: sphere в (0, 0, 0)
2025-09-20 12:26:49 - ROBOTY.path_planner - DEBUG - Добавлено препятствие: sphere в (1.5, 2, 0)
2025-09-20 12:26:49 - ROBOTY.path_planner - INFO - Поиск пути от (2.902749492298332, 0.09725050770166817, 0.0) до (2.7814587011926903, 0.2185412988073097, 0.0)
2025-09-20 12:26:49 - ROBOTY.path_planner - INFO - Путь найден
2025-09-20 12:26:49 - ROBOTY.path_planner - INFO - Инициализирован планировщик A* с разрешением 0.1
2025-09-20 12:26:49 - ROBOTY.path_planner - DEBUG - Добавлено препятствие: sphere в (0, 0, 0)
2025-09-20 12:26:49 - ROBOTY.path_planner - DEBUG - Добавлено препятствие: sphere в (1.5, 2, 0)
2025-09-20 12:26:49 - ROBOTY.path_planner - INFO - Поиск пути от (2.7814587011926903, 0.2185412988073097, 0.0) до (2.640729350596345, 0.35927064940365494, 0.0)
2025-09-20 12:26:49 - ROBOTY.path_planner - INFO - Путь найден
2025-09-20 12:26:49 - ROBOTY.path_planner - INFO - Инициализирован планировщик A* с разрешением 0.1
2025-09-20 12:26:49 - ROBOTY.path_planner - DEBUG - Добавлено препятствие: sphere в (0, 0, 0)
2025-09-20 12:26:49 - ROBOTY.path_planner - DEBUG - Добавлено препятствие: sphere в (1.5, 2, 0)
2025-09-20 12:26:49 - ROBOTY.path_planner - INFO - Поиск пути от (2.640729350596345, 0.35927064940365494, 0.0) до (2.5, 0.4999999999999999, 0.0)
2025-09-20 12:26:49 - ROBOTY.path_planner - INFO - Путь найден
2025-09-20 12:26:49 - ROBOTY.path_planner - INFO - Инициализирован планировщик A* с разрешением 0.1
2025-09-20 12:26:49 - ROBOTY.path_planner - DEBUG - Добавлено препятствие: sphere в (0, 0, 0)
2025-09-20 12:26:49 - ROBOTY.path_planner - DEBUG - Добавлено препятствие: sphere в (1.5, 2, 0)
2025-09-20 12:26:49 - ROBOTY.path_planner - INFO - Поиск пути от (2.5, 0.4999999999999999, 0.0) до (2.359270649403655, 0.6407293505963451, 0.0)
2025-09-20 12:26:49 - ROBOTY.path_planner - INFO - Путь найден
2025-09-20 12:26:49 - ROBOTY.path_planner - INFO - Инициализирован планировщик A* с разрешением 0.1
2025-09-20 12:26:49 - ROBOTY.path_planner - DEBUG - Добавлено препятствие: sphere в (0, 0, 0)
2025-09-20 12:26:49 - ROBOTY.path_planner - DEBUG - Добавлено препятствие: sphere в (1.5, 2, 0)
2025-09-20 12:26:49 - ROBOTY.path_planner - INFO - Поиск пути от (2.359270649403655, 0.6407293505963451, 0.0) до (2.21854129880731, 0.78145870119269, 0.0)
2025-09-20 12:26:49 - ROBOTY.path_planner - INFO - Путь найден
2025-09-20 12:26:49 - ROBOTY.path_planner - INFO - Инициализирован планировщик A* с разрешением 0.1
2025-09-20 12:26:49 - ROBOTY.path_planner - DEBUG - Добавлено препятствие: sphere в (0, 0, 0)
2025-09-20 12:26:49 - ROBOTY.path_planner - DEBUG - Добавлено препятствие: sphere в (1.5, 2, 0)
2025-09-20 12:26:49 - ROBOTY.path_planner - INFO - Поиск пути от (2.21854129880731, 0.78145870119269, 0.0) до (2.097250507701668, 0.9027494922983319, 0.0)
2025-09-20 12:26:49 - ROBOTY.path_planner - INFO - Путь найден
2025-09-20 12:26:49 - ROBOTY.path_planner - INFO - Инициализирован планировщик A* с разрешением 0.1
2025-09-20 12:26:49 - ROBOTY.path_planner - DEBUG - Добавлено препятствие: sphere в (0, 0, 0)
2025-09-20 12:26:49 - ROBOTY.path_planner - DEBUG - Добавлено препятствие: sphere в (1.5, 2, 0)
2025-09-20 12:26:49 - ROBOTY.path_planner - INFO - Поиск пути от (2.097250507701668, 0.9027494922983319, 0.0) до (2.024312626925417, 0.9756873730745829, 0.0)
2025-09-20 12:26:49 - ROBOTY.path_planner - INFO - Путь найден
2025-09-20 12:26:49 - ROBOTY.path_planner - INFO - Инициализирован планировщик A* с разрешением 0.1
2025-09-20 12:26:49 - ROBOTY.path_planner - DEBUG - Добавлено препятствие: sphere в (0, 0, 0)
2025-09-20 12:26:49 - ROBOTY.path_planner - DEBUG - Добавлено препятствие: sphere в (1.5, 2, 0)
2025-09-20 12:26:49 - ROBOTY.path_planner - INFO - Поиск пути от (2.024312626925417, 0.9756873730745829, 0.0) до (2.0, 1.0, 0.0)
2025-09-20 12:26:49 - ROBOTY.path_planner - INFO - Путь найден
2025-09-20 12:26:49 - ROBOTY.path_planner - INFO - Инициализирован планировщик A* с разрешением 0.1
2025-09-20 12:26:49 - ROBOTY.path_planner - DEBUG - Добавлено препятствие: sphere в (0, 0, 0)
2025-09-20 12:26:49 - ROBOTY.path_planner - DEBUG - Добавлено препятствие: sphere в (1.5, 2, 0)
2025-09-20 12:26:49 - ROBOTY.path_planner - INFO - Поиск пути от (2.0, 1.0, 0.0) до (2, 1, 0)
2025-09-20 12:26:49 - ROBOTY.path_planner - INFO - Путь найден
2025-09-20 12:26:49 - ROBOTY.path_planner - INFO - Инициализирован планировщик A* с разрешением 0.1
2025-09-20 12:26:49 - ROBOTY.path_planner - DEBUG - Добавлено препятствие: sphere в (0, 0, 0)
2025-09-20 12:26:49 - ROBOTY.path_planner - DEBUG - Добавлено препятствие: sphere в (1.5, 2, 0)
2025-09-20 12:26:49 - ROBOTY.path_planner - INFO - Поиск пути от (2, 1, 0) до (2.0, 1.0, 0.0)
2025-09-20 12:26:49 - ROBOTY.path_planner - INFO - Путь найден
2025-09-20 12:26:49 - ROBOTY.path_planner - INFO - Инициализирован планировщик A* с разрешением 0.1
2025-09-20 12:26:49 - ROBOTY.path_planner - DEBUG - Добавлено препятствие: sphere в (0, 0, 0)
2025-09-20 12:26:49 - ROBOTY.path_planner - DEBUG - Добавлено препятствие: sphere в (1.5, 2, 0)
2025-09-20 12:26:49 - ROBOTY.path_planner - INFO - Поиск пути от (2.0, 1.0, 0.0) до (2.0, 1.024312626925417, 0.024312626925417042)
2025-09-20 12:26:49 - ROBOTY.path_planner - INFO - Путь найден
2025-09-20 12:26:49 - ROBOTY.path_planner - INFO - Инициализирован планировщик A* с разрешением 0.1
2025-09-20 12:26:49 - ROBOTY.path_planner - DEBUG - Добавлено препятствие: sphere в (0, 0, 0)
2025-09-20 12:26:49 - ROBOTY.path_planner - DEBUG - Добавлено препятствие: sphere в (1.5, 2, 0)
2025-09-20 12:26:49 - ROBOTY.path_planner - INFO - Поиск пути от (2.0, 1.024312626925417, 0.024312626925417042) до (2.0, 1.097250507701668, 0.09725050770166817)
2025-09-20 12:26:49 - ROBOTY.path_planner - INFO - Путь найден
2025-09-20 12:26:49 - ROBOTY.path_planner - INFO - Инициализирован планировщик A* с разрешением 0.1
2025-09-20 12:26:49 - ROBOTY.path_planner - DEBUG - Добавлено препятствие: sphere в (0, 0, 0)
2025-09-20 12:26:49 - ROBOTY.path_planner - DEBUG - Добавлено препятствие: sphere в (1.5, 2, 0)
2025-09-20 12:26:49 - ROBOTY.path_planner - INFO - Поиск пути от (2.0, 1.097250507701668, 0.09725050770166817) до (2.0, 1.2185412988073097, 0.2185412988073097)
2025-09-20 12:26:49 - ROBOTY.path_planner - INFO - Путь найден
2025-09-20 12:26:49 - ROBOTY.path_planner - INFO - Инициализирован планировщик A* с разрешением 0.1
2025-09-20 12:26:49 - ROBOTY.path_planner - DEBUG - Добавлено препятствие: sphere в (0, 0, 0)
2025-09-20 12:26:49 - ROBOTY.path_planner - DEBUG - Добавлено препятствие: sphere в (1.5, 2, 0)
2025-09-20 12:26:49 - ROBOTY.path_planner - INFO - Поиск пути от (2.0, 1.2185412988073097, 0.2185412988073097) до (2.0, 1.3592706494036548, 0.35927064940365494)
2025-09-20 12:26:49 - ROBOTY.path_planner - INFO - Путь найден
2025-09-20 12:26:49 - ROBOTY.path_planner - INFO - Инициализирован планировщик A* с разрешением 0.1
2025-09-20 12:26:49 - ROBOTY.path_planner - DEBUG - Добавлено препятствие: sphere в (0, 0, 0)
2025-09-20 12:26:49 - ROBOTY.path_planner - DEBUG - Добавлено препятствие: sphere в (1.5, 2, 0)
2025-09-20 12:26:49 - ROBOTY.path_planner - INFO - Поиск пути от (2.0, 1.3592706494036548, 0.35927064940365494) до (2.0, 1.5, 0.4999999999999999)
2025-09-20 12:26:49 - ROBOTY.path_planner - INFO - Путь найден
2025-09-20 12:26:49 - ROBOTY.path_planner - INFO - Инициализирован планировщик A* с разрешением 0.1
2025-09-20 12:26:49 - ROBOTY.path_planner - DEBUG - Добавлено препятствие: sphere в (0, 0, 0)
2025-09-20 12:26:49 - ROBOTY.path_planner - DEBUG - Добавлено препятствие: sphere в (1.5, 2, 0)
2025-09-20 12:26:49 - ROBOTY.path_planner - INFO - Поиск пути от (2.0, 1.5, 0.4999999999999999) до (2.0, 1.6407293505963452, 0.6407293505963451)
2025-09-20 12:26:49 - ROBOTY.path_planner - INFO - Путь найден
2025-09-20 12:26:49 - ROBOTY.path_planner - INFO - Инициализирован планировщик A* с разрешением 0.1
2025-09-20 12:26:49 - ROBOTY.path_planner - DEBUG - Добавлено препятствие: sphere в (0, 0, 0)
2025-09-20 12:26:49 - ROBOTY.path_planner - DEBUG - Добавлено препятствие: sphere в (1.5, 2, 0)
2025-09-20 12:26:49 - ROBOTY.path_planner - INFO - Поиск пути от (2.0, 1.6407293505963452, 0.6407293505963451) до (2.0, 1.78145870119269, 0.78145870119269)
2025-09-20 12:26:49 - ROBOTY.path_planner - INFO - Путь найден
2025-09-20 12:26:49 - ROBOTY.path_planner - INFO - Инициализирован планировщик A* с разрешением 0.1
2025-09-20 12:26:49 - ROBOTY.path_planner - DEBUG - Добавлено препятствие: sphere в (0, 0, 0)
2025-09-20 12:26:49 - ROBOTY.path_planner - DEBUG - Добавлено препятствие: sphere в (1.5, 2, 0)
2025-09-20 12:26:49 - ROBOTY.path_planner - INFO - Поиск пути от (2.0, 1.78145870119269, 0.78145870119269) до (2.0, 1.902749492298332, 0.9027494922983319)
2025-09-20 12:26:49 - ROBOTY.path_planner - INFO - Путь найден
2025-09-20 12:26:49 - ROBOTY.path_planner - INFO - Инициализирован планировщик A* с разрешением 0.1
2025-09-20 12:26:49 - ROBOTY.path_planner - DEBUG - Добавлено препятствие: sphere в (0, 0, 0)
2025-09-20 12:26:49 - ROBOTY.path_planner - DEBUG - Добавлено препятствие: sphere в (1.5, 2, 0)
2025-09-20 12:26:49 - ROBOTY.path_planner - INFO - Поиск пути от (2.0, 1.902749492298332, 0.9027494922983319) до (2.0, 1.975687373074583, 0.9756873730745829)
2025-09-20 12:26:49 - ROBOTY.path_planner - INFO - Путь найден
2025-09-20 12:26:49 - ROBOTY.path_planner - INFO - Инициализирован планировщик A* с разрешением 0.1
2025-09-20 12:26:49 - ROBOTY.path_planner - DEBUG - Добавлено препятствие: sphere в (0, 0, 0)
2025-09-20 12:26:49 - ROBOTY.path_planner - DEBUG - Добавлено препятствие: sphere в (1.5, 2, 0)
2025-09-20 12:26:49 - ROBOTY.path_planner - INFO - Поиск пути от (2.0, 1.975687373074583, 0.9756873730745829) до (2.0, 2.0, 1.0)
2025-09-20 12:26:49 - ROBOTY.path_planner - INFO - Путь найден
2025-09-20 12:26:49 - ROBOTY.path_planner - INFO - Инициализирован планировщик A* с разрешением 0.1
2025-09-20 12:26:49 - ROBOTY.path_planner - DEBUG - Добавлено препятствие: sphere в (0, 0, 0)
2025-09-20 12:26:49 - ROBOTY.path_planner - DEBUG - Добавлено препятствие: sphere в (1.5, 2, 0)
2025-09-20 12:26:49 - ROBOTY.path_planner - INFO - Поиск пути от (2.0, 2.0, 1.0) до (2, 2, 1)
2025-09-20 12:26:49 - ROBOTY.path_planner - INFO - Путь найден
2025-09-20 12:26:49 - ROBOTY.path_planner - INFO - Инициализирован планировщик A* с разрешением 0.1
2025-09-20 12:26:49 - ROBOTY.path_planner - DEBUG - Добавлено препятствие: sphere в (0, 0, 0)
2025-09-20 12:26:49 - ROBOTY.path_planner - DEBUG - Добавлено препятствие: sphere в (1.5, 2, 0)
2025-09-20 12:26:49 - ROBOTY.path_planner - INFO - Поиск пути от (2, 2, 1) до (2.0, 2.0, 1.0)
2025-09-20 12:26:49 - ROBOTY.path_planner - INFO - Путь найден
2025-09-20 12:26:49 - ROBOTY.path_planner - INFO - Инициализирован планировщик A* с разрешением 0.1
2025-09-20 12:26:49 - ROBOTY.path_planner - DEBUG - Добавлено препятствие: sphere в (0, 0, 0)
2025-09-20 12:26:49 - ROBOTY.path_planner - DEBUG - Добавлено препятствие: sphere в (1.5, 2, 0)
2025-09-20 12:26:49 - ROBOTY.path_planner - INFO - Поиск пути от (2.0, 2.0, 1.0) до (2.047378615125663, 1.952621384874337, 0.9684142565828914)
2025-09-20 12:26:49 - ROBOTY.path_planner - INFO - Путь найден
2025-09-20 12:26:49 - ROBOTY.path_planner - INFO - Инициализирован планировщик A* с разрешением 0.1
2025-09-20 12:26:49 - ROBOTY.path_planner - DEBUG - Добавлено препятствие: sphere в (0, 0, 0)
2025-09-20 12:26:49 - ROBOTY.path_planner - DEBUG - Добавлено препятствие: sphere в (1.5, 2, 0)
2025-09-20 12:26:49 - ROBOTY.path_planner - INFO - Поиск пути от (2.047378615125663, 1.952621384874337, 0.9684142565828914) до (2.1894767486412516, 1.8105232513587484, 0.873682167572499)
2025-09-20 12:26:49 - ROBOTY.path_planner - INFO - Путь найден
2025-09-20 12:26:49 - ROBOTY.path_planner - INFO - Инициализирован планировщик A* с разрешением 0.1
2025-09-20 12:26:49 - ROBOTY.path_planner - DEBUG - Добавлено препятствие: sphere в (0, 0, 0)
2025-09-20 12:26:49 - ROBOTY.path_planner - DEBUG - Добавлено препятствие: sphere в (1.5, 2, 0)
2025-09-20 12:26:49 - ROBOTY.path_planner - INFO - Поиск пути от (2.1894767486412516, 1.8105232513587484, 0.873682167572499) до (2.376317832427501, 1.623682167572499, 0.7491214450483328)
2025-09-20 12:26:49 - ROBOTY.path_planner - INFO - Путь найден
2025-09-20 12:26:49 - ROBOTY.path_planner - INFO - Инициализирован планировщик A* с разрешением 0.1
2025-09-20 12:26:49 - ROBOTY.path_planner - DEBUG - Добавлено препятствие: sphere в (0, 0, 0)
2025-09-20 12:26:49 - ROBOTY.path_planner - DEBUG - Добавлено препятствие: sphere в (1.5, 2, 0)
2025-09-20 12:26:49 - ROBOTY.path_planner - INFO - Поиск пути от (2.376317832427501, 1.623682167572499, 0.7491214450483328) до (2.5631589162137507, 1.4368410837862495, 0.6245607225241664)
2025-09-20 12:26:49 - ROBOTY.path_planner - INFO - Путь найден
2025-09-20 12:26:49 - ROBOTY.path_planner - INFO - Инициализирован планировщик A* с разрешением 0.1
2025-09-20 12:26:49 - ROBOTY.path_planner - DEBUG - Добавлено препятствие: sphere в (0, 0, 0)
2025-09-20 12:26:49 - ROBOTY.path_planner - DEBUG - Добавлено препятствие: sphere в (1.5, 2, 0)
2025-09-20 12:26:49 - ROBOTY.path_planner - INFO - Поиск пути от (2.5631589162137507, 1.4368410837862495, 0.6245607225241664) до (2.75, 1.25, 0.5)
2025-09-20 12:26:49 - ROBOTY.path_planner - INFO - Путь найден
2025-09-20 12:26:49 - ROBOTY.path_planner - INFO - Инициализирован планировщик A* с разрешением 0.1
2025-09-20 12:26:49 - ROBOTY.path_planner - DEBUG - Добавлено препятствие: sphere в (0, 0, 0)
2025-09-20 12:26:49 - ROBOTY.path_planner - DEBUG - Добавлено препятствие: sphere в (1.5, 2, 0)
2025-09-20 12:26:49 - ROBOTY.path_planner - INFO - Поиск пути от (2.75, 1.25, 0.5) до (2.9368410837862493, 1.0631589162137507, 0.3754392774758337)
2025-09-20 12:26:49 - ROBOTY.path_planner - INFO - Путь найден
2025-09-20 12:26:49 - ROBOTY.path_planner - INFO - Инициализирован планировщик A* с разрешением 0.1
2025-09-20 12:26:49 - ROBOTY.path_planner - DEBUG - Добавлено препятствие: sphere в (0, 0, 0)
2025-09-20 12:26:49 - ROBOTY.path_planner - DEBUG - Добавлено препятствие: sphere в (1.5, 2, 0)
2025-09-20 12:26:49 - ROBOTY.path_planner - INFO - Поиск пути от (2.9368410837862493, 1.0631589162137507, 0.3754392774758337) до (3.123682167572499, 0.8763178324275009, 0.25087855495166744)
2025-09-20 12:26:49 - ROBOTY.path_planner - INFO - Путь найден
2025-09-20 12:26:49 - ROBOTY.path_planner - INFO - Инициализирован планировщик A* с разрешением 0.1
2025-09-20 12:26:49 - ROBOTY.path_planner - DEBUG - Добавлено препятствие: sphere в (0, 0, 0)
2025-09-20 12:26:49 - ROBOTY.path_planner - DEBUG - Добавлено препятствие: sphere в (1.5, 2, 0)
2025-09-20 12:26:49 - ROBOTY.path_planner - INFO - Поиск пути от (3.123682167572499, 0.8763178324275009, 0.25087855495166744) до (3.310523251358749, 0.6894767486412514, 0.12631783242750105)
2025-09-20 12:26:49 - ROBOTY.path_planner - INFO - Путь найден
2025-09-20 12:26:49 - ROBOTY.path_planner - INFO - Инициализирован планировщик A* с разрешением 0.1
2025-09-20 12:26:49 - ROBOTY.path_planner - DEBUG - Добавлено препятствие: sphere в (0, 0, 0)
2025-09-20 12:26:49 - ROBOTY.path_planner - DEBUG - Добавлено препятствие: sphere в (1.5, 2, 0)
2025-09-20 12:26:49 - ROBOTY.path_planner - INFO - Поиск пути от (3.310523251358749, 0.6894767486412514, 0.12631783242750105) до (3.452621384874337, 0.547378615125663, 0.031585743417108736)
2025-09-20 12:26:49 - ROBOTY.path_planner - INFO - Путь найден
2025-09-20 12:26:49 - ROBOTY.path_planner - INFO - Инициализирован планировщик A* с разрешением 0.1
2025-09-20 12:26:49 - ROBOTY.path_planner - DEBUG - Добавлено препятствие: sphere в (0, 0, 0)
2025-09-20 12:26:49 - ROBOTY.path_planner - DEBUG - Добавлено препятствие: sphere в (1.5, 2, 0)
2025-09-20 12:26:49 - ROBOTY.path_planner - INFO - Поиск пути от (3.452621384874337, 0.547378615125663, 0.031585743417108736) до (3.5, 0.4999999999999998, 0.0)
2025-09-20 12:26:49 - ROBOTY.path_planner - INFO - Путь найден
2025-09-20 12:26:49 - ROBOTY.path_planner - INFO - Инициализирован планировщик A* с разрешением 0.1
2025-09-20 12:26:49 - ROBOTY.path_planner - DEBUG - Добавлено препятствие: sphere в (0, 0, 0)
2025-09-20 12:26:49 - ROBOTY.path_planner - DEBUG - Добавлено препятствие: sphere в (1.5, 2, 0)
2025-09-20 12:26:49 - ROBOTY.path_planner - INFO - Поиск пути от (3.5, 0.4999999999999998, 0.0) до (3.5, 0.5, 0)
2025-09-20 12:26:49 - ROBOTY.path_planner - INFO - Путь найден
2025-09-20 12:26:49 - ROBOTY.path_planner - INFO - Инициализирован планировщик A* с разрешением 0.1
2025-09-20 12:26:49 - ROBOTY.path_planner - DEBUG - Добавлено препятствие: sphere в (0, 0, 0)
2025-09-20 12:26:49 - ROBOTY.path_planner - DEBUG - Добавлено препятствие: sphere в (1.5, 2, 0)
2025-09-20 12:26:49 - ROBOTY.path_planner - INFO - Поиск пути от (3.5, 0.5, 0) до (3.5, 0.5, 0.0)
2025-09-20 12:26:49 - ROBOTY.path_planner - INFO - Путь найден
2025-09-20 12:26:49 - ROBOTY.path_planner - INFO - Инициализирован планировщик A* с разрешением 0.1
2025-09-20 12:26:49 - ROBOTY.path_planner - DEBUG - Добавлено препятствие: sphere в (0, 0, 0)
2025-09-20 12:26:49 - ROBOTY.path_planner - DEBUG - Добавлено препятствие: sphere в (1.5, 2, 0)
2025-09-20 12:26:49 - ROBOTY.path_planner - INFO - Поиск пути от (3.5, 0.5, 0.0) до (3.5, 0.5222811064624227, 0.011140553231211301)
2025-09-20 12:26:49 - ROBOTY.path_planner - INFO - Путь найден
2025-09-20 12:26:49 - ROBOTY.path_planner - INFO - Инициализирован планировщик A* с разрешением 0.1
2025-09-20 12:26:49 - ROBOTY.path_planner - DEBUG - Добавлено препятствие: sphere в (0, 0, 0)
2025-09-20 12:26:49 - ROBOTY.path_planner - DEBUG - Добавлено препятствие: sphere в (1.5, 2, 0)
2025-09-20 12:26:49 - ROBOTY.path_planner - INFO - Поиск пути от (3.5, 0.5222811064624227, 0.011140553231211301) до (3.5, 0.5891244258496904, 0.044562212924845204)
2025-09-20 12:26:49 - ROBOTY.path_planner - INFO - Путь найден
2025-09-20 12:26:49 - ROBOTY.path_planner - INFO - Инициализирован планировщик A* с разрешением 0.1
2025-09-20 12:26:49 - ROBOTY.path_planner - DEBUG - Добавлено препятствие: sphere в (0, 0, 0)
2025-09-20 12:26:49 - ROBOTY.path_planner - DEBUG - Добавлено препятствие: sphere в (1.5, 2, 0)
2025-09-20 12:26:49 - ROBOTY.path_planner - INFO - Поиск пути от (3.5, 0.5891244258496904, 0.044562212924845204) до (3.5, 0.7005299581618034, 0.10026497908090168)
2025-09-20 12:26:49 - ROBOTY.path_planner - INFO - Путь найден
2025-09-20 12:26:49 - ROBOTY.path_planner - INFO - Инициализирован планировщик A* с разрешением 0.1
2025-09-20 12:26:49 - ROBOTY.path_planner - DEBUG - Добавлено препятствие: sphere в (0, 0, 0)
2025-09-20 12:26:49 - ROBOTY.path_planner - DEBUG - Добавлено препятствие: sphere в (1.5, 2, 0)
2025-09-20 12:26:49 - ROBOTY.path_planner - INFO - Поиск пути от (3.5, 0.7005299581618034, 0.10026497908090168) до (3.5, 0.8484809937984049, 0.17424049689920246)
2025-09-20 12:26:49 - ROBOTY.path_planner - INFO - Путь найден
2025-09-20 12:26:49 - ROBOTY.path_planner - INFO - Инициализирован планировщик A* с разрешением 0.1
2025-09-20 12:26:49 - ROBOTY.path_planner - DEBUG - Добавлено препятствие: sphere в (0, 0, 0)
2025-09-20 12:26:49 - ROBOTY.path_planner - DEBUG - Добавлено препятствие: sphere в (1.5, 2, 0)
2025-09-20 12:26:49 - ROBOTY.path_planner - INFO - Поиск пути от (3.5, 0.8484809937984049, 0.17424049689920246) до (3.5, 1.0, 0.25)
2025-09-20 12:26:49 - ROBOTY.path_planner - INFO - Путь найден
2025-09-20 12:26:49 - ROBOTY.path_planner - INFO - Инициализирован планировщик A* с разрешением 0.1
2025-09-20 12:26:49 - ROBOTY.path_planner - DEBUG - Добавлено препятствие: sphere в (0, 0, 0)
2025-09-20 12:26:49 - ROBOTY.path_planner - DEBUG - Добавлено препятствие: sphere в (1.5, 2, 0)
2025-09-20 12:26:49 - ROBOTY.path_planner - INFO - Поиск пути от (3.5, 1.0, 0.25) до (3.5, 1.1515190062015952, 0.32575950310079754)
2025-09-20 12:26:49 - ROBOTY.path_planner - INFO - Путь найден
2025-09-20 12:26:49 - ROBOTY.path_planner - INFO - Инициализирован планировщик A* с разрешением 0.1
2025-09-20 12:26:49 - ROBOTY.path_planner - DEBUG - Добавлено препятствие: sphere в (0, 0, 0)
2025-09-20 12:26:49 - ROBOTY.path_planner - DEBUG - Добавлено препятствие: sphere в (1.5, 2, 0)
2025-09-20 12:26:49 - ROBOTY.path_planner - INFO - Поиск пути от (3.5, 1.1515190062015952, 0.32575950310079754) до (3.5, 1.2994700418381966, 0.3997350209190983)
2025-09-20 12:26:49 - ROBOTY.path_planner - INFO - Путь найден
2025-09-20 12:26:49 - ROBOTY.path_planner - INFO - Инициализирован планировщик A* с разрешением 0.1
2025-09-20 12:26:49 - ROBOTY.path_planner - DEBUG - Добавлено препятствие: sphere в (0, 0, 0)
2025-09-20 12:26:49 - ROBOTY.path_planner - DEBUG - Добавлено препятствие: sphere в (1.5, 2, 0)
2025-09-20 12:26:49 - ROBOTY.path_planner - INFO - Поиск пути от (3.5, 1.2994700418381966, 0.3997350209190983) до (3.5, 1.4108755741503098, 0.45543778707515487)
2025-09-20 12:26:49 - ROBOTY.path_planner - INFO - Путь найден
2025-09-20 12:26:49 - ROBOTY.path_planner - INFO - Инициализирован планировщик A* с разрешением 0.1
2025-09-20 12:26:49 - ROBOTY.path_planner - DEBUG - Добавлено препятствие: sphere в (0, 0, 0)
2025-09-20 12:26:49 - ROBOTY.path_planner - DEBUG - Добавлено препятствие: sphere в (1.5, 2, 0)
2025-09-20 12:26:49 - ROBOTY.path_planner - INFO - Поиск пути от (3.5, 1.4108755741503098, 0.45543778707515487) до (3.5, 1.4777188935375776, 0.48885944676878873)
2025-09-20 12:26:49 - ROBOTY.path_planner - INFO - Путь найден
2025-09-20 12:26:49 - ROBOTY.path_planner - INFO - Инициализирован планировщик A* с разрешением 0.1
2025-09-20 12:26:49 - ROBOTY.path_planner - DEBUG - Добавлено препятствие: sphere в (0, 0, 0)
2025-09-20 12:26:49 - ROBOTY.path_planner - DEBUG - Добавлено препятствие: sphere в (1.5, 2, 0)
2025-09-20 12:26:49 - ROBOTY.path_planner - INFO - Поиск пути от (3.5, 1.4777188935375776, 0.48885944676878873) до (3.5, 1.5, 0.5)
2025-09-20 12:26:49 - ROBOTY.path_planner - INFO - Путь найден
2025-09-20 12:26:49 - ROBOTY.path_planner - INFO - Инициализирован планировщик A* с разрешением 0.1
2025-09-20 12:26:49 - ROBOTY.path_planner - DEBUG - Добавлено препятствие: sphere в (0, 0, 0)
2025-09-20 12:26:49 - ROBOTY.path_planner - DEBUG - Добавлено препятствие: sphere в (1.5, 2, 0)
2025-09-20 12:26:49 - ROBOTY.path_planner - INFO - Поиск пути от (3.5, 1.5, 0.5) до (3.5, 1.5, 0.5)
2025-09-20 12:26:49 - ROBOTY.path_planner - INFO - Путь найден
2025-09-20 12:26:49 - ROBOTY.planner - DEBUG - Планирование траектории для робота 3 с 2 операциями
2025-09-20 12:26:49 - ROBOTY.planner - DEBUG - Планирование траектории для робота с 2 операциями
2025-09-20 12:26:49 - ROBOTY.planner - DEBUG - Операция 1 запланирована, время завершения: 5.83
2025-09-20 12:26:49 - ROBOTY.planner - DEBUG - Операция 2 запланирована, время завершения: 11.27
2025-09-20 12:26:49 - ROBOTY.planner - INFO - Траектория робота запланирована, общее время: 11.27
2025-09-20 12:26:49 - ROBOTY.planner - DEBUG - Применяем планирование пути для робота 3
2025-09-20 12:26:49 - ROBOTY.path_planner - INFO - Инициализирован планировщик A* с разрешением 0.1
2025-09-20 12:26:49 - ROBOTY.path_planner - DEBUG - Добавлено препятствие: sphere в (0, 0, 0)
2025-09-20 12:26:49 - ROBOTY.path_planner - DEBUG - Добавлено препятствие: sphere в (3, 0, 0)
2025-09-20 12:26:49 - ROBOTY.path_planner - INFO - Поиск пути от (1.5, 2.0, 0.0) до (1.4874949639267687, 1.9749899278535374, 0.0)
2025-09-20 12:26:49 - ROBOTY.path_planner - INFO - Путь найден
2025-09-20 12:26:49 - ROBOTY.path_planner - INFO - Инициализирован планировщик A* с разрешением 0.1
2025-09-20 12:26:49 - ROBOTY.path_planner - DEBUG - Добавлено препятствие: sphere в (0, 0, 0)
2025-09-20 12:26:49 - ROBOTY.path_planner - DEBUG - Добавлено препятствие: sphere в (3, 0, 0)
2025-09-20 12:26:49 - ROBOTY.path_planner - INFO - Поиск пути от (1.4874949639267687, 1.9749899278535374, 0.0) до (1.4499798557070747, 1.8999597114141493, 0.0)
2025-09-20 12:26:49 - ROBOTY.path_planner - INFO - Путь найден
2025-09-20 12:26:49 - ROBOTY.path_planner - INFO - Инициализирован планировщик A* с разрешением 0.1
2025-09-20 12:26:49 - ROBOTY.path_planner - DEBUG - Добавлено препятствие: sphere в (0, 0, 0)
2025-09-20 12:26:49 - ROBOTY.path_planner - DEBUG - Добавлено препятствие: sphere в (3, 0, 0)
2025-09-20 12:26:49 - ROBOTY.path_planner - INFO - Поиск пути от (1.4499798557070747, 1.8999597114141493, 0.0) до (1.3881622268159963, 1.7763244536319929, 0.0)
2025-09-20 12:26:49 - ROBOTY.path_planner - INFO - Путь найден
2025-09-20 12:26:49 - ROBOTY.path_planner - INFO - Инициализирован планировщик A* с разрешением 0.1
2025-09-20 12:26:49 - ROBOTY.path_planner - DEBUG - Добавлено препятствие: sphere в (0, 0, 0)
2025-09-20 12:26:49 - ROBOTY.path_planner - DEBUG - Добавлено препятствие: sphere в (3, 0, 0)
2025-09-20 12:26:49 - ROBOTY.path_planner - INFO - Поиск пути от (1.3881622268159963, 1.7763244536319929, 0.0) до (1.3190811134079983, 1.6381622268159963, 0.0)
2025-09-20 12:26:49 - ROBOTY.path_planner - INFO - Путь найден
2025-09-20 12:26:49 - ROBOTY.path_planner - INFO - Инициализирован планировщик A* с разрешением 0.1
2025-09-20 12:26:49 - ROBOTY.path_planner - DEBUG - Добавлено препятствие: sphere в (0, 0, 0)
2025-09-20 12:26:49 - ROBOTY.path_planner - DEBUG - Добавлено препятствие: sphere в (3, 0, 0)
2025-09-20 12:26:49 - ROBOTY.path_planner - INFO - Поиск пути от (1.3190811134079983, 1.6381622268159963, 0.0) до (1.25, 1.5, 0.0)
2025-09-20 12:26:49 - ROBOTY.path_planner - INFO - Путь найден
2025-09-20 12:26:49 - ROBOTY.path_planner - INFO - Инициализирован планировщик A* с разрешением 0.1
2025-09-20 12:26:49 - ROBOTY.path_planner - DEBUG - Добавлено препятствие: sphere в (0, 0, 0)
2025-09-20 12:26:49 - ROBOTY.path_planner - DEBUG - Добавлено препятствие: sphere в (3, 0, 0)
2025-09-20 12:26:49 - ROBOTY.path_planner - INFO - Поиск пути от (1.25, 1.5, 0.0) до (1.1809188865920017, 1.3618377731840037, 0.0)
2025-09-20 12:26:49 - ROBOTY.path_planner - INFO - Путь найден
2025-09-20 12:26:49 - ROBOTY.path_planner - INFO - Инициализирован планировщик A* с разрешением 0.1
2025-09-20 12:26:49 - ROBOTY.path_planner - DEBUG - Добавлено препятствие: sphere в (0, 0, 0)
2025-09-20 12:26:49 - ROBOTY.path_planner - DEBUG - Добавлено препятствие: sphere в (3, 0, 0)
2025-09-20 12:26:49 - ROBOTY.path_planner - INFO - Поиск пути от (1.1809188865920017, 1.3618377731840037, 0.0) до (1.1118377731840037, 1.2236755463680073, 0.0)
2025-09-20 12:26:49 - ROBOTY.path_planner - INFO - Путь найден
2025-09-20 12:26:49 - ROBOTY.path_planner - INFO - Инициализирован планировщик A* с разрешением 0.1
2025-09-20 12:26:49 - ROBOTY.path_planner - DEBUG - Добавлено препятствие: sphere в (0, 0, 0)
2025-09-20 12:26:49 - ROBOTY.path_planner - DEBUG - Добавлено препятствие: sphere в (3, 0, 0)
2025-09-20 12:26:49 - ROBOTY.path_planner - INFO - Поиск пути от (1.1118377731840037, 1.2236755463680073, 0.0) до (1.0500201442929253, 1.1000402885858507, 0.0)
2025-09-20 12:26:49 - ROBOTY.path_planner - INFO - Путь найден
2025-09-20 12:26:49 - ROBOTY.path_planner - INFO - Инициализирован планировщик A* с разрешением 0.1
2025-09-20 12:26:49 - ROBOTY.path_planner - DEBUG - Добавлено препятствие: sphere в (0, 0, 0)
2025-09-20 12:26:49 - ROBOTY.path_planner - DEBUG - Добавлено препятствие: sphere в (3, 0, 0)
2025-09-20 12:26:49 - ROBOTY.path_planner - INFO - Поиск пути от (1.0500201442929253, 1.1000402885858507, 0.0) до (1.0125050360732315, 1.025010072146463, 0.0)
2025-09-20 12:26:49 - ROBOTY.path_planner - INFO - Путь найден
2025-09-20 12:26:49 - ROBOTY.path_planner - INFO - Инициализирован планировщик A* с разрешением 0.1
2025-09-20 12:26:49 - ROBOTY.path_planner - DEBUG - Добавлено препятствие: sphere в (0, 0, 0)
2025-09-20 12:26:49 - ROBOTY.path_planner - DEBUG - Добавлено препятствие: sphere в (3, 0, 0)
2025-09-20 12:26:49 - ROBOTY.path_planner - INFO - Поиск пути от (1.0125050360732315, 1.025010072146463, 0.0) до (1.0, 1.0, 0.0)
2025-09-20 12:26:49 - ROBOTY.path_planner - INFO - Путь найден
2025-09-20 12:26:49 - ROBOTY.path_planner - INFO - Инициализирован планировщик A* с разрешением 0.1
2025-09-20 12:26:49 - ROBOTY.path_planner - DEBUG - Добавлено препятствие: sphere в (0, 0, 0)
2025-09-20 12:26:49 - ROBOTY.path_planner - DEBUG - Добавлено препятствие: sphere в (3, 0, 0)
2025-09-20 12:26:49 - ROBOTY.path_planner - INFO - Поиск пути от (1.0, 1.0, 0.0) до (1, 1, 0)
2025-09-20 12:26:49 - ROBOTY.path_planner - INFO - Путь найден
2025-09-20 12:26:49 - ROBOTY.path_planner - INFO - Инициализирован планировщик A* с разрешением 0.1
2025-09-20 12:26:49 - ROBOTY.path_planner - DEBUG - Добавлено препятствие: sphere в (0, 0, 0)
2025-09-20 12:26:49 - ROBOTY.path_planner - DEBUG - Добавлено препятствие: sphere в (3, 0, 0)
2025-09-20 12:26:49 - ROBOTY.path_planner - INFO - Поиск пути от (1, 1, 0) до (1.0, 1.0, 0.0)
2025-09-20 12:26:49 - ROBOTY.path_planner - INFO - Путь найден
2025-09-20 12:26:49 - ROBOTY.path_planner - INFO - Инициализирован планировщик A* с разрешением 0.1
2025-09-20 12:26:49 - ROBOTY.path_planner - DEBUG - Добавлено препятствие: sphere в (0, 0, 0)
2025-09-20 12:26:49 - ROBOTY.path_planner - DEBUG - Добавлено препятствие: sphere в (3, 0, 0)
2025-09-20 12:26:49 - ROBOTY.path_planner - INFO - Поиск пути от (1.0, 1.0, 0.0) до (1.0, 1.028081309650591, 0.028081309650591007)
2025-09-20 12:26:49 - ROBOTY.path_planner - INFO - Путь найден
2025-09-20 12:26:49 - ROBOTY.path_planner - INFO - Инициализирован планировщик A* с разрешением 0.1
2025-09-20 12:26:49 - ROBOTY.path_planner - DEBUG - Добавлено препятствие: sphere в (0, 0, 0)
2025-09-20 12:26:49 - ROBOTY.path_planner - DEBUG - Добавлено препятствие: sphere в (3, 0, 0)
2025-09-20 12:26:49 - ROBOTY.path_planner - INFO - Поиск пути от (1.0, 1.028081309650591, 0.028081309650591007) до (1.0, 1.112325238602364, 0.11232523860236403)
2025-09-20 12:26:49 - ROBOTY.path_planner - INFO - Путь найден
2025-09-20 12:26:49 - ROBOTY.path_planner - INFO - Инициализирован планировщик A* с разрешением 0.1
2025-09-20 12:26:49 - ROBOTY.path_planner - DEBUG - Добавлено препятствие: sphere в (0, 0, 0)
2025-09-20 12:26:49 - ROBOTY.path_planner - DEBUG - Добавлено препятствие: sphere в (3, 0, 0)
2025-09-20 12:26:49 - ROBOTY.path_planner - INFO - Поиск пути от (1.0, 1.112325238602364, 0.11232523860236403) до (1.0, 1.239660221338748, 0.23966022133874793)
2025-09-20 12:26:49 - ROBOTY.path_planner - INFO - Путь найден
2025-09-20 12:26:49 - ROBOTY.path_planner - INFO - Инициализирован планировщик A* с разрешением 0.1
2025-09-20 12:26:49 - ROBOTY.path_planner - DEBUG - Добавлено препятствие: sphere в (0, 0, 0)
2025-09-20 12:26:49 - ROBOTY.path_planner - DEBUG - Добавлено препятствие: sphere в (3, 0, 0)
2025-09-20 12:26:49 - ROBOTY.path_planner - INFO - Поиск пути от (1.0, 1.239660221338748, 0.23966022133874793) до (1.0, 1.369830110669374, 0.36983011066937393)
2025-09-20 12:26:49 - ROBOTY.path_planner - INFO - Путь найден
2025-09-20 12:26:49 - ROBOTY.path_planner - INFO - Инициализирован планировщик A* с разрешением 0.1
2025-09-20 12:26:49 - ROBOTY.path_planner - DEBUG - Добавлено препятствие: sphere в (0, 0, 0)
2025-09-20 12:26:49 - ROBOTY.path_planner - DEBUG - Добавлено препятствие: sphere в (3, 0, 0)
2025-09-20 12:26:49 - ROBOTY.path_planner - INFO - Поиск пути от (1.0, 1.369830110669374, 0.36983011066937393) до (1.0, 1.5, 0.4999999999999999)
2025-09-20 12:26:49 - ROBOTY.path_planner - INFO - Путь найден
2025-09-20 12:26:49 - ROBOTY.path_planner - INFO - Инициализирован планировщик A* с разрешением 0.1
2025-09-20 12:26:49 - ROBOTY.path_planner - DEBUG - Добавлено препятствие: sphere в (0, 0, 0)
2025-09-20 12:26:49 - ROBOTY.path_planner - DEBUG - Добавлено препятствие: sphere в (3, 0, 0)
2025-09-20 12:26:49 - ROBOTY.path_planner - INFO - Поиск пути от (1.0, 1.5, 0.4999999999999999) до (1.0, 1.630169889330626, 0.630169889330626)
2025-09-20 12:26:49 - ROBOTY.path_planner - INFO - Путь найден
2025-09-20 12:26:49 - ROBOTY.path_planner - INFO - Инициализирован планировщик A* с разрешением 0.1
2025-09-20 12:26:49 - ROBOTY.path_planner - DEBUG - Добавлено препятствие: sphere в (0, 0, 0)
2025-09-20 12:26:49 - ROBOTY.path_planner - DEBUG - Добавлено препятствие: sphere в (3, 0, 0)
2025-09-20 12:26:49 - ROBOTY.path_planner - INFO - Поиск пути от (1.0, 1.630169889330626, 0.630169889330626) до (1.0, 1.760339778661252, 0.7603397786612521)
2025-09-20 12:26:49 - ROBOTY.path_planner - INFO - Путь найден
2025-09-20 12:26:49 - ROBOTY.path_planner - INFO - Инициализирован планировщик A* с разрешением 0.1
2025-09-20 12:26:49 - ROBOTY.path_planner - DEBUG - Добавлено препятствие: sphere в (0, 0, 0)
2025-09-20 12:26:49 - ROBOTY.path_planner - DEBUG - Добавлено препятствие: sphere в (3, 0, 0)
2025-09-20 12:26:49 - ROBOTY.path_planner - INFO - Поиск пути от (1.0, 1.760339778661252, 0.7603397786612521) до (1.0, 1.8876747613976361, 0.887674761397636)
2025-09-20 12:26:49 - ROBOTY.path_planner - INFO - Путь найден
2025-09-20 12:26:49 - ROBOTY.path_planner - INFO - Инициализирован планировщик A* с разрешением 0.1
2025-09-20 12:26:49 - ROBOTY.path_planner - DEBUG - Добавлено препятствие: sphere в (0, 0, 0)
2025-09-20 12:26:49 - ROBOTY.path_planner - DEBUG - Добавлено препятствие: sphere в (3, 0, 0)
2025-09-20 12:26:49 - ROBOTY.path_planner - INFO - Поиск пути от (1.0, 1.8876747613976361, 0.887674761397636) до (1.0, 1.9719186903494093, 0.9719186903494091)
2025-09-20 12:26:49 - ROBOTY.path_planner - INFO - Путь найден
2025-09-20 12:26:49 - ROBOTY.path_planner - INFO - Инициализирован планировщик A* с разрешением 0.1
2025-09-20 12:26:49 - ROBOTY.path_planner - DEBUG - Добавлено препятствие: sphere в (0, 0, 0)
2025-09-20 12:26:49 - ROBOTY.path_planner - DEBUG - Добавлено препятствие: sphere в (3, 0, 0)
2025-09-20 12:26:49 - ROBOTY.path_planner - INFO - Поиск пути от (1.0, 1.9719186903494093, 0.9719186903494091) до (1.0, 2.0, 1.0000000000000002)
2025-09-20 12:26:49 - ROBOTY.path_planner - INFO - Путь найден
2025-09-20 12:26:49 - ROBOTY.path_planner - INFO - Инициализирован планировщик A* с разрешением 0.1
2025-09-20 12:26:49 - ROBOTY.path_planner - DEBUG - Добавлено препятствие: sphere в (0, 0, 0)
2025-09-20 12:26:49 - ROBOTY.path_planner - DEBUG - Добавлено препятствие: sphere в (3, 0, 0)
2025-09-20 12:26:49 - ROBOTY.path_planner - INFO - Поиск пути от (1.0, 2.0, 1.0000000000000002) до (1, 2, 1)
2025-09-20 12:26:49 - ROBOTY.path_planner - INFO - Путь найден
2025-09-20 12:26:49 - ROBOTY.path_planner - INFO - Инициализирован планировщик A* с разрешением 0.1
2025-09-20 12:26:49 - ROBOTY.path_planner - DEBUG - Добавлено препятствие: sphere в (0, 0, 0)
2025-09-20 12:26:49 - ROBOTY.path_planner - DEBUG - Добавлено препятствие: sphere в (3, 0, 0)
2025-09-20 12:26:49 - ROBOTY.path_planner - INFO - Поиск пути от (1, 2, 1) до (1.0, 2.0, 1.0)
2025-09-20 12:26:49 - ROBOTY.path_planner - INFO - Путь найден
2025-09-20 12:26:49 - ROBOTY.path_planner - INFO - Инициализирован планировщик A* с разрешением 0.1
2025-09-20 12:26:49 - ROBOTY.path_planner - DEBUG - Добавлено препятствие: sphere в (0, 0, 0)
2025-09-20 12:26:49 - ROBOTY.path_planner - DEBUG - Добавлено препятствие: sphere в (3, 0, 0)
2025-09-20 12:26:49 - ROBOTY.path_planner - INFO - Поиск пути от (1.0, 2.0, 1.0) до (0.9940381252047898, 1.9642287512287393, 0.9701906260239495)
2025-09-20 12:26:49 - ROBOTY.path_planner - INFO - Путь найден
2025-09-20 12:26:49 - ROBOTY.path_planner - INFO - Инициализирован планировщик A* с разрешением 0.1
2025-09-20 12:26:49 - ROBOTY.path_planner - DEBUG - Добавлено препятствие: sphere в (0, 0, 0)
2025-09-20 12:26:49 - ROBOTY.path_planner - DEBUG - Добавлено препятствие: sphere в (3, 0, 0)
2025-09-20 12:26:49 - ROBOTY.path_planner - INFO - Поиск пути от (0.9940381252047898, 1.9642287512287393, 0.9701906260239495) до (0.9761525008191596, 1.8569150049149572, 0.8807625040957978)
2025-09-20 12:26:49 - ROBOTY.path_planner - INFO - Путь найден
2025-09-20 12:26:49 - ROBOTY.path_planner - INFO - Инициализирован планировщик A* с разрешением 0.1
2025-09-20 12:26:49 - ROBOTY.path_planner - DEBUG - Добавлено препятствие: sphere в (0, 0, 0)
2025-09-20 12:26:49 - ROBOTY.path_planner - DEBUG - Добавлено препятствие: sphere в (3, 0, 0)
2025-09-20 12:26:49 - ROBOTY.path_planner - INFO - Поиск пути от (0.9761525008191596, 1.8569150049149572, 0.8807625040957978) до (0.9508373441706829, 1.7050240650240975, 0.7541867208534145)
2025-09-20 12:26:49 - ROBOTY.path_planner - INFO - Путь найден
2025-09-20 12:26:49 - ROBOTY.path_planner - INFO - Инициализирован планировщик A* с разрешением 0.1
2025-09-20 12:26:49 - ROBOTY.path_planner - DEBUG - Добавлено препятствие: sphere в (0, 0, 0)
2025-09-20 12:26:49 - ROBOTY.path_planner - DEBUG - Добавлено препятствие: sphere в (3, 0, 0)
2025-09-20 12:26:49 - ROBOTY.path_planner - INFO - Поиск пути от (0.9508373441706829, 1.7050240650240975, 0.7541867208534145) до (0.9254186720853415, 1.5525120325120487, 0.6270933604267073)
2025-09-20 12:26:49 - ROBOTY.path_planner - INFO - Путь найден
2025-09-20 12:26:49 - ROBOTY.path_planner - INFO - Инициализирован планировщик A* с разрешением 0.1
2025-09-20 12:26:49 - ROBOTY.path_planner - DEBUG - Добавлено препятствие: sphere в (0, 0, 0)
2025-09-20 12:26:49 - ROBOTY.path_planner - DEBUG - Добавлено препятствие: sphere в (3, 0, 0)
2025-09-20 12:26:49 - ROBOTY.path_planner - INFO - Поиск пути от (0.9254186720853415, 1.5525120325120487, 0.6270933604267073) до (0.9, 1.4, 0.4999999999999999)
2025-09-20 12:26:49 - ROBOTY.path_planner - INFO - Путь найден
2025-09-20 12:26:49 - ROBOTY.path_planner - INFO - Инициализирован планировщик A* с разрешением 0.1
2025-09-20 12:26:49 - ROBOTY.path_planner - DEBUG - Добавлено препятствие: sphere в (0, 0, 0)
2025-09-20 12:26:49 - ROBOTY.path_planner - DEBUG - Добавлено препятствие: sphere в (3, 0, 0)
2025-09-20 12:26:49 - ROBOTY.path_planner - INFO - Поиск пути от (0.9, 1.4, 0.4999999999999999) до (0.8745813279146586, 1.247487967487951, 0.3729066395732926)
2025-09-20 12:26:49 - ROBOTY.path_planner - INFO - Путь найден
2025-09-20 12:26:49 - ROBOTY.path_planner - INFO - Инициализирован планировщик A* с разрешением 0.1
2025-09-20 12:26:49 - ROBOTY.path_planner - DEBUG - Добавлено препятствие: sphere в (0, 0, 0)
2025-09-20 12:26:49 - ROBOTY.path_planner - DEBUG - Добавлено препятствие: sphere в (3, 0, 0)
2025-09-20 12:26:49 - ROBOTY.path_planner - INFO - Поиск пути от (0.8745813279146586, 1.247487967487951, 0.3729066395732926) до (0.849162655829317, 1.0949759349759023, 0.24581327914658513)
2025-09-20 12:26:49 - ROBOTY.path_planner - INFO - Путь найден
2025-09-20 12:26:49 - ROBOTY.path_planner - INFO - Инициализирован планировщик A* с разрешением 0.1
2025-09-20 12:26:49 - ROBOTY.path_planner - DEBUG - Добавлено препятствие: sphere в (0, 0, 0)
2025-09-20 12:26:49 - ROBOTY.path_planner - DEBUG - Добавлено препятствие: sphere в (3, 0, 0)
2025-09-20 12:26:49 - ROBOTY.path_planner - INFO - Поиск пути от (0.849162655829317, 1.0949759349759023, 0.24581327914658513) до (0.8238474991808404, 0.9430849950850424, 0.11923749590420185)
2025-09-20 12:26:49 - ROBOTY.path_planner - INFO - Путь найден
2025-09-20 12:26:49 - ROBOTY.path_planner - INFO - Инициализирован планировщик A* с разрешением 0.1
2025-09-20 12:26:49 - ROBOTY.path_planner - DEBUG - Добавлено препятствие: sphere в (0, 0, 0)
2025-09-20 12:26:49 - ROBOTY.path_planner - DEBUG - Добавлено препятствие: sphere в (3, 0, 0)
2025-09-20 12:26:49 - ROBOTY.path_planner - INFO - Поиск пути от (0.8238474991808404, 0.9430849950850424, 0.11923749590420185) до (0.8059618747952101, 0.8357712487712603, 0.029809373976050213)
2025-09-20 12:26:49 - ROBOTY.path_planner - INFO - Путь найден
2025-09-20 12:26:49 - ROBOTY.path_planner - INFO - Инициализирован планировщик A* с разрешением 0.1
2025-09-20 12:26:49 - ROBOTY.path_planner - DEBUG - Добавлено препятствие: sphere в (0, 0, 0)
2025-09-20 12:26:49 - ROBOTY.path_planner - DEBUG - Добавлено препятствие: sphere в (3, 0, 0)
2025-09-20 12:26:49 - ROBOTY.path_planner - INFO - Поиск пути от (0.8059618747952101, 0.8357712487712603, 0.029809373976050213) до (0.8, 0.7999999999999998, -2.220446049250313e-16)
2025-09-20 12:26:49 - ROBOTY.path_planner - INFO - Путь найден
2025-09-20 12:26:49 - ROBOTY.path_planner - INFO - Инициализирован планировщик A* с разрешением 0.1
2025-09-20 12:26:49 - ROBOTY.path_planner - DEBUG - Добавлено препятствие: sphere в (0, 0, 0)
2025-09-20 12:26:49 - ROBOTY.path_planner - DEBUG - Добавлено препятствие: sphere в (3, 0, 0)
2025-09-20 12:26:49 - ROBOTY.path_planner - INFO - Поиск пути от (0.8, 0.7999999999999998, -2.220446049250313e-16) до (0.8, 0.8, 0)
2025-09-20 12:26:49 - ROBOTY.path_planner - INFO - Путь найден
2025-09-20 12:26:49 - ROBOTY.path_planner - INFO - Инициализирован планировщик A* с разрешением 0.1
2025-09-20 12:26:49 - ROBOTY.path_planner - DEBUG - Добавлено препятствие: sphere в (0, 0, 0)
2025-09-20 12:26:49 - ROBOTY.path_planner - DEBUG - Добавлено препятствие: sphere в (3, 0, 0)
2025-09-20 12:26:49 - ROBOTY.path_planner - INFO - Поиск пути от (0.8, 0.8, 0) до (0.8, 0.8, 0.0)
2025-09-20 12:26:49 - ROBOTY.path_planner - INFO - Путь найден
2025-09-20 12:26:49 - ROBOTY.path_planner - INFO - Инициализирован планировщик A* с разрешением 0.1
2025-09-20 12:26:49 - ROBOTY.path_planner - DEBUG - Добавлено препятствие: sphere в (0, 0, 0)
2025-09-20 12:26:49 - ROBOTY.path_planner - DEBUG - Добавлено препятствие: sphere в (3, 0, 0)
2025-09-20 12:26:49 - ROBOTY.path_planner - INFO - Поиск пути от (0.8, 0.8, 0.0) до (0.8, 0.8266731758916284, 0.021338540713302694)
2025-09-20 12:26:49 - ROBOTY.path_planner - INFO - Путь найден
2025-09-20 12:26:49 - ROBOTY.path_planner - INFO - Инициализирован планировщик A* с разрешением 0.1
2025-09-20 12:26:49 - ROBOTY.path_planner - DEBUG - Добавлено препятствие: sphere в (0, 0, 0)
2025-09-20 12:26:49 - ROBOTY.path_planner - DEBUG - Добавлено препятствие: sphere в (3, 0, 0)
2025-09-20 12:26:49 - ROBOTY.path_planner - INFO - Поиск пути от (0.8, 0.8266731758916284, 0.021338540713302694) до (0.8, 0.9066927035665135, 0.08535416285321078)
2025-09-20 12:26:49 - ROBOTY.path_planner - INFO - Путь найден
2025-09-20 12:26:49 - ROBOTY.path_planner - INFO - Инициализирован планировщик A* с разрешением 0.1
2025-09-20 12:26:49 - ROBOTY.path_planner - DEBUG - Добавлено препятствие: sphere в (0, 0, 0)
2025-09-20 12:26:49 - ROBOTY.path_planner - DEBUG - Добавлено препятствие: sphere в (3, 0, 0)
2025-09-20 12:26:49 - ROBOTY.path_planner - INFO - Поиск пути от (0.8, 0.9066927035665135, 0.08535416285321078) до (0.8, 1.0333658615941947, 0.18669268927535576)
2025-09-20 12:26:49 - ROBOTY.path_planner - INFO - Путь найден
2025-09-20 12:26:49 - ROBOTY.path_planner - INFO - Инициализирован планировщик A* с разрешением 0.1
2025-09-20 12:26:49 - ROBOTY.path_planner - DEBUG - Добавлено препятствие: sphere в (0, 0, 0)
2025-09-20 12:26:49 - ROBOTY.path_planner - DEBUG - Добавлено препятствие: sphere в (3, 0, 0)
2025-09-20 12:26:49 - ROBOTY.path_planner - INFO - Поиск пути от (0.8, 1.0333658615941947, 0.18669268927535576) до (0.8, 1.1666829307970974, 0.2933463446376779)
2025-09-20 12:26:49 - ROBOTY.path_planner - INFO - Путь найден
2025-09-20 12:26:49 - ROBOTY.path_planner - INFO - Инициализирован планировщик A* с разрешением 0.1
2025-09-20 12:26:49 - ROBOTY.path_planner - DEBUG - Добавлено препятствие: sphere в (0, 0, 0)
2025-09-20 12:26:49 - ROBOTY.path_planner - DEBUG - Добавлено препятствие: sphere в (3, 0, 0)
2025-09-20 12:26:49 - ROBOTY.path_planner - INFO - Поиск пути от (0.8, 1.1666829307970974, 0.2933463446376779) до (0.8, 1.3, 0.4)
2025-09-20 12:26:49 - ROBOTY.path_planner - INFO - Путь найден
2025-09-20 12:26:49 - ROBOTY.path_planner - INFO - Инициализирован планировщик A* с разрешением 0.1
2025-09-20 12:26:49 - ROBOTY.path_planner - DEBUG - Добавлено препятствие: sphere в (0, 0, 0)
2025-09-20 12:26:49 - ROBOTY.path_planner - DEBUG - Добавлено препятствие: sphere в (3, 0, 0)
2025-09-20 12:26:49 - ROBOTY.path_planner - INFO - Поиск пути от (0.8, 1.3, 0.4) до (0.8, 1.4333170692029027, 0.5066536553623221)
2025-09-20 12:26:49 - ROBOTY.path_planner - INFO - Путь найден
2025-09-20 12:26:49 - ROBOTY.path_planner - INFO - Инициализирован планировщик A* с разрешением 0.1
2025-09-20 12:26:49 - ROBOTY.path_planner - DEBUG - Добавлено препятствие: sphere в (0, 0, 0)
2025-09-20 12:26:49 - ROBOTY.path_planner - DEBUG - Добавлено препятствие: sphere в (3, 0, 0)
2025-09-20 12:26:49 - ROBOTY.path_planner - INFO - Поиск пути от (0.8, 1.4333170692029027, 0.5066536553623221) до (0.8, 1.5666341384058051, 0.6133073107246443)
2025-09-20 12:26:49 - ROBOTY.path_planner - INFO - Путь найден
2025-09-20 12:26:49 - ROBOTY.path_planner - INFO - Инициализирован планировщик A* с разрешением 0.1
2025-09-20 12:26:49 - ROBOTY.path_planner - DEBUG - Добавлено препятствие: sphere в (0, 0, 0)
2025-09-20 12:26:49 - ROBOTY.path_planner - DEBUG - Добавлено препятствие: sphere в (3, 0, 0)
2025-09-20 12:26:49 - ROBOTY.path_planner - INFO - Поиск пути от (0.8, 1.5666341384058051, 0.6133073107246443) до (0.8, 1.6933072964334865, 0.7146458371467892)
2025-09-20 12:26:49 - ROBOTY.path_planner - INFO - Путь найден
2025-09-20 12:26:49 - ROBOTY.path_planner - INFO - Инициализирован планировщик A* с разрешением 0.1
2025-09-20 12:26:49 - ROBOTY.path_planner - DEBUG - Добавлено препятствие: sphere в (0, 0, 0)
2025-09-20 12:26:49 - ROBOTY.path_planner - DEBUG - Добавлено препятствие: sphere в (3, 0, 0)
2025-09-20 12:26:49 - ROBOTY.path_planner - INFO - Поиск пути от (0.8, 1.6933072964334865, 0.7146458371467892) до (0.8, 1.7733268241083715, 0.7786614592866972)
2025-09-20 12:26:49 - ROBOTY.path_planner - INFO - Путь найден
2025-09-20 12:26:49 - ROBOTY.path_planner - INFO - Инициализирован планировщик A* с разрешением 0.1
2025-09-20 12:26:49 - ROBOTY.path_planner - DEBUG - Добавлено препятствие: sphere в (0, 0, 0)
2025-09-20 12:26:49 - ROBOTY.path_planner - DEBUG - Добавлено препятствие: sphere в (3, 0, 0)
2025-09-20 12:26:49 - ROBOTY.path_planner - INFO - Поиск пути от (0.8, 1.7733268241083715, 0.7786614592866972) до (0.8, 1.8, 0.8)
2025-09-20 12:26:49 - ROBOTY.path_planner - INFO - Путь найден
2025-09-20 12:26:49 - ROBOTY.path_planner - INFO - Инициализирован планировщик A* с разрешением 0.1
2025-09-20 12:26:49 - ROBOTY.path_planner - DEBUG - Добавлено препятствие: sphere в (0, 0, 0)
2025-09-20 12:26:49 - ROBOTY.path_planner - DEBUG - Добавлено препятствие: sphere в (3, 0, 0)
2025-09-20 12:26:49 - ROBOTY.path_planner - INFO - Поиск пути от (0.8, 1.8, 0.8) до (0.8, 1.8, 0.8)
2025-09-20 12:26:49 - ROBOTY.path_planner - INFO - Путь найден
2025-09-20 12:26:49 - ROBOTY.planner - INFO - Планирование завершено. Makespan: 11.27
2025-09-20 12:26:49 - ROBOTY.main - INFO - Планировщик успешно завершил работу
2025-09-20 12:26:49 - ROBOTY.collision - INFO - Начинаем детальную проверку коллизий
2025-09-20 12:26:49 - ROBOTY.collision - DEBUG - Проверяем коллизии в диапазоне времени: 0.00 - 11.27
2025-09-20 12:26:49 - ROBOTY.collision - WARNING - Коллизия: роботы 1 и 3 в 1.90s, расстояние: 0.686, требуется: 0.700
2025-09-20 12:26:49 - ROBOTY.collision - WARNING - Коллизия: роботы 1 и 3 в 2.00s, расстояние: 0.654, требуется: 0.700
2025-09-20 12:26:49 - ROBOTY.collision - WARNING - Коллизия: роботы 1 и 3 в 2.10s, расстояние: 0.646, требуется: 0.700
2025-09-20 12:26:49 - ROBOTY.collision - WARNING - Коллизия: роботы 1 и 3 в 2.20s, расстояние: 0.589, требуется: 0.700
2025-09-20 12:26:49 - ROBOTY.collision - WARNING - Коллизия: роботы 1 и 3 в 2.30s, расстояние: 0.561, требуется: 0.700
2025-09-20 12:26:49 - ROBOTY.collision - WARNING - Коллизия: роботы 1 и 3 в 2.40s, расстояние: 0.544, требуется: 0.700
2025-09-20 12:26:49 - ROBOTY.collision - WARNING - Коллизия: роботы 1 и 3 в 2.50s, расстояние: 0.546, требуется: 0.700
2025-09-20 12:26:49 - ROBOTY.collision - WARNING - Коллизия: роботы 1 и 3 в 2.60s, расстояние: 0.562, требуется: 0.700
2025-09-20 12:26:49 - ROBOTY.collision - WARNING - Коллизия: роботы 1 и 3 в 2.70s, расстояние: 0.601, требуется: 0.700
2025-09-20 12:26:49 - ROBOTY.collision - WARNING - Коллизия: роботы 1 и 3 в 2.80s, расстояние: 0.642, требуется: 0.700
2025-09-20 12:26:49 - ROBOTY.collision - WARNING - Коллизия: роботы 1 и 3 в 2.90s, расстояние: 0.664, требуется: 0.700
2025-09-20 12:26:49 - ROBOTY.collision - WARNING - Коллизия: роботы 1 и 3 в 3.00s, расстояние: 0.668, требуется: 0.700
2025-09-20 12:26:49 - ROBOTY.collision - WARNING - Коллизия: роботы 1 и 3 в 3.40s, расстояние: 0.664, требуется: 0.700
2025-09-20 12:26:49 - ROBOTY.collision - WARNING - Коллизия: роботы 1 и 3 в 3.50s, расстояние: 0.626, требуется: 0.700
2025-09-20 12:26:49 - ROBOTY.collision - WARNING - Коллизия: роботы 1 и 3 в 3.60s, расстояние: 0.591, требуется: 0.700
2025-09-20 12:26:49 - ROBOTY.collision - WARNING - Коллизия: роботы 1 и 3 в 3.70s, расстояние: 0.560, требуется: 0.700
2025-09-20 12:26:49 - ROBOTY.collision - WARNING - Коллизия: роботы 1 и 3 в 3.80s, расстояние: 0.535, требуется: 0.700
2025-09-20 12:26:49 - ROBOTY.collision - WARNING - Коллизия: роботы 1 и 3 в 3.90s, расстояние: 0.490, требуется: 0.700
2025-09-20 12:26:49 - ROBOTY.collision - WARNING - Коллизия: роботы 1 и 3 в 4.00s, расстояние: 0.475, требуется: 0.700
2025-09-20 12:26:49 - ROBOTY.collision - WARNING - Коллизия: роботы 1 и 3 в 4.10s, расстояние: 0.435, требуется: 0.700
2025-09-20 12:26:49 - ROBOTY.collision - WARNING - Коллизия: роботы 1 и 3 в 4.20s, расстояние: 0.489, требуется: 0.700
2025-09-20 12:26:49 - ROBOTY.collision - WARNING - Коллизия: роботы 1 и 3 в 4.30s, расстояние: 0.553, требуется: 0.700
2025-09-20 12:26:49 - ROBOTY.collision - WARNING - Коллизия: роботы 1 и 3 в 4.40s, расстояние: 0.573, требуется: 0.700
2025-09-20 12:26:49 - ROBOTY.collision - WARNING - Коллизия: роботы 1 и 3 в 4.50s, расстояние: 0.683, требуется: 0.700
2025-09-20 12:26:49 - ROBOTY.collision - WARNING - Коллизия: роботы 1 и 3 в 7.30s, расстояние: 0.664, требуется: 0.700
2025-09-20 12:26:49 - ROBOTY.collision - WARNING - Коллизия: роботы 1 и 3 в 7.40s, расстояние: 0.621, требуется: 0.700
2025-09-20 12:26:49 - ROBOTY.collision - WARNING - Коллизия: роботы 1 и 3 в 7.50s, расстояние: 0.693, требуется: 0.700
2025-09-20 12:26:49 - ROBOTY.collision - ERROR - Обнаружено 27 коллизий
2025-09-20 12:26:49 - ROBOTY.main - WARNING - Обнаружено 27 коллизий
2025-09-20 12:26:56 - ROBOTY.main - INFO - Открытие визуализатора
2025-09-20 12:26:56 - ROBOTY.visualizer - INFO - Запуск визуализации типа: 3d
2025-09-20 12:26:56 - ROBOTY.visualizer - INFO - Создание 3D визуализации траекторий
2025-09-20 12:26:56 - ROBOTY.visualizer - INFO - 3D визуализация создана
2025-09-20 12:26:56 - ROBOTY.visualizer - INFO - Визуализация сохранена в файл: C:\Users\22200490\.cursor\ROBOTY\ROBOTY\viz\..\outputs\visualizations\visualization_3d_20250920_122656.html
2025-09-20 12:26:56 - ROBOTY.visualizer - INFO - Визуализация открыта в браузере
2025-09-20 12:26:56 - ROBOTY.main - INFO - Визуализация успешно завершена
2025-09-20 12:27:37 - ROBOTY.main - INFO - Начинаем загрузку файла
2025-09-20 12:27:39 - ROBOTY.main - INFO - Загружаем файл: C:/Users/22200490/.cursor/ROBOTY/ROBOTY/data/test_scenario_complex.json
2025-09-20 12:27:39 - ROBOTY.parser - INFO - Начинаем загрузку файла: C:/Users/22200490/.cursor/ROBOTY/ROBOTY/data/test_scenario_complex.json
2025-09-20 12:27:39 - ROBOTY.parser - INFO - Файл C:/Users/22200490/.cursor/ROBOTY/ROBOTY/data/test_scenario_complex.json успешно загружен
2025-09-20 12:27:39 - ROBOTY.parser - DEBUG - Робот 1 успешно загружен
2025-09-20 12:27:39 - ROBOTY.parser - DEBUG - Робот 2 успешно загружен
2025-09-20 12:27:39 - ROBOTY.parser - DEBUG - Робот 3 успешно загружен
2025-09-20 12:27:39 - ROBOTY.parser - DEBUG - Операция 1 успешно загружена
2025-09-20 12:27:39 - ROBOTY.parser - DEBUG - Операция 2 успешно загружена
2025-09-20 12:27:39 - ROBOTY.parser - DEBUG - Операция 3 успешно загружена
2025-09-20 12:27:39 - ROBOTY.parser - DEBUG - Операция 4 успешно загружена
2025-09-20 12:27:39 - ROBOTY.parser - DEBUG - Операция 5 успешно загружена
2025-09-20 12:27:39 - ROBOTY.parser - DEBUG - Операция 6 успешно загружена
2025-09-20 12:27:39 - ROBOTY.parser - INFO - Загружено 3 роботов и 6 операций
2025-09-20 12:27:39 - ROBOTY.main - INFO - Файл успешно загружен и распарсен
2025-09-20 12:27:45 - ROBOTY.main - INFO - Метод назначения изменен на: round_robin
2025-09-20 12:27:46 - ROBOTY.main - INFO - Планирование пути: отключено
2025-09-20 12:27:47 - ROBOTY.main - INFO - Запуск планировщика
2025-09-20 12:27:47 - ROBOTY.planner - INFO - Запуск планировщика траекторий
2025-09-20 12:27:47 - ROBOTY.assigner - INFO - Начинаем назначение операций методом: round_robin
2025-09-20 12:27:47 - ROBOTY.assigner - DEBUG - Операция 0 назначена роботу 0
2025-09-20 12:27:47 - ROBOTY.assigner - DEBUG - Операция 1 назначена роботу 1
2025-09-20 12:27:47 - ROBOTY.assigner - DEBUG - Операция 2 назначена роботу 2
2025-09-20 12:27:47 - ROBOTY.assigner - DEBUG - Операция 3 назначена роботу 0
2025-09-20 12:27:47 - ROBOTY.assigner - DEBUG - Операция 4 назначена роботу 1
2025-09-20 12:27:47 - ROBOTY.assigner - DEBUG - Операция 5 назначена роботу 2
2025-09-20 12:27:47 - ROBOTY.assigner - INFO - Распределено 6 операций между 3 роботами
2025-09-20 12:27:47 - ROBOTY.planner - INFO - Операции назначены методом: round_robin
2025-09-20 12:27:47 - ROBOTY.planner - DEBUG - Планирование траектории для робота 1 с 2 операциями
2025-09-20 12:27:47 - ROBOTY.planner - DEBUG - Планирование траектории для робота с 2 операциями
2025-09-20 12:27:47 - ROBOTY.planner - DEBUG - Операция 1 запланирована, время завершения: 3.83
2025-09-20 12:27:47 - ROBOTY.planner - DEBUG - Операция 2 запланирована, время завершения: 10.54
2025-09-20 12:27:47 - ROBOTY.planner - INFO - Траектория робота запланирована, общее время: 10.54
2025-09-20 12:27:47 - ROBOTY.planner - DEBUG - Планирование траектории для робота 2 с 2 операциями
2025-09-20 12:27:47 - ROBOTY.planner - DEBUG - Планирование траектории для робота с 2 операциями
2025-09-20 12:27:47 - ROBOTY.planner - DEBUG - Операция 1 запланирована, время завершения: 5.60
2025-09-20 12:27:47 - ROBOTY.planner - DEBUG - Операция 2 запланирована, время завершения: 11.31
2025-09-20 12:27:47 - ROBOTY.planner - INFO - Траектория робота запланирована, общее время: 11.31
2025-09-20 12:27:47 - ROBOTY.planner - DEBUG - Планирование траектории для робота 3 с 2 операциями
2025-09-20 12:27:47 - ROBOTY.planner - DEBUG - Планирование траектории для робота с 2 операциями
2025-09-20 12:27:47 - ROBOTY.planner - DEBUG - Операция 1 запланирована, время завершения: 5.43
2025-09-20 12:27:47 - ROBOTY.planner - DEBUG - Операция 2 запланирована, время завершения: 11.36
2025-09-20 12:27:47 - ROBOTY.planner - INFO - Траектория робота запланирована, общее время: 11.36
2025-09-20 12:27:47 - ROBOTY.planner - INFO - Планирование завершено. Makespan: 11.36
2025-09-20 12:27:47 - ROBOTY.main - INFO - Планировщик успешно завершил работу
2025-09-20 12:27:47 - ROBOTY.collision - INFO - Начинаем детальную проверку коллизий
2025-09-20 12:27:47 - ROBOTY.collision - DEBUG - Проверяем коллизии в диапазоне времени: 0.00 - 11.36
2025-09-20 12:27:47 - ROBOTY.collision - WARNING - Коллизия: роботы 2 и 3 в 1.30s, расстояние: 0.692, требуется: 0.750
2025-09-20 12:27:47 - ROBOTY.collision - WARNING - Коллизия: роботы 2 и 3 в 1.40s, расстояние: 0.589, требуется: 0.750
2025-09-20 12:27:47 - ROBOTY.collision - WARNING - Коллизия: роботы 2 и 3 в 1.50s, расстояние: 0.536, требуется: 0.750
2025-09-20 12:27:47 - ROBOTY.collision - WARNING - Коллизия: роботы 2 и 3 в 1.60s, расстояние: 0.546, требуется: 0.750
2025-09-20 12:27:47 - ROBOTY.collision - WARNING - Коллизия: роботы 2 и 3 в 1.70s, расстояние: 0.604, требуется: 0.750
2025-09-20 12:27:47 - ROBOTY.collision - WARNING - Коллизия: роботы 2 и 3 в 1.80s, расстояние: 0.690, требуется: 0.750
2025-09-20 12:27:47 - ROBOTY.collision - WARNING - Коллизия: роботы 1 и 2 в 2.20s, расстояние: 0.609, требуется: 0.650
2025-09-20 12:27:47 - ROBOTY.collision - WARNING - Коллизия: роботы 1 и 2 в 2.30s, расстояние: 0.566, требуется: 0.650
2025-09-20 12:27:47 - ROBOTY.collision - WARNING - Коллизия: роботы 1 и 2 в 2.40s, расстояние: 0.548, требуется: 0.650
2025-09-20 12:27:47 - ROBOTY.collision - WARNING - Коллизия: роботы 1 и 2 в 2.50s, расстояние: 0.556, требуется: 0.650
2025-09-20 12:27:47 - ROBOTY.collision - WARNING - Коллизия: роботы 1 и 2 в 2.60s, расстояние: 0.582, требуется: 0.650
2025-09-20 12:27:47 - ROBOTY.collision - WARNING - Коллизия: роботы 1 и 2 в 2.70s, расстояние: 0.622, требуется: 0.650
2025-09-20 12:27:47 - ROBOTY.collision - WARNING - Коллизия: роботы 1 и 2 в 3.70s, расстояние: 0.598, требуется: 0.650
2025-09-20 12:27:47 - ROBOTY.collision - WARNING - Коллизия: роботы 1 и 2 в 3.80s, расстояние: 0.541, требуется: 0.650
2025-09-20 12:27:47 - ROBOTY.collision - WARNING - Коллизия: роботы 1 и 2 в 3.90s, расстояние: 0.480, требуется: 0.650
2025-09-20 12:27:47 - ROBOTY.collision - WARNING - Коллизия: роботы 1 и 2 в 4.00s, расстояние: 0.443, требуется: 0.650
2025-09-20 12:27:47 - ROBOTY.collision - WARNING - Коллизия: роботы 1 и 2 в 4.10s, расстояние: 0.446, требуется: 0.650
2025-09-20 12:27:47 - ROBOTY.collision - WARNING - Коллизия: роботы 1 и 2 в 4.20s, расстояние: 0.487, требуется: 0.650
2025-09-20 12:27:47 - ROBOTY.collision - WARNING - Коллизия: роботы 1 и 2 в 4.30s, расстояние: 0.548, требуется: 0.650
2025-09-20 12:27:47 - ROBOTY.collision - WARNING - Коллизия: роботы 1 и 2 в 4.40s, расстояние: 0.637, требуется: 0.650
2025-09-20 12:27:47 - ROBOTY.collision - WARNING - Коллизия: роботы 2 и 3 в 6.10s, расстояние: 0.702, требуется: 0.750
2025-09-20 12:27:47 - ROBOTY.collision - WARNING - Коллизия: роботы 2 и 3 в 6.20s, расстояние: 0.619, требуется: 0.750
2025-09-20 12:27:47 - ROBOTY.collision - WARNING - Коллизия: роботы 2 и 3 в 6.30s, расстояние: 0.543, требуется: 0.750
2025-09-20 12:27:47 - ROBOTY.collision - WARNING - Коллизия: роботы 2 и 3 в 6.40s, расстояние: 0.476, требуется: 0.750
2025-09-20 12:27:47 - ROBOTY.collision - WARNING - Коллизия: роботы 2 и 3 в 6.50s, расстояние: 0.423, требуется: 0.750
2025-09-20 12:27:47 - ROBOTY.collision - WARNING - Коллизия: роботы 2 и 3 в 6.60s, расстояние: 0.390, требуется: 0.750
2025-09-20 12:27:47 - ROBOTY.collision - WARNING - Коллизия: роботы 2 и 3 в 6.70s, расстояние: 0.382, требуется: 0.750
2025-09-20 12:27:47 - ROBOTY.collision - WARNING - Коллизия: роботы 2 и 3 в 6.80s, расстояние: 0.401, требуется: 0.750
2025-09-20 12:27:47 - ROBOTY.collision - WARNING - Коллизия: роботы 2 и 3 в 6.90s, расстояние: 0.433, требуется: 0.750
2025-09-20 12:27:47 - ROBOTY.collision - WARNING - Коллизия: роботы 2 и 3 в 7.00s, расстояние: 0.474, требуется: 0.750
2025-09-20 12:27:47 - ROBOTY.collision - WARNING - Коллизия: роботы 2 и 3 в 7.10s, расстояние: 0.491, требуется: 0.750
2025-09-20 12:27:47 - ROBOTY.collision - WARNING - Коллизия: роботы 2 и 3 в 7.20s, расстояние: 0.499, требуется: 0.750
2025-09-20 12:27:47 - ROBOTY.collision - WARNING - Коллизия: роботы 2 и 3 в 7.30s, расстояние: 0.493, требуется: 0.750
2025-09-20 12:27:47 - ROBOTY.collision - WARNING - Коллизия: роботы 2 и 3 в 7.40s, расстояние: 0.483, требуется: 0.750
2025-09-20 12:27:47 - ROBOTY.collision - WARNING - Коллизия: роботы 2 и 3 в 7.50s, расстояние: 0.479, требуется: 0.750
2025-09-20 12:27:47 - ROBOTY.collision - WARNING - Коллизия: роботы 2 и 3 в 7.60s, расстояние: 0.489, требуется: 0.750
2025-09-20 12:27:47 - ROBOTY.collision - WARNING - Коллизия: роботы 2 и 3 в 7.70s, расстояние: 0.512, требуется: 0.750
2025-09-20 12:27:47 - ROBOTY.collision - WARNING - Коллизия: роботы 2 и 3 в 7.80s, расстояние: 0.545, требуется: 0.750
2025-09-20 12:27:47 - ROBOTY.collision - WARNING - Коллизия: роботы 2 и 3 в 7.90s, расстояние: 0.582, требуется: 0.750
2025-09-20 12:27:47 - ROBOTY.collision - WARNING - Коллизия: роботы 2 и 3 в 8.00s, расстояние: 0.622, требуется: 0.750
2025-09-20 12:27:47 - ROBOTY.collision - WARNING - Коллизия: роботы 2 и 3 в 8.10s, расстояние: 0.666, требуется: 0.750
2025-09-20 12:27:47 - ROBOTY.collision - WARNING - Коллизия: роботы 2 и 3 в 8.20s, расстояние: 0.690, требуется: 0.750
2025-09-20 12:27:47 - ROBOTY.collision - WARNING - Коллизия: роботы 2 и 3 в 8.30s, расстояние: 0.707, требуется: 0.750
2025-09-20 12:27:47 - ROBOTY.collision - WARNING - Коллизия: роботы 2 и 3 в 8.40s, расстояние: 0.727, требуется: 0.750
2025-09-20 12:27:47 - ROBOTY.collision - WARNING - Коллизия: роботы 2 и 3 в 8.50s, расстояние: 0.739, требуется: 0.750
2025-09-20 12:27:47 - ROBOTY.collision - ERROR - Обнаружено 45 коллизий
2025-09-20 12:27:47 - ROBOTY.main - WARNING - Обнаружено 45 коллизий
2025-09-20 12:27:51 - ROBOTY.main - INFO - Открытие визуализатора
2025-09-20 12:27:51 - ROBOTY.visualizer - INFO - Запуск визуализации типа: 3d
2025-09-20 12:27:51 - ROBOTY.visualizer - INFO - Создание 3D визуализации траекторий
2025-09-20 12:27:51 - ROBOTY.visualizer - INFO - 3D визуализация создана
2025-09-20 12:27:51 - ROBOTY.visualizer - INFO - Визуализация сохранена в файл: C:\Users\22200490\.cursor\ROBOTY\ROBOTY\viz\..\outputs\visualizations\visualization_3d_20250920_122751.html
2025-09-20 12:27:51 - ROBOTY.visualizer - INFO - Визуализация открыта в браузере
2025-09-20 12:27:51 - ROBOTY.main - INFO - Визуализация успешно завершена
