2025-09-27 08:56:47 - ROBOTY.main - INFO - Запуск приложения ROBOTY
2025-09-27 08:56:47 - ROBOTY.main - INFO - Применена тема: dark
2025-09-27 08:56:47 - ROBOTY.main - INFO - Интерфейс инициализирован
2025-09-27 08:56:47 - ROBOTY.main - INFO - Приложение успешно запущено
2025-09-27 08:56:54 - ROBOTY.main - INFO - Создан входной файл: C:\Users\22200490\.cursor\ROBOTY-main\data\input_20250927_085650.json
2025-09-27 08:56:54 - ROBOTY.parser - INFO - Начинаем загрузку файла: C:\Users\22200490\.cursor\ROBOTY-main\data\input_20250927_085650.json
2025-09-27 08:56:54 - ROBOTY.parser - INFO - Файл C:\Users\22200490\.cursor\ROBOTY-main\data\input_20250927_085650.json успешно загружен
2025-09-27 08:56:54 - ROBOTY.parser - DEBUG - Робот 1 успешно загружен
2025-09-27 08:56:54 - ROBOTY.parser - DEBUG - Операция 1 успешно загружена
2025-09-27 08:56:54 - ROBOTY.parser - DEBUG - Операция 2 успешно загружена
2025-09-27 08:56:54 - ROBOTY.parser - DEBUG - Операция 3 успешно загружена
2025-09-27 08:56:54 - ROBOTY.parser - DEBUG - Операция 4 успешно загружена
2025-09-27 08:56:54 - ROBOTY.parser - DEBUG - Операция 5 успешно загружена
2025-09-27 08:56:54 - ROBOTY.parser - DEBUG - Операция 6 успешно загружена
2025-09-27 08:56:54 - ROBOTY.parser - DEBUG - Операция 7 успешно загружена
2025-09-27 08:56:54 - ROBOTY.parser - DEBUG - Операция 8 успешно загружена
2025-09-27 08:56:54 - ROBOTY.parser - DEBUG - Операция 9 успешно загружена
2025-09-27 08:56:54 - ROBOTY.parser - DEBUG - Операция 10 успешно загружена
2025-09-27 08:56:54 - ROBOTY.parser - DEBUG - Операция 11 успешно загружена
2025-09-27 08:56:54 - ROBOTY.parser - DEBUG - Операция 12 успешно загружена
2025-09-27 08:56:54 - ROBOTY.parser - INFO - Загружено 1 роботов и 12 операций
2025-09-27 08:57:01 - ROBOTY.main - INFO - Запуск планировщика
2025-09-27 08:57:01 - ROBOTY.planner - INFO - Запуск планировщика траекторий
2025-09-27 08:57:01 - ROBOTY.assigner - INFO - Начинаем назначение операций методом: balanced
2025-09-27 08:57:01 - ROBOTY.assigner - DEBUG - Операция 0 назначена роботу 0 (нагрузка: 13.13)
2025-09-27 08:57:01 - ROBOTY.assigner - DEBUG - Операция 1 назначена роботу 0 (нагрузка: 28.99)
2025-09-27 08:57:01 - ROBOTY.assigner - DEBUG - Операция 2 назначена роботу 0 (нагрузка: 37.24)
2025-09-27 08:57:01 - ROBOTY.assigner - DEBUG - Операция 3 назначена роботу 0 (нагрузка: 45.70)
2025-09-27 08:57:01 - ROBOTY.assigner - DEBUG - Операция 4 назначена роботу 0 (нагрузка: 55.91)
2025-09-27 08:57:01 - ROBOTY.assigner - DEBUG - Операция 5 назначена роботу 0 (нагрузка: 69.28)
2025-09-27 08:57:01 - ROBOTY.assigner - DEBUG - Операция 6 назначена роботу 0 (нагрузка: 85.23)
2025-09-27 08:57:01 - ROBOTY.assigner - DEBUG - Операция 7 назначена роботу 0 (нагрузка: 90.44)
2025-09-27 08:57:01 - ROBOTY.assigner - DEBUG - Операция 8 назначена роботу 0 (нагрузка: 99.53)
2025-09-27 08:57:01 - ROBOTY.assigner - DEBUG - Операция 9 назначена роботу 0 (нагрузка: 111.45)
2025-09-27 08:57:01 - ROBOTY.assigner - DEBUG - Операция 10 назначена роботу 0 (нагрузка: 123.49)
2025-09-27 08:57:01 - ROBOTY.assigner - DEBUG - Операция 11 назначена роботу 0 (нагрузка: 137.39)
2025-09-27 08:57:01 - ROBOTY.assigner - INFO - Распределено 12 операций с балансировкой нагрузки
2025-09-27 08:57:01 - ROBOTY.assigner - INFO - Итоговые нагрузки роботов: ['137.39']
2025-09-27 08:57:01 - ROBOTY.assigner - INFO - Робот 0: 12 операций, нагрузка 137.39
2025-09-27 08:57:01 - ROBOTY.planner - INFO - Операции назначены методом: balanced
2025-09-27 08:57:01 - ROBOTY.planner - INFO - Планирование траектории для робота 1 (ID: 1) с 12 операциями
2025-09-27 08:57:01 - ROBOTY.planner - DEBUG - Планирование траектории для робота с 12 операциями
2025-09-27 08:57:01 - ROBOTY.planner - DEBUG - Операция 1 запланирована, время завершения: 14.67
2025-09-27 08:57:01 - ROBOTY.planner - DEBUG - Операция 2 запланирована, время завершения: 29.32
2025-09-27 08:57:01 - ROBOTY.planner - DEBUG - Операция 3 запланирована, время завершения: 39.64
2025-09-27 08:57:01 - ROBOTY.planner - DEBUG - Операция 4 запланирована, время завершения: 47.62
2025-09-27 08:57:01 - ROBOTY.planner - DEBUG - Операция 5 запланирована, время завершения: 60.28
2025-09-27 08:57:01 - ROBOTY.planner - DEBUG - Операция 6 запланирована, время завершения: 69.88
2025-09-27 08:57:01 - ROBOTY.planner - DEBUG - Операция 7 запланирована, время завершения: 85.40
2025-09-27 08:57:01 - ROBOTY.planner - DEBUG - Операция 8 запланирована, время завершения: 97.57
2025-09-27 08:57:01 - ROBOTY.planner - DEBUG - Операция 9 запланирована, время завершения: 108.84
2025-09-27 08:57:01 - ROBOTY.planner - DEBUG - Операция 10 запланирована, время завершения: 118.53
2025-09-27 08:57:01 - ROBOTY.planner - DEBUG - Операция 11 запланирована, время завершения: 126.36
2025-09-27 08:57:01 - ROBOTY.planner - DEBUG - Операция 12 запланирована, время завершения: 139.21
2025-09-27 08:57:01 - ROBOTY.planner - INFO - Траектория робота запланирована, общее время: 139.21
2025-09-27 08:57:01 - ROBOTY.planner - INFO - Робот 1: траектория содержит 288 точек
2025-09-27 08:57:01 - ROBOTY.planner - INFO - Планирование завершено. Makespan: 139.21
2025-09-27 08:57:01 - ROBOTY.main - INFO - Планировщик успешно завершил работу
2025-09-27 08:57:01 - ROBOTY.collision - INFO - Начинаем детальную проверку коллизий
2025-09-27 08:57:01 - ROBOTY.collision - INFO - Недостаточно роботов для проверки коллизий
2025-09-27 08:57:01 - ROBOTY.main - INFO - Коллизий не обнаружено
2025-09-27 08:57:03 - ROBOTY.main - INFO - Открытие визуализатора
2025-09-27 08:57:03 - ROBOTY.main - INFO - Визуализация успешно завершена
2025-09-27 08:57:03 - ROBOTY.visualizer - INFO - Запуск визуализации типа: 3d_anim
2025-09-27 08:57:03 - ROBOTY.visualizer - INFO - Создание 3D анимации траекторий
2025-09-27 08:57:03 - ROBOTY.visualizer - INFO - Создание 3D визуализации траекторий
2025-09-27 08:57:03 - ROBOTY.visualizer - INFO - 3D визуализация создана
2025-09-27 08:57:03 - ROBOTY.mesh_loader - INFO - OBJ загружен: 1758706684_68d3bbfcdbb32.obj, вершин=48087, треугольников=96202
2025-09-27 08:57:23 - ROBOTY.main - INFO - Логи очищены пользователем
