2025-09-25 16:21:52 - ROBOTY.main - INFO - Запуск приложения ROBOTY
2025-09-25 16:21:52 - ROBOTY.main - INFO - Применена тема: dark
2025-09-25 16:21:52 - ROBOTY.main - INFO - Интерфейс инициализирован
2025-09-25 16:21:52 - ROBOTY.main - INFO - Приложение успешно запущено
2025-09-25 16:21:56 - ROBOTY.main - INFO - Создан входной файл: /Users/maksimchernukha/Documents/ROBOTY/data/input_20250925_162154.json
2025-09-25 16:21:56 - ROBOTY.parser - INFO - Начинаем загрузку файла: /Users/maksimchernukha/Documents/ROBOTY/data/input_20250925_162154.json
2025-09-25 16:21:56 - ROBOTY.parser - INFO - Файл /Users/maksimchernukha/Documents/ROBOTY/data/input_20250925_162154.json успешно загружен
2025-09-25 16:21:56 - ROBOTY.parser - DEBUG - Робот 1 успешно загружен
2025-09-25 16:21:56 - ROBOTY.parser - DEBUG - Робот 2 успешно загружен
2025-09-25 16:21:56 - ROBOTY.parser - DEBUG - Робот 3 успешно загружен
2025-09-25 16:21:56 - ROBOTY.parser - DEBUG - Робот 4 успешно загружен
2025-09-25 16:21:56 - ROBOTY.parser - DEBUG - Робот 5 успешно загружен
2025-09-25 16:21:56 - ROBOTY.parser - DEBUG - Робот 6 успешно загружен
2025-09-25 16:21:56 - ROBOTY.parser - DEBUG - Робот 7 успешно загружен
2025-09-25 16:21:56 - ROBOTY.parser - DEBUG - Робот 8 успешно загружен
2025-09-25 16:21:56 - ROBOTY.parser - DEBUG - Робот 9 успешно загружен
2025-09-25 16:21:56 - ROBOTY.parser - DEBUG - Робот 10 успешно загружен
2025-09-25 16:21:56 - ROBOTY.parser - DEBUG - Операция 1 успешно загружена
2025-09-25 16:21:56 - ROBOTY.parser - DEBUG - Операция 2 успешно загружена
2025-09-25 16:21:56 - ROBOTY.parser - DEBUG - Операция 3 успешно загружена
2025-09-25 16:21:56 - ROBOTY.parser - DEBUG - Операция 4 успешно загружена
2025-09-25 16:21:56 - ROBOTY.parser - DEBUG - Операция 5 успешно загружена
2025-09-25 16:21:56 - ROBOTY.parser - DEBUG - Операция 6 успешно загружена
2025-09-25 16:21:56 - ROBOTY.parser - DEBUG - Операция 7 успешно загружена
2025-09-25 16:21:56 - ROBOTY.parser - DEBUG - Операция 8 успешно загружена
2025-09-25 16:21:56 - ROBOTY.parser - DEBUG - Операция 9 успешно загружена
2025-09-25 16:21:56 - ROBOTY.parser - DEBUG - Операция 10 успешно загружена
2025-09-25 16:21:56 - ROBOTY.parser - DEBUG - Операция 11 успешно загружена
2025-09-25 16:21:56 - ROBOTY.parser - DEBUG - Операция 12 успешно загружена
2025-09-25 16:21:56 - ROBOTY.parser - DEBUG - Операция 13 успешно загружена
2025-09-25 16:21:56 - ROBOTY.parser - DEBUG - Операция 14 успешно загружена
2025-09-25 16:21:56 - ROBOTY.parser - DEBUG - Операция 15 успешно загружена
2025-09-25 16:21:56 - ROBOTY.parser - DEBUG - Операция 16 успешно загружена
2025-09-25 16:21:56 - ROBOTY.parser - DEBUG - Операция 17 успешно загружена
2025-09-25 16:21:56 - ROBOTY.parser - DEBUG - Операция 18 успешно загружена
2025-09-25 16:21:56 - ROBOTY.parser - DEBUG - Операция 19 успешно загружена
2025-09-25 16:21:56 - ROBOTY.parser - DEBUG - Операция 20 успешно загружена
2025-09-25 16:21:56 - ROBOTY.parser - DEBUG - Операция 21 успешно загружена
2025-09-25 16:21:56 - ROBOTY.parser - DEBUG - Операция 22 успешно загружена
2025-09-25 16:21:56 - ROBOTY.parser - DEBUG - Операция 23 успешно загружена
2025-09-25 16:21:56 - ROBOTY.parser - DEBUG - Операция 24 успешно загружена
2025-09-25 16:21:56 - ROBOTY.parser - DEBUG - Операция 25 успешно загружена
2025-09-25 16:21:56 - ROBOTY.parser - DEBUG - Операция 26 успешно загружена
2025-09-25 16:21:56 - ROBOTY.parser - DEBUG - Операция 27 успешно загружена
2025-09-25 16:21:56 - ROBOTY.parser - DEBUG - Операция 28 успешно загружена
2025-09-25 16:21:56 - ROBOTY.parser - DEBUG - Операция 29 успешно загружена
2025-09-25 16:21:56 - ROBOTY.parser - DEBUG - Операция 30 успешно загружена
2025-09-25 16:21:56 - ROBOTY.parser - INFO - Загружено 10 роботов и 30 операций
2025-09-25 16:21:56 - ROBOTY.main - INFO - Запуск планировщика
2025-09-25 16:21:56 - ROBOTY.planner - INFO - Запуск планировщика траекторий
2025-09-25 16:21:56 - ROBOTY.assigner - INFO - Начинаем назначение операций методом: balanced
2025-09-25 16:21:56 - ROBOTY.assigner - DEBUG - Операция 0 назначена роботу 5 (нагрузка: 5.27)
2025-09-25 16:21:56 - ROBOTY.assigner - DEBUG - Операция 1 назначена роботу 1 (нагрузка: 9.15)
2025-09-25 16:21:56 - ROBOTY.assigner - DEBUG - Операция 2 назначена роботу 0 (нагрузка: 6.21)
2025-09-25 16:21:56 - ROBOTY.assigner - DEBUG - Операция 3 назначена роботу 8 (нагрузка: 4.44)
2025-09-25 16:21:56 - ROBOTY.assigner - DEBUG - Операция 4 назначена роботу 4 (нагрузка: 6.33)
2025-09-25 16:21:56 - ROBOTY.assigner - DEBUG - Операция 5 назначена роботу 6 (нагрузка: 6.42)
2025-09-25 16:21:56 - ROBOTY.assigner - DEBUG - Операция 6 назначена роботу 3 (нагрузка: 8.17)
2025-09-25 16:21:56 - ROBOTY.assigner - DEBUG - Операция 7 назначена роботу 7 (нагрузка: 10.55)
2025-09-25 16:21:56 - ROBOTY.assigner - DEBUG - Операция 8 назначена роботу 9 (нагрузка: 7.94)
2025-09-25 16:21:56 - ROBOTY.assigner - DEBUG - Операция 9 назначена роботу 2 (нагрузка: 13.80)
2025-09-25 16:21:56 - ROBOTY.assigner - DEBUG - Операция 10 назначена роботу 5 (нагрузка: 14.44)
2025-09-25 16:21:56 - ROBOTY.assigner - DEBUG - Операция 11 назначена роботу 0 (нагрузка: 15.98)
2025-09-25 16:21:56 - ROBOTY.assigner - DEBUG - Операция 12 назначена роботу 3 (нагрузка: 17.67)
2025-09-25 16:21:56 - ROBOTY.assigner - DEBUG - Операция 13 назначена роботу 8 (нагрузка: 15.71)
2025-09-25 16:21:56 - ROBOTY.assigner - DEBUG - Операция 14 назначена роботу 6 (нагрузка: 14.29)
2025-09-25 16:21:56 - ROBOTY.assigner - DEBUG - Операция 15 назначена роботу 4 (нагрузка: 16.65)
2025-09-25 16:21:56 - ROBOTY.assigner - DEBUG - Операция 16 назначена роботу 9 (нагрузка: 15.58)
2025-09-25 16:21:56 - ROBOTY.assigner - DEBUG - Операция 17 назначена роботу 8 (нагрузка: 25.87)
2025-09-25 16:21:56 - ROBOTY.assigner - DEBUG - Операция 18 назначена роботу 1 (нагрузка: 20.80)
2025-09-25 16:21:56 - ROBOTY.assigner - DEBUG - Операция 19 назначена роботу 5 (нагрузка: 22.11)
2025-09-25 16:21:56 - ROBOTY.assigner - DEBUG - Операция 20 назначена роботу 9 (нагрузка: 23.14)
2025-09-25 16:21:56 - ROBOTY.assigner - DEBUG - Операция 21 назначена роботу 7 (нагрузка: 26.55)
2025-09-25 16:21:56 - ROBOTY.assigner - DEBUG - Операция 22 назначена роботу 4 (нагрузка: 30.73)
2025-09-25 16:21:56 - ROBOTY.assigner - DEBUG - Операция 23 назначена роботу 6 (нагрузка: 26.34)
2025-09-25 16:21:56 - ROBOTY.assigner - DEBUG - Операция 24 назначена роботу 2 (нагрузка: 21.25)
2025-09-25 16:21:56 - ROBOTY.assigner - DEBUG - Операция 25 назначена роботу 0 (нагрузка: 28.34)
2025-09-25 16:21:56 - ROBOTY.assigner - DEBUG - Операция 26 назначена роботу 3 (нагрузка: 27.36)
2025-09-25 16:21:56 - ROBOTY.assigner - DEBUG - Операция 27 назначена роботу 5 (нагрузка: 30.96)
2025-09-25 16:21:56 - ROBOTY.assigner - DEBUG - Операция 28 назначена роботу 1 (нагрузка: 26.85)
2025-09-25 16:21:56 - ROBOTY.assigner - DEBUG - Операция 29 назначена роботу 2 (нагрузка: 34.38)
2025-09-25 16:21:56 - ROBOTY.assigner - INFO - Распределено 30 операций с балансировкой нагрузки
2025-09-25 16:21:56 - ROBOTY.assigner - INFO - Итоговые нагрузки роботов: ['28.34', '26.85', '34.38', '27.36', '30.73', '30.96', '26.34', '26.55', '25.87', '23.14']
2025-09-25 16:21:56 - ROBOTY.assigner - INFO - Робот 0: 3 операций, нагрузка 28.34
2025-09-25 16:21:56 - ROBOTY.assigner - INFO - Робот 1: 3 операций, нагрузка 26.85
2025-09-25 16:21:56 - ROBOTY.assigner - INFO - Робот 2: 3 операций, нагрузка 34.38
2025-09-25 16:21:56 - ROBOTY.assigner - INFO - Робот 3: 3 операций, нагрузка 27.36
2025-09-25 16:21:56 - ROBOTY.assigner - INFO - Робот 4: 3 операций, нагрузка 30.73
2025-09-25 16:21:56 - ROBOTY.assigner - INFO - Робот 5: 4 операций, нагрузка 30.96
2025-09-25 16:21:56 - ROBOTY.assigner - INFO - Робот 6: 3 операций, нагрузка 26.34
2025-09-25 16:21:56 - ROBOTY.assigner - INFO - Робот 7: 2 операций, нагрузка 26.55
2025-09-25 16:21:56 - ROBOTY.assigner - INFO - Робот 8: 3 операций, нагрузка 25.87
2025-09-25 16:21:56 - ROBOTY.assigner - INFO - Робот 9: 3 операций, нагрузка 23.14
2025-09-25 16:21:56 - ROBOTY.planner - INFO - Операции назначены методом: balanced
2025-09-25 16:21:56 - ROBOTY.planner - INFO - Планирование траектории для робота 1 (ID: 1) с 3 операциями
2025-09-25 16:21:56 - ROBOTY.planner - DEBUG - Планирование траектории для робота с 3 операциями
2025-09-25 16:21:56 - ROBOTY.planner - DEBUG - Операция 1 запланирована, время завершения: 8.25
2025-09-25 16:21:56 - ROBOTY.planner - DEBUG - Операция 2 запланирована, время завершения: 19.28
2025-09-25 16:21:56 - ROBOTY.planner - DEBUG - Операция 3 запланирована, время завершения: 29.58
2025-09-25 16:21:56 - ROBOTY.planner - INFO - Траектория робота запланирована, общее время: 29.58
2025-09-25 16:21:56 - ROBOTY.planner - INFO - Робот 1: траектория содержит 72 точек
2025-09-25 16:21:56 - ROBOTY.planner - INFO - Планирование траектории для робота 2 (ID: 2) с 3 операциями
2025-09-25 16:21:56 - ROBOTY.planner - DEBUG - Планирование траектории для робота с 3 операциями
2025-09-25 16:21:56 - ROBOTY.planner - DEBUG - Операция 1 запланирована, время завершения: 10.51
2025-09-25 16:21:56 - ROBOTY.planner - DEBUG - Операция 2 запланирована, время завершения: 24.37
2025-09-25 16:21:56 - ROBOTY.planner - DEBUG - Операция 3 запланирована, время завершения: 33.95
2025-09-25 16:21:56 - ROBOTY.planner - INFO - Траектория робота запланирована, общее время: 33.95
2025-09-25 16:21:56 - ROBOTY.planner - INFO - Робот 2: траектория содержит 72 точек
2025-09-25 16:21:56 - ROBOTY.planner - INFO - Планирование траектории для робота 3 (ID: 3) с 3 операциями
2025-09-25 16:21:56 - ROBOTY.planner - DEBUG - Планирование траектории для робота с 3 операциями
2025-09-25 16:21:56 - ROBOTY.planner - DEBUG - Операция 1 запланирована, время завершения: 15.20
2025-09-25 16:21:56 - ROBOTY.planner - DEBUG - Операция 2 запланирована, время завершения: 27.95
2025-09-25 16:21:56 - ROBOTY.planner - DEBUG - Операция 3 запланирована, время завершения: 46.05
2025-09-25 16:21:56 - ROBOTY.planner - INFO - Траектория робота запланирована, общее время: 46.05
2025-09-25 16:21:56 - ROBOTY.planner - INFO - Робот 3: траектория содержит 72 точек
2025-09-25 16:21:56 - ROBOTY.planner - INFO - Планирование траектории для робота 4 (ID: 4) с 3 операциями
2025-09-25 16:21:56 - ROBOTY.planner - DEBUG - Планирование траектории для робота с 3 операциями
2025-09-25 16:21:56 - ROBOTY.planner - DEBUG - Операция 1 запланирована, время завершения: 9.99
2025-09-25 16:21:56 - ROBOTY.planner - DEBUG - Операция 2 запланирована, время завершения: 24.36
2025-09-25 16:21:56 - ROBOTY.planner - DEBUG - Операция 3 запланирована, время завершения: 35.94
2025-09-25 16:21:56 - ROBOTY.planner - INFO - Траектория робота запланирована, общее время: 35.94
2025-09-25 16:21:56 - ROBOTY.planner - INFO - Робот 4: траектория содержит 72 точек
2025-09-25 16:21:56 - ROBOTY.planner - INFO - Планирование траектории для робота 5 (ID: 5) с 3 операциями
2025-09-25 16:21:56 - ROBOTY.planner - DEBUG - Планирование траектории для робота с 3 операциями
2025-09-25 16:21:56 - ROBOTY.planner - DEBUG - Операция 1 запланирована, время завершения: 8.10
2025-09-25 16:21:56 - ROBOTY.planner - DEBUG - Операция 2 запланирована, время завершения: 19.52
2025-09-25 16:21:56 - ROBOTY.planner - DEBUG - Операция 3 запланирована, время завершения: 39.25
2025-09-25 16:21:56 - ROBOTY.planner - INFO - Траектория робота запланирована, общее время: 39.25
2025-09-25 16:21:56 - ROBOTY.planner - INFO - Робот 5: траектория содержит 72 точек
2025-09-25 16:21:56 - ROBOTY.planner - INFO - Планирование траектории для робота 6 (ID: 6) с 4 операциями
2025-09-25 16:21:56 - ROBOTY.planner - DEBUG - Планирование траектории для робота с 4 операциями
2025-09-25 16:21:56 - ROBOTY.planner - DEBUG - Операция 1 запланирована, время завершения: 6.85
2025-09-25 16:21:56 - ROBOTY.planner - DEBUG - Операция 2 запланирована, время завершения: 19.92
2025-09-25 16:21:56 - ROBOTY.planner - DEBUG - Операция 3 запланирована, время завершения: 31.03
2025-09-25 16:21:56 - ROBOTY.planner - DEBUG - Операция 4 запланирована, время завершения: 37.56
2025-09-25 16:21:56 - ROBOTY.planner - INFO - Траектория робота запланирована, общее время: 37.56
2025-09-25 16:21:56 - ROBOTY.planner - INFO - Робот 6: траектория содержит 96 точек
2025-09-25 16:21:56 - ROBOTY.planner - INFO - Планирование траектории для робота 7 (ID: 7) с 3 операциями
2025-09-25 16:21:56 - ROBOTY.planner - DEBUG - Планирование траектории для робота с 3 операциями
2025-09-25 16:21:56 - ROBOTY.planner - DEBUG - Операция 1 запланирована, время завершения: 7.89
2025-09-25 16:21:56 - ROBOTY.planner - DEBUG - Операция 2 запланирована, время завершения: 15.23
2025-09-25 16:21:56 - ROBOTY.planner - DEBUG - Операция 3 запланирована, время завершения: 32.26
2025-09-25 16:21:56 - ROBOTY.planner - INFO - Траектория робота запланирована, общее время: 32.26
2025-09-25 16:21:56 - ROBOTY.planner - INFO - Робот 7: траектория содержит 72 точек
2025-09-25 16:21:56 - ROBOTY.planner - INFO - Планирование траектории для робота 8 (ID: 8) с 2 операциями
2025-09-25 16:21:56 - ROBOTY.planner - DEBUG - Планирование траектории для робота с 2 операциями
2025-09-25 16:21:56 - ROBOTY.planner - DEBUG - Операция 1 запланирована, время завершения: 12.20
2025-09-25 16:21:56 - ROBOTY.planner - DEBUG - Операция 2 запланирована, время завершения: 30.00
2025-09-25 16:21:56 - ROBOTY.planner - INFO - Траектория робота запланирована, общее время: 30.00
2025-09-25 16:21:56 - ROBOTY.planner - INFO - Робот 8: траектория содержит 48 точек
2025-09-25 16:21:56 - ROBOTY.planner - INFO - Планирование траектории для робота 9 (ID: 9) с 3 операциями
2025-09-25 16:21:56 - ROBOTY.planner - DEBUG - Планирование траектории для робота с 3 операциями
2025-09-25 16:21:56 - ROBOTY.planner - DEBUG - Операция 1 запланирована, время завершения: 6.29
2025-09-25 16:21:56 - ROBOTY.planner - DEBUG - Операция 2 запланирована, время завершения: 18.83
2025-09-25 16:21:56 - ROBOTY.planner - DEBUG - Операция 3 запланирована, время завершения: 33.49
2025-09-25 16:21:56 - ROBOTY.planner - INFO - Траектория робота запланирована, общее время: 33.49
2025-09-25 16:21:56 - ROBOTY.planner - INFO - Робот 9: траектория содержит 72 точек
2025-09-25 16:21:56 - ROBOTY.planner - INFO - Планирование траектории для робота 10 (ID: 10) с 3 операциями
2025-09-25 16:21:56 - ROBOTY.planner - DEBUG - Планирование траектории для робота с 3 операциями
2025-09-25 16:21:56 - ROBOTY.planner - DEBUG - Операция 1 запланирована, время завершения: 9.55
2025-09-25 16:21:56 - ROBOTY.planner - DEBUG - Операция 2 запланирована, время завершения: 17.88
2025-09-25 16:21:56 - ROBOTY.planner - DEBUG - Операция 3 запланирована, время завершения: 32.10
2025-09-25 16:21:56 - ROBOTY.planner - INFO - Траектория робота запланирована, общее время: 32.10
2025-09-25 16:21:56 - ROBOTY.planner - INFO - Робот 10: траектория содержит 72 точек
2025-09-25 16:21:56 - ROBOTY.planner - INFO - Планирование завершено. Makespan: 46.05
2025-09-25 16:21:56 - ROBOTY.main - INFO - Планировщик успешно завершил работу
2025-09-25 16:21:56 - ROBOTY.collision - INFO - Начинаем детальную проверку коллизий
2025-09-25 16:21:56 - ROBOTY.collision - DEBUG - Проверяем коллизии в диапазоне времени: 0.00 - 46.05
2025-09-25 16:21:56 - ROBOTY.collision - WARNING - Коллизия: роботы 2 и 6 в 7.70s, расстояние: 0.441, требуется: 0.500
2025-09-25 16:21:56 - ROBOTY.collision - WARNING - Коллизия: роботы 2 и 6 в 7.80s, расстояние: 0.472, требуется: 0.500
2025-09-25 16:21:56 - ROBOTY.collision - WARNING - Коллизия: роботы 9 и 10 в 8.80s, расстояние: 0.489, требуется: 0.500
2025-09-25 16:21:56 - ROBOTY.collision - WARNING - Коллизия: роботы 9 и 10 в 8.90s, расстояние: 0.488, требуется: 0.500
2025-09-25 16:21:56 - ROBOTY.collision - WARNING - Коллизия: роботы 5 и 10 в 10.70s, расстояние: 0.449, требуется: 0.500
2025-09-25 16:21:56 - ROBOTY.collision - WARNING - Коллизия: роботы 5 и 10 в 10.80s, расстояние: 0.393, требуется: 0.500
2025-09-25 16:21:56 - ROBOTY.collision - WARNING - Коллизия: роботы 5 и 10 в 10.90s, расстояние: 0.356, требуется: 0.500
2025-09-25 16:21:56 - ROBOTY.collision - WARNING - Коллизия: роботы 5 и 10 в 11.00s, расстояние: 0.345, требуется: 0.500
2025-09-25 16:21:56 - ROBOTY.collision - WARNING - Коллизия: роботы 5 и 10 в 11.10s, расстояние: 0.362, требуется: 0.500
2025-09-25 16:21:56 - ROBOTY.collision - WARNING - Коллизия: роботы 5 и 10 в 11.20s, расстояние: 0.403, требуется: 0.500
2025-09-25 16:21:56 - ROBOTY.collision - WARNING - Коллизия: роботы 5 и 10 в 11.30s, расстояние: 0.462, требуется: 0.500
2025-09-25 16:21:56 - ROBOTY.collision - WARNING - Коллизия: роботы 2 и 5 в 12.00s, расстояние: 0.461, требуется: 0.500
2025-09-25 16:21:56 - ROBOTY.collision - WARNING - Коллизия: роботы 2 и 5 в 12.10s, расстояние: 0.397, требуется: 0.500
2025-09-25 16:21:56 - ROBOTY.collision - WARNING - Коллизия: роботы 2 и 5 в 12.20s, расстояние: 0.355, требуется: 0.500
2025-09-25 16:21:56 - ROBOTY.collision - WARNING - Коллизия: роботы 2 и 5 в 12.30s, расстояние: 0.332, требуется: 0.500
2025-09-25 16:21:56 - ROBOTY.collision - WARNING - Коллизия: роботы 2 и 5 в 12.40s, расстояние: 0.337, требуется: 0.500
2025-09-25 16:21:56 - ROBOTY.collision - WARNING - Коллизия: роботы 2 и 5 в 12.50s, расстояние: 0.368, требуется: 0.500
2025-09-25 16:21:56 - ROBOTY.collision - WARNING - Коллизия: роботы 2 и 5 в 12.60s, расстояние: 0.421, требуется: 0.500
2025-09-25 16:21:56 - ROBOTY.collision - WARNING - Коллизия: роботы 2 и 5 в 12.70s, расстояние: 0.488, требуется: 0.500
2025-09-25 16:21:56 - ROBOTY.collision - WARNING - Коллизия: роботы 2 и 8 в 13.20s, расстояние: 0.423, требуется: 0.500
2025-09-25 16:21:56 - ROBOTY.collision - WARNING - Коллизия: роботы 2 и 8 в 13.30s, расстояние: 0.270, требуется: 0.500
2025-09-25 16:21:56 - ROBOTY.collision - WARNING - Коллизия: роботы 2 и 8 в 13.40s, расстояние: 0.165, требуется: 0.500
2025-09-25 16:21:56 - ROBOTY.collision - WARNING - Коллизия: роботы 2 и 8 в 13.50s, расстояние: 0.205, требуется: 0.500
2025-09-25 16:21:56 - ROBOTY.collision - WARNING - Коллизия: роботы 2 и 8 в 13.60s, расстояние: 0.343, требуется: 0.500
2025-09-25 16:21:56 - ROBOTY.collision - WARNING - Коллизия: роботы 8 и 10 в 22.50s, расстояние: 0.492, требуется: 0.500
2025-09-25 16:21:56 - ROBOTY.collision - WARNING - Коллизия: роботы 8 и 10 в 22.60s, расстояние: 0.483, требуется: 0.500
2025-09-25 16:21:56 - ROBOTY.collision - WARNING - Коллизия: роботы 7 и 10 в 22.70s, расстояние: 0.497, требуется: 0.500
2025-09-25 16:21:56 - ROBOTY.collision - WARNING - Коллизия: роботы 8 и 10 в 22.70s, расстояние: 0.486, требуется: 0.500
2025-09-25 16:21:56 - ROBOTY.collision - WARNING - Коллизия: роботы 7 и 10 в 22.80s, расстояние: 0.465, требуется: 0.500
2025-09-25 16:21:56 - ROBOTY.collision - WARNING - Коллизия: роботы 7 и 10 в 22.90s, расстояние: 0.431, требуется: 0.500
2025-09-25 16:21:56 - ROBOTY.collision - WARNING - Коллизия: роботы 7 и 10 в 23.00s, расстояние: 0.410, требуется: 0.500
2025-09-25 16:21:56 - ROBOTY.collision - WARNING - Коллизия: роботы 7 и 10 в 23.10s, расстояние: 0.405, требуется: 0.500
2025-09-25 16:21:56 - ROBOTY.collision - WARNING - Коллизия: роботы 7 и 10 в 23.20s, расстояние: 0.417, требуется: 0.500
2025-09-25 16:21:56 - ROBOTY.collision - WARNING - Коллизия: роботы 7 и 10 в 23.30s, расстояние: 0.443, требуется: 0.500
2025-09-25 16:21:56 - ROBOTY.collision - WARNING - Коллизия: роботы 7 и 10 в 23.40s, расстояние: 0.482, требуется: 0.500
2025-09-25 16:21:56 - ROBOTY.collision - WARNING - Коллизия: роботы 5 и 6 в 24.10s, расстояние: 0.456, требуется: 0.500
2025-09-25 16:21:56 - ROBOTY.collision - WARNING - Коллизия: роботы 5 и 6 в 24.20s, расстояние: 0.355, требуется: 0.500
2025-09-25 16:21:56 - ROBOTY.collision - WARNING - Коллизия: роботы 5 и 6 в 24.30s, расстояние: 0.291, требуется: 0.500
2025-09-25 16:21:56 - ROBOTY.collision - WARNING - Коллизия: роботы 5 и 6 в 24.40s, расстояние: 0.290, требуется: 0.500
2025-09-25 16:21:56 - ROBOTY.collision - WARNING - Коллизия: роботы 5 и 6 в 24.50s, расстояние: 0.353, требуется: 0.500
2025-09-25 16:21:56 - ROBOTY.collision - WARNING - Коллизия: роботы 5 и 6 в 24.60s, расстояние: 0.453, требуется: 0.500
2025-09-25 16:21:56 - ROBOTY.collision - WARNING - Коллизия: роботы 6 и 8 в 25.00s, расстояние: 0.462, требуется: 0.500
2025-09-25 16:21:56 - ROBOTY.collision - WARNING - Коллизия: роботы 6 и 8 в 25.10s, расстояние: 0.322, требуется: 0.500
2025-09-25 16:21:56 - ROBOTY.collision - WARNING - Коллизия: роботы 6 и 8 в 25.20s, расстояние: 0.279, требуется: 0.500
2025-09-25 16:21:56 - ROBOTY.collision - WARNING - Коллизия: роботы 6 и 8 в 25.30s, расстояние: 0.369, требуется: 0.500
2025-09-25 16:21:56 - ROBOTY.collision - ERROR - Обнаружено 45 коллизий
2025-09-25 16:21:56 - ROBOTY.main - WARNING - Обнаружено 45 коллизий, применяем онлайн-безопасность
2025-09-25 16:21:56 - ROBOTY.safety - INFO - Применяем онлайн-безопасность: вставка пауз при коллизиях
2025-09-25 16:21:56 - ROBOTY.collision - INFO - Начинаем детальную проверку коллизий
2025-09-25 16:21:56 - ROBOTY.collision - DEBUG - Проверяем коллизии в диапазоне времени: 0.00 - 46.05
2025-09-25 16:21:56 - ROBOTY.collision - WARNING - Коллизия: роботы 2 и 6 в 7.65s, расстояние: 0.465, требуется: 0.500
2025-09-25 16:21:56 - ROBOTY.collision - WARNING - Коллизия: роботы 2 и 6 в 7.70s, расстояние: 0.441, требуется: 0.500
2025-09-25 16:21:56 - ROBOTY.collision - WARNING - Коллизия: роботы 2 и 6 в 7.75s, расстояние: 0.443, требуется: 0.500
2025-09-25 16:21:56 - ROBOTY.collision - WARNING - Коллизия: роботы 2 и 6 в 7.80s, расстояние: 0.472, требуется: 0.500
2025-09-25 16:21:56 - ROBOTY.collision - WARNING - Коллизия: роботы 9 и 10 в 8.75s, расстояние: 0.493, требуется: 0.500
2025-09-25 16:21:56 - ROBOTY.collision - WARNING - Коллизия: роботы 9 и 10 в 8.80s, расстояние: 0.489, требуется: 0.500
2025-09-25 16:21:56 - ROBOTY.collision - WARNING - Коллизия: роботы 9 и 10 в 8.85s, расстояние: 0.489, требуется: 0.500
2025-09-25 16:21:56 - ROBOTY.collision - WARNING - Коллизия: роботы 9 и 10 в 8.90s, расстояние: 0.488, требуется: 0.500
2025-09-25 16:21:56 - ROBOTY.collision - WARNING - Коллизия: роботы 9 и 10 в 8.95s, расстояние: 0.494, требуется: 0.500
2025-09-25 16:21:56 - ROBOTY.collision - WARNING - Коллизия: роботы 5 и 10 в 10.65s, расстояние: 0.482, требуется: 0.500
2025-09-25 16:21:56 - ROBOTY.collision - WARNING - Коллизия: роботы 5 и 10 в 10.70s, расстояние: 0.449, требуется: 0.500
2025-09-25 16:21:56 - ROBOTY.collision - WARNING - Коллизия: роботы 5 и 10 в 10.75s, расстояние: 0.419, требуется: 0.500
2025-09-25 16:21:56 - ROBOTY.collision - WARNING - Коллизия: роботы 5 и 10 в 10.80s, расстояние: 0.393, требуется: 0.500
2025-09-25 16:21:56 - ROBOTY.collision - WARNING - Коллизия: роботы 5 и 10 в 10.85s, расстояние: 0.371, требуется: 0.500
2025-09-25 16:21:56 - ROBOTY.collision - WARNING - Коллизия: роботы 5 и 10 в 10.90s, расстояние: 0.356, требуется: 0.500
2025-09-25 16:21:56 - ROBOTY.collision - WARNING - Коллизия: роботы 5 и 10 в 10.95s, расстояние: 0.347, требуется: 0.500
2025-09-25 16:21:56 - ROBOTY.collision - WARNING - Коллизия: роботы 5 и 10 в 11.00s, расстояние: 0.345, требуется: 0.500
2025-09-25 16:21:56 - ROBOTY.collision - WARNING - Коллизия: роботы 5 и 10 в 11.05s, расстояние: 0.350, требуется: 0.500
2025-09-25 16:21:56 - ROBOTY.collision - WARNING - Коллизия: роботы 5 и 10 в 11.10s, расстояние: 0.362, требуется: 0.500
2025-09-25 16:21:56 - ROBOTY.collision - WARNING - Коллизия: роботы 5 и 10 в 11.15s, расстояние: 0.380, требуется: 0.500
2025-09-25 16:21:56 - ROBOTY.collision - WARNING - Коллизия: роботы 5 и 10 в 11.20s, расстояние: 0.403, требуется: 0.500
2025-09-25 16:21:56 - ROBOTY.collision - WARNING - Коллизия: роботы 5 и 10 в 11.25s, расстояние: 0.431, требуется: 0.500
2025-09-25 16:21:56 - ROBOTY.collision - WARNING - Коллизия: роботы 5 и 10 в 11.30s, расстояние: 0.462, требуется: 0.500
2025-09-25 16:21:56 - ROBOTY.collision - WARNING - Коллизия: роботы 5 и 10 в 11.35s, расстояние: 0.497, требуется: 0.500
2025-09-25 16:21:56 - ROBOTY.collision - WARNING - Коллизия: роботы 2 и 5 в 12.00s, расстояние: 0.461, требуется: 0.500
2025-09-25 16:21:56 - ROBOTY.collision - WARNING - Коллизия: роботы 2 и 5 в 12.05s, расстояние: 0.426, требуется: 0.500
2025-09-25 16:21:56 - ROBOTY.collision - WARNING - Коллизия: роботы 2 и 5 в 12.10s, расстояние: 0.397, требуется: 0.500
2025-09-25 16:21:56 - ROBOTY.collision - WARNING - Коллизия: роботы 2 и 5 в 12.15s, расстояние: 0.375, требуется: 0.500
2025-09-25 16:21:56 - ROBOTY.collision - WARNING - Коллизия: роботы 2 и 5 в 12.20s, расстояние: 0.355, требуется: 0.500
2025-09-25 16:21:56 - ROBOTY.collision - WARNING - Коллизия: роботы 2 и 5 в 12.25s, расстояние: 0.340, требуется: 0.500
2025-09-25 16:21:56 - ROBOTY.collision - WARNING - Коллизия: роботы 2 и 5 в 12.30s, расстояние: 0.332, требуется: 0.500
2025-09-25 16:21:56 - ROBOTY.collision - WARNING - Коллизия: роботы 2 и 5 в 12.35s, расстояние: 0.331, требуется: 0.500
2025-09-25 16:21:56 - ROBOTY.collision - WARNING - Коллизия: роботы 2 и 5 в 12.40s, расстояние: 0.337, требуется: 0.500
2025-09-25 16:21:56 - ROBOTY.collision - WARNING - Коллизия: роботы 2 и 5 в 12.45s, расстояние: 0.349, требуется: 0.500
2025-09-25 16:21:56 - ROBOTY.collision - WARNING - Коллизия: роботы 2 и 5 в 12.50s, расстояние: 0.368, требуется: 0.500
2025-09-25 16:21:56 - ROBOTY.collision - WARNING - Коллизия: роботы 2 и 5 в 12.55s, расстояние: 0.393, требуется: 0.500
2025-09-25 16:21:56 - ROBOTY.collision - WARNING - Коллизия: роботы 2 и 5 в 12.60s, расстояние: 0.421, требуется: 0.500
2025-09-25 16:21:56 - ROBOTY.collision - WARNING - Коллизия: роботы 2 и 5 в 12.65s, расстояние: 0.453, требуется: 0.500
2025-09-25 16:21:56 - ROBOTY.collision - WARNING - Коллизия: роботы 2 и 5 в 12.70s, расстояние: 0.488, требуется: 0.500
2025-09-25 16:21:56 - ROBOTY.collision - WARNING - Коллизия: роботы 2 и 8 в 13.20s, расстояние: 0.423, требуется: 0.500
2025-09-25 16:21:56 - ROBOTY.collision - WARNING - Коллизия: роботы 2 и 8 в 13.25s, расстояние: 0.344, требуется: 0.500
2025-09-25 16:21:56 - ROBOTY.collision - WARNING - Коллизия: роботы 2 и 8 в 13.30s, расстояние: 0.270, требуется: 0.500
2025-09-25 16:21:56 - ROBOTY.collision - WARNING - Коллизия: роботы 2 и 8 в 13.35s, расстояние: 0.206, требуется: 0.500
2025-09-25 16:21:56 - ROBOTY.collision - WARNING - Коллизия: роботы 2 и 8 в 13.40s, расстояние: 0.165, требуется: 0.500
2025-09-25 16:21:56 - ROBOTY.collision - WARNING - Коллизия: роботы 2 и 8 в 13.45s, расстояние: 0.165, требуется: 0.500
2025-09-25 16:21:56 - ROBOTY.collision - WARNING - Коллизия: роботы 2 и 8 в 13.50s, расстояние: 0.205, требуется: 0.500
2025-09-25 16:21:56 - ROBOTY.collision - WARNING - Коллизия: роботы 2 и 8 в 13.55s, расстояние: 0.269, требуется: 0.500
2025-09-25 16:21:56 - ROBOTY.collision - WARNING - Коллизия: роботы 2 и 8 в 13.60s, расстояние: 0.343, требуется: 0.500
2025-09-25 16:21:56 - ROBOTY.collision - WARNING - Коллизия: роботы 2 и 8 в 13.65s, расстояние: 0.422, требуется: 0.500
2025-09-25 16:21:56 - ROBOTY.collision - WARNING - Коллизия: роботы 8 и 10 в 22.50s, расстояние: 0.492, требуется: 0.500
2025-09-25 16:21:56 - ROBOTY.collision - WARNING - Коллизия: роботы 8 и 10 в 22.55s, расстояние: 0.486, требуется: 0.500
2025-09-25 16:21:56 - ROBOTY.collision - WARNING - Коллизия: роботы 8 и 10 в 22.60s, расстояние: 0.483, требуется: 0.500
2025-09-25 16:21:56 - ROBOTY.collision - WARNING - Коллизия: роботы 8 и 10 в 22.65s, расстояние: 0.483, требуется: 0.500
2025-09-25 16:21:56 - ROBOTY.collision - WARNING - Коллизия: роботы 7 и 10 в 22.70s, расстояние: 0.497, требуется: 0.500
2025-09-25 16:21:56 - ROBOTY.collision - WARNING - Коллизия: роботы 8 и 10 в 22.70s, расстояние: 0.486, требуется: 0.500
2025-09-25 16:21:56 - ROBOTY.collision - WARNING - Коллизия: роботы 7 и 10 в 22.75s, расстояние: 0.484, требуется: 0.500
2025-09-25 16:21:56 - ROBOTY.collision - WARNING - Коллизия: роботы 8 и 10 в 22.75s, расстояние: 0.493, требуется: 0.500
2025-09-25 16:21:56 - ROBOTY.collision - WARNING - Коллизия: роботы 7 и 10 в 22.80s, расстояние: 0.465, требуется: 0.500
2025-09-25 16:21:56 - ROBOTY.collision - WARNING - Коллизия: роботы 7 и 10 в 22.85s, расстояние: 0.447, требуется: 0.500
2025-09-25 16:21:56 - ROBOTY.collision - WARNING - Коллизия: роботы 7 и 10 в 22.90s, расстояние: 0.431, требуется: 0.500
2025-09-25 16:21:56 - ROBOTY.collision - WARNING - Коллизия: роботы 7 и 10 в 22.95s, расстояние: 0.419, требуется: 0.500
2025-09-25 16:21:56 - ROBOTY.collision - WARNING - Коллизия: роботы 7 и 10 в 23.00s, расстояние: 0.410, требуется: 0.500
2025-09-25 16:21:56 - ROBOTY.collision - WARNING - Коллизия: роботы 7 и 10 в 23.05s, расстояние: 0.406, требуется: 0.500
2025-09-25 16:21:56 - ROBOTY.collision - WARNING - Коллизия: роботы 7 и 10 в 23.10s, расстояние: 0.405, требуется: 0.500
2025-09-25 16:21:56 - ROBOTY.collision - WARNING - Коллизия: роботы 7 и 10 в 23.15s, расстояние: 0.409, требуется: 0.500
2025-09-25 16:21:56 - ROBOTY.collision - WARNING - Коллизия: роботы 7 и 10 в 23.20s, расстояние: 0.417, требуется: 0.500
2025-09-25 16:21:56 - ROBOTY.collision - WARNING - Коллизия: роботы 7 и 10 в 23.25s, расстояние: 0.428, требуется: 0.500
2025-09-25 16:21:56 - ROBOTY.collision - WARNING - Коллизия: роботы 7 и 10 в 23.30s, расстояние: 0.443, требуется: 0.500
2025-09-25 16:21:56 - ROBOTY.collision - WARNING - Коллизия: роботы 7 и 10 в 23.35s, расстояние: 0.461, требуется: 0.500
2025-09-25 16:21:56 - ROBOTY.collision - WARNING - Коллизия: роботы 7 и 10 в 23.40s, расстояние: 0.482, требуется: 0.500
2025-09-25 16:21:56 - ROBOTY.collision - WARNING - Коллизия: роботы 5 и 6 в 24.10s, расстояние: 0.456, требуется: 0.500
2025-09-25 16:21:56 - ROBOTY.collision - WARNING - Коллизия: роботы 5 и 6 в 24.15s, расстояние: 0.402, требуется: 0.500
2025-09-25 16:21:56 - ROBOTY.collision - WARNING - Коллизия: роботы 5 и 6 в 24.20s, расстояние: 0.355, требуется: 0.500
2025-09-25 16:21:56 - ROBOTY.collision - WARNING - Коллизия: роботы 5 и 6 в 24.25s, расстояние: 0.317, требуется: 0.500
2025-09-25 16:21:56 - ROBOTY.collision - WARNING - Коллизия: роботы 5 и 6 в 24.30s, расстояние: 0.291, требуется: 0.500
2025-09-25 16:21:56 - ROBOTY.collision - WARNING - Коллизия: роботы 5 и 6 в 24.35s, расстояние: 0.282, требуется: 0.500
2025-09-25 16:21:56 - ROBOTY.collision - WARNING - Коллизия: роботы 5 и 6 в 24.40s, расстояние: 0.290, требуется: 0.500
2025-09-25 16:21:56 - ROBOTY.collision - WARNING - Коллизия: роботы 5 и 6 в 24.45s, расстояние: 0.315, требуется: 0.500
2025-09-25 16:21:56 - ROBOTY.collision - WARNING - Коллизия: роботы 5 и 6 в 24.50s, расстояние: 0.353, требуется: 0.500
2025-09-25 16:21:56 - ROBOTY.collision - WARNING - Коллизия: роботы 5 и 6 в 24.55s, расстояние: 0.400, требуется: 0.500
2025-09-25 16:21:56 - ROBOTY.collision - WARNING - Коллизия: роботы 5 и 6 в 24.60s, расстояние: 0.453, требуется: 0.500
2025-09-25 16:21:56 - ROBOTY.collision - WARNING - Коллизия: роботы 6 и 8 в 25.00s, расстояние: 0.462, требуется: 0.500
2025-09-25 16:21:56 - ROBOTY.collision - WARNING - Коллизия: роботы 6 и 8 в 25.05s, расстояние: 0.384, требуется: 0.500
2025-09-25 16:21:56 - ROBOTY.collision - WARNING - Коллизия: роботы 6 и 8 в 25.10s, расстояние: 0.322, требуется: 0.500
2025-09-25 16:21:56 - ROBOTY.collision - WARNING - Коллизия: роботы 6 и 8 в 25.15s, расстояние: 0.283, требуется: 0.500
2025-09-25 16:21:56 - ROBOTY.collision - WARNING - Коллизия: роботы 6 и 8 в 25.20s, расстояние: 0.279, требуется: 0.500
2025-09-25 16:21:56 - ROBOTY.collision - WARNING - Коллизия: роботы 6 и 8 в 25.25s, расстояние: 0.311, требуется: 0.500
2025-09-25 16:21:56 - ROBOTY.collision - WARNING - Коллизия: роботы 6 и 8 в 25.30s, расстояние: 0.369, требуется: 0.500
2025-09-25 16:21:56 - ROBOTY.collision - WARNING - Коллизия: роботы 6 и 8 в 25.35s, расстояние: 0.444, требуется: 0.500
2025-09-25 16:21:56 - ROBOTY.collision - ERROR - Обнаружено 89 коллизий
2025-09-25 16:21:56 - ROBOTY.safety - DEBUG - Добавлена пауза 0.60s роботу 2 в t=7.65s
2025-09-25 16:21:56 - ROBOTY.safety - DEBUG - Добавлена пауза 0.60s роботу 6 в t=7.65s
2025-09-25 16:21:56 - ROBOTY.safety - DEBUG - Добавлена пауза 0.60s роботу 2 в t=7.70s
2025-09-25 16:21:56 - ROBOTY.safety - DEBUG - Добавлена пауза 0.60s роботу 6 в t=7.70s
2025-09-25 16:21:56 - ROBOTY.safety - DEBUG - Добавлена пауза 0.60s роботу 2 в t=7.75s
2025-09-25 16:21:56 - ROBOTY.safety - DEBUG - Добавлена пауза 0.60s роботу 6 в t=7.75s
2025-09-25 16:21:56 - ROBOTY.safety - DEBUG - Добавлена пауза 0.60s роботу 2 в t=7.80s
2025-09-25 16:21:56 - ROBOTY.safety - DEBUG - Добавлена пауза 0.60s роботу 6 в t=7.80s
2025-09-25 16:21:56 - ROBOTY.safety - DEBUG - Добавлена пауза 0.60s роботу 9 в t=8.75s
2025-09-25 16:21:56 - ROBOTY.safety - DEBUG - Добавлена пауза 0.60s роботу 10 в t=8.75s
2025-09-25 16:21:56 - ROBOTY.safety - DEBUG - Добавлена пауза 0.60s роботу 9 в t=8.80s
2025-09-25 16:21:56 - ROBOTY.safety - DEBUG - Добавлена пауза 0.60s роботу 10 в t=8.80s
2025-09-25 16:21:56 - ROBOTY.safety - DEBUG - Добавлена пауза 0.60s роботу 9 в t=8.85s
2025-09-25 16:21:56 - ROBOTY.safety - DEBUG - Добавлена пауза 0.60s роботу 10 в t=8.85s
2025-09-25 16:21:56 - ROBOTY.safety - DEBUG - Добавлена пауза 0.60s роботу 9 в t=8.90s
2025-09-25 16:21:56 - ROBOTY.safety - DEBUG - Добавлена пауза 0.60s роботу 10 в t=8.90s
2025-09-25 16:21:56 - ROBOTY.safety - DEBUG - Добавлена пауза 0.60s роботу 9 в t=8.95s
2025-09-25 16:21:56 - ROBOTY.safety - DEBUG - Добавлена пауза 0.60s роботу 10 в t=8.95s
2025-09-25 16:21:56 - ROBOTY.safety - DEBUG - Добавлена пауза 0.60s роботу 5 в t=10.65s
2025-09-25 16:21:56 - ROBOTY.safety - DEBUG - Добавлена пауза 0.60s роботу 10 в t=10.65s
2025-09-25 16:21:56 - ROBOTY.safety - DEBUG - Добавлена пауза 0.60s роботу 5 в t=10.70s
2025-09-25 16:21:56 - ROBOTY.safety - DEBUG - Добавлена пауза 0.60s роботу 10 в t=10.70s
2025-09-25 16:21:56 - ROBOTY.safety - DEBUG - Добавлена пауза 0.60s роботу 5 в t=10.75s
2025-09-25 16:21:56 - ROBOTY.safety - DEBUG - Добавлена пауза 0.60s роботу 10 в t=10.75s
2025-09-25 16:21:56 - ROBOTY.safety - DEBUG - Добавлена пауза 0.60s роботу 5 в t=10.80s
2025-09-25 16:21:56 - ROBOTY.safety - DEBUG - Добавлена пауза 0.60s роботу 10 в t=10.80s
2025-09-25 16:21:56 - ROBOTY.safety - DEBUG - Добавлена пауза 0.60s роботу 5 в t=10.85s
2025-09-25 16:21:56 - ROBOTY.safety - DEBUG - Добавлена пауза 0.60s роботу 10 в t=10.85s
2025-09-25 16:21:56 - ROBOTY.safety - DEBUG - Добавлена пауза 0.60s роботу 5 в t=10.90s
2025-09-25 16:21:56 - ROBOTY.safety - DEBUG - Добавлена пауза 0.60s роботу 10 в t=10.90s
2025-09-25 16:21:56 - ROBOTY.safety - DEBUG - Добавлена пауза 0.60s роботу 5 в t=10.95s
2025-09-25 16:21:56 - ROBOTY.safety - DEBUG - Добавлена пауза 0.60s роботу 10 в t=10.95s
2025-09-25 16:21:56 - ROBOTY.safety - DEBUG - Добавлена пауза 0.60s роботу 5 в t=11.00s
2025-09-25 16:21:56 - ROBOTY.safety - DEBUG - Добавлена пауза 0.60s роботу 10 в t=11.00s
2025-09-25 16:21:56 - ROBOTY.safety - DEBUG - Добавлена пауза 0.60s роботу 5 в t=11.05s
2025-09-25 16:21:56 - ROBOTY.safety - DEBUG - Добавлена пауза 0.60s роботу 10 в t=11.05s
2025-09-25 16:21:56 - ROBOTY.safety - DEBUG - Добавлена пауза 0.60s роботу 5 в t=11.10s
2025-09-25 16:21:56 - ROBOTY.safety - DEBUG - Добавлена пауза 0.60s роботу 10 в t=11.10s
2025-09-25 16:21:56 - ROBOTY.safety - DEBUG - Добавлена пауза 0.60s роботу 5 в t=11.15s
2025-09-25 16:21:56 - ROBOTY.safety - DEBUG - Добавлена пауза 0.60s роботу 10 в t=11.15s
2025-09-25 16:21:56 - ROBOTY.safety - DEBUG - Добавлена пауза 0.60s роботу 5 в t=11.20s
2025-09-25 16:21:56 - ROBOTY.safety - DEBUG - Добавлена пауза 0.60s роботу 10 в t=11.20s
2025-09-25 16:21:56 - ROBOTY.safety - DEBUG - Добавлена пауза 0.60s роботу 5 в t=11.25s
2025-09-25 16:21:56 - ROBOTY.safety - DEBUG - Добавлена пауза 0.60s роботу 10 в t=11.25s
2025-09-25 16:21:56 - ROBOTY.safety - DEBUG - Добавлена пауза 0.60s роботу 5 в t=11.30s
2025-09-25 16:21:56 - ROBOTY.safety - DEBUG - Добавлена пауза 0.60s роботу 10 в t=11.30s
2025-09-25 16:21:56 - ROBOTY.safety - DEBUG - Добавлена пауза 0.60s роботу 5 в t=11.35s
2025-09-25 16:21:56 - ROBOTY.safety - DEBUG - Добавлена пауза 0.60s роботу 10 в t=11.35s
2025-09-25 16:21:56 - ROBOTY.safety - DEBUG - Добавлена пауза 0.60s роботу 2 в t=12.00s
2025-09-25 16:21:56 - ROBOTY.safety - DEBUG - Добавлена пауза 0.60s роботу 5 в t=12.00s
2025-09-25 16:21:56 - ROBOTY.safety - DEBUG - Добавлена пауза 0.60s роботу 2 в t=12.05s
2025-09-25 16:21:56 - ROBOTY.safety - DEBUG - Добавлена пауза 0.60s роботу 5 в t=12.05s
2025-09-25 16:21:56 - ROBOTY.safety - DEBUG - Добавлена пауза 0.60s роботу 2 в t=12.10s
2025-09-25 16:21:56 - ROBOTY.safety - DEBUG - Добавлена пауза 0.60s роботу 5 в t=12.10s
2025-09-25 16:21:56 - ROBOTY.safety - DEBUG - Добавлена пауза 0.60s роботу 2 в t=12.15s
2025-09-25 16:21:56 - ROBOTY.safety - DEBUG - Добавлена пауза 0.60s роботу 5 в t=12.15s
2025-09-25 16:21:56 - ROBOTY.safety - DEBUG - Добавлена пауза 0.60s роботу 2 в t=12.20s
2025-09-25 16:21:56 - ROBOTY.safety - DEBUG - Добавлена пауза 0.60s роботу 5 в t=12.20s
2025-09-25 16:21:56 - ROBOTY.safety - DEBUG - Добавлена пауза 0.60s роботу 2 в t=12.25s
2025-09-25 16:21:56 - ROBOTY.safety - DEBUG - Добавлена пауза 0.60s роботу 5 в t=12.25s
2025-09-25 16:21:56 - ROBOTY.safety - DEBUG - Добавлена пауза 0.60s роботу 2 в t=12.30s
2025-09-25 16:21:56 - ROBOTY.safety - DEBUG - Добавлена пауза 0.60s роботу 5 в t=12.30s
2025-09-25 16:21:56 - ROBOTY.safety - DEBUG - Добавлена пауза 0.60s роботу 2 в t=12.35s
2025-09-25 16:21:56 - ROBOTY.safety - DEBUG - Добавлена пауза 0.60s роботу 5 в t=12.35s
2025-09-25 16:21:56 - ROBOTY.safety - DEBUG - Добавлена пауза 0.60s роботу 2 в t=12.40s
2025-09-25 16:21:56 - ROBOTY.safety - DEBUG - Добавлена пауза 0.60s роботу 5 в t=12.40s
2025-09-25 16:21:56 - ROBOTY.safety - DEBUG - Добавлена пауза 0.60s роботу 2 в t=12.45s
2025-09-25 16:21:56 - ROBOTY.safety - DEBUG - Добавлена пауза 0.60s роботу 5 в t=12.45s
2025-09-25 16:21:56 - ROBOTY.safety - DEBUG - Добавлена пауза 0.60s роботу 2 в t=12.50s
2025-09-25 16:21:56 - ROBOTY.safety - DEBUG - Добавлена пауза 0.60s роботу 5 в t=12.50s
2025-09-25 16:21:56 - ROBOTY.safety - DEBUG - Добавлена пауза 0.60s роботу 2 в t=12.55s
2025-09-25 16:21:56 - ROBOTY.safety - DEBUG - Добавлена пауза 0.60s роботу 5 в t=12.55s
2025-09-25 16:21:56 - ROBOTY.safety - DEBUG - Добавлена пауза 0.60s роботу 2 в t=12.60s
2025-09-25 16:21:56 - ROBOTY.safety - DEBUG - Добавлена пауза 0.60s роботу 5 в t=12.60s
2025-09-25 16:21:56 - ROBOTY.safety - DEBUG - Добавлена пауза 0.60s роботу 2 в t=12.65s
2025-09-25 16:21:56 - ROBOTY.safety - DEBUG - Добавлена пауза 0.60s роботу 5 в t=12.65s
2025-09-25 16:21:56 - ROBOTY.safety - DEBUG - Добавлена пауза 0.60s роботу 2 в t=12.70s
2025-09-25 16:21:56 - ROBOTY.safety - DEBUG - Добавлена пауза 0.60s роботу 5 в t=12.70s
2025-09-25 16:21:56 - ROBOTY.safety - DEBUG - Добавлена пауза 0.60s роботу 2 в t=13.20s
2025-09-25 16:21:56 - ROBOTY.safety - DEBUG - Добавлена пауза 0.60s роботу 8 в t=13.20s
2025-09-25 16:21:56 - ROBOTY.safety - DEBUG - Добавлена пауза 0.60s роботу 2 в t=13.25s
2025-09-25 16:21:56 - ROBOTY.safety - DEBUG - Добавлена пауза 0.60s роботу 8 в t=13.25s
2025-09-25 16:21:56 - ROBOTY.safety - DEBUG - Добавлена пауза 0.60s роботу 2 в t=13.30s
2025-09-25 16:21:56 - ROBOTY.safety - DEBUG - Добавлена пауза 0.60s роботу 8 в t=13.30s
2025-09-25 16:21:56 - ROBOTY.safety - DEBUG - Добавлена пауза 0.60s роботу 2 в t=13.35s
2025-09-25 16:21:56 - ROBOTY.safety - DEBUG - Добавлена пауза 0.60s роботу 8 в t=13.35s
2025-09-25 16:21:56 - ROBOTY.safety - DEBUG - Добавлена пауза 0.60s роботу 2 в t=13.40s
2025-09-25 16:21:56 - ROBOTY.safety - DEBUG - Добавлена пауза 0.60s роботу 8 в t=13.40s
2025-09-25 16:21:56 - ROBOTY.safety - DEBUG - Добавлена пауза 0.60s роботу 2 в t=13.45s
2025-09-25 16:21:56 - ROBOTY.safety - DEBUG - Добавлена пауза 0.60s роботу 8 в t=13.45s
2025-09-25 16:21:56 - ROBOTY.safety - DEBUG - Добавлена пауза 0.60s роботу 2 в t=13.50s
2025-09-25 16:21:56 - ROBOTY.safety - DEBUG - Добавлена пауза 0.60s роботу 8 в t=13.50s
2025-09-25 16:21:56 - ROBOTY.safety - DEBUG - Добавлена пауза 0.60s роботу 2 в t=13.55s
2025-09-25 16:21:56 - ROBOTY.safety - DEBUG - Добавлена пауза 0.60s роботу 8 в t=13.55s
2025-09-25 16:21:56 - ROBOTY.safety - DEBUG - Добавлена пауза 0.60s роботу 2 в t=13.60s
2025-09-25 16:21:56 - ROBOTY.safety - DEBUG - Добавлена пауза 0.60s роботу 8 в t=13.60s
2025-09-25 16:21:56 - ROBOTY.safety - DEBUG - Добавлена пауза 0.60s роботу 2 в t=13.65s
2025-09-25 16:21:56 - ROBOTY.safety - DEBUG - Добавлена пауза 0.60s роботу 8 в t=13.65s
2025-09-25 16:21:56 - ROBOTY.safety - DEBUG - Добавлена пауза 0.60s роботу 8 в t=22.50s
2025-09-25 16:21:56 - ROBOTY.safety - DEBUG - Добавлена пауза 0.60s роботу 10 в t=22.50s
2025-09-25 16:21:56 - ROBOTY.safety - DEBUG - Добавлена пауза 0.60s роботу 8 в t=22.55s
2025-09-25 16:21:56 - ROBOTY.safety - DEBUG - Добавлена пауза 0.60s роботу 10 в t=22.55s
2025-09-25 16:21:56 - ROBOTY.safety - DEBUG - Добавлена пауза 0.60s роботу 8 в t=22.60s
2025-09-25 16:21:56 - ROBOTY.safety - DEBUG - Добавлена пауза 0.60s роботу 10 в t=22.60s
2025-09-25 16:21:56 - ROBOTY.safety - DEBUG - Добавлена пауза 0.60s роботу 8 в t=22.65s
2025-09-25 16:21:56 - ROBOTY.safety - DEBUG - Добавлена пауза 0.60s роботу 10 в t=22.65s
2025-09-25 16:21:56 - ROBOTY.safety - DEBUG - Добавлена пауза 0.60s роботу 7 в t=22.70s
2025-09-25 16:21:56 - ROBOTY.safety - DEBUG - Добавлена пауза 0.60s роботу 10 в t=22.70s
2025-09-25 16:21:56 - ROBOTY.safety - DEBUG - Добавлена пауза 0.60s роботу 7 в t=22.75s
2025-09-25 16:21:56 - ROBOTY.safety - DEBUG - Добавлена пауза 0.60s роботу 10 в t=22.75s
2025-09-25 16:21:56 - ROBOTY.safety - DEBUG - Добавлена пауза 0.60s роботу 7 в t=22.80s
2025-09-25 16:21:56 - ROBOTY.safety - DEBUG - Добавлена пауза 0.60s роботу 10 в t=22.80s
2025-09-25 16:21:56 - ROBOTY.safety - DEBUG - Добавлена пауза 0.60s роботу 7 в t=22.85s
2025-09-25 16:21:56 - ROBOTY.safety - DEBUG - Добавлена пауза 0.60s роботу 10 в t=22.85s
2025-09-25 16:21:56 - ROBOTY.safety - DEBUG - Добавлена пауза 0.60s роботу 7 в t=22.90s
2025-09-25 16:21:56 - ROBOTY.safety - DEBUG - Добавлена пауза 0.60s роботу 10 в t=22.90s
2025-09-25 16:21:56 - ROBOTY.safety - DEBUG - Добавлена пауза 0.60s роботу 7 в t=22.95s
2025-09-25 16:21:56 - ROBOTY.safety - DEBUG - Добавлена пауза 0.60s роботу 10 в t=22.95s
2025-09-25 16:21:56 - ROBOTY.safety - DEBUG - Добавлена пауза 0.60s роботу 7 в t=23.00s
2025-09-25 16:21:56 - ROBOTY.safety - DEBUG - Добавлена пауза 0.60s роботу 10 в t=23.00s
2025-09-25 16:21:56 - ROBOTY.safety - DEBUG - Добавлена пауза 0.60s роботу 7 в t=23.05s
2025-09-25 16:21:56 - ROBOTY.safety - DEBUG - Добавлена пауза 0.60s роботу 10 в t=23.05s
2025-09-25 16:21:56 - ROBOTY.safety - DEBUG - Добавлена пауза 0.60s роботу 7 в t=23.10s
2025-09-25 16:21:56 - ROBOTY.safety - DEBUG - Добавлена пауза 0.60s роботу 10 в t=23.10s
2025-09-25 16:21:56 - ROBOTY.safety - DEBUG - Добавлена пауза 0.60s роботу 7 в t=23.15s
2025-09-25 16:21:56 - ROBOTY.safety - DEBUG - Добавлена пауза 0.60s роботу 10 в t=23.15s
2025-09-25 16:21:56 - ROBOTY.safety - DEBUG - Добавлена пауза 0.60s роботу 7 в t=23.20s
2025-09-25 16:21:56 - ROBOTY.safety - DEBUG - Добавлена пауза 0.60s роботу 10 в t=23.20s
2025-09-25 16:21:56 - ROBOTY.safety - DEBUG - Добавлена пауза 0.60s роботу 7 в t=23.25s
2025-09-25 16:21:56 - ROBOTY.safety - DEBUG - Добавлена пауза 0.60s роботу 10 в t=23.25s
2025-09-25 16:21:56 - ROBOTY.safety - DEBUG - Добавлена пауза 0.60s роботу 7 в t=23.30s
2025-09-25 16:21:56 - ROBOTY.safety - DEBUG - Добавлена пауза 0.60s роботу 10 в t=23.30s
2025-09-25 16:21:56 - ROBOTY.safety - DEBUG - Добавлена пауза 0.60s роботу 7 в t=23.35s
2025-09-25 16:21:56 - ROBOTY.safety - DEBUG - Добавлена пауза 0.60s роботу 10 в t=23.35s
2025-09-25 16:21:56 - ROBOTY.safety - DEBUG - Добавлена пауза 0.60s роботу 7 в t=23.40s
2025-09-25 16:21:56 - ROBOTY.safety - DEBUG - Добавлена пауза 0.60s роботу 10 в t=23.40s
2025-09-25 16:21:56 - ROBOTY.safety - DEBUG - Добавлена пауза 0.60s роботу 5 в t=24.10s
2025-09-25 16:21:56 - ROBOTY.safety - DEBUG - Добавлена пауза 0.60s роботу 6 в t=24.10s
2025-09-25 16:21:56 - ROBOTY.safety - DEBUG - Добавлена пауза 0.60s роботу 5 в t=24.15s
2025-09-25 16:21:56 - ROBOTY.safety - DEBUG - Добавлена пауза 0.60s роботу 6 в t=24.15s
2025-09-25 16:21:56 - ROBOTY.safety - DEBUG - Добавлена пауза 0.60s роботу 5 в t=24.20s
2025-09-25 16:21:56 - ROBOTY.safety - DEBUG - Добавлена пауза 0.60s роботу 6 в t=24.20s
2025-09-25 16:21:56 - ROBOTY.safety - DEBUG - Добавлена пауза 0.60s роботу 5 в t=24.25s
2025-09-25 16:21:56 - ROBOTY.safety - DEBUG - Добавлена пауза 0.60s роботу 6 в t=24.25s
2025-09-25 16:21:56 - ROBOTY.safety - DEBUG - Добавлена пауза 0.60s роботу 5 в t=24.30s
2025-09-25 16:21:56 - ROBOTY.safety - DEBUG - Добавлена пауза 0.60s роботу 6 в t=24.30s
2025-09-25 16:21:56 - ROBOTY.safety - DEBUG - Добавлена пауза 0.60s роботу 5 в t=24.35s
2025-09-25 16:21:56 - ROBOTY.safety - DEBUG - Добавлена пауза 0.60s роботу 6 в t=24.35s
2025-09-25 16:21:56 - ROBOTY.safety - DEBUG - Добавлена пауза 0.60s роботу 5 в t=24.40s
2025-09-25 16:21:56 - ROBOTY.safety - DEBUG - Добавлена пауза 0.60s роботу 6 в t=24.40s
2025-09-25 16:21:56 - ROBOTY.safety - DEBUG - Добавлена пауза 0.60s роботу 5 в t=24.45s
2025-09-25 16:21:56 - ROBOTY.safety - DEBUG - Добавлена пауза 0.60s роботу 6 в t=24.45s
2025-09-25 16:21:56 - ROBOTY.safety - DEBUG - Добавлена пауза 0.60s роботу 5 в t=24.50s
2025-09-25 16:21:56 - ROBOTY.safety - DEBUG - Добавлена пауза 0.60s роботу 6 в t=24.50s
2025-09-25 16:21:56 - ROBOTY.safety - DEBUG - Добавлена пауза 0.60s роботу 5 в t=24.55s
2025-09-25 16:21:56 - ROBOTY.safety - DEBUG - Добавлена пауза 0.60s роботу 6 в t=24.55s
2025-09-25 16:21:56 - ROBOTY.safety - DEBUG - Добавлена пауза 0.60s роботу 5 в t=24.60s
2025-09-25 16:21:56 - ROBOTY.safety - DEBUG - Добавлена пауза 0.60s роботу 6 в t=24.60s
2025-09-25 16:21:56 - ROBOTY.safety - DEBUG - Добавлена пауза 0.60s роботу 6 в t=25.00s
2025-09-25 16:21:56 - ROBOTY.safety - DEBUG - Добавлена пауза 0.60s роботу 8 в t=25.00s
2025-09-25 16:21:56 - ROBOTY.safety - DEBUG - Добавлена пауза 0.60s роботу 6 в t=25.05s
2025-09-25 16:21:56 - ROBOTY.safety - DEBUG - Добавлена пауза 0.60s роботу 8 в t=25.05s
2025-09-25 16:21:56 - ROBOTY.safety - DEBUG - Добавлена пауза 0.60s роботу 6 в t=25.10s
2025-09-25 16:21:56 - ROBOTY.safety - DEBUG - Добавлена пауза 0.60s роботу 8 в t=25.10s
2025-09-25 16:21:56 - ROBOTY.safety - DEBUG - Добавлена пауза 0.60s роботу 6 в t=25.15s
2025-09-25 16:21:56 - ROBOTY.safety - DEBUG - Добавлена пауза 0.60s роботу 8 в t=25.15s
2025-09-25 16:21:56 - ROBOTY.safety - DEBUG - Добавлена пауза 0.60s роботу 6 в t=25.20s
2025-09-25 16:21:56 - ROBOTY.safety - DEBUG - Добавлена пауза 0.60s роботу 8 в t=25.20s
2025-09-25 16:21:56 - ROBOTY.safety - DEBUG - Добавлена пауза 0.60s роботу 6 в t=25.25s
2025-09-25 16:21:56 - ROBOTY.safety - DEBUG - Добавлена пауза 0.60s роботу 8 в t=25.25s
2025-09-25 16:21:56 - ROBOTY.safety - DEBUG - Добавлена пауза 0.60s роботу 6 в t=25.30s
2025-09-25 16:21:56 - ROBOTY.safety - DEBUG - Добавлена пауза 0.60s роботу 8 в t=25.30s
2025-09-25 16:21:56 - ROBOTY.safety - DEBUG - Добавлена пауза 0.60s роботу 6 в t=25.35s
2025-09-25 16:21:56 - ROBOTY.safety - DEBUG - Добавлена пауза 0.60s роботу 8 в t=25.35s
2025-09-25 16:21:56 - ROBOTY.safety - INFO - Онлайн-безопасность применена: паузы вставлены
2025-09-25 16:21:56 - ROBOTY.collision - INFO - Начинаем детальную проверку коллизий
2025-09-25 16:21:56 - ROBOTY.collision - DEBUG - Проверяем коллизии в диапазоне времени: 0.00 - 63.85
2025-09-25 16:21:56 - ROBOTY.collision - WARNING - Коллизия: роботы 2 и 6 в 7.70s, расстояние: 0.465, требуется: 0.500
2025-09-25 16:21:56 - ROBOTY.collision - WARNING - Коллизия: роботы 2 и 6 в 7.80s, расстояние: 0.465, требуется: 0.500
2025-09-25 16:21:56 - ROBOTY.collision - WARNING - Коллизия: роботы 2 и 6 в 7.90s, расстояние: 0.465, требуется: 0.500
2025-09-25 16:21:56 - ROBOTY.collision - WARNING - Коллизия: роботы 2 и 6 в 8.00s, расстояние: 0.465, требуется: 0.500
2025-09-25 16:21:56 - ROBOTY.collision - WARNING - Коллизия: роботы 2 и 6 в 8.10s, расстояние: 0.465, требуется: 0.500
2025-09-25 16:21:56 - ROBOTY.collision - WARNING - Коллизия: роботы 2 и 6 в 8.20s, расстояние: 0.465, требуется: 0.500
2025-09-25 16:21:56 - ROBOTY.collision - WARNING - Коллизия: роботы 2 и 6 в 8.30s, расстояние: 0.465, требуется: 0.500
2025-09-25 16:21:56 - ROBOTY.collision - WARNING - Коллизия: роботы 2 и 6 в 8.40s, расстояние: 0.465, требуется: 0.500
2025-09-25 16:21:56 - ROBOTY.collision - WARNING - Коллизия: роботы 2 и 6 в 8.50s, расстояние: 0.465, требуется: 0.500
2025-09-25 16:21:56 - ROBOTY.collision - WARNING - Коллизия: роботы 2 и 6 в 8.60s, расстояние: 0.465, требуется: 0.500
2025-09-25 16:21:56 - ROBOTY.collision - WARNING - Коллизия: роботы 2 и 6 в 8.70s, расстояние: 0.465, требуется: 0.500
2025-09-25 16:21:56 - ROBOTY.collision - WARNING - Коллизия: роботы 2 и 6 в 8.80s, расстояние: 0.465, требуется: 0.500
2025-09-25 16:21:56 - ROBOTY.collision - WARNING - Коллизия: роботы 6 и 8 в 8.80s, расстояние: 0.469, требуется: 0.500
2025-09-25 16:21:56 - ROBOTY.collision - WARNING - Коллизия: роботы 9 и 10 в 8.80s, расстояние: 0.493, требуется: 0.500
2025-09-25 16:21:56 - ROBOTY.collision - WARNING - Коллизия: роботы 2 и 6 в 8.90s, расстояние: 0.465, требуется: 0.500
2025-09-25 16:21:56 - ROBOTY.collision - WARNING - Коллизия: роботы 6 и 8 в 8.90s, расстояние: 0.403, требуется: 0.500
2025-09-25 16:21:56 - ROBOTY.collision - WARNING - Коллизия: роботы 9 и 10 в 8.90s, расстояние: 0.493, требуется: 0.500
2025-09-25 16:21:56 - ROBOTY.collision - WARNING - Коллизия: роботы 2 и 6 в 9.00s, расстояние: 0.465, требуется: 0.500
2025-09-25 16:21:56 - ROBOTY.collision - WARNING - Коллизия: роботы 6 и 8 в 9.00s, расстояние: 0.346, требуется: 0.500
2025-09-25 16:21:56 - ROBOTY.collision - WARNING - Коллизия: роботы 9 и 10 в 9.00s, расстояние: 0.493, требуется: 0.500
2025-09-25 16:21:56 - ROBOTY.collision - WARNING - Коллизия: роботы 2 и 6 в 9.10s, расстояние: 0.465, требуется: 0.500
2025-09-25 16:21:56 - ROBOTY.collision - WARNING - Коллизия: роботы 6 и 8 в 9.10s, расстояние: 0.305, требуется: 0.500
2025-09-25 16:21:56 - ROBOTY.collision - WARNING - Коллизия: роботы 9 и 10 в 9.10s, расстояние: 0.493, требуется: 0.500
2025-09-25 16:21:56 - ROBOTY.collision - WARNING - Коллизия: роботы 2 и 6 в 9.20s, расстояние: 0.465, требуется: 0.500
2025-09-25 16:21:56 - ROBOTY.collision - WARNING - Коллизия: роботы 6 и 8 в 9.20s, расстояние: 0.286, требуется: 0.500
2025-09-25 16:21:56 - ROBOTY.collision - WARNING - Коллизия: роботы 9 и 10 в 9.20s, расстояние: 0.493, требуется: 0.500
2025-09-25 16:21:56 - ROBOTY.collision - WARNING - Коллизия: роботы 2 и 6 в 9.30s, расстояние: 0.465, требуется: 0.500
2025-09-25 16:21:56 - ROBOTY.collision - WARNING - Коллизия: роботы 6 и 8 в 9.30s, расстояние: 0.293, требуется: 0.500
2025-09-25 16:21:56 - ROBOTY.collision - WARNING - Коллизия: роботы 9 и 10 в 9.30s, расстояние: 0.493, требуется: 0.500
2025-09-25 16:21:56 - ROBOTY.collision - WARNING - Коллизия: роботы 2 и 6 в 9.40s, расстояние: 0.465, требуется: 0.500
2025-09-25 16:21:56 - ROBOTY.collision - WARNING - Коллизия: роботы 6 и 8 в 9.40s, расстояние: 0.325, требуется: 0.500
2025-09-25 16:21:56 - ROBOTY.collision - WARNING - Коллизия: роботы 9 и 10 в 9.40s, расстояние: 0.493, требуется: 0.500
2025-09-25 16:21:56 - ROBOTY.collision - WARNING - Коллизия: роботы 2 и 6 в 9.50s, расстояние: 0.465, требуется: 0.500
2025-09-25 16:21:56 - ROBOTY.collision - WARNING - Коллизия: роботы 6 и 8 в 9.50s, расстояние: 0.375, требуется: 0.500
2025-09-25 16:21:56 - ROBOTY.collision - WARNING - Коллизия: роботы 9 и 10 в 9.50s, расстояние: 0.493, требуется: 0.500
2025-09-25 16:21:56 - ROBOTY.collision - WARNING - Коллизия: роботы 2 и 6 в 9.60s, расстояние: 0.465, требуется: 0.500
2025-09-25 16:21:56 - ROBOTY.collision - WARNING - Коллизия: роботы 6 и 8 в 9.60s, расстояние: 0.438, требуется: 0.500
2025-09-25 16:21:56 - ROBOTY.collision - WARNING - Коллизия: роботы 9 и 10 в 9.60s, расстояние: 0.493, требуется: 0.500
2025-09-25 16:21:56 - ROBOTY.collision - WARNING - Коллизия: роботы 2 и 6 в 9.70s, расстояние: 0.465, требуется: 0.500
2025-09-25 16:21:56 - ROBOTY.collision - WARNING - Коллизия: роботы 9 и 10 в 9.70s, расстояние: 0.493, требуется: 0.500
2025-09-25 16:21:56 - ROBOTY.collision - WARNING - Коллизия: роботы 2 и 6 в 9.80s, расстояние: 0.465, требуется: 0.500
2025-09-25 16:21:56 - ROBOTY.collision - WARNING - Коллизия: роботы 9 и 10 в 9.80s, расстояние: 0.493, требуется: 0.500
2025-09-25 16:21:56 - ROBOTY.collision - WARNING - Коллизия: роботы 2 и 6 в 9.90s, расстояние: 0.465, требуется: 0.500
2025-09-25 16:21:56 - ROBOTY.collision - WARNING - Коллизия: роботы 9 и 10 в 9.90s, расстояние: 0.493, требуется: 0.500
2025-09-25 16:21:56 - ROBOTY.collision - WARNING - Коллизия: роботы 2 и 6 в 10.00s, расстояние: 0.465, требуется: 0.500
2025-09-25 16:21:56 - ROBOTY.collision - WARNING - Коллизия: роботы 9 и 10 в 10.00s, расстояние: 0.493, требуется: 0.500
2025-09-25 16:21:56 - ROBOTY.collision - WARNING - Коллизия: роботы 2 и 6 в 10.10s, расстояние: 0.441, требуется: 0.500
2025-09-25 16:21:56 - ROBOTY.collision - WARNING - Коллизия: роботы 9 и 10 в 10.10s, расстояние: 0.493, требуется: 0.500
2025-09-25 16:21:56 - ROBOTY.collision - WARNING - Коллизия: роботы 2 и 6 в 10.20s, расстояние: 0.472, требуется: 0.500
2025-09-25 16:21:56 - ROBOTY.collision - WARNING - Коллизия: роботы 9 и 10 в 10.20s, расстояние: 0.493, требуется: 0.500
2025-09-25 16:21:56 - ROBOTY.collision - WARNING - Коллизия: роботы 9 и 10 в 10.30s, расстояние: 0.493, требуется: 0.500
2025-09-25 16:21:56 - ROBOTY.collision - WARNING - Коллизия: роботы 3 и 6 в 10.40s, расстояние: 0.363, требуется: 0.500
2025-09-25 16:21:56 - ROBOTY.collision - WARNING - Коллизия: роботы 9 и 10 в 10.40s, расстояние: 0.493, требуется: 0.500
2025-09-25 16:21:56 - ROBOTY.collision - WARNING - Коллизия: роботы 3 и 6 в 10.50s, расстояние: 0.252, требуется: 0.500
2025-09-25 16:21:56 - ROBOTY.collision - WARNING - Коллизия: роботы 9 и 10 в 10.50s, расстояние: 0.493, требуется: 0.500
2025-09-25 16:21:56 - ROBOTY.collision - WARNING - Коллизия: роботы 3 и 6 в 10.60s, расстояние: 0.281, требуется: 0.500
2025-09-25 16:21:56 - ROBOTY.collision - WARNING - Коллизия: роботы 9 и 10 в 10.60s, расстояние: 0.493, требуется: 0.500
2025-09-25 16:21:56 - ROBOTY.collision - WARNING - Коллизия: роботы 3 и 6 в 10.70s, расстояние: 0.423, требуется: 0.500
2025-09-25 16:21:56 - ROBOTY.collision - WARNING - Коллизия: роботы 9 и 10 в 10.70s, расстояние: 0.493, требуется: 0.500
2025-09-25 16:21:56 - ROBOTY.collision - WARNING - Коллизия: роботы 9 и 10 в 10.80s, расстояние: 0.493, требуется: 0.500
2025-09-25 16:21:56 - ROBOTY.collision - WARNING - Коллизия: роботы 9 и 10 в 10.90s, расстояние: 0.493, требуется: 0.500
2025-09-25 16:21:56 - ROBOTY.collision - WARNING - Коллизия: роботы 9 и 10 в 11.00s, расстояние: 0.493, требуется: 0.500
2025-09-25 16:21:56 - ROBOTY.collision - WARNING - Коллизия: роботы 9 и 10 в 11.10s, расстояние: 0.493, требуется: 0.500
2025-09-25 16:21:56 - ROBOTY.collision - WARNING - Коллизия: роботы 9 и 10 в 11.20s, расстояние: 0.493, требуется: 0.500
2025-09-25 16:21:56 - ROBOTY.collision - WARNING - Коллизия: роботы 9 и 10 в 11.30s, расстояние: 0.493, требуется: 0.500
2025-09-25 16:21:56 - ROBOTY.collision - WARNING - Коллизия: роботы 9 и 10 в 11.40s, расстояние: 0.493, требуется: 0.500
2025-09-25 16:21:56 - ROBOTY.collision - WARNING - Коллизия: роботы 9 и 10 в 11.50s, расстояние: 0.493, требуется: 0.500
2025-09-25 16:21:56 - ROBOTY.collision - WARNING - Коллизия: роботы 9 и 10 в 11.60s, расстояние: 0.493, требуется: 0.500
2025-09-25 16:21:56 - ROBOTY.collision - WARNING - Коллизия: роботы 9 и 10 в 11.70s, расстояние: 0.493, требуется: 0.500
2025-09-25 16:21:56 - ROBOTY.collision - WARNING - Коллизия: роботы 9 и 10 в 11.80s, расстояние: 0.483, требуется: 0.500
2025-09-25 16:21:56 - ROBOTY.collision - WARNING - Коллизия: роботы 9 и 10 в 11.90s, расстояние: 0.483, требуется: 0.500
2025-09-25 16:21:56 - ROBOTY.collision - WARNING - Коллизия: роботы 2 и 3 в 12.90s, расстояние: 0.487, требуется: 0.500
2025-09-25 16:21:56 - ROBOTY.collision - WARNING - Коллизия: роботы 2 и 3 в 13.00s, расстояние: 0.457, требуется: 0.500
2025-09-25 16:21:56 - ROBOTY.collision - WARNING - Коллизия: роботы 2 и 3 в 13.10s, расстояние: 0.439, требуется: 0.500
2025-09-25 16:21:56 - ROBOTY.collision - WARNING - Коллизия: роботы 2 и 3 в 13.20s, расстояние: 0.436, требуется: 0.500
2025-09-25 16:21:56 - ROBOTY.collision - WARNING - Коллизия: роботы 2 и 3 в 13.30s, расстояние: 0.448, требуется: 0.500
2025-09-25 16:21:56 - ROBOTY.collision - WARNING - Коллизия: роботы 2 и 3 в 13.40s, расстояние: 0.473, требуется: 0.500
2025-09-25 16:21:56 - ROBOTY.collision - WARNING - Коллизия: роботы 2 и 4 в 20.20s, расстояние: 0.481, требуется: 0.500
2025-09-25 16:21:56 - ROBOTY.collision - WARNING - Коллизия: роботы 5 и 8 в 20.20s, расстояние: 0.472, требуется: 0.500
2025-09-25 16:21:56 - ROBOTY.collision - WARNING - Коллизия: роботы 2 и 4 в 20.30s, расстояние: 0.399, требуется: 0.500
2025-09-25 16:21:56 - ROBOTY.collision - WARNING - Коллизия: роботы 5 и 8 в 20.30s, расстояние: 0.444, требуется: 0.500
2025-09-25 16:21:56 - ROBOTY.collision - WARNING - Коллизия: роботы 2 и 4 в 20.40s, расстояние: 0.332, требуется: 0.500
2025-09-25 16:21:56 - ROBOTY.collision - WARNING - Коллизия: роботы 5 и 8 в 20.40s, расстояние: 0.432, требуется: 0.500
2025-09-25 16:21:56 - ROBOTY.collision - WARNING - Коллизия: роботы 2 и 4 в 20.50s, расстояние: 0.291, требуется: 0.500
2025-09-25 16:21:56 - ROBOTY.collision - WARNING - Коллизия: роботы 5 и 8 в 20.50s, расстояние: 0.438, требуется: 0.500
2025-09-25 16:21:56 - ROBOTY.collision - WARNING - Коллизия: роботы 2 и 4 в 20.60s, расстояние: 0.287, требуется: 0.500
2025-09-25 16:21:56 - ROBOTY.collision - WARNING - Коллизия: роботы 5 и 8 в 20.60s, расстояние: 0.461, требуется: 0.500
2025-09-25 16:21:56 - ROBOTY.collision - WARNING - Коллизия: роботы 7 и 8 в 20.60s, расстояние: 0.468, требуется: 0.500
2025-09-25 16:21:56 - ROBOTY.collision - WARNING - Коллизия: роботы 2 и 4 в 20.70s, расстояние: 0.321, требуется: 0.500
2025-09-25 16:21:56 - ROBOTY.collision - WARNING - Коллизия: роботы 5 и 8 в 20.70s, расстояние: 0.498, требуется: 0.500
2025-09-25 16:21:56 - ROBOTY.collision - WARNING - Коллизия: роботы 7 и 8 в 20.70s, расстояние: 0.452, требуется: 0.500
2025-09-25 16:21:56 - ROBOTY.collision - WARNING - Коллизия: роботы 2 и 4 в 20.80s, расстояние: 0.384, требуется: 0.500
2025-09-25 16:21:56 - ROBOTY.collision - WARNING - Коллизия: роботы 7 и 8 в 20.80s, расстояние: 0.459, требуется: 0.500
2025-09-25 16:21:56 - ROBOTY.collision - WARNING - Коллизия: роботы 2 и 4 в 20.90s, расстояние: 0.464, требуется: 0.500
2025-09-25 16:21:56 - ROBOTY.collision - WARNING - Коллизия: роботы 7 и 8 в 20.90s, расстояние: 0.487, требуется: 0.500
2025-09-25 16:21:56 - ROBOTY.collision - WARNING - Коллизия: роботы 5 и 7 в 21.00s, расстояние: 0.471, требуется: 0.500
2025-09-25 16:21:56 - ROBOTY.collision - WARNING - Коллизия: роботы 5 и 7 в 21.10s, расстояние: 0.428, требуется: 0.500
2025-09-25 16:21:56 - ROBOTY.collision - WARNING - Коллизия: роботы 5 и 7 в 21.20s, расстояние: 0.399, требуется: 0.500
2025-09-25 16:21:56 - ROBOTY.collision - WARNING - Коллизия: роботы 5 и 7 в 21.30s, расстояние: 0.388, требуется: 0.500
2025-09-25 16:21:56 - ROBOTY.collision - WARNING - Коллизия: роботы 5 и 7 в 21.40s, расстояние: 0.396, требуется: 0.500
2025-09-25 16:21:56 - ROBOTY.collision - WARNING - Коллизия: роботы 5 и 7 в 21.50s, расстояние: 0.423, требуется: 0.500
2025-09-25 16:21:56 - ROBOTY.collision - WARNING - Коллизия: роботы 5 и 7 в 21.60s, расстояние: 0.464, требуется: 0.500
2025-09-25 16:21:56 - ROBOTY.collision - WARNING - Коллизия: роботы 5 и 10 в 22.40s, расстояние: 0.493, требуется: 0.500
2025-09-25 16:21:56 - ROBOTY.collision - WARNING - Коллизия: роботы 5 и 10 в 22.50s, расстояние: 0.469, требуется: 0.500
2025-09-25 16:21:56 - ROBOTY.collision - WARNING - Коллизия: роботы 5 и 10 в 22.60s, расстояние: 0.469, требуется: 0.500
2025-09-25 16:21:56 - ROBOTY.collision - WARNING - Коллизия: роботы 5 и 10 в 22.70s, расстояние: 0.469, требуется: 0.500
2025-09-25 16:21:56 - ROBOTY.collision - WARNING - Коллизия: роботы 5 и 10 в 22.80s, расстояние: 0.469, требуется: 0.500
2025-09-25 16:21:56 - ROBOTY.collision - WARNING - Коллизия: роботы 5 и 10 в 22.90s, расстояние: 0.469, требуется: 0.500
2025-09-25 16:21:56 - ROBOTY.collision - WARNING - Коллизия: роботы 5 и 10 в 23.00s, расстояние: 0.469, требуется: 0.500
2025-09-25 16:21:56 - ROBOTY.collision - WARNING - Коллизия: роботы 5 и 10 в 23.10s, расстояние: 0.469, требуется: 0.500
2025-09-25 16:21:56 - ROBOTY.collision - WARNING - Коллизия: роботы 5 и 10 в 23.20s, расстояние: 0.469, требуется: 0.500
2025-09-25 16:21:56 - ROBOTY.collision - WARNING - Коллизия: роботы 5 и 10 в 23.30s, расстояние: 0.469, требуется: 0.500
2025-09-25 16:21:56 - ROBOTY.collision - WARNING - Коллизия: роботы 5 и 10 в 23.40s, расстояние: 0.469, требуется: 0.500
2025-09-25 16:21:56 - ROBOTY.collision - WARNING - Коллизия: роботы 5 и 10 в 23.50s, расстояние: 0.469, требуется: 0.500
2025-09-25 16:21:56 - ROBOTY.collision - WARNING - Коллизия: роботы 5 и 10 в 23.60s, расстояние: 0.469, требуется: 0.500
2025-09-25 16:21:56 - ROBOTY.collision - WARNING - Коллизия: роботы 5 и 10 в 23.70s, расстояние: 0.469, требуется: 0.500
2025-09-25 16:21:56 - ROBOTY.collision - WARNING - Коллизия: роботы 5 и 10 в 23.80s, расстояние: 0.469, требуется: 0.500
2025-09-25 16:21:56 - ROBOTY.collision - WARNING - Коллизия: роботы 5 и 10 в 23.90s, расстояние: 0.469, требуется: 0.500
2025-09-25 16:21:56 - ROBOTY.collision - WARNING - Коллизия: роботы 5 и 10 в 24.00s, расстояние: 0.469, требуется: 0.500
2025-09-25 16:21:56 - ROBOTY.collision - WARNING - Коллизия: роботы 5 и 10 в 24.10s, расстояние: 0.469, требуется: 0.500
2025-09-25 16:21:56 - ROBOTY.collision - WARNING - Коллизия: роботы 5 и 10 в 24.20s, расстояние: 0.469, требуется: 0.500
2025-09-25 16:21:56 - ROBOTY.collision - WARNING - Коллизия: роботы 5 и 10 в 24.30s, расстояние: 0.469, требуется: 0.500
2025-09-25 16:21:56 - ROBOTY.collision - WARNING - Коллизия: роботы 5 и 10 в 24.40s, расстояние: 0.469, требуется: 0.500
2025-09-25 16:21:56 - ROBOTY.collision - WARNING - Коллизия: роботы 5 и 10 в 24.50s, расстояние: 0.469, требуется: 0.500
2025-09-25 16:21:56 - ROBOTY.collision - WARNING - Коллизия: роботы 5 и 10 в 24.60s, расстояние: 0.469, требуется: 0.500
2025-09-25 16:21:56 - ROBOTY.collision - WARNING - Коллизия: роботы 5 и 10 в 24.70s, расстояние: 0.469, требуется: 0.500
2025-09-25 16:21:56 - ROBOTY.collision - WARNING - Коллизия: роботы 5 и 10 в 24.80s, расстояние: 0.469, требуется: 0.500
2025-09-25 16:21:56 - ROBOTY.collision - WARNING - Коллизия: роботы 5 и 10 в 24.90s, расстояние: 0.469, требуется: 0.500
2025-09-25 16:21:56 - ROBOTY.collision - WARNING - Коллизия: роботы 5 и 10 в 25.00s, расстояние: 0.469, требуется: 0.500
2025-09-25 16:21:56 - ROBOTY.collision - WARNING - Коллизия: роботы 5 и 10 в 25.10s, расстояние: 0.469, требуется: 0.500
2025-09-25 16:21:56 - ROBOTY.collision - WARNING - Коллизия: роботы 5 и 10 в 25.20s, расстояние: 0.469, требуется: 0.500
2025-09-25 16:21:56 - ROBOTY.collision - WARNING - Коллизия: роботы 5 и 10 в 25.30s, расстояние: 0.469, требуется: 0.500
2025-09-25 16:21:56 - ROBOTY.collision - WARNING - Коллизия: роботы 5 и 10 в 25.40s, расстояние: 0.469, требуется: 0.500
2025-09-25 16:21:56 - ROBOTY.collision - WARNING - Коллизия: роботы 5 и 10 в 25.50s, расстояние: 0.469, требуется: 0.500
2025-09-25 16:21:56 - ROBOTY.collision - WARNING - Коллизия: роботы 1 и 5 в 25.60s, расстояние: 0.489, требуется: 0.500
2025-09-25 16:21:56 - ROBOTY.collision - WARNING - Коллизия: роботы 1 и 10 в 25.60s, расстояние: 0.420, требуется: 0.500
2025-09-25 16:21:56 - ROBOTY.collision - WARNING - Коллизия: роботы 5 и 10 в 25.60s, расстояние: 0.469, требуется: 0.500
2025-09-25 16:21:56 - ROBOTY.collision - WARNING - Коллизия: роботы 1 и 5 в 25.70s, расстояние: 0.430, требуется: 0.500
2025-09-25 16:21:56 - ROBOTY.collision - WARNING - Коллизия: роботы 1 и 10 в 25.70s, расстояние: 0.316, требуется: 0.500
2025-09-25 16:21:56 - ROBOTY.collision - WARNING - Коллизия: роботы 5 и 10 в 25.70s, расстояние: 0.469, требуется: 0.500
2025-09-25 16:21:56 - ROBOTY.collision - WARNING - Коллизия: роботы 1 и 5 в 25.80s, расстояние: 0.392, требуется: 0.500
2025-09-25 16:21:56 - ROBOTY.collision - WARNING - Коллизия: роботы 1 и 10 в 25.80s, расстояние: 0.215, требуется: 0.500
2025-09-25 16:21:56 - ROBOTY.collision - WARNING - Коллизия: роботы 5 и 10 в 25.80s, расстояние: 0.469, требуется: 0.500
2025-09-25 16:21:56 - ROBOTY.collision - WARNING - Коллизия: роботы 1 и 5 в 25.90s, расстояние: 0.381, требуется: 0.500
2025-09-25 16:21:56 - ROBOTY.collision - WARNING - Коллизия: роботы 1 и 10 в 25.90s, расстояние: 0.124, требуется: 0.500
2025-09-25 16:21:56 - ROBOTY.collision - WARNING - Коллизия: роботы 5 и 10 в 25.90s, расстояние: 0.469, требуется: 0.500
2025-09-25 16:21:56 - ROBOTY.collision - WARNING - Коллизия: роботы 1 и 5 в 26.00s, расстояние: 0.400, требуется: 0.500
2025-09-25 16:21:56 - ROBOTY.collision - WARNING - Коллизия: роботы 1 и 10 в 26.00s, расстояние: 0.086, требуется: 0.500
2025-09-25 16:21:56 - ROBOTY.collision - WARNING - Коллизия: роботы 5 и 10 в 26.00s, расстояние: 0.469, требуется: 0.500
2025-09-25 16:21:56 - ROBOTY.collision - WARNING - Коллизия: роботы 1 и 5 в 26.10s, расстояние: 0.444, требуется: 0.500
2025-09-25 16:21:56 - ROBOTY.collision - WARNING - Коллизия: роботы 1 и 10 в 26.10s, расстояние: 0.149, требуется: 0.500
2025-09-25 16:21:56 - ROBOTY.collision - WARNING - Коллизия: роботы 5 и 10 в 26.10s, расстояние: 0.469, требуется: 0.500
2025-09-25 16:21:56 - ROBOTY.collision - WARNING - Коллизия: роботы 1 и 10 в 26.20s, расстояние: 0.245, требуется: 0.500
2025-09-25 16:21:56 - ROBOTY.collision - WARNING - Коллизия: роботы 5 и 10 в 26.20s, расстояние: 0.469, требуется: 0.500
2025-09-25 16:21:56 - ROBOTY.collision - WARNING - Коллизия: роботы 1 и 10 в 26.30s, расстояние: 0.348, требуется: 0.500
2025-09-25 16:21:56 - ROBOTY.collision - WARNING - Коллизия: роботы 5 и 10 в 26.30s, расстояние: 0.469, требуется: 0.500
2025-09-25 16:21:56 - ROBOTY.collision - WARNING - Коллизия: роботы 1 и 10 в 26.40s, расстояние: 0.452, требуется: 0.500
2025-09-25 16:21:56 - ROBOTY.collision - WARNING - Коллизия: роботы 5 и 10 в 26.40s, расстояние: 0.469, требуется: 0.500
2025-09-25 16:21:56 - ROBOTY.collision - WARNING - Коллизия: роботы 5 и 10 в 26.50s, расстояние: 0.469, требуется: 0.500
2025-09-25 16:21:56 - ROBOTY.collision - WARNING - Коллизия: роботы 5 и 10 в 26.60s, расстояние: 0.469, требуется: 0.500
2025-09-25 16:21:56 - ROBOTY.collision - WARNING - Коллизия: роботы 5 и 10 в 26.70s, расстояние: 0.469, требуется: 0.500
2025-09-25 16:21:56 - ROBOTY.collision - WARNING - Коллизия: роботы 5 и 10 в 26.80s, расстояние: 0.469, требуется: 0.500
2025-09-25 16:21:56 - ROBOTY.collision - WARNING - Коллизия: роботы 5 и 10 в 26.90s, расстояние: 0.469, требуется: 0.500
2025-09-25 16:21:56 - ROBOTY.collision - WARNING - Коллизия: роботы 5 и 10 в 27.00s, расстояние: 0.469, требуется: 0.500
2025-09-25 16:21:56 - ROBOTY.collision - WARNING - Коллизия: роботы 5 и 10 в 27.10s, расстояние: 0.469, требуется: 0.500
2025-09-25 16:21:56 - ROBOTY.collision - WARNING - Коллизия: роботы 5 и 10 в 27.20s, расстояние: 0.469, требуется: 0.500
2025-09-25 16:21:56 - ROBOTY.collision - WARNING - Коллизия: роботы 5 и 10 в 27.30s, расстояние: 0.469, требуется: 0.500
2025-09-25 16:21:56 - ROBOTY.collision - WARNING - Коллизия: роботы 5 и 10 в 27.40s, расстояние: 0.469, требуется: 0.500
2025-09-25 16:21:56 - ROBOTY.collision - WARNING - Коллизия: роботы 5 и 10 в 27.50s, расстояние: 0.469, требуется: 0.500
2025-09-25 16:21:56 - ROBOTY.collision - WARNING - Коллизия: роботы 5 и 10 в 27.60s, расстояние: 0.469, требуется: 0.500
2025-09-25 16:21:56 - ROBOTY.collision - WARNING - Коллизия: роботы 5 и 10 в 27.70s, расстояние: 0.469, требуется: 0.500
2025-09-25 16:21:56 - ROBOTY.collision - WARNING - Коллизия: роботы 5 и 10 в 27.80s, расстояние: 0.469, требуется: 0.500
2025-09-25 16:21:56 - ROBOTY.collision - WARNING - Коллизия: роботы 5 и 10 в 27.90s, расстояние: 0.469, требуется: 0.500
2025-09-25 16:21:56 - ROBOTY.collision - WARNING - Коллизия: роботы 5 и 10 в 28.00s, расстояние: 0.469, требуется: 0.500
2025-09-25 16:21:56 - ROBOTY.collision - WARNING - Коллизия: роботы 5 и 10 в 28.10s, расстояние: 0.469, требуется: 0.500
2025-09-25 16:21:56 - ROBOTY.collision - WARNING - Коллизия: роботы 5 и 10 в 28.20s, расстояние: 0.469, требуется: 0.500
2025-09-25 16:21:56 - ROBOTY.collision - WARNING - Коллизия: роботы 5 и 10 в 28.30s, расстояние: 0.469, требуется: 0.500
2025-09-25 16:21:56 - ROBOTY.collision - WARNING - Коллизия: роботы 5 и 10 в 28.40s, расстояние: 0.469, требуется: 0.500
2025-09-25 16:21:56 - ROBOTY.collision - WARNING - Коллизия: роботы 5 и 10 в 28.50s, расстояние: 0.469, требуется: 0.500
2025-09-25 16:21:56 - ROBOTY.collision - WARNING - Коллизия: роботы 5 и 10 в 28.60s, расстояние: 0.469, требуется: 0.500
2025-09-25 16:21:56 - ROBOTY.collision - WARNING - Коллизия: роботы 5 и 10 в 28.70s, расстояние: 0.469, требуется: 0.500
2025-09-25 16:21:56 - ROBOTY.collision - WARNING - Коллизия: роботы 5 и 10 в 28.80s, расстояние: 0.469, требуется: 0.500
2025-09-25 16:21:56 - ROBOTY.collision - WARNING - Коллизия: роботы 5 и 10 в 28.90s, расстояние: 0.469, требуется: 0.500
2025-09-25 16:21:56 - ROBOTY.collision - WARNING - Коллизия: роботы 5 и 10 в 29.00s, расстояние: 0.469, требуется: 0.500
2025-09-25 16:21:56 - ROBOTY.collision - WARNING - Коллизия: роботы 5 и 10 в 29.10s, расстояние: 0.469, требуется: 0.500
2025-09-25 16:21:56 - ROBOTY.collision - WARNING - Коллизия: роботы 5 и 10 в 29.20s, расстояние: 0.469, требуется: 0.500
2025-09-25 16:21:56 - ROBOTY.collision - WARNING - Коллизия: роботы 5 и 10 в 29.30s, расстояние: 0.469, требуется: 0.500
2025-09-25 16:21:56 - ROBOTY.collision - WARNING - Коллизия: роботы 5 и 10 в 29.40s, расстояние: 0.469, требуется: 0.500
2025-09-25 16:21:56 - ROBOTY.collision - WARNING - Коллизия: роботы 5 и 10 в 29.50s, расстояние: 0.469, требуется: 0.500
2025-09-25 16:21:56 - ROBOTY.collision - WARNING - Коллизия: роботы 5 и 10 в 29.60s, расстояние: 0.469, требуется: 0.500
2025-09-25 16:21:56 - ROBOTY.collision - WARNING - Коллизия: роботы 5 и 10 в 29.70s, расстояние: 0.469, требуется: 0.500
2025-09-25 16:21:56 - ROBOTY.collision - WARNING - Коллизия: роботы 5 и 10 в 29.80s, расстояние: 0.469, требуется: 0.500
2025-09-25 16:21:56 - ROBOTY.collision - WARNING - Коллизия: роботы 5 и 10 в 29.90s, расстояние: 0.469, требуется: 0.500
2025-09-25 16:21:56 - ROBOTY.collision - WARNING - Коллизия: роботы 5 и 10 в 30.00s, расстояние: 0.469, требуется: 0.500
2025-09-25 16:21:56 - ROBOTY.collision - WARNING - Коллизия: роботы 5 и 10 в 30.10s, расстояние: 0.469, требуется: 0.500
2025-09-25 16:21:56 - ROBOTY.collision - WARNING - Коллизия: роботы 5 и 10 в 30.20s, расстояние: 0.469, требуется: 0.500
2025-09-25 16:21:56 - ROBOTY.collision - WARNING - Коллизия: роботы 5 и 10 в 30.30s, расстояние: 0.469, требуется: 0.500
2025-09-25 16:21:56 - ROBOTY.collision - WARNING - Коллизия: роботы 5 и 10 в 30.40s, расстояние: 0.469, требуется: 0.500
2025-09-25 16:21:56 - ROBOTY.collision - WARNING - Коллизия: роботы 5 и 10 в 30.50s, расстояние: 0.469, требуется: 0.500
2025-09-25 16:21:56 - ROBOTY.collision - WARNING - Коллизия: роботы 5 и 10 в 30.60s, расстояние: 0.469, требуется: 0.500
2025-09-25 16:21:56 - ROBOTY.collision - WARNING - Коллизия: роботы 5 и 10 в 30.70s, расстояние: 0.469, требуется: 0.500
2025-09-25 16:21:56 - ROBOTY.collision - WARNING - Коллизия: роботы 5 и 10 в 30.80s, расстояние: 0.469, требуется: 0.500
2025-09-25 16:21:56 - ROBOTY.collision - WARNING - Коллизия: роботы 5 и 10 в 30.90s, расстояние: 0.469, требуется: 0.500
2025-09-25 16:21:56 - ROBOTY.collision - WARNING - Коллизия: роботы 5 и 10 в 31.00s, расстояние: 0.469, требуется: 0.500
2025-09-25 16:21:56 - ROBOTY.collision - WARNING - Коллизия: роботы 5 и 10 в 31.10s, расстояние: 0.469, требуется: 0.500
2025-09-25 16:21:56 - ROBOTY.collision - WARNING - Коллизия: роботы 5 и 10 в 31.20s, расстояние: 0.469, требуется: 0.500
2025-09-25 16:21:56 - ROBOTY.collision - WARNING - Коллизия: роботы 5 и 10 в 31.30s, расстояние: 0.469, требуется: 0.500
2025-09-25 16:21:56 - ROBOTY.collision - WARNING - Коллизия: роботы 5 и 10 в 31.40s, расстояние: 0.469, требуется: 0.500
2025-09-25 16:21:56 - ROBOTY.collision - WARNING - Коллизия: роботы 5 и 10 в 31.50s, расстояние: 0.469, требуется: 0.500
2025-09-25 16:21:56 - ROBOTY.collision - WARNING - Коллизия: роботы 5 и 10 в 31.60s, расстояние: 0.469, требуется: 0.500
2025-09-25 16:21:56 - ROBOTY.collision - WARNING - Коллизия: роботы 5 и 10 в 31.70s, расстояние: 0.469, требуется: 0.500
2025-09-25 16:21:56 - ROBOTY.collision - WARNING - Коллизия: роботы 5 и 10 в 31.80s, расстояние: 0.469, требуется: 0.500
2025-09-25 16:21:56 - ROBOTY.collision - WARNING - Коллизия: роботы 5 и 10 в 31.90s, расстояние: 0.469, требуется: 0.500
2025-09-25 16:21:56 - ROBOTY.collision - WARNING - Коллизия: роботы 5 и 10 в 32.00s, расстояние: 0.469, требуется: 0.500
2025-09-25 16:21:56 - ROBOTY.collision - WARNING - Коллизия: роботы 5 и 10 в 32.10s, расстояние: 0.469, требуется: 0.500
2025-09-25 16:21:56 - ROBOTY.collision - WARNING - Коллизия: роботы 5 и 10 в 32.20s, расстояние: 0.469, требуется: 0.500
2025-09-25 16:21:56 - ROBOTY.collision - WARNING - Коллизия: роботы 5 и 10 в 32.30s, расстояние: 0.469, требуется: 0.500
2025-09-25 16:21:56 - ROBOTY.collision - WARNING - Коллизия: роботы 5 и 10 в 32.40s, расстояние: 0.469, требуется: 0.500
2025-09-25 16:21:56 - ROBOTY.collision - WARNING - Коллизия: роботы 5 и 10 в 32.50s, расстояние: 0.469, требуется: 0.500
2025-09-25 16:21:56 - ROBOTY.collision - WARNING - Коллизия: роботы 5 и 10 в 32.60s, расстояние: 0.469, требуется: 0.500
2025-09-25 16:21:56 - ROBOTY.collision - WARNING - Коллизия: роботы 5 и 10 в 32.70s, расстояние: 0.469, требуется: 0.500
2025-09-25 16:21:56 - ROBOTY.collision - WARNING - Коллизия: роботы 5 и 10 в 32.80s, расстояние: 0.469, требуется: 0.500
2025-09-25 16:21:56 - ROBOTY.collision - WARNING - Коллизия: роботы 5 и 10 в 32.90s, расстояние: 0.469, требуется: 0.500
2025-09-25 16:21:56 - ROBOTY.collision - WARNING - Коллизия: роботы 5 и 10 в 33.00s, расстояние: 0.469, требуется: 0.500
2025-09-25 16:21:56 - ROBOTY.collision - WARNING - Коллизия: роботы 5 и 10 в 33.10s, расстояние: 0.469, требуется: 0.500
2025-09-25 16:21:56 - ROBOTY.collision - WARNING - Коллизия: роботы 5 и 10 в 33.20s, расстояние: 0.469, требуется: 0.500
2025-09-25 16:21:56 - ROBOTY.collision - WARNING - Коллизия: роботы 5 и 10 в 33.30s, расстояние: 0.469, требуется: 0.500
2025-09-25 16:21:56 - ROBOTY.collision - WARNING - Коллизия: роботы 5 и 10 в 33.40s, расстояние: 0.469, требуется: 0.500
2025-09-25 16:21:56 - ROBOTY.collision - WARNING - Коллизия: роботы 5 и 10 в 33.50s, расстояние: 0.469, требуется: 0.500
2025-09-25 16:21:56 - ROBOTY.collision - WARNING - Коллизия: роботы 5 и 10 в 33.60s, расстояние: 0.469, требуется: 0.500
2025-09-25 16:21:56 - ROBOTY.collision - WARNING - Коллизия: роботы 5 и 10 в 33.70s, расстояние: 0.469, требуется: 0.500
2025-09-25 16:21:56 - ROBOTY.collision - WARNING - Коллизия: роботы 5 и 10 в 33.80s, расстояние: 0.469, требуется: 0.500
2025-09-25 16:21:56 - ROBOTY.collision - WARNING - Коллизия: роботы 5 и 10 в 33.90s, расстояние: 0.469, требуется: 0.500
2025-09-25 16:21:56 - ROBOTY.collision - WARNING - Коллизия: роботы 5 и 10 в 34.00s, расстояние: 0.471, требуется: 0.500
2025-09-25 16:21:56 - ROBOTY.collision - WARNING - Коллизия: роботы 5 и 10 в 34.10s, расстояние: 0.498, требуется: 0.500
2025-09-25 16:21:56 - ROBOTY.collision - WARNING - Коллизия: роботы 6 и 8 в 38.60s, расстояние: 0.420, требуется: 0.500
2025-09-25 16:21:56 - ROBOTY.collision - WARNING - Коллизия: роботы 6 и 8 в 38.70s, расстояние: 0.317, требуется: 0.500
2025-09-25 16:21:56 - ROBOTY.collision - WARNING - Коллизия: роботы 6 и 8 в 38.80s, расстояние: 0.330, требуется: 0.500
2025-09-25 16:21:56 - ROBOTY.collision - WARNING - Коллизия: роботы 6 и 8 в 38.90s, расстояние: 0.448, требуется: 0.500
2025-09-25 16:21:56 - ROBOTY.collision - ERROR - Обнаружено 239 коллизий
2025-09-25 16:21:56 - ROBOTY.main - WARNING - Коллизии сохраняются после вставки пауз
2025-09-25 16:21:57 - ROBOTY.main - INFO - Открытие визуализатора
2025-09-25 16:21:57 - ROBOTY.main - INFO - Визуализация успешно завершена
2025-09-25 16:21:57 - ROBOTY.visualizer - INFO - Запуск визуализации типа: 3d_anim
2025-09-25 16:21:57 - ROBOTY.visualizer - INFO - Создание 3D анимации траекторий
2025-09-25 16:21:57 - ROBOTY.visualizer - INFO - Создание 3D визуализации траекторий
2025-09-25 16:21:57 - ROBOTY.visualizer - INFO - 3D визуализация создана
2025-09-25 16:22:02 - ROBOTY.visualizer - INFO - Визуализация записана во временный файл: /var/folders/4m/3pf4f4ds7g3b39tkt544gftr0000gn/T/tmppy0ik40n_viz_3d_anim.html
2025-09-25 16:22:02 - ROBOTY.visualizer - INFO - Визуализация открыта в браузере из временного файла
2025-09-25 16:22:02 - ROBOTY.main - INFO - Визуализация успешно завершена (в фоне, временный файл будет удалён автоматически)
2025-09-25 16:22:33 - ROBOTY.main - INFO - Открытие визуализатора
2025-09-25 16:22:33 - ROBOTY.main - INFO - Визуализация успешно завершена
2025-09-25 16:22:33 - ROBOTY.visualizer - INFO - Запуск визуализации типа: 3d_anim
2025-09-25 16:22:33 - ROBOTY.visualizer - INFO - Создание 3D анимации траекторий
2025-09-25 16:22:33 - ROBOTY.visualizer - INFO - Создание 3D визуализации траекторий
2025-09-25 16:22:33 - ROBOTY.visualizer - INFO - 3D визуализация создана
2025-09-25 16:22:37 - ROBOTY.visualizer - INFO - Визуализация записана во временный файл: /var/folders/4m/3pf4f4ds7g3b39tkt544gftr0000gn/T/tmpc1c92i6o_viz_3d_anim.html
2025-09-25 16:22:37 - ROBOTY.visualizer - INFO - Визуализация открыта в браузере из временного файла
2025-09-25 16:22:37 - ROBOTY.main - INFO - Визуализация успешно завершена (в фоне, временный файл будет удалён автоматически)
2025-09-25 16:27:02 - ROBOTY.visualizer - INFO - Временный файл визуализации удалён: /var/folders/4m/3pf4f4ds7g3b39tkt544gftr0000gn/T/tmppy0ik40n_viz_3d_anim.html
2025-09-25 16:27:37 - ROBOTY.visualizer - INFO - Временный файл визуализации удалён: /var/folders/4m/3pf4f4ds7g3b39tkt544gftr0000gn/T/tmpc1c92i6o_viz_3d_anim.html
