2025-09-26 21:17:50 - ROBOTY.main - INFO - Запуск приложения ROBOTY
2025-09-26 21:17:50 - ROBOTY.main - INFO - Применена тема: dark
2025-09-26 21:17:50 - ROBOTY.main - INFO - Интерфейс инициализирован
2025-09-26 21:17:50 - ROBOTY.main - INFO - Приложение успешно запущено
2025-09-26 21:17:53 - ROBOTY.main - INFO - Начинаем загрузку файла
2025-09-26 21:17:55 - ROBOTY.main - INFO - Загружаем файл: /Users/maksimchernukha/Documents/ROBOTY/data/input_20250920_200004.json
2025-09-26 21:17:55 - ROBOTY.parser - INFO - Начинаем загрузку файла: /Users/maksimchernukha/Documents/ROBOTY/data/input_20250920_200004.json
2025-09-26 21:17:55 - ROBOTY.parser - INFO - Файл /Users/maksimchernukha/Documents/ROBOTY/data/input_20250920_200004.json успешно загружен
2025-09-26 21:17:55 - ROBOTY.parser - DEBUG - Робот 1 успешно загружен
2025-09-26 21:17:55 - ROBOTY.parser - DEBUG - Робот 2 успешно загружен
2025-09-26 21:17:55 - ROBOTY.parser - DEBUG - Робот 3 успешно загружен
2025-09-26 21:17:55 - ROBOTY.parser - DEBUG - Робот 4 успешно загружен
2025-09-26 21:17:55 - ROBOTY.parser - DEBUG - Робот 5 успешно загружен
2025-09-26 21:17:55 - ROBOTY.parser - DEBUG - Робот 6 успешно загружен
2025-09-26 21:17:55 - ROBOTY.parser - DEBUG - Робот 7 успешно загружен
2025-09-26 21:17:55 - ROBOTY.parser - DEBUG - Робот 8 успешно загружен
2025-09-26 21:17:55 - ROBOTY.parser - DEBUG - Робот 9 успешно загружен
2025-09-26 21:17:55 - ROBOTY.parser - DEBUG - Робот 10 успешно загружен
2025-09-26 21:17:55 - ROBOTY.parser - DEBUG - Операция 1 успешно загружена
2025-09-26 21:17:55 - ROBOTY.parser - DEBUG - Операция 2 успешно загружена
2025-09-26 21:17:55 - ROBOTY.parser - DEBUG - Операция 3 успешно загружена
2025-09-26 21:17:55 - ROBOTY.parser - DEBUG - Операция 4 успешно загружена
2025-09-26 21:17:55 - ROBOTY.parser - DEBUG - Операция 5 успешно загружена
2025-09-26 21:17:55 - ROBOTY.parser - DEBUG - Операция 6 успешно загружена
2025-09-26 21:17:55 - ROBOTY.parser - DEBUG - Операция 7 успешно загружена
2025-09-26 21:17:55 - ROBOTY.parser - DEBUG - Операция 8 успешно загружена
2025-09-26 21:17:55 - ROBOTY.parser - DEBUG - Операция 9 успешно загружена
2025-09-26 21:17:55 - ROBOTY.parser - DEBUG - Операция 10 успешно загружена
2025-09-26 21:17:55 - ROBOTY.parser - DEBUG - Операция 11 успешно загружена
2025-09-26 21:17:55 - ROBOTY.parser - DEBUG - Операция 12 успешно загружена
2025-09-26 21:17:55 - ROBOTY.parser - DEBUG - Операция 13 успешно загружена
2025-09-26 21:17:55 - ROBOTY.parser - DEBUG - Операция 14 успешно загружена
2025-09-26 21:17:55 - ROBOTY.parser - DEBUG - Операция 15 успешно загружена
2025-09-26 21:17:55 - ROBOTY.parser - DEBUG - Операция 16 успешно загружена
2025-09-26 21:17:55 - ROBOTY.parser - DEBUG - Операция 17 успешно загружена
2025-09-26 21:17:55 - ROBOTY.parser - DEBUG - Операция 18 успешно загружена
2025-09-26 21:17:55 - ROBOTY.parser - DEBUG - Операция 19 успешно загружена
2025-09-26 21:17:55 - ROBOTY.parser - DEBUG - Операция 20 успешно загружена
2025-09-26 21:17:55 - ROBOTY.parser - DEBUG - Операция 21 успешно загружена
2025-09-26 21:17:55 - ROBOTY.parser - DEBUG - Операция 22 успешно загружена
2025-09-26 21:17:55 - ROBOTY.parser - DEBUG - Операция 23 успешно загружена
2025-09-26 21:17:55 - ROBOTY.parser - DEBUG - Операция 24 успешно загружена
2025-09-26 21:17:55 - ROBOTY.parser - DEBUG - Операция 25 успешно загружена
2025-09-26 21:17:55 - ROBOTY.parser - DEBUG - Операция 26 успешно загружена
2025-09-26 21:17:55 - ROBOTY.parser - DEBUG - Операция 27 успешно загружена
2025-09-26 21:17:55 - ROBOTY.parser - DEBUG - Операция 28 успешно загружена
2025-09-26 21:17:55 - ROBOTY.parser - DEBUG - Операция 29 успешно загружена
2025-09-26 21:17:55 - ROBOTY.parser - DEBUG - Операция 30 успешно загружена
2025-09-26 21:17:55 - ROBOTY.parser - INFO - Загружено 10 роботов и 30 операций
2025-09-26 21:17:55 - ROBOTY.main - INFO - Файл успешно загружен и распарсен
2025-09-26 21:17:56 - ROBOTY.main - INFO - Запуск планировщика
2025-09-26 21:17:56 - ROBOTY.planner - INFO - Запуск планировщика траекторий
2025-09-26 21:17:56 - ROBOTY.assigner - INFO - Начинаем назначение операций методом: balanced
2025-09-26 21:17:56 - ROBOTY.assigner - DEBUG - Операция 0 назначена роботу 9 (нагрузка: 6.46)
2025-09-26 21:17:56 - ROBOTY.assigner - DEBUG - Операция 1 назначена роботу 3 (нагрузка: 4.59)
2025-09-26 21:17:56 - ROBOTY.assigner - DEBUG - Операция 2 назначена роботу 8 (нагрузка: 5.54)
2025-09-26 21:17:56 - ROBOTY.assigner - DEBUG - Операция 3 назначена роботу 5 (нагрузка: 12.50)
2025-09-26 21:17:56 - ROBOTY.assigner - DEBUG - Операция 4 назначена роботу 7 (нагрузка: 4.66)
2025-09-26 21:17:56 - ROBOTY.assigner - DEBUG - Операция 5 назначена роботу 4 (нагрузка: 11.23)
2025-09-26 21:17:56 - ROBOTY.assigner - DEBUG - Операция 6 назначена роботу 2 (нагрузка: 7.22)
2025-09-26 21:17:56 - ROBOTY.assigner - DEBUG - Операция 7 назначена роботу 1 (нагрузка: 9.50)
2025-09-26 21:17:56 - ROBOTY.assigner - DEBUG - Операция 8 назначена роботу 8 (нагрузка: 10.53)
2025-09-26 21:17:56 - ROBOTY.assigner - DEBUG - Операция 9 назначена роботу 9 (нагрузка: 15.79)
2025-09-26 21:17:56 - ROBOTY.assigner - DEBUG - Операция 10 назначена роботу 0 (нагрузка: 12.34)
2025-09-26 21:17:56 - ROBOTY.assigner - DEBUG - Операция 11 назначена роботу 6 (нагрузка: 12.49)
2025-09-26 21:17:56 - ROBOTY.assigner - DEBUG - Операция 12 назначена роботу 3 (нагрузка: 11.42)
2025-09-26 21:17:56 - ROBOTY.assigner - DEBUG - Операция 13 назначена роботу 7 (нагрузка: 13.67)
2025-09-26 21:17:56 - ROBOTY.assigner - DEBUG - Операция 14 назначена роботу 2 (нагрузка: 18.49)
2025-09-26 21:17:56 - ROBOTY.assigner - DEBUG - Операция 15 назначена роботу 8 (нагрузка: 19.41)
2025-09-26 21:17:56 - ROBOTY.assigner - DEBUG - Операция 16 назначена роботу 3 (нагрузка: 17.26)
2025-09-26 21:17:56 - ROBOTY.assigner - DEBUG - Операция 17 назначена роботу 0 (нагрузка: 19.28)
2025-09-26 21:17:56 - ROBOTY.assigner - DEBUG - Операция 18 назначена роботу 5 (нагрузка: 21.79)
2025-09-26 21:17:56 - ROBOTY.assigner - DEBUG - Операция 19 назначена роботу 4 (нагрузка: 21.03)
2025-09-26 21:17:56 - ROBOTY.assigner - DEBUG - Операция 20 назначена роботу 1 (нагрузка: 15.85)
2025-09-26 21:17:56 - ROBOTY.assigner - DEBUG - Операция 21 назначена роботу 7 (нагрузка: 24.33)
2025-09-26 21:17:56 - ROBOTY.assigner - DEBUG - Операция 22 назначена роботу 9 (нагрузка: 23.69)
2025-09-26 21:17:56 - ROBOTY.assigner - DEBUG - Операция 23 назначена роботу 2 (нагрузка: 25.40)
2025-09-26 21:17:56 - ROBOTY.assigner - DEBUG - Операция 24 назначена роботу 3 (нагрузка: 21.74)
2025-09-26 21:17:56 - ROBOTY.assigner - DEBUG - Операция 25 назначена роботу 8 (нагрузка: 28.79)
2025-09-26 21:17:56 - ROBOTY.assigner - DEBUG - Операция 26 назначена роботу 5 (нагрузка: 33.32)
2025-09-26 21:17:56 - ROBOTY.assigner - DEBUG - Операция 27 назначена роботу 6 (нагрузка: 30.44)
2025-09-26 21:17:56 - ROBOTY.assigner - DEBUG - Операция 28 назначена роботу 1 (нагрузка: 30.56)
2025-09-26 21:17:56 - ROBOTY.assigner - DEBUG - Операция 29 назначена роботу 4 (нагрузка: 28.75)
2025-09-26 21:17:56 - ROBOTY.assigner - INFO - Распределено 30 операций с балансировкой нагрузки
2025-09-26 21:17:56 - ROBOTY.assigner - INFO - Итоговые нагрузки роботов: ['19.28', '30.56', '25.40', '21.74', '28.75', '33.32', '30.44', '24.33', '28.79', '23.69']
2025-09-26 21:17:56 - ROBOTY.assigner - INFO - Робот 0: 2 операций, нагрузка 19.28
2025-09-26 21:17:56 - ROBOTY.assigner - INFO - Робот 1: 3 операций, нагрузка 30.56
2025-09-26 21:17:56 - ROBOTY.assigner - INFO - Робот 2: 3 операций, нагрузка 25.40
2025-09-26 21:17:56 - ROBOTY.assigner - INFO - Робот 3: 4 операций, нагрузка 21.74
2025-09-26 21:17:56 - ROBOTY.assigner - INFO - Робот 4: 3 операций, нагрузка 28.75
2025-09-26 21:17:56 - ROBOTY.assigner - INFO - Робот 5: 3 операций, нагрузка 33.32
2025-09-26 21:17:56 - ROBOTY.assigner - INFO - Робот 6: 2 операций, нагрузка 30.44
2025-09-26 21:17:56 - ROBOTY.assigner - INFO - Робот 7: 3 операций, нагрузка 24.33
2025-09-26 21:17:56 - ROBOTY.assigner - INFO - Робот 8: 4 операций, нагрузка 28.79
2025-09-26 21:17:56 - ROBOTY.assigner - INFO - Робот 9: 3 операций, нагрузка 23.69
2025-09-26 21:17:56 - ROBOTY.planner - INFO - Операции назначены методом: balanced
2025-09-26 21:17:56 - ROBOTY.planner - INFO - Планирование траектории для робота 1 (ID: 1) с 2 операциями
2025-09-26 21:17:56 - ROBOTY.planner - DEBUG - Планирование траектории для робота с 2 операциями
2025-09-26 21:17:56 - ROBOTY.planner - DEBUG - Операция 1 запланирована, время завершения: 14.33
2025-09-26 21:17:56 - ROBOTY.planner - DEBUG - Операция 2 запланирована, время завершения: 32.60
2025-09-26 21:17:56 - ROBOTY.planner - INFO - Траектория робота запланирована, общее время: 32.60
2025-09-26 21:17:56 - ROBOTY.planner - INFO - Робот 1: траектория содержит 48 точек
2025-09-26 21:17:56 - ROBOTY.planner - INFO - Планирование траектории для робота 2 (ID: 2) с 3 операциями
2025-09-26 21:17:56 - ROBOTY.planner - DEBUG - Планирование траектории для робота с 3 операциями
2025-09-26 21:17:56 - ROBOTY.planner - DEBUG - Операция 1 запланирована, время завершения: 11.13
2025-09-26 21:17:56 - ROBOTY.planner - DEBUG - Операция 2 запланирована, время завершения: 19.51
2025-09-26 21:17:56 - ROBOTY.planner - DEBUG - Операция 3 запланирована, время завершения: 33.88
2025-09-26 21:17:56 - ROBOTY.planner - INFO - Траектория робота запланирована, общее время: 33.88
2025-09-26 21:17:56 - ROBOTY.planner - INFO - Робот 2: траектория содержит 72 точек
2025-09-26 21:17:56 - ROBOTY.planner - INFO - Планирование траектории для робота 3 (ID: 3) с 3 операциями
2025-09-26 21:17:56 - ROBOTY.planner - DEBUG - Планирование траектории для робота с 3 операциями
2025-09-26 21:17:56 - ROBOTY.planner - DEBUG - Операция 1 запланирована, время завершения: 9.28
2025-09-26 21:17:56 - ROBOTY.planner - DEBUG - Операция 2 запланирована, время завершения: 24.56
2025-09-26 21:17:56 - ROBOTY.planner - DEBUG - Операция 3 запланирована, время завершения: 43.00
2025-09-26 21:17:56 - ROBOTY.planner - INFO - Траектория робота запланирована, общее время: 43.00
2025-09-26 21:17:56 - ROBOTY.planner - INFO - Робот 3: траектория содержит 72 точек
2025-09-26 21:17:56 - ROBOTY.planner - INFO - Планирование траектории для робота 4 (ID: 4) с 4 операциями
2025-09-26 21:17:56 - ROBOTY.planner - DEBUG - Планирование траектории для робота с 4 операциями
2025-09-26 21:17:56 - ROBOTY.planner - DEBUG - Операция 1 запланирована, время завершения: 6.77
2025-09-26 21:17:56 - ROBOTY.planner - DEBUG - Операция 2 запланирована, время завершения: 13.05
2025-09-26 21:17:56 - ROBOTY.planner - DEBUG - Операция 3 запланирована, время завершения: 21.60
2025-09-26 21:17:56 - ROBOTY.planner - DEBUG - Операция 4 запланирована, время завершения: 30.58
2025-09-26 21:17:56 - ROBOTY.planner - INFO - Траектория робота запланирована, общее время: 30.58
2025-09-26 21:17:56 - ROBOTY.planner - INFO - Робот 4: траектория содержит 96 точек
2025-09-26 21:17:56 - ROBOTY.planner - INFO - Планирование траектории для робота 5 (ID: 5) с 3 операциями
2025-09-26 21:17:56 - ROBOTY.planner - DEBUG - Планирование траектории для робота с 3 операциями
2025-09-26 21:17:56 - ROBOTY.planner - DEBUG - Операция 1 запланирована, время завершения: 13.02
2025-09-26 21:17:56 - ROBOTY.planner - DEBUG - Операция 2 запланирована, время завершения: 26.42
2025-09-26 21:17:56 - ROBOTY.planner - DEBUG - Операция 3 запланирована, время завершения: 39.02
2025-09-26 21:17:56 - ROBOTY.planner - INFO - Траектория робота запланирована, общее время: 39.02
2025-09-26 21:17:56 - ROBOTY.planner - INFO - Робот 5: траектория содержит 72 точек
2025-09-26 21:17:56 - ROBOTY.planner - INFO - Планирование траектории для робота 6 (ID: 6) с 3 операциями
2025-09-26 21:17:56 - ROBOTY.planner - DEBUG - Планирование траектории для робота с 3 операциями
2025-09-26 21:17:56 - ROBOTY.planner - DEBUG - Операция 1 запланирована, время завершения: 14.18
2025-09-26 21:17:56 - ROBOTY.planner - DEBUG - Операция 2 запланирована, время завершения: 25.20
2025-09-26 21:17:56 - ROBOTY.planner - DEBUG - Операция 3 запланирована, время завершения: 39.29
2025-09-26 21:17:56 - ROBOTY.planner - INFO - Траектория робота запланирована, общее время: 39.29
2025-09-26 21:17:56 - ROBOTY.planner - INFO - Робот 6: траектория содержит 72 точек
2025-09-26 21:17:56 - ROBOTY.planner - INFO - Планирование траектории для робота 7 (ID: 7) с 2 операциями
2025-09-26 21:17:56 - ROBOTY.planner - DEBUG - Планирование траектории для робота с 2 операциями
2025-09-26 21:17:56 - ROBOTY.planner - DEBUG - Операция 1 запланирована, время завершения: 14.14
2025-09-26 21:17:56 - ROBOTY.planner - DEBUG - Операция 2 запланирована, время завершения: 34.75
2025-09-26 21:17:56 - ROBOTY.planner - INFO - Траектория робота запланирована, общее время: 34.75
2025-09-26 21:17:56 - ROBOTY.planner - INFO - Робот 7: траектория содержит 48 точек
2025-09-26 21:17:56 - ROBOTY.planner - INFO - Планирование траектории для робота 8 (ID: 8) с 3 операциями
2025-09-26 21:17:56 - ROBOTY.planner - DEBUG - Планирование траектории для робота с 3 операциями
2025-09-26 21:17:56 - ROBOTY.planner - DEBUG - Операция 1 запланирована, время завершения: 6.53
2025-09-26 21:17:56 - ROBOTY.planner - DEBUG - Операция 2 запланирована, время завершения: 16.70
2025-09-26 21:17:56 - ROBOTY.planner - DEBUG - Операция 3 запланирована, время завершения: 30.20
2025-09-26 21:17:56 - ROBOTY.planner - INFO - Траектория робота запланирована, общее время: 30.20
2025-09-26 21:17:56 - ROBOTY.planner - INFO - Робот 8: траектория содержит 72 точек
2025-09-26 21:17:56 - ROBOTY.planner - INFO - Планирование траектории для робота 9 (ID: 9) с 4 операциями
2025-09-26 21:17:56 - ROBOTY.planner - DEBUG - Планирование траектории для робота с 4 операциями
2025-09-26 21:17:56 - ROBOTY.planner - DEBUG - Операция 1 запланирована, время завершения: 7.75
2025-09-26 21:17:56 - ROBOTY.planner - DEBUG - Операция 2 запланирована, время завершения: 15.68
2025-09-26 21:17:56 - ROBOTY.planner - DEBUG - Операция 3 запланирована, время завершения: 23.41
2025-09-26 21:17:56 - ROBOTY.planner - DEBUG - Операция 4 запланирована, время завершения: 34.09
2025-09-26 21:17:56 - ROBOTY.planner - INFO - Траектория робота запланирована, общее время: 34.09
2025-09-26 21:17:56 - ROBOTY.planner - INFO - Робот 9: траектория содержит 96 точек
2025-09-26 21:17:56 - ROBOTY.planner - INFO - Планирование траектории для робота 10 (ID: 10) с 3 операциями
2025-09-26 21:17:56 - ROBOTY.planner - DEBUG - Планирование траектории для робота с 3 операциями
2025-09-26 21:17:56 - ROBOTY.planner - DEBUG - Операция 1 запланирована, время завершения: 8.04
2025-09-26 21:17:56 - ROBOTY.planner - DEBUG - Операция 2 запланирована, время завершения: 22.74
2025-09-26 21:17:56 - ROBOTY.planner - DEBUG - Операция 3 запланирована, время завершения: 36.66
2025-09-26 21:17:56 - ROBOTY.planner - INFO - Траектория робота запланирована, общее время: 36.66
2025-09-26 21:17:56 - ROBOTY.planner - INFO - Робот 10: траектория содержит 72 точек
2025-09-26 21:17:56 - ROBOTY.planner - INFO - Планирование завершено. Makespan: 43.00
2025-09-26 21:17:56 - ROBOTY.main - INFO - Планировщик успешно завершил работу
2025-09-26 21:17:56 - ROBOTY.collision - INFO - Начинаем детальную проверку коллизий
2025-09-26 21:17:56 - ROBOTY.collision - DEBUG - Проверяем коллизии в диапазоне времени: 0.00 - 43.00
2025-09-26 21:17:56 - ROBOTY.collision - WARNING - Коллизия: роботы 2 и 10 в 0.40s, расстояние: 0.490, требуется: 0.500
2025-09-26 21:17:56 - ROBOTY.collision - WARNING - Коллизия: роботы 2 и 10 в 0.50s, расстояние: 0.470, требуется: 0.500
2025-09-26 21:17:56 - ROBOTY.collision - WARNING - Коллизия: роботы 2 и 10 в 0.60s, расстояние: 0.490, требуется: 0.500
2025-09-26 21:17:56 - ROBOTY.collision - WARNING - Коллизия: роботы 6 и 10 в 10.30s, расстояние: 0.385, требуется: 0.500
2025-09-26 21:17:56 - ROBOTY.collision - WARNING - Коллизия: роботы 6 и 10 в 10.40s, расстояние: 0.332, требуется: 0.500
2025-09-26 21:17:56 - ROBOTY.collision - WARNING - Коллизия: роботы 6 и 10 в 10.50s, расстояние: 0.483, требуется: 0.500
2025-09-26 21:17:56 - ROBOTY.collision - WARNING - Коллизия: роботы 4 и 9 в 11.50s, расстояние: 0.451, требуется: 0.500
2025-09-26 21:17:56 - ROBOTY.collision - WARNING - Коллизия: роботы 4 и 9 в 11.60s, расстояние: 0.399, требуется: 0.500
2025-09-26 21:17:56 - ROBOTY.collision - WARNING - Коллизия: роботы 4 и 9 в 11.70s, расстояние: 0.410, требуется: 0.500
2025-09-26 21:17:56 - ROBOTY.collision - WARNING - Коллизия: роботы 4 и 9 в 11.80s, расстояние: 0.462, требуется: 0.500
2025-09-26 21:17:56 - ROBOTY.collision - WARNING - Коллизия: роботы 2 и 6 в 18.60s, расстояние: 0.420, требуется: 0.500
2025-09-26 21:17:56 - ROBOTY.collision - WARNING - Коллизия: роботы 2 и 6 в 18.70s, расстояние: 0.387, требуется: 0.500
2025-09-26 21:17:56 - ROBOTY.collision - WARNING - Коллизия: роботы 2 и 6 в 18.80s, расстояние: 0.448, требуется: 0.500
2025-09-26 21:17:56 - ROBOTY.collision - WARNING - Коллизия: роботы 5 и 7 в 28.70s, расстояние: 0.486, требуется: 0.500
2025-09-26 21:17:56 - ROBOTY.collision - WARNING - Коллизия: роботы 5 и 7 в 28.80s, расстояние: 0.450, требуется: 0.500
2025-09-26 21:17:56 - ROBOTY.collision - WARNING - Коллизия: роботы 5 и 7 в 28.90s, расстояние: 0.426, требуется: 0.500
2025-09-26 21:17:56 - ROBOTY.collision - WARNING - Коллизия: роботы 5 и 7 в 29.00s, расстояние: 0.417, требуется: 0.500
2025-09-26 21:17:56 - ROBOTY.collision - WARNING - Коллизия: роботы 5 и 7 в 29.10s, расстояние: 0.423, требуется: 0.500
2025-09-26 21:17:56 - ROBOTY.collision - WARNING - Коллизия: роботы 5 и 7 в 29.20s, расстояние: 0.445, требуется: 0.500
2025-09-26 21:17:56 - ROBOTY.collision - WARNING - Коллизия: роботы 5 и 7 в 29.30s, расстояние: 0.479, требуется: 0.500
2025-09-26 21:17:56 - ROBOTY.collision - ERROR - Обнаружено 20 коллизий
2025-09-26 21:17:56 - ROBOTY.main - WARNING - Обнаружено 20 коллизий, применяем онлайн-безопасность
2025-09-26 21:17:56 - ROBOTY.safety - INFO - Применяем онлайн-безопасность: вставка пауз при коллизиях
2025-09-26 21:17:56 - ROBOTY.collision - INFO - Начинаем детальную проверку коллизий
2025-09-26 21:17:56 - ROBOTY.collision - DEBUG - Проверяем коллизии в диапазоне времени: 0.00 - 43.00
2025-09-26 21:17:56 - ROBOTY.collision - WARNING - Коллизия: роботы 2 и 10 в 0.40s, расстояние: 0.490, требуется: 0.500
2025-09-26 21:17:56 - ROBOTY.collision - WARNING - Коллизия: роботы 2 и 10 в 0.45s, расстояние: 0.477, требуется: 0.500
2025-09-26 21:17:56 - ROBOTY.collision - WARNING - Коллизия: роботы 2 и 10 в 0.50s, расстояние: 0.470, требуется: 0.500
2025-09-26 21:17:56 - ROBOTY.collision - WARNING - Коллизия: роботы 2 и 10 в 0.55s, расстояние: 0.474, требуется: 0.500
2025-09-26 21:17:56 - ROBOTY.collision - WARNING - Коллизия: роботы 2 и 10 в 0.60s, расстояние: 0.490, требуется: 0.500
2025-09-26 21:17:56 - ROBOTY.collision - WARNING - Коллизия: роботы 6 и 10 в 10.25s, расстояние: 0.478, требуется: 0.500
2025-09-26 21:17:56 - ROBOTY.collision - WARNING - Коллизия: роботы 6 и 10 в 10.30s, расстояние: 0.385, требуется: 0.500
2025-09-26 21:17:56 - ROBOTY.collision - WARNING - Коллизия: роботы 6 и 10 в 10.35s, расстояние: 0.330, требуется: 0.500
2025-09-26 21:17:56 - ROBOTY.collision - WARNING - Коллизия: роботы 6 и 10 в 10.40s, расстояние: 0.332, требуется: 0.500
2025-09-26 21:17:56 - ROBOTY.collision - WARNING - Коллизия: роботы 6 и 10 в 10.45s, расстояние: 0.389, требуется: 0.500
2025-09-26 21:17:56 - ROBOTY.collision - WARNING - Коллизия: роботы 6 и 10 в 10.50s, расстояние: 0.483, требуется: 0.500
2025-09-26 21:17:56 - ROBOTY.collision - WARNING - Коллизия: роботы 4 и 9 в 11.45s, расстояние: 0.500, требуется: 0.500
2025-09-26 21:17:56 - ROBOTY.collision - WARNING - Коллизия: роботы 4 и 9 в 11.50s, расстояние: 0.451, требуется: 0.500
2025-09-26 21:17:56 - ROBOTY.collision - WARNING - Коллизия: роботы 4 и 9 в 11.55s, расстояние: 0.416, требуется: 0.500
2025-09-26 21:17:56 - ROBOTY.collision - WARNING - Коллизия: роботы 4 и 9 в 11.60s, расстояние: 0.399, требуется: 0.500
2025-09-26 21:17:56 - ROBOTY.collision - WARNING - Коллизия: роботы 4 и 9 в 11.65s, расстояние: 0.399, требуется: 0.500
2025-09-26 21:17:56 - ROBOTY.collision - WARNING - Коллизия: роботы 4 и 9 в 11.70s, расстояние: 0.410, требуется: 0.500
2025-09-26 21:17:56 - ROBOTY.collision - WARNING - Коллизия: роботы 4 и 9 в 11.75s, расстояние: 0.431, требуется: 0.500
2025-09-26 21:17:56 - ROBOTY.collision - WARNING - Коллизия: роботы 4 и 9 в 11.80s, расстояние: 0.462, требуется: 0.500
2025-09-26 21:17:56 - ROBOTY.collision - WARNING - Коллизия: роботы 2 и 6 в 18.55s, расстояние: 0.478, требуется: 0.500
2025-09-26 21:17:56 - ROBOTY.collision - WARNING - Коллизия: роботы 2 и 6 в 18.60s, расстояние: 0.420, требуется: 0.500
2025-09-26 21:17:56 - ROBOTY.collision - WARNING - Коллизия: роботы 2 и 6 в 18.65s, расстояние: 0.386, требуется: 0.500
2025-09-26 21:17:56 - ROBOTY.collision - WARNING - Коллизия: роботы 2 и 6 в 18.70s, расстояние: 0.387, требуется: 0.500
2025-09-26 21:17:56 - ROBOTY.collision - WARNING - Коллизия: роботы 2 и 6 в 18.75s, расстояние: 0.409, требуется: 0.500
2025-09-26 21:17:56 - ROBOTY.collision - WARNING - Коллизия: роботы 2 и 6 в 18.80s, расстояние: 0.448, требуется: 0.500
2025-09-26 21:17:56 - ROBOTY.collision - WARNING - Коллизия: роботы 2 и 6 в 18.85s, расстояние: 0.500, требуется: 0.500
2025-09-26 21:17:56 - ROBOTY.collision - WARNING - Коллизия: роботы 5 и 7 в 28.70s, расстояние: 0.486, требуется: 0.500
2025-09-26 21:17:56 - ROBOTY.collision - WARNING - Коллизия: роботы 5 и 7 в 28.75s, расстояние: 0.466, требуется: 0.500
2025-09-26 21:17:56 - ROBOTY.collision - WARNING - Коллизия: роботы 5 и 7 в 28.80s, расстояние: 0.450, требуется: 0.500
2025-09-26 21:17:56 - ROBOTY.collision - WARNING - Коллизия: роботы 5 и 7 в 28.85s, расстояние: 0.436, требуется: 0.500
2025-09-26 21:17:56 - ROBOTY.collision - WARNING - Коллизия: роботы 5 и 7 в 28.90s, расстояние: 0.426, требуется: 0.500
2025-09-26 21:17:56 - ROBOTY.collision - WARNING - Коллизия: роботы 5 и 7 в 28.95s, расстояние: 0.419, требуется: 0.500
2025-09-26 21:17:56 - ROBOTY.collision - WARNING - Коллизия: роботы 5 и 7 в 29.00s, расстояние: 0.417, требуется: 0.500
2025-09-26 21:17:56 - ROBOTY.collision - WARNING - Коллизия: роботы 5 и 7 в 29.05s, расстояние: 0.418, требуется: 0.500
2025-09-26 21:17:56 - ROBOTY.collision - WARNING - Коллизия: роботы 5 и 7 в 29.10s, расстояние: 0.423, требуется: 0.500
2025-09-26 21:17:56 - ROBOTY.collision - WARNING - Коллизия: роботы 5 и 7 в 29.15s, расстояние: 0.432, требуется: 0.500
2025-09-26 21:17:56 - ROBOTY.collision - WARNING - Коллизия: роботы 5 и 7 в 29.20s, расстояние: 0.445, требуется: 0.500
2025-09-26 21:17:56 - ROBOTY.collision - WARNING - Коллизия: роботы 5 и 7 в 29.25s, расстояние: 0.461, требуется: 0.500
2025-09-26 21:17:56 - ROBOTY.collision - WARNING - Коллизия: роботы 5 и 7 в 29.30s, расстояние: 0.479, требуется: 0.500
2025-09-26 21:17:56 - ROBOTY.collision - ERROR - Обнаружено 39 коллизий
2025-09-26 21:17:56 - ROBOTY.safety - DEBUG - Добавлена пауза 0.60s роботу 2 в t=0.40s
2025-09-26 21:17:56 - ROBOTY.safety - DEBUG - Добавлена пауза 0.60s роботу 10 в t=0.40s
2025-09-26 21:17:56 - ROBOTY.safety - DEBUG - Добавлена пауза 0.60s роботу 2 в t=0.45s
2025-09-26 21:17:56 - ROBOTY.safety - DEBUG - Добавлена пауза 0.60s роботу 10 в t=0.45s
2025-09-26 21:17:56 - ROBOTY.safety - DEBUG - Добавлена пауза 0.60s роботу 2 в t=0.50s
2025-09-26 21:17:56 - ROBOTY.safety - DEBUG - Добавлена пауза 0.60s роботу 10 в t=0.50s
2025-09-26 21:17:56 - ROBOTY.safety - DEBUG - Добавлена пауза 0.60s роботу 2 в t=0.55s
2025-09-26 21:17:56 - ROBOTY.safety - DEBUG - Добавлена пауза 0.60s роботу 10 в t=0.55s
2025-09-26 21:17:56 - ROBOTY.safety - DEBUG - Добавлена пауза 0.60s роботу 2 в t=0.60s
2025-09-26 21:17:56 - ROBOTY.safety - DEBUG - Добавлена пауза 0.60s роботу 10 в t=0.60s
2025-09-26 21:17:56 - ROBOTY.safety - DEBUG - Добавлена пауза 0.60s роботу 6 в t=10.25s
2025-09-26 21:17:56 - ROBOTY.safety - DEBUG - Добавлена пауза 0.60s роботу 10 в t=10.25s
2025-09-26 21:17:56 - ROBOTY.safety - DEBUG - Добавлена пауза 0.60s роботу 6 в t=10.30s
2025-09-26 21:17:56 - ROBOTY.safety - DEBUG - Добавлена пауза 0.60s роботу 10 в t=10.30s
2025-09-26 21:17:56 - ROBOTY.safety - DEBUG - Добавлена пауза 0.60s роботу 6 в t=10.35s
2025-09-26 21:17:56 - ROBOTY.safety - DEBUG - Добавлена пауза 0.60s роботу 10 в t=10.35s
2025-09-26 21:17:56 - ROBOTY.safety - DEBUG - Добавлена пауза 0.60s роботу 6 в t=10.40s
2025-09-26 21:17:56 - ROBOTY.safety - DEBUG - Добавлена пауза 0.60s роботу 10 в t=10.40s
2025-09-26 21:17:56 - ROBOTY.safety - DEBUG - Добавлена пауза 0.60s роботу 6 в t=10.45s
2025-09-26 21:17:56 - ROBOTY.safety - DEBUG - Добавлена пауза 0.60s роботу 10 в t=10.45s
2025-09-26 21:17:56 - ROBOTY.safety - DEBUG - Добавлена пауза 0.60s роботу 6 в t=10.50s
2025-09-26 21:17:56 - ROBOTY.safety - DEBUG - Добавлена пауза 0.60s роботу 10 в t=10.50s
2025-09-26 21:17:56 - ROBOTY.safety - DEBUG - Добавлена пауза 0.60s роботу 4 в t=11.45s
2025-09-26 21:17:56 - ROBOTY.safety - DEBUG - Добавлена пауза 0.60s роботу 9 в t=11.45s
2025-09-26 21:17:56 - ROBOTY.safety - DEBUG - Добавлена пауза 0.60s роботу 4 в t=11.50s
2025-09-26 21:17:56 - ROBOTY.safety - DEBUG - Добавлена пауза 0.60s роботу 9 в t=11.50s
2025-09-26 21:17:56 - ROBOTY.safety - DEBUG - Добавлена пауза 0.60s роботу 4 в t=11.55s
2025-09-26 21:17:56 - ROBOTY.safety - DEBUG - Добавлена пауза 0.60s роботу 9 в t=11.55s
2025-09-26 21:17:56 - ROBOTY.safety - DEBUG - Добавлена пауза 0.60s роботу 4 в t=11.60s
2025-09-26 21:17:56 - ROBOTY.safety - DEBUG - Добавлена пауза 0.60s роботу 9 в t=11.60s
2025-09-26 21:17:56 - ROBOTY.safety - DEBUG - Добавлена пауза 0.60s роботу 4 в t=11.65s
2025-09-26 21:17:56 - ROBOTY.safety - DEBUG - Добавлена пауза 0.60s роботу 9 в t=11.65s
2025-09-26 21:17:56 - ROBOTY.safety - DEBUG - Добавлена пауза 0.60s роботу 4 в t=11.70s
2025-09-26 21:17:56 - ROBOTY.safety - DEBUG - Добавлена пауза 0.60s роботу 9 в t=11.70s
2025-09-26 21:17:56 - ROBOTY.safety - DEBUG - Добавлена пауза 0.60s роботу 4 в t=11.75s
2025-09-26 21:17:56 - ROBOTY.safety - DEBUG - Добавлена пауза 0.60s роботу 9 в t=11.75s
2025-09-26 21:17:56 - ROBOTY.safety - DEBUG - Добавлена пауза 0.60s роботу 4 в t=11.80s
2025-09-26 21:17:56 - ROBOTY.safety - DEBUG - Добавлена пауза 0.60s роботу 9 в t=11.80s
2025-09-26 21:17:56 - ROBOTY.safety - DEBUG - Добавлена пауза 0.60s роботу 2 в t=18.55s
2025-09-26 21:17:56 - ROBOTY.safety - DEBUG - Добавлена пауза 0.60s роботу 6 в t=18.55s
2025-09-26 21:17:56 - ROBOTY.safety - DEBUG - Добавлена пауза 0.60s роботу 2 в t=18.60s
2025-09-26 21:17:56 - ROBOTY.safety - DEBUG - Добавлена пауза 0.60s роботу 6 в t=18.60s
2025-09-26 21:17:56 - ROBOTY.safety - DEBUG - Добавлена пауза 0.60s роботу 2 в t=18.65s
2025-09-26 21:17:56 - ROBOTY.safety - DEBUG - Добавлена пауза 0.60s роботу 6 в t=18.65s
2025-09-26 21:17:56 - ROBOTY.safety - DEBUG - Добавлена пауза 0.60s роботу 2 в t=18.70s
2025-09-26 21:17:56 - ROBOTY.safety - DEBUG - Добавлена пауза 0.60s роботу 6 в t=18.70s
2025-09-26 21:17:56 - ROBOTY.safety - DEBUG - Добавлена пауза 0.60s роботу 2 в t=18.75s
2025-09-26 21:17:56 - ROBOTY.safety - DEBUG - Добавлена пауза 0.60s роботу 6 в t=18.75s
2025-09-26 21:17:56 - ROBOTY.safety - DEBUG - Добавлена пауза 0.60s роботу 2 в t=18.80s
2025-09-26 21:17:56 - ROBOTY.safety - DEBUG - Добавлена пауза 0.60s роботу 6 в t=18.80s
2025-09-26 21:17:56 - ROBOTY.safety - DEBUG - Добавлена пауза 0.60s роботу 2 в t=18.85s
2025-09-26 21:17:56 - ROBOTY.safety - DEBUG - Добавлена пауза 0.60s роботу 6 в t=18.85s
2025-09-26 21:17:56 - ROBOTY.safety - DEBUG - Добавлена пауза 0.60s роботу 5 в t=28.70s
2025-09-26 21:17:56 - ROBOTY.safety - DEBUG - Добавлена пауза 0.60s роботу 7 в t=28.70s
2025-09-26 21:17:56 - ROBOTY.safety - DEBUG - Добавлена пауза 0.60s роботу 5 в t=28.75s
2025-09-26 21:17:56 - ROBOTY.safety - DEBUG - Добавлена пауза 0.60s роботу 7 в t=28.75s
2025-09-26 21:17:56 - ROBOTY.safety - DEBUG - Добавлена пауза 0.60s роботу 5 в t=28.80s
2025-09-26 21:17:56 - ROBOTY.safety - DEBUG - Добавлена пауза 0.60s роботу 7 в t=28.80s
2025-09-26 21:17:56 - ROBOTY.safety - DEBUG - Добавлена пауза 0.60s роботу 5 в t=28.85s
2025-09-26 21:17:56 - ROBOTY.safety - DEBUG - Добавлена пауза 0.60s роботу 7 в t=28.85s
2025-09-26 21:17:56 - ROBOTY.safety - DEBUG - Добавлена пауза 0.60s роботу 5 в t=28.90s
2025-09-26 21:17:56 - ROBOTY.safety - DEBUG - Добавлена пауза 0.60s роботу 7 в t=28.90s
2025-09-26 21:17:56 - ROBOTY.safety - DEBUG - Добавлена пауза 0.60s роботу 5 в t=28.95s
2025-09-26 21:17:56 - ROBOTY.safety - DEBUG - Добавлена пауза 0.60s роботу 7 в t=28.95s
2025-09-26 21:17:56 - ROBOTY.safety - DEBUG - Добавлена пауза 0.60s роботу 5 в t=29.00s
2025-09-26 21:17:56 - ROBOTY.safety - DEBUG - Добавлена пауза 0.60s роботу 7 в t=29.00s
2025-09-26 21:17:56 - ROBOTY.safety - DEBUG - Добавлена пауза 0.60s роботу 5 в t=29.05s
2025-09-26 21:17:56 - ROBOTY.safety - DEBUG - Добавлена пауза 0.60s роботу 7 в t=29.05s
2025-09-26 21:17:56 - ROBOTY.safety - DEBUG - Добавлена пауза 0.60s роботу 5 в t=29.10s
2025-09-26 21:17:56 - ROBOTY.safety - DEBUG - Добавлена пауза 0.60s роботу 7 в t=29.10s
2025-09-26 21:17:56 - ROBOTY.safety - DEBUG - Добавлена пауза 0.60s роботу 5 в t=29.15s
2025-09-26 21:17:56 - ROBOTY.safety - DEBUG - Добавлена пауза 0.60s роботу 7 в t=29.15s
2025-09-26 21:17:56 - ROBOTY.safety - DEBUG - Добавлена пауза 0.60s роботу 5 в t=29.20s
2025-09-26 21:17:56 - ROBOTY.safety - DEBUG - Добавлена пауза 0.60s роботу 7 в t=29.20s
2025-09-26 21:17:56 - ROBOTY.safety - DEBUG - Добавлена пауза 0.60s роботу 5 в t=29.25s
2025-09-26 21:17:56 - ROBOTY.safety - DEBUG - Добавлена пауза 0.60s роботу 7 в t=29.25s
2025-09-26 21:17:56 - ROBOTY.safety - DEBUG - Добавлена пауза 0.60s роботу 5 в t=29.30s
2025-09-26 21:17:56 - ROBOTY.safety - DEBUG - Добавлена пауза 0.60s роботу 7 в t=29.30s
2025-09-26 21:17:56 - ROBOTY.safety - INFO - Онлайн-безопасность применена: паузы вставлены
2025-09-26 21:17:56 - ROBOTY.collision - INFO - Начинаем детальную проверку коллизий
2025-09-26 21:17:56 - ROBOTY.collision - DEBUG - Проверяем коллизии в диапазоне времени: 0.00 - 47.09
2025-09-26 21:17:56 - ROBOTY.collision - WARNING - Коллизия: роботы 2 и 10 в 0.40s, расстояние: 0.490, требуется: 0.500
2025-09-26 21:17:56 - ROBOTY.collision - WARNING - Коллизия: роботы 2 и 10 в 0.50s, расстояние: 0.490, требуется: 0.500
2025-09-26 21:17:56 - ROBOTY.collision - WARNING - Коллизия: роботы 2 и 10 в 0.60s, расстояние: 0.490, требуется: 0.500
2025-09-26 21:17:56 - ROBOTY.collision - WARNING - Коллизия: роботы 2 и 10 в 0.70s, расстояние: 0.490, требуется: 0.500
2025-09-26 21:17:56 - ROBOTY.collision - WARNING - Коллизия: роботы 2 и 10 в 0.80s, расстояние: 0.490, требуется: 0.500
2025-09-26 21:17:56 - ROBOTY.collision - WARNING - Коллизия: роботы 2 и 10 в 0.90s, расстояние: 0.490, требуется: 0.500
2025-09-26 21:17:56 - ROBOTY.collision - WARNING - Коллизия: роботы 2 и 10 в 1.00s, расстояние: 0.490, требуется: 0.500
2025-09-26 21:17:56 - ROBOTY.collision - WARNING - Коллизия: роботы 2 и 10 в 1.10s, расстояние: 0.490, требуется: 0.500
2025-09-26 21:17:56 - ROBOTY.collision - WARNING - Коллизия: роботы 2 и 10 в 1.20s, расстояние: 0.490, требуется: 0.500
2025-09-26 21:17:56 - ROBOTY.collision - WARNING - Коллизия: роботы 2 и 10 в 1.30s, расстояние: 0.490, требуется: 0.500
2025-09-26 21:17:56 - ROBOTY.collision - WARNING - Коллизия: роботы 2 и 10 в 1.40s, расстояние: 0.490, требуется: 0.500
2025-09-26 21:17:56 - ROBOTY.collision - WARNING - Коллизия: роботы 2 и 10 в 1.50s, расстояние: 0.490, требуется: 0.500
2025-09-26 21:17:56 - ROBOTY.collision - WARNING - Коллизия: роботы 2 и 10 в 1.60s, расстояние: 0.490, требуется: 0.500
2025-09-26 21:17:56 - ROBOTY.collision - WARNING - Коллизия: роботы 2 и 10 в 1.70s, расстояние: 0.490, требуется: 0.500
2025-09-26 21:17:56 - ROBOTY.collision - WARNING - Коллизия: роботы 2 и 10 в 1.80s, расстояние: 0.490, требуется: 0.500
2025-09-26 21:17:56 - ROBOTY.collision - WARNING - Коллизия: роботы 2 и 10 в 1.90s, расстояние: 0.490, требуется: 0.500
2025-09-26 21:17:56 - ROBOTY.collision - WARNING - Коллизия: роботы 2 и 10 в 2.00s, расстояние: 0.490, требуется: 0.500
2025-09-26 21:17:56 - ROBOTY.collision - WARNING - Коллизия: роботы 2 и 10 в 2.10s, расстояние: 0.490, требуется: 0.500
2025-09-26 21:17:56 - ROBOTY.collision - WARNING - Коллизия: роботы 2 и 10 в 2.20s, расстояние: 0.490, требуется: 0.500
2025-09-26 21:17:56 - ROBOTY.collision - WARNING - Коллизия: роботы 2 и 10 в 2.30s, расстояние: 0.490, требуется: 0.500
2025-09-26 21:17:56 - ROBOTY.collision - WARNING - Коллизия: роботы 2 и 10 в 2.40s, расстояние: 0.490, требуется: 0.500
2025-09-26 21:17:56 - ROBOTY.collision - WARNING - Коллизия: роботы 2 и 10 в 2.50s, расстояние: 0.490, требуется: 0.500
2025-09-26 21:17:56 - ROBOTY.collision - WARNING - Коллизия: роботы 2 и 10 в 2.60s, расстояние: 0.490, требуется: 0.500
2025-09-26 21:17:56 - ROBOTY.collision - WARNING - Коллизия: роботы 2 и 10 в 2.70s, расстояние: 0.490, требуется: 0.500
2025-09-26 21:17:56 - ROBOTY.collision - WARNING - Коллизия: роботы 2 и 10 в 2.80s, расстояние: 0.490, требуется: 0.500
2025-09-26 21:17:56 - ROBOTY.collision - WARNING - Коллизия: роботы 2 и 10 в 2.90s, расстояние: 0.490, требуется: 0.500
2025-09-26 21:17:56 - ROBOTY.collision - WARNING - Коллизия: роботы 2 и 10 в 3.00s, расстояние: 0.490, требуется: 0.500
2025-09-26 21:17:56 - ROBOTY.collision - WARNING - Коллизия: роботы 2 и 10 в 3.10s, расстояние: 0.490, требуется: 0.500
2025-09-26 21:17:56 - ROBOTY.collision - WARNING - Коллизия: роботы 2 и 10 в 3.20s, расстояние: 0.490, требуется: 0.500
2025-09-26 21:17:56 - ROBOTY.collision - WARNING - Коллизия: роботы 2 и 10 в 3.30s, расстояние: 0.490, требуется: 0.500
2025-09-26 21:17:56 - ROBOTY.collision - WARNING - Коллизия: роботы 2 и 10 в 3.40s, расстояние: 0.490, требуется: 0.500
2025-09-26 21:17:56 - ROBOTY.collision - WARNING - Коллизия: роботы 2 и 10 в 3.50s, расстояние: 0.470, требуется: 0.500
2025-09-26 21:17:56 - ROBOTY.collision - WARNING - Коллизия: роботы 2 и 10 в 3.60s, расстояние: 0.490, требуется: 0.500
2025-09-26 21:17:56 - ROBOTY.collision - WARNING - Коллизия: роботы 5 и 10 в 8.80s, расстояние: 0.438, требуется: 0.500
2025-09-26 21:17:56 - ROBOTY.collision - WARNING - Коллизия: роботы 5 и 10 в 8.90s, расстояние: 0.322, требуется: 0.500
2025-09-26 21:17:56 - ROBOTY.collision - WARNING - Коллизия: роботы 5 и 10 в 9.00s, расстояние: 0.383, требуется: 0.500
2025-09-26 21:17:56 - ROBOTY.collision - WARNING - Коллизия: роботы 4 и 9 в 11.50s, расстояние: 0.500, требуется: 0.500
2025-09-26 21:17:56 - ROBOTY.collision - WARNING - Коллизия: роботы 4 и 9 в 11.60s, расстояние: 0.500, требуется: 0.500
2025-09-26 21:17:56 - ROBOTY.collision - WARNING - Коллизия: роботы 4 и 9 в 11.70s, расстояние: 0.500, требуется: 0.500
2025-09-26 21:17:56 - ROBOTY.collision - WARNING - Коллизия: роботы 4 и 9 в 11.80s, расстояние: 0.500, требуется: 0.500
2025-09-26 21:17:56 - ROBOTY.collision - WARNING - Коллизия: роботы 4 и 9 в 11.90s, расстояние: 0.500, требуется: 0.500
2025-09-26 21:17:56 - ROBOTY.collision - WARNING - Коллизия: роботы 4 и 9 в 12.00s, расстояние: 0.500, требуется: 0.500
2025-09-26 21:17:56 - ROBOTY.collision - WARNING - Коллизия: роботы 4 и 9 в 12.10s, расстояние: 0.500, требуется: 0.500
2025-09-26 21:17:56 - ROBOTY.collision - WARNING - Коллизия: роботы 4 и 9 в 12.20s, расстояние: 0.500, требуется: 0.500
2025-09-26 21:17:56 - ROBOTY.collision - WARNING - Коллизия: роботы 4 и 9 в 12.30s, расстояние: 0.500, требуется: 0.500
2025-09-26 21:17:56 - ROBOTY.collision - WARNING - Коллизия: роботы 4 и 9 в 12.40s, расстояние: 0.500, требуется: 0.500
2025-09-26 21:17:56 - ROBOTY.collision - WARNING - Коллизия: роботы 4 и 9 в 12.50s, расстояние: 0.500, требуется: 0.500
2025-09-26 21:17:56 - ROBOTY.collision - WARNING - Коллизия: роботы 4 и 9 в 12.60s, расстояние: 0.500, требуется: 0.500
2025-09-26 21:17:56 - ROBOTY.collision - WARNING - Коллизия: роботы 4 и 9 в 12.70s, расстояние: 0.500, требуется: 0.500
2025-09-26 21:17:56 - ROBOTY.collision - WARNING - Коллизия: роботы 4 и 9 в 12.80s, расстояние: 0.500, требуется: 0.500
2025-09-26 21:17:56 - ROBOTY.collision - WARNING - Коллизия: роботы 4 и 9 в 12.90s, расстояние: 0.500, требуется: 0.500
2025-09-26 21:17:56 - ROBOTY.collision - WARNING - Коллизия: роботы 4 и 9 в 13.00s, расстояние: 0.500, требуется: 0.500
2025-09-26 21:17:56 - ROBOTY.collision - WARNING - Коллизия: роботы 4 и 9 в 13.10s, расстояние: 0.500, требуется: 0.500
2025-09-26 21:17:56 - ROBOTY.collision - WARNING - Коллизия: роботы 4 и 9 в 13.20s, расстояние: 0.500, требуется: 0.500
2025-09-26 21:17:56 - ROBOTY.collision - WARNING - Коллизия: роботы 4 и 9 в 13.30s, расстояние: 0.500, требуется: 0.500
2025-09-26 21:17:56 - ROBOTY.collision - WARNING - Коллизия: роботы 4 и 9 в 13.40s, расстояние: 0.500, требуется: 0.500
2025-09-26 21:17:56 - ROBOTY.collision - WARNING - Коллизия: роботы 4 и 9 в 13.50s, расстояние: 0.500, требуется: 0.500
2025-09-26 21:17:56 - ROBOTY.collision - WARNING - Коллизия: роботы 4 и 9 в 13.60s, расстояние: 0.500, требуется: 0.500
2025-09-26 21:17:56 - ROBOTY.collision - WARNING - Коллизия: роботы 4 и 9 в 13.70s, расстояние: 0.500, требуется: 0.500
2025-09-26 21:17:56 - ROBOTY.collision - WARNING - Коллизия: роботы 4 и 9 в 13.80s, расстояние: 0.500, требуется: 0.500
2025-09-26 21:17:56 - ROBOTY.collision - WARNING - Коллизия: роботы 4 и 9 в 13.90s, расстояние: 0.500, требуется: 0.500
2025-09-26 21:17:56 - ROBOTY.collision - WARNING - Коллизия: роботы 4 и 9 в 14.00s, расстояние: 0.500, требуется: 0.500
2025-09-26 21:17:56 - ROBOTY.collision - WARNING - Коллизия: роботы 4 и 9 в 14.10s, расстояние: 0.500, требуется: 0.500
2025-09-26 21:17:56 - ROBOTY.collision - WARNING - Коллизия: роботы 4 и 9 в 14.20s, расстояние: 0.500, требуется: 0.500
2025-09-26 21:17:56 - ROBOTY.collision - WARNING - Коллизия: роботы 4 и 9 в 14.30s, расстояние: 0.500, требуется: 0.500
2025-09-26 21:17:56 - ROBOTY.collision - WARNING - Коллизия: роботы 4 и 9 в 14.40s, расстояние: 0.500, требуется: 0.500
2025-09-26 21:17:56 - ROBOTY.collision - WARNING - Коллизия: роботы 4 и 9 в 14.50s, расстояние: 0.500, требуется: 0.500
2025-09-26 21:17:56 - ROBOTY.collision - WARNING - Коллизия: роботы 4 и 9 в 14.60s, расстояние: 0.500, требуется: 0.500
2025-09-26 21:17:56 - ROBOTY.collision - WARNING - Коллизия: роботы 4 и 9 в 14.70s, расстояние: 0.500, требуется: 0.500
2025-09-26 21:17:56 - ROBOTY.collision - WARNING - Коллизия: роботы 4 и 9 в 14.80s, расстояние: 0.500, требуется: 0.500
2025-09-26 21:17:56 - ROBOTY.collision - WARNING - Коллизия: роботы 4 и 9 в 14.90s, расстояние: 0.500, требуется: 0.500
2025-09-26 21:17:56 - ROBOTY.collision - WARNING - Коллизия: роботы 4 и 9 в 15.00s, расстояние: 0.500, требуется: 0.500
2025-09-26 21:17:56 - ROBOTY.collision - WARNING - Коллизия: роботы 4 и 9 в 15.10s, расстояние: 0.500, требуется: 0.500
2025-09-26 21:17:56 - ROBOTY.collision - WARNING - Коллизия: роботы 4 и 9 в 15.20s, расстояние: 0.500, требуется: 0.500
2025-09-26 21:17:56 - ROBOTY.collision - WARNING - Коллизия: роботы 4 и 9 в 15.30s, расстояние: 0.500, требуется: 0.500
2025-09-26 21:17:56 - ROBOTY.collision - WARNING - Коллизия: роботы 4 и 9 в 15.40s, расстояние: 0.500, требуется: 0.500
2025-09-26 21:17:56 - ROBOTY.collision - WARNING - Коллизия: роботы 4 и 9 в 15.50s, расстояние: 0.500, требуется: 0.500
2025-09-26 21:17:56 - ROBOTY.collision - WARNING - Коллизия: роботы 4 и 9 в 15.60s, расстояние: 0.500, требуется: 0.500
2025-09-26 21:17:56 - ROBOTY.collision - WARNING - Коллизия: роботы 4 и 9 в 15.70s, расстояние: 0.500, требуется: 0.500
2025-09-26 21:17:56 - ROBOTY.collision - WARNING - Коллизия: роботы 4 и 9 в 15.80s, расстояние: 0.500, требуется: 0.500
2025-09-26 21:17:56 - ROBOTY.collision - WARNING - Коллизия: роботы 4 и 9 в 15.90s, расстояние: 0.500, требуется: 0.500
2025-09-26 21:17:56 - ROBOTY.collision - WARNING - Коллизия: роботы 4 и 9 в 16.00s, расстояние: 0.500, требуется: 0.500
2025-09-26 21:17:56 - ROBOTY.collision - WARNING - Коллизия: роботы 4 и 9 в 16.10s, расстояние: 0.500, требуется: 0.500
2025-09-26 21:17:56 - ROBOTY.collision - WARNING - Коллизия: роботы 4 и 9 в 16.20s, расстояние: 0.500, требуется: 0.500
2025-09-26 21:17:56 - ROBOTY.collision - WARNING - Коллизия: роботы 4 и 9 в 16.30s, расстояние: 0.451, требуется: 0.500
2025-09-26 21:17:56 - ROBOTY.collision - WARNING - Коллизия: роботы 4 и 9 в 16.40s, расстояние: 0.399, требуется: 0.500
2025-09-26 21:17:56 - ROBOTY.collision - WARNING - Коллизия: роботы 4 и 9 в 16.50s, расстояние: 0.410, требуется: 0.500
2025-09-26 21:17:56 - ROBOTY.collision - WARNING - Коллизия: роботы 4 и 9 в 16.60s, расстояние: 0.462, требуется: 0.500
2025-09-26 21:17:56 - ROBOTY.collision - WARNING - Коллизия: роботы 2 и 6 в 26.10s, расстояние: 0.468, требуется: 0.500
2025-09-26 21:17:56 - ROBOTY.collision - WARNING - Коллизия: роботы 2 и 6 в 26.20s, расстояние: 0.380, требуется: 0.500
2025-09-26 21:17:56 - ROBOTY.collision - WARNING - Коллизия: роботы 2 и 6 в 26.30s, расстояние: 0.316, требуется: 0.500
2025-09-26 21:17:56 - ROBOTY.collision - WARNING - Коллизия: роботы 2 и 6 в 26.40s, расстояние: 0.302, требуется: 0.500
2025-09-26 21:17:56 - ROBOTY.collision - WARNING - Коллизия: роботы 2 и 6 в 26.50s, расстояние: 0.355, требуется: 0.500
2025-09-26 21:17:56 - ROBOTY.collision - WARNING - Коллизия: роботы 2 и 6 в 26.60s, расстояние: 0.454, требуется: 0.500
2025-09-26 21:17:56 - ROBOTY.collision - WARNING - Коллизия: роботы 7 и 10 в 27.50s, расстояние: 0.390, требуется: 0.500
2025-09-26 21:17:56 - ROBOTY.collision - WARNING - Коллизия: роботы 7 и 10 в 27.60s, расстояние: 0.252, требуется: 0.500
2025-09-26 21:17:56 - ROBOTY.collision - WARNING - Коллизия: роботы 7 и 10 в 27.70s, расстояние: 0.222, требуется: 0.500
2025-09-26 21:17:56 - ROBOTY.collision - WARNING - Коллизия: роботы 7 и 10 в 27.80s, расстояние: 0.289, требуется: 0.500
2025-09-26 21:17:56 - ROBOTY.collision - WARNING - Коллизия: роботы 7 и 10 в 27.90s, расстояние: 0.408, требуется: 0.500
2025-09-26 21:17:56 - ROBOTY.collision - WARNING - Коллизия: роботы 5 и 7 в 28.70s, расстояние: 0.486, требуется: 0.500
2025-09-26 21:17:56 - ROBOTY.collision - WARNING - Коллизия: роботы 5 и 7 в 28.80s, расстояние: 0.486, требуется: 0.500
2025-09-26 21:17:56 - ROBOTY.collision - WARNING - Коллизия: роботы 1 и 9 в 28.90s, расстояние: 0.483, требуется: 0.500
2025-09-26 21:17:56 - ROBOTY.collision - WARNING - Коллизия: роботы 5 и 7 в 28.90s, расстояние: 0.486, требуется: 0.500
2025-09-26 21:17:56 - ROBOTY.collision - WARNING - Коллизия: роботы 1 и 9 в 29.00s, расстояние: 0.421, требуется: 0.500
2025-09-26 21:17:56 - ROBOTY.collision - WARNING - Коллизия: роботы 5 и 7 в 29.00s, расстояние: 0.486, требуется: 0.500
2025-09-26 21:17:56 - ROBOTY.collision - WARNING - Коллизия: роботы 1 и 9 в 29.10s, расстояние: 0.363, требуется: 0.500
2025-09-26 21:17:56 - ROBOTY.collision - WARNING - Коллизия: роботы 5 и 7 в 29.10s, расстояние: 0.486, требуется: 0.500
2025-09-26 21:17:56 - ROBOTY.collision - WARNING - Коллизия: роботы 1 и 9 в 29.20s, расстояние: 0.340, требуется: 0.500
2025-09-26 21:17:56 - ROBOTY.collision - WARNING - Коллизия: роботы 5 и 7 в 29.20s, расстояние: 0.486, требуется: 0.500
2025-09-26 21:17:56 - ROBOTY.collision - WARNING - Коллизия: роботы 1 и 9 в 29.30s, расстояние: 0.358, требуется: 0.500
2025-09-26 21:17:56 - ROBOTY.collision - WARNING - Коллизия: роботы 5 и 7 в 29.30s, расстояние: 0.486, требуется: 0.500
2025-09-26 21:17:56 - ROBOTY.collision - WARNING - Коллизия: роботы 1 и 9 в 29.40s, расстояние: 0.412, требуется: 0.500
2025-09-26 21:17:56 - ROBOTY.collision - WARNING - Коллизия: роботы 5 и 7 в 29.40s, расстояние: 0.486, требуется: 0.500
2025-09-26 21:17:56 - ROBOTY.collision - WARNING - Коллизия: роботы 1 и 9 в 29.50s, расстояние: 0.490, требуется: 0.500
2025-09-26 21:17:56 - ROBOTY.collision - WARNING - Коллизия: роботы 5 и 7 в 29.50s, расстояние: 0.486, требуется: 0.500
2025-09-26 21:17:56 - ROBOTY.collision - WARNING - Коллизия: роботы 5 и 7 в 29.60s, расстояние: 0.486, требуется: 0.500
2025-09-26 21:17:56 - ROBOTY.collision - WARNING - Коллизия: роботы 5 и 7 в 29.70s, расстояние: 0.486, требуется: 0.500
2025-09-26 21:17:56 - ROBOTY.collision - WARNING - Коллизия: роботы 5 и 7 в 29.80s, расстояние: 0.486, требуется: 0.500
2025-09-26 21:17:56 - ROBOTY.collision - WARNING - Коллизия: роботы 5 и 7 в 29.90s, расстояние: 0.486, требуется: 0.500
2025-09-26 21:17:56 - ROBOTY.collision - WARNING - Коллизия: роботы 5 и 7 в 30.00s, расстояние: 0.486, требуется: 0.500
2025-09-26 21:17:56 - ROBOTY.collision - WARNING - Коллизия: роботы 5 и 7 в 30.10s, расстояние: 0.486, требуется: 0.500
2025-09-26 21:17:56 - ROBOTY.collision - WARNING - Коллизия: роботы 5 и 7 в 30.20s, расстояние: 0.486, требуется: 0.500
2025-09-26 21:17:56 - ROBOTY.collision - WARNING - Коллизия: роботы 5 и 7 в 30.30s, расстояние: 0.486, требуется: 0.500
2025-09-26 21:17:56 - ROBOTY.collision - WARNING - Коллизия: роботы 7 и 10 в 30.30s, расстояние: 0.459, требуется: 0.500
2025-09-26 21:17:56 - ROBOTY.collision - WARNING - Коллизия: роботы 5 и 7 в 30.40s, расстояние: 0.486, требуется: 0.500
2025-09-26 21:17:56 - ROBOTY.collision - WARNING - Коллизия: роботы 7 и 10 в 30.40s, расстояние: 0.361, требуется: 0.500
2025-09-26 21:17:56 - ROBOTY.collision - WARNING - Коллизия: роботы 5 и 7 в 30.50s, расстояние: 0.486, требуется: 0.500
2025-09-26 21:17:56 - ROBOTY.collision - WARNING - Коллизия: роботы 7 и 10 в 30.50s, расстояние: 0.296, требуется: 0.500
2025-09-26 21:17:56 - ROBOTY.collision - WARNING - Коллизия: роботы 5 и 7 в 30.60s, расстояние: 0.486, требуется: 0.500
2025-09-26 21:17:56 - ROBOTY.collision - WARNING - Коллизия: роботы 7 и 10 в 30.60s, расстояние: 0.286, требуется: 0.500
2025-09-26 21:17:56 - ROBOTY.collision - WARNING - Коллизия: роботы 5 и 7 в 30.70s, расстояние: 0.486, требуется: 0.500
2025-09-26 21:17:56 - ROBOTY.collision - WARNING - Коллизия: роботы 7 и 10 в 30.70s, расстояние: 0.335, требуется: 0.500
2025-09-26 21:17:56 - ROBOTY.collision - WARNING - Коллизия: роботы 5 и 7 в 30.80s, расстояние: 0.486, требуется: 0.500
2025-09-26 21:17:56 - ROBOTY.collision - WARNING - Коллизия: роботы 7 и 10 в 30.80s, расстояние: 0.425, требуется: 0.500
2025-09-26 21:17:56 - ROBOTY.collision - WARNING - Коллизия: роботы 5 и 7 в 30.90s, расстояние: 0.486, требуется: 0.500
2025-09-26 21:17:56 - ROBOTY.collision - WARNING - Коллизия: роботы 5 и 7 в 31.00s, расстояние: 0.486, требуется: 0.500
2025-09-26 21:17:56 - ROBOTY.collision - WARNING - Коллизия: роботы 5 и 7 в 31.10s, расстояние: 0.486, требуется: 0.500
2025-09-26 21:17:56 - ROBOTY.collision - WARNING - Коллизия: роботы 5 и 7 в 31.20s, расстояние: 0.486, требуется: 0.500
2025-09-26 21:17:56 - ROBOTY.collision - WARNING - Коллизия: роботы 5 и 7 в 31.30s, расстояние: 0.486, требуется: 0.500
2025-09-26 21:17:56 - ROBOTY.collision - WARNING - Коллизия: роботы 5 и 7 в 31.40s, расстояние: 0.486, требуется: 0.500
2025-09-26 21:17:56 - ROBOTY.collision - WARNING - Коллизия: роботы 5 и 7 в 31.50s, расстояние: 0.486, требуется: 0.500
2025-09-26 21:17:56 - ROBOTY.collision - WARNING - Коллизия: роботы 5 и 7 в 31.60s, расстояние: 0.486, требуется: 0.500
2025-09-26 21:17:56 - ROBOTY.collision - WARNING - Коллизия: роботы 5 и 7 в 31.70s, расстояние: 0.486, требуется: 0.500
2025-09-26 21:17:56 - ROBOTY.collision - WARNING - Коллизия: роботы 5 и 7 в 31.80s, расстояние: 0.486, требуется: 0.500
2025-09-26 21:17:56 - ROBOTY.collision - WARNING - Коллизия: роботы 5 и 7 в 31.90s, расстояние: 0.486, требуется: 0.500
2025-09-26 21:17:56 - ROBOTY.collision - WARNING - Коллизия: роботы 5 и 7 в 32.00s, расстояние: 0.486, требуется: 0.500
2025-09-26 21:17:56 - ROBOTY.collision - WARNING - Коллизия: роботы 5 и 7 в 32.10s, расстояние: 0.486, требуется: 0.500
2025-09-26 21:17:56 - ROBOTY.collision - WARNING - Коллизия: роботы 5 и 7 в 32.20s, расстояние: 0.486, требуется: 0.500
2025-09-26 21:17:56 - ROBOTY.collision - WARNING - Коллизия: роботы 5 и 7 в 32.30s, расстояние: 0.486, требуется: 0.500
2025-09-26 21:17:56 - ROBOTY.collision - WARNING - Коллизия: роботы 5 и 7 в 32.40s, расстояние: 0.486, требуется: 0.500
2025-09-26 21:17:56 - ROBOTY.collision - WARNING - Коллизия: роботы 5 и 7 в 32.50s, расстояние: 0.486, требуется: 0.500
2025-09-26 21:17:56 - ROBOTY.collision - WARNING - Коллизия: роботы 5 и 7 в 32.60s, расстояние: 0.486, требуется: 0.500
2025-09-26 21:17:56 - ROBOTY.collision - WARNING - Коллизия: роботы 5 и 7 в 32.70s, расстояние: 0.486, требуется: 0.500
2025-09-26 21:17:56 - ROBOTY.collision - WARNING - Коллизия: роботы 5 и 7 в 32.80s, расстояние: 0.486, требуется: 0.500
2025-09-26 21:17:56 - ROBOTY.collision - WARNING - Коллизия: роботы 5 и 7 в 32.90s, расстояние: 0.486, требуется: 0.500
2025-09-26 21:17:56 - ROBOTY.collision - WARNING - Коллизия: роботы 5 и 7 в 33.00s, расстояние: 0.486, требуется: 0.500
2025-09-26 21:17:56 - ROBOTY.collision - WARNING - Коллизия: роботы 5 и 7 в 33.10s, расстояние: 0.486, требуется: 0.500
2025-09-26 21:17:56 - ROBOTY.collision - WARNING - Коллизия: роботы 5 и 7 в 33.20s, расстояние: 0.486, требуется: 0.500
2025-09-26 21:17:56 - ROBOTY.collision - WARNING - Коллизия: роботы 5 и 7 в 33.30s, расстояние: 0.486, требуется: 0.500
2025-09-26 21:17:56 - ROBOTY.collision - WARNING - Коллизия: роботы 5 и 7 в 33.40s, расстояние: 0.486, требуется: 0.500
2025-09-26 21:17:56 - ROBOTY.collision - WARNING - Коллизия: роботы 5 и 7 в 33.50s, расстояние: 0.486, требуется: 0.500
2025-09-26 21:17:56 - ROBOTY.collision - WARNING - Коллизия: роботы 5 и 7 в 33.60s, расстояние: 0.486, требуется: 0.500
2025-09-26 21:17:56 - ROBOTY.collision - WARNING - Коллизия: роботы 5 и 7 в 33.70s, расстояние: 0.486, требуется: 0.500
2025-09-26 21:17:56 - ROBOTY.collision - WARNING - Коллизия: роботы 5 и 7 в 33.80s, расстояние: 0.486, требуется: 0.500
2025-09-26 21:17:56 - ROBOTY.collision - WARNING - Коллизия: роботы 5 и 7 в 33.90s, расстояние: 0.486, требуется: 0.500
2025-09-26 21:17:56 - ROBOTY.collision - WARNING - Коллизия: роботы 5 и 7 в 34.00s, расстояние: 0.486, требуется: 0.500
2025-09-26 21:17:56 - ROBOTY.collision - WARNING - Коллизия: роботы 5 и 7 в 34.10s, расстояние: 0.486, требуется: 0.500
2025-09-26 21:17:56 - ROBOTY.collision - WARNING - Коллизия: роботы 5 и 7 в 34.20s, расстояние: 0.486, требуется: 0.500
2025-09-26 21:17:56 - ROBOTY.collision - WARNING - Коллизия: роботы 5 и 7 в 34.30s, расстояние: 0.486, требуется: 0.500
2025-09-26 21:17:56 - ROBOTY.collision - WARNING - Коллизия: роботы 5 и 7 в 34.40s, расстояние: 0.486, требуется: 0.500
2025-09-26 21:17:56 - ROBOTY.collision - WARNING - Коллизия: роботы 5 и 7 в 34.50s, расстояние: 0.486, требуется: 0.500
2025-09-26 21:17:56 - ROBOTY.collision - WARNING - Коллизия: роботы 5 и 7 в 34.60s, расстояние: 0.486, требуется: 0.500
2025-09-26 21:17:56 - ROBOTY.collision - WARNING - Коллизия: роботы 5 и 7 в 34.70s, расстояние: 0.486, требуется: 0.500
2025-09-26 21:17:56 - ROBOTY.collision - WARNING - Коллизия: роботы 5 и 7 в 34.80s, расстояние: 0.486, требуется: 0.500
2025-09-26 21:17:56 - ROBOTY.collision - WARNING - Коллизия: роботы 5 и 7 в 34.90s, расстояние: 0.486, требуется: 0.500
2025-09-26 21:17:56 - ROBOTY.collision - WARNING - Коллизия: роботы 5 и 7 в 35.00s, расстояние: 0.486, требуется: 0.500
2025-09-26 21:17:56 - ROBOTY.collision - WARNING - Коллизия: роботы 5 и 7 в 35.10s, расстояние: 0.486, требуется: 0.500
2025-09-26 21:17:56 - ROBOTY.collision - WARNING - Коллизия: роботы 5 и 7 в 35.20s, расстояние: 0.486, требуется: 0.500
2025-09-26 21:17:56 - ROBOTY.collision - WARNING - Коллизия: роботы 5 и 7 в 35.30s, расстояние: 0.486, требуется: 0.500
2025-09-26 21:17:56 - ROBOTY.collision - WARNING - Коллизия: роботы 5 и 7 в 35.40s, расстояние: 0.486, требуется: 0.500
2025-09-26 21:17:56 - ROBOTY.collision - WARNING - Коллизия: роботы 5 и 7 в 35.50s, расстояние: 0.486, требуется: 0.500
2025-09-26 21:17:56 - ROBOTY.collision - WARNING - Коллизия: роботы 5 и 7 в 35.60s, расстояние: 0.486, требуется: 0.500
2025-09-26 21:17:56 - ROBOTY.collision - WARNING - Коллизия: роботы 5 и 7 в 35.70s, расстояние: 0.486, требуется: 0.500
2025-09-26 21:17:56 - ROBOTY.collision - WARNING - Коллизия: роботы 5 и 7 в 35.80s, расстояние: 0.486, требуется: 0.500
2025-09-26 21:17:56 - ROBOTY.collision - WARNING - Коллизия: роботы 5 и 7 в 35.90s, расстояние: 0.486, требуется: 0.500
2025-09-26 21:17:56 - ROBOTY.collision - WARNING - Коллизия: роботы 5 и 7 в 36.00s, расстояние: 0.486, требуется: 0.500
2025-09-26 21:17:56 - ROBOTY.collision - WARNING - Коллизия: роботы 5 и 7 в 36.10s, расстояние: 0.486, требуется: 0.500
2025-09-26 21:17:56 - ROBOTY.collision - WARNING - Коллизия: роботы 5 и 7 в 36.20s, расстояние: 0.486, требуется: 0.500
2025-09-26 21:17:56 - ROBOTY.collision - WARNING - Коллизия: роботы 5 и 7 в 36.30s, расстояние: 0.486, требуется: 0.500
2025-09-26 21:17:56 - ROBOTY.collision - WARNING - Коллизия: роботы 5 и 7 в 36.40s, расстояние: 0.486, требуется: 0.500
2025-09-26 21:17:56 - ROBOTY.collision - WARNING - Коллизия: роботы 5 и 7 в 36.50s, расстояние: 0.486, требуется: 0.500
2025-09-26 21:17:56 - ROBOTY.collision - WARNING - Коллизия: роботы 5 и 7 в 36.60s, расстояние: 0.450, требуется: 0.500
2025-09-26 21:17:56 - ROBOTY.collision - WARNING - Коллизия: роботы 5 и 7 в 36.70s, расстояние: 0.426, требуется: 0.500
2025-09-26 21:17:56 - ROBOTY.collision - WARNING - Коллизия: роботы 5 и 7 в 36.80s, расстояние: 0.417, требуется: 0.500
2025-09-26 21:17:56 - ROBOTY.collision - WARNING - Коллизия: роботы 5 и 7 в 36.90s, расстояние: 0.423, требуется: 0.500
2025-09-26 21:17:56 - ROBOTY.collision - WARNING - Коллизия: роботы 5 и 7 в 37.00s, расстояние: 0.445, требуется: 0.500
2025-09-26 21:17:56 - ROBOTY.collision - WARNING - Коллизия: роботы 5 и 7 в 37.10s, расстояние: 0.479, требуется: 0.500
2025-09-26 21:17:56 - ROBOTY.collision - WARNING - Коллизия: роботы 9 и 10 в 38.00s, расстояние: 0.480, требуется: 0.500
2025-09-26 21:17:56 - ROBOTY.collision - WARNING - Коллизия: роботы 9 и 10 в 38.10s, расстояние: 0.465, требуется: 0.500
2025-09-26 21:17:56 - ROBOTY.collision - WARNING - Коллизия: роботы 9 и 10 в 38.20s, расстояние: 0.487, требуется: 0.500
2025-09-26 21:17:56 - ROBOTY.collision - ERROR - Обнаружено 200 коллизий
2025-09-26 21:17:56 - ROBOTY.main - WARNING - Коллизии сохраняются после вставки пауз
