2025-09-27 14:27:36 - ROBOTY.main - INFO - Запуск приложения ROBOTY
2025-09-27 14:27:36 - ROBOTY.main - INFO - Применена тема: dark
2025-09-27 14:27:36 - ROBOTY.main - INFO - Интерфейс инициализирован
2025-09-27 14:27:36 - ROBOTY.main - INFO - Приложение успешно запущено
2025-09-27 14:27:42 - ROBOTY.main - INFO - Создан входной файл: C:\Users\22200490\.cursor\ROBOTY-main\data\input_20250927_142737.json
2025-09-27 14:27:42 - ROBOTY.parser - INFO - Начинаем загрузку файла: C:\Users\22200490\.cursor\ROBOTY-main\data\input_20250927_142737.json
2025-09-27 14:27:42 - ROBOTY.parser - INFO - Файл C:\Users\22200490\.cursor\ROBOTY-main\data\input_20250927_142737.json успешно загружен
2025-09-27 14:27:42 - ROBOTY.parser - DEBUG - Робот 1 успешно загружен
2025-09-27 14:27:42 - ROBOTY.parser - DEBUG - Робот 2 успешно загружен
2025-09-27 14:27:42 - ROBOTY.parser - DEBUG - Робот 3 успешно загружен
2025-09-27 14:27:42 - ROBOTY.parser - DEBUG - Робот 4 успешно загружен
2025-09-27 14:27:42 - ROBOTY.parser - DEBUG - Робот 5 успешно загружен
2025-09-27 14:27:42 - ROBOTY.parser - DEBUG - Робот 6 успешно загружен
2025-09-27 14:27:42 - ROBOTY.parser - DEBUG - Робот 7 успешно загружен
2025-09-27 14:27:42 - ROBOTY.parser - DEBUG - Робот 8 успешно загружен
2025-09-27 14:27:42 - ROBOTY.parser - DEBUG - Робот 9 успешно загружен
2025-09-27 14:27:42 - ROBOTY.parser - DEBUG - Робот 10 успешно загружен
2025-09-27 14:27:42 - ROBOTY.parser - DEBUG - Операция 1 успешно загружена
2025-09-27 14:27:42 - ROBOTY.parser - DEBUG - Операция 2 успешно загружена
2025-09-27 14:27:42 - ROBOTY.parser - DEBUG - Операция 3 успешно загружена
2025-09-27 14:27:42 - ROBOTY.parser - DEBUG - Операция 4 успешно загружена
2025-09-27 14:27:42 - ROBOTY.parser - DEBUG - Операция 5 успешно загружена
2025-09-27 14:27:42 - ROBOTY.parser - DEBUG - Операция 6 успешно загружена
2025-09-27 14:27:42 - ROBOTY.parser - DEBUG - Операция 7 успешно загружена
2025-09-27 14:27:42 - ROBOTY.parser - DEBUG - Операция 8 успешно загружена
2025-09-27 14:27:42 - ROBOTY.parser - DEBUG - Операция 9 успешно загружена
2025-09-27 14:27:42 - ROBOTY.parser - DEBUG - Операция 10 успешно загружена
2025-09-27 14:27:42 - ROBOTY.parser - DEBUG - Операция 11 успешно загружена
2025-09-27 14:27:42 - ROBOTY.parser - DEBUG - Операция 12 успешно загружена
2025-09-27 14:27:42 - ROBOTY.parser - DEBUG - Операция 13 успешно загружена
2025-09-27 14:27:42 - ROBOTY.parser - DEBUG - Операция 14 успешно загружена
2025-09-27 14:27:42 - ROBOTY.parser - DEBUG - Операция 15 успешно загружена
2025-09-27 14:27:42 - ROBOTY.parser - DEBUG - Операция 16 успешно загружена
2025-09-27 14:27:42 - ROBOTY.parser - DEBUG - Операция 17 успешно загружена
2025-09-27 14:27:42 - ROBOTY.parser - DEBUG - Операция 18 успешно загружена
2025-09-27 14:27:42 - ROBOTY.parser - DEBUG - Операция 19 успешно загружена
2025-09-27 14:27:42 - ROBOTY.parser - DEBUG - Операция 20 успешно загружена
2025-09-27 14:27:42 - ROBOTY.parser - DEBUG - Операция 21 успешно загружена
2025-09-27 14:27:42 - ROBOTY.parser - DEBUG - Операция 22 успешно загружена
2025-09-27 14:27:42 - ROBOTY.parser - DEBUG - Операция 23 успешно загружена
2025-09-27 14:27:42 - ROBOTY.parser - DEBUG - Операция 24 успешно загружена
2025-09-27 14:27:42 - ROBOTY.parser - DEBUG - Операция 25 успешно загружена
2025-09-27 14:27:42 - ROBOTY.parser - DEBUG - Операция 26 успешно загружена
2025-09-27 14:27:42 - ROBOTY.parser - DEBUG - Операция 27 успешно загружена
2025-09-27 14:27:42 - ROBOTY.parser - DEBUG - Операция 28 успешно загружена
2025-09-27 14:27:42 - ROBOTY.parser - DEBUG - Операция 29 успешно загружена
2025-09-27 14:27:42 - ROBOTY.parser - DEBUG - Операция 30 успешно загружена
2025-09-27 14:27:42 - ROBOTY.parser - INFO - Загружено 10 роботов и 30 операций
2025-09-27 14:27:44 - ROBOTY.main - INFO - Запуск планировщика
2025-09-27 14:27:44 - ROBOTY.planner - INFO - Запуск планировщика траекторий
2025-09-27 14:27:44 - ROBOTY.assigner - INFO - Начинаем назначение операций методом: balanced
2025-09-27 14:27:44 - ROBOTY.assigner - DEBUG - Операция 0 назначена роботу 4 (нагрузка: 5.48)
2025-09-27 14:27:44 - ROBOTY.assigner - DEBUG - Операция 1 назначена роботу 8 (нагрузка: 7.41)
2025-09-27 14:27:44 - ROBOTY.assigner - DEBUG - Операция 2 назначена роботу 7 (нагрузка: 8.32)
2025-09-27 14:27:44 - ROBOTY.assigner - DEBUG - Операция 3 назначена роботу 9 (нагрузка: 6.78)
2025-09-27 14:27:44 - ROBOTY.assigner - DEBUG - Операция 4 назначена роботу 5 (нагрузка: 12.12)
2025-09-27 14:27:44 - ROBOTY.assigner - DEBUG - Операция 5 назначена роботу 0 (нагрузка: 8.73)
2025-09-27 14:27:44 - ROBOTY.assigner - DEBUG - Операция 6 назначена роботу 1 (нагрузка: 8.43)
2025-09-27 14:27:44 - ROBOTY.assigner - DEBUG - Операция 7 назначена роботу 3 (нагрузка: 11.58)
2025-09-27 14:27:44 - ROBOTY.assigner - DEBUG - Операция 8 назначена роботу 6 (нагрузка: 11.59)
2025-09-27 14:27:44 - ROBOTY.assigner - DEBUG - Операция 9 назначена роботу 2 (нагрузка: 13.40)
2025-09-27 14:27:44 - ROBOTY.assigner - DEBUG - Операция 10 назначена роботу 0 (нагрузка: 16.23)
2025-09-27 14:27:44 - ROBOTY.assigner - DEBUG - Операция 11 назначена роботу 8 (нагрузка: 14.02)
2025-09-27 14:27:44 - ROBOTY.assigner - DEBUG - Операция 12 назначена роботу 4 (нагрузка: 13.86)
2025-09-27 14:27:44 - ROBOTY.assigner - DEBUG - Операция 13 назначена роботу 1 (нагрузка: 20.06)
2025-09-27 14:27:44 - ROBOTY.assigner - DEBUG - Операция 14 назначена роботу 7 (нагрузка: 18.32)
2025-09-27 14:27:44 - ROBOTY.assigner - DEBUG - Операция 15 назначена роботу 9 (нагрузка: 15.62)
2025-09-27 14:27:44 - ROBOTY.assigner - DEBUG - Операция 16 назначена роботу 5 (нагрузка: 15.92)
2025-09-27 14:27:44 - ROBOTY.assigner - DEBUG - Операция 17 назначена роботу 3 (нагрузка: 18.18)
2025-09-27 14:27:44 - ROBOTY.assigner - DEBUG - Операция 18 назначена роботу 8 (нагрузка: 22.17)
2025-09-27 14:27:44 - ROBOTY.assigner - DEBUG - Операция 19 назначена роботу 6 (нагрузка: 17.13)
2025-09-27 14:27:44 - ROBOTY.assigner - DEBUG - Операция 20 назначена роботу 4 (нагрузка: 18.04)
2025-09-27 14:27:44 - ROBOTY.assigner - DEBUG - Операция 21 назначена роботу 0 (нагрузка: 21.38)
2025-09-27 14:27:44 - ROBOTY.assigner - DEBUG - Операция 22 назначена роботу 5 (нагрузка: 23.83)
2025-09-27 14:27:44 - ROBOTY.assigner - DEBUG - Операция 23 назначена роботу 3 (нагрузка: 28.38)
2025-09-27 14:27:44 - ROBOTY.assigner - DEBUG - Операция 24 назначена роботу 2 (нагрузка: 24.85)
2025-09-27 14:27:44 - ROBOTY.assigner - DEBUG - Операция 25 назначена роботу 7 (нагрузка: 27.87)
2025-09-27 14:27:44 - ROBOTY.assigner - DEBUG - Операция 26 назначена роботу 9 (нагрузка: 25.59)
2025-09-27 14:27:44 - ROBOTY.assigner - DEBUG - Операция 27 назначена роботу 4 (нагрузка: 25.11)
2025-09-27 14:27:44 - ROBOTY.assigner - DEBUG - Операция 28 назначена роботу 6 (нагрузка: 27.49)
2025-09-27 14:27:44 - ROBOTY.assigner - DEBUG - Операция 29 назначена роботу 1 (нагрузка: 27.71)
2025-09-27 14:27:44 - ROBOTY.assigner - INFO - Распределено 30 операций с балансировкой нагрузки
2025-09-27 14:27:44 - ROBOTY.assigner - INFO - Итоговые нагрузки роботов: ['21.38', '27.71', '24.85', '28.38', '25.11', '23.83', '27.49', '27.87', '22.17', '25.59']
2025-09-27 14:27:44 - ROBOTY.assigner - INFO - Робот 0: 3 операций, нагрузка 21.38
2025-09-27 14:27:44 - ROBOTY.assigner - INFO - Робот 1: 3 операций, нагрузка 27.71
2025-09-27 14:27:44 - ROBOTY.assigner - INFO - Робот 2: 2 операций, нагрузка 24.85
2025-09-27 14:27:44 - ROBOTY.assigner - INFO - Робот 3: 3 операций, нагрузка 28.38
2025-09-27 14:27:44 - ROBOTY.assigner - INFO - Робот 4: 4 операций, нагрузка 25.11
2025-09-27 14:27:44 - ROBOTY.assigner - INFO - Робот 5: 3 операций, нагрузка 23.83
2025-09-27 14:27:44 - ROBOTY.assigner - INFO - Робот 6: 3 операций, нагрузка 27.49
2025-09-27 14:27:44 - ROBOTY.assigner - INFO - Робот 7: 3 операций, нагрузка 27.87
2025-09-27 14:27:44 - ROBOTY.assigner - INFO - Робот 8: 3 операций, нагрузка 22.17
2025-09-27 14:27:44 - ROBOTY.assigner - INFO - Робот 9: 3 операций, нагрузка 25.59
2025-09-27 14:27:44 - ROBOTY.planner - INFO - Операции назначены методом: balanced
2025-09-27 14:27:44 - ROBOTY.planner - INFO - Планирование траектории для робота 1 (ID: 1) с 3 операциями
2025-09-27 14:27:44 - ROBOTY.planner - DEBUG - Планирование траектории для робота с 3 операциями
2025-09-27 14:27:44 - ROBOTY.planner - DEBUG - Операция 1 запланирована, время завершения: 11.50
2025-09-27 14:27:44 - ROBOTY.planner - DEBUG - Операция 2 запланирована, время завершения: 21.74
2025-09-27 14:27:44 - ROBOTY.planner - DEBUG - Операция 3 запланирована, время завершения: 32.41
2025-09-27 14:27:44 - ROBOTY.planner - INFO - Траектория робота запланирована, общее время: 32.41
2025-09-27 14:27:44 - ROBOTY.planner - INFO - Робот 1: траектория содержит 72 точек
2025-09-27 14:27:44 - ROBOTY.planner - INFO - Планирование траектории для робота 2 (ID: 2) с 3 операциями
2025-09-27 14:27:44 - ROBOTY.planner - DEBUG - Планирование траектории для робота с 3 операциями
2025-09-27 14:27:44 - ROBOTY.planner - DEBUG - Операция 1 запланирована, время завершения: 10.41
2025-09-27 14:27:44 - ROBOTY.planner - DEBUG - Операция 2 запланирована, время завершения: 25.93
2025-09-27 14:27:44 - ROBOTY.planner - DEBUG - Операция 3 запланирована, время завершения: 37.71
2025-09-27 14:27:44 - ROBOTY.planner - INFO - Траектория робота запланирована, общее время: 37.71
2025-09-27 14:27:44 - ROBOTY.planner - INFO - Робот 2: траектория содержит 72 точек
2025-09-27 14:27:44 - ROBOTY.planner - INFO - Планирование траектории для робота 3 (ID: 3) с 2 операциями
2025-09-27 14:27:44 - ROBOTY.planner - DEBUG - Планирование траектории для робота с 2 операциями
2025-09-27 14:27:44 - ROBOTY.planner - DEBUG - Операция 1 запланирована, время завершения: 15.04
2025-09-27 14:27:44 - ROBOTY.planner - DEBUG - Операция 2 запланирована, время завершения: 26.71
2025-09-27 14:27:44 - ROBOTY.planner - INFO - Траектория робота запланирована, общее время: 26.71
2025-09-27 14:27:44 - ROBOTY.planner - INFO - Робот 3: траектория содержит 48 точек
2025-09-27 14:27:44 - ROBOTY.planner - INFO - Планирование траектории для робота 4 (ID: 4) с 3 операциями
2025-09-27 14:27:44 - ROBOTY.planner - DEBUG - Планирование траектории для робота с 3 операциями
2025-09-27 14:27:44 - ROBOTY.planner - DEBUG - Операция 1 запланирована, время завершения: 13.33
2025-09-27 14:27:44 - ROBOTY.planner - DEBUG - Операция 2 запланирована, время завершения: 23.26
2025-09-27 14:27:44 - ROBOTY.planner - DEBUG - Операция 3 запланирована, время завершения: 34.20
2025-09-27 14:27:44 - ROBOTY.planner - INFO - Траектория робота запланирована, общее время: 34.20
2025-09-27 14:27:44 - ROBOTY.planner - INFO - Робот 4: траектория содержит 72 точек
2025-09-27 14:27:44 - ROBOTY.planner - INFO - Планирование траектории для робота 5 (ID: 5) с 4 операциями
2025-09-27 14:27:44 - ROBOTY.planner - DEBUG - Планирование траектории для робота с 4 операциями
2025-09-27 14:27:44 - ROBOTY.planner - DEBUG - Операция 1 запланирована, время завершения: 7.23
2025-09-27 14:27:44 - ROBOTY.planner - DEBUG - Операция 2 запланирована, время завершения: 16.03
2025-09-27 14:27:44 - ROBOTY.planner - DEBUG - Операция 3 запланирована, время завершения: 24.32
2025-09-27 14:27:44 - ROBOTY.planner - DEBUG - Операция 4 запланирована, время завершения: 32.83
2025-09-27 14:27:44 - ROBOTY.planner - INFO - Траектория робота запланирована, общее время: 32.83
2025-09-27 14:27:44 - ROBOTY.planner - INFO - Робот 5: траектория содержит 96 точек
2025-09-27 14:27:44 - ROBOTY.planner - INFO - Планирование траектории для робота 6 (ID: 6) с 3 операциями
2025-09-27 14:27:44 - ROBOTY.planner - DEBUG - Планирование траектории для робота с 3 операциями
2025-09-27 14:27:44 - ROBOTY.planner - DEBUG - Операция 1 запланирована, время завершения: 13.60
2025-09-27 14:27:44 - ROBOTY.planner - DEBUG - Операция 2 запланирована, время завершения: 20.13
2025-09-27 14:27:44 - ROBOTY.planner - DEBUG - Операция 3 запланирована, время завершения: 31.17
2025-09-27 14:27:44 - ROBOTY.planner - INFO - Траектория робота запланирована, общее время: 31.17
2025-09-27 14:27:44 - ROBOTY.planner - INFO - Робот 6: траектория содержит 72 точек
2025-09-27 14:27:44 - ROBOTY.planner - INFO - Планирование траектории для робота 7 (ID: 7) с 3 операциями
2025-09-27 14:27:44 - ROBOTY.planner - DEBUG - Планирование траектории для робота с 3 операциями
2025-09-27 14:27:44 - ROBOTY.planner - DEBUG - Операция 1 запланирована, время завершения: 12.75
2025-09-27 14:27:44 - ROBOTY.planner - DEBUG - Операция 2 запланирована, время завершения: 22.40
2025-09-27 14:27:44 - ROBOTY.planner - DEBUG - Операция 3 запланирована, время завершения: 30.06
2025-09-27 14:27:44 - ROBOTY.planner - INFO - Траектория робота запланирована, общее время: 30.06
2025-09-27 14:27:44 - ROBOTY.planner - INFO - Робот 7: траектория содержит 72 точек
2025-09-27 14:27:44 - ROBOTY.planner - INFO - Планирование траектории для робота 8 (ID: 8) с 3 операциями
2025-09-27 14:27:44 - ROBOTY.planner - DEBUG - Планирование траектории для робота с 3 операциями
2025-09-27 14:27:44 - ROBOTY.planner - DEBUG - Операция 1 запланирована, время завершения: 10.08
2025-09-27 14:27:44 - ROBOTY.planner - DEBUG - Операция 2 запланирована, время завершения: 25.64
2025-09-27 14:27:44 - ROBOTY.planner - DEBUG - Операция 3 запланирована, время завершения: 41.40
2025-09-27 14:27:44 - ROBOTY.planner - INFO - Траектория робота запланирована, общее время: 41.40
2025-09-27 14:27:44 - ROBOTY.planner - INFO - Робот 8: траектория содержит 72 точек
2025-09-27 14:27:44 - ROBOTY.planner - INFO - Планирование траектории для робота 9 (ID: 9) с 3 операциями
2025-09-27 14:27:44 - ROBOTY.planner - DEBUG - Планирование траектории для робота с 3 операциями
2025-09-27 14:27:44 - ROBOTY.planner - DEBUG - Операция 1 запланирована, время завершения: 9.66
2025-09-27 14:27:44 - ROBOTY.planner - DEBUG - Операция 2 запланирована, время завершения: 20.26
2025-09-27 14:27:44 - ROBOTY.planner - DEBUG - Операция 3 запланирована, время завершения: 29.09
2025-09-27 14:27:44 - ROBOTY.planner - INFO - Траектория робота запланирована, общее время: 29.09
2025-09-27 14:27:44 - ROBOTY.planner - INFO - Робот 9: траектория содержит 72 точек
2025-09-27 14:27:44 - ROBOTY.planner - INFO - Планирование траектории для робота 10 (ID: 10) с 3 операциями
2025-09-27 14:27:44 - ROBOTY.planner - DEBUG - Планирование траектории для робота с 3 операциями
2025-09-27 14:27:44 - ROBOTY.planner - DEBUG - Операция 1 запланирована, время завершения: 8.47
2025-09-27 14:27:44 - ROBOTY.planner - DEBUG - Операция 2 запланирована, время завершения: 16.89
2025-09-27 14:27:44 - ROBOTY.planner - DEBUG - Операция 3 запланирована, время завершения: 28.28
2025-09-27 14:27:44 - ROBOTY.planner - INFO - Траектория робота запланирована, общее время: 28.28
2025-09-27 14:27:44 - ROBOTY.planner - INFO - Робот 10: траектория содержит 72 точек
2025-09-27 14:27:44 - ROBOTY.planner - INFO - Планирование завершено. Makespan: 41.40
2025-09-27 14:27:44 - ROBOTY.main - INFO - Планировщик успешно завершил работу
2025-09-27 14:27:44 - ROBOTY.collision - INFO - Начинаем детальную проверку коллизий
2025-09-27 14:27:44 - ROBOTY.collision - DEBUG - Проверяем коллизии в диапазоне времени: 0.00 - 41.40
2025-09-27 14:27:44 - ROBOTY.collision - WARNING - Коллизия: роботы 5 и 10 в 8.80s, расстояние: 0.492, требуется: 0.500
2025-09-27 14:27:44 - ROBOTY.collision - WARNING - Коллизия: роботы 3 и 6 в 9.90s, расстояние: 0.444, требуется: 0.500
2025-09-27 14:27:44 - ROBOTY.collision - WARNING - Коллизия: роботы 3 и 6 в 10.00s, расстояние: 0.383, требуется: 0.500
2025-09-27 14:27:44 - ROBOTY.collision - WARNING - Коллизия: роботы 3 и 6 в 10.10s, расстояние: 0.326, требуется: 0.500
2025-09-27 14:27:44 - ROBOTY.collision - WARNING - Коллизия: роботы 3 и 6 в 10.20s, расстояние: 0.278, требуется: 0.500
2025-09-27 14:27:44 - ROBOTY.collision - WARNING - Коллизия: роботы 3 и 6 в 10.30s, расстояние: 0.243, требуется: 0.500
2025-09-27 14:27:44 - ROBOTY.collision - WARNING - Коллизия: роботы 3 и 6 в 10.40s, расстояние: 0.228, требуется: 0.500
2025-09-27 14:27:44 - ROBOTY.collision - WARNING - Коллизия: роботы 3 и 6 в 10.50s, расстояние: 0.236, требуется: 0.500
2025-09-27 14:27:44 - ROBOTY.collision - WARNING - Коллизия: роботы 3 и 6 в 10.60s, расстояние: 0.265, требуется: 0.500
2025-09-27 14:27:44 - ROBOTY.collision - WARNING - Коллизия: роботы 3 и 6 в 10.70s, расстояние: 0.310, требуется: 0.500
2025-09-27 14:27:44 - ROBOTY.collision - WARNING - Коллизия: роботы 3 и 6 в 10.80s, расстояние: 0.365, требуется: 0.500
2025-09-27 14:27:44 - ROBOTY.collision - WARNING - Коллизия: роботы 3 и 6 в 10.90s, расстояние: 0.425, требуется: 0.500
2025-09-27 14:27:44 - ROBOTY.collision - WARNING - Коллизия: роботы 3 и 6 в 11.00s, расстояние: 0.489, требуется: 0.500
2025-09-27 14:27:44 - ROBOTY.collision - WARNING - Коллизия: роботы 2 и 7 в 21.00s, расстояние: 0.479, требуется: 0.500
2025-09-27 14:27:45 - ROBOTY.collision - WARNING - Коллизия: роботы 2 и 7 в 21.10s, расстояние: 0.423, требуется: 0.500
2025-09-27 14:27:45 - ROBOTY.collision - WARNING - Коллизия: роботы 2 и 7 в 21.20s, расстояние: 0.444, требуется: 0.500
2025-09-27 14:27:45 - ROBOTY.collision - WARNING - Коллизия: роботы 4 и 6 в 21.90s, расстояние: 0.441, требуется: 0.500
2025-09-27 14:27:45 - ROBOTY.collision - WARNING - Коллизия: роботы 4 и 6 в 22.00s, расстояние: 0.306, требуется: 0.500
2025-09-27 14:27:45 - ROBOTY.collision - WARNING - Коллизия: роботы 4 и 6 в 22.10s, расстояние: 0.290, требуется: 0.500
2025-09-27 14:27:45 - ROBOTY.collision - WARNING - Коллизия: роботы 4 и 6 в 22.20s, расстояние: 0.408, требуется: 0.500
2025-09-27 14:27:45 - ROBOTY.collision - WARNING - Коллизия: роботы 6 и 9 в 22.50s, расстояние: 0.491, требуется: 0.500
2025-09-27 14:27:45 - ROBOTY.collision - WARNING - Коллизия: роботы 6 и 9 в 22.60s, расстояние: 0.404, требуется: 0.500
2025-09-27 14:27:45 - ROBOTY.collision - WARNING - Коллизия: роботы 8 и 9 в 22.60s, расстояние: 0.476, требуется: 0.500
2025-09-27 14:27:45 - ROBOTY.collision - WARNING - Коллизия: роботы 6 и 9 в 22.70s, расстояние: 0.346, требуется: 0.500
2025-09-27 14:27:45 - ROBOTY.collision - WARNING - Коллизия: роботы 8 и 9 в 22.70s, расстояние: 0.345, требуется: 0.500
2025-09-27 14:27:45 - ROBOTY.collision - WARNING - Коллизия: роботы 6 и 8 в 22.80s, расстояние: 0.377, требуется: 0.500
2025-09-27 14:27:45 - ROBOTY.collision - WARNING - Коллизия: роботы 6 и 9 в 22.80s, расстояние: 0.310, требуется: 0.500
2025-09-27 14:27:45 - ROBOTY.collision - WARNING - Коллизия: роботы 8 и 9 в 22.80s, расстояние: 0.238, требуется: 0.500
2025-09-27 14:27:45 - ROBOTY.collision - WARNING - Коллизия: роботы 6 и 8 в 22.90s, расстояние: 0.310, требуется: 0.500
2025-09-27 14:27:45 - ROBOTY.collision - WARNING - Коллизия: роботы 6 и 9 в 22.90s, расстояние: 0.324, требуется: 0.500
2025-09-27 14:27:45 - ROBOTY.collision - WARNING - Коллизия: роботы 8 и 9 в 22.90s, расстояние: 0.181, требуется: 0.500
2025-09-27 14:27:45 - ROBOTY.collision - WARNING - Коллизия: роботы 6 и 8 в 23.00s, расстояние: 0.430, требуется: 0.500
2025-09-27 14:27:45 - ROBOTY.collision - WARNING - Коллизия: роботы 6 и 9 в 23.00s, расстояние: 0.382, требуется: 0.500
2025-09-27 14:27:45 - ROBOTY.collision - WARNING - Коллизия: роботы 8 и 9 в 23.00s, расстояние: 0.214, требуется: 0.500
2025-09-27 14:27:45 - ROBOTY.collision - WARNING - Коллизия: роботы 6 и 9 в 23.10s, расстояние: 0.469, требуется: 0.500
2025-09-27 14:27:45 - ROBOTY.collision - WARNING - Коллизия: роботы 8 и 9 в 23.10s, расстояние: 0.311, требуется: 0.500
2025-09-27 14:27:45 - ROBOTY.collision - WARNING - Коллизия: роботы 8 и 9 в 23.20s, расстояние: 0.430, требуется: 0.500
2025-09-27 14:27:45 - ROBOTY.collision - WARNING - Коллизия: роботы 4 и 8 в 23.50s, расстояние: 0.457, требуется: 0.500
2025-09-27 14:27:45 - ROBOTY.collision - WARNING - Коллизия: роботы 4 и 8 в 23.60s, расстояние: 0.384, требуется: 0.500
2025-09-27 14:27:45 - ROBOTY.collision - WARNING - Коллизия: роботы 4 и 8 в 23.70s, расстояние: 0.310, требуется: 0.500
2025-09-27 14:27:45 - ROBOTY.collision - WARNING - Коллизия: роботы 4 и 8 в 23.80s, расстояние: 0.317, требуется: 0.500
2025-09-27 14:27:45 - ROBOTY.collision - WARNING - Коллизия: роботы 4 и 8 в 23.90s, расстояние: 0.404, требуется: 0.500
2025-09-27 14:27:45 - ROBOTY.collision - WARNING - Коллизия: роботы 4 и 8 в 24.00s, расстояние: 0.487, требуется: 0.500
2025-09-27 14:27:45 - ROBOTY.collision - WARNING - Коллизия: роботы 5 и 8 в 28.70s, расстояние: 0.454, требуется: 0.500
2025-09-27 14:27:45 - ROBOTY.collision - WARNING - Коллизия: роботы 5 и 8 в 28.80s, расстояние: 0.383, требуется: 0.500
2025-09-27 14:27:45 - ROBOTY.collision - WARNING - Коллизия: роботы 5 и 8 в 28.90s, расстояние: 0.361, требуется: 0.500
2025-09-27 14:27:45 - ROBOTY.collision - WARNING - Коллизия: роботы 5 и 8 в 29.00s, расстояние: 0.398, требуется: 0.500
2025-09-27 14:27:45 - ROBOTY.collision - WARNING - Коллизия: роботы 5 и 8 в 29.10s, расстояние: 0.479, требуется: 0.500
2025-09-27 14:27:45 - ROBOTY.collision - WARNING - Коллизия: роботы 2 и 6 в 30.10s, расстояние: 0.463, требуется: 0.500
2025-09-27 14:27:45 - ROBOTY.collision - WARNING - Коллизия: роботы 2 и 6 в 30.20s, расстояние: 0.395, требуется: 0.500
2025-09-27 14:27:45 - ROBOTY.collision - WARNING - Коллизия: роботы 2 и 6 в 30.30s, расстояние: 0.351, требуется: 0.500
2025-09-27 14:27:45 - ROBOTY.collision - WARNING - Коллизия: роботы 2 и 6 в 30.40s, расстояние: 0.342, требуется: 0.500
2025-09-27 14:27:45 - ROBOTY.collision - WARNING - Коллизия: роботы 2 и 6 в 30.50s, расстояние: 0.369, требуется: 0.500
2025-09-27 14:27:45 - ROBOTY.collision - WARNING - Коллизия: роботы 2 и 6 в 30.60s, расстояние: 0.427, требуется: 0.500
2025-09-27 14:27:45 - ROBOTY.collision - ERROR - Обнаружено 54 коллизий
2025-09-27 14:27:45 - ROBOTY.main - WARNING - Обнаружено 54 коллизий, применяем онлайн-безопасность
2025-09-27 14:27:45 - ROBOTY.safety - INFO - Применяем онлайн-безопасность: вставка пауз при коллизиях
2025-09-27 14:27:45 - ROBOTY.collision - INFO - Начинаем детальную проверку коллизий
2025-09-27 14:27:45 - ROBOTY.collision - DEBUG - Проверяем коллизии в диапазоне времени: 0.00 - 41.40
2025-09-27 14:27:45 - ROBOTY.collision - WARNING - Коллизия: роботы 5 и 10 в 8.75s, расстояние: 0.495, требуется: 0.500
2025-09-27 14:27:45 - ROBOTY.collision - WARNING - Коллизия: роботы 5 и 10 в 8.80s, расстояние: 0.492, требуется: 0.500
2025-09-27 14:27:45 - ROBOTY.collision - WARNING - Коллизия: роботы 5 и 10 в 8.85s, расстояние: 0.499, требуется: 0.500
2025-09-27 14:27:45 - ROBOTY.collision - WARNING - Коллизия: роботы 3 и 6 в 9.85s, расстояние: 0.477, требуется: 0.500
2025-09-27 14:27:45 - ROBOTY.collision - WARNING - Коллизия: роботы 3 и 6 в 9.90s, расстояние: 0.444, требуется: 0.500
2025-09-27 14:27:45 - ROBOTY.collision - WARNING - Коллизия: роботы 3 и 6 в 9.95s, расстояние: 0.413, требуется: 0.500
2025-09-27 14:27:45 - ROBOTY.collision - WARNING - Коллизия: роботы 3 и 6 в 10.00s, расстояние: 0.383, требуется: 0.500
2025-09-27 14:27:45 - ROBOTY.collision - WARNING - Коллизия: роботы 3 и 6 в 10.05s, расстояние: 0.353, требуется: 0.500
2025-09-27 14:27:45 - ROBOTY.collision - WARNING - Коллизия: роботы 3 и 6 в 10.10s, расстояние: 0.326, требуется: 0.500
2025-09-27 14:27:45 - ROBOTY.collision - WARNING - Коллизия: роботы 3 и 6 в 10.15s, расстояние: 0.300, требуется: 0.500
2025-09-27 14:27:45 - ROBOTY.collision - WARNING - Коллизия: роботы 3 и 6 в 10.20s, расстояние: 0.278, требуется: 0.500
2025-09-27 14:27:45 - ROBOTY.collision - WARNING - Коллизия: роботы 3 и 6 в 10.25s, расстояние: 0.258, требуется: 0.500
2025-09-27 14:27:45 - ROBOTY.collision - WARNING - Коллизия: роботы 3 и 6 в 10.30s, расстояние: 0.243, требуется: 0.500
2025-09-27 14:27:45 - ROBOTY.collision - WARNING - Коллизия: роботы 3 и 6 в 10.35s, расстояние: 0.232, требуется: 0.500
2025-09-27 14:27:45 - ROBOTY.collision - WARNING - Коллизия: роботы 3 и 6 в 10.40s, расстояние: 0.228, требуется: 0.500
2025-09-27 14:27:45 - ROBOTY.collision - WARNING - Коллизия: роботы 3 и 6 в 10.45s, расстояние: 0.229, требуется: 0.500
2025-09-27 14:27:45 - ROBOTY.collision - WARNING - Коллизия: роботы 3 и 6 в 10.50s, расстояние: 0.236, требуется: 0.500
2025-09-27 14:27:45 - ROBOTY.collision - WARNING - Коллизия: роботы 3 и 6 в 10.55s, расстояние: 0.248, требуется: 0.500
2025-09-27 14:27:45 - ROBOTY.collision - WARNING - Коллизия: роботы 3 и 6 в 10.60s, расстояние: 0.265, требуется: 0.500
2025-09-27 14:27:45 - ROBOTY.collision - WARNING - Коллизия: роботы 3 и 6 в 10.65s, расстояние: 0.286, требуется: 0.500
2025-09-27 14:27:45 - ROBOTY.collision - WARNING - Коллизия: роботы 3 и 6 в 10.70s, расстояние: 0.310, требуется: 0.500
2025-09-27 14:27:45 - ROBOTY.collision - WARNING - Коллизия: роботы 3 и 6 в 10.75s, расстояние: 0.336, требуется: 0.500
2025-09-27 14:27:45 - ROBOTY.collision - WARNING - Коллизия: роботы 3 и 6 в 10.80s, расстояние: 0.365, требуется: 0.500
2025-09-27 14:27:45 - ROBOTY.collision - WARNING - Коллизия: роботы 3 и 6 в 10.85s, расстояние: 0.394, требуется: 0.500
2025-09-27 14:27:45 - ROBOTY.collision - WARNING - Коллизия: роботы 3 и 6 в 10.90s, расстояние: 0.425, требуется: 0.500
2025-09-27 14:27:45 - ROBOTY.collision - WARNING - Коллизия: роботы 3 и 6 в 10.95s, расстояние: 0.457, требуется: 0.500
2025-09-27 14:27:45 - ROBOTY.collision - WARNING - Коллизия: роботы 3 и 6 в 11.00s, расстояние: 0.489, требуется: 0.500
2025-09-27 14:27:45 - ROBOTY.collision - WARNING - Коллизия: роботы 2 и 7 в 21.00s, расстояние: 0.479, требуется: 0.500
2025-09-27 14:27:45 - ROBOTY.collision - WARNING - Коллизия: роботы 2 и 7 в 21.05s, расстояние: 0.442, требуется: 0.500
2025-09-27 14:27:45 - ROBOTY.collision - WARNING - Коллизия: роботы 2 и 7 в 21.10s, расстояние: 0.423, требуется: 0.500
2025-09-27 14:27:45 - ROBOTY.collision - WARNING - Коллизия: роботы 2 и 7 в 21.15s, расстояние: 0.424, требуется: 0.500
2025-09-27 14:27:45 - ROBOTY.collision - WARNING - Коллизия: роботы 2 и 7 в 21.20s, расстояние: 0.444, требуется: 0.500
2025-09-27 14:27:45 - ROBOTY.collision - WARNING - Коллизия: роботы 2 и 7 в 21.25s, расстояние: 0.481, требуется: 0.500
2025-09-27 14:27:45 - ROBOTY.collision - WARNING - Коллизия: роботы 4 и 6 в 21.90s, расстояние: 0.441, требуется: 0.500
2025-09-27 14:27:45 - ROBOTY.collision - WARNING - Коллизия: роботы 4 и 6 в 21.95s, расстояние: 0.364, требуется: 0.500
2025-09-27 14:27:45 - ROBOTY.collision - WARNING - Коллизия: роботы 4 и 6 в 22.00s, расстояние: 0.306, требуется: 0.500
2025-09-27 14:27:45 - ROBOTY.collision - WARNING - Коллизия: роботы 4 и 6 в 22.05s, расстояние: 0.278, требуется: 0.500
2025-09-27 14:27:45 - ROBOTY.collision - WARNING - Коллизия: роботы 4 и 6 в 22.10s, расстояние: 0.290, требуется: 0.500
2025-09-27 14:27:45 - ROBOTY.collision - WARNING - Коллизия: роботы 4 и 6 в 22.15s, расстояние: 0.337, требуется: 0.500
2025-09-27 14:27:45 - ROBOTY.collision - WARNING - Коллизия: роботы 4 и 6 в 22.20s, расстояние: 0.408, требуется: 0.500
2025-09-27 14:27:45 - ROBOTY.collision - WARNING - Коллизия: роботы 4 и 6 в 22.25s, расстояние: 0.481, требуется: 0.500
2025-09-27 14:27:45 - ROBOTY.collision - WARNING - Коллизия: роботы 6 и 9 в 22.50s, расстояние: 0.491, требуется: 0.500
2025-09-27 14:27:45 - ROBOTY.collision - WARNING - Коллизия: роботы 6 и 9 в 22.55s, расстояние: 0.445, требуется: 0.500
2025-09-27 14:27:45 - ROBOTY.collision - WARNING - Коллизия: роботы 6 и 9 в 22.60s, расстояние: 0.404, требуется: 0.500
2025-09-27 14:27:45 - ROBOTY.collision - WARNING - Коллизия: роботы 8 и 9 в 22.60s, расстояние: 0.476, требуется: 0.500
2025-09-27 14:27:45 - ROBOTY.collision - WARNING - Коллизия: роботы 6 и 9 в 22.65s, расстояние: 0.371, требуется: 0.500
2025-09-27 14:27:45 - ROBOTY.collision - WARNING - Коллизия: роботы 8 и 9 в 22.65s, расстояние: 0.409, требуется: 0.500
2025-09-27 14:27:45 - ROBOTY.collision - WARNING - Коллизия: роботы 6 и 9 в 22.70s, расстояние: 0.346, требуется: 0.500
2025-09-27 14:27:45 - ROBOTY.collision - WARNING - Коллизия: роботы 8 и 9 в 22.70s, расстояние: 0.345, требуется: 0.500
2025-09-27 14:27:45 - ROBOTY.collision - WARNING - Коллизия: роботы 6 и 8 в 22.75s, расстояние: 0.464, требуется: 0.500
2025-09-27 14:27:45 - ROBOTY.collision - WARNING - Коллизия: роботы 6 и 9 в 22.75s, расстояние: 0.323, требуется: 0.500
2025-09-27 14:27:45 - ROBOTY.collision - WARNING - Коллизия: роботы 8 и 9 в 22.75s, расстояние: 0.288, требуется: 0.500
2025-09-27 14:27:45 - ROBOTY.collision - WARNING - Коллизия: роботы 6 и 8 в 22.80s, расстояние: 0.377, требуется: 0.500
2025-09-27 14:27:45 - ROBOTY.collision - WARNING - Коллизия: роботы 6 и 9 в 22.80s, расстояние: 0.310, требуется: 0.500
2025-09-27 14:27:45 - ROBOTY.collision - WARNING - Коллизия: роботы 8 и 9 в 22.80s, расстояние: 0.238, требуется: 0.500
2025-09-27 14:27:45 - ROBOTY.collision - WARNING - Коллизия: роботы 6 и 8 в 22.85s, расстояние: 0.320, требуется: 0.500
2025-09-27 14:27:45 - ROBOTY.collision - WARNING - Коллизия: роботы 6 и 9 в 22.85s, расстояние: 0.310, требуется: 0.500
2025-09-27 14:27:45 - ROBOTY.collision - WARNING - Коллизия: роботы 8 и 9 в 22.85s, расстояние: 0.200, требуется: 0.500
2025-09-27 14:27:45 - ROBOTY.collision - WARNING - Коллизия: роботы 6 и 8 в 22.90s, расстояние: 0.310, требуется: 0.500
2025-09-27 14:27:45 - ROBOTY.collision - WARNING - Коллизия: роботы 6 и 9 в 22.90s, расстояние: 0.324, требуется: 0.500
2025-09-27 14:27:45 - ROBOTY.collision - WARNING - Коллизия: роботы 8 и 9 в 22.90s, расстояние: 0.181, требуется: 0.500
2025-09-27 14:27:45 - ROBOTY.collision - WARNING - Коллизия: роботы 6 и 8 в 22.95s, расстояние: 0.352, требуется: 0.500
2025-09-27 14:27:45 - ROBOTY.collision - WARNING - Коллизия: роботы 6 и 9 в 22.95s, расстояние: 0.348, требуется: 0.500
2025-09-27 14:27:45 - ROBOTY.collision - WARNING - Коллизия: роботы 8 и 9 в 22.95s, расстояние: 0.186, требуется: 0.500
2025-09-27 14:27:45 - ROBOTY.collision - WARNING - Коллизия: роботы 6 и 8 в 23.00s, расстояние: 0.430, требуется: 0.500
2025-09-27 14:27:45 - ROBOTY.collision - WARNING - Коллизия: роботы 6 и 9 в 23.00s, расстояние: 0.382, требуется: 0.500
2025-09-27 14:27:45 - ROBOTY.collision - WARNING - Коллизия: роботы 8 и 9 в 23.00s, расстояние: 0.214, требуется: 0.500
2025-09-27 14:27:45 - ROBOTY.collision - WARNING - Коллизия: роботы 6 и 9 в 23.05s, расстояние: 0.423, требуется: 0.500
2025-09-27 14:27:45 - ROBOTY.collision - WARNING - Коллизия: роботы 8 и 9 в 23.05s, расстояние: 0.258, требуется: 0.500
2025-09-27 14:27:45 - ROBOTY.collision - WARNING - Коллизия: роботы 6 и 9 в 23.10s, расстояние: 0.469, требуется: 0.500
2025-09-27 14:27:45 - ROBOTY.collision - WARNING - Коллизия: роботы 8 и 9 в 23.10s, расстояние: 0.311, требуется: 0.500
2025-09-27 14:27:45 - ROBOTY.collision - WARNING - Коллизия: роботы 8 и 9 в 23.15s, расстояние: 0.369, требуется: 0.500
2025-09-27 14:27:45 - ROBOTY.collision - WARNING - Коллизия: роботы 8 и 9 в 23.20s, расстояние: 0.430, требуется: 0.500
2025-09-27 14:27:45 - ROBOTY.collision - WARNING - Коллизия: роботы 8 и 9 в 23.25s, расстояние: 0.493, требуется: 0.500
2025-09-27 14:27:45 - ROBOTY.collision - WARNING - Коллизия: роботы 4 и 8 в 23.50s, расстояние: 0.457, требуется: 0.500
2025-09-27 14:27:45 - ROBOTY.collision - WARNING - Коллизия: роботы 4 и 8 в 23.55s, расстояние: 0.416, требуется: 0.500
2025-09-27 14:27:45 - ROBOTY.collision - WARNING - Коллизия: роботы 4 и 8 в 23.60s, расстояние: 0.384, требуется: 0.500
2025-09-27 14:27:45 - ROBOTY.collision - WARNING - Коллизия: роботы 4 и 8 в 23.65s, расстояние: 0.345, требуется: 0.500
2025-09-27 14:27:45 - ROBOTY.collision - WARNING - Коллизия: роботы 4 и 8 в 23.70s, расстояние: 0.310, требуется: 0.500
2025-09-27 14:27:45 - ROBOTY.collision - WARNING - Коллизия: роботы 4 и 8 в 23.75s, расстояние: 0.300, требуется: 0.500
2025-09-27 14:27:45 - ROBOTY.collision - WARNING - Коллизия: роботы 4 и 8 в 23.80s, расстояние: 0.317, требуется: 0.500
2025-09-27 14:27:45 - ROBOTY.collision - WARNING - Коллизия: роботы 4 и 8 в 23.85s, расстояние: 0.358, требуется: 0.500
2025-09-27 14:27:45 - ROBOTY.collision - WARNING - Коллизия: роботы 4 и 8 в 23.90s, расстояние: 0.404, требуется: 0.500
2025-09-27 14:27:45 - ROBOTY.collision - WARNING - Коллизия: роботы 4 и 8 в 23.95s, расстояние: 0.442, требуется: 0.500
2025-09-27 14:27:45 - ROBOTY.collision - WARNING - Коллизия: роботы 4 и 8 в 24.00s, расстояние: 0.487, требуется: 0.500
2025-09-27 14:27:45 - ROBOTY.collision - WARNING - Коллизия: роботы 5 и 8 в 28.70s, расстояние: 0.454, требуется: 0.500
2025-09-27 14:27:45 - ROBOTY.collision - WARNING - Коллизия: роботы 5 и 8 в 28.75s, расстояние: 0.413, требуется: 0.500
2025-09-27 14:27:45 - ROBOTY.collision - WARNING - Коллизия: роботы 5 и 8 в 28.80s, расстояние: 0.383, требуется: 0.500
2025-09-27 14:27:45 - ROBOTY.collision - WARNING - Коллизия: роботы 5 и 8 в 28.85s, расстояние: 0.365, требуется: 0.500
2025-09-27 14:27:45 - ROBOTY.collision - WARNING - Коллизия: роботы 5 и 8 в 28.90s, расстояние: 0.361, требуется: 0.500
2025-09-27 14:27:45 - ROBOTY.collision - WARNING - Коллизия: роботы 5 и 8 в 28.95s, расстояние: 0.373, требуется: 0.500
2025-09-27 14:27:45 - ROBOTY.collision - WARNING - Коллизия: роботы 5 и 8 в 29.00s, расстояние: 0.398, требуется: 0.500
2025-09-27 14:27:45 - ROBOTY.collision - WARNING - Коллизия: роботы 5 и 8 в 29.05s, расстояние: 0.434, требуется: 0.500
2025-09-27 14:27:45 - ROBOTY.collision - WARNING - Коллизия: роботы 5 и 8 в 29.10s, расстояние: 0.479, требуется: 0.500
2025-09-27 14:27:45 - ROBOTY.collision - WARNING - Коллизия: роботы 2 и 6 в 30.10s, расстояние: 0.463, требуется: 0.500
2025-09-27 14:27:45 - ROBOTY.collision - WARNING - Коллизия: роботы 2 и 6 в 30.15s, расстояние: 0.426, требуется: 0.500
2025-09-27 14:27:45 - ROBOTY.collision - WARNING - Коллизия: роботы 2 и 6 в 30.20s, расстояние: 0.395, требуется: 0.500
2025-09-27 14:27:45 - ROBOTY.collision - WARNING - Коллизия: роботы 2 и 6 в 30.25s, расстояние: 0.369, требуется: 0.500
2025-09-27 14:27:45 - ROBOTY.collision - WARNING - Коллизия: роботы 2 и 6 в 30.30s, расстояние: 0.351, требуется: 0.500
2025-09-27 14:27:45 - ROBOTY.collision - WARNING - Коллизия: роботы 2 и 6 в 30.35s, расстояние: 0.342, требуется: 0.500
2025-09-27 14:27:45 - ROBOTY.collision - WARNING - Коллизия: роботы 2 и 6 в 30.40s, расстояние: 0.342, требуется: 0.500
2025-09-27 14:27:45 - ROBOTY.collision - WARNING - Коллизия: роботы 2 и 6 в 30.45s, расстояние: 0.351, требуется: 0.500
2025-09-27 14:27:45 - ROBOTY.collision - WARNING - Коллизия: роботы 2 и 6 в 30.50s, расстояние: 0.369, требуется: 0.500
2025-09-27 14:27:45 - ROBOTY.collision - WARNING - Коллизия: роботы 2 и 6 в 30.55s, расстояние: 0.395, требуется: 0.500
2025-09-27 14:27:45 - ROBOTY.collision - WARNING - Коллизия: роботы 2 и 6 в 30.60s, расстояние: 0.427, требуется: 0.500
2025-09-27 14:27:45 - ROBOTY.collision - WARNING - Коллизия: роботы 2 и 6 в 30.65s, расстояние: 0.463, требуется: 0.500
2025-09-27 14:27:45 - ROBOTY.collision - ERROR - Обнаружено 106 коллизий
2025-09-27 14:27:45 - ROBOTY.safety - DEBUG - Добавлена пауза 0.60s роботу 5 в t=8.75s
2025-09-27 14:27:45 - ROBOTY.safety - DEBUG - Добавлена пауза 0.60s роботу 10 в t=8.75s
2025-09-27 14:27:45 - ROBOTY.safety - DEBUG - Добавлена пауза 0.60s роботу 5 в t=8.80s
2025-09-27 14:27:45 - ROBOTY.safety - DEBUG - Добавлена пауза 0.60s роботу 10 в t=8.80s
2025-09-27 14:27:45 - ROBOTY.safety - DEBUG - Добавлена пауза 0.60s роботу 5 в t=8.85s
2025-09-27 14:27:45 - ROBOTY.safety - DEBUG - Добавлена пауза 0.60s роботу 10 в t=8.85s
2025-09-27 14:27:45 - ROBOTY.safety - DEBUG - Добавлена пауза 0.60s роботу 3 в t=9.85s
2025-09-27 14:27:45 - ROBOTY.safety - DEBUG - Добавлена пауза 0.60s роботу 6 в t=9.85s
2025-09-27 14:27:45 - ROBOTY.safety - DEBUG - Добавлена пауза 0.60s роботу 3 в t=9.90s
2025-09-27 14:27:45 - ROBOTY.safety - DEBUG - Добавлена пауза 0.60s роботу 6 в t=9.90s
2025-09-27 14:27:45 - ROBOTY.safety - DEBUG - Добавлена пауза 0.60s роботу 3 в t=9.95s
2025-09-27 14:27:45 - ROBOTY.safety - DEBUG - Добавлена пауза 0.60s роботу 6 в t=9.95s
2025-09-27 14:27:45 - ROBOTY.safety - DEBUG - Добавлена пауза 0.60s роботу 3 в t=10.00s
2025-09-27 14:27:45 - ROBOTY.safety - DEBUG - Добавлена пауза 0.60s роботу 6 в t=10.00s
2025-09-27 14:27:45 - ROBOTY.safety - DEBUG - Добавлена пауза 0.60s роботу 3 в t=10.05s
2025-09-27 14:27:45 - ROBOTY.safety - DEBUG - Добавлена пауза 0.60s роботу 6 в t=10.05s
2025-09-27 14:27:45 - ROBOTY.safety - DEBUG - Добавлена пауза 0.60s роботу 3 в t=10.10s
2025-09-27 14:27:45 - ROBOTY.safety - DEBUG - Добавлена пауза 0.60s роботу 6 в t=10.10s
2025-09-27 14:27:45 - ROBOTY.safety - DEBUG - Добавлена пауза 0.60s роботу 3 в t=10.15s
2025-09-27 14:27:45 - ROBOTY.safety - DEBUG - Добавлена пауза 0.60s роботу 6 в t=10.15s
2025-09-27 14:27:45 - ROBOTY.safety - DEBUG - Добавлена пауза 0.60s роботу 3 в t=10.20s
2025-09-27 14:27:45 - ROBOTY.safety - DEBUG - Добавлена пауза 0.60s роботу 6 в t=10.20s
2025-09-27 14:27:45 - ROBOTY.safety - DEBUG - Добавлена пауза 0.60s роботу 3 в t=10.25s
2025-09-27 14:27:45 - ROBOTY.safety - DEBUG - Добавлена пауза 0.60s роботу 6 в t=10.25s
2025-09-27 14:27:45 - ROBOTY.safety - DEBUG - Добавлена пауза 0.60s роботу 3 в t=10.30s
2025-09-27 14:27:45 - ROBOTY.safety - DEBUG - Добавлена пауза 0.60s роботу 6 в t=10.30s
2025-09-27 14:27:45 - ROBOTY.safety - DEBUG - Добавлена пауза 0.60s роботу 3 в t=10.35s
2025-09-27 14:27:45 - ROBOTY.safety - DEBUG - Добавлена пауза 0.60s роботу 6 в t=10.35s
2025-09-27 14:27:45 - ROBOTY.safety - DEBUG - Добавлена пауза 0.60s роботу 3 в t=10.40s
2025-09-27 14:27:45 - ROBOTY.safety - DEBUG - Добавлена пауза 0.60s роботу 6 в t=10.40s
2025-09-27 14:27:45 - ROBOTY.safety - DEBUG - Добавлена пауза 0.60s роботу 3 в t=10.45s
2025-09-27 14:27:45 - ROBOTY.safety - DEBUG - Добавлена пауза 0.60s роботу 6 в t=10.45s
2025-09-27 14:27:45 - ROBOTY.safety - DEBUG - Добавлена пауза 0.60s роботу 3 в t=10.50s
2025-09-27 14:27:45 - ROBOTY.safety - DEBUG - Добавлена пауза 0.60s роботу 6 в t=10.50s
2025-09-27 14:27:45 - ROBOTY.safety - DEBUG - Добавлена пауза 0.60s роботу 3 в t=10.55s
2025-09-27 14:27:45 - ROBOTY.safety - DEBUG - Добавлена пауза 0.60s роботу 6 в t=10.55s
2025-09-27 14:27:45 - ROBOTY.safety - DEBUG - Добавлена пауза 0.60s роботу 3 в t=10.60s
2025-09-27 14:27:45 - ROBOTY.safety - DEBUG - Добавлена пауза 0.60s роботу 6 в t=10.60s
2025-09-27 14:27:45 - ROBOTY.safety - DEBUG - Добавлена пауза 0.60s роботу 3 в t=10.65s
2025-09-27 14:27:45 - ROBOTY.safety - DEBUG - Добавлена пауза 0.60s роботу 6 в t=10.65s
2025-09-27 14:27:45 - ROBOTY.safety - DEBUG - Добавлена пауза 0.60s роботу 3 в t=10.70s
2025-09-27 14:27:45 - ROBOTY.safety - DEBUG - Добавлена пауза 0.60s роботу 6 в t=10.70s
2025-09-27 14:27:45 - ROBOTY.safety - DEBUG - Добавлена пауза 0.60s роботу 3 в t=10.75s
2025-09-27 14:27:45 - ROBOTY.safety - DEBUG - Добавлена пауза 0.60s роботу 6 в t=10.75s
2025-09-27 14:27:45 - ROBOTY.safety - DEBUG - Добавлена пауза 0.60s роботу 3 в t=10.80s
2025-09-27 14:27:45 - ROBOTY.safety - DEBUG - Добавлена пауза 0.60s роботу 6 в t=10.80s
2025-09-27 14:27:45 - ROBOTY.safety - DEBUG - Добавлена пауза 0.60s роботу 3 в t=10.85s
2025-09-27 14:27:45 - ROBOTY.safety - DEBUG - Добавлена пауза 0.60s роботу 6 в t=10.85s
2025-09-27 14:27:45 - ROBOTY.safety - DEBUG - Добавлена пауза 0.60s роботу 3 в t=10.90s
2025-09-27 14:27:45 - ROBOTY.safety - DEBUG - Добавлена пауза 0.60s роботу 6 в t=10.90s
2025-09-27 14:27:45 - ROBOTY.safety - DEBUG - Добавлена пауза 0.60s роботу 3 в t=10.95s
2025-09-27 14:27:45 - ROBOTY.safety - DEBUG - Добавлена пауза 0.60s роботу 6 в t=10.95s
2025-09-27 14:27:45 - ROBOTY.safety - DEBUG - Добавлена пауза 0.60s роботу 3 в t=11.00s
2025-09-27 14:27:45 - ROBOTY.safety - DEBUG - Добавлена пауза 0.60s роботу 6 в t=11.00s
2025-09-27 14:27:45 - ROBOTY.safety - DEBUG - Добавлена пауза 0.60s роботу 2 в t=21.00s
2025-09-27 14:27:45 - ROBOTY.safety - DEBUG - Добавлена пауза 0.60s роботу 7 в t=21.00s
2025-09-27 14:27:45 - ROBOTY.safety - DEBUG - Добавлена пауза 0.60s роботу 2 в t=21.05s
2025-09-27 14:27:45 - ROBOTY.safety - DEBUG - Добавлена пауза 0.60s роботу 7 в t=21.05s
2025-09-27 14:27:45 - ROBOTY.safety - DEBUG - Добавлена пауза 0.60s роботу 2 в t=21.10s
2025-09-27 14:27:45 - ROBOTY.safety - DEBUG - Добавлена пауза 0.60s роботу 7 в t=21.10s
2025-09-27 14:27:45 - ROBOTY.safety - DEBUG - Добавлена пауза 0.60s роботу 2 в t=21.15s
2025-09-27 14:27:45 - ROBOTY.safety - DEBUG - Добавлена пауза 0.60s роботу 7 в t=21.15s
2025-09-27 14:27:45 - ROBOTY.safety - DEBUG - Добавлена пауза 0.60s роботу 2 в t=21.20s
2025-09-27 14:27:45 - ROBOTY.safety - DEBUG - Добавлена пауза 0.60s роботу 7 в t=21.20s
2025-09-27 14:27:45 - ROBOTY.safety - DEBUG - Добавлена пауза 0.60s роботу 2 в t=21.25s
2025-09-27 14:27:45 - ROBOTY.safety - DEBUG - Добавлена пауза 0.60s роботу 7 в t=21.25s
2025-09-27 14:27:45 - ROBOTY.safety - DEBUG - Добавлена пауза 0.60s роботу 4 в t=21.90s
2025-09-27 14:27:45 - ROBOTY.safety - DEBUG - Добавлена пауза 0.60s роботу 6 в t=21.90s
2025-09-27 14:27:45 - ROBOTY.safety - DEBUG - Добавлена пауза 0.60s роботу 4 в t=21.95s
2025-09-27 14:27:45 - ROBOTY.safety - DEBUG - Добавлена пауза 0.60s роботу 6 в t=21.95s
2025-09-27 14:27:45 - ROBOTY.safety - DEBUG - Добавлена пауза 0.60s роботу 4 в t=22.00s
2025-09-27 14:27:45 - ROBOTY.safety - DEBUG - Добавлена пауза 0.60s роботу 6 в t=22.00s
2025-09-27 14:27:45 - ROBOTY.safety - DEBUG - Добавлена пауза 0.60s роботу 4 в t=22.05s
2025-09-27 14:27:45 - ROBOTY.safety - DEBUG - Добавлена пауза 0.60s роботу 6 в t=22.05s
2025-09-27 14:27:45 - ROBOTY.safety - DEBUG - Добавлена пауза 0.60s роботу 4 в t=22.10s
2025-09-27 14:27:45 - ROBOTY.safety - DEBUG - Добавлена пауза 0.60s роботу 6 в t=22.10s
2025-09-27 14:27:45 - ROBOTY.safety - DEBUG - Добавлена пауза 0.60s роботу 4 в t=22.15s
2025-09-27 14:27:45 - ROBOTY.safety - DEBUG - Добавлена пауза 0.60s роботу 6 в t=22.15s
2025-09-27 14:27:45 - ROBOTY.safety - DEBUG - Добавлена пауза 0.60s роботу 4 в t=22.20s
2025-09-27 14:27:45 - ROBOTY.safety - DEBUG - Добавлена пауза 0.60s роботу 6 в t=22.20s
2025-09-27 14:27:45 - ROBOTY.safety - DEBUG - Добавлена пауза 0.60s роботу 4 в t=22.25s
2025-09-27 14:27:45 - ROBOTY.safety - DEBUG - Добавлена пауза 0.60s роботу 6 в t=22.25s
2025-09-27 14:27:45 - ROBOTY.safety - DEBUG - Добавлена пауза 0.60s роботу 6 в t=22.50s
2025-09-27 14:27:45 - ROBOTY.safety - DEBUG - Добавлена пауза 0.60s роботу 9 в t=22.50s
2025-09-27 14:27:45 - ROBOTY.safety - DEBUG - Добавлена пауза 0.60s роботу 6 в t=22.55s
2025-09-27 14:27:45 - ROBOTY.safety - DEBUG - Добавлена пауза 0.60s роботу 9 в t=22.55s
2025-09-27 14:27:45 - ROBOTY.safety - DEBUG - Добавлена пауза 0.60s роботу 6 в t=22.60s
2025-09-27 14:27:45 - ROBOTY.safety - DEBUG - Добавлена пауза 0.60s роботу 9 в t=22.60s
2025-09-27 14:27:45 - ROBOTY.safety - DEBUG - Добавлена пауза 0.60s роботу 6 в t=22.65s
2025-09-27 14:27:45 - ROBOTY.safety - DEBUG - Добавлена пауза 0.60s роботу 9 в t=22.65s
2025-09-27 14:27:45 - ROBOTY.safety - DEBUG - Добавлена пауза 0.60s роботу 6 в t=22.70s
2025-09-27 14:27:45 - ROBOTY.safety - DEBUG - Добавлена пауза 0.60s роботу 9 в t=22.70s
2025-09-27 14:27:45 - ROBOTY.safety - DEBUG - Добавлена пауза 0.60s роботу 6 в t=22.75s
2025-09-27 14:27:45 - ROBOTY.safety - DEBUG - Добавлена пауза 0.60s роботу 8 в t=22.75s
2025-09-27 14:27:45 - ROBOTY.safety - DEBUG - Добавлена пауза 0.60s роботу 6 в t=22.80s
2025-09-27 14:27:45 - ROBOTY.safety - DEBUG - Добавлена пауза 0.60s роботу 8 в t=22.80s
2025-09-27 14:27:45 - ROBOTY.safety - DEBUG - Добавлена пауза 0.60s роботу 6 в t=22.85s
2025-09-27 14:27:45 - ROBOTY.safety - DEBUG - Добавлена пауза 0.60s роботу 8 в t=22.85s
2025-09-27 14:27:45 - ROBOTY.safety - DEBUG - Добавлена пауза 0.60s роботу 6 в t=22.90s
2025-09-27 14:27:45 - ROBOTY.safety - DEBUG - Добавлена пауза 0.60s роботу 8 в t=22.90s
2025-09-27 14:27:45 - ROBOTY.safety - DEBUG - Добавлена пауза 0.60s роботу 6 в t=22.95s
2025-09-27 14:27:45 - ROBOTY.safety - DEBUG - Добавлена пауза 0.60s роботу 8 в t=22.95s
2025-09-27 14:27:45 - ROBOTY.safety - DEBUG - Добавлена пауза 0.60s роботу 6 в t=23.00s
2025-09-27 14:27:45 - ROBOTY.safety - DEBUG - Добавлена пауза 0.60s роботу 8 в t=23.00s
2025-09-27 14:27:45 - ROBOTY.safety - DEBUG - Добавлена пауза 0.60s роботу 6 в t=23.05s
2025-09-27 14:27:45 - ROBOTY.safety - DEBUG - Добавлена пауза 0.60s роботу 9 в t=23.05s
2025-09-27 14:27:45 - ROBOTY.safety - DEBUG - Добавлена пауза 0.60s роботу 6 в t=23.10s
2025-09-27 14:27:45 - ROBOTY.safety - DEBUG - Добавлена пауза 0.60s роботу 9 в t=23.10s
2025-09-27 14:27:45 - ROBOTY.safety - DEBUG - Добавлена пауза 0.60s роботу 8 в t=23.15s
2025-09-27 14:27:45 - ROBOTY.safety - DEBUG - Добавлена пауза 0.60s роботу 9 в t=23.15s
2025-09-27 14:27:45 - ROBOTY.safety - DEBUG - Добавлена пауза 0.60s роботу 8 в t=23.20s
2025-09-27 14:27:45 - ROBOTY.safety - DEBUG - Добавлена пауза 0.60s роботу 9 в t=23.20s
2025-09-27 14:27:45 - ROBOTY.safety - DEBUG - Добавлена пауза 0.60s роботу 8 в t=23.25s
2025-09-27 14:27:45 - ROBOTY.safety - DEBUG - Добавлена пауза 0.60s роботу 9 в t=23.25s
2025-09-27 14:27:45 - ROBOTY.safety - DEBUG - Добавлена пауза 0.60s роботу 4 в t=23.50s
2025-09-27 14:27:45 - ROBOTY.safety - DEBUG - Добавлена пауза 0.60s роботу 8 в t=23.50s
2025-09-27 14:27:45 - ROBOTY.safety - DEBUG - Добавлена пауза 0.60s роботу 4 в t=23.55s
2025-09-27 14:27:45 - ROBOTY.safety - DEBUG - Добавлена пауза 0.60s роботу 8 в t=23.55s
2025-09-27 14:27:45 - ROBOTY.safety - DEBUG - Добавлена пауза 0.60s роботу 4 в t=23.60s
2025-09-27 14:27:45 - ROBOTY.safety - DEBUG - Добавлена пауза 0.60s роботу 8 в t=23.60s
2025-09-27 14:27:45 - ROBOTY.safety - DEBUG - Добавлена пауза 0.60s роботу 4 в t=23.65s
2025-09-27 14:27:45 - ROBOTY.safety - DEBUG - Добавлена пауза 0.60s роботу 8 в t=23.65s
2025-09-27 14:27:45 - ROBOTY.safety - DEBUG - Добавлена пауза 0.60s роботу 4 в t=23.70s
2025-09-27 14:27:45 - ROBOTY.safety - DEBUG - Добавлена пауза 0.60s роботу 8 в t=23.70s
2025-09-27 14:27:45 - ROBOTY.safety - DEBUG - Добавлена пауза 0.60s роботу 4 в t=23.75s
2025-09-27 14:27:45 - ROBOTY.safety - DEBUG - Добавлена пауза 0.60s роботу 8 в t=23.75s
2025-09-27 14:27:45 - ROBOTY.safety - DEBUG - Добавлена пауза 0.60s роботу 4 в t=23.80s
2025-09-27 14:27:45 - ROBOTY.safety - DEBUG - Добавлена пауза 0.60s роботу 8 в t=23.80s
2025-09-27 14:27:45 - ROBOTY.safety - DEBUG - Добавлена пауза 0.60s роботу 4 в t=23.85s
2025-09-27 14:27:45 - ROBOTY.safety - DEBUG - Добавлена пауза 0.60s роботу 8 в t=23.85s
2025-09-27 14:27:45 - ROBOTY.safety - DEBUG - Добавлена пауза 0.60s роботу 4 в t=23.90s
2025-09-27 14:27:45 - ROBOTY.safety - DEBUG - Добавлена пауза 0.60s роботу 8 в t=23.90s
2025-09-27 14:27:45 - ROBOTY.safety - DEBUG - Добавлена пауза 0.60s роботу 4 в t=23.95s
2025-09-27 14:27:45 - ROBOTY.safety - DEBUG - Добавлена пауза 0.60s роботу 8 в t=23.95s
2025-09-27 14:27:45 - ROBOTY.safety - DEBUG - Добавлена пауза 0.60s роботу 4 в t=24.00s
2025-09-27 14:27:45 - ROBOTY.safety - DEBUG - Добавлена пауза 0.60s роботу 8 в t=24.00s
2025-09-27 14:27:45 - ROBOTY.safety - DEBUG - Добавлена пауза 0.60s роботу 5 в t=28.70s
2025-09-27 14:27:45 - ROBOTY.safety - DEBUG - Добавлена пауза 0.60s роботу 8 в t=28.70s
2025-09-27 14:27:45 - ROBOTY.safety - DEBUG - Добавлена пауза 0.60s роботу 5 в t=28.75s
2025-09-27 14:27:45 - ROBOTY.safety - DEBUG - Добавлена пауза 0.60s роботу 8 в t=28.75s
2025-09-27 14:27:45 - ROBOTY.safety - DEBUG - Добавлена пауза 0.60s роботу 5 в t=28.80s
2025-09-27 14:27:45 - ROBOTY.safety - DEBUG - Добавлена пауза 0.60s роботу 8 в t=28.80s
2025-09-27 14:27:45 - ROBOTY.safety - DEBUG - Добавлена пауза 0.60s роботу 5 в t=28.85s
2025-09-27 14:27:45 - ROBOTY.safety - DEBUG - Добавлена пауза 0.60s роботу 8 в t=28.85s
2025-09-27 14:27:45 - ROBOTY.safety - DEBUG - Добавлена пауза 0.60s роботу 5 в t=28.90s
2025-09-27 14:27:45 - ROBOTY.safety - DEBUG - Добавлена пауза 0.60s роботу 8 в t=28.90s
2025-09-27 14:27:45 - ROBOTY.safety - DEBUG - Добавлена пауза 0.60s роботу 5 в t=28.95s
2025-09-27 14:27:45 - ROBOTY.safety - DEBUG - Добавлена пауза 0.60s роботу 8 в t=28.95s
2025-09-27 14:27:45 - ROBOTY.safety - DEBUG - Добавлена пауза 0.60s роботу 5 в t=29.00s
2025-09-27 14:27:45 - ROBOTY.safety - DEBUG - Добавлена пауза 0.60s роботу 8 в t=29.00s
2025-09-27 14:27:45 - ROBOTY.safety - DEBUG - Добавлена пауза 0.60s роботу 5 в t=29.05s
2025-09-27 14:27:45 - ROBOTY.safety - DEBUG - Добавлена пауза 0.60s роботу 8 в t=29.05s
2025-09-27 14:27:45 - ROBOTY.safety - DEBUG - Добавлена пауза 0.60s роботу 5 в t=29.10s
2025-09-27 14:27:45 - ROBOTY.safety - DEBUG - Добавлена пауза 0.60s роботу 8 в t=29.10s
2025-09-27 14:27:45 - ROBOTY.safety - DEBUG - Добавлена пауза 0.60s роботу 2 в t=30.10s
2025-09-27 14:27:45 - ROBOTY.safety - DEBUG - Добавлена пауза 0.60s роботу 6 в t=30.10s
2025-09-27 14:27:45 - ROBOTY.safety - DEBUG - Добавлена пауза 0.60s роботу 2 в t=30.15s
2025-09-27 14:27:45 - ROBOTY.safety - DEBUG - Добавлена пауза 0.60s роботу 6 в t=30.15s
2025-09-27 14:27:45 - ROBOTY.safety - DEBUG - Добавлена пауза 0.60s роботу 2 в t=30.20s
2025-09-27 14:27:45 - ROBOTY.safety - DEBUG - Добавлена пауза 0.60s роботу 6 в t=30.20s
2025-09-27 14:27:45 - ROBOTY.safety - DEBUG - Добавлена пауза 0.60s роботу 2 в t=30.25s
2025-09-27 14:27:45 - ROBOTY.safety - DEBUG - Добавлена пауза 0.60s роботу 6 в t=30.25s
2025-09-27 14:27:45 - ROBOTY.safety - DEBUG - Добавлена пауза 0.60s роботу 2 в t=30.30s
2025-09-27 14:27:45 - ROBOTY.safety - DEBUG - Добавлена пауза 0.60s роботу 6 в t=30.30s
2025-09-27 14:27:45 - ROBOTY.safety - DEBUG - Добавлена пауза 0.60s роботу 2 в t=30.35s
2025-09-27 14:27:45 - ROBOTY.safety - DEBUG - Добавлена пауза 0.60s роботу 6 в t=30.35s
2025-09-27 14:27:45 - ROBOTY.safety - DEBUG - Добавлена пауза 0.60s роботу 2 в t=30.40s
2025-09-27 14:27:45 - ROBOTY.safety - DEBUG - Добавлена пауза 0.60s роботу 6 в t=30.40s
2025-09-27 14:27:45 - ROBOTY.safety - DEBUG - Добавлена пауза 0.60s роботу 2 в t=30.45s
2025-09-27 14:27:45 - ROBOTY.safety - DEBUG - Добавлена пауза 0.60s роботу 6 в t=30.45s
2025-09-27 14:27:45 - ROBOTY.safety - DEBUG - Добавлена пауза 0.60s роботу 2 в t=30.50s
2025-09-27 14:27:45 - ROBOTY.safety - DEBUG - Добавлена пауза 0.60s роботу 6 в t=30.50s
2025-09-27 14:27:45 - ROBOTY.safety - DEBUG - Добавлена пауза 0.60s роботу 2 в t=30.55s
2025-09-27 14:27:45 - ROBOTY.safety - DEBUG - Добавлена пауза 0.60s роботу 6 в t=30.55s
2025-09-27 14:27:45 - ROBOTY.safety - DEBUG - Добавлена пауза 0.60s роботу 2 в t=30.60s
2025-09-27 14:27:45 - ROBOTY.safety - DEBUG - Добавлена пауза 0.60s роботу 6 в t=30.60s
2025-09-27 14:27:45 - ROBOTY.safety - DEBUG - Добавлена пауза 0.60s роботу 2 в t=30.65s
2025-09-27 14:27:45 - ROBOTY.safety - DEBUG - Добавлена пауза 0.60s роботу 6 в t=30.65s
2025-09-27 14:27:45 - ROBOTY.safety - INFO - Онлайн-безопасность применена: паузы вставлены
2025-09-27 14:27:45 - ROBOTY.collision - INFO - Начинаем детальную проверку коллизий
2025-09-27 14:27:45 - ROBOTY.collision - DEBUG - Проверяем коллизии в диапазоне времени: 0.00 - 65.37
2025-09-27 14:27:45 - ROBOTY.collision - WARNING - Коллизия: роботы 5 и 10 в 8.80s, расстояние: 0.495, требуется: 0.500
2025-09-27 14:27:45 - ROBOTY.collision - WARNING - Коллизия: роботы 5 и 10 в 8.90s, расстояние: 0.495, требуется: 0.500
2025-09-27 14:27:45 - ROBOTY.collision - WARNING - Коллизия: роботы 5 и 10 в 9.00s, расстояние: 0.495, требуется: 0.500
2025-09-27 14:27:45 - ROBOTY.collision - WARNING - Коллизия: роботы 5 и 10 в 9.10s, расстояние: 0.495, требуется: 0.500
2025-09-27 14:27:45 - ROBOTY.collision - WARNING - Коллизия: роботы 5 и 10 в 9.20s, расстояние: 0.495, требуется: 0.500
2025-09-27 14:27:45 - ROBOTY.collision - WARNING - Коллизия: роботы 5 и 10 в 9.30s, расстояние: 0.495, требуется: 0.500
2025-09-27 14:27:45 - ROBOTY.collision - WARNING - Коллизия: роботы 5 и 10 в 9.40s, расстояние: 0.495, требуется: 0.500
2025-09-27 14:27:45 - ROBOTY.collision - WARNING - Коллизия: роботы 5 и 10 в 9.50s, расстояние: 0.495, требуется: 0.500
2025-09-27 14:27:45 - ROBOTY.collision - WARNING - Коллизия: роботы 5 и 10 в 9.60s, расстояние: 0.495, требуется: 0.500
2025-09-27 14:27:45 - ROBOTY.collision - WARNING - Коллизия: роботы 5 и 10 в 9.70s, расстояние: 0.495, требуется: 0.500
2025-09-27 14:27:45 - ROBOTY.collision - WARNING - Коллизия: роботы 5 и 10 в 9.80s, расстояние: 0.495, требуется: 0.500
2025-09-27 14:27:45 - ROBOTY.collision - WARNING - Коллизия: роботы 3 и 6 в 9.90s, расстояние: 0.477, требуется: 0.500
2025-09-27 14:27:45 - ROBOTY.collision - WARNING - Коллизия: роботы 5 и 10 в 9.90s, расстояние: 0.495, требуется: 0.500
2025-09-27 14:27:45 - ROBOTY.collision - WARNING - Коллизия: роботы 3 и 6 в 10.00s, расстояние: 0.477, требуется: 0.500
2025-09-27 14:27:45 - ROBOTY.collision - WARNING - Коллизия: роботы 5 и 10 в 10.00s, расстояние: 0.495, требуется: 0.500
2025-09-27 14:27:45 - ROBOTY.collision - WARNING - Коллизия: роботы 3 и 6 в 10.10s, расстояние: 0.477, требуется: 0.500
2025-09-27 14:27:45 - ROBOTY.collision - WARNING - Коллизия: роботы 5 и 10 в 10.10s, расстояние: 0.495, требуется: 0.500
2025-09-27 14:27:45 - ROBOTY.collision - WARNING - Коллизия: роботы 3 и 6 в 10.20s, расстояние: 0.477, требуется: 0.500
2025-09-27 14:27:45 - ROBOTY.collision - WARNING - Коллизия: роботы 5 и 10 в 10.20s, расстояние: 0.495, требуется: 0.500
2025-09-27 14:27:45 - ROBOTY.collision - WARNING - Коллизия: роботы 3 и 6 в 10.30s, расстояние: 0.477, требуется: 0.500
2025-09-27 14:27:45 - ROBOTY.collision - WARNING - Коллизия: роботы 5 и 10 в 10.30s, расстояние: 0.495, требуется: 0.500
2025-09-27 14:27:45 - ROBOTY.collision - WARNING - Коллизия: роботы 3 и 6 в 10.40s, расстояние: 0.477, требуется: 0.500
2025-09-27 14:27:45 - ROBOTY.collision - WARNING - Коллизия: роботы 5 и 10 в 10.40s, расстояние: 0.495, требуется: 0.500
2025-09-27 14:27:45 - ROBOTY.collision - WARNING - Коллизия: роботы 3 и 6 в 10.50s, расстояние: 0.477, требуется: 0.500
2025-09-27 14:27:45 - ROBOTY.collision - WARNING - Коллизия: роботы 5 и 10 в 10.50s, расстояние: 0.495, требуется: 0.500
2025-09-27 14:27:45 - ROBOTY.collision - WARNING - Коллизия: роботы 3 и 6 в 10.60s, расстояние: 0.477, требуется: 0.500
2025-09-27 14:27:45 - ROBOTY.collision - WARNING - Коллизия: роботы 5 и 10 в 10.60s, расстояние: 0.492, требуется: 0.500
2025-09-27 14:27:45 - ROBOTY.collision - WARNING - Коллизия: роботы 3 и 6 в 10.70s, расстояние: 0.477, требуется: 0.500
2025-09-27 14:27:45 - ROBOTY.collision - WARNING - Коллизия: роботы 3 и 6 в 10.80s, расстояние: 0.477, требуется: 0.500
2025-09-27 14:27:45 - ROBOTY.collision - WARNING - Коллизия: роботы 3 и 6 в 10.90s, расстояние: 0.477, требуется: 0.500
2025-09-27 14:27:45 - ROBOTY.collision - WARNING - Коллизия: роботы 3 и 6 в 11.00s, расстояние: 0.477, требуется: 0.500
2025-09-27 14:27:45 - ROBOTY.collision - WARNING - Коллизия: роботы 3 и 6 в 11.10s, расстояние: 0.477, требуется: 0.500
2025-09-27 14:27:45 - ROBOTY.collision - WARNING - Коллизия: роботы 3 и 6 в 11.20s, расстояние: 0.477, требуется: 0.500
2025-09-27 14:27:45 - ROBOTY.collision - WARNING - Коллизия: роботы 3 и 6 в 11.30s, расстояние: 0.477, требуется: 0.500
2025-09-27 14:27:45 - ROBOTY.collision - WARNING - Коллизия: роботы 3 и 6 в 11.40s, расстояние: 0.477, требуется: 0.500
2025-09-27 14:27:45 - ROBOTY.collision - WARNING - Коллизия: роботы 3 и 6 в 11.50s, расстояние: 0.477, требуется: 0.500
2025-09-27 14:27:45 - ROBOTY.collision - WARNING - Коллизия: роботы 5 и 7 в 11.50s, расстояние: 0.495, требуется: 0.500
2025-09-27 14:27:45 - ROBOTY.collision - WARNING - Коллизия: роботы 3 и 6 в 11.60s, расстояние: 0.477, требуется: 0.500
2025-09-27 14:27:45 - ROBOTY.collision - WARNING - Коллизия: роботы 3 и 6 в 11.70s, расстояние: 0.477, требуется: 0.500
2025-09-27 14:27:45 - ROBOTY.collision - WARNING - Коллизия: роботы 3 и 6 в 11.80s, расстояние: 0.477, требуется: 0.500
2025-09-27 14:27:45 - ROBOTY.collision - WARNING - Коллизия: роботы 3 и 6 в 11.90s, расстояние: 0.477, требуется: 0.500
2025-09-27 14:27:45 - ROBOTY.collision - WARNING - Коллизия: роботы 3 и 6 в 12.00s, расстояние: 0.477, требуется: 0.500
2025-09-27 14:27:45 - ROBOTY.collision - WARNING - Коллизия: роботы 3 и 6 в 12.10s, расстояние: 0.477, требуется: 0.500
2025-09-27 14:27:45 - ROBOTY.collision - WARNING - Коллизия: роботы 3 и 6 в 12.20s, расстояние: 0.477, требуется: 0.500
2025-09-27 14:27:45 - ROBOTY.collision - WARNING - Коллизия: роботы 3 и 6 в 12.30s, расстояние: 0.477, требуется: 0.500
2025-09-27 14:27:45 - ROBOTY.collision - WARNING - Коллизия: роботы 5 и 6 в 12.30s, расстояние: 0.498, требуется: 0.500
2025-09-27 14:27:45 - ROBOTY.collision - WARNING - Коллизия: роботы 3 и 6 в 12.40s, расстояние: 0.477, требуется: 0.500
2025-09-27 14:27:45 - ROBOTY.collision - WARNING - Коллизия: роботы 5 и 6 в 12.40s, расстояние: 0.471, требуется: 0.500
2025-09-27 14:27:45 - ROBOTY.collision - WARNING - Коллизия: роботы 3 и 6 в 12.50s, расстояние: 0.477, требуется: 0.500
2025-09-27 14:27:45 - ROBOTY.collision - WARNING - Коллизия: роботы 5 и 6 в 12.50s, расстояние: 0.470, требуется: 0.500
2025-09-27 14:27:45 - ROBOTY.collision - WARNING - Коллизия: роботы 3 и 6 в 12.60s, расстояние: 0.477, требуется: 0.500
2025-09-27 14:27:45 - ROBOTY.collision - WARNING - Коллизия: роботы 5 и 6 в 12.60s, расстояние: 0.493, требуется: 0.500
2025-09-27 14:27:45 - ROBOTY.collision - WARNING - Коллизия: роботы 3 и 6 в 12.70s, расстояние: 0.477, требуется: 0.500
2025-09-27 14:27:45 - ROBOTY.collision - WARNING - Коллизия: роботы 3 и 6 в 12.80s, расстояние: 0.477, требуется: 0.500
2025-09-27 14:27:45 - ROBOTY.collision - WARNING - Коллизия: роботы 3 и 6 в 12.90s, расстояние: 0.477, требуется: 0.500
2025-09-27 14:27:45 - ROBOTY.collision - WARNING - Коллизия: роботы 3 и 6 в 13.00s, расстояние: 0.477, требуется: 0.500
2025-09-27 14:27:45 - ROBOTY.collision - WARNING - Коллизия: роботы 3 и 6 в 13.10s, расстояние: 0.477, требуется: 0.500
2025-09-27 14:27:45 - ROBOTY.collision - WARNING - Коллизия: роботы 3 и 6 в 13.20s, расстояние: 0.477, требуется: 0.500
2025-09-27 14:27:45 - ROBOTY.collision - WARNING - Коллизия: роботы 3 и 6 в 13.30s, расстояние: 0.477, требуется: 0.500
2025-09-27 14:27:45 - ROBOTY.collision - WARNING - Коллизия: роботы 3 и 6 в 13.40s, расстояние: 0.477, требуется: 0.500
2025-09-27 14:27:45 - ROBOTY.collision - WARNING - Коллизия: роботы 3 и 6 в 13.50s, расстояние: 0.477, требуется: 0.500
2025-09-27 14:27:45 - ROBOTY.collision - WARNING - Коллизия: роботы 3 и 6 в 13.60s, расстояние: 0.477, требуется: 0.500
2025-09-27 14:27:45 - ROBOTY.collision - WARNING - Коллизия: роботы 3 и 6 в 13.70s, расстояние: 0.477, требуется: 0.500
2025-09-27 14:27:45 - ROBOTY.collision - WARNING - Коллизия: роботы 3 и 6 в 13.80s, расстояние: 0.477, требуется: 0.500
2025-09-27 14:27:45 - ROBOTY.collision - WARNING - Коллизия: роботы 3 и 6 в 13.90s, расстояние: 0.477, требуется: 0.500
2025-09-27 14:27:45 - ROBOTY.collision - WARNING - Коллизия: роботы 3 и 6 в 14.00s, расстояние: 0.477, требуется: 0.500
2025-09-27 14:27:45 - ROBOTY.collision - WARNING - Коллизия: роботы 3 и 6 в 14.10s, расстояние: 0.477, требуется: 0.500
2025-09-27 14:27:45 - ROBOTY.collision - WARNING - Коллизия: роботы 3 и 6 в 14.20s, расстояние: 0.477, требуется: 0.500
2025-09-27 14:27:45 - ROBOTY.collision - WARNING - Коллизия: роботы 3 и 6 в 14.30s, расстояние: 0.477, требуется: 0.500
2025-09-27 14:27:45 - ROBOTY.collision - WARNING - Коллизия: роботы 3 и 6 в 14.40s, расстояние: 0.477, требуется: 0.500
2025-09-27 14:27:45 - ROBOTY.collision - WARNING - Коллизия: роботы 3 и 6 в 14.50s, расстояние: 0.477, требуется: 0.500
2025-09-27 14:27:45 - ROBOTY.collision - WARNING - Коллизия: роботы 3 и 6 в 14.60s, расстояние: 0.477, требуется: 0.500
2025-09-27 14:27:45 - ROBOTY.collision - WARNING - Коллизия: роботы 3 и 6 в 14.70s, расстояние: 0.477, требуется: 0.500
2025-09-27 14:27:45 - ROBOTY.collision - WARNING - Коллизия: роботы 3 и 6 в 14.80s, расстояние: 0.477, требуется: 0.500
2025-09-27 14:27:45 - ROBOTY.collision - WARNING - Коллизия: роботы 3 и 6 в 14.90s, расстояние: 0.477, требуется: 0.500
2025-09-27 14:27:45 - ROBOTY.collision - WARNING - Коллизия: роботы 3 и 6 в 15.00s, расстояние: 0.477, требуется: 0.500
2025-09-27 14:27:45 - ROBOTY.collision - WARNING - Коллизия: роботы 3 и 6 в 15.10s, расстояние: 0.477, требуется: 0.500
2025-09-27 14:27:45 - ROBOTY.collision - WARNING - Коллизия: роботы 3 и 6 в 15.20s, расстояние: 0.477, требуется: 0.500
2025-09-27 14:27:45 - ROBOTY.collision - WARNING - Коллизия: роботы 3 и 6 в 15.30s, расстояние: 0.477, требуется: 0.500
2025-09-27 14:27:45 - ROBOTY.collision - WARNING - Коллизия: роботы 3 и 6 в 15.40s, расстояние: 0.477, требуется: 0.500
2025-09-27 14:27:45 - ROBOTY.collision - WARNING - Коллизия: роботы 3 и 6 в 15.50s, расстояние: 0.477, требуется: 0.500
2025-09-27 14:27:45 - ROBOTY.collision - WARNING - Коллизия: роботы 3 и 6 в 15.60s, расстояние: 0.477, требуется: 0.500
2025-09-27 14:27:45 - ROBOTY.collision - WARNING - Коллизия: роботы 3 и 6 в 15.70s, расстояние: 0.477, требуется: 0.500
2025-09-27 14:27:45 - ROBOTY.collision - WARNING - Коллизия: роботы 3 и 6 в 15.80s, расстояние: 0.477, требуется: 0.500
2025-09-27 14:27:45 - ROBOTY.collision - WARNING - Коллизия: роботы 3 и 6 в 15.90s, расстояние: 0.477, требуется: 0.500
2025-09-27 14:27:45 - ROBOTY.collision - WARNING - Коллизия: роботы 3 и 6 в 16.00s, расстояние: 0.477, требуется: 0.500
2025-09-27 14:27:45 - ROBOTY.collision - WARNING - Коллизия: роботы 3 и 6 в 16.10s, расстояние: 0.477, требуется: 0.500
2025-09-27 14:27:45 - ROBOTY.collision - WARNING - Коллизия: роботы 3 и 6 в 16.20s, расстояние: 0.477, требуется: 0.500
2025-09-27 14:27:45 - ROBOTY.collision - WARNING - Коллизия: роботы 3 и 6 в 16.30s, расстояние: 0.477, требуется: 0.500
2025-09-27 14:27:45 - ROBOTY.collision - WARNING - Коллизия: роботы 3 и 6 в 16.40s, расстояние: 0.477, требуется: 0.500
2025-09-27 14:27:45 - ROBOTY.collision - WARNING - Коллизия: роботы 3 и 6 в 16.50s, расстояние: 0.477, требуется: 0.500
2025-09-27 14:27:45 - ROBOTY.collision - WARNING - Коллизия: роботы 3 и 6 в 16.60s, расстояние: 0.477, требуется: 0.500
2025-09-27 14:27:45 - ROBOTY.collision - WARNING - Коллизия: роботы 3 и 6 в 16.70s, расстояние: 0.477, требуется: 0.500
2025-09-27 14:27:45 - ROBOTY.collision - WARNING - Коллизия: роботы 3 и 6 в 16.80s, расстояние: 0.477, требуется: 0.500
2025-09-27 14:27:45 - ROBOTY.collision - WARNING - Коллизия: роботы 3 и 6 в 16.90s, расстояние: 0.477, требуется: 0.500
2025-09-27 14:27:45 - ROBOTY.collision - WARNING - Коллизия: роботы 3 и 6 в 17.00s, расстояние: 0.477, требуется: 0.500
2025-09-27 14:27:45 - ROBOTY.collision - WARNING - Коллизия: роботы 3 и 6 в 17.10s, расстояние: 0.477, требуется: 0.500
2025-09-27 14:27:45 - ROBOTY.collision - WARNING - Коллизия: роботы 3 и 6 в 17.20s, расстояние: 0.477, требуется: 0.500
2025-09-27 14:27:45 - ROBOTY.collision - WARNING - Коллизия: роботы 3 и 6 в 17.30s, расстояние: 0.477, требуется: 0.500
2025-09-27 14:27:45 - ROBOTY.collision - WARNING - Коллизия: роботы 3 и 6 в 17.40s, расстояние: 0.477, требуется: 0.500
2025-09-27 14:27:45 - ROBOTY.collision - WARNING - Коллизия: роботы 6 и 9 в 17.40s, расстояние: 0.380, требуется: 0.500
2025-09-27 14:27:45 - ROBOTY.collision - WARNING - Коллизия: роботы 3 и 6 в 17.50s, расстояние: 0.477, требуется: 0.500
2025-09-27 14:27:45 - ROBOTY.collision - WARNING - Коллизия: роботы 6 и 9 в 17.50s, расстояние: 0.257, требуется: 0.500
2025-09-27 14:27:45 - ROBOTY.collision - WARNING - Коллизия: роботы 3 и 6 в 17.60s, расстояние: 0.477, требуется: 0.500
2025-09-27 14:27:45 - ROBOTY.collision - WARNING - Коллизия: роботы 6 и 9 в 17.60s, расстояние: 0.171, требуется: 0.500
2025-09-27 14:27:45 - ROBOTY.collision - WARNING - Коллизия: роботы 3 и 6 в 17.70s, расстояние: 0.477, требуется: 0.500
2025-09-27 14:27:45 - ROBOTY.collision - WARNING - Коллизия: роботы 3 и 9 в 17.70s, расстояние: 0.435, требуется: 0.500
2025-09-27 14:27:45 - ROBOTY.collision - WARNING - Коллизия: роботы 6 и 9 в 17.70s, расстояние: 0.181, требуется: 0.500
2025-09-27 14:27:45 - ROBOTY.collision - WARNING - Коллизия: роботы 3 и 6 в 17.80s, расстояние: 0.477, требуется: 0.500
2025-09-27 14:27:45 - ROBOTY.collision - WARNING - Коллизия: роботы 3 и 9 в 17.80s, расстояние: 0.336, требуется: 0.500
2025-09-27 14:27:45 - ROBOTY.collision - WARNING - Коллизия: роботы 6 и 9 в 17.80s, расстояние: 0.278, требуется: 0.500
2025-09-27 14:27:45 - ROBOTY.collision - WARNING - Коллизия: роботы 3 и 6 в 17.90s, расстояние: 0.477, требуется: 0.500
2025-09-27 14:27:45 - ROBOTY.collision - WARNING - Коллизия: роботы 3 и 9 в 17.90s, расстояние: 0.280, требуется: 0.500
2025-09-27 14:27:45 - ROBOTY.collision - WARNING - Коллизия: роботы 6 и 9 в 17.90s, расстояние: 0.404, требуется: 0.500
2025-09-27 14:27:45 - ROBOTY.collision - WARNING - Коллизия: роботы 3 и 6 в 18.00s, расстояние: 0.477, требуется: 0.500
2025-09-27 14:27:45 - ROBOTY.collision - WARNING - Коллизия: роботы 3 и 9 в 18.00s, расстояние: 0.290, требуется: 0.500
2025-09-27 14:27:45 - ROBOTY.collision - WARNING - Коллизия: роботы 3 и 6 в 18.10s, расстояние: 0.477, требуется: 0.500
2025-09-27 14:27:45 - ROBOTY.collision - WARNING - Коллизия: роботы 3 и 9 в 18.10s, расстояние: 0.362, требуется: 0.500
2025-09-27 14:27:45 - ROBOTY.collision - WARNING - Коллизия: роботы 3 и 6 в 18.20s, расстояние: 0.477, требуется: 0.500
2025-09-27 14:27:45 - ROBOTY.collision - WARNING - Коллизия: роботы 3 и 9 в 18.20s, расстояние: 0.468, требуется: 0.500
2025-09-27 14:27:45 - ROBOTY.collision - WARNING - Коллизия: роботы 3 и 6 в 18.30s, расстояние: 0.477, требуется: 0.500
2025-09-27 14:27:45 - ROBOTY.collision - WARNING - Коллизия: роботы 3 и 6 в 18.40s, расстояние: 0.477, требуется: 0.500
2025-09-27 14:27:45 - ROBOTY.collision - WARNING - Коллизия: роботы 3 и 6 в 18.50s, расстояние: 0.477, требуется: 0.500
2025-09-27 14:27:45 - ROBOTY.collision - WARNING - Коллизия: роботы 3 и 6 в 18.60s, расстояние: 0.477, требуется: 0.500
2025-09-27 14:27:45 - ROBOTY.collision - WARNING - Коллизия: роботы 1 и 5 в 18.70s, расстояние: 0.452, требуется: 0.500
2025-09-27 14:27:45 - ROBOTY.collision - WARNING - Коллизия: роботы 3 и 6 в 18.70s, расстояние: 0.477, требуется: 0.500
2025-09-27 14:27:45 - ROBOTY.collision - WARNING - Коллизия: роботы 1 и 5 в 18.80s, расстояние: 0.469, требуется: 0.500
2025-09-27 14:27:45 - ROBOTY.collision - WARNING - Коллизия: роботы 3 и 6 в 18.80s, расстояние: 0.477, требуется: 0.500
2025-09-27 14:27:45 - ROBOTY.collision - WARNING - Коллизия: роботы 3 и 6 в 18.90s, расстояние: 0.477, требуется: 0.500
2025-09-27 14:27:45 - ROBOTY.collision - WARNING - Коллизия: роботы 3 и 6 в 19.00s, расстояние: 0.477, требуется: 0.500
2025-09-27 14:27:45 - ROBOTY.collision - WARNING - Коллизия: роботы 3 и 6 в 19.10s, расстояние: 0.477, требуется: 0.500
2025-09-27 14:27:45 - ROBOTY.collision - WARNING - Коллизия: роботы 3 и 6 в 19.20s, расстояние: 0.477, требуется: 0.500
2025-09-27 14:27:45 - ROBOTY.collision - WARNING - Коллизия: роботы 3 и 6 в 19.30s, расстояние: 0.477, требуется: 0.500
2025-09-27 14:27:45 - ROBOTY.collision - WARNING - Коллизия: роботы 3 и 6 в 19.40s, расстояние: 0.477, требуется: 0.500
2025-09-27 14:27:45 - ROBOTY.collision - WARNING - Коллизия: роботы 3 и 6 в 19.50s, расстояние: 0.477, требуется: 0.500
2025-09-27 14:27:45 - ROBOTY.collision - WARNING - Коллизия: роботы 3 и 6 в 19.60s, расстояние: 0.477, требуется: 0.500
2025-09-27 14:27:45 - ROBOTY.collision - WARNING - Коллизия: роботы 3 и 6 в 19.70s, расстояние: 0.477, требуется: 0.500
2025-09-27 14:27:45 - ROBOTY.collision - WARNING - Коллизия: роботы 3 и 6 в 19.80s, расстояние: 0.477, требуется: 0.500
2025-09-27 14:27:45 - ROBOTY.collision - WARNING - Коллизия: роботы 3 и 6 в 19.90s, расстояние: 0.477, требуется: 0.500
2025-09-27 14:27:45 - ROBOTY.collision - WARNING - Коллизия: роботы 3 и 6 в 20.00s, расстояние: 0.477, требуется: 0.500
2025-09-27 14:27:45 - ROBOTY.collision - WARNING - Коллизия: роботы 3 и 6 в 20.10s, расстояние: 0.477, требуется: 0.500
2025-09-27 14:27:45 - ROBOTY.collision - WARNING - Коллизия: роботы 3 и 6 в 20.20s, расстояние: 0.477, требуется: 0.500
2025-09-27 14:27:45 - ROBOTY.collision - WARNING - Коллизия: роботы 3 и 6 в 20.30s, расстояние: 0.477, требуется: 0.500
2025-09-27 14:27:45 - ROBOTY.collision - WARNING - Коллизия: роботы 3 и 6 в 20.40s, расстояние: 0.477, требуется: 0.500
2025-09-27 14:27:45 - ROBOTY.collision - WARNING - Коллизия: роботы 3 и 6 в 20.50s, расстояние: 0.477, требуется: 0.500
2025-09-27 14:27:45 - ROBOTY.collision - WARNING - Коллизия: роботы 3 и 6 в 20.60s, расстояние: 0.477, требуется: 0.500
2025-09-27 14:27:45 - ROBOTY.collision - WARNING - Коллизия: роботы 3 и 6 в 20.70s, расстояние: 0.477, требуется: 0.500
2025-09-27 14:27:45 - ROBOTY.collision - WARNING - Коллизия: роботы 3 и 6 в 20.80s, расстояние: 0.477, требуется: 0.500
2025-09-27 14:27:45 - ROBOTY.collision - WARNING - Коллизия: роботы 3 и 6 в 20.90s, расстояние: 0.477, требуется: 0.500
2025-09-27 14:27:45 - ROBOTY.collision - WARNING - Коллизия: роботы 2 и 7 в 21.00s, расстояние: 0.479, требуется: 0.500
2025-09-27 14:27:45 - ROBOTY.collision - WARNING - Коллизия: роботы 3 и 6 в 21.00s, расстояние: 0.477, требуется: 0.500
2025-09-27 14:27:45 - ROBOTY.collision - WARNING - Коллизия: роботы 2 и 7 в 21.10s, расстояние: 0.479, требуется: 0.500
2025-09-27 14:27:45 - ROBOTY.collision - WARNING - Коллизия: роботы 3 и 6 в 21.10s, расстояние: 0.477, требуется: 0.500
2025-09-27 14:27:45 - ROBOTY.collision - WARNING - Коллизия: роботы 2 и 7 в 21.20s, расстояние: 0.479, требуется: 0.500
2025-09-27 14:27:45 - ROBOTY.collision - WARNING - Коллизия: роботы 3 и 6 в 21.20s, расстояние: 0.477, требуется: 0.500
2025-09-27 14:27:45 - ROBOTY.collision - WARNING - Коллизия: роботы 2 и 7 в 21.30s, расстояние: 0.479, требуется: 0.500
2025-09-27 14:27:45 - ROBOTY.collision - WARNING - Коллизия: роботы 3 и 6 в 21.30s, расстояние: 0.477, требуется: 0.500
2025-09-27 14:27:45 - ROBOTY.collision - WARNING - Коллизия: роботы 2 и 7 в 21.40s, расстояние: 0.479, требуется: 0.500
2025-09-27 14:27:45 - ROBOTY.collision - WARNING - Коллизия: роботы 3 и 6 в 21.40s, расстояние: 0.477, требуется: 0.500
2025-09-27 14:27:45 - ROBOTY.collision - WARNING - Коллизия: роботы 2 и 7 в 21.50s, расстояние: 0.479, требуется: 0.500
2025-09-27 14:27:45 - ROBOTY.collision - WARNING - Коллизия: роботы 3 и 6 в 21.50s, расстояние: 0.477, требуется: 0.500
2025-09-27 14:27:45 - ROBOTY.collision - WARNING - Коллизия: роботы 2 и 7 в 21.60s, расстояние: 0.479, требуется: 0.500
2025-09-27 14:27:45 - ROBOTY.collision - WARNING - Коллизия: роботы 3 и 6 в 21.60s, расстояние: 0.477, требуется: 0.500
2025-09-27 14:27:45 - ROBOTY.collision - WARNING - Коллизия: роботы 2 и 7 в 21.70s, расстояние: 0.479, требуется: 0.500
2025-09-27 14:27:45 - ROBOTY.collision - WARNING - Коллизия: роботы 3 и 6 в 21.70s, расстояние: 0.477, требуется: 0.500
2025-09-27 14:27:45 - ROBOTY.collision - WARNING - Коллизия: роботы 2 и 7 в 21.80s, расстояние: 0.479, требуется: 0.500
2025-09-27 14:27:45 - ROBOTY.collision - WARNING - Коллизия: роботы 3 и 6 в 21.80s, расстояние: 0.477, требуется: 0.500
2025-09-27 14:27:45 - ROBOTY.collision - WARNING - Коллизия: роботы 2 и 7 в 21.90s, расстояние: 0.479, требуется: 0.500
2025-09-27 14:27:45 - ROBOTY.collision - WARNING - Коллизия: роботы 3 и 6 в 21.90s, расстояние: 0.477, требуется: 0.500
2025-09-27 14:27:45 - ROBOTY.collision - WARNING - Коллизия: роботы 2 и 7 в 22.00s, расстояние: 0.479, требуется: 0.500
2025-09-27 14:27:45 - ROBOTY.collision - WARNING - Коллизия: роботы 3 и 6 в 22.00s, расстояние: 0.477, требуется: 0.500
2025-09-27 14:27:45 - ROBOTY.collision - WARNING - Коллизия: роботы 2 и 7 в 22.10s, расстояние: 0.479, требуется: 0.500
2025-09-27 14:27:45 - ROBOTY.collision - WARNING - Коллизия: роботы 3 и 6 в 22.10s, расстояние: 0.477, требуется: 0.500
2025-09-27 14:27:45 - ROBOTY.collision - WARNING - Коллизия: роботы 2 и 7 в 22.20s, расстояние: 0.479, требуется: 0.500
2025-09-27 14:27:45 - ROBOTY.collision - WARNING - Коллизия: роботы 3 и 6 в 22.20s, расстояние: 0.477, требуется: 0.500
2025-09-27 14:27:45 - ROBOTY.collision - WARNING - Коллизия: роботы 2 и 7 в 22.30s, расстояние: 0.479, требуется: 0.500
2025-09-27 14:27:45 - ROBOTY.collision - WARNING - Коллизия: роботы 3 и 6 в 22.30s, расстояние: 0.477, требуется: 0.500
2025-09-27 14:27:45 - ROBOTY.collision - WARNING - Коллизия: роботы 2 и 7 в 22.40s, расстояние: 0.479, требуется: 0.500
2025-09-27 14:27:45 - ROBOTY.collision - WARNING - Коллизия: роботы 3 и 6 в 22.40s, расстояние: 0.477, требуется: 0.500
2025-09-27 14:27:45 - ROBOTY.collision - WARNING - Коллизия: роботы 2 и 7 в 22.50s, расстояние: 0.479, требуется: 0.500
2025-09-27 14:27:45 - ROBOTY.collision - WARNING - Коллизия: роботы 3 и 6 в 22.50s, расстояние: 0.477, требуется: 0.500
2025-09-27 14:27:45 - ROBOTY.collision - WARNING - Коллизия: роботы 2 и 7 в 22.60s, расстояние: 0.479, требуется: 0.500
2025-09-27 14:27:45 - ROBOTY.collision - WARNING - Коллизия: роботы 3 и 6 в 22.60s, расстояние: 0.477, требуется: 0.500
2025-09-27 14:27:45 - ROBOTY.collision - WARNING - Коллизия: роботы 8 и 9 в 22.60s, расстояние: 0.487, требуется: 0.500
2025-09-27 14:27:45 - ROBOTY.collision - WARNING - Коллизия: роботы 2 и 7 в 22.70s, расстояние: 0.479, требуется: 0.500
2025-09-27 14:27:45 - ROBOTY.collision - WARNING - Коллизия: роботы 3 и 6 в 22.70s, расстояние: 0.477, требуется: 0.500
2025-09-27 14:27:45 - ROBOTY.collision - WARNING - Коллизия: роботы 8 и 9 в 22.70s, расстояние: 0.364, требуется: 0.500
2025-09-27 14:27:45 - ROBOTY.collision - WARNING - Коллизия: роботы 2 и 7 в 22.80s, расстояние: 0.479, требуется: 0.500
2025-09-27 14:27:45 - ROBOTY.collision - WARNING - Коллизия: роботы 3 и 6 в 22.80s, расстояние: 0.477, требуется: 0.500
2025-09-27 14:27:45 - ROBOTY.collision - WARNING - Коллизия: роботы 8 и 9 в 22.80s, расстояние: 0.307, требуется: 0.500
2025-09-27 14:27:45 - ROBOTY.collision - WARNING - Коллизия: роботы 2 и 7 в 22.90s, расстояние: 0.479, требуется: 0.500
2025-09-27 14:27:45 - ROBOTY.collision - WARNING - Коллизия: роботы 3 и 6 в 22.90s, расстояние: 0.477, требуется: 0.500
2025-09-27 14:27:45 - ROBOTY.collision - WARNING - Коллизия: роботы 8 и 9 в 22.90s, расстояние: 0.307, требуется: 0.500
2025-09-27 14:27:45 - ROBOTY.collision - WARNING - Коллизия: роботы 2 и 7 в 23.00s, расстояние: 0.479, требуется: 0.500
2025-09-27 14:27:45 - ROBOTY.collision - WARNING - Коллизия: роботы 3 и 6 в 23.00s, расстояние: 0.477, требуется: 0.500
2025-09-27 14:27:45 - ROBOTY.collision - WARNING - Коллизия: роботы 8 и 9 в 23.00s, расстояние: 0.307, требуется: 0.500
2025-09-27 14:27:45 - ROBOTY.collision - WARNING - Коллизия: роботы 2 и 7 в 23.10s, расстояние: 0.479, требуется: 0.500
2025-09-27 14:27:45 - ROBOTY.collision - WARNING - Коллизия: роботы 3 и 6 в 23.10s, расстояние: 0.477, требуется: 0.500
2025-09-27 14:27:45 - ROBOTY.collision - WARNING - Коллизия: роботы 8 и 9 в 23.10s, расстояние: 0.307, требуется: 0.500
2025-09-27 14:27:45 - ROBOTY.collision - WARNING - Коллизия: роботы 2 и 7 в 23.20s, расстояние: 0.479, требуется: 0.500
2025-09-27 14:27:45 - ROBOTY.collision - WARNING - Коллизия: роботы 3 и 6 в 23.20s, расстояние: 0.477, требуется: 0.500
2025-09-27 14:27:45 - ROBOTY.collision - WARNING - Коллизия: роботы 8 и 9 в 23.20s, расстояние: 0.307, требуется: 0.500
2025-09-27 14:27:45 - ROBOTY.collision - WARNING - Коллизия: роботы 2 и 7 в 23.30s, расстояние: 0.479, требуется: 0.500
2025-09-27 14:27:45 - ROBOTY.collision - WARNING - Коллизия: роботы 3 и 6 в 23.30s, расстояние: 0.477, требуется: 0.500
2025-09-27 14:27:45 - ROBOTY.collision - WARNING - Коллизия: роботы 8 и 9 в 23.30s, расстояние: 0.307, требуется: 0.500
2025-09-27 14:27:45 - ROBOTY.collision - WARNING - Коллизия: роботы 2 и 7 в 23.40s, расстояние: 0.479, требуется: 0.500
2025-09-27 14:27:45 - ROBOTY.collision - WARNING - Коллизия: роботы 3 и 6 в 23.40s, расстояние: 0.477, требуется: 0.500
2025-09-27 14:27:45 - ROBOTY.collision - WARNING - Коллизия: роботы 8 и 9 в 23.40s, расстояние: 0.307, требуется: 0.500
2025-09-27 14:27:45 - ROBOTY.collision - WARNING - Коллизия: роботы 2 и 7 в 23.50s, расстояние: 0.479, требуется: 0.500
2025-09-27 14:27:45 - ROBOTY.collision - WARNING - Коллизия: роботы 3 и 6 в 23.50s, расстояние: 0.477, требуется: 0.500
2025-09-27 14:27:45 - ROBOTY.collision - WARNING - Коллизия: роботы 8 и 9 в 23.50s, расстояние: 0.307, требуется: 0.500
2025-09-27 14:27:45 - ROBOTY.collision - WARNING - Коллизия: роботы 2 и 7 в 23.60s, расстояние: 0.479, требуется: 0.500
2025-09-27 14:27:45 - ROBOTY.collision - WARNING - Коллизия: роботы 3 и 6 в 23.60s, расстояние: 0.477, требуется: 0.500
2025-09-27 14:27:45 - ROBOTY.collision - WARNING - Коллизия: роботы 8 и 9 в 23.60s, расстояние: 0.307, требуется: 0.500
2025-09-27 14:27:45 - ROBOTY.collision - WARNING - Коллизия: роботы 2 и 7 в 23.70s, расстояние: 0.479, требуется: 0.500
2025-09-27 14:27:45 - ROBOTY.collision - WARNING - Коллизия: роботы 3 и 6 в 23.70s, расстояние: 0.477, требуется: 0.500
2025-09-27 14:27:45 - ROBOTY.collision - WARNING - Коллизия: роботы 8 и 9 в 23.70s, расстояние: 0.307, требуется: 0.500
2025-09-27 14:27:45 - ROBOTY.collision - WARNING - Коллизия: роботы 2 и 7 в 23.80s, расстояние: 0.479, требуется: 0.500
2025-09-27 14:27:45 - ROBOTY.collision - WARNING - Коллизия: роботы 3 и 6 в 23.80s, расстояние: 0.477, требуется: 0.500
2025-09-27 14:27:45 - ROBOTY.collision - WARNING - Коллизия: роботы 8 и 9 в 23.80s, расстояние: 0.307, требуется: 0.500
2025-09-27 14:27:45 - ROBOTY.collision - WARNING - Коллизия: роботы 2 и 7 в 23.90s, расстояние: 0.479, требуется: 0.500
2025-09-27 14:27:45 - ROBOTY.collision - WARNING - Коллизия: роботы 3 и 6 в 23.90s, расстояние: 0.477, требуется: 0.500
2025-09-27 14:27:45 - ROBOTY.collision - WARNING - Коллизия: роботы 8 и 9 в 23.90s, расстояние: 0.307, требуется: 0.500
2025-09-27 14:27:45 - ROBOTY.collision - WARNING - Коллизия: роботы 2 и 7 в 24.00s, расстояние: 0.479, требуется: 0.500
2025-09-27 14:27:45 - ROBOTY.collision - WARNING - Коллизия: роботы 3 и 6 в 24.00s, расстояние: 0.477, требуется: 0.500
2025-09-27 14:27:45 - ROBOTY.collision - WARNING - Коллизия: роботы 8 и 9 в 24.00s, расстояние: 0.307, требуется: 0.500
2025-09-27 14:27:45 - ROBOTY.collision - WARNING - Коллизия: роботы 2 и 7 в 24.10s, расстояние: 0.479, требуется: 0.500
2025-09-27 14:27:45 - ROBOTY.collision - WARNING - Коллизия: роботы 3 и 6 в 24.10s, расстояние: 0.477, требуется: 0.500
2025-09-27 14:27:45 - ROBOTY.collision - WARNING - Коллизия: роботы 8 и 9 в 24.10s, расстояние: 0.307, требуется: 0.500
2025-09-27 14:27:45 - ROBOTY.collision - WARNING - Коллизия: роботы 2 и 7 в 24.20s, расстояние: 0.479, требуется: 0.500
2025-09-27 14:27:45 - ROBOTY.collision - WARNING - Коллизия: роботы 3 и 6 в 24.20s, расстояние: 0.477, требуется: 0.500
2025-09-27 14:27:45 - ROBOTY.collision - WARNING - Коллизия: роботы 8 и 9 в 24.20s, расстояние: 0.307, требуется: 0.500
2025-09-27 14:27:45 - ROBOTY.collision - WARNING - Коллизия: роботы 2 и 7 в 24.30s, расстояние: 0.479, требуется: 0.500
2025-09-27 14:27:45 - ROBOTY.collision - WARNING - Коллизия: роботы 8 и 9 в 24.30s, расстояние: 0.307, требуется: 0.500
2025-09-27 14:27:45 - ROBOTY.collision - WARNING - Коллизия: роботы 2 и 7 в 24.40s, расстояние: 0.479, требуется: 0.500
2025-09-27 14:27:45 - ROBOTY.collision - WARNING - Коллизия: роботы 8 и 9 в 24.40s, расстояние: 0.307, требуется: 0.500
2025-09-27 14:27:45 - ROBOTY.collision - WARNING - Коллизия: роботы 2 и 7 в 24.50s, расстояние: 0.479, требуется: 0.500
2025-09-27 14:27:45 - ROBOTY.collision - WARNING - Коллизия: роботы 8 и 9 в 24.50s, расстояние: 0.307, требуется: 0.500
2025-09-27 14:27:45 - ROBOTY.collision - WARNING - Коллизия: роботы 2 и 7 в 24.60s, расстояние: 0.479, требуется: 0.500
2025-09-27 14:27:45 - ROBOTY.collision - WARNING - Коллизия: роботы 8 и 9 в 24.60s, расстояние: 0.307, требуется: 0.500
2025-09-27 14:27:45 - ROBOTY.collision - WARNING - Коллизия: роботы 2 и 7 в 24.70s, расстояние: 0.423, требуется: 0.500
2025-09-27 14:27:45 - ROBOTY.collision - WARNING - Коллизия: роботы 8 и 9 в 24.70s, расстояние: 0.307, требуется: 0.500
2025-09-27 14:27:45 - ROBOTY.collision - WARNING - Коллизия: роботы 2 и 7 в 24.80s, расстояние: 0.444, требуется: 0.500
2025-09-27 14:27:45 - ROBOTY.collision - WARNING - Коллизия: роботы 8 и 9 в 24.80s, расстояние: 0.307, требуется: 0.500
2025-09-27 14:27:45 - ROBOTY.collision - WARNING - Коллизия: роботы 8 и 9 в 24.90s, расстояние: 0.307, требуется: 0.500
2025-09-27 14:27:45 - ROBOTY.collision - WARNING - Коллизия: роботы 8 и 9 в 25.00s, расстояние: 0.307, требуется: 0.500
2025-09-27 14:27:45 - ROBOTY.collision - WARNING - Коллизия: роботы 8 и 9 в 25.10s, расстояние: 0.307, требуется: 0.500
2025-09-27 14:27:45 - ROBOTY.collision - WARNING - Коллизия: роботы 8 и 9 в 25.20s, расстояние: 0.307, требуется: 0.500
2025-09-27 14:27:45 - ROBOTY.collision - WARNING - Коллизия: роботы 8 и 9 в 25.30s, расстояние: 0.307, требуется: 0.500
2025-09-27 14:27:45 - ROBOTY.collision - WARNING - Коллизия: роботы 8 и 9 в 25.40s, расстояние: 0.307, требуется: 0.500
2025-09-27 14:27:45 - ROBOTY.collision - WARNING - Коллизия: роботы 8 и 9 в 25.50s, расстояние: 0.307, требуется: 0.500
2025-09-27 14:27:45 - ROBOTY.collision - WARNING - Коллизия: роботы 8 и 9 в 25.60s, расстояние: 0.307, требуется: 0.500
2025-09-27 14:27:45 - ROBOTY.collision - WARNING - Коллизия: роботы 8 и 9 в 25.70s, расстояние: 0.307, требуется: 0.500
2025-09-27 14:27:45 - ROBOTY.collision - WARNING - Коллизия: роботы 8 и 9 в 25.80s, расстояние: 0.307, требуется: 0.500
2025-09-27 14:27:45 - ROBOTY.collision - WARNING - Коллизия: роботы 8 и 9 в 25.90s, расстояние: 0.307, требуется: 0.500
2025-09-27 14:27:45 - ROBOTY.collision - WARNING - Коллизия: роботы 8 и 9 в 26.00s, расстояние: 0.307, требуется: 0.500
2025-09-27 14:27:45 - ROBOTY.collision - WARNING - Коллизия: роботы 8 и 9 в 26.10s, расстояние: 0.307, требуется: 0.500
2025-09-27 14:27:45 - ROBOTY.collision - WARNING - Коллизия: роботы 8 и 9 в 26.20s, расстояние: 0.307, требуется: 0.500
2025-09-27 14:27:45 - ROBOTY.collision - WARNING - Коллизия: роботы 8 и 9 в 26.30s, расстояние: 0.307, требуется: 0.500
2025-09-27 14:27:45 - ROBOTY.collision - WARNING - Коллизия: роботы 8 и 9 в 26.40s, расстояние: 0.307, требуется: 0.500
2025-09-27 14:27:45 - ROBOTY.collision - WARNING - Коллизия: роботы 8 и 9 в 26.50s, расстояние: 0.307, требуется: 0.500
2025-09-27 14:27:45 - ROBOTY.collision - WARNING - Коллизия: роботы 8 и 9 в 26.60s, расстояние: 0.307, требуется: 0.500
2025-09-27 14:27:45 - ROBOTY.collision - WARNING - Коллизия: роботы 8 и 9 в 26.70s, расстояние: 0.307, требуется: 0.500
2025-09-27 14:27:45 - ROBOTY.collision - WARNING - Коллизия: роботы 8 и 9 в 26.80s, расстояние: 0.307, требуется: 0.500
2025-09-27 14:27:45 - ROBOTY.collision - WARNING - Коллизия: роботы 8 и 9 в 26.90s, расстояние: 0.307, требуется: 0.500
2025-09-27 14:27:45 - ROBOTY.collision - WARNING - Коллизия: роботы 8 и 9 в 27.00s, расстояние: 0.307, требуется: 0.500
2025-09-27 14:27:45 - ROBOTY.collision - WARNING - Коллизия: роботы 8 и 9 в 27.10s, расстояние: 0.307, требуется: 0.500
2025-09-27 14:27:45 - ROBOTY.collision - WARNING - Коллизия: роботы 8 и 9 в 27.20s, расстояние: 0.307, требуется: 0.500
2025-09-27 14:27:45 - ROBOTY.collision - WARNING - Коллизия: роботы 8 и 9 в 27.30s, расстояние: 0.307, требуется: 0.500
2025-09-27 14:27:45 - ROBOTY.collision - WARNING - Коллизия: роботы 8 и 9 в 27.40s, расстояние: 0.307, требуется: 0.500
2025-09-27 14:27:45 - ROBOTY.collision - WARNING - Коллизия: роботы 8 и 9 в 27.50s, расстояние: 0.307, требуется: 0.500
2025-09-27 14:27:45 - ROBOTY.collision - WARNING - Коллизия: роботы 8 и 9 в 27.60s, расстояние: 0.307, требуется: 0.500
2025-09-27 14:27:45 - ROBOTY.collision - WARNING - Коллизия: роботы 8 и 9 в 27.70s, расстояние: 0.307, требуется: 0.500
2025-09-27 14:27:45 - ROBOTY.collision - WARNING - Коллизия: роботы 8 и 9 в 27.80s, расстояние: 0.307, требуется: 0.500
2025-09-27 14:27:45 - ROBOTY.collision - WARNING - Коллизия: роботы 8 и 9 в 27.90s, расстояние: 0.307, требуется: 0.500
2025-09-27 14:27:45 - ROBOTY.collision - WARNING - Коллизия: роботы 8 и 9 в 28.00s, расстояние: 0.307, требуется: 0.500
2025-09-27 14:27:45 - ROBOTY.collision - WARNING - Коллизия: роботы 8 и 9 в 28.10s, расстояние: 0.307, требуется: 0.500
2025-09-27 14:27:45 - ROBOTY.collision - WARNING - Коллизия: роботы 8 и 9 в 28.20s, расстояние: 0.307, требуется: 0.500
2025-09-27 14:27:45 - ROBOTY.collision - WARNING - Коллизия: роботы 8 и 9 в 28.30s, расстояние: 0.307, требуется: 0.500
2025-09-27 14:27:45 - ROBOTY.collision - WARNING - Коллизия: роботы 8 и 9 в 28.40s, расстояние: 0.307, требуется: 0.500
2025-09-27 14:27:45 - ROBOTY.collision - WARNING - Коллизия: роботы 8 и 9 в 28.50s, расстояние: 0.307, требуется: 0.500
2025-09-27 14:27:45 - ROBOTY.collision - WARNING - Коллизия: роботы 8 и 9 в 28.60s, расстояние: 0.297, требуется: 0.500
2025-09-27 14:27:45 - ROBOTY.collision - WARNING - Коллизия: роботы 8 и 9 в 28.70s, расстояние: 0.288, требуется: 0.500
2025-09-27 14:27:45 - ROBOTY.collision - WARNING - Коллизия: роботы 8 и 9 в 28.80s, расстояние: 0.288, требуется: 0.500
2025-09-27 14:27:45 - ROBOTY.collision - WARNING - Коллизия: роботы 8 и 9 в 28.90s, расстояние: 0.288, требуется: 0.500
2025-09-27 14:27:45 - ROBOTY.collision - WARNING - Коллизия: роботы 8 и 9 в 29.00s, расстояние: 0.288, требуется: 0.500
2025-09-27 14:27:45 - ROBOTY.collision - WARNING - Коллизия: роботы 8 и 9 в 29.10s, расстояние: 0.288, требуется: 0.500
2025-09-27 14:27:45 - ROBOTY.collision - WARNING - Коллизия: роботы 8 и 9 в 29.20s, расстояние: 0.288, требуется: 0.500
2025-09-27 14:27:45 - ROBOTY.collision - WARNING - Коллизия: роботы 8 и 9 в 29.30s, расстояние: 0.288, требуется: 0.500
2025-09-27 14:27:45 - ROBOTY.collision - WARNING - Коллизия: роботы 8 и 9 в 29.40s, расстояние: 0.288, требуется: 0.500
2025-09-27 14:27:45 - ROBOTY.collision - WARNING - Коллизия: роботы 8 и 9 в 29.50s, расстояние: 0.288, требуется: 0.500
2025-09-27 14:27:45 - ROBOTY.collision - WARNING - Коллизия: роботы 8 и 9 в 29.60s, расстояние: 0.288, требуется: 0.500
2025-09-27 14:27:45 - ROBOTY.collision - WARNING - Коллизия: роботы 8 и 9 в 29.70s, расстояние: 0.288, требуется: 0.500
2025-09-27 14:27:45 - ROBOTY.collision - WARNING - Коллизия: роботы 8 и 9 в 29.80s, расстояние: 0.288, требуется: 0.500
2025-09-27 14:27:45 - ROBOTY.collision - WARNING - Коллизия: роботы 8 и 9 в 29.90s, расстояние: 0.283, требуется: 0.500
2025-09-27 14:27:45 - ROBOTY.collision - WARNING - Коллизия: роботы 8 и 9 в 30.00s, расстояние: 0.264, требуется: 0.500
2025-09-27 14:27:45 - ROBOTY.collision - WARNING - Коллизия: роботы 8 и 9 в 30.10s, расстояние: 0.251, требуется: 0.500
2025-09-27 14:27:45 - ROBOTY.collision - WARNING - Коллизия: роботы 8 и 9 в 30.20s, расстояние: 0.244, требуется: 0.500
2025-09-27 14:27:45 - ROBOTY.collision - WARNING - Коллизия: роботы 8 и 9 в 30.30s, расстояние: 0.245, требуется: 0.500
2025-09-27 14:27:45 - ROBOTY.collision - WARNING - Коллизия: роботы 8 и 9 в 30.40s, расстояние: 0.287, требуется: 0.500
2025-09-27 14:27:45 - ROBOTY.collision - WARNING - Коллизия: роботы 8 и 9 в 30.50s, расстояние: 0.366, требуется: 0.500
2025-09-27 14:27:45 - ROBOTY.collision - WARNING - Коллизия: роботы 8 и 9 в 30.60s, расстояние: 0.462, требуется: 0.500
2025-09-27 14:27:45 - ROBOTY.collision - WARNING - Коллизия: роботы 4 и 6 в 40.60s, расстояние: 0.445, требуется: 0.500
2025-09-27 14:27:45 - ROBOTY.collision - WARNING - Коллизия: роботы 4 и 6 в 40.70s, расстояние: 0.343, требуется: 0.500
2025-09-27 14:27:45 - ROBOTY.collision - WARNING - Коллизия: роботы 4 и 6 в 40.80s, расстояние: 0.255, требуется: 0.500
2025-09-27 14:27:45 - ROBOTY.collision - WARNING - Коллизия: роботы 4 и 6 в 40.90s, расстояние: 0.204, требуется: 0.500
2025-09-27 14:27:45 - ROBOTY.collision - WARNING - Коллизия: роботы 4 и 6 в 41.00s, расстояние: 0.217, требуется: 0.500
2025-09-27 14:27:45 - ROBOTY.collision - WARNING - Коллизия: роботы 4 и 6 в 41.10s, расстояние: 0.285, требуется: 0.500
2025-09-27 14:27:45 - ROBOTY.collision - WARNING - Коллизия: роботы 4 и 6 в 41.20s, расстояние: 0.380, требуется: 0.500
2025-09-27 14:27:45 - ROBOTY.collision - WARNING - Коллизия: роботы 4 и 6 в 41.30s, расстояние: 0.486, требуется: 0.500
2025-09-27 14:27:45 - ROBOTY.collision - ERROR - Обнаружено 310 коллизий
2025-09-27 14:27:45 - ROBOTY.main - WARNING - Коллизии сохраняются после вставки пауз
2025-09-27 14:27:45 - ROBOTY.main - INFO - Открытие визуализатора
2025-09-27 14:27:45 - ROBOTY.main - INFO - Визуализация успешно завершена
2025-09-27 14:27:45 - ROBOTY.visualizer - INFO - Запуск визуализации типа: 3d_anim
2025-09-27 14:27:45 - ROBOTY.visualizer - ERROR - Ошибка при создании визуализации: Неизвестный тип визуализации: 3d_anim
2025-09-27 14:27:45 - ROBOTY.main - ERROR - ❌ Ошибка визуализации: Неизвестный тип визуализации: 3d_anim
