2025-09-27 13:55:25 - ROBOTY.main - INFO - Запуск приложения ROBOTY
2025-09-27 13:55:25 - ROBOTY.main - INFO - Применена тема: dark
2025-09-27 13:55:25 - ROBOTY.main - INFO - Интерфейс инициализирован
2025-09-27 13:55:25 - ROBOTY.main - INFO - Приложение успешно запущено
2025-09-27 13:55:31 - ROBOTY.main - INFO - Создан входной файл: C:\Users\22200490\.cursor\ROBOTY-main\data\input_20250927_135527.json
2025-09-27 13:55:31 - ROBOTY.parser - INFO - Начинаем загрузку файла: C:\Users\22200490\.cursor\ROBOTY-main\data\input_20250927_135527.json
2025-09-27 13:55:31 - ROBOTY.parser - INFO - Файл C:\Users\22200490\.cursor\ROBOTY-main\data\input_20250927_135527.json успешно загружен
2025-09-27 13:55:31 - ROBOTY.parser - DEBUG - Робот 1 успешно загружен
2025-09-27 13:55:31 - ROBOTY.parser - DEBUG - Робот 2 успешно загружен
2025-09-27 13:55:31 - ROBOTY.parser - DEBUG - Робот 3 успешно загружен
2025-09-27 13:55:31 - ROBOTY.parser - DEBUG - Робот 4 успешно загружен
2025-09-27 13:55:31 - ROBOTY.parser - DEBUG - Робот 5 успешно загружен
2025-09-27 13:55:31 - ROBOTY.parser - DEBUG - Робот 6 успешно загружен
2025-09-27 13:55:31 - ROBOTY.parser - DEBUG - Робот 7 успешно загружен
2025-09-27 13:55:31 - ROBOTY.parser - DEBUG - Робот 8 успешно загружен
2025-09-27 13:55:31 - ROBOTY.parser - DEBUG - Робот 9 успешно загружен
2025-09-27 13:55:31 - ROBOTY.parser - DEBUG - Робот 10 успешно загружен
2025-09-27 13:55:31 - ROBOTY.parser - DEBUG - Операция 1 успешно загружена
2025-09-27 13:55:31 - ROBOTY.parser - DEBUG - Операция 2 успешно загружена
2025-09-27 13:55:31 - ROBOTY.parser - DEBUG - Операция 3 успешно загружена
2025-09-27 13:55:31 - ROBOTY.parser - DEBUG - Операция 4 успешно загружена
2025-09-27 13:55:31 - ROBOTY.parser - DEBUG - Операция 5 успешно загружена
2025-09-27 13:55:31 - ROBOTY.parser - DEBUG - Операция 6 успешно загружена
2025-09-27 13:55:31 - ROBOTY.parser - DEBUG - Операция 7 успешно загружена
2025-09-27 13:55:31 - ROBOTY.parser - DEBUG - Операция 8 успешно загружена
2025-09-27 13:55:31 - ROBOTY.parser - DEBUG - Операция 9 успешно загружена
2025-09-27 13:55:31 - ROBOTY.parser - DEBUG - Операция 10 успешно загружена
2025-09-27 13:55:31 - ROBOTY.parser - DEBUG - Операция 11 успешно загружена
2025-09-27 13:55:31 - ROBOTY.parser - DEBUG - Операция 12 успешно загружена
2025-09-27 13:55:31 - ROBOTY.parser - DEBUG - Операция 13 успешно загружена
2025-09-27 13:55:31 - ROBOTY.parser - DEBUG - Операция 14 успешно загружена
2025-09-27 13:55:31 - ROBOTY.parser - DEBUG - Операция 15 успешно загружена
2025-09-27 13:55:31 - ROBOTY.parser - DEBUG - Операция 16 успешно загружена
2025-09-27 13:55:31 - ROBOTY.parser - DEBUG - Операция 17 успешно загружена
2025-09-27 13:55:31 - ROBOTY.parser - DEBUG - Операция 18 успешно загружена
2025-09-27 13:55:31 - ROBOTY.parser - DEBUG - Операция 19 успешно загружена
2025-09-27 13:55:31 - ROBOTY.parser - DEBUG - Операция 20 успешно загружена
2025-09-27 13:55:31 - ROBOTY.parser - DEBUG - Операция 21 успешно загружена
2025-09-27 13:55:31 - ROBOTY.parser - DEBUG - Операция 22 успешно загружена
2025-09-27 13:55:31 - ROBOTY.parser - DEBUG - Операция 23 успешно загружена
2025-09-27 13:55:31 - ROBOTY.parser - DEBUG - Операция 24 успешно загружена
2025-09-27 13:55:31 - ROBOTY.parser - DEBUG - Операция 25 успешно загружена
2025-09-27 13:55:31 - ROBOTY.parser - DEBUG - Операция 26 успешно загружена
2025-09-27 13:55:31 - ROBOTY.parser - DEBUG - Операция 27 успешно загружена
2025-09-27 13:55:31 - ROBOTY.parser - DEBUG - Операция 28 успешно загружена
2025-09-27 13:55:31 - ROBOTY.parser - DEBUG - Операция 29 успешно загружена
2025-09-27 13:55:31 - ROBOTY.parser - DEBUG - Операция 30 успешно загружена
2025-09-27 13:55:31 - ROBOTY.parser - INFO - Загружено 10 роботов и 30 операций
2025-09-27 13:55:38 - ROBOTY.main - INFO - Запуск планировщика
2025-09-27 13:55:38 - ROBOTY.planner - INFO - Запуск планировщика траекторий
2025-09-27 13:55:38 - ROBOTY.assigner - INFO - Начинаем назначение операций методом: balanced
2025-09-27 13:55:38 - ROBOTY.assigner - DEBUG - Операция 0 назначена роботу 6 (нагрузка: 5.68)
2025-09-27 13:55:38 - ROBOTY.assigner - DEBUG - Операция 1 назначена роботу 3 (нагрузка: 5.33)
2025-09-27 13:55:38 - ROBOTY.assigner - DEBUG - Операция 2 назначена роботу 1 (нагрузка: 7.83)
2025-09-27 13:55:38 - ROBOTY.assigner - DEBUG - Операция 3 назначена роботу 9 (нагрузка: 6.88)
2025-09-27 13:55:38 - ROBOTY.assigner - DEBUG - Операция 4 назначена роботу 0 (нагрузка: 3.93)
2025-09-27 13:55:38 - ROBOTY.assigner - DEBUG - Операция 5 назначена роботу 8 (нагрузка: 3.81)
2025-09-27 13:55:38 - ROBOTY.assigner - DEBUG - Операция 6 назначена роботу 2 (нагрузка: 7.51)
2025-09-27 13:55:38 - ROBOTY.assigner - DEBUG - Операция 7 назначена роботу 5 (нагрузка: 9.38)
2025-09-27 13:55:38 - ROBOTY.assigner - DEBUG - Операция 8 назначена роботу 7 (нагрузка: 10.51)
2025-09-27 13:55:38 - ROBOTY.assigner - DEBUG - Операция 9 назначена роботу 3 (нагрузка: 13.41)
2025-09-27 13:55:38 - ROBOTY.assigner - DEBUG - Операция 10 назначена роботу 4 (нагрузка: 10.91)
2025-09-27 13:55:38 - ROBOTY.assigner - DEBUG - Операция 11 назначена роботу 6 (нагрузка: 13.90)
2025-09-27 13:55:38 - ROBOTY.assigner - DEBUG - Операция 12 назначена роботу 8 (нагрузка: 11.32)
2025-09-27 13:55:38 - ROBOTY.assigner - DEBUG - Операция 13 назначена роботу 9 (нагрузка: 10.40)
2025-09-27 13:55:38 - ROBOTY.assigner - DEBUG - Операция 14 назначена роботу 0 (нагрузка: 12.64)
2025-09-27 13:55:38 - ROBOTY.assigner - DEBUG - Операция 15 назначена роботу 1 (нагрузка: 19.99)
2025-09-27 13:55:38 - ROBOTY.assigner - DEBUG - Операция 16 назначена роботу 9 (нагрузка: 17.62)
2025-09-27 13:55:38 - ROBOTY.assigner - DEBUG - Операция 17 назначена роботу 2 (нагрузка: 18.54)
2025-09-27 13:55:38 - ROBOTY.assigner - DEBUG - Операция 18 назначена роботу 8 (нагрузка: 17.95)
2025-09-27 13:55:38 - ROBOTY.assigner - DEBUG - Операция 19 назначена роботу 3 (нагрузка: 17.67)
2025-09-27 13:55:38 - ROBOTY.assigner - DEBUG - Операция 20 назначена роботу 0 (нагрузка: 22.09)
2025-09-27 13:55:38 - ROBOTY.assigner - DEBUG - Операция 21 назначена роботу 5 (нагрузка: 20.94)
2025-09-27 13:55:38 - ROBOTY.assigner - DEBUG - Операция 22 назначена роботу 6 (нагрузка: 21.30)
2025-09-27 13:55:38 - ROBOTY.assigner - DEBUG - Операция 23 назначена роботу 3 (нагрузка: 25.83)
2025-09-27 13:55:38 - ROBOTY.assigner - DEBUG - Операция 24 назначена роботу 7 (нагрузка: 20.39)
2025-09-27 13:55:38 - ROBOTY.assigner - DEBUG - Операция 25 назначена роботу 4 (нагрузка: 22.65)
2025-09-27 13:55:38 - ROBOTY.assigner - DEBUG - Операция 26 назначена роботу 1 (нагрузка: 24.79)
2025-09-27 13:55:38 - ROBOTY.assigner - DEBUG - Операция 27 назначена роботу 9 (нагрузка: 28.89)
2025-09-27 13:55:38 - ROBOTY.assigner - DEBUG - Операция 28 назначена роботу 8 (нагрузка: 27.93)
2025-09-27 13:55:38 - ROBOTY.assigner - DEBUG - Операция 29 назначена роботу 2 (нагрузка: 29.62)
2025-09-27 13:55:38 - ROBOTY.assigner - INFO - Распределено 30 операций с балансировкой нагрузки
2025-09-27 13:55:38 - ROBOTY.assigner - INFO - Итоговые нагрузки роботов: ['22.09', '24.79', '29.62', '25.83', '22.65', '20.94', '21.30', '20.39', '27.93', '28.89']
2025-09-27 13:55:38 - ROBOTY.assigner - INFO - Робот 0: 3 операций, нагрузка 22.09
2025-09-27 13:55:38 - ROBOTY.assigner - INFO - Робот 1: 3 операций, нагрузка 24.79
2025-09-27 13:55:38 - ROBOTY.assigner - INFO - Робот 2: 3 операций, нагрузка 29.62
2025-09-27 13:55:38 - ROBOTY.assigner - INFO - Робот 3: 4 операций, нагрузка 25.83
2025-09-27 13:55:38 - ROBOTY.assigner - INFO - Робот 4: 2 операций, нагрузка 22.65
2025-09-27 13:55:38 - ROBOTY.assigner - INFO - Робот 5: 2 операций, нагрузка 20.94
2025-09-27 13:55:38 - ROBOTY.assigner - INFO - Робот 6: 3 операций, нагрузка 21.30
2025-09-27 13:55:38 - ROBOTY.assigner - INFO - Робот 7: 2 операций, нагрузка 20.39
2025-09-27 13:55:38 - ROBOTY.assigner - INFO - Робот 8: 4 операций, нагрузка 27.93
2025-09-27 13:55:38 - ROBOTY.assigner - INFO - Робот 9: 4 операций, нагрузка 28.89
2025-09-27 13:55:38 - ROBOTY.planner - INFO - Операции назначены методом: balanced
2025-09-27 13:55:38 - ROBOTY.planner - INFO - Планирование траектории для робота 1 (ID: 1) с 3 операциями
2025-09-27 13:55:38 - ROBOTY.planner - DEBUG - Планирование траектории для робота с 3 операциями
2025-09-27 13:55:38 - ROBOTY.planner - DEBUG - Операция 1 запланирована, время завершения: 5.89
2025-09-27 13:55:38 - ROBOTY.planner - DEBUG - Операция 2 запланирована, время завершения: 16.34
2025-09-27 13:55:38 - ROBOTY.planner - DEBUG - Операция 3 запланирована, время завершения: 30.60
2025-09-27 13:55:38 - ROBOTY.planner - INFO - Траектория робота запланирована, общее время: 30.60
2025-09-27 13:55:38 - ROBOTY.planner - INFO - Робот 1: траектория содержит 72 точек
2025-09-27 13:55:38 - ROBOTY.planner - INFO - Планирование траектории для робота 2 (ID: 2) с 3 операциями
2025-09-27 13:55:38 - ROBOTY.planner - DEBUG - Планирование траектории для робота с 3 операциями
2025-09-27 13:55:38 - ROBOTY.planner - DEBUG - Операция 1 запланирована, время завершения: 10.02
2025-09-27 13:55:38 - ROBOTY.planner - DEBUG - Операция 2 запланирована, время завершения: 20.59
2025-09-27 13:55:38 - ROBOTY.planner - DEBUG - Операция 3 запланирована, время завершения: 28.12
2025-09-27 13:55:38 - ROBOTY.planner - INFO - Траектория робота запланирована, общее время: 28.12
2025-09-27 13:55:38 - ROBOTY.planner - INFO - Робот 2: траектория содержит 72 точек
2025-09-27 13:55:38 - ROBOTY.planner - INFO - Планирование траектории для робота 3 (ID: 3) с 3 операциями
2025-09-27 13:55:38 - ROBOTY.planner - DEBUG - Планирование траектории для робота с 3 операциями
2025-09-27 13:55:38 - ROBOTY.planner - DEBUG - Операция 1 запланирована, время завершения: 9.39
2025-09-27 13:55:38 - ROBOTY.planner - DEBUG - Операция 2 запланирована, время завершения: 20.42
2025-09-27 13:55:38 - ROBOTY.planner - DEBUG - Операция 3 запланирована, время завершения: 34.13
2025-09-27 13:55:38 - ROBOTY.planner - INFO - Траектория робота запланирована, общее время: 34.13
2025-09-27 13:55:38 - ROBOTY.planner - INFO - Робот 3: траектория содержит 72 точек
2025-09-27 13:55:38 - ROBOTY.planner - INFO - Планирование траектории для робота 4 (ID: 4) с 4 операциями
2025-09-27 13:55:38 - ROBOTY.planner - DEBUG - Планирование траектории для робота с 4 операциями
2025-09-27 13:55:38 - ROBOTY.planner - DEBUG - Операция 1 запланирована, время завершения: 7.57
2025-09-27 13:55:38 - ROBOTY.planner - DEBUG - Операция 2 запланирована, время завершения: 18.40
2025-09-27 13:55:38 - ROBOTY.planner - DEBUG - Операция 3 запланирована, время завершения: 28.48
2025-09-27 13:55:38 - ROBOTY.planner - DEBUG - Операция 4 запланирована, время завершения: 38.24
2025-09-27 13:55:38 - ROBOTY.planner - INFO - Траектория робота запланирована, общее время: 38.24
2025-09-27 13:55:38 - ROBOTY.planner - INFO - Робот 4: траектория содержит 96 точек
2025-09-27 13:55:38 - ROBOTY.planner - INFO - Планирование траектории для робота 5 (ID: 5) с 2 операциями
2025-09-27 13:55:38 - ROBOTY.planner - DEBUG - Планирование траектории для робота с 2 операциями
2025-09-27 13:55:38 - ROBOTY.planner - DEBUG - Операция 1 запланирована, время завершения: 12.34
2025-09-27 13:55:38 - ROBOTY.planner - DEBUG - Операция 2 запланирована, время завершения: 25.37
2025-09-27 13:55:38 - ROBOTY.planner - INFO - Траектория робота запланирована, общее время: 25.37
2025-09-27 13:55:38 - ROBOTY.planner - INFO - Робот 5: траектория содержит 48 точек
2025-09-27 13:55:38 - ROBOTY.planner - INFO - Планирование траектории для робота 6 (ID: 6) с 2 операциями
2025-09-27 13:55:38 - ROBOTY.planner - DEBUG - Планирование траектории для робота с 2 операциями
2025-09-27 13:55:38 - ROBOTY.planner - DEBUG - Операция 1 запланирована, время завершения: 11.25
2025-09-27 13:55:38 - ROBOTY.planner - DEBUG - Операция 2 запланирована, время завершения: 21.30
2025-09-27 13:55:38 - ROBOTY.planner - INFO - Траектория робота запланирована, общее время: 21.30
2025-09-27 13:55:38 - ROBOTY.planner - INFO - Робот 6: траектория содержит 48 точек
2025-09-27 13:55:38 - ROBOTY.planner - INFO - Планирование траектории для робота 7 (ID: 7) с 3 операциями
2025-09-27 13:55:38 - ROBOTY.planner - DEBUG - Планирование траектории для робота с 3 операциями
2025-09-27 13:55:38 - ROBOTY.planner - DEBUG - Операция 1 запланирована, время завершения: 7.65
2025-09-27 13:55:38 - ROBOTY.planner - DEBUG - Операция 2 запланирована, время завершения: 15.69
2025-09-27 13:55:38 - ROBOTY.planner - DEBUG - Операция 3 запланирована, время завершения: 23.72
2025-09-27 13:55:38 - ROBOTY.planner - INFO - Траектория робота запланирована, общее время: 23.72
2025-09-27 13:55:38 - ROBOTY.planner - INFO - Робот 7: траектория содержит 72 точек
2025-09-27 13:55:38 - ROBOTY.planner - INFO - Планирование траектории для робота 8 (ID: 8) с 2 операциями
2025-09-27 13:55:38 - ROBOTY.planner - DEBUG - Планирование траектории для робота с 2 операциями
2025-09-27 13:55:38 - ROBOTY.planner - DEBUG - Операция 1 запланирована, время завершения: 12.55
2025-09-27 13:55:38 - ROBOTY.planner - DEBUG - Операция 2 запланирована, время завершения: 26.60
2025-09-27 13:55:38 - ROBOTY.planner - INFO - Траектория робота запланирована, общее время: 26.60
2025-09-27 13:55:38 - ROBOTY.planner - INFO - Робот 8: траектория содержит 48 точек
2025-09-27 13:55:38 - ROBOTY.planner - INFO - Планирование траектории для робота 9 (ID: 9) с 4 операциями
2025-09-27 13:55:38 - ROBOTY.planner - DEBUG - Планирование траектории для робота с 4 операциями
2025-09-27 13:55:38 - ROBOTY.planner - DEBUG - Операция 1 запланирована, время завершения: 5.95
2025-09-27 13:55:38 - ROBOTY.planner - DEBUG - Операция 2 запланирована, время завершения: 14.51
2025-09-27 13:55:38 - ROBOTY.planner - DEBUG - Операция 3 запланирована, время завершения: 25.23
2025-09-27 13:55:38 - ROBOTY.planner - DEBUG - Операция 4 запланирована, время завершения: 37.37
2025-09-27 13:55:38 - ROBOTY.planner - INFO - Траектория робота запланирована, общее время: 37.37
2025-09-27 13:55:38 - ROBOTY.planner - INFO - Робот 9: траектория содержит 96 точек
2025-09-27 13:55:38 - ROBOTY.planner - INFO - Планирование траектории для робота 10 (ID: 10) с 4 операциями
2025-09-27 13:55:38 - ROBOTY.planner - DEBUG - Планирование траектории для робота с 4 операциями
2025-09-27 13:55:38 - ROBOTY.planner - DEBUG - Операция 1 запланирована, время завершения: 8.35
2025-09-27 13:55:38 - ROBOTY.planner - DEBUG - Операция 2 запланирована, время завершения: 16.75
2025-09-27 13:55:38 - ROBOTY.planner - DEBUG - Операция 3 запланирована, время завершения: 25.22
2025-09-27 13:55:38 - ROBOTY.planner - DEBUG - Операция 4 запланирована, время завершения: 36.89
2025-09-27 13:55:38 - ROBOTY.planner - INFO - Траектория робота запланирована, общее время: 36.89
2025-09-27 13:55:38 - ROBOTY.planner - INFO - Робот 10: траектория содержит 96 точек
2025-09-27 13:55:38 - ROBOTY.planner - INFO - Планирование завершено. Makespan: 38.24
2025-09-27 13:55:38 - ROBOTY.main - INFO - Планировщик успешно завершил работу
2025-09-27 13:55:38 - ROBOTY.collision - INFO - Начинаем детальную проверку коллизий
2025-09-27 13:55:38 - ROBOTY.collision - DEBUG - Проверяем коллизии в диапазоне времени: 0.00 - 38.24
2025-09-27 13:55:38 - ROBOTY.collision - WARNING - Коллизия: роботы 1 и 2 в 1.40s, расстояние: 0.480, требуется: 0.500
2025-09-27 13:55:38 - ROBOTY.collision - WARNING - Коллизия: роботы 1 и 2 в 1.50s, расстояние: 0.500, требуется: 0.500
2025-09-27 13:55:38 - ROBOTY.collision - WARNING - Коллизия: роботы 4 и 9 в 20.50s, расстояние: 0.459, требуется: 0.500
2025-09-27 13:55:38 - ROBOTY.collision - WARNING - Коллизия: роботы 4 и 9 в 20.60s, расстояние: 0.420, требуется: 0.500
2025-09-27 13:55:38 - ROBOTY.collision - WARNING - Коллизия: роботы 4 и 9 в 20.70s, расстояние: 0.393, требуется: 0.500
2025-09-27 13:55:38 - ROBOTY.collision - WARNING - Коллизия: роботы 4 и 9 в 20.80s, расстояние: 0.382, требуется: 0.500
2025-09-27 13:55:38 - ROBOTY.collision - WARNING - Коллизия: роботы 4 и 9 в 20.90s, расстояние: 0.387, требуется: 0.500
2025-09-27 13:55:38 - ROBOTY.collision - WARNING - Коллизия: роботы 4 и 9 в 21.00s, расстояние: 0.408, требуется: 0.500
2025-09-27 13:55:38 - ROBOTY.collision - WARNING - Коллизия: роботы 4 и 9 в 21.10s, расстояние: 0.443, требуется: 0.500
2025-09-27 13:55:38 - ROBOTY.collision - WARNING - Коллизия: роботы 4 и 9 в 21.20s, расстояние: 0.488, требуется: 0.500
2025-09-27 13:55:38 - ROBOTY.collision - WARNING - Коллизия: роботы 1 и 2 в 27.80s, расстояние: 0.428, требуется: 0.500
2025-09-27 13:55:38 - ROBOTY.collision - WARNING - Коллизия: роботы 1 и 2 в 27.90s, расстояние: 0.375, требуется: 0.500
2025-09-27 13:55:38 - ROBOTY.collision - WARNING - Коллизия: роботы 1 и 2 в 28.00s, расстояние: 0.354, требуется: 0.500
2025-09-27 13:55:38 - ROBOTY.collision - WARNING - Коллизия: роботы 1 и 2 в 28.10s, расстояние: 0.370, требуется: 0.500
2025-09-27 13:55:38 - ROBOTY.collision - WARNING - Коллизия: роботы 1 и 2 в 28.20s, расстояние: 0.420, требуется: 0.500
2025-09-27 13:55:38 - ROBOTY.collision - WARNING - Коллизия: роботы 1 и 2 в 28.30s, расстояние: 0.493, требуется: 0.500
2025-09-27 13:55:38 - ROBOTY.collision - ERROR - Обнаружено 16 коллизий
2025-09-27 13:55:38 - ROBOTY.main - WARNING - Обнаружено 16 коллизий, применяем онлайн-безопасность
2025-09-27 13:55:38 - ROBOTY.safety - INFO - Применяем онлайн-безопасность: вставка пауз при коллизиях
2025-09-27 13:55:38 - ROBOTY.collision - INFO - Начинаем детальную проверку коллизий
2025-09-27 13:55:38 - ROBOTY.collision - DEBUG - Проверяем коллизии в диапазоне времени: 0.00 - 38.24
2025-09-27 13:55:38 - ROBOTY.collision - WARNING - Коллизия: роботы 1 и 2 в 1.35s, расстояние: 0.495, требуется: 0.500
2025-09-27 13:55:38 - ROBOTY.collision - WARNING - Коллизия: роботы 1 и 2 в 1.40s, расстояние: 0.480, требуется: 0.500
2025-09-27 13:55:38 - ROBOTY.collision - WARNING - Коллизия: роботы 1 и 2 в 1.45s, расстояние: 0.482, требуется: 0.500
2025-09-27 13:55:38 - ROBOTY.collision - WARNING - Коллизия: роботы 1 и 2 в 1.50s, расстояние: 0.500, требуется: 0.500
2025-09-27 13:55:38 - ROBOTY.collision - WARNING - Коллизия: роботы 4 и 9 в 20.45s, расстояние: 0.482, требуется: 0.500
2025-09-27 13:55:38 - ROBOTY.collision - WARNING - Коллизия: роботы 4 и 9 в 20.50s, расстояние: 0.459, требуется: 0.500
2025-09-27 13:55:38 - ROBOTY.collision - WARNING - Коллизия: роботы 4 и 9 в 20.55s, расстояние: 0.438, требуется: 0.500
2025-09-27 13:55:38 - ROBOTY.collision - WARNING - Коллизия: роботы 4 и 9 в 20.60s, расстояние: 0.420, требуется: 0.500
2025-09-27 13:55:38 - ROBOTY.collision - WARNING - Коллизия: роботы 4 и 9 в 20.65s, расстояние: 0.405, требуется: 0.500
2025-09-27 13:55:38 - ROBOTY.collision - WARNING - Коллизия: роботы 4 и 9 в 20.70s, расстояние: 0.393, требуется: 0.500
2025-09-27 13:55:38 - ROBOTY.collision - WARNING - Коллизия: роботы 4 и 9 в 20.75s, расстояние: 0.385, требуется: 0.500
2025-09-27 13:55:38 - ROBOTY.collision - WARNING - Коллизия: роботы 4 и 9 в 20.80s, расстояние: 0.382, требуется: 0.500
2025-09-27 13:55:38 - ROBOTY.collision - WARNING - Коллизия: роботы 4 и 9 в 20.85s, расстояние: 0.382, требуется: 0.500
2025-09-27 13:55:38 - ROBOTY.collision - WARNING - Коллизия: роботы 4 и 9 в 20.90s, расстояние: 0.387, требуется: 0.500
2025-09-27 13:55:38 - ROBOTY.collision - WARNING - Коллизия: роботы 4 и 9 в 20.95s, расстояние: 0.396, требуется: 0.500
2025-09-27 13:55:38 - ROBOTY.collision - WARNING - Коллизия: роботы 4 и 9 в 21.00s, расстояние: 0.408, требуется: 0.500
2025-09-27 13:55:38 - ROBOTY.collision - WARNING - Коллизия: роботы 4 и 9 в 21.05s, расстояние: 0.424, требуется: 0.500
2025-09-27 13:55:38 - ROBOTY.collision - WARNING - Коллизия: роботы 4 и 9 в 21.10s, расстояние: 0.443, требуется: 0.500
2025-09-27 13:55:38 - ROBOTY.collision - WARNING - Коллизия: роботы 4 и 9 в 21.15s, расстояние: 0.464, требуется: 0.500
2025-09-27 13:55:38 - ROBOTY.collision - WARNING - Коллизия: роботы 4 и 9 в 21.20s, расстояние: 0.488, требуется: 0.500
2025-09-27 13:55:38 - ROBOTY.collision - WARNING - Коллизия: роботы 1 и 2 в 27.75s, расстояние: 0.464, требуется: 0.500
2025-09-27 13:55:38 - ROBOTY.collision - WARNING - Коллизия: роботы 1 и 2 в 27.80s, расстояние: 0.428, требуется: 0.500
2025-09-27 13:55:38 - ROBOTY.collision - WARNING - Коллизия: роботы 1 и 2 в 27.85s, расстояние: 0.398, требуется: 0.500
2025-09-27 13:55:38 - ROBOTY.collision - WARNING - Коллизия: роботы 1 и 2 в 27.90s, расстояние: 0.375, требуется: 0.500
2025-09-27 13:55:38 - ROBOTY.collision - WARNING - Коллизия: роботы 1 и 2 в 27.95s, расстояние: 0.360, требуется: 0.500
2025-09-27 13:55:38 - ROBOTY.collision - WARNING - Коллизия: роботы 1 и 2 в 28.00s, расстояние: 0.354, требуется: 0.500
2025-09-27 13:55:38 - ROBOTY.collision - WARNING - Коллизия: роботы 1 и 2 в 28.05s, расстояние: 0.357, требуется: 0.500
2025-09-27 13:55:38 - ROBOTY.collision - WARNING - Коллизия: роботы 1 и 2 в 28.10s, расстояние: 0.370, требуется: 0.500
2025-09-27 13:55:38 - ROBOTY.collision - WARNING - Коллизия: роботы 1 и 2 в 28.15s, расстояние: 0.391, требуется: 0.500
2025-09-27 13:55:38 - ROBOTY.collision - WARNING - Коллизия: роботы 1 и 2 в 28.20s, расстояние: 0.420, требуется: 0.500
2025-09-27 13:55:38 - ROBOTY.collision - WARNING - Коллизия: роботы 1 и 2 в 28.25s, расстояние: 0.454, требуется: 0.500
2025-09-27 13:55:38 - ROBOTY.collision - WARNING - Коллизия: роботы 1 и 2 в 28.30s, расстояние: 0.493, требуется: 0.500
2025-09-27 13:55:38 - ROBOTY.collision - ERROR - Обнаружено 32 коллизий
2025-09-27 13:55:38 - ROBOTY.safety - DEBUG - Добавлена пауза 0.60s роботу 1 в t=1.35s
2025-09-27 13:55:38 - ROBOTY.safety - DEBUG - Добавлена пауза 0.60s роботу 2 в t=1.35s
2025-09-27 13:55:38 - ROBOTY.safety - DEBUG - Добавлена пауза 0.60s роботу 1 в t=1.40s
2025-09-27 13:55:38 - ROBOTY.safety - DEBUG - Добавлена пауза 0.60s роботу 2 в t=1.40s
2025-09-27 13:55:38 - ROBOTY.safety - DEBUG - Добавлена пауза 0.60s роботу 1 в t=1.45s
2025-09-27 13:55:38 - ROBOTY.safety - DEBUG - Добавлена пауза 0.60s роботу 2 в t=1.45s
2025-09-27 13:55:38 - ROBOTY.safety - DEBUG - Добавлена пауза 0.60s роботу 1 в t=1.50s
2025-09-27 13:55:38 - ROBOTY.safety - DEBUG - Добавлена пауза 0.60s роботу 2 в t=1.50s
2025-09-27 13:55:38 - ROBOTY.safety - DEBUG - Добавлена пауза 0.60s роботу 4 в t=20.45s
2025-09-27 13:55:38 - ROBOTY.safety - DEBUG - Добавлена пауза 0.60s роботу 9 в t=20.45s
2025-09-27 13:55:38 - ROBOTY.safety - DEBUG - Добавлена пауза 0.60s роботу 4 в t=20.50s
2025-09-27 13:55:38 - ROBOTY.safety - DEBUG - Добавлена пауза 0.60s роботу 9 в t=20.50s
2025-09-27 13:55:38 - ROBOTY.safety - DEBUG - Добавлена пауза 0.60s роботу 4 в t=20.55s
2025-09-27 13:55:38 - ROBOTY.safety - DEBUG - Добавлена пауза 0.60s роботу 9 в t=20.55s
2025-09-27 13:55:38 - ROBOTY.safety - DEBUG - Добавлена пауза 0.60s роботу 4 в t=20.60s
2025-09-27 13:55:38 - ROBOTY.safety - DEBUG - Добавлена пауза 0.60s роботу 9 в t=20.60s
2025-09-27 13:55:38 - ROBOTY.safety - DEBUG - Добавлена пауза 0.60s роботу 4 в t=20.65s
2025-09-27 13:55:38 - ROBOTY.safety - DEBUG - Добавлена пауза 0.60s роботу 9 в t=20.65s
2025-09-27 13:55:38 - ROBOTY.safety - DEBUG - Добавлена пауза 0.60s роботу 4 в t=20.70s
2025-09-27 13:55:38 - ROBOTY.safety - DEBUG - Добавлена пауза 0.60s роботу 9 в t=20.70s
2025-09-27 13:55:38 - ROBOTY.safety - DEBUG - Добавлена пауза 0.60s роботу 4 в t=20.75s
2025-09-27 13:55:38 - ROBOTY.safety - DEBUG - Добавлена пауза 0.60s роботу 9 в t=20.75s
2025-09-27 13:55:38 - ROBOTY.safety - DEBUG - Добавлена пауза 0.60s роботу 4 в t=20.80s
2025-09-27 13:55:38 - ROBOTY.safety - DEBUG - Добавлена пауза 0.60s роботу 9 в t=20.80s
2025-09-27 13:55:38 - ROBOTY.safety - DEBUG - Добавлена пауза 0.60s роботу 4 в t=20.85s
2025-09-27 13:55:38 - ROBOTY.safety - DEBUG - Добавлена пауза 0.60s роботу 9 в t=20.85s
2025-09-27 13:55:38 - ROBOTY.safety - DEBUG - Добавлена пауза 0.60s роботу 4 в t=20.90s
2025-09-27 13:55:38 - ROBOTY.safety - DEBUG - Добавлена пауза 0.60s роботу 9 в t=20.90s
2025-09-27 13:55:38 - ROBOTY.safety - DEBUG - Добавлена пауза 0.60s роботу 4 в t=20.95s
2025-09-27 13:55:38 - ROBOTY.safety - DEBUG - Добавлена пауза 0.60s роботу 9 в t=20.95s
2025-09-27 13:55:38 - ROBOTY.safety - DEBUG - Добавлена пауза 0.60s роботу 4 в t=21.00s
2025-09-27 13:55:38 - ROBOTY.safety - DEBUG - Добавлена пауза 0.60s роботу 9 в t=21.00s
2025-09-27 13:55:38 - ROBOTY.safety - DEBUG - Добавлена пауза 0.60s роботу 4 в t=21.05s
2025-09-27 13:55:38 - ROBOTY.safety - DEBUG - Добавлена пауза 0.60s роботу 9 в t=21.05s
2025-09-27 13:55:38 - ROBOTY.safety - DEBUG - Добавлена пауза 0.60s роботу 4 в t=21.10s
2025-09-27 13:55:38 - ROBOTY.safety - DEBUG - Добавлена пауза 0.60s роботу 9 в t=21.10s
2025-09-27 13:55:38 - ROBOTY.safety - DEBUG - Добавлена пауза 0.60s роботу 4 в t=21.15s
2025-09-27 13:55:38 - ROBOTY.safety - DEBUG - Добавлена пауза 0.60s роботу 9 в t=21.15s
2025-09-27 13:55:38 - ROBOTY.safety - DEBUG - Добавлена пауза 0.60s роботу 4 в t=21.20s
2025-09-27 13:55:38 - ROBOTY.safety - DEBUG - Добавлена пауза 0.60s роботу 9 в t=21.20s
2025-09-27 13:55:38 - ROBOTY.safety - DEBUG - Добавлена пауза 0.60s роботу 1 в t=27.75s
2025-09-27 13:55:38 - ROBOTY.safety - DEBUG - Добавлена пауза 0.60s роботу 2 в t=27.75s
2025-09-27 13:55:38 - ROBOTY.safety - DEBUG - Добавлена пауза 0.60s роботу 1 в t=27.80s
2025-09-27 13:55:38 - ROBOTY.safety - DEBUG - Добавлена пауза 0.60s роботу 2 в t=27.80s
2025-09-27 13:55:38 - ROBOTY.safety - DEBUG - Добавлена пауза 0.60s роботу 1 в t=27.85s
2025-09-27 13:55:38 - ROBOTY.safety - DEBUG - Добавлена пауза 0.60s роботу 2 в t=27.85s
2025-09-27 13:55:38 - ROBOTY.safety - DEBUG - Добавлена пауза 0.60s роботу 1 в t=27.90s
2025-09-27 13:55:38 - ROBOTY.safety - DEBUG - Добавлена пауза 0.60s роботу 2 в t=27.90s
2025-09-27 13:55:38 - ROBOTY.safety - DEBUG - Добавлена пауза 0.60s роботу 1 в t=27.95s
2025-09-27 13:55:38 - ROBOTY.safety - DEBUG - Добавлена пауза 0.60s роботу 2 в t=27.95s
2025-09-27 13:55:38 - ROBOTY.safety - DEBUG - Добавлена пауза 0.60s роботу 1 в t=28.00s
2025-09-27 13:55:38 - ROBOTY.safety - DEBUG - Добавлена пауза 0.60s роботу 2 в t=28.00s
2025-09-27 13:55:38 - ROBOTY.safety - DEBUG - Добавлена пауза 0.60s роботу 1 в t=28.05s
2025-09-27 13:55:38 - ROBOTY.safety - DEBUG - Добавлена пауза 0.60s роботу 2 в t=28.05s
2025-09-27 13:55:38 - ROBOTY.safety - DEBUG - Добавлена пауза 0.60s роботу 1 в t=28.10s
2025-09-27 13:55:38 - ROBOTY.safety - DEBUG - Добавлена пауза 0.60s роботу 2 в t=28.10s
2025-09-27 13:55:38 - ROBOTY.safety - DEBUG - Добавлена пауза 0.60s роботу 1 в t=28.15s
2025-09-27 13:55:38 - ROBOTY.safety - DEBUG - Добавлена пауза 0.60s роботу 2 в t=28.15s
2025-09-27 13:55:38 - ROBOTY.safety - DEBUG - Добавлена пауза 0.60s роботу 1 в t=28.20s
2025-09-27 13:55:38 - ROBOTY.safety - DEBUG - Добавлена пауза 0.60s роботу 2 в t=28.20s
2025-09-27 13:55:38 - ROBOTY.safety - DEBUG - Добавлена пауза 0.60s роботу 1 в t=28.25s
2025-09-27 13:55:38 - ROBOTY.safety - DEBUG - Добавлена пауза 0.60s роботу 2 в t=28.25s
2025-09-27 13:55:38 - ROBOTY.safety - DEBUG - Добавлена пауза 0.60s роботу 1 в t=28.30s
2025-09-27 13:55:38 - ROBOTY.safety - DEBUG - Добавлена пауза 0.60s роботу 2 в t=28.30s
2025-09-27 13:55:38 - ROBOTY.safety - INFO - Онлайн-безопасность применена: паузы вставлены
2025-09-27 13:55:38 - ROBOTY.collision - INFO - Начинаем детальную проверку коллизий
2025-09-27 13:55:38 - ROBOTY.collision - DEBUG - Проверяем коллизии в диапазоне времени: 0.00 - 47.84
2025-09-27 13:55:38 - ROBOTY.collision - WARNING - Коллизия: роботы 1 и 2 в 1.40s, расстояние: 0.495, требуется: 0.500
2025-09-27 13:55:38 - ROBOTY.collision - WARNING - Коллизия: роботы 1 и 2 в 1.50s, расстояние: 0.495, требуется: 0.500
2025-09-27 13:55:38 - ROBOTY.collision - WARNING - Коллизия: роботы 1 и 2 в 1.60s, расстояние: 0.495, требуется: 0.500
2025-09-27 13:55:38 - ROBOTY.collision - WARNING - Коллизия: роботы 1 и 2 в 1.70s, расстояние: 0.495, требуется: 0.500
2025-09-27 13:55:38 - ROBOTY.collision - WARNING - Коллизия: роботы 1 и 2 в 1.80s, расстояние: 0.495, требуется: 0.500
2025-09-27 13:55:38 - ROBOTY.collision - WARNING - Коллизия: роботы 1 и 2 в 1.90s, расстояние: 0.495, требуется: 0.500
2025-09-27 13:55:38 - ROBOTY.collision - WARNING - Коллизия: роботы 1 и 2 в 2.00s, расстояние: 0.495, требуется: 0.500
2025-09-27 13:55:38 - ROBOTY.collision - WARNING - Коллизия: роботы 1 и 2 в 2.10s, расстояние: 0.495, требуется: 0.500
2025-09-27 13:55:38 - ROBOTY.collision - WARNING - Коллизия: роботы 1 и 2 в 2.20s, расстояние: 0.495, требуется: 0.500
2025-09-27 13:55:38 - ROBOTY.collision - WARNING - Коллизия: роботы 1 и 2 в 2.30s, расстояние: 0.495, требуется: 0.500
2025-09-27 13:55:38 - ROBOTY.collision - WARNING - Коллизия: роботы 1 и 2 в 2.40s, расстояние: 0.495, требуется: 0.500
2025-09-27 13:55:38 - ROBOTY.collision - WARNING - Коллизия: роботы 1 и 2 в 2.50s, расстояние: 0.495, требуется: 0.500
2025-09-27 13:55:38 - ROBOTY.collision - WARNING - Коллизия: роботы 1 и 2 в 2.60s, расстояние: 0.495, требуется: 0.500
2025-09-27 13:55:38 - ROBOTY.collision - WARNING - Коллизия: роботы 1 и 2 в 2.70s, расстояние: 0.495, требуется: 0.500
2025-09-27 13:55:38 - ROBOTY.collision - WARNING - Коллизия: роботы 1 и 2 в 2.80s, расстояние: 0.495, требуется: 0.500
2025-09-27 13:55:38 - ROBOTY.collision - WARNING - Коллизия: роботы 1 и 2 в 2.90s, расстояние: 0.495, требуется: 0.500
2025-09-27 13:55:38 - ROBOTY.collision - WARNING - Коллизия: роботы 1 и 2 в 3.00s, расстояние: 0.495, требуется: 0.500
2025-09-27 13:55:38 - ROBOTY.collision - WARNING - Коллизия: роботы 1 и 2 в 3.10s, расстояние: 0.495, требуется: 0.500
2025-09-27 13:55:38 - ROBOTY.collision - WARNING - Коллизия: роботы 1 и 2 в 3.20s, расстояние: 0.495, требуется: 0.500
2025-09-27 13:55:38 - ROBOTY.collision - WARNING - Коллизия: роботы 1 и 2 в 3.30s, расстояние: 0.495, требуется: 0.500
2025-09-27 13:55:38 - ROBOTY.collision - WARNING - Коллизия: роботы 1 и 2 в 3.40s, расстояние: 0.495, требуется: 0.500
2025-09-27 13:55:38 - ROBOTY.collision - WARNING - Коллизия: роботы 1 и 2 в 3.50s, расстояние: 0.495, требуется: 0.500
2025-09-27 13:55:38 - ROBOTY.collision - WARNING - Коллизия: роботы 1 и 2 в 3.60s, расстояние: 0.495, требуется: 0.500
2025-09-27 13:55:38 - ROBOTY.collision - WARNING - Коллизия: роботы 1 и 2 в 3.70s, расстояние: 0.495, требуется: 0.500
2025-09-27 13:55:38 - ROBOTY.collision - WARNING - Коллизия: роботы 1 и 2 в 3.80s, расстояние: 0.480, требуется: 0.500
2025-09-27 13:55:38 - ROBOTY.collision - WARNING - Коллизия: роботы 1 и 2 в 3.90s, расстояние: 0.500, требуется: 0.500
2025-09-27 13:55:38 - ROBOTY.collision - WARNING - Коллизия: роботы 4 и 9 в 20.50s, расстояние: 0.482, требуется: 0.500
2025-09-27 13:55:38 - ROBOTY.collision - WARNING - Коллизия: роботы 4 и 9 в 20.60s, расстояние: 0.482, требуется: 0.500
2025-09-27 13:55:38 - ROBOTY.collision - WARNING - Коллизия: роботы 4 и 9 в 20.70s, расстояние: 0.482, требуется: 0.500
2025-09-27 13:55:38 - ROBOTY.collision - WARNING - Коллизия: роботы 4 и 9 в 20.80s, расстояние: 0.482, требуется: 0.500
2025-09-27 13:55:38 - ROBOTY.collision - WARNING - Коллизия: роботы 4 и 9 в 20.90s, расстояние: 0.482, требуется: 0.500
2025-09-27 13:55:38 - ROBOTY.collision - WARNING - Коллизия: роботы 4 и 9 в 21.00s, расстояние: 0.482, требуется: 0.500
2025-09-27 13:55:38 - ROBOTY.collision - WARNING - Коллизия: роботы 4 и 9 в 21.10s, расстояние: 0.482, требуется: 0.500
2025-09-27 13:55:38 - ROBOTY.collision - WARNING - Коллизия: роботы 4 и 9 в 21.20s, расстояние: 0.482, требуется: 0.500
2025-09-27 13:55:38 - ROBOTY.collision - WARNING - Коллизия: роботы 4 и 9 в 21.30s, расстояние: 0.482, требуется: 0.500
2025-09-27 13:55:38 - ROBOTY.collision - WARNING - Коллизия: роботы 4 и 9 в 21.40s, расстояние: 0.482, требуется: 0.500
2025-09-27 13:55:38 - ROBOTY.collision - WARNING - Коллизия: роботы 4 и 9 в 21.50s, расстояние: 0.482, требуется: 0.500
2025-09-27 13:55:38 - ROBOTY.collision - WARNING - Коллизия: роботы 4 и 9 в 21.60s, расстояние: 0.482, требуется: 0.500
2025-09-27 13:55:38 - ROBOTY.collision - WARNING - Коллизия: роботы 4 и 9 в 21.70s, расстояние: 0.482, требуется: 0.500
2025-09-27 13:55:38 - ROBOTY.collision - WARNING - Коллизия: роботы 4 и 9 в 21.80s, расстояние: 0.482, требуется: 0.500
2025-09-27 13:55:38 - ROBOTY.collision - WARNING - Коллизия: роботы 4 и 9 в 21.90s, расстояние: 0.482, требуется: 0.500
2025-09-27 13:55:38 - ROBOTY.collision - WARNING - Коллизия: роботы 4 и 9 в 22.00s, расстояние: 0.482, требуется: 0.500
2025-09-27 13:55:38 - ROBOTY.collision - WARNING - Коллизия: роботы 4 и 9 в 22.10s, расстояние: 0.482, требуется: 0.500
2025-09-27 13:55:38 - ROBOTY.collision - WARNING - Коллизия: роботы 4 и 9 в 22.20s, расстояние: 0.482, требуется: 0.500
2025-09-27 13:55:38 - ROBOTY.collision - WARNING - Коллизия: роботы 4 и 9 в 22.30s, расстояние: 0.482, требуется: 0.500
2025-09-27 13:55:38 - ROBOTY.collision - WARNING - Коллизия: роботы 4 и 9 в 22.40s, расстояние: 0.482, требуется: 0.500
2025-09-27 13:55:38 - ROBOTY.collision - WARNING - Коллизия: роботы 4 и 9 в 22.50s, расстояние: 0.482, требуется: 0.500
2025-09-27 13:55:38 - ROBOTY.collision - WARNING - Коллизия: роботы 4 и 9 в 22.60s, расстояние: 0.482, требуется: 0.500
2025-09-27 13:55:38 - ROBOTY.collision - WARNING - Коллизия: роботы 4 и 9 в 22.70s, расстояние: 0.482, требуется: 0.500
2025-09-27 13:55:38 - ROBOTY.collision - WARNING - Коллизия: роботы 4 и 9 в 22.80s, расстояние: 0.482, требуется: 0.500
2025-09-27 13:55:38 - ROBOTY.collision - WARNING - Коллизия: роботы 4 и 9 в 22.90s, расстояние: 0.482, требуется: 0.500
2025-09-27 13:55:38 - ROBOTY.collision - WARNING - Коллизия: роботы 4 и 9 в 23.00s, расстояние: 0.482, требуется: 0.500
2025-09-27 13:55:38 - ROBOTY.collision - WARNING - Коллизия: роботы 4 и 9 в 23.10s, расстояние: 0.482, требуется: 0.500
2025-09-27 13:55:38 - ROBOTY.collision - WARNING - Коллизия: роботы 4 и 9 в 23.20s, расстояние: 0.482, требуется: 0.500
2025-09-27 13:55:38 - ROBOTY.collision - WARNING - Коллизия: роботы 4 и 9 в 23.30s, расстояние: 0.482, требуется: 0.500
2025-09-27 13:55:38 - ROBOTY.collision - WARNING - Коллизия: роботы 4 и 9 в 23.40s, расстояние: 0.482, требуется: 0.500
2025-09-27 13:55:38 - ROBOTY.collision - WARNING - Коллизия: роботы 4 и 9 в 23.50s, расстояние: 0.482, требуется: 0.500
2025-09-27 13:55:38 - ROBOTY.collision - WARNING - Коллизия: роботы 4 и 9 в 23.60s, расстояние: 0.482, требуется: 0.500
2025-09-27 13:55:38 - ROBOTY.collision - WARNING - Коллизия: роботы 4 и 9 в 23.70s, расстояние: 0.482, требуется: 0.500
2025-09-27 13:55:38 - ROBOTY.collision - WARNING - Коллизия: роботы 4 и 9 в 23.80s, расстояние: 0.482, требуется: 0.500
2025-09-27 13:55:38 - ROBOTY.collision - WARNING - Коллизия: роботы 4 и 9 в 23.90s, расстояние: 0.482, требуется: 0.500
2025-09-27 13:55:38 - ROBOTY.collision - WARNING - Коллизия: роботы 4 и 9 в 24.00s, расстояние: 0.482, требуется: 0.500
2025-09-27 13:55:38 - ROBOTY.collision - WARNING - Коллизия: роботы 4 и 9 в 24.10s, расстояние: 0.482, требуется: 0.500
2025-09-27 13:55:38 - ROBOTY.collision - WARNING - Коллизия: роботы 4 и 9 в 24.20s, расстояние: 0.482, требуется: 0.500
2025-09-27 13:55:38 - ROBOTY.collision - WARNING - Коллизия: роботы 4 и 9 в 24.30s, расстояние: 0.482, требуется: 0.500
2025-09-27 13:55:38 - ROBOTY.collision - WARNING - Коллизия: роботы 4 и 9 в 24.40s, расстояние: 0.482, требуется: 0.500
2025-09-27 13:55:38 - ROBOTY.collision - WARNING - Коллизия: роботы 4 и 9 в 24.50s, расстояние: 0.482, требуется: 0.500
2025-09-27 13:55:38 - ROBOTY.collision - WARNING - Коллизия: роботы 4 и 9 в 24.60s, расстояние: 0.482, требуется: 0.500
2025-09-27 13:55:38 - ROBOTY.collision - WARNING - Коллизия: роботы 4 и 9 в 24.70s, расстояние: 0.482, требуется: 0.500
2025-09-27 13:55:38 - ROBOTY.collision - WARNING - Коллизия: роботы 4 и 9 в 24.80s, расстояние: 0.482, требуется: 0.500
2025-09-27 13:55:38 - ROBOTY.collision - WARNING - Коллизия: роботы 4 и 9 в 24.90s, расстояние: 0.482, требуется: 0.500
2025-09-27 13:55:38 - ROBOTY.collision - WARNING - Коллизия: роботы 4 и 9 в 25.00s, расстояние: 0.482, требуется: 0.500
2025-09-27 13:55:38 - ROBOTY.collision - WARNING - Коллизия: роботы 4 и 9 в 25.10s, расстояние: 0.482, требуется: 0.500
2025-09-27 13:55:38 - ROBOTY.collision - WARNING - Коллизия: роботы 4 и 9 в 25.20s, расстояние: 0.482, требуется: 0.500
2025-09-27 13:55:38 - ROBOTY.collision - WARNING - Коллизия: роботы 4 и 9 в 25.30s, расстояние: 0.482, требуется: 0.500
2025-09-27 13:55:38 - ROBOTY.collision - WARNING - Коллизия: роботы 4 и 9 в 25.40s, расстояние: 0.482, требуется: 0.500
2025-09-27 13:55:38 - ROBOTY.collision - WARNING - Коллизия: роботы 4 и 9 в 25.50s, расстояние: 0.482, требуется: 0.500
2025-09-27 13:55:38 - ROBOTY.collision - WARNING - Коллизия: роботы 4 и 9 в 25.60s, расстояние: 0.482, требуется: 0.500
2025-09-27 13:55:38 - ROBOTY.collision - WARNING - Коллизия: роботы 4 и 9 в 25.70s, расстояние: 0.482, требуется: 0.500
2025-09-27 13:55:38 - ROBOTY.collision - WARNING - Коллизия: роботы 4 и 9 в 25.80s, расстояние: 0.482, требуется: 0.500
2025-09-27 13:55:38 - ROBOTY.collision - WARNING - Коллизия: роботы 4 и 9 в 25.90s, расстояние: 0.482, требуется: 0.500
2025-09-27 13:55:38 - ROBOTY.collision - WARNING - Коллизия: роботы 4 и 9 в 26.00s, расстояние: 0.482, требуется: 0.500
2025-09-27 13:55:38 - ROBOTY.collision - WARNING - Коллизия: роботы 4 и 9 в 26.10s, расстояние: 0.482, требуется: 0.500
2025-09-27 13:55:38 - ROBOTY.collision - WARNING - Коллизия: роботы 4 и 9 в 26.20s, расстояние: 0.482, требуется: 0.500
2025-09-27 13:55:38 - ROBOTY.collision - WARNING - Коллизия: роботы 4 и 9 в 26.30s, расстояние: 0.482, требуется: 0.500
2025-09-27 13:55:38 - ROBOTY.collision - WARNING - Коллизия: роботы 4 и 9 в 26.40s, расстояние: 0.482, требуется: 0.500
2025-09-27 13:55:38 - ROBOTY.collision - WARNING - Коллизия: роботы 4 и 9 в 26.50s, расстояние: 0.482, требуется: 0.500
2025-09-27 13:55:38 - ROBOTY.collision - WARNING - Коллизия: роботы 4 и 9 в 26.60s, расстояние: 0.482, требуется: 0.500
2025-09-27 13:55:38 - ROBOTY.collision - WARNING - Коллизия: роботы 4 и 9 в 26.70s, расстояние: 0.482, требуется: 0.500
2025-09-27 13:55:38 - ROBOTY.collision - WARNING - Коллизия: роботы 4 и 9 в 26.80s, расстояние: 0.482, требуется: 0.500
2025-09-27 13:55:38 - ROBOTY.collision - WARNING - Коллизия: роботы 4 и 9 в 26.90s, расстояние: 0.482, требуется: 0.500
2025-09-27 13:55:38 - ROBOTY.collision - WARNING - Коллизия: роботы 4 и 9 в 27.00s, расстояние: 0.482, требуется: 0.500
2025-09-27 13:55:38 - ROBOTY.collision - WARNING - Коллизия: роботы 4 и 9 в 27.10s, расстояние: 0.482, требуется: 0.500
2025-09-27 13:55:38 - ROBOTY.collision - WARNING - Коллизия: роботы 4 и 9 в 27.20s, расстояние: 0.482, требуется: 0.500
2025-09-27 13:55:38 - ROBOTY.collision - WARNING - Коллизия: роботы 4 и 9 в 27.30s, расстояние: 0.482, требуется: 0.500
2025-09-27 13:55:38 - ROBOTY.collision - WARNING - Коллизия: роботы 4 и 9 в 27.40s, расстояние: 0.482, требуется: 0.500
2025-09-27 13:55:38 - ROBOTY.collision - WARNING - Коллизия: роботы 4 и 9 в 27.50s, расстояние: 0.482, требуется: 0.500
2025-09-27 13:55:38 - ROBOTY.collision - WARNING - Коллизия: роботы 4 и 9 в 27.60s, расстояние: 0.482, требуется: 0.500
2025-09-27 13:55:38 - ROBOTY.collision - WARNING - Коллизия: роботы 4 и 9 в 27.70s, расстояние: 0.482, требуется: 0.500
2025-09-27 13:55:38 - ROBOTY.collision - WARNING - Коллизия: роботы 4 и 9 в 27.80s, расстояние: 0.482, требуется: 0.500
2025-09-27 13:55:38 - ROBOTY.collision - WARNING - Коллизия: роботы 4 и 9 в 27.90s, расстояние: 0.482, требуется: 0.500
2025-09-27 13:55:38 - ROBOTY.collision - WARNING - Коллизия: роботы 4 и 9 в 28.00s, расстояние: 0.482, требуется: 0.500
2025-09-27 13:55:38 - ROBOTY.collision - WARNING - Коллизия: роботы 4 и 9 в 28.10s, расстояние: 0.482, требуется: 0.500
2025-09-27 13:55:38 - ROBOTY.collision - WARNING - Коллизия: роботы 4 и 9 в 28.20s, расстояние: 0.482, требуется: 0.500
2025-09-27 13:55:38 - ROBOTY.collision - WARNING - Коллизия: роботы 4 и 9 в 28.30s, расстояние: 0.482, требуется: 0.500
2025-09-27 13:55:38 - ROBOTY.collision - WARNING - Коллизия: роботы 4 и 9 в 28.40s, расстояние: 0.482, требуется: 0.500
2025-09-27 13:55:38 - ROBOTY.collision - WARNING - Коллизия: роботы 4 и 9 в 28.50s, расстояние: 0.482, требуется: 0.500
2025-09-27 13:55:38 - ROBOTY.collision - WARNING - Коллизия: роботы 4 и 9 в 28.60s, расстояние: 0.482, требуется: 0.500
2025-09-27 13:55:38 - ROBOTY.collision - WARNING - Коллизия: роботы 4 и 9 в 28.70s, расстояние: 0.482, требуется: 0.500
2025-09-27 13:55:38 - ROBOTY.collision - WARNING - Коллизия: роботы 4 и 9 в 28.80s, расстояние: 0.482, требуется: 0.500
2025-09-27 13:55:38 - ROBOTY.collision - WARNING - Коллизия: роботы 4 и 9 в 28.90s, расстояние: 0.482, требуется: 0.500
2025-09-27 13:55:38 - ROBOTY.collision - WARNING - Коллизия: роботы 4 и 9 в 29.00s, расстояние: 0.482, требуется: 0.500
2025-09-27 13:55:38 - ROBOTY.collision - WARNING - Коллизия: роботы 4 и 9 в 29.10s, расстояние: 0.482, требуется: 0.500
2025-09-27 13:55:38 - ROBOTY.collision - WARNING - Коллизия: роботы 4 и 9 в 29.20s, расстояние: 0.482, требуется: 0.500
2025-09-27 13:55:38 - ROBOTY.collision - WARNING - Коллизия: роботы 4 и 9 в 29.30s, расстояние: 0.482, требуется: 0.500
2025-09-27 13:55:38 - ROBOTY.collision - WARNING - Коллизия: роботы 4 и 9 в 29.40s, расстояние: 0.482, требуется: 0.500
2025-09-27 13:55:38 - ROBOTY.collision - WARNING - Коллизия: роботы 4 и 9 в 29.50s, расстояние: 0.482, требуется: 0.500
2025-09-27 13:55:38 - ROBOTY.collision - WARNING - Коллизия: роботы 4 и 9 в 29.60s, расстояние: 0.482, требуется: 0.500
2025-09-27 13:55:38 - ROBOTY.collision - WARNING - Коллизия: роботы 4 и 9 в 29.70s, расстояние: 0.482, требуется: 0.500
2025-09-27 13:55:38 - ROBOTY.collision - WARNING - Коллизия: роботы 4 и 9 в 29.80s, расстояние: 0.482, требуется: 0.500
2025-09-27 13:55:38 - ROBOTY.collision - WARNING - Коллизия: роботы 4 и 9 в 29.90s, расстояние: 0.482, требуется: 0.500
2025-09-27 13:55:38 - ROBOTY.collision - WARNING - Коллизия: роботы 4 и 9 в 30.00s, расстояние: 0.482, требуется: 0.500
2025-09-27 13:55:38 - ROBOTY.collision - WARNING - Коллизия: роботы 4 и 9 в 30.10s, расстояние: 0.459, требуется: 0.500
2025-09-27 13:55:38 - ROBOTY.collision - WARNING - Коллизия: роботы 4 и 9 в 30.20s, расстояние: 0.420, требуется: 0.500
2025-09-27 13:55:38 - ROBOTY.collision - WARNING - Коллизия: роботы 4 и 9 в 30.30s, расстояние: 0.393, требуется: 0.500
2025-09-27 13:55:38 - ROBOTY.collision - WARNING - Коллизия: роботы 4 и 9 в 30.40s, расстояние: 0.382, требуется: 0.500
2025-09-27 13:55:38 - ROBOTY.collision - WARNING - Коллизия: роботы 4 и 9 в 30.50s, расстояние: 0.387, требуется: 0.500
2025-09-27 13:55:38 - ROBOTY.collision - WARNING - Коллизия: роботы 4 и 9 в 30.60s, расстояние: 0.408, требуется: 0.500
2025-09-27 13:55:38 - ROBOTY.collision - WARNING - Коллизия: роботы 4 и 9 в 30.70s, расстояние: 0.443, требуется: 0.500
2025-09-27 13:55:38 - ROBOTY.collision - WARNING - Коллизия: роботы 4 и 9 в 30.80s, расстояние: 0.488, требуется: 0.500
2025-09-27 13:55:38 - ROBOTY.collision - WARNING - Коллизия: роботы 1 и 2 в 37.40s, расстояние: 0.428, требуется: 0.500
2025-09-27 13:55:38 - ROBOTY.collision - WARNING - Коллизия: роботы 1 и 2 в 37.50s, расстояние: 0.375, требуется: 0.500
2025-09-27 13:55:38 - ROBOTY.collision - WARNING - Коллизия: роботы 1 и 2 в 37.60s, расстояние: 0.354, требуется: 0.500
2025-09-27 13:55:38 - ROBOTY.collision - WARNING - Коллизия: роботы 1 и 2 в 37.70s, расстояние: 0.370, требуется: 0.500
2025-09-27 13:55:38 - ROBOTY.collision - WARNING - Коллизия: роботы 1 и 2 в 37.80s, расстояние: 0.420, требуется: 0.500
2025-09-27 13:55:38 - ROBOTY.collision - WARNING - Коллизия: роботы 1 и 2 в 37.90s, расстояние: 0.493, требуется: 0.500
2025-09-27 13:55:38 - ROBOTY.collision - ERROR - Обнаружено 136 коллизий
2025-09-27 13:55:38 - ROBOTY.main - WARNING - Коллизии сохраняются после вставки пауз
2025-09-27 13:55:39 - ROBOTY.main - INFO - Запуск десктопного 3D Viewer
2025-09-27 13:55:40 - ROBOTY.3d_viewer - ERROR - Ошибка создания WebView: module 'PySide6.QtWebEngineWidgets' has no attribute 'QWebEngineSettings'
2025-09-27 13:55:40 - ROBOTY.3d_viewer - INFO - Получены данные плана: 10 роботов
2025-09-27 13:55:40 - ROBOTY.3d_viewer - INFO - Начинаем генерацию 3D визуализации
2025-09-27 13:55:40 - ROBOTY.3d_viewer - INFO - Тип визуализации: 3d_desktop
2025-09-27 13:55:40 - ROBOTY.3d_viewer - ERROR - ❌ Ошибка генерации визуализации: cannot access local variable 'plan' where it is not associated with a value
Traceback (most recent call last):
  File "C:\Users\22200490\.cursor\ROBOTY-main\ui_files\desktop_3d_viewer.py", line 225, in generate_visualization
    self.logger.info(f"Количество роботов: {len(plan.get('robots', []))}")
                                                ^^^^
UnboundLocalError: cannot access local variable 'plan' where it is not associated with a value
2025-09-27 13:55:40 - ROBOTY.3d_viewer - INFO - 3D Viewer инициализирован
2025-09-27 13:55:40 - ROBOTY.main - INFO - Десктопный 3D Viewer успешно запущен
2025-09-27 13:55:43 - ROBOTY.3d_viewer - INFO - Закрытие 3D Viewer
