2025-09-27 10:54:08 - ROBOTY.main - INFO - Запуск приложения ROBOTY
2025-09-27 10:54:08 - ROBOTY.main - INFO - Применена тема: dark
2025-09-27 10:54:08 - ROBOTY.main - INFO - Интерфейс инициализирован
2025-09-27 10:54:08 - ROBOTY.main - INFO - Приложение успешно запущено
2025-09-27 10:54:23 - ROBOTY.main - INFO - Создан входной файл: C:\Users\22200490\.cursor\ROBOTY-main\data\input_20250927_105411.json
2025-09-27 10:54:23 - ROBOTY.parser - INFO - Начинаем загрузку файла: C:\Users\22200490\.cursor\ROBOTY-main\data\input_20250927_105411.json
2025-09-27 10:54:23 - ROBOTY.parser - INFO - Файл C:\Users\22200490\.cursor\ROBOTY-main\data\input_20250927_105411.json успешно загружен
2025-09-27 10:54:23 - ROBOTY.parser - DEBUG - Робот 1 успешно загружен
2025-09-27 10:54:23 - ROBOTY.parser - DEBUG - Робот 2 успешно загружен
2025-09-27 10:54:23 - ROBOTY.parser - DEBUG - Робот 3 успешно загружен
2025-09-27 10:54:23 - ROBOTY.parser - DEBUG - Робот 4 успешно загружен
2025-09-27 10:54:23 - ROBOTY.parser - DEBUG - Операция 1 успешно загружена
2025-09-27 10:54:23 - ROBOTY.parser - DEBUG - Операция 2 успешно загружена
2025-09-27 10:54:23 - ROBOTY.parser - DEBUG - Операция 3 успешно загружена
2025-09-27 10:54:23 - ROBOTY.parser - DEBUG - Операция 4 успешно загружена
2025-09-27 10:54:23 - ROBOTY.parser - DEBUG - Операция 5 успешно загружена
2025-09-27 10:54:23 - ROBOTY.parser - DEBUG - Операция 6 успешно загружена
2025-09-27 10:54:23 - ROBOTY.parser - DEBUG - Операция 7 успешно загружена
2025-09-27 10:54:23 - ROBOTY.parser - DEBUG - Операция 8 успешно загружена
2025-09-27 10:54:23 - ROBOTY.parser - DEBUG - Операция 9 успешно загружена
2025-09-27 10:54:23 - ROBOTY.parser - DEBUG - Операция 10 успешно загружена
2025-09-27 10:54:23 - ROBOTY.parser - DEBUG - Операция 11 успешно загружена
2025-09-27 10:54:23 - ROBOTY.parser - DEBUG - Операция 12 успешно загружена
2025-09-27 10:54:23 - ROBOTY.parser - DEBUG - Операция 13 успешно загружена
2025-09-27 10:54:23 - ROBOTY.parser - DEBUG - Операция 14 успешно загружена
2025-09-27 10:54:23 - ROBOTY.parser - DEBUG - Операция 15 успешно загружена
2025-09-27 10:54:23 - ROBOTY.parser - DEBUG - Операция 16 успешно загружена
2025-09-27 10:54:23 - ROBOTY.parser - DEBUG - Операция 17 успешно загружена
2025-09-27 10:54:23 - ROBOTY.parser - DEBUG - Операция 18 успешно загружена
2025-09-27 10:54:23 - ROBOTY.parser - DEBUG - Операция 19 успешно загружена
2025-09-27 10:54:23 - ROBOTY.parser - DEBUG - Операция 20 успешно загружена
2025-09-27 10:54:23 - ROBOTY.parser - DEBUG - Операция 21 успешно загружена
2025-09-27 10:54:23 - ROBOTY.parser - DEBUG - Операция 22 успешно загружена
2025-09-27 10:54:23 - ROBOTY.parser - DEBUG - Операция 23 успешно загружена
2025-09-27 10:54:23 - ROBOTY.parser - DEBUG - Операция 24 успешно загружена
2025-09-27 10:54:23 - ROBOTY.parser - DEBUG - Операция 25 успешно загружена
2025-09-27 10:54:23 - ROBOTY.parser - DEBUG - Операция 26 успешно загружена
2025-09-27 10:54:23 - ROBOTY.parser - DEBUG - Операция 27 успешно загружена
2025-09-27 10:54:23 - ROBOTY.parser - DEBUG - Операция 28 успешно загружена
2025-09-27 10:54:23 - ROBOTY.parser - DEBUG - Операция 29 успешно загружена
2025-09-27 10:54:23 - ROBOTY.parser - DEBUG - Операция 30 успешно загружена
2025-09-27 10:54:23 - ROBOTY.parser - INFO - Загружено 4 роботов и 30 операций
2025-09-27 10:54:30 - ROBOTY.main - INFO - Запуск планировщика
2025-09-27 10:54:30 - ROBOTY.planner - INFO - Запуск планировщика траекторий
2025-09-27 10:54:30 - ROBOTY.assigner - INFO - Начинаем назначение операций методом: balanced
2025-09-27 10:54:30 - ROBOTY.assigner - DEBUG - Операция 0 назначена роботу 0 (нагрузка: 7.35)
2025-09-27 10:54:30 - ROBOTY.assigner - DEBUG - Операция 1 назначена роботу 1 (нагрузка: 8.74)
2025-09-27 10:54:30 - ROBOTY.assigner - DEBUG - Операция 2 назначена роботу 2 (нагрузка: 9.14)
2025-09-27 10:54:30 - ROBOTY.assigner - DEBUG - Операция 3 назначена роботу 1 (нагрузка: 16.39)
2025-09-27 10:54:30 - ROBOTY.assigner - DEBUG - Операция 4 назначена роботу 3 (нагрузка: 10.64)
2025-09-27 10:54:30 - ROBOTY.assigner - DEBUG - Операция 5 назначена роботу 0 (нагрузка: 14.38)
2025-09-27 10:54:30 - ROBOTY.assigner - DEBUG - Операция 6 назначена роботу 2 (нагрузка: 21.88)
2025-09-27 10:54:30 - ROBOTY.assigner - DEBUG - Операция 7 назначена роботу 0 (нагрузка: 22.60)
2025-09-27 10:54:30 - ROBOTY.assigner - DEBUG - Операция 8 назначена роботу 3 (нагрузка: 19.26)
2025-09-27 10:54:30 - ROBOTY.assigner - DEBUG - Операция 9 назначена роботу 1 (нагрузка: 30.19)
2025-09-27 10:54:30 - ROBOTY.assigner - DEBUG - Операция 10 назначена роботу 2 (нагрузка: 29.46)
2025-09-27 10:54:30 - ROBOTY.assigner - DEBUG - Операция 11 назначена роботу 3 (нагрузка: 29.54)
2025-09-27 10:54:30 - ROBOTY.assigner - DEBUG - Операция 12 назначена роботу 0 (нагрузка: 29.91)
2025-09-27 10:54:30 - ROBOTY.assigner - DEBUG - Операция 13 назначена роботу 2 (нагрузка: 36.24)
2025-09-27 10:54:30 - ROBOTY.assigner - DEBUG - Операция 14 назначена роботу 0 (нагрузка: 37.33)
2025-09-27 10:54:30 - ROBOTY.assigner - DEBUG - Операция 15 назначена роботу 1 (нагрузка: 37.15)
2025-09-27 10:54:30 - ROBOTY.assigner - DEBUG - Операция 16 назначена роботу 1 (нагрузка: 42.96)
2025-09-27 10:54:30 - ROBOTY.assigner - DEBUG - Операция 17 назначена роботу 3 (нагрузка: 36.91)
2025-09-27 10:54:30 - ROBOTY.assigner - DEBUG - Операция 18 назначена роботу 0 (нагрузка: 44.98)
2025-09-27 10:54:30 - ROBOTY.assigner - DEBUG - Операция 19 назначена роботу 2 (нагрузка: 45.75)
2025-09-27 10:54:30 - ROBOTY.assigner - DEBUG - Операция 20 назначена роботу 2 (нагрузка: 54.24)
2025-09-27 10:54:30 - ROBOTY.assigner - DEBUG - Операция 21 назначена роботу 0 (нагрузка: 48.64)
2025-09-27 10:54:30 - ROBOTY.assigner - DEBUG - Операция 22 назначена роботу 3 (нагрузка: 52.98)
2025-09-27 10:54:30 - ROBOTY.assigner - DEBUG - Операция 23 назначена роботу 1 (нагрузка: 56.02)
2025-09-27 10:54:30 - ROBOTY.assigner - DEBUG - Операция 24 назначена роботу 0 (нагрузка: 60.35)
2025-09-27 10:54:30 - ROBOTY.assigner - DEBUG - Операция 25 назначена роботу 2 (нагрузка: 62.36)
2025-09-27 10:54:30 - ROBOTY.assigner - DEBUG - Операция 26 назначена роботу 1 (нагрузка: 64.39)
2025-09-27 10:54:30 - ROBOTY.assigner - DEBUG - Операция 27 назначена роботу 0 (нагрузка: 67.06)
2025-09-27 10:54:30 - ROBOTY.assigner - DEBUG - Операция 28 назначена роботу 3 (нагрузка: 69.97)
2025-09-27 10:54:30 - ROBOTY.assigner - DEBUG - Операция 29 назначена роботу 2 (нагрузка: 70.58)
2025-09-27 10:54:30 - ROBOTY.assigner - INFO - Распределено 30 операций с балансировкой нагрузки
2025-09-27 10:54:30 - ROBOTY.assigner - INFO - Итоговые нагрузки роботов: ['67.06', '64.39', '70.58', '69.97']
2025-09-27 10:54:30 - ROBOTY.assigner - INFO - Робот 0: 9 операций, нагрузка 67.06
2025-09-27 10:54:30 - ROBOTY.assigner - INFO - Робот 1: 7 операций, нагрузка 64.39
2025-09-27 10:54:30 - ROBOTY.assigner - INFO - Робот 2: 8 операций, нагрузка 70.58
2025-09-27 10:54:30 - ROBOTY.assigner - INFO - Робот 3: 6 операций, нагрузка 69.97
2025-09-27 10:54:30 - ROBOTY.planner - INFO - Операции назначены методом: balanced
2025-09-27 10:54:30 - ROBOTY.planner - INFO - Планирование траектории для робота 1 (ID: 1) с 9 операциями
2025-09-27 10:54:30 - ROBOTY.planner - DEBUG - Планирование траектории для робота с 9 операциями
2025-09-27 10:54:30 - ROBOTY.planner - DEBUG - Операция 1 запланирована, время завершения: 9.15
2025-09-27 10:54:30 - ROBOTY.planner - DEBUG - Операция 2 запланирована, время завершения: 16.14
2025-09-27 10:54:30 - ROBOTY.planner - DEBUG - Операция 3 запланирована, время завершения: 24.52
2025-09-27 10:54:30 - ROBOTY.planner - DEBUG - Операция 4 запланирована, время завершения: 34.24
2025-09-27 10:54:30 - ROBOTY.planner - DEBUG - Операция 5 запланирована, время завершения: 44.87
2025-09-27 10:54:30 - ROBOTY.planner - DEBUG - Операция 6 запланирована, время завершения: 52.94
2025-09-27 10:54:30 - ROBOTY.planner - DEBUG - Операция 7 запланирована, время завершения: 62.99
2025-09-27 10:54:30 - ROBOTY.planner - DEBUG - Операция 8 запланирована, время завершения: 74.10
2025-09-27 10:54:30 - ROBOTY.planner - DEBUG - Операция 9 запланирована, время завершения: 84.67
2025-09-27 10:54:30 - ROBOTY.planner - INFO - Траектория робота запланирована, общее время: 84.67
2025-09-27 10:54:30 - ROBOTY.planner - INFO - Робот 1: траектория содержит 216 точек
2025-09-27 10:54:30 - ROBOTY.planner - INFO - Планирование траектории для робота 2 (ID: 2) с 7 операциями
2025-09-27 10:54:30 - ROBOTY.planner - DEBUG - Планирование траектории для робота с 7 операциями
2025-09-27 10:54:30 - ROBOTY.planner - DEBUG - Операция 1 запланирована, время завершения: 10.90
2025-09-27 10:54:30 - ROBOTY.planner - DEBUG - Операция 2 запланирована, время завершения: 25.27
2025-09-27 10:54:30 - ROBOTY.planner - DEBUG - Операция 3 запланирована, время завершения: 37.00
2025-09-27 10:54:30 - ROBOTY.planner - DEBUG - Операция 4 запланирована, время завершения: 47.42
2025-09-27 10:54:30 - ROBOTY.planner - DEBUG - Операция 5 запланирована, время завершения: 59.74
2025-09-27 10:54:30 - ROBOTY.planner - DEBUG - Операция 6 запланирована, время завершения: 71.42
2025-09-27 10:54:30 - ROBOTY.planner - DEBUG - Операция 7 запланирована, время завершения: 79.89
2025-09-27 10:54:30 - ROBOTY.planner - INFO - Траектория робота запланирована, общее время: 79.89
2025-09-27 10:54:30 - ROBOTY.planner - INFO - Робот 2: траектория содержит 168 точек
2025-09-27 10:54:30 - ROBOTY.planner - INFO - Планирование траектории для робота 3 (ID: 3) с 8 операциями
2025-09-27 10:54:30 - ROBOTY.planner - DEBUG - Планирование траектории для робота с 8 операциями
2025-09-27 10:54:30 - ROBOTY.planner - DEBUG - Операция 1 запланирована, время завершения: 11.18
2025-09-27 10:54:30 - ROBOTY.planner - DEBUG - Операция 2 запланирована, время завершения: 21.13
2025-09-27 10:54:30 - ROBOTY.planner - DEBUG - Операция 3 запланирована, время завершения: 32.78
2025-09-27 10:54:30 - ROBOTY.planner - DEBUG - Операция 4 запланирована, время завершения: 42.62
2025-09-27 10:54:30 - ROBOTY.planner - DEBUG - Операция 5 запланирована, время завершения: 51.75
2025-09-27 10:54:30 - ROBOTY.planner - DEBUG - Операция 6 запланирована, время завершения: 66.67
2025-09-27 10:54:30 - ROBOTY.planner - DEBUG - Операция 7 запланирована, время завершения: 79.56
2025-09-27 10:54:30 - ROBOTY.planner - DEBUG - Операция 8 запланирована, время завершения: 87.15
2025-09-27 10:54:30 - ROBOTY.planner - INFO - Траектория робота запланирована, общее время: 87.15
2025-09-27 10:54:30 - ROBOTY.planner - INFO - Робот 3: траектория содержит 192 точек
2025-09-27 10:54:30 - ROBOTY.planner - INFO - Планирование траектории для робота 4 (ID: 4) с 6 операциями
2025-09-27 10:54:30 - ROBOTY.planner - DEBUG - Планирование траектории для робота с 6 операциями
2025-09-27 10:54:30 - ROBOTY.planner - DEBUG - Операция 1 запланирована, время завершения: 11.86
2025-09-27 10:54:30 - ROBOTY.planner - DEBUG - Операция 2 запланирована, время завершения: 25.50
2025-09-27 10:54:30 - ROBOTY.planner - DEBUG - Операция 3 запланирована, время завершения: 37.65
2025-09-27 10:54:30 - ROBOTY.planner - DEBUG - Операция 4 запланирована, время завершения: 44.53
2025-09-27 10:54:30 - ROBOTY.planner - DEBUG - Операция 5 запланирована, время завершения: 56.89
2025-09-27 10:54:30 - ROBOTY.planner - DEBUG - Операция 6 запланирована, время завершения: 75.58
2025-09-27 10:54:30 - ROBOTY.planner - INFO - Траектория робота запланирована, общее время: 75.58
2025-09-27 10:54:30 - ROBOTY.planner - INFO - Робот 4: траектория содержит 144 точек
2025-09-27 10:54:30 - ROBOTY.planner - INFO - Планирование завершено. Makespan: 87.15
2025-09-27 10:54:30 - ROBOTY.main - INFO - Планировщик успешно завершил работу
2025-09-27 10:54:30 - ROBOTY.collision - INFO - Начинаем детальную проверку коллизий
2025-09-27 10:54:30 - ROBOTY.collision - DEBUG - Проверяем коллизии в диапазоне времени: 0.00 - 87.15
2025-09-27 10:54:30 - ROBOTY.collision - INFO - Коллизий не обнаружено
2025-09-27 10:54:30 - ROBOTY.main - INFO - Коллизий не обнаружено
2025-09-27 10:54:32 - ROBOTY.main - INFO - Открытие визуализатора
2025-09-27 10:54:32 - ROBOTY.main - INFO - Визуализация успешно завершена
2025-09-27 10:54:32 - ROBOTY.visualizer - INFO - Запуск визуализации типа: 3d_anim
2025-09-27 10:54:32 - ROBOTY.visualizer - INFO - Создание 3D анимации траекторий
2025-09-27 10:54:32 - ROBOTY.visualizer - INFO - Создание 3D визуализации траекторий
2025-09-27 10:54:32 - ROBOTY.visualizer - INFO - 3D визуализация создана
2025-09-27 10:54:32 - ROBOTY.visualizer - INFO - Тяжелый меш обнаружен: 1758706684_68d3bbfcdbb32.obj, используем легкий режим анимации
2025-09-27 10:54:32 - ROBOTY.mesh_loader - INFO - OBJ загружен и кэширован: 1758706684_68d3bbfcdbb32.obj, вершин=48087, треугольников=96202
2025-09-27 10:57:11 - ROBOTY.main - INFO - Применена тема: light
2025-09-27 10:57:11 - ROBOTY.main - INFO - Переключение темы: light -> light
2025-09-27 10:57:14 - ROBOTY.main - INFO - Применена тема: dark
2025-09-27 10:57:15 - ROBOTY.main - INFO - Переключение темы: dark -> dark
2025-09-27 11:00:22 - ROBOTY.visualizer - INFO - Визуализация записана во временный файл: C:\Users\22200490\AppData\Local\Temp\tmpphe592i4_viz_3d_anim.html
2025-09-27 11:00:32 - ROBOTY.visualizer - INFO - Визуализация открыта в браузере из временного файла
2025-09-27 11:00:33 - ROBOTY.main - INFO - Визуализация успешно завершена (в фоне, временный файл будет удалён автоматически)
2025-09-27 11:05:33 - ROBOTY.visualizer - INFO - Временный файл визуализации удалён: C:\Users\22200490\AppData\Local\Temp\tmpphe592i4_viz_3d_anim.html
