2025-09-23 16:06:20 - ROBOTY.main - INFO - Запуск приложения ROBOTY
2025-09-23 16:06:20 - ROBOTY.main - INFO - Применена тема: light
2025-09-23 16:06:20 - ROBOTY.main - INFO - Интерфейс инициализирован
2025-09-23 16:06:20 - ROBOTY.main - INFO - Приложение успешно запущено
2025-09-23 16:06:44 - ROBOTY.main - INFO - Создан входной файл: C:\Users\22200490\.cursor\ROBOTY\data\input_20250923_160628.json
2025-09-23 16:06:44 - ROBOTY.parser - INFO - Начинаем загрузку файла: C:\Users\22200490\.cursor\ROBOTY\data\input_20250923_160628.json
2025-09-23 16:06:44 - ROBOTY.parser - INFO - Файл C:\Users\22200490\.cursor\ROBOTY\data\input_20250923_160628.json успешно загружен
2025-09-23 16:06:44 - ROBOTY.parser - DEBUG - Робот 1 успешно загружен
2025-09-23 16:06:44 - ROBOTY.parser - DEBUG - Робот 2 успешно загружен
2025-09-23 16:06:44 - ROBOTY.parser - DEBUG - Операция 1 успешно загружена
2025-09-23 16:06:44 - ROBOTY.parser - DEBUG - Операция 2 успешно загружена
2025-09-23 16:06:44 - ROBOTY.parser - DEBUG - Операция 3 успешно загружена
2025-09-23 16:06:44 - ROBOTY.parser - DEBUG - Операция 4 успешно загружена
2025-09-23 16:06:44 - ROBOTY.parser - DEBUG - Операция 5 успешно загружена
2025-09-23 16:06:44 - ROBOTY.parser - DEBUG - Операция 6 успешно загружена
2025-09-23 16:06:44 - ROBOTY.parser - DEBUG - Операция 7 успешно загружена
2025-09-23 16:06:44 - ROBOTY.parser - DEBUG - Операция 8 успешно загружена
2025-09-23 16:06:44 - ROBOTY.parser - DEBUG - Операция 9 успешно загружена
2025-09-23 16:06:44 - ROBOTY.parser - DEBUG - Операция 10 успешно загружена
2025-09-23 16:06:44 - ROBOTY.parser - DEBUG - Операция 11 успешно загружена
2025-09-23 16:06:44 - ROBOTY.parser - DEBUG - Операция 12 успешно загружена
2025-09-23 16:06:44 - ROBOTY.parser - DEBUG - Операция 13 успешно загружена
2025-09-23 16:06:44 - ROBOTY.parser - DEBUG - Операция 14 успешно загружена
2025-09-23 16:06:44 - ROBOTY.parser - DEBUG - Операция 15 успешно загружена
2025-09-23 16:06:44 - ROBOTY.parser - DEBUG - Операция 16 успешно загружена
2025-09-23 16:06:44 - ROBOTY.parser - DEBUG - Операция 17 успешно загружена
2025-09-23 16:06:44 - ROBOTY.parser - DEBUG - Операция 18 успешно загружена
2025-09-23 16:06:44 - ROBOTY.parser - DEBUG - Операция 19 успешно загружена
2025-09-23 16:06:44 - ROBOTY.parser - DEBUG - Операция 20 успешно загружена
2025-09-23 16:06:44 - ROBOTY.parser - INFO - Загружено 2 роботов и 20 операций
2025-09-23 16:06:46 - ROBOTY.main - INFO - Запуск планировщика
2025-09-23 16:06:46 - ROBOTY.planner - INFO - Запуск планировщика траекторий
2025-09-23 16:06:46 - ROBOTY.assigner - INFO - Начинаем назначение операций методом: balanced
2025-09-23 16:06:46 - ROBOTY.assigner - DEBUG - Операция 0 назначена роботу 1 (нагрузка: 9.98)
2025-09-23 16:06:46 - ROBOTY.assigner - DEBUG - Операция 1 назначена роботу 0 (нагрузка: 17.07)
2025-09-23 16:06:46 - ROBOTY.assigner - DEBUG - Операция 2 назначена роботу 1 (нагрузка: 22.90)
2025-09-23 16:06:46 - ROBOTY.assigner - DEBUG - Операция 3 назначена роботу 0 (нагрузка: 27.93)
2025-09-23 16:06:46 - ROBOTY.assigner - DEBUG - Операция 4 назначена роботу 1 (нагрузка: 31.30)
2025-09-23 16:06:46 - ROBOTY.assigner - DEBUG - Операция 5 назначена роботу 0 (нагрузка: 41.44)
2025-09-23 16:06:46 - ROBOTY.assigner - DEBUG - Операция 6 назначена роботу 1 (нагрузка: 42.60)
2025-09-23 16:06:46 - ROBOTY.assigner - DEBUG - Операция 7 назначена роботу 1 (нагрузка: 52.01)
2025-09-23 16:06:46 - ROBOTY.assigner - DEBUG - Операция 8 назначена роботу 0 (нагрузка: 53.65)
2025-09-23 16:06:46 - ROBOTY.assigner - DEBUG - Операция 9 назначена роботу 1 (нагрузка: 59.30)
2025-09-23 16:06:46 - ROBOTY.assigner - DEBUG - Операция 10 назначена роботу 0 (нагрузка: 69.36)
2025-09-23 16:06:46 - ROBOTY.assigner - DEBUG - Операция 11 назначена роботу 1 (нагрузка: 71.63)
2025-09-23 16:06:46 - ROBOTY.assigner - DEBUG - Операция 12 назначена роботу 0 (нагрузка: 82.05)
2025-09-23 16:06:46 - ROBOTY.assigner - DEBUG - Операция 13 назначена роботу 1 (нагрузка: 81.42)
2025-09-23 16:06:46 - ROBOTY.assigner - DEBUG - Операция 14 назначена роботу 1 (нагрузка: 90.62)
2025-09-23 16:06:46 - ROBOTY.assigner - DEBUG - Операция 15 назначена роботу 0 (нагрузка: 96.11)
2025-09-23 16:06:46 - ROBOTY.assigner - DEBUG - Операция 16 назначена роботу 1 (нагрузка: 101.63)
2025-09-23 16:06:46 - ROBOTY.assigner - DEBUG - Операция 17 назначена роботу 0 (нагрузка: 106.86)
2025-09-23 16:06:46 - ROBOTY.assigner - DEBUG - Операция 18 назначена роботу 1 (нагрузка: 113.00)
2025-09-23 16:06:46 - ROBOTY.assigner - DEBUG - Операция 19 назначена роботу 0 (нагрузка: 121.20)
2025-09-23 16:06:46 - ROBOTY.assigner - INFO - Распределено 20 операций с балансировкой нагрузки
2025-09-23 16:06:46 - ROBOTY.assigner - INFO - Итоговые нагрузки роботов: ['121.20', '113.00']
2025-09-23 16:06:46 - ROBOTY.assigner - INFO - Робот 0: 9 операций, нагрузка 121.20
2025-09-23 16:06:46 - ROBOTY.assigner - INFO - Робот 1: 11 операций, нагрузка 113.00
2025-09-23 16:06:46 - ROBOTY.planner - INFO - Операции назначены методом: balanced
2025-09-23 16:06:46 - ROBOTY.planner - INFO - Планирование траектории для робота 1 (ID: 1) с 9 операциями
2025-09-23 16:06:46 - ROBOTY.planner - DEBUG - Планирование траектории для робота с 9 операциями
2025-09-23 16:06:46 - ROBOTY.planner - DEBUG - Операция 1 запланирована, время завершения: 19.20
2025-09-23 16:06:46 - ROBOTY.planner - DEBUG - Операция 2 запланирована, время завершения: 31.59
2025-09-23 16:06:46 - ROBOTY.planner - DEBUG - Операция 3 запланирована, время завершения: 41.98
2025-09-23 16:06:46 - ROBOTY.planner - DEBUG - Операция 4 запланирована, время завершения: 57.55
2025-09-23 16:06:46 - ROBOTY.planner - DEBUG - Операция 5 запланирована, время завершения: 72.53
2025-09-23 16:06:46 - ROBOTY.planner - DEBUG - Операция 6 запланирована, время завершения: 86.92
2025-09-23 16:06:46 - ROBOTY.planner - DEBUG - Операция 7 запланирована, время завершения: 106.79
2025-09-23 16:06:46 - ROBOTY.planner - DEBUG - Операция 8 запланирована, время завершения: 117.02
2025-09-23 16:06:46 - ROBOTY.planner - DEBUG - Операция 9 запланирована, время завершения: 129.19
2025-09-23 16:06:46 - ROBOTY.planner - INFO - Траектория робота запланирована, общее время: 129.19
2025-09-23 16:06:46 - ROBOTY.planner - INFO - Робот 1: траектория содержит 216 точек
2025-09-23 16:06:46 - ROBOTY.planner - INFO - Планирование траектории для робота 2 (ID: 2) с 11 операциями
2025-09-23 16:06:46 - ROBOTY.planner - DEBUG - Планирование траектории для робота с 11 операциями
2025-09-23 16:06:46 - ROBOTY.planner - DEBUG - Операция 1 запланирована, время завершения: 11.50
2025-09-23 16:06:46 - ROBOTY.planner - DEBUG - Операция 2 запланирована, время завершения: 20.38
2025-09-23 16:06:46 - ROBOTY.planner - DEBUG - Операция 3 запланирована, время завершения: 30.18
2025-09-23 16:06:46 - ROBOTY.planner - DEBUG - Операция 4 запланирована, время завершения: 39.31
2025-09-23 16:06:46 - ROBOTY.planner - DEBUG - Операция 5 запланирована, время завершения: 56.11
2025-09-23 16:06:46 - ROBOTY.planner - DEBUG - Операция 6 запланирована, время завершения: 67.15
2025-09-23 16:06:46 - ROBOTY.planner - DEBUG - Операция 7 запланирована, время завершения: 81.33
2025-09-23 16:06:46 - ROBOTY.planner - DEBUG - Операция 8 запланирована, время завершения: 95.45
2025-09-23 16:06:46 - ROBOTY.planner - DEBUG - Операция 9 запланирована, время завершения: 110.53
2025-09-23 16:06:46 - ROBOTY.planner - DEBUG - Операция 10 запланирована, время завершения: 123.81
2025-09-23 16:06:46 - ROBOTY.planner - DEBUG - Операция 11 запланирована, время завершения: 133.12
2025-09-23 16:06:46 - ROBOTY.planner - INFO - Траектория робота запланирована, общее время: 133.12
2025-09-23 16:06:46 - ROBOTY.planner - INFO - Робот 2: траектория содержит 264 точек
2025-09-23 16:06:46 - ROBOTY.planner - INFO - Планирование завершено. Makespan: 133.12
2025-09-23 16:06:46 - ROBOTY.main - INFO - Планировщик успешно завершил работу
2025-09-23 16:06:46 - ROBOTY.collision - INFO - Начинаем детальную проверку коллизий
2025-09-23 16:06:46 - ROBOTY.collision - DEBUG - Проверяем коллизии в диапазоне времени: 0.00 - 133.12
2025-09-23 16:06:46 - ROBOTY.collision - INFO - Коллизий не обнаружено
2025-09-23 16:06:46 - ROBOTY.main - INFO - Коллизий не обнаружено
2025-09-23 16:06:51 - ROBOTY.main - INFO - Открытие визуализатора
2025-09-23 16:06:51 - ROBOTY.visualizer - INFO - Запуск визуализации типа: 3d_anim
2025-09-23 16:06:51 - ROBOTY.visualizer - INFO - Создание 3D анимации траекторий
2025-09-23 16:06:51 - ROBOTY.visualizer - INFO - Создание 3D визуализации траекторий
2025-09-23 16:06:52 - ROBOTY.visualizer - INFO - 3D визуализация создана
2025-09-23 16:06:55 - ROBOTY.visualizer - INFO - Визуализация сохранена в файл: C:\Users\22200490\.cursor\ROBOTY\viz\..\outputs\visualizations\visualization_3d_anim_20250923_160655.html
2025-09-23 16:06:57 - ROBOTY.visualizer - INFO - Визуализация открыта в браузере
2025-09-23 16:06:57 - ROBOTY.main - INFO - Визуализация успешно завершена
