2025-09-20 09:17:37 - ROBOTY.main - INFO - Запуск приложения ROBOTY
2025-09-20 09:17:37 - ROBOTY.main - INFO - Интерфейс инициализирован
2025-09-20 09:17:37 - ROBOTY.main - INFO - Приложение успешно запущено
2025-09-20 09:17:38 - ROBOTY.main - INFO - Начинаем загрузку файла
2025-09-20 09:17:43 - ROBOTY.main - INFO - Загружаем файл: //edu.local/public/studenthomes/22200847/Desktop/ROBOTY-main/ROBOTY/data/test_scenario_simple.json
2025-09-20 09:17:43 - ROBOTY.parser - INFO - Начинаем загрузку файла: //edu.local/public/studenthomes/22200847/Desktop/ROBOTY-main/ROBOTY/data/test_scenario_simple.json
2025-09-20 09:17:43 - ROBOTY.parser - INFO - Файл //edu.local/public/studenthomes/22200847/Desktop/ROBOTY-main/ROBOTY/data/test_scenario_simple.json успешно загружен
2025-09-20 09:17:43 - ROBOTY.parser - DEBUG - Робот 1 успешно загружен
2025-09-20 09:17:43 - ROBOTY.parser - DEBUG - Робот 2 успешно загружен
2025-09-20 09:17:43 - ROBOTY.parser - DEBUG - Операция 1 успешно загружена
2025-09-20 09:17:43 - ROBOTY.parser - DEBUG - Операция 2 успешно загружена
2025-09-20 09:17:43 - ROBOTY.parser - DEBUG - Операция 3 успешно загружена
2025-09-20 09:17:43 - ROBOTY.parser - INFO - Загружено 2 роботов и 3 операций
2025-09-20 09:17:43 - ROBOTY.main - INFO - Файл успешно загружен и распарсен
2025-09-20 09:17:45 - ROBOTY.main - INFO - Запуск планировщика
2025-09-20 09:17:45 - ROBOTY.planner - INFO - Запуск планировщика траекторий
2025-09-20 09:17:45 - ROBOTY.assigner - INFO - Начинаем назначение операций методом: balanced
2025-09-20 09:17:45 - ROBOTY.assigner - DEBUG - Операция 0 назначена роботу 1 (нагрузка: 2.86)
2025-09-20 09:17:45 - ROBOTY.assigner - DEBUG - Операция 1 назначена роботу 0 (нагрузка: 5.38)
2025-09-20 09:17:45 - ROBOTY.assigner - DEBUG - Операция 2 назначена роботу 1 (нагрузка: 5.41)
2025-09-20 09:17:45 - ROBOTY.assigner - INFO - Распределено 3 операций с балансировкой нагрузки
2025-09-20 09:17:45 - ROBOTY.assigner - INFO - Итоговые нагрузки роботов: ['5.38', '5.41']
2025-09-20 09:17:45 - ROBOTY.planner - INFO - Операции назначены методом: balanced
2025-09-20 09:17:45 - ROBOTY.planner - DEBUG - Планирование траектории для робота 1 с 1 операциями
2025-09-20 09:17:45 - ROBOTY.planner - DEBUG - Планирование траектории для робота с 1 операциями
2025-09-20 09:17:45 - ROBOTY.planner - DEBUG - Операция 1 запланирована, время завершения: 7.18
2025-09-20 09:17:45 - ROBOTY.planner - INFO - Траектория робота запланирована, общее время: 7.18
2025-09-20 09:17:45 - ROBOTY.planner - DEBUG - Планирование траектории для робота 2 с 2 операциями
2025-09-20 09:17:45 - ROBOTY.planner - DEBUG - Планирование траектории для робота с 2 операциями
2025-09-20 09:17:45 - ROBOTY.planner - DEBUG - Операция 1 запланирована, время завершения: 4.32
2025-09-20 09:17:45 - ROBOTY.planner - DEBUG - Операция 2 запланирована, время завершения: 8.37
2025-09-20 09:17:45 - ROBOTY.planner - INFO - Траектория робота запланирована, общее время: 8.37
2025-09-20 09:17:45 - ROBOTY.planner - INFO - Планирование завершено. Makespan: 8.37
2025-09-20 09:17:45 - ROBOTY.main - INFO - Планировщик успешно завершил работу
2025-09-20 09:17:45 - ROBOTY.collision - INFO - Начинаем детальную проверку коллизий
2025-09-20 09:17:45 - ROBOTY.collision - DEBUG - Проверяем коллизии в диапазоне времени: 0.00 - 8.37
2025-09-20 09:17:45 - ROBOTY.collision - INFO - Коллизий не обнаружено
2025-09-20 09:17:45 - ROBOTY.main - INFO - Коллизий не обнаружено
2025-09-20 09:17:46 - ROBOTY.main - INFO - Открытие визуализатора
2025-09-20 09:17:46 - ROBOTY.visualizer - INFO - Запуск визуализации типа: 3d
2025-09-20 09:17:46 - ROBOTY.visualizer - INFO - Создание 3D визуализации траекторий
2025-09-20 09:17:46 - ROBOTY.visualizer - INFO - 3D визуализация создана
2025-09-20 09:17:48 - ROBOTY.visualizer - INFO - Визуализация сохранена в файл: visualization_3d_20250920_091746.html
2025-09-20 09:17:49 - ROBOTY.visualizer - INFO - Визуализация открыта в браузере
2025-09-20 09:17:50 - ROBOTY.main - INFO - Визуализация успешно завершена
