2025-09-26 10:57:55 - ROBOTY.main - INFO - Запуск приложения ROBOTY
2025-09-26 10:57:55 - ROBOTY.main - INFO - Применена тема: dark
2025-09-26 10:57:55 - ROBOTY.main - INFO - Интерфейс инициализирован
2025-09-26 10:57:56 - ROBOTY.main - INFO - Приложение успешно запущено
2025-09-26 10:58:06 - ROBOTY.main - INFO - Создан входной файл: C:\Users\22200490\.cursor\ROBOTY-main\data\input_20250926_105802.json
2025-09-26 10:58:06 - ROBOTY.parser - INFO - Начинаем загрузку файла: C:\Users\22200490\.cursor\ROBOTY-main\data\input_20250926_105802.json
2025-09-26 10:58:06 - ROBOTY.parser - INFO - Файл C:\Users\22200490\.cursor\ROBOTY-main\data\input_20250926_105802.json успешно загружен
2025-09-26 10:58:06 - ROBOTY.parser - DEBUG - Робот 1 успешно загружен
2025-09-26 10:58:06 - ROBOTY.parser - DEBUG - Робот 2 успешно загружен
2025-09-26 10:58:06 - ROBOTY.parser - DEBUG - Операция 1 успешно загружена
2025-09-26 10:58:06 - ROBOTY.parser - DEBUG - Операция 2 успешно загружена
2025-09-26 10:58:06 - ROBOTY.parser - DEBUG - Операция 3 успешно загружена
2025-09-26 10:58:06 - ROBOTY.parser - DEBUG - Операция 4 успешно загружена
2025-09-26 10:58:06 - ROBOTY.parser - DEBUG - Операция 5 успешно загружена
2025-09-26 10:58:06 - ROBOTY.parser - DEBUG - Операция 6 успешно загружена
2025-09-26 10:58:06 - ROBOTY.parser - DEBUG - Операция 7 успешно загружена
2025-09-26 10:58:06 - ROBOTY.parser - DEBUG - Операция 8 успешно загружена
2025-09-26 10:58:06 - ROBOTY.parser - DEBUG - Операция 9 успешно загружена
2025-09-26 10:58:06 - ROBOTY.parser - DEBUG - Операция 10 успешно загружена
2025-09-26 10:58:06 - ROBOTY.parser - DEBUG - Операция 11 успешно загружена
2025-09-26 10:58:06 - ROBOTY.parser - DEBUG - Операция 12 успешно загружена
2025-09-26 10:58:06 - ROBOTY.parser - DEBUG - Операция 13 успешно загружена
2025-09-26 10:58:06 - ROBOTY.parser - DEBUG - Операция 14 успешно загружена
2025-09-26 10:58:06 - ROBOTY.parser - DEBUG - Операция 15 успешно загружена
2025-09-26 10:58:06 - ROBOTY.parser - DEBUG - Операция 16 успешно загружена
2025-09-26 10:58:06 - ROBOTY.parser - DEBUG - Операция 17 успешно загружена
2025-09-26 10:58:06 - ROBOTY.parser - DEBUG - Операция 18 успешно загружена
2025-09-26 10:58:06 - ROBOTY.parser - DEBUG - Операция 19 успешно загружена
2025-09-26 10:58:06 - ROBOTY.parser - DEBUG - Операция 20 успешно загружена
2025-09-26 10:58:06 - ROBOTY.parser - DEBUG - Операция 21 успешно загружена
2025-09-26 10:58:06 - ROBOTY.parser - DEBUG - Операция 22 успешно загружена
2025-09-26 10:58:06 - ROBOTY.parser - DEBUG - Операция 23 успешно загружена
2025-09-26 10:58:06 - ROBOTY.parser - DEBUG - Операция 24 успешно загружена
2025-09-26 10:58:06 - ROBOTY.parser - DEBUG - Операция 25 успешно загружена
2025-09-26 10:58:06 - ROBOTY.parser - DEBUG - Операция 26 успешно загружена
2025-09-26 10:58:06 - ROBOTY.parser - DEBUG - Операция 27 успешно загружена
2025-09-26 10:58:06 - ROBOTY.parser - DEBUG - Операция 28 успешно загружена
2025-09-26 10:58:06 - ROBOTY.parser - DEBUG - Операция 29 успешно загружена
2025-09-26 10:58:06 - ROBOTY.parser - DEBUG - Операция 30 успешно загружена
2025-09-26 10:58:06 - ROBOTY.parser - INFO - Загружено 2 роботов и 30 операций
2025-09-26 10:58:12 - ROBOTY.main - INFO - Запуск планировщика
2025-09-26 10:58:12 - ROBOTY.planner - INFO - Запуск планировщика траекторий
2025-09-26 10:58:12 - ROBOTY.assigner - INFO - Начинаем назначение операций методом: balanced
2025-09-26 10:58:12 - ROBOTY.assigner - DEBUG - Операция 0 назначена роботу 0 (нагрузка: 6.04)
2025-09-26 10:58:12 - ROBOTY.assigner - DEBUG - Операция 1 назначена роботу 1 (нагрузка: 6.26)
2025-09-26 10:58:12 - ROBOTY.assigner - DEBUG - Операция 2 назначена роботу 1 (нагрузка: 13.40)
2025-09-26 10:58:12 - ROBOTY.assigner - DEBUG - Операция 3 назначена роботу 0 (нагрузка: 14.12)
2025-09-26 10:58:12 - ROBOTY.assigner - DEBUG - Операция 4 назначена роботу 1 (нагрузка: 21.38)
2025-09-26 10:58:12 - ROBOTY.assigner - DEBUG - Операция 5 назначена роботу 0 (нагрузка: 29.13)
2025-09-26 10:58:12 - ROBOTY.assigner - DEBUG - Операция 6 назначена роботу 1 (нагрузка: 29.11)
2025-09-26 10:58:12 - ROBOTY.assigner - DEBUG - Операция 7 назначена роботу 0 (нагрузка: 35.95)
2025-09-26 10:58:12 - ROBOTY.assigner - DEBUG - Операция 8 назначена роботу 1 (нагрузка: 36.34)
2025-09-26 10:58:12 - ROBOTY.assigner - DEBUG - Операция 9 назначена роботу 1 (нагрузка: 47.34)
2025-09-26 10:58:12 - ROBOTY.assigner - DEBUG - Операция 10 назначена роботу 0 (нагрузка: 49.81)
2025-09-26 10:58:12 - ROBOTY.assigner - DEBUG - Операция 11 назначена роботу 1 (нагрузка: 61.56)
2025-09-26 10:58:12 - ROBOTY.assigner - DEBUG - Операция 12 назначена роботу 0 (нагрузка: 62.76)
2025-09-26 10:58:12 - ROBOTY.assigner - DEBUG - Операция 13 назначена роботу 1 (нагрузка: 68.85)
2025-09-26 10:58:12 - ROBOTY.assigner - DEBUG - Операция 14 назначена роботу 0 (нагрузка: 75.87)
2025-09-26 10:58:12 - ROBOTY.assigner - DEBUG - Операция 15 назначена роботу 1 (нагрузка: 78.96)
2025-09-26 10:58:12 - ROBOTY.assigner - DEBUG - Операция 16 назначена роботу 0 (нагрузка: 83.79)
2025-09-26 10:58:12 - ROBOTY.assigner - DEBUG - Операция 17 назначена роботу 1 (нагрузка: 88.38)
2025-09-26 10:58:12 - ROBOTY.assigner - DEBUG - Операция 18 назначена роботу 0 (нагрузка: 94.55)
2025-09-26 10:58:12 - ROBOTY.assigner - DEBUG - Операция 19 назначена роботу 1 (нагрузка: 97.40)
2025-09-26 10:58:12 - ROBOTY.assigner - DEBUG - Операция 20 назначена роботу 0 (нагрузка: 106.98)
2025-09-26 10:58:12 - ROBOTY.assigner - DEBUG - Операция 21 назначена роботу 1 (нагрузка: 105.67)
2025-09-26 10:58:12 - ROBOTY.assigner - DEBUG - Операция 22 назначена роботу 1 (нагрузка: 119.06)
2025-09-26 10:58:12 - ROBOTY.assigner - DEBUG - Операция 23 назначена роботу 0 (нагрузка: 116.70)
2025-09-26 10:58:12 - ROBOTY.assigner - DEBUG - Операция 24 назначена роботу 0 (нагрузка: 130.86)
2025-09-26 10:58:12 - ROBOTY.assigner - DEBUG - Операция 25 назначена роботу 1 (нагрузка: 130.93)
2025-09-26 10:58:12 - ROBOTY.assigner - DEBUG - Операция 26 назначена роботу 1 (нагрузка: 136.42)
2025-09-26 10:58:12 - ROBOTY.assigner - DEBUG - Операция 27 назначена роботу 0 (нагрузка: 143.41)
2025-09-26 10:58:12 - ROBOTY.assigner - DEBUG - Операция 28 назначена роботу 1 (нагрузка: 150.12)
2025-09-26 10:58:12 - ROBOTY.assigner - DEBUG - Операция 29 назначена роботу 0 (нагрузка: 151.49)
2025-09-26 10:58:12 - ROBOTY.assigner - INFO - Распределено 30 операций с балансировкой нагрузки
2025-09-26 10:58:12 - ROBOTY.assigner - INFO - Итоговые нагрузки роботов: ['151.49', '150.12']
2025-09-26 10:58:12 - ROBOTY.assigner - INFO - Робот 0: 14 операций, нагрузка 151.49
2025-09-26 10:58:12 - ROBOTY.assigner - INFO - Робот 1: 16 операций, нагрузка 150.12
2025-09-26 10:58:12 - ROBOTY.planner - INFO - Операции назначены методом: balanced
2025-09-26 10:58:12 - ROBOTY.planner - INFO - Планирование траектории для робота 1 (ID: 1) с 14 операциями
2025-09-26 10:58:12 - ROBOTY.planner - DEBUG - Планирование траектории для робота с 14 операциями
2025-09-26 10:58:12 - ROBOTY.planner - DEBUG - Операция 1 запланирована, время завершения: 7.96
2025-09-26 10:58:12 - ROBOTY.planner - DEBUG - Операция 2 запланирована, время завершения: 17.53
2025-09-26 10:58:12 - ROBOTY.planner - DEBUG - Операция 3 запланирована, время завершения: 34.43
2025-09-26 10:58:12 - ROBOTY.planner - DEBUG - Операция 4 запланирована, время завершения: 46.37
2025-09-26 10:58:12 - ROBOTY.planner - DEBUG - Операция 5 запланирована, время завершения: 59.05
2025-09-26 10:58:12 - ROBOTY.planner - DEBUG - Операция 6 запланирована, время завершения: 69.69
2025-09-26 10:58:12 - ROBOTY.planner - DEBUG - Операция 7 запланирована, время завершения: 79.97
2025-09-26 10:58:12 - ROBOTY.planner - DEBUG - Операция 8 запланирована, время завершения: 93.44
2025-09-26 10:58:12 - ROBOTY.planner - DEBUG - Операция 9 запланирована, время завершения: 103.82
2025-09-26 10:58:12 - ROBOTY.planner - DEBUG - Операция 10 запланирована, время завершения: 116.52
2025-09-26 10:58:12 - ROBOTY.planner - DEBUG - Операция 11 запланирована, время завершения: 127.88
2025-09-26 10:58:12 - ROBOTY.planner - DEBUG - Операция 12 запланирована, время завершения: 138.92
2025-09-26 10:58:12 - ROBOTY.planner - DEBUG - Операция 13 запланирована, время завершения: 149.17
2025-09-26 10:58:12 - ROBOTY.planner - DEBUG - Операция 14 запланирована, время завершения: 155.06
2025-09-26 10:58:12 - ROBOTY.planner - INFO - Траектория робота запланирована, общее время: 155.06
2025-09-26 10:58:12 - ROBOTY.planner - INFO - Робот 1: траектория содержит 336 точек
2025-09-26 10:58:12 - ROBOTY.planner - INFO - Планирование траектории для робота 2 (ID: 2) с 16 операциями
2025-09-26 10:58:12 - ROBOTY.planner - DEBUG - Планирование траектории для робота с 16 операциями
2025-09-26 10:58:12 - ROBOTY.planner - DEBUG - Операция 1 запланирована, время завершения: 7.85
2025-09-26 10:58:12 - ROBOTY.planner - DEBUG - Операция 2 запланирована, время завершения: 15.60
2025-09-26 10:58:12 - ROBOTY.planner - DEBUG - Операция 3 запланирована, время завершения: 21.66
2025-09-26 10:58:12 - ROBOTY.planner - DEBUG - Операция 4 запланирована, время завершения: 29.58
2025-09-26 10:58:12 - ROBOTY.planner - DEBUG - Операция 5 запланирована, время завершения: 38.02
2025-09-26 10:58:12 - ROBOTY.planner - DEBUG - Операция 6 запланирована, время завершения: 47.34
2025-09-26 10:58:12 - ROBOTY.planner - DEBUG - Операция 7 запланирована, время завершения: 60.20
2025-09-26 10:58:12 - ROBOTY.planner - DEBUG - Операция 8 запланирована, время завершения: 67.56
2025-09-26 10:58:12 - ROBOTY.planner - DEBUG - Операция 9 запланирована, время завершения: 78.54
2025-09-26 10:58:12 - ROBOTY.planner - DEBUG - Операция 10 запланирована, время завершения: 84.47
2025-09-26 10:58:12 - ROBOTY.planner - DEBUG - Операция 11 запланирована, время завершения: 92.37
2025-09-26 10:58:12 - ROBOTY.planner - DEBUG - Операция 12 запланирована, время завершения: 98.79
2025-09-26 10:58:12 - ROBOTY.planner - DEBUG - Операция 13 запланирована, время завершения: 108.45
2025-09-26 10:58:12 - ROBOTY.planner - DEBUG - Операция 14 запланирована, время завершения: 121.79
2025-09-26 10:58:12 - ROBOTY.planner - DEBUG - Операция 15 запланирована, время завершения: 131.27
2025-09-26 10:58:12 - ROBOTY.planner - DEBUG - Операция 16 запланирована, время завершения: 144.48
2025-09-26 10:58:12 - ROBOTY.planner - INFO - Траектория робота запланирована, общее время: 144.48
2025-09-26 10:58:12 - ROBOTY.planner - INFO - Робот 2: траектория содержит 384 точек
2025-09-26 10:58:12 - ROBOTY.planner - INFO - Планирование завершено. Makespan: 155.06
2025-09-26 10:58:12 - ROBOTY.main - INFO - Планировщик успешно завершил работу
2025-09-26 10:58:12 - ROBOTY.collision - INFO - Начинаем детальную проверку коллизий
2025-09-26 10:58:12 - ROBOTY.collision - DEBUG - Проверяем коллизии в диапазоне времени: 0.00 - 155.06
2025-09-26 10:58:12 - ROBOTY.collision - WARNING - Коллизия: роботы 1 и 2 в 118.50s, расстояние: 0.486, требуется: 0.500
2025-09-26 10:58:12 - ROBOTY.collision - WARNING - Коллизия: роботы 1 и 2 в 118.60s, расстояние: 0.354, требуется: 0.500
2025-09-26 10:58:12 - ROBOTY.collision - WARNING - Коллизия: роботы 1 и 2 в 118.70s, расстояние: 0.359, требуется: 0.500
2025-09-26 10:58:12 - ROBOTY.collision - WARNING - Коллизия: роботы 1 и 2 в 118.80s, расстояние: 0.496, требуется: 0.500
2025-09-26 10:58:12 - ROBOTY.collision - ERROR - Обнаружено 4 коллизий
2025-09-26 10:58:12 - ROBOTY.main - WARNING - Обнаружено 4 коллизий, применяем онлайн-безопасность
2025-09-26 10:58:12 - ROBOTY.safety - INFO - Применяем онлайн-безопасность: вставка пауз при коллизиях
2025-09-26 10:58:12 - ROBOTY.collision - INFO - Начинаем детальную проверку коллизий
2025-09-26 10:58:12 - ROBOTY.collision - DEBUG - Проверяем коллизии в диапазоне времени: 0.00 - 155.06
2025-09-26 10:58:12 - ROBOTY.collision - WARNING - Коллизия: роботы 1 и 2 в 118.50s, расстояние: 0.486, требуется: 0.500
2025-09-26 10:58:12 - ROBOTY.collision - WARNING - Коллизия: роботы 1 и 2 в 118.55s, расстояние: 0.408, требуется: 0.500
2025-09-26 10:58:12 - ROBOTY.collision - WARNING - Коллизия: роботы 1 и 2 в 118.60s, расстояние: 0.354, требуется: 0.500
2025-09-26 10:58:12 - ROBOTY.collision - WARNING - Коллизия: роботы 1 и 2 в 118.65s, расстояние: 0.336, требуется: 0.500
2025-09-26 10:58:12 - ROBOTY.collision - WARNING - Коллизия: роботы 1 и 2 в 118.70s, расстояние: 0.359, требуется: 0.500
2025-09-26 10:58:12 - ROBOTY.collision - WARNING - Коллизия: роботы 1 и 2 в 118.75s, расстояние: 0.416, требуется: 0.500
2025-09-26 10:58:12 - ROBOTY.collision - WARNING - Коллизия: роботы 1 и 2 в 118.80s, расстояние: 0.496, требуется: 0.500
2025-09-26 10:58:12 - ROBOTY.collision - ERROR - Обнаружено 7 коллизий
2025-09-26 10:58:12 - ROBOTY.safety - DEBUG - Добавлена пауза 0.60s роботу 1 в t=118.50s
2025-09-26 10:58:12 - ROBOTY.safety - DEBUG - Добавлена пауза 0.60s роботу 2 в t=118.50s
2025-09-26 10:58:12 - ROBOTY.safety - DEBUG - Добавлена пауза 0.60s роботу 1 в t=118.55s
2025-09-26 10:58:12 - ROBOTY.safety - DEBUG - Добавлена пауза 0.60s роботу 2 в t=118.55s
2025-09-26 10:58:12 - ROBOTY.safety - DEBUG - Добавлена пауза 0.60s роботу 1 в t=118.60s
2025-09-26 10:58:12 - ROBOTY.safety - DEBUG - Добавлена пауза 0.60s роботу 2 в t=118.60s
2025-09-26 10:58:12 - ROBOTY.safety - DEBUG - Добавлена пауза 0.60s роботу 1 в t=118.65s
2025-09-26 10:58:12 - ROBOTY.safety - DEBUG - Добавлена пауза 0.60s роботу 2 в t=118.65s
2025-09-26 10:58:12 - ROBOTY.safety - DEBUG - Добавлена пауза 0.60s роботу 1 в t=118.70s
2025-09-26 10:58:12 - ROBOTY.safety - DEBUG - Добавлена пауза 0.60s роботу 2 в t=118.70s
2025-09-26 10:58:12 - ROBOTY.safety - DEBUG - Добавлена пауза 0.60s роботу 1 в t=118.75s
2025-09-26 10:58:12 - ROBOTY.safety - DEBUG - Добавлена пауза 0.60s роботу 2 в t=118.75s
2025-09-26 10:58:12 - ROBOTY.safety - DEBUG - Добавлена пауза 0.60s роботу 1 в t=118.80s
2025-09-26 10:58:12 - ROBOTY.safety - DEBUG - Добавлена пауза 0.60s роботу 2 в t=118.80s
2025-09-26 10:58:12 - ROBOTY.safety - INFO - Онлайн-безопасность применена: паузы вставлены
2025-09-26 10:58:12 - ROBOTY.collision - INFO - Начинаем детальную проверку коллизий
2025-09-26 10:58:12 - ROBOTY.collision - DEBUG - Проверяем коллизии в диапазоне времени: 0.00 - 159.26
2025-09-26 10:58:13 - ROBOTY.collision - WARNING - Коллизия: роботы 1 и 2 в 118.50s, расстояние: 0.486, требуется: 0.500
2025-09-26 10:58:13 - ROBOTY.collision - WARNING - Коллизия: роботы 1 и 2 в 118.60s, расстояние: 0.486, требуется: 0.500
2025-09-26 10:58:13 - ROBOTY.collision - WARNING - Коллизия: роботы 1 и 2 в 118.70s, расстояние: 0.486, требуется: 0.500
2025-09-26 10:58:13 - ROBOTY.collision - WARNING - Коллизия: роботы 1 и 2 в 118.80s, расстояние: 0.486, требуется: 0.500
2025-09-26 10:58:13 - ROBOTY.collision - WARNING - Коллизия: роботы 1 и 2 в 118.90s, расстояние: 0.486, требуется: 0.500
2025-09-26 10:58:13 - ROBOTY.collision - WARNING - Коллизия: роботы 1 и 2 в 119.00s, расстояние: 0.486, требуется: 0.500
2025-09-26 10:58:13 - ROBOTY.collision - WARNING - Коллизия: роботы 1 и 2 в 119.10s, расстояние: 0.486, требуется: 0.500
2025-09-26 10:58:13 - ROBOTY.collision - WARNING - Коллизия: роботы 1 и 2 в 119.20s, расстояние: 0.486, требуется: 0.500
2025-09-26 10:58:13 - ROBOTY.collision - WARNING - Коллизия: роботы 1 и 2 в 119.30s, расстояние: 0.486, требуется: 0.500
2025-09-26 10:58:13 - ROBOTY.collision - WARNING - Коллизия: роботы 1 и 2 в 119.40s, расстояние: 0.486, требуется: 0.500
2025-09-26 10:58:13 - ROBOTY.collision - WARNING - Коллизия: роботы 1 и 2 в 119.50s, расстояние: 0.486, требуется: 0.500
2025-09-26 10:58:13 - ROBOTY.collision - WARNING - Коллизия: роботы 1 и 2 в 119.60s, расстояние: 0.486, требуется: 0.500
2025-09-26 10:58:13 - ROBOTY.collision - WARNING - Коллизия: роботы 1 и 2 в 119.70s, расстояние: 0.486, требуется: 0.500
2025-09-26 10:58:13 - ROBOTY.collision - WARNING - Коллизия: роботы 1 и 2 в 119.80s, расстояние: 0.486, требуется: 0.500
2025-09-26 10:58:13 - ROBOTY.collision - WARNING - Коллизия: роботы 1 и 2 в 119.90s, расстояние: 0.486, требуется: 0.500
2025-09-26 10:58:13 - ROBOTY.collision - WARNING - Коллизия: роботы 1 и 2 в 120.00s, расстояние: 0.486, требуется: 0.500
2025-09-26 10:58:13 - ROBOTY.collision - WARNING - Коллизия: роботы 1 и 2 в 120.10s, расстояние: 0.486, требуется: 0.500
2025-09-26 10:58:13 - ROBOTY.collision - WARNING - Коллизия: роботы 1 и 2 в 120.20s, расстояние: 0.486, требуется: 0.500
2025-09-26 10:58:13 - ROBOTY.collision - WARNING - Коллизия: роботы 1 и 2 в 120.30s, расстояние: 0.486, требуется: 0.500
2025-09-26 10:58:13 - ROBOTY.collision - WARNING - Коллизия: роботы 1 и 2 в 120.40s, расстояние: 0.486, требуется: 0.500
2025-09-26 10:58:13 - ROBOTY.collision - WARNING - Коллизия: роботы 1 и 2 в 120.50s, расстояние: 0.486, требуется: 0.500
2025-09-26 10:58:13 - ROBOTY.collision - WARNING - Коллизия: роботы 1 и 2 в 120.60s, расстояние: 0.486, требуется: 0.500
2025-09-26 10:58:13 - ROBOTY.collision - WARNING - Коллизия: роботы 1 и 2 в 120.70s, расстояние: 0.486, требуется: 0.500
2025-09-26 10:58:13 - ROBOTY.collision - WARNING - Коллизия: роботы 1 и 2 в 120.80s, расстояние: 0.486, требуется: 0.500
2025-09-26 10:58:13 - ROBOTY.collision - WARNING - Коллизия: роботы 1 и 2 в 120.90s, расстояние: 0.486, требуется: 0.500
2025-09-26 10:58:13 - ROBOTY.collision - WARNING - Коллизия: роботы 1 и 2 в 121.00s, расстояние: 0.486, требуется: 0.500
2025-09-26 10:58:13 - ROBOTY.collision - WARNING - Коллизия: роботы 1 и 2 в 121.10s, расстояние: 0.486, требуется: 0.500
2025-09-26 10:58:13 - ROBOTY.collision - WARNING - Коллизия: роботы 1 и 2 в 121.20s, расстояние: 0.486, требуется: 0.500
2025-09-26 10:58:13 - ROBOTY.collision - WARNING - Коллизия: роботы 1 и 2 в 121.30s, расстояние: 0.486, требуется: 0.500
2025-09-26 10:58:13 - ROBOTY.collision - WARNING - Коллизия: роботы 1 и 2 в 121.40s, расстояние: 0.486, требуется: 0.500
2025-09-26 10:58:13 - ROBOTY.collision - WARNING - Коллизия: роботы 1 и 2 в 121.50s, расстояние: 0.486, требуется: 0.500
2025-09-26 10:58:13 - ROBOTY.collision - WARNING - Коллизия: роботы 1 и 2 в 121.60s, расстояние: 0.486, требуется: 0.500
2025-09-26 10:58:13 - ROBOTY.collision - WARNING - Коллизия: роботы 1 и 2 в 121.70s, расстояние: 0.486, требуется: 0.500
2025-09-26 10:58:13 - ROBOTY.collision - WARNING - Коллизия: роботы 1 и 2 в 121.80s, расстояние: 0.486, требуется: 0.500
2025-09-26 10:58:13 - ROBOTY.collision - WARNING - Коллизия: роботы 1 и 2 в 121.90s, расстояние: 0.486, требуется: 0.500
2025-09-26 10:58:13 - ROBOTY.collision - WARNING - Коллизия: роботы 1 и 2 в 122.00s, расстояние: 0.486, требуется: 0.500
2025-09-26 10:58:13 - ROBOTY.collision - WARNING - Коллизия: роботы 1 и 2 в 122.10s, расстояние: 0.486, требуется: 0.500
2025-09-26 10:58:13 - ROBOTY.collision - WARNING - Коллизия: роботы 1 и 2 в 122.20s, расстояние: 0.486, требуется: 0.500
2025-09-26 10:58:13 - ROBOTY.collision - WARNING - Коллизия: роботы 1 и 2 в 122.30s, расстояние: 0.486, требуется: 0.500
2025-09-26 10:58:13 - ROBOTY.collision - WARNING - Коллизия: роботы 1 и 2 в 122.40s, расстояние: 0.486, требуется: 0.500
2025-09-26 10:58:13 - ROBOTY.collision - WARNING - Коллизия: роботы 1 и 2 в 122.50s, расстояние: 0.486, требуется: 0.500
2025-09-26 10:58:13 - ROBOTY.collision - WARNING - Коллизия: роботы 1 и 2 в 122.60s, расстояние: 0.486, требуется: 0.500
2025-09-26 10:58:13 - ROBOTY.collision - WARNING - Коллизия: роботы 1 и 2 в 122.70s, расстояние: 0.486, требуется: 0.500
2025-09-26 10:58:13 - ROBOTY.collision - WARNING - Коллизия: роботы 1 и 2 в 122.80s, расстояние: 0.354, требуется: 0.500
2025-09-26 10:58:13 - ROBOTY.collision - WARNING - Коллизия: роботы 1 и 2 в 122.90s, расстояние: 0.359, требуется: 0.500
2025-09-26 10:58:13 - ROBOTY.collision - WARNING - Коллизия: роботы 1 и 2 в 123.00s, расстояние: 0.496, требуется: 0.500
2025-09-26 10:58:13 - ROBOTY.collision - ERROR - Обнаружено 46 коллизий
2025-09-26 10:58:13 - ROBOTY.main - WARNING - Коллизии сохраняются после вставки пауз
2025-09-26 10:58:14 - ROBOTY.main - INFO - Открытие визуализатора
2025-09-26 10:58:14 - ROBOTY.main - INFO - Визуализация успешно завершена
2025-09-26 10:58:14 - ROBOTY.visualizer - INFO - Запуск визуализации типа: 3d_anim
2025-09-26 10:58:14 - ROBOTY.visualizer - INFO - Создание 3D анимации траекторий
2025-09-26 10:58:14 - ROBOTY.visualizer - INFO - Создание 3D визуализации траекторий
2025-09-26 10:58:14 - ROBOTY.visualizer - INFO - 3D визуализация создана
2025-09-26 10:58:20 - ROBOTY.visualizer - INFO - Визуализация записана во временный файл: C:\Users\22200490\AppData\Local\Temp\tmpkzn43be8_viz_3d_anim.html
2025-09-26 10:58:21 - ROBOTY.visualizer - INFO - Визуализация открыта в браузере из временного файла
2025-09-26 10:58:21 - ROBOTY.main - INFO - Визуализация успешно завершена (в фоне, временный файл будет удалён автоматически)
2025-09-26 10:59:25 - ROBOTY.main - INFO - Логи очищены пользователем
2025-09-26 10:59:31 - ROBOTY.visualizer - INFO - Временный файл визуализации удалён: C:\Users\22200490\AppData\Local\Temp\tmpkzn43be8_viz_3d_anim.html
