2025-09-27 14:21:00 - ROBOTY.main - INFO - Запуск приложения ROBOTY
2025-09-27 14:21:00 - ROBOTY.main - INFO - Применена тема: dark
2025-09-27 14:21:00 - ROBOTY.main - INFO - Интерфейс инициализирован
2025-09-27 14:21:01 - ROBOTY.main - INFO - Приложение успешно запущено
2025-09-27 14:21:08 - ROBOTY.main - INFO - Создан входной файл: C:\Users\22200490\.cursor\ROBOTY-main\data\input_20250927_142103.json
2025-09-27 14:21:08 - ROBOTY.parser - INFO - Начинаем загрузку файла: C:\Users\22200490\.cursor\ROBOTY-main\data\input_20250927_142103.json
2025-09-27 14:21:08 - ROBOTY.parser - INFO - Файл C:\Users\22200490\.cursor\ROBOTY-main\data\input_20250927_142103.json успешно загружен
2025-09-27 14:21:08 - ROBOTY.parser - DEBUG - Робот 1 успешно загружен
2025-09-27 14:21:08 - ROBOTY.parser - DEBUG - Робот 2 успешно загружен
2025-09-27 14:21:08 - ROBOTY.parser - DEBUG - Робот 3 успешно загружен
2025-09-27 14:21:08 - ROBOTY.parser - DEBUG - Робот 4 успешно загружен
2025-09-27 14:21:08 - ROBOTY.parser - DEBUG - Робот 5 успешно загружен
2025-09-27 14:21:08 - ROBOTY.parser - DEBUG - Робот 6 успешно загружен
2025-09-27 14:21:08 - ROBOTY.parser - DEBUG - Робот 7 успешно загружен
2025-09-27 14:21:08 - ROBOTY.parser - DEBUG - Робот 8 успешно загружен
2025-09-27 14:21:08 - ROBOTY.parser - DEBUG - Робот 9 успешно загружен
2025-09-27 14:21:08 - ROBOTY.parser - DEBUG - Робот 10 успешно загружен
2025-09-27 14:21:08 - ROBOTY.parser - DEBUG - Операция 1 успешно загружена
2025-09-27 14:21:08 - ROBOTY.parser - DEBUG - Операция 2 успешно загружена
2025-09-27 14:21:08 - ROBOTY.parser - DEBUG - Операция 3 успешно загружена
2025-09-27 14:21:08 - ROBOTY.parser - DEBUG - Операция 4 успешно загружена
2025-09-27 14:21:08 - ROBOTY.parser - DEBUG - Операция 5 успешно загружена
2025-09-27 14:21:08 - ROBOTY.parser - DEBUG - Операция 6 успешно загружена
2025-09-27 14:21:08 - ROBOTY.parser - DEBUG - Операция 7 успешно загружена
2025-09-27 14:21:08 - ROBOTY.parser - DEBUG - Операция 8 успешно загружена
2025-09-27 14:21:08 - ROBOTY.parser - DEBUG - Операция 9 успешно загружена
2025-09-27 14:21:08 - ROBOTY.parser - DEBUG - Операция 10 успешно загружена
2025-09-27 14:21:08 - ROBOTY.parser - DEBUG - Операция 11 успешно загружена
2025-09-27 14:21:08 - ROBOTY.parser - DEBUG - Операция 12 успешно загружена
2025-09-27 14:21:08 - ROBOTY.parser - DEBUG - Операция 13 успешно загружена
2025-09-27 14:21:08 - ROBOTY.parser - DEBUG - Операция 14 успешно загружена
2025-09-27 14:21:08 - ROBOTY.parser - DEBUG - Операция 15 успешно загружена
2025-09-27 14:21:08 - ROBOTY.parser - DEBUG - Операция 16 успешно загружена
2025-09-27 14:21:08 - ROBOTY.parser - DEBUG - Операция 17 успешно загружена
2025-09-27 14:21:08 - ROBOTY.parser - DEBUG - Операция 18 успешно загружена
2025-09-27 14:21:08 - ROBOTY.parser - DEBUG - Операция 19 успешно загружена
2025-09-27 14:21:08 - ROBOTY.parser - DEBUG - Операция 20 успешно загружена
2025-09-27 14:21:08 - ROBOTY.parser - DEBUG - Операция 21 успешно загружена
2025-09-27 14:21:08 - ROBOTY.parser - DEBUG - Операция 22 успешно загружена
2025-09-27 14:21:08 - ROBOTY.parser - DEBUG - Операция 23 успешно загружена
2025-09-27 14:21:08 - ROBOTY.parser - DEBUG - Операция 24 успешно загружена
2025-09-27 14:21:08 - ROBOTY.parser - DEBUG - Операция 25 успешно загружена
2025-09-27 14:21:08 - ROBOTY.parser - DEBUG - Операция 26 успешно загружена
2025-09-27 14:21:08 - ROBOTY.parser - DEBUG - Операция 27 успешно загружена
2025-09-27 14:21:08 - ROBOTY.parser - DEBUG - Операция 28 успешно загружена
2025-09-27 14:21:08 - ROBOTY.parser - DEBUG - Операция 29 успешно загружена
2025-09-27 14:21:08 - ROBOTY.parser - DEBUG - Операция 30 успешно загружена
2025-09-27 14:21:08 - ROBOTY.parser - INFO - Загружено 10 роботов и 30 операций
2025-09-27 14:21:13 - ROBOTY.main - INFO - Запуск планировщика
2025-09-27 14:21:13 - ROBOTY.planner - INFO - Запуск планировщика траекторий
2025-09-27 14:21:13 - ROBOTY.assigner - INFO - Начинаем назначение операций методом: balanced
2025-09-27 14:21:13 - ROBOTY.assigner - DEBUG - Операция 0 назначена роботу 7 (нагрузка: 8.77)
2025-09-27 14:21:13 - ROBOTY.assigner - DEBUG - Операция 1 назначена роботу 3 (нагрузка: 6.95)
2025-09-27 14:21:13 - ROBOTY.assigner - DEBUG - Операция 2 назначена роботу 1 (нагрузка: 10.10)
2025-09-27 14:21:13 - ROBOTY.assigner - DEBUG - Операция 3 назначена роботу 8 (нагрузка: 7.11)
2025-09-27 14:21:13 - ROBOTY.assigner - DEBUG - Операция 4 назначена роботу 9 (нагрузка: 7.02)
2025-09-27 14:21:13 - ROBOTY.assigner - DEBUG - Операция 5 назначена роботу 4 (нагрузка: 10.43)
2025-09-27 14:21:13 - ROBOTY.assigner - DEBUG - Операция 6 назначена роботу 5 (нагрузка: 11.95)
2025-09-27 14:21:13 - ROBOTY.assigner - DEBUG - Операция 7 назначена роботу 0 (нагрузка: 10.79)
2025-09-27 14:21:13 - ROBOTY.assigner - DEBUG - Операция 8 назначена роботу 2 (нагрузка: 15.22)
2025-09-27 14:21:13 - ROBOTY.assigner - DEBUG - Операция 9 назначена роботу 6 (нагрузка: 9.64)
2025-09-27 14:21:13 - ROBOTY.assigner - DEBUG - Операция 10 назначена роботу 3 (нагрузка: 13.69)
2025-09-27 14:21:13 - ROBOTY.assigner - DEBUG - Операция 11 назначена роботу 7 (нагрузка: 18.69)
2025-09-27 14:21:13 - ROBOTY.assigner - DEBUG - Операция 12 назначена роботу 8 (нагрузка: 16.42)
2025-09-27 14:21:13 - ROBOTY.assigner - DEBUG - Операция 13 назначена роботу 9 (нагрузка: 19.95)
2025-09-27 14:21:13 - ROBOTY.assigner - DEBUG - Операция 14 назначена роботу 3 (нагрузка: 24.56)
2025-09-27 14:21:13 - ROBOTY.assigner - DEBUG - Операция 15 назначена роботу 4 (нагрузка: 15.05)
2025-09-27 14:21:13 - ROBOTY.assigner - DEBUG - Операция 16 назначена роботу 1 (нагрузка: 19.27)
2025-09-27 14:21:13 - ROBOTY.assigner - DEBUG - Операция 17 назначена роботу 6 (нагрузка: 16.61)
2025-09-27 14:21:13 - ROBOTY.assigner - DEBUG - Операция 18 назначена роботу 0 (нагрузка: 21.47)
2025-09-27 14:21:13 - ROBOTY.assigner - DEBUG - Операция 19 назначена роботу 8 (нагрузка: 29.34)
2025-09-27 14:21:13 - ROBOTY.assigner - DEBUG - Операция 20 назначена роботу 2 (нагрузка: 23.53)
2025-09-27 14:21:13 - ROBOTY.assigner - DEBUG - Операция 21 назначена роботу 5 (нагрузка: 23.97)
2025-09-27 14:21:13 - ROBOTY.assigner - DEBUG - Операция 22 назначена роботу 1 (нагрузка: 27.55)
2025-09-27 14:21:13 - ROBOTY.assigner - DEBUG - Операция 23 назначена роботу 7 (нагрузка: 30.07)
2025-09-27 14:21:13 - ROBOTY.assigner - DEBUG - Операция 24 назначена роботу 4 (нагрузка: 25.83)
2025-09-27 14:21:13 - ROBOTY.assigner - DEBUG - Операция 25 назначена роботу 9 (нагрузка: 24.59)
2025-09-27 14:21:13 - ROBOTY.assigner - DEBUG - Операция 26 назначена роботу 6 (нагрузка: 28.41)
2025-09-27 14:21:13 - ROBOTY.assigner - DEBUG - Операция 27 назначена роботу 3 (нагрузка: 33.49)
2025-09-27 14:21:13 - ROBOTY.assigner - DEBUG - Операция 28 назначена роботу 0 (нагрузка: 36.86)
2025-09-27 14:21:13 - ROBOTY.assigner - DEBUG - Операция 29 назначена роботу 9 (нагрузка: 33.32)
2025-09-27 14:21:13 - ROBOTY.assigner - INFO - Распределено 30 операций с балансировкой нагрузки
2025-09-27 14:21:13 - ROBOTY.assigner - INFO - Итоговые нагрузки роботов: ['36.86', '27.55', '23.53', '33.49', '25.83', '23.97', '28.41', '30.07', '29.34', '33.32']
2025-09-27 14:21:13 - ROBOTY.assigner - INFO - Робот 0: 3 операций, нагрузка 36.86
2025-09-27 14:21:13 - ROBOTY.assigner - INFO - Робот 1: 3 операций, нагрузка 27.55
2025-09-27 14:21:13 - ROBOTY.assigner - INFO - Робот 2: 2 операций, нагрузка 23.53
2025-09-27 14:21:13 - ROBOTY.assigner - INFO - Робот 3: 4 операций, нагрузка 33.49
2025-09-27 14:21:13 - ROBOTY.assigner - INFO - Робот 4: 3 операций, нагрузка 25.83
2025-09-27 14:21:13 - ROBOTY.assigner - INFO - Робот 5: 2 операций, нагрузка 23.97
2025-09-27 14:21:13 - ROBOTY.assigner - INFO - Робот 6: 3 операций, нагрузка 28.41
2025-09-27 14:21:13 - ROBOTY.assigner - INFO - Робот 7: 3 операций, нагрузка 30.07
2025-09-27 14:21:13 - ROBOTY.assigner - INFO - Робот 8: 3 операций, нагрузка 29.34
2025-09-27 14:21:13 - ROBOTY.assigner - INFO - Робот 9: 4 операций, нагрузка 33.32
2025-09-27 14:21:13 - ROBOTY.planner - INFO - Операции назначены методом: balanced
2025-09-27 14:21:13 - ROBOTY.planner - INFO - Планирование траектории для робота 1 (ID: 1) с 3 операциями
2025-09-27 14:21:13 - ROBOTY.planner - DEBUG - Планирование траектории для робота с 3 операциями
2025-09-27 14:21:13 - ROBOTY.planner - DEBUG - Операция 1 запланирована, время завершения: 12.82
2025-09-27 14:21:13 - ROBOTY.planner - DEBUG - Операция 2 запланирована, время завершения: 25.19
2025-09-27 14:21:13 - ROBOTY.planner - DEBUG - Операция 3 запланирована, время завершения: 43.45
2025-09-27 14:21:13 - ROBOTY.planner - INFO - Траектория робота запланирована, общее время: 43.45
2025-09-27 14:21:13 - ROBOTY.planner - INFO - Робот 1: траектория содержит 72 точек
2025-09-27 14:21:13 - ROBOTY.planner - INFO - Планирование траектории для робота 2 (ID: 2) с 3 операциями
2025-09-27 14:21:13 - ROBOTY.planner - DEBUG - Планирование траектории для робота с 3 операциями
2025-09-27 14:21:13 - ROBOTY.planner - DEBUG - Операция 1 запланирована, время завершения: 12.07
2025-09-27 14:21:13 - ROBOTY.planner - DEBUG - Операция 2 запланирована, время завершения: 21.17
2025-09-27 14:21:13 - ROBOTY.planner - DEBUG - Операция 3 запланирована, время завершения: 34.91
2025-09-27 14:21:13 - ROBOTY.planner - INFO - Траектория робота запланирована, общее время: 34.91
2025-09-27 14:21:13 - ROBOTY.planner - INFO - Робот 2: траектория содержит 72 точек
2025-09-27 14:21:13 - ROBOTY.planner - INFO - Планирование траектории для робота 3 (ID: 3) с 2 операциями
2025-09-27 14:21:13 - ROBOTY.planner - DEBUG - Планирование траектории для робота с 2 операциями
2025-09-27 14:21:13 - ROBOTY.planner - DEBUG - Операция 1 запланирована, время завершения: 16.25
2025-09-27 14:21:13 - ROBOTY.planner - DEBUG - Операция 2 запланирована, время завершения: 33.16
2025-09-27 14:21:13 - ROBOTY.planner - INFO - Траектория робота запланирована, общее время: 33.16
2025-09-27 14:21:13 - ROBOTY.planner - INFO - Робот 3: траектория содержит 48 точек
2025-09-27 14:21:13 - ROBOTY.planner - INFO - Планирование траектории для робота 4 (ID: 4) с 4 операциями
2025-09-27 14:21:13 - ROBOTY.planner - DEBUG - Планирование траектории для робота с 4 операциями
2025-09-27 14:21:13 - ROBOTY.planner - DEBUG - Операция 1 запланирована, время завершения: 8.55
2025-09-27 14:21:13 - ROBOTY.planner - DEBUG - Операция 2 запланирована, время завершения: 16.35
2025-09-27 14:21:13 - ROBOTY.planner - DEBUG - Операция 3 запланирована, время завершения: 30.80
2025-09-27 14:21:13 - ROBOTY.planner - DEBUG - Операция 4 запланирована, время завершения: 44.40
2025-09-27 14:21:13 - ROBOTY.planner - INFO - Траектория робота запланирована, общее время: 44.40
2025-09-27 14:21:13 - ROBOTY.planner - INFO - Робот 4: траектория содержит 96 точек
2025-09-27 14:21:13 - ROBOTY.planner - INFO - Планирование траектории для робота 5 (ID: 5) с 3 операциями
2025-09-27 14:21:13 - ROBOTY.planner - DEBUG - Планирование траектории для робота с 3 операциями
2025-09-27 14:21:13 - ROBOTY.planner - DEBUG - Операция 1 запланирована, время завершения: 12.56
2025-09-27 14:21:13 - ROBOTY.planner - DEBUG - Операция 2 запланирована, время завершения: 21.01
2025-09-27 14:21:13 - ROBOTY.planner - DEBUG - Операция 3 запланирована, время завершения: 33.06
2025-09-27 14:21:13 - ROBOTY.planner - INFO - Траектория робота запланирована, общее время: 33.06
2025-09-27 14:21:13 - ROBOTY.planner - INFO - Робот 5: траектория содержит 72 точек
2025-09-27 14:21:13 - ROBOTY.planner - INFO - Планирование траектории для робота 6 (ID: 6) с 2 операциями
2025-09-27 14:21:13 - ROBOTY.planner - DEBUG - Планирование траектории для робота с 2 операциями
2025-09-27 14:21:13 - ROBOTY.planner - DEBUG - Операция 1 запланирована, время завершения: 13.12
2025-09-27 14:21:13 - ROBOTY.planner - DEBUG - Операция 2 запланирована, время завершения: 31.19
2025-09-27 14:21:13 - ROBOTY.planner - INFO - Траектория робота запланирована, общее время: 31.19
2025-09-27 14:21:13 - ROBOTY.planner - INFO - Робот 6: траектория содержит 48 точек
2025-09-27 14:21:13 - ROBOTY.planner - INFO - Планирование траектории для робота 7 (ID: 7) с 3 операциями
2025-09-27 14:21:13 - ROBOTY.planner - DEBUG - Планирование траектории для робота с 3 операциями
2025-09-27 14:21:13 - ROBOTY.planner - DEBUG - Операция 1 запланирована, время завершения: 11.02
2025-09-27 14:21:13 - ROBOTY.planner - DEBUG - Операция 2 запланирована, время завершения: 19.88
2025-09-27 14:21:13 - ROBOTY.planner - DEBUG - Операция 3 запланирована, время завершения: 35.34
2025-09-27 14:21:13 - ROBOTY.planner - INFO - Траектория робота запланирована, общее время: 35.34
2025-09-27 14:21:13 - ROBOTY.planner - INFO - Робот 7: траектория содержит 72 точек
2025-09-27 14:21:13 - ROBOTY.planner - INFO - Планирование траектории для робота 8 (ID: 8) с 3 операциями
2025-09-27 14:21:13 - ROBOTY.planner - DEBUG - Планирование траектории для робота с 3 операциями
2025-09-27 14:21:13 - ROBOTY.planner - DEBUG - Операция 1 запланирована, время завершения: 10.88
2025-09-27 14:21:13 - ROBOTY.planner - DEBUG - Операция 2 запланирована, время завершения: 23.79
2025-09-27 14:21:13 - ROBOTY.planner - DEBUG - Операция 3 запланирована, время завершения: 32.86
2025-09-27 14:21:13 - ROBOTY.planner - INFO - Траектория робота запланирована, общее время: 32.86
2025-09-27 14:21:13 - ROBOTY.planner - INFO - Робот 8: траектория содержит 72 точек
2025-09-27 14:21:13 - ROBOTY.planner - INFO - Планирование траектории для робота 9 (ID: 9) с 3 операциями
2025-09-27 14:21:13 - ROBOTY.planner - DEBUG - Планирование траектории для робота с 3 операциями
2025-09-27 14:21:13 - ROBOTY.planner - DEBUG - Операция 1 запланирована, время завершения: 8.38
2025-09-27 14:21:13 - ROBOTY.planner - DEBUG - Операция 2 запланирована, время завершения: 22.91
2025-09-27 14:21:13 - ROBOTY.planner - DEBUG - Операция 3 запланирована, время завершения: 42.74
2025-09-27 14:21:13 - ROBOTY.planner - INFO - Траектория робота запланирована, общее время: 42.74
2025-09-27 14:21:13 - ROBOTY.planner - INFO - Робот 9: траектория содержит 72 точек
2025-09-27 14:21:13 - ROBOTY.planner - INFO - Планирование траектории для робота 10 (ID: 10) с 4 операциями
2025-09-27 14:21:13 - ROBOTY.planner - DEBUG - Планирование траектории для робота с 4 операциями
2025-09-27 14:21:13 - ROBOTY.planner - DEBUG - Операция 1 запланирована, время завершения: 8.95
2025-09-27 14:21:13 - ROBOTY.planner - DEBUG - Операция 2 запланирована, время завершения: 22.11
2025-09-27 14:21:13 - ROBOTY.planner - DEBUG - Операция 3 запланирована, время завершения: 35.45
2025-09-27 14:21:13 - ROBOTY.planner - DEBUG - Операция 4 запланирована, время завершения: 43.71
2025-09-27 14:21:13 - ROBOTY.planner - INFO - Траектория робота запланирована, общее время: 43.71
2025-09-27 14:21:13 - ROBOTY.planner - INFO - Робот 10: траектория содержит 96 точек
2025-09-27 14:21:13 - ROBOTY.planner - INFO - Планирование завершено. Makespan: 44.40
2025-09-27 14:21:13 - ROBOTY.main - INFO - Планировщик успешно завершил работу
2025-09-27 14:21:13 - ROBOTY.collision - INFO - Начинаем детальную проверку коллизий
2025-09-27 14:21:13 - ROBOTY.collision - DEBUG - Проверяем коллизии в диапазоне времени: 0.00 - 44.40
2025-09-27 14:21:13 - ROBOTY.collision - WARNING - Коллизия: роботы 1 и 3 в 1.00s, расстояние: 0.420, требуется: 0.500
2025-09-27 14:21:13 - ROBOTY.collision - WARNING - Коллизия: роботы 1 и 3 в 1.10s, расстояние: 0.366, требуется: 0.500
2025-09-27 14:21:13 - ROBOTY.collision - WARNING - Коллизия: роботы 1 и 3 в 1.20s, расстояние: 0.361, требуется: 0.500
2025-09-27 14:21:13 - ROBOTY.collision - WARNING - Коллизия: роботы 1 и 3 в 1.30s, расстояние: 0.407, требуется: 0.500
2025-09-27 14:21:13 - ROBOTY.collision - WARNING - Коллизия: роботы 1 и 3 в 1.40s, расстояние: 0.490, требуется: 0.500
2025-09-27 14:21:13 - ROBOTY.collision - WARNING - Коллизия: роботы 4 и 7 в 1.40s, расстояние: 0.459, требуется: 0.500
2025-09-27 14:21:13 - ROBOTY.collision - WARNING - Коллизия: роботы 4 и 7 в 1.50s, расстояние: 0.453, требуется: 0.500
2025-09-27 14:21:13 - ROBOTY.collision - WARNING - Коллизия: роботы 6 и 7 в 5.90s, расстояние: 0.488, требуется: 0.500
2025-09-27 14:21:13 - ROBOTY.collision - WARNING - Коллизия: роботы 6 и 7 в 6.00s, расстояние: 0.489, требуется: 0.500
2025-09-27 14:21:13 - ROBOTY.collision - WARNING - Коллизия: роботы 3 и 6 в 8.50s, расстояние: 0.492, требуется: 0.500
2025-09-27 14:21:13 - ROBOTY.collision - WARNING - Коллизия: роботы 6 и 8 в 14.50s, расстояние: 0.420, требуется: 0.500
2025-09-27 14:21:13 - ROBOTY.collision - WARNING - Коллизия: роботы 6 и 8 в 14.60s, расстояние: 0.301, требуется: 0.500
2025-09-27 14:21:13 - ROBOTY.collision - WARNING - Коллизия: роботы 6 и 8 в 14.70s, расстояние: 0.296, требуется: 0.500
2025-09-27 14:21:13 - ROBOTY.collision - WARNING - Коллизия: роботы 6 и 8 в 14.80s, расстояние: 0.408, требуется: 0.500
2025-09-27 14:21:13 - ROBOTY.collision - WARNING - Коллизия: роботы 4 и 6 в 20.20s, расстояние: 0.475, требуется: 0.500
2025-09-27 14:21:13 - ROBOTY.collision - WARNING - Коллизия: роботы 4 и 6 в 20.30s, расстояние: 0.400, требуется: 0.500
2025-09-27 14:21:13 - ROBOTY.collision - WARNING - Коллизия: роботы 4 и 6 в 20.40s, расстояние: 0.331, требуется: 0.500
2025-09-27 14:21:13 - ROBOTY.collision - WARNING - Коллизия: роботы 4 и 6 в 20.50s, расстояние: 0.273, требуется: 0.500
2025-09-27 14:21:13 - ROBOTY.collision - WARNING - Коллизия: роботы 4 и 6 в 20.60s, расстояние: 0.235, требуется: 0.500
2025-09-27 14:21:13 - ROBOTY.collision - WARNING - Коллизия: роботы 4 и 6 в 20.70s, расстояние: 0.226, требуется: 0.500
2025-09-27 14:21:13 - ROBOTY.collision - WARNING - Коллизия: роботы 4 и 6 в 20.80s, расстояние: 0.250, требуется: 0.500
2025-09-27 14:21:13 - ROBOTY.collision - WARNING - Коллизия: роботы 4 и 6 в 20.90s, расстояние: 0.299, требуется: 0.500
2025-09-27 14:21:13 - ROBOTY.collision - WARNING - Коллизия: роботы 4 и 6 в 21.00s, расстояние: 0.362, требуется: 0.500
2025-09-27 14:21:13 - ROBOTY.collision - WARNING - Коллизия: роботы 4 и 6 в 21.10s, расстояние: 0.435, требуется: 0.500
2025-09-27 14:21:13 - ROBOTY.collision - WARNING - Коллизия: роботы 2 и 5 в 22.60s, расстояние: 0.499, требуется: 0.500
2025-09-27 14:21:13 - ROBOTY.collision - WARNING - Коллизия: роботы 6 и 7 в 28.00s, расстояние: 0.492, требуется: 0.500
2025-09-27 14:21:13 - ROBOTY.collision - WARNING - Коллизия: роботы 6 и 7 в 28.10s, расстояние: 0.455, требуется: 0.500
2025-09-27 14:21:13 - ROBOTY.collision - WARNING - Коллизия: роботы 6 и 7 в 28.20s, расстояние: 0.449, требуется: 0.500
2025-09-27 14:21:13 - ROBOTY.collision - WARNING - Коллизия: роботы 6 и 7 в 28.30s, расстояние: 0.475, требуется: 0.500
2025-09-27 14:21:13 - ROBOTY.collision - WARNING - Коллизия: роботы 2 и 5 в 29.70s, расстояние: 0.412, требуется: 0.500
2025-09-27 14:21:13 - ROBOTY.collision - WARNING - Коллизия: роботы 2 и 5 в 29.80s, расстояние: 0.299, требуется: 0.500
2025-09-27 14:21:13 - ROBOTY.collision - WARNING - Коллизия: роботы 2 и 5 в 29.90s, расстояние: 0.266, требуется: 0.500
2025-09-27 14:21:13 - ROBOTY.collision - WARNING - Коллизия: роботы 2 и 5 в 30.00s, расстояние: 0.338, требуется: 0.500
2025-09-27 14:21:13 - ROBOTY.collision - WARNING - Коллизия: роботы 2 и 5 в 30.10s, расстояние: 0.468, требуется: 0.500
2025-09-27 14:21:13 - ROBOTY.collision - WARNING - Коллизия: роботы 9 и 10 в 32.00s, расстояние: 0.472, требуется: 0.500
2025-09-27 14:21:13 - ROBOTY.collision - WARNING - Коллизия: роботы 9 и 10 в 32.10s, расстояние: 0.433, требуется: 0.500
2025-09-27 14:21:13 - ROBOTY.collision - WARNING - Коллизия: роботы 9 и 10 в 32.20s, расстояние: 0.404, требуется: 0.500
2025-09-27 14:21:13 - ROBOTY.collision - WARNING - Коллизия: роботы 9 и 10 в 32.30s, расстояние: 0.389, требуется: 0.500
2025-09-27 14:21:13 - ROBOTY.collision - WARNING - Коллизия: роботы 9 и 10 в 32.40s, расстояние: 0.384, требуется: 0.500
2025-09-27 14:21:13 - ROBOTY.collision - WARNING - Коллизия: роботы 9 и 10 в 32.50s, расстояние: 0.386, требуется: 0.500
2025-09-27 14:21:13 - ROBOTY.collision - WARNING - Коллизия: роботы 9 и 10 в 32.60s, расстояние: 0.398, требуется: 0.500
2025-09-27 14:21:13 - ROBOTY.collision - WARNING - Коллизия: роботы 9 и 10 в 32.70s, расстояние: 0.405, требуется: 0.500
2025-09-27 14:21:13 - ROBOTY.collision - WARNING - Коллизия: роботы 9 и 10 в 32.80s, расстояние: 0.418, требуется: 0.500
2025-09-27 14:21:13 - ROBOTY.collision - WARNING - Коллизия: роботы 9 и 10 в 32.90s, расстояние: 0.446, требуется: 0.500
2025-09-27 14:21:13 - ROBOTY.collision - WARNING - Коллизия: роботы 9 и 10 в 33.00s, расстояние: 0.494, требуется: 0.500
2025-09-27 14:21:13 - ROBOTY.collision - ERROR - Обнаружено 45 коллизий
2025-09-27 14:21:13 - ROBOTY.main - WARNING - Обнаружено 45 коллизий, применяем онлайн-безопасность
2025-09-27 14:21:13 - ROBOTY.safety - INFO - Применяем онлайн-безопасность: вставка пауз при коллизиях
2025-09-27 14:21:13 - ROBOTY.collision - INFO - Начинаем детальную проверку коллизий
2025-09-27 14:21:13 - ROBOTY.collision - DEBUG - Проверяем коллизии в диапазоне времени: 0.00 - 44.40
2025-09-27 14:21:13 - ROBOTY.collision - WARNING - Коллизия: роботы 1 и 3 в 0.95s, расстояние: 0.461, требуется: 0.500
2025-09-27 14:21:13 - ROBOTY.collision - WARNING - Коллизия: роботы 1 и 3 в 1.00s, расстояние: 0.420, требуется: 0.500
2025-09-27 14:21:13 - ROBOTY.collision - WARNING - Коллизия: роботы 1 и 3 в 1.05s, расстояние: 0.387, требуется: 0.500
2025-09-27 14:21:13 - ROBOTY.collision - WARNING - Коллизия: роботы 1 и 3 в 1.10s, расстояние: 0.366, требуется: 0.500
2025-09-27 14:21:13 - ROBOTY.collision - WARNING - Коллизия: роботы 1 и 3 в 1.15s, расстояние: 0.356, требуется: 0.500
2025-09-27 14:21:13 - ROBOTY.collision - WARNING - Коллизия: роботы 1 и 3 в 1.20s, расстояние: 0.361, требуется: 0.500
2025-09-27 14:21:13 - ROBOTY.collision - WARNING - Коллизия: роботы 1 и 3 в 1.25s, расстояние: 0.378, требуется: 0.500
2025-09-27 14:21:13 - ROBOTY.collision - WARNING - Коллизия: роботы 1 и 3 в 1.30s, расстояние: 0.407, требуется: 0.500
2025-09-27 14:21:13 - ROBOTY.collision - WARNING - Коллизия: роботы 1 и 3 в 1.35s, расстояние: 0.445, требуется: 0.500
2025-09-27 14:21:13 - ROBOTY.collision - WARNING - Коллизия: роботы 4 и 7 в 1.35s, расстояние: 0.488, требуется: 0.500
2025-09-27 14:21:13 - ROBOTY.collision - WARNING - Коллизия: роботы 1 и 3 в 1.40s, расстояние: 0.490, требуется: 0.500
2025-09-27 14:21:13 - ROBOTY.collision - WARNING - Коллизия: роботы 4 и 7 в 1.40s, расстояние: 0.459, требуется: 0.500
2025-09-27 14:21:13 - ROBOTY.collision - WARNING - Коллизия: роботы 4 и 7 в 1.45s, расстояние: 0.447, требуется: 0.500
2025-09-27 14:21:13 - ROBOTY.collision - WARNING - Коллизия: роботы 4 и 7 в 1.50s, расстояние: 0.453, требуется: 0.500
2025-09-27 14:21:13 - ROBOTY.collision - WARNING - Коллизия: роботы 4 и 7 в 1.55s, расстояние: 0.476, требуется: 0.500
2025-09-27 14:21:13 - ROBOTY.collision - WARNING - Коллизия: роботы 6 и 7 в 5.85s, расстояние: 0.494, требуется: 0.500
2025-09-27 14:21:13 - ROBOTY.collision - WARNING - Коллизия: роботы 6 и 7 в 5.90s, расстояние: 0.488, требуется: 0.500
2025-09-27 14:21:13 - ROBOTY.collision - WARNING - Коллизия: роботы 6 и 7 в 5.95s, расстояние: 0.487, требуется: 0.500
2025-09-27 14:21:13 - ROBOTY.collision - WARNING - Коллизия: роботы 6 и 7 в 6.00s, расстояние: 0.489, требуется: 0.500
2025-09-27 14:21:13 - ROBOTY.collision - WARNING - Коллизия: роботы 6 и 7 в 6.05s, расстояние: 0.494, требуется: 0.500
2025-09-27 14:21:14 - ROBOTY.collision - WARNING - Коллизия: роботы 3 и 6 в 8.50s, расстояние: 0.492, требуется: 0.500
2025-09-27 14:21:14 - ROBOTY.collision - WARNING - Коллизия: роботы 3 и 6 в 8.55s, расстояние: 0.494, требуется: 0.500
2025-09-27 14:21:14 - ROBOTY.collision - WARNING - Коллизия: роботы 6 и 8 в 14.45s, расстояние: 0.499, требуется: 0.500
2025-09-27 14:21:14 - ROBOTY.collision - WARNING - Коллизия: роботы 6 и 8 в 14.50s, расстояние: 0.420, требуется: 0.500
2025-09-27 14:21:14 - ROBOTY.collision - WARNING - Коллизия: роботы 6 и 8 в 14.55s, расстояние: 0.351, требуется: 0.500
2025-09-27 14:21:14 - ROBOTY.collision - WARNING - Коллизия: роботы 6 и 8 в 14.60s, расстояние: 0.301, требуется: 0.500
2025-09-27 14:21:14 - ROBOTY.collision - WARNING - Коллизия: роботы 6 и 8 в 14.65s, расстояние: 0.281, требуется: 0.500
2025-09-27 14:21:14 - ROBOTY.collision - WARNING - Коллизия: роботы 6 и 8 в 14.70s, расстояние: 0.296, требуется: 0.500
2025-09-27 14:21:14 - ROBOTY.collision - WARNING - Коллизия: роботы 6 и 8 в 14.75s, расстояние: 0.342, требуется: 0.500
2025-09-27 14:21:14 - ROBOTY.collision - WARNING - Коллизия: роботы 6 и 8 в 14.80s, расстояние: 0.408, требуется: 0.500
2025-09-27 14:21:14 - ROBOTY.collision - WARNING - Коллизия: роботы 6 и 8 в 14.85s, расстояние: 0.487, требуется: 0.500
2025-09-27 14:21:14 - ROBOTY.collision - WARNING - Коллизия: роботы 4 и 6 в 20.20s, расстояние: 0.475, требуется: 0.500
2025-09-27 14:21:14 - ROBOTY.collision - WARNING - Коллизия: роботы 4 и 6 в 20.25s, расстояние: 0.436, требуется: 0.500
2025-09-27 14:21:14 - ROBOTY.collision - WARNING - Коллизия: роботы 4 и 6 в 20.30s, расстояние: 0.400, требуется: 0.500
2025-09-27 14:21:14 - ROBOTY.collision - WARNING - Коллизия: роботы 4 и 6 в 20.35s, расстояние: 0.364, требуется: 0.500
2025-09-27 14:21:14 - ROBOTY.collision - WARNING - Коллизия: роботы 4 и 6 в 20.40s, расстояние: 0.331, требуется: 0.500
2025-09-27 14:21:14 - ROBOTY.collision - WARNING - Коллизия: роботы 4 и 6 в 20.45s, расстояние: 0.300, требуется: 0.500
2025-09-27 14:21:14 - ROBOTY.collision - WARNING - Коллизия: роботы 4 и 6 в 20.50s, расстояние: 0.273, требуется: 0.500
2025-09-27 14:21:14 - ROBOTY.collision - WARNING - Коллизия: роботы 4 и 6 в 20.55s, расстояние: 0.251, требуется: 0.500
2025-09-27 14:21:14 - ROBOTY.collision - WARNING - Коллизия: роботы 4 и 6 в 20.60s, расстояние: 0.235, требуется: 0.500
2025-09-27 14:21:14 - ROBOTY.collision - WARNING - Коллизия: роботы 4 и 6 в 20.65s, расстояние: 0.226, требуется: 0.500
2025-09-27 14:21:14 - ROBOTY.collision - WARNING - Коллизия: роботы 4 и 6 в 20.70s, расстояние: 0.226, требуется: 0.500
2025-09-27 14:21:14 - ROBOTY.collision - WARNING - Коллизия: роботы 4 и 6 в 20.75s, расстояние: 0.234, требуется: 0.500
2025-09-27 14:21:14 - ROBOTY.collision - WARNING - Коллизия: роботы 4 и 6 в 20.80s, расстояние: 0.250, требуется: 0.500
2025-09-27 14:21:14 - ROBOTY.collision - WARNING - Коллизия: роботы 4 и 6 в 20.85s, расстояние: 0.272, требуется: 0.500
2025-09-27 14:21:14 - ROBOTY.collision - WARNING - Коллизия: роботы 4 и 6 в 20.90s, расстояние: 0.299, требуется: 0.500
2025-09-27 14:21:14 - ROBOTY.collision - WARNING - Коллизия: роботы 4 и 6 в 20.95s, расстояние: 0.329, требуется: 0.500
2025-09-27 14:21:14 - ROBOTY.collision - WARNING - Коллизия: роботы 4 и 6 в 21.00s, расстояние: 0.362, требуется: 0.500
2025-09-27 14:21:14 - ROBOTY.collision - WARNING - Коллизия: роботы 4 и 6 в 21.05s, расстояние: 0.398, требуется: 0.500
2025-09-27 14:21:14 - ROBOTY.collision - WARNING - Коллизия: роботы 4 и 6 в 21.10s, расстояние: 0.435, требуется: 0.500
2025-09-27 14:21:14 - ROBOTY.collision - WARNING - Коллизия: роботы 4 и 6 в 21.15s, расстояние: 0.473, требуется: 0.500
2025-09-27 14:21:14 - ROBOTY.collision - WARNING - Коллизия: роботы 2 и 5 в 22.55s, расстояние: 0.498, требуется: 0.500
2025-09-27 14:21:14 - ROBOTY.collision - WARNING - Коллизия: роботы 2 и 5 в 22.60s, расстояние: 0.499, требуется: 0.500
2025-09-27 14:21:14 - ROBOTY.collision - WARNING - Коллизия: роботы 6 и 7 в 28.00s, расстояние: 0.492, требуется: 0.500
2025-09-27 14:21:14 - ROBOTY.collision - WARNING - Коллизия: роботы 6 и 7 в 28.05s, расстояние: 0.470, требуется: 0.500
2025-09-27 14:21:14 - ROBOTY.collision - WARNING - Коллизия: роботы 6 и 7 в 28.10s, расстояние: 0.455, требуется: 0.500
2025-09-27 14:21:14 - ROBOTY.collision - WARNING - Коллизия: роботы 6 и 7 в 28.15s, расстояние: 0.448, требуется: 0.500
2025-09-27 14:21:14 - ROBOTY.collision - WARNING - Коллизия: роботы 6 и 7 в 28.20s, расстояние: 0.449, требуется: 0.500
2025-09-27 14:21:14 - ROBOTY.collision - WARNING - Коллизия: роботы 6 и 7 в 28.25s, расстояние: 0.458, требуется: 0.500
2025-09-27 14:21:14 - ROBOTY.collision - WARNING - Коллизия: роботы 6 и 7 в 28.30s, расстояние: 0.475, требуется: 0.500
2025-09-27 14:21:14 - ROBOTY.collision - WARNING - Коллизия: роботы 6 и 7 в 28.35s, расстояние: 0.499, требуется: 0.500
2025-09-27 14:21:14 - ROBOTY.collision - WARNING - Коллизия: роботы 2 и 5 в 29.65s, расстояние: 0.483, требуется: 0.500
2025-09-27 14:21:14 - ROBOTY.collision - WARNING - Коллизия: роботы 2 и 5 в 29.70s, расстояние: 0.412, требуется: 0.500
2025-09-27 14:21:14 - ROBOTY.collision - WARNING - Коллизия: роботы 2 и 5 в 29.75s, расстояние: 0.349, требуется: 0.500
2025-09-27 14:21:14 - ROBOTY.collision - WARNING - Коллизия: роботы 2 и 5 в 29.80s, расстояние: 0.299, требуется: 0.500
2025-09-27 14:21:14 - ROBOTY.collision - WARNING - Коллизия: роботы 2 и 5 в 29.85s, расстояние: 0.269, требуется: 0.500
2025-09-27 14:21:14 - ROBOTY.collision - WARNING - Коллизия: роботы 2 и 5 в 29.90s, расстояние: 0.266, требуется: 0.500
2025-09-27 14:21:14 - ROBOTY.collision - WARNING - Коллизия: роботы 2 и 5 в 29.95s, расстояние: 0.291, требуется: 0.500
2025-09-27 14:21:14 - ROBOTY.collision - WARNING - Коллизия: роботы 2 и 5 в 30.00s, расстояние: 0.338, требуется: 0.500
2025-09-27 14:21:14 - ROBOTY.collision - WARNING - Коллизия: роботы 2 и 5 в 30.05s, расстояние: 0.398, требуется: 0.500
2025-09-27 14:21:14 - ROBOTY.collision - WARNING - Коллизия: роботы 2 и 5 в 30.10s, расстояние: 0.468, требуется: 0.500
2025-09-27 14:21:14 - ROBOTY.collision - WARNING - Коллизия: роботы 9 и 10 в 31.95s, расстояние: 0.496, требуется: 0.500
2025-09-27 14:21:14 - ROBOTY.collision - WARNING - Коллизия: роботы 9 и 10 в 32.00s, расстояние: 0.472, требуется: 0.500
2025-09-27 14:21:14 - ROBOTY.collision - WARNING - Коллизия: роботы 9 и 10 в 32.05s, расстояние: 0.451, требуется: 0.500
2025-09-27 14:21:14 - ROBOTY.collision - WARNING - Коллизия: роботы 9 и 10 в 32.10s, расстояние: 0.433, требуется: 0.500
2025-09-27 14:21:14 - ROBOTY.collision - WARNING - Коллизия: роботы 9 и 10 в 32.15s, расстояние: 0.417, требуется: 0.500
2025-09-27 14:21:14 - ROBOTY.collision - WARNING - Коллизия: роботы 9 и 10 в 32.20s, расстояние: 0.404, требуется: 0.500
2025-09-27 14:21:14 - ROBOTY.collision - WARNING - Коллизия: роботы 9 и 10 в 32.25s, расстояние: 0.394, требуется: 0.500
2025-09-27 14:21:14 - ROBOTY.collision - WARNING - Коллизия: роботы 9 и 10 в 32.30s, расстояние: 0.389, требуется: 0.500
2025-09-27 14:21:14 - ROBOTY.collision - WARNING - Коллизия: роботы 9 и 10 в 32.35s, расстояние: 0.387, требуется: 0.500
2025-09-27 14:21:14 - ROBOTY.collision - WARNING - Коллизия: роботы 9 и 10 в 32.40s, расстояние: 0.384, требуется: 0.500
2025-09-27 14:21:14 - ROBOTY.collision - WARNING - Коллизия: роботы 9 и 10 в 32.45s, расстояние: 0.384, требуется: 0.500
2025-09-27 14:21:14 - ROBOTY.collision - WARNING - Коллизия: роботы 9 и 10 в 32.50s, расстояние: 0.386, требуется: 0.500
2025-09-27 14:21:14 - ROBOTY.collision - WARNING - Коллизия: роботы 9 и 10 в 32.55s, расстояние: 0.390, требуется: 0.500
2025-09-27 14:21:14 - ROBOTY.collision - WARNING - Коллизия: роботы 9 и 10 в 32.60s, расстояние: 0.398, требуется: 0.500
2025-09-27 14:21:14 - ROBOTY.collision - WARNING - Коллизия: роботы 9 и 10 в 32.65s, расстояние: 0.403, требуется: 0.500
2025-09-27 14:21:14 - ROBOTY.collision - WARNING - Коллизия: роботы 9 и 10 в 32.70s, расстояние: 0.405, требуется: 0.500
2025-09-27 14:21:14 - ROBOTY.collision - WARNING - Коллизия: роботы 9 и 10 в 32.75s, расстояние: 0.410, требуется: 0.500
2025-09-27 14:21:14 - ROBOTY.collision - WARNING - Коллизия: роботы 9 и 10 в 32.80s, расстояние: 0.418, требуется: 0.500
2025-09-27 14:21:14 - ROBOTY.collision - WARNING - Коллизия: роботы 9 и 10 в 32.85s, расстояние: 0.430, требуется: 0.500
2025-09-27 14:21:14 - ROBOTY.collision - WARNING - Коллизия: роботы 9 и 10 в 32.90s, расстояние: 0.446, требуется: 0.500
2025-09-27 14:21:14 - ROBOTY.collision - WARNING - Коллизия: роботы 9 и 10 в 32.95s, расстояние: 0.468, требуется: 0.500
2025-09-27 14:21:14 - ROBOTY.collision - WARNING - Коллизия: роботы 9 и 10 в 33.00s, расстояние: 0.494, требуется: 0.500
2025-09-27 14:21:14 - ROBOTY.collision - ERROR - Обнаружено 93 коллизий
2025-09-27 14:21:14 - ROBOTY.safety - DEBUG - Добавлена пауза 0.60s роботу 1 в t=0.95s
2025-09-27 14:21:14 - ROBOTY.safety - DEBUG - Добавлена пауза 0.60s роботу 3 в t=0.95s
2025-09-27 14:21:14 - ROBOTY.safety - DEBUG - Добавлена пауза 0.60s роботу 1 в t=1.00s
2025-09-27 14:21:14 - ROBOTY.safety - DEBUG - Добавлена пауза 0.60s роботу 3 в t=1.00s
2025-09-27 14:21:14 - ROBOTY.safety - DEBUG - Добавлена пауза 0.60s роботу 1 в t=1.05s
2025-09-27 14:21:14 - ROBOTY.safety - DEBUG - Добавлена пауза 0.60s роботу 3 в t=1.05s
2025-09-27 14:21:14 - ROBOTY.safety - DEBUG - Добавлена пауза 0.60s роботу 1 в t=1.10s
2025-09-27 14:21:14 - ROBOTY.safety - DEBUG - Добавлена пауза 0.60s роботу 3 в t=1.10s
2025-09-27 14:21:14 - ROBOTY.safety - DEBUG - Добавлена пауза 0.60s роботу 1 в t=1.15s
2025-09-27 14:21:14 - ROBOTY.safety - DEBUG - Добавлена пауза 0.60s роботу 3 в t=1.15s
2025-09-27 14:21:14 - ROBOTY.safety - DEBUG - Добавлена пауза 0.60s роботу 1 в t=1.20s
2025-09-27 14:21:14 - ROBOTY.safety - DEBUG - Добавлена пауза 0.60s роботу 3 в t=1.20s
2025-09-27 14:21:14 - ROBOTY.safety - DEBUG - Добавлена пауза 0.60s роботу 1 в t=1.25s
2025-09-27 14:21:14 - ROBOTY.safety - DEBUG - Добавлена пауза 0.60s роботу 3 в t=1.25s
2025-09-27 14:21:14 - ROBOTY.safety - DEBUG - Добавлена пауза 0.60s роботу 1 в t=1.30s
2025-09-27 14:21:14 - ROBOTY.safety - DEBUG - Добавлена пауза 0.60s роботу 3 в t=1.30s
2025-09-27 14:21:14 - ROBOTY.safety - DEBUG - Добавлена пауза 0.60s роботу 1 в t=1.35s
2025-09-27 14:21:14 - ROBOTY.safety - DEBUG - Добавлена пауза 0.60s роботу 3 в t=1.35s
2025-09-27 14:21:14 - ROBOTY.safety - DEBUG - Добавлена пауза 0.60s роботу 1 в t=1.40s
2025-09-27 14:21:14 - ROBOTY.safety - DEBUG - Добавлена пауза 0.60s роботу 3 в t=1.40s
2025-09-27 14:21:14 - ROBOTY.safety - DEBUG - Добавлена пауза 0.60s роботу 4 в t=1.45s
2025-09-27 14:21:14 - ROBOTY.safety - DEBUG - Добавлена пауза 0.60s роботу 7 в t=1.45s
2025-09-27 14:21:14 - ROBOTY.safety - DEBUG - Добавлена пауза 0.60s роботу 4 в t=1.50s
2025-09-27 14:21:14 - ROBOTY.safety - DEBUG - Добавлена пауза 0.60s роботу 7 в t=1.50s
2025-09-27 14:21:14 - ROBOTY.safety - DEBUG - Добавлена пауза 0.60s роботу 4 в t=1.55s
2025-09-27 14:21:14 - ROBOTY.safety - DEBUG - Добавлена пауза 0.60s роботу 7 в t=1.55s
2025-09-27 14:21:14 - ROBOTY.safety - DEBUG - Добавлена пауза 0.60s роботу 6 в t=5.85s
2025-09-27 14:21:14 - ROBOTY.safety - DEBUG - Добавлена пауза 0.60s роботу 7 в t=5.85s
2025-09-27 14:21:14 - ROBOTY.safety - DEBUG - Добавлена пауза 0.60s роботу 6 в t=5.90s
2025-09-27 14:21:14 - ROBOTY.safety - DEBUG - Добавлена пауза 0.60s роботу 7 в t=5.90s
2025-09-27 14:21:14 - ROBOTY.safety - DEBUG - Добавлена пауза 0.60s роботу 6 в t=5.95s
2025-09-27 14:21:14 - ROBOTY.safety - DEBUG - Добавлена пауза 0.60s роботу 7 в t=5.95s
2025-09-27 14:21:14 - ROBOTY.safety - DEBUG - Добавлена пауза 0.60s роботу 6 в t=6.00s
2025-09-27 14:21:14 - ROBOTY.safety - DEBUG - Добавлена пауза 0.60s роботу 7 в t=6.00s
2025-09-27 14:21:14 - ROBOTY.safety - DEBUG - Добавлена пауза 0.60s роботу 6 в t=6.05s
2025-09-27 14:21:14 - ROBOTY.safety - DEBUG - Добавлена пауза 0.60s роботу 7 в t=6.05s
2025-09-27 14:21:14 - ROBOTY.safety - DEBUG - Добавлена пауза 0.60s роботу 3 в t=8.50s
2025-09-27 14:21:14 - ROBOTY.safety - DEBUG - Добавлена пауза 0.60s роботу 6 в t=8.50s
2025-09-27 14:21:14 - ROBOTY.safety - DEBUG - Добавлена пауза 0.60s роботу 3 в t=8.55s
2025-09-27 14:21:14 - ROBOTY.safety - DEBUG - Добавлена пауза 0.60s роботу 6 в t=8.55s
2025-09-27 14:21:14 - ROBOTY.safety - DEBUG - Добавлена пауза 0.60s роботу 6 в t=14.45s
2025-09-27 14:21:14 - ROBOTY.safety - DEBUG - Добавлена пауза 0.60s роботу 8 в t=14.45s
2025-09-27 14:21:14 - ROBOTY.safety - DEBUG - Добавлена пауза 0.60s роботу 6 в t=14.50s
2025-09-27 14:21:14 - ROBOTY.safety - DEBUG - Добавлена пауза 0.60s роботу 8 в t=14.50s
2025-09-27 14:21:14 - ROBOTY.safety - DEBUG - Добавлена пауза 0.60s роботу 6 в t=14.55s
2025-09-27 14:21:14 - ROBOTY.safety - DEBUG - Добавлена пауза 0.60s роботу 8 в t=14.55s
2025-09-27 14:21:14 - ROBOTY.safety - DEBUG - Добавлена пауза 0.60s роботу 6 в t=14.60s
2025-09-27 14:21:14 - ROBOTY.safety - DEBUG - Добавлена пауза 0.60s роботу 8 в t=14.60s
2025-09-27 14:21:14 - ROBOTY.safety - DEBUG - Добавлена пауза 0.60s роботу 6 в t=14.65s
2025-09-27 14:21:14 - ROBOTY.safety - DEBUG - Добавлена пауза 0.60s роботу 8 в t=14.65s
2025-09-27 14:21:14 - ROBOTY.safety - DEBUG - Добавлена пауза 0.60s роботу 6 в t=14.70s
2025-09-27 14:21:14 - ROBOTY.safety - DEBUG - Добавлена пауза 0.60s роботу 8 в t=14.70s
2025-09-27 14:21:14 - ROBOTY.safety - DEBUG - Добавлена пауза 0.60s роботу 6 в t=14.75s
2025-09-27 14:21:14 - ROBOTY.safety - DEBUG - Добавлена пауза 0.60s роботу 8 в t=14.75s
2025-09-27 14:21:14 - ROBOTY.safety - DEBUG - Добавлена пауза 0.60s роботу 6 в t=14.80s
2025-09-27 14:21:14 - ROBOTY.safety - DEBUG - Добавлена пауза 0.60s роботу 8 в t=14.80s
2025-09-27 14:21:14 - ROBOTY.safety - DEBUG - Добавлена пауза 0.60s роботу 6 в t=14.85s
2025-09-27 14:21:14 - ROBOTY.safety - DEBUG - Добавлена пауза 0.60s роботу 8 в t=14.85s
2025-09-27 14:21:14 - ROBOTY.safety - DEBUG - Добавлена пауза 0.60s роботу 4 в t=20.20s
2025-09-27 14:21:14 - ROBOTY.safety - DEBUG - Добавлена пауза 0.60s роботу 6 в t=20.20s
2025-09-27 14:21:14 - ROBOTY.safety - DEBUG - Добавлена пауза 0.60s роботу 4 в t=20.25s
2025-09-27 14:21:14 - ROBOTY.safety - DEBUG - Добавлена пауза 0.60s роботу 6 в t=20.25s
2025-09-27 14:21:14 - ROBOTY.safety - DEBUG - Добавлена пауза 0.60s роботу 4 в t=20.30s
2025-09-27 14:21:14 - ROBOTY.safety - DEBUG - Добавлена пауза 0.60s роботу 6 в t=20.30s
2025-09-27 14:21:14 - ROBOTY.safety - DEBUG - Добавлена пауза 0.60s роботу 4 в t=20.35s
2025-09-27 14:21:14 - ROBOTY.safety - DEBUG - Добавлена пауза 0.60s роботу 6 в t=20.35s
2025-09-27 14:21:14 - ROBOTY.safety - DEBUG - Добавлена пауза 0.60s роботу 4 в t=20.40s
2025-09-27 14:21:14 - ROBOTY.safety - DEBUG - Добавлена пауза 0.60s роботу 6 в t=20.40s
2025-09-27 14:21:14 - ROBOTY.safety - DEBUG - Добавлена пауза 0.60s роботу 4 в t=20.45s
2025-09-27 14:21:14 - ROBOTY.safety - DEBUG - Добавлена пауза 0.60s роботу 6 в t=20.45s
2025-09-27 14:21:14 - ROBOTY.safety - DEBUG - Добавлена пауза 0.60s роботу 4 в t=20.50s
2025-09-27 14:21:14 - ROBOTY.safety - DEBUG - Добавлена пауза 0.60s роботу 6 в t=20.50s
2025-09-27 14:21:14 - ROBOTY.safety - DEBUG - Добавлена пауза 0.60s роботу 4 в t=20.55s
2025-09-27 14:21:14 - ROBOTY.safety - DEBUG - Добавлена пауза 0.60s роботу 6 в t=20.55s
2025-09-27 14:21:14 - ROBOTY.safety - DEBUG - Добавлена пауза 0.60s роботу 4 в t=20.60s
2025-09-27 14:21:14 - ROBOTY.safety - DEBUG - Добавлена пауза 0.60s роботу 6 в t=20.60s
2025-09-27 14:21:14 - ROBOTY.safety - DEBUG - Добавлена пауза 0.60s роботу 4 в t=20.65s
2025-09-27 14:21:14 - ROBOTY.safety - DEBUG - Добавлена пауза 0.60s роботу 6 в t=20.65s
2025-09-27 14:21:14 - ROBOTY.safety - DEBUG - Добавлена пауза 0.60s роботу 4 в t=20.70s
2025-09-27 14:21:14 - ROBOTY.safety - DEBUG - Добавлена пауза 0.60s роботу 6 в t=20.70s
2025-09-27 14:21:14 - ROBOTY.safety - DEBUG - Добавлена пауза 0.60s роботу 4 в t=20.75s
2025-09-27 14:21:14 - ROBOTY.safety - DEBUG - Добавлена пауза 0.60s роботу 6 в t=20.75s
2025-09-27 14:21:14 - ROBOTY.safety - DEBUG - Добавлена пауза 0.60s роботу 4 в t=20.80s
2025-09-27 14:21:14 - ROBOTY.safety - DEBUG - Добавлена пауза 0.60s роботу 6 в t=20.80s
2025-09-27 14:21:14 - ROBOTY.safety - DEBUG - Добавлена пауза 0.60s роботу 4 в t=20.85s
2025-09-27 14:21:14 - ROBOTY.safety - DEBUG - Добавлена пауза 0.60s роботу 6 в t=20.85s
2025-09-27 14:21:14 - ROBOTY.safety - DEBUG - Добавлена пауза 0.60s роботу 4 в t=20.90s
2025-09-27 14:21:14 - ROBOTY.safety - DEBUG - Добавлена пауза 0.60s роботу 6 в t=20.90s
2025-09-27 14:21:14 - ROBOTY.safety - DEBUG - Добавлена пауза 0.60s роботу 4 в t=20.95s
2025-09-27 14:21:14 - ROBOTY.safety - DEBUG - Добавлена пауза 0.60s роботу 6 в t=20.95s
2025-09-27 14:21:14 - ROBOTY.safety - DEBUG - Добавлена пауза 0.60s роботу 4 в t=21.00s
2025-09-27 14:21:14 - ROBOTY.safety - DEBUG - Добавлена пауза 0.60s роботу 6 в t=21.00s
2025-09-27 14:21:14 - ROBOTY.safety - DEBUG - Добавлена пауза 0.60s роботу 4 в t=21.05s
2025-09-27 14:21:14 - ROBOTY.safety - DEBUG - Добавлена пауза 0.60s роботу 6 в t=21.05s
2025-09-27 14:21:14 - ROBOTY.safety - DEBUG - Добавлена пауза 0.60s роботу 4 в t=21.10s
2025-09-27 14:21:14 - ROBOTY.safety - DEBUG - Добавлена пауза 0.60s роботу 6 в t=21.10s
2025-09-27 14:21:14 - ROBOTY.safety - DEBUG - Добавлена пауза 0.60s роботу 4 в t=21.15s
2025-09-27 14:21:14 - ROBOTY.safety - DEBUG - Добавлена пауза 0.60s роботу 6 в t=21.15s
2025-09-27 14:21:14 - ROBOTY.safety - DEBUG - Добавлена пауза 0.60s роботу 2 в t=22.55s
2025-09-27 14:21:14 - ROBOTY.safety - DEBUG - Добавлена пауза 0.60s роботу 5 в t=22.55s
2025-09-27 14:21:14 - ROBOTY.safety - DEBUG - Добавлена пауза 0.60s роботу 2 в t=22.60s
2025-09-27 14:21:14 - ROBOTY.safety - DEBUG - Добавлена пауза 0.60s роботу 5 в t=22.60s
2025-09-27 14:21:14 - ROBOTY.safety - DEBUG - Добавлена пауза 0.60s роботу 6 в t=28.00s
2025-09-27 14:21:14 - ROBOTY.safety - DEBUG - Добавлена пауза 0.60s роботу 7 в t=28.00s
2025-09-27 14:21:14 - ROBOTY.safety - DEBUG - Добавлена пауза 0.60s роботу 6 в t=28.05s
2025-09-27 14:21:14 - ROBOTY.safety - DEBUG - Добавлена пауза 0.60s роботу 7 в t=28.05s
2025-09-27 14:21:14 - ROBOTY.safety - DEBUG - Добавлена пауза 0.60s роботу 6 в t=28.10s
2025-09-27 14:21:14 - ROBOTY.safety - DEBUG - Добавлена пауза 0.60s роботу 7 в t=28.10s
2025-09-27 14:21:14 - ROBOTY.safety - DEBUG - Добавлена пауза 0.60s роботу 6 в t=28.15s
2025-09-27 14:21:14 - ROBOTY.safety - DEBUG - Добавлена пауза 0.60s роботу 7 в t=28.15s
2025-09-27 14:21:14 - ROBOTY.safety - DEBUG - Добавлена пауза 0.60s роботу 6 в t=28.20s
2025-09-27 14:21:14 - ROBOTY.safety - DEBUG - Добавлена пауза 0.60s роботу 7 в t=28.20s
2025-09-27 14:21:14 - ROBOTY.safety - DEBUG - Добавлена пауза 0.60s роботу 6 в t=28.25s
2025-09-27 14:21:14 - ROBOTY.safety - DEBUG - Добавлена пауза 0.60s роботу 7 в t=28.25s
2025-09-27 14:21:14 - ROBOTY.safety - DEBUG - Добавлена пауза 0.60s роботу 6 в t=28.30s
2025-09-27 14:21:14 - ROBOTY.safety - DEBUG - Добавлена пауза 0.60s роботу 7 в t=28.30s
2025-09-27 14:21:14 - ROBOTY.safety - DEBUG - Добавлена пауза 0.60s роботу 6 в t=28.35s
2025-09-27 14:21:14 - ROBOTY.safety - DEBUG - Добавлена пауза 0.60s роботу 7 в t=28.35s
2025-09-27 14:21:14 - ROBOTY.safety - DEBUG - Добавлена пауза 0.60s роботу 2 в t=29.65s
2025-09-27 14:21:14 - ROBOTY.safety - DEBUG - Добавлена пауза 0.60s роботу 5 в t=29.65s
2025-09-27 14:21:14 - ROBOTY.safety - DEBUG - Добавлена пауза 0.60s роботу 2 в t=29.70s
2025-09-27 14:21:14 - ROBOTY.safety - DEBUG - Добавлена пауза 0.60s роботу 5 в t=29.70s
2025-09-27 14:21:14 - ROBOTY.safety - DEBUG - Добавлена пауза 0.60s роботу 2 в t=29.75s
2025-09-27 14:21:14 - ROBOTY.safety - DEBUG - Добавлена пауза 0.60s роботу 5 в t=29.75s
2025-09-27 14:21:14 - ROBOTY.safety - DEBUG - Добавлена пауза 0.60s роботу 2 в t=29.80s
2025-09-27 14:21:14 - ROBOTY.safety - DEBUG - Добавлена пауза 0.60s роботу 5 в t=29.80s
2025-09-27 14:21:14 - ROBOTY.safety - DEBUG - Добавлена пауза 0.60s роботу 2 в t=29.85s
2025-09-27 14:21:14 - ROBOTY.safety - DEBUG - Добавлена пауза 0.60s роботу 5 в t=29.85s
2025-09-27 14:21:14 - ROBOTY.safety - DEBUG - Добавлена пауза 0.60s роботу 2 в t=29.90s
2025-09-27 14:21:14 - ROBOTY.safety - DEBUG - Добавлена пауза 0.60s роботу 5 в t=29.90s
2025-09-27 14:21:14 - ROBOTY.safety - DEBUG - Добавлена пауза 0.60s роботу 2 в t=29.95s
2025-09-27 14:21:14 - ROBOTY.safety - DEBUG - Добавлена пауза 0.60s роботу 5 в t=29.95s
2025-09-27 14:21:14 - ROBOTY.safety - DEBUG - Добавлена пауза 0.60s роботу 2 в t=30.00s
2025-09-27 14:21:14 - ROBOTY.safety - DEBUG - Добавлена пауза 0.60s роботу 5 в t=30.00s
2025-09-27 14:21:14 - ROBOTY.safety - DEBUG - Добавлена пауза 0.60s роботу 2 в t=30.05s
2025-09-27 14:21:14 - ROBOTY.safety - DEBUG - Добавлена пауза 0.60s роботу 5 в t=30.05s
2025-09-27 14:21:14 - ROBOTY.safety - DEBUG - Добавлена пауза 0.60s роботу 2 в t=30.10s
2025-09-27 14:21:14 - ROBOTY.safety - DEBUG - Добавлена пауза 0.60s роботу 5 в t=30.10s
2025-09-27 14:21:14 - ROBOTY.safety - DEBUG - Добавлена пауза 0.60s роботу 9 в t=31.95s
2025-09-27 14:21:14 - ROBOTY.safety - DEBUG - Добавлена пауза 0.60s роботу 10 в t=31.95s
2025-09-27 14:21:14 - ROBOTY.safety - DEBUG - Добавлена пауза 0.60s роботу 9 в t=32.00s
2025-09-27 14:21:14 - ROBOTY.safety - DEBUG - Добавлена пауза 0.60s роботу 10 в t=32.00s
2025-09-27 14:21:14 - ROBOTY.safety - DEBUG - Добавлена пауза 0.60s роботу 9 в t=32.05s
2025-09-27 14:21:14 - ROBOTY.safety - DEBUG - Добавлена пауза 0.60s роботу 10 в t=32.05s
2025-09-27 14:21:14 - ROBOTY.safety - DEBUG - Добавлена пауза 0.60s роботу 9 в t=32.10s
2025-09-27 14:21:14 - ROBOTY.safety - DEBUG - Добавлена пауза 0.60s роботу 10 в t=32.10s
2025-09-27 14:21:14 - ROBOTY.safety - DEBUG - Добавлена пауза 0.60s роботу 9 в t=32.15s
2025-09-27 14:21:14 - ROBOTY.safety - DEBUG - Добавлена пауза 0.60s роботу 10 в t=32.15s
2025-09-27 14:21:14 - ROBOTY.safety - DEBUG - Добавлена пауза 0.60s роботу 9 в t=32.20s
2025-09-27 14:21:14 - ROBOTY.safety - DEBUG - Добавлена пауза 0.60s роботу 10 в t=32.20s
2025-09-27 14:21:14 - ROBOTY.safety - DEBUG - Добавлена пауза 0.60s роботу 9 в t=32.25s
2025-09-27 14:21:14 - ROBOTY.safety - DEBUG - Добавлена пауза 0.60s роботу 10 в t=32.25s
2025-09-27 14:21:14 - ROBOTY.safety - DEBUG - Добавлена пауза 0.60s роботу 9 в t=32.30s
2025-09-27 14:21:14 - ROBOTY.safety - DEBUG - Добавлена пауза 0.60s роботу 10 в t=32.30s
2025-09-27 14:21:14 - ROBOTY.safety - DEBUG - Добавлена пауза 0.60s роботу 9 в t=32.35s
2025-09-27 14:21:14 - ROBOTY.safety - DEBUG - Добавлена пауза 0.60s роботу 10 в t=32.35s
2025-09-27 14:21:14 - ROBOTY.safety - DEBUG - Добавлена пауза 0.60s роботу 9 в t=32.40s
2025-09-27 14:21:14 - ROBOTY.safety - DEBUG - Добавлена пауза 0.60s роботу 10 в t=32.40s
2025-09-27 14:21:14 - ROBOTY.safety - DEBUG - Добавлена пауза 0.60s роботу 9 в t=32.45s
2025-09-27 14:21:14 - ROBOTY.safety - DEBUG - Добавлена пауза 0.60s роботу 10 в t=32.45s
2025-09-27 14:21:14 - ROBOTY.safety - DEBUG - Добавлена пауза 0.60s роботу 9 в t=32.50s
2025-09-27 14:21:14 - ROBOTY.safety - DEBUG - Добавлена пауза 0.60s роботу 10 в t=32.50s
2025-09-27 14:21:14 - ROBOTY.safety - DEBUG - Добавлена пауза 0.60s роботу 9 в t=32.55s
2025-09-27 14:21:14 - ROBOTY.safety - DEBUG - Добавлена пауза 0.60s роботу 10 в t=32.55s
2025-09-27 14:21:14 - ROBOTY.safety - DEBUG - Добавлена пауза 0.60s роботу 9 в t=32.60s
2025-09-27 14:21:14 - ROBOTY.safety - DEBUG - Добавлена пауза 0.60s роботу 10 в t=32.60s
2025-09-27 14:21:14 - ROBOTY.safety - DEBUG - Добавлена пауза 0.60s роботу 9 в t=32.65s
2025-09-27 14:21:14 - ROBOTY.safety - DEBUG - Добавлена пауза 0.60s роботу 10 в t=32.65s
2025-09-27 14:21:14 - ROBOTY.safety - DEBUG - Добавлена пауза 0.60s роботу 9 в t=32.70s
2025-09-27 14:21:14 - ROBOTY.safety - DEBUG - Добавлена пауза 0.60s роботу 10 в t=32.70s
2025-09-27 14:21:14 - ROBOTY.safety - DEBUG - Добавлена пауза 0.60s роботу 9 в t=32.75s
2025-09-27 14:21:14 - ROBOTY.safety - DEBUG - Добавлена пауза 0.60s роботу 10 в t=32.75s
2025-09-27 14:21:14 - ROBOTY.safety - DEBUG - Добавлена пауза 0.60s роботу 9 в t=32.80s
2025-09-27 14:21:14 - ROBOTY.safety - DEBUG - Добавлена пауза 0.60s роботу 10 в t=32.80s
2025-09-27 14:21:14 - ROBOTY.safety - DEBUG - Добавлена пауза 0.60s роботу 9 в t=32.85s
2025-09-27 14:21:14 - ROBOTY.safety - DEBUG - Добавлена пауза 0.60s роботу 10 в t=32.85s
2025-09-27 14:21:14 - ROBOTY.safety - DEBUG - Добавлена пауза 0.60s роботу 9 в t=32.90s
2025-09-27 14:21:14 - ROBOTY.safety - DEBUG - Добавлена пауза 0.60s роботу 10 в t=32.90s
2025-09-27 14:21:14 - ROBOTY.safety - DEBUG - Добавлена пауза 0.60s роботу 9 в t=32.95s
2025-09-27 14:21:14 - ROBOTY.safety - DEBUG - Добавлена пауза 0.60s роботу 10 в t=32.95s
2025-09-27 14:21:14 - ROBOTY.safety - DEBUG - Добавлена пауза 0.60s роботу 9 в t=33.00s
2025-09-27 14:21:14 - ROBOTY.safety - DEBUG - Добавлена пауза 0.60s роботу 10 в t=33.00s
2025-09-27 14:21:14 - ROBOTY.safety - INFO - Онлайн-безопасность применена: паузы вставлены
2025-09-27 14:21:14 - ROBOTY.collision - INFO - Начинаем детальную проверку коллизий
2025-09-27 14:21:14 - ROBOTY.collision - DEBUG - Проверяем коллизии в диапазоне времени: 0.00 - 58.20
2025-09-27 14:21:14 - ROBOTY.collision - WARNING - Коллизия: роботы 1 и 3 в 1.00s, расстояние: 0.461, требуется: 0.500
2025-09-27 14:21:14 - ROBOTY.collision - WARNING - Коллизия: роботы 1 и 3 в 1.10s, расстояние: 0.461, требуется: 0.500
2025-09-27 14:21:14 - ROBOTY.collision - WARNING - Коллизия: роботы 1 и 3 в 1.20s, расстояние: 0.461, требуется: 0.500
2025-09-27 14:21:14 - ROBOTY.collision - WARNING - Коллизия: роботы 1 и 3 в 1.30s, расстояние: 0.461, требуется: 0.500
2025-09-27 14:21:14 - ROBOTY.collision - WARNING - Коллизия: роботы 1 и 3 в 1.40s, расстояние: 0.461, требуется: 0.500
2025-09-27 14:21:14 - ROBOTY.collision - WARNING - Коллизия: роботы 4 и 7 в 1.40s, расстояние: 0.459, требуется: 0.500
2025-09-27 14:21:14 - ROBOTY.collision - WARNING - Коллизия: роботы 1 и 3 в 1.50s, расстояние: 0.461, требуется: 0.500
2025-09-27 14:21:14 - ROBOTY.collision - WARNING - Коллизия: роботы 4 и 7 в 1.50s, расстояние: 0.447, требуется: 0.500
2025-09-27 14:21:14 - ROBOTY.collision - WARNING - Коллизия: роботы 1 и 3 в 1.60s, расстояние: 0.461, требуется: 0.500
2025-09-27 14:21:14 - ROBOTY.collision - WARNING - Коллизия: роботы 4 и 7 в 1.60s, расстояние: 0.447, требуется: 0.500
2025-09-27 14:21:14 - ROBOTY.collision - WARNING - Коллизия: роботы 1 и 3 в 1.70s, расстояние: 0.461, требуется: 0.500
2025-09-27 14:21:14 - ROBOTY.collision - WARNING - Коллизия: роботы 4 и 7 в 1.70s, расстояние: 0.447, требуется: 0.500
2025-09-27 14:21:14 - ROBOTY.collision - WARNING - Коллизия: роботы 1 и 3 в 1.80s, расстояние: 0.461, требуется: 0.500
2025-09-27 14:21:14 - ROBOTY.collision - WARNING - Коллизия: роботы 4 и 7 в 1.80s, расстояние: 0.447, требуется: 0.500
2025-09-27 14:21:14 - ROBOTY.collision - WARNING - Коллизия: роботы 1 и 3 в 1.90s, расстояние: 0.461, требуется: 0.500
2025-09-27 14:21:14 - ROBOTY.collision - WARNING - Коллизия: роботы 4 и 7 в 1.90s, расстояние: 0.447, требуется: 0.500
2025-09-27 14:21:14 - ROBOTY.collision - WARNING - Коллизия: роботы 1 и 3 в 2.00s, расстояние: 0.461, требуется: 0.500
2025-09-27 14:21:14 - ROBOTY.collision - WARNING - Коллизия: роботы 4 и 7 в 2.00s, расстояние: 0.447, требуется: 0.500
2025-09-27 14:21:14 - ROBOTY.collision - WARNING - Коллизия: роботы 1 и 3 в 2.10s, расстояние: 0.461, требуется: 0.500
2025-09-27 14:21:14 - ROBOTY.collision - WARNING - Коллизия: роботы 4 и 7 в 2.10s, расстояние: 0.447, требуется: 0.500
2025-09-27 14:21:14 - ROBOTY.collision - WARNING - Коллизия: роботы 1 и 3 в 2.20s, расстояние: 0.461, требуется: 0.500
2025-09-27 14:21:14 - ROBOTY.collision - WARNING - Коллизия: роботы 4 и 7 в 2.20s, расстояние: 0.447, требуется: 0.500
2025-09-27 14:21:14 - ROBOTY.collision - WARNING - Коллизия: роботы 1 и 3 в 2.30s, расстояние: 0.461, требуется: 0.500
2025-09-27 14:21:14 - ROBOTY.collision - WARNING - Коллизия: роботы 4 и 7 в 2.30s, расстояние: 0.447, требуется: 0.500
2025-09-27 14:21:14 - ROBOTY.collision - WARNING - Коллизия: роботы 1 и 3 в 2.40s, расстояние: 0.461, требуется: 0.500
2025-09-27 14:21:14 - ROBOTY.collision - WARNING - Коллизия: роботы 4 и 7 в 2.40s, расстояние: 0.447, требуется: 0.500
2025-09-27 14:21:14 - ROBOTY.collision - WARNING - Коллизия: роботы 1 и 3 в 2.50s, расстояние: 0.461, требуется: 0.500
2025-09-27 14:21:14 - ROBOTY.collision - WARNING - Коллизия: роботы 4 и 7 в 2.50s, расстояние: 0.447, требуется: 0.500
2025-09-27 14:21:14 - ROBOTY.collision - WARNING - Коллизия: роботы 1 и 3 в 2.60s, расстояние: 0.461, требуется: 0.500
2025-09-27 14:21:14 - ROBOTY.collision - WARNING - Коллизия: роботы 4 и 7 в 2.60s, расстояние: 0.447, требуется: 0.500
2025-09-27 14:21:14 - ROBOTY.collision - WARNING - Коллизия: роботы 1 и 3 в 2.70s, расстояние: 0.461, требуется: 0.500
2025-09-27 14:21:14 - ROBOTY.collision - WARNING - Коллизия: роботы 4 и 7 в 2.70s, расстояние: 0.447, требуется: 0.500
2025-09-27 14:21:14 - ROBOTY.collision - WARNING - Коллизия: роботы 1 и 3 в 2.80s, расстояние: 0.461, требуется: 0.500
2025-09-27 14:21:14 - ROBOTY.collision - WARNING - Коллизия: роботы 4 и 7 в 2.80s, расстояние: 0.447, требуется: 0.500
2025-09-27 14:21:14 - ROBOTY.collision - WARNING - Коллизия: роботы 1 и 3 в 2.90s, расстояние: 0.461, требуется: 0.500
2025-09-27 14:21:14 - ROBOTY.collision - WARNING - Коллизия: роботы 4 и 7 в 2.90s, расстояние: 0.447, требуется: 0.500
2025-09-27 14:21:14 - ROBOTY.collision - WARNING - Коллизия: роботы 1 и 3 в 3.00s, расстояние: 0.461, требуется: 0.500
2025-09-27 14:21:14 - ROBOTY.collision - WARNING - Коллизия: роботы 4 и 7 в 3.00s, расстояние: 0.447, требуется: 0.500
2025-09-27 14:21:14 - ROBOTY.collision - WARNING - Коллизия: роботы 1 и 3 в 3.10s, расстояние: 0.461, требуется: 0.500
2025-09-27 14:21:14 - ROBOTY.collision - WARNING - Коллизия: роботы 4 и 7 в 3.10s, расстояние: 0.447, требуется: 0.500
2025-09-27 14:21:14 - ROBOTY.collision - WARNING - Коллизия: роботы 1 и 3 в 3.20s, расстояние: 0.461, требуется: 0.500
2025-09-27 14:21:14 - ROBOTY.collision - WARNING - Коллизия: роботы 4 и 7 в 3.20s, расстояние: 0.447, требуется: 0.500
2025-09-27 14:21:14 - ROBOTY.collision - WARNING - Коллизия: роботы 1 и 3 в 3.30s, расстояние: 0.461, требуется: 0.500
2025-09-27 14:21:14 - ROBOTY.collision - WARNING - Коллизия: роботы 4 и 7 в 3.30s, расстояние: 0.453, требуется: 0.500
2025-09-27 14:21:14 - ROBOTY.collision - WARNING - Коллизия: роботы 1 и 3 в 3.40s, расстояние: 0.461, требуется: 0.500
2025-09-27 14:21:14 - ROBOTY.collision - WARNING - Коллизия: роботы 1 и 3 в 3.50s, расстояние: 0.461, требуется: 0.500
2025-09-27 14:21:14 - ROBOTY.collision - WARNING - Коллизия: роботы 1 и 3 в 3.60s, расстояние: 0.461, требуется: 0.500
2025-09-27 14:21:14 - ROBOTY.collision - WARNING - Коллизия: роботы 1 и 3 в 3.70s, расстояние: 0.461, требуется: 0.500
2025-09-27 14:21:14 - ROBOTY.collision - WARNING - Коллизия: роботы 1 и 3 в 3.80s, расстояние: 0.461, требуется: 0.500
2025-09-27 14:21:14 - ROBOTY.collision - WARNING - Коллизия: роботы 1 и 3 в 3.90s, расстояние: 0.461, требуется: 0.500
2025-09-27 14:21:14 - ROBOTY.collision - WARNING - Коллизия: роботы 1 и 3 в 4.00s, расстояние: 0.461, требуется: 0.500
2025-09-27 14:21:14 - ROBOTY.collision - WARNING - Коллизия: роботы 1 и 3 в 4.10s, расстояние: 0.461, требуется: 0.500
2025-09-27 14:21:14 - ROBOTY.collision - WARNING - Коллизия: роботы 1 и 3 в 4.20s, расстояние: 0.461, требуется: 0.500
2025-09-27 14:21:14 - ROBOTY.collision - WARNING - Коллизия: роботы 1 и 3 в 4.30s, расстояние: 0.461, требуется: 0.500
2025-09-27 14:21:14 - ROBOTY.collision - WARNING - Коллизия: роботы 1 и 3 в 4.40s, расстояние: 0.461, требуется: 0.500
2025-09-27 14:21:14 - ROBOTY.collision - WARNING - Коллизия: роботы 1 и 3 в 4.50s, расстояние: 0.461, требуется: 0.500
2025-09-27 14:21:14 - ROBOTY.collision - WARNING - Коллизия: роботы 1 и 3 в 4.60s, расстояние: 0.461, требуется: 0.500
2025-09-27 14:21:14 - ROBOTY.collision - WARNING - Коллизия: роботы 1 и 3 в 4.70s, расстояние: 0.461, требуется: 0.500
2025-09-27 14:21:14 - ROBOTY.collision - WARNING - Коллизия: роботы 1 и 3 в 4.80s, расстояние: 0.461, требуется: 0.500
2025-09-27 14:21:14 - ROBOTY.collision - WARNING - Коллизия: роботы 1 и 3 в 4.90s, расстояние: 0.461, требуется: 0.500
2025-09-27 14:21:14 - ROBOTY.collision - WARNING - Коллизия: роботы 1 и 3 в 5.00s, расстояние: 0.461, требуется: 0.500
2025-09-27 14:21:14 - ROBOTY.collision - WARNING - Коллизия: роботы 1 и 3 в 5.10s, расстояние: 0.461, требуется: 0.500
2025-09-27 14:21:14 - ROBOTY.collision - WARNING - Коллизия: роботы 1 и 3 в 5.20s, расстояние: 0.461, требуется: 0.500
2025-09-27 14:21:14 - ROBOTY.collision - WARNING - Коллизия: роботы 1 и 3 в 5.30s, расстояние: 0.461, требуется: 0.500
2025-09-27 14:21:14 - ROBOTY.collision - WARNING - Коллизия: роботы 1 и 3 в 5.40s, расстояние: 0.461, требуется: 0.500
2025-09-27 14:21:14 - ROBOTY.collision - WARNING - Коллизия: роботы 1 и 3 в 5.50s, расстояние: 0.461, требуется: 0.500
2025-09-27 14:21:14 - ROBOTY.collision - WARNING - Коллизия: роботы 1 и 3 в 5.60s, расстояние: 0.461, требуется: 0.500
2025-09-27 14:21:14 - ROBOTY.collision - WARNING - Коллизия: роботы 1 и 3 в 5.70s, расстояние: 0.461, требуется: 0.500
2025-09-27 14:21:14 - ROBOTY.collision - WARNING - Коллизия: роботы 1 и 3 в 5.80s, расстояние: 0.461, требуется: 0.500
2025-09-27 14:21:14 - ROBOTY.collision - WARNING - Коллизия: роботы 1 и 3 в 5.90s, расстояние: 0.461, требуется: 0.500
2025-09-27 14:21:14 - ROBOTY.collision - WARNING - Коллизия: роботы 1 и 3 в 6.00s, расстояние: 0.461, требуется: 0.500
2025-09-27 14:21:14 - ROBOTY.collision - WARNING - Коллизия: роботы 1 и 3 в 6.10s, расстояние: 0.461, требуется: 0.500
2025-09-27 14:21:14 - ROBOTY.collision - WARNING - Коллизия: роботы 1 и 3 в 6.20s, расстояние: 0.461, требуется: 0.500
2025-09-27 14:21:14 - ROBOTY.collision - WARNING - Коллизия: роботы 1 и 3 в 6.30s, расстояние: 0.461, требуется: 0.500
2025-09-27 14:21:14 - ROBOTY.collision - WARNING - Коллизия: роботы 1 и 3 в 6.40s, расстояние: 0.461, требуется: 0.500
2025-09-27 14:21:14 - ROBOTY.collision - WARNING - Коллизия: роботы 1 и 3 в 6.50s, расстояние: 0.461, требуется: 0.500
2025-09-27 14:21:14 - ROBOTY.collision - WARNING - Коллизия: роботы 1 и 3 в 6.60s, расстояние: 0.461, требуется: 0.500
2025-09-27 14:21:14 - ROBOTY.collision - WARNING - Коллизия: роботы 1 и 3 в 6.70s, расстояние: 0.461, требуется: 0.500
2025-09-27 14:21:14 - ROBOTY.collision - WARNING - Коллизия: роботы 1 и 3 в 6.80s, расстояние: 0.461, требуется: 0.500
2025-09-27 14:21:14 - ROBOTY.collision - WARNING - Коллизия: роботы 1 и 3 в 6.90s, расстояние: 0.461, требуется: 0.500
2025-09-27 14:21:14 - ROBOTY.collision - WARNING - Коллизия: роботы 1 и 3 в 7.00s, расстояние: 0.420, требуется: 0.500
2025-09-27 14:21:14 - ROBOTY.collision - WARNING - Коллизия: роботы 1 и 3 в 7.10s, расстояние: 0.366, требуется: 0.500
2025-09-27 14:21:14 - ROBOTY.collision - WARNING - Коллизия: роботы 1 и 3 в 7.20s, расстояние: 0.361, требуется: 0.500
2025-09-27 14:21:14 - ROBOTY.collision - WARNING - Коллизия: роботы 1 и 3 в 7.30s, расстояние: 0.407, требуется: 0.500
2025-09-27 14:21:14 - ROBOTY.collision - WARNING - Коллизия: роботы 1 и 3 в 7.40s, расстояние: 0.490, требуется: 0.500
2025-09-27 14:21:14 - ROBOTY.collision - WARNING - Коллизия: роботы 1 и 9 в 9.00s, расстояние: 0.484, требуется: 0.500
2025-09-27 14:21:14 - ROBOTY.collision - WARNING - Коллизия: роботы 6 и 7 в 9.00s, расстояние: 0.491, требуется: 0.500
2025-09-27 14:21:14 - ROBOTY.collision - WARNING - Коллизия: роботы 6 и 7 в 9.10s, расстояние: 0.476, требуется: 0.500
2025-09-27 14:21:14 - ROBOTY.collision - WARNING - Коллизия: роботы 6 и 7 в 9.20s, расстояние: 0.465, требуется: 0.500
2025-09-27 14:21:14 - ROBOTY.collision - WARNING - Коллизия: роботы 6 и 7 в 9.30s, расстояние: 0.457, требуется: 0.500
2025-09-27 14:21:14 - ROBOTY.collision - WARNING - Коллизия: роботы 6 и 7 в 9.40s, расстояние: 0.455, требуется: 0.500
2025-09-27 14:21:14 - ROBOTY.collision - WARNING - Коллизия: роботы 6 и 7 в 9.50s, расстояние: 0.455, требуется: 0.500
2025-09-27 14:21:14 - ROBOTY.collision - WARNING - Коллизия: роботы 6 и 7 в 9.60s, расстояние: 0.455, требуется: 0.500
2025-09-27 14:21:14 - ROBOTY.collision - WARNING - Коллизия: роботы 6 и 7 в 9.70s, расстояние: 0.455, требуется: 0.500
2025-09-27 14:21:14 - ROBOTY.collision - WARNING - Коллизия: роботы 6 и 7 в 9.80s, расстояние: 0.455, требуется: 0.500
2025-09-27 14:21:14 - ROBOTY.collision - WARNING - Коллизия: роботы 6 и 7 в 9.90s, расстояние: 0.455, требуется: 0.500
2025-09-27 14:21:14 - ROBOTY.collision - WARNING - Коллизия: роботы 6 и 7 в 10.00s, расстояние: 0.452, требуется: 0.500
2025-09-27 14:21:14 - ROBOTY.collision - WARNING - Коллизия: роботы 6 и 7 в 10.10s, расстояние: 0.428, требуется: 0.500
2025-09-27 14:21:14 - ROBOTY.collision - WARNING - Коллизия: роботы 6 и 7 в 10.20s, расстояние: 0.399, требуется: 0.500
2025-09-27 14:21:14 - ROBOTY.collision - WARNING - Коллизия: роботы 6 и 7 в 10.30s, расстояние: 0.383, требуется: 0.500
2025-09-27 14:21:14 - ROBOTY.collision - WARNING - Коллизия: роботы 6 и 7 в 10.40s, расстояние: 0.382, требуется: 0.500
2025-09-27 14:21:14 - ROBOTY.collision - WARNING - Коллизия: роботы 6 и 7 в 10.50s, расстояние: 0.395, требуется: 0.500
2025-09-27 14:21:14 - ROBOTY.collision - WARNING - Коллизия: роботы 6 и 7 в 10.60s, расстояние: 0.423, требуется: 0.500
2025-09-27 14:21:14 - ROBOTY.collision - WARNING - Коллизия: роботы 6 и 7 в 10.70s, расстояние: 0.464, требуется: 0.500
2025-09-27 14:21:14 - ROBOTY.collision - WARNING - Коллизия: роботы 1 и 4 в 10.90s, расстояние: 0.470, требуется: 0.500
2025-09-27 14:21:14 - ROBOTY.collision - WARNING - Коллизия: роботы 1 и 4 в 11.00s, расстояние: 0.469, требуется: 0.500
2025-09-27 14:21:14 - ROBOTY.collision - WARNING - Коллизия: роботы 1 и 10 в 16.00s, расстояние: 0.382, требуется: 0.500
2025-09-27 14:21:14 - ROBOTY.collision - WARNING - Коллизия: роботы 1 и 10 в 16.10s, расстояние: 0.313, требуется: 0.500
2025-09-27 14:21:14 - ROBOTY.collision - WARNING - Коллизия: роботы 1 и 10 в 16.20s, расстояние: 0.334, требуется: 0.500
2025-09-27 14:21:14 - ROBOTY.collision - WARNING - Коллизия: роботы 3 и 5 в 16.20s, расстояние: 0.461, требуется: 0.500
2025-09-27 14:21:14 - ROBOTY.collision - WARNING - Коллизия: роботы 1 и 10 в 16.30s, расстояние: 0.431, требуется: 0.500
2025-09-27 14:21:14 - ROBOTY.collision - WARNING - Коллизия: роботы 3 и 5 в 16.30s, расстояние: 0.358, требуется: 0.500
2025-09-27 14:21:14 - ROBOTY.collision - WARNING - Коллизия: роботы 3 и 5 в 16.40s, расстояние: 0.283, требуется: 0.500
2025-09-27 14:21:14 - ROBOTY.collision - WARNING - Коллизия: роботы 3 и 5 в 16.50s, расстояние: 0.262, требуется: 0.500
2025-09-27 14:21:14 - ROBOTY.collision - WARNING - Коллизия: роботы 3 и 5 в 16.60s, расстояние: 0.306, требуется: 0.500
2025-09-27 14:21:14 - ROBOTY.collision - WARNING - Коллизия: роботы 3 и 5 в 16.70s, расстояние: 0.394, требуется: 0.500
2025-09-27 14:21:14 - ROBOTY.collision - WARNING - Коллизия: роботы 2 и 6 в 18.60s, расстояние: 0.499, требуется: 0.500
2025-09-27 14:21:14 - ROBOTY.collision - WARNING - Коллизия: роботы 2 и 6 в 18.70s, расстояние: 0.472, требуется: 0.500
2025-09-27 14:21:14 - ROBOTY.collision - WARNING - Коллизия: роботы 2 и 6 в 18.80s, расстояние: 0.471, требуется: 0.500
2025-09-27 14:21:14 - ROBOTY.collision - WARNING - Коллизия: роботы 2 и 6 в 18.90s, расстояние: 0.497, требуется: 0.500
2025-09-27 14:21:14 - ROBOTY.collision - WARNING - Коллизия: роботы 4 и 9 в 20.00s, расстояние: 0.402, требуется: 0.500
2025-09-27 14:21:14 - ROBOTY.collision - WARNING - Коллизия: роботы 4 и 9 в 20.10s, расстояние: 0.256, требуется: 0.500
2025-09-27 14:21:14 - ROBOTY.collision - WARNING - Коллизия: роботы 4 и 9 в 20.20s, расстояние: 0.268, требуется: 0.500
2025-09-27 14:21:14 - ROBOTY.collision - WARNING - Коллизия: роботы 4 и 9 в 20.30s, расстояние: 0.322, требуется: 0.500
2025-09-27 14:21:14 - ROBOTY.collision - WARNING - Коллизия: роботы 4 и 9 в 20.40s, расстояние: 0.394, требуется: 0.500
2025-09-27 14:21:14 - ROBOTY.collision - WARNING - Коллизия: роботы 4 и 9 в 20.50s, расстояние: 0.476, требуется: 0.500
2025-09-27 14:21:14 - ROBOTY.collision - WARNING - Коллизия: роботы 2 и 5 в 22.60s, расстояние: 0.498, требуется: 0.500
2025-09-27 14:21:14 - ROBOTY.collision - WARNING - Коллизия: роботы 2 и 5 в 22.70s, расстояние: 0.498, требуется: 0.500
2025-09-27 14:21:14 - ROBOTY.collision - WARNING - Коллизия: роботы 2 и 5 в 22.80s, расстояние: 0.498, требуется: 0.500
2025-09-27 14:21:14 - ROBOTY.collision - WARNING - Коллизия: роботы 2 и 5 в 22.90s, расстояние: 0.498, требуется: 0.500
2025-09-27 14:21:14 - ROBOTY.collision - WARNING - Коллизия: роботы 2 и 5 в 23.00s, расстояние: 0.498, требуется: 0.500
2025-09-27 14:21:14 - ROBOTY.collision - WARNING - Коллизия: роботы 2 и 5 в 23.10s, расстояние: 0.498, требуется: 0.500
2025-09-27 14:21:14 - ROBOTY.collision - WARNING - Коллизия: роботы 2 и 5 в 23.20s, расстояние: 0.498, требуется: 0.500
2025-09-27 14:21:14 - ROBOTY.collision - WARNING - Коллизия: роботы 6 и 8 в 23.20s, расстояние: 0.497, требуется: 0.500
2025-09-27 14:21:14 - ROBOTY.collision - WARNING - Коллизия: роботы 2 и 5 в 23.30s, расстояние: 0.498, требуется: 0.500
2025-09-27 14:21:14 - ROBOTY.collision - WARNING - Коллизия: роботы 6 и 8 в 23.30s, расстояние: 0.491, требуется: 0.500
2025-09-27 14:21:14 - ROBOTY.collision - WARNING - Коллизия: роботы 2 и 5 в 23.40s, расстояние: 0.498, требуется: 0.500
2025-09-27 14:21:14 - ROBOTY.collision - WARNING - Коллизия: роботы 2 и 5 в 23.50s, расстояние: 0.498, требуется: 0.500
2025-09-27 14:21:14 - ROBOTY.collision - WARNING - Коллизия: роботы 2 и 5 в 23.60s, расстояние: 0.498, требуется: 0.500
2025-09-27 14:21:14 - ROBOTY.collision - WARNING - Коллизия: роботы 2 и 5 в 23.70s, расстояние: 0.498, требуется: 0.500
2025-09-27 14:21:14 - ROBOTY.collision - WARNING - Коллизия: роботы 2 и 5 в 23.80s, расстояние: 0.499, требуется: 0.500
2025-09-27 14:21:14 - ROBOTY.collision - WARNING - Коллизия: роботы 4 и 9 в 24.90s, расстояние: 0.424, требуется: 0.500
2025-09-27 14:21:14 - ROBOTY.collision - WARNING - Коллизия: роботы 4 и 9 в 25.00s, расстояние: 0.351, требуется: 0.500
2025-09-27 14:21:14 - ROBOTY.collision - WARNING - Коллизия: роботы 4 и 9 в 25.10s, расстояние: 0.293, требуется: 0.500
2025-09-27 14:21:14 - ROBOTY.collision - WARNING - Коллизия: роботы 4 и 9 в 25.20s, расстояние: 0.262, требуется: 0.500
2025-09-27 14:21:14 - ROBOTY.collision - WARNING - Коллизия: роботы 4 и 9 в 25.30s, расстояние: 0.266, требуется: 0.500
2025-09-27 14:21:14 - ROBOTY.collision - WARNING - Коллизия: роботы 4 и 9 в 25.40s, расстояние: 0.305, требуется: 0.500
2025-09-27 14:21:14 - ROBOTY.collision - WARNING - Коллизия: роботы 4 и 9 в 25.50s, расстояние: 0.366, требуется: 0.500
2025-09-27 14:21:14 - ROBOTY.collision - WARNING - Коллизия: роботы 4 и 9 в 25.60s, расстояние: 0.442, требуется: 0.500
2025-09-27 14:21:14 - ROBOTY.collision - WARNING - Коллизия: роботы 1 и 6 в 26.00s, расстояние: 0.474, требуется: 0.500
2025-09-27 14:21:14 - ROBOTY.collision - WARNING - Коллизия: роботы 1 и 6 в 26.10s, расстояние: 0.439, требуется: 0.500
2025-09-27 14:21:14 - ROBOTY.collision - WARNING - Коллизия: роботы 1 и 6 в 26.20s, расстояние: 0.422, требуется: 0.500
2025-09-27 14:21:14 - ROBOTY.collision - WARNING - Коллизия: роботы 1 и 6 в 26.30s, расстояние: 0.424, требуется: 0.500
2025-09-27 14:21:14 - ROBOTY.collision - WARNING - Коллизия: роботы 1 и 6 в 26.40s, расстояние: 0.446, требуется: 0.500
2025-09-27 14:21:14 - ROBOTY.collision - WARNING - Коллизия: роботы 1 и 6 в 26.50s, расстояние: 0.484, требуется: 0.500
2025-09-27 14:21:14 - ROBOTY.collision - WARNING - Коллизия: роботы 9 и 10 в 32.00s, расстояние: 0.496, требуется: 0.500
2025-09-27 14:21:14 - ROBOTY.collision - WARNING - Коллизия: роботы 9 и 10 в 32.10s, расстояние: 0.496, требуется: 0.500
2025-09-27 14:21:14 - ROBOTY.collision - WARNING - Коллизия: роботы 9 и 10 в 32.20s, расстояние: 0.496, требуется: 0.500
2025-09-27 14:21:14 - ROBOTY.collision - WARNING - Коллизия: роботы 9 и 10 в 32.30s, расстояние: 0.496, требуется: 0.500
2025-09-27 14:21:14 - ROBOTY.collision - WARNING - Коллизия: роботы 9 и 10 в 32.40s, расстояние: 0.496, требуется: 0.500
2025-09-27 14:21:14 - ROBOTY.collision - WARNING - Коллизия: роботы 9 и 10 в 32.50s, расстояние: 0.496, требуется: 0.500
2025-09-27 14:21:14 - ROBOTY.collision - WARNING - Коллизия: роботы 9 и 10 в 32.60s, расстояние: 0.496, требуется: 0.500
2025-09-27 14:21:14 - ROBOTY.collision - WARNING - Коллизия: роботы 9 и 10 в 32.70s, расстояние: 0.496, требуется: 0.500
2025-09-27 14:21:14 - ROBOTY.collision - WARNING - Коллизия: роботы 9 и 10 в 32.80s, расстояние: 0.496, требуется: 0.500
2025-09-27 14:21:14 - ROBOTY.collision - WARNING - Коллизия: роботы 9 и 10 в 32.90s, расстояние: 0.496, требуется: 0.500
2025-09-27 14:21:14 - ROBOTY.collision - WARNING - Коллизия: роботы 9 и 10 в 33.00s, расстояние: 0.496, требуется: 0.500
2025-09-27 14:21:14 - ROBOTY.collision - WARNING - Коллизия: роботы 9 и 10 в 33.10s, расстояние: 0.496, требуется: 0.500
2025-09-27 14:21:14 - ROBOTY.collision - WARNING - Коллизия: роботы 9 и 10 в 33.20s, расстояние: 0.496, требуется: 0.500
2025-09-27 14:21:14 - ROBOTY.collision - WARNING - Коллизия: роботы 9 и 10 в 33.30s, расстояние: 0.496, требуется: 0.500
2025-09-27 14:21:14 - ROBOTY.collision - WARNING - Коллизия: роботы 9 и 10 в 33.40s, расстояние: 0.496, требуется: 0.500
2025-09-27 14:21:14 - ROBOTY.collision - WARNING - Коллизия: роботы 9 и 10 в 33.50s, расстояние: 0.496, требуется: 0.500
2025-09-27 14:21:14 - ROBOTY.collision - WARNING - Коллизия: роботы 9 и 10 в 33.60s, расстояние: 0.496, требуется: 0.500
2025-09-27 14:21:14 - ROBOTY.collision - WARNING - Коллизия: роботы 9 и 10 в 33.70s, расстояние: 0.496, требуется: 0.500
2025-09-27 14:21:14 - ROBOTY.collision - WARNING - Коллизия: роботы 9 и 10 в 33.80s, расстояние: 0.496, требуется: 0.500
2025-09-27 14:21:14 - ROBOTY.collision - WARNING - Коллизия: роботы 9 и 10 в 33.90s, расстояние: 0.496, требуется: 0.500
2025-09-27 14:21:14 - ROBOTY.collision - WARNING - Коллизия: роботы 9 и 10 в 34.00s, расстояние: 0.496, требуется: 0.500
2025-09-27 14:21:14 - ROBOTY.collision - WARNING - Коллизия: роботы 9 и 10 в 34.10s, расстояние: 0.496, требуется: 0.500
2025-09-27 14:21:14 - ROBOTY.collision - WARNING - Коллизия: роботы 9 и 10 в 34.20s, расстояние: 0.496, требуется: 0.500
2025-09-27 14:21:14 - ROBOTY.collision - WARNING - Коллизия: роботы 9 и 10 в 34.30s, расстояние: 0.496, требуется: 0.500
2025-09-27 14:21:14 - ROBOTY.collision - WARNING - Коллизия: роботы 9 и 10 в 34.40s, расстояние: 0.496, требуется: 0.500
2025-09-27 14:21:14 - ROBOTY.collision - WARNING - Коллизия: роботы 9 и 10 в 34.50s, расстояние: 0.496, требуется: 0.500
2025-09-27 14:21:14 - ROBOTY.collision - WARNING - Коллизия: роботы 9 и 10 в 34.60s, расстояние: 0.496, требуется: 0.500
2025-09-27 14:21:14 - ROBOTY.collision - WARNING - Коллизия: роботы 9 и 10 в 34.70s, расстояние: 0.496, требуется: 0.500
2025-09-27 14:21:14 - ROBOTY.collision - WARNING - Коллизия: роботы 9 и 10 в 34.80s, расстояние: 0.496, требуется: 0.500
2025-09-27 14:21:14 - ROBOTY.collision - WARNING - Коллизия: роботы 9 и 10 в 34.90s, расстояние: 0.496, требуется: 0.500
2025-09-27 14:21:14 - ROBOTY.collision - WARNING - Коллизия: роботы 9 и 10 в 35.00s, расстояние: 0.496, требуется: 0.500
2025-09-27 14:21:14 - ROBOTY.collision - WARNING - Коллизия: роботы 9 и 10 в 35.10s, расстояние: 0.496, требуется: 0.500
2025-09-27 14:21:14 - ROBOTY.collision - WARNING - Коллизия: роботы 9 и 10 в 35.20s, расстояние: 0.496, требуется: 0.500
2025-09-27 14:21:14 - ROBOTY.collision - WARNING - Коллизия: роботы 9 и 10 в 35.30s, расстояние: 0.496, требуется: 0.500
2025-09-27 14:21:14 - ROBOTY.collision - WARNING - Коллизия: роботы 9 и 10 в 35.40s, расстояние: 0.496, требуется: 0.500
2025-09-27 14:21:14 - ROBOTY.collision - WARNING - Коллизия: роботы 9 и 10 в 35.50s, расстояние: 0.496, требуется: 0.500
2025-09-27 14:21:14 - ROBOTY.collision - WARNING - Коллизия: роботы 9 и 10 в 35.60s, расстояние: 0.496, требуется: 0.500
2025-09-27 14:21:14 - ROBOTY.collision - WARNING - Коллизия: роботы 9 и 10 в 35.70s, расстояние: 0.496, требуется: 0.500
2025-09-27 14:21:14 - ROBOTY.collision - WARNING - Коллизия: роботы 9 и 10 в 35.80s, расстояние: 0.496, требуется: 0.500
2025-09-27 14:21:14 - ROBOTY.collision - WARNING - Коллизия: роботы 9 и 10 в 35.90s, расстояние: 0.496, требуется: 0.500
2025-09-27 14:21:14 - ROBOTY.collision - WARNING - Коллизия: роботы 9 и 10 в 36.00s, расстояние: 0.496, требуется: 0.500
2025-09-27 14:21:14 - ROBOTY.collision - WARNING - Коллизия: роботы 9 и 10 в 36.10s, расстояние: 0.496, требуется: 0.500
2025-09-27 14:21:14 - ROBOTY.collision - WARNING - Коллизия: роботы 9 и 10 в 36.20s, расстояние: 0.496, требуется: 0.500
2025-09-27 14:21:14 - ROBOTY.collision - WARNING - Коллизия: роботы 9 и 10 в 36.30s, расстояние: 0.496, требуется: 0.500
2025-09-27 14:21:14 - ROBOTY.collision - WARNING - Коллизия: роботы 9 и 10 в 36.40s, расстояние: 0.496, требуется: 0.500
2025-09-27 14:21:14 - ROBOTY.collision - WARNING - Коллизия: роботы 9 и 10 в 36.50s, расстояние: 0.496, требуется: 0.500
2025-09-27 14:21:14 - ROBOTY.collision - WARNING - Коллизия: роботы 9 и 10 в 36.60s, расстояние: 0.496, требуется: 0.500
2025-09-27 14:21:14 - ROBOTY.collision - WARNING - Коллизия: роботы 9 и 10 в 36.70s, расстояние: 0.496, требуется: 0.500
2025-09-27 14:21:14 - ROBOTY.collision - WARNING - Коллизия: роботы 9 и 10 в 36.80s, расстояние: 0.496, требуется: 0.500
2025-09-27 14:21:14 - ROBOTY.collision - WARNING - Коллизия: роботы 2 и 5 в 36.90s, расстояние: 0.412, требуется: 0.500
2025-09-27 14:21:14 - ROBOTY.collision - WARNING - Коллизия: роботы 9 и 10 в 36.90s, расстояние: 0.496, требуется: 0.500
2025-09-27 14:21:14 - ROBOTY.collision - WARNING - Коллизия: роботы 2 и 5 в 37.00s, расстояние: 0.299, требуется: 0.500
2025-09-27 14:21:14 - ROBOTY.collision - WARNING - Коллизия: роботы 9 и 10 в 37.00s, расстояние: 0.496, требуется: 0.500
2025-09-27 14:21:14 - ROBOTY.collision - WARNING - Коллизия: роботы 2 и 5 в 37.10s, расстояние: 0.266, требуется: 0.500
2025-09-27 14:21:14 - ROBOTY.collision - WARNING - Коллизия: роботы 9 и 10 в 37.10s, расстояние: 0.496, требуется: 0.500
2025-09-27 14:21:14 - ROBOTY.collision - WARNING - Коллизия: роботы 2 и 5 в 37.20s, расстояние: 0.338, требуется: 0.500
2025-09-27 14:21:14 - ROBOTY.collision - WARNING - Коллизия: роботы 9 и 10 в 37.20s, расстояние: 0.496, требуется: 0.500
2025-09-27 14:21:14 - ROBOTY.collision - WARNING - Коллизия: роботы 2 и 5 в 37.30s, расстояние: 0.468, требуется: 0.500
2025-09-27 14:21:14 - ROBOTY.collision - WARNING - Коллизия: роботы 9 и 10 в 37.30s, расстояние: 0.496, требуется: 0.500
2025-09-27 14:21:14 - ROBOTY.collision - WARNING - Коллизия: роботы 9 и 10 в 37.40s, расстояние: 0.496, требуется: 0.500
2025-09-27 14:21:14 - ROBOTY.collision - WARNING - Коллизия: роботы 9 и 10 в 37.50s, расстояние: 0.496, требуется: 0.500
2025-09-27 14:21:14 - ROBOTY.collision - WARNING - Коллизия: роботы 9 и 10 в 37.60s, расстояние: 0.496, требуется: 0.500
2025-09-27 14:21:14 - ROBOTY.collision - WARNING - Коллизия: роботы 9 и 10 в 37.70s, расстояние: 0.496, требуется: 0.500
2025-09-27 14:21:14 - ROBOTY.collision - WARNING - Коллизия: роботы 9 и 10 в 37.80s, расстояние: 0.496, требуется: 0.500
2025-09-27 14:21:14 - ROBOTY.collision - WARNING - Коллизия: роботы 9 и 10 в 37.90s, расстояние: 0.496, требуется: 0.500
2025-09-27 14:21:14 - ROBOTY.collision - WARNING - Коллизия: роботы 9 и 10 в 38.00s, расстояние: 0.496, требуется: 0.500
2025-09-27 14:21:14 - ROBOTY.collision - WARNING - Коллизия: роботы 9 и 10 в 38.10s, расстояние: 0.496, требуется: 0.500
2025-09-27 14:21:14 - ROBOTY.collision - WARNING - Коллизия: роботы 9 и 10 в 38.20s, расстояние: 0.496, требуется: 0.500
2025-09-27 14:21:14 - ROBOTY.collision - WARNING - Коллизия: роботы 9 и 10 в 38.30s, расстояние: 0.496, требуется: 0.500
2025-09-27 14:21:14 - ROBOTY.collision - WARNING - Коллизия: роботы 9 и 10 в 38.40s, расстояние: 0.496, требуется: 0.500
2025-09-27 14:21:14 - ROBOTY.collision - WARNING - Коллизия: роботы 9 и 10 в 38.50s, расстояние: 0.496, требуется: 0.500
2025-09-27 14:21:14 - ROBOTY.collision - WARNING - Коллизия: роботы 9 и 10 в 38.60s, расстояние: 0.496, требуется: 0.500
2025-09-27 14:21:14 - ROBOTY.collision - WARNING - Коллизия: роботы 9 и 10 в 38.70s, расстояние: 0.496, требуется: 0.500
2025-09-27 14:21:14 - ROBOTY.collision - WARNING - Коллизия: роботы 9 и 10 в 38.80s, расстояние: 0.496, требуется: 0.500
2025-09-27 14:21:14 - ROBOTY.collision - WARNING - Коллизия: роботы 9 и 10 в 38.90s, расстояние: 0.496, требуется: 0.500
2025-09-27 14:21:14 - ROBOTY.collision - WARNING - Коллизия: роботы 9 и 10 в 39.00s, расстояние: 0.496, требуется: 0.500
2025-09-27 14:21:14 - ROBOTY.collision - WARNING - Коллизия: роботы 9 и 10 в 39.10s, расстояние: 0.496, требуется: 0.500
2025-09-27 14:21:14 - ROBOTY.collision - WARNING - Коллизия: роботы 9 и 10 в 39.20s, расстояние: 0.496, требуется: 0.500
2025-09-27 14:21:14 - ROBOTY.collision - WARNING - Коллизия: роботы 9 и 10 в 39.30s, расстояние: 0.496, требуется: 0.500
2025-09-27 14:21:14 - ROBOTY.collision - WARNING - Коллизия: роботы 9 и 10 в 39.40s, расстояние: 0.496, требуется: 0.500
2025-09-27 14:21:14 - ROBOTY.collision - WARNING - Коллизия: роботы 9 и 10 в 39.50s, расстояние: 0.496, требуется: 0.500
2025-09-27 14:21:14 - ROBOTY.collision - WARNING - Коллизия: роботы 9 и 10 в 39.60s, расстояние: 0.496, требуется: 0.500
2025-09-27 14:21:14 - ROBOTY.collision - WARNING - Коллизия: роботы 9 и 10 в 39.70s, расстояние: 0.496, требуется: 0.500
2025-09-27 14:21:14 - ROBOTY.collision - WARNING - Коллизия: роботы 9 и 10 в 39.80s, расстояние: 0.496, требуется: 0.500
2025-09-27 14:21:14 - ROBOTY.collision - WARNING - Коллизия: роботы 9 и 10 в 39.90s, расстояние: 0.496, требуется: 0.500
2025-09-27 14:21:14 - ROBOTY.collision - WARNING - Коллизия: роботы 9 и 10 в 40.00s, расстояние: 0.496, требуется: 0.500
2025-09-27 14:21:14 - ROBOTY.collision - WARNING - Коллизия: роботы 9 и 10 в 40.10s, расстояние: 0.496, требуется: 0.500
2025-09-27 14:21:14 - ROBOTY.collision - WARNING - Коллизия: роботы 9 и 10 в 40.20s, расстояние: 0.496, требуется: 0.500
2025-09-27 14:21:14 - ROBOTY.collision - WARNING - Коллизия: роботы 9 и 10 в 40.30s, расстояние: 0.496, требуется: 0.500
2025-09-27 14:21:14 - ROBOTY.collision - WARNING - Коллизия: роботы 9 и 10 в 40.40s, расстояние: 0.496, требуется: 0.500
2025-09-27 14:21:14 - ROBOTY.collision - WARNING - Коллизия: роботы 9 и 10 в 40.50s, расстояние: 0.496, требуется: 0.500
2025-09-27 14:21:14 - ROBOTY.collision - WARNING - Коллизия: роботы 9 и 10 в 40.60s, расстояние: 0.496, требуется: 0.500
2025-09-27 14:21:14 - ROBOTY.collision - WARNING - Коллизия: роботы 9 и 10 в 40.70s, расстояние: 0.496, требуется: 0.500
2025-09-27 14:21:14 - ROBOTY.collision - WARNING - Коллизия: роботы 9 и 10 в 40.80s, расстояние: 0.496, требуется: 0.500
2025-09-27 14:21:14 - ROBOTY.collision - WARNING - Коллизия: роботы 9 и 10 в 40.90s, расстояние: 0.496, требуется: 0.500
2025-09-27 14:21:14 - ROBOTY.collision - WARNING - Коллизия: роботы 2 и 4 в 41.00s, расстояние: 0.485, требуется: 0.500
2025-09-27 14:21:14 - ROBOTY.collision - WARNING - Коллизия: роботы 9 и 10 в 41.00s, расстояние: 0.496, требуется: 0.500
2025-09-27 14:21:14 - ROBOTY.collision - WARNING - Коллизия: роботы 2 и 4 в 41.10s, расстояние: 0.397, требуется: 0.500
2025-09-27 14:21:14 - ROBOTY.collision - WARNING - Коллизия: роботы 9 и 10 в 41.10s, расстояние: 0.496, требуется: 0.500
2025-09-27 14:21:14 - ROBOTY.collision - WARNING - Коллизия: роботы 2 и 4 в 41.20s, расстояние: 0.356, требуется: 0.500
2025-09-27 14:21:14 - ROBOTY.collision - WARNING - Коллизия: роботы 9 и 10 в 41.20s, расстояние: 0.496, требуется: 0.500
2025-09-27 14:21:14 - ROBOTY.collision - WARNING - Коллизия: роботы 2 и 4 в 41.30s, расстояние: 0.378, требуется: 0.500
2025-09-27 14:21:14 - ROBOTY.collision - WARNING - Коллизия: роботы 9 и 10 в 41.30s, расстояние: 0.496, требуется: 0.500
2025-09-27 14:21:14 - ROBOTY.collision - WARNING - Коллизия: роботы 2 и 4 в 41.40s, расстояние: 0.450, требуется: 0.500
2025-09-27 14:21:14 - ROBOTY.collision - WARNING - Коллизия: роботы 9 и 10 в 41.40s, расстояние: 0.496, требуется: 0.500
2025-09-27 14:21:14 - ROBOTY.collision - WARNING - Коллизия: роботы 9 и 10 в 41.50s, расстояние: 0.496, требуется: 0.500
2025-09-27 14:21:14 - ROBOTY.collision - WARNING - Коллизия: роботы 9 и 10 в 41.60s, расстояние: 0.496, требуется: 0.500
2025-09-27 14:21:14 - ROBOTY.collision - WARNING - Коллизия: роботы 9 и 10 в 41.70s, расстояние: 0.496, требуется: 0.500
2025-09-27 14:21:14 - ROBOTY.collision - WARNING - Коллизия: роботы 9 и 10 в 41.80s, расстояние: 0.496, требуется: 0.500
2025-09-27 14:21:14 - ROBOTY.collision - WARNING - Коллизия: роботы 9 и 10 в 41.90s, расстояние: 0.496, требуется: 0.500
2025-09-27 14:21:14 - ROBOTY.collision - WARNING - Коллизия: роботы 9 и 10 в 42.00s, расстояние: 0.496, требуется: 0.500
2025-09-27 14:21:14 - ROBOTY.collision - WARNING - Коллизия: роботы 9 и 10 в 42.10s, расстояние: 0.496, требуется: 0.500
2025-09-27 14:21:14 - ROBOTY.collision - WARNING - Коллизия: роботы 9 и 10 в 42.20s, расстояние: 0.496, требуется: 0.500
2025-09-27 14:21:14 - ROBOTY.collision - WARNING - Коллизия: роботы 9 и 10 в 42.30s, расстояние: 0.496, требуется: 0.500
2025-09-27 14:21:14 - ROBOTY.collision - WARNING - Коллизия: роботы 9 и 10 в 42.40s, расстояние: 0.496, требуется: 0.500
2025-09-27 14:21:14 - ROBOTY.collision - WARNING - Коллизия: роботы 9 и 10 в 42.50s, расстояние: 0.496, требуется: 0.500
2025-09-27 14:21:14 - ROBOTY.collision - WARNING - Коллизия: роботы 9 и 10 в 42.60s, расстояние: 0.496, требуется: 0.500
2025-09-27 14:21:14 - ROBOTY.collision - WARNING - Коллизия: роботы 9 и 10 в 42.70s, расстояние: 0.496, требуется: 0.500
2025-09-27 14:21:14 - ROBOTY.collision - WARNING - Коллизия: роботы 9 и 10 в 42.80s, расстояние: 0.496, требуется: 0.500
2025-09-27 14:21:14 - ROBOTY.collision - WARNING - Коллизия: роботы 9 и 10 в 42.90s, расстояние: 0.496, требуется: 0.500
2025-09-27 14:21:14 - ROBOTY.collision - WARNING - Коллизия: роботы 9 и 10 в 43.00s, расстояние: 0.496, требуется: 0.500
2025-09-27 14:21:14 - ROBOTY.collision - WARNING - Коллизия: роботы 9 и 10 в 43.10s, расстояние: 0.496, требуется: 0.500
2025-09-27 14:21:14 - ROBOTY.collision - WARNING - Коллизия: роботы 9 и 10 в 43.20s, расстояние: 0.496, требуется: 0.500
2025-09-27 14:21:14 - ROBOTY.collision - WARNING - Коллизия: роботы 9 и 10 в 43.30s, расстояние: 0.496, требуется: 0.500
2025-09-27 14:21:14 - ROBOTY.collision - WARNING - Коллизия: роботы 9 и 10 в 43.40s, расстояние: 0.496, требуется: 0.500
2025-09-27 14:21:14 - ROBOTY.collision - WARNING - Коллизия: роботы 9 и 10 в 43.50s, расстояние: 0.496, требуется: 0.500
2025-09-27 14:21:14 - ROBOTY.collision - WARNING - Коллизия: роботы 9 и 10 в 43.60s, расстояние: 0.496, требуется: 0.500
2025-09-27 14:21:14 - ROBOTY.collision - WARNING - Коллизия: роботы 9 и 10 в 43.70s, расстояние: 0.496, требуется: 0.500
2025-09-27 14:21:14 - ROBOTY.collision - WARNING - Коллизия: роботы 9 и 10 в 43.80s, расстояние: 0.496, требуется: 0.500
2025-09-27 14:21:14 - ROBOTY.collision - WARNING - Коллизия: роботы 9 и 10 в 43.90s, расстояние: 0.496, требуется: 0.500
2025-09-27 14:21:14 - ROBOTY.collision - WARNING - Коллизия: роботы 9 и 10 в 44.00s, расстояние: 0.496, требуется: 0.500
2025-09-27 14:21:14 - ROBOTY.collision - WARNING - Коллизия: роботы 9 и 10 в 44.10s, расстояние: 0.496, требуется: 0.500
2025-09-27 14:21:14 - ROBOTY.collision - WARNING - Коллизия: роботы 9 и 10 в 44.20s, расстояние: 0.496, требуется: 0.500
2025-09-27 14:21:14 - ROBOTY.collision - WARNING - Коллизия: роботы 9 и 10 в 44.30s, расстояние: 0.496, требуется: 0.500
2025-09-27 14:21:14 - ROBOTY.collision - WARNING - Коллизия: роботы 9 и 10 в 44.40s, расстояние: 0.496, требуется: 0.500
2025-09-27 14:21:14 - ROBOTY.collision - WARNING - Коллизия: роботы 9 и 10 в 44.50s, расстояние: 0.496, требуется: 0.500
2025-09-27 14:21:14 - ROBOTY.collision - WARNING - Коллизия: роботы 9 и 10 в 44.60s, расстояние: 0.496, требуется: 0.500
2025-09-27 14:21:14 - ROBOTY.collision - WARNING - Коллизия: роботы 9 и 10 в 44.70s, расстояние: 0.496, требуется: 0.500
2025-09-27 14:21:14 - ROBOTY.collision - WARNING - Коллизия: роботы 9 и 10 в 44.80s, расстояние: 0.496, требуется: 0.500
2025-09-27 14:21:14 - ROBOTY.collision - WARNING - Коллизия: роботы 9 и 10 в 44.90s, расстояние: 0.496, требуется: 0.500
2025-09-27 14:21:14 - ROBOTY.collision - WARNING - Коллизия: роботы 9 и 10 в 45.00s, расстояние: 0.496, требуется: 0.500
2025-09-27 14:21:14 - ROBOTY.collision - WARNING - Коллизия: роботы 9 и 10 в 45.10s, расстояние: 0.496, требуется: 0.500
2025-09-27 14:21:14 - ROBOTY.collision - WARNING - Коллизия: роботы 9 и 10 в 45.20s, расстояние: 0.472, требуется: 0.500
2025-09-27 14:21:14 - ROBOTY.collision - WARNING - Коллизия: роботы 9 и 10 в 45.30s, расстояние: 0.433, требуется: 0.500
2025-09-27 14:21:14 - ROBOTY.collision - WARNING - Коллизия: роботы 9 и 10 в 45.40s, расстояние: 0.404, требуется: 0.500
2025-09-27 14:21:14 - ROBOTY.collision - WARNING - Коллизия: роботы 9 и 10 в 45.50s, расстояние: 0.389, требуется: 0.500
2025-09-27 14:21:14 - ROBOTY.collision - WARNING - Коллизия: роботы 9 и 10 в 45.60s, расстояние: 0.384, требуется: 0.500
2025-09-27 14:21:14 - ROBOTY.collision - WARNING - Коллизия: роботы 9 и 10 в 45.70s, расстояние: 0.386, требуется: 0.500
2025-09-27 14:21:14 - ROBOTY.collision - WARNING - Коллизия: роботы 9 и 10 в 45.80s, расстояние: 0.398, требуется: 0.500
2025-09-27 14:21:14 - ROBOTY.collision - WARNING - Коллизия: роботы 9 и 10 в 45.90s, расстояние: 0.405, требуется: 0.500
2025-09-27 14:21:14 - ROBOTY.collision - WARNING - Коллизия: роботы 9 и 10 в 46.00s, расстояние: 0.418, требуется: 0.500
2025-09-27 14:21:14 - ROBOTY.collision - WARNING - Коллизия: роботы 9 и 10 в 46.10s, расстояние: 0.446, требуется: 0.500
2025-09-27 14:21:14 - ROBOTY.collision - WARNING - Коллизия: роботы 9 и 10 в 46.20s, расстояние: 0.494, требуется: 0.500
2025-09-27 14:21:14 - ROBOTY.collision - ERROR - Обнаружено 308 коллизий
2025-09-27 14:21:14 - ROBOTY.main - WARNING - Коллизии сохраняются после вставки пауз
2025-09-27 14:21:15 - ROBOTY.main - INFO - Запуск десктопного 3D Viewer
2025-09-27 14:21:15 - ROBOTY.native_viewer - INFO - Получены данные плана: 10 роботов
2025-09-27 14:21:15 - ROBOTY.native_viewer - INFO - Начинаем генерацию 3D визуализации
2025-09-27 14:21:15 - ROBOTY.native_viewer - INFO - Тип визуализации: 3d_desktop
2025-09-27 14:21:15 - ROBOTY.native_viewer - INFO - Количество роботов: 10
2025-09-27 14:21:15 - ROBOTY.native_viewer - INFO - Применены агрессивные оптимизации для большой сцены
2025-09-27 14:21:15 - ROBOTY.native_viewer - INFO - Применены максимальные оптимизации для очень большой сцены
2025-09-27 14:21:15 - ROBOTY.native_viewer - INFO - Добавлена модель руки
2025-09-27 14:21:15 - ROBOTY.visualizer - INFO - Запуск визуализации типа: 3d_desktop
2025-09-27 14:21:15 - ROBOTY.visualizer - INFO - Создание десктопной 3D визуализации с точечным воспроизведением
2025-09-27 14:21:15 - ROBOTY.mesh_loader - INFO - Hand definition загружен: assets/robots/hand_ultra_simple_hand_def.txt, вершин=85, сегментов=247, точек=0
2025-09-27 14:21:15 - ROBOTY.mesh_loader - INFO - Hand definition загружен: assets/robots/hand_ultra_simple_hand_def.txt, вершин=85, сегментов=247, точек=0
2025-09-27 14:21:15 - ROBOTY.mesh_loader - INFO - Hand definition загружен: assets/robots/hand_ultra_simple_hand_def.txt, вершин=85, сегментов=247, точек=0
2025-09-27 14:21:15 - ROBOTY.mesh_loader - INFO - Hand definition загружен: assets/robots/hand_ultra_simple_hand_def.txt, вершин=85, сегментов=247, точек=0
2025-09-27 14:21:16 - ROBOTY.mesh_loader - INFO - Hand definition загружен: assets/robots/hand_ultra_simple_hand_def.txt, вершин=85, сегментов=247, точек=0
2025-09-27 14:21:16 - ROBOTY.mesh_loader - INFO - Hand definition загружен: assets/robots/hand_ultra_simple_hand_def.txt, вершин=85, сегментов=247, точек=0
2025-09-27 14:21:16 - ROBOTY.mesh_loader - INFO - Hand definition загружен: assets/robots/hand_ultra_simple_hand_def.txt, вершин=85, сегментов=247, точек=0
2025-09-27 14:21:16 - ROBOTY.mesh_loader - INFO - Hand definition загружен: assets/robots/hand_ultra_simple_hand_def.txt, вершин=85, сегментов=247, точек=0
2025-09-27 14:21:16 - ROBOTY.mesh_loader - INFO - Hand definition загружен: assets/robots/hand_ultra_simple_hand_def.txt, вершин=85, сегментов=247, точек=0
2025-09-27 14:21:16 - ROBOTY.mesh_loader - INFO - Hand definition загружен: assets/robots/hand_ultra_simple_hand_def.txt, вершин=85, сегментов=247, точек=0
2025-09-27 14:21:16 - ROBOTY.visualizer - INFO - Десктопная 3D визуализация создана
2025-09-27 14:21:16 - ROBOTY.native_viewer - INFO - HTML файл сохранен: C:\Users\22200490\AppData\Local\Temp\tmp7g7ty6nq_viz_3d_desktop.html
2025-09-27 14:21:16 - ROBOTY.native_viewer - INFO - 3D визуализация успешно сгенерирована
2025-09-27 14:21:16 - ROBOTY.native_viewer - INFO - Native Desktop Viewer инициализирован
2025-09-27 14:21:16 - ROBOTY.main - INFO - Десктопный 3D Viewer успешно запущен
2025-09-27 14:21:26 - ROBOTY.native_viewer - INFO - HTML файл открыт в браузере: C:\Users\22200490\AppData\Local\Temp\tmp7g7ty6nq_viz_3d_desktop.html
2025-09-27 14:22:08 - ROBOTY.native_viewer - INFO - Закрытие Native Desktop Viewer
2025-09-27 14:22:08 - ROBOTY.native_viewer - INFO - Временный HTML файл удален
2025-09-27 14:22:16 - ROBOTY.main - INFO - Запуск десктопного 3D Viewer
2025-09-27 14:22:16 - ROBOTY.native_viewer - INFO - Получены данные плана: 10 роботов
2025-09-27 14:22:16 - ROBOTY.native_viewer - INFO - Начинаем генерацию 3D визуализации
2025-09-27 14:22:16 - ROBOTY.native_viewer - INFO - Тип визуализации: 3d_desktop
2025-09-27 14:22:16 - ROBOTY.native_viewer - INFO - Количество роботов: 10
2025-09-27 14:22:16 - ROBOTY.native_viewer - INFO - Применены агрессивные оптимизации для большой сцены
2025-09-27 14:22:16 - ROBOTY.native_viewer - INFO - Применены максимальные оптимизации для очень большой сцены
2025-09-27 14:22:16 - ROBOTY.native_viewer - INFO - Добавлена модель руки
2025-09-27 14:22:16 - ROBOTY.visualizer - INFO - Запуск визуализации типа: 3d_desktop
2025-09-27 14:22:16 - ROBOTY.visualizer - INFO - Создание десктопной 3D визуализации с точечным воспроизведением
2025-09-27 14:22:16 - ROBOTY.mesh_loader - INFO - Hand definition загружен: assets/robots/hand_ultra_simple_hand_def.txt, вершин=85, сегментов=247, точек=0
2025-09-27 14:22:16 - ROBOTY.mesh_loader - INFO - Hand definition загружен: assets/robots/hand_ultra_simple_hand_def.txt, вершин=85, сегментов=247, точек=0
2025-09-27 14:22:16 - ROBOTY.mesh_loader - INFO - Hand definition загружен: assets/robots/hand_ultra_simple_hand_def.txt, вершин=85, сегментов=247, точек=0
2025-09-27 14:22:16 - ROBOTY.mesh_loader - INFO - Hand definition загружен: assets/robots/hand_ultra_simple_hand_def.txt, вершин=85, сегментов=247, точек=0
2025-09-27 14:22:16 - ROBOTY.mesh_loader - INFO - Hand definition загружен: assets/robots/hand_ultra_simple_hand_def.txt, вершин=85, сегментов=247, точек=0
2025-09-27 14:22:16 - ROBOTY.mesh_loader - INFO - Hand definition загружен: assets/robots/hand_ultra_simple_hand_def.txt, вершин=85, сегментов=247, точек=0
2025-09-27 14:22:16 - ROBOTY.mesh_loader - INFO - Hand definition загружен: assets/robots/hand_ultra_simple_hand_def.txt, вершин=85, сегментов=247, точек=0
2025-09-27 14:22:17 - ROBOTY.mesh_loader - INFO - Hand definition загружен: assets/robots/hand_ultra_simple_hand_def.txt, вершин=85, сегментов=247, точек=0
2025-09-27 14:22:17 - ROBOTY.mesh_loader - INFO - Hand definition загружен: assets/robots/hand_ultra_simple_hand_def.txt, вершин=85, сегментов=247, точек=0
2025-09-27 14:22:17 - ROBOTY.mesh_loader - INFO - Hand definition загружен: assets/robots/hand_ultra_simple_hand_def.txt, вершин=85, сегментов=247, точек=0
2025-09-27 14:22:17 - ROBOTY.visualizer - INFO - Десктопная 3D визуализация создана
2025-09-27 14:22:17 - ROBOTY.native_viewer - INFO - HTML файл сохранен: C:\Users\22200490\AppData\Local\Temp\tmptrkm0cm7_viz_3d_desktop.html
2025-09-27 14:22:17 - ROBOTY.native_viewer - INFO - 3D визуализация успешно сгенерирована
2025-09-27 14:22:17 - ROBOTY.native_viewer - INFO - Native Desktop Viewer инициализирован
2025-09-27 14:22:17 - ROBOTY.main - INFO - Десктопный 3D Viewer успешно запущен
2025-09-27 14:22:29 - ROBOTY.native_viewer - INFO - Закрытие Native Desktop Viewer
2025-09-27 14:22:29 - ROBOTY.native_viewer - INFO - Временный HTML файл удален
