2025-09-27 12:35:43 - ROBOTY.main - INFO - Запуск приложения ROBOTY
2025-09-27 12:35:43 - ROBOTY.main - INFO - Применена тема: dark
2025-09-27 12:35:43 - ROBOTY.main - INFO - Интерфейс инициализирован
2025-09-27 12:35:43 - ROBOTY.main - INFO - Приложение успешно запущено
2025-09-27 12:35:44 - ROBOTY.main - INFO - Запуск десктопного 3D Viewer
2025-09-27 12:35:44 - ROBOTY.main - WARNING - Попытка запуска 3D Viewer без плана
2025-09-27 12:35:57 - ROBOTY.main - INFO - Создан входной файл: C:\Users\22200490\.cursor\ROBOTY-main\data\input_20250927_123547.json
2025-09-27 12:35:57 - ROBOTY.parser - INFO - Начинаем загрузку файла: C:\Users\22200490\.cursor\ROBOTY-main\data\input_20250927_123547.json
2025-09-27 12:35:57 - ROBOTY.parser - INFO - Файл C:\Users\22200490\.cursor\ROBOTY-main\data\input_20250927_123547.json успешно загружен
2025-09-27 12:35:57 - ROBOTY.parser - DEBUG - Робот 1 успешно загружен
2025-09-27 12:35:57 - ROBOTY.parser - DEBUG - Робот 2 успешно загружен
2025-09-27 12:35:57 - ROBOTY.parser - DEBUG - Робот 3 успешно загружен
2025-09-27 12:35:57 - ROBOTY.parser - DEBUG - Робот 4 успешно загружен
2025-09-27 12:35:57 - ROBOTY.parser - DEBUG - Операция 1 успешно загружена
2025-09-27 12:35:57 - ROBOTY.parser - DEBUG - Операция 2 успешно загружена
2025-09-27 12:35:57 - ROBOTY.parser - DEBUG - Операция 3 успешно загружена
2025-09-27 12:35:57 - ROBOTY.parser - DEBUG - Операция 4 успешно загружена
2025-09-27 12:35:57 - ROBOTY.parser - DEBUG - Операция 5 успешно загружена
2025-09-27 12:35:57 - ROBOTY.parser - DEBUG - Операция 6 успешно загружена
2025-09-27 12:35:57 - ROBOTY.parser - DEBUG - Операция 7 успешно загружена
2025-09-27 12:35:57 - ROBOTY.parser - DEBUG - Операция 8 успешно загружена
2025-09-27 12:35:57 - ROBOTY.parser - DEBUG - Операция 9 успешно загружена
2025-09-27 12:35:57 - ROBOTY.parser - DEBUG - Операция 10 успешно загружена
2025-09-27 12:35:57 - ROBOTY.parser - DEBUG - Операция 11 успешно загружена
2025-09-27 12:35:57 - ROBOTY.parser - DEBUG - Операция 12 успешно загружена
2025-09-27 12:35:57 - ROBOTY.parser - DEBUG - Операция 13 успешно загружена
2025-09-27 12:35:57 - ROBOTY.parser - DEBUG - Операция 14 успешно загружена
2025-09-27 12:35:57 - ROBOTY.parser - DEBUG - Операция 15 успешно загружена
2025-09-27 12:35:57 - ROBOTY.parser - DEBUG - Операция 16 успешно загружена
2025-09-27 12:35:57 - ROBOTY.parser - DEBUG - Операция 17 успешно загружена
2025-09-27 12:35:57 - ROBOTY.parser - DEBUG - Операция 18 успешно загружена
2025-09-27 12:35:57 - ROBOTY.parser - DEBUG - Операция 19 успешно загружена
2025-09-27 12:35:57 - ROBOTY.parser - DEBUG - Операция 20 успешно загружена
2025-09-27 12:35:57 - ROBOTY.parser - DEBUG - Операция 21 успешно загружена
2025-09-27 12:35:57 - ROBOTY.parser - DEBUG - Операция 22 успешно загружена
2025-09-27 12:35:57 - ROBOTY.parser - DEBUG - Операция 23 успешно загружена
2025-09-27 12:35:57 - ROBOTY.parser - DEBUG - Операция 24 успешно загружена
2025-09-27 12:35:57 - ROBOTY.parser - DEBUG - Операция 25 успешно загружена
2025-09-27 12:35:57 - ROBOTY.parser - DEBUG - Операция 26 успешно загружена
2025-09-27 12:35:57 - ROBOTY.parser - DEBUG - Операция 27 успешно загружена
2025-09-27 12:35:57 - ROBOTY.parser - DEBUG - Операция 28 успешно загружена
2025-09-27 12:35:57 - ROBOTY.parser - DEBUG - Операция 29 успешно загружена
2025-09-27 12:35:57 - ROBOTY.parser - DEBUG - Операция 30 успешно загружена
2025-09-27 12:35:57 - ROBOTY.parser - INFO - Загружено 4 роботов и 30 операций
2025-09-27 12:36:02 - ROBOTY.main - INFO - Запуск планировщика
2025-09-27 12:36:02 - ROBOTY.planner - INFO - Запуск планировщика траекторий
2025-09-27 12:36:02 - ROBOTY.assigner - INFO - Начинаем назначение операций методом: balanced
2025-09-27 12:36:02 - ROBOTY.assigner - DEBUG - Операция 0 назначена роботу 3 (нагрузка: 11.94)
2025-09-27 12:36:02 - ROBOTY.assigner - DEBUG - Операция 1 назначена роботу 1 (нагрузка: 11.40)
2025-09-27 12:36:02 - ROBOTY.assigner - DEBUG - Операция 2 назначена роботу 0 (нагрузка: 11.13)
2025-09-27 12:36:02 - ROBOTY.assigner - DEBUG - Операция 3 назначена роботу 2 (нагрузка: 10.79)
2025-09-27 12:36:02 - ROBOTY.assigner - DEBUG - Операция 4 назначена роботу 3 (нагрузка: 18.00)
2025-09-27 12:36:02 - ROBOTY.assigner - DEBUG - Операция 5 назначена роботу 2 (нагрузка: 21.39)
2025-09-27 12:36:02 - ROBOTY.assigner - DEBUG - Операция 6 назначена роботу 0 (нагрузка: 20.28)
2025-09-27 12:36:02 - ROBOTY.assigner - DEBUG - Операция 7 назначена роботу 1 (нагрузка: 26.92)
2025-09-27 12:36:02 - ROBOTY.assigner - DEBUG - Операция 8 назначена роботу 3 (нагрузка: 28.85)
2025-09-27 12:36:02 - ROBOTY.assigner - DEBUG - Операция 9 назначена роботу 0 (нагрузка: 34.42)
2025-09-27 12:36:02 - ROBOTY.assigner - DEBUG - Операция 10 назначена роботу 2 (нагрузка: 32.83)
2025-09-27 12:36:02 - ROBOTY.assigner - DEBUG - Операция 11 назначена роботу 3 (нагрузка: 39.42)
2025-09-27 12:36:02 - ROBOTY.assigner - DEBUG - Операция 12 назначена роботу 0 (нагрузка: 43.81)
2025-09-27 12:36:02 - ROBOTY.assigner - DEBUG - Операция 13 назначена роботу 1 (нагрузка: 48.86)
2025-09-27 12:36:02 - ROBOTY.assigner - DEBUG - Операция 14 назначена роботу 2 (нагрузка: 49.27)
2025-09-27 12:36:02 - ROBOTY.assigner - DEBUG - Операция 15 назначена роботу 3 (нагрузка: 53.42)
2025-09-27 12:36:02 - ROBOTY.assigner - DEBUG - Операция 16 назначена роботу 0 (нагрузка: 51.47)
2025-09-27 12:36:02 - ROBOTY.assigner - DEBUG - Операция 17 назначена роботу 2 (нагрузка: 56.38)
2025-09-27 12:36:02 - ROBOTY.assigner - DEBUG - Операция 18 назначена роботу 0 (нагрузка: 62.32)
2025-09-27 12:36:02 - ROBOTY.assigner - DEBUG - Операция 19 назначена роботу 3 (нагрузка: 60.93)
2025-09-27 12:36:02 - ROBOTY.assigner - DEBUG - Операция 20 назначена роботу 1 (нагрузка: 58.76)
2025-09-27 12:36:02 - ROBOTY.assigner - DEBUG - Операция 21 назначена роботу 2 (нагрузка: 68.50)
2025-09-27 12:36:02 - ROBOTY.assigner - DEBUG - Операция 22 назначена роботу 0 (нагрузка: 75.85)
2025-09-27 12:36:02 - ROBOTY.assigner - DEBUG - Операция 23 назначена роботу 3 (нагрузка: 70.45)
2025-09-27 12:36:02 - ROBOTY.assigner - DEBUG - Операция 24 назначена роботу 1 (нагрузка: 78.40)
2025-09-27 12:36:02 - ROBOTY.assigner - DEBUG - Операция 25 назначена роботу 3 (нагрузка: 79.06)
2025-09-27 12:36:02 - ROBOTY.assigner - DEBUG - Операция 26 назначена роботу 2 (нагрузка: 82.98)
2025-09-27 12:36:02 - ROBOTY.assigner - DEBUG - Операция 27 назначена роботу 3 (нагрузка: 86.51)
2025-09-27 12:36:02 - ROBOTY.assigner - DEBUG - Операция 28 назначена роботу 0 (нагрузка: 87.42)
2025-09-27 12:36:02 - ROBOTY.assigner - DEBUG - Операция 29 назначена роботу 1 (нагрузка: 89.56)
2025-09-27 12:36:02 - ROBOTY.assigner - INFO - Распределено 30 операций с балансировкой нагрузки
2025-09-27 12:36:02 - ROBOTY.assigner - INFO - Итоговые нагрузки роботов: ['87.42', '89.56', '82.98', '86.51']
2025-09-27 12:36:02 - ROBOTY.assigner - INFO - Робот 0: 8 операций, нагрузка 87.42
2025-09-27 12:36:02 - ROBOTY.assigner - INFO - Робот 1: 6 операций, нагрузка 89.56
2025-09-27 12:36:02 - ROBOTY.assigner - INFO - Робот 2: 7 операций, нагрузка 82.98
2025-09-27 12:36:02 - ROBOTY.assigner - INFO - Робот 3: 9 операций, нагрузка 86.51
2025-09-27 12:36:02 - ROBOTY.planner - INFO - Операции назначены методом: balanced
2025-09-27 12:36:02 - ROBOTY.planner - INFO - Планирование траектории для робота 1 (ID: 1) с 8 операциями
2025-09-27 12:36:02 - ROBOTY.planner - DEBUG - Планирование траектории для робота с 8 операциями
2025-09-27 12:36:02 - ROBOTY.planner - DEBUG - Операция 1 запланирована, время завершения: 13.19
2025-09-27 12:36:02 - ROBOTY.planner - DEBUG - Операция 2 запланирована, время завершения: 26.74
2025-09-27 12:36:02 - ROBOTY.planner - DEBUG - Операция 3 запланирована, время завершения: 42.36
2025-09-27 12:36:02 - ROBOTY.planner - DEBUG - Операция 4 запланирована, время завершения: 57.00
2025-09-27 12:36:02 - ROBOTY.planner - DEBUG - Операция 5 запланирована, время завершения: 67.68
2025-09-27 12:36:02 - ROBOTY.planner - DEBUG - Операция 6 запланирована, время завершения: 80.34
2025-09-27 12:36:02 - ROBOTY.planner - DEBUG - Операция 7 запланирована, время завершения: 99.60
2025-09-27 12:36:02 - ROBOTY.planner - DEBUG - Операция 8 запланирована, время завершения: 119.84
2025-09-27 12:36:02 - ROBOTY.planner - INFO - Траектория робота запланирована, общее время: 119.84
2025-09-27 12:36:02 - ROBOTY.planner - INFO - Робот 1: траектория содержит 192 точек
2025-09-27 12:36:02 - ROBOTY.planner - INFO - Планирование траектории для робота 2 (ID: 2) с 6 операциями
2025-09-27 12:36:02 - ROBOTY.planner - DEBUG - Планирование траектории для робота с 6 операциями
2025-09-27 12:36:02 - ROBOTY.planner - DEBUG - Операция 1 запланирована, время завершения: 12.94
2025-09-27 12:36:02 - ROBOTY.planner - DEBUG - Операция 2 запланирована, время завершения: 25.63
2025-09-27 12:36:02 - ROBOTY.planner - DEBUG - Операция 3 запланирована, время завершения: 44.07
2025-09-27 12:36:02 - ROBOTY.planner - DEBUG - Операция 4 запланирована, время завершения: 56.67
2025-09-27 12:36:02 - ROBOTY.planner - DEBUG - Операция 5 запланирована, время завершения: 73.17
2025-09-27 12:36:02 - ROBOTY.planner - DEBUG - Операция 6 запланирована, время завершения: 83.67
2025-09-27 12:36:02 - ROBOTY.planner - INFO - Траектория робота запланирована, общее время: 83.67
2025-09-27 12:36:02 - ROBOTY.planner - INFO - Робот 2: траектория содержит 144 точек
2025-09-27 12:36:02 - ROBOTY.planner - INFO - Планирование траектории для робота 3 (ID: 3) с 7 операциями
2025-09-27 12:36:02 - ROBOTY.planner - DEBUG - Планирование траектории для робота с 7 операциями
2025-09-27 12:36:02 - ROBOTY.planner - DEBUG - Операция 1 запланирована, время завершения: 12.06
2025-09-27 12:36:02 - ROBOTY.planner - DEBUG - Операция 2 запланирована, время завершения: 23.99
2025-09-27 12:36:02 - ROBOTY.planner - DEBUG - Операция 3 запланирована, время завершения: 36.46
2025-09-27 12:36:02 - ROBOTY.planner - DEBUG - Операция 4 запланирована, время завершения: 50.61
2025-09-27 12:36:02 - ROBOTY.planner - DEBUG - Операция 5 запланирована, время завершения: 66.18
2025-09-27 12:36:02 - ROBOTY.planner - DEBUG - Операция 6 запланирована, время завершения: 79.67
2025-09-27 12:36:02 - ROBOTY.planner - DEBUG - Операция 7 запланирована, время завершения: 101.18
2025-09-27 12:36:02 - ROBOTY.planner - INFO - Траектория робота запланирована, общее время: 101.18
2025-09-27 12:36:02 - ROBOTY.planner - INFO - Робот 3: траектория содержит 168 точек
2025-09-27 12:36:02 - ROBOTY.planner - INFO - Планирование траектории для робота 4 (ID: 4) с 9 операциями
2025-09-27 12:36:02 - ROBOTY.planner - DEBUG - Планирование траектории для робота с 9 операциями
2025-09-27 12:36:02 - ROBOTY.planner - DEBUG - Операция 1 запланирована, время завершения: 13.70
2025-09-27 12:36:02 - ROBOTY.planner - DEBUG - Операция 2 запланирована, время завершения: 22.66
2025-09-27 12:36:02 - ROBOTY.planner - DEBUG - Операция 3 запланирована, время завершения: 37.91
2025-09-27 12:36:02 - ROBOTY.planner - DEBUG - Операция 4 запланирована, время завершения: 47.23
2025-09-27 12:36:02 - ROBOTY.planner - DEBUG - Операция 5 запланирована, время завершения: 59.82
2025-09-27 12:36:02 - ROBOTY.planner - DEBUG - Операция 6 запланирована, время завершения: 68.32
2025-09-27 12:36:02 - ROBOTY.planner - DEBUG - Операция 7 запланирована, время завершения: 77.16
2025-09-27 12:36:02 - ROBOTY.planner - DEBUG - Операция 8 запланирована, время завершения: 82.65
2025-09-27 12:36:02 - ROBOTY.planner - DEBUG - Операция 9 запланирована, время завершения: 93.43
2025-09-27 12:36:02 - ROBOTY.planner - INFO - Траектория робота запланирована, общее время: 93.43
2025-09-27 12:36:02 - ROBOTY.planner - INFO - Робот 4: траектория содержит 216 точек
2025-09-27 12:36:02 - ROBOTY.planner - INFO - Планирование завершено. Makespan: 119.84
2025-09-27 12:36:02 - ROBOTY.main - INFO - Планировщик успешно завершил работу
2025-09-27 12:36:02 - ROBOTY.collision - INFO - Начинаем детальную проверку коллизий
2025-09-27 12:36:02 - ROBOTY.collision - DEBUG - Проверяем коллизии в диапазоне времени: 0.00 - 119.84
2025-09-27 12:36:02 - ROBOTY.collision - WARNING - Коллизия: роботы 2 и 4 в 9.60s, расстояние: 0.468, требуется: 0.500
2025-09-27 12:36:02 - ROBOTY.collision - WARNING - Коллизия: роботы 2 и 4 в 9.70s, расстояние: 0.378, требуется: 0.500
2025-09-27 12:36:02 - ROBOTY.collision - WARNING - Коллизия: роботы 2 и 4 в 9.80s, расстояние: 0.359, требуется: 0.500
2025-09-27 12:36:02 - ROBOTY.collision - WARNING - Коллизия: роботы 2 и 4 в 9.90s, расстояние: 0.420, требуется: 0.500
2025-09-27 12:36:02 - ROBOTY.collision - WARNING - Коллизия: роботы 1 и 2 в 81.50s, расстояние: 0.453, требуется: 0.500
2025-09-27 12:36:02 - ROBOTY.collision - WARNING - Коллизия: роботы 1 и 2 в 81.60s, расстояние: 0.396, требуется: 0.500
2025-09-27 12:36:02 - ROBOTY.collision - WARNING - Коллизия: роботы 1 и 2 в 81.70s, расстояние: 0.412, требуется: 0.500
2025-09-27 12:36:02 - ROBOTY.collision - WARNING - Коллизия: роботы 1 и 2 в 81.80s, расстояние: 0.496, требуется: 0.500
2025-09-27 12:36:02 - ROBOTY.collision - WARNING - Коллизия: роботы 2 и 3 в 83.90s, расстояние: 0.483, требуется: 0.500
2025-09-27 12:36:02 - ROBOTY.collision - WARNING - Коллизия: роботы 2 и 3 в 84.00s, расстояние: 0.420, требуется: 0.500
2025-09-27 12:36:02 - ROBOTY.collision - WARNING - Коллизия: роботы 2 и 3 в 84.10s, расстояние: 0.360, требуется: 0.500
2025-09-27 12:36:02 - ROBOTY.collision - WARNING - Коллизия: роботы 2 и 3 в 84.20s, расстояние: 0.308, требуется: 0.500
2025-09-27 12:36:02 - ROBOTY.collision - WARNING - Коллизия: роботы 2 и 3 в 84.30s, расстояние: 0.267, требуется: 0.500
2025-09-27 12:36:02 - ROBOTY.collision - WARNING - Коллизия: роботы 2 и 3 в 84.40s, расстояние: 0.243, требуется: 0.500
2025-09-27 12:36:02 - ROBOTY.collision - WARNING - Коллизия: роботы 2 и 3 в 84.50s, расстояние: 0.240, требуется: 0.500
2025-09-27 12:36:02 - ROBOTY.collision - WARNING - Коллизия: роботы 2 и 3 в 84.60s, расстояние: 0.260, требуется: 0.500
2025-09-27 12:36:02 - ROBOTY.collision - WARNING - Коллизия: роботы 2 и 3 в 84.70s, расстояние: 0.298, требуется: 0.500
2025-09-27 12:36:02 - ROBOTY.collision - WARNING - Коллизия: роботы 2 и 3 в 84.80s, расстояние: 0.349, требуется: 0.500
2025-09-27 12:36:02 - ROBOTY.collision - WARNING - Коллизия: роботы 2 и 3 в 84.90s, расстояние: 0.407, требуется: 0.500
2025-09-27 12:36:02 - ROBOTY.collision - WARNING - Коллизия: роботы 2 и 3 в 85.00s, расстояние: 0.470, требуется: 0.500
2025-09-27 12:36:02 - ROBOTY.collision - ERROR - Обнаружено 20 коллизий
2025-09-27 12:36:02 - ROBOTY.main - WARNING - Обнаружено 20 коллизий, применяем онлайн-безопасность
2025-09-27 12:36:02 - ROBOTY.safety - INFO - Применяем онлайн-безопасность: вставка пауз при коллизиях
2025-09-27 12:36:02 - ROBOTY.collision - INFO - Начинаем детальную проверку коллизий
2025-09-27 12:36:02 - ROBOTY.collision - DEBUG - Проверяем коллизии в диапазоне времени: 0.00 - 119.84
2025-09-27 12:36:02 - ROBOTY.collision - WARNING - Коллизия: роботы 2 и 4 в 9.60s, расстояние: 0.468, требуется: 0.500
2025-09-27 12:36:02 - ROBOTY.collision - WARNING - Коллизия: роботы 2 и 4 в 9.65s, расстояние: 0.416, требуется: 0.500
2025-09-27 12:36:02 - ROBOTY.collision - WARNING - Коллизия: роботы 2 и 4 в 9.70s, расстояние: 0.378, требуется: 0.500
2025-09-27 12:36:02 - ROBOTY.collision - WARNING - Коллизия: роботы 2 и 4 в 9.75s, расстояние: 0.358, требуется: 0.500
2025-09-27 12:36:02 - ROBOTY.collision - WARNING - Коллизия: роботы 2 и 4 в 9.80s, расстояние: 0.359, требуется: 0.500
2025-09-27 12:36:02 - ROBOTY.collision - WARNING - Коллизия: роботы 2 и 4 в 9.85s, расстояние: 0.381, требуется: 0.500
2025-09-27 12:36:02 - ROBOTY.collision - WARNING - Коллизия: роботы 2 и 4 в 9.90s, расстояние: 0.420, требуется: 0.500
2025-09-27 12:36:02 - ROBOTY.collision - WARNING - Коллизия: роботы 2 и 4 в 9.95s, расстояние: 0.473, требуется: 0.500
2025-09-27 12:36:02 - ROBOTY.collision - WARNING - Коллизия: роботы 1 и 2 в 81.50s, расстояние: 0.453, требуется: 0.500
2025-09-27 12:36:02 - ROBOTY.collision - WARNING - Коллизия: роботы 1 и 2 в 81.55s, расстояние: 0.416, требуется: 0.500
2025-09-27 12:36:02 - ROBOTY.collision - WARNING - Коллизия: роботы 1 и 2 в 81.60s, расстояние: 0.396, требуется: 0.500
2025-09-27 12:36:02 - ROBOTY.collision - WARNING - Коллизия: роботы 1 и 2 в 81.65s, расстояние: 0.394, требуется: 0.500
2025-09-27 12:36:02 - ROBOTY.collision - WARNING - Коллизия: роботы 1 и 2 в 81.70s, расстояние: 0.412, требуется: 0.500
2025-09-27 12:36:02 - ROBOTY.collision - WARNING - Коллизия: роботы 1 и 2 в 81.75s, расстояние: 0.448, требуется: 0.500
2025-09-27 12:36:02 - ROBOTY.collision - WARNING - Коллизия: роботы 1 и 2 в 81.80s, расстояние: 0.496, требуется: 0.500
2025-09-27 12:36:02 - ROBOTY.collision - WARNING - Коллизия: роботы 2 и 3 в 83.90s, расстояние: 0.483, требуется: 0.500
2025-09-27 12:36:02 - ROBOTY.collision - WARNING - Коллизия: роботы 2 и 3 в 83.95s, расстояние: 0.451, требуется: 0.500
2025-09-27 12:36:02 - ROBOTY.collision - WARNING - Коллизия: роботы 2 и 3 в 84.00s, расстояние: 0.420, требуется: 0.500
2025-09-27 12:36:02 - ROBOTY.collision - WARNING - Коллизия: роботы 2 и 3 в 84.05s, расстояние: 0.389, требуется: 0.500
2025-09-27 12:36:02 - ROBOTY.collision - WARNING - Коллизия: роботы 2 и 3 в 84.10s, расстояние: 0.360, требуется: 0.500
2025-09-27 12:36:02 - ROBOTY.collision - WARNING - Коллизия: роботы 2 и 3 в 84.15s, расстояние: 0.333, требуется: 0.500
2025-09-27 12:36:02 - ROBOTY.collision - WARNING - Коллизия: роботы 2 и 3 в 84.20s, расстояние: 0.308, требуется: 0.500
2025-09-27 12:36:02 - ROBOTY.collision - WARNING - Коллизия: роботы 2 и 3 в 84.25s, расстояние: 0.286, требуется: 0.500
2025-09-27 12:36:02 - ROBOTY.collision - WARNING - Коллизия: роботы 2 и 3 в 84.30s, расстояние: 0.267, требуется: 0.500
2025-09-27 12:36:02 - ROBOTY.collision - WARNING - Коллизия: роботы 2 и 3 в 84.35s, расстояние: 0.252, требуется: 0.500
2025-09-27 12:36:02 - ROBOTY.collision - WARNING - Коллизия: роботы 2 и 3 в 84.40s, расстояние: 0.243, требуется: 0.500
2025-09-27 12:36:02 - ROBOTY.collision - WARNING - Коллизия: роботы 2 и 3 в 84.45s, расстояние: 0.238, требуется: 0.500
2025-09-27 12:36:02 - ROBOTY.collision - WARNING - Коллизия: роботы 2 и 3 в 84.50s, расстояние: 0.240, требуется: 0.500
2025-09-27 12:36:02 - ROBOTY.collision - WARNING - Коллизия: роботы 2 и 3 в 84.55s, расстояние: 0.248, требуется: 0.500
2025-09-27 12:36:02 - ROBOTY.collision - WARNING - Коллизия: роботы 2 и 3 в 84.60s, расстояние: 0.260, требуется: 0.500
2025-09-27 12:36:02 - ROBOTY.collision - WARNING - Коллизия: роботы 2 и 3 в 84.65s, расстояние: 0.277, требуется: 0.500
2025-09-27 12:36:02 - ROBOTY.collision - WARNING - Коллизия: роботы 2 и 3 в 84.70s, расстояние: 0.298, требуется: 0.500
2025-09-27 12:36:02 - ROBOTY.collision - WARNING - Коллизия: роботы 2 и 3 в 84.75s, расстояние: 0.322, требуется: 0.500
2025-09-27 12:36:02 - ROBOTY.collision - WARNING - Коллизия: роботы 2 и 3 в 84.80s, расстояние: 0.349, требуется: 0.500
2025-09-27 12:36:02 - ROBOTY.collision - WARNING - Коллизия: роботы 2 и 3 в 84.85s, расстояние: 0.377, требуется: 0.500
2025-09-27 12:36:02 - ROBOTY.collision - WARNING - Коллизия: роботы 2 и 3 в 84.90s, расстояние: 0.407, требуется: 0.500
2025-09-27 12:36:02 - ROBOTY.collision - WARNING - Коллизия: роботы 2 и 3 в 84.95s, расстояние: 0.438, требуется: 0.500
2025-09-27 12:36:02 - ROBOTY.collision - WARNING - Коллизия: роботы 2 и 3 в 85.00s, расстояние: 0.470, требуется: 0.500
2025-09-27 12:36:02 - ROBOTY.collision - ERROR - Обнаружено 38 коллизий
2025-09-27 12:36:02 - ROBOTY.safety - DEBUG - Добавлена пауза 0.60s роботу 2 в t=9.60s
2025-09-27 12:36:02 - ROBOTY.safety - DEBUG - Добавлена пауза 0.60s роботу 4 в t=9.60s
2025-09-27 12:36:02 - ROBOTY.safety - DEBUG - Добавлена пауза 0.60s роботу 2 в t=9.65s
2025-09-27 12:36:02 - ROBOTY.safety - DEBUG - Добавлена пауза 0.60s роботу 4 в t=9.65s
2025-09-27 12:36:02 - ROBOTY.safety - DEBUG - Добавлена пауза 0.60s роботу 2 в t=9.70s
2025-09-27 12:36:02 - ROBOTY.safety - DEBUG - Добавлена пауза 0.60s роботу 4 в t=9.70s
2025-09-27 12:36:02 - ROBOTY.safety - DEBUG - Добавлена пауза 0.60s роботу 2 в t=9.75s
2025-09-27 12:36:02 - ROBOTY.safety - DEBUG - Добавлена пауза 0.60s роботу 4 в t=9.75s
2025-09-27 12:36:02 - ROBOTY.safety - DEBUG - Добавлена пауза 0.60s роботу 2 в t=9.80s
2025-09-27 12:36:02 - ROBOTY.safety - DEBUG - Добавлена пауза 0.60s роботу 4 в t=9.80s
2025-09-27 12:36:02 - ROBOTY.safety - DEBUG - Добавлена пауза 0.60s роботу 2 в t=9.85s
2025-09-27 12:36:02 - ROBOTY.safety - DEBUG - Добавлена пауза 0.60s роботу 4 в t=9.85s
2025-09-27 12:36:02 - ROBOTY.safety - DEBUG - Добавлена пауза 0.60s роботу 2 в t=9.90s
2025-09-27 12:36:02 - ROBOTY.safety - DEBUG - Добавлена пауза 0.60s роботу 4 в t=9.90s
2025-09-27 12:36:02 - ROBOTY.safety - DEBUG - Добавлена пауза 0.60s роботу 2 в t=9.95s
2025-09-27 12:36:02 - ROBOTY.safety - DEBUG - Добавлена пауза 0.60s роботу 4 в t=9.95s
2025-09-27 12:36:02 - ROBOTY.safety - DEBUG - Добавлена пауза 0.60s роботу 1 в t=81.50s
2025-09-27 12:36:02 - ROBOTY.safety - DEBUG - Добавлена пауза 0.60s роботу 2 в t=81.50s
2025-09-27 12:36:02 - ROBOTY.safety - DEBUG - Добавлена пауза 0.60s роботу 1 в t=81.55s
2025-09-27 12:36:02 - ROBOTY.safety - DEBUG - Добавлена пауза 0.60s роботу 2 в t=81.55s
2025-09-27 12:36:02 - ROBOTY.safety - DEBUG - Добавлена пауза 0.60s роботу 1 в t=81.60s
2025-09-27 12:36:02 - ROBOTY.safety - DEBUG - Добавлена пауза 0.60s роботу 2 в t=81.60s
2025-09-27 12:36:02 - ROBOTY.safety - DEBUG - Добавлена пауза 0.60s роботу 1 в t=81.65s
2025-09-27 12:36:02 - ROBOTY.safety - DEBUG - Добавлена пауза 0.60s роботу 2 в t=81.65s
2025-09-27 12:36:02 - ROBOTY.safety - DEBUG - Добавлена пауза 0.60s роботу 1 в t=81.70s
2025-09-27 12:36:02 - ROBOTY.safety - DEBUG - Добавлена пауза 0.60s роботу 2 в t=81.70s
2025-09-27 12:36:02 - ROBOTY.safety - DEBUG - Добавлена пауза 0.60s роботу 1 в t=81.75s
2025-09-27 12:36:02 - ROBOTY.safety - DEBUG - Добавлена пауза 0.60s роботу 2 в t=81.75s
2025-09-27 12:36:02 - ROBOTY.safety - DEBUG - Добавлена пауза 0.60s роботу 1 в t=81.80s
2025-09-27 12:36:02 - ROBOTY.safety - DEBUG - Добавлена пауза 0.60s роботу 2 в t=81.80s
2025-09-27 12:36:02 - ROBOTY.safety - DEBUG - Добавлена пауза 0.60s роботу 2 в t=83.90s
2025-09-27 12:36:02 - ROBOTY.safety - DEBUG - Добавлена пауза 0.60s роботу 3 в t=83.90s
2025-09-27 12:36:02 - ROBOTY.safety - DEBUG - Добавлена пауза 0.60s роботу 2 в t=83.95s
2025-09-27 12:36:02 - ROBOTY.safety - DEBUG - Добавлена пауза 0.60s роботу 3 в t=83.95s
2025-09-27 12:36:02 - ROBOTY.safety - DEBUG - Добавлена пауза 0.60s роботу 2 в t=84.00s
2025-09-27 12:36:02 - ROBOTY.safety - DEBUG - Добавлена пауза 0.60s роботу 3 в t=84.00s
2025-09-27 12:36:02 - ROBOTY.safety - DEBUG - Добавлена пауза 0.60s роботу 2 в t=84.05s
2025-09-27 12:36:02 - ROBOTY.safety - DEBUG - Добавлена пауза 0.60s роботу 3 в t=84.05s
2025-09-27 12:36:02 - ROBOTY.safety - DEBUG - Добавлена пауза 0.60s роботу 2 в t=84.10s
2025-09-27 12:36:02 - ROBOTY.safety - DEBUG - Добавлена пауза 0.60s роботу 3 в t=84.10s
2025-09-27 12:36:02 - ROBOTY.safety - DEBUG - Добавлена пауза 0.60s роботу 2 в t=84.15s
2025-09-27 12:36:02 - ROBOTY.safety - DEBUG - Добавлена пауза 0.60s роботу 3 в t=84.15s
2025-09-27 12:36:02 - ROBOTY.safety - DEBUG - Добавлена пауза 0.60s роботу 2 в t=84.20s
2025-09-27 12:36:02 - ROBOTY.safety - DEBUG - Добавлена пауза 0.60s роботу 3 в t=84.20s
2025-09-27 12:36:02 - ROBOTY.safety - DEBUG - Добавлена пауза 0.60s роботу 2 в t=84.25s
2025-09-27 12:36:02 - ROBOTY.safety - DEBUG - Добавлена пауза 0.60s роботу 3 в t=84.25s
2025-09-27 12:36:02 - ROBOTY.safety - DEBUG - Добавлена пауза 0.60s роботу 2 в t=84.30s
2025-09-27 12:36:02 - ROBOTY.safety - DEBUG - Добавлена пауза 0.60s роботу 3 в t=84.30s
2025-09-27 12:36:02 - ROBOTY.safety - DEBUG - Добавлена пауза 0.60s роботу 2 в t=84.35s
2025-09-27 12:36:02 - ROBOTY.safety - DEBUG - Добавлена пауза 0.60s роботу 3 в t=84.35s
2025-09-27 12:36:02 - ROBOTY.safety - DEBUG - Добавлена пауза 0.60s роботу 2 в t=84.40s
2025-09-27 12:36:02 - ROBOTY.safety - DEBUG - Добавлена пауза 0.60s роботу 3 в t=84.40s
2025-09-27 12:36:02 - ROBOTY.safety - DEBUG - Добавлена пауза 0.60s роботу 2 в t=84.45s
2025-09-27 12:36:02 - ROBOTY.safety - DEBUG - Добавлена пауза 0.60s роботу 3 в t=84.45s
2025-09-27 12:36:02 - ROBOTY.safety - DEBUG - Добавлена пауза 0.60s роботу 2 в t=84.50s
2025-09-27 12:36:02 - ROBOTY.safety - DEBUG - Добавлена пауза 0.60s роботу 3 в t=84.50s
2025-09-27 12:36:02 - ROBOTY.safety - DEBUG - Добавлена пауза 0.60s роботу 2 в t=84.55s
2025-09-27 12:36:02 - ROBOTY.safety - DEBUG - Добавлена пауза 0.60s роботу 3 в t=84.55s
2025-09-27 12:36:02 - ROBOTY.safety - DEBUG - Добавлена пауза 0.60s роботу 2 в t=84.60s
2025-09-27 12:36:02 - ROBOTY.safety - DEBUG - Добавлена пауза 0.60s роботу 3 в t=84.60s
2025-09-27 12:36:02 - ROBOTY.safety - DEBUG - Добавлена пауза 0.60s роботу 2 в t=84.65s
2025-09-27 12:36:02 - ROBOTY.safety - DEBUG - Добавлена пауза 0.60s роботу 3 в t=84.65s
2025-09-27 12:36:02 - ROBOTY.safety - DEBUG - Добавлена пауза 0.60s роботу 2 в t=84.70s
2025-09-27 12:36:02 - ROBOTY.safety - DEBUG - Добавлена пауза 0.60s роботу 3 в t=84.70s
2025-09-27 12:36:02 - ROBOTY.safety - DEBUG - Добавлена пауза 0.60s роботу 2 в t=84.75s
2025-09-27 12:36:02 - ROBOTY.safety - DEBUG - Добавлена пауза 0.60s роботу 3 в t=84.75s
2025-09-27 12:36:02 - ROBOTY.safety - DEBUG - Добавлена пауза 0.60s роботу 2 в t=84.80s
2025-09-27 12:36:02 - ROBOTY.safety - DEBUG - Добавлена пауза 0.60s роботу 3 в t=84.80s
2025-09-27 12:36:02 - ROBOTY.safety - DEBUG - Добавлена пауза 0.60s роботу 2 в t=84.85s
2025-09-27 12:36:02 - ROBOTY.safety - DEBUG - Добавлена пауза 0.60s роботу 3 в t=84.85s
2025-09-27 12:36:02 - ROBOTY.safety - DEBUG - Добавлена пауза 0.60s роботу 2 в t=84.90s
2025-09-27 12:36:02 - ROBOTY.safety - DEBUG - Добавлена пауза 0.60s роботу 3 в t=84.90s
2025-09-27 12:36:02 - ROBOTY.safety - DEBUG - Добавлена пауза 0.60s роботу 2 в t=84.95s
2025-09-27 12:36:02 - ROBOTY.safety - DEBUG - Добавлена пауза 0.60s роботу 3 в t=84.95s
2025-09-27 12:36:02 - ROBOTY.safety - DEBUG - Добавлена пауза 0.60s роботу 2 в t=85.00s
2025-09-27 12:36:02 - ROBOTY.safety - DEBUG - Добавлена пауза 0.60s роботу 3 в t=85.00s
2025-09-27 12:36:02 - ROBOTY.safety - INFO - Онлайн-безопасность применена: паузы вставлены
2025-09-27 12:36:02 - ROBOTY.collision - INFO - Начинаем детальную проверку коллизий
2025-09-27 12:36:02 - ROBOTY.collision - DEBUG - Проверяем коллизии в диапазоне времени: 0.00 - 124.04
2025-09-27 12:36:02 - ROBOTY.collision - WARNING - Коллизия: роботы 2 и 4 в 9.60s, расстояние: 0.468, требуется: 0.500
2025-09-27 12:36:02 - ROBOTY.collision - WARNING - Коллизия: роботы 2 и 4 в 9.70s, расстояние: 0.468, требуется: 0.500
2025-09-27 12:36:02 - ROBOTY.collision - WARNING - Коллизия: роботы 2 и 4 в 9.80s, расстояние: 0.468, требуется: 0.500
2025-09-27 12:36:02 - ROBOTY.collision - WARNING - Коллизия: роботы 2 и 4 в 9.90s, расстояние: 0.468, требуется: 0.500
2025-09-27 12:36:02 - ROBOTY.collision - WARNING - Коллизия: роботы 2 и 4 в 10.00s, расстояние: 0.468, требуется: 0.500
2025-09-27 12:36:02 - ROBOTY.collision - WARNING - Коллизия: роботы 2 и 4 в 10.10s, расстояние: 0.468, требуется: 0.500
2025-09-27 12:36:02 - ROBOTY.collision - WARNING - Коллизия: роботы 2 и 4 в 10.20s, расстояние: 0.468, требуется: 0.500
2025-09-27 12:36:02 - ROBOTY.collision - WARNING - Коллизия: роботы 2 и 4 в 10.30s, расстояние: 0.468, требуется: 0.500
2025-09-27 12:36:02 - ROBOTY.collision - WARNING - Коллизия: роботы 2 и 4 в 10.40s, расстояние: 0.468, требуется: 0.500
2025-09-27 12:36:02 - ROBOTY.collision - WARNING - Коллизия: роботы 2 и 4 в 10.50s, расстояние: 0.468, требуется: 0.500
2025-09-27 12:36:02 - ROBOTY.collision - WARNING - Коллизия: роботы 2 и 4 в 10.60s, расстояние: 0.468, требуется: 0.500
2025-09-27 12:36:02 - ROBOTY.collision - WARNING - Коллизия: роботы 2 и 4 в 10.70s, расстояние: 0.468, требуется: 0.500
2025-09-27 12:36:02 - ROBOTY.collision - WARNING - Коллизия: роботы 2 и 4 в 10.80s, расстояние: 0.468, требуется: 0.500
2025-09-27 12:36:02 - ROBOTY.collision - WARNING - Коллизия: роботы 2 и 4 в 10.90s, расстояние: 0.468, требуется: 0.500
2025-09-27 12:36:02 - ROBOTY.collision - WARNING - Коллизия: роботы 2 и 4 в 11.00s, расстояние: 0.468, требуется: 0.500
2025-09-27 12:36:02 - ROBOTY.collision - WARNING - Коллизия: роботы 2 и 4 в 11.10s, расстояние: 0.468, требуется: 0.500
2025-09-27 12:36:02 - ROBOTY.collision - WARNING - Коллизия: роботы 2 и 4 в 11.20s, расстояние: 0.468, требуется: 0.500
2025-09-27 12:36:02 - ROBOTY.collision - WARNING - Коллизия: роботы 2 и 4 в 11.30s, расстояние: 0.468, требуется: 0.500
2025-09-27 12:36:02 - ROBOTY.collision - WARNING - Коллизия: роботы 2 и 4 в 11.40s, расстояние: 0.468, требуется: 0.500
2025-09-27 12:36:02 - ROBOTY.collision - WARNING - Коллизия: роботы 2 и 4 в 11.50s, расстояние: 0.468, требуется: 0.500
2025-09-27 12:36:02 - ROBOTY.collision - WARNING - Коллизия: роботы 2 и 4 в 11.60s, расстояние: 0.468, требуется: 0.500
2025-09-27 12:36:02 - ROBOTY.collision - WARNING - Коллизия: роботы 2 и 4 в 11.70s, расстояние: 0.468, требуется: 0.500
2025-09-27 12:36:02 - ROBOTY.collision - WARNING - Коллизия: роботы 2 и 4 в 11.80s, расстояние: 0.468, требуется: 0.500
2025-09-27 12:36:02 - ROBOTY.collision - WARNING - Коллизия: роботы 2 и 4 в 11.90s, расстояние: 0.468, требуется: 0.500
2025-09-27 12:36:02 - ROBOTY.collision - WARNING - Коллизия: роботы 2 и 4 в 12.00s, расстояние: 0.468, требуется: 0.500
2025-09-27 12:36:02 - ROBOTY.collision - WARNING - Коллизия: роботы 2 и 4 в 12.10s, расстояние: 0.468, требуется: 0.500
2025-09-27 12:36:02 - ROBOTY.collision - WARNING - Коллизия: роботы 2 и 4 в 12.20s, расстояние: 0.468, требуется: 0.500
2025-09-27 12:36:02 - ROBOTY.collision - WARNING - Коллизия: роботы 2 и 4 в 12.30s, расстояние: 0.468, требуется: 0.500
2025-09-27 12:36:02 - ROBOTY.collision - WARNING - Коллизия: роботы 2 и 4 в 12.40s, расстояние: 0.468, требуется: 0.500
2025-09-27 12:36:02 - ROBOTY.collision - WARNING - Коллизия: роботы 2 и 4 в 12.50s, расстояние: 0.468, требуется: 0.500
2025-09-27 12:36:02 - ROBOTY.collision - WARNING - Коллизия: роботы 2 и 4 в 12.60s, расстояние: 0.468, требуется: 0.500
2025-09-27 12:36:02 - ROBOTY.collision - WARNING - Коллизия: роботы 2 и 4 в 12.70s, расстояние: 0.468, требуется: 0.500
2025-09-27 12:36:02 - ROBOTY.collision - WARNING - Коллизия: роботы 2 и 4 в 12.80s, расстояние: 0.468, требуется: 0.500
2025-09-27 12:36:02 - ROBOTY.collision - WARNING - Коллизия: роботы 2 и 4 в 12.90s, расстояние: 0.468, требуется: 0.500
2025-09-27 12:36:02 - ROBOTY.collision - WARNING - Коллизия: роботы 2 и 4 в 13.00s, расстояние: 0.468, требуется: 0.500
2025-09-27 12:36:02 - ROBOTY.collision - WARNING - Коллизия: роботы 2 и 4 в 13.10s, расстояние: 0.468, требуется: 0.500
2025-09-27 12:36:02 - ROBOTY.collision - WARNING - Коллизия: роботы 2 и 4 в 13.20s, расстояние: 0.468, требуется: 0.500
2025-09-27 12:36:02 - ROBOTY.collision - WARNING - Коллизия: роботы 2 и 4 в 13.30s, расстояние: 0.468, требуется: 0.500
2025-09-27 12:36:02 - ROBOTY.collision - WARNING - Коллизия: роботы 2 и 4 в 13.40s, расстояние: 0.468, требуется: 0.500
2025-09-27 12:36:02 - ROBOTY.collision - WARNING - Коллизия: роботы 2 и 4 в 13.50s, расстояние: 0.468, требуется: 0.500
2025-09-27 12:36:02 - ROBOTY.collision - WARNING - Коллизия: роботы 2 и 4 в 13.60s, расстояние: 0.468, требуется: 0.500
2025-09-27 12:36:02 - ROBOTY.collision - WARNING - Коллизия: роботы 2 и 4 в 13.70s, расстояние: 0.468, требуется: 0.500
2025-09-27 12:36:02 - ROBOTY.collision - WARNING - Коллизия: роботы 2 и 4 в 13.80s, расстояние: 0.468, требуется: 0.500
2025-09-27 12:36:02 - ROBOTY.collision - WARNING - Коллизия: роботы 2 и 4 в 13.90s, расстояние: 0.468, требуется: 0.500
2025-09-27 12:36:02 - ROBOTY.collision - WARNING - Коллизия: роботы 2 и 4 в 14.00s, расстояние: 0.468, требуется: 0.500
2025-09-27 12:36:02 - ROBOTY.collision - WARNING - Коллизия: роботы 2 и 4 в 14.10s, расстояние: 0.468, требуется: 0.500
2025-09-27 12:36:02 - ROBOTY.collision - WARNING - Коллизия: роботы 2 и 4 в 14.20s, расстояние: 0.468, требуется: 0.500
2025-09-27 12:36:02 - ROBOTY.collision - WARNING - Коллизия: роботы 2 и 4 в 14.30s, расстояние: 0.468, требуется: 0.500
2025-09-27 12:36:02 - ROBOTY.collision - WARNING - Коллизия: роботы 2 и 4 в 14.40s, расстояние: 0.468, требуется: 0.500
2025-09-27 12:36:02 - ROBOTY.collision - WARNING - Коллизия: роботы 2 и 4 в 14.50s, расстояние: 0.378, требуется: 0.500
2025-09-27 12:36:02 - ROBOTY.collision - WARNING - Коллизия: роботы 2 и 4 в 14.60s, расстояние: 0.359, требуется: 0.500
2025-09-27 12:36:02 - ROBOTY.collision - WARNING - Коллизия: роботы 2 и 4 в 14.70s, расстояние: 0.420, требуется: 0.500
2025-09-27 12:36:02 - ROBOTY.collision - WARNING - Коллизия: роботы 3 и 4 в 46.60s, расстояние: 0.476, требуется: 0.500
2025-09-27 12:36:02 - ROBOTY.collision - WARNING - Коллизия: роботы 3 и 4 в 46.70s, расстояние: 0.456, требуется: 0.500
2025-09-27 12:36:02 - ROBOTY.collision - WARNING - Коллизия: роботы 3 и 4 в 46.80s, расстояние: 0.446, требуется: 0.500
2025-09-27 12:36:02 - ROBOTY.collision - WARNING - Коллизия: роботы 3 и 4 в 46.90s, расстояние: 0.468, требуется: 0.500
2025-09-27 12:36:02 - ROBOTY.collision - ERROR - Обнаружено 56 коллизий
2025-09-27 12:36:02 - ROBOTY.main - WARNING - Коллизии сохраняются после вставки пауз
2025-09-27 12:36:04 - ROBOTY.main - INFO - Запуск десктопного 3D Viewer
2025-09-27 12:36:04 - ROBOTY.3d_viewer - INFO - Начинаем генерацию 3D визуализации
2025-09-27 12:36:04 - ROBOTY.3d_viewer - INFO - Применены агрессивные оптимизации для большой сцены
2025-09-27 12:36:04 - ROBOTY.visualizer - INFO - Запуск визуализации типа: 3d_anim
2025-09-27 12:36:04 - ROBOTY.visualizer - INFO - Создание 3D анимации траекторий
2025-09-27 12:36:04 - ROBOTY.visualizer - INFO - Создание 3D визуализации траекторий
2025-09-27 12:36:04 - ROBOTY.visualizer - INFO - 3D визуализация создана
2025-09-27 12:36:04 - ROBOTY.visualizer - INFO - Ограничиваем анимацию: 57 кадров из 627
2025-09-27 12:36:12 - ROBOTY.visualizer - INFO - Визуализация записана во временный файл: C:\Users\22200490\AppData\Local\Temp\tmp_haj8b7y_viz_3d_anim.html
2025-09-27 12:36:12 - ROBOTY.visualizer - INFO - Визуализация открыта в браузере из временного файла
2025-09-27 12:36:12 - ROBOTY.mesh_loader - INFO - Кэш мешей очищен
2025-09-27 12:36:12 - ROBOTY.visualizer - INFO - Кэш мешей очищен для освобождения памяти
2025-09-27 12:36:12 - ROBOTY.3d_viewer - INFO - 3D визуализация успешно сгенерирована
2025-09-27 12:36:12 - ROBOTY.3d_viewer - INFO - Simple 3D Viewer инициализирован
2025-09-27 12:36:12 - ROBOTY.main - INFO - Десктопный 3D Viewer успешно запущен
2025-09-27 12:36:27 - ROBOTY.3d_viewer - INFO - Обновление визуализации
2025-09-27 12:36:27 - ROBOTY.3d_viewer - INFO - Начинаем генерацию 3D визуализации
2025-09-27 12:36:27 - ROBOTY.3d_viewer - INFO - Применены агрессивные оптимизации для большой сцены
2025-09-27 12:36:27 - ROBOTY.visualizer - INFO - Запуск визуализации типа: 3d_anim
2025-09-27 12:36:27 - ROBOTY.visualizer - INFO - Создание 3D анимации траекторий
2025-09-27 12:36:27 - ROBOTY.visualizer - INFO - Создание 3D визуализации траекторий
2025-09-27 12:36:27 - ROBOTY.visualizer - INFO - 3D визуализация создана
2025-09-27 12:36:27 - ROBOTY.visualizer - INFO - Ограничиваем анимацию: 57 кадров из 627
2025-09-27 12:36:28 - ROBOTY.3d_viewer - INFO - Обновление визуализации
2025-09-27 12:36:28 - ROBOTY.3d_viewer - INFO - Начинаем генерацию 3D визуализации
2025-09-27 12:36:28 - ROBOTY.3d_viewer - INFO - Применены агрессивные оптимизации для большой сцены
2025-09-27 12:36:28 - ROBOTY.visualizer - INFO - Запуск визуализации типа: 3d_anim
2025-09-27 12:36:28 - ROBOTY.visualizer - INFO - Создание 3D анимации траекторий
2025-09-27 12:36:28 - ROBOTY.visualizer - INFO - Создание 3D визуализации траекторий
2025-09-27 12:36:28 - ROBOTY.visualizer - INFO - 3D визуализация создана
2025-09-27 12:36:28 - ROBOTY.visualizer - INFO - Ограничиваем анимацию: 57 кадров из 627
2025-09-27 12:36:28 - ROBOTY.3d_viewer - INFO - Обновление визуализации
2025-09-27 12:36:28 - ROBOTY.3d_viewer - INFO - Начинаем генерацию 3D визуализации
2025-09-27 12:36:28 - ROBOTY.3d_viewer - INFO - Применены агрессивные оптимизации для большой сцены
2025-09-27 12:36:28 - ROBOTY.visualizer - INFO - Запуск визуализации типа: 3d_anim
2025-09-27 12:36:28 - ROBOTY.visualizer - INFO - Создание 3D анимации траекторий
2025-09-27 12:36:28 - ROBOTY.visualizer - INFO - Создание 3D визуализации траекторий
2025-09-27 12:36:28 - ROBOTY.visualizer - INFO - 3D визуализация создана
2025-09-27 12:36:28 - ROBOTY.visualizer - INFO - Ограничиваем анимацию: 57 кадров из 627
2025-09-27 12:36:28 - ROBOTY.3d_viewer - INFO - Обновление визуализации
2025-09-27 12:36:28 - ROBOTY.3d_viewer - INFO - Начинаем генерацию 3D визуализации
2025-09-27 12:36:28 - ROBOTY.3d_viewer - INFO - Применены агрессивные оптимизации для большой сцены
2025-09-27 12:36:28 - ROBOTY.visualizer - INFO - Запуск визуализации типа: 3d_anim
2025-09-27 12:36:28 - ROBOTY.visualizer - INFO - Создание 3D анимации траекторий
2025-09-27 12:36:28 - ROBOTY.visualizer - INFO - Создание 3D визуализации траекторий
2025-09-27 12:36:28 - ROBOTY.visualizer - INFO - 3D визуализация создана
2025-09-27 12:36:28 - ROBOTY.visualizer - INFO - Ограничиваем анимацию: 57 кадров из 627
2025-09-27 12:36:35 - ROBOTY.visualizer - INFO - Визуализация записана во временный файл: C:\Users\22200490\AppData\Local\Temp\tmpih3ituz8_viz_3d_anim.html
2025-09-27 12:36:36 - ROBOTY.visualizer - INFO - Визуализация открыта в браузере из временного файла
2025-09-27 12:36:36 - ROBOTY.mesh_loader - INFO - Кэш мешей очищен
2025-09-27 12:36:36 - ROBOTY.visualizer - INFO - Кэш мешей очищен для освобождения памяти
2025-09-27 12:36:36 - ROBOTY.3d_viewer - INFO - 3D визуализация успешно сгенерирована
2025-09-27 12:36:38 - ROBOTY.3d_viewer - INFO - Закрытие Simple 3D Viewer
2025-09-27 12:36:44 - ROBOTY.visualizer - INFO - Визуализация записана во временный файл: C:\Users\22200490\AppData\Local\Temp\tmp9l069mqs_viz_3d_anim.html
2025-09-27 12:36:44 - ROBOTY.visualizer - INFO - Визуализация открыта в браузере из временного файла
2025-09-27 12:36:44 - ROBOTY.mesh_loader - INFO - Кэш мешей очищен
2025-09-27 12:36:44 - ROBOTY.visualizer - INFO - Кэш мешей очищен для освобождения памяти
2025-09-27 12:36:44 - ROBOTY.3d_viewer - INFO - 3D визуализация успешно сгенерирована
2025-09-27 12:36:54 - ROBOTY.visualizer - INFO - Визуализация записана во временный файл: C:\Users\22200490\AppData\Local\Temp\tmpaf5j1fq7_viz_3d_anim.html
2025-09-27 12:36:54 - ROBOTY.visualizer - INFO - Визуализация открыта в браузере из временного файла
2025-09-27 12:36:54 - ROBOTY.mesh_loader - INFO - Кэш мешей очищен
2025-09-27 12:36:54 - ROBOTY.visualizer - INFO - Кэш мешей очищен для освобождения памяти
2025-09-27 12:36:54 - ROBOTY.3d_viewer - INFO - 3D визуализация успешно сгенерирована
2025-09-27 12:37:04 - ROBOTY.visualizer - INFO - Визуализация записана во временный файл: C:\Users\22200490\AppData\Local\Temp\tmpqshzzo26_viz_3d_anim.html
2025-09-27 12:37:04 - ROBOTY.visualizer - INFO - Визуализация открыта в браузере из временного файла
2025-09-27 12:37:04 - ROBOTY.mesh_loader - INFO - Кэш мешей очищен
2025-09-27 12:37:04 - ROBOTY.visualizer - INFO - Кэш мешей очищен для освобождения памяти
2025-09-27 12:37:04 - ROBOTY.3d_viewer - INFO - 3D визуализация успешно сгенерирована
2025-09-27 12:41:12 - ROBOTY.visualizer - INFO - Временный файл визуализации удалён: C:\Users\22200490\AppData\Local\Temp\tmp_haj8b7y_viz_3d_anim.html
