2025-09-26 13:36:29 - ROBOTY.main - INFO - Запуск приложения ROBOTY
2025-09-26 13:36:29 - ROBOTY.main - INFO - Применена тема: dark
2025-09-26 13:36:29 - ROBOTY.main - INFO - Интерфейс инициализирован
2025-09-26 13:36:29 - ROBOTY.main - INFO - Приложение успешно запущено
2025-09-26 13:36:32 - ROBOTY.main - INFO - Начинаем загрузку файла
2025-09-26 13:36:35 - ROBOTY.main - INFO - Загружаем файл: /Users/maksimchernukha/Documents/ROBOTY/data/input_20250924_002053.json
2025-09-26 13:36:35 - ROBOTY.parser - INFO - Начинаем загрузку файла: /Users/maksimchernukha/Documents/ROBOTY/data/input_20250924_002053.json
2025-09-26 13:36:35 - ROBOTY.parser - INFO - Файл /Users/maksimchernukha/Documents/ROBOTY/data/input_20250924_002053.json успешно загружен
2025-09-26 13:36:35 - ROBOTY.parser - DEBUG - Робот 1 успешно загружен
2025-09-26 13:36:35 - ROBOTY.parser - DEBUG - Операция 1 успешно загружена
2025-09-26 13:36:35 - ROBOTY.parser - DEBUG - Операция 2 успешно загружена
2025-09-26 13:36:35 - ROBOTY.parser - DEBUG - Операция 3 успешно загружена
2025-09-26 13:36:35 - ROBOTY.parser - DEBUG - Операция 4 успешно загружена
2025-09-26 13:36:35 - ROBOTY.parser - DEBUG - Операция 5 успешно загружена
2025-09-26 13:36:35 - ROBOTY.parser - DEBUG - Операция 6 успешно загружена
2025-09-26 13:36:35 - ROBOTY.parser - DEBUG - Операция 7 успешно загружена
2025-09-26 13:36:35 - ROBOTY.parser - DEBUG - Операция 8 успешно загружена
2025-09-26 13:36:35 - ROBOTY.parser - DEBUG - Операция 9 успешно загружена
2025-09-26 13:36:35 - ROBOTY.parser - DEBUG - Операция 10 успешно загружена
2025-09-26 13:36:35 - ROBOTY.parser - DEBUG - Операция 11 успешно загружена
2025-09-26 13:36:35 - ROBOTY.parser - DEBUG - Операция 12 успешно загружена
2025-09-26 13:36:35 - ROBOTY.parser - DEBUG - Операция 13 успешно загружена
2025-09-26 13:36:35 - ROBOTY.parser - DEBUG - Операция 14 успешно загружена
2025-09-26 13:36:35 - ROBOTY.parser - DEBUG - Операция 15 успешно загружена
2025-09-26 13:36:35 - ROBOTY.parser - DEBUG - Операция 16 успешно загружена
2025-09-26 13:36:35 - ROBOTY.parser - DEBUG - Операция 17 успешно загружена
2025-09-26 13:36:35 - ROBOTY.parser - DEBUG - Операция 18 успешно загружена
2025-09-26 13:36:35 - ROBOTY.parser - DEBUG - Операция 19 успешно загружена
2025-09-26 13:36:35 - ROBOTY.parser - DEBUG - Операция 20 успешно загружена
2025-09-26 13:36:35 - ROBOTY.parser - DEBUG - Операция 21 успешно загружена
2025-09-26 13:36:35 - ROBOTY.parser - DEBUG - Операция 22 успешно загружена
2025-09-26 13:36:35 - ROBOTY.parser - DEBUG - Операция 23 успешно загружена
2025-09-26 13:36:35 - ROBOTY.parser - DEBUG - Операция 24 успешно загружена
2025-09-26 13:36:35 - ROBOTY.parser - DEBUG - Операция 25 успешно загружена
2025-09-26 13:36:35 - ROBOTY.parser - DEBUG - Операция 26 успешно загружена
2025-09-26 13:36:35 - ROBOTY.parser - DEBUG - Операция 27 успешно загружена
2025-09-26 13:36:35 - ROBOTY.parser - DEBUG - Операция 28 успешно загружена
2025-09-26 13:36:35 - ROBOTY.parser - DEBUG - Операция 29 успешно загружена
2025-09-26 13:36:35 - ROBOTY.parser - DEBUG - Операция 30 успешно загружена
2025-09-26 13:36:35 - ROBOTY.parser - INFO - Загружено 1 роботов и 30 операций
2025-09-26 13:36:35 - ROBOTY.main - INFO - Файл успешно загружен и распарсен
2025-09-26 13:36:38 - ROBOTY.main - INFO - Запуск планировщика
2025-09-26 13:36:38 - ROBOTY.planner - INFO - Запуск планировщика траекторий
2025-09-26 13:36:38 - ROBOTY.assigner - INFO - Начинаем назначение операций методом: balanced
2025-09-26 13:36:38 - ROBOTY.assigner - DEBUG - Операция 0 назначена роботу 0 (нагрузка: 13.30)
2025-09-26 13:36:38 - ROBOTY.assigner - DEBUG - Операция 1 назначена роботу 0 (нагрузка: 22.58)
2025-09-26 13:36:38 - ROBOTY.assigner - DEBUG - Операция 2 назначена роботу 0 (нагрузка: 38.88)
2025-09-26 13:36:38 - ROBOTY.assigner - DEBUG - Операция 3 назначена роботу 0 (нагрузка: 48.59)
2025-09-26 13:36:38 - ROBOTY.assigner - DEBUG - Операция 4 назначена роботу 0 (нагрузка: 66.44)
2025-09-26 13:36:38 - ROBOTY.assigner - DEBUG - Операция 5 назначена роботу 0 (нагрузка: 75.50)
2025-09-26 13:36:38 - ROBOTY.assigner - DEBUG - Операция 6 назначена роботу 0 (нагрузка: 92.96)
2025-09-26 13:36:38 - ROBOTY.assigner - DEBUG - Операция 7 назначена роботу 0 (нагрузка: 109.45)
2025-09-26 13:36:38 - ROBOTY.assigner - DEBUG - Операция 8 назначена роботу 0 (нагрузка: 120.44)
2025-09-26 13:36:38 - ROBOTY.assigner - DEBUG - Операция 9 назначена роботу 0 (нагрузка: 134.17)
2025-09-26 13:36:38 - ROBOTY.assigner - DEBUG - Операция 10 назначена роботу 0 (нагрузка: 156.77)
2025-09-26 13:36:38 - ROBOTY.assigner - DEBUG - Операция 11 назначена роботу 0 (нагрузка: 175.65)
2025-09-26 13:36:38 - ROBOTY.assigner - DEBUG - Операция 12 назначена роботу 0 (нагрузка: 196.21)
2025-09-26 13:36:38 - ROBOTY.assigner - DEBUG - Операция 13 назначена роботу 0 (нагрузка: 212.64)
2025-09-26 13:36:38 - ROBOTY.assigner - DEBUG - Операция 14 назначена роботу 0 (нагрузка: 235.30)
2025-09-26 13:36:38 - ROBOTY.assigner - DEBUG - Операция 15 назначена роботу 0 (нагрузка: 256.41)
2025-09-26 13:36:38 - ROBOTY.assigner - DEBUG - Операция 16 назначена роботу 0 (нагрузка: 268.98)
2025-09-26 13:36:38 - ROBOTY.assigner - DEBUG - Операция 17 назначена роботу 0 (нагрузка: 288.26)
2025-09-26 13:36:38 - ROBOTY.assigner - DEBUG - Операция 18 назначена роботу 0 (нагрузка: 301.37)
2025-09-26 13:36:38 - ROBOTY.assigner - DEBUG - Операция 19 назначена роботу 0 (нагрузка: 312.20)
2025-09-26 13:36:38 - ROBOTY.assigner - DEBUG - Операция 20 назначена роботу 0 (нагрузка: 323.64)
2025-09-26 13:36:38 - ROBOTY.assigner - DEBUG - Операция 21 назначена роботу 0 (нагрузка: 334.15)
2025-09-26 13:36:38 - ROBOTY.assigner - DEBUG - Операция 22 назначена роботу 0 (нагрузка: 348.49)
2025-09-26 13:36:38 - ROBOTY.assigner - DEBUG - Операция 23 назначена роботу 0 (нагрузка: 361.40)
2025-09-26 13:36:38 - ROBOTY.assigner - DEBUG - Операция 24 назначена роботу 0 (нагрузка: 369.77)
2025-09-26 13:36:38 - ROBOTY.assigner - DEBUG - Операция 25 назначена роботу 0 (нагрузка: 390.72)
2025-09-26 13:36:38 - ROBOTY.assigner - DEBUG - Операция 26 назначена роботу 0 (нагрузка: 401.88)
2025-09-26 13:36:38 - ROBOTY.assigner - DEBUG - Операция 27 назначена роботу 0 (нагрузка: 414.33)
2025-09-26 13:36:38 - ROBOTY.assigner - DEBUG - Операция 28 назначена роботу 0 (нагрузка: 427.04)
2025-09-26 13:36:38 - ROBOTY.assigner - DEBUG - Операция 29 назначена роботу 0 (нагрузка: 436.14)
2025-09-26 13:36:38 - ROBOTY.assigner - INFO - Распределено 30 операций с балансировкой нагрузки
2025-09-26 13:36:38 - ROBOTY.assigner - INFO - Итоговые нагрузки роботов: ['436.14']
2025-09-26 13:36:38 - ROBOTY.assigner - INFO - Робот 0: 30 операций, нагрузка 436.14
2025-09-26 13:36:38 - ROBOTY.planner - INFO - Операции назначены методом: balanced
2025-09-26 13:36:38 - ROBOTY.planner - INFO - Планирование траектории для робота 1 (ID: 1) с 30 операциями
2025-09-26 13:36:38 - ROBOTY.planner - DEBUG - Планирование траектории для робота с 30 операциями
2025-09-26 13:36:38 - ROBOTY.planner - DEBUG - Операция 1 запланирована, время завершения: 15.13
2025-09-26 13:36:38 - ROBOTY.planner - DEBUG - Операция 2 запланирована, время завершения: 24.04
2025-09-26 13:36:38 - ROBOTY.planner - DEBUG - Операция 3 запланирована, время завершения: 37.44
2025-09-26 13:36:38 - ROBOTY.planner - DEBUG - Операция 4 запланирована, время завершения: 47.56
2025-09-26 13:36:38 - ROBOTY.planner - DEBUG - Операция 5 запланирована, время завершения: 63.68
2025-09-26 13:36:38 - ROBOTY.planner - DEBUG - Операция 6 запланирована, время завершения: 79.86
2025-09-26 13:36:38 - ROBOTY.planner - DEBUG - Операция 7 запланирована, время завершения: 98.05
2025-09-26 13:36:38 - ROBOTY.planner - DEBUG - Операция 8 запланирована, время завершения: 117.65
2025-09-26 13:36:38 - ROBOTY.planner - DEBUG - Операция 9 запланирована, время завершения: 135.08
2025-09-26 13:36:38 - ROBOTY.planner - DEBUG - Операция 10 запланирована, время завершения: 148.79
2025-09-26 13:36:38 - ROBOTY.planner - DEBUG - Операция 11 запланирована, время завершения: 168.47
2025-09-26 13:36:38 - ROBOTY.planner - DEBUG - Операция 12 запланирована, время завершения: 185.96
2025-09-26 13:36:38 - ROBOTY.planner - DEBUG - Операция 13 запланирована, время завершения: 202.73
2025-09-26 13:36:38 - ROBOTY.planner - DEBUG - Операция 14 запланирована, время завершения: 218.14
2025-09-26 13:36:38 - ROBOTY.planner - DEBUG - Операция 15 запланирована, время завершения: 236.20
2025-09-26 13:36:38 - ROBOTY.planner - DEBUG - Операция 16 запланирована, время завершения: 253.41
2025-09-26 13:36:38 - ROBOTY.planner - DEBUG - Операция 17 запланирована, время завершения: 261.71
2025-09-26 13:36:38 - ROBOTY.planner - DEBUG - Операция 18 запланирована, время завершения: 279.42
2025-09-26 13:36:38 - ROBOTY.planner - DEBUG - Операция 19 запланирована, время завершения: 294.65
2025-09-26 13:36:38 - ROBOTY.planner - DEBUG - Операция 20 запланирована, время завершения: 304.70
2025-09-26 13:36:38 - ROBOTY.planner - DEBUG - Операция 21 запланирована, время завершения: 315.67
2025-09-26 13:36:38 - ROBOTY.planner - DEBUG - Операция 22 запланирована, время завершения: 323.28
2025-09-26 13:36:38 - ROBOTY.planner - DEBUG - Операция 23 запланирована, время завершения: 337.28
2025-09-26 13:36:38 - ROBOTY.planner - DEBUG - Операция 24 запланирована, время завершения: 355.20
2025-09-26 13:36:38 - ROBOTY.planner - DEBUG - Операция 25 запланирована, время завершения: 367.22
2025-09-26 13:36:38 - ROBOTY.planner - DEBUG - Операция 26 запланирована, время завершения: 388.87
2025-09-26 13:36:38 - ROBOTY.planner - DEBUG - Операция 27 запланирована, время завершения: 401.31
2025-09-26 13:36:38 - ROBOTY.planner - DEBUG - Операция 28 запланирована, время завершения: 411.42
2025-09-26 13:36:38 - ROBOTY.planner - DEBUG - Операция 29 запланирована, время завершения: 421.28
2025-09-26 13:36:38 - ROBOTY.planner - DEBUG - Операция 30 запланирована, время завершения: 438.33
2025-09-26 13:36:38 - ROBOTY.planner - INFO - Траектория робота запланирована, общее время: 438.33
2025-09-26 13:36:38 - ROBOTY.planner - INFO - Робот 1: траектория содержит 720 точек
2025-09-26 13:36:38 - ROBOTY.planner - INFO - Планирование завершено. Makespan: 438.33
2025-09-26 13:36:38 - ROBOTY.main - INFO - Планировщик успешно завершил работу
2025-09-26 13:36:38 - ROBOTY.collision - INFO - Начинаем детальную проверку коллизий
2025-09-26 13:36:38 - ROBOTY.collision - INFO - Недостаточно роботов для проверки коллизий
2025-09-26 13:36:38 - ROBOTY.main - INFO - Коллизий не обнаружено
2025-09-26 13:36:42 - ROBOTY.main - INFO - Открытие визуализатора
2025-09-26 13:36:59 - ROBOTY.main - INFO - Визуализация успешно завершена
2025-09-26 13:36:59 - ROBOTY.visualizer - INFO - Запуск визуализации типа: 3d_anim
2025-09-26 13:36:59 - ROBOTY.visualizer - INFO - Создание 3D анимации траекторий
2025-09-26 13:36:59 - ROBOTY.visualizer - INFO - Создание 3D визуализации траекторий
2025-09-26 13:36:59 - ROBOTY.visualizer - INFO - 3D визуализация создана
2025-09-26 13:37:00 - ROBOTY.visualizer - INFO - Визуализация записана во временный файл: /var/folders/4m/3pf4f4ds7g3b39tkt544gftr0000gn/T/tmp9d_wl4n6_viz_3d_anim.html
2025-09-26 13:37:00 - ROBOTY.visualizer - INFO - Визуализация открыта в браузере из временного файла
2025-09-26 13:37:00 - ROBOTY.main - INFO - Визуализация успешно завершена (в фоне, временный файл будет удалён автоматически)
2025-09-26 13:37:09 - ROBOTY.visualizer - INFO - Временный файл визуализации удалён: /var/folders/4m/3pf4f4ds7g3b39tkt544gftr0000gn/T/tmp9d_wl4n6_viz_3d_anim.html
