2025-09-27 08:47:35 - ROBOTY.main - INFO - Запуск приложения ROBOTY
2025-09-27 08:47:35 - ROBOTY.main - INFO - Применена тема: dark
2025-09-27 08:47:35 - ROBOTY.main - INFO - Интерфейс инициализирован
2025-09-27 08:47:35 - ROBOTY.main - INFO - Приложение успешно запущено
2025-09-27 08:47:46 - ROBOTY.main - INFO - ⚙️ Результаты бенчмарка: |   - n=256, матричное умножение: 3.1 мс (10.9 GFLOPS) |   - доп. операции: 1.8 мс |   - суммарно: 4.8 мс | 🏷️ Рекомендация: hand_auto_optimized.obj (239 вершин) — Система быстрая: можно использовать детальнее |    Путь: assets/robots/hand_auto_optimized.obj |    Альтернативы: hand_optimized.obj (92), hand_auto_optimized.obj (239)
2025-09-27 08:48:08 - ROBOTY.main - INFO - Создан входной файл: C:\Users\22200490\.cursor\ROBOTY-main\data\input_20250927_084801.json
2025-09-27 08:48:08 - ROBOTY.parser - INFO - Начинаем загрузку файла: C:\Users\22200490\.cursor\ROBOTY-main\data\input_20250927_084801.json
2025-09-27 08:48:08 - ROBOTY.parser - INFO - Файл C:\Users\22200490\.cursor\ROBOTY-main\data\input_20250927_084801.json успешно загружен
2025-09-27 08:48:08 - ROBOTY.parser - DEBUG - Робот 1 успешно загружен
2025-09-27 08:48:08 - ROBOTY.parser - DEBUG - Операция 1 успешно загружена
2025-09-27 08:48:08 - ROBOTY.parser - DEBUG - Операция 2 успешно загружена
2025-09-27 08:48:08 - ROBOTY.parser - DEBUG - Операция 3 успешно загружена
2025-09-27 08:48:08 - ROBOTY.parser - DEBUG - Операция 4 успешно загружена
2025-09-27 08:48:08 - ROBOTY.parser - DEBUG - Операция 5 успешно загружена
2025-09-27 08:48:08 - ROBOTY.parser - DEBUG - Операция 6 успешно загружена
2025-09-27 08:48:08 - ROBOTY.parser - DEBUG - Операция 7 успешно загружена
2025-09-27 08:48:08 - ROBOTY.parser - DEBUG - Операция 8 успешно загружена
2025-09-27 08:48:08 - ROBOTY.parser - DEBUG - Операция 9 успешно загружена
2025-09-27 08:48:08 - ROBOTY.parser - DEBUG - Операция 10 успешно загружена
2025-09-27 08:48:08 - ROBOTY.parser - DEBUG - Операция 11 успешно загружена
2025-09-27 08:48:08 - ROBOTY.parser - DEBUG - Операция 12 успешно загружена
2025-09-27 08:48:08 - ROBOTY.parser - DEBUG - Операция 13 успешно загружена
2025-09-27 08:48:08 - ROBOTY.parser - DEBUG - Операция 14 успешно загружена
2025-09-27 08:48:08 - ROBOTY.parser - DEBUG - Операция 15 успешно загружена
2025-09-27 08:48:08 - ROBOTY.parser - DEBUG - Операция 16 успешно загружена
2025-09-27 08:48:08 - ROBOTY.parser - INFO - Загружено 1 роботов и 16 операций
2025-09-27 08:48:11 - ROBOTY.main - INFO - Запуск планировщика
2025-09-27 08:48:11 - ROBOTY.planner - INFO - Запуск планировщика траекторий
2025-09-27 08:48:11 - ROBOTY.assigner - INFO - Начинаем назначение операций методом: balanced
2025-09-27 08:48:11 - ROBOTY.assigner - DEBUG - Операция 0 назначена роботу 0 (нагрузка: 12.50)
2025-09-27 08:48:11 - ROBOTY.assigner - DEBUG - Операция 1 назначена роботу 0 (нагрузка: 24.47)
2025-09-27 08:48:11 - ROBOTY.assigner - DEBUG - Операция 2 назначена роботу 0 (нагрузка: 39.47)
2025-09-27 08:48:11 - ROBOTY.assigner - DEBUG - Операция 3 назначена роботу 0 (нагрузка: 50.41)
2025-09-27 08:48:11 - ROBOTY.assigner - DEBUG - Операция 4 назначена роботу 0 (нагрузка: 72.83)
2025-09-27 08:48:11 - ROBOTY.assigner - DEBUG - Операция 5 назначена роботу 0 (нагрузка: 88.17)
2025-09-27 08:48:11 - ROBOTY.assigner - DEBUG - Операция 6 назначена роботу 0 (нагрузка: 102.97)
2025-09-27 08:48:11 - ROBOTY.assigner - DEBUG - Операция 7 назначена роботу 0 (нагрузка: 117.96)
2025-09-27 08:48:11 - ROBOTY.assigner - DEBUG - Операция 8 назначена роботу 0 (нагрузка: 133.93)
2025-09-27 08:48:11 - ROBOTY.assigner - DEBUG - Операция 9 назначена роботу 0 (нагрузка: 147.89)
2025-09-27 08:48:11 - ROBOTY.assigner - DEBUG - Операция 10 назначена роботу 0 (нагрузка: 161.44)
2025-09-27 08:48:11 - ROBOTY.assigner - DEBUG - Операция 11 назначена роботу 0 (нагрузка: 174.09)
2025-09-27 08:48:11 - ROBOTY.assigner - DEBUG - Операция 12 назначена роботу 0 (нагрузка: 189.03)
2025-09-27 08:48:11 - ROBOTY.assigner - DEBUG - Операция 13 назначена роботу 0 (нагрузка: 206.02)
2025-09-27 08:48:11 - ROBOTY.assigner - DEBUG - Операция 14 назначена роботу 0 (нагрузка: 219.19)
2025-09-27 08:48:11 - ROBOTY.assigner - DEBUG - Операция 15 назначена роботу 0 (нагрузка: 232.39)
2025-09-27 08:48:11 - ROBOTY.assigner - INFO - Распределено 16 операций с балансировкой нагрузки
2025-09-27 08:48:11 - ROBOTY.assigner - INFO - Итоговые нагрузки роботов: ['232.39']
2025-09-27 08:48:11 - ROBOTY.assigner - INFO - Робот 0: 16 операций, нагрузка 232.39
2025-09-27 08:48:11 - ROBOTY.planner - INFO - Операции назначены методом: balanced
2025-09-27 08:48:11 - ROBOTY.planner - INFO - Планирование траектории для робота 1 (ID: 1) с 16 операциями
2025-09-27 08:48:11 - ROBOTY.planner - DEBUG - Планирование траектории для робота с 16 операциями
2025-09-27 08:48:11 - ROBOTY.planner - DEBUG - Операция 1 запланирована, время завершения: 13.82
2025-09-27 08:48:11 - ROBOTY.planner - DEBUG - Операция 2 запланирована, время завершения: 36.54
2025-09-27 08:48:11 - ROBOTY.planner - DEBUG - Операция 3 запланирована, время завершения: 44.25
2025-09-27 08:48:11 - ROBOTY.planner - DEBUG - Операция 4 запланирована, время завершения: 55.54
2025-09-27 08:48:11 - ROBOTY.planner - DEBUG - Операция 5 запланирована, время завершения: 74.01
2025-09-27 08:48:11 - ROBOTY.planner - DEBUG - Операция 6 запланирована, время завершения: 83.73
2025-09-27 08:48:11 - ROBOTY.planner - DEBUG - Операция 7 запланирована, время завершения: 95.53
2025-09-27 08:48:11 - ROBOTY.planner - DEBUG - Операция 8 запланирована, время завершения: 107.66
2025-09-27 08:48:11 - ROBOTY.planner - DEBUG - Операция 9 запланирована, время завершения: 121.94
2025-09-27 08:48:11 - ROBOTY.planner - DEBUG - Операция 10 запланирована, время завершения: 139.92
2025-09-27 08:48:11 - ROBOTY.planner - DEBUG - Операция 11 запланирована, время завершения: 146.82
2025-09-27 08:48:11 - ROBOTY.planner - DEBUG - Операция 12 запланирована, время завершения: 159.13
2025-09-27 08:48:11 - ROBOTY.planner - DEBUG - Операция 13 запланирована, время завершения: 171.08
2025-09-27 08:48:11 - ROBOTY.planner - DEBUG - Операция 14 запланирована, время завершения: 185.71
2025-09-27 08:48:11 - ROBOTY.planner - DEBUG - Операция 15 запланирована, время завершения: 196.49
2025-09-27 08:48:11 - ROBOTY.planner - DEBUG - Операция 16 запланирована, время завершения: 208.34
2025-09-27 08:48:11 - ROBOTY.planner - INFO - Траектория робота запланирована, общее время: 208.34
2025-09-27 08:48:11 - ROBOTY.planner - INFO - Робот 1: траектория содержит 384 точек
2025-09-27 08:48:11 - ROBOTY.planner - INFO - Планирование завершено. Makespan: 208.34
2025-09-27 08:48:11 - ROBOTY.main - INFO - Планировщик успешно завершил работу
2025-09-27 08:48:11 - ROBOTY.collision - INFO - Начинаем детальную проверку коллизий
2025-09-27 08:48:11 - ROBOTY.collision - INFO - Недостаточно роботов для проверки коллизий
2025-09-27 08:48:11 - ROBOTY.main - INFO - Коллизий не обнаружено
2025-09-27 08:48:14 - ROBOTY.main - INFO - Открытие визуализатора
2025-09-27 08:48:14 - ROBOTY.main - INFO - Визуализация успешно завершена
2025-09-27 08:48:14 - ROBOTY.visualizer - INFO - Запуск визуализации типа: 3d_anim
2025-09-27 08:48:14 - ROBOTY.visualizer - INFO - Создание 3D анимации траекторий
2025-09-27 08:48:14 - ROBOTY.visualizer - INFO - Создание 3D визуализации траекторий
2025-09-27 08:48:14 - ROBOTY.visualizer - INFO - 3D визуализация создана
2025-09-27 08:48:14 - ROBOTY.mesh_loader - INFO - OBJ загружен: 1758706684_68d3bbfcdbb32.obj, вершин=48087, треугольников=96202
2025-09-27 08:48:18 - ROBOTY.visualizer - INFO - Визуализация записана во временный файл: C:\Users\22200490\AppData\Local\Temp\tmpzjzngbj1_viz_3d_anim.html
2025-09-27 08:48:18 - ROBOTY.visualizer - INFO - Визуализация открыта в браузере из временного файла
2025-09-27 08:48:18 - ROBOTY.main - INFO - Визуализация успешно завершена (в фоне, временный файл будет удалён автоматически)
2025-09-27 08:50:21 - ROBOTY.visualizer - INFO - Временный файл визуализации удалён: C:\Users\22200490\AppData\Local\Temp\tmpzjzngbj1_viz_3d_anim.html
