2025-09-23 15:12:54 - ROBOTY.main - INFO - Запуск приложения ROBOTY
2025-09-23 15:12:54 - ROBOTY.main - INFO - Применена тема: light
2025-09-23 15:12:54 - ROBOTY.main - INFO - Интерфейс инициализирован
2025-09-23 15:12:55 - ROBOTY.main - INFO - Приложение успешно запущено
2025-09-23 15:12:56 - ROBOTY.main - INFO - Применена тема: dark
2025-09-23 15:12:56 - ROBOTY.main - INFO - Переключение темы: dark -> dark
2025-09-23 15:12:59 - ROBOTY.main - INFO - Создан входной файл: C:\Users\22200490\.cursor\ROBOTY\data\input_20250923_151257.json
2025-09-23 15:12:59 - ROBOTY.parser - INFO - Начинаем загрузку файла: C:\Users\22200490\.cursor\ROBOTY\data\input_20250923_151257.json
2025-09-23 15:12:59 - ROBOTY.parser - INFO - Файл C:\Users\22200490\.cursor\ROBOTY\data\input_20250923_151257.json успешно загружен
2025-09-23 15:12:59 - ROBOTY.parser - DEBUG - Робот 1 успешно загружен
2025-09-23 15:12:59 - ROBOTY.parser - DEBUG - Робот 2 успешно загружен
2025-09-23 15:12:59 - ROBOTY.parser - DEBUG - Робот 3 успешно загружен
2025-09-23 15:12:59 - ROBOTY.parser - DEBUG - Робот 4 успешно загружен
2025-09-23 15:12:59 - ROBOTY.parser - DEBUG - Робот 5 успешно загружен
2025-09-23 15:12:59 - ROBOTY.parser - DEBUG - Робот 6 успешно загружен
2025-09-23 15:12:59 - ROBOTY.parser - DEBUG - Робот 7 успешно загружен
2025-09-23 15:12:59 - ROBOTY.parser - DEBUG - Робот 8 успешно загружен
2025-09-23 15:12:59 - ROBOTY.parser - DEBUG - Робот 9 успешно загружен
2025-09-23 15:12:59 - ROBOTY.parser - DEBUG - Робот 10 успешно загружен
2025-09-23 15:12:59 - ROBOTY.parser - DEBUG - Операция 1 успешно загружена
2025-09-23 15:12:59 - ROBOTY.parser - DEBUG - Операция 2 успешно загружена
2025-09-23 15:12:59 - ROBOTY.parser - DEBUG - Операция 3 успешно загружена
2025-09-23 15:12:59 - ROBOTY.parser - DEBUG - Операция 4 успешно загружена
2025-09-23 15:12:59 - ROBOTY.parser - DEBUG - Операция 5 успешно загружена
2025-09-23 15:12:59 - ROBOTY.parser - DEBUG - Операция 6 успешно загружена
2025-09-23 15:12:59 - ROBOTY.parser - DEBUG - Операция 7 успешно загружена
2025-09-23 15:12:59 - ROBOTY.parser - DEBUG - Операция 8 успешно загружена
2025-09-23 15:12:59 - ROBOTY.parser - DEBUG - Операция 9 успешно загружена
2025-09-23 15:12:59 - ROBOTY.parser - DEBUG - Операция 10 успешно загружена
2025-09-23 15:12:59 - ROBOTY.parser - DEBUG - Операция 11 успешно загружена
2025-09-23 15:12:59 - ROBOTY.parser - DEBUG - Операция 12 успешно загружена
2025-09-23 15:12:59 - ROBOTY.parser - DEBUG - Операция 13 успешно загружена
2025-09-23 15:12:59 - ROBOTY.parser - DEBUG - Операция 14 успешно загружена
2025-09-23 15:12:59 - ROBOTY.parser - DEBUG - Операция 15 успешно загружена
2025-09-23 15:12:59 - ROBOTY.parser - DEBUG - Операция 16 успешно загружена
2025-09-23 15:12:59 - ROBOTY.parser - DEBUG - Операция 17 успешно загружена
2025-09-23 15:12:59 - ROBOTY.parser - DEBUG - Операция 18 успешно загружена
2025-09-23 15:12:59 - ROBOTY.parser - DEBUG - Операция 19 успешно загружена
2025-09-23 15:12:59 - ROBOTY.parser - DEBUG - Операция 20 успешно загружена
2025-09-23 15:12:59 - ROBOTY.parser - DEBUG - Операция 21 успешно загружена
2025-09-23 15:12:59 - ROBOTY.parser - DEBUG - Операция 22 успешно загружена
2025-09-23 15:12:59 - ROBOTY.parser - DEBUG - Операция 23 успешно загружена
2025-09-23 15:12:59 - ROBOTY.parser - DEBUG - Операция 24 успешно загружена
2025-09-23 15:12:59 - ROBOTY.parser - DEBUG - Операция 25 успешно загружена
2025-09-23 15:12:59 - ROBOTY.parser - DEBUG - Операция 26 успешно загружена
2025-09-23 15:12:59 - ROBOTY.parser - DEBUG - Операция 27 успешно загружена
2025-09-23 15:12:59 - ROBOTY.parser - DEBUG - Операция 28 успешно загружена
2025-09-23 15:12:59 - ROBOTY.parser - DEBUG - Операция 29 успешно загружена
2025-09-23 15:12:59 - ROBOTY.parser - DEBUG - Операция 30 успешно загружена
2025-09-23 15:12:59 - ROBOTY.parser - INFO - Загружено 10 роботов и 30 операций
2025-09-23 15:13:00 - ROBOTY.main - INFO - Запуск планировщика
2025-09-23 15:13:00 - ROBOTY.planner - INFO - Запуск планировщика траекторий
2025-09-23 15:13:00 - ROBOTY.assigner - INFO - Начинаем назначение операций методом: balanced
2025-09-23 15:13:00 - ROBOTY.assigner - DEBUG - Операция 0 назначена роботу 5 (нагрузка: 4.64)
2025-09-23 15:13:00 - ROBOTY.assigner - DEBUG - Операция 1 назначена роботу 7 (нагрузка: 4.52)
2025-09-23 15:13:00 - ROBOTY.assigner - DEBUG - Операция 2 назначена роботу 6 (нагрузка: 6.48)
2025-09-23 15:13:00 - ROBOTY.assigner - DEBUG - Операция 3 назначена роботу 8 (нагрузка: 6.45)
2025-09-23 15:13:00 - ROBOTY.assigner - DEBUG - Операция 4 назначена роботу 4 (нагрузка: 6.77)
2025-09-23 15:13:00 - ROBOTY.assigner - DEBUG - Операция 5 назначена роботу 3 (нагрузка: 11.95)
2025-09-23 15:13:00 - ROBOTY.assigner - DEBUG - Операция 6 назначена роботу 9 (нагрузка: 11.83)
2025-09-23 15:13:00 - ROBOTY.assigner - DEBUG - Операция 7 назначена роботу 7 (нагрузка: 13.25)
2025-09-23 15:13:00 - ROBOTY.assigner - DEBUG - Операция 8 назначена роботу 5 (нагрузка: 9.72)
2025-09-23 15:13:00 - ROBOTY.assigner - DEBUG - Операция 9 назначена роботу 2 (нагрузка: 12.75)
2025-09-23 15:13:00 - ROBOTY.assigner - DEBUG - Операция 10 назначена роботу 1 (нагрузка: 13.27)
2025-09-23 15:13:00 - ROBOTY.assigner - DEBUG - Операция 11 назначена роботу 0 (нагрузка: 10.47)
2025-09-23 15:13:00 - ROBOTY.assigner - DEBUG - Операция 12 назначена роботу 4 (нагрузка: 12.89)
2025-09-23 15:13:00 - ROBOTY.assigner - DEBUG - Операция 13 назначена роботу 6 (нагрузка: 16.96)
2025-09-23 15:13:00 - ROBOTY.assigner - DEBUG - Операция 14 назначена роботу 5 (нагрузка: 20.40)
2025-09-23 15:13:00 - ROBOTY.assigner - DEBUG - Операция 15 назначена роботу 8 (нагрузка: 19.04)
2025-09-23 15:13:00 - ROBOTY.assigner - DEBUG - Операция 16 назначена роботу 4 (нагрузка: 17.56)
2025-09-23 15:13:00 - ROBOTY.assigner - DEBUG - Операция 17 назначена роботу 3 (нагрузка: 18.83)
2025-09-23 15:13:00 - ROBOTY.assigner - DEBUG - Операция 18 назначена роботу 9 (нагрузка: 21.60)
2025-09-23 15:13:00 - ROBOTY.assigner - DEBUG - Операция 19 назначена роботу 7 (нагрузка: 16.51)
2025-09-23 15:13:00 - ROBOTY.assigner - DEBUG - Операция 20 назначена роботу 7 (нагрузка: 23.43)
2025-09-23 15:13:00 - ROBOTY.assigner - DEBUG - Операция 21 назначена роботу 2 (нагрузка: 20.89)
2025-09-23 15:13:00 - ROBOTY.assigner - DEBUG - Операция 22 назначена роботу 4 (нагрузка: 23.68)
2025-09-23 15:13:00 - ROBOTY.assigner - DEBUG - Операция 23 назначена роботу 6 (нагрузка: 21.53)
2025-09-23 15:13:00 - ROBOTY.assigner - DEBUG - Операция 24 назначена роботу 3 (нагрузка: 27.30)
2025-09-23 15:13:00 - ROBOTY.assigner - DEBUG - Операция 25 назначена роботу 0 (нагрузка: 21.04)
2025-09-23 15:13:00 - ROBOTY.assigner - DEBUG - Операция 26 назначена роботу 1 (нагрузка: 28.95)
2025-09-23 15:13:00 - ROBOTY.assigner - DEBUG - Операция 27 назначена роботу 5 (нагрузка: 28.32)
2025-09-23 15:13:00 - ROBOTY.assigner - DEBUG - Операция 28 назначена роботу 8 (нагрузка: 31.53)
2025-09-23 15:13:00 - ROBOTY.assigner - DEBUG - Операция 29 назначена роботу 7 (нагрузка: 27.75)
2025-09-23 15:13:00 - ROBOTY.assigner - INFO - Распределено 30 операций с балансировкой нагрузки
2025-09-23 15:13:00 - ROBOTY.assigner - INFO - Итоговые нагрузки роботов: ['21.04', '28.95', '20.89', '27.30', '23.68', '28.32', '21.53', '27.75', '31.53', '21.60']
2025-09-23 15:13:00 - ROBOTY.assigner - INFO - Робот 0: 2 операций, нагрузка 21.04
2025-09-23 15:13:00 - ROBOTY.assigner - INFO - Робот 1: 2 операций, нагрузка 28.95
2025-09-23 15:13:00 - ROBOTY.assigner - INFO - Робот 2: 2 операций, нагрузка 20.89
2025-09-23 15:13:00 - ROBOTY.assigner - INFO - Робот 3: 3 операций, нагрузка 27.30
2025-09-23 15:13:00 - ROBOTY.assigner - INFO - Робот 4: 4 операций, нагрузка 23.68
2025-09-23 15:13:00 - ROBOTY.assigner - INFO - Робот 5: 4 операций, нагрузка 28.32
2025-09-23 15:13:00 - ROBOTY.assigner - INFO - Робот 6: 3 операций, нагрузка 21.53
2025-09-23 15:13:00 - ROBOTY.assigner - INFO - Робот 7: 5 операций, нагрузка 27.75
2025-09-23 15:13:00 - ROBOTY.assigner - INFO - Робот 8: 3 операций, нагрузка 31.53
2025-09-23 15:13:00 - ROBOTY.assigner - INFO - Робот 9: 2 операций, нагрузка 21.60
2025-09-23 15:13:00 - ROBOTY.planner - INFO - Операции назначены методом: balanced
2025-09-23 15:13:00 - ROBOTY.planner - INFO - Планирование траектории для робота 1 (ID: 1) с 2 операциями
2025-09-23 15:13:00 - ROBOTY.planner - DEBUG - Планирование траектории для робота с 2 операциями
2025-09-23 15:13:00 - ROBOTY.planner - DEBUG - Операция 1 запланирована, время завершения: 11.93
2025-09-23 15:13:00 - ROBOTY.planner - DEBUG - Операция 2 запланирована, время завершения: 21.70
2025-09-23 15:13:00 - ROBOTY.planner - INFO - Траектория робота запланирована, общее время: 21.70
2025-09-23 15:13:00 - ROBOTY.planner - INFO - Робот 1: траектория содержит 48 точек
2025-09-23 15:13:00 - ROBOTY.planner - INFO - Планирование траектории для робота 2 (ID: 2) с 2 операциями
2025-09-23 15:13:00 - ROBOTY.planner - DEBUG - Планирование траектории для робота с 2 операциями
2025-09-23 15:13:00 - ROBOTY.planner - DEBUG - Операция 1 запланирована, время завершения: 15.26
2025-09-23 15:13:00 - ROBOTY.planner - DEBUG - Операция 2 запланирована, время завершения: 26.33
2025-09-23 15:13:00 - ROBOTY.planner - INFO - Траектория робота запланирована, общее время: 26.33
2025-09-23 15:13:00 - ROBOTY.planner - INFO - Робот 2: траектория содержит 48 точек
2025-09-23 15:13:00 - ROBOTY.planner - INFO - Планирование траектории для робота 3 (ID: 3) с 2 операциями
2025-09-23 15:13:00 - ROBOTY.planner - DEBUG - Планирование траектории для робота с 2 операциями
2025-09-23 15:13:00 - ROBOTY.planner - DEBUG - Операция 1 запланирована, время завершения: 14.44
2025-09-23 15:13:00 - ROBOTY.planner - DEBUG - Операция 2 запланирована, время завершения: 24.48
2025-09-23 15:13:00 - ROBOTY.planner - INFO - Траектория робота запланирована, общее время: 24.48
2025-09-23 15:13:00 - ROBOTY.planner - INFO - Робот 3: траектория содержит 48 точек
2025-09-23 15:13:00 - ROBOTY.planner - INFO - Планирование траектории для робота 4 (ID: 4) с 3 операциями
2025-09-23 15:13:00 - ROBOTY.planner - DEBUG - Планирование траектории для робота с 3 операциями
2025-09-23 15:13:00 - ROBOTY.planner - DEBUG - Операция 1 запланирована, время завершения: 14.47
2025-09-23 15:13:00 - ROBOTY.planner - DEBUG - Операция 2 запланирована, время завершения: 24.95
2025-09-23 15:13:00 - ROBOTY.planner - DEBUG - Операция 3 запланирована, время завершения: 36.12
2025-09-23 15:13:00 - ROBOTY.planner - INFO - Траектория робота запланирована, общее время: 36.12
2025-09-23 15:13:00 - ROBOTY.planner - INFO - Робот 4: траектория содержит 72 точек
2025-09-23 15:13:00 - ROBOTY.planner - INFO - Планирование траектории для робота 5 (ID: 5) с 4 операциями
2025-09-23 15:13:00 - ROBOTY.planner - DEBUG - Планирование траектории для робота с 4 операциями
2025-09-23 15:13:00 - ROBOTY.planner - DEBUG - Операция 1 запланирована, время завершения: 9.53
2025-09-23 15:13:00 - ROBOTY.planner - DEBUG - Операция 2 запланирована, время завершения: 20.29
2025-09-23 15:13:00 - ROBOTY.planner - DEBUG - Операция 3 запланирована, время завершения: 29.87
2025-09-23 15:13:00 - ROBOTY.planner - DEBUG - Операция 4 запланирована, время завершения: 37.07
2025-09-23 15:13:00 - ROBOTY.planner - INFO - Траектория робота запланирована, общее время: 37.07
2025-09-23 15:13:00 - ROBOTY.planner - INFO - Робот 5: траектория содержит 96 точек
2025-09-23 15:13:00 - ROBOTY.planner - INFO - Планирование траектории для робота 6 (ID: 6) с 4 операциями
2025-09-23 15:13:00 - ROBOTY.planner - DEBUG - Планирование траектории для робота с 4 операциями
2025-09-23 15:13:00 - ROBOTY.planner - DEBUG - Операция 1 запланирована, время завершения: 6.77
2025-09-23 15:13:00 - ROBOTY.planner - DEBUG - Операция 2 запланирована, время завершения: 13.14
2025-09-23 15:13:00 - ROBOTY.planner - DEBUG - Операция 3 запланирована, время завершения: 26.28
2025-09-23 15:13:00 - ROBOTY.planner - DEBUG - Операция 4 запланирована, время завершения: 38.34
2025-09-23 15:13:00 - ROBOTY.planner - INFO - Траектория робота запланирована, общее время: 38.34
2025-09-23 15:13:00 - ROBOTY.planner - INFO - Робот 6: траектория содержит 96 точек
2025-09-23 15:13:00 - ROBOTY.planner - INFO - Планирование траектории для робота 7 (ID: 7) с 3 операциями
2025-09-23 15:13:00 - ROBOTY.planner - DEBUG - Планирование траектории для робота с 3 операциями
2025-09-23 15:13:00 - ROBOTY.planner - DEBUG - Операция 1 запланирована, время завершения: 8.42
2025-09-23 15:13:00 - ROBOTY.planner - DEBUG - Операция 2 запланирована, время завершения: 20.09
2025-09-23 15:13:00 - ROBOTY.planner - DEBUG - Операция 3 запланирована, время завершения: 28.13
2025-09-23 15:13:00 - ROBOTY.planner - INFO - Траектория робота запланирована, общее время: 28.13
2025-09-23 15:13:00 - ROBOTY.planner - INFO - Робот 7: траектория содержит 72 точек
2025-09-23 15:13:00 - ROBOTY.planner - INFO - Планирование траектории для робота 8 (ID: 8) с 5 операциями
2025-09-23 15:13:00 - ROBOTY.planner - DEBUG - Планирование траектории для робота с 5 операциями
2025-09-23 15:13:00 - ROBOTY.planner - DEBUG - Операция 1 запланирована, время завершения: 6.93
2025-09-23 15:13:00 - ROBOTY.planner - DEBUG - Операция 2 запланирована, время завершения: 21.44
2025-09-23 15:13:00 - ROBOTY.planner - DEBUG - Операция 3 запланирована, время завершения: 30.16
2025-09-23 15:13:00 - ROBOTY.planner - DEBUG - Операция 4 запланирована, время завершения: 39.55
2025-09-23 15:13:00 - ROBOTY.planner - DEBUG - Операция 5 запланирована, время завершения: 47.24
2025-09-23 15:13:00 - ROBOTY.planner - INFO - Траектория робота запланирована, общее время: 47.24
2025-09-23 15:13:00 - ROBOTY.planner - INFO - Робот 8: траектория содержит 120 точек
2025-09-23 15:13:00 - ROBOTY.planner - INFO - Планирование траектории для робота 9 (ID: 9) с 3 операциями
2025-09-23 15:13:00 - ROBOTY.planner - DEBUG - Планирование траектории для робота с 3 операциями
2025-09-23 15:13:00 - ROBOTY.planner - DEBUG - Операция 1 запланирована, время завершения: 8.35
2025-09-23 15:13:00 - ROBOTY.planner - DEBUG - Операция 2 запланирована, время завершения: 18.57
2025-09-23 15:13:00 - ROBOTY.planner - DEBUG - Операция 3 запланирована, время завершения: 31.03
2025-09-23 15:13:00 - ROBOTY.planner - INFO - Траектория робота запланирована, общее время: 31.03
2025-09-23 15:13:00 - ROBOTY.planner - INFO - Робот 9: траектория содержит 72 точек
2025-09-23 15:13:00 - ROBOTY.planner - INFO - Планирование траектории для робота 10 (ID: 10) с 2 операциями
2025-09-23 15:13:00 - ROBOTY.planner - DEBUG - Планирование траектории для робота с 2 операциями
2025-09-23 15:13:00 - ROBOTY.planner - DEBUG - Операция 1 запланирована, время завершения: 13.25
2025-09-23 15:13:00 - ROBOTY.planner - DEBUG - Операция 2 запланирована, время завершения: 29.67
2025-09-23 15:13:00 - ROBOTY.planner - INFO - Траектория робота запланирована, общее время: 29.67
2025-09-23 15:13:00 - ROBOTY.planner - INFO - Робот 10: траектория содержит 48 точек
2025-09-23 15:13:00 - ROBOTY.planner - INFO - Планирование завершено. Makespan: 47.24
2025-09-23 15:13:00 - ROBOTY.main - INFO - Планировщик успешно завершил работу
2025-09-23 15:13:00 - ROBOTY.collision - INFO - Начинаем детальную проверку коллизий
2025-09-23 15:13:00 - ROBOTY.collision - DEBUG - Проверяем коллизии в диапазоне времени: 0.00 - 47.24
2025-09-23 15:13:00 - ROBOTY.collision - WARNING - Коллизия: роботы 5 и 7 в 7.30s, расстояние: 0.443, требуется: 0.500
2025-09-23 15:13:00 - ROBOTY.collision - WARNING - Коллизия: роботы 5 и 7 в 7.40s, расстояние: 0.409, требуется: 0.500
2025-09-23 15:13:00 - ROBOTY.collision - WARNING - Коллизия: роботы 5 и 7 в 7.50s, расстояние: 0.409, требуется: 0.500
2025-09-23 15:13:00 - ROBOTY.collision - WARNING - Коллизия: роботы 5 и 7 в 7.60s, расстояние: 0.456, требуется: 0.500
2025-09-23 15:13:00 - ROBOTY.collision - WARNING - Коллизия: роботы 4 и 8 в 9.20s, расстояние: 0.456, требуется: 0.500
2025-09-23 15:13:00 - ROBOTY.collision - WARNING - Коллизия: роботы 4 и 8 в 9.30s, расстояние: 0.358, требуется: 0.500
2025-09-23 15:13:00 - ROBOTY.collision - WARNING - Коллизия: роботы 4 и 8 в 9.40s, расстояние: 0.432, требуется: 0.500
2025-09-23 15:13:00 - ROBOTY.collision - WARNING - Коллизия: роботы 7 и 9 в 9.60s, расстояние: 0.476, требуется: 0.500
2025-09-23 15:13:00 - ROBOTY.collision - WARNING - Коллизия: роботы 7 и 9 в 9.70s, расстояние: 0.419, требуется: 0.500
2025-09-23 15:13:00 - ROBOTY.collision - WARNING - Коллизия: роботы 7 и 9 в 9.80s, расстояние: 0.407, требуется: 0.500
2025-09-23 15:13:00 - ROBOTY.collision - WARNING - Коллизия: роботы 7 и 9 в 9.90s, расстояние: 0.430, требуется: 0.500
2025-09-23 15:13:00 - ROBOTY.collision - WARNING - Коллизия: роботы 7 и 9 в 10.00s, расстояние: 0.474, требуется: 0.500
2025-09-23 15:13:00 - ROBOTY.collision - WARNING - Коллизия: роботы 7 и 9 в 11.80s, расстояние: 0.431, требуется: 0.500
2025-09-23 15:13:00 - ROBOTY.collision - WARNING - Коллизия: роботы 7 и 9 в 11.90s, расстояние: 0.309, требуется: 0.500
2025-09-23 15:13:00 - ROBOTY.collision - WARNING - Коллизия: роботы 7 и 9 в 12.00s, расстояние: 0.191, требуется: 0.500
2025-09-23 15:13:00 - ROBOTY.collision - WARNING - Коллизия: роботы 7 и 9 в 12.10s, расстояние: 0.092, требуется: 0.500
2025-09-23 15:13:00 - ROBOTY.collision - WARNING - Коллизия: роботы 7 и 9 в 12.20s, расстояние: 0.109, требуется: 0.500
2025-09-23 15:13:00 - ROBOTY.collision - WARNING - Коллизия: роботы 7 и 9 в 12.30s, расстояние: 0.216, требуется: 0.500
2025-09-23 15:13:00 - ROBOTY.collision - WARNING - Коллизия: роботы 7 и 9 в 12.40s, расстояние: 0.335, требуется: 0.500
2025-09-23 15:13:00 - ROBOTY.collision - WARNING - Коллизия: роботы 7 и 9 в 12.50s, расстояние: 0.458, требуется: 0.500
2025-09-23 15:13:00 - ROBOTY.collision - WARNING - Коллизия: роботы 6 и 9 в 27.30s, расстояние: 0.435, требуется: 0.500
2025-09-23 15:13:00 - ROBOTY.collision - WARNING - Коллизия: роботы 6 и 9 в 27.40s, расстояние: 0.289, требуется: 0.500
2025-09-23 15:13:00 - ROBOTY.collision - WARNING - Коллизия: роботы 6 и 9 в 27.50s, расстояние: 0.332, требуется: 0.500
2025-09-23 15:13:00 - ROBOTY.collision - ERROR - Обнаружено 23 коллизий
2025-09-23 15:13:00 - ROBOTY.main - WARNING - Обнаружено 23 коллизий, применяем онлайн-безопасность
2025-09-23 15:13:00 - ROBOTY.safety - INFO - Применяем онлайн-безопасность: вставка пауз при коллизиях
2025-09-23 15:13:00 - ROBOTY.collision - INFO - Начинаем детальную проверку коллизий
2025-09-23 15:13:00 - ROBOTY.collision - DEBUG - Проверяем коллизии в диапазоне времени: 0.00 - 47.24
2025-09-23 15:13:00 - ROBOTY.collision - WARNING - Коллизия: роботы 5 и 7 в 7.25s, расстояние: 0.471, требуется: 0.500
2025-09-23 15:13:00 - ROBOTY.collision - WARNING - Коллизия: роботы 5 и 7 в 7.30s, расстояние: 0.443, требуется: 0.500
2025-09-23 15:13:00 - ROBOTY.collision - WARNING - Коллизия: роботы 5 и 7 в 7.35s, расстояние: 0.422, требуется: 0.500
2025-09-23 15:13:00 - ROBOTY.collision - WARNING - Коллизия: роботы 5 и 7 в 7.40s, расстояние: 0.409, требуется: 0.500
2025-09-23 15:13:00 - ROBOTY.collision - WARNING - Коллизия: роботы 5 и 7 в 7.45s, расстояние: 0.404, требуется: 0.500
2025-09-23 15:13:00 - ROBOTY.collision - WARNING - Коллизия: роботы 5 и 7 в 7.50s, расстояние: 0.409, требуется: 0.500
2025-09-23 15:13:00 - ROBOTY.collision - WARNING - Коллизия: роботы 5 и 7 в 7.55s, расстояние: 0.424, требуется: 0.500
2025-09-23 15:13:00 - ROBOTY.collision - WARNING - Коллизия: роботы 5 и 7 в 7.60s, расстояние: 0.456, требуется: 0.500
2025-09-23 15:13:00 - ROBOTY.collision - WARNING - Коллизия: роботы 5 и 7 в 7.65s, расстояние: 0.494, требуется: 0.500
2025-09-23 15:13:00 - ROBOTY.collision - WARNING - Коллизия: роботы 4 и 8 в 9.20s, расстояние: 0.456, требуется: 0.500
2025-09-23 15:13:00 - ROBOTY.collision - WARNING - Коллизия: роботы 4 и 8 в 9.25s, расстояние: 0.389, требуется: 0.500
2025-09-23 15:13:00 - ROBOTY.collision - WARNING - Коллизия: роботы 4 и 8 в 9.30s, расстояние: 0.358, требуется: 0.500
2025-09-23 15:13:00 - ROBOTY.collision - WARNING - Коллизия: роботы 4 и 8 в 9.35s, расстояние: 0.374, требуется: 0.500
2025-09-23 15:13:00 - ROBOTY.collision - WARNING - Коллизия: роботы 4 и 8 в 9.40s, расстояние: 0.432, требуется: 0.500
2025-09-23 15:13:00 - ROBOTY.collision - WARNING - Коллизия: роботы 7 и 9 в 9.60s, расстояние: 0.476, требуется: 0.500
2025-09-23 15:13:00 - ROBOTY.collision - WARNING - Коллизия: роботы 7 и 9 в 9.65s, расстояние: 0.441, требуется: 0.500
2025-09-23 15:13:00 - ROBOTY.collision - WARNING - Коллизия: роботы 7 и 9 в 9.70s, расстояние: 0.419, требуется: 0.500
2025-09-23 15:13:00 - ROBOTY.collision - WARNING - Коллизия: роботы 7 и 9 в 9.75s, расстояние: 0.407, требуется: 0.500
2025-09-23 15:13:00 - ROBOTY.collision - WARNING - Коллизия: роботы 7 и 9 в 9.80s, расстояние: 0.407, требуется: 0.500
2025-09-23 15:13:00 - ROBOTY.collision - WARNING - Коллизия: роботы 7 и 9 в 9.85s, расстояние: 0.417, требуется: 0.500
2025-09-23 15:13:00 - ROBOTY.collision - WARNING - Коллизия: роботы 7 и 9 в 9.90s, расстояние: 0.430, требуется: 0.500
2025-09-23 15:13:00 - ROBOTY.collision - WARNING - Коллизия: роботы 7 и 9 в 9.95s, расстояние: 0.449, требуется: 0.500
2025-09-23 15:13:00 - ROBOTY.collision - WARNING - Коллизия: роботы 7 и 9 в 10.00s, расстояние: 0.474, требуется: 0.500
2025-09-23 15:13:00 - ROBOTY.collision - WARNING - Коллизия: роботы 7 и 9 в 10.05s, расстояние: 0.498, требуется: 0.500
2025-09-23 15:13:00 - ROBOTY.collision - WARNING - Коллизия: роботы 7 и 9 в 11.75s, расстояние: 0.493, требуется: 0.500
2025-09-23 15:13:00 - ROBOTY.collision - WARNING - Коллизия: роботы 7 и 9 в 11.80s, расстояние: 0.431, требуется: 0.500
2025-09-23 15:13:00 - ROBOTY.collision - WARNING - Коллизия: роботы 7 и 9 в 11.85s, расстояние: 0.370, требуется: 0.500
2025-09-23 15:13:00 - ROBOTY.collision - WARNING - Коллизия: роботы 7 и 9 в 11.90s, расстояние: 0.309, требуется: 0.500
2025-09-23 15:13:00 - ROBOTY.collision - WARNING - Коллизия: роботы 7 и 9 в 11.95s, расстояние: 0.249, требуется: 0.500
2025-09-23 15:13:00 - ROBOTY.collision - WARNING - Коллизия: роботы 7 и 9 в 12.00s, расстояние: 0.191, требуется: 0.500
2025-09-23 15:13:00 - ROBOTY.collision - WARNING - Коллизия: роботы 7 и 9 в 12.05s, расстояние: 0.136, требуется: 0.500
2025-09-23 15:13:00 - ROBOTY.collision - WARNING - Коллизия: роботы 7 и 9 в 12.10s, расстояние: 0.092, требуется: 0.500
2025-09-23 15:13:00 - ROBOTY.collision - WARNING - Коллизия: роботы 7 и 9 в 12.15s, расстояние: 0.080, требуется: 0.500
2025-09-23 15:13:00 - ROBOTY.collision - WARNING - Коллизия: роботы 7 и 9 в 12.20s, расстояние: 0.109, требуется: 0.500
2025-09-23 15:13:00 - ROBOTY.collision - WARNING - Коллизия: роботы 7 и 9 в 12.25s, расстояние: 0.159, требуется: 0.500
2025-09-23 15:13:00 - ROBOTY.collision - WARNING - Коллизия: роботы 7 и 9 в 12.30s, расстояние: 0.216, требуется: 0.500
2025-09-23 15:13:00 - ROBOTY.collision - WARNING - Коллизия: роботы 7 и 9 в 12.35s, расстояние: 0.275, требуется: 0.500
2025-09-23 15:13:00 - ROBOTY.collision - WARNING - Коллизия: роботы 7 и 9 в 12.40s, расстояние: 0.335, требуется: 0.500
2025-09-23 15:13:00 - ROBOTY.collision - WARNING - Коллизия: роботы 7 и 9 в 12.45s, расстояние: 0.396, требуется: 0.500
2025-09-23 15:13:00 - ROBOTY.collision - WARNING - Коллизия: роботы 7 и 9 в 12.50s, расстояние: 0.458, требуется: 0.500
2025-09-23 15:13:00 - ROBOTY.collision - WARNING - Коллизия: роботы 6 и 9 в 27.30s, расстояние: 0.435, требуется: 0.500
2025-09-23 15:13:00 - ROBOTY.collision - WARNING - Коллизия: роботы 6 и 9 в 27.35s, расстояние: 0.346, требуется: 0.500
2025-09-23 15:13:00 - ROBOTY.collision - WARNING - Коллизия: роботы 6 и 9 в 27.40s, расстояние: 0.289, требуется: 0.500
2025-09-23 15:13:00 - ROBOTY.collision - WARNING - Коллизия: роботы 6 и 9 в 27.45s, расстояние: 0.283, требуется: 0.500
2025-09-23 15:13:00 - ROBOTY.collision - WARNING - Коллизия: роботы 6 и 9 в 27.50s, расстояние: 0.332, требуется: 0.500
2025-09-23 15:13:00 - ROBOTY.collision - WARNING - Коллизия: роботы 6 и 9 в 27.55s, расстояние: 0.416, требуется: 0.500
2025-09-23 15:13:00 - ROBOTY.collision - ERROR - Обнаружено 46 коллизий
2025-09-23 15:13:00 - ROBOTY.safety - DEBUG - Добавлена пауза 0.60s роботу 5 в t=7.25s
2025-09-23 15:13:00 - ROBOTY.safety - DEBUG - Добавлена пауза 0.60s роботу 7 в t=7.25s
2025-09-23 15:13:00 - ROBOTY.safety - DEBUG - Добавлена пауза 0.60s роботу 5 в t=7.30s
2025-09-23 15:13:00 - ROBOTY.safety - DEBUG - Добавлена пауза 0.60s роботу 7 в t=7.30s
2025-09-23 15:13:00 - ROBOTY.safety - DEBUG - Добавлена пауза 0.60s роботу 5 в t=7.35s
2025-09-23 15:13:00 - ROBOTY.safety - DEBUG - Добавлена пауза 0.60s роботу 7 в t=7.35s
2025-09-23 15:13:00 - ROBOTY.safety - DEBUG - Добавлена пауза 0.60s роботу 5 в t=7.40s
2025-09-23 15:13:00 - ROBOTY.safety - DEBUG - Добавлена пауза 0.60s роботу 7 в t=7.40s
2025-09-23 15:13:00 - ROBOTY.safety - DEBUG - Добавлена пауза 0.60s роботу 5 в t=7.45s
2025-09-23 15:13:00 - ROBOTY.safety - DEBUG - Добавлена пауза 0.60s роботу 7 в t=7.45s
2025-09-23 15:13:00 - ROBOTY.safety - DEBUG - Добавлена пауза 0.60s роботу 5 в t=7.50s
2025-09-23 15:13:00 - ROBOTY.safety - DEBUG - Добавлена пауза 0.60s роботу 7 в t=7.50s
2025-09-23 15:13:00 - ROBOTY.safety - DEBUG - Добавлена пауза 0.60s роботу 5 в t=7.55s
2025-09-23 15:13:00 - ROBOTY.safety - DEBUG - Добавлена пауза 0.60s роботу 7 в t=7.55s
2025-09-23 15:13:00 - ROBOTY.safety - DEBUG - Добавлена пауза 0.60s роботу 5 в t=7.60s
2025-09-23 15:13:00 - ROBOTY.safety - DEBUG - Добавлена пауза 0.60s роботу 7 в t=7.60s
2025-09-23 15:13:00 - ROBOTY.safety - DEBUG - Добавлена пауза 0.60s роботу 5 в t=7.65s
2025-09-23 15:13:00 - ROBOTY.safety - DEBUG - Добавлена пауза 0.60s роботу 7 в t=7.65s
2025-09-23 15:13:00 - ROBOTY.safety - DEBUG - Добавлена пауза 0.60s роботу 4 в t=9.20s
2025-09-23 15:13:00 - ROBOTY.safety - DEBUG - Добавлена пауза 0.60s роботу 8 в t=9.20s
2025-09-23 15:13:00 - ROBOTY.safety - DEBUG - Добавлена пауза 0.60s роботу 4 в t=9.25s
2025-09-23 15:13:00 - ROBOTY.safety - DEBUG - Добавлена пауза 0.60s роботу 8 в t=9.25s
2025-09-23 15:13:00 - ROBOTY.safety - DEBUG - Добавлена пауза 0.60s роботу 4 в t=9.30s
2025-09-23 15:13:00 - ROBOTY.safety - DEBUG - Добавлена пауза 0.60s роботу 8 в t=9.30s
2025-09-23 15:13:00 - ROBOTY.safety - DEBUG - Добавлена пауза 0.60s роботу 4 в t=9.35s
2025-09-23 15:13:00 - ROBOTY.safety - DEBUG - Добавлена пауза 0.60s роботу 8 в t=9.35s
2025-09-23 15:13:00 - ROBOTY.safety - DEBUG - Добавлена пауза 0.60s роботу 4 в t=9.40s
2025-09-23 15:13:00 - ROBOTY.safety - DEBUG - Добавлена пауза 0.60s роботу 8 в t=9.40s
2025-09-23 15:13:00 - ROBOTY.safety - DEBUG - Добавлена пауза 0.60s роботу 7 в t=9.60s
2025-09-23 15:13:00 - ROBOTY.safety - DEBUG - Добавлена пауза 0.60s роботу 9 в t=9.60s
2025-09-23 15:13:00 - ROBOTY.safety - DEBUG - Добавлена пауза 0.60s роботу 7 в t=9.65s
2025-09-23 15:13:00 - ROBOTY.safety - DEBUG - Добавлена пауза 0.60s роботу 9 в t=9.65s
2025-09-23 15:13:00 - ROBOTY.safety - DEBUG - Добавлена пауза 0.60s роботу 7 в t=9.70s
2025-09-23 15:13:00 - ROBOTY.safety - DEBUG - Добавлена пауза 0.60s роботу 9 в t=9.70s
2025-09-23 15:13:00 - ROBOTY.safety - DEBUG - Добавлена пауза 0.60s роботу 7 в t=9.75s
2025-09-23 15:13:00 - ROBOTY.safety - DEBUG - Добавлена пауза 0.60s роботу 9 в t=9.75s
2025-09-23 15:13:00 - ROBOTY.safety - DEBUG - Добавлена пауза 0.60s роботу 7 в t=9.80s
2025-09-23 15:13:00 - ROBOTY.safety - DEBUG - Добавлена пауза 0.60s роботу 9 в t=9.80s
2025-09-23 15:13:00 - ROBOTY.safety - DEBUG - Добавлена пауза 0.60s роботу 7 в t=9.85s
2025-09-23 15:13:00 - ROBOTY.safety - DEBUG - Добавлена пауза 0.60s роботу 9 в t=9.85s
2025-09-23 15:13:00 - ROBOTY.safety - DEBUG - Добавлена пауза 0.60s роботу 7 в t=9.90s
2025-09-23 15:13:00 - ROBOTY.safety - DEBUG - Добавлена пауза 0.60s роботу 9 в t=9.90s
2025-09-23 15:13:00 - ROBOTY.safety - DEBUG - Добавлена пауза 0.60s роботу 7 в t=9.95s
2025-09-23 15:13:00 - ROBOTY.safety - DEBUG - Добавлена пауза 0.60s роботу 9 в t=9.95s
2025-09-23 15:13:00 - ROBOTY.safety - DEBUG - Добавлена пауза 0.60s роботу 7 в t=10.00s
2025-09-23 15:13:00 - ROBOTY.safety - DEBUG - Добавлена пауза 0.60s роботу 9 в t=10.00s
2025-09-23 15:13:00 - ROBOTY.safety - DEBUG - Добавлена пауза 0.60s роботу 7 в t=10.05s
2025-09-23 15:13:00 - ROBOTY.safety - DEBUG - Добавлена пауза 0.60s роботу 9 в t=10.05s
2025-09-23 15:13:00 - ROBOTY.safety - DEBUG - Добавлена пауза 0.60s роботу 7 в t=11.75s
2025-09-23 15:13:00 - ROBOTY.safety - DEBUG - Добавлена пауза 0.60s роботу 9 в t=11.75s
2025-09-23 15:13:00 - ROBOTY.safety - DEBUG - Добавлена пауза 0.60s роботу 7 в t=11.80s
2025-09-23 15:13:00 - ROBOTY.safety - DEBUG - Добавлена пауза 0.60s роботу 9 в t=11.80s
2025-09-23 15:13:00 - ROBOTY.safety - DEBUG - Добавлена пауза 0.60s роботу 7 в t=11.85s
2025-09-23 15:13:00 - ROBOTY.safety - DEBUG - Добавлена пауза 0.60s роботу 9 в t=11.85s
2025-09-23 15:13:00 - ROBOTY.safety - DEBUG - Добавлена пауза 0.60s роботу 7 в t=11.90s
2025-09-23 15:13:00 - ROBOTY.safety - DEBUG - Добавлена пауза 0.60s роботу 9 в t=11.90s
2025-09-23 15:13:00 - ROBOTY.safety - DEBUG - Добавлена пауза 0.60s роботу 7 в t=11.95s
2025-09-23 15:13:00 - ROBOTY.safety - DEBUG - Добавлена пауза 0.60s роботу 9 в t=11.95s
2025-09-23 15:13:00 - ROBOTY.safety - DEBUG - Добавлена пауза 0.60s роботу 7 в t=12.00s
2025-09-23 15:13:00 - ROBOTY.safety - DEBUG - Добавлена пауза 0.60s роботу 9 в t=12.00s
2025-09-23 15:13:00 - ROBOTY.safety - DEBUG - Добавлена пауза 0.60s роботу 7 в t=12.05s
2025-09-23 15:13:00 - ROBOTY.safety - DEBUG - Добавлена пауза 0.60s роботу 9 в t=12.05s
2025-09-23 15:13:00 - ROBOTY.safety - DEBUG - Добавлена пауза 0.60s роботу 7 в t=12.10s
2025-09-23 15:13:00 - ROBOTY.safety - DEBUG - Добавлена пауза 0.60s роботу 9 в t=12.10s
2025-09-23 15:13:00 - ROBOTY.safety - DEBUG - Добавлена пауза 0.60s роботу 7 в t=12.15s
2025-09-23 15:13:00 - ROBOTY.safety - DEBUG - Добавлена пауза 0.60s роботу 9 в t=12.15s
2025-09-23 15:13:00 - ROBOTY.safety - DEBUG - Добавлена пауза 0.60s роботу 7 в t=12.20s
2025-09-23 15:13:00 - ROBOTY.safety - DEBUG - Добавлена пауза 0.60s роботу 9 в t=12.20s
2025-09-23 15:13:00 - ROBOTY.safety - DEBUG - Добавлена пауза 0.60s роботу 7 в t=12.25s
2025-09-23 15:13:00 - ROBOTY.safety - DEBUG - Добавлена пауза 0.60s роботу 9 в t=12.25s
2025-09-23 15:13:00 - ROBOTY.safety - DEBUG - Добавлена пауза 0.60s роботу 7 в t=12.30s
2025-09-23 15:13:00 - ROBOTY.safety - DEBUG - Добавлена пауза 0.60s роботу 9 в t=12.30s
2025-09-23 15:13:00 - ROBOTY.safety - DEBUG - Добавлена пауза 0.60s роботу 7 в t=12.35s
2025-09-23 15:13:00 - ROBOTY.safety - DEBUG - Добавлена пауза 0.60s роботу 9 в t=12.35s
2025-09-23 15:13:00 - ROBOTY.safety - DEBUG - Добавлена пауза 0.60s роботу 7 в t=12.40s
2025-09-23 15:13:00 - ROBOTY.safety - DEBUG - Добавлена пауза 0.60s роботу 9 в t=12.40s
2025-09-23 15:13:00 - ROBOTY.safety - DEBUG - Добавлена пауза 0.60s роботу 7 в t=12.45s
2025-09-23 15:13:00 - ROBOTY.safety - DEBUG - Добавлена пауза 0.60s роботу 9 в t=12.45s
2025-09-23 15:13:00 - ROBOTY.safety - DEBUG - Добавлена пауза 0.60s роботу 7 в t=12.50s
2025-09-23 15:13:00 - ROBOTY.safety - DEBUG - Добавлена пауза 0.60s роботу 9 в t=12.50s
2025-09-23 15:13:00 - ROBOTY.safety - DEBUG - Добавлена пауза 0.60s роботу 6 в t=27.30s
2025-09-23 15:13:00 - ROBOTY.safety - DEBUG - Добавлена пауза 0.60s роботу 9 в t=27.30s
2025-09-23 15:13:00 - ROBOTY.safety - DEBUG - Добавлена пауза 0.60s роботу 6 в t=27.35s
2025-09-23 15:13:00 - ROBOTY.safety - DEBUG - Добавлена пауза 0.60s роботу 9 в t=27.35s
2025-09-23 15:13:00 - ROBOTY.safety - DEBUG - Добавлена пауза 0.60s роботу 6 в t=27.40s
2025-09-23 15:13:00 - ROBOTY.safety - DEBUG - Добавлена пауза 0.60s роботу 9 в t=27.40s
2025-09-23 15:13:00 - ROBOTY.safety - DEBUG - Добавлена пауза 0.60s роботу 6 в t=27.45s
2025-09-23 15:13:00 - ROBOTY.safety - DEBUG - Добавлена пауза 0.60s роботу 9 в t=27.45s
2025-09-23 15:13:00 - ROBOTY.safety - DEBUG - Добавлена пауза 0.60s роботу 6 в t=27.50s
2025-09-23 15:13:00 - ROBOTY.safety - DEBUG - Добавлена пауза 0.60s роботу 9 в t=27.50s
2025-09-23 15:13:00 - ROBOTY.safety - DEBUG - Добавлена пауза 0.60s роботу 6 в t=27.55s
2025-09-23 15:13:00 - ROBOTY.safety - DEBUG - Добавлена пауза 0.60s роботу 9 в t=27.55s
2025-09-23 15:13:00 - ROBOTY.safety - INFO - Онлайн-безопасность применена: паузы вставлены
2025-09-23 15:13:00 - ROBOTY.collision - INFO - Начинаем детальную проверку коллизий
2025-09-23 15:13:00 - ROBOTY.collision - DEBUG - Проверяем коллизии в диапазоне времени: 0.00 - 50.24
2025-09-23 15:13:00 - ROBOTY.collision - WARNING - Коллизия: роботы 5 и 7 в 7.30s, расстояние: 0.471, требуется: 0.500
2025-09-23 15:13:00 - ROBOTY.collision - WARNING - Коллизия: роботы 5 и 7 в 7.40s, расстояние: 0.471, требуется: 0.500
2025-09-23 15:13:00 - ROBOTY.collision - WARNING - Коллизия: роботы 5 и 7 в 7.50s, расстояние: 0.471, требуется: 0.500
2025-09-23 15:13:00 - ROBOTY.collision - WARNING - Коллизия: роботы 5 и 7 в 7.60s, расстояние: 0.471, требуется: 0.500
2025-09-23 15:13:00 - ROBOTY.collision - WARNING - Коллизия: роботы 5 и 7 в 7.70s, расстояние: 0.471, требуется: 0.500
2025-09-23 15:13:00 - ROBOTY.collision - WARNING - Коллизия: роботы 5 и 7 в 7.80s, расстояние: 0.471, требуется: 0.500
2025-09-23 15:13:00 - ROBOTY.collision - WARNING - Коллизия: роботы 5 и 7 в 7.90s, расстояние: 0.471, требуется: 0.500
2025-09-23 15:13:00 - ROBOTY.collision - WARNING - Коллизия: роботы 5 и 7 в 8.00s, расстояние: 0.471, требуется: 0.500
2025-09-23 15:13:00 - ROBOTY.collision - WARNING - Коллизия: роботы 5 и 7 в 8.10s, расстояние: 0.471, требуется: 0.500
2025-09-23 15:13:00 - ROBOTY.collision - WARNING - Коллизия: роботы 5 и 7 в 8.20s, расстояние: 0.471, требуется: 0.500
2025-09-23 15:13:00 - ROBOTY.collision - WARNING - Коллизия: роботы 5 и 7 в 8.30s, расстояние: 0.471, требуется: 0.500
2025-09-23 15:13:00 - ROBOTY.collision - WARNING - Коллизия: роботы 5 и 7 в 8.40s, расстояние: 0.471, требуется: 0.500
2025-09-23 15:13:00 - ROBOTY.collision - WARNING - Коллизия: роботы 5 и 7 в 8.50s, расстояние: 0.471, требуется: 0.500
2025-09-23 15:13:00 - ROBOTY.collision - WARNING - Коллизия: роботы 5 и 7 в 8.60s, расстояние: 0.471, требуется: 0.500
2025-09-23 15:13:00 - ROBOTY.collision - WARNING - Коллизия: роботы 5 и 7 в 8.70s, расстояние: 0.471, требуется: 0.500
2025-09-23 15:13:00 - ROBOTY.collision - WARNING - Коллизия: роботы 5 и 7 в 8.80s, расстояние: 0.471, требуется: 0.500
2025-09-23 15:13:00 - ROBOTY.collision - WARNING - Коллизия: роботы 5 и 7 в 8.90s, расстояние: 0.471, требуется: 0.500
2025-09-23 15:13:00 - ROBOTY.collision - WARNING - Коллизия: роботы 5 и 7 в 9.00s, расстояние: 0.471, требуется: 0.500
2025-09-23 15:13:00 - ROBOTY.collision - WARNING - Коллизия: роботы 5 и 7 в 9.10s, расстояние: 0.471, требуется: 0.500
2025-09-23 15:13:00 - ROBOTY.collision - WARNING - Коллизия: роботы 4 и 8 в 9.20s, расстояние: 0.456, требуется: 0.500
2025-09-23 15:13:00 - ROBOTY.collision - WARNING - Коллизия: роботы 5 и 7 в 9.20s, расстояние: 0.471, требуется: 0.500
2025-09-23 15:13:00 - ROBOTY.collision - WARNING - Коллизия: роботы 4 и 8 в 9.30s, расстояние: 0.456, требуется: 0.500
2025-09-23 15:13:00 - ROBOTY.collision - WARNING - Коллизия: роботы 5 и 7 в 9.30s, расстояние: 0.471, требуется: 0.500
2025-09-23 15:13:00 - ROBOTY.collision - WARNING - Коллизия: роботы 4 и 8 в 9.40s, расстояние: 0.456, требуется: 0.500
2025-09-23 15:13:00 - ROBOTY.collision - WARNING - Коллизия: роботы 5 и 7 в 9.40s, расстояние: 0.471, требуется: 0.500
2025-09-23 15:13:00 - ROBOTY.collision - WARNING - Коллизия: роботы 4 и 8 в 9.50s, расстояние: 0.456, требуется: 0.500
2025-09-23 15:13:00 - ROBOTY.collision - WARNING - Коллизия: роботы 5 и 7 в 9.50s, расстояние: 0.471, требуется: 0.500
2025-09-23 15:13:00 - ROBOTY.collision - WARNING - Коллизия: роботы 4 и 8 в 9.60s, расстояние: 0.456, требуется: 0.500
2025-09-23 15:13:00 - ROBOTY.collision - WARNING - Коллизия: роботы 5 и 7 в 9.60s, расстояние: 0.471, требуется: 0.500
2025-09-23 15:13:00 - ROBOTY.collision - WARNING - Коллизия: роботы 4 и 8 в 9.70s, расстояние: 0.456, требуется: 0.500
2025-09-23 15:13:00 - ROBOTY.collision - WARNING - Коллизия: роботы 5 и 7 в 9.70s, расстояние: 0.471, требуется: 0.500
2025-09-23 15:13:00 - ROBOTY.collision - WARNING - Коллизия: роботы 4 и 8 в 9.80s, расстояние: 0.456, требуется: 0.500
2025-09-23 15:13:00 - ROBOTY.collision - WARNING - Коллизия: роботы 5 и 7 в 9.80s, расстояние: 0.471, требуется: 0.500
2025-09-23 15:13:00 - ROBOTY.collision - WARNING - Коллизия: роботы 4 и 8 в 9.90s, расстояние: 0.456, требуется: 0.500
2025-09-23 15:13:00 - ROBOTY.collision - WARNING - Коллизия: роботы 5 и 7 в 9.90s, расстояние: 0.471, требуется: 0.500
2025-09-23 15:13:00 - ROBOTY.collision - WARNING - Коллизия: роботы 4 и 8 в 10.00s, расстояние: 0.456, требуется: 0.500
2025-09-23 15:13:00 - ROBOTY.collision - WARNING - Коллизия: роботы 5 и 7 в 10.00s, расстояние: 0.471, требуется: 0.500
2025-09-23 15:13:00 - ROBOTY.collision - WARNING - Коллизия: роботы 4 и 8 в 10.10s, расстояние: 0.456, требуется: 0.500
2025-09-23 15:13:00 - ROBOTY.collision - WARNING - Коллизия: роботы 5 и 7 в 10.10s, расстояние: 0.471, требуется: 0.500
2025-09-23 15:13:00 - ROBOTY.collision - WARNING - Коллизия: роботы 4 и 8 в 10.20s, расстояние: 0.456, требуется: 0.500
2025-09-23 15:13:00 - ROBOTY.collision - WARNING - Коллизия: роботы 5 и 7 в 10.20s, расстояние: 0.471, требуется: 0.500
2025-09-23 15:13:00 - ROBOTY.collision - WARNING - Коллизия: роботы 4 и 8 в 10.30s, расстояние: 0.456, требуется: 0.500
2025-09-23 15:13:00 - ROBOTY.collision - WARNING - Коллизия: роботы 5 и 7 в 10.30s, расстояние: 0.471, требуется: 0.500
2025-09-23 15:13:00 - ROBOTY.collision - WARNING - Коллизия: роботы 4 и 8 в 10.40s, расстояние: 0.456, требуется: 0.500
2025-09-23 15:13:00 - ROBOTY.collision - WARNING - Коллизия: роботы 5 и 7 в 10.40s, расстояние: 0.471, требуется: 0.500
2025-09-23 15:13:00 - ROBOTY.collision - WARNING - Коллизия: роботы 4 и 8 в 10.50s, расстояние: 0.456, требуется: 0.500
2025-09-23 15:13:00 - ROBOTY.collision - WARNING - Коллизия: роботы 5 и 7 в 10.50s, расстояние: 0.471, требуется: 0.500
2025-09-23 15:13:00 - ROBOTY.collision - WARNING - Коллизия: роботы 4 и 8 в 10.60s, расстояние: 0.456, требуется: 0.500
2025-09-23 15:13:00 - ROBOTY.collision - WARNING - Коллизия: роботы 5 и 7 в 10.60s, расстояние: 0.471, требуется: 0.500
2025-09-23 15:13:00 - ROBOTY.collision - WARNING - Коллизия: роботы 4 и 8 в 10.70s, расстояние: 0.456, требуется: 0.500
2025-09-23 15:13:00 - ROBOTY.collision - WARNING - Коллизия: роботы 5 и 7 в 10.70s, расстояние: 0.471, требуется: 0.500
2025-09-23 15:13:00 - ROBOTY.collision - WARNING - Коллизия: роботы 4 и 8 в 10.80s, расстояние: 0.456, требуется: 0.500
2025-09-23 15:13:00 - ROBOTY.collision - WARNING - Коллизия: роботы 5 и 7 в 10.80s, расстояние: 0.471, требуется: 0.500
2025-09-23 15:13:00 - ROBOTY.collision - WARNING - Коллизия: роботы 4 и 8 в 10.90s, расстояние: 0.456, требуется: 0.500
2025-09-23 15:13:00 - ROBOTY.collision - WARNING - Коллизия: роботы 5 и 7 в 10.90s, расстояние: 0.471, требуется: 0.500
2025-09-23 15:13:00 - ROBOTY.collision - WARNING - Коллизия: роботы 6 и 8 в 10.90s, расстояние: 0.466, требуется: 0.500
2025-09-23 15:13:00 - ROBOTY.collision - WARNING - Коллизия: роботы 4 и 8 в 11.00s, расстояние: 0.456, требуется: 0.500
2025-09-23 15:13:00 - ROBOTY.collision - WARNING - Коллизия: роботы 5 и 7 в 11.00s, расстояние: 0.471, требуется: 0.500
2025-09-23 15:13:00 - ROBOTY.collision - WARNING - Коллизия: роботы 6 и 8 в 11.00s, расстояние: 0.455, требуется: 0.500
2025-09-23 15:13:00 - ROBOTY.collision - WARNING - Коллизия: роботы 4 и 8 в 11.10s, расстояние: 0.456, требуется: 0.500
2025-09-23 15:13:00 - ROBOTY.collision - WARNING - Коллизия: роботы 5 и 7 в 11.10s, расстояние: 0.471, требуется: 0.500
2025-09-23 15:13:00 - ROBOTY.collision - WARNING - Коллизия: роботы 6 и 8 в 11.10s, расстояние: 0.483, требуется: 0.500
2025-09-23 15:13:00 - ROBOTY.collision - WARNING - Коллизия: роботы 4 и 8 в 11.20s, расстояние: 0.456, требуется: 0.500
2025-09-23 15:13:00 - ROBOTY.collision - WARNING - Коллизия: роботы 5 и 7 в 11.20s, расстояние: 0.471, требуется: 0.500
2025-09-23 15:13:00 - ROBOTY.collision - WARNING - Коллизия: роботы 4 и 8 в 11.30s, расстояние: 0.456, требуется: 0.500
2025-09-23 15:13:00 - ROBOTY.collision - WARNING - Коллизия: роботы 5 и 7 в 11.30s, расстояние: 0.471, требуется: 0.500
2025-09-23 15:13:00 - ROBOTY.collision - WARNING - Коллизия: роботы 4 и 8 в 11.40s, расстояние: 0.456, требуется: 0.500
2025-09-23 15:13:00 - ROBOTY.collision - WARNING - Коллизия: роботы 5 и 7 в 11.40s, расстояние: 0.471, требуется: 0.500
2025-09-23 15:13:00 - ROBOTY.collision - WARNING - Коллизия: роботы 4 и 8 в 11.50s, расстояние: 0.456, требуется: 0.500
2025-09-23 15:13:00 - ROBOTY.collision - WARNING - Коллизия: роботы 5 и 7 в 11.50s, расстояние: 0.471, требуется: 0.500
2025-09-23 15:13:00 - ROBOTY.collision - WARNING - Коллизия: роботы 4 и 8 в 11.60s, расстояние: 0.456, требуется: 0.500
2025-09-23 15:13:00 - ROBOTY.collision - WARNING - Коллизия: роботы 5 и 7 в 11.60s, расстояние: 0.471, требуется: 0.500
2025-09-23 15:13:00 - ROBOTY.collision - WARNING - Коллизия: роботы 4 и 8 в 11.70s, расстояние: 0.456, требуется: 0.500
2025-09-23 15:13:00 - ROBOTY.collision - WARNING - Коллизия: роботы 5 и 7 в 11.70s, расстояние: 0.471, требуется: 0.500
2025-09-23 15:13:00 - ROBOTY.collision - WARNING - Коллизия: роботы 4 и 8 в 11.80s, расстояние: 0.456, требуется: 0.500
2025-09-23 15:13:00 - ROBOTY.collision - WARNING - Коллизия: роботы 5 и 7 в 11.80s, расстояние: 0.471, требуется: 0.500
2025-09-23 15:13:00 - ROBOTY.collision - WARNING - Коллизия: роботы 4 и 8 в 11.90s, расстояние: 0.456, требуется: 0.500
2025-09-23 15:13:00 - ROBOTY.collision - WARNING - Коллизия: роботы 5 и 7 в 11.90s, расстояние: 0.471, требуется: 0.500
2025-09-23 15:13:00 - ROBOTY.collision - WARNING - Коллизия: роботы 4 и 8 в 12.00s, расстояние: 0.456, требуется: 0.500
2025-09-23 15:13:00 - ROBOTY.collision - WARNING - Коллизия: роботы 5 и 7 в 12.00s, расстояние: 0.471, требуется: 0.500
2025-09-23 15:13:00 - ROBOTY.collision - WARNING - Коллизия: роботы 4 и 8 в 12.10s, расстояние: 0.456, требуется: 0.500
2025-09-23 15:13:00 - ROBOTY.collision - WARNING - Коллизия: роботы 5 и 7 в 12.10s, расстояние: 0.471, требуется: 0.500
2025-09-23 15:13:00 - ROBOTY.collision - WARNING - Коллизия: роботы 4 и 8 в 12.20s, расстояние: 0.456, требуется: 0.500
2025-09-23 15:13:00 - ROBOTY.collision - WARNING - Коллизия: роботы 5 и 7 в 12.20s, расстояние: 0.471, требуется: 0.500
2025-09-23 15:13:00 - ROBOTY.collision - WARNING - Коллизия: роботы 4 и 8 в 12.30s, расстояние: 0.358, требуется: 0.500
2025-09-23 15:13:00 - ROBOTY.collision - WARNING - Коллизия: роботы 5 и 7 в 12.30s, расстояние: 0.471, требуется: 0.500
2025-09-23 15:13:00 - ROBOTY.collision - WARNING - Коллизия: роботы 4 и 8 в 12.40s, расстояние: 0.432, требуется: 0.500
2025-09-23 15:13:00 - ROBOTY.collision - WARNING - Коллизия: роботы 5 и 7 в 12.40s, расстояние: 0.471, требуется: 0.500
2025-09-23 15:13:00 - ROBOTY.collision - WARNING - Коллизия: роботы 5 и 7 в 12.50s, расстояние: 0.471, требуется: 0.500
2025-09-23 15:13:00 - ROBOTY.collision - WARNING - Коллизия: роботы 5 и 7 в 12.60s, расстояние: 0.471, требуется: 0.500
2025-09-23 15:13:00 - ROBOTY.collision - WARNING - Коллизия: роботы 5 и 7 в 12.70s, расстояние: 0.449, требуется: 0.500
2025-09-23 15:13:00 - ROBOTY.collision - WARNING - Коллизия: роботы 5 и 7 в 12.80s, расстояние: 0.434, требуется: 0.500
2025-09-23 15:13:00 - ROBOTY.collision - WARNING - Коллизия: роботы 5 и 7 в 12.90s, расстояние: 0.460, требуется: 0.500
2025-09-23 15:13:00 - ROBOTY.collision - WARNING - Коллизия: роботы 5 и 7 в 15.90s, расстояние: 0.484, требуется: 0.500
2025-09-23 15:13:00 - ROBOTY.collision - WARNING - Коллизия: роботы 5 и 7 в 16.00s, расстояние: 0.492, требуется: 0.500
2025-09-23 15:13:00 - ROBOTY.collision - WARNING - Коллизия: роботы 1 и 8 в 21.40s, расстояние: 0.436, требуется: 0.500
2025-09-23 15:13:00 - ROBOTY.collision - WARNING - Коллизия: роботы 1 и 8 в 21.50s, расстояние: 0.344, требуется: 0.500
2025-09-23 15:13:00 - ROBOTY.collision - WARNING - Коллизия: роботы 1 и 8 в 21.60s, расстояние: 0.296, требуется: 0.500
2025-09-23 15:13:00 - ROBOTY.collision - WARNING - Коллизия: роботы 1 и 8 в 21.70s, расстояние: 0.311, требуется: 0.500
2025-09-23 15:13:00 - ROBOTY.collision - WARNING - Коллизия: роботы 1 и 8 в 21.80s, расстояние: 0.383, требуется: 0.500
2025-09-23 15:13:00 - ROBOTY.collision - WARNING - Коллизия: роботы 1 и 8 в 21.90s, расстояние: 0.486, требуется: 0.500
2025-09-23 15:13:00 - ROBOTY.collision - WARNING - Коллизия: роботы 7 и 8 в 34.90s, расстояние: 0.410, требуется: 0.500
2025-09-23 15:13:00 - ROBOTY.collision - WARNING - Коллизия: роботы 7 и 8 в 35.00s, расстояние: 0.268, требуется: 0.500
2025-09-23 15:13:00 - ROBOTY.collision - WARNING - Коллизия: роботы 7 и 8 в 35.10s, расстояние: 0.287, требуется: 0.500
2025-09-23 15:13:00 - ROBOTY.collision - WARNING - Коллизия: роботы 7 и 8 в 35.20s, расстояние: 0.447, требуется: 0.500
2025-09-23 15:13:00 - ROBOTY.collision - ERROR - Обнаружено 105 коллизий
2025-09-23 15:13:00 - ROBOTY.main - WARNING - Коллизии сохраняются после вставки пауз
2025-09-23 15:13:01 - ROBOTY.main - INFO - Открытие визуализатора
2025-09-23 15:13:01 - ROBOTY.visualizer - INFO - Запуск визуализации типа: 3d
2025-09-23 15:13:01 - ROBOTY.visualizer - INFO - Создание 3D визуализации траекторий
2025-09-23 15:13:01 - ROBOTY.visualizer - INFO - 3D визуализация создана
2025-09-23 15:13:01 - ROBOTY.visualizer - INFO - Визуализация сохранена в файл: C:\Users\22200490\.cursor\ROBOTY\viz\..\outputs\visualizations\visualization_3d_20250923_151301.html
2025-09-23 15:13:02 - ROBOTY.visualizer - INFO - Визуализация открыта в браузере
2025-09-23 15:13:02 - ROBOTY.main - INFO - Визуализация успешно завершена
