2025-09-26 11:31:49 - ROBOTY.main - INFO - Запуск приложения ROBOTY
2025-09-26 11:31:49 - ROBOTY.main - INFO - Применена тема: dark
2025-09-26 11:31:49 - ROBOTY.main - INFO - Интерфейс инициализирован
2025-09-26 11:31:49 - ROBOTY.main - INFO - Приложение успешно запущено
2025-09-26 11:31:56 - ROBOTY.main - INFO - Создан входной файл: C:\Users\22200490\.cursor\ROBOTY-main\data\input_20250926_113151.json
2025-09-26 11:31:56 - ROBOTY.parser - INFO - Начинаем загрузку файла: C:\Users\22200490\.cursor\ROBOTY-main\data\input_20250926_113151.json
2025-09-26 11:31:56 - ROBOTY.parser - INFO - Файл C:\Users\22200490\.cursor\ROBOTY-main\data\input_20250926_113151.json успешно загружен
2025-09-26 11:31:56 - ROBOTY.parser - DEBUG - Робот 1 успешно загружен
2025-09-26 11:31:56 - ROBOTY.parser - DEBUG - Операция 1 успешно загружена
2025-09-26 11:31:56 - ROBOTY.parser - DEBUG - Операция 2 успешно загружена
2025-09-26 11:31:56 - ROBOTY.parser - DEBUG - Операция 3 успешно загружена
2025-09-26 11:31:56 - ROBOTY.parser - DEBUG - Операция 4 успешно загружена
2025-09-26 11:31:56 - ROBOTY.parser - DEBUG - Операция 5 успешно загружена
2025-09-26 11:31:56 - ROBOTY.parser - DEBUG - Операция 6 успешно загружена
2025-09-26 11:31:56 - ROBOTY.parser - DEBUG - Операция 7 успешно загружена
2025-09-26 11:31:56 - ROBOTY.parser - DEBUG - Операция 8 успешно загружена
2025-09-26 11:31:56 - ROBOTY.parser - DEBUG - Операция 9 успешно загружена
2025-09-26 11:31:56 - ROBOTY.parser - DEBUG - Операция 10 успешно загружена
2025-09-26 11:31:56 - ROBOTY.parser - DEBUG - Операция 11 успешно загружена
2025-09-26 11:31:56 - ROBOTY.parser - DEBUG - Операция 12 успешно загружена
2025-09-26 11:31:56 - ROBOTY.parser - DEBUG - Операция 13 успешно загружена
2025-09-26 11:31:56 - ROBOTY.parser - DEBUG - Операция 14 успешно загружена
2025-09-26 11:31:56 - ROBOTY.parser - DEBUG - Операция 15 успешно загружена
2025-09-26 11:31:56 - ROBOTY.parser - DEBUG - Операция 16 успешно загружена
2025-09-26 11:31:56 - ROBOTY.parser - DEBUG - Операция 17 успешно загружена
2025-09-26 11:31:56 - ROBOTY.parser - DEBUG - Операция 18 успешно загружена
2025-09-26 11:31:56 - ROBOTY.parser - DEBUG - Операция 19 успешно загружена
2025-09-26 11:31:56 - ROBOTY.parser - DEBUG - Операция 20 успешно загружена
2025-09-26 11:31:56 - ROBOTY.parser - DEBUG - Операция 21 успешно загружена
2025-09-26 11:31:56 - ROBOTY.parser - DEBUG - Операция 22 успешно загружена
2025-09-26 11:31:56 - ROBOTY.parser - DEBUG - Операция 23 успешно загружена
2025-09-26 11:31:56 - ROBOTY.parser - DEBUG - Операция 24 успешно загружена
2025-09-26 11:31:56 - ROBOTY.parser - DEBUG - Операция 25 успешно загружена
2025-09-26 11:31:56 - ROBOTY.parser - DEBUG - Операция 26 успешно загружена
2025-09-26 11:31:56 - ROBOTY.parser - DEBUG - Операция 27 успешно загружена
2025-09-26 11:31:56 - ROBOTY.parser - DEBUG - Операция 28 успешно загружена
2025-09-26 11:31:56 - ROBOTY.parser - DEBUG - Операция 29 успешно загружена
2025-09-26 11:31:56 - ROBOTY.parser - DEBUG - Операция 30 успешно загружена
2025-09-26 11:31:56 - ROBOTY.parser - INFO - Загружено 1 роботов и 30 операций
2025-09-26 11:32:03 - ROBOTY.main - INFO - Запуск планировщика
2025-09-26 11:32:03 - ROBOTY.planner - INFO - Запуск планировщика траекторий
2025-09-26 11:32:03 - ROBOTY.assigner - INFO - Начинаем назначение операций методом: balanced
2025-09-26 11:32:03 - ROBOTY.assigner - DEBUG - Операция 0 назначена роботу 0 (нагрузка: 11.52)
2025-09-26 11:32:03 - ROBOTY.assigner - DEBUG - Операция 1 назначена роботу 0 (нагрузка: 22.52)
2025-09-26 11:32:03 - ROBOTY.assigner - DEBUG - Операция 2 назначена роботу 0 (нагрузка: 31.40)
2025-09-26 11:32:03 - ROBOTY.assigner - DEBUG - Операция 3 назначена роботу 0 (нагрузка: 43.23)
2025-09-26 11:32:03 - ROBOTY.assigner - DEBUG - Операция 4 назначена роботу 0 (нагрузка: 55.44)
2025-09-26 11:32:03 - ROBOTY.assigner - DEBUG - Операция 5 назначена роботу 0 (нагрузка: 64.12)
2025-09-26 11:32:03 - ROBOTY.assigner - DEBUG - Операция 6 назначена роботу 0 (нагрузка: 71.17)
2025-09-26 11:32:03 - ROBOTY.assigner - DEBUG - Операция 7 назначена роботу 0 (нагрузка: 82.87)
2025-09-26 11:32:03 - ROBOTY.assigner - DEBUG - Операция 8 назначена роботу 0 (нагрузка: 91.36)
2025-09-26 11:32:03 - ROBOTY.assigner - DEBUG - Операция 9 назначена роботу 0 (нагрузка: 99.99)
2025-09-26 11:32:03 - ROBOTY.assigner - DEBUG - Операция 10 назначена роботу 0 (нагрузка: 109.29)
2025-09-26 11:32:03 - ROBOTY.assigner - DEBUG - Операция 11 назначена роботу 0 (нагрузка: 119.54)
2025-09-26 11:32:03 - ROBOTY.assigner - DEBUG - Операция 12 назначена роботу 0 (нагрузка: 129.28)
2025-09-26 11:32:03 - ROBOTY.assigner - DEBUG - Операция 13 назначена роботу 0 (нагрузка: 138.75)
2025-09-26 11:32:03 - ROBOTY.assigner - DEBUG - Операция 14 назначена роботу 0 (нагрузка: 151.55)
2025-09-26 11:32:03 - ROBOTY.assigner - DEBUG - Операция 15 назначена роботу 0 (нагрузка: 160.53)
2025-09-26 11:32:03 - ROBOTY.assigner - DEBUG - Операция 16 назначена роботу 0 (нагрузка: 167.97)
2025-09-26 11:32:03 - ROBOTY.assigner - DEBUG - Операция 17 назначена роботу 0 (нагрузка: 177.67)
2025-09-26 11:32:03 - ROBOTY.assigner - DEBUG - Операция 18 назначена роботу 0 (нагрузка: 185.98)
2025-09-26 11:32:03 - ROBOTY.assigner - DEBUG - Операция 19 назначена роботу 0 (нагрузка: 192.64)
2025-09-26 11:32:03 - ROBOTY.assigner - DEBUG - Операция 20 назначена роботу 0 (нагрузка: 198.60)
2025-09-26 11:32:03 - ROBOTY.assigner - DEBUG - Операция 21 назначена роботу 0 (нагрузка: 209.88)
2025-09-26 11:32:03 - ROBOTY.assigner - DEBUG - Операция 22 назначена роботу 0 (нагрузка: 219.52)
2025-09-26 11:32:03 - ROBOTY.assigner - DEBUG - Операция 23 назначена роботу 0 (нагрузка: 229.83)
2025-09-26 11:32:03 - ROBOTY.assigner - DEBUG - Операция 24 назначена роботу 0 (нагрузка: 236.66)
2025-09-26 11:32:03 - ROBOTY.assigner - DEBUG - Операция 25 назначена роботу 0 (нагрузка: 247.25)
2025-09-26 11:32:03 - ROBOTY.assigner - DEBUG - Операция 26 назначена роботу 0 (нагрузка: 255.99)
2025-09-26 11:32:03 - ROBOTY.assigner - DEBUG - Операция 27 назначена роботу 0 (нагрузка: 264.59)
2025-09-26 11:32:03 - ROBOTY.assigner - DEBUG - Операция 28 назначена роботу 0 (нагрузка: 272.06)
2025-09-26 11:32:03 - ROBOTY.assigner - DEBUG - Операция 29 назначена роботу 0 (нагрузка: 283.13)
2025-09-26 11:32:03 - ROBOTY.assigner - INFO - Распределено 30 операций с балансировкой нагрузки
2025-09-26 11:32:03 - ROBOTY.assigner - INFO - Итоговые нагрузки роботов: ['283.13']
2025-09-26 11:32:03 - ROBOTY.assigner - INFO - Робот 0: 30 операций, нагрузка 283.13
2025-09-26 11:32:03 - ROBOTY.planner - INFO - Операции назначены методом: balanced
2025-09-26 11:32:03 - ROBOTY.planner - INFO - Планирование траектории для робота 1 (ID: 1) с 30 операциями
2025-09-26 11:32:03 - ROBOTY.planner - DEBUG - Планирование траектории для робота с 30 операциями
2025-09-26 11:32:03 - ROBOTY.planner - DEBUG - Операция 1 запланирована, время завершения: 13.38
2025-09-26 11:32:03 - ROBOTY.planner - DEBUG - Операция 2 запланирована, время завершения: 26.48
2025-09-26 11:32:03 - ROBOTY.planner - DEBUG - Операция 3 запланирована, время завершения: 38.05
2025-09-26 11:32:03 - ROBOTY.planner - DEBUG - Операция 4 запланирована, время завершения: 51.80
2025-09-26 11:32:03 - ROBOTY.planner - DEBUG - Операция 5 запланирована, время завершения: 62.20
2025-09-26 11:32:03 - ROBOTY.planner - DEBUG - Операция 6 запланирована, время завершения: 71.45
2025-09-26 11:32:03 - ROBOTY.planner - DEBUG - Операция 7 запланирована, время завершения: 78.14
2025-09-26 11:32:03 - ROBOTY.planner - DEBUG - Операция 8 запланирована, время завершения: 93.98
2025-09-26 11:32:03 - ROBOTY.planner - DEBUG - Операция 9 запланирована, время завершения: 102.56
2025-09-26 11:32:03 - ROBOTY.planner - DEBUG - Операция 10 запланирована, время завершения: 111.21
2025-09-26 11:32:03 - ROBOTY.planner - DEBUG - Операция 11 запланирована, время завершения: 121.89
2025-09-26 11:32:03 - ROBOTY.planner - DEBUG - Операция 12 запланирована, время завершения: 129.52
2025-09-26 11:32:03 - ROBOTY.planner - DEBUG - Операция 13 запланирована, время завершения: 135.57
2025-09-26 11:32:03 - ROBOTY.planner - DEBUG - Операция 14 запланирована, время завершения: 142.78
2025-09-26 11:32:03 - ROBOTY.planner - DEBUG - Операция 15 запланирована, время завершения: 154.58
2025-09-26 11:32:03 - ROBOTY.planner - DEBUG - Операция 16 запланирована, время завершения: 165.22
2025-09-26 11:32:03 - ROBOTY.planner - DEBUG - Операция 17 запланирована, время завершения: 171.94
2025-09-26 11:32:03 - ROBOTY.planner - DEBUG - Операция 18 запланирована, время завершения: 185.19
2025-09-26 11:32:03 - ROBOTY.planner - DEBUG - Операция 19 запланирована, время завершения: 193.09
2025-09-26 11:32:03 - ROBOTY.planner - DEBUG - Операция 20 запланирована, время завершения: 201.09
2025-09-26 11:32:03 - ROBOTY.planner - DEBUG - Операция 21 запланирована, время завершения: 210.08
2025-09-26 11:32:03 - ROBOTY.planner - DEBUG - Операция 22 запланирована, время завершения: 222.56
2025-09-26 11:32:03 - ROBOTY.planner - DEBUG - Операция 23 запланирована, время завершения: 230.19
2025-09-26 11:32:03 - ROBOTY.planner - DEBUG - Операция 24 запланирована, время завершения: 242.95
2025-09-26 11:32:03 - ROBOTY.planner - DEBUG - Операция 25 запланирована, время завершения: 253.96
2025-09-26 11:32:03 - ROBOTY.planner - DEBUG - Операция 26 запланирована, время завершения: 268.04
2025-09-26 11:32:03 - ROBOTY.planner - DEBUG - Операция 27 запланирована, время завершения: 278.64
2025-09-26 11:32:03 - ROBOTY.planner - DEBUG - Операция 28 запланирована, время завершения: 290.32
2025-09-26 11:32:03 - ROBOTY.planner - DEBUG - Операция 29 запланирована, время завершения: 297.45
2025-09-26 11:32:03 - ROBOTY.planner - DEBUG - Операция 30 запланирована, время завершения: 307.23
2025-09-26 11:32:03 - ROBOTY.planner - INFO - Траектория робота запланирована, общее время: 307.23
2025-09-26 11:32:03 - ROBOTY.planner - INFO - Робот 1: траектория содержит 720 точек
2025-09-26 11:32:03 - ROBOTY.planner - INFO - Планирование завершено. Makespan: 307.23
2025-09-26 11:32:03 - ROBOTY.main - INFO - Планировщик успешно завершил работу
2025-09-26 11:32:03 - ROBOTY.collision - INFO - Начинаем детальную проверку коллизий
2025-09-26 11:32:03 - ROBOTY.collision - INFO - Недостаточно роботов для проверки коллизий
2025-09-26 11:32:03 - ROBOTY.main - INFO - Коллизий не обнаружено
2025-09-26 11:32:06 - ROBOTY.main - INFO - Открытие визуализатора
2025-09-26 11:32:06 - ROBOTY.main - INFO - Визуализация успешно завершена
2025-09-26 11:32:06 - ROBOTY.visualizer - INFO - Запуск визуализации типа: 3d_anim
2025-09-26 11:32:06 - ROBOTY.visualizer - INFO - Создание 3D анимации траекторий
2025-09-26 11:32:06 - ROBOTY.visualizer - INFO - Создание 3D визуализации траекторий
2025-09-26 11:32:06 - ROBOTY.visualizer - INFO - 3D визуализация создана
2025-09-26 11:32:07 - ROBOTY.mesh_loader - INFO - OBJ загружен: 1758706684_68d3bbfcdbb32.obj, вершин=48087, треугольников=96202
2025-09-26 11:32:10 - ROBOTY.visualizer - INFO - Визуализация записана во временный файл: C:\Users\22200490\AppData\Local\Temp\tmp4u6jo23n_viz_3d_anim.html
2025-09-26 11:32:10 - ROBOTY.visualizer - INFO - Визуализация открыта в браузере из временного файла
2025-09-26 11:32:10 - ROBOTY.main - INFO - Визуализация успешно завершена (в фоне, временный файл будет удалён автоматически)
2025-09-26 11:33:11 - ROBOTY.visualizer - INFO - Временный файл визуализации удалён: C:\Users\22200490\AppData\Local\Temp\tmp4u6jo23n_viz_3d_anim.html
