2025-09-27 09:06:43 - ROBOTY.main - INFO - Запуск приложения ROBOTY
2025-09-27 09:06:43 - ROBOTY.main - INFO - Применена тема: dark
2025-09-27 09:06:43 - ROBOTY.main - INFO - Интерфейс инициализирован
2025-09-27 09:06:43 - ROBOTY.main - INFO - Приложение успешно запущено
2025-09-27 09:06:51 - ROBOTY.main - INFO - Создан входной файл: C:\Users\22200490\.cursor\ROBOTY-main\data\input_20250927_090646.json
2025-09-27 09:06:51 - ROBOTY.parser - INFO - Начинаем загрузку файла: C:\Users\22200490\.cursor\ROBOTY-main\data\input_20250927_090646.json
2025-09-27 09:06:52 - ROBOTY.parser - INFO - Файл C:\Users\22200490\.cursor\ROBOTY-main\data\input_20250927_090646.json успешно загружен
2025-09-27 09:06:52 - ROBOTY.parser - DEBUG - Робот 1 успешно загружен
2025-09-27 09:06:52 - ROBOTY.parser - DEBUG - Операция 1 успешно загружена
2025-09-27 09:06:52 - ROBOTY.parser - DEBUG - Операция 2 успешно загружена
2025-09-27 09:06:52 - ROBOTY.parser - DEBUG - Операция 3 успешно загружена
2025-09-27 09:06:52 - ROBOTY.parser - DEBUG - Операция 4 успешно загружена
2025-09-27 09:06:52 - ROBOTY.parser - DEBUG - Операция 5 успешно загружена
2025-09-27 09:06:52 - ROBOTY.parser - DEBUG - Операция 6 успешно загружена
2025-09-27 09:06:52 - ROBOTY.parser - DEBUG - Операция 7 успешно загружена
2025-09-27 09:06:52 - ROBOTY.parser - DEBUG - Операция 8 успешно загружена
2025-09-27 09:06:52 - ROBOTY.parser - DEBUG - Операция 9 успешно загружена
2025-09-27 09:06:52 - ROBOTY.parser - DEBUG - Операция 10 успешно загружена
2025-09-27 09:06:52 - ROBOTY.parser - DEBUG - Операция 11 успешно загружена
2025-09-27 09:06:52 - ROBOTY.parser - DEBUG - Операция 12 успешно загружена
2025-09-27 09:06:52 - ROBOTY.parser - DEBUG - Операция 13 успешно загружена
2025-09-27 09:06:52 - ROBOTY.parser - DEBUG - Операция 14 успешно загружена
2025-09-27 09:06:52 - ROBOTY.parser - DEBUG - Операция 15 успешно загружена
2025-09-27 09:06:52 - ROBOTY.parser - DEBUG - Операция 16 успешно загружена
2025-09-27 09:06:52 - ROBOTY.parser - DEBUG - Операция 17 успешно загружена
2025-09-27 09:06:52 - ROBOTY.parser - DEBUG - Операция 18 успешно загружена
2025-09-27 09:06:52 - ROBOTY.parser - DEBUG - Операция 19 успешно загружена
2025-09-27 09:06:52 - ROBOTY.parser - DEBUG - Операция 20 успешно загружена
2025-09-27 09:06:52 - ROBOTY.parser - DEBUG - Операция 21 успешно загружена
2025-09-27 09:06:52 - ROBOTY.parser - DEBUG - Операция 22 успешно загружена
2025-09-27 09:06:52 - ROBOTY.parser - DEBUG - Операция 23 успешно загружена
2025-09-27 09:06:52 - ROBOTY.parser - DEBUG - Операция 24 успешно загружена
2025-09-27 09:06:52 - ROBOTY.parser - DEBUG - Операция 25 успешно загружена
2025-09-27 09:06:52 - ROBOTY.parser - INFO - Загружено 1 роботов и 25 операций
2025-09-27 09:07:03 - ROBOTY.main - INFO - Запуск планировщика
2025-09-27 09:07:03 - ROBOTY.planner - INFO - Запуск планировщика траекторий
2025-09-27 09:07:03 - ROBOTY.assigner - INFO - Начинаем назначение операций методом: balanced
2025-09-27 09:07:03 - ROBOTY.assigner - DEBUG - Операция 0 назначена роботу 0 (нагрузка: 17.37)
2025-09-27 09:07:03 - ROBOTY.assigner - DEBUG - Операция 1 назначена роботу 0 (нагрузка: 32.60)
2025-09-27 09:07:03 - ROBOTY.assigner - DEBUG - Операция 2 назначена роботу 0 (нагрузка: 36.80)
2025-09-27 09:07:03 - ROBOTY.assigner - DEBUG - Операция 3 назначена роботу 0 (нагрузка: 54.24)
2025-09-27 09:07:03 - ROBOTY.assigner - DEBUG - Операция 4 назначена роботу 0 (нагрузка: 66.10)
2025-09-27 09:07:03 - ROBOTY.assigner - DEBUG - Операция 5 назначена роботу 0 (нагрузка: 75.46)
2025-09-27 09:07:03 - ROBOTY.assigner - DEBUG - Операция 6 назначена роботу 0 (нагрузка: 90.87)
2025-09-27 09:07:03 - ROBOTY.assigner - DEBUG - Операция 7 назначена роботу 0 (нагрузка: 102.80)
2025-09-27 09:07:03 - ROBOTY.assigner - DEBUG - Операция 8 назначена роботу 0 (нагрузка: 124.49)
2025-09-27 09:07:03 - ROBOTY.assigner - DEBUG - Операция 9 назначена роботу 0 (нагрузка: 142.14)
2025-09-27 09:07:03 - ROBOTY.assigner - DEBUG - Операция 10 назначена роботу 0 (нагрузка: 155.01)
2025-09-27 09:07:03 - ROBOTY.assigner - DEBUG - Операция 11 назначена роботу 0 (нагрузка: 173.32)
2025-09-27 09:07:03 - ROBOTY.assigner - DEBUG - Операция 12 назначена роботу 0 (нагрузка: 193.77)
2025-09-27 09:07:03 - ROBOTY.assigner - DEBUG - Операция 13 назначена роботу 0 (нагрузка: 205.40)
2025-09-27 09:07:03 - ROBOTY.assigner - DEBUG - Операция 14 назначена роботу 0 (нагрузка: 217.81)
2025-09-27 09:07:03 - ROBOTY.assigner - DEBUG - Операция 15 назначена роботу 0 (нагрузка: 233.92)
2025-09-27 09:07:03 - ROBOTY.assigner - DEBUG - Операция 16 назначена роботу 0 (нагрузка: 246.90)
2025-09-27 09:07:03 - ROBOTY.assigner - DEBUG - Операция 17 назначена роботу 0 (нагрузка: 260.26)
2025-09-27 09:07:03 - ROBOTY.assigner - DEBUG - Операция 18 назначена роботу 0 (нагрузка: 268.24)
2025-09-27 09:07:03 - ROBOTY.assigner - DEBUG - Операция 19 назначена роботу 0 (нагрузка: 282.27)
2025-09-27 09:07:03 - ROBOTY.assigner - DEBUG - Операция 20 назначена роботу 0 (нагрузка: 303.31)
2025-09-27 09:07:03 - ROBOTY.assigner - DEBUG - Операция 21 назначена роботу 0 (нагрузка: 326.74)
2025-09-27 09:07:03 - ROBOTY.assigner - DEBUG - Операция 22 назначена роботу 0 (нагрузка: 349.36)
2025-09-27 09:07:03 - ROBOTY.assigner - DEBUG - Операция 23 назначена роботу 0 (нагрузка: 359.36)
2025-09-27 09:07:03 - ROBOTY.assigner - DEBUG - Операция 24 назначена роботу 0 (нагрузка: 373.80)
2025-09-27 09:07:03 - ROBOTY.assigner - INFO - Распределено 25 операций с балансировкой нагрузки
2025-09-27 09:07:03 - ROBOTY.assigner - INFO - Итоговые нагрузки роботов: ['373.80']
2025-09-27 09:07:03 - ROBOTY.assigner - INFO - Робот 0: 25 операций, нагрузка 373.80
2025-09-27 09:07:03 - ROBOTY.planner - INFO - Операции назначены методом: balanced
2025-09-27 09:07:03 - ROBOTY.planner - INFO - Планирование траектории для робота 1 (ID: 1) с 25 операциями
2025-09-27 09:07:03 - ROBOTY.planner - DEBUG - Планирование траектории для робота с 25 операциями
2025-09-27 09:07:03 - ROBOTY.planner - DEBUG - Операция 1 запланирована, время завершения: 18.87
2025-09-27 09:07:03 - ROBOTY.planner - DEBUG - Операция 2 запланирована, время завершения: 31.03
2025-09-27 09:07:03 - ROBOTY.planner - DEBUG - Операция 3 запланирована, время завершения: 44.38
2025-09-27 09:07:03 - ROBOTY.planner - DEBUG - Операция 4 запланирована, время завершения: 61.43
2025-09-27 09:07:03 - ROBOTY.planner - DEBUG - Операция 5 запланирована, время завершения: 80.64
2025-09-27 09:07:03 - ROBOTY.planner - DEBUG - Операция 6 запланирована, время завершения: 92.48
2025-09-27 09:07:03 - ROBOTY.planner - DEBUG - Операция 7 запланирована, время завершения: 108.59
2025-09-27 09:07:03 - ROBOTY.planner - DEBUG - Операция 8 запланирована, время завершения: 117.45
2025-09-27 09:07:03 - ROBOTY.planner - DEBUG - Операция 9 запланирована, время завершения: 141.42
2025-09-27 09:07:03 - ROBOTY.planner - DEBUG - Операция 10 запланирована, время завершения: 155.73
2025-09-27 09:07:03 - ROBOTY.planner - DEBUG - Операция 11 запланирована, время завершения: 169.74
2025-09-27 09:07:03 - ROBOTY.planner - DEBUG - Операция 12 запланирована, время завершения: 194.35
2025-09-27 09:07:03 - ROBOTY.planner - DEBUG - Операция 13 запланирована, время завершения: 213.29
2025-09-27 09:07:03 - ROBOTY.planner - DEBUG - Операция 14 запланирована, время завершения: 233.42
2025-09-27 09:07:03 - ROBOTY.planner - DEBUG - Операция 15 запланирована, время завершения: 250.33
2025-09-27 09:07:03 - ROBOTY.planner - DEBUG - Операция 16 запланирована, время завершения: 260.05
2025-09-27 09:07:03 - ROBOTY.planner - DEBUG - Операция 17 запланирована, время завершения: 268.44
2025-09-27 09:07:03 - ROBOTY.planner - DEBUG - Операция 18 запланирована, время завершения: 279.17
2025-09-27 09:07:03 - ROBOTY.planner - DEBUG - Операция 19 запланирована, время завершения: 288.43
2025-09-27 09:07:03 - ROBOTY.planner - DEBUG - Операция 20 запланирована, время завершения: 304.80
2025-09-27 09:07:03 - ROBOTY.planner - DEBUG - Операция 21 запланирована, время завершения: 320.29
2025-09-27 09:07:03 - ROBOTY.planner - DEBUG - Операция 22 запланирована, время завершения: 340.08
2025-09-27 09:07:03 - ROBOTY.planner - DEBUG - Операция 23 запланирована, время завершения: 363.39
2025-09-27 09:07:03 - ROBOTY.planner - DEBUG - Операция 24 запланирована, время завершения: 377.25
2025-09-27 09:07:03 - ROBOTY.planner - DEBUG - Операция 25 запланирована, время завершения: 388.54
2025-09-27 09:07:03 - ROBOTY.planner - INFO - Траектория робота запланирована, общее время: 388.54
2025-09-27 09:07:03 - ROBOTY.planner - INFO - Робот 1: траектория содержит 600 точек
2025-09-27 09:07:03 - ROBOTY.planner - INFO - Планирование завершено. Makespan: 388.54
2025-09-27 09:07:03 - ROBOTY.main - INFO - Планировщик успешно завершил работу
2025-09-27 09:07:03 - ROBOTY.collision - INFO - Начинаем детальную проверку коллизий
2025-09-27 09:07:03 - ROBOTY.collision - INFO - Недостаточно роботов для проверки коллизий
2025-09-27 09:07:03 - ROBOTY.main - INFO - Коллизий не обнаружено
2025-09-27 09:07:05 - ROBOTY.main - INFO - Открытие визуализатора
2025-09-27 09:07:05 - ROBOTY.main - INFO - Визуализация успешно завершена
2025-09-27 09:07:05 - ROBOTY.visualizer - INFO - Запуск визуализации типа: 3d_anim
2025-09-27 09:07:05 - ROBOTY.visualizer - INFO - Создание 3D анимации траекторий
2025-09-27 09:07:05 - ROBOTY.visualizer - INFO - Создание 3D визуализации траекторий
2025-09-27 09:07:05 - ROBOTY.visualizer - INFO - 3D визуализация создана
2025-09-27 09:07:05 - ROBOTY.mesh_loader - INFO - OBJ загружен: assets/robots/hand_ultra_simple.obj, вершин=85, треугольников=218
2025-09-27 09:07:08 - ROBOTY.visualizer - INFO - Визуализация записана во временный файл: C:\Users\22200490\AppData\Local\Temp\tmpe1b3m31n_viz_3d_anim.html
2025-09-27 09:07:08 - ROBOTY.visualizer - INFO - Визуализация открыта в браузере из временного файла
2025-09-27 09:07:08 - ROBOTY.main - INFO - Визуализация успешно завершена (в фоне, временный файл будет удалён автоматически)
2025-09-27 09:07:35 - ROBOTY.visualizer - INFO - Временный файл визуализации удалён: C:\Users\22200490\AppData\Local\Temp\tmpe1b3m31n_viz_3d_anim.html
