2025-09-27 08:28:01 - ROBOTY.main - INFO - Запуск приложения ROBOTY
2025-09-27 08:28:01 - ROBOTY.main - INFO - Применена тема: dark
2025-09-27 08:28:01 - ROBOTY.main - INFO - Интерфейс инициализирован
2025-09-27 08:28:01 - ROBOTY.main - INFO - Приложение успешно запущено
2025-09-27 08:28:03 - ROBOTY.main - INFO - Начинаем загрузку файла
2025-09-27 08:28:05 - ROBOTY.main - INFO - Загружаем файл: /Users/maksimchernukha/Documents/ROBOTY/data/input_20250920_200054.json
2025-09-27 08:28:05 - ROBOTY.parser - INFO - Начинаем загрузку файла: /Users/maksimchernukha/Documents/ROBOTY/data/input_20250920_200054.json
2025-09-27 08:28:05 - ROBOTY.parser - INFO - Файл /Users/maksimchernukha/Documents/ROBOTY/data/input_20250920_200054.json успешно загружен
2025-09-27 08:28:05 - ROBOTY.parser - DEBUG - Робот 1 успешно загружен
2025-09-27 08:28:05 - ROBOTY.parser - DEBUG - Робот 2 успешно загружен
2025-09-27 08:28:05 - ROBOTY.parser - DEBUG - Операция 1 успешно загружена
2025-09-27 08:28:05 - ROBOTY.parser - DEBUG - Операция 2 успешно загружена
2025-09-27 08:28:05 - ROBOTY.parser - DEBUG - Операция 3 успешно загружена
2025-09-27 08:28:05 - ROBOTY.parser - DEBUG - Операция 4 успешно загружена
2025-09-27 08:28:05 - ROBOTY.parser - DEBUG - Операция 5 успешно загружена
2025-09-27 08:28:05 - ROBOTY.parser - DEBUG - Операция 6 успешно загружена
2025-09-27 08:28:05 - ROBOTY.parser - DEBUG - Операция 7 успешно загружена
2025-09-27 08:28:05 - ROBOTY.parser - DEBUG - Операция 8 успешно загружена
2025-09-27 08:28:05 - ROBOTY.parser - DEBUG - Операция 9 успешно загружена
2025-09-27 08:28:05 - ROBOTY.parser - DEBUG - Операция 10 успешно загружена
2025-09-27 08:28:05 - ROBOTY.parser - DEBUG - Операция 11 успешно загружена
2025-09-27 08:28:05 - ROBOTY.parser - DEBUG - Операция 12 успешно загружена
2025-09-27 08:28:05 - ROBOTY.parser - DEBUG - Операция 13 успешно загружена
2025-09-27 08:28:05 - ROBOTY.parser - DEBUG - Операция 14 успешно загружена
2025-09-27 08:28:05 - ROBOTY.parser - DEBUG - Операция 15 успешно загружена
2025-09-27 08:28:05 - ROBOTY.parser - DEBUG - Операция 16 успешно загружена
2025-09-27 08:28:05 - ROBOTY.parser - DEBUG - Операция 17 успешно загружена
2025-09-27 08:28:05 - ROBOTY.parser - DEBUG - Операция 18 успешно загружена
2025-09-27 08:28:05 - ROBOTY.parser - DEBUG - Операция 19 успешно загружена
2025-09-27 08:28:05 - ROBOTY.parser - DEBUG - Операция 20 успешно загружена
2025-09-27 08:28:05 - ROBOTY.parser - DEBUG - Операция 21 успешно загружена
2025-09-27 08:28:05 - ROBOTY.parser - DEBUG - Операция 22 успешно загружена
2025-09-27 08:28:05 - ROBOTY.parser - DEBUG - Операция 23 успешно загружена
2025-09-27 08:28:05 - ROBOTY.parser - DEBUG - Операция 24 успешно загружена
2025-09-27 08:28:05 - ROBOTY.parser - DEBUG - Операция 25 успешно загружена
2025-09-27 08:28:05 - ROBOTY.parser - DEBUG - Операция 26 успешно загружена
2025-09-27 08:28:05 - ROBOTY.parser - DEBUG - Операция 27 успешно загружена
2025-09-27 08:28:05 - ROBOTY.parser - DEBUG - Операция 28 успешно загружена
2025-09-27 08:28:05 - ROBOTY.parser - DEBUG - Операция 29 успешно загружена
2025-09-27 08:28:05 - ROBOTY.parser - DEBUG - Операция 30 успешно загружена
2025-09-27 08:28:05 - ROBOTY.parser - INFO - Загружено 2 роботов и 30 операций
2025-09-27 08:28:05 - ROBOTY.main - INFO - Файл успешно загружен и распарсен
2025-09-27 08:28:06 - ROBOTY.main - INFO - Запуск планировщика
2025-09-27 08:28:06 - ROBOTY.planner - INFO - Запуск планировщика траекторий
2025-09-27 08:28:06 - ROBOTY.assigner - INFO - Начинаем назначение операций методом: balanced
2025-09-27 08:28:06 - ROBOTY.assigner - DEBUG - Операция 0 назначена роботу 1 (нагрузка: 5.37)
2025-09-27 08:28:06 - ROBOTY.assigner - DEBUG - Операция 1 назначена роботу 0 (нагрузка: 11.40)
2025-09-27 08:28:06 - ROBOTY.assigner - DEBUG - Операция 2 назначена роботу 1 (нагрузка: 8.79)
2025-09-27 08:28:06 - ROBOTY.assigner - DEBUG - Операция 3 назначена роботу 1 (нагрузка: 17.66)
2025-09-27 08:28:06 - ROBOTY.assigner - DEBUG - Операция 4 назначена роботу 0 (нагрузка: 24.26)
2025-09-27 08:28:06 - ROBOTY.assigner - DEBUG - Операция 5 назначена роботу 1 (нагрузка: 24.24)
2025-09-27 08:28:06 - ROBOTY.assigner - DEBUG - Операция 6 назначена роботу 1 (нагрузка: 29.77)
2025-09-27 08:28:06 - ROBOTY.assigner - DEBUG - Операция 7 назначена роботу 0 (нагрузка: 33.52)
2025-09-27 08:28:06 - ROBOTY.assigner - DEBUG - Операция 8 назначена роботу 1 (нагрузка: 36.73)
2025-09-27 08:28:06 - ROBOTY.assigner - DEBUG - Операция 9 назначена роботу 1 (нагрузка: 43.65)
2025-09-27 08:28:06 - ROBOTY.assigner - DEBUG - Операция 10 назначена роботу 0 (нагрузка: 45.93)
2025-09-27 08:28:06 - ROBOTY.assigner - DEBUG - Операция 11 назначена роботу 1 (нагрузка: 53.44)
2025-09-27 08:28:06 - ROBOTY.assigner - DEBUG - Операция 12 назначена роботу 0 (нагрузка: 54.50)
2025-09-27 08:28:06 - ROBOTY.assigner - DEBUG - Операция 13 назначена роботу 1 (нагрузка: 57.11)
2025-09-27 08:28:06 - ROBOTY.assigner - DEBUG - Операция 14 назначена роботу 1 (нагрузка: 64.61)
2025-09-27 08:28:06 - ROBOTY.assigner - DEBUG - Операция 15 назначена роботу 0 (нагрузка: 61.94)
2025-09-27 08:28:06 - ROBOTY.assigner - DEBUG - Операция 16 назначена роботу 0 (нагрузка: 65.86)
2025-09-27 08:28:06 - ROBOTY.assigner - DEBUG - Операция 17 назначена роботу 1 (нагрузка: 67.48)
2025-09-27 08:28:06 - ROBOTY.assigner - DEBUG - Операция 18 назначена роботу 1 (нагрузка: 72.59)
2025-09-27 08:28:06 - ROBOTY.assigner - DEBUG - Операция 19 назначена роботу 0 (нагрузка: 76.47)
2025-09-27 08:28:06 - ROBOTY.assigner - DEBUG - Операция 20 назначена роботу 1 (нагрузка: 79.98)
2025-09-27 08:28:06 - ROBOTY.assigner - DEBUG - Операция 21 назначена роботу 0 (нагрузка: 84.95)
2025-09-27 08:28:06 - ROBOTY.assigner - DEBUG - Операция 22 назначена роботу 1 (нагрузка: 87.84)
2025-09-27 08:28:06 - ROBOTY.assigner - DEBUG - Операция 23 назначена роботу 1 (нагрузка: 96.56)
2025-09-27 08:28:06 - ROBOTY.assigner - DEBUG - Операция 24 назначена роботу 0 (нагрузка: 98.43)
2025-09-27 08:28:06 - ROBOTY.assigner - DEBUG - Операция 25 назначена роботу 1 (нагрузка: 102.09)
2025-09-27 08:28:06 - ROBOTY.assigner - DEBUG - Операция 26 назначена роботу 1 (нагрузка: 108.17)
2025-09-27 08:28:06 - ROBOTY.assigner - DEBUG - Операция 27 назначена роботу 0 (нагрузка: 114.28)
2025-09-27 08:28:06 - ROBOTY.assigner - DEBUG - Операция 28 назначена роботу 1 (нагрузка: 115.47)
2025-09-27 08:28:06 - ROBOTY.assigner - DEBUG - Операция 29 назначена роботу 1 (нагрузка: 123.41)
2025-09-27 08:28:06 - ROBOTY.assigner - INFO - Распределено 30 операций с балансировкой нагрузки
2025-09-27 08:28:06 - ROBOTY.assigner - INFO - Итоговые нагрузки роботов: ['114.28', '123.41']
2025-09-27 08:28:06 - ROBOTY.assigner - INFO - Робот 0: 11 операций, нагрузка 114.28
2025-09-27 08:28:06 - ROBOTY.assigner - INFO - Робот 1: 19 операций, нагрузка 123.41
2025-09-27 08:28:06 - ROBOTY.planner - INFO - Операции назначены методом: balanced
2025-09-27 08:28:06 - ROBOTY.planner - INFO - Планирование траектории для робота 1 (ID: 1) с 11 операциями
2025-09-27 08:28:06 - ROBOTY.planner - DEBUG - Планирование траектории для робота с 11 операциями
2025-09-27 08:28:06 - ROBOTY.planner - DEBUG - Операция 1 запланирована, время завершения: 12.37
2025-09-27 08:28:06 - ROBOTY.planner - DEBUG - Операция 2 запланирована, время завершения: 23.42
2025-09-27 08:28:06 - ROBOTY.planner - DEBUG - Операция 3 запланирована, время завершения: 32.78
2025-09-27 08:28:06 - ROBOTY.planner - DEBUG - Операция 4 запланирована, время завершения: 41.93
2025-09-27 08:28:06 - ROBOTY.planner - DEBUG - Операция 5 запланирована, время завершения: 48.74
2025-09-27 08:28:06 - ROBOTY.planner - DEBUG - Операция 6 запланирована, время завершения: 57.02
2025-09-27 08:28:06 - ROBOTY.planner - DEBUG - Операция 7 запланирована, время завершения: 65.40
2025-09-27 08:28:06 - ROBOTY.planner - DEBUG - Операция 8 запланирована, время завершения: 75.81
2025-09-27 08:28:06 - ROBOTY.planner - DEBUG - Операция 9 запланирована, время завершения: 83.95
2025-09-27 08:28:06 - ROBOTY.planner - DEBUG - Операция 10 запланирована, время завершения: 98.08
2025-09-27 08:28:06 - ROBOTY.planner - DEBUG - Операция 11 запланирована, время завершения: 113.48
2025-09-27 08:28:06 - ROBOTY.planner - INFO - Траектория робота запланирована, общее время: 113.48
2025-09-27 08:28:06 - ROBOTY.planner - INFO - Робот 1: траектория содержит 264 точек
2025-09-27 08:28:06 - ROBOTY.planner - INFO - Планирование траектории для робота 2 (ID: 2) с 19 операциями
2025-09-27 08:28:06 - ROBOTY.planner - DEBUG - Планирование траектории для робота с 19 операциями
2025-09-27 08:28:06 - ROBOTY.planner - DEBUG - Операция 1 запланирована, время завершения: 6.63
2025-09-27 08:28:06 - ROBOTY.planner - DEBUG - Операция 2 запланирована, время завершения: 13.57
2025-09-27 08:28:06 - ROBOTY.planner - DEBUG - Операция 3 запланирована, время завершения: 24.08
2025-09-27 08:28:06 - ROBOTY.planner - DEBUG - Операция 4 запланирована, время завершения: 30.78
2025-09-27 08:28:06 - ROBOTY.planner - DEBUG - Операция 5 запланирована, время завершения: 40.06
2025-09-27 08:28:06 - ROBOTY.planner - DEBUG - Операция 6 запланирована, время завершения: 49.38
2025-09-27 08:28:06 - ROBOTY.planner - DEBUG - Операция 7 запланирована, время завершения: 59.90
2025-09-27 08:28:06 - ROBOTY.planner - DEBUG - Операция 8 запланирована, время завершения: 70.60
2025-09-27 08:28:06 - ROBOTY.planner - DEBUG - Операция 9 запланирована, время завершения: 77.58
2025-09-27 08:28:06 - ROBOTY.planner - DEBUG - Операция 10 запланирована, время завершения: 87.55
2025-09-27 08:28:06 - ROBOTY.planner - DEBUG - Операция 11 запланирована, время завершения: 94.54
2025-09-27 08:28:06 - ROBOTY.planner - DEBUG - Операция 12 запланирована, время завершения: 102.41
2025-09-27 08:28:06 - ROBOTY.planner - DEBUG - Операция 13 запланирована, время завершения: 111.49
2025-09-27 08:28:06 - ROBOTY.planner - DEBUG - Операция 14 запланирована, время завершения: 120.81
2025-09-27 08:28:06 - ROBOTY.planner - DEBUG - Операция 15 запланирована, время завершения: 132.11
2025-09-27 08:28:06 - ROBOTY.planner - DEBUG - Операция 16 запланирована, время завершения: 139.42
2025-09-27 08:28:06 - ROBOTY.planner - DEBUG - Операция 17 запланирована, время завершения: 145.74
2025-09-27 08:28:06 - ROBOTY.planner - DEBUG - Операция 18 запланирована, время завершения: 154.61
2025-09-27 08:28:06 - ROBOTY.planner - DEBUG - Операция 19 запланирована, время завершения: 166.63
2025-09-27 08:28:06 - ROBOTY.planner - INFO - Траектория робота запланирована, общее время: 166.63
2025-09-27 08:28:06 - ROBOTY.planner - INFO - Робот 2: траектория содержит 456 точек
2025-09-27 08:28:06 - ROBOTY.planner - INFO - Планирование завершено. Makespan: 166.63
2025-09-27 08:28:06 - ROBOTY.main - INFO - Планировщик успешно завершил работу
2025-09-27 08:28:06 - ROBOTY.collision - INFO - Начинаем детальную проверку коллизий
2025-09-27 08:28:06 - ROBOTY.collision - DEBUG - Проверяем коллизии в диапазоне времени: 0.00 - 166.63
2025-09-27 08:28:06 - ROBOTY.collision - WARNING - Коллизия: роботы 1 и 2 в 9.90s, расстояние: 0.782, требуется: 0.800
2025-09-27 08:28:06 - ROBOTY.collision - WARNING - Коллизия: роботы 1 и 2 в 10.00s, расстояние: 0.766, требуется: 0.800
2025-09-27 08:28:06 - ROBOTY.collision - WARNING - Коллизия: роботы 1 и 2 в 10.10s, расстояние: 0.753, требуется: 0.800
2025-09-27 08:28:06 - ROBOTY.collision - WARNING - Коллизия: роботы 1 и 2 в 10.20s, расстояние: 0.747, требуется: 0.800
2025-09-27 08:28:06 - ROBOTY.collision - WARNING - Коллизия: роботы 1 и 2 в 10.30s, расстояние: 0.747, требуется: 0.800
2025-09-27 08:28:06 - ROBOTY.collision - WARNING - Коллизия: роботы 1 и 2 в 10.40s, расстояние: 0.755, требуется: 0.800
2025-09-27 08:28:06 - ROBOTY.collision - WARNING - Коллизия: роботы 1 и 2 в 10.50s, расстояние: 0.769, требуется: 0.800
2025-09-27 08:28:06 - ROBOTY.collision - WARNING - Коллизия: роботы 1 и 2 в 10.60s, расстояние: 0.790, требуется: 0.800
2025-09-27 08:28:06 - ROBOTY.collision - WARNING - Коллизия: роботы 1 и 2 в 26.90s, расстояние: 0.794, требуется: 0.800
2025-09-27 08:28:06 - ROBOTY.collision - WARNING - Коллизия: роботы 1 и 2 в 27.00s, расстояние: 0.712, требуется: 0.800
2025-09-27 08:28:06 - ROBOTY.collision - WARNING - Коллизия: роботы 1 и 2 в 27.10s, расстояние: 0.598, требуется: 0.800
2025-09-27 08:28:06 - ROBOTY.collision - WARNING - Коллизия: роботы 1 и 2 в 27.20s, расстояние: 0.512, требуется: 0.800
2025-09-27 08:28:06 - ROBOTY.collision - WARNING - Коллизия: роботы 1 и 2 в 27.30s, расстояние: 0.455, требуется: 0.800
2025-09-27 08:28:06 - ROBOTY.collision - WARNING - Коллизия: роботы 1 и 2 в 27.40s, расстояние: 0.441, требуется: 0.800
2025-09-27 08:28:06 - ROBOTY.collision - WARNING - Коллизия: роботы 1 и 2 в 27.50s, расстояние: 0.464, требуется: 0.800
2025-09-27 08:28:06 - ROBOTY.collision - WARNING - Коллизия: роботы 1 и 2 в 27.60s, расстояние: 0.500, требуется: 0.800
2025-09-27 08:28:06 - ROBOTY.collision - WARNING - Коллизия: роботы 1 и 2 в 27.70s, расстояние: 0.554, требуется: 0.800
2025-09-27 08:28:06 - ROBOTY.collision - WARNING - Коллизия: роботы 1 и 2 в 27.80s, расстояние: 0.622, требуется: 0.800
2025-09-27 08:28:06 - ROBOTY.collision - WARNING - Коллизия: роботы 1 и 2 в 27.90s, расстояние: 0.698, требуется: 0.800
2025-09-27 08:28:06 - ROBOTY.collision - WARNING - Коллизия: роботы 1 и 2 в 28.00s, расстояние: 0.782, требуется: 0.800
2025-09-27 08:28:06 - ROBOTY.collision - WARNING - Коллизия: роботы 1 и 2 в 41.10s, расстояние: 0.792, требуется: 0.800
2025-09-27 08:28:06 - ROBOTY.collision - WARNING - Коллизия: роботы 1 и 2 в 41.20s, расстояние: 0.799, требуется: 0.800
2025-09-27 08:28:06 - ROBOTY.collision - WARNING - Коллизия: роботы 1 и 2 в 45.40s, расстояние: 0.775, требуется: 0.800
2025-09-27 08:28:06 - ROBOTY.collision - WARNING - Коллизия: роботы 1 и 2 в 45.50s, расстояние: 0.736, требуется: 0.800
2025-09-27 08:28:06 - ROBOTY.collision - WARNING - Коллизия: роботы 1 и 2 в 45.60s, расстояние: 0.705, требуется: 0.800
2025-09-27 08:28:06 - ROBOTY.collision - WARNING - Коллизия: роботы 1 и 2 в 45.70s, расстояние: 0.684, требуется: 0.800
2025-09-27 08:28:06 - ROBOTY.collision - WARNING - Коллизия: роботы 1 и 2 в 45.80s, расстояние: 0.672, требуется: 0.800
2025-09-27 08:28:06 - ROBOTY.collision - WARNING - Коллизия: роботы 1 и 2 в 45.90s, расстояние: 0.670, требуется: 0.800
2025-09-27 08:28:06 - ROBOTY.collision - WARNING - Коллизия: роботы 1 и 2 в 46.00s, расстояние: 0.678, требуется: 0.800
2025-09-27 08:28:06 - ROBOTY.collision - WARNING - Коллизия: роботы 1 и 2 в 46.10s, расстояние: 0.696, требуется: 0.800
2025-09-27 08:28:06 - ROBOTY.collision - WARNING - Коллизия: роботы 1 и 2 в 46.20s, расстояние: 0.724, требуется: 0.800
2025-09-27 08:28:06 - ROBOTY.collision - WARNING - Коллизия: роботы 1 и 2 в 46.30s, расстояние: 0.760, требуется: 0.800
2025-09-27 08:28:06 - ROBOTY.collision - WARNING - Коллизия: роботы 1 и 2 в 87.10s, расстояние: 0.797, требуется: 0.800
2025-09-27 08:28:06 - ROBOTY.collision - WARNING - Коллизия: роботы 1 и 2 в 87.20s, расстояние: 0.747, требуется: 0.800
2025-09-27 08:28:06 - ROBOTY.collision - WARNING - Коллизия: роботы 1 и 2 в 87.30s, расстояние: 0.701, требуется: 0.800
2025-09-27 08:28:06 - ROBOTY.collision - WARNING - Коллизия: роботы 1 и 2 в 87.40s, расстояние: 0.660, требуется: 0.800
2025-09-27 08:28:06 - ROBOTY.collision - WARNING - Коллизия: роботы 1 и 2 в 87.50s, расстояние: 0.625, требуется: 0.800
2025-09-27 08:28:06 - ROBOTY.collision - WARNING - Коллизия: роботы 1 и 2 в 87.60s, расстояние: 0.590, требуется: 0.800
2025-09-27 08:28:06 - ROBOTY.collision - WARNING - Коллизия: роботы 1 и 2 в 87.70s, расстояние: 0.563, требуется: 0.800
2025-09-27 08:28:06 - ROBOTY.collision - WARNING - Коллизия: роботы 1 и 2 в 87.80s, расстояние: 0.554, требуется: 0.800
2025-09-27 08:28:06 - ROBOTY.collision - WARNING - Коллизия: роботы 1 и 2 в 87.90s, расстояние: 0.563, требуется: 0.800
2025-09-27 08:28:06 - ROBOTY.collision - WARNING - Коллизия: роботы 1 и 2 в 88.00s, расстояние: 0.608, требуется: 0.800
2025-09-27 08:28:06 - ROBOTY.collision - WARNING - Коллизия: роботы 1 и 2 в 88.10s, расстояние: 0.685, требуется: 0.800
2025-09-27 08:28:06 - ROBOTY.collision - WARNING - Коллизия: роботы 1 и 2 в 88.20s, расстояние: 0.784, требуется: 0.800
2025-09-27 08:28:06 - ROBOTY.collision - WARNING - Коллизия: роботы 1 и 2 в 124.00s, расстояние: 0.792, требуется: 0.800
2025-09-27 08:28:06 - ROBOTY.collision - WARNING - Коллизия: роботы 1 и 2 в 124.10s, расстояние: 0.696, требуется: 0.800
2025-09-27 08:28:06 - ROBOTY.collision - WARNING - Коллизия: роботы 1 и 2 в 124.20s, расстояние: 0.604, требуется: 0.800
2025-09-27 08:28:06 - ROBOTY.collision - WARNING - Коллизия: роботы 1 и 2 в 124.30s, расстояние: 0.516, требуется: 0.800
2025-09-27 08:28:06 - ROBOTY.collision - WARNING - Коллизия: роботы 1 и 2 в 124.40s, расстояние: 0.435, требуется: 0.800
2025-09-27 08:28:06 - ROBOTY.collision - WARNING - Коллизия: роботы 1 и 2 в 124.50s, расстояние: 0.382, требуется: 0.800
2025-09-27 08:28:06 - ROBOTY.collision - WARNING - Коллизия: роботы 1 и 2 в 124.60s, расстояние: 0.353, требуется: 0.800
2025-09-27 08:28:06 - ROBOTY.collision - WARNING - Коллизия: роботы 1 и 2 в 124.70s, расстояние: 0.330, требуется: 0.800
2025-09-27 08:28:06 - ROBOTY.collision - WARNING - Коллизия: роботы 1 и 2 в 124.80s, расстояние: 0.313, требуется: 0.800
2025-09-27 08:28:06 - ROBOTY.collision - WARNING - Коллизия: роботы 1 и 2 в 124.90s, расстояние: 0.307, требуется: 0.800
2025-09-27 08:28:06 - ROBOTY.collision - WARNING - Коллизия: роботы 1 и 2 в 125.00s, расстояние: 0.307, требуется: 0.800
2025-09-27 08:28:06 - ROBOTY.collision - WARNING - Коллизия: роботы 1 и 2 в 125.10s, расстояние: 0.307, требуется: 0.800
2025-09-27 08:28:06 - ROBOTY.collision - WARNING - Коллизия: роботы 1 и 2 в 125.20s, расстояние: 0.307, требуется: 0.800
2025-09-27 08:28:06 - ROBOTY.collision - WARNING - Коллизия: роботы 1 и 2 в 125.30s, расстояние: 0.307, требуется: 0.800
2025-09-27 08:28:06 - ROBOTY.collision - WARNING - Коллизия: роботы 1 и 2 в 125.40s, расстояние: 0.307, требуется: 0.800
2025-09-27 08:28:06 - ROBOTY.collision - WARNING - Коллизия: роботы 1 и 2 в 125.50s, расстояние: 0.307, требуется: 0.800
2025-09-27 08:28:06 - ROBOTY.collision - WARNING - Коллизия: роботы 1 и 2 в 125.60s, расстояние: 0.307, требуется: 0.800
2025-09-27 08:28:06 - ROBOTY.collision - WARNING - Коллизия: роботы 1 и 2 в 125.70s, расстояние: 0.307, требуется: 0.800
2025-09-27 08:28:06 - ROBOTY.collision - WARNING - Коллизия: роботы 1 и 2 в 125.80s, расстояние: 0.307, требуется: 0.800
2025-09-27 08:28:06 - ROBOTY.collision - WARNING - Коллизия: роботы 1 и 2 в 125.90s, расстояние: 0.307, требуется: 0.800
2025-09-27 08:28:06 - ROBOTY.collision - WARNING - Коллизия: роботы 1 и 2 в 126.00s, расстояние: 0.331, требуется: 0.800
2025-09-27 08:28:06 - ROBOTY.collision - WARNING - Коллизия: роботы 1 и 2 в 126.10s, расстояние: 0.389, требуется: 0.800
2025-09-27 08:28:06 - ROBOTY.collision - WARNING - Коллизия: роботы 1 и 2 в 126.20s, расстояние: 0.447, требуется: 0.800
2025-09-27 08:28:06 - ROBOTY.collision - WARNING - Коллизия: роботы 1 и 2 в 126.30s, расстояние: 0.506, требуется: 0.800
2025-09-27 08:28:06 - ROBOTY.collision - WARNING - Коллизия: роботы 1 и 2 в 126.40s, расстояние: 0.566, требуется: 0.800
2025-09-27 08:28:06 - ROBOTY.collision - WARNING - Коллизия: роботы 1 и 2 в 126.50s, расстояние: 0.642, требуется: 0.800
2025-09-27 08:28:06 - ROBOTY.collision - WARNING - Коллизия: роботы 1 и 2 в 126.60s, расстояние: 0.745, требуется: 0.800
2025-09-27 08:28:06 - ROBOTY.collision - ERROR - Обнаружено 71 коллизий
2025-09-27 08:28:06 - ROBOTY.main - WARNING - Обнаружено 71 коллизий, применяем онлайн-безопасность
2025-09-27 08:28:06 - ROBOTY.safety - INFO - Применяем онлайн-безопасность: вставка пауз при коллизиях
2025-09-27 08:28:06 - ROBOTY.collision - INFO - Начинаем детальную проверку коллизий
2025-09-27 08:28:06 - ROBOTY.collision - DEBUG - Проверяем коллизии в диапазоне времени: 0.00 - 166.63
2025-09-27 08:28:06 - ROBOTY.collision - WARNING - Коллизия: роботы 1 и 2 в 9.85s, расстояние: 0.791, требуется: 0.800
2025-09-27 08:28:06 - ROBOTY.collision - WARNING - Коллизия: роботы 1 и 2 в 9.90s, расстояние: 0.782, требуется: 0.800
2025-09-27 08:28:06 - ROBOTY.collision - WARNING - Коллизия: роботы 1 и 2 в 9.95s, расстояние: 0.774, требуется: 0.800
2025-09-27 08:28:06 - ROBOTY.collision - WARNING - Коллизия: роботы 1 и 2 в 10.00s, расстояние: 0.766, требуется: 0.800
2025-09-27 08:28:06 - ROBOTY.collision - WARNING - Коллизия: роботы 1 и 2 в 10.05s, расстояние: 0.759, требуется: 0.800
2025-09-27 08:28:06 - ROBOTY.collision - WARNING - Коллизия: роботы 1 и 2 в 10.10s, расстояние: 0.753, требуется: 0.800
2025-09-27 08:28:06 - ROBOTY.collision - WARNING - Коллизия: роботы 1 и 2 в 10.15s, расстояние: 0.749, требуется: 0.800
2025-09-27 08:28:06 - ROBOTY.collision - WARNING - Коллизия: роботы 1 и 2 в 10.20s, расстояние: 0.747, требуется: 0.800
2025-09-27 08:28:06 - ROBOTY.collision - WARNING - Коллизия: роботы 1 и 2 в 10.25s, расстояние: 0.746, требуется: 0.800
2025-09-27 08:28:06 - ROBOTY.collision - WARNING - Коллизия: роботы 1 и 2 в 10.30s, расстояние: 0.747, требуется: 0.800
2025-09-27 08:28:06 - ROBOTY.collision - WARNING - Коллизия: роботы 1 и 2 в 10.35s, расстояние: 0.750, требуется: 0.800
2025-09-27 08:28:06 - ROBOTY.collision - WARNING - Коллизия: роботы 1 и 2 в 10.40s, расстояние: 0.755, требуется: 0.800
2025-09-27 08:28:06 - ROBOTY.collision - WARNING - Коллизия: роботы 1 и 2 в 10.45s, расстояние: 0.761, требуется: 0.800
2025-09-27 08:28:06 - ROBOTY.collision - WARNING - Коллизия: роботы 1 и 2 в 10.50s, расстояние: 0.769, требуется: 0.800
2025-09-27 08:28:06 - ROBOTY.collision - WARNING - Коллизия: роботы 1 и 2 в 10.55s, расстояние: 0.779, требуется: 0.800
2025-09-27 08:28:06 - ROBOTY.collision - WARNING - Коллизия: роботы 1 и 2 в 10.60s, расстояние: 0.790, требуется: 0.800
2025-09-27 08:28:06 - ROBOTY.collision - WARNING - Коллизия: роботы 1 и 2 в 26.90s, расстояние: 0.794, требуется: 0.800
2025-09-27 08:28:06 - ROBOTY.collision - WARNING - Коллизия: роботы 1 и 2 в 26.95s, расстояние: 0.752, требуется: 0.800
2025-09-27 08:28:06 - ROBOTY.collision - WARNING - Коллизия: роботы 1 и 2 в 27.00s, расстояние: 0.712, требуется: 0.800
2025-09-27 08:28:06 - ROBOTY.collision - WARNING - Коллизия: роботы 1 и 2 в 27.05s, расстояние: 0.650, требуется: 0.800
2025-09-27 08:28:06 - ROBOTY.collision - WARNING - Коллизия: роботы 1 и 2 в 27.10s, расстояние: 0.598, требуется: 0.800
2025-09-27 08:28:06 - ROBOTY.collision - WARNING - Коллизия: роботы 1 и 2 в 27.15s, расстояние: 0.552, требуется: 0.800
2025-09-27 08:28:06 - ROBOTY.collision - WARNING - Коллизия: роботы 1 и 2 в 27.20s, расстояние: 0.512, требуется: 0.800
2025-09-27 08:28:06 - ROBOTY.collision - WARNING - Коллизия: роботы 1 и 2 в 27.25s, расстояние: 0.479, требуется: 0.800
2025-09-27 08:28:06 - ROBOTY.collision - WARNING - Коллизия: роботы 1 и 2 в 27.30s, расстояние: 0.455, требуется: 0.800
2025-09-27 08:28:06 - ROBOTY.collision - WARNING - Коллизия: роботы 1 и 2 в 27.35s, расстояние: 0.442, требуется: 0.800
2025-09-27 08:28:06 - ROBOTY.collision - WARNING - Коллизия: роботы 1 и 2 в 27.40s, расстояние: 0.441, требуется: 0.800
2025-09-27 08:28:06 - ROBOTY.collision - WARNING - Коллизия: роботы 1 и 2 в 27.45s, расстояние: 0.452, требуется: 0.800
2025-09-27 08:28:06 - ROBOTY.collision - WARNING - Коллизия: роботы 1 и 2 в 27.50s, расстояние: 0.464, требуется: 0.800
2025-09-27 08:28:06 - ROBOTY.collision - WARNING - Коллизия: роботы 1 и 2 в 27.55s, расстояние: 0.479, требуется: 0.800
2025-09-27 08:28:06 - ROBOTY.collision - WARNING - Коллизия: роботы 1 и 2 в 27.60s, расстояние: 0.500, требуется: 0.800
2025-09-27 08:28:06 - ROBOTY.collision - WARNING - Коллизия: роботы 1 и 2 в 27.65s, расстояние: 0.525, требуется: 0.800
2025-09-27 08:28:06 - ROBOTY.collision - WARNING - Коллизия: роботы 1 и 2 в 27.70s, расстояние: 0.554, требуется: 0.800
2025-09-27 08:28:06 - ROBOTY.collision - WARNING - Коллизия: роботы 1 и 2 в 27.75s, расстояние: 0.587, требуется: 0.800
2025-09-27 08:28:06 - ROBOTY.collision - WARNING - Коллизия: роботы 1 и 2 в 27.80s, расстояние: 0.622, требуется: 0.800
2025-09-27 08:28:06 - ROBOTY.collision - WARNING - Коллизия: роботы 1 и 2 в 27.85s, расстояние: 0.659, требуется: 0.800
2025-09-27 08:28:06 - ROBOTY.collision - WARNING - Коллизия: роботы 1 и 2 в 27.90s, расстояние: 0.698, требуется: 0.800
2025-09-27 08:28:06 - ROBOTY.collision - WARNING - Коллизия: роботы 1 и 2 в 27.95s, расстояние: 0.739, требуется: 0.800
2025-09-27 08:28:06 - ROBOTY.collision - WARNING - Коллизия: роботы 1 и 2 в 28.00s, расстояние: 0.782, требуется: 0.800
2025-09-27 08:28:06 - ROBOTY.collision - WARNING - Коллизия: роботы 1 и 2 в 41.10s, расстояние: 0.792, требуется: 0.800
2025-09-27 08:28:06 - ROBOTY.collision - WARNING - Коллизия: роботы 1 и 2 в 41.15s, расстояние: 0.794, требуется: 0.800
2025-09-27 08:28:06 - ROBOTY.collision - WARNING - Коллизия: роботы 1 и 2 в 41.20s, расстояние: 0.799, требуется: 0.800
2025-09-27 08:28:06 - ROBOTY.collision - WARNING - Коллизия: роботы 1 и 2 в 45.35s, расстояние: 0.796, требуется: 0.800
2025-09-27 08:28:06 - ROBOTY.collision - WARNING - Коллизия: роботы 1 и 2 в 45.40s, расстояние: 0.775, требуется: 0.800
2025-09-27 08:28:06 - ROBOTY.collision - WARNING - Коллизия: роботы 1 и 2 в 45.45s, расстояние: 0.755, требуется: 0.800
2025-09-27 08:28:06 - ROBOTY.collision - WARNING - Коллизия: роботы 1 и 2 в 45.50s, расстояние: 0.736, требуется: 0.800
2025-09-27 08:28:06 - ROBOTY.collision - WARNING - Коллизия: роботы 1 и 2 в 45.55s, расстояние: 0.720, требуется: 0.800
2025-09-27 08:28:06 - ROBOTY.collision - WARNING - Коллизия: роботы 1 и 2 в 45.60s, расстояние: 0.705, требуется: 0.800
2025-09-27 08:28:06 - ROBOTY.collision - WARNING - Коллизия: роботы 1 и 2 в 45.65s, расстояние: 0.693, требуется: 0.800
2025-09-27 08:28:06 - ROBOTY.collision - WARNING - Коллизия: роботы 1 и 2 в 45.70s, расстояние: 0.684, требуется: 0.800
2025-09-27 08:28:06 - ROBOTY.collision - WARNING - Коллизия: роботы 1 и 2 в 45.75s, расстояние: 0.676, требуется: 0.800
2025-09-27 08:28:06 - ROBOTY.collision - WARNING - Коллизия: роботы 1 и 2 в 45.80s, расстояние: 0.672, требуется: 0.800
2025-09-27 08:28:06 - ROBOTY.collision - WARNING - Коллизия: роботы 1 и 2 в 45.85s, расстояние: 0.669, требуется: 0.800
2025-09-27 08:28:06 - ROBOTY.collision - WARNING - Коллизия: роботы 1 и 2 в 45.90s, расстояние: 0.670, требуется: 0.800
2025-09-27 08:28:06 - ROBOTY.collision - WARNING - Коллизия: роботы 1 и 2 в 45.95s, расстояние: 0.673, требуется: 0.800
2025-09-27 08:28:06 - ROBOTY.collision - WARNING - Коллизия: роботы 1 и 2 в 46.00s, расстояние: 0.678, требуется: 0.800
2025-09-27 08:28:06 - ROBOTY.collision - WARNING - Коллизия: роботы 1 и 2 в 46.05s, расстояние: 0.686, требуется: 0.800
2025-09-27 08:28:06 - ROBOTY.collision - WARNING - Коллизия: роботы 1 и 2 в 46.10s, расстояние: 0.696, требуется: 0.800
2025-09-27 08:28:06 - ROBOTY.collision - WARNING - Коллизия: роботы 1 и 2 в 46.15s, расстояние: 0.709, требуется: 0.800
2025-09-27 08:28:06 - ROBOTY.collision - WARNING - Коллизия: роботы 1 и 2 в 46.20s, расстояние: 0.724, требуется: 0.800
2025-09-27 08:28:06 - ROBOTY.collision - WARNING - Коллизия: роботы 1 и 2 в 46.25s, расстояние: 0.741, требуется: 0.800
2025-09-27 08:28:06 - ROBOTY.collision - WARNING - Коллизия: роботы 1 и 2 в 46.30s, расстояние: 0.760, требуется: 0.800
2025-09-27 08:28:06 - ROBOTY.collision - WARNING - Коллизия: роботы 1 и 2 в 46.35s, расстояние: 0.780, требуется: 0.800
2025-09-27 08:28:06 - ROBOTY.collision - WARNING - Коллизия: роботы 1 и 2 в 87.10s, расстояние: 0.797, требуется: 0.800
2025-09-27 08:28:06 - ROBOTY.collision - WARNING - Коллизия: роботы 1 и 2 в 87.15s, расстояние: 0.772, требуется: 0.800
2025-09-27 08:28:06 - ROBOTY.collision - WARNING - Коллизия: роботы 1 и 2 в 87.20s, расстояние: 0.747, требуется: 0.800
2025-09-27 08:28:06 - ROBOTY.collision - WARNING - Коллизия: роботы 1 и 2 в 87.25s, расстояние: 0.724, требуется: 0.800
2025-09-27 08:28:06 - ROBOTY.collision - WARNING - Коллизия: роботы 1 и 2 в 87.30s, расстояние: 0.701, требуется: 0.800
2025-09-27 08:28:06 - ROBOTY.collision - WARNING - Коллизия: роботы 1 и 2 в 87.35s, расстояние: 0.680, требуется: 0.800
2025-09-27 08:28:06 - ROBOTY.collision - WARNING - Коллизия: роботы 1 и 2 в 87.40s, расстояние: 0.660, требуется: 0.800
2025-09-27 08:28:06 - ROBOTY.collision - WARNING - Коллизия: роботы 1 и 2 в 87.45s, расстояние: 0.642, требуется: 0.800
2025-09-27 08:28:06 - ROBOTY.collision - WARNING - Коллизия: роботы 1 и 2 в 87.50s, расстояние: 0.625, требуется: 0.800
2025-09-27 08:28:06 - ROBOTY.collision - WARNING - Коллизия: роботы 1 и 2 в 87.55s, расстояние: 0.609, требуется: 0.800
2025-09-27 08:28:06 - ROBOTY.collision - WARNING - Коллизия: роботы 1 и 2 в 87.60s, расстояние: 0.590, требуется: 0.800
2025-09-27 08:28:06 - ROBOTY.collision - WARNING - Коллизия: роботы 1 и 2 в 87.65s, расстояние: 0.575, требуется: 0.800
2025-09-27 08:28:06 - ROBOTY.collision - WARNING - Коллизия: роботы 1 и 2 в 87.70s, расстояние: 0.563, требуется: 0.800
2025-09-27 08:28:06 - ROBOTY.collision - WARNING - Коллизия: роботы 1 и 2 в 87.75s, расстояние: 0.556, требуется: 0.800
2025-09-27 08:28:06 - ROBOTY.collision - WARNING - Коллизия: роботы 1 и 2 в 87.80s, расстояние: 0.554, требуется: 0.800
2025-09-27 08:28:06 - ROBOTY.collision - WARNING - Коллизия: роботы 1 и 2 в 87.85s, расстояние: 0.556, требуется: 0.800
2025-09-27 08:28:06 - ROBOTY.collision - WARNING - Коллизия: роботы 1 и 2 в 87.90s, расстояние: 0.563, требуется: 0.800
2025-09-27 08:28:06 - ROBOTY.collision - WARNING - Коллизия: роботы 1 и 2 в 87.95s, расстояние: 0.580, требуется: 0.800
2025-09-27 08:28:06 - ROBOTY.collision - WARNING - Коллизия: роботы 1 и 2 в 88.00s, расстояние: 0.608, требуется: 0.800
2025-09-27 08:28:06 - ROBOTY.collision - WARNING - Коллизия: роботы 1 и 2 в 88.05s, расстояние: 0.643, требуется: 0.800
2025-09-27 08:28:06 - ROBOTY.collision - WARNING - Коллизия: роботы 1 и 2 в 88.10s, расстояние: 0.685, требуется: 0.800
2025-09-27 08:28:06 - ROBOTY.collision - WARNING - Коллизия: роботы 1 и 2 в 88.15s, расстояние: 0.732, требуется: 0.800
2025-09-27 08:28:06 - ROBOTY.collision - WARNING - Коллизия: роботы 1 и 2 в 88.20s, расстояние: 0.784, требуется: 0.800
2025-09-27 08:28:06 - ROBOTY.collision - WARNING - Коллизия: роботы 1 и 2 в 124.00s, расстояние: 0.792, требуется: 0.800
2025-09-27 08:28:06 - ROBOTY.collision - WARNING - Коллизия: роботы 1 и 2 в 124.05s, расстояние: 0.744, требуется: 0.800
2025-09-27 08:28:06 - ROBOTY.collision - WARNING - Коллизия: роботы 1 и 2 в 124.10s, расстояние: 0.696, требуется: 0.800
2025-09-27 08:28:06 - ROBOTY.collision - WARNING - Коллизия: роботы 1 и 2 в 124.15s, расстояние: 0.650, требуется: 0.800
2025-09-27 08:28:06 - ROBOTY.collision - WARNING - Коллизия: роботы 1 и 2 в 124.20s, расстояние: 0.604, требуется: 0.800
2025-09-27 08:28:06 - ROBOTY.collision - WARNING - Коллизия: роботы 1 и 2 в 124.25s, расстояние: 0.559, требуется: 0.800
2025-09-27 08:28:06 - ROBOTY.collision - WARNING - Коллизия: роботы 1 и 2 в 124.30s, расстояние: 0.516, требуется: 0.800
2025-09-27 08:28:06 - ROBOTY.collision - WARNING - Коллизия: роботы 1 и 2 в 124.35s, расстояние: 0.474, требуется: 0.800
2025-09-27 08:28:06 - ROBOTY.collision - WARNING - Коллизия: роботы 1 и 2 в 124.40s, расстояние: 0.435, требуется: 0.800
2025-09-27 08:28:06 - ROBOTY.collision - WARNING - Коллизия: роботы 1 и 2 в 124.45s, расстояние: 0.399, требуется: 0.800
2025-09-27 08:28:06 - ROBOTY.collision - WARNING - Коллизия: роботы 1 и 2 в 124.50s, расстояние: 0.382, требуется: 0.800
2025-09-27 08:28:06 - ROBOTY.collision - WARNING - Коллизия: роботы 1 и 2 в 124.55s, расстояние: 0.367, требуется: 0.800
2025-09-27 08:28:06 - ROBOTY.collision - WARNING - Коллизия: роботы 1 и 2 в 124.60s, расстояние: 0.353, требуется: 0.800
2025-09-27 08:28:06 - ROBOTY.collision - WARNING - Коллизия: роботы 1 и 2 в 124.65s, расстояние: 0.341, требуется: 0.800
2025-09-27 08:28:06 - ROBOTY.collision - WARNING - Коллизия: роботы 1 и 2 в 124.70s, расстояние: 0.330, требуется: 0.800
2025-09-27 08:28:06 - ROBOTY.collision - WARNING - Коллизия: роботы 1 и 2 в 124.75s, расстояние: 0.321, требуется: 0.800
2025-09-27 08:28:06 - ROBOTY.collision - WARNING - Коллизия: роботы 1 и 2 в 124.80s, расстояние: 0.313, требуется: 0.800
2025-09-27 08:28:06 - ROBOTY.collision - WARNING - Коллизия: роботы 1 и 2 в 124.85s, расстояние: 0.308, требуется: 0.800
2025-09-27 08:28:06 - ROBOTY.collision - WARNING - Коллизия: роботы 1 и 2 в 124.90s, расстояние: 0.307, требуется: 0.800
2025-09-27 08:28:06 - ROBOTY.collision - WARNING - Коллизия: роботы 1 и 2 в 124.95s, расстояние: 0.307, требуется: 0.800
2025-09-27 08:28:06 - ROBOTY.collision - WARNING - Коллизия: роботы 1 и 2 в 125.00s, расстояние: 0.307, требуется: 0.800
2025-09-27 08:28:06 - ROBOTY.collision - WARNING - Коллизия: роботы 1 и 2 в 125.05s, расстояние: 0.307, требуется: 0.800
2025-09-27 08:28:06 - ROBOTY.collision - WARNING - Коллизия: роботы 1 и 2 в 125.10s, расстояние: 0.307, требуется: 0.800
2025-09-27 08:28:06 - ROBOTY.collision - WARNING - Коллизия: роботы 1 и 2 в 125.15s, расстояние: 0.307, требуется: 0.800
2025-09-27 08:28:06 - ROBOTY.collision - WARNING - Коллизия: роботы 1 и 2 в 125.20s, расстояние: 0.307, требуется: 0.800
2025-09-27 08:28:06 - ROBOTY.collision - WARNING - Коллизия: роботы 1 и 2 в 125.25s, расстояние: 0.307, требуется: 0.800
2025-09-27 08:28:06 - ROBOTY.collision - WARNING - Коллизия: роботы 1 и 2 в 125.30s, расстояние: 0.307, требуется: 0.800
2025-09-27 08:28:06 - ROBOTY.collision - WARNING - Коллизия: роботы 1 и 2 в 125.35s, расстояние: 0.307, требуется: 0.800
2025-09-27 08:28:06 - ROBOTY.collision - WARNING - Коллизия: роботы 1 и 2 в 125.40s, расстояние: 0.307, требуется: 0.800
2025-09-27 08:28:06 - ROBOTY.collision - WARNING - Коллизия: роботы 1 и 2 в 125.45s, расстояние: 0.307, требуется: 0.800
2025-09-27 08:28:06 - ROBOTY.collision - WARNING - Коллизия: роботы 1 и 2 в 125.50s, расстояние: 0.307, требуется: 0.800
2025-09-27 08:28:06 - ROBOTY.collision - WARNING - Коллизия: роботы 1 и 2 в 125.55s, расстояние: 0.307, требуется: 0.800
2025-09-27 08:28:06 - ROBOTY.collision - WARNING - Коллизия: роботы 1 и 2 в 125.60s, расстояние: 0.307, требуется: 0.800
2025-09-27 08:28:06 - ROBOTY.collision - WARNING - Коллизия: роботы 1 и 2 в 125.65s, расстояние: 0.307, требуется: 0.800
2025-09-27 08:28:06 - ROBOTY.collision - WARNING - Коллизия: роботы 1 и 2 в 125.70s, расстояние: 0.307, требуется: 0.800
2025-09-27 08:28:06 - ROBOTY.collision - WARNING - Коллизия: роботы 1 и 2 в 125.75s, расстояние: 0.307, требуется: 0.800
2025-09-27 08:28:06 - ROBOTY.collision - WARNING - Коллизия: роботы 1 и 2 в 125.80s, расстояние: 0.307, требуется: 0.800
2025-09-27 08:28:06 - ROBOTY.collision - WARNING - Коллизия: роботы 1 и 2 в 125.85s, расстояние: 0.307, требуется: 0.800
2025-09-27 08:28:06 - ROBOTY.collision - WARNING - Коллизия: роботы 1 и 2 в 125.90s, расстояние: 0.307, требуется: 0.800
2025-09-27 08:28:06 - ROBOTY.collision - WARNING - Коллизия: роботы 1 и 2 в 125.95s, расстояние: 0.307, требуется: 0.800
2025-09-27 08:28:06 - ROBOTY.collision - WARNING - Коллизия: роботы 1 и 2 в 126.00s, расстояние: 0.331, требуется: 0.800
2025-09-27 08:28:06 - ROBOTY.collision - WARNING - Коллизия: роботы 1 и 2 в 126.05s, расстояние: 0.360, требуется: 0.800
2025-09-27 08:28:06 - ROBOTY.collision - WARNING - Коллизия: роботы 1 и 2 в 126.10s, расстояние: 0.389, требуется: 0.800
2025-09-27 08:28:06 - ROBOTY.collision - WARNING - Коллизия: роботы 1 и 2 в 126.15s, расстояние: 0.418, требуется: 0.800
2025-09-27 08:28:06 - ROBOTY.collision - WARNING - Коллизия: роботы 1 и 2 в 126.20s, расстояние: 0.447, требуется: 0.800
2025-09-27 08:28:06 - ROBOTY.collision - WARNING - Коллизия: роботы 1 и 2 в 126.25s, расстояние: 0.477, требуется: 0.800
2025-09-27 08:28:06 - ROBOTY.collision - WARNING - Коллизия: роботы 1 и 2 в 126.30s, расстояние: 0.506, требуется: 0.800
2025-09-27 08:28:06 - ROBOTY.collision - WARNING - Коллизия: роботы 1 и 2 в 126.35s, расстояние: 0.536, требуется: 0.800
2025-09-27 08:28:06 - ROBOTY.collision - WARNING - Коллизия: роботы 1 и 2 в 126.40s, расстояние: 0.566, требуется: 0.800
2025-09-27 08:28:06 - ROBOTY.collision - WARNING - Коллизия: роботы 1 и 2 в 126.45s, расстояние: 0.596, требуется: 0.800
2025-09-27 08:28:06 - ROBOTY.collision - WARNING - Коллизия: роботы 1 и 2 в 126.50s, расстояние: 0.642, требуется: 0.800
2025-09-27 08:28:06 - ROBOTY.collision - WARNING - Коллизия: роботы 1 и 2 в 126.55s, расстояние: 0.693, требуется: 0.800
2025-09-27 08:28:06 - ROBOTY.collision - WARNING - Коллизия: роботы 1 и 2 в 126.60s, расстояние: 0.745, требуется: 0.800
2025-09-27 08:28:06 - ROBOTY.collision - WARNING - Коллизия: роботы 1 и 2 в 126.65s, расстояние: 0.797, требуется: 0.800
2025-09-27 08:28:06 - ROBOTY.collision - ERROR - Обнаружено 140 коллизий
2025-09-27 08:28:06 - ROBOTY.safety - DEBUG - Добавлена пауза 0.60s роботу 1 в t=9.85s
2025-09-27 08:28:06 - ROBOTY.safety - DEBUG - Добавлена пауза 0.60s роботу 2 в t=9.85s
2025-09-27 08:28:06 - ROBOTY.safety - DEBUG - Добавлена пауза 0.60s роботу 1 в t=9.90s
2025-09-27 08:28:06 - ROBOTY.safety - DEBUG - Добавлена пауза 0.60s роботу 2 в t=9.90s
2025-09-27 08:28:06 - ROBOTY.safety - DEBUG - Добавлена пауза 0.60s роботу 1 в t=9.95s
2025-09-27 08:28:06 - ROBOTY.safety - DEBUG - Добавлена пауза 0.60s роботу 2 в t=9.95s
2025-09-27 08:28:06 - ROBOTY.safety - DEBUG - Добавлена пауза 0.60s роботу 1 в t=10.00s
2025-09-27 08:28:06 - ROBOTY.safety - DEBUG - Добавлена пауза 0.60s роботу 2 в t=10.00s
2025-09-27 08:28:06 - ROBOTY.safety - DEBUG - Добавлена пауза 0.60s роботу 1 в t=10.05s
2025-09-27 08:28:06 - ROBOTY.safety - DEBUG - Добавлена пауза 0.60s роботу 2 в t=10.05s
2025-09-27 08:28:06 - ROBOTY.safety - DEBUG - Добавлена пауза 0.60s роботу 1 в t=10.10s
2025-09-27 08:28:06 - ROBOTY.safety - DEBUG - Добавлена пауза 0.60s роботу 2 в t=10.10s
2025-09-27 08:28:06 - ROBOTY.safety - DEBUG - Добавлена пауза 0.60s роботу 1 в t=10.15s
2025-09-27 08:28:06 - ROBOTY.safety - DEBUG - Добавлена пауза 0.60s роботу 2 в t=10.15s
2025-09-27 08:28:06 - ROBOTY.safety - DEBUG - Добавлена пауза 0.60s роботу 1 в t=10.20s
2025-09-27 08:28:06 - ROBOTY.safety - DEBUG - Добавлена пауза 0.60s роботу 2 в t=10.20s
2025-09-27 08:28:06 - ROBOTY.safety - DEBUG - Добавлена пауза 0.60s роботу 1 в t=10.25s
2025-09-27 08:28:06 - ROBOTY.safety - DEBUG - Добавлена пауза 0.60s роботу 2 в t=10.25s
2025-09-27 08:28:06 - ROBOTY.safety - DEBUG - Добавлена пауза 0.60s роботу 1 в t=10.30s
2025-09-27 08:28:06 - ROBOTY.safety - DEBUG - Добавлена пауза 0.60s роботу 2 в t=10.30s
2025-09-27 08:28:06 - ROBOTY.safety - DEBUG - Добавлена пауза 0.60s роботу 1 в t=10.35s
2025-09-27 08:28:06 - ROBOTY.safety - DEBUG - Добавлена пауза 0.60s роботу 2 в t=10.35s
2025-09-27 08:28:06 - ROBOTY.safety - DEBUG - Добавлена пауза 0.60s роботу 1 в t=10.40s
2025-09-27 08:28:06 - ROBOTY.safety - DEBUG - Добавлена пауза 0.60s роботу 2 в t=10.40s
2025-09-27 08:28:06 - ROBOTY.safety - DEBUG - Добавлена пауза 0.60s роботу 1 в t=10.45s
2025-09-27 08:28:06 - ROBOTY.safety - DEBUG - Добавлена пауза 0.60s роботу 2 в t=10.45s
2025-09-27 08:28:06 - ROBOTY.safety - DEBUG - Добавлена пауза 0.60s роботу 1 в t=10.50s
2025-09-27 08:28:06 - ROBOTY.safety - DEBUG - Добавлена пауза 0.60s роботу 2 в t=10.50s
2025-09-27 08:28:06 - ROBOTY.safety - DEBUG - Добавлена пауза 0.60s роботу 1 в t=10.55s
2025-09-27 08:28:06 - ROBOTY.safety - DEBUG - Добавлена пауза 0.60s роботу 2 в t=10.55s
2025-09-27 08:28:06 - ROBOTY.safety - DEBUG - Добавлена пауза 0.60s роботу 1 в t=10.60s
2025-09-27 08:28:06 - ROBOTY.safety - DEBUG - Добавлена пауза 0.60s роботу 2 в t=10.60s
2025-09-27 08:28:06 - ROBOTY.safety - DEBUG - Добавлена пауза 0.60s роботу 1 в t=26.90s
2025-09-27 08:28:06 - ROBOTY.safety - DEBUG - Добавлена пауза 0.60s роботу 2 в t=26.90s
2025-09-27 08:28:06 - ROBOTY.safety - DEBUG - Добавлена пауза 0.60s роботу 1 в t=26.95s
2025-09-27 08:28:06 - ROBOTY.safety - DEBUG - Добавлена пауза 0.60s роботу 2 в t=26.95s
2025-09-27 08:28:06 - ROBOTY.safety - DEBUG - Добавлена пауза 0.60s роботу 1 в t=27.00s
2025-09-27 08:28:06 - ROBOTY.safety - DEBUG - Добавлена пауза 0.60s роботу 2 в t=27.00s
2025-09-27 08:28:06 - ROBOTY.safety - DEBUG - Добавлена пауза 0.60s роботу 1 в t=27.05s
2025-09-27 08:28:06 - ROBOTY.safety - DEBUG - Добавлена пауза 0.60s роботу 2 в t=27.05s
2025-09-27 08:28:06 - ROBOTY.safety - DEBUG - Добавлена пауза 0.60s роботу 1 в t=27.10s
2025-09-27 08:28:06 - ROBOTY.safety - DEBUG - Добавлена пауза 0.60s роботу 2 в t=27.10s
2025-09-27 08:28:06 - ROBOTY.safety - DEBUG - Добавлена пауза 0.60s роботу 1 в t=27.15s
2025-09-27 08:28:06 - ROBOTY.safety - DEBUG - Добавлена пауза 0.60s роботу 2 в t=27.15s
2025-09-27 08:28:06 - ROBOTY.safety - DEBUG - Добавлена пауза 0.60s роботу 1 в t=27.20s
2025-09-27 08:28:06 - ROBOTY.safety - DEBUG - Добавлена пауза 0.60s роботу 2 в t=27.20s
2025-09-27 08:28:06 - ROBOTY.safety - DEBUG - Добавлена пауза 0.60s роботу 1 в t=27.25s
2025-09-27 08:28:06 - ROBOTY.safety - DEBUG - Добавлена пауза 0.60s роботу 2 в t=27.25s
2025-09-27 08:28:06 - ROBOTY.safety - DEBUG - Добавлена пауза 0.60s роботу 1 в t=27.30s
2025-09-27 08:28:06 - ROBOTY.safety - DEBUG - Добавлена пауза 0.60s роботу 2 в t=27.30s
2025-09-27 08:28:06 - ROBOTY.safety - DEBUG - Добавлена пауза 0.60s роботу 1 в t=27.35s
2025-09-27 08:28:06 - ROBOTY.safety - DEBUG - Добавлена пауза 0.60s роботу 2 в t=27.35s
2025-09-27 08:28:06 - ROBOTY.safety - DEBUG - Добавлена пауза 0.60s роботу 1 в t=27.40s
2025-09-27 08:28:06 - ROBOTY.safety - DEBUG - Добавлена пауза 0.60s роботу 2 в t=27.40s
2025-09-27 08:28:06 - ROBOTY.safety - DEBUG - Добавлена пауза 0.60s роботу 1 в t=27.45s
2025-09-27 08:28:06 - ROBOTY.safety - DEBUG - Добавлена пауза 0.60s роботу 2 в t=27.45s
2025-09-27 08:28:06 - ROBOTY.safety - DEBUG - Добавлена пауза 0.60s роботу 1 в t=27.50s
2025-09-27 08:28:06 - ROBOTY.safety - DEBUG - Добавлена пауза 0.60s роботу 2 в t=27.50s
2025-09-27 08:28:06 - ROBOTY.safety - DEBUG - Добавлена пауза 0.60s роботу 1 в t=27.55s
2025-09-27 08:28:06 - ROBOTY.safety - DEBUG - Добавлена пауза 0.60s роботу 2 в t=27.55s
2025-09-27 08:28:06 - ROBOTY.safety - DEBUG - Добавлена пауза 0.60s роботу 1 в t=27.60s
2025-09-27 08:28:06 - ROBOTY.safety - DEBUG - Добавлена пауза 0.60s роботу 2 в t=27.60s
2025-09-27 08:28:06 - ROBOTY.safety - DEBUG - Добавлена пауза 0.60s роботу 1 в t=27.65s
2025-09-27 08:28:06 - ROBOTY.safety - DEBUG - Добавлена пауза 0.60s роботу 2 в t=27.65s
2025-09-27 08:28:06 - ROBOTY.safety - DEBUG - Добавлена пауза 0.60s роботу 1 в t=27.70s
2025-09-27 08:28:06 - ROBOTY.safety - DEBUG - Добавлена пауза 0.60s роботу 2 в t=27.70s
2025-09-27 08:28:06 - ROBOTY.safety - DEBUG - Добавлена пауза 0.60s роботу 1 в t=27.75s
2025-09-27 08:28:06 - ROBOTY.safety - DEBUG - Добавлена пауза 0.60s роботу 2 в t=27.75s
2025-09-27 08:28:06 - ROBOTY.safety - DEBUG - Добавлена пауза 0.60s роботу 1 в t=27.80s
2025-09-27 08:28:06 - ROBOTY.safety - DEBUG - Добавлена пауза 0.60s роботу 2 в t=27.80s
2025-09-27 08:28:06 - ROBOTY.safety - DEBUG - Добавлена пауза 0.60s роботу 1 в t=27.85s
2025-09-27 08:28:06 - ROBOTY.safety - DEBUG - Добавлена пауза 0.60s роботу 2 в t=27.85s
2025-09-27 08:28:06 - ROBOTY.safety - DEBUG - Добавлена пауза 0.60s роботу 1 в t=27.90s
2025-09-27 08:28:06 - ROBOTY.safety - DEBUG - Добавлена пауза 0.60s роботу 2 в t=27.90s
2025-09-27 08:28:06 - ROBOTY.safety - DEBUG - Добавлена пауза 0.60s роботу 1 в t=27.95s
2025-09-27 08:28:06 - ROBOTY.safety - DEBUG - Добавлена пауза 0.60s роботу 2 в t=27.95s
2025-09-27 08:28:06 - ROBOTY.safety - DEBUG - Добавлена пауза 0.60s роботу 1 в t=28.00s
2025-09-27 08:28:06 - ROBOTY.safety - DEBUG - Добавлена пауза 0.60s роботу 2 в t=28.00s
2025-09-27 08:28:06 - ROBOTY.safety - DEBUG - Добавлена пауза 0.60s роботу 1 в t=41.10s
2025-09-27 08:28:06 - ROBOTY.safety - DEBUG - Добавлена пауза 0.60s роботу 2 в t=41.10s
2025-09-27 08:28:06 - ROBOTY.safety - DEBUG - Добавлена пауза 0.60s роботу 1 в t=41.15s
2025-09-27 08:28:06 - ROBOTY.safety - DEBUG - Добавлена пауза 0.60s роботу 2 в t=41.15s
2025-09-27 08:28:06 - ROBOTY.safety - DEBUG - Добавлена пауза 0.60s роботу 1 в t=41.20s
2025-09-27 08:28:06 - ROBOTY.safety - DEBUG - Добавлена пауза 0.60s роботу 2 в t=41.20s
2025-09-27 08:28:06 - ROBOTY.safety - DEBUG - Добавлена пауза 0.60s роботу 1 в t=45.35s
2025-09-27 08:28:06 - ROBOTY.safety - DEBUG - Добавлена пауза 0.60s роботу 2 в t=45.35s
2025-09-27 08:28:06 - ROBOTY.safety - DEBUG - Добавлена пауза 0.60s роботу 1 в t=45.40s
2025-09-27 08:28:06 - ROBOTY.safety - DEBUG - Добавлена пауза 0.60s роботу 2 в t=45.40s
2025-09-27 08:28:06 - ROBOTY.safety - DEBUG - Добавлена пауза 0.60s роботу 1 в t=45.45s
2025-09-27 08:28:06 - ROBOTY.safety - DEBUG - Добавлена пауза 0.60s роботу 2 в t=45.45s
2025-09-27 08:28:06 - ROBOTY.safety - DEBUG - Добавлена пауза 0.60s роботу 1 в t=45.50s
2025-09-27 08:28:06 - ROBOTY.safety - DEBUG - Добавлена пауза 0.60s роботу 2 в t=45.50s
2025-09-27 08:28:06 - ROBOTY.safety - DEBUG - Добавлена пауза 0.60s роботу 1 в t=45.55s
2025-09-27 08:28:06 - ROBOTY.safety - DEBUG - Добавлена пауза 0.60s роботу 2 в t=45.55s
2025-09-27 08:28:06 - ROBOTY.safety - DEBUG - Добавлена пауза 0.60s роботу 1 в t=45.60s
2025-09-27 08:28:06 - ROBOTY.safety - DEBUG - Добавлена пауза 0.60s роботу 2 в t=45.60s
2025-09-27 08:28:06 - ROBOTY.safety - DEBUG - Добавлена пауза 0.60s роботу 1 в t=45.65s
2025-09-27 08:28:06 - ROBOTY.safety - DEBUG - Добавлена пауза 0.60s роботу 2 в t=45.65s
2025-09-27 08:28:06 - ROBOTY.safety - DEBUG - Добавлена пауза 0.60s роботу 1 в t=45.70s
2025-09-27 08:28:06 - ROBOTY.safety - DEBUG - Добавлена пауза 0.60s роботу 2 в t=45.70s
2025-09-27 08:28:06 - ROBOTY.safety - DEBUG - Добавлена пауза 0.60s роботу 1 в t=45.75s
2025-09-27 08:28:06 - ROBOTY.safety - DEBUG - Добавлена пауза 0.60s роботу 2 в t=45.75s
2025-09-27 08:28:06 - ROBOTY.safety - DEBUG - Добавлена пауза 0.60s роботу 1 в t=45.80s
2025-09-27 08:28:06 - ROBOTY.safety - DEBUG - Добавлена пауза 0.60s роботу 2 в t=45.80s
2025-09-27 08:28:06 - ROBOTY.safety - DEBUG - Добавлена пауза 0.60s роботу 1 в t=45.85s
2025-09-27 08:28:06 - ROBOTY.safety - DEBUG - Добавлена пауза 0.60s роботу 2 в t=45.85s
2025-09-27 08:28:06 - ROBOTY.safety - DEBUG - Добавлена пауза 0.60s роботу 1 в t=45.90s
2025-09-27 08:28:06 - ROBOTY.safety - DEBUG - Добавлена пауза 0.60s роботу 2 в t=45.90s
2025-09-27 08:28:06 - ROBOTY.safety - DEBUG - Добавлена пауза 0.60s роботу 1 в t=45.95s
2025-09-27 08:28:06 - ROBOTY.safety - DEBUG - Добавлена пауза 0.60s роботу 2 в t=45.95s
2025-09-27 08:28:06 - ROBOTY.safety - DEBUG - Добавлена пауза 0.60s роботу 1 в t=46.00s
2025-09-27 08:28:06 - ROBOTY.safety - DEBUG - Добавлена пауза 0.60s роботу 2 в t=46.00s
2025-09-27 08:28:06 - ROBOTY.safety - DEBUG - Добавлена пауза 0.60s роботу 1 в t=46.05s
2025-09-27 08:28:06 - ROBOTY.safety - DEBUG - Добавлена пауза 0.60s роботу 2 в t=46.05s
2025-09-27 08:28:06 - ROBOTY.safety - DEBUG - Добавлена пауза 0.60s роботу 1 в t=46.10s
2025-09-27 08:28:06 - ROBOTY.safety - DEBUG - Добавлена пауза 0.60s роботу 2 в t=46.10s
2025-09-27 08:28:06 - ROBOTY.safety - DEBUG - Добавлена пауза 0.60s роботу 1 в t=46.15s
2025-09-27 08:28:06 - ROBOTY.safety - DEBUG - Добавлена пауза 0.60s роботу 2 в t=46.15s
2025-09-27 08:28:06 - ROBOTY.safety - DEBUG - Добавлена пауза 0.60s роботу 1 в t=46.20s
2025-09-27 08:28:06 - ROBOTY.safety - DEBUG - Добавлена пауза 0.60s роботу 2 в t=46.20s
2025-09-27 08:28:06 - ROBOTY.safety - DEBUG - Добавлена пауза 0.60s роботу 1 в t=46.25s
2025-09-27 08:28:06 - ROBOTY.safety - DEBUG - Добавлена пауза 0.60s роботу 2 в t=46.25s
2025-09-27 08:28:06 - ROBOTY.safety - DEBUG - Добавлена пауза 0.60s роботу 1 в t=46.30s
2025-09-27 08:28:06 - ROBOTY.safety - DEBUG - Добавлена пауза 0.60s роботу 2 в t=46.30s
2025-09-27 08:28:06 - ROBOTY.safety - DEBUG - Добавлена пауза 0.60s роботу 1 в t=46.35s
2025-09-27 08:28:06 - ROBOTY.safety - DEBUG - Добавлена пауза 0.60s роботу 2 в t=46.35s
2025-09-27 08:28:06 - ROBOTY.safety - DEBUG - Добавлена пауза 0.60s роботу 1 в t=87.10s
2025-09-27 08:28:06 - ROBOTY.safety - DEBUG - Добавлена пауза 0.60s роботу 2 в t=87.10s
2025-09-27 08:28:06 - ROBOTY.safety - DEBUG - Добавлена пауза 0.60s роботу 1 в t=87.15s
2025-09-27 08:28:06 - ROBOTY.safety - DEBUG - Добавлена пауза 0.60s роботу 2 в t=87.15s
2025-09-27 08:28:06 - ROBOTY.safety - DEBUG - Добавлена пауза 0.60s роботу 1 в t=87.20s
2025-09-27 08:28:06 - ROBOTY.safety - DEBUG - Добавлена пауза 0.60s роботу 2 в t=87.20s
2025-09-27 08:28:06 - ROBOTY.safety - DEBUG - Добавлена пауза 0.60s роботу 1 в t=87.25s
2025-09-27 08:28:06 - ROBOTY.safety - DEBUG - Добавлена пауза 0.60s роботу 2 в t=87.25s
2025-09-27 08:28:06 - ROBOTY.safety - DEBUG - Добавлена пауза 0.60s роботу 1 в t=87.30s
2025-09-27 08:28:06 - ROBOTY.safety - DEBUG - Добавлена пауза 0.60s роботу 2 в t=87.30s
2025-09-27 08:28:06 - ROBOTY.safety - DEBUG - Добавлена пауза 0.60s роботу 1 в t=87.35s
2025-09-27 08:28:06 - ROBOTY.safety - DEBUG - Добавлена пауза 0.60s роботу 2 в t=87.35s
2025-09-27 08:28:06 - ROBOTY.safety - DEBUG - Добавлена пауза 0.60s роботу 1 в t=87.40s
2025-09-27 08:28:06 - ROBOTY.safety - DEBUG - Добавлена пауза 0.60s роботу 2 в t=87.40s
2025-09-27 08:28:06 - ROBOTY.safety - DEBUG - Добавлена пауза 0.60s роботу 1 в t=87.45s
2025-09-27 08:28:06 - ROBOTY.safety - DEBUG - Добавлена пауза 0.60s роботу 2 в t=87.45s
2025-09-27 08:28:06 - ROBOTY.safety - DEBUG - Добавлена пауза 0.60s роботу 1 в t=87.50s
2025-09-27 08:28:06 - ROBOTY.safety - DEBUG - Добавлена пауза 0.60s роботу 2 в t=87.50s
2025-09-27 08:28:06 - ROBOTY.safety - DEBUG - Добавлена пауза 0.60s роботу 1 в t=87.55s
2025-09-27 08:28:06 - ROBOTY.safety - DEBUG - Добавлена пауза 0.60s роботу 2 в t=87.55s
2025-09-27 08:28:06 - ROBOTY.safety - DEBUG - Добавлена пауза 0.60s роботу 1 в t=87.60s
2025-09-27 08:28:06 - ROBOTY.safety - DEBUG - Добавлена пауза 0.60s роботу 2 в t=87.60s
2025-09-27 08:28:06 - ROBOTY.safety - DEBUG - Добавлена пауза 0.60s роботу 1 в t=87.65s
2025-09-27 08:28:06 - ROBOTY.safety - DEBUG - Добавлена пауза 0.60s роботу 2 в t=87.65s
2025-09-27 08:28:06 - ROBOTY.safety - DEBUG - Добавлена пауза 0.60s роботу 1 в t=87.70s
2025-09-27 08:28:06 - ROBOTY.safety - DEBUG - Добавлена пауза 0.60s роботу 2 в t=87.70s
2025-09-27 08:28:06 - ROBOTY.safety - DEBUG - Добавлена пауза 0.60s роботу 1 в t=87.75s
2025-09-27 08:28:06 - ROBOTY.safety - DEBUG - Добавлена пауза 0.60s роботу 2 в t=87.75s
2025-09-27 08:28:06 - ROBOTY.safety - DEBUG - Добавлена пауза 0.60s роботу 1 в t=87.80s
2025-09-27 08:28:06 - ROBOTY.safety - DEBUG - Добавлена пауза 0.60s роботу 2 в t=87.80s
2025-09-27 08:28:06 - ROBOTY.safety - DEBUG - Добавлена пауза 0.60s роботу 1 в t=87.85s
2025-09-27 08:28:06 - ROBOTY.safety - DEBUG - Добавлена пауза 0.60s роботу 2 в t=87.85s
2025-09-27 08:28:06 - ROBOTY.safety - DEBUG - Добавлена пауза 0.60s роботу 1 в t=87.90s
2025-09-27 08:28:06 - ROBOTY.safety - DEBUG - Добавлена пауза 0.60s роботу 2 в t=87.90s
2025-09-27 08:28:06 - ROBOTY.safety - DEBUG - Добавлена пауза 0.60s роботу 1 в t=87.95s
2025-09-27 08:28:06 - ROBOTY.safety - DEBUG - Добавлена пауза 0.60s роботу 2 в t=87.95s
2025-09-27 08:28:06 - ROBOTY.safety - DEBUG - Добавлена пауза 0.60s роботу 1 в t=88.00s
2025-09-27 08:28:06 - ROBOTY.safety - DEBUG - Добавлена пауза 0.60s роботу 2 в t=88.00s
2025-09-27 08:28:06 - ROBOTY.safety - DEBUG - Добавлена пауза 0.60s роботу 1 в t=88.05s
2025-09-27 08:28:06 - ROBOTY.safety - DEBUG - Добавлена пауза 0.60s роботу 2 в t=88.05s
2025-09-27 08:28:06 - ROBOTY.safety - DEBUG - Добавлена пауза 0.60s роботу 1 в t=88.10s
2025-09-27 08:28:06 - ROBOTY.safety - DEBUG - Добавлена пауза 0.60s роботу 2 в t=88.10s
2025-09-27 08:28:06 - ROBOTY.safety - DEBUG - Добавлена пауза 0.60s роботу 1 в t=88.15s
2025-09-27 08:28:06 - ROBOTY.safety - DEBUG - Добавлена пауза 0.60s роботу 2 в t=88.15s
2025-09-27 08:28:06 - ROBOTY.safety - DEBUG - Добавлена пауза 0.60s роботу 1 в t=88.20s
2025-09-27 08:28:06 - ROBOTY.safety - DEBUG - Добавлена пауза 0.60s роботу 2 в t=88.20s
2025-09-27 08:28:06 - ROBOTY.safety - DEBUG - Добавлена пауза 0.60s роботу 1 в t=124.00s
2025-09-27 08:28:06 - ROBOTY.safety - DEBUG - Добавлена пауза 0.60s роботу 2 в t=124.00s
2025-09-27 08:28:06 - ROBOTY.safety - DEBUG - Добавлена пауза 0.60s роботу 1 в t=124.05s
2025-09-27 08:28:06 - ROBOTY.safety - DEBUG - Добавлена пауза 0.60s роботу 2 в t=124.05s
2025-09-27 08:28:06 - ROBOTY.safety - DEBUG - Добавлена пауза 0.60s роботу 1 в t=124.10s
2025-09-27 08:28:06 - ROBOTY.safety - DEBUG - Добавлена пауза 0.60s роботу 2 в t=124.10s
2025-09-27 08:28:06 - ROBOTY.safety - DEBUG - Добавлена пауза 0.60s роботу 1 в t=124.15s
2025-09-27 08:28:06 - ROBOTY.safety - DEBUG - Добавлена пауза 0.60s роботу 2 в t=124.15s
2025-09-27 08:28:06 - ROBOTY.safety - DEBUG - Добавлена пауза 0.60s роботу 1 в t=124.20s
2025-09-27 08:28:06 - ROBOTY.safety - DEBUG - Добавлена пауза 0.60s роботу 2 в t=124.20s
2025-09-27 08:28:06 - ROBOTY.safety - DEBUG - Добавлена пауза 0.60s роботу 1 в t=124.25s
2025-09-27 08:28:06 - ROBOTY.safety - DEBUG - Добавлена пауза 0.60s роботу 2 в t=124.25s
2025-09-27 08:28:06 - ROBOTY.safety - DEBUG - Добавлена пауза 0.60s роботу 1 в t=124.30s
2025-09-27 08:28:06 - ROBOTY.safety - DEBUG - Добавлена пауза 0.60s роботу 2 в t=124.30s
2025-09-27 08:28:06 - ROBOTY.safety - DEBUG - Добавлена пауза 0.60s роботу 1 в t=124.35s
2025-09-27 08:28:06 - ROBOTY.safety - DEBUG - Добавлена пауза 0.60s роботу 2 в t=124.35s
2025-09-27 08:28:06 - ROBOTY.safety - DEBUG - Добавлена пауза 0.60s роботу 1 в t=124.40s
2025-09-27 08:28:06 - ROBOTY.safety - DEBUG - Добавлена пауза 0.60s роботу 2 в t=124.40s
2025-09-27 08:28:06 - ROBOTY.safety - DEBUG - Добавлена пауза 0.60s роботу 1 в t=124.45s
2025-09-27 08:28:06 - ROBOTY.safety - DEBUG - Добавлена пауза 0.60s роботу 2 в t=124.45s
2025-09-27 08:28:06 - ROBOTY.safety - DEBUG - Добавлена пауза 0.60s роботу 1 в t=124.50s
2025-09-27 08:28:06 - ROBOTY.safety - DEBUG - Добавлена пауза 0.60s роботу 2 в t=124.50s
2025-09-27 08:28:06 - ROBOTY.safety - DEBUG - Добавлена пауза 0.60s роботу 1 в t=124.55s
2025-09-27 08:28:06 - ROBOTY.safety - DEBUG - Добавлена пауза 0.60s роботу 2 в t=124.55s
2025-09-27 08:28:06 - ROBOTY.safety - DEBUG - Добавлена пауза 0.60s роботу 1 в t=124.60s
2025-09-27 08:28:06 - ROBOTY.safety - DEBUG - Добавлена пауза 0.60s роботу 2 в t=124.60s
2025-09-27 08:28:06 - ROBOTY.safety - DEBUG - Добавлена пауза 0.60s роботу 1 в t=124.65s
2025-09-27 08:28:06 - ROBOTY.safety - DEBUG - Добавлена пауза 0.60s роботу 2 в t=124.65s
2025-09-27 08:28:06 - ROBOTY.safety - DEBUG - Добавлена пауза 0.60s роботу 1 в t=124.70s
2025-09-27 08:28:06 - ROBOTY.safety - DEBUG - Добавлена пауза 0.60s роботу 2 в t=124.70s
2025-09-27 08:28:06 - ROBOTY.safety - DEBUG - Добавлена пауза 0.60s роботу 1 в t=124.75s
2025-09-27 08:28:06 - ROBOTY.safety - DEBUG - Добавлена пауза 0.60s роботу 2 в t=124.75s
2025-09-27 08:28:06 - ROBOTY.safety - DEBUG - Добавлена пауза 0.60s роботу 1 в t=124.80s
2025-09-27 08:28:06 - ROBOTY.safety - DEBUG - Добавлена пауза 0.60s роботу 2 в t=124.80s
2025-09-27 08:28:06 - ROBOTY.safety - DEBUG - Добавлена пауза 0.60s роботу 1 в t=124.85s
2025-09-27 08:28:06 - ROBOTY.safety - DEBUG - Добавлена пауза 0.60s роботу 2 в t=124.85s
2025-09-27 08:28:06 - ROBOTY.safety - DEBUG - Добавлена пауза 0.60s роботу 1 в t=124.90s
2025-09-27 08:28:06 - ROBOTY.safety - DEBUG - Добавлена пауза 0.60s роботу 2 в t=124.90s
2025-09-27 08:28:06 - ROBOTY.safety - DEBUG - Добавлена пауза 0.60s роботу 1 в t=124.95s
2025-09-27 08:28:06 - ROBOTY.safety - DEBUG - Добавлена пауза 0.60s роботу 2 в t=124.95s
2025-09-27 08:28:06 - ROBOTY.safety - DEBUG - Добавлена пауза 0.60s роботу 1 в t=125.00s
2025-09-27 08:28:06 - ROBOTY.safety - DEBUG - Добавлена пауза 0.60s роботу 2 в t=125.00s
2025-09-27 08:28:06 - ROBOTY.safety - DEBUG - Добавлена пауза 0.60s роботу 1 в t=125.05s
2025-09-27 08:28:06 - ROBOTY.safety - DEBUG - Добавлена пауза 0.60s роботу 2 в t=125.05s
2025-09-27 08:28:06 - ROBOTY.safety - DEBUG - Добавлена пауза 0.60s роботу 1 в t=125.10s
2025-09-27 08:28:06 - ROBOTY.safety - DEBUG - Добавлена пауза 0.60s роботу 2 в t=125.10s
2025-09-27 08:28:06 - ROBOTY.safety - DEBUG - Добавлена пауза 0.60s роботу 1 в t=125.15s
2025-09-27 08:28:06 - ROBOTY.safety - DEBUG - Добавлена пауза 0.60s роботу 2 в t=125.15s
2025-09-27 08:28:06 - ROBOTY.safety - DEBUG - Добавлена пауза 0.60s роботу 1 в t=125.20s
2025-09-27 08:28:06 - ROBOTY.safety - DEBUG - Добавлена пауза 0.60s роботу 2 в t=125.20s
2025-09-27 08:28:06 - ROBOTY.safety - DEBUG - Добавлена пауза 0.60s роботу 1 в t=125.25s
2025-09-27 08:28:06 - ROBOTY.safety - DEBUG - Добавлена пауза 0.60s роботу 2 в t=125.25s
2025-09-27 08:28:06 - ROBOTY.safety - DEBUG - Добавлена пауза 0.60s роботу 1 в t=125.30s
2025-09-27 08:28:06 - ROBOTY.safety - DEBUG - Добавлена пауза 0.60s роботу 2 в t=125.30s
2025-09-27 08:28:06 - ROBOTY.safety - DEBUG - Добавлена пауза 0.60s роботу 1 в t=125.35s
2025-09-27 08:28:06 - ROBOTY.safety - DEBUG - Добавлена пауза 0.60s роботу 2 в t=125.35s
2025-09-27 08:28:06 - ROBOTY.safety - DEBUG - Добавлена пауза 0.60s роботу 1 в t=125.40s
2025-09-27 08:28:06 - ROBOTY.safety - DEBUG - Добавлена пауза 0.60s роботу 2 в t=125.40s
2025-09-27 08:28:06 - ROBOTY.safety - DEBUG - Добавлена пауза 0.60s роботу 1 в t=125.45s
2025-09-27 08:28:06 - ROBOTY.safety - DEBUG - Добавлена пауза 0.60s роботу 2 в t=125.45s
2025-09-27 08:28:06 - ROBOTY.safety - DEBUG - Добавлена пауза 0.60s роботу 1 в t=125.50s
2025-09-27 08:28:06 - ROBOTY.safety - DEBUG - Добавлена пауза 0.60s роботу 2 в t=125.50s
2025-09-27 08:28:06 - ROBOTY.safety - DEBUG - Добавлена пауза 0.60s роботу 1 в t=125.55s
2025-09-27 08:28:06 - ROBOTY.safety - DEBUG - Добавлена пауза 0.60s роботу 2 в t=125.55s
2025-09-27 08:28:06 - ROBOTY.safety - DEBUG - Добавлена пауза 0.60s роботу 1 в t=125.60s
2025-09-27 08:28:06 - ROBOTY.safety - DEBUG - Добавлена пауза 0.60s роботу 2 в t=125.60s
2025-09-27 08:28:06 - ROBOTY.safety - DEBUG - Добавлена пауза 0.60s роботу 1 в t=125.65s
2025-09-27 08:28:06 - ROBOTY.safety - DEBUG - Добавлена пауза 0.60s роботу 2 в t=125.65s
2025-09-27 08:28:06 - ROBOTY.safety - DEBUG - Добавлена пауза 0.60s роботу 1 в t=125.70s
2025-09-27 08:28:06 - ROBOTY.safety - DEBUG - Добавлена пауза 0.60s роботу 2 в t=125.70s
2025-09-27 08:28:06 - ROBOTY.safety - DEBUG - Добавлена пауза 0.60s роботу 1 в t=125.75s
2025-09-27 08:28:06 - ROBOTY.safety - DEBUG - Добавлена пауза 0.60s роботу 2 в t=125.75s
2025-09-27 08:28:06 - ROBOTY.safety - DEBUG - Добавлена пауза 0.60s роботу 1 в t=125.80s
2025-09-27 08:28:06 - ROBOTY.safety - DEBUG - Добавлена пауза 0.60s роботу 2 в t=125.80s
2025-09-27 08:28:06 - ROBOTY.safety - DEBUG - Добавлена пауза 0.60s роботу 1 в t=125.85s
2025-09-27 08:28:06 - ROBOTY.safety - DEBUG - Добавлена пауза 0.60s роботу 2 в t=125.85s
2025-09-27 08:28:06 - ROBOTY.safety - DEBUG - Добавлена пауза 0.60s роботу 1 в t=125.90s
2025-09-27 08:28:06 - ROBOTY.safety - DEBUG - Добавлена пауза 0.60s роботу 2 в t=125.90s
2025-09-27 08:28:06 - ROBOTY.safety - DEBUG - Добавлена пауза 0.60s роботу 1 в t=125.95s
2025-09-27 08:28:06 - ROBOTY.safety - DEBUG - Добавлена пауза 0.60s роботу 2 в t=125.95s
2025-09-27 08:28:06 - ROBOTY.safety - DEBUG - Добавлена пауза 0.60s роботу 1 в t=126.00s
2025-09-27 08:28:06 - ROBOTY.safety - DEBUG - Добавлена пауза 0.60s роботу 2 в t=126.00s
2025-09-27 08:28:06 - ROBOTY.safety - DEBUG - Добавлена пауза 0.60s роботу 1 в t=126.05s
2025-09-27 08:28:06 - ROBOTY.safety - DEBUG - Добавлена пауза 0.60s роботу 2 в t=126.05s
2025-09-27 08:28:06 - ROBOTY.safety - DEBUG - Добавлена пауза 0.60s роботу 1 в t=126.10s
2025-09-27 08:28:06 - ROBOTY.safety - DEBUG - Добавлена пауза 0.60s роботу 2 в t=126.10s
2025-09-27 08:28:06 - ROBOTY.safety - DEBUG - Добавлена пауза 0.60s роботу 1 в t=126.15s
2025-09-27 08:28:06 - ROBOTY.safety - DEBUG - Добавлена пауза 0.60s роботу 2 в t=126.15s
2025-09-27 08:28:06 - ROBOTY.safety - DEBUG - Добавлена пауза 0.60s роботу 1 в t=126.20s
2025-09-27 08:28:06 - ROBOTY.safety - DEBUG - Добавлена пауза 0.60s роботу 2 в t=126.20s
2025-09-27 08:28:06 - ROBOTY.safety - DEBUG - Добавлена пауза 0.60s роботу 1 в t=126.25s
2025-09-27 08:28:06 - ROBOTY.safety - DEBUG - Добавлена пауза 0.60s роботу 2 в t=126.25s
2025-09-27 08:28:06 - ROBOTY.safety - DEBUG - Добавлена пауза 0.60s роботу 1 в t=126.30s
2025-09-27 08:28:06 - ROBOTY.safety - DEBUG - Добавлена пауза 0.60s роботу 2 в t=126.30s
2025-09-27 08:28:06 - ROBOTY.safety - DEBUG - Добавлена пауза 0.60s роботу 1 в t=126.35s
2025-09-27 08:28:06 - ROBOTY.safety - DEBUG - Добавлена пауза 0.60s роботу 2 в t=126.35s
2025-09-27 08:28:06 - ROBOTY.safety - DEBUG - Добавлена пауза 0.60s роботу 1 в t=126.40s
2025-09-27 08:28:06 - ROBOTY.safety - DEBUG - Добавлена пауза 0.60s роботу 2 в t=126.40s
2025-09-27 08:28:06 - ROBOTY.safety - DEBUG - Добавлена пауза 0.60s роботу 1 в t=126.45s
2025-09-27 08:28:06 - ROBOTY.safety - DEBUG - Добавлена пауза 0.60s роботу 2 в t=126.45s
2025-09-27 08:28:06 - ROBOTY.safety - DEBUG - Добавлена пауза 0.60s роботу 1 в t=126.50s
2025-09-27 08:28:06 - ROBOTY.safety - DEBUG - Добавлена пауза 0.60s роботу 2 в t=126.50s
2025-09-27 08:28:06 - ROBOTY.safety - DEBUG - Добавлена пауза 0.60s роботу 1 в t=126.55s
2025-09-27 08:28:06 - ROBOTY.safety - DEBUG - Добавлена пауза 0.60s роботу 2 в t=126.55s
2025-09-27 08:28:06 - ROBOTY.safety - DEBUG - Добавлена пауза 0.60s роботу 1 в t=126.60s
2025-09-27 08:28:06 - ROBOTY.safety - DEBUG - Добавлена пауза 0.60s роботу 2 в t=126.60s
2025-09-27 08:28:06 - ROBOTY.safety - DEBUG - Добавлена пауза 0.60s роботу 1 в t=126.65s
2025-09-27 08:28:06 - ROBOTY.safety - DEBUG - Добавлена пауза 0.60s роботу 2 в t=126.65s
2025-09-27 08:28:06 - ROBOTY.safety - INFO - Онлайн-безопасность применена: паузы вставлены
2025-09-27 08:28:06 - ROBOTY.collision - INFO - Начинаем детальную проверку коллизий
2025-09-27 08:28:06 - ROBOTY.collision - DEBUG - Проверяем коллизии в диапазоне времени: 0.00 - 250.63
2025-09-27 08:28:06 - ROBOTY.collision - WARNING - Коллизия: роботы 1 и 2 в 9.90s, расстояние: 0.791, требуется: 0.800
2025-09-27 08:28:06 - ROBOTY.collision - WARNING - Коллизия: роботы 1 и 2 в 10.00s, расстояние: 0.791, требуется: 0.800
2025-09-27 08:28:06 - ROBOTY.collision - WARNING - Коллизия: роботы 1 и 2 в 10.10s, расстояние: 0.791, требуется: 0.800
2025-09-27 08:28:06 - ROBOTY.collision - WARNING - Коллизия: роботы 1 и 2 в 10.20s, расстояние: 0.791, требуется: 0.800
2025-09-27 08:28:06 - ROBOTY.collision - WARNING - Коллизия: роботы 1 и 2 в 10.30s, расстояние: 0.791, требуется: 0.800
2025-09-27 08:28:06 - ROBOTY.collision - WARNING - Коллизия: роботы 1 и 2 в 10.40s, расстояние: 0.791, требуется: 0.800
2025-09-27 08:28:06 - ROBOTY.collision - WARNING - Коллизия: роботы 1 и 2 в 10.50s, расстояние: 0.791, требуется: 0.800
2025-09-27 08:28:06 - ROBOTY.collision - WARNING - Коллизия: роботы 1 и 2 в 10.60s, расстояние: 0.791, требуется: 0.800
2025-09-27 08:28:06 - ROBOTY.collision - WARNING - Коллизия: роботы 1 и 2 в 10.70s, расстояние: 0.791, требуется: 0.800
2025-09-27 08:28:06 - ROBOTY.collision - WARNING - Коллизия: роботы 1 и 2 в 10.80s, расстояние: 0.791, требуется: 0.800
2025-09-27 08:28:06 - ROBOTY.collision - WARNING - Коллизия: роботы 1 и 2 в 10.90s, расстояние: 0.791, требуется: 0.800
2025-09-27 08:28:06 - ROBOTY.collision - WARNING - Коллизия: роботы 1 и 2 в 11.00s, расстояние: 0.791, требуется: 0.800
2025-09-27 08:28:06 - ROBOTY.collision - WARNING - Коллизия: роботы 1 и 2 в 11.10s, расстояние: 0.791, требуется: 0.800
2025-09-27 08:28:06 - ROBOTY.collision - WARNING - Коллизия: роботы 1 и 2 в 11.20s, расстояние: 0.791, требуется: 0.800
2025-09-27 08:28:06 - ROBOTY.collision - WARNING - Коллизия: роботы 1 и 2 в 11.30s, расстояние: 0.791, требуется: 0.800
2025-09-27 08:28:06 - ROBOTY.collision - WARNING - Коллизия: роботы 1 и 2 в 11.40s, расстояние: 0.791, требуется: 0.800
2025-09-27 08:28:06 - ROBOTY.collision - WARNING - Коллизия: роботы 1 и 2 в 11.50s, расстояние: 0.791, требуется: 0.800
2025-09-27 08:28:06 - ROBOTY.collision - WARNING - Коллизия: роботы 1 и 2 в 11.60s, расстояние: 0.791, требуется: 0.800
2025-09-27 08:28:06 - ROBOTY.collision - WARNING - Коллизия: роботы 1 и 2 в 11.70s, расстояние: 0.791, требуется: 0.800
2025-09-27 08:28:06 - ROBOTY.collision - WARNING - Коллизия: роботы 1 и 2 в 11.80s, расстояние: 0.791, требуется: 0.800
2025-09-27 08:28:06 - ROBOTY.collision - WARNING - Коллизия: роботы 1 и 2 в 11.90s, расстояние: 0.791, требуется: 0.800
2025-09-27 08:28:06 - ROBOTY.collision - WARNING - Коллизия: роботы 1 и 2 в 12.00s, расстояние: 0.791, требуется: 0.800
2025-09-27 08:28:06 - ROBOTY.collision - WARNING - Коллизия: роботы 1 и 2 в 12.10s, расстояние: 0.791, требуется: 0.800
2025-09-27 08:28:06 - ROBOTY.collision - WARNING - Коллизия: роботы 1 и 2 в 12.20s, расстояние: 0.791, требуется: 0.800
2025-09-27 08:28:06 - ROBOTY.collision - WARNING - Коллизия: роботы 1 и 2 в 12.30s, расстояние: 0.791, требуется: 0.800
2025-09-27 08:28:06 - ROBOTY.collision - WARNING - Коллизия: роботы 1 и 2 в 12.40s, расстояние: 0.791, требуется: 0.800
2025-09-27 08:28:06 - ROBOTY.collision - WARNING - Коллизия: роботы 1 и 2 в 12.50s, расстояние: 0.791, требуется: 0.800
2025-09-27 08:28:06 - ROBOTY.collision - WARNING - Коллизия: роботы 1 и 2 в 12.60s, расстояние: 0.791, требуется: 0.800
2025-09-27 08:28:06 - ROBOTY.collision - WARNING - Коллизия: роботы 1 и 2 в 12.70s, расстояние: 0.791, требуется: 0.800
2025-09-27 08:28:06 - ROBOTY.collision - WARNING - Коллизия: роботы 1 и 2 в 12.80s, расстояние: 0.791, требуется: 0.800
2025-09-27 08:28:06 - ROBOTY.collision - WARNING - Коллизия: роботы 1 и 2 в 12.90s, расстояние: 0.791, требуется: 0.800
2025-09-27 08:28:06 - ROBOTY.collision - WARNING - Коллизия: роботы 1 и 2 в 13.00s, расстояние: 0.791, требуется: 0.800
2025-09-27 08:28:06 - ROBOTY.collision - WARNING - Коллизия: роботы 1 и 2 в 13.10s, расстояние: 0.791, требуется: 0.800
2025-09-27 08:28:06 - ROBOTY.collision - WARNING - Коллизия: роботы 1 и 2 в 13.20s, расстояние: 0.791, требуется: 0.800
2025-09-27 08:28:06 - ROBOTY.collision - WARNING - Коллизия: роботы 1 и 2 в 13.30s, расстояние: 0.791, требуется: 0.800
2025-09-27 08:28:06 - ROBOTY.collision - WARNING - Коллизия: роботы 1 и 2 в 13.40s, расстояние: 0.791, требуется: 0.800
2025-09-27 08:28:06 - ROBOTY.collision - WARNING - Коллизия: роботы 1 и 2 в 13.50s, расстояние: 0.791, требуется: 0.800
2025-09-27 08:28:06 - ROBOTY.collision - WARNING - Коллизия: роботы 1 и 2 в 13.60s, расстояние: 0.791, требуется: 0.800
2025-09-27 08:28:06 - ROBOTY.collision - WARNING - Коллизия: роботы 1 и 2 в 13.70s, расстояние: 0.791, требуется: 0.800
2025-09-27 08:28:06 - ROBOTY.collision - WARNING - Коллизия: роботы 1 и 2 в 13.80s, расстояние: 0.791, требуется: 0.800
2025-09-27 08:28:06 - ROBOTY.collision - WARNING - Коллизия: роботы 1 и 2 в 13.90s, расстояние: 0.791, требуется: 0.800
2025-09-27 08:28:06 - ROBOTY.collision - WARNING - Коллизия: роботы 1 и 2 в 14.00s, расстояние: 0.791, требуется: 0.800
2025-09-27 08:28:06 - ROBOTY.collision - WARNING - Коллизия: роботы 1 и 2 в 14.10s, расстояние: 0.791, требуется: 0.800
2025-09-27 08:28:06 - ROBOTY.collision - WARNING - Коллизия: роботы 1 и 2 в 14.20s, расстояние: 0.791, требуется: 0.800
2025-09-27 08:28:06 - ROBOTY.collision - WARNING - Коллизия: роботы 1 и 2 в 14.30s, расстояние: 0.791, требуется: 0.800
2025-09-27 08:28:06 - ROBOTY.collision - WARNING - Коллизия: роботы 1 и 2 в 14.40s, расстояние: 0.791, требуется: 0.800
2025-09-27 08:28:06 - ROBOTY.collision - WARNING - Коллизия: роботы 1 и 2 в 14.50s, расстояние: 0.791, требуется: 0.800
2025-09-27 08:28:06 - ROBOTY.collision - WARNING - Коллизия: роботы 1 и 2 в 14.60s, расстояние: 0.791, требуется: 0.800
2025-09-27 08:28:06 - ROBOTY.collision - WARNING - Коллизия: роботы 1 и 2 в 14.70s, расстояние: 0.791, требуется: 0.800
2025-09-27 08:28:06 - ROBOTY.collision - WARNING - Коллизия: роботы 1 и 2 в 14.80s, расстояние: 0.791, требуется: 0.800
2025-09-27 08:28:06 - ROBOTY.collision - WARNING - Коллизия: роботы 1 и 2 в 14.90s, расстояние: 0.791, требуется: 0.800
2025-09-27 08:28:06 - ROBOTY.collision - WARNING - Коллизия: роботы 1 и 2 в 15.00s, расстояние: 0.791, требуется: 0.800
2025-09-27 08:28:06 - ROBOTY.collision - WARNING - Коллизия: роботы 1 и 2 в 15.10s, расстояние: 0.791, требуется: 0.800
2025-09-27 08:28:06 - ROBOTY.collision - WARNING - Коллизия: роботы 1 и 2 в 15.20s, расстояние: 0.791, требуется: 0.800
2025-09-27 08:28:06 - ROBOTY.collision - WARNING - Коллизия: роботы 1 и 2 в 15.30s, расстояние: 0.791, требуется: 0.800
2025-09-27 08:28:06 - ROBOTY.collision - WARNING - Коллизия: роботы 1 и 2 в 15.40s, расстояние: 0.791, требуется: 0.800
2025-09-27 08:28:06 - ROBOTY.collision - WARNING - Коллизия: роботы 1 и 2 в 15.50s, расстояние: 0.791, требуется: 0.800
2025-09-27 08:28:06 - ROBOTY.collision - WARNING - Коллизия: роботы 1 и 2 в 15.60s, расстояние: 0.791, требуется: 0.800
2025-09-27 08:28:06 - ROBOTY.collision - WARNING - Коллизия: роботы 1 и 2 в 15.70s, расстояние: 0.791, требуется: 0.800
2025-09-27 08:28:06 - ROBOTY.collision - WARNING - Коллизия: роботы 1 и 2 в 15.80s, расстояние: 0.791, требуется: 0.800
2025-09-27 08:28:06 - ROBOTY.collision - WARNING - Коллизия: роботы 1 и 2 в 15.90s, расстояние: 0.791, требуется: 0.800
2025-09-27 08:28:06 - ROBOTY.collision - WARNING - Коллизия: роботы 1 и 2 в 16.00s, расстояние: 0.791, требуется: 0.800
2025-09-27 08:28:06 - ROBOTY.collision - WARNING - Коллизия: роботы 1 и 2 в 16.10s, расстояние: 0.791, требуется: 0.800
2025-09-27 08:28:06 - ROBOTY.collision - WARNING - Коллизия: роботы 1 и 2 в 16.20s, расстояние: 0.791, требуется: 0.800
2025-09-27 08:28:06 - ROBOTY.collision - WARNING - Коллизия: роботы 1 и 2 в 16.30s, расстояние: 0.791, требуется: 0.800
2025-09-27 08:28:06 - ROBOTY.collision - WARNING - Коллизия: роботы 1 и 2 в 16.40s, расстояние: 0.791, требуется: 0.800
2025-09-27 08:28:06 - ROBOTY.collision - WARNING - Коллизия: роботы 1 и 2 в 16.50s, расстояние: 0.791, требуется: 0.800
2025-09-27 08:28:06 - ROBOTY.collision - WARNING - Коллизия: роботы 1 и 2 в 16.60s, расстояние: 0.791, требуется: 0.800
2025-09-27 08:28:06 - ROBOTY.collision - WARNING - Коллизия: роботы 1 и 2 в 16.70s, расстояние: 0.791, требуется: 0.800
2025-09-27 08:28:06 - ROBOTY.collision - WARNING - Коллизия: роботы 1 и 2 в 16.80s, расстояние: 0.791, требуется: 0.800
2025-09-27 08:28:06 - ROBOTY.collision - WARNING - Коллизия: роботы 1 и 2 в 16.90s, расстояние: 0.791, требуется: 0.800
2025-09-27 08:28:06 - ROBOTY.collision - WARNING - Коллизия: роботы 1 и 2 в 17.00s, расстояние: 0.791, требуется: 0.800
2025-09-27 08:28:06 - ROBOTY.collision - WARNING - Коллизия: роботы 1 и 2 в 17.10s, расстояние: 0.791, требуется: 0.800
2025-09-27 08:28:06 - ROBOTY.collision - WARNING - Коллизия: роботы 1 и 2 в 17.20s, расстояние: 0.791, требуется: 0.800
2025-09-27 08:28:06 - ROBOTY.collision - WARNING - Коллизия: роботы 1 и 2 в 17.30s, расстояние: 0.791, требуется: 0.800
2025-09-27 08:28:06 - ROBOTY.collision - WARNING - Коллизия: роботы 1 и 2 в 17.40s, расстояние: 0.791, требуется: 0.800
2025-09-27 08:28:06 - ROBOTY.collision - WARNING - Коллизия: роботы 1 и 2 в 17.50s, расстояние: 0.791, требуется: 0.800
2025-09-27 08:28:06 - ROBOTY.collision - WARNING - Коллизия: роботы 1 и 2 в 17.60s, расстояние: 0.791, требуется: 0.800
2025-09-27 08:28:06 - ROBOTY.collision - WARNING - Коллизия: роботы 1 и 2 в 17.70s, расстояние: 0.791, требуется: 0.800
2025-09-27 08:28:06 - ROBOTY.collision - WARNING - Коллизия: роботы 1 и 2 в 17.80s, расстояние: 0.791, требуется: 0.800
2025-09-27 08:28:06 - ROBOTY.collision - WARNING - Коллизия: роботы 1 и 2 в 17.90s, расстояние: 0.791, требуется: 0.800
2025-09-27 08:28:06 - ROBOTY.collision - WARNING - Коллизия: роботы 1 и 2 в 18.00s, расстояние: 0.791, требуется: 0.800
2025-09-27 08:28:06 - ROBOTY.collision - WARNING - Коллизия: роботы 1 и 2 в 18.10s, расстояние: 0.791, требуется: 0.800
2025-09-27 08:28:06 - ROBOTY.collision - WARNING - Коллизия: роботы 1 и 2 в 18.20s, расстояние: 0.791, требуется: 0.800
2025-09-27 08:28:06 - ROBOTY.collision - WARNING - Коллизия: роботы 1 и 2 в 18.30s, расстояние: 0.791, требуется: 0.800
2025-09-27 08:28:06 - ROBOTY.collision - WARNING - Коллизия: роботы 1 и 2 в 18.40s, расстояние: 0.791, требуется: 0.800
2025-09-27 08:28:06 - ROBOTY.collision - WARNING - Коллизия: роботы 1 и 2 в 18.50s, расстояние: 0.791, требуется: 0.800
2025-09-27 08:28:06 - ROBOTY.collision - WARNING - Коллизия: роботы 1 и 2 в 18.60s, расстояние: 0.791, требуется: 0.800
2025-09-27 08:28:06 - ROBOTY.collision - WARNING - Коллизия: роботы 1 и 2 в 18.70s, расстояние: 0.791, требуется: 0.800
2025-09-27 08:28:06 - ROBOTY.collision - WARNING - Коллизия: роботы 1 и 2 в 18.80s, расстояние: 0.791, требуется: 0.800
2025-09-27 08:28:06 - ROBOTY.collision - WARNING - Коллизия: роботы 1 и 2 в 18.90s, расстояние: 0.791, требуется: 0.800
2025-09-27 08:28:06 - ROBOTY.collision - WARNING - Коллизия: роботы 1 и 2 в 19.00s, расстояние: 0.791, требуется: 0.800
2025-09-27 08:28:06 - ROBOTY.collision - WARNING - Коллизия: роботы 1 и 2 в 19.10s, расстояние: 0.791, требуется: 0.800
2025-09-27 08:28:06 - ROBOTY.collision - WARNING - Коллизия: роботы 1 и 2 в 19.20s, расстояние: 0.791, требуется: 0.800
2025-09-27 08:28:06 - ROBOTY.collision - WARNING - Коллизия: роботы 1 и 2 в 19.30s, расстояние: 0.791, требуется: 0.800
2025-09-27 08:28:06 - ROBOTY.collision - WARNING - Коллизия: роботы 1 и 2 в 19.40s, расстояние: 0.791, требуется: 0.800
2025-09-27 08:28:06 - ROBOTY.collision - WARNING - Коллизия: роботы 1 и 2 в 19.50s, расстояние: 0.782, требуется: 0.800
2025-09-27 08:28:06 - ROBOTY.collision - WARNING - Коллизия: роботы 1 и 2 в 19.60s, расстояние: 0.766, требуется: 0.800
2025-09-27 08:28:06 - ROBOTY.collision - WARNING - Коллизия: роботы 1 и 2 в 19.70s, расстояние: 0.753, требуется: 0.800
2025-09-27 08:28:06 - ROBOTY.collision - WARNING - Коллизия: роботы 1 и 2 в 19.80s, расстояние: 0.747, требуется: 0.800
2025-09-27 08:28:06 - ROBOTY.collision - WARNING - Коллизия: роботы 1 и 2 в 19.90s, расстояние: 0.747, требуется: 0.800
2025-09-27 08:28:06 - ROBOTY.collision - WARNING - Коллизия: роботы 1 и 2 в 20.00s, расстояние: 0.755, требуется: 0.800
2025-09-27 08:28:06 - ROBOTY.collision - WARNING - Коллизия: роботы 1 и 2 в 20.10s, расстояние: 0.769, требуется: 0.800
2025-09-27 08:28:06 - ROBOTY.collision - WARNING - Коллизия: роботы 1 и 2 в 20.20s, расстояние: 0.790, требуется: 0.800
2025-09-27 08:28:06 - ROBOTY.collision - WARNING - Коллизия: роботы 1 и 2 в 64.70s, расстояние: 0.794, требуется: 0.800
2025-09-27 08:28:06 - ROBOTY.collision - WARNING - Коллизия: роботы 1 и 2 в 64.80s, расстояние: 0.712, требуется: 0.800
2025-09-27 08:28:06 - ROBOTY.collision - WARNING - Коллизия: роботы 1 и 2 в 64.90s, расстояние: 0.598, требуется: 0.800
2025-09-27 08:28:06 - ROBOTY.collision - WARNING - Коллизия: роботы 1 и 2 в 65.00s, расстояние: 0.512, требуется: 0.800
2025-09-27 08:28:06 - ROBOTY.collision - WARNING - Коллизия: роботы 1 и 2 в 65.10s, расстояние: 0.455, требуется: 0.800
2025-09-27 08:28:06 - ROBOTY.collision - WARNING - Коллизия: роботы 1 и 2 в 65.20s, расстояние: 0.441, требуется: 0.800
2025-09-27 08:28:06 - ROBOTY.collision - WARNING - Коллизия: роботы 1 и 2 в 65.30s, расстояние: 0.464, требуется: 0.800
2025-09-27 08:28:06 - ROBOTY.collision - WARNING - Коллизия: роботы 1 и 2 в 65.40s, расстояние: 0.500, требуется: 0.800
2025-09-27 08:28:06 - ROBOTY.collision - WARNING - Коллизия: роботы 1 и 2 в 65.50s, расстояние: 0.554, требуется: 0.800
2025-09-27 08:28:06 - ROBOTY.collision - WARNING - Коллизия: роботы 1 и 2 в 65.60s, расстояние: 0.622, требуется: 0.800
2025-09-27 08:28:06 - ROBOTY.collision - WARNING - Коллизия: роботы 1 и 2 в 65.70s, расстояние: 0.698, требуется: 0.800
2025-09-27 08:28:06 - ROBOTY.collision - WARNING - Коллизия: роботы 1 и 2 в 65.80s, расстояние: 0.782, требуется: 0.800
2025-09-27 08:28:06 - ROBOTY.collision - WARNING - Коллизия: роботы 1 и 2 в 78.90s, расстояние: 0.792, требуется: 0.800
2025-09-27 08:28:06 - ROBOTY.collision - WARNING - Коллизия: роботы 1 и 2 в 79.00s, расстояние: 0.799, требуется: 0.800
2025-09-27 08:28:06 - ROBOTY.collision - WARNING - Коллизия: роботы 1 и 2 в 83.20s, расстояние: 0.775, требуется: 0.800
2025-09-27 08:28:06 - ROBOTY.collision - WARNING - Коллизия: роботы 1 и 2 в 83.30s, расстояние: 0.736, требуется: 0.800
2025-09-27 08:28:06 - ROBOTY.collision - WARNING - Коллизия: роботы 1 и 2 в 83.40s, расстояние: 0.705, требуется: 0.800
2025-09-27 08:28:06 - ROBOTY.collision - WARNING - Коллизия: роботы 1 и 2 в 83.50s, расстояние: 0.684, требуется: 0.800
2025-09-27 08:28:06 - ROBOTY.collision - WARNING - Коллизия: роботы 1 и 2 в 83.60s, расстояние: 0.672, требуется: 0.800
2025-09-27 08:28:06 - ROBOTY.collision - WARNING - Коллизия: роботы 1 и 2 в 83.70s, расстояние: 0.670, требуется: 0.800
2025-09-27 08:28:06 - ROBOTY.collision - WARNING - Коллизия: роботы 1 и 2 в 83.80s, расстояние: 0.678, требуется: 0.800
2025-09-27 08:28:06 - ROBOTY.collision - WARNING - Коллизия: роботы 1 и 2 в 83.90s, расстояние: 0.696, требуется: 0.800
2025-09-27 08:28:06 - ROBOTY.collision - WARNING - Коллизия: роботы 1 и 2 в 84.00s, расстояние: 0.724, требуется: 0.800
2025-09-27 08:28:06 - ROBOTY.collision - WARNING - Коллизия: роботы 1 и 2 в 84.10s, расстояние: 0.760, требуется: 0.800
2025-09-27 08:28:06 - ROBOTY.collision - WARNING - Коллизия: роботы 1 и 2 в 171.10s, расстояние: 0.797, требуется: 0.800
2025-09-27 08:28:06 - ROBOTY.collision - WARNING - Коллизия: роботы 1 и 2 в 171.20s, расстояние: 0.747, требуется: 0.800
2025-09-27 08:28:06 - ROBOTY.collision - WARNING - Коллизия: роботы 1 и 2 в 171.30s, расстояние: 0.701, требуется: 0.800
2025-09-27 08:28:06 - ROBOTY.collision - WARNING - Коллизия: роботы 1 и 2 в 171.40s, расстояние: 0.660, требуется: 0.800
2025-09-27 08:28:06 - ROBOTY.collision - WARNING - Коллизия: роботы 1 и 2 в 171.50s, расстояние: 0.625, требуется: 0.800
2025-09-27 08:28:06 - ROBOTY.collision - WARNING - Коллизия: роботы 1 и 2 в 171.60s, расстояние: 0.590, требуется: 0.800
2025-09-27 08:28:06 - ROBOTY.collision - WARNING - Коллизия: роботы 1 и 2 в 171.70s, расстояние: 0.563, требуется: 0.800
2025-09-27 08:28:06 - ROBOTY.collision - WARNING - Коллизия: роботы 1 и 2 в 171.80s, расстояние: 0.554, требуется: 0.800
2025-09-27 08:28:06 - ROBOTY.collision - WARNING - Коллизия: роботы 1 и 2 в 171.90s, расстояние: 0.563, требуется: 0.800
2025-09-27 08:28:06 - ROBOTY.collision - WARNING - Коллизия: роботы 1 и 2 в 172.00s, расстояние: 0.608, требуется: 0.800
2025-09-27 08:28:06 - ROBOTY.collision - WARNING - Коллизия: роботы 1 и 2 в 172.10s, расстояние: 0.685, требуется: 0.800
2025-09-27 08:28:06 - ROBOTY.collision - WARNING - Коллизия: роботы 1 и 2 в 172.20s, расстояние: 0.784, требуется: 0.800
2025-09-27 08:28:06 - ROBOTY.collision - WARNING - Коллизия: роботы 1 и 2 в 208.00s, расстояние: 0.792, требуется: 0.800
2025-09-27 08:28:06 - ROBOTY.collision - WARNING - Коллизия: роботы 1 и 2 в 208.10s, расстояние: 0.696, требуется: 0.800
2025-09-27 08:28:06 - ROBOTY.collision - WARNING - Коллизия: роботы 1 и 2 в 208.20s, расстояние: 0.604, требуется: 0.800
2025-09-27 08:28:06 - ROBOTY.collision - WARNING - Коллизия: роботы 1 и 2 в 208.30s, расстояние: 0.516, требуется: 0.800
2025-09-27 08:28:06 - ROBOTY.collision - WARNING - Коллизия: роботы 1 и 2 в 208.40s, расстояние: 0.435, требуется: 0.800
2025-09-27 08:28:06 - ROBOTY.collision - WARNING - Коллизия: роботы 1 и 2 в 208.50s, расстояние: 0.382, требуется: 0.800
2025-09-27 08:28:06 - ROBOTY.collision - WARNING - Коллизия: роботы 1 и 2 в 208.60s, расстояние: 0.353, требуется: 0.800
2025-09-27 08:28:06 - ROBOTY.collision - WARNING - Коллизия: роботы 1 и 2 в 208.70s, расстояние: 0.330, требуется: 0.800
2025-09-27 08:28:06 - ROBOTY.collision - WARNING - Коллизия: роботы 1 и 2 в 208.80s, расстояние: 0.313, требуется: 0.800
2025-09-27 08:28:06 - ROBOTY.collision - WARNING - Коллизия: роботы 1 и 2 в 208.90s, расстояние: 0.307, требуется: 0.800
2025-09-27 08:28:06 - ROBOTY.collision - WARNING - Коллизия: роботы 1 и 2 в 209.00s, расстояние: 0.307, требуется: 0.800
2025-09-27 08:28:06 - ROBOTY.collision - WARNING - Коллизия: роботы 1 и 2 в 209.10s, расстояние: 0.307, требуется: 0.800
2025-09-27 08:28:06 - ROBOTY.collision - WARNING - Коллизия: роботы 1 и 2 в 209.20s, расстояние: 0.307, требуется: 0.800
2025-09-27 08:28:06 - ROBOTY.collision - WARNING - Коллизия: роботы 1 и 2 в 209.30s, расстояние: 0.307, требуется: 0.800
2025-09-27 08:28:06 - ROBOTY.collision - WARNING - Коллизия: роботы 1 и 2 в 209.40s, расстояние: 0.307, требуется: 0.800
2025-09-27 08:28:06 - ROBOTY.collision - WARNING - Коллизия: роботы 1 и 2 в 209.50s, расстояние: 0.307, требуется: 0.800
2025-09-27 08:28:06 - ROBOTY.collision - WARNING - Коллизия: роботы 1 и 2 в 209.60s, расстояние: 0.307, требуется: 0.800
2025-09-27 08:28:06 - ROBOTY.collision - WARNING - Коллизия: роботы 1 и 2 в 209.70s, расстояние: 0.307, требуется: 0.800
2025-09-27 08:28:06 - ROBOTY.collision - WARNING - Коллизия: роботы 1 и 2 в 209.80s, расстояние: 0.307, требуется: 0.800
2025-09-27 08:28:06 - ROBOTY.collision - WARNING - Коллизия: роботы 1 и 2 в 209.90s, расстояние: 0.307, требуется: 0.800
2025-09-27 08:28:06 - ROBOTY.collision - WARNING - Коллизия: роботы 1 и 2 в 210.00s, расстояние: 0.331, требуется: 0.800
2025-09-27 08:28:06 - ROBOTY.collision - WARNING - Коллизия: роботы 1 и 2 в 210.10s, расстояние: 0.389, требуется: 0.800
2025-09-27 08:28:06 - ROBOTY.collision - WARNING - Коллизия: роботы 1 и 2 в 210.20s, расстояние: 0.447, требуется: 0.800
2025-09-27 08:28:06 - ROBOTY.collision - WARNING - Коллизия: роботы 1 и 2 в 210.30s, расстояние: 0.506, требуется: 0.800
2025-09-27 08:28:06 - ROBOTY.collision - WARNING - Коллизия: роботы 1 и 2 в 210.40s, расстояние: 0.566, требуется: 0.800
2025-09-27 08:28:06 - ROBOTY.collision - WARNING - Коллизия: роботы 1 и 2 в 210.50s, расстояние: 0.642, требуется: 0.800
2025-09-27 08:28:06 - ROBOTY.collision - WARNING - Коллизия: роботы 1 и 2 в 210.60s, расстояние: 0.745, требуется: 0.800
2025-09-27 08:28:06 - ROBOTY.collision - ERROR - Обнаружено 167 коллизий
2025-09-27 08:28:06 - ROBOTY.main - WARNING - Коллизии сохраняются после вставки пауз
2025-09-27 08:28:23 - ROBOTY.main - INFO - Открытие визуализатора
2025-09-27 08:28:24 - ROBOTY.visualizer - INFO - Запуск визуализации типа: 3d
2025-09-27 08:28:24 - ROBOTY.visualizer - INFO - Создание 3D визуализации траекторий
2025-09-27 08:28:24 - ROBOTY.visualizer - INFO - 3D визуализация создана
2025-09-27 08:28:24 - ROBOTY.visualizer - INFO - Визуализация записана во временный файл: /var/folders/4m/3pf4f4ds7g3b39tkt544gftr0000gn/T/tmpyqv8n50d_viz_3d.html
2025-09-27 08:28:25 - ROBOTY.visualizer - INFO - Визуализация открыта в браузере из временного файла
2025-09-27 08:28:39 - ROBOTY.main - INFO - Визуализация успешно завершена
2025-09-27 08:28:39 - ROBOTY.visualizer - INFO - Запуск визуализации типа: 3d_anim
2025-09-27 08:28:39 - ROBOTY.visualizer - INFO - Создание 3D анимации траекторий
2025-09-27 08:28:39 - ROBOTY.visualizer - INFO - Создание 3D визуализации траекторий
2025-09-27 08:28:39 - ROBOTY.visualizer - INFO - 3D визуализация создана
2025-09-27 08:28:41 - ROBOTY.visualizer - INFO - Визуализация записана во временный файл: /var/folders/4m/3pf4f4ds7g3b39tkt544gftr0000gn/T/tmpilatgro9_viz_3d_anim.html
2025-09-27 08:28:41 - ROBOTY.visualizer - INFO - Визуализация открыта в браузере из временного файла
2025-09-27 08:28:41 - ROBOTY.main - INFO - Визуализация успешно завершена (в фоне, временный файл будет удалён автоматически)
