2025-09-26 11:00:01 - ROBOTY.main - INFO - Запуск приложения ROBOTY
2025-09-26 11:00:01 - ROBOTY.main - INFO - Применена тема: dark
2025-09-26 11:00:01 - ROBOTY.main - INFO - Интерфейс инициализирован
2025-09-26 11:00:02 - ROBOTY.main - INFO - Приложение успешно запущено
2025-09-26 11:00:07 - ROBOTY.main - INFO - Создан входной файл: C:\Users\22200490\.cursor\ROBOTY-main\data\input_20250926_110003.json
2025-09-26 11:00:07 - ROBOTY.parser - INFO - Начинаем загрузку файла: C:\Users\22200490\.cursor\ROBOTY-main\data\input_20250926_110003.json
2025-09-26 11:00:07 - ROBOTY.parser - INFO - Файл C:\Users\22200490\.cursor\ROBOTY-main\data\input_20250926_110003.json успешно загружен
2025-09-26 11:00:07 - ROBOTY.parser - DEBUG - Робот 1 успешно загружен
2025-09-26 11:00:07 - ROBOTY.parser - DEBUG - Операция 1 успешно загружена
2025-09-26 11:00:07 - ROBOTY.parser - DEBUG - Операция 2 успешно загружена
2025-09-26 11:00:07 - ROBOTY.parser - DEBUG - Операция 3 успешно загружена
2025-09-26 11:00:07 - ROBOTY.parser - DEBUG - Операция 4 успешно загружена
2025-09-26 11:00:07 - ROBOTY.parser - DEBUG - Операция 5 успешно загружена
2025-09-26 11:00:07 - ROBOTY.parser - DEBUG - Операция 6 успешно загружена
2025-09-26 11:00:07 - ROBOTY.parser - DEBUG - Операция 7 успешно загружена
2025-09-26 11:00:07 - ROBOTY.parser - DEBUG - Операция 8 успешно загружена
2025-09-26 11:00:07 - ROBOTY.parser - DEBUG - Операция 9 успешно загружена
2025-09-26 11:00:07 - ROBOTY.parser - DEBUG - Операция 10 успешно загружена
2025-09-26 11:00:07 - ROBOTY.parser - DEBUG - Операция 11 успешно загружена
2025-09-26 11:00:07 - ROBOTY.parser - DEBUG - Операция 12 успешно загружена
2025-09-26 11:00:07 - ROBOTY.parser - DEBUG - Операция 13 успешно загружена
2025-09-26 11:00:07 - ROBOTY.parser - DEBUG - Операция 14 успешно загружена
2025-09-26 11:00:07 - ROBOTY.parser - DEBUG - Операция 15 успешно загружена
2025-09-26 11:00:07 - ROBOTY.parser - DEBUG - Операция 16 успешно загружена
2025-09-26 11:00:07 - ROBOTY.parser - DEBUG - Операция 17 успешно загружена
2025-09-26 11:00:07 - ROBOTY.parser - DEBUG - Операция 18 успешно загружена
2025-09-26 11:00:07 - ROBOTY.parser - DEBUG - Операция 19 успешно загружена
2025-09-26 11:00:07 - ROBOTY.parser - DEBUG - Операция 20 успешно загружена
2025-09-26 11:00:07 - ROBOTY.parser - DEBUG - Операция 21 успешно загружена
2025-09-26 11:00:07 - ROBOTY.parser - DEBUG - Операция 22 успешно загружена
2025-09-26 11:00:07 - ROBOTY.parser - DEBUG - Операция 23 успешно загружена
2025-09-26 11:00:07 - ROBOTY.parser - DEBUG - Операция 24 успешно загружена
2025-09-26 11:00:07 - ROBOTY.parser - DEBUG - Операция 25 успешно загружена
2025-09-26 11:00:07 - ROBOTY.parser - DEBUG - Операция 26 успешно загружена
2025-09-26 11:00:07 - ROBOTY.parser - DEBUG - Операция 27 успешно загружена
2025-09-26 11:00:07 - ROBOTY.parser - DEBUG - Операция 28 успешно загружена
2025-09-26 11:00:07 - ROBOTY.parser - DEBUG - Операция 29 успешно загружена
2025-09-26 11:00:07 - ROBOTY.parser - DEBUG - Операция 30 успешно загружена
2025-09-26 11:00:07 - ROBOTY.parser - INFO - Загружено 1 роботов и 30 операций
2025-09-26 11:00:13 - ROBOTY.main - INFO - Запуск планировщика
2025-09-26 11:00:13 - ROBOTY.planner - INFO - Запуск планировщика траекторий
2025-09-26 11:00:13 - ROBOTY.assigner - INFO - Начинаем назначение операций методом: balanced
2025-09-26 11:00:13 - ROBOTY.assigner - DEBUG - Операция 0 назначена роботу 0 (нагрузка: 14.44)
2025-09-26 11:00:13 - ROBOTY.assigner - DEBUG - Операция 1 назначена роботу 0 (нагрузка: 27.20)
2025-09-26 11:00:13 - ROBOTY.assigner - DEBUG - Операция 2 назначена роботу 0 (нагрузка: 38.57)
2025-09-26 11:00:13 - ROBOTY.assigner - DEBUG - Операция 3 назначена роботу 0 (нагрузка: 54.95)
2025-09-26 11:00:13 - ROBOTY.assigner - DEBUG - Операция 4 назначена роботу 0 (нагрузка: 75.29)
2025-09-26 11:00:13 - ROBOTY.assigner - DEBUG - Операция 5 назначена роботу 0 (нагрузка: 86.34)
2025-09-26 11:00:13 - ROBOTY.assigner - DEBUG - Операция 6 назначена роботу 0 (нагрузка: 98.92)
2025-09-26 11:00:13 - ROBOTY.assigner - DEBUG - Операция 7 назначена роботу 0 (нагрузка: 117.36)
2025-09-26 11:00:13 - ROBOTY.assigner - DEBUG - Операция 8 назначена роботу 0 (нагрузка: 131.32)
2025-09-26 11:00:13 - ROBOTY.assigner - DEBUG - Операция 9 назначена роботу 0 (нагрузка: 142.15)
2025-09-26 11:00:13 - ROBOTY.assigner - DEBUG - Операция 10 назначена роботу 0 (нагрузка: 154.33)
2025-09-26 11:00:13 - ROBOTY.assigner - DEBUG - Операция 11 назначена роботу 0 (нагрузка: 167.56)
2025-09-26 11:00:13 - ROBOTY.assigner - DEBUG - Операция 12 назначена роботу 0 (нагрузка: 182.90)
2025-09-26 11:00:13 - ROBOTY.assigner - DEBUG - Операция 13 назначена роботу 0 (нагрузка: 197.16)
2025-09-26 11:00:13 - ROBOTY.assigner - DEBUG - Операция 14 назначена роботу 0 (нагрузка: 212.14)
2025-09-26 11:00:13 - ROBOTY.assigner - DEBUG - Операция 15 назначена роботу 0 (нагрузка: 223.93)
2025-09-26 11:00:13 - ROBOTY.assigner - DEBUG - Операция 16 назначена роботу 0 (нагрузка: 236.43)
2025-09-26 11:00:13 - ROBOTY.assigner - DEBUG - Операция 17 назначена роботу 0 (нагрузка: 252.45)
2025-09-26 11:00:13 - ROBOTY.assigner - DEBUG - Операция 18 назначена роботу 0 (нагрузка: 268.92)
2025-09-26 11:00:13 - ROBOTY.assigner - DEBUG - Операция 19 назначена роботу 0 (нагрузка: 286.98)
2025-09-26 11:00:13 - ROBOTY.assigner - DEBUG - Операция 20 назначена роботу 0 (нагрузка: 298.20)
2025-09-26 11:00:13 - ROBOTY.assigner - DEBUG - Операция 21 назначена роботу 0 (нагрузка: 309.43)
2025-09-26 11:00:13 - ROBOTY.assigner - DEBUG - Операция 22 назначена роботу 0 (нагрузка: 317.96)
2025-09-26 11:00:13 - ROBOTY.assigner - DEBUG - Операция 23 назначена роботу 0 (нагрузка: 330.18)
2025-09-26 11:00:13 - ROBOTY.assigner - DEBUG - Операция 24 назначена роботу 0 (нагрузка: 341.13)
2025-09-26 11:00:13 - ROBOTY.assigner - DEBUG - Операция 25 назначена роботу 0 (нагрузка: 353.24)
2025-09-26 11:00:13 - ROBOTY.assigner - DEBUG - Операция 26 назначена роботу 0 (нагрузка: 364.10)
2025-09-26 11:00:13 - ROBOTY.assigner - DEBUG - Операция 27 назначена роботу 0 (нагрузка: 371.99)
2025-09-26 11:00:13 - ROBOTY.assigner - DEBUG - Операция 28 назначена роботу 0 (нагрузка: 383.42)
2025-09-26 11:00:13 - ROBOTY.assigner - DEBUG - Операция 29 назначена роботу 0 (нагрузка: 393.58)
2025-09-26 11:00:13 - ROBOTY.assigner - INFO - Распределено 30 операций с балансировкой нагрузки
2025-09-26 11:00:13 - ROBOTY.assigner - INFO - Итоговые нагрузки роботов: ['393.58']
2025-09-26 11:00:13 - ROBOTY.assigner - INFO - Робот 0: 30 операций, нагрузка 393.58
2025-09-26 11:00:13 - ROBOTY.planner - INFO - Операции назначены методом: balanced
2025-09-26 11:00:13 - ROBOTY.planner - INFO - Планирование траектории для робота 1 (ID: 1) с 30 операциями
2025-09-26 11:00:13 - ROBOTY.planner - DEBUG - Планирование траектории для робота с 30 операциями
2025-09-26 11:00:13 - ROBOTY.planner - DEBUG - Операция 1 запланирована, время завершения: 16.51
2025-09-26 11:00:13 - ROBOTY.planner - DEBUG - Операция 2 запланирована, время завершения: 27.83
2025-09-26 11:00:13 - ROBOTY.planner - DEBUG - Операция 3 запланирована, время завершения: 39.02
2025-09-26 11:00:13 - ROBOTY.planner - DEBUG - Операция 4 запланирована, время завершения: 50.57
2025-09-26 11:00:13 - ROBOTY.planner - DEBUG - Операция 5 запланирована, время завершения: 69.45
2025-09-26 11:00:13 - ROBOTY.planner - DEBUG - Операция 6 запланирована, время завершения: 80.54
2025-09-26 11:00:13 - ROBOTY.planner - DEBUG - Операция 7 запланирована, время завершения: 88.91
2025-09-26 11:00:13 - ROBOTY.planner - DEBUG - Операция 8 запланирована, время завершения: 105.37
2025-09-26 11:00:13 - ROBOTY.planner - DEBUG - Операция 9 запланирована, время завершения: 116.95
2025-09-26 11:00:13 - ROBOTY.planner - DEBUG - Операция 10 запланирована, время завершения: 131.43
2025-09-26 11:00:13 - ROBOTY.planner - DEBUG - Операция 11 запланирована, время завершения: 144.23
2025-09-26 11:00:13 - ROBOTY.planner - DEBUG - Операция 12 запланирована, время завершения: 153.52
2025-09-26 11:00:13 - ROBOTY.planner - DEBUG - Операция 13 запланирована, время завершения: 166.11
2025-09-26 11:00:13 - ROBOTY.planner - DEBUG - Операция 14 запланирована, время завершения: 179.82
2025-09-26 11:00:13 - ROBOTY.planner - DEBUG - Операция 15 запланирована, время завершения: 195.02
2025-09-26 11:00:13 - ROBOTY.planner - DEBUG - Операция 16 запланирована, время завершения: 205.51
2025-09-26 11:00:13 - ROBOTY.planner - DEBUG - Операция 17 запланирована, время завершения: 214.47
2025-09-26 11:00:13 - ROBOTY.planner - DEBUG - Операция 18 запланирована, время завершения: 229.62
2025-09-26 11:00:13 - ROBOTY.planner - DEBUG - Операция 19 запланирована, время завершения: 243.49
2025-09-26 11:00:13 - ROBOTY.planner - DEBUG - Операция 20 запланирована, время завершения: 260.37
2025-09-26 11:00:13 - ROBOTY.planner - DEBUG - Операция 21 запланирована, время завершения: 271.35
2025-09-26 11:00:13 - ROBOTY.planner - DEBUG - Операция 22 запланирована, время завершения: 278.13
2025-09-26 11:00:13 - ROBOTY.planner - DEBUG - Операция 23 запланирована, время завершения: 289.33
2025-09-26 11:00:13 - ROBOTY.planner - DEBUG - Операция 24 запланирована, время завершения: 299.11
2025-09-26 11:00:13 - ROBOTY.planner - DEBUG - Операция 25 запланирована, время завершения: 311.41
2025-09-26 11:00:13 - ROBOTY.planner - DEBUG - Операция 26 запланирована, время завершения: 322.49
2025-09-26 11:00:13 - ROBOTY.planner - DEBUG - Операция 27 запланирована, время завершения: 336.58
2025-09-26 11:00:13 - ROBOTY.planner - DEBUG - Операция 28 запланирована, время завершения: 344.96
2025-09-26 11:00:13 - ROBOTY.planner - DEBUG - Операция 29 запланирована, время завершения: 359.47
2025-09-26 11:00:13 - ROBOTY.planner - DEBUG - Операция 30 запланирована, время завершения: 367.57
2025-09-26 11:00:13 - ROBOTY.planner - INFO - Траектория робота запланирована, общее время: 367.57
2025-09-26 11:00:13 - ROBOTY.planner - INFO - Робот 1: траектория содержит 720 точек
2025-09-26 11:00:13 - ROBOTY.planner - INFO - Планирование завершено. Makespan: 367.57
2025-09-26 11:00:13 - ROBOTY.main - INFO - Планировщик успешно завершил работу
2025-09-26 11:00:13 - ROBOTY.collision - INFO - Начинаем детальную проверку коллизий
2025-09-26 11:00:13 - ROBOTY.collision - INFO - Недостаточно роботов для проверки коллизий
2025-09-26 11:00:13 - ROBOTY.main - INFO - Коллизий не обнаружено
2025-09-26 11:00:17 - ROBOTY.main - INFO - Открытие визуализатора
2025-09-26 11:00:17 - ROBOTY.main - INFO - Визуализация успешно завершена
2025-09-26 11:00:17 - ROBOTY.visualizer - INFO - Запуск визуализации типа: 3d_anim
2025-09-26 11:00:17 - ROBOTY.visualizer - INFO - Создание 3D анимации траекторий
2025-09-26 11:00:17 - ROBOTY.visualizer - INFO - Создание 3D визуализации траекторий
2025-09-26 11:00:17 - ROBOTY.visualizer - INFO - 3D визуализация создана
2025-09-26 11:00:17 - ROBOTY.mesh_loader - INFO - OBJ загружен: 1758706684_68d3bbfcdbb32.obj, вершин=48087, треугольников=96202
2025-09-26 11:00:32 - ROBOTY.main - INFO - Применена тема: light
2025-09-26 11:00:32 - ROBOTY.main - INFO - Переключение темы: light -> light
2025-09-26 11:00:32 - ROBOTY.main - INFO - Применена тема: dark
2025-09-26 11:00:33 - ROBOTY.main - INFO - Переключение темы: dark -> dark
2025-09-26 11:08:37 - ROBOTY.main - INFO - Логи очищены пользователем
