2025-09-24 00:20:41 - ROBOTY.main - INFO - Запуск приложения ROBOTY
2025-09-24 00:20:41 - ROBOTY.main - INFO - Применена тема: light
2025-09-24 00:20:41 - ROBOTY.main - INFO - Интерфейс инициализирован
2025-09-24 00:20:41 - ROBOTY.main - INFO - Приложение успешно запущено
2025-09-24 00:20:47 - ROBOTY.main - INFO - Применена тема: dark
2025-09-24 00:20:47 - ROBOTY.main - INFO - Переключение темы: dark -> dark
2025-09-24 00:20:58 - ROBOTY.main - INFO - Создан входной файл: C:\Users\79518\.cursor\ROBOTY\data\input_20250924_002053.json
2025-09-24 00:20:58 - ROBOTY.parser - INFO - Начинаем загрузку файла: C:\Users\79518\.cursor\ROBOTY\data\input_20250924_002053.json
2025-09-24 00:20:58 - ROBOTY.parser - INFO - Файл C:\Users\79518\.cursor\ROBOTY\data\input_20250924_002053.json успешно загружен
2025-09-24 00:20:58 - ROBOTY.parser - DEBUG - Робот 1 успешно загружен
2025-09-24 00:20:58 - ROBOTY.parser - DEBUG - Операция 1 успешно загружена
2025-09-24 00:20:58 - ROBOTY.parser - DEBUG - Операция 2 успешно загружена
2025-09-24 00:20:58 - ROBOTY.parser - DEBUG - Операция 3 успешно загружена
2025-09-24 00:20:58 - ROBOTY.parser - DEBUG - Операция 4 успешно загружена
2025-09-24 00:20:58 - ROBOTY.parser - DEBUG - Операция 5 успешно загружена
2025-09-24 00:20:58 - ROBOTY.parser - DEBUG - Операция 6 успешно загружена
2025-09-24 00:20:58 - ROBOTY.parser - DEBUG - Операция 7 успешно загружена
2025-09-24 00:20:58 - ROBOTY.parser - DEBUG - Операция 8 успешно загружена
2025-09-24 00:20:58 - ROBOTY.parser - DEBUG - Операция 9 успешно загружена
2025-09-24 00:20:58 - ROBOTY.parser - DEBUG - Операция 10 успешно загружена
2025-09-24 00:20:58 - ROBOTY.parser - DEBUG - Операция 11 успешно загружена
2025-09-24 00:20:58 - ROBOTY.parser - DEBUG - Операция 12 успешно загружена
2025-09-24 00:20:58 - ROBOTY.parser - DEBUG - Операция 13 успешно загружена
2025-09-24 00:20:58 - ROBOTY.parser - DEBUG - Операция 14 успешно загружена
2025-09-24 00:20:58 - ROBOTY.parser - DEBUG - Операция 15 успешно загружена
2025-09-24 00:20:58 - ROBOTY.parser - DEBUG - Операция 16 успешно загружена
2025-09-24 00:20:58 - ROBOTY.parser - DEBUG - Операция 17 успешно загружена
2025-09-24 00:20:58 - ROBOTY.parser - DEBUG - Операция 18 успешно загружена
2025-09-24 00:20:58 - ROBOTY.parser - DEBUG - Операция 19 успешно загружена
2025-09-24 00:20:58 - ROBOTY.parser - DEBUG - Операция 20 успешно загружена
2025-09-24 00:20:58 - ROBOTY.parser - DEBUG - Операция 21 успешно загружена
2025-09-24 00:20:58 - ROBOTY.parser - DEBUG - Операция 22 успешно загружена
2025-09-24 00:20:58 - ROBOTY.parser - DEBUG - Операция 23 успешно загружена
2025-09-24 00:20:58 - ROBOTY.parser - DEBUG - Операция 24 успешно загружена
2025-09-24 00:20:58 - ROBOTY.parser - DEBUG - Операция 25 успешно загружена
2025-09-24 00:20:58 - ROBOTY.parser - DEBUG - Операция 26 успешно загружена
2025-09-24 00:20:58 - ROBOTY.parser - DEBUG - Операция 27 успешно загружена
2025-09-24 00:20:58 - ROBOTY.parser - DEBUG - Операция 28 успешно загружена
2025-09-24 00:20:58 - ROBOTY.parser - DEBUG - Операция 29 успешно загружена
2025-09-24 00:20:58 - ROBOTY.parser - DEBUG - Операция 30 успешно загружена
2025-09-24 00:20:58 - ROBOTY.parser - INFO - Загружено 1 роботов и 30 операций
2025-09-24 00:20:59 - ROBOTY.main - INFO - Запуск планировщика
2025-09-24 00:20:59 - ROBOTY.planner - INFO - Запуск планировщика траекторий
2025-09-24 00:20:59 - ROBOTY.assigner - INFO - Начинаем назначение операций методом: round_robin
2025-09-24 00:20:59 - ROBOTY.assigner - DEBUG - Операция 0 назначена роботу 0
2025-09-24 00:20:59 - ROBOTY.assigner - DEBUG - Операция 1 назначена роботу 0
2025-09-24 00:20:59 - ROBOTY.assigner - DEBUG - Операция 2 назначена роботу 0
2025-09-24 00:20:59 - ROBOTY.assigner - DEBUG - Операция 3 назначена роботу 0
2025-09-24 00:20:59 - ROBOTY.assigner - DEBUG - Операция 4 назначена роботу 0
2025-09-24 00:20:59 - ROBOTY.assigner - DEBUG - Операция 5 назначена роботу 0
2025-09-24 00:20:59 - ROBOTY.assigner - DEBUG - Операция 6 назначена роботу 0
2025-09-24 00:20:59 - ROBOTY.assigner - DEBUG - Операция 7 назначена роботу 0
2025-09-24 00:20:59 - ROBOTY.assigner - DEBUG - Операция 8 назначена роботу 0
2025-09-24 00:20:59 - ROBOTY.assigner - DEBUG - Операция 9 назначена роботу 0
2025-09-24 00:20:59 - ROBOTY.assigner - DEBUG - Операция 10 назначена роботу 0
2025-09-24 00:20:59 - ROBOTY.assigner - DEBUG - Операция 11 назначена роботу 0
2025-09-24 00:20:59 - ROBOTY.assigner - DEBUG - Операция 12 назначена роботу 0
2025-09-24 00:20:59 - ROBOTY.assigner - DEBUG - Операция 13 назначена роботу 0
2025-09-24 00:20:59 - ROBOTY.assigner - DEBUG - Операция 14 назначена роботу 0
2025-09-24 00:20:59 - ROBOTY.assigner - DEBUG - Операция 15 назначена роботу 0
2025-09-24 00:20:59 - ROBOTY.assigner - DEBUG - Операция 16 назначена роботу 0
2025-09-24 00:20:59 - ROBOTY.assigner - DEBUG - Операция 17 назначена роботу 0
2025-09-24 00:20:59 - ROBOTY.assigner - DEBUG - Операция 18 назначена роботу 0
2025-09-24 00:20:59 - ROBOTY.assigner - DEBUG - Операция 19 назначена роботу 0
2025-09-24 00:20:59 - ROBOTY.assigner - DEBUG - Операция 20 назначена роботу 0
2025-09-24 00:20:59 - ROBOTY.assigner - DEBUG - Операция 21 назначена роботу 0
2025-09-24 00:20:59 - ROBOTY.assigner - DEBUG - Операция 22 назначена роботу 0
2025-09-24 00:20:59 - ROBOTY.assigner - DEBUG - Операция 23 назначена роботу 0
2025-09-24 00:20:59 - ROBOTY.assigner - DEBUG - Операция 24 назначена роботу 0
2025-09-24 00:20:59 - ROBOTY.assigner - DEBUG - Операция 25 назначена роботу 0
2025-09-24 00:20:59 - ROBOTY.assigner - DEBUG - Операция 26 назначена роботу 0
2025-09-24 00:20:59 - ROBOTY.assigner - DEBUG - Операция 27 назначена роботу 0
2025-09-24 00:20:59 - ROBOTY.assigner - DEBUG - Операция 28 назначена роботу 0
2025-09-24 00:20:59 - ROBOTY.assigner - DEBUG - Операция 29 назначена роботу 0
2025-09-24 00:20:59 - ROBOTY.assigner - INFO - Распределено 30 операций между 1 роботами
2025-09-24 00:20:59 - ROBOTY.assigner - INFO - Робот 0: 30 операций
2025-09-24 00:20:59 - ROBOTY.planner - INFO - Операции назначены методом: round_robin
2025-09-24 00:20:59 - ROBOTY.planner - INFO - Планирование траектории для робота 1 (ID: 1) с 30 операциями
2025-09-24 00:20:59 - ROBOTY.planner - DEBUG - Планирование траектории для робота с 30 операциями
2025-09-24 00:20:59 - ROBOTY.planner - DEBUG - Операция 1 запланирована, время завершения: 15.13
2025-09-24 00:20:59 - ROBOTY.planner - DEBUG - Операция 2 запланирована, время завершения: 24.04
2025-09-24 00:20:59 - ROBOTY.planner - DEBUG - Операция 3 запланирована, время завершения: 37.44
2025-09-24 00:20:59 - ROBOTY.planner - DEBUG - Операция 4 запланирована, время завершения: 47.56
2025-09-24 00:20:59 - ROBOTY.planner - DEBUG - Операция 5 запланирована, время завершения: 63.68
2025-09-24 00:20:59 - ROBOTY.planner - DEBUG - Операция 6 запланирована, время завершения: 79.86
2025-09-24 00:20:59 - ROBOTY.planner - DEBUG - Операция 7 запланирована, время завершения: 98.05
2025-09-24 00:20:59 - ROBOTY.planner - DEBUG - Операция 8 запланирована, время завершения: 117.65
2025-09-24 00:20:59 - ROBOTY.planner - DEBUG - Операция 9 запланирована, время завершения: 135.08
2025-09-24 00:20:59 - ROBOTY.planner - DEBUG - Операция 10 запланирована, время завершения: 148.79
2025-09-24 00:20:59 - ROBOTY.planner - DEBUG - Операция 11 запланирована, время завершения: 168.47
2025-09-24 00:20:59 - ROBOTY.planner - DEBUG - Операция 12 запланирована, время завершения: 185.96
2025-09-24 00:20:59 - ROBOTY.planner - DEBUG - Операция 13 запланирована, время завершения: 202.73
2025-09-24 00:20:59 - ROBOTY.planner - DEBUG - Операция 14 запланирована, время завершения: 218.14
2025-09-24 00:20:59 - ROBOTY.planner - DEBUG - Операция 15 запланирована, время завершения: 236.20
2025-09-24 00:20:59 - ROBOTY.planner - DEBUG - Операция 16 запланирована, время завершения: 253.41
2025-09-24 00:20:59 - ROBOTY.planner - DEBUG - Операция 17 запланирована, время завершения: 261.71
2025-09-24 00:20:59 - ROBOTY.planner - DEBUG - Операция 18 запланирована, время завершения: 279.42
2025-09-24 00:20:59 - ROBOTY.planner - DEBUG - Операция 19 запланирована, время завершения: 294.65
2025-09-24 00:20:59 - ROBOTY.planner - DEBUG - Операция 20 запланирована, время завершения: 304.70
2025-09-24 00:20:59 - ROBOTY.planner - DEBUG - Операция 21 запланирована, время завершения: 315.67
2025-09-24 00:20:59 - ROBOTY.planner - DEBUG - Операция 22 запланирована, время завершения: 323.28
2025-09-24 00:20:59 - ROBOTY.planner - DEBUG - Операция 23 запланирована, время завершения: 337.28
2025-09-24 00:20:59 - ROBOTY.planner - DEBUG - Операция 24 запланирована, время завершения: 355.20
2025-09-24 00:20:59 - ROBOTY.planner - DEBUG - Операция 25 запланирована, время завершения: 367.22
2025-09-24 00:20:59 - ROBOTY.planner - DEBUG - Операция 26 запланирована, время завершения: 388.87
2025-09-24 00:20:59 - ROBOTY.planner - DEBUG - Операция 27 запланирована, время завершения: 401.31
2025-09-24 00:20:59 - ROBOTY.planner - DEBUG - Операция 28 запланирована, время завершения: 411.42
2025-09-24 00:20:59 - ROBOTY.planner - DEBUG - Операция 29 запланирована, время завершения: 421.28
2025-09-24 00:20:59 - ROBOTY.planner - DEBUG - Операция 30 запланирована, время завершения: 438.33
2025-09-24 00:20:59 - ROBOTY.planner - INFO - Траектория робота запланирована, общее время: 438.33
2025-09-24 00:20:59 - ROBOTY.planner - INFO - Робот 1: траектория содержит 720 точек
2025-09-24 00:20:59 - ROBOTY.planner - INFO - Планирование завершено. Makespan: 438.33
2025-09-24 00:20:59 - ROBOTY.main - INFO - Планировщик успешно завершил работу
2025-09-24 00:20:59 - ROBOTY.collision - INFO - Начинаем детальную проверку коллизий
2025-09-24 00:20:59 - ROBOTY.collision - INFO - Недостаточно роботов для проверки коллизий
2025-09-24 00:20:59 - ROBOTY.main - INFO - Коллизий не обнаружено
2025-09-24 00:21:01 - ROBOTY.main - INFO - Открытие визуализатора
2025-09-24 00:21:01 - ROBOTY.main - INFO - Визуализация успешно завершена
2025-09-24 00:21:01 - ROBOTY.visualizer - INFO - Запуск визуализации типа: 3d_anim
2025-09-24 00:21:01 - ROBOTY.visualizer - INFO - Создание 3D анимации траекторий
2025-09-24 00:21:01 - ROBOTY.visualizer - INFO - Создание 3D визуализации траекторий
2025-09-24 00:21:02 - ROBOTY.visualizer - INFO - 3D визуализация создана
2025-09-24 00:21:02 - ROBOTY.mesh_loader - INFO - OBJ загружен: assets/robots/kuka/kr_360_fortec.obj, вершин=16, треугольников=24
2025-09-24 00:21:02 - ROBOTY.mesh_loader - ERROR - Ошибка чтения hand definition C:\Users\79518\OneDrive\Рабочий стол\Конкурс\Улучшения.txt: could not convert string to float: 'x1'
2025-09-24 00:21:35 - ROBOTY.visualizer - INFO - Визуализация сохранена в файл: C:\Users\79518\.cursor\ROBOTY\viz\..\outputs\visualizations\visualization_3d_anim_20250924_002130.html
2025-09-24 00:21:38 - ROBOTY.visualizer - INFO - Визуализация открыта в браузере
2025-09-24 00:21:38 - ROBOTY.main - INFO - Визуализация успешно завершена (в фоне)
