2025-09-20 16:16:06 - ROBOTY.main - INFO - Запуск приложения ROBOTY
2025-09-20 16:16:06 - ROBOTY.main - INFO - Применена тема: light
2025-09-20 16:16:06 - ROBOTY.main - INFO - Интерфейс инициализирован
2025-09-20 16:16:06 - ROBOTY.main - INFO - Приложение успешно запущено
2025-09-20 16:16:10 - ROBOTY.main - INFO - Применена тема: dark
2025-09-20 16:16:10 - ROBOTY.main - INFO - Переключение темы: dark -> dark
2025-09-20 16:16:12 - ROBOTY.main - INFO - Начинаем загрузку файла
2025-09-20 16:16:18 - ROBOTY.main - INFO - Загружаем файл: C:/Users/79518/.cursor/ROBOTY-2/ROBOTY/ROBOTY/data/example_schedule2.json
2025-09-20 16:16:18 - ROBOTY.parser - INFO - Начинаем загрузку файла: C:/Users/79518/.cursor/ROBOTY-2/ROBOTY/ROBOTY/data/example_schedule2.json
2025-09-20 16:16:18 - ROBOTY.parser - INFO - Файл C:/Users/79518/.cursor/ROBOTY-2/ROBOTY/ROBOTY/data/example_schedule2.json успешно загружен
2025-09-20 16:16:18 - ROBOTY.parser - DEBUG - Робот 1 успешно загружен
2025-09-20 16:16:18 - ROBOTY.parser - DEBUG - Робот 2 успешно загружен
2025-09-20 16:16:18 - ROBOTY.parser - DEBUG - Робот 3 успешно загружен
2025-09-20 16:16:18 - ROBOTY.parser - DEBUG - Робот 4 успешно загружен
2025-09-20 16:16:18 - ROBOTY.parser - DEBUG - Робот 5 успешно загружен
2025-09-20 16:16:18 - ROBOTY.parser - DEBUG - Робот 6 успешно загружен
2025-09-20 16:16:18 - ROBOTY.parser - DEBUG - Робот 7 успешно загружен
2025-09-20 16:16:18 - ROBOTY.parser - DEBUG - Робот 8 успешно загружен
2025-09-20 16:16:18 - ROBOTY.parser - DEBUG - Робот 9 успешно загружен
2025-09-20 16:16:18 - ROBOTY.parser - DEBUG - Робот 10 успешно загружен
2025-09-20 16:16:18 - ROBOTY.parser - DEBUG - Операция 101 успешно загружена
2025-09-20 16:16:18 - ROBOTY.parser - DEBUG - Операция 102 успешно загружена
2025-09-20 16:16:18 - ROBOTY.parser - INFO - Загружено 10 роботов и 2 операций
2025-09-20 16:16:18 - ROBOTY.main - INFO - Файл успешно загружен и распарсен
2025-09-20 16:16:21 - ROBOTY.main - INFO - Запуск планировщика
2025-09-20 16:16:21 - ROBOTY.planner - INFO - Запуск планировщика траекторий
2025-09-20 16:16:21 - ROBOTY.assigner - INFO - Начинаем назначение операций методом: balanced
2025-09-20 16:16:21 - ROBOTY.assigner - DEBUG - Операция 0 назначена роботу 7 (нагрузка: 1.73)
2025-09-20 16:16:21 - ROBOTY.assigner - DEBUG - Операция 1 назначена роботу 1 (нагрузка: 2.50)
2025-09-20 16:16:21 - ROBOTY.assigner - INFO - Распределено 2 операций с балансировкой нагрузки
2025-09-20 16:16:21 - ROBOTY.assigner - INFO - Итоговые нагрузки роботов: ['0.00', '2.50', '0.00', '0.00', '0.00', '0.00', '0.00', '1.73', '0.00', '0.00']
2025-09-20 16:16:21 - ROBOTY.planner - INFO - Операции назначены методом: balanced
2025-09-20 16:16:21 - ROBOTY.planner - DEBUG - Планирование траектории для робота 1 с 0 операциями
2025-09-20 16:16:21 - ROBOTY.planner - WARNING - Нет операций для планирования траектории
2025-09-20 16:16:21 - ROBOTY.planner - DEBUG - Планирование траектории для робота 2 с 1 операциями
2025-09-20 16:16:21 - ROBOTY.planner - DEBUG - Планирование траектории для робота с 1 операциями
2025-09-20 16:16:21 - ROBOTY.planner - DEBUG - Операция 1 запланирована, время завершения: 2.98
2025-09-20 16:16:21 - ROBOTY.planner - INFO - Траектория робота запланирована, общее время: 2.98
2025-09-20 16:16:21 - ROBOTY.planner - DEBUG - Планирование траектории для робота 3 с 0 операциями
2025-09-20 16:16:21 - ROBOTY.planner - WARNING - Нет операций для планирования траектории
2025-09-20 16:16:21 - ROBOTY.planner - DEBUG - Планирование траектории для робота 4 с 0 операциями
2025-09-20 16:16:21 - ROBOTY.planner - WARNING - Нет операций для планирования траектории
2025-09-20 16:16:21 - ROBOTY.planner - DEBUG - Планирование траектории для робота 5 с 0 операциями
2025-09-20 16:16:21 - ROBOTY.planner - WARNING - Нет операций для планирования траектории
2025-09-20 16:16:21 - ROBOTY.planner - DEBUG - Планирование траектории для робота 6 с 0 операциями
2025-09-20 16:16:21 - ROBOTY.planner - WARNING - Нет операций для планирования траектории
2025-09-20 16:16:21 - ROBOTY.planner - DEBUG - Планирование траектории для робота 7 с 0 операциями
2025-09-20 16:16:21 - ROBOTY.planner - WARNING - Нет операций для планирования траектории
2025-09-20 16:16:21 - ROBOTY.planner - DEBUG - Планирование траектории для робота 8 с 1 операциями
2025-09-20 16:16:21 - ROBOTY.planner - DEBUG - Планирование траектории для робота с 1 операциями
2025-09-20 16:16:21 - ROBOTY.planner - DEBUG - Операция 1 запланирована, время завершения: 2.23
2025-09-20 16:16:21 - ROBOTY.planner - INFO - Траектория робота запланирована, общее время: 2.23
2025-09-20 16:16:21 - ROBOTY.planner - DEBUG - Планирование траектории для робота 9 с 0 операциями
2025-09-20 16:16:21 - ROBOTY.planner - WARNING - Нет операций для планирования траектории
2025-09-20 16:16:21 - ROBOTY.planner - DEBUG - Планирование траектории для робота 10 с 0 операциями
2025-09-20 16:16:21 - ROBOTY.planner - WARNING - Нет операций для планирования траектории
2025-09-20 16:16:21 - ROBOTY.planner - INFO - Планирование завершено. Makespan: 2.98
2025-09-20 16:16:21 - ROBOTY.main - INFO - Планировщик успешно завершил работу
2025-09-20 16:16:21 - ROBOTY.collision - INFO - Начинаем детальную проверку коллизий
2025-09-20 16:16:21 - ROBOTY.collision - DEBUG - Проверяем коллизии в диапазоне времени: 0.00 - 2.98
2025-09-20 16:16:21 - ROBOTY.collision - INFO - Коллизий не обнаружено
2025-09-20 16:16:21 - ROBOTY.main - INFO - Коллизий не обнаружено
2025-09-20 16:16:23 - ROBOTY.main - INFO - Открытие визуализатора
2025-09-20 16:16:23 - ROBOTY.visualizer - INFO - Запуск визуализации типа: 3d
2025-09-20 16:16:23 - ROBOTY.visualizer - INFO - Создание 3D визуализации траекторий
2025-09-20 16:16:23 - ROBOTY.visualizer - INFO - 3D визуализация создана
2025-09-20 16:16:23 - ROBOTY.visualizer - INFO - Визуализация сохранена в файл: C:\Users\79518\.cursor\ROBOTY-2\ROBOTY\ROBOTY\viz\..\outputs\visualizations\visualization_3d_20250920_161623.html
2025-09-20 16:16:25 - ROBOTY.visualizer - INFO - Визуализация открыта в браузере
2025-09-20 16:16:25 - ROBOTY.main - INFO - Визуализация успешно завершена
