2025-09-23 15:16:46 - ROBOTY.main - INFO - Запуск приложения ROBOTY
2025-09-23 15:16:46 - ROBOTY.main - INFO - Применена тема: light
2025-09-23 15:16:46 - ROBOTY.main - INFO - Интерфейс инициализирован
2025-09-23 15:16:46 - ROBOTY.main - INFO - Приложение успешно запущено
2025-09-23 15:16:48 - ROBOTY.main - INFO - Применена тема: dark
2025-09-23 15:16:48 - ROBOTY.main - INFO - Переключение темы: dark -> dark
2025-09-23 15:16:51 - ROBOTY.main - INFO - Создан входной файл: C:\Users\22200490\.cursor\ROBOTY\data\input_20250923_151649.json
2025-09-23 15:16:51 - ROBOTY.parser - INFO - Начинаем загрузку файла: C:\Users\22200490\.cursor\ROBOTY\data\input_20250923_151649.json
2025-09-23 15:16:51 - ROBOTY.parser - INFO - Файл C:\Users\22200490\.cursor\ROBOTY\data\input_20250923_151649.json успешно загружен
2025-09-23 15:16:51 - ROBOTY.parser - DEBUG - Робот 1 успешно загружен
2025-09-23 15:16:51 - ROBOTY.parser - DEBUG - Робот 2 успешно загружен
2025-09-23 15:16:51 - ROBOTY.parser - DEBUG - Робот 3 успешно загружен
2025-09-23 15:16:51 - ROBOTY.parser - DEBUG - Робот 4 успешно загружен
2025-09-23 15:16:51 - ROBOTY.parser - DEBUG - Робот 5 успешно загружен
2025-09-23 15:16:51 - ROBOTY.parser - DEBUG - Робот 6 успешно загружен
2025-09-23 15:16:51 - ROBOTY.parser - DEBUG - Робот 7 успешно загружен
2025-09-23 15:16:51 - ROBOTY.parser - DEBUG - Робот 8 успешно загружен
2025-09-23 15:16:51 - ROBOTY.parser - DEBUG - Робот 9 успешно загружен
2025-09-23 15:16:51 - ROBOTY.parser - DEBUG - Робот 10 успешно загружен
2025-09-23 15:16:51 - ROBOTY.parser - DEBUG - Операция 1 успешно загружена
2025-09-23 15:16:51 - ROBOTY.parser - DEBUG - Операция 2 успешно загружена
2025-09-23 15:16:51 - ROBOTY.parser - DEBUG - Операция 3 успешно загружена
2025-09-23 15:16:51 - ROBOTY.parser - DEBUG - Операция 4 успешно загружена
2025-09-23 15:16:51 - ROBOTY.parser - DEBUG - Операция 5 успешно загружена
2025-09-23 15:16:51 - ROBOTY.parser - DEBUG - Операция 6 успешно загружена
2025-09-23 15:16:51 - ROBOTY.parser - DEBUG - Операция 7 успешно загружена
2025-09-23 15:16:51 - ROBOTY.parser - DEBUG - Операция 8 успешно загружена
2025-09-23 15:16:51 - ROBOTY.parser - DEBUG - Операция 9 успешно загружена
2025-09-23 15:16:51 - ROBOTY.parser - DEBUG - Операция 10 успешно загружена
2025-09-23 15:16:51 - ROBOTY.parser - DEBUG - Операция 11 успешно загружена
2025-09-23 15:16:51 - ROBOTY.parser - DEBUG - Операция 12 успешно загружена
2025-09-23 15:16:51 - ROBOTY.parser - DEBUG - Операция 13 успешно загружена
2025-09-23 15:16:51 - ROBOTY.parser - DEBUG - Операция 14 успешно загружена
2025-09-23 15:16:51 - ROBOTY.parser - DEBUG - Операция 15 успешно загружена
2025-09-23 15:16:51 - ROBOTY.parser - DEBUG - Операция 16 успешно загружена
2025-09-23 15:16:51 - ROBOTY.parser - DEBUG - Операция 17 успешно загружена
2025-09-23 15:16:51 - ROBOTY.parser - DEBUG - Операция 18 успешно загружена
2025-09-23 15:16:51 - ROBOTY.parser - DEBUG - Операция 19 успешно загружена
2025-09-23 15:16:51 - ROBOTY.parser - DEBUG - Операция 20 успешно загружена
2025-09-23 15:16:51 - ROBOTY.parser - DEBUG - Операция 21 успешно загружена
2025-09-23 15:16:51 - ROBOTY.parser - DEBUG - Операция 22 успешно загружена
2025-09-23 15:16:51 - ROBOTY.parser - DEBUG - Операция 23 успешно загружена
2025-09-23 15:16:51 - ROBOTY.parser - DEBUG - Операция 24 успешно загружена
2025-09-23 15:16:51 - ROBOTY.parser - DEBUG - Операция 25 успешно загружена
2025-09-23 15:16:51 - ROBOTY.parser - DEBUG - Операция 26 успешно загружена
2025-09-23 15:16:51 - ROBOTY.parser - DEBUG - Операция 27 успешно загружена
2025-09-23 15:16:51 - ROBOTY.parser - DEBUG - Операция 28 успешно загружена
2025-09-23 15:16:51 - ROBOTY.parser - DEBUG - Операция 29 успешно загружена
2025-09-23 15:16:51 - ROBOTY.parser - DEBUG - Операция 30 успешно загружена
2025-09-23 15:16:51 - ROBOTY.parser - INFO - Загружено 10 роботов и 30 операций
2025-09-23 15:16:52 - ROBOTY.main - INFO - Запуск планировщика
2025-09-23 15:16:52 - ROBOTY.planner - INFO - Запуск планировщика траекторий
2025-09-23 15:16:52 - ROBOTY.assigner - INFO - Начинаем назначение операций методом: balanced
2025-09-23 15:16:52 - ROBOTY.assigner - DEBUG - Операция 0 назначена роботу 6 (нагрузка: 4.95)
2025-09-23 15:16:52 - ROBOTY.assigner - DEBUG - Операция 1 назначена роботу 9 (нагрузка: 9.09)
2025-09-23 15:16:52 - ROBOTY.assigner - DEBUG - Операция 2 назначена роботу 7 (нагрузка: 5.89)
2025-09-23 15:16:52 - ROBOTY.assigner - DEBUG - Операция 3 назначена роботу 8 (нагрузка: 8.54)
2025-09-23 15:16:52 - ROBOTY.assigner - DEBUG - Операция 4 назначена роботу 0 (нагрузка: 10.70)
2025-09-23 15:16:52 - ROBOTY.assigner - DEBUG - Операция 5 назначена роботу 3 (нагрузка: 9.82)
2025-09-23 15:16:52 - ROBOTY.assigner - DEBUG - Операция 6 назначена роботу 1 (нагрузка: 10.39)
2025-09-23 15:16:52 - ROBOTY.assigner - DEBUG - Операция 7 назначена роботу 7 (нагрузка: 15.35)
2025-09-23 15:16:52 - ROBOTY.assigner - DEBUG - Операция 8 назначена роботу 5 (нагрузка: 4.86)
2025-09-23 15:16:52 - ROBOTY.assigner - DEBUG - Операция 9 назначена роботу 4 (нагрузка: 11.40)
2025-09-23 15:16:52 - ROBOTY.assigner - DEBUG - Операция 10 назначена роботу 6 (нагрузка: 13.16)
2025-09-23 15:16:52 - ROBOTY.assigner - DEBUG - Операция 11 назначена роботу 2 (нагрузка: 13.10)
2025-09-23 15:16:52 - ROBOTY.assigner - DEBUG - Операция 12 назначена роботу 9 (нагрузка: 15.77)
2025-09-23 15:16:52 - ROBOTY.assigner - DEBUG - Операция 13 назначена роботу 5 (нагрузка: 13.31)
2025-09-23 15:16:52 - ROBOTY.assigner - DEBUG - Операция 14 назначена роботу 3 (нагрузка: 18.56)
2025-09-23 15:16:52 - ROBOTY.assigner - DEBUG - Операция 15 назначена роботу 8 (нагрузка: 15.56)
2025-09-23 15:16:52 - ROBOTY.assigner - DEBUG - Операция 16 назначена роботу 0 (нагрузка: 20.37)
2025-09-23 15:16:52 - ROBOTY.assigner - DEBUG - Операция 17 назначена роботу 1 (нагрузка: 14.88)
2025-09-23 15:16:52 - ROBOTY.assigner - DEBUG - Операция 18 назначена роботу 4 (нагрузка: 22.24)
2025-09-23 15:16:52 - ROBOTY.assigner - DEBUG - Операция 19 назначена роботу 6 (нагрузка: 24.42)
2025-09-23 15:16:52 - ROBOTY.assigner - DEBUG - Операция 20 назначена роботу 2 (нагрузка: 21.82)
2025-09-23 15:16:52 - ROBOTY.assigner - DEBUG - Операция 21 назначена роботу 7 (нагрузка: 20.17)
2025-09-23 15:16:52 - ROBOTY.assigner - DEBUG - Операция 22 назначена роботу 9 (нагрузка: 21.96)
2025-09-23 15:16:52 - ROBOTY.assigner - DEBUG - Операция 23 назначена роботу 8 (нагрузка: 26.47)
2025-09-23 15:16:52 - ROBOTY.assigner - DEBUG - Операция 24 назначена роботу 9 (нагрузка: 26.72)
2025-09-23 15:16:52 - ROBOTY.assigner - DEBUG - Операция 25 назначена роботу 7 (нагрузка: 25.76)
2025-09-23 15:16:52 - ROBOTY.assigner - DEBUG - Операция 26 назначена роботу 5 (нагрузка: 24.62)
2025-09-23 15:16:52 - ROBOTY.assigner - DEBUG - Операция 27 назначена роботу 1 (нагрузка: 30.85)
2025-09-23 15:16:52 - ROBOTY.assigner - DEBUG - Операция 28 назначена роботу 3 (нагрузка: 28.64)
2025-09-23 15:16:52 - ROBOTY.assigner - DEBUG - Операция 29 назначена роботу 0 (нагрузка: 31.89)
2025-09-23 15:16:52 - ROBOTY.assigner - INFO - Распределено 30 операций с балансировкой нагрузки
2025-09-23 15:16:52 - ROBOTY.assigner - INFO - Итоговые нагрузки роботов: ['31.89', '30.85', '21.82', '28.64', '22.24', '24.62', '24.42', '25.76', '26.47', '26.72']
2025-09-23 15:16:52 - ROBOTY.assigner - INFO - Робот 0: 3 операций, нагрузка 31.89
2025-09-23 15:16:52 - ROBOTY.assigner - INFO - Робот 1: 3 операций, нагрузка 30.85
2025-09-23 15:16:52 - ROBOTY.assigner - INFO - Робот 2: 2 операций, нагрузка 21.82
2025-09-23 15:16:52 - ROBOTY.assigner - INFO - Робот 3: 3 операций, нагрузка 28.64
2025-09-23 15:16:52 - ROBOTY.assigner - INFO - Робот 4: 2 операций, нагрузка 22.24
2025-09-23 15:16:52 - ROBOTY.assigner - INFO - Робот 5: 3 операций, нагрузка 24.62
2025-09-23 15:16:52 - ROBOTY.assigner - INFO - Робот 6: 3 операций, нагрузка 24.42
2025-09-23 15:16:52 - ROBOTY.assigner - INFO - Робот 7: 4 операций, нагрузка 25.76
2025-09-23 15:16:52 - ROBOTY.assigner - INFO - Робот 8: 3 операций, нагрузка 26.47
2025-09-23 15:16:52 - ROBOTY.assigner - INFO - Робот 9: 4 операций, нагрузка 26.72
2025-09-23 15:16:52 - ROBOTY.planner - INFO - Операции назначены методом: balanced
2025-09-23 15:16:52 - ROBOTY.planner - INFO - Планирование траектории для робота 1 (ID: 1) с 3 операциями
2025-09-23 15:16:52 - ROBOTY.planner - DEBUG - Планирование траектории для робота с 3 операциями
2025-09-23 15:16:52 - ROBOTY.planner - DEBUG - Операция 1 запланирована, время завершения: 12.94
2025-09-23 15:16:52 - ROBOTY.planner - DEBUG - Операция 2 запланирована, время завершения: 23.38
2025-09-23 15:16:52 - ROBOTY.planner - DEBUG - Операция 3 запланирована, время завершения: 33.27
2025-09-23 15:16:52 - ROBOTY.planner - INFO - Траектория робота запланирована, общее время: 33.27
2025-09-23 15:16:52 - ROBOTY.planner - INFO - Робот 1: траектория содержит 72 точек
2025-09-23 15:16:52 - ROBOTY.planner - INFO - Планирование траектории для робота 2 (ID: 2) с 3 операциями
2025-09-23 15:16:52 - ROBOTY.planner - DEBUG - Планирование траектории для робота с 3 операциями
2025-09-23 15:16:52 - ROBOTY.planner - DEBUG - Операция 1 запланирована, время завершения: 12.29
2025-09-23 15:16:52 - ROBOTY.planner - DEBUG - Операция 2 запланирована, время завершения: 25.72
2025-09-23 15:16:52 - ROBOTY.planner - DEBUG - Операция 3 запланирована, время завершения: 40.89
2025-09-23 15:16:52 - ROBOTY.planner - INFO - Траектория робота запланирована, общее время: 40.89
2025-09-23 15:16:52 - ROBOTY.planner - INFO - Робот 2: траектория содержит 72 точек
2025-09-23 15:16:52 - ROBOTY.planner - INFO - Планирование траектории для робота 3 (ID: 3) с 2 операциями
2025-09-23 15:16:52 - ROBOTY.planner - DEBUG - Планирование траектории для робота с 2 операциями
2025-09-23 15:16:52 - ROBOTY.planner - DEBUG - Операция 1 запланирована, время завершения: 14.76
2025-09-23 15:16:52 - ROBOTY.planner - DEBUG - Операция 2 запланирована, время завершения: 29.43
2025-09-23 15:16:52 - ROBOTY.planner - INFO - Траектория робота запланирована, общее время: 29.43
2025-09-23 15:16:52 - ROBOTY.planner - INFO - Робот 3: траектория содержит 48 точек
2025-09-23 15:16:52 - ROBOTY.planner - INFO - Планирование траектории для робота 4 (ID: 4) с 3 операциями
2025-09-23 15:16:52 - ROBOTY.planner - DEBUG - Планирование траектории для робота с 3 операциями
2025-09-23 15:16:52 - ROBOTY.planner - DEBUG - Операция 1 запланирована, время завершения: 11.45
2025-09-23 15:16:52 - ROBOTY.planner - DEBUG - Операция 2 запланирована, время завершения: 20.32
2025-09-23 15:16:52 - ROBOTY.planner - DEBUG - Операция 3 запланирована, время завершения: 33.17
2025-09-23 15:16:52 - ROBOTY.planner - INFO - Траектория робота запланирована, общее время: 33.17
2025-09-23 15:16:52 - ROBOTY.planner - INFO - Робот 4: траектория содержит 72 точек
2025-09-23 15:16:52 - ROBOTY.planner - INFO - Планирование траектории для робота 5 (ID: 5) с 2 операциями
2025-09-23 15:16:52 - ROBOTY.planner - DEBUG - Планирование траектории для робота с 2 операциями
2025-09-23 15:16:52 - ROBOTY.planner - DEBUG - Операция 1 запланирована, время завершения: 13.48
2025-09-23 15:16:52 - ROBOTY.planner - DEBUG - Операция 2 запланирована, время завершения: 31.11
2025-09-23 15:16:52 - ROBOTY.planner - INFO - Траектория робота запланирована, общее время: 31.11
2025-09-23 15:16:52 - ROBOTY.planner - INFO - Робот 5: траектория содержит 48 точек
2025-09-23 15:16:52 - ROBOTY.planner - INFO - Планирование траектории для робота 6 (ID: 6) с 3 операциями
2025-09-23 15:16:52 - ROBOTY.planner - DEBUG - Планирование траектории для робота с 3 операциями
2025-09-23 15:16:52 - ROBOTY.planner - DEBUG - Операция 1 запланирована, время завершения: 5.89
2025-09-23 15:16:52 - ROBOTY.planner - DEBUG - Операция 2 запланирована, время завершения: 15.06
2025-09-23 15:16:52 - ROBOTY.planner - DEBUG - Операция 3 запланирована, время завершения: 26.72
2025-09-23 15:16:52 - ROBOTY.planner - INFO - Траектория робота запланирована, общее время: 26.72
2025-09-23 15:16:52 - ROBOTY.planner - INFO - Робот 6: траектория содержит 72 точек
2025-09-23 15:16:52 - ROBOTY.planner - INFO - Планирование траектории для робота 7 (ID: 7) с 3 операциями
2025-09-23 15:16:52 - ROBOTY.planner - DEBUG - Планирование траектории для робота с 3 операциями
2025-09-23 15:16:52 - ROBOTY.planner - DEBUG - Операция 1 запланирована, время завершения: 6.62
2025-09-23 15:16:52 - ROBOTY.planner - DEBUG - Операция 2 запланирована, время завершения: 15.14
2025-09-23 15:16:52 - ROBOTY.planner - DEBUG - Операция 3 запланирована, время завершения: 31.80
2025-09-23 15:16:52 - ROBOTY.planner - INFO - Траектория робота запланирована, общее время: 31.80
2025-09-23 15:16:52 - ROBOTY.planner - INFO - Робот 7: траектория содержит 72 точек
2025-09-23 15:16:52 - ROBOTY.planner - INFO - Планирование траектории для робота 8 (ID: 8) с 4 операциями
2025-09-23 15:16:52 - ROBOTY.planner - DEBUG - Планирование траектории для робота с 4 операциями
2025-09-23 15:16:52 - ROBOTY.planner - DEBUG - Операция 1 запланирована, время завершения: 7.41
2025-09-23 15:16:52 - ROBOTY.planner - DEBUG - Операция 2 запланирована, время завершения: 19.35
2025-09-23 15:16:52 - ROBOTY.planner - DEBUG - Операция 3 запланирована, время завершения: 27.51
2025-09-23 15:16:52 - ROBOTY.planner - DEBUG - Операция 4 запланирована, время завершения: 34.03
2025-09-23 15:16:52 - ROBOTY.planner - INFO - Траектория робота запланирована, общее время: 34.03
2025-09-23 15:16:52 - ROBOTY.planner - INFO - Робот 8: траектория содержит 96 точек
2025-09-23 15:16:52 - ROBOTY.planner - INFO - Планирование траектории для робота 9 (ID: 9) с 3 операциями
2025-09-23 15:16:52 - ROBOTY.planner - DEBUG - Планирование траектории для робота с 3 операциями
2025-09-23 15:16:52 - ROBOTY.planner - DEBUG - Операция 1 запланирована, время завершения: 10.09
2025-09-23 15:16:52 - ROBOTY.planner - DEBUG - Операция 2 запланирована, время завершения: 19.41
2025-09-23 15:16:52 - ROBOTY.planner - DEBUG - Операция 3 запланирована, время завершения: 31.21
2025-09-23 15:16:52 - ROBOTY.planner - INFO - Траектория робота запланирована, общее время: 31.21
2025-09-23 15:16:52 - ROBOTY.planner - INFO - Робот 9: траектория содержит 72 точек
2025-09-23 15:16:52 - ROBOTY.planner - INFO - Планирование траектории для робота 10 (ID: 10) с 4 операциями
2025-09-23 15:16:52 - ROBOTY.planner - DEBUG - Планирование траектории для робота с 4 операциями
2025-09-23 15:16:52 - ROBOTY.planner - DEBUG - Операция 1 запланирована, время завершения: 11.17
2025-09-23 15:16:52 - ROBOTY.planner - DEBUG - Операция 2 запланирована, время завершения: 19.94
2025-09-23 15:16:52 - ROBOTY.planner - DEBUG - Операция 3 запланирована, время завершения: 27.58
2025-09-23 15:16:52 - ROBOTY.planner - DEBUG - Операция 4 запланирована, время завершения: 37.90
2025-09-23 15:16:52 - ROBOTY.planner - INFO - Траектория робота запланирована, общее время: 37.90
2025-09-23 15:16:52 - ROBOTY.planner - INFO - Робот 10: траектория содержит 96 точек
2025-09-23 15:16:52 - ROBOTY.planner - INFO - Планирование завершено. Makespan: 40.89
2025-09-23 15:16:52 - ROBOTY.main - INFO - Планировщик успешно завершил работу
2025-09-23 15:16:52 - ROBOTY.collision - INFO - Начинаем детальную проверку коллизий
2025-09-23 15:16:52 - ROBOTY.collision - DEBUG - Проверяем коллизии в диапазоне времени: 0.00 - 40.89
2025-09-23 15:16:52 - ROBOTY.collision - WARNING - Коллизия: роботы 1 и 8 в 7.70s, расстояние: 0.480, требуется: 0.500
2025-09-23 15:16:52 - ROBOTY.collision - WARNING - Коллизия: роботы 1 и 8 в 7.80s, расстояние: 0.419, требуется: 0.500
2025-09-23 15:16:52 - ROBOTY.collision - WARNING - Коллизия: роботы 1 и 8 в 7.90s, расстояние: 0.394, требуется: 0.500
2025-09-23 15:16:52 - ROBOTY.collision - WARNING - Коллизия: роботы 1 и 8 в 8.00s, расстояние: 0.385, требуется: 0.500
2025-09-23 15:16:52 - ROBOTY.collision - WARNING - Коллизия: роботы 1 и 8 в 8.10s, расстояние: 0.378, требуется: 0.500
2025-09-23 15:16:52 - ROBOTY.collision - WARNING - Коллизия: роботы 1 и 8 в 8.20s, расстояние: 0.373, требуется: 0.500
2025-09-23 15:16:52 - ROBOTY.collision - WARNING - Коллизия: роботы 1 и 8 в 8.30s, расстояние: 0.371, требуется: 0.500
2025-09-23 15:16:52 - ROBOTY.collision - WARNING - Коллизия: роботы 1 и 8 в 8.40s, расстояние: 0.372, требуется: 0.500
2025-09-23 15:16:52 - ROBOTY.collision - WARNING - Коллизия: роботы 1 и 8 в 8.50s, расстояние: 0.376, требуется: 0.500
2025-09-23 15:16:52 - ROBOTY.collision - WARNING - Коллизия: роботы 1 и 8 в 8.60s, расстояние: 0.381, требуется: 0.500
2025-09-23 15:16:52 - ROBOTY.collision - WARNING - Коллизия: роботы 1 и 8 в 8.70s, расстояние: 0.389, требуется: 0.500
2025-09-23 15:16:52 - ROBOTY.collision - WARNING - Коллизия: роботы 1 и 8 в 8.80s, расстояние: 0.398, требуется: 0.500
2025-09-23 15:16:52 - ROBOTY.collision - WARNING - Коллизия: роботы 1 и 8 в 8.90s, расстояние: 0.409, требуется: 0.500
2025-09-23 15:16:52 - ROBOTY.collision - WARNING - Коллизия: роботы 1 и 8 в 9.00s, расстояние: 0.422, требуется: 0.500
2025-09-23 15:16:52 - ROBOTY.collision - WARNING - Коллизия: роботы 1 и 8 в 9.10s, расстояние: 0.437, требуется: 0.500
2025-09-23 15:16:52 - ROBOTY.collision - WARNING - Коллизия: роботы 1 и 8 в 9.20s, расстояние: 0.453, требуется: 0.500
2025-09-23 15:16:52 - ROBOTY.collision - WARNING - Коллизия: роботы 1 и 8 в 9.30s, расстояние: 0.470, требуется: 0.500
2025-09-23 15:16:52 - ROBOTY.collision - WARNING - Коллизия: роботы 1 и 8 в 9.40s, расстояние: 0.488, требуется: 0.500
2025-09-23 15:16:52 - ROBOTY.collision - WARNING - Коллизия: роботы 4 и 10 в 20.80s, расстояние: 0.471, требуется: 0.500
2025-09-23 15:16:52 - ROBOTY.collision - WARNING - Коллизия: роботы 4 и 10 в 20.90s, расстояние: 0.331, требуется: 0.500
2025-09-23 15:16:52 - ROBOTY.collision - WARNING - Коллизия: роботы 4 и 10 в 21.00s, расстояние: 0.207, требуется: 0.500
2025-09-23 15:16:52 - ROBOTY.collision - WARNING - Коллизия: роботы 4 и 10 в 21.10s, расстояние: 0.148, требуется: 0.500
2025-09-23 15:16:52 - ROBOTY.collision - WARNING - Коллизия: роботы 4 и 10 в 21.20s, расстояние: 0.217, требуется: 0.500
2025-09-23 15:16:52 - ROBOTY.collision - WARNING - Коллизия: роботы 4 и 10 в 21.30s, расстояние: 0.343, требуется: 0.500
2025-09-23 15:16:52 - ROBOTY.collision - WARNING - Коллизия: роботы 4 и 10 в 21.40s, расстояние: 0.484, требуется: 0.500
2025-09-23 15:16:52 - ROBOTY.collision - WARNING - Коллизия: роботы 2 и 5 в 28.20s, расстояние: 0.475, требуется: 0.500
2025-09-23 15:16:52 - ROBOTY.collision - WARNING - Коллизия: роботы 2 и 5 в 28.30s, расстояние: 0.430, требуется: 0.500
2025-09-23 15:16:52 - ROBOTY.collision - WARNING - Коллизия: роботы 2 и 5 в 28.40s, расстояние: 0.412, требуется: 0.500
2025-09-23 15:16:52 - ROBOTY.collision - WARNING - Коллизия: роботы 2 и 5 в 28.50s, расстояние: 0.425, требуется: 0.500
2025-09-23 15:16:52 - ROBOTY.collision - WARNING - Коллизия: роботы 2 и 5 в 28.60s, расстояние: 0.465, требуется: 0.500
2025-09-23 15:16:52 - ROBOTY.collision - WARNING - Коллизия: роботы 7 и 10 в 30.60s, расстояние: 0.477, требуется: 0.500
2025-09-23 15:16:52 - ROBOTY.collision - WARNING - Коллизия: роботы 7 и 10 в 30.70s, расстояние: 0.339, требуется: 0.500
2025-09-23 15:16:52 - ROBOTY.collision - WARNING - Коллизия: роботы 7 и 10 в 30.80s, расстояние: 0.204, требуется: 0.500
2025-09-23 15:16:52 - ROBOTY.collision - WARNING - Коллизия: роботы 7 и 10 в 30.90s, расстояние: 0.079, требуется: 0.500
2025-09-23 15:16:52 - ROBOTY.collision - WARNING - Коллизия: роботы 7 и 10 в 31.00s, расстояние: 0.096, требуется: 0.500
2025-09-23 15:16:52 - ROBOTY.collision - WARNING - Коллизия: роботы 7 и 10 в 31.10s, расстояние: 0.224, требуется: 0.500
2025-09-23 15:16:52 - ROBOTY.collision - WARNING - Коллизия: роботы 7 и 10 в 31.20s, расстояние: 0.360, требуется: 0.500
2025-09-23 15:16:52 - ROBOTY.collision - WARNING - Коллизия: роботы 7 и 10 в 31.30s, расстояние: 0.497, требуется: 0.500
2025-09-23 15:16:52 - ROBOTY.collision - WARNING - Коллизия: роботы 2 и 4 в 35.20s, расстояние: 0.482, требуется: 0.500
2025-09-23 15:16:52 - ROBOTY.collision - WARNING - Коллизия: роботы 2 и 4 в 35.30s, расстояние: 0.451, требуется: 0.500
2025-09-23 15:16:52 - ROBOTY.collision - WARNING - Коллизия: роботы 2 и 4 в 35.40s, расстояние: 0.441, требуется: 0.500
2025-09-23 15:16:52 - ROBOTY.collision - WARNING - Коллизия: роботы 2 и 4 в 35.50s, расстояние: 0.454, требуется: 0.500
2025-09-23 15:16:52 - ROBOTY.collision - WARNING - Коллизия: роботы 2 и 4 в 35.60s, расстояние: 0.488, требуется: 0.500
2025-09-23 15:16:52 - ROBOTY.collision - ERROR - Обнаружено 43 коллизий
2025-09-23 15:16:52 - ROBOTY.main - WARNING - Обнаружено 43 коллизий, применяем онлайн-безопасность
2025-09-23 15:16:52 - ROBOTY.safety - INFO - Применяем онлайн-безопасность: вставка пауз при коллизиях
2025-09-23 15:16:52 - ROBOTY.collision - INFO - Начинаем детальную проверку коллизий
2025-09-23 15:16:52 - ROBOTY.collision - DEBUG - Проверяем коллизии в диапазоне времени: 0.00 - 40.89
2025-09-23 15:16:52 - ROBOTY.collision - WARNING - Коллизия: роботы 1 и 8 в 7.70s, расстояние: 0.480, требуется: 0.500
2025-09-23 15:16:52 - ROBOTY.collision - WARNING - Коллизия: роботы 1 и 8 в 7.75s, расстояние: 0.448, требуется: 0.500
2025-09-23 15:16:52 - ROBOTY.collision - WARNING - Коллизия: роботы 1 и 8 в 7.80s, расстояние: 0.419, требуется: 0.500
2025-09-23 15:16:52 - ROBOTY.collision - WARNING - Коллизия: роботы 1 и 8 в 7.85s, расстояние: 0.399, требуется: 0.500
2025-09-23 15:16:52 - ROBOTY.collision - WARNING - Коллизия: роботы 1 и 8 в 7.90s, расстояние: 0.394, требуется: 0.500
2025-09-23 15:16:52 - ROBOTY.collision - WARNING - Коллизия: роботы 1 и 8 в 7.95s, расстояние: 0.389, требуется: 0.500
2025-09-23 15:16:52 - ROBOTY.collision - WARNING - Коллизия: роботы 1 и 8 в 8.00s, расстояние: 0.385, требуется: 0.500
2025-09-23 15:16:52 - ROBOTY.collision - WARNING - Коллизия: роботы 1 и 8 в 8.05s, расстояние: 0.381, требуется: 0.500
2025-09-23 15:16:52 - ROBOTY.collision - WARNING - Коллизия: роботы 1 и 8 в 8.10s, расстояние: 0.378, требуется: 0.500
2025-09-23 15:16:52 - ROBOTY.collision - WARNING - Коллизия: роботы 1 и 8 в 8.15s, расстояние: 0.375, требуется: 0.500
2025-09-23 15:16:52 - ROBOTY.collision - WARNING - Коллизия: роботы 1 и 8 в 8.20s, расстояние: 0.373, требуется: 0.500
2025-09-23 15:16:52 - ROBOTY.collision - WARNING - Коллизия: роботы 1 и 8 в 8.25s, расстояние: 0.372, требуется: 0.500
2025-09-23 15:16:52 - ROBOTY.collision - WARNING - Коллизия: роботы 1 и 8 в 8.30s, расстояние: 0.371, требуется: 0.500
2025-09-23 15:16:52 - ROBOTY.collision - WARNING - Коллизия: роботы 1 и 8 в 8.35s, расстояние: 0.371, требуется: 0.500
2025-09-23 15:16:52 - ROBOTY.collision - WARNING - Коллизия: роботы 1 и 8 в 8.40s, расстояние: 0.372, требуется: 0.500
2025-09-23 15:16:52 - ROBOTY.collision - WARNING - Коллизия: роботы 1 и 8 в 8.45s, расстояние: 0.374, требуется: 0.500
2025-09-23 15:16:52 - ROBOTY.collision - WARNING - Коллизия: роботы 1 и 8 в 8.50s, расстояние: 0.376, требуется: 0.500
2025-09-23 15:16:52 - ROBOTY.collision - WARNING - Коллизия: роботы 1 и 8 в 8.55s, расстояние: 0.378, требуется: 0.500
2025-09-23 15:16:52 - ROBOTY.collision - WARNING - Коллизия: роботы 1 и 8 в 8.60s, расстояние: 0.381, требуется: 0.500
2025-09-23 15:16:52 - ROBOTY.collision - WARNING - Коллизия: роботы 1 и 8 в 8.65s, расстояние: 0.384, требуется: 0.500
2025-09-23 15:16:52 - ROBOTY.collision - WARNING - Коллизия: роботы 1 и 8 в 8.70s, расстояние: 0.389, требуется: 0.500
2025-09-23 15:16:52 - ROBOTY.collision - WARNING - Коллизия: роботы 1 и 8 в 8.75s, расстояние: 0.393, требуется: 0.500
2025-09-23 15:16:52 - ROBOTY.collision - WARNING - Коллизия: роботы 1 и 8 в 8.80s, расстояние: 0.398, требуется: 0.500
2025-09-23 15:16:52 - ROBOTY.collision - WARNING - Коллизия: роботы 1 и 8 в 8.85s, расстояние: 0.403, требуется: 0.500
2025-09-23 15:16:52 - ROBOTY.collision - WARNING - Коллизия: роботы 1 и 8 в 8.90s, расстояние: 0.409, требуется: 0.500
2025-09-23 15:16:52 - ROBOTY.collision - WARNING - Коллизия: роботы 1 и 8 в 8.95s, расстояние: 0.416, требуется: 0.500
2025-09-23 15:16:52 - ROBOTY.collision - WARNING - Коллизия: роботы 1 и 8 в 9.00s, расстояние: 0.422, требуется: 0.500
2025-09-23 15:16:52 - ROBOTY.collision - WARNING - Коллизия: роботы 1 и 8 в 9.05s, расстояние: 0.429, требуется: 0.500
2025-09-23 15:16:52 - ROBOTY.collision - WARNING - Коллизия: роботы 1 и 8 в 9.10s, расстояние: 0.437, требуется: 0.500
2025-09-23 15:16:52 - ROBOTY.collision - WARNING - Коллизия: роботы 1 и 8 в 9.15s, расстояние: 0.445, требуется: 0.500
2025-09-23 15:16:52 - ROBOTY.collision - WARNING - Коллизия: роботы 1 и 8 в 9.20s, расстояние: 0.453, требуется: 0.500
2025-09-23 15:16:52 - ROBOTY.collision - WARNING - Коллизия: роботы 1 и 8 в 9.25s, расстояние: 0.461, требуется: 0.500
2025-09-23 15:16:52 - ROBOTY.collision - WARNING - Коллизия: роботы 1 и 8 в 9.30s, расстояние: 0.470, требуется: 0.500
2025-09-23 15:16:52 - ROBOTY.collision - WARNING - Коллизия: роботы 1 и 8 в 9.35s, расстояние: 0.479, требуется: 0.500
2025-09-23 15:16:52 - ROBOTY.collision - WARNING - Коллизия: роботы 1 и 8 в 9.40s, расстояние: 0.488, требуется: 0.500
2025-09-23 15:16:52 - ROBOTY.collision - WARNING - Коллизия: роботы 1 и 8 в 9.45s, расстояние: 0.498, требуется: 0.500
2025-09-23 15:16:52 - ROBOTY.collision - WARNING - Коллизия: роботы 4 и 10 в 20.80s, расстояние: 0.471, требуется: 0.500
2025-09-23 15:16:52 - ROBOTY.collision - WARNING - Коллизия: роботы 4 и 10 в 20.85s, расстояние: 0.400, требуется: 0.500
2025-09-23 15:16:52 - ROBOTY.collision - WARNING - Коллизия: роботы 4 и 10 в 20.90s, расстояние: 0.331, требуется: 0.500
2025-09-23 15:16:52 - ROBOTY.collision - WARNING - Коллизия: роботы 4 и 10 в 20.95s, расстояние: 0.265, требуется: 0.500
2025-09-23 15:16:52 - ROBOTY.collision - WARNING - Коллизия: роботы 4 и 10 в 21.00s, расстояние: 0.207, требуется: 0.500
2025-09-23 15:16:52 - ROBOTY.collision - WARNING - Коллизия: роботы 4 и 10 в 21.05s, расстояние: 0.163, требуется: 0.500
2025-09-23 15:16:52 - ROBOTY.collision - WARNING - Коллизия: роботы 4 и 10 в 21.10s, расстояние: 0.148, требуется: 0.500
2025-09-23 15:16:52 - ROBOTY.collision - WARNING - Коллизия: роботы 4 и 10 в 21.15s, расстояние: 0.170, требуется: 0.500
2025-09-23 15:16:52 - ROBOTY.collision - WARNING - Коллизия: роботы 4 и 10 в 21.20s, расстояние: 0.217, требуется: 0.500
2025-09-23 15:16:52 - ROBOTY.collision - WARNING - Коллизия: роботы 4 и 10 в 21.25s, расстояние: 0.277, требуется: 0.500
2025-09-23 15:16:52 - ROBOTY.collision - WARNING - Коллизия: роботы 4 и 10 в 21.30s, расстояние: 0.343, требуется: 0.500
2025-09-23 15:16:52 - ROBOTY.collision - WARNING - Коллизия: роботы 4 и 10 в 21.35s, расстояние: 0.413, требуется: 0.500
2025-09-23 15:16:52 - ROBOTY.collision - WARNING - Коллизия: роботы 4 и 10 в 21.40s, расстояние: 0.484, требуется: 0.500
2025-09-23 15:16:52 - ROBOTY.collision - WARNING - Коллизия: роботы 2 и 5 в 28.20s, расстояние: 0.475, требуется: 0.500
2025-09-23 15:16:52 - ROBOTY.collision - WARNING - Коллизия: роботы 2 и 5 в 28.25s, расстояние: 0.449, требуется: 0.500
2025-09-23 15:16:52 - ROBOTY.collision - WARNING - Коллизия: роботы 2 и 5 в 28.30s, расстояние: 0.430, требуется: 0.500
2025-09-23 15:16:52 - ROBOTY.collision - WARNING - Коллизия: роботы 2 и 5 в 28.35s, расстояние: 0.417, требуется: 0.500
2025-09-23 15:16:52 - ROBOTY.collision - WARNING - Коллизия: роботы 2 и 5 в 28.40s, расстояние: 0.412, требуется: 0.500
2025-09-23 15:16:52 - ROBOTY.collision - WARNING - Коллизия: роботы 2 и 5 в 28.45s, расстояние: 0.415, требуется: 0.500
2025-09-23 15:16:52 - ROBOTY.collision - WARNING - Коллизия: роботы 2 и 5 в 28.50s, расстояние: 0.425, требуется: 0.500
2025-09-23 15:16:52 - ROBOTY.collision - WARNING - Коллизия: роботы 2 и 5 в 28.55s, расстояние: 0.442, требуется: 0.500
2025-09-23 15:16:52 - ROBOTY.collision - WARNING - Коллизия: роботы 2 и 5 в 28.60s, расстояние: 0.465, требуется: 0.500
2025-09-23 15:16:52 - ROBOTY.collision - WARNING - Коллизия: роботы 2 и 5 в 28.65s, расстояние: 0.494, требуется: 0.500
2025-09-23 15:16:52 - ROBOTY.collision - WARNING - Коллизия: роботы 7 и 10 в 30.60s, расстояние: 0.477, требуется: 0.500
2025-09-23 15:16:52 - ROBOTY.collision - WARNING - Коллизия: роботы 7 и 10 в 30.65s, расстояние: 0.408, требуется: 0.500
2025-09-23 15:16:52 - ROBOTY.collision - WARNING - Коллизия: роботы 7 и 10 в 30.70s, расстояние: 0.339, требуется: 0.500
2025-09-23 15:16:52 - ROBOTY.collision - WARNING - Коллизия: роботы 7 и 10 в 30.75s, расстояние: 0.271, требуется: 0.500
2025-09-23 15:16:52 - ROBOTY.collision - WARNING - Коллизия: роботы 7 и 10 в 30.80s, расстояние: 0.204, требуется: 0.500
2025-09-23 15:16:52 - ROBOTY.collision - WARNING - Коллизия: роботы 7 и 10 в 30.85s, расстояние: 0.138, требуется: 0.500
2025-09-23 15:16:52 - ROBOTY.collision - WARNING - Коллизия: роботы 7 и 10 в 30.90s, расстояние: 0.079, требуется: 0.500
2025-09-23 15:16:52 - ROBOTY.collision - WARNING - Коллизия: роботы 7 и 10 в 30.95s, расстояние: 0.054, требуется: 0.500
2025-09-23 15:16:52 - ROBOTY.collision - WARNING - Коллизия: роботы 7 и 10 в 31.00s, расстояние: 0.096, требуется: 0.500
2025-09-23 15:16:52 - ROBOTY.collision - WARNING - Коллизия: роботы 7 и 10 в 31.05s, расстояние: 0.158, требуется: 0.500
2025-09-23 15:16:52 - ROBOTY.collision - WARNING - Коллизия: роботы 7 и 10 в 31.10s, расстояние: 0.224, требуется: 0.500
2025-09-23 15:16:52 - ROBOTY.collision - WARNING - Коллизия: роботы 7 и 10 в 31.15s, расстояние: 0.292, требуется: 0.500
2025-09-23 15:16:52 - ROBOTY.collision - WARNING - Коллизия: роботы 7 и 10 в 31.20s, расстояние: 0.360, требуется: 0.500
2025-09-23 15:16:52 - ROBOTY.collision - WARNING - Коллизия: роботы 7 и 10 в 31.25s, расстояние: 0.428, требуется: 0.500
2025-09-23 15:16:52 - ROBOTY.collision - WARNING - Коллизия: роботы 7 и 10 в 31.30s, расстояние: 0.497, требуется: 0.500
2025-09-23 15:16:52 - ROBOTY.collision - WARNING - Коллизия: роботы 2 и 4 в 35.20s, расстояние: 0.482, требуется: 0.500
2025-09-23 15:16:52 - ROBOTY.collision - WARNING - Коллизия: роботы 2 и 4 в 35.25s, расстояние: 0.464, требуется: 0.500
2025-09-23 15:16:52 - ROBOTY.collision - WARNING - Коллизия: роботы 2 и 4 в 35.30s, расстояние: 0.451, требуется: 0.500
2025-09-23 15:16:52 - ROBOTY.collision - WARNING - Коллизия: роботы 2 и 4 в 35.35s, расстояние: 0.443, требуется: 0.500
2025-09-23 15:16:52 - ROBOTY.collision - WARNING - Коллизия: роботы 2 и 4 в 35.40s, расстояние: 0.441, требуется: 0.500
2025-09-23 15:16:52 - ROBOTY.collision - WARNING - Коллизия: роботы 2 и 4 в 35.45s, расстояние: 0.445, требуется: 0.500
2025-09-23 15:16:52 - ROBOTY.collision - WARNING - Коллизия: роботы 2 и 4 в 35.50s, расстояние: 0.454, требуется: 0.500
2025-09-23 15:16:52 - ROBOTY.collision - WARNING - Коллизия: роботы 2 и 4 в 35.55s, расстояние: 0.469, требуется: 0.500
2025-09-23 15:16:52 - ROBOTY.collision - WARNING - Коллизия: роботы 2 и 4 в 35.60s, расстояние: 0.488, требуется: 0.500
2025-09-23 15:16:52 - ROBOTY.collision - ERROR - Обнаружено 83 коллизий
2025-09-23 15:16:52 - ROBOTY.safety - DEBUG - Добавлена пауза 0.60s роботу 1 в t=7.70s
2025-09-23 15:16:52 - ROBOTY.safety - DEBUG - Добавлена пауза 0.60s роботу 8 в t=7.70s
2025-09-23 15:16:52 - ROBOTY.safety - DEBUG - Добавлена пауза 0.60s роботу 1 в t=7.75s
2025-09-23 15:16:52 - ROBOTY.safety - DEBUG - Добавлена пауза 0.60s роботу 8 в t=7.75s
2025-09-23 15:16:52 - ROBOTY.safety - DEBUG - Добавлена пауза 0.60s роботу 1 в t=7.80s
2025-09-23 15:16:52 - ROBOTY.safety - DEBUG - Добавлена пауза 0.60s роботу 8 в t=7.80s
2025-09-23 15:16:52 - ROBOTY.safety - DEBUG - Добавлена пауза 0.60s роботу 1 в t=7.85s
2025-09-23 15:16:52 - ROBOTY.safety - DEBUG - Добавлена пауза 0.60s роботу 8 в t=7.85s
2025-09-23 15:16:52 - ROBOTY.safety - DEBUG - Добавлена пауза 0.60s роботу 1 в t=7.90s
2025-09-23 15:16:52 - ROBOTY.safety - DEBUG - Добавлена пауза 0.60s роботу 8 в t=7.90s
2025-09-23 15:16:52 - ROBOTY.safety - DEBUG - Добавлена пауза 0.60s роботу 1 в t=7.95s
2025-09-23 15:16:52 - ROBOTY.safety - DEBUG - Добавлена пауза 0.60s роботу 8 в t=7.95s
2025-09-23 15:16:52 - ROBOTY.safety - DEBUG - Добавлена пауза 0.60s роботу 1 в t=8.00s
2025-09-23 15:16:52 - ROBOTY.safety - DEBUG - Добавлена пауза 0.60s роботу 8 в t=8.00s
2025-09-23 15:16:52 - ROBOTY.safety - DEBUG - Добавлена пауза 0.60s роботу 1 в t=8.05s
2025-09-23 15:16:52 - ROBOTY.safety - DEBUG - Добавлена пауза 0.60s роботу 8 в t=8.05s
2025-09-23 15:16:52 - ROBOTY.safety - DEBUG - Добавлена пауза 0.60s роботу 1 в t=8.10s
2025-09-23 15:16:52 - ROBOTY.safety - DEBUG - Добавлена пауза 0.60s роботу 8 в t=8.10s
2025-09-23 15:16:52 - ROBOTY.safety - DEBUG - Добавлена пауза 0.60s роботу 1 в t=8.15s
2025-09-23 15:16:52 - ROBOTY.safety - DEBUG - Добавлена пауза 0.60s роботу 8 в t=8.15s
2025-09-23 15:16:52 - ROBOTY.safety - DEBUG - Добавлена пауза 0.60s роботу 1 в t=8.20s
2025-09-23 15:16:52 - ROBOTY.safety - DEBUG - Добавлена пауза 0.60s роботу 8 в t=8.20s
2025-09-23 15:16:52 - ROBOTY.safety - DEBUG - Добавлена пауза 0.60s роботу 1 в t=8.25s
2025-09-23 15:16:52 - ROBOTY.safety - DEBUG - Добавлена пауза 0.60s роботу 8 в t=8.25s
2025-09-23 15:16:52 - ROBOTY.safety - DEBUG - Добавлена пауза 0.60s роботу 1 в t=8.30s
2025-09-23 15:16:52 - ROBOTY.safety - DEBUG - Добавлена пауза 0.60s роботу 8 в t=8.30s
2025-09-23 15:16:52 - ROBOTY.safety - DEBUG - Добавлена пауза 0.60s роботу 1 в t=8.35s
2025-09-23 15:16:52 - ROBOTY.safety - DEBUG - Добавлена пауза 0.60s роботу 8 в t=8.35s
2025-09-23 15:16:52 - ROBOTY.safety - DEBUG - Добавлена пауза 0.60s роботу 1 в t=8.40s
2025-09-23 15:16:52 - ROBOTY.safety - DEBUG - Добавлена пауза 0.60s роботу 8 в t=8.40s
2025-09-23 15:16:52 - ROBOTY.safety - DEBUG - Добавлена пауза 0.60s роботу 1 в t=8.45s
2025-09-23 15:16:52 - ROBOTY.safety - DEBUG - Добавлена пауза 0.60s роботу 8 в t=8.45s
2025-09-23 15:16:52 - ROBOTY.safety - DEBUG - Добавлена пауза 0.60s роботу 1 в t=8.50s
2025-09-23 15:16:52 - ROBOTY.safety - DEBUG - Добавлена пауза 0.60s роботу 8 в t=8.50s
2025-09-23 15:16:52 - ROBOTY.safety - DEBUG - Добавлена пауза 0.60s роботу 1 в t=8.55s
2025-09-23 15:16:52 - ROBOTY.safety - DEBUG - Добавлена пауза 0.60s роботу 8 в t=8.55s
2025-09-23 15:16:52 - ROBOTY.safety - DEBUG - Добавлена пауза 0.60s роботу 1 в t=8.60s
2025-09-23 15:16:52 - ROBOTY.safety - DEBUG - Добавлена пауза 0.60s роботу 8 в t=8.60s
2025-09-23 15:16:52 - ROBOTY.safety - DEBUG - Добавлена пауза 0.60s роботу 1 в t=8.65s
2025-09-23 15:16:52 - ROBOTY.safety - DEBUG - Добавлена пауза 0.60s роботу 8 в t=8.65s
2025-09-23 15:16:52 - ROBOTY.safety - DEBUG - Добавлена пауза 0.60s роботу 1 в t=8.70s
2025-09-23 15:16:52 - ROBOTY.safety - DEBUG - Добавлена пауза 0.60s роботу 8 в t=8.70s
2025-09-23 15:16:52 - ROBOTY.safety - DEBUG - Добавлена пауза 0.60s роботу 1 в t=8.75s
2025-09-23 15:16:52 - ROBOTY.safety - DEBUG - Добавлена пауза 0.60s роботу 8 в t=8.75s
2025-09-23 15:16:52 - ROBOTY.safety - DEBUG - Добавлена пауза 0.60s роботу 1 в t=8.80s
2025-09-23 15:16:52 - ROBOTY.safety - DEBUG - Добавлена пауза 0.60s роботу 8 в t=8.80s
2025-09-23 15:16:52 - ROBOTY.safety - DEBUG - Добавлена пауза 0.60s роботу 1 в t=8.85s
2025-09-23 15:16:52 - ROBOTY.safety - DEBUG - Добавлена пауза 0.60s роботу 8 в t=8.85s
2025-09-23 15:16:52 - ROBOTY.safety - DEBUG - Добавлена пауза 0.60s роботу 1 в t=8.90s
2025-09-23 15:16:52 - ROBOTY.safety - DEBUG - Добавлена пауза 0.60s роботу 8 в t=8.90s
2025-09-23 15:16:52 - ROBOTY.safety - DEBUG - Добавлена пауза 0.60s роботу 1 в t=8.95s
2025-09-23 15:16:52 - ROBOTY.safety - DEBUG - Добавлена пауза 0.60s роботу 8 в t=8.95s
2025-09-23 15:16:52 - ROBOTY.safety - DEBUG - Добавлена пауза 0.60s роботу 1 в t=9.00s
2025-09-23 15:16:52 - ROBOTY.safety - DEBUG - Добавлена пауза 0.60s роботу 8 в t=9.00s
2025-09-23 15:16:52 - ROBOTY.safety - DEBUG - Добавлена пауза 0.60s роботу 1 в t=9.05s
2025-09-23 15:16:52 - ROBOTY.safety - DEBUG - Добавлена пауза 0.60s роботу 8 в t=9.05s
2025-09-23 15:16:52 - ROBOTY.safety - DEBUG - Добавлена пауза 0.60s роботу 1 в t=9.10s
2025-09-23 15:16:52 - ROBOTY.safety - DEBUG - Добавлена пауза 0.60s роботу 8 в t=9.10s
2025-09-23 15:16:52 - ROBOTY.safety - DEBUG - Добавлена пауза 0.60s роботу 1 в t=9.15s
2025-09-23 15:16:52 - ROBOTY.safety - DEBUG - Добавлена пауза 0.60s роботу 8 в t=9.15s
2025-09-23 15:16:52 - ROBOTY.safety - DEBUG - Добавлена пауза 0.60s роботу 1 в t=9.20s
2025-09-23 15:16:52 - ROBOTY.safety - DEBUG - Добавлена пауза 0.60s роботу 8 в t=9.20s
2025-09-23 15:16:52 - ROBOTY.safety - DEBUG - Добавлена пауза 0.60s роботу 1 в t=9.25s
2025-09-23 15:16:52 - ROBOTY.safety - DEBUG - Добавлена пауза 0.60s роботу 8 в t=9.25s
2025-09-23 15:16:52 - ROBOTY.safety - DEBUG - Добавлена пауза 0.60s роботу 1 в t=9.30s
2025-09-23 15:16:52 - ROBOTY.safety - DEBUG - Добавлена пауза 0.60s роботу 8 в t=9.30s
2025-09-23 15:16:52 - ROBOTY.safety - DEBUG - Добавлена пауза 0.60s роботу 1 в t=9.35s
2025-09-23 15:16:52 - ROBOTY.safety - DEBUG - Добавлена пауза 0.60s роботу 8 в t=9.35s
2025-09-23 15:16:52 - ROBOTY.safety - DEBUG - Добавлена пауза 0.60s роботу 1 в t=9.40s
2025-09-23 15:16:52 - ROBOTY.safety - DEBUG - Добавлена пауза 0.60s роботу 8 в t=9.40s
2025-09-23 15:16:52 - ROBOTY.safety - DEBUG - Добавлена пауза 0.60s роботу 1 в t=9.45s
2025-09-23 15:16:52 - ROBOTY.safety - DEBUG - Добавлена пауза 0.60s роботу 8 в t=9.45s
2025-09-23 15:16:52 - ROBOTY.safety - DEBUG - Добавлена пауза 0.60s роботу 4 в t=20.80s
2025-09-23 15:16:52 - ROBOTY.safety - DEBUG - Добавлена пауза 0.60s роботу 10 в t=20.80s
2025-09-23 15:16:52 - ROBOTY.safety - DEBUG - Добавлена пауза 0.60s роботу 4 в t=20.85s
2025-09-23 15:16:52 - ROBOTY.safety - DEBUG - Добавлена пауза 0.60s роботу 10 в t=20.85s
2025-09-23 15:16:52 - ROBOTY.safety - DEBUG - Добавлена пауза 0.60s роботу 4 в t=20.90s
2025-09-23 15:16:52 - ROBOTY.safety - DEBUG - Добавлена пауза 0.60s роботу 10 в t=20.90s
2025-09-23 15:16:52 - ROBOTY.safety - DEBUG - Добавлена пауза 0.60s роботу 4 в t=20.95s
2025-09-23 15:16:52 - ROBOTY.safety - DEBUG - Добавлена пауза 0.60s роботу 10 в t=20.95s
2025-09-23 15:16:52 - ROBOTY.safety - DEBUG - Добавлена пауза 0.60s роботу 4 в t=21.00s
2025-09-23 15:16:52 - ROBOTY.safety - DEBUG - Добавлена пауза 0.60s роботу 10 в t=21.00s
2025-09-23 15:16:52 - ROBOTY.safety - DEBUG - Добавлена пауза 0.60s роботу 4 в t=21.05s
2025-09-23 15:16:52 - ROBOTY.safety - DEBUG - Добавлена пауза 0.60s роботу 10 в t=21.05s
2025-09-23 15:16:52 - ROBOTY.safety - DEBUG - Добавлена пауза 0.60s роботу 4 в t=21.10s
2025-09-23 15:16:52 - ROBOTY.safety - DEBUG - Добавлена пауза 0.60s роботу 10 в t=21.10s
2025-09-23 15:16:52 - ROBOTY.safety - DEBUG - Добавлена пауза 0.60s роботу 4 в t=21.15s
2025-09-23 15:16:52 - ROBOTY.safety - DEBUG - Добавлена пауза 0.60s роботу 10 в t=21.15s
2025-09-23 15:16:52 - ROBOTY.safety - DEBUG - Добавлена пауза 0.60s роботу 4 в t=21.20s
2025-09-23 15:16:52 - ROBOTY.safety - DEBUG - Добавлена пауза 0.60s роботу 10 в t=21.20s
2025-09-23 15:16:52 - ROBOTY.safety - DEBUG - Добавлена пауза 0.60s роботу 4 в t=21.25s
2025-09-23 15:16:52 - ROBOTY.safety - DEBUG - Добавлена пауза 0.60s роботу 10 в t=21.25s
2025-09-23 15:16:52 - ROBOTY.safety - DEBUG - Добавлена пауза 0.60s роботу 4 в t=21.30s
2025-09-23 15:16:52 - ROBOTY.safety - DEBUG - Добавлена пауза 0.60s роботу 10 в t=21.30s
2025-09-23 15:16:52 - ROBOTY.safety - DEBUG - Добавлена пауза 0.60s роботу 4 в t=21.35s
2025-09-23 15:16:52 - ROBOTY.safety - DEBUG - Добавлена пауза 0.60s роботу 10 в t=21.35s
2025-09-23 15:16:52 - ROBOTY.safety - DEBUG - Добавлена пауза 0.60s роботу 4 в t=21.40s
2025-09-23 15:16:52 - ROBOTY.safety - DEBUG - Добавлена пауза 0.60s роботу 10 в t=21.40s
2025-09-23 15:16:52 - ROBOTY.safety - DEBUG - Добавлена пауза 0.60s роботу 2 в t=28.20s
2025-09-23 15:16:52 - ROBOTY.safety - DEBUG - Добавлена пауза 0.60s роботу 5 в t=28.20s
2025-09-23 15:16:52 - ROBOTY.safety - DEBUG - Добавлена пауза 0.60s роботу 2 в t=28.25s
2025-09-23 15:16:52 - ROBOTY.safety - DEBUG - Добавлена пауза 0.60s роботу 5 в t=28.25s
2025-09-23 15:16:52 - ROBOTY.safety - DEBUG - Добавлена пауза 0.60s роботу 2 в t=28.30s
2025-09-23 15:16:52 - ROBOTY.safety - DEBUG - Добавлена пауза 0.60s роботу 5 в t=28.30s
2025-09-23 15:16:52 - ROBOTY.safety - DEBUG - Добавлена пауза 0.60s роботу 2 в t=28.35s
2025-09-23 15:16:52 - ROBOTY.safety - DEBUG - Добавлена пауза 0.60s роботу 5 в t=28.35s
2025-09-23 15:16:52 - ROBOTY.safety - DEBUG - Добавлена пауза 0.60s роботу 2 в t=28.40s
2025-09-23 15:16:52 - ROBOTY.safety - DEBUG - Добавлена пауза 0.60s роботу 5 в t=28.40s
2025-09-23 15:16:52 - ROBOTY.safety - DEBUG - Добавлена пауза 0.60s роботу 2 в t=28.45s
2025-09-23 15:16:52 - ROBOTY.safety - DEBUG - Добавлена пауза 0.60s роботу 5 в t=28.45s
2025-09-23 15:16:52 - ROBOTY.safety - DEBUG - Добавлена пауза 0.60s роботу 2 в t=28.50s
2025-09-23 15:16:52 - ROBOTY.safety - DEBUG - Добавлена пауза 0.60s роботу 5 в t=28.50s
2025-09-23 15:16:52 - ROBOTY.safety - DEBUG - Добавлена пауза 0.60s роботу 2 в t=28.55s
2025-09-23 15:16:52 - ROBOTY.safety - DEBUG - Добавлена пауза 0.60s роботу 5 в t=28.55s
2025-09-23 15:16:52 - ROBOTY.safety - DEBUG - Добавлена пауза 0.60s роботу 2 в t=28.60s
2025-09-23 15:16:52 - ROBOTY.safety - DEBUG - Добавлена пауза 0.60s роботу 5 в t=28.60s
2025-09-23 15:16:52 - ROBOTY.safety - DEBUG - Добавлена пауза 0.60s роботу 2 в t=28.65s
2025-09-23 15:16:52 - ROBOTY.safety - DEBUG - Добавлена пауза 0.60s роботу 5 в t=28.65s
2025-09-23 15:16:52 - ROBOTY.safety - DEBUG - Добавлена пауза 0.60s роботу 7 в t=30.60s
2025-09-23 15:16:52 - ROBOTY.safety - DEBUG - Добавлена пауза 0.60s роботу 10 в t=30.60s
2025-09-23 15:16:52 - ROBOTY.safety - DEBUG - Добавлена пауза 0.60s роботу 7 в t=30.65s
2025-09-23 15:16:52 - ROBOTY.safety - DEBUG - Добавлена пауза 0.60s роботу 10 в t=30.65s
2025-09-23 15:16:52 - ROBOTY.safety - DEBUG - Добавлена пауза 0.60s роботу 7 в t=30.70s
2025-09-23 15:16:52 - ROBOTY.safety - DEBUG - Добавлена пауза 0.60s роботу 10 в t=30.70s
2025-09-23 15:16:52 - ROBOTY.safety - DEBUG - Добавлена пауза 0.60s роботу 7 в t=30.75s
2025-09-23 15:16:52 - ROBOTY.safety - DEBUG - Добавлена пауза 0.60s роботу 10 в t=30.75s
2025-09-23 15:16:52 - ROBOTY.safety - DEBUG - Добавлена пауза 0.60s роботу 7 в t=30.80s
2025-09-23 15:16:52 - ROBOTY.safety - DEBUG - Добавлена пауза 0.60s роботу 10 в t=30.80s
2025-09-23 15:16:52 - ROBOTY.safety - DEBUG - Добавлена пауза 0.60s роботу 7 в t=30.85s
2025-09-23 15:16:52 - ROBOTY.safety - DEBUG - Добавлена пауза 0.60s роботу 10 в t=30.85s
2025-09-23 15:16:52 - ROBOTY.safety - DEBUG - Добавлена пауза 0.60s роботу 7 в t=30.90s
2025-09-23 15:16:52 - ROBOTY.safety - DEBUG - Добавлена пауза 0.60s роботу 10 в t=30.90s
2025-09-23 15:16:52 - ROBOTY.safety - DEBUG - Добавлена пауза 0.60s роботу 7 в t=30.95s
2025-09-23 15:16:52 - ROBOTY.safety - DEBUG - Добавлена пауза 0.60s роботу 10 в t=30.95s
2025-09-23 15:16:52 - ROBOTY.safety - DEBUG - Добавлена пауза 0.60s роботу 7 в t=31.00s
2025-09-23 15:16:52 - ROBOTY.safety - DEBUG - Добавлена пауза 0.60s роботу 10 в t=31.00s
2025-09-23 15:16:52 - ROBOTY.safety - DEBUG - Добавлена пауза 0.60s роботу 7 в t=31.05s
2025-09-23 15:16:52 - ROBOTY.safety - DEBUG - Добавлена пауза 0.60s роботу 10 в t=31.05s
2025-09-23 15:16:52 - ROBOTY.safety - DEBUG - Добавлена пауза 0.60s роботу 7 в t=31.10s
2025-09-23 15:16:52 - ROBOTY.safety - DEBUG - Добавлена пауза 0.60s роботу 10 в t=31.10s
2025-09-23 15:16:52 - ROBOTY.safety - DEBUG - Добавлена пауза 0.60s роботу 7 в t=31.15s
2025-09-23 15:16:52 - ROBOTY.safety - DEBUG - Добавлена пауза 0.60s роботу 10 в t=31.15s
2025-09-23 15:16:52 - ROBOTY.safety - DEBUG - Добавлена пауза 0.60s роботу 7 в t=31.20s
2025-09-23 15:16:52 - ROBOTY.safety - DEBUG - Добавлена пауза 0.60s роботу 10 в t=31.20s
2025-09-23 15:16:52 - ROBOTY.safety - DEBUG - Добавлена пауза 0.60s роботу 7 в t=31.25s
2025-09-23 15:16:52 - ROBOTY.safety - DEBUG - Добавлена пауза 0.60s роботу 10 в t=31.25s
2025-09-23 15:16:52 - ROBOTY.safety - DEBUG - Добавлена пауза 0.60s роботу 7 в t=31.30s
2025-09-23 15:16:52 - ROBOTY.safety - DEBUG - Добавлена пауза 0.60s роботу 10 в t=31.30s
2025-09-23 15:16:52 - ROBOTY.safety - DEBUG - Добавлена пауза 0.60s роботу 2 в t=35.20s
2025-09-23 15:16:52 - ROBOTY.safety - DEBUG - Добавлена пауза 0.60s роботу 4 в t=35.20s
2025-09-23 15:16:52 - ROBOTY.safety - DEBUG - Добавлена пауза 0.60s роботу 2 в t=35.25s
2025-09-23 15:16:52 - ROBOTY.safety - DEBUG - Добавлена пауза 0.60s роботу 4 в t=35.25s
2025-09-23 15:16:52 - ROBOTY.safety - DEBUG - Добавлена пауза 0.60s роботу 2 в t=35.30s
2025-09-23 15:16:52 - ROBOTY.safety - DEBUG - Добавлена пауза 0.60s роботу 4 в t=35.30s
2025-09-23 15:16:52 - ROBOTY.safety - DEBUG - Добавлена пауза 0.60s роботу 2 в t=35.35s
2025-09-23 15:16:52 - ROBOTY.safety - DEBUG - Добавлена пауза 0.60s роботу 4 в t=35.35s
2025-09-23 15:16:52 - ROBOTY.safety - DEBUG - Добавлена пауза 0.60s роботу 2 в t=35.40s
2025-09-23 15:16:52 - ROBOTY.safety - DEBUG - Добавлена пауза 0.60s роботу 4 в t=35.40s
2025-09-23 15:16:52 - ROBOTY.safety - DEBUG - Добавлена пауза 0.60s роботу 2 в t=35.45s
2025-09-23 15:16:52 - ROBOTY.safety - DEBUG - Добавлена пауза 0.60s роботу 4 в t=35.45s
2025-09-23 15:16:52 - ROBOTY.safety - DEBUG - Добавлена пауза 0.60s роботу 2 в t=35.50s
2025-09-23 15:16:52 - ROBOTY.safety - DEBUG - Добавлена пауза 0.60s роботу 4 в t=35.50s
2025-09-23 15:16:52 - ROBOTY.safety - DEBUG - Добавлена пауза 0.60s роботу 2 в t=35.55s
2025-09-23 15:16:52 - ROBOTY.safety - DEBUG - Добавлена пауза 0.60s роботу 4 в t=35.55s
2025-09-23 15:16:52 - ROBOTY.safety - DEBUG - Добавлена пауза 0.60s роботу 2 в t=35.60s
2025-09-23 15:16:52 - ROBOTY.safety - DEBUG - Добавлена пауза 0.60s роботу 4 в t=35.60s
2025-09-23 15:16:52 - ROBOTY.safety - INFO - Онлайн-безопасность применена: паузы вставлены
2025-09-23 15:16:52 - ROBOTY.collision - INFO - Начинаем детальную проверку коллизий
2025-09-23 15:16:52 - ROBOTY.collision - DEBUG - Проверяем коллизии в диапазоне времени: 0.00 - 55.63
2025-09-23 15:16:52 - ROBOTY.collision - WARNING - Коллизия: роботы 1 и 8 в 7.70s, расстояние: 0.480, требуется: 0.500
2025-09-23 15:16:52 - ROBOTY.collision - WARNING - Коллизия: роботы 1 и 8 в 7.80s, расстояние: 0.480, требуется: 0.500
2025-09-23 15:16:52 - ROBOTY.collision - WARNING - Коллизия: роботы 1 и 8 в 7.90s, расстояние: 0.480, требуется: 0.500
2025-09-23 15:16:52 - ROBOTY.collision - WARNING - Коллизия: роботы 1 и 8 в 8.00s, расстояние: 0.480, требуется: 0.500
2025-09-23 15:16:52 - ROBOTY.collision - WARNING - Коллизия: роботы 1 и 8 в 8.10s, расстояние: 0.480, требуется: 0.500
2025-09-23 15:16:52 - ROBOTY.collision - WARNING - Коллизия: роботы 1 и 8 в 8.20s, расстояние: 0.480, требуется: 0.500
2025-09-23 15:16:52 - ROBOTY.collision - WARNING - Коллизия: роботы 1 и 8 в 8.30s, расстояние: 0.480, требуется: 0.500
2025-09-23 15:16:52 - ROBOTY.collision - WARNING - Коллизия: роботы 1 и 8 в 8.40s, расстояние: 0.480, требуется: 0.500
2025-09-23 15:16:52 - ROBOTY.collision - WARNING - Коллизия: роботы 1 и 8 в 8.50s, расстояние: 0.480, требуется: 0.500
2025-09-23 15:16:52 - ROBOTY.collision - WARNING - Коллизия: роботы 1 и 8 в 8.60s, расстояние: 0.480, требуется: 0.500
2025-09-23 15:16:52 - ROBOTY.collision - WARNING - Коллизия: роботы 1 и 8 в 8.70s, расстояние: 0.480, требуется: 0.500
2025-09-23 15:16:52 - ROBOTY.collision - WARNING - Коллизия: роботы 1 и 8 в 8.80s, расстояние: 0.480, требуется: 0.500
2025-09-23 15:16:52 - ROBOTY.collision - WARNING - Коллизия: роботы 1 и 8 в 8.90s, расстояние: 0.480, требуется: 0.500
2025-09-23 15:16:52 - ROBOTY.collision - WARNING - Коллизия: роботы 1 и 8 в 9.00s, расстояние: 0.480, требуется: 0.500
2025-09-23 15:16:52 - ROBOTY.collision - WARNING - Коллизия: роботы 1 и 8 в 9.10s, расстояние: 0.480, требуется: 0.500
2025-09-23 15:16:52 - ROBOTY.collision - WARNING - Коллизия: роботы 1 и 8 в 9.20s, расстояние: 0.480, требуется: 0.500
2025-09-23 15:16:52 - ROBOTY.collision - WARNING - Коллизия: роботы 1 и 8 в 9.30s, расстояние: 0.480, требуется: 0.500
2025-09-23 15:16:52 - ROBOTY.collision - WARNING - Коллизия: роботы 1 и 8 в 9.40s, расстояние: 0.480, требуется: 0.500
2025-09-23 15:16:52 - ROBOTY.collision - WARNING - Коллизия: роботы 1 и 8 в 9.50s, расстояние: 0.480, требуется: 0.500
2025-09-23 15:16:52 - ROBOTY.collision - WARNING - Коллизия: роботы 1 и 8 в 9.60s, расстояние: 0.480, требуется: 0.500
2025-09-23 15:16:52 - ROBOTY.collision - WARNING - Коллизия: роботы 1 и 8 в 9.70s, расстояние: 0.480, требуется: 0.500
2025-09-23 15:16:52 - ROBOTY.collision - WARNING - Коллизия: роботы 1 и 8 в 9.80s, расстояние: 0.480, требуется: 0.500
2025-09-23 15:16:52 - ROBOTY.collision - WARNING - Коллизия: роботы 1 и 8 в 9.90s, расстояние: 0.480, требуется: 0.500
2025-09-23 15:16:52 - ROBOTY.collision - WARNING - Коллизия: роботы 1 и 8 в 10.00s, расстояние: 0.480, требуется: 0.500
2025-09-23 15:16:52 - ROBOTY.collision - WARNING - Коллизия: роботы 1 и 8 в 10.10s, расстояние: 0.480, требуется: 0.500
2025-09-23 15:16:52 - ROBOTY.collision - WARNING - Коллизия: роботы 1 и 8 в 10.20s, расстояние: 0.480, требуется: 0.500
2025-09-23 15:16:52 - ROBOTY.collision - WARNING - Коллизия: роботы 1 и 8 в 10.30s, расстояние: 0.480, требуется: 0.500
2025-09-23 15:16:52 - ROBOTY.collision - WARNING - Коллизия: роботы 1 и 8 в 10.40s, расстояние: 0.480, требуется: 0.500
2025-09-23 15:16:52 - ROBOTY.collision - WARNING - Коллизия: роботы 1 и 8 в 10.50s, расстояние: 0.480, требуется: 0.500
2025-09-23 15:16:52 - ROBOTY.collision - WARNING - Коллизия: роботы 1 и 8 в 10.60s, расстояние: 0.480, требуется: 0.500
2025-09-23 15:16:52 - ROBOTY.collision - WARNING - Коллизия: роботы 1 и 8 в 10.70s, расстояние: 0.480, требуется: 0.500
2025-09-23 15:16:52 - ROBOTY.collision - WARNING - Коллизия: роботы 1 и 8 в 10.80s, расстояние: 0.480, требуется: 0.500
2025-09-23 15:16:52 - ROBOTY.collision - WARNING - Коллизия: роботы 1 и 8 в 10.90s, расстояние: 0.480, требуется: 0.500
2025-09-23 15:16:52 - ROBOTY.collision - WARNING - Коллизия: роботы 1 и 8 в 11.00s, расстояние: 0.480, требуется: 0.500
2025-09-23 15:16:52 - ROBOTY.collision - WARNING - Коллизия: роботы 1 и 8 в 11.10s, расстояние: 0.480, требуется: 0.500
2025-09-23 15:16:52 - ROBOTY.collision - WARNING - Коллизия: роботы 1 и 8 в 11.20s, расстояние: 0.480, требуется: 0.500
2025-09-23 15:16:52 - ROBOTY.collision - WARNING - Коллизия: роботы 1 и 8 в 11.30s, расстояние: 0.480, требуется: 0.500
2025-09-23 15:16:52 - ROBOTY.collision - WARNING - Коллизия: роботы 1 и 8 в 11.40s, расстояние: 0.480, требуется: 0.500
2025-09-23 15:16:52 - ROBOTY.collision - WARNING - Коллизия: роботы 1 и 8 в 11.50s, расстояние: 0.480, требуется: 0.500
2025-09-23 15:16:52 - ROBOTY.collision - WARNING - Коллизия: роботы 1 и 8 в 11.60s, расстояние: 0.480, требуется: 0.500
2025-09-23 15:16:52 - ROBOTY.collision - WARNING - Коллизия: роботы 1 и 8 в 11.70s, расстояние: 0.480, требуется: 0.500
2025-09-23 15:16:52 - ROBOTY.collision - WARNING - Коллизия: роботы 1 и 8 в 11.80s, расстояние: 0.480, требуется: 0.500
2025-09-23 15:16:52 - ROBOTY.collision - WARNING - Коллизия: роботы 1 и 8 в 11.90s, расстояние: 0.480, требуется: 0.500
2025-09-23 15:16:52 - ROBOTY.collision - WARNING - Коллизия: роботы 1 и 8 в 12.00s, расстояние: 0.480, требуется: 0.500
2025-09-23 15:16:52 - ROBOTY.collision - WARNING - Коллизия: роботы 1 и 8 в 12.10s, расстояние: 0.480, требуется: 0.500
2025-09-23 15:16:52 - ROBOTY.collision - WARNING - Коллизия: роботы 1 и 8 в 12.20s, расстояние: 0.480, требуется: 0.500
2025-09-23 15:16:52 - ROBOTY.collision - WARNING - Коллизия: роботы 1 и 8 в 12.30s, расстояние: 0.480, требуется: 0.500
2025-09-23 15:16:52 - ROBOTY.collision - WARNING - Коллизия: роботы 1 и 8 в 12.40s, расстояние: 0.480, требуется: 0.500
2025-09-23 15:16:52 - ROBOTY.collision - WARNING - Коллизия: роботы 1 и 8 в 12.50s, расстояние: 0.480, требуется: 0.500
2025-09-23 15:16:52 - ROBOTY.collision - WARNING - Коллизия: роботы 1 и 8 в 12.60s, расстояние: 0.480, требуется: 0.500
2025-09-23 15:16:52 - ROBOTY.collision - WARNING - Коллизия: роботы 1 и 8 в 12.70s, расстояние: 0.480, требуется: 0.500
2025-09-23 15:16:52 - ROBOTY.collision - WARNING - Коллизия: роботы 1 и 8 в 12.80s, расстояние: 0.480, требуется: 0.500
2025-09-23 15:16:52 - ROBOTY.collision - WARNING - Коллизия: роботы 1 и 8 в 12.90s, расстояние: 0.480, требуется: 0.500
2025-09-23 15:16:52 - ROBOTY.collision - WARNING - Коллизия: роботы 1 и 8 в 13.00s, расстояние: 0.480, требуется: 0.500
2025-09-23 15:16:52 - ROBOTY.collision - WARNING - Коллизия: роботы 1 и 8 в 13.10s, расстояние: 0.480, требуется: 0.500
2025-09-23 15:16:52 - ROBOTY.collision - WARNING - Коллизия: роботы 1 и 8 в 13.20s, расстояние: 0.480, требуется: 0.500
2025-09-23 15:16:52 - ROBOTY.collision - WARNING - Коллизия: роботы 1 и 8 в 13.30s, расстояние: 0.480, требуется: 0.500
2025-09-23 15:16:52 - ROBOTY.collision - WARNING - Коллизия: роботы 1 и 8 в 13.40s, расстояние: 0.480, требуется: 0.500
2025-09-23 15:16:52 - ROBOTY.collision - WARNING - Коллизия: роботы 1 и 8 в 13.50s, расстояние: 0.480, требуется: 0.500
2025-09-23 15:16:52 - ROBOTY.collision - WARNING - Коллизия: роботы 1 и 8 в 13.60s, расстояние: 0.480, требуется: 0.500
2025-09-23 15:16:52 - ROBOTY.collision - WARNING - Коллизия: роботы 1 и 8 в 13.70s, расстояние: 0.480, требуется: 0.500
2025-09-23 15:16:52 - ROBOTY.collision - WARNING - Коллизия: роботы 1 и 8 в 13.80s, расстояние: 0.480, требуется: 0.500
2025-09-23 15:16:52 - ROBOTY.collision - WARNING - Коллизия: роботы 1 и 8 в 13.90s, расстояние: 0.480, требуется: 0.500
2025-09-23 15:16:52 - ROBOTY.collision - WARNING - Коллизия: роботы 1 и 8 в 14.00s, расстояние: 0.480, требуется: 0.500
2025-09-23 15:16:52 - ROBOTY.collision - WARNING - Коллизия: роботы 1 и 8 в 14.10s, расстояние: 0.480, требуется: 0.500
2025-09-23 15:16:52 - ROBOTY.collision - WARNING - Коллизия: роботы 1 и 8 в 14.20s, расстояние: 0.480, требуется: 0.500
2025-09-23 15:16:52 - ROBOTY.collision - WARNING - Коллизия: роботы 1 и 8 в 14.30s, расстояние: 0.480, требуется: 0.500
2025-09-23 15:16:52 - ROBOTY.collision - WARNING - Коллизия: роботы 1 и 8 в 14.40s, расстояние: 0.480, требуется: 0.500
2025-09-23 15:16:52 - ROBOTY.collision - WARNING - Коллизия: роботы 1 и 8 в 14.50s, расстояние: 0.480, требуется: 0.500
2025-09-23 15:16:52 - ROBOTY.collision - WARNING - Коллизия: роботы 1 и 8 в 14.60s, расстояние: 0.480, требуется: 0.500
2025-09-23 15:16:52 - ROBOTY.collision - WARNING - Коллизия: роботы 1 и 8 в 14.70s, расстояние: 0.480, требуется: 0.500
2025-09-23 15:16:52 - ROBOTY.collision - WARNING - Коллизия: роботы 1 и 8 в 14.80s, расстояние: 0.480, требуется: 0.500
2025-09-23 15:16:52 - ROBOTY.collision - WARNING - Коллизия: роботы 1 и 8 в 14.90s, расстояние: 0.480, требуется: 0.500
2025-09-23 15:16:52 - ROBOTY.collision - WARNING - Коллизия: роботы 1 и 8 в 15.00s, расстояние: 0.480, требуется: 0.500
2025-09-23 15:16:52 - ROBOTY.collision - WARNING - Коллизия: роботы 1 и 8 в 15.10s, расстояние: 0.480, требуется: 0.500
2025-09-23 15:16:52 - ROBOTY.collision - WARNING - Коллизия: роботы 1 и 8 в 15.20s, расстояние: 0.480, требуется: 0.500
2025-09-23 15:16:52 - ROBOTY.collision - WARNING - Коллизия: роботы 1 и 8 в 15.30s, расстояние: 0.480, требуется: 0.500
2025-09-23 15:16:52 - ROBOTY.collision - WARNING - Коллизия: роботы 1 и 8 в 15.40s, расстояние: 0.480, требуется: 0.500
2025-09-23 15:16:52 - ROBOTY.collision - WARNING - Коллизия: роботы 1 и 8 в 15.50s, расстояние: 0.480, требуется: 0.500
2025-09-23 15:16:52 - ROBOTY.collision - WARNING - Коллизия: роботы 1 и 8 в 15.60s, расстояние: 0.480, требуется: 0.500
2025-09-23 15:16:52 - ROBOTY.collision - WARNING - Коллизия: роботы 1 и 8 в 15.70s, расстояние: 0.480, требуется: 0.500
2025-09-23 15:16:52 - ROBOTY.collision - WARNING - Коллизия: роботы 1 и 8 в 15.80s, расстояние: 0.480, требуется: 0.500
2025-09-23 15:16:52 - ROBOTY.collision - WARNING - Коллизия: роботы 1 и 8 в 15.90s, расстояние: 0.480, требуется: 0.500
2025-09-23 15:16:52 - ROBOTY.collision - WARNING - Коллизия: роботы 1 и 8 в 16.00s, расстояние: 0.480, требуется: 0.500
2025-09-23 15:16:52 - ROBOTY.collision - WARNING - Коллизия: роботы 1 и 8 в 16.10s, расстояние: 0.480, требуется: 0.500
2025-09-23 15:16:52 - ROBOTY.collision - WARNING - Коллизия: роботы 1 и 8 в 16.20s, расстояние: 0.480, требуется: 0.500
2025-09-23 15:16:52 - ROBOTY.collision - WARNING - Коллизия: роботы 1 и 8 в 16.30s, расстояние: 0.480, требуется: 0.500
2025-09-23 15:16:52 - ROBOTY.collision - WARNING - Коллизия: роботы 1 и 8 в 16.40s, расстояние: 0.480, требуется: 0.500
2025-09-23 15:16:52 - ROBOTY.collision - WARNING - Коллизия: роботы 1 и 8 в 16.50s, расстояние: 0.480, требуется: 0.500
2025-09-23 15:16:52 - ROBOTY.collision - WARNING - Коллизия: роботы 1 и 8 в 16.60s, расстояние: 0.480, требуется: 0.500
2025-09-23 15:16:52 - ROBOTY.collision - WARNING - Коллизия: роботы 1 и 8 в 16.70s, расстояние: 0.480, требуется: 0.500
2025-09-23 15:16:52 - ROBOTY.collision - WARNING - Коллизия: роботы 1 и 8 в 16.80s, расстояние: 0.480, требуется: 0.500
2025-09-23 15:16:52 - ROBOTY.collision - WARNING - Коллизия: роботы 1 и 8 в 16.90s, расстояние: 0.480, требуется: 0.500
2025-09-23 15:16:52 - ROBOTY.collision - WARNING - Коллизия: роботы 1 и 8 в 17.00s, расстояние: 0.480, требуется: 0.500
2025-09-23 15:16:52 - ROBOTY.collision - WARNING - Коллизия: роботы 1 и 8 в 17.10s, расстояние: 0.480, требуется: 0.500
2025-09-23 15:16:52 - ROBOTY.collision - WARNING - Коллизия: роботы 1 и 8 в 17.20s, расстояние: 0.480, требуется: 0.500
2025-09-23 15:16:52 - ROBOTY.collision - WARNING - Коллизия: роботы 1 и 8 в 17.30s, расстояние: 0.480, требуется: 0.500
2025-09-23 15:16:52 - ROBOTY.collision - WARNING - Коллизия: роботы 1 и 8 в 17.40s, расстояние: 0.480, требуется: 0.500
2025-09-23 15:16:52 - ROBOTY.collision - WARNING - Коллизия: роботы 1 и 8 в 17.50s, расстояние: 0.480, требуется: 0.500
2025-09-23 15:16:52 - ROBOTY.collision - WARNING - Коллизия: роботы 1 и 8 в 17.60s, расстояние: 0.480, требуется: 0.500
2025-09-23 15:16:52 - ROBOTY.collision - WARNING - Коллизия: роботы 1 и 8 в 17.70s, расстояние: 0.480, требуется: 0.500
2025-09-23 15:16:52 - ROBOTY.collision - WARNING - Коллизия: роботы 1 и 8 в 17.80s, расстояние: 0.480, требуется: 0.500
2025-09-23 15:16:52 - ROBOTY.collision - WARNING - Коллизия: роботы 1 и 8 в 17.90s, расстояние: 0.480, требуется: 0.500
2025-09-23 15:16:52 - ROBOTY.collision - WARNING - Коллизия: роботы 1 и 8 в 18.00s, расстояние: 0.480, требуется: 0.500
2025-09-23 15:16:52 - ROBOTY.collision - WARNING - Коллизия: роботы 1 и 8 в 18.10s, расстояние: 0.480, требуется: 0.500
2025-09-23 15:16:52 - ROBOTY.collision - WARNING - Коллизия: роботы 1 и 8 в 18.20s, расстояние: 0.480, требуется: 0.500
2025-09-23 15:16:52 - ROBOTY.collision - WARNING - Коллизия: роботы 1 и 8 в 18.30s, расстояние: 0.480, требуется: 0.500
2025-09-23 15:16:52 - ROBOTY.collision - WARNING - Коллизия: роботы 1 и 8 в 18.40s, расстояние: 0.480, требуется: 0.500
2025-09-23 15:16:52 - ROBOTY.collision - WARNING - Коллизия: роботы 1 и 8 в 18.50s, расстояние: 0.480, требуется: 0.500
2025-09-23 15:16:52 - ROBOTY.collision - WARNING - Коллизия: роботы 1 и 8 в 18.60s, расстояние: 0.480, требуется: 0.500
2025-09-23 15:16:52 - ROBOTY.collision - WARNING - Коллизия: роботы 1 и 8 в 18.70s, расстояние: 0.480, требуется: 0.500
2025-09-23 15:16:52 - ROBOTY.collision - WARNING - Коллизия: роботы 1 и 8 в 18.80s, расстояние: 0.480, требуется: 0.500
2025-09-23 15:16:52 - ROBOTY.collision - WARNING - Коллизия: роботы 1 и 8 в 18.90s, расстояние: 0.480, требуется: 0.500
2025-09-23 15:16:52 - ROBOTY.collision - WARNING - Коллизия: роботы 1 и 8 в 19.00s, расстояние: 0.480, требуется: 0.500
2025-09-23 15:16:52 - ROBOTY.collision - WARNING - Коллизия: роботы 1 и 8 в 19.10s, расстояние: 0.480, требуется: 0.500
2025-09-23 15:16:52 - ROBOTY.collision - WARNING - Коллизия: роботы 1 и 8 в 19.20s, расстояние: 0.480, требуется: 0.500
2025-09-23 15:16:52 - ROBOTY.collision - WARNING - Коллизия: роботы 1 и 8 в 19.30s, расстояние: 0.480, требуется: 0.500
2025-09-23 15:16:52 - ROBOTY.collision - WARNING - Коллизия: роботы 1 и 8 в 19.40s, расстояние: 0.480, требуется: 0.500
2025-09-23 15:16:52 - ROBOTY.collision - WARNING - Коллизия: роботы 1 и 8 в 19.50s, расстояние: 0.480, требуется: 0.500
2025-09-23 15:16:52 - ROBOTY.collision - WARNING - Коллизия: роботы 1 и 8 в 19.60s, расстояние: 0.480, требуется: 0.500
2025-09-23 15:16:52 - ROBOTY.collision - WARNING - Коллизия: роботы 1 и 8 в 19.70s, расстояние: 0.480, требуется: 0.500
2025-09-23 15:16:52 - ROBOTY.collision - WARNING - Коллизия: роботы 1 и 8 в 19.80s, расстояние: 0.480, требуется: 0.500
2025-09-23 15:16:52 - ROBOTY.collision - WARNING - Коллизия: роботы 1 и 8 в 19.90s, расстояние: 0.480, требуется: 0.500
2025-09-23 15:16:52 - ROBOTY.collision - WARNING - Коллизия: роботы 1 и 8 в 20.00s, расстояние: 0.480, требуется: 0.500
2025-09-23 15:16:52 - ROBOTY.collision - WARNING - Коллизия: роботы 1 и 8 в 20.10s, расстояние: 0.480, требуется: 0.500
2025-09-23 15:16:52 - ROBOTY.collision - WARNING - Коллизия: роботы 1 и 8 в 20.20s, расстояние: 0.480, требуется: 0.500
2025-09-23 15:16:52 - ROBOTY.collision - WARNING - Коллизия: роботы 1 и 8 в 20.30s, расстояние: 0.480, требуется: 0.500
2025-09-23 15:16:52 - ROBOTY.collision - WARNING - Коллизия: роботы 1 и 8 в 20.40s, расстояние: 0.480, требуется: 0.500
2025-09-23 15:16:52 - ROBOTY.collision - WARNING - Коллизия: роботы 1 и 8 в 20.50s, расстояние: 0.480, требуется: 0.500
2025-09-23 15:16:52 - ROBOTY.collision - WARNING - Коллизия: роботы 1 и 8 в 20.60s, расстояние: 0.480, требуется: 0.500
2025-09-23 15:16:52 - ROBOTY.collision - WARNING - Коллизия: роботы 1 и 8 в 20.70s, расстояние: 0.480, требуется: 0.500
2025-09-23 15:16:52 - ROBOTY.collision - WARNING - Коллизия: роботы 1 и 8 в 20.80s, расстояние: 0.480, требуется: 0.500
2025-09-23 15:16:52 - ROBOTY.collision - WARNING - Коллизия: роботы 4 и 10 в 20.80s, расстояние: 0.471, требуется: 0.500
2025-09-23 15:16:52 - ROBOTY.collision - WARNING - Коллизия: роботы 1 и 8 в 20.90s, расстояние: 0.480, требуется: 0.500
2025-09-23 15:16:52 - ROBOTY.collision - WARNING - Коллизия: роботы 4 и 10 в 20.90s, расстояние: 0.471, требуется: 0.500
2025-09-23 15:16:52 - ROBOTY.collision - WARNING - Коллизия: роботы 1 и 8 в 21.00s, расстояние: 0.480, требуется: 0.500
2025-09-23 15:16:52 - ROBOTY.collision - WARNING - Коллизия: роботы 4 и 10 в 21.00s, расстояние: 0.471, требуется: 0.500
2025-09-23 15:16:52 - ROBOTY.collision - WARNING - Коллизия: роботы 1 и 8 в 21.10s, расстояние: 0.480, требуется: 0.500
2025-09-23 15:16:52 - ROBOTY.collision - WARNING - Коллизия: роботы 4 и 10 в 21.10s, расстояние: 0.471, требуется: 0.500
2025-09-23 15:16:52 - ROBOTY.collision - WARNING - Коллизия: роботы 1 и 8 в 21.20s, расстояние: 0.480, требуется: 0.500
2025-09-23 15:16:52 - ROBOTY.collision - WARNING - Коллизия: роботы 4 и 10 в 21.20s, расстояние: 0.471, требуется: 0.500
2025-09-23 15:16:52 - ROBOTY.collision - WARNING - Коллизия: роботы 1 и 8 в 21.30s, расстояние: 0.480, требуется: 0.500
2025-09-23 15:16:52 - ROBOTY.collision - WARNING - Коллизия: роботы 4 и 10 в 21.30s, расстояние: 0.471, требуется: 0.500
2025-09-23 15:16:52 - ROBOTY.collision - WARNING - Коллизия: роботы 1 и 8 в 21.40s, расстояние: 0.480, требуется: 0.500
2025-09-23 15:16:52 - ROBOTY.collision - WARNING - Коллизия: роботы 4 и 10 в 21.40s, расстояние: 0.471, требуется: 0.500
2025-09-23 15:16:52 - ROBOTY.collision - WARNING - Коллизия: роботы 1 и 8 в 21.50s, расстояние: 0.480, требуется: 0.500
2025-09-23 15:16:52 - ROBOTY.collision - WARNING - Коллизия: роботы 4 и 10 в 21.50s, расстояние: 0.471, требуется: 0.500
2025-09-23 15:16:52 - ROBOTY.collision - WARNING - Коллизия: роботы 1 и 8 в 21.60s, расстояние: 0.480, требуется: 0.500
2025-09-23 15:16:52 - ROBOTY.collision - WARNING - Коллизия: роботы 4 и 10 в 21.60s, расстояние: 0.471, требуется: 0.500
2025-09-23 15:16:52 - ROBOTY.collision - WARNING - Коллизия: роботы 1 и 8 в 21.70s, расстояние: 0.480, требуется: 0.500
2025-09-23 15:16:52 - ROBOTY.collision - WARNING - Коллизия: роботы 4 и 10 в 21.70s, расстояние: 0.471, требуется: 0.500
2025-09-23 15:16:52 - ROBOTY.collision - WARNING - Коллизия: роботы 1 и 8 в 21.80s, расстояние: 0.480, требуется: 0.500
2025-09-23 15:16:52 - ROBOTY.collision - WARNING - Коллизия: роботы 4 и 10 в 21.80s, расстояние: 0.471, требуется: 0.500
2025-09-23 15:16:52 - ROBOTY.collision - WARNING - Коллизия: роботы 1 и 8 в 21.90s, расстояние: 0.480, требуется: 0.500
2025-09-23 15:16:52 - ROBOTY.collision - WARNING - Коллизия: роботы 4 и 10 в 21.90s, расстояние: 0.471, требуется: 0.500
2025-09-23 15:16:52 - ROBOTY.collision - WARNING - Коллизия: роботы 1 и 8 в 22.00s, расстояние: 0.480, требуется: 0.500
2025-09-23 15:16:52 - ROBOTY.collision - WARNING - Коллизия: роботы 4 и 10 в 22.00s, расстояние: 0.471, требуется: 0.500
2025-09-23 15:16:52 - ROBOTY.collision - WARNING - Коллизия: роботы 1 и 8 в 22.10s, расстояние: 0.480, требуется: 0.500
2025-09-23 15:16:52 - ROBOTY.collision - WARNING - Коллизия: роботы 4 и 10 в 22.10s, расстояние: 0.471, требуется: 0.500
2025-09-23 15:16:52 - ROBOTY.collision - WARNING - Коллизия: роботы 1 и 8 в 22.20s, расстояние: 0.480, требуется: 0.500
2025-09-23 15:16:52 - ROBOTY.collision - WARNING - Коллизия: роботы 4 и 10 в 22.20s, расстояние: 0.471, требуется: 0.500
2025-09-23 15:16:52 - ROBOTY.collision - WARNING - Коллизия: роботы 1 и 8 в 22.30s, расстояние: 0.480, требуется: 0.500
2025-09-23 15:16:52 - ROBOTY.collision - WARNING - Коллизия: роботы 4 и 10 в 22.30s, расстояние: 0.471, требуется: 0.500
2025-09-23 15:16:52 - ROBOTY.collision - WARNING - Коллизия: роботы 1 и 8 в 22.40s, расстояние: 0.480, требуется: 0.500
2025-09-23 15:16:52 - ROBOTY.collision - WARNING - Коллизия: роботы 4 и 10 в 22.40s, расстояние: 0.471, требуется: 0.500
2025-09-23 15:16:52 - ROBOTY.collision - WARNING - Коллизия: роботы 1 и 8 в 22.50s, расстояние: 0.480, требуется: 0.500
2025-09-23 15:16:52 - ROBOTY.collision - WARNING - Коллизия: роботы 4 и 10 в 22.50s, расстояние: 0.471, требуется: 0.500
2025-09-23 15:16:52 - ROBOTY.collision - WARNING - Коллизия: роботы 1 и 8 в 22.60s, расстояние: 0.480, требуется: 0.500
2025-09-23 15:16:52 - ROBOTY.collision - WARNING - Коллизия: роботы 4 и 10 в 22.60s, расстояние: 0.471, требуется: 0.500
2025-09-23 15:16:52 - ROBOTY.collision - WARNING - Коллизия: роботы 1 и 8 в 22.70s, расстояние: 0.480, требуется: 0.500
2025-09-23 15:16:52 - ROBOTY.collision - WARNING - Коллизия: роботы 4 и 10 в 22.70s, расстояние: 0.471, требуется: 0.500
2025-09-23 15:16:52 - ROBOTY.collision - WARNING - Коллизия: роботы 1 и 8 в 22.80s, расстояние: 0.480, требуется: 0.500
2025-09-23 15:16:52 - ROBOTY.collision - WARNING - Коллизия: роботы 4 и 10 в 22.80s, расстояние: 0.471, требуется: 0.500
2025-09-23 15:16:52 - ROBOTY.collision - WARNING - Коллизия: роботы 1 и 8 в 22.90s, расстояние: 0.480, требуется: 0.500
2025-09-23 15:16:52 - ROBOTY.collision - WARNING - Коллизия: роботы 4 и 10 в 22.90s, расстояние: 0.471, требуется: 0.500
2025-09-23 15:16:52 - ROBOTY.collision - WARNING - Коллизия: роботы 1 и 8 в 23.00s, расстояние: 0.480, требуется: 0.500
2025-09-23 15:16:52 - ROBOTY.collision - WARNING - Коллизия: роботы 4 и 10 в 23.00s, расстояние: 0.471, требуется: 0.500
2025-09-23 15:16:52 - ROBOTY.collision - WARNING - Коллизия: роботы 1 и 8 в 23.10s, расстояние: 0.480, требуется: 0.500
2025-09-23 15:16:52 - ROBOTY.collision - WARNING - Коллизия: роботы 4 и 10 в 23.10s, расстояние: 0.471, требуется: 0.500
2025-09-23 15:16:52 - ROBOTY.collision - WARNING - Коллизия: роботы 1 и 8 в 23.20s, расстояние: 0.480, требуется: 0.500
2025-09-23 15:16:52 - ROBOTY.collision - WARNING - Коллизия: роботы 4 и 10 в 23.20s, расстояние: 0.471, требуется: 0.500
2025-09-23 15:16:52 - ROBOTY.collision - WARNING - Коллизия: роботы 1 и 8 в 23.30s, расстояние: 0.480, требуется: 0.500
2025-09-23 15:16:52 - ROBOTY.collision - WARNING - Коллизия: роботы 4 и 10 в 23.30s, расстояние: 0.471, требуется: 0.500
2025-09-23 15:16:52 - ROBOTY.collision - WARNING - Коллизия: роботы 1 и 8 в 23.40s, расстояние: 0.480, требуется: 0.500
2025-09-23 15:16:52 - ROBOTY.collision - WARNING - Коллизия: роботы 4 и 10 в 23.40s, расстояние: 0.471, требуется: 0.500
2025-09-23 15:16:52 - ROBOTY.collision - WARNING - Коллизия: роботы 1 и 8 в 23.50s, расстояние: 0.480, требуется: 0.500
2025-09-23 15:16:52 - ROBOTY.collision - WARNING - Коллизия: роботы 4 и 10 в 23.50s, расстояние: 0.471, требуется: 0.500
2025-09-23 15:16:52 - ROBOTY.collision - WARNING - Коллизия: роботы 1 и 8 в 23.60s, расстояние: 0.480, требуется: 0.500
2025-09-23 15:16:52 - ROBOTY.collision - WARNING - Коллизия: роботы 4 и 10 в 23.60s, расстояние: 0.471, требуется: 0.500
2025-09-23 15:16:52 - ROBOTY.collision - WARNING - Коллизия: роботы 1 и 8 в 23.70s, расстояние: 0.480, требуется: 0.500
2025-09-23 15:16:52 - ROBOTY.collision - WARNING - Коллизия: роботы 4 и 10 в 23.70s, расстояние: 0.471, требуется: 0.500
2025-09-23 15:16:52 - ROBOTY.collision - WARNING - Коллизия: роботы 1 и 8 в 23.80s, расстояние: 0.480, требуется: 0.500
2025-09-23 15:16:52 - ROBOTY.collision - WARNING - Коллизия: роботы 4 и 10 в 23.80s, расстояние: 0.471, требуется: 0.500
2025-09-23 15:16:52 - ROBOTY.collision - WARNING - Коллизия: роботы 1 и 8 в 23.90s, расстояние: 0.480, требуется: 0.500
2025-09-23 15:16:52 - ROBOTY.collision - WARNING - Коллизия: роботы 4 и 10 в 23.90s, расстояние: 0.471, требуется: 0.500
2025-09-23 15:16:52 - ROBOTY.collision - WARNING - Коллизия: роботы 1 и 8 в 24.00s, расстояние: 0.480, требуется: 0.500
2025-09-23 15:16:52 - ROBOTY.collision - WARNING - Коллизия: роботы 4 и 10 в 24.00s, расстояние: 0.471, требуется: 0.500
2025-09-23 15:16:52 - ROBOTY.collision - WARNING - Коллизия: роботы 1 и 8 в 24.10s, расстояние: 0.480, требуется: 0.500
2025-09-23 15:16:52 - ROBOTY.collision - WARNING - Коллизия: роботы 4 и 10 в 24.10s, расстояние: 0.471, требуется: 0.500
2025-09-23 15:16:52 - ROBOTY.collision - WARNING - Коллизия: роботы 1 и 8 в 24.20s, расстояние: 0.480, требуется: 0.500
2025-09-23 15:16:52 - ROBOTY.collision - WARNING - Коллизия: роботы 4 и 10 в 24.20s, расстояние: 0.471, требуется: 0.500
2025-09-23 15:16:52 - ROBOTY.collision - WARNING - Коллизия: роботы 1 и 8 в 24.30s, расстояние: 0.480, требуется: 0.500
2025-09-23 15:16:52 - ROBOTY.collision - WARNING - Коллизия: роботы 4 и 10 в 24.30s, расстояние: 0.471, требуется: 0.500
2025-09-23 15:16:52 - ROBOTY.collision - WARNING - Коллизия: роботы 1 и 8 в 24.40s, расстояние: 0.480, требуется: 0.500
2025-09-23 15:16:52 - ROBOTY.collision - WARNING - Коллизия: роботы 4 и 10 в 24.40s, расстояние: 0.471, требуется: 0.500
2025-09-23 15:16:52 - ROBOTY.collision - WARNING - Коллизия: роботы 1 и 8 в 24.50s, расстояние: 0.480, требуется: 0.500
2025-09-23 15:16:52 - ROBOTY.collision - WARNING - Коллизия: роботы 4 и 10 в 24.50s, расстояние: 0.471, требуется: 0.500
2025-09-23 15:16:52 - ROBOTY.collision - WARNING - Коллизия: роботы 1 и 8 в 24.60s, расстояние: 0.480, требуется: 0.500
2025-09-23 15:16:52 - ROBOTY.collision - WARNING - Коллизия: роботы 4 и 10 в 24.60s, расстояние: 0.471, требуется: 0.500
2025-09-23 15:16:52 - ROBOTY.collision - WARNING - Коллизия: роботы 1 и 8 в 24.70s, расстояние: 0.480, требуется: 0.500
2025-09-23 15:16:52 - ROBOTY.collision - WARNING - Коллизия: роботы 4 и 10 в 24.70s, расстояние: 0.471, требуется: 0.500
2025-09-23 15:16:52 - ROBOTY.collision - WARNING - Коллизия: роботы 1 и 8 в 24.80s, расстояние: 0.480, требуется: 0.500
2025-09-23 15:16:52 - ROBOTY.collision - WARNING - Коллизия: роботы 4 и 10 в 24.80s, расстояние: 0.471, требуется: 0.500
2025-09-23 15:16:52 - ROBOTY.collision - WARNING - Коллизия: роботы 1 и 8 в 24.90s, расстояние: 0.480, требуется: 0.500
2025-09-23 15:16:52 - ROBOTY.collision - WARNING - Коллизия: роботы 4 и 10 в 24.90s, расстояние: 0.471, требуется: 0.500
2025-09-23 15:16:52 - ROBOTY.collision - WARNING - Коллизия: роботы 1 и 8 в 25.00s, расстояние: 0.480, требуется: 0.500
2025-09-23 15:16:52 - ROBOTY.collision - WARNING - Коллизия: роботы 4 и 10 в 25.00s, расстояние: 0.471, требуется: 0.500
2025-09-23 15:16:52 - ROBOTY.collision - WARNING - Коллизия: роботы 1 и 8 в 25.10s, расстояние: 0.480, требуется: 0.500
2025-09-23 15:16:52 - ROBOTY.collision - WARNING - Коллизия: роботы 4 и 10 в 25.10s, расстояние: 0.471, требуется: 0.500
2025-09-23 15:16:52 - ROBOTY.collision - WARNING - Коллизия: роботы 1 и 8 в 25.20s, расстояние: 0.480, требуется: 0.500
2025-09-23 15:16:52 - ROBOTY.collision - WARNING - Коллизия: роботы 4 и 10 в 25.20s, расстояние: 0.471, требуется: 0.500
2025-09-23 15:16:52 - ROBOTY.collision - WARNING - Коллизия: роботы 1 и 8 в 25.30s, расстояние: 0.480, требуется: 0.500
2025-09-23 15:16:52 - ROBOTY.collision - WARNING - Коллизия: роботы 4 и 10 в 25.30s, расстояние: 0.471, требуется: 0.500
2025-09-23 15:16:52 - ROBOTY.collision - WARNING - Коллизия: роботы 1 и 8 в 25.40s, расстояние: 0.480, требуется: 0.500
2025-09-23 15:16:52 - ROBOTY.collision - WARNING - Коллизия: роботы 4 и 10 в 25.40s, расстояние: 0.471, требуется: 0.500
2025-09-23 15:16:52 - ROBOTY.collision - WARNING - Коллизия: роботы 1 и 8 в 25.50s, расстояние: 0.480, требуется: 0.500
2025-09-23 15:16:52 - ROBOTY.collision - WARNING - Коллизия: роботы 4 и 10 в 25.50s, расстояние: 0.471, требуется: 0.500
2025-09-23 15:16:52 - ROBOTY.collision - WARNING - Коллизия: роботы 1 и 8 в 25.60s, расстояние: 0.480, требуется: 0.500
2025-09-23 15:16:52 - ROBOTY.collision - WARNING - Коллизия: роботы 4 и 10 в 25.60s, расстояние: 0.471, требуется: 0.500
2025-09-23 15:16:52 - ROBOTY.collision - WARNING - Коллизия: роботы 1 и 8 в 25.70s, расстояние: 0.480, требуется: 0.500
2025-09-23 15:16:52 - ROBOTY.collision - WARNING - Коллизия: роботы 4 и 10 в 25.70s, расстояние: 0.471, требуется: 0.500
2025-09-23 15:16:52 - ROBOTY.collision - WARNING - Коллизия: роботы 1 и 8 в 25.80s, расстояние: 0.480, требуется: 0.500
2025-09-23 15:16:52 - ROBOTY.collision - WARNING - Коллизия: роботы 4 и 10 в 25.80s, расстояние: 0.471, требуется: 0.500
2025-09-23 15:16:52 - ROBOTY.collision - WARNING - Коллизия: роботы 1 и 8 в 25.90s, расстояние: 0.480, требуется: 0.500
2025-09-23 15:16:52 - ROBOTY.collision - WARNING - Коллизия: роботы 4 и 10 в 25.90s, расстояние: 0.471, требуется: 0.500
2025-09-23 15:16:52 - ROBOTY.collision - WARNING - Коллизия: роботы 1 и 8 в 26.00s, расстояние: 0.480, требуется: 0.500
2025-09-23 15:16:52 - ROBOTY.collision - WARNING - Коллизия: роботы 4 и 10 в 26.00s, расстояние: 0.471, требуется: 0.500
2025-09-23 15:16:52 - ROBOTY.collision - WARNING - Коллизия: роботы 1 и 8 в 26.10s, расстояние: 0.480, требуется: 0.500
2025-09-23 15:16:52 - ROBOTY.collision - WARNING - Коллизия: роботы 4 и 10 в 26.10s, расстояние: 0.471, требуется: 0.500
2025-09-23 15:16:52 - ROBOTY.collision - WARNING - Коллизия: роботы 1 и 8 в 26.20s, расстояние: 0.480, требуется: 0.500
2025-09-23 15:16:52 - ROBOTY.collision - WARNING - Коллизия: роботы 4 и 10 в 26.20s, расстояние: 0.471, требуется: 0.500
2025-09-23 15:16:52 - ROBOTY.collision - WARNING - Коллизия: роботы 1 и 8 в 26.30s, расстояние: 0.480, требуется: 0.500
2025-09-23 15:16:52 - ROBOTY.collision - WARNING - Коллизия: роботы 4 и 10 в 26.30s, расстояние: 0.471, требуется: 0.500
2025-09-23 15:16:52 - ROBOTY.collision - WARNING - Коллизия: роботы 1 и 8 в 26.40s, расстояние: 0.480, требуется: 0.500
2025-09-23 15:16:52 - ROBOTY.collision - WARNING - Коллизия: роботы 4 и 10 в 26.40s, расстояние: 0.471, требуется: 0.500
2025-09-23 15:16:52 - ROBOTY.collision - WARNING - Коллизия: роботы 1 и 8 в 26.50s, расстояние: 0.480, требуется: 0.500
2025-09-23 15:16:52 - ROBOTY.collision - WARNING - Коллизия: роботы 4 и 10 в 26.50s, расстояние: 0.471, требуется: 0.500
2025-09-23 15:16:52 - ROBOTY.collision - WARNING - Коллизия: роботы 1 и 8 в 26.60s, расстояние: 0.480, требуется: 0.500
2025-09-23 15:16:52 - ROBOTY.collision - WARNING - Коллизия: роботы 4 и 10 в 26.60s, расстояние: 0.471, требуется: 0.500
2025-09-23 15:16:52 - ROBOTY.collision - WARNING - Коллизия: роботы 1 и 8 в 26.70s, расстояние: 0.480, требуется: 0.500
2025-09-23 15:16:52 - ROBOTY.collision - WARNING - Коллизия: роботы 4 и 10 в 26.70s, расстояние: 0.471, требуется: 0.500
2025-09-23 15:16:52 - ROBOTY.collision - WARNING - Коллизия: роботы 1 и 8 в 26.80s, расстояние: 0.480, требуется: 0.500
2025-09-23 15:16:52 - ROBOTY.collision - WARNING - Коллизия: роботы 4 и 10 в 26.80s, расстояние: 0.471, требуется: 0.500
2025-09-23 15:16:52 - ROBOTY.collision - WARNING - Коллизия: роботы 1 и 8 в 26.90s, расстояние: 0.480, требуется: 0.500
2025-09-23 15:16:52 - ROBOTY.collision - WARNING - Коллизия: роботы 4 и 10 в 26.90s, расстояние: 0.471, требуется: 0.500
2025-09-23 15:16:52 - ROBOTY.collision - WARNING - Коллизия: роботы 1 и 8 в 27.00s, расстояние: 0.480, требуется: 0.500
2025-09-23 15:16:52 - ROBOTY.collision - WARNING - Коллизия: роботы 4 и 10 в 27.00s, расстояние: 0.471, требуется: 0.500
2025-09-23 15:16:52 - ROBOTY.collision - WARNING - Коллизия: роботы 1 и 8 в 27.10s, расстояние: 0.480, требуется: 0.500
2025-09-23 15:16:52 - ROBOTY.collision - WARNING - Коллизия: роботы 4 и 10 в 27.10s, расстояние: 0.471, требуется: 0.500
2025-09-23 15:16:52 - ROBOTY.collision - WARNING - Коллизия: роботы 1 и 8 в 27.20s, расстояние: 0.480, требуется: 0.500
2025-09-23 15:16:52 - ROBOTY.collision - WARNING - Коллизия: роботы 4 и 10 в 27.20s, расстояние: 0.471, требуется: 0.500
2025-09-23 15:16:52 - ROBOTY.collision - WARNING - Коллизия: роботы 1 и 8 в 27.30s, расстояние: 0.480, требуется: 0.500
2025-09-23 15:16:52 - ROBOTY.collision - WARNING - Коллизия: роботы 4 и 10 в 27.30s, расстояние: 0.471, требуется: 0.500
2025-09-23 15:16:52 - ROBOTY.collision - WARNING - Коллизия: роботы 1 и 8 в 27.40s, расстояние: 0.480, требуется: 0.500
2025-09-23 15:16:52 - ROBOTY.collision - WARNING - Коллизия: роботы 4 и 10 в 27.40s, расстояние: 0.471, требуется: 0.500
2025-09-23 15:16:52 - ROBOTY.collision - WARNING - Коллизия: роботы 1 и 8 в 27.50s, расстояние: 0.480, требуется: 0.500
2025-09-23 15:16:52 - ROBOTY.collision - WARNING - Коллизия: роботы 4 и 10 в 27.50s, расстояние: 0.471, требуется: 0.500
2025-09-23 15:16:52 - ROBOTY.collision - WARNING - Коллизия: роботы 1 и 8 в 27.60s, расстояние: 0.480, требуется: 0.500
2025-09-23 15:16:52 - ROBOTY.collision - WARNING - Коллизия: роботы 4 и 10 в 27.60s, расстояние: 0.471, требуется: 0.500
2025-09-23 15:16:52 - ROBOTY.collision - WARNING - Коллизия: роботы 1 и 8 в 27.70s, расстояние: 0.480, требуется: 0.500
2025-09-23 15:16:52 - ROBOTY.collision - WARNING - Коллизия: роботы 4 и 10 в 27.70s, расстояние: 0.471, требуется: 0.500
2025-09-23 15:16:52 - ROBOTY.collision - WARNING - Коллизия: роботы 1 и 8 в 27.80s, расстояние: 0.480, требуется: 0.500
2025-09-23 15:16:52 - ROBOTY.collision - WARNING - Коллизия: роботы 4 и 10 в 27.80s, расстояние: 0.471, требуется: 0.500
2025-09-23 15:16:52 - ROBOTY.collision - WARNING - Коллизия: роботы 1 и 8 в 27.90s, расстояние: 0.480, требуется: 0.500
2025-09-23 15:16:52 - ROBOTY.collision - WARNING - Коллизия: роботы 4 и 10 в 27.90s, расстояние: 0.471, требуется: 0.500
2025-09-23 15:16:52 - ROBOTY.collision - WARNING - Коллизия: роботы 1 и 8 в 28.00s, расстояние: 0.480, требуется: 0.500
2025-09-23 15:16:52 - ROBOTY.collision - WARNING - Коллизия: роботы 4 и 10 в 28.00s, расстояние: 0.471, требуется: 0.500
2025-09-23 15:16:52 - ROBOTY.collision - WARNING - Коллизия: роботы 1 и 8 в 28.10s, расстояние: 0.480, требуется: 0.500
2025-09-23 15:16:52 - ROBOTY.collision - WARNING - Коллизия: роботы 4 и 10 в 28.10s, расстояние: 0.471, требуется: 0.500
2025-09-23 15:16:52 - ROBOTY.collision - WARNING - Коллизия: роботы 1 и 8 в 28.20s, расстояние: 0.480, требуется: 0.500
2025-09-23 15:16:52 - ROBOTY.collision - WARNING - Коллизия: роботы 2 и 5 в 28.20s, расстояние: 0.475, требуется: 0.500
2025-09-23 15:16:52 - ROBOTY.collision - WARNING - Коллизия: роботы 4 и 10 в 28.20s, расстояние: 0.471, требуется: 0.500
2025-09-23 15:16:52 - ROBOTY.collision - WARNING - Коллизия: роботы 1 и 8 в 28.30s, расстояние: 0.480, требуется: 0.500
2025-09-23 15:16:52 - ROBOTY.collision - WARNING - Коллизия: роботы 2 и 5 в 28.30s, расстояние: 0.475, требуется: 0.500
2025-09-23 15:16:52 - ROBOTY.collision - WARNING - Коллизия: роботы 4 и 10 в 28.30s, расстояние: 0.471, требуется: 0.500
2025-09-23 15:16:52 - ROBOTY.collision - WARNING - Коллизия: роботы 1 и 8 в 28.40s, расстояние: 0.480, требуется: 0.500
2025-09-23 15:16:52 - ROBOTY.collision - WARNING - Коллизия: роботы 2 и 5 в 28.40s, расстояние: 0.475, требуется: 0.500
2025-09-23 15:16:52 - ROBOTY.collision - WARNING - Коллизия: роботы 4 и 10 в 28.40s, расстояние: 0.471, требуется: 0.500
2025-09-23 15:16:52 - ROBOTY.collision - WARNING - Коллизия: роботы 1 и 8 в 28.50s, расстояние: 0.480, требуется: 0.500
2025-09-23 15:16:52 - ROBOTY.collision - WARNING - Коллизия: роботы 2 и 5 в 28.50s, расстояние: 0.475, требуется: 0.500
2025-09-23 15:16:52 - ROBOTY.collision - WARNING - Коллизия: роботы 4 и 10 в 28.50s, расстояние: 0.471, требуется: 0.500
2025-09-23 15:16:52 - ROBOTY.collision - WARNING - Коллизия: роботы 1 и 8 в 28.60s, расстояние: 0.480, требуется: 0.500
2025-09-23 15:16:52 - ROBOTY.collision - WARNING - Коллизия: роботы 2 и 5 в 28.60s, расстояние: 0.475, требуется: 0.500
2025-09-23 15:16:52 - ROBOTY.collision - WARNING - Коллизия: роботы 4 и 10 в 28.60s, расстояние: 0.471, требуется: 0.500
2025-09-23 15:16:52 - ROBOTY.collision - WARNING - Коллизия: роботы 1 и 8 в 28.70s, расстояние: 0.480, требуется: 0.500
2025-09-23 15:16:52 - ROBOTY.collision - WARNING - Коллизия: роботы 2 и 5 в 28.70s, расстояние: 0.475, требуется: 0.500
2025-09-23 15:16:52 - ROBOTY.collision - WARNING - Коллизия: роботы 4 и 10 в 28.70s, расстояние: 0.331, требуется: 0.500
2025-09-23 15:16:52 - ROBOTY.collision - WARNING - Коллизия: роботы 1 и 8 в 28.80s, расстояние: 0.480, требуется: 0.500
2025-09-23 15:16:52 - ROBOTY.collision - WARNING - Коллизия: роботы 2 и 5 в 28.80s, расстояние: 0.475, требуется: 0.500
2025-09-23 15:16:52 - ROBOTY.collision - WARNING - Коллизия: роботы 4 и 10 в 28.80s, расстояние: 0.207, требуется: 0.500
2025-09-23 15:16:52 - ROBOTY.collision - WARNING - Коллизия: роботы 1 и 8 в 28.90s, расстояние: 0.480, требуется: 0.500
2025-09-23 15:16:52 - ROBOTY.collision - WARNING - Коллизия: роботы 2 и 5 в 28.90s, расстояние: 0.475, требуется: 0.500
2025-09-23 15:16:52 - ROBOTY.collision - WARNING - Коллизия: роботы 4 и 10 в 28.90s, расстояние: 0.148, требуется: 0.500
2025-09-23 15:16:52 - ROBOTY.collision - WARNING - Коллизия: роботы 1 и 8 в 29.00s, расстояние: 0.480, требуется: 0.500
2025-09-23 15:16:52 - ROBOTY.collision - WARNING - Коллизия: роботы 2 и 5 в 29.00s, расстояние: 0.475, требуется: 0.500
2025-09-23 15:16:52 - ROBOTY.collision - WARNING - Коллизия: роботы 4 и 10 в 29.00s, расстояние: 0.217, требуется: 0.500
2025-09-23 15:16:52 - ROBOTY.collision - WARNING - Коллизия: роботы 1 и 8 в 29.10s, расстояние: 0.480, требуется: 0.500
2025-09-23 15:16:52 - ROBOTY.collision - WARNING - Коллизия: роботы 2 и 5 в 29.10s, расстояние: 0.475, требуется: 0.500
2025-09-23 15:16:52 - ROBOTY.collision - WARNING - Коллизия: роботы 4 и 10 в 29.10s, расстояние: 0.343, требуется: 0.500
2025-09-23 15:16:52 - ROBOTY.collision - WARNING - Коллизия: роботы 1 и 8 в 29.20s, расстояние: 0.480, требуется: 0.500
2025-09-23 15:16:52 - ROBOTY.collision - WARNING - Коллизия: роботы 2 и 5 в 29.20s, расстояние: 0.475, требуется: 0.500
2025-09-23 15:16:52 - ROBOTY.collision - WARNING - Коллизия: роботы 4 и 10 в 29.20s, расстояние: 0.484, требуется: 0.500
2025-09-23 15:16:52 - ROBOTY.collision - WARNING - Коллизия: роботы 1 и 8 в 29.30s, расстояние: 0.480, требуется: 0.500
2025-09-23 15:16:52 - ROBOTY.collision - WARNING - Коллизия: роботы 2 и 5 в 29.30s, расстояние: 0.475, требуется: 0.500
2025-09-23 15:16:52 - ROBOTY.collision - WARNING - Коллизия: роботы 1 и 8 в 29.40s, расстояние: 0.419, требуется: 0.500
2025-09-23 15:16:52 - ROBOTY.collision - WARNING - Коллизия: роботы 2 и 5 в 29.40s, расстояние: 0.475, требуется: 0.500
2025-09-23 15:16:52 - ROBOTY.collision - WARNING - Коллизия: роботы 1 и 8 в 29.50s, расстояние: 0.394, требуется: 0.500
2025-09-23 15:16:52 - ROBOTY.collision - WARNING - Коллизия: роботы 2 и 5 в 29.50s, расстояние: 0.475, требуется: 0.500
2025-09-23 15:16:52 - ROBOTY.collision - WARNING - Коллизия: роботы 1 и 8 в 29.60s, расстояние: 0.385, требуется: 0.500
2025-09-23 15:16:52 - ROBOTY.collision - WARNING - Коллизия: роботы 2 и 5 в 29.60s, расстояние: 0.475, требуется: 0.500
2025-09-23 15:16:52 - ROBOTY.collision - WARNING - Коллизия: роботы 1 и 8 в 29.70s, расстояние: 0.378, требуется: 0.500
2025-09-23 15:16:52 - ROBOTY.collision - WARNING - Коллизия: роботы 2 и 5 в 29.70s, расстояние: 0.475, требуется: 0.500
2025-09-23 15:16:52 - ROBOTY.collision - WARNING - Коллизия: роботы 1 и 8 в 29.80s, расстояние: 0.373, требуется: 0.500
2025-09-23 15:16:52 - ROBOTY.collision - WARNING - Коллизия: роботы 2 и 5 в 29.80s, расстояние: 0.475, требуется: 0.500
2025-09-23 15:16:52 - ROBOTY.collision - WARNING - Коллизия: роботы 1 и 8 в 29.90s, расстояние: 0.371, требуется: 0.500
2025-09-23 15:16:52 - ROBOTY.collision - WARNING - Коллизия: роботы 2 и 5 в 29.90s, расстояние: 0.475, требуется: 0.500
2025-09-23 15:16:52 - ROBOTY.collision - WARNING - Коллизия: роботы 1 и 8 в 30.00s, расстояние: 0.372, требуется: 0.500
2025-09-23 15:16:52 - ROBOTY.collision - WARNING - Коллизия: роботы 2 и 5 в 30.00s, расстояние: 0.475, требуется: 0.500
2025-09-23 15:16:52 - ROBOTY.collision - WARNING - Коллизия: роботы 1 и 8 в 30.10s, расстояние: 0.376, требуется: 0.500
2025-09-23 15:16:52 - ROBOTY.collision - WARNING - Коллизия: роботы 2 и 5 в 30.10s, расстояние: 0.475, требуется: 0.500
2025-09-23 15:16:52 - ROBOTY.collision - WARNING - Коллизия: роботы 1 и 8 в 30.20s, расстояние: 0.381, требуется: 0.500
2025-09-23 15:16:52 - ROBOTY.collision - WARNING - Коллизия: роботы 2 и 5 в 30.20s, расстояние: 0.475, требуется: 0.500
2025-09-23 15:16:52 - ROBOTY.collision - WARNING - Коллизия: роботы 1 и 8 в 30.30s, расстояние: 0.389, требуется: 0.500
2025-09-23 15:16:52 - ROBOTY.collision - WARNING - Коллизия: роботы 2 и 5 в 30.30s, расстояние: 0.475, требуется: 0.500
2025-09-23 15:16:52 - ROBOTY.collision - WARNING - Коллизия: роботы 1 и 8 в 30.40s, расстояние: 0.398, требуется: 0.500
2025-09-23 15:16:52 - ROBOTY.collision - WARNING - Коллизия: роботы 2 и 5 в 30.40s, расстояние: 0.475, требуется: 0.500
2025-09-23 15:16:52 - ROBOTY.collision - WARNING - Коллизия: роботы 1 и 8 в 30.50s, расстояние: 0.409, требуется: 0.500
2025-09-23 15:16:52 - ROBOTY.collision - WARNING - Коллизия: роботы 2 и 5 в 30.50s, расстояние: 0.475, требуется: 0.500
2025-09-23 15:16:52 - ROBOTY.collision - WARNING - Коллизия: роботы 1 и 8 в 30.60s, расстояние: 0.422, требуется: 0.500
2025-09-23 15:16:52 - ROBOTY.collision - WARNING - Коллизия: роботы 2 и 5 в 30.60s, расстояние: 0.475, требуется: 0.500
2025-09-23 15:16:52 - ROBOTY.collision - WARNING - Коллизия: роботы 1 и 8 в 30.70s, расстояние: 0.437, требуется: 0.500
2025-09-23 15:16:52 - ROBOTY.collision - WARNING - Коллизия: роботы 2 и 5 в 30.70s, расстояние: 0.475, требуется: 0.500
2025-09-23 15:16:52 - ROBOTY.collision - WARNING - Коллизия: роботы 1 и 8 в 30.80s, расстояние: 0.453, требуется: 0.500
2025-09-23 15:16:52 - ROBOTY.collision - WARNING - Коллизия: роботы 2 и 5 в 30.80s, расстояние: 0.475, требуется: 0.500
2025-09-23 15:16:52 - ROBOTY.collision - WARNING - Коллизия: роботы 1 и 8 в 30.90s, расстояние: 0.470, требуется: 0.500
2025-09-23 15:16:52 - ROBOTY.collision - WARNING - Коллизия: роботы 2 и 5 в 30.90s, расстояние: 0.475, требуется: 0.500
2025-09-23 15:16:52 - ROBOTY.collision - WARNING - Коллизия: роботы 1 и 8 в 31.00s, расстояние: 0.488, требуется: 0.500
2025-09-23 15:16:52 - ROBOTY.collision - WARNING - Коллизия: роботы 2 и 5 в 31.00s, расстояние: 0.475, требуется: 0.500
2025-09-23 15:16:52 - ROBOTY.collision - WARNING - Коллизия: роботы 2 и 5 в 31.10s, расстояние: 0.475, требуется: 0.500
2025-09-23 15:16:52 - ROBOTY.collision - WARNING - Коллизия: роботы 2 и 5 в 31.20s, расстояние: 0.475, требуется: 0.500
2025-09-23 15:16:52 - ROBOTY.collision - WARNING - Коллизия: роботы 2 и 5 в 31.30s, расстояние: 0.475, требуется: 0.500
2025-09-23 15:16:52 - ROBOTY.collision - WARNING - Коллизия: роботы 2 и 5 в 31.40s, расстояние: 0.475, требуется: 0.500
2025-09-23 15:16:52 - ROBOTY.collision - WARNING - Коллизия: роботы 2 и 5 в 31.50s, расстояние: 0.475, требуется: 0.500
2025-09-23 15:16:52 - ROBOTY.collision - WARNING - Коллизия: роботы 2 и 5 в 31.60s, расстояние: 0.475, требуется: 0.500
2025-09-23 15:16:52 - ROBOTY.collision - WARNING - Коллизия: роботы 2 и 5 в 31.70s, расстояние: 0.475, требуется: 0.500
2025-09-23 15:16:52 - ROBOTY.collision - WARNING - Коллизия: роботы 2 и 5 в 31.80s, расстояние: 0.475, требуется: 0.500
2025-09-23 15:16:52 - ROBOTY.collision - WARNING - Коллизия: роботы 2 и 5 в 31.90s, расстояние: 0.475, требуется: 0.500
2025-09-23 15:16:52 - ROBOTY.collision - WARNING - Коллизия: роботы 2 и 5 в 32.00s, расстояние: 0.475, требуется: 0.500
2025-09-23 15:16:52 - ROBOTY.collision - WARNING - Коллизия: роботы 2 и 5 в 32.10s, расстояние: 0.475, требуется: 0.500
2025-09-23 15:16:52 - ROBOTY.collision - WARNING - Коллизия: роботы 2 и 5 в 32.20s, расстояние: 0.475, требуется: 0.500
2025-09-23 15:16:52 - ROBOTY.collision - WARNING - Коллизия: роботы 2 и 5 в 32.30s, расстояние: 0.475, требуется: 0.500
2025-09-23 15:16:52 - ROBOTY.collision - WARNING - Коллизия: роботы 2 и 5 в 32.40s, расстояние: 0.475, требуется: 0.500
2025-09-23 15:16:52 - ROBOTY.collision - WARNING - Коллизия: роботы 2 и 5 в 32.50s, расстояние: 0.475, требуется: 0.500
2025-09-23 15:16:52 - ROBOTY.collision - WARNING - Коллизия: роботы 2 и 5 в 32.60s, расстояние: 0.475, требуется: 0.500
2025-09-23 15:16:52 - ROBOTY.collision - WARNING - Коллизия: роботы 2 и 5 в 32.70s, расстояние: 0.475, требуется: 0.500
2025-09-23 15:16:52 - ROBOTY.collision - WARNING - Коллизия: роботы 2 и 5 в 32.80s, расстояние: 0.475, требуется: 0.500
2025-09-23 15:16:52 - ROBOTY.collision - WARNING - Коллизия: роботы 2 и 5 в 32.90s, расстояние: 0.475, требуется: 0.500
2025-09-23 15:16:52 - ROBOTY.collision - WARNING - Коллизия: роботы 2 и 5 в 33.00s, расстояние: 0.475, требуется: 0.500
2025-09-23 15:16:52 - ROBOTY.collision - WARNING - Коллизия: роботы 2 и 5 в 33.10s, расстояние: 0.475, требуется: 0.500
2025-09-23 15:16:52 - ROBOTY.collision - WARNING - Коллизия: роботы 2 и 5 в 33.20s, расстояние: 0.475, требуется: 0.500
2025-09-23 15:16:52 - ROBOTY.collision - WARNING - Коллизия: роботы 2 и 5 в 33.30s, расстояние: 0.475, требуется: 0.500
2025-09-23 15:16:52 - ROBOTY.collision - WARNING - Коллизия: роботы 2 и 5 в 33.40s, расстояние: 0.475, требуется: 0.500
2025-09-23 15:16:52 - ROBOTY.collision - WARNING - Коллизия: роботы 2 и 5 в 33.50s, расстояние: 0.475, требуется: 0.500
2025-09-23 15:16:52 - ROBOTY.collision - WARNING - Коллизия: роботы 2 и 5 в 33.60s, расстояние: 0.475, требуется: 0.500
2025-09-23 15:16:52 - ROBOTY.collision - WARNING - Коллизия: роботы 2 и 5 в 33.70s, расстояние: 0.475, требуется: 0.500
2025-09-23 15:16:52 - ROBOTY.collision - WARNING - Коллизия: роботы 2 и 5 в 33.80s, расстояние: 0.475, требуется: 0.500
2025-09-23 15:16:52 - ROBOTY.collision - WARNING - Коллизия: роботы 2 и 5 в 33.90s, расстояние: 0.475, требуется: 0.500
2025-09-23 15:16:52 - ROBOTY.collision - WARNING - Коллизия: роботы 2 и 5 в 34.00s, расстояние: 0.475, требуется: 0.500
2025-09-23 15:16:52 - ROBOTY.collision - WARNING - Коллизия: роботы 2 и 5 в 34.10s, расстояние: 0.475, требуется: 0.500
2025-09-23 15:16:52 - ROBOTY.collision - WARNING - Коллизия: роботы 2 и 5 в 34.20s, расстояние: 0.475, требуется: 0.500
2025-09-23 15:16:52 - ROBOTY.collision - WARNING - Коллизия: роботы 2 и 5 в 34.30s, расстояние: 0.430, требуется: 0.500
2025-09-23 15:16:52 - ROBOTY.collision - WARNING - Коллизия: роботы 2 и 5 в 34.40s, расстояние: 0.412, требуется: 0.500
2025-09-23 15:16:52 - ROBOTY.collision - WARNING - Коллизия: роботы 2 и 5 в 34.50s, расстояние: 0.425, требуется: 0.500
2025-09-23 15:16:52 - ROBOTY.collision - WARNING - Коллизия: роботы 2 и 5 в 34.60s, расстояние: 0.465, требуется: 0.500
2025-09-23 15:16:52 - ROBOTY.collision - WARNING - Коллизия: роботы 2 и 4 в 46.60s, расстояние: 0.482, требуется: 0.500
2025-09-23 15:16:52 - ROBOTY.collision - WARNING - Коллизия: роботы 2 и 4 в 46.70s, расстояние: 0.451, требуется: 0.500
2025-09-23 15:16:52 - ROBOTY.collision - WARNING - Коллизия: роботы 2 и 4 в 46.80s, расстояние: 0.441, требуется: 0.500
2025-09-23 15:16:52 - ROBOTY.collision - WARNING - Коллизия: роботы 2 и 4 в 46.90s, расстояние: 0.454, требуется: 0.500
2025-09-23 15:16:52 - ROBOTY.collision - WARNING - Коллизия: роботы 2 и 4 в 47.00s, расстояние: 0.488, требуется: 0.500
2025-09-23 15:16:52 - ROBOTY.collision - WARNING - Коллизия: роботы 7 и 10 в 47.60s, расстояние: 0.435, требуется: 0.500
2025-09-23 15:16:52 - ROBOTY.collision - WARNING - Коллизия: роботы 7 и 10 в 47.70s, расстояние: 0.335, требуется: 0.500
2025-09-23 15:16:52 - ROBOTY.collision - WARNING - Коллизия: роботы 7 и 10 в 47.80s, расстояние: 0.283, требуется: 0.500
2025-09-23 15:16:52 - ROBOTY.collision - WARNING - Коллизия: роботы 7 и 10 в 47.90s, расстояние: 0.303, требуется: 0.500
2025-09-23 15:16:52 - ROBOTY.collision - WARNING - Коллизия: роботы 7 и 10 в 48.00s, расстояние: 0.384, требуется: 0.500
2025-09-23 15:16:52 - ROBOTY.collision - WARNING - Коллизия: роботы 7 и 10 в 48.10s, расстояние: 0.498, требуется: 0.500
2025-09-23 15:16:52 - ROBOTY.collision - ERROR - Обнаружено 395 коллизий
2025-09-23 15:16:52 - ROBOTY.main - WARNING - Коллизии сохраняются после вставки пауз
2025-09-23 15:16:53 - ROBOTY.main - INFO - Открытие визуализатора
2025-09-23 15:16:53 - ROBOTY.visualizer - INFO - Запуск визуализации типа: 3d_anim
2025-09-23 15:16:53 - ROBOTY.visualizer - INFO - Создание 3D анимации траекторий
2025-09-23 15:16:53 - ROBOTY.visualizer - INFO - Создание 3D визуализации траекторий
2025-09-23 15:16:53 - ROBOTY.visualizer - INFO - 3D визуализация создана
2025-09-23 15:17:13 - ROBOTY.visualizer - INFO - Визуализация сохранена в файл: C:\Users\22200490\.cursor\ROBOTY\viz\..\outputs\visualizations\visualization_3d_anim_20250923_151711.html
2025-09-23 15:17:13 - ROBOTY.main - INFO - Открытие визуализатора
2025-09-23 15:17:13 - ROBOTY.visualizer - INFO - Запуск визуализации типа: 3d_anim
2025-09-23 15:17:13 - ROBOTY.visualizer - INFO - Создание 3D анимации траекторий
2025-09-23 15:17:13 - ROBOTY.visualizer - INFO - Создание 3D визуализации траекторий
2025-09-23 15:17:13 - ROBOTY.visualizer - INFO - 3D визуализация создана
2025-09-23 15:17:35 - ROBOTY.visualizer - INFO - Визуализация сохранена в файл: C:\Users\22200490\.cursor\ROBOTY\viz\..\outputs\visualizations\visualization_3d_anim_20250923_151733.html
2025-09-23 15:17:36 - ROBOTY.visualizer - INFO - Визуализация открыта в браузере
2025-09-23 15:17:36 - ROBOTY.main - INFO - Визуализация успешно завершена
2025-09-23 15:17:36 - ROBOTY.visualizer - INFO - Визуализация открыта в браузере
2025-09-23 15:17:36 - ROBOTY.main - INFO - Визуализация успешно завершена
