2025-09-26 13:34:05 - ROBOTY.main - INFO - Запуск приложения ROBOTY
2025-09-26 13:34:05 - ROBOTY.main - INFO - Применена тема: dark
2025-09-26 13:34:05 - ROBOTY.main - INFO - Интерфейс инициализирован
2025-09-26 13:34:05 - ROBOTY.main - INFO - Приложение успешно запущено
2025-09-26 13:34:11 - ROBOTY.main - INFO - Создан входной файл: /Users/maksimchernukha/Documents/ROBOTY/data/input_20250926_133409.json
2025-09-26 13:34:11 - ROBOTY.parser - INFO - Начинаем загрузку файла: /Users/maksimchernukha/Documents/ROBOTY/data/input_20250926_133409.json
2025-09-26 13:34:11 - ROBOTY.parser - INFO - Файл /Users/maksimchernukha/Documents/ROBOTY/data/input_20250926_133409.json успешно загружен
2025-09-26 13:34:11 - ROBOTY.parser - DEBUG - Робот 1 успешно загружен
2025-09-26 13:34:11 - ROBOTY.parser - DEBUG - Робот 2 успешно загружен
2025-09-26 13:34:11 - ROBOTY.parser - DEBUG - Робот 3 успешно загружен
2025-09-26 13:34:11 - ROBOTY.parser - DEBUG - Робот 4 успешно загружен
2025-09-26 13:34:11 - ROBOTY.parser - DEBUG - Робот 5 успешно загружен
2025-09-26 13:34:11 - ROBOTY.parser - DEBUG - Робот 6 успешно загружен
2025-09-26 13:34:11 - ROBOTY.parser - DEBUG - Робот 7 успешно загружен
2025-09-26 13:34:11 - ROBOTY.parser - DEBUG - Робот 8 успешно загружен
2025-09-26 13:34:11 - ROBOTY.parser - DEBUG - Робот 9 успешно загружен
2025-09-26 13:34:11 - ROBOTY.parser - DEBUG - Робот 10 успешно загружен
2025-09-26 13:34:11 - ROBOTY.parser - DEBUG - Операция 1 успешно загружена
2025-09-26 13:34:11 - ROBOTY.parser - DEBUG - Операция 2 успешно загружена
2025-09-26 13:34:11 - ROBOTY.parser - DEBUG - Операция 3 успешно загружена
2025-09-26 13:34:11 - ROBOTY.parser - DEBUG - Операция 4 успешно загружена
2025-09-26 13:34:11 - ROBOTY.parser - DEBUG - Операция 5 успешно загружена
2025-09-26 13:34:11 - ROBOTY.parser - DEBUG - Операция 6 успешно загружена
2025-09-26 13:34:11 - ROBOTY.parser - DEBUG - Операция 7 успешно загружена
2025-09-26 13:34:11 - ROBOTY.parser - DEBUG - Операция 8 успешно загружена
2025-09-26 13:34:11 - ROBOTY.parser - DEBUG - Операция 9 успешно загружена
2025-09-26 13:34:11 - ROBOTY.parser - DEBUG - Операция 10 успешно загружена
2025-09-26 13:34:11 - ROBOTY.parser - DEBUG - Операция 11 успешно загружена
2025-09-26 13:34:11 - ROBOTY.parser - DEBUG - Операция 12 успешно загружена
2025-09-26 13:34:11 - ROBOTY.parser - DEBUG - Операция 13 успешно загружена
2025-09-26 13:34:11 - ROBOTY.parser - DEBUG - Операция 14 успешно загружена
2025-09-26 13:34:11 - ROBOTY.parser - DEBUG - Операция 15 успешно загружена
2025-09-26 13:34:11 - ROBOTY.parser - DEBUG - Операция 16 успешно загружена
2025-09-26 13:34:11 - ROBOTY.parser - DEBUG - Операция 17 успешно загружена
2025-09-26 13:34:11 - ROBOTY.parser - DEBUG - Операция 18 успешно загружена
2025-09-26 13:34:11 - ROBOTY.parser - DEBUG - Операция 19 успешно загружена
2025-09-26 13:34:11 - ROBOTY.parser - DEBUG - Операция 20 успешно загружена
2025-09-26 13:34:11 - ROBOTY.parser - DEBUG - Операция 21 успешно загружена
2025-09-26 13:34:11 - ROBOTY.parser - DEBUG - Операция 22 успешно загружена
2025-09-26 13:34:11 - ROBOTY.parser - DEBUG - Операция 23 успешно загружена
2025-09-26 13:34:11 - ROBOTY.parser - DEBUG - Операция 24 успешно загружена
2025-09-26 13:34:11 - ROBOTY.parser - DEBUG - Операция 25 успешно загружена
2025-09-26 13:34:11 - ROBOTY.parser - DEBUG - Операция 26 успешно загружена
2025-09-26 13:34:11 - ROBOTY.parser - DEBUG - Операция 27 успешно загружена
2025-09-26 13:34:11 - ROBOTY.parser - DEBUG - Операция 28 успешно загружена
2025-09-26 13:34:11 - ROBOTY.parser - DEBUG - Операция 29 успешно загружена
2025-09-26 13:34:11 - ROBOTY.parser - DEBUG - Операция 30 успешно загружена
2025-09-26 13:34:11 - ROBOTY.parser - INFO - Загружено 10 роботов и 30 операций
2025-09-26 13:34:18 - ROBOTY.main - INFO - Запуск планировщика
2025-09-26 13:34:18 - ROBOTY.planner - INFO - Запуск планировщика траекторий
2025-09-26 13:34:18 - ROBOTY.assigner - INFO - Начинаем назначение операций методом: balanced
2025-09-26 13:34:18 - ROBOTY.assigner - DEBUG - Операция 0 назначена роботу 4 (нагрузка: 5.43)
2025-09-26 13:34:18 - ROBOTY.assigner - DEBUG - Операция 1 назначена роботу 6 (нагрузка: 6.62)
2025-09-26 13:34:18 - ROBOTY.assigner - DEBUG - Операция 2 назначена роботу 7 (нагрузка: 10.70)
2025-09-26 13:34:18 - ROBOTY.assigner - DEBUG - Операция 3 назначена роботу 5 (нагрузка: 9.57)
2025-09-26 13:34:18 - ROBOTY.assigner - DEBUG - Операция 4 назначена роботу 1 (нагрузка: 6.70)
2025-09-26 13:34:18 - ROBOTY.assigner - DEBUG - Операция 5 назначена роботу 8 (нагрузка: 9.84)
2025-09-26 13:34:18 - ROBOTY.assigner - DEBUG - Операция 6 назначена роботу 3 (нагрузка: 6.12)
2025-09-26 13:34:18 - ROBOTY.assigner - DEBUG - Операция 7 назначена роботу 0 (нагрузка: 10.97)
2025-09-26 13:34:18 - ROBOTY.assigner - DEBUG - Операция 8 назначена роботу 2 (нагрузка: 10.36)
2025-09-26 13:34:18 - ROBOTY.assigner - DEBUG - Операция 9 назначена роботу 9 (нагрузка: 14.57)
2025-09-26 13:34:18 - ROBOTY.assigner - DEBUG - Операция 10 назначена роботу 1 (нагрузка: 13.26)
2025-09-26 13:34:18 - ROBOTY.assigner - DEBUG - Операция 11 назначена роботу 4 (нагрузка: 13.01)
2025-09-26 13:34:18 - ROBOTY.assigner - DEBUG - Операция 12 назначена роботу 6 (нагрузка: 11.15)
2025-09-26 13:34:18 - ROBOTY.assigner - DEBUG - Операция 13 назначена роботу 8 (нагрузка: 18.91)
2025-09-26 13:34:18 - ROBOTY.assigner - DEBUG - Операция 14 назначена роботу 5 (нагрузка: 17.52)
2025-09-26 13:34:18 - ROBOTY.assigner - DEBUG - Операция 15 назначена роботу 3 (нагрузка: 15.29)
2025-09-26 13:34:18 - ROBOTY.assigner - DEBUG - Операция 16 назначена роботу 0 (нагрузка: 15.80)
2025-09-26 13:34:18 - ROBOTY.assigner - DEBUG - Операция 17 назначена роботу 7 (нагрузка: 16.71)
2025-09-26 13:34:18 - ROBOTY.assigner - DEBUG - Операция 18 назначена роботу 6 (нагрузка: 19.47)
2025-09-26 13:34:18 - ROBOTY.assigner - DEBUG - Операция 19 назначена роботу 1 (нагрузка: 23.54)
2025-09-26 13:34:18 - ROBOTY.assigner - DEBUG - Операция 20 назначена роботу 2 (нагрузка: 19.92)
2025-09-26 13:34:18 - ROBOTY.assigner - DEBUG - Операция 21 назначена роботу 0 (нагрузка: 23.38)
2025-09-26 13:34:18 - ROBOTY.assigner - DEBUG - Операция 22 назначена роботу 3 (нагрузка: 18.79)
2025-09-26 13:34:18 - ROBOTY.assigner - DEBUG - Операция 23 назначена роботу 4 (нагрузка: 22.30)
2025-09-26 13:34:18 - ROBOTY.assigner - DEBUG - Операция 24 назначена роботу 5 (нагрузка: 25.93)
2025-09-26 13:34:18 - ROBOTY.assigner - DEBUG - Операция 25 назначена роботу 7 (нагрузка: 23.64)
2025-09-26 13:34:18 - ROBOTY.assigner - DEBUG - Операция 26 назначена роботу 8 (нагрузка: 27.49)
2025-09-26 13:34:18 - ROBOTY.assigner - DEBUG - Операция 27 назначена роботу 6 (нагрузка: 25.75)
2025-09-26 13:34:18 - ROBOTY.assigner - DEBUG - Операция 28 назначена роботу 3 (нагрузка: 28.37)
2025-09-26 13:34:18 - ROBOTY.assigner - DEBUG - Операция 29 назначена роботу 9 (нагрузка: 26.71)
2025-09-26 13:34:18 - ROBOTY.assigner - INFO - Распределено 30 операций с балансировкой нагрузки
2025-09-26 13:34:18 - ROBOTY.assigner - INFO - Итоговые нагрузки роботов: ['23.38', '23.54', '19.92', '28.37', '22.30', '25.93', '25.75', '23.64', '27.49', '26.71']
2025-09-26 13:34:18 - ROBOTY.assigner - INFO - Робот 0: 3 операций, нагрузка 23.38
2025-09-26 13:34:18 - ROBOTY.assigner - INFO - Робот 1: 3 операций, нагрузка 23.54
2025-09-26 13:34:18 - ROBOTY.assigner - INFO - Робот 2: 2 операций, нагрузка 19.92
2025-09-26 13:34:18 - ROBOTY.assigner - INFO - Робот 3: 4 операций, нагрузка 28.37
2025-09-26 13:34:18 - ROBOTY.assigner - INFO - Робот 4: 3 операций, нагрузка 22.30
2025-09-26 13:34:18 - ROBOTY.assigner - INFO - Робот 5: 3 операций, нагрузка 25.93
2025-09-26 13:34:18 - ROBOTY.assigner - INFO - Робот 6: 4 операций, нагрузка 25.75
2025-09-26 13:34:18 - ROBOTY.assigner - INFO - Робот 7: 3 операций, нагрузка 23.64
2025-09-26 13:34:18 - ROBOTY.assigner - INFO - Робот 8: 3 операций, нагрузка 27.49
2025-09-26 13:34:18 - ROBOTY.assigner - INFO - Робот 9: 2 операций, нагрузка 26.71
2025-09-26 13:34:18 - ROBOTY.planner - INFO - Операции назначены методом: balanced
2025-09-26 13:34:18 - ROBOTY.planner - INFO - Планирование траектории для робота 1 (ID: 1) с 3 операциями
2025-09-26 13:34:18 - ROBOTY.planner - DEBUG - Планирование траектории для робота с 3 операциями
2025-09-26 13:34:18 - ROBOTY.planner - DEBUG - Операция 1 запланирована, время завершения: 13.61
2025-09-26 13:34:18 - ROBOTY.planner - DEBUG - Операция 2 запланирована, время завершения: 22.35
2025-09-26 13:34:18 - ROBOTY.planner - DEBUG - Операция 3 запланирована, время завершения: 33.69
2025-09-26 13:34:18 - ROBOTY.planner - INFO - Траектория робота запланирована, общее время: 33.69
2025-09-26 13:34:18 - ROBOTY.planner - INFO - Робот 1: траектория содержит 72 точек
2025-09-26 13:34:18 - ROBOTY.planner - INFO - Планирование траектории для робота 2 (ID: 2) с 3 операциями
2025-09-26 13:34:18 - ROBOTY.planner - DEBUG - Планирование траектории для робота с 3 операциями
2025-09-26 13:34:18 - ROBOTY.planner - DEBUG - Операция 1 запланирована, время завершения: 8.54
2025-09-26 13:34:18 - ROBOTY.planner - DEBUG - Операция 2 запланирована, время завершения: 20.57
2025-09-26 13:34:18 - ROBOTY.planner - DEBUG - Операция 3 запланирована, время завершения: 31.17
2025-09-26 13:34:18 - ROBOTY.planner - INFO - Траектория робота запланирована, общее время: 31.17
2025-09-26 13:34:18 - ROBOTY.planner - INFO - Робот 2: траектория содержит 72 точек
2025-09-26 13:34:18 - ROBOTY.planner - INFO - Планирование траектории для робота 3 (ID: 3) с 2 операциями
2025-09-26 13:34:18 - ROBOTY.planner - DEBUG - Планирование траектории для робота с 2 операциями
2025-09-26 13:34:18 - ROBOTY.planner - DEBUG - Операция 1 запланирована, время завершения: 11.82
2025-09-26 13:34:18 - ROBOTY.planner - DEBUG - Операция 2 запланирована, время завершения: 26.17
2025-09-26 13:34:18 - ROBOTY.planner - INFO - Траектория робота запланирована, общее время: 26.17
2025-09-26 13:34:18 - ROBOTY.planner - INFO - Робот 3: траектория содержит 48 точек
2025-09-26 13:34:18 - ROBOTY.planner - INFO - Планирование траектории для робота 4 (ID: 4) с 4 операциями
2025-09-26 13:34:18 - ROBOTY.planner - DEBUG - Планирование траектории для робота с 4 операциями
2025-09-26 13:34:18 - ROBOTY.planner - DEBUG - Операция 1 запланирована, время завершения: 7.56
2025-09-26 13:34:18 - ROBOTY.planner - DEBUG - Операция 2 запланирована, время завершения: 14.78
2025-09-26 13:34:18 - ROBOTY.planner - DEBUG - Операция 3 запланирована, время завершения: 23.28
2025-09-26 13:34:18 - ROBOTY.planner - DEBUG - Операция 4 запланирована, время завершения: 33.99
2025-09-26 13:34:18 - ROBOTY.planner - INFO - Траектория робота запланирована, общее время: 33.99
2025-09-26 13:34:18 - ROBOTY.planner - INFO - Робот 4: траектория содержит 96 точек
2025-09-26 13:34:18 - ROBOTY.planner - INFO - Планирование траектории для робота 5 (ID: 5) с 3 операциями
2025-09-26 13:34:18 - ROBOTY.planner - DEBUG - Планирование траектории для робота с 3 операциями
2025-09-26 13:34:18 - ROBOTY.planner - DEBUG - Операция 1 запланирована, время завершения: 6.88
2025-09-26 13:34:18 - ROBOTY.planner - DEBUG - Операция 2 запланирована, время завершения: 18.51
2025-09-26 13:34:18 - ROBOTY.planner - DEBUG - Операция 3 запланирована, время завершения: 30.72
2025-09-26 13:34:18 - ROBOTY.planner - INFO - Траектория робота запланирована, общее время: 30.72
2025-09-26 13:34:18 - ROBOTY.planner - INFO - Робот 5: траектория содержит 72 точек
2025-09-26 13:34:18 - ROBOTY.planner - INFO - Планирование траектории для робота 6 (ID: 6) с 3 операциями
2025-09-26 13:34:18 - ROBOTY.planner - DEBUG - Планирование траектории для робота с 3 операциями
2025-09-26 13:34:18 - ROBOTY.planner - DEBUG - Операция 1 запланирована, время завершения: 11.13
2025-09-26 13:34:18 - ROBOTY.planner - DEBUG - Операция 2 запланирована, время завершения: 22.85
2025-09-26 13:34:18 - ROBOTY.planner - DEBUG - Операция 3 запланирована, время завершения: 34.97
2025-09-26 13:34:18 - ROBOTY.planner - INFO - Траектория робота запланирована, общее время: 34.97
2025-09-26 13:34:18 - ROBOTY.planner - INFO - Робот 6: траектория содержит 72 точек
2025-09-26 13:34:18 - ROBOTY.planner - INFO - Планирование траектории для робота 7 (ID: 7) с 4 операциями
2025-09-26 13:34:18 - ROBOTY.planner - DEBUG - Планирование траектории для робота с 4 операциями
2025-09-26 13:34:18 - ROBOTY.planner - DEBUG - Операция 1 запланирована, время завершения: 8.25
2025-09-26 13:34:18 - ROBOTY.planner - DEBUG - Операция 2 запланирована, время завершения: 15.33
2025-09-26 13:34:18 - ROBOTY.planner - DEBUG - Операция 3 запланирована, время завершения: 25.39
2025-09-26 13:34:18 - ROBOTY.planner - DEBUG - Операция 4 запланирована, время завершения: 34.12
2025-09-26 13:34:18 - ROBOTY.planner - INFO - Траектория робота запланирована, общее время: 34.12
2025-09-26 13:34:18 - ROBOTY.planner - INFO - Робот 7: траектория содержит 96 точек
2025-09-26 13:34:18 - ROBOTY.planner - INFO - Планирование траектории для робота 8 (ID: 8) с 3 операциями
2025-09-26 13:34:18 - ROBOTY.planner - DEBUG - Планирование траектории для робота с 3 операциями
2025-09-26 13:34:18 - ROBOTY.planner - DEBUG - Операция 1 запланирована, время завершения: 12.69
2025-09-26 13:34:18 - ROBOTY.planner - DEBUG - Операция 2 запланирована, время завершения: 22.48
2025-09-26 13:34:18 - ROBOTY.planner - DEBUG - Операция 3 запланирована, время завершения: 31.55
2025-09-26 13:34:18 - ROBOTY.planner - INFO - Траектория робота запланирована, общее время: 31.55
2025-09-26 13:34:18 - ROBOTY.planner - INFO - Робот 8: траектория содержит 72 точек
2025-09-26 13:34:18 - ROBOTY.planner - INFO - Планирование траектории для робота 9 (ID: 9) с 3 операциями
2025-09-26 13:34:18 - ROBOTY.planner - DEBUG - Планирование траектории для робота с 3 операциями
2025-09-26 13:34:18 - ROBOTY.planner - DEBUG - Операция 1 запланирована, время завершения: 11.69
2025-09-26 13:34:18 - ROBOTY.planner - DEBUG - Операция 2 запланирована, время завершения: 23.60
2025-09-26 13:34:18 - ROBOTY.planner - DEBUG - Операция 3 запланирована, время завершения: 37.71
2025-09-26 13:34:18 - ROBOTY.planner - INFO - Траектория робота запланирована, общее время: 37.71
2025-09-26 13:34:18 - ROBOTY.planner - INFO - Робот 9: траектория содержит 72 точек
2025-09-26 13:34:18 - ROBOTY.planner - INFO - Планирование траектории для робота 10 (ID: 10) с 2 операциями
2025-09-26 13:34:18 - ROBOTY.planner - DEBUG - Планирование траектории для робота с 2 операциями
2025-09-26 13:34:18 - ROBOTY.planner - DEBUG - Операция 1 запланирована, время завершения: 16.00
2025-09-26 13:34:18 - ROBOTY.planner - DEBUG - Операция 2 запланирована, время завершения: 35.48
2025-09-26 13:34:18 - ROBOTY.planner - INFO - Траектория робота запланирована, общее время: 35.48
2025-09-26 13:34:18 - ROBOTY.planner - INFO - Робот 10: траектория содержит 48 точек
2025-09-26 13:34:18 - ROBOTY.planner - INFO - Планирование завершено. Makespan: 37.71
2025-09-26 13:34:18 - ROBOTY.main - INFO - Планировщик успешно завершил работу
2025-09-26 13:34:18 - ROBOTY.collision - INFO - Начинаем детальную проверку коллизий
2025-09-26 13:34:18 - ROBOTY.collision - DEBUG - Проверяем коллизии в диапазоне времени: 0.00 - 37.71
2025-09-26 13:34:18 - ROBOTY.collision - WARNING - Коллизия: роботы 1 и 3 в 5.90s, расстояние: 0.479, требуется: 0.500
2025-09-26 13:34:18 - ROBOTY.collision - WARNING - Коллизия: роботы 1 и 3 в 6.00s, расстояние: 0.359, требуется: 0.500
2025-09-26 13:34:18 - ROBOTY.collision - WARNING - Коллизия: роботы 1 и 3 в 6.10s, расстояние: 0.304, требуется: 0.500
2025-09-26 13:34:18 - ROBOTY.collision - WARNING - Коллизия: роботы 1 и 3 в 6.20s, расстояние: 0.275, требуется: 0.500
2025-09-26 13:34:18 - ROBOTY.collision - WARNING - Коллизия: роботы 1 и 3 в 6.30s, расстояние: 0.279, требуется: 0.500
2025-09-26 13:34:18 - ROBOTY.collision - WARNING - Коллизия: роботы 1 и 3 в 6.40s, расстояние: 0.316, требуется: 0.500
2025-09-26 13:34:18 - ROBOTY.collision - WARNING - Коллизия: роботы 1 и 3 в 6.50s, расстояние: 0.375, требуется: 0.500
2025-09-26 13:34:18 - ROBOTY.collision - WARNING - Коллизия: роботы 1 и 3 в 6.60s, расстояние: 0.449, требуется: 0.500
2025-09-26 13:34:18 - ROBOTY.collision - WARNING - Коллизия: роботы 3 и 4 в 8.00s, расстояние: 0.498, требуется: 0.500
2025-09-26 13:34:18 - ROBOTY.collision - WARNING - Коллизия: роботы 3 и 4 в 8.10s, расстояние: 0.465, требуется: 0.500
2025-09-26 13:34:18 - ROBOTY.collision - WARNING - Коллизия: роботы 3 и 4 в 8.20s, расстояние: 0.446, требуется: 0.500
2025-09-26 13:34:18 - ROBOTY.collision - WARNING - Коллизия: роботы 3 и 4 в 8.30s, расстояние: 0.437, требуется: 0.500
2025-09-26 13:34:18 - ROBOTY.collision - WARNING - Коллизия: роботы 3 и 4 в 8.40s, расстояние: 0.439, требуется: 0.500
2025-09-26 13:34:18 - ROBOTY.collision - WARNING - Коллизия: роботы 3 и 4 в 8.50s, расстояние: 0.451, требуется: 0.500
2025-09-26 13:34:18 - ROBOTY.collision - WARNING - Коллизия: роботы 3 и 4 в 8.60s, расстояние: 0.472, требуется: 0.500
2025-09-26 13:34:18 - ROBOTY.collision - WARNING - Коллизия: роботы 4 и 6 в 9.30s, расстояние: 0.435, требуется: 0.500
2025-09-26 13:34:18 - ROBOTY.collision - WARNING - Коллизия: роботы 4 и 6 в 9.40s, расстояние: 0.420, требуется: 0.500
2025-09-26 13:34:18 - ROBOTY.collision - WARNING - Коллизия: роботы 4 и 6 в 9.50s, расстояние: 0.497, требуется: 0.500
2025-09-26 13:34:18 - ROBOTY.collision - WARNING - Коллизия: роботы 3 и 6 в 9.60s, расстояние: 0.497, требуется: 0.500
2025-09-26 13:34:18 - ROBOTY.collision - WARNING - Коллизия: роботы 1 и 9 в 10.40s, расстояние: 0.438, требуется: 0.500
2025-09-26 13:34:18 - ROBOTY.collision - WARNING - Коллизия: роботы 1 и 9 в 10.50s, расстояние: 0.405, требуется: 0.500
2025-09-26 13:34:18 - ROBOTY.collision - WARNING - Коллизия: роботы 1 и 9 в 10.60s, расстояние: 0.448, требуется: 0.500
2025-09-26 13:34:18 - ROBOTY.collision - WARNING - Коллизия: роботы 6 и 7 в 11.70s, расстояние: 0.437, требуется: 0.500
2025-09-26 13:34:18 - ROBOTY.collision - WARNING - Коллизия: роботы 6 и 7 в 11.80s, расстояние: 0.363, требуется: 0.500
2025-09-26 13:34:18 - ROBOTY.collision - WARNING - Коллизия: роботы 6 и 7 в 11.90s, расстояние: 0.423, требуется: 0.500
2025-09-26 13:34:18 - ROBOTY.collision - WARNING - Коллизия: роботы 7 и 10 в 13.20s, расстояние: 0.489, требуется: 0.500
2025-09-26 13:34:18 - ROBOTY.collision - WARNING - Коллизия: роботы 7 и 10 в 13.30s, расстояние: 0.455, требуется: 0.500
2025-09-26 13:34:18 - ROBOTY.collision - WARNING - Коллизия: роботы 7 и 10 в 13.40s, расстояние: 0.438, требуется: 0.500
2025-09-26 13:34:18 - ROBOTY.collision - WARNING - Коллизия: роботы 7 и 10 в 13.50s, расстояние: 0.439, требуется: 0.500
2025-09-26 13:34:18 - ROBOTY.collision - WARNING - Коллизия: роботы 7 и 10 в 13.60s, расстояние: 0.458, требуется: 0.500
2025-09-26 13:34:18 - ROBOTY.collision - WARNING - Коллизия: роботы 7 и 10 в 13.70s, расстояние: 0.493, требуется: 0.500
2025-09-26 13:34:18 - ROBOTY.collision - WARNING - Коллизия: роботы 7 и 9 в 21.50s, расстояние: 0.330, требуется: 0.500
2025-09-26 13:34:18 - ROBOTY.collision - WARNING - Коллизия: роботы 7 и 9 в 21.60s, расстояние: 0.163, требуется: 0.500
2025-09-26 13:34:18 - ROBOTY.collision - WARNING - Коллизия: роботы 7 и 9 в 21.70s, расстояние: 0.288, требуется: 0.500
2025-09-26 13:34:18 - ROBOTY.collision - WARNING - Коллизия: роботы 2 и 10 в 21.80s, расстояние: 0.442, требуется: 0.500
2025-09-26 13:34:18 - ROBOTY.collision - WARNING - Коллизия: роботы 2 и 10 в 21.90s, расстояние: 0.425, требуется: 0.500
2025-09-26 13:34:18 - ROBOTY.collision - WARNING - Коллизия: роботы 3 и 7 в 27.30s, расстояние: 0.405, требуется: 0.500
2025-09-26 13:34:18 - ROBOTY.collision - WARNING - Коллизия: роботы 3 и 7 в 27.40s, расстояние: 0.292, требуется: 0.500
2025-09-26 13:34:18 - ROBOTY.collision - WARNING - Коллизия: роботы 3 и 7 в 27.50s, расстояние: 0.201, требуется: 0.500
2025-09-26 13:34:18 - ROBOTY.collision - WARNING - Коллизия: роботы 3 и 7 в 27.60s, расстояние: 0.171, требуется: 0.500
2025-09-26 13:34:18 - ROBOTY.collision - WARNING - Коллизия: роботы 3 и 7 в 27.70s, расстояние: 0.228, требуется: 0.500
2025-09-26 13:34:18 - ROBOTY.collision - WARNING - Коллизия: роботы 3 и 7 в 27.80s, расстояние: 0.330, требуется: 0.500
2025-09-26 13:34:18 - ROBOTY.collision - WARNING - Коллизия: роботы 3 и 7 в 27.90s, расстояние: 0.446, требуется: 0.500
2025-09-26 13:34:18 - ROBOTY.collision - WARNING - Коллизия: роботы 1 и 5 в 31.20s, расстояние: 0.453, требуется: 0.500
2025-09-26 13:34:18 - ROBOTY.collision - WARNING - Коллизия: роботы 1 и 5 в 31.30s, расстояние: 0.410, требуется: 0.500
2025-09-26 13:34:18 - ROBOTY.collision - WARNING - Коллизия: роботы 1 и 5 в 31.40s, расстояние: 0.415, требуется: 0.500
2025-09-26 13:34:18 - ROBOTY.collision - WARNING - Коллизия: роботы 1 и 5 в 31.50s, расстояние: 0.466, требуется: 0.500
2025-09-26 13:34:18 - ROBOTY.collision - ERROR - Обнаружено 47 коллизий
2025-09-26 13:34:18 - ROBOTY.main - WARNING - Обнаружено 47 коллизий, применяем онлайн-безопасность
2025-09-26 13:34:18 - ROBOTY.safety - INFO - Применяем онлайн-безопасность: вставка пауз при коллизиях
2025-09-26 13:34:18 - ROBOTY.collision - INFO - Начинаем детальную проверку коллизий
2025-09-26 13:34:18 - ROBOTY.collision - DEBUG - Проверяем коллизии в диапазоне времени: 0.00 - 37.71
2025-09-26 13:34:18 - ROBOTY.collision - WARNING - Коллизия: роботы 1 и 3 в 5.90s, расстояние: 0.479, требуется: 0.500
2025-09-26 13:34:18 - ROBOTY.collision - WARNING - Коллизия: роботы 1 и 3 в 5.95s, расстояние: 0.414, требуется: 0.500
2025-09-26 13:34:18 - ROBOTY.collision - WARNING - Коллизия: роботы 1 и 3 в 6.00s, расстояние: 0.359, требуется: 0.500
2025-09-26 13:34:18 - ROBOTY.collision - WARNING - Коллизия: роботы 1 и 3 в 6.05s, расстояние: 0.329, требуется: 0.500
2025-09-26 13:34:18 - ROBOTY.collision - WARNING - Коллизия: роботы 1 и 3 в 6.10s, расстояние: 0.304, требуется: 0.500
2025-09-26 13:34:18 - ROBOTY.collision - WARNING - Коллизия: роботы 1 и 3 в 6.15s, расстояние: 0.286, требуется: 0.500
2025-09-26 13:34:18 - ROBOTY.collision - WARNING - Коллизия: роботы 1 и 3 в 6.20s, расстояние: 0.275, требуется: 0.500
2025-09-26 13:34:18 - ROBOTY.collision - WARNING - Коллизия: роботы 1 и 3 в 6.25s, расстояние: 0.273, требуется: 0.500
2025-09-26 13:34:18 - ROBOTY.collision - WARNING - Коллизия: роботы 1 и 3 в 6.30s, расстояние: 0.279, требуется: 0.500
2025-09-26 13:34:18 - ROBOTY.collision - WARNING - Коллизия: роботы 1 и 3 в 6.35s, расстояние: 0.294, требуется: 0.500
2025-09-26 13:34:18 - ROBOTY.collision - WARNING - Коллизия: роботы 1 и 3 в 6.40s, расстояние: 0.316, требуется: 0.500
2025-09-26 13:34:18 - ROBOTY.collision - WARNING - Коллизия: роботы 1 и 3 в 6.45s, расстояние: 0.343, требуется: 0.500
2025-09-26 13:34:18 - ROBOTY.collision - WARNING - Коллизия: роботы 1 и 3 в 6.50s, расстояние: 0.375, требуется: 0.500
2025-09-26 13:34:18 - ROBOTY.collision - WARNING - Коллизия: роботы 1 и 3 в 6.55s, расстояние: 0.411, требуется: 0.500
2025-09-26 13:34:18 - ROBOTY.collision - WARNING - Коллизия: роботы 1 и 3 в 6.60s, расстояние: 0.449, требуется: 0.500
2025-09-26 13:34:18 - ROBOTY.collision - WARNING - Коллизия: роботы 1 и 3 в 6.65s, расстояние: 0.489, требуется: 0.500
2025-09-26 13:34:18 - ROBOTY.collision - WARNING - Коллизия: роботы 3 и 4 в 8.00s, расстояние: 0.498, требуется: 0.500
2025-09-26 13:34:18 - ROBOTY.collision - WARNING - Коллизия: роботы 3 и 4 в 8.05s, расстояние: 0.478, требуется: 0.500
2025-09-26 13:34:18 - ROBOTY.collision - WARNING - Коллизия: роботы 3 и 4 в 8.10s, расстояние: 0.465, требуется: 0.500
2025-09-26 13:34:18 - ROBOTY.collision - WARNING - Коллизия: роботы 3 и 4 в 8.15s, расстояние: 0.455, требуется: 0.500
2025-09-26 13:34:18 - ROBOTY.collision - WARNING - Коллизия: роботы 3 и 4 в 8.20s, расстояние: 0.446, требуется: 0.500
2025-09-26 13:34:18 - ROBOTY.collision - WARNING - Коллизия: роботы 3 и 4 в 8.25s, расстояние: 0.441, требуется: 0.500
2025-09-26 13:34:18 - ROBOTY.collision - WARNING - Коллизия: роботы 3 и 4 в 8.30s, расстояние: 0.437, требуется: 0.500
2025-09-26 13:34:18 - ROBOTY.collision - WARNING - Коллизия: роботы 3 и 4 в 8.35s, расстояние: 0.437, требуется: 0.500
2025-09-26 13:34:18 - ROBOTY.collision - WARNING - Коллизия: роботы 3 и 4 в 8.40s, расстояние: 0.439, требуется: 0.500
2025-09-26 13:34:18 - ROBOTY.collision - WARNING - Коллизия: роботы 3 и 4 в 8.45s, расстояние: 0.444, требуется: 0.500
2025-09-26 13:34:18 - ROBOTY.collision - WARNING - Коллизия: роботы 3 и 4 в 8.50s, расстояние: 0.451, требуется: 0.500
2025-09-26 13:34:18 - ROBOTY.collision - WARNING - Коллизия: роботы 3 и 4 в 8.55s, расстояние: 0.460, требуется: 0.500
2025-09-26 13:34:18 - ROBOTY.collision - WARNING - Коллизия: роботы 3 и 4 в 8.60s, расстояние: 0.472, требуется: 0.500
2025-09-26 13:34:18 - ROBOTY.collision - WARNING - Коллизия: роботы 3 и 4 в 8.65s, расстояние: 0.486, требуется: 0.500
2025-09-26 13:34:18 - ROBOTY.collision - WARNING - Коллизия: роботы 4 и 6 в 9.25s, расстояние: 0.478, требуется: 0.500
2025-09-26 13:34:18 - ROBOTY.collision - WARNING - Коллизия: роботы 4 и 6 в 9.30s, расстояние: 0.435, требуется: 0.500
2025-09-26 13:34:18 - ROBOTY.collision - WARNING - Коллизия: роботы 4 и 6 в 9.35s, расстояние: 0.415, требуется: 0.500
2025-09-26 13:34:18 - ROBOTY.collision - WARNING - Коллизия: роботы 4 и 6 в 9.40s, расстояние: 0.420, требуется: 0.500
2025-09-26 13:34:18 - ROBOTY.collision - WARNING - Коллизия: роботы 4 и 6 в 9.45s, расстояние: 0.451, требуется: 0.500
2025-09-26 13:34:18 - ROBOTY.collision - WARNING - Коллизия: роботы 4 и 6 в 9.50s, расстояние: 0.497, требуется: 0.500
2025-09-26 13:34:18 - ROBOTY.collision - WARNING - Коллизия: роботы 3 и 6 в 9.55s, расстояние: 0.489, требуется: 0.500
2025-09-26 13:34:18 - ROBOTY.collision - WARNING - Коллизия: роботы 3 и 6 в 9.60s, расстояние: 0.497, требуется: 0.500
2025-09-26 13:34:18 - ROBOTY.collision - WARNING - Коллизия: роботы 1 и 9 в 10.35s, расстояние: 0.477, требуется: 0.500
2025-09-26 13:34:18 - ROBOTY.collision - WARNING - Коллизия: роботы 1 и 9 в 10.40s, расстояние: 0.438, требуется: 0.500
2025-09-26 13:34:18 - ROBOTY.collision - WARNING - Коллизия: роботы 1 и 9 в 10.45s, расстояние: 0.413, требуется: 0.500
2025-09-26 13:34:18 - ROBOTY.collision - WARNING - Коллизия: роботы 1 и 9 в 10.50s, расстояние: 0.405, требуется: 0.500
2025-09-26 13:34:18 - ROBOTY.collision - WARNING - Коллизия: роботы 1 и 9 в 10.55s, расстояние: 0.414, требуется: 0.500
2025-09-26 13:34:18 - ROBOTY.collision - WARNING - Коллизия: роботы 1 и 9 в 10.60s, расстояние: 0.448, требуется: 0.500
2025-09-26 13:34:18 - ROBOTY.collision - WARNING - Коллизия: роботы 6 и 7 в 11.65s, расстояние: 0.486, требуется: 0.500
2025-09-26 13:34:18 - ROBOTY.collision - WARNING - Коллизия: роботы 6 и 7 в 11.70s, расстояние: 0.437, требуется: 0.500
2025-09-26 13:34:18 - ROBOTY.collision - WARNING - Коллизия: роботы 6 и 7 в 11.75s, расстояние: 0.391, требуется: 0.500
2025-09-26 13:34:18 - ROBOTY.collision - WARNING - Коллизия: роботы 6 и 7 в 11.80s, расстояние: 0.363, требуется: 0.500
2025-09-26 13:34:18 - ROBOTY.collision - WARNING - Коллизия: роботы 6 и 7 в 11.85s, расстояние: 0.375, требуется: 0.500
2025-09-26 13:34:18 - ROBOTY.collision - WARNING - Коллизия: роботы 6 и 7 в 11.90s, расстояние: 0.423, требуется: 0.500
2025-09-26 13:34:18 - ROBOTY.collision - WARNING - Коллизия: роботы 6 и 7 в 11.95s, расстояние: 0.496, требуется: 0.500
2025-09-26 13:34:18 - ROBOTY.collision - WARNING - Коллизия: роботы 7 и 10 в 13.20s, расстояние: 0.489, требуется: 0.500
2025-09-26 13:34:18 - ROBOTY.collision - WARNING - Коллизия: роботы 7 и 10 в 13.25s, расстояние: 0.470, требуется: 0.500
2025-09-26 13:34:18 - ROBOTY.collision - WARNING - Коллизия: роботы 7 и 10 в 13.30s, расстояние: 0.455, требуется: 0.500
2025-09-26 13:34:18 - ROBOTY.collision - WARNING - Коллизия: роботы 7 и 10 в 13.35s, расстояние: 0.445, требуется: 0.500
2025-09-26 13:34:18 - ROBOTY.collision - WARNING - Коллизия: роботы 7 и 10 в 13.40s, расстояние: 0.438, требуется: 0.500
2025-09-26 13:34:18 - ROBOTY.collision - WARNING - Коллизия: роботы 7 и 10 в 13.45s, расстояние: 0.436, требуется: 0.500
2025-09-26 13:34:18 - ROBOTY.collision - WARNING - Коллизия: роботы 7 и 10 в 13.50s, расстояние: 0.439, требуется: 0.500
2025-09-26 13:34:18 - ROBOTY.collision - WARNING - Коллизия: роботы 7 и 10 в 13.55s, расстояние: 0.446, требуется: 0.500
2025-09-26 13:34:18 - ROBOTY.collision - WARNING - Коллизия: роботы 7 и 10 в 13.60s, расстояние: 0.458, требуется: 0.500
2025-09-26 13:34:18 - ROBOTY.collision - WARNING - Коллизия: роботы 7 и 10 в 13.65s, расстояние: 0.474, требуется: 0.500
2025-09-26 13:34:18 - ROBOTY.collision - WARNING - Коллизия: роботы 7 и 10 в 13.70s, расстояние: 0.493, требуется: 0.500
2025-09-26 13:34:18 - ROBOTY.collision - WARNING - Коллизия: роботы 7 и 9 в 21.45s, расстояние: 0.450, требуется: 0.500
2025-09-26 13:34:18 - ROBOTY.collision - WARNING - Коллизия: роботы 7 и 9 в 21.50s, расстояние: 0.330, требуется: 0.500
2025-09-26 13:34:18 - ROBOTY.collision - WARNING - Коллизия: роботы 7 и 9 в 21.55s, расстояние: 0.225, требуется: 0.500
2025-09-26 13:34:18 - ROBOTY.collision - WARNING - Коллизия: роботы 7 и 9 в 21.60s, расстояние: 0.163, требуется: 0.500
2025-09-26 13:34:18 - ROBOTY.collision - WARNING - Коллизия: роботы 7 и 9 в 21.65s, расстояние: 0.194, требуется: 0.500
2025-09-26 13:34:18 - ROBOTY.collision - WARNING - Коллизия: роботы 7 и 9 в 21.70s, расстояние: 0.288, требуется: 0.500
2025-09-26 13:34:18 - ROBOTY.collision - WARNING - Коллизия: роботы 2 и 10 в 21.75s, расстояние: 0.487, требуется: 0.500
2025-09-26 13:34:18 - ROBOTY.collision - WARNING - Коллизия: роботы 7 и 9 в 21.75s, расстояние: 0.404, требуется: 0.500
2025-09-26 13:34:18 - ROBOTY.collision - WARNING - Коллизия: роботы 2 и 10 в 21.80s, расстояние: 0.442, требуется: 0.500
2025-09-26 13:34:18 - ROBOTY.collision - WARNING - Коллизия: роботы 2 и 10 в 21.85s, расстояние: 0.420, требуется: 0.500
2025-09-26 13:34:18 - ROBOTY.collision - WARNING - Коллизия: роботы 2 и 10 в 21.90s, расстояние: 0.425, требуется: 0.500
2025-09-26 13:34:18 - ROBOTY.collision - WARNING - Коллизия: роботы 2 и 10 в 21.95s, расстояние: 0.457, требуется: 0.500
2025-09-26 13:34:18 - ROBOTY.collision - WARNING - Коллизия: роботы 3 и 7 в 27.25s, расстояние: 0.464, требуется: 0.500
2025-09-26 13:34:18 - ROBOTY.collision - WARNING - Коллизия: роботы 3 и 7 в 27.30s, расстояние: 0.405, требуется: 0.500
2025-09-26 13:34:18 - ROBOTY.collision - WARNING - Коллизия: роботы 3 и 7 в 27.35s, расстояние: 0.347, требуется: 0.500
2025-09-26 13:34:18 - ROBOTY.collision - WARNING - Коллизия: роботы 3 и 7 в 27.40s, расстояние: 0.292, требуется: 0.500
2025-09-26 13:34:18 - ROBOTY.collision - WARNING - Коллизия: роботы 3 и 7 в 27.45s, расстояние: 0.242, требуется: 0.500
2025-09-26 13:34:18 - ROBOTY.collision - WARNING - Коллизия: роботы 3 и 7 в 27.50s, расстояние: 0.201, требуется: 0.500
2025-09-26 13:34:18 - ROBOTY.collision - WARNING - Коллизия: роботы 3 и 7 в 27.55s, расстояние: 0.175, требуется: 0.500
2025-09-26 13:34:18 - ROBOTY.collision - WARNING - Коллизия: роботы 3 и 7 в 27.60s, расстояние: 0.171, требуется: 0.500
2025-09-26 13:34:18 - ROBOTY.collision - WARNING - Коллизия: роботы 3 и 7 в 27.65s, расстояние: 0.191, требуется: 0.500
2025-09-26 13:34:18 - ROBOTY.collision - WARNING - Коллизия: роботы 3 и 7 в 27.70s, расстояние: 0.228, требуется: 0.500
2025-09-26 13:34:18 - ROBOTY.collision - WARNING - Коллизия: роботы 3 и 7 в 27.75s, расстояние: 0.276, требуется: 0.500
2025-09-26 13:34:18 - ROBOTY.collision - WARNING - Коллизия: роботы 3 и 7 в 27.80s, расстояние: 0.330, требуется: 0.500
2025-09-26 13:34:18 - ROBOTY.collision - WARNING - Коллизия: роботы 3 и 7 в 27.85s, расстояние: 0.387, требуется: 0.500
2025-09-26 13:34:18 - ROBOTY.collision - WARNING - Коллизия: роботы 3 и 7 в 27.90s, расстояние: 0.446, требуется: 0.500
2025-09-26 13:34:18 - ROBOTY.collision - WARNING - Коллизия: роботы 1 и 5 в 31.15s, расстояние: 0.489, требуется: 0.500
2025-09-26 13:34:18 - ROBOTY.collision - WARNING - Коллизия: роботы 1 и 5 в 31.20s, расстояние: 0.453, требуется: 0.500
2025-09-26 13:34:18 - ROBOTY.collision - WARNING - Коллизия: роботы 1 и 5 в 31.25s, расстояние: 0.426, требуется: 0.500
2025-09-26 13:34:18 - ROBOTY.collision - WARNING - Коллизия: роботы 1 и 5 в 31.30s, расстояние: 0.410, требуется: 0.500
2025-09-26 13:34:18 - ROBOTY.collision - WARNING - Коллизия: роботы 1 и 5 в 31.35s, расстояние: 0.406, требуется: 0.500
2025-09-26 13:34:18 - ROBOTY.collision - WARNING - Коллизия: роботы 1 и 5 в 31.40s, расстояние: 0.415, требуется: 0.500
2025-09-26 13:34:18 - ROBOTY.collision - WARNING - Коллизия: роботы 1 и 5 в 31.45s, расстояние: 0.435, требуется: 0.500
2025-09-26 13:34:18 - ROBOTY.collision - WARNING - Коллизия: роботы 1 и 5 в 31.50s, расстояние: 0.466, требуется: 0.500
2025-09-26 13:34:18 - ROBOTY.collision - ERROR - Обнаружено 96 коллизий
2025-09-26 13:34:18 - ROBOTY.safety - DEBUG - Добавлена пауза 0.60s роботу 1 в t=5.90s
2025-09-26 13:34:18 - ROBOTY.safety - DEBUG - Добавлена пауза 0.60s роботу 3 в t=5.90s
2025-09-26 13:34:18 - ROBOTY.safety - DEBUG - Добавлена пауза 0.60s роботу 1 в t=5.95s
2025-09-26 13:34:18 - ROBOTY.safety - DEBUG - Добавлена пауза 0.60s роботу 3 в t=5.95s
2025-09-26 13:34:18 - ROBOTY.safety - DEBUG - Добавлена пауза 0.60s роботу 1 в t=6.00s
2025-09-26 13:34:18 - ROBOTY.safety - DEBUG - Добавлена пауза 0.60s роботу 3 в t=6.00s
2025-09-26 13:34:18 - ROBOTY.safety - DEBUG - Добавлена пауза 0.60s роботу 1 в t=6.05s
2025-09-26 13:34:18 - ROBOTY.safety - DEBUG - Добавлена пауза 0.60s роботу 3 в t=6.05s
2025-09-26 13:34:18 - ROBOTY.safety - DEBUG - Добавлена пауза 0.60s роботу 1 в t=6.10s
2025-09-26 13:34:18 - ROBOTY.safety - DEBUG - Добавлена пауза 0.60s роботу 3 в t=6.10s
2025-09-26 13:34:18 - ROBOTY.safety - DEBUG - Добавлена пауза 0.60s роботу 1 в t=6.15s
2025-09-26 13:34:18 - ROBOTY.safety - DEBUG - Добавлена пауза 0.60s роботу 3 в t=6.15s
2025-09-26 13:34:18 - ROBOTY.safety - DEBUG - Добавлена пауза 0.60s роботу 1 в t=6.20s
2025-09-26 13:34:18 - ROBOTY.safety - DEBUG - Добавлена пауза 0.60s роботу 3 в t=6.20s
2025-09-26 13:34:18 - ROBOTY.safety - DEBUG - Добавлена пауза 0.60s роботу 1 в t=6.25s
2025-09-26 13:34:18 - ROBOTY.safety - DEBUG - Добавлена пауза 0.60s роботу 3 в t=6.25s
2025-09-26 13:34:18 - ROBOTY.safety - DEBUG - Добавлена пауза 0.60s роботу 1 в t=6.30s
2025-09-26 13:34:18 - ROBOTY.safety - DEBUG - Добавлена пауза 0.60s роботу 3 в t=6.30s
2025-09-26 13:34:18 - ROBOTY.safety - DEBUG - Добавлена пауза 0.60s роботу 1 в t=6.35s
2025-09-26 13:34:18 - ROBOTY.safety - DEBUG - Добавлена пауза 0.60s роботу 3 в t=6.35s
2025-09-26 13:34:18 - ROBOTY.safety - DEBUG - Добавлена пауза 0.60s роботу 1 в t=6.40s
2025-09-26 13:34:18 - ROBOTY.safety - DEBUG - Добавлена пауза 0.60s роботу 3 в t=6.40s
2025-09-26 13:34:18 - ROBOTY.safety - DEBUG - Добавлена пауза 0.60s роботу 1 в t=6.45s
2025-09-26 13:34:18 - ROBOTY.safety - DEBUG - Добавлена пауза 0.60s роботу 3 в t=6.45s
2025-09-26 13:34:18 - ROBOTY.safety - DEBUG - Добавлена пауза 0.60s роботу 1 в t=6.50s
2025-09-26 13:34:18 - ROBOTY.safety - DEBUG - Добавлена пауза 0.60s роботу 3 в t=6.50s
2025-09-26 13:34:18 - ROBOTY.safety - DEBUG - Добавлена пауза 0.60s роботу 1 в t=6.55s
2025-09-26 13:34:18 - ROBOTY.safety - DEBUG - Добавлена пауза 0.60s роботу 3 в t=6.55s
2025-09-26 13:34:18 - ROBOTY.safety - DEBUG - Добавлена пауза 0.60s роботу 1 в t=6.60s
2025-09-26 13:34:18 - ROBOTY.safety - DEBUG - Добавлена пауза 0.60s роботу 3 в t=6.60s
2025-09-26 13:34:18 - ROBOTY.safety - DEBUG - Добавлена пауза 0.60s роботу 1 в t=6.65s
2025-09-26 13:34:18 - ROBOTY.safety - DEBUG - Добавлена пауза 0.60s роботу 3 в t=6.65s
2025-09-26 13:34:18 - ROBOTY.safety - DEBUG - Добавлена пауза 0.60s роботу 3 в t=8.00s
2025-09-26 13:34:18 - ROBOTY.safety - DEBUG - Добавлена пауза 0.60s роботу 4 в t=8.00s
2025-09-26 13:34:18 - ROBOTY.safety - DEBUG - Добавлена пауза 0.60s роботу 3 в t=8.05s
2025-09-26 13:34:18 - ROBOTY.safety - DEBUG - Добавлена пауза 0.60s роботу 4 в t=8.05s
2025-09-26 13:34:18 - ROBOTY.safety - DEBUG - Добавлена пауза 0.60s роботу 3 в t=8.10s
2025-09-26 13:34:18 - ROBOTY.safety - DEBUG - Добавлена пауза 0.60s роботу 4 в t=8.10s
2025-09-26 13:34:18 - ROBOTY.safety - DEBUG - Добавлена пауза 0.60s роботу 3 в t=8.15s
2025-09-26 13:34:18 - ROBOTY.safety - DEBUG - Добавлена пауза 0.60s роботу 4 в t=8.15s
2025-09-26 13:34:18 - ROBOTY.safety - DEBUG - Добавлена пауза 0.60s роботу 3 в t=8.20s
2025-09-26 13:34:18 - ROBOTY.safety - DEBUG - Добавлена пауза 0.60s роботу 4 в t=8.20s
2025-09-26 13:34:18 - ROBOTY.safety - DEBUG - Добавлена пауза 0.60s роботу 3 в t=8.25s
2025-09-26 13:34:18 - ROBOTY.safety - DEBUG - Добавлена пауза 0.60s роботу 4 в t=8.25s
2025-09-26 13:34:18 - ROBOTY.safety - DEBUG - Добавлена пауза 0.60s роботу 3 в t=8.30s
2025-09-26 13:34:18 - ROBOTY.safety - DEBUG - Добавлена пауза 0.60s роботу 4 в t=8.30s
2025-09-26 13:34:18 - ROBOTY.safety - DEBUG - Добавлена пауза 0.60s роботу 3 в t=8.35s
2025-09-26 13:34:18 - ROBOTY.safety - DEBUG - Добавлена пауза 0.60s роботу 4 в t=8.35s
2025-09-26 13:34:18 - ROBOTY.safety - DEBUG - Добавлена пауза 0.60s роботу 3 в t=8.40s
2025-09-26 13:34:18 - ROBOTY.safety - DEBUG - Добавлена пауза 0.60s роботу 4 в t=8.40s
2025-09-26 13:34:18 - ROBOTY.safety - DEBUG - Добавлена пауза 0.60s роботу 3 в t=8.45s
2025-09-26 13:34:18 - ROBOTY.safety - DEBUG - Добавлена пауза 0.60s роботу 4 в t=8.45s
2025-09-26 13:34:18 - ROBOTY.safety - DEBUG - Добавлена пауза 0.60s роботу 3 в t=8.50s
2025-09-26 13:34:18 - ROBOTY.safety - DEBUG - Добавлена пауза 0.60s роботу 4 в t=8.50s
2025-09-26 13:34:18 - ROBOTY.safety - DEBUG - Добавлена пауза 0.60s роботу 3 в t=8.55s
2025-09-26 13:34:18 - ROBOTY.safety - DEBUG - Добавлена пауза 0.60s роботу 4 в t=8.55s
2025-09-26 13:34:18 - ROBOTY.safety - DEBUG - Добавлена пауза 0.60s роботу 3 в t=8.60s
2025-09-26 13:34:18 - ROBOTY.safety - DEBUG - Добавлена пауза 0.60s роботу 4 в t=8.60s
2025-09-26 13:34:18 - ROBOTY.safety - DEBUG - Добавлена пауза 0.60s роботу 3 в t=8.65s
2025-09-26 13:34:18 - ROBOTY.safety - DEBUG - Добавлена пауза 0.60s роботу 4 в t=8.65s
2025-09-26 13:34:18 - ROBOTY.safety - DEBUG - Добавлена пауза 0.60s роботу 4 в t=9.25s
2025-09-26 13:34:18 - ROBOTY.safety - DEBUG - Добавлена пауза 0.60s роботу 6 в t=9.25s
2025-09-26 13:34:18 - ROBOTY.safety - DEBUG - Добавлена пауза 0.60s роботу 4 в t=9.30s
2025-09-26 13:34:18 - ROBOTY.safety - DEBUG - Добавлена пауза 0.60s роботу 6 в t=9.30s
2025-09-26 13:34:18 - ROBOTY.safety - DEBUG - Добавлена пауза 0.60s роботу 4 в t=9.35s
2025-09-26 13:34:18 - ROBOTY.safety - DEBUG - Добавлена пауза 0.60s роботу 6 в t=9.35s
2025-09-26 13:34:18 - ROBOTY.safety - DEBUG - Добавлена пауза 0.60s роботу 4 в t=9.40s
2025-09-26 13:34:18 - ROBOTY.safety - DEBUG - Добавлена пауза 0.60s роботу 6 в t=9.40s
2025-09-26 13:34:18 - ROBOTY.safety - DEBUG - Добавлена пауза 0.60s роботу 4 в t=9.45s
2025-09-26 13:34:18 - ROBOTY.safety - DEBUG - Добавлена пауза 0.60s роботу 6 в t=9.45s
2025-09-26 13:34:18 - ROBOTY.safety - DEBUG - Добавлена пауза 0.60s роботу 4 в t=9.50s
2025-09-26 13:34:18 - ROBOTY.safety - DEBUG - Добавлена пауза 0.60s роботу 6 в t=9.50s
2025-09-26 13:34:18 - ROBOTY.safety - DEBUG - Добавлена пауза 0.60s роботу 3 в t=9.55s
2025-09-26 13:34:18 - ROBOTY.safety - DEBUG - Добавлена пауза 0.60s роботу 6 в t=9.55s
2025-09-26 13:34:18 - ROBOTY.safety - DEBUG - Добавлена пауза 0.60s роботу 3 в t=9.60s
2025-09-26 13:34:18 - ROBOTY.safety - DEBUG - Добавлена пауза 0.60s роботу 6 в t=9.60s
2025-09-26 13:34:18 - ROBOTY.safety - DEBUG - Добавлена пауза 0.60s роботу 1 в t=10.35s
2025-09-26 13:34:18 - ROBOTY.safety - DEBUG - Добавлена пауза 0.60s роботу 9 в t=10.35s
2025-09-26 13:34:18 - ROBOTY.safety - DEBUG - Добавлена пауза 0.60s роботу 1 в t=10.40s
2025-09-26 13:34:18 - ROBOTY.safety - DEBUG - Добавлена пауза 0.60s роботу 9 в t=10.40s
2025-09-26 13:34:18 - ROBOTY.safety - DEBUG - Добавлена пауза 0.60s роботу 1 в t=10.45s
2025-09-26 13:34:18 - ROBOTY.safety - DEBUG - Добавлена пауза 0.60s роботу 9 в t=10.45s
2025-09-26 13:34:18 - ROBOTY.safety - DEBUG - Добавлена пауза 0.60s роботу 1 в t=10.50s
2025-09-26 13:34:18 - ROBOTY.safety - DEBUG - Добавлена пауза 0.60s роботу 9 в t=10.50s
2025-09-26 13:34:18 - ROBOTY.safety - DEBUG - Добавлена пауза 0.60s роботу 1 в t=10.55s
2025-09-26 13:34:18 - ROBOTY.safety - DEBUG - Добавлена пауза 0.60s роботу 9 в t=10.55s
2025-09-26 13:34:18 - ROBOTY.safety - DEBUG - Добавлена пауза 0.60s роботу 1 в t=10.60s
2025-09-26 13:34:18 - ROBOTY.safety - DEBUG - Добавлена пауза 0.60s роботу 9 в t=10.60s
2025-09-26 13:34:18 - ROBOTY.safety - DEBUG - Добавлена пауза 0.60s роботу 6 в t=11.65s
2025-09-26 13:34:18 - ROBOTY.safety - DEBUG - Добавлена пауза 0.60s роботу 7 в t=11.65s
2025-09-26 13:34:18 - ROBOTY.safety - DEBUG - Добавлена пауза 0.60s роботу 6 в t=11.70s
2025-09-26 13:34:18 - ROBOTY.safety - DEBUG - Добавлена пауза 0.60s роботу 7 в t=11.70s
2025-09-26 13:34:18 - ROBOTY.safety - DEBUG - Добавлена пауза 0.60s роботу 6 в t=11.75s
2025-09-26 13:34:18 - ROBOTY.safety - DEBUG - Добавлена пауза 0.60s роботу 7 в t=11.75s
2025-09-26 13:34:18 - ROBOTY.safety - DEBUG - Добавлена пауза 0.60s роботу 6 в t=11.80s
2025-09-26 13:34:18 - ROBOTY.safety - DEBUG - Добавлена пауза 0.60s роботу 7 в t=11.80s
2025-09-26 13:34:18 - ROBOTY.safety - DEBUG - Добавлена пауза 0.60s роботу 6 в t=11.85s
2025-09-26 13:34:18 - ROBOTY.safety - DEBUG - Добавлена пауза 0.60s роботу 7 в t=11.85s
2025-09-26 13:34:18 - ROBOTY.safety - DEBUG - Добавлена пауза 0.60s роботу 6 в t=11.90s
2025-09-26 13:34:18 - ROBOTY.safety - DEBUG - Добавлена пауза 0.60s роботу 7 в t=11.90s
2025-09-26 13:34:18 - ROBOTY.safety - DEBUG - Добавлена пауза 0.60s роботу 6 в t=11.95s
2025-09-26 13:34:18 - ROBOTY.safety - DEBUG - Добавлена пауза 0.60s роботу 7 в t=11.95s
2025-09-26 13:34:18 - ROBOTY.safety - DEBUG - Добавлена пауза 0.60s роботу 7 в t=13.20s
2025-09-26 13:34:18 - ROBOTY.safety - DEBUG - Добавлена пауза 0.60s роботу 10 в t=13.20s
2025-09-26 13:34:18 - ROBOTY.safety - DEBUG - Добавлена пауза 0.60s роботу 7 в t=13.25s
2025-09-26 13:34:18 - ROBOTY.safety - DEBUG - Добавлена пауза 0.60s роботу 10 в t=13.25s
2025-09-26 13:34:18 - ROBOTY.safety - DEBUG - Добавлена пауза 0.60s роботу 7 в t=13.30s
2025-09-26 13:34:18 - ROBOTY.safety - DEBUG - Добавлена пауза 0.60s роботу 10 в t=13.30s
2025-09-26 13:34:18 - ROBOTY.safety - DEBUG - Добавлена пауза 0.60s роботу 7 в t=13.35s
2025-09-26 13:34:18 - ROBOTY.safety - DEBUG - Добавлена пауза 0.60s роботу 10 в t=13.35s
2025-09-26 13:34:18 - ROBOTY.safety - DEBUG - Добавлена пауза 0.60s роботу 7 в t=13.40s
2025-09-26 13:34:18 - ROBOTY.safety - DEBUG - Добавлена пауза 0.60s роботу 10 в t=13.40s
2025-09-26 13:34:18 - ROBOTY.safety - DEBUG - Добавлена пауза 0.60s роботу 7 в t=13.45s
2025-09-26 13:34:18 - ROBOTY.safety - DEBUG - Добавлена пауза 0.60s роботу 10 в t=13.45s
2025-09-26 13:34:18 - ROBOTY.safety - DEBUG - Добавлена пауза 0.60s роботу 7 в t=13.50s
2025-09-26 13:34:18 - ROBOTY.safety - DEBUG - Добавлена пауза 0.60s роботу 10 в t=13.50s
2025-09-26 13:34:18 - ROBOTY.safety - DEBUG - Добавлена пауза 0.60s роботу 7 в t=13.55s
2025-09-26 13:34:18 - ROBOTY.safety - DEBUG - Добавлена пауза 0.60s роботу 10 в t=13.55s
2025-09-26 13:34:18 - ROBOTY.safety - DEBUG - Добавлена пауза 0.60s роботу 7 в t=13.60s
2025-09-26 13:34:18 - ROBOTY.safety - DEBUG - Добавлена пауза 0.60s роботу 10 в t=13.60s
2025-09-26 13:34:18 - ROBOTY.safety - DEBUG - Добавлена пауза 0.60s роботу 7 в t=13.65s
2025-09-26 13:34:18 - ROBOTY.safety - DEBUG - Добавлена пауза 0.60s роботу 10 в t=13.65s
2025-09-26 13:34:18 - ROBOTY.safety - DEBUG - Добавлена пауза 0.60s роботу 7 в t=13.70s
2025-09-26 13:34:18 - ROBOTY.safety - DEBUG - Добавлена пауза 0.60s роботу 10 в t=13.70s
2025-09-26 13:34:18 - ROBOTY.safety - DEBUG - Добавлена пауза 0.60s роботу 7 в t=21.45s
2025-09-26 13:34:18 - ROBOTY.safety - DEBUG - Добавлена пауза 0.60s роботу 9 в t=21.45s
2025-09-26 13:34:18 - ROBOTY.safety - DEBUG - Добавлена пауза 0.60s роботу 7 в t=21.50s
2025-09-26 13:34:18 - ROBOTY.safety - DEBUG - Добавлена пауза 0.60s роботу 9 в t=21.50s
2025-09-26 13:34:18 - ROBOTY.safety - DEBUG - Добавлена пауза 0.60s роботу 7 в t=21.55s
2025-09-26 13:34:18 - ROBOTY.safety - DEBUG - Добавлена пауза 0.60s роботу 9 в t=21.55s
2025-09-26 13:34:18 - ROBOTY.safety - DEBUG - Добавлена пауза 0.60s роботу 7 в t=21.60s
2025-09-26 13:34:18 - ROBOTY.safety - DEBUG - Добавлена пауза 0.60s роботу 9 в t=21.60s
2025-09-26 13:34:18 - ROBOTY.safety - DEBUG - Добавлена пауза 0.60s роботу 7 в t=21.65s
2025-09-26 13:34:18 - ROBOTY.safety - DEBUG - Добавлена пауза 0.60s роботу 9 в t=21.65s
2025-09-26 13:34:18 - ROBOTY.safety - DEBUG - Добавлена пауза 0.60s роботу 7 в t=21.70s
2025-09-26 13:34:18 - ROBOTY.safety - DEBUG - Добавлена пауза 0.60s роботу 9 в t=21.70s
2025-09-26 13:34:18 - ROBOTY.safety - DEBUG - Добавлена пауза 0.60s роботу 2 в t=21.75s
2025-09-26 13:34:18 - ROBOTY.safety - DEBUG - Добавлена пауза 0.60s роботу 10 в t=21.75s
2025-09-26 13:34:18 - ROBOTY.safety - DEBUG - Добавлена пауза 0.60s роботу 2 в t=21.80s
2025-09-26 13:34:18 - ROBOTY.safety - DEBUG - Добавлена пауза 0.60s роботу 10 в t=21.80s
2025-09-26 13:34:18 - ROBOTY.safety - DEBUG - Добавлена пауза 0.60s роботу 2 в t=21.85s
2025-09-26 13:34:18 - ROBOTY.safety - DEBUG - Добавлена пауза 0.60s роботу 10 в t=21.85s
2025-09-26 13:34:18 - ROBOTY.safety - DEBUG - Добавлена пауза 0.60s роботу 2 в t=21.90s
2025-09-26 13:34:18 - ROBOTY.safety - DEBUG - Добавлена пауза 0.60s роботу 10 в t=21.90s
2025-09-26 13:34:18 - ROBOTY.safety - DEBUG - Добавлена пауза 0.60s роботу 2 в t=21.95s
2025-09-26 13:34:18 - ROBOTY.safety - DEBUG - Добавлена пауза 0.60s роботу 10 в t=21.95s
2025-09-26 13:34:18 - ROBOTY.safety - DEBUG - Добавлена пауза 0.60s роботу 3 в t=27.25s
2025-09-26 13:34:18 - ROBOTY.safety - DEBUG - Добавлена пауза 0.60s роботу 7 в t=27.25s
2025-09-26 13:34:18 - ROBOTY.safety - DEBUG - Добавлена пауза 0.60s роботу 3 в t=27.30s
2025-09-26 13:34:18 - ROBOTY.safety - DEBUG - Добавлена пауза 0.60s роботу 7 в t=27.30s
2025-09-26 13:34:18 - ROBOTY.safety - DEBUG - Добавлена пауза 0.60s роботу 3 в t=27.35s
2025-09-26 13:34:18 - ROBOTY.safety - DEBUG - Добавлена пауза 0.60s роботу 7 в t=27.35s
2025-09-26 13:34:18 - ROBOTY.safety - DEBUG - Добавлена пауза 0.60s роботу 3 в t=27.40s
2025-09-26 13:34:18 - ROBOTY.safety - DEBUG - Добавлена пауза 0.60s роботу 7 в t=27.40s
2025-09-26 13:34:18 - ROBOTY.safety - DEBUG - Добавлена пауза 0.60s роботу 3 в t=27.45s
2025-09-26 13:34:18 - ROBOTY.safety - DEBUG - Добавлена пауза 0.60s роботу 7 в t=27.45s
2025-09-26 13:34:18 - ROBOTY.safety - DEBUG - Добавлена пауза 0.60s роботу 3 в t=27.50s
2025-09-26 13:34:18 - ROBOTY.safety - DEBUG - Добавлена пауза 0.60s роботу 7 в t=27.50s
2025-09-26 13:34:18 - ROBOTY.safety - DEBUG - Добавлена пауза 0.60s роботу 3 в t=27.55s
2025-09-26 13:34:18 - ROBOTY.safety - DEBUG - Добавлена пауза 0.60s роботу 7 в t=27.55s
2025-09-26 13:34:18 - ROBOTY.safety - DEBUG - Добавлена пауза 0.60s роботу 3 в t=27.60s
2025-09-26 13:34:18 - ROBOTY.safety - DEBUG - Добавлена пауза 0.60s роботу 7 в t=27.60s
2025-09-26 13:34:18 - ROBOTY.safety - DEBUG - Добавлена пауза 0.60s роботу 3 в t=27.65s
2025-09-26 13:34:18 - ROBOTY.safety - DEBUG - Добавлена пауза 0.60s роботу 7 в t=27.65s
2025-09-26 13:34:18 - ROBOTY.safety - DEBUG - Добавлена пауза 0.60s роботу 3 в t=27.70s
2025-09-26 13:34:18 - ROBOTY.safety - DEBUG - Добавлена пауза 0.60s роботу 7 в t=27.70s
2025-09-26 13:34:18 - ROBOTY.safety - DEBUG - Добавлена пауза 0.60s роботу 3 в t=27.75s
2025-09-26 13:34:18 - ROBOTY.safety - DEBUG - Добавлена пауза 0.60s роботу 7 в t=27.75s
2025-09-26 13:34:18 - ROBOTY.safety - DEBUG - Добавлена пауза 0.60s роботу 3 в t=27.80s
2025-09-26 13:34:18 - ROBOTY.safety - DEBUG - Добавлена пауза 0.60s роботу 7 в t=27.80s
2025-09-26 13:34:18 - ROBOTY.safety - DEBUG - Добавлена пауза 0.60s роботу 3 в t=27.85s
2025-09-26 13:34:18 - ROBOTY.safety - DEBUG - Добавлена пауза 0.60s роботу 7 в t=27.85s
2025-09-26 13:34:18 - ROBOTY.safety - DEBUG - Добавлена пауза 0.60s роботу 3 в t=27.90s
2025-09-26 13:34:18 - ROBOTY.safety - DEBUG - Добавлена пауза 0.60s роботу 7 в t=27.90s
2025-09-26 13:34:18 - ROBOTY.safety - DEBUG - Добавлена пауза 0.60s роботу 1 в t=31.15s
2025-09-26 13:34:18 - ROBOTY.safety - DEBUG - Добавлена пауза 0.60s роботу 5 в t=31.15s
2025-09-26 13:34:18 - ROBOTY.safety - DEBUG - Добавлена пауза 0.60s роботу 1 в t=31.20s
2025-09-26 13:34:18 - ROBOTY.safety - DEBUG - Добавлена пауза 0.60s роботу 5 в t=31.20s
2025-09-26 13:34:18 - ROBOTY.safety - DEBUG - Добавлена пауза 0.60s роботу 1 в t=31.25s
2025-09-26 13:34:18 - ROBOTY.safety - DEBUG - Добавлена пауза 0.60s роботу 5 в t=31.25s
2025-09-26 13:34:18 - ROBOTY.safety - DEBUG - Добавлена пауза 0.60s роботу 1 в t=31.30s
2025-09-26 13:34:18 - ROBOTY.safety - DEBUG - Добавлена пауза 0.60s роботу 5 в t=31.30s
2025-09-26 13:34:18 - ROBOTY.safety - DEBUG - Добавлена пауза 0.60s роботу 1 в t=31.35s
2025-09-26 13:34:18 - ROBOTY.safety - DEBUG - Добавлена пауза 0.60s роботу 5 в t=31.35s
2025-09-26 13:34:18 - ROBOTY.safety - DEBUG - Добавлена пауза 0.60s роботу 1 в t=31.40s
2025-09-26 13:34:18 - ROBOTY.safety - DEBUG - Добавлена пауза 0.60s роботу 5 в t=31.40s
2025-09-26 13:34:18 - ROBOTY.safety - DEBUG - Добавлена пауза 0.60s роботу 1 в t=31.45s
2025-09-26 13:34:18 - ROBOTY.safety - DEBUG - Добавлена пауза 0.60s роботу 5 в t=31.45s
2025-09-26 13:34:18 - ROBOTY.safety - DEBUG - Добавлена пауза 0.60s роботу 1 в t=31.50s
2025-09-26 13:34:18 - ROBOTY.safety - DEBUG - Добавлена пауза 0.60s роботу 5 в t=31.50s
2025-09-26 13:34:18 - ROBOTY.safety - INFO - Онлайн-безопасность применена: паузы вставлены
2025-09-26 13:34:18 - ROBOTY.collision - INFO - Начинаем детальную проверку коллизий
2025-09-26 13:34:18 - ROBOTY.collision - DEBUG - Проверяем коллизии в диапазоне времени: 0.00 - 56.92
2025-09-26 13:34:18 - ROBOTY.collision - WARNING - Коллизия: роботы 1 и 3 в 5.90s, расстояние: 0.479, требуется: 0.500
2025-09-26 13:34:18 - ROBOTY.collision - WARNING - Коллизия: роботы 1 и 3 в 6.00s, расстояние: 0.479, требуется: 0.500
2025-09-26 13:34:18 - ROBOTY.collision - WARNING - Коллизия: роботы 1 и 3 в 6.10s, расстояние: 0.479, требуется: 0.500
2025-09-26 13:34:18 - ROBOTY.collision - WARNING - Коллизия: роботы 1 и 3 в 6.20s, расстояние: 0.479, требуется: 0.500
2025-09-26 13:34:18 - ROBOTY.collision - WARNING - Коллизия: роботы 1 и 3 в 6.30s, расстояние: 0.479, требуется: 0.500
2025-09-26 13:34:18 - ROBOTY.collision - WARNING - Коллизия: роботы 1 и 3 в 6.40s, расстояние: 0.479, требуется: 0.500
2025-09-26 13:34:18 - ROBOTY.collision - WARNING - Коллизия: роботы 1 и 3 в 6.50s, расстояние: 0.479, требуется: 0.500
2025-09-26 13:34:18 - ROBOTY.collision - WARNING - Коллизия: роботы 1 и 3 в 6.60s, расстояние: 0.479, требуется: 0.500
2025-09-26 13:34:18 - ROBOTY.collision - WARNING - Коллизия: роботы 1 и 3 в 6.70s, расстояние: 0.479, требуется: 0.500
2025-09-26 13:34:18 - ROBOTY.collision - WARNING - Коллизия: роботы 1 и 3 в 6.80s, расстояние: 0.479, требуется: 0.500
2025-09-26 13:34:18 - ROBOTY.collision - WARNING - Коллизия: роботы 1 и 3 в 6.90s, расстояние: 0.479, требуется: 0.500
2025-09-26 13:34:18 - ROBOTY.collision - WARNING - Коллизия: роботы 1 и 3 в 7.00s, расстояние: 0.479, требуется: 0.500
2025-09-26 13:34:18 - ROBOTY.collision - WARNING - Коллизия: роботы 1 и 3 в 7.10s, расстояние: 0.479, требуется: 0.500
2025-09-26 13:34:18 - ROBOTY.collision - WARNING - Коллизия: роботы 1 и 3 в 7.20s, расстояние: 0.479, требуется: 0.500
2025-09-26 13:34:18 - ROBOTY.collision - WARNING - Коллизия: роботы 1 и 3 в 7.30s, расстояние: 0.479, требуется: 0.500
2025-09-26 13:34:18 - ROBOTY.collision - WARNING - Коллизия: роботы 1 и 3 в 7.40s, расстояние: 0.479, требуется: 0.500
2025-09-26 13:34:18 - ROBOTY.collision - WARNING - Коллизия: роботы 1 и 3 в 7.50s, расстояние: 0.479, требуется: 0.500
2025-09-26 13:34:18 - ROBOTY.collision - WARNING - Коллизия: роботы 1 и 3 в 7.60s, расстояние: 0.479, требуется: 0.500
2025-09-26 13:34:18 - ROBOTY.collision - WARNING - Коллизия: роботы 1 и 3 в 7.70s, расстояние: 0.479, требуется: 0.500
2025-09-26 13:34:18 - ROBOTY.collision - WARNING - Коллизия: роботы 1 и 3 в 7.80s, расстояние: 0.479, требуется: 0.500
2025-09-26 13:34:18 - ROBOTY.collision - WARNING - Коллизия: роботы 1 и 3 в 7.90s, расстояние: 0.479, требуется: 0.500
2025-09-26 13:34:18 - ROBOTY.collision - WARNING - Коллизия: роботы 1 и 3 в 8.00s, расстояние: 0.479, требуется: 0.500
2025-09-26 13:34:18 - ROBOTY.collision - WARNING - Коллизия: роботы 1 и 3 в 8.10s, расстояние: 0.479, требуется: 0.500
2025-09-26 13:34:18 - ROBOTY.collision - WARNING - Коллизия: роботы 1 и 3 в 8.20s, расстояние: 0.479, требуется: 0.500
2025-09-26 13:34:18 - ROBOTY.collision - WARNING - Коллизия: роботы 1 и 3 в 8.30s, расстояние: 0.479, требуется: 0.500
2025-09-26 13:34:18 - ROBOTY.collision - WARNING - Коллизия: роботы 1 и 3 в 8.40s, расстояние: 0.479, требуется: 0.500
2025-09-26 13:34:18 - ROBOTY.collision - WARNING - Коллизия: роботы 1 и 3 в 8.50s, расстояние: 0.479, требуется: 0.500
2025-09-26 13:34:18 - ROBOTY.collision - WARNING - Коллизия: роботы 1 и 3 в 8.60s, расстояние: 0.479, требуется: 0.500
2025-09-26 13:34:18 - ROBOTY.collision - WARNING - Коллизия: роботы 1 и 3 в 8.70s, расстояние: 0.479, требуется: 0.500
2025-09-26 13:34:18 - ROBOTY.collision - WARNING - Коллизия: роботы 1 и 3 в 8.80s, расстояние: 0.479, требуется: 0.500
2025-09-26 13:34:18 - ROBOTY.collision - WARNING - Коллизия: роботы 1 и 3 в 8.90s, расстояние: 0.479, требуется: 0.500
2025-09-26 13:34:18 - ROBOTY.collision - WARNING - Коллизия: роботы 1 и 3 в 9.00s, расстояние: 0.479, требуется: 0.500
2025-09-26 13:34:18 - ROBOTY.collision - WARNING - Коллизия: роботы 1 и 3 в 9.10s, расстояние: 0.479, требуется: 0.500
2025-09-26 13:34:18 - ROBOTY.collision - WARNING - Коллизия: роботы 1 и 3 в 9.20s, расстояние: 0.479, требуется: 0.500
2025-09-26 13:34:18 - ROBOTY.collision - WARNING - Коллизия: роботы 1 и 3 в 9.30s, расстояние: 0.479, требуется: 0.500
2025-09-26 13:34:18 - ROBOTY.collision - WARNING - Коллизия: роботы 1 и 3 в 9.40s, расстояние: 0.479, требуется: 0.500
2025-09-26 13:34:18 - ROBOTY.collision - WARNING - Коллизия: роботы 1 и 3 в 9.50s, расстояние: 0.479, требуется: 0.500
2025-09-26 13:34:18 - ROBOTY.collision - WARNING - Коллизия: роботы 1 и 3 в 9.60s, расстояние: 0.479, требуется: 0.500
2025-09-26 13:34:18 - ROBOTY.collision - WARNING - Коллизия: роботы 1 и 3 в 9.70s, расстояние: 0.479, требуется: 0.500
2025-09-26 13:34:18 - ROBOTY.collision - WARNING - Коллизия: роботы 1 и 3 в 9.80s, расстояние: 0.479, требуется: 0.500
2025-09-26 13:34:18 - ROBOTY.collision - WARNING - Коллизия: роботы 1 и 3 в 9.90s, расстояние: 0.479, требуется: 0.500
2025-09-26 13:34:18 - ROBOTY.collision - WARNING - Коллизия: роботы 1 и 3 в 10.00s, расстояние: 0.479, требуется: 0.500
2025-09-26 13:34:18 - ROBOTY.collision - WARNING - Коллизия: роботы 1 и 3 в 10.10s, расстояние: 0.479, требуется: 0.500
2025-09-26 13:34:18 - ROBOTY.collision - WARNING - Коллизия: роботы 1 и 3 в 10.20s, расстояние: 0.479, требуется: 0.500
2025-09-26 13:34:18 - ROBOTY.collision - WARNING - Коллизия: роботы 1 и 3 в 10.30s, расстояние: 0.479, требуется: 0.500
2025-09-26 13:34:18 - ROBOTY.collision - WARNING - Коллизия: роботы 1 и 3 в 10.40s, расстояние: 0.479, требуется: 0.500
2025-09-26 13:34:18 - ROBOTY.collision - WARNING - Коллизия: роботы 1 и 3 в 10.50s, расстояние: 0.479, требуется: 0.500
2025-09-26 13:34:18 - ROBOTY.collision - WARNING - Коллизия: роботы 1 и 3 в 10.60s, расстояние: 0.479, требуется: 0.500
2025-09-26 13:34:18 - ROBOTY.collision - WARNING - Коллизия: роботы 1 и 3 в 10.70s, расстояние: 0.479, требуется: 0.500
2025-09-26 13:34:18 - ROBOTY.collision - WARNING - Коллизия: роботы 1 и 3 в 10.80s, расстояние: 0.479, требуется: 0.500
2025-09-26 13:34:18 - ROBOTY.collision - WARNING - Коллизия: роботы 1 и 3 в 10.90s, расстояние: 0.479, требуется: 0.500
2025-09-26 13:34:18 - ROBOTY.collision - WARNING - Коллизия: роботы 1 и 3 в 11.00s, расстояние: 0.479, требуется: 0.500
2025-09-26 13:34:18 - ROBOTY.collision - WARNING - Коллизия: роботы 1 и 3 в 11.10s, расстояние: 0.479, требуется: 0.500
2025-09-26 13:34:18 - ROBOTY.collision - WARNING - Коллизия: роботы 1 и 3 в 11.20s, расстояние: 0.479, требуется: 0.500
2025-09-26 13:34:18 - ROBOTY.collision - WARNING - Коллизия: роботы 1 и 3 в 11.30s, расстояние: 0.479, требуется: 0.500
2025-09-26 13:34:18 - ROBOTY.collision - WARNING - Коллизия: роботы 1 и 3 в 11.40s, расстояние: 0.479, требуется: 0.500
2025-09-26 13:34:18 - ROBOTY.collision - WARNING - Коллизия: роботы 1 и 3 в 11.50s, расстояние: 0.479, требуется: 0.500
2025-09-26 13:34:18 - ROBOTY.collision - WARNING - Коллизия: роботы 1 и 3 в 11.60s, расстояние: 0.479, требуется: 0.500
2025-09-26 13:34:18 - ROBOTY.collision - WARNING - Коллизия: роботы 1 и 3 в 11.70s, расстояние: 0.479, требуется: 0.500
2025-09-26 13:34:18 - ROBOTY.collision - WARNING - Коллизия: роботы 1 и 3 в 11.80s, расстояние: 0.479, требуется: 0.500
2025-09-26 13:34:18 - ROBOTY.collision - WARNING - Коллизия: роботы 1 и 3 в 11.90s, расстояние: 0.479, требуется: 0.500
2025-09-26 13:34:18 - ROBOTY.collision - WARNING - Коллизия: роботы 1 и 3 в 12.00s, расстояние: 0.479, требуется: 0.500
2025-09-26 13:34:18 - ROBOTY.collision - WARNING - Коллизия: роботы 1 и 3 в 12.10s, расстояние: 0.479, требуется: 0.500
2025-09-26 13:34:18 - ROBOTY.collision - WARNING - Коллизия: роботы 1 и 3 в 12.20s, расстояние: 0.479, требуется: 0.500
2025-09-26 13:34:18 - ROBOTY.collision - WARNING - Коллизия: роботы 1 и 3 в 12.30s, расстояние: 0.479, требуется: 0.500
2025-09-26 13:34:18 - ROBOTY.collision - WARNING - Коллизия: роботы 1 и 3 в 12.40s, расстояние: 0.479, требуется: 0.500
2025-09-26 13:34:18 - ROBOTY.collision - WARNING - Коллизия: роботы 1 и 3 в 12.50s, расстояние: 0.479, требуется: 0.500
2025-09-26 13:34:18 - ROBOTY.collision - WARNING - Коллизия: роботы 1 и 3 в 12.60s, расстояние: 0.479, требуется: 0.500
2025-09-26 13:34:18 - ROBOTY.collision - WARNING - Коллизия: роботы 1 и 3 в 12.70s, расстояние: 0.479, требуется: 0.500
2025-09-26 13:34:18 - ROBOTY.collision - WARNING - Коллизия: роботы 1 и 3 в 12.80s, расстояние: 0.479, требуется: 0.500
2025-09-26 13:34:18 - ROBOTY.collision - WARNING - Коллизия: роботы 1 и 3 в 12.90s, расстояние: 0.479, требуется: 0.500
2025-09-26 13:34:18 - ROBOTY.collision - WARNING - Коллизия: роботы 1 и 3 в 13.00s, расстояние: 0.479, требуется: 0.500
2025-09-26 13:34:18 - ROBOTY.collision - WARNING - Коллизия: роботы 1 и 3 в 13.10s, расстояние: 0.479, требуется: 0.500
2025-09-26 13:34:18 - ROBOTY.collision - WARNING - Коллизия: роботы 1 и 3 в 13.20s, расстояние: 0.479, требуется: 0.500
2025-09-26 13:34:18 - ROBOTY.collision - WARNING - Коллизия: роботы 1 и 3 в 13.30s, расстояние: 0.479, требуется: 0.500
2025-09-26 13:34:18 - ROBOTY.collision - WARNING - Коллизия: роботы 1 и 3 в 13.40s, расстояние: 0.479, требуется: 0.500
2025-09-26 13:34:18 - ROBOTY.collision - WARNING - Коллизия: роботы 1 и 3 в 13.50s, расстояние: 0.479, требуется: 0.500
2025-09-26 13:34:18 - ROBOTY.collision - WARNING - Коллизия: роботы 1 и 3 в 13.60s, расстояние: 0.479, требуется: 0.500
2025-09-26 13:34:18 - ROBOTY.collision - WARNING - Коллизия: роботы 1 и 3 в 13.70s, расстояние: 0.479, требуется: 0.500
2025-09-26 13:34:18 - ROBOTY.collision - WARNING - Коллизия: роботы 1 и 3 в 13.80s, расстояние: 0.479, требуется: 0.500
2025-09-26 13:34:18 - ROBOTY.collision - WARNING - Коллизия: роботы 1 и 3 в 13.90s, расстояние: 0.479, требуется: 0.500
2025-09-26 13:34:18 - ROBOTY.collision - WARNING - Коллизия: роботы 1 и 3 в 14.00s, расстояние: 0.479, требуется: 0.500
2025-09-26 13:34:18 - ROBOTY.collision - WARNING - Коллизия: роботы 1 и 3 в 14.10s, расстояние: 0.479, требуется: 0.500
2025-09-26 13:34:18 - ROBOTY.collision - WARNING - Коллизия: роботы 1 и 3 в 14.20s, расстояние: 0.479, требуется: 0.500
2025-09-26 13:34:18 - ROBOTY.collision - WARNING - Коллизия: роботы 1 и 3 в 14.30s, расстояние: 0.479, требуется: 0.500
2025-09-26 13:34:18 - ROBOTY.collision - WARNING - Коллизия: роботы 1 и 3 в 14.40s, расстояние: 0.479, требуется: 0.500
2025-09-26 13:34:18 - ROBOTY.collision - WARNING - Коллизия: роботы 1 и 3 в 14.50s, расстояние: 0.479, требуется: 0.500
2025-09-26 13:34:18 - ROBOTY.collision - WARNING - Коллизия: роботы 1 и 3 в 14.60s, расстояние: 0.479, требуется: 0.500
2025-09-26 13:34:18 - ROBOTY.collision - WARNING - Коллизия: роботы 1 и 3 в 14.70s, расстояние: 0.479, требуется: 0.500
2025-09-26 13:34:18 - ROBOTY.collision - WARNING - Коллизия: роботы 1 и 3 в 14.80s, расстояние: 0.479, требуется: 0.500
2025-09-26 13:34:18 - ROBOTY.collision - WARNING - Коллизия: роботы 1 и 3 в 14.90s, расстояние: 0.479, требуется: 0.500
2025-09-26 13:34:18 - ROBOTY.collision - WARNING - Коллизия: роботы 1 и 3 в 15.00s, расстояние: 0.479, требуется: 0.500
2025-09-26 13:34:18 - ROBOTY.collision - WARNING - Коллизия: роботы 1 и 3 в 15.10s, расстояние: 0.479, требуется: 0.500
2025-09-26 13:34:18 - ROBOTY.collision - WARNING - Коллизия: роботы 1 и 3 в 15.20s, расстояние: 0.479, требуется: 0.500
2025-09-26 13:34:18 - ROBOTY.collision - WARNING - Коллизия: роботы 1 и 3 в 15.30s, расстояние: 0.479, требуется: 0.500
2025-09-26 13:34:18 - ROBOTY.collision - WARNING - Коллизия: роботы 1 и 3 в 15.40s, расстояние: 0.479, требуется: 0.500
2025-09-26 13:34:18 - ROBOTY.collision - WARNING - Коллизия: роботы 1 и 3 в 15.50s, расстояние: 0.479, требуется: 0.500
2025-09-26 13:34:18 - ROBOTY.collision - WARNING - Коллизия: роботы 1 и 3 в 15.60s, расстояние: 0.479, требуется: 0.500
2025-09-26 13:34:18 - ROBOTY.collision - WARNING - Коллизия: роботы 1 и 3 в 15.70s, расстояние: 0.479, требуется: 0.500
2025-09-26 13:34:18 - ROBOTY.collision - WARNING - Коллизия: роботы 1 и 3 в 15.80s, расстояние: 0.479, требуется: 0.500
2025-09-26 13:34:18 - ROBOTY.collision - WARNING - Коллизия: роботы 1 и 3 в 15.90s, расстояние: 0.479, требуется: 0.500
2025-09-26 13:34:18 - ROBOTY.collision - WARNING - Коллизия: роботы 1 и 3 в 16.00s, расстояние: 0.479, требуется: 0.500
2025-09-26 13:34:18 - ROBOTY.collision - WARNING - Коллизия: роботы 1 и 3 в 16.10s, расстояние: 0.479, требуется: 0.500
2025-09-26 13:34:18 - ROBOTY.collision - WARNING - Коллизия: роботы 1 и 3 в 16.20s, расстояние: 0.479, требуется: 0.500
2025-09-26 13:34:18 - ROBOTY.collision - WARNING - Коллизия: роботы 1 и 3 в 16.30s, расстояние: 0.479, требуется: 0.500
2025-09-26 13:34:18 - ROBOTY.collision - WARNING - Коллизия: роботы 1 и 3 в 16.40s, расстояние: 0.479, требуется: 0.500
2025-09-26 13:34:18 - ROBOTY.collision - WARNING - Коллизия: роботы 1 и 3 в 16.50s, расстояние: 0.479, требуется: 0.500
2025-09-26 13:34:18 - ROBOTY.collision - WARNING - Коллизия: роботы 1 и 3 в 16.60s, расстояние: 0.479, требуется: 0.500
2025-09-26 13:34:18 - ROBOTY.collision - WARNING - Коллизия: роботы 1 и 3 в 16.70s, расстояние: 0.479, требуется: 0.500
2025-09-26 13:34:18 - ROBOTY.collision - WARNING - Коллизия: роботы 1 и 3 в 16.80s, расстояние: 0.479, требуется: 0.500
2025-09-26 13:34:18 - ROBOTY.collision - WARNING - Коллизия: роботы 1 и 3 в 16.90s, расстояние: 0.479, требуется: 0.500
2025-09-26 13:34:18 - ROBOTY.collision - WARNING - Коллизия: роботы 1 и 3 в 17.00s, расстояние: 0.479, требуется: 0.500
2025-09-26 13:34:18 - ROBOTY.collision - WARNING - Коллизия: роботы 1 и 3 в 17.10s, расстояние: 0.479, требуется: 0.500
2025-09-26 13:34:18 - ROBOTY.collision - WARNING - Коллизия: роботы 1 и 3 в 17.20s, расстояние: 0.479, требуется: 0.500
2025-09-26 13:34:18 - ROBOTY.collision - WARNING - Коллизия: роботы 1 и 3 в 17.30s, расстояние: 0.479, требуется: 0.500
2025-09-26 13:34:18 - ROBOTY.collision - WARNING - Коллизия: роботы 1 и 3 в 17.40s, расстояние: 0.479, требуется: 0.500
2025-09-26 13:34:18 - ROBOTY.collision - WARNING - Коллизия: роботы 1 и 3 в 17.50s, расстояние: 0.479, требуется: 0.500
2025-09-26 13:34:18 - ROBOTY.collision - WARNING - Коллизия: роботы 1 и 3 в 17.60s, расстояние: 0.479, требуется: 0.500
2025-09-26 13:34:18 - ROBOTY.collision - WARNING - Коллизия: роботы 1 и 3 в 17.70s, расстояние: 0.479, требуется: 0.500
2025-09-26 13:34:18 - ROBOTY.collision - WARNING - Коллизия: роботы 1 и 3 в 17.80s, расстояние: 0.479, требуется: 0.500
2025-09-26 13:34:18 - ROBOTY.collision - WARNING - Коллизия: роботы 1 и 3 в 17.90s, расстояние: 0.479, требуется: 0.500
2025-09-26 13:34:18 - ROBOTY.collision - WARNING - Коллизия: роботы 1 и 3 в 18.00s, расстояние: 0.479, требуется: 0.500
2025-09-26 13:34:18 - ROBOTY.collision - WARNING - Коллизия: роботы 1 и 3 в 18.10s, расстояние: 0.479, требуется: 0.500
2025-09-26 13:34:18 - ROBOTY.collision - WARNING - Коллизия: роботы 1 и 3 в 18.20s, расстояние: 0.479, требуется: 0.500
2025-09-26 13:34:18 - ROBOTY.collision - WARNING - Коллизия: роботы 1 и 3 в 18.30s, расстояние: 0.479, требуется: 0.500
2025-09-26 13:34:18 - ROBOTY.collision - WARNING - Коллизия: роботы 1 и 3 в 18.40s, расстояние: 0.479, требуется: 0.500
2025-09-26 13:34:18 - ROBOTY.collision - WARNING - Коллизия: роботы 1 и 3 в 18.50s, расстояние: 0.479, требуется: 0.500
2025-09-26 13:34:18 - ROBOTY.collision - WARNING - Коллизия: роботы 1 и 3 в 18.60s, расстояние: 0.479, требуется: 0.500
2025-09-26 13:34:18 - ROBOTY.collision - WARNING - Коллизия: роботы 1 и 3 в 18.70s, расстояние: 0.479, требуется: 0.500
2025-09-26 13:34:18 - ROBOTY.collision - WARNING - Коллизия: роботы 1 и 3 в 18.80s, расстояние: 0.479, требуется: 0.500
2025-09-26 13:34:18 - ROBOTY.collision - WARNING - Коллизия: роботы 1 и 3 в 18.90s, расстояние: 0.479, требуется: 0.500
2025-09-26 13:34:18 - ROBOTY.collision - WARNING - Коллизия: роботы 1 и 3 в 19.00s, расстояние: 0.479, требуется: 0.500
2025-09-26 13:34:18 - ROBOTY.collision - WARNING - Коллизия: роботы 1 и 3 в 19.10s, расстояние: 0.479, требуется: 0.500
2025-09-26 13:34:18 - ROBOTY.collision - WARNING - Коллизия: роботы 1 и 3 в 19.20s, расстояние: 0.400, требуется: 0.500
2025-09-26 13:34:18 - ROBOTY.collision - WARNING - Коллизия: роботы 1 и 3 в 19.30s, расстояние: 0.375, требуется: 0.500
2025-09-26 13:34:18 - ROBOTY.collision - WARNING - Коллизия: роботы 1 и 3 в 19.40s, расстояние: 0.356, требуется: 0.500
2025-09-26 13:34:18 - ROBOTY.collision - WARNING - Коллизия: роботы 1 и 3 в 19.50s, расстояние: 0.343, требуется: 0.500
2025-09-26 13:34:18 - ROBOTY.collision - WARNING - Коллизия: роботы 1 и 3 в 19.60s, расстояние: 0.338, требуется: 0.500
2025-09-26 13:34:18 - ROBOTY.collision - WARNING - Коллизия: роботы 1 и 3 в 19.70s, расстояние: 0.340, требуется: 0.500
2025-09-26 13:34:18 - ROBOTY.collision - WARNING - Коллизия: роботы 1 и 3 в 19.80s, расстояние: 0.351, требуется: 0.500
2025-09-26 13:34:18 - ROBOTY.collision - WARNING - Коллизия: роботы 1 и 3 в 19.90s, расстояние: 0.359, требуется: 0.500
2025-09-26 13:34:18 - ROBOTY.collision - WARNING - Коллизия: роботы 1 и 3 в 20.00s, расстояние: 0.359, требуется: 0.500
2025-09-26 13:34:18 - ROBOTY.collision - WARNING - Коллизия: роботы 1 и 3 в 20.10s, расстояние: 0.359, требуется: 0.500
2025-09-26 13:34:18 - ROBOTY.collision - WARNING - Коллизия: роботы 1 и 3 в 20.20s, расстояние: 0.359, требуется: 0.500
2025-09-26 13:34:18 - ROBOTY.collision - WARNING - Коллизия: роботы 1 и 3 в 20.30s, расстояние: 0.359, требуется: 0.500
2025-09-26 13:34:18 - ROBOTY.collision - WARNING - Коллизия: роботы 1 и 3 в 20.40s, расстояние: 0.359, требуется: 0.500
2025-09-26 13:34:18 - ROBOTY.collision - WARNING - Коллизия: роботы 1 и 3 в 20.50s, расстояние: 0.359, требуется: 0.500
2025-09-26 13:34:18 - ROBOTY.collision - WARNING - Коллизия: роботы 1 и 3 в 20.60s, расстояние: 0.359, требуется: 0.500
2025-09-26 13:34:18 - ROBOTY.collision - WARNING - Коллизия: роботы 1 и 3 в 20.70s, расстояние: 0.365, требуется: 0.500
2025-09-26 13:34:18 - ROBOTY.collision - WARNING - Коллизия: роботы 6 и 7 в 20.70s, расстояние: 0.452, требуется: 0.500
2025-09-26 13:34:18 - ROBOTY.collision - WARNING - Коллизия: роботы 1 и 3 в 20.80s, расстояние: 0.381, требуется: 0.500
2025-09-26 13:34:18 - ROBOTY.collision - WARNING - Коллизия: роботы 6 и 7 в 20.80s, расстояние: 0.407, требуется: 0.500
2025-09-26 13:34:18 - ROBOTY.collision - WARNING - Коллизия: роботы 1 и 3 в 20.90s, расстояние: 0.401, требуется: 0.500
2025-09-26 13:34:18 - ROBOTY.collision - WARNING - Коллизия: роботы 6 и 7 в 20.90s, расстояние: 0.399, требуется: 0.500
2025-09-26 13:34:18 - ROBOTY.collision - WARNING - Коллизия: роботы 1 и 3 в 21.00s, расстояние: 0.424, требуется: 0.500
2025-09-26 13:34:18 - ROBOTY.collision - WARNING - Коллизия: роботы 6 и 7 в 21.00s, расстояние: 0.430, требуется: 0.500
2025-09-26 13:34:18 - ROBOTY.collision - WARNING - Коллизия: роботы 1 и 3 в 21.10s, расстояние: 0.450, требуется: 0.500
2025-09-26 13:34:18 - ROBOTY.collision - WARNING - Коллизия: роботы 6 и 7 в 21.10s, расстояние: 0.493, требуется: 0.500
2025-09-26 13:34:18 - ROBOTY.collision - WARNING - Коллизия: роботы 1 и 3 в 21.20s, расстояние: 0.484, требуется: 0.500
2025-09-26 13:34:18 - ROBOTY.collision - WARNING - Коллизия: роботы 4 и 8 в 21.40s, расстояние: 0.442, требуется: 0.500
2025-09-26 13:34:18 - ROBOTY.collision - WARNING - Коллизия: роботы 4 и 8 в 21.50s, расстояние: 0.379, требуется: 0.500
2025-09-26 13:34:18 - ROBOTY.collision - WARNING - Коллизия: роботы 4 и 8 в 21.60s, расстояние: 0.408, требуется: 0.500
2025-09-26 13:34:18 - ROBOTY.collision - WARNING - Коллизия: роботы 4 и 8 в 21.70s, расстояние: 0.491, требуется: 0.500
2025-09-26 13:34:18 - ROBOTY.collision - WARNING - Коллизия: роботы 2 и 4 в 25.20s, расстояние: 0.428, требуется: 0.500
2025-09-26 13:34:18 - ROBOTY.collision - WARNING - Коллизия: роботы 2 и 4 в 25.30s, расстояние: 0.417, требуется: 0.500
2025-09-26 13:34:18 - ROBOTY.collision - WARNING - Коллизия: роботы 2 и 3 в 26.60s, расстояние: 0.451, требуется: 0.500
2025-09-26 13:34:18 - ROBOTY.collision - WARNING - Коллизия: роботы 2 и 3 в 26.70s, расстояние: 0.342, требуется: 0.500
2025-09-26 13:34:18 - ROBOTY.collision - WARNING - Коллизия: роботы 2 и 3 в 26.80s, расстояние: 0.317, требуется: 0.500
2025-09-26 13:34:18 - ROBOTY.collision - WARNING - Коллизия: роботы 2 и 3 в 26.90s, расстояние: 0.386, требуется: 0.500
2025-09-26 13:34:18 - ROBOTY.collision - WARNING - Коллизия: роботы 2 и 10 в 27.00s, расстояние: 0.401, требуется: 0.500
2025-09-26 13:34:18 - ROBOTY.collision - WARNING - Коллизия: роботы 2 и 10 в 27.10s, расстояние: 0.292, требуется: 0.500
2025-09-26 13:34:18 - ROBOTY.collision - WARNING - Коллизия: роботы 2 и 10 в 27.20s, расстояние: 0.243, требуется: 0.500
2025-09-26 13:34:18 - ROBOTY.collision - WARNING - Коллизия: роботы 3 и 7 в 27.20s, расстояние: 0.449, требуется: 0.500
2025-09-26 13:34:18 - ROBOTY.collision - WARNING - Коллизия: роботы 2 и 10 в 27.30s, расстояние: 0.244, требуется: 0.500
2025-09-26 13:34:18 - ROBOTY.collision - WARNING - Коллизия: роботы 3 и 7 в 27.30s, расстояние: 0.370, требуется: 0.500
2025-09-26 13:34:18 - ROBOTY.collision - WARNING - Коллизия: роботы 2 и 10 в 27.40s, расстояние: 0.293, требуется: 0.500
2025-09-26 13:34:18 - ROBOTY.collision - WARNING - Коллизия: роботы 3 и 7 в 27.40s, расстояние: 0.370, требуется: 0.500
2025-09-26 13:34:18 - ROBOTY.collision - WARNING - Коллизия: роботы 2 и 10 в 27.50s, расстояние: 0.353, требуется: 0.500
2025-09-26 13:34:18 - ROBOTY.collision - WARNING - Коллизия: роботы 3 и 7 в 27.50s, расстояние: 0.370, требуется: 0.500
2025-09-26 13:34:18 - ROBOTY.collision - WARNING - Коллизия: роботы 2 и 10 в 27.60s, расстояние: 0.410, требуется: 0.500
2025-09-26 13:34:18 - ROBOTY.collision - WARNING - Коллизия: роботы 3 и 7 в 27.60s, расстояние: 0.370, требуется: 0.500
2025-09-26 13:34:18 - ROBOTY.collision - WARNING - Коллизия: роботы 2 и 10 в 27.70s, расстояние: 0.473, требуется: 0.500
2025-09-26 13:34:18 - ROBOTY.collision - WARNING - Коллизия: роботы 3 и 7 в 27.70s, расстояние: 0.370, требуется: 0.500
2025-09-26 13:34:18 - ROBOTY.collision - WARNING - Коллизия: роботы 3 и 7 в 27.80s, расстояние: 0.370, требуется: 0.500
2025-09-26 13:34:18 - ROBOTY.collision - WARNING - Коллизия: роботы 3 и 10 в 27.80s, расстояние: 0.463, требуется: 0.500
2025-09-26 13:34:18 - ROBOTY.collision - WARNING - Коллизия: роботы 3 и 7 в 27.90s, расстояние: 0.370, требуется: 0.500
2025-09-26 13:34:18 - ROBOTY.collision - WARNING - Коллизия: роботы 3 и 10 в 27.90s, расстояние: 0.418, требуется: 0.500
2025-09-26 13:34:18 - ROBOTY.collision - WARNING - Коллизия: роботы 3 и 7 в 28.00s, расстояние: 0.370, требуется: 0.500
2025-09-26 13:34:18 - ROBOTY.collision - WARNING - Коллизия: роботы 3 и 10 в 28.00s, расстояние: 0.382, требуется: 0.500
2025-09-26 13:34:18 - ROBOTY.collision - WARNING - Коллизия: роботы 3 и 7 в 28.10s, расстояние: 0.370, требуется: 0.500
2025-09-26 13:34:18 - ROBOTY.collision - WARNING - Коллизия: роботы 3 и 10 в 28.10s, расстояние: 0.357, требуется: 0.500
2025-09-26 13:34:18 - ROBOTY.collision - WARNING - Коллизия: роботы 3 и 7 в 28.20s, расстояние: 0.370, требуется: 0.500
2025-09-26 13:34:18 - ROBOTY.collision - WARNING - Коллизия: роботы 3 и 10 в 28.20s, расстояние: 0.348, требуется: 0.500
2025-09-26 13:34:18 - ROBOTY.collision - WARNING - Коллизия: роботы 3 и 7 в 28.30s, расстояние: 0.370, требуется: 0.500
2025-09-26 13:34:18 - ROBOTY.collision - WARNING - Коллизия: роботы 3 и 10 в 28.30s, расстояние: 0.354, требуется: 0.500
2025-09-26 13:34:18 - ROBOTY.collision - WARNING - Коллизия: роботы 3 и 7 в 28.40s, расстояние: 0.370, требуется: 0.500
2025-09-26 13:34:18 - ROBOTY.collision - WARNING - Коллизия: роботы 3 и 10 в 28.40s, расстояние: 0.374, требуется: 0.500
2025-09-26 13:34:18 - ROBOTY.collision - WARNING - Коллизия: роботы 3 и 7 в 28.50s, расстояние: 0.370, требуется: 0.500
2025-09-26 13:34:18 - ROBOTY.collision - WARNING - Коллизия: роботы 3 и 10 в 28.50s, расстояние: 0.408, требуется: 0.500
2025-09-26 13:34:18 - ROBOTY.collision - WARNING - Коллизия: роботы 3 и 7 в 28.60s, расстояние: 0.370, требуется: 0.500
2025-09-26 13:34:18 - ROBOTY.collision - WARNING - Коллизия: роботы 3 и 10 в 28.60s, расстояние: 0.451, требуется: 0.500
2025-09-26 13:34:18 - ROBOTY.collision - WARNING - Коллизия: роботы 4 и 10 в 28.60s, расстояние: 0.469, требуется: 0.500
2025-09-26 13:34:18 - ROBOTY.collision - WARNING - Коллизия: роботы 3 и 7 в 28.70s, расстояние: 0.370, требуется: 0.500
2025-09-26 13:34:18 - ROBOTY.collision - WARNING - Коллизия: роботы 4 и 10 в 28.70s, расстояние: 0.467, требуется: 0.500
2025-09-26 13:34:18 - ROBOTY.collision - WARNING - Коллизия: роботы 3 и 7 в 28.80s, расстояние: 0.370, требуется: 0.500
2025-09-26 13:34:18 - ROBOTY.collision - WARNING - Коллизия: роботы 3 и 7 в 28.90s, расстояние: 0.370, требуется: 0.500
2025-09-26 13:34:18 - ROBOTY.collision - WARNING - Коллизия: роботы 3 и 7 в 29.00s, расстояние: 0.370, требуется: 0.500
2025-09-26 13:34:18 - ROBOTY.collision - WARNING - Коллизия: роботы 2 и 4 в 29.10s, расстояние: 0.433, требуется: 0.500
2025-09-26 13:34:18 - ROBOTY.collision - WARNING - Коллизия: роботы 3 и 7 в 29.10s, расстояние: 0.370, требуется: 0.500
2025-09-26 13:34:18 - ROBOTY.collision - WARNING - Коллизия: роботы 2 и 4 в 29.20s, расстояние: 0.415, требуется: 0.500
2025-09-26 13:34:18 - ROBOTY.collision - WARNING - Коллизия: роботы 3 и 7 в 29.20s, расстояние: 0.370, требуется: 0.500
2025-09-26 13:34:18 - ROBOTY.collision - WARNING - Коллизия: роботы 2 и 4 в 29.30s, расстояние: 0.471, требуется: 0.500
2025-09-26 13:34:18 - ROBOTY.collision - WARNING - Коллизия: роботы 3 и 7 в 29.30s, расстояние: 0.370, требуется: 0.500
2025-09-26 13:34:18 - ROBOTY.collision - WARNING - Коллизия: роботы 3 и 7 в 29.40s, расстояние: 0.370, требуется: 0.500
2025-09-26 13:34:18 - ROBOTY.collision - WARNING - Коллизия: роботы 3 и 7 в 29.50s, расстояние: 0.370, требуется: 0.500
2025-09-26 13:34:18 - ROBOTY.collision - WARNING - Коллизия: роботы 3 и 7 в 29.60s, расстояние: 0.370, требуется: 0.500
2025-09-26 13:34:18 - ROBOTY.collision - WARNING - Коллизия: роботы 3 и 7 в 29.70s, расстояние: 0.370, требуется: 0.500
2025-09-26 13:34:18 - ROBOTY.collision - WARNING - Коллизия: роботы 3 и 7 в 29.80s, расстояние: 0.370, требуется: 0.500
2025-09-26 13:34:18 - ROBOTY.collision - WARNING - Коллизия: роботы 3 и 7 в 29.90s, расстояние: 0.370, требуется: 0.500
2025-09-26 13:34:18 - ROBOTY.collision - WARNING - Коллизия: роботы 3 и 7 в 30.00s, расстояние: 0.370, требуется: 0.500
2025-09-26 13:34:18 - ROBOTY.collision - WARNING - Коллизия: роботы 3 и 7 в 30.10s, расстояние: 0.370, требуется: 0.500
2025-09-26 13:34:18 - ROBOTY.collision - WARNING - Коллизия: роботы 3 и 7 в 30.20s, расстояние: 0.370, требуется: 0.500
2025-09-26 13:34:18 - ROBOTY.collision - WARNING - Коллизия: роботы 3 и 7 в 30.30s, расстояние: 0.370, требуется: 0.500
2025-09-26 13:34:18 - ROBOTY.collision - WARNING - Коллизия: роботы 3 и 7 в 30.40s, расстояние: 0.370, требуется: 0.500
2025-09-26 13:34:18 - ROBOTY.collision - WARNING - Коллизия: роботы 3 и 7 в 30.50s, расстояние: 0.370, требуется: 0.500
2025-09-26 13:34:18 - ROBOTY.collision - WARNING - Коллизия: роботы 3 и 7 в 30.60s, расстояние: 0.370, требуется: 0.500
2025-09-26 13:34:18 - ROBOTY.collision - WARNING - Коллизия: роботы 3 и 7 в 30.70s, расстояние: 0.370, требуется: 0.500
2025-09-26 13:34:18 - ROBOTY.collision - WARNING - Коллизия: роботы 3 и 7 в 30.80s, расстояние: 0.370, требуется: 0.500
2025-09-26 13:34:18 - ROBOTY.collision - WARNING - Коллизия: роботы 3 и 7 в 30.90s, расстояние: 0.370, требуется: 0.500
2025-09-26 13:34:18 - ROBOTY.collision - WARNING - Коллизия: роботы 3 и 7 в 31.00s, расстояние: 0.370, требуется: 0.500
2025-09-26 13:34:18 - ROBOTY.collision - WARNING - Коллизия: роботы 3 и 7 в 31.10s, расстояние: 0.370, требуется: 0.500
2025-09-26 13:34:18 - ROBOTY.collision - WARNING - Коллизия: роботы 3 и 7 в 31.20s, расстояние: 0.370, требуется: 0.500
2025-09-26 13:34:18 - ROBOTY.collision - WARNING - Коллизия: роботы 3 и 7 в 31.30s, расстояние: 0.370, требуется: 0.500
2025-09-26 13:34:18 - ROBOTY.collision - WARNING - Коллизия: роботы 3 и 7 в 31.40s, расстояние: 0.370, требуется: 0.500
2025-09-26 13:34:18 - ROBOTY.collision - WARNING - Коллизия: роботы 3 и 7 в 31.50s, расстояние: 0.370, требуется: 0.500
2025-09-26 13:34:18 - ROBOTY.collision - WARNING - Коллизия: роботы 3 и 7 в 31.60s, расстояние: 0.370, требуется: 0.500
2025-09-26 13:34:18 - ROBOTY.collision - WARNING - Коллизия: роботы 3 и 7 в 31.70s, расстояние: 0.370, требуется: 0.500
2025-09-26 13:34:18 - ROBOTY.collision - WARNING - Коллизия: роботы 3 и 7 в 31.80s, расстояние: 0.370, требуется: 0.500
2025-09-26 13:34:18 - ROBOTY.collision - WARNING - Коллизия: роботы 3 и 7 в 31.90s, расстояние: 0.370, требуется: 0.500
2025-09-26 13:34:18 - ROBOTY.collision - WARNING - Коллизия: роботы 3 и 7 в 32.00s, расстояние: 0.370, требуется: 0.500
2025-09-26 13:34:18 - ROBOTY.collision - WARNING - Коллизия: роботы 3 и 7 в 32.10s, расстояние: 0.370, требуется: 0.500
2025-09-26 13:34:18 - ROBOTY.collision - WARNING - Коллизия: роботы 3 и 7 в 32.20s, расстояние: 0.370, требуется: 0.500
2025-09-26 13:34:18 - ROBOTY.collision - WARNING - Коллизия: роботы 3 и 7 в 32.30s, расстояние: 0.370, требуется: 0.500
2025-09-26 13:34:18 - ROBOTY.collision - WARNING - Коллизия: роботы 3 и 7 в 32.40s, расстояние: 0.370, требуется: 0.500
2025-09-26 13:34:18 - ROBOTY.collision - WARNING - Коллизия: роботы 3 и 7 в 32.50s, расстояние: 0.370, требуется: 0.500
2025-09-26 13:34:18 - ROBOTY.collision - WARNING - Коллизия: роботы 3 и 7 в 32.60s, расстояние: 0.370, требуется: 0.500
2025-09-26 13:34:18 - ROBOTY.collision - WARNING - Коллизия: роботы 3 и 7 в 32.70s, расстояние: 0.370, требуется: 0.500
2025-09-26 13:34:18 - ROBOTY.collision - WARNING - Коллизия: роботы 3 и 7 в 32.80s, расстояние: 0.370, требуется: 0.500
2025-09-26 13:34:18 - ROBOTY.collision - WARNING - Коллизия: роботы 3 и 7 в 32.90s, расстояние: 0.370, требуется: 0.500
2025-09-26 13:34:18 - ROBOTY.collision - WARNING - Коллизия: роботы 3 и 7 в 33.00s, расстояние: 0.370, требуется: 0.500
2025-09-26 13:34:18 - ROBOTY.collision - WARNING - Коллизия: роботы 3 и 7 в 33.10s, расстояние: 0.370, требуется: 0.500
2025-09-26 13:34:18 - ROBOTY.collision - WARNING - Коллизия: роботы 3 и 7 в 33.20s, расстояние: 0.370, требуется: 0.500
2025-09-26 13:34:18 - ROBOTY.collision - WARNING - Коллизия: роботы 3 и 7 в 33.30s, расстояние: 0.370, требуется: 0.500
2025-09-26 13:34:18 - ROBOTY.collision - WARNING - Коллизия: роботы 3 и 7 в 33.40s, расстояние: 0.370, требуется: 0.500
2025-09-26 13:34:18 - ROBOTY.collision - WARNING - Коллизия: роботы 3 и 7 в 33.50s, расстояние: 0.370, требуется: 0.500
2025-09-26 13:34:18 - ROBOTY.collision - WARNING - Коллизия: роботы 3 и 7 в 33.60s, расстояние: 0.370, требуется: 0.500
2025-09-26 13:34:18 - ROBOTY.collision - WARNING - Коллизия: роботы 3 и 7 в 33.70s, расстояние: 0.370, требуется: 0.500
2025-09-26 13:34:18 - ROBOTY.collision - WARNING - Коллизия: роботы 3 и 7 в 33.80s, расстояние: 0.370, требуется: 0.500
2025-09-26 13:34:18 - ROBOTY.collision - WARNING - Коллизия: роботы 5 и 10 в 33.80s, расстояние: 0.496, требуется: 0.500
2025-09-26 13:34:18 - ROBOTY.collision - WARNING - Коллизия: роботы 3 и 7 в 33.90s, расстояние: 0.370, требуется: 0.500
2025-09-26 13:34:18 - ROBOTY.collision - WARNING - Коллизия: роботы 5 и 10 в 33.90s, расстояние: 0.475, требуется: 0.500
2025-09-26 13:34:18 - ROBOTY.collision - WARNING - Коллизия: роботы 3 и 7 в 34.00s, расстояние: 0.370, требуется: 0.500
2025-09-26 13:34:18 - ROBOTY.collision - WARNING - Коллизия: роботы 5 и 10 в 34.00s, расстояние: 0.465, требуется: 0.500
2025-09-26 13:34:18 - ROBOTY.collision - WARNING - Коллизия: роботы 3 и 7 в 34.10s, расстояние: 0.370, требуется: 0.500
2025-09-26 13:34:18 - ROBOTY.collision - WARNING - Коллизия: роботы 5 и 10 в 34.10s, расстояние: 0.467, требуется: 0.500
2025-09-26 13:34:18 - ROBOTY.collision - WARNING - Коллизия: роботы 3 и 7 в 34.20s, расстояние: 0.370, требуется: 0.500
2025-09-26 13:34:18 - ROBOTY.collision - WARNING - Коллизия: роботы 5 и 10 в 34.20s, расстояние: 0.480, требуется: 0.500
2025-09-26 13:34:18 - ROBOTY.collision - WARNING - Коллизия: роботы 3 и 7 в 34.30s, расстояние: 0.370, требуется: 0.500
2025-09-26 13:34:18 - ROBOTY.collision - WARNING - Коллизия: роботы 3 и 7 в 34.40s, расстояние: 0.370, требуется: 0.500
2025-09-26 13:34:18 - ROBOTY.collision - WARNING - Коллизия: роботы 3 и 7 в 34.50s, расстояние: 0.370, требуется: 0.500
2025-09-26 13:34:18 - ROBOTY.collision - WARNING - Коллизия: роботы 3 и 7 в 34.60s, расстояние: 0.370, требуется: 0.500
2025-09-26 13:34:18 - ROBOTY.collision - WARNING - Коллизия: роботы 3 и 7 в 34.70s, расстояние: 0.370, требуется: 0.500
2025-09-26 13:34:18 - ROBOTY.collision - WARNING - Коллизия: роботы 3 и 7 в 34.80s, расстояние: 0.370, требуется: 0.500
2025-09-26 13:34:18 - ROBOTY.collision - WARNING - Коллизия: роботы 3 и 7 в 34.90s, расстояние: 0.370, требуется: 0.500
2025-09-26 13:34:18 - ROBOTY.collision - WARNING - Коллизия: роботы 3 и 7 в 35.00s, расстояние: 0.370, требуется: 0.500
2025-09-26 13:34:18 - ROBOTY.collision - WARNING - Коллизия: роботы 3 и 7 в 35.10s, расстояние: 0.370, требуется: 0.500
2025-09-26 13:34:18 - ROBOTY.collision - WARNING - Коллизия: роботы 3 и 7 в 35.20s, расстояние: 0.370, требуется: 0.500
2025-09-26 13:34:18 - ROBOTY.collision - WARNING - Коллизия: роботы 3 и 7 в 35.30s, расстояние: 0.370, требуется: 0.500
2025-09-26 13:34:18 - ROBOTY.collision - WARNING - Коллизия: роботы 3 и 7 в 35.40s, расстояние: 0.370, требуется: 0.500
2025-09-26 13:34:18 - ROBOTY.collision - WARNING - Коллизия: роботы 3 и 7 в 35.50s, расстояние: 0.370, требуется: 0.500
2025-09-26 13:34:18 - ROBOTY.collision - WARNING - Коллизия: роботы 3 и 7 в 35.60s, расстояние: 0.370, требуется: 0.500
2025-09-26 13:34:18 - ROBOTY.collision - WARNING - Коллизия: роботы 3 и 7 в 35.70s, расстояние: 0.299, требуется: 0.500
2025-09-26 13:34:18 - ROBOTY.collision - WARNING - Коллизия: роботы 3 и 7 в 35.80s, расстояние: 0.224, требуется: 0.500
2025-09-26 13:34:18 - ROBOTY.collision - WARNING - Коллизия: роботы 3 и 7 в 35.90s, расстояние: 0.288, требуется: 0.500
2025-09-26 13:34:18 - ROBOTY.collision - WARNING - Коллизия: роботы 3 и 7 в 36.00s, расстояние: 0.435, требуется: 0.500
2025-09-26 13:34:18 - ROBOTY.collision - WARNING - Коллизия: роботы 5 и 10 в 36.60s, расстояние: 0.480, требуется: 0.500
2025-09-26 13:34:18 - ROBOTY.collision - WARNING - Коллизия: роботы 5 и 10 в 36.70s, расстояние: 0.427, требуется: 0.500
2025-09-26 13:34:18 - ROBOTY.collision - WARNING - Коллизия: роботы 5 и 10 в 36.80s, расстояние: 0.363, требуется: 0.500
2025-09-26 13:34:18 - ROBOTY.collision - WARNING - Коллизия: роботы 5 и 10 в 36.90s, расстояние: 0.299, требуется: 0.500
2025-09-26 13:34:18 - ROBOTY.collision - WARNING - Коллизия: роботы 5 и 10 в 37.00s, расстояние: 0.243, требуется: 0.500
2025-09-26 13:34:18 - ROBOTY.collision - WARNING - Коллизия: роботы 5 и 10 в 37.10s, расстояние: 0.197, требуется: 0.500
2025-09-26 13:34:18 - ROBOTY.collision - WARNING - Коллизия: роботы 5 и 10 в 37.20s, расстояние: 0.173, требуется: 0.500
2025-09-26 13:34:18 - ROBOTY.collision - WARNING - Коллизия: роботы 5 и 10 в 37.30s, расстояние: 0.179, требуется: 0.500
2025-09-26 13:34:18 - ROBOTY.collision - WARNING - Коллизия: роботы 5 и 10 в 37.40s, расстояние: 0.212, требуется: 0.500
2025-09-26 13:34:18 - ROBOTY.collision - WARNING - Коллизия: роботы 5 и 10 в 37.50s, расстояние: 0.263, требуется: 0.500
2025-09-26 13:34:18 - ROBOTY.collision - WARNING - Коллизия: роботы 5 и 10 в 37.60s, расстояние: 0.322, требуется: 0.500
2025-09-26 13:34:18 - ROBOTY.collision - WARNING - Коллизия: роботы 5 и 10 в 37.70s, расстояние: 0.387, требуется: 0.500
2025-09-26 13:34:18 - ROBOTY.collision - WARNING - Коллизия: роботы 5 и 10 в 37.80s, расстояние: 0.454, требуется: 0.500
2025-09-26 13:34:18 - ROBOTY.collision - WARNING - Коллизия: роботы 4 и 10 в 41.70s, расстояние: 0.444, требуется: 0.500
2025-09-26 13:34:18 - ROBOTY.collision - WARNING - Коллизия: роботы 4 и 10 в 41.80s, расстояние: 0.383, требуется: 0.500
2025-09-26 13:34:18 - ROBOTY.collision - WARNING - Коллизия: роботы 4 и 10 в 41.90s, расстояние: 0.385, требуется: 0.500
2025-09-26 13:34:18 - ROBOTY.collision - WARNING - Коллизия: роботы 4 и 10 в 42.00s, расстояние: 0.448, требуется: 0.500
2025-09-26 13:34:18 - ROBOTY.collision - WARNING - Коллизия: роботы 1 и 5 в 49.20s, расстояние: 0.453, требуется: 0.500
2025-09-26 13:34:18 - ROBOTY.collision - WARNING - Коллизия: роботы 1 и 5 в 49.30s, расстояние: 0.410, требуется: 0.500
2025-09-26 13:34:18 - ROBOTY.collision - WARNING - Коллизия: роботы 1 и 5 в 49.40s, расстояние: 0.415, требуется: 0.500
2025-09-26 13:34:18 - ROBOTY.collision - WARNING - Коллизия: роботы 1 и 5 в 49.50s, расстояние: 0.466, требуется: 0.500
2025-09-26 13:34:18 - ROBOTY.collision - ERROR - Обнаружено 306 коллизий
2025-09-26 13:34:18 - ROBOTY.main - WARNING - Коллизии сохраняются после вставки пауз
2025-09-26 13:34:20 - ROBOTY.main - INFO - Открытие визуализатора
2025-09-26 13:34:30 - ROBOTY.main - INFO - Визуализация успешно завершена
2025-09-26 13:34:30 - ROBOTY.visualizer - INFO - Запуск визуализации типа: 3d_anim
2025-09-26 13:34:30 - ROBOTY.visualizer - INFO - Создание 3D анимации траекторий
2025-09-26 13:34:30 - ROBOTY.visualizer - INFO - Создание 3D визуализации траекторий
2025-09-26 13:34:30 - ROBOTY.visualizer - INFO - 3D визуализация создана
2025-09-26 13:34:35 - ROBOTY.visualizer - INFO - Визуализация записана во временный файл: /var/folders/4m/3pf4f4ds7g3b39tkt544gftr0000gn/T/tmpfsrnxaua_viz_3d_anim.html
2025-09-26 13:34:35 - ROBOTY.visualizer - INFO - Визуализация открыта в браузере из временного файла
2025-09-26 13:34:35 - ROBOTY.main - INFO - Визуализация успешно завершена (в фоне, временный файл будет удалён автоматически)
2025-09-26 13:34:44 - ROBOTY.visualizer - INFO - Временный файл визуализации удалён: /var/folders/4m/3pf4f4ds7g3b39tkt544gftr0000gn/T/tmpfsrnxaua_viz_3d_anim.html
