2025-09-20 09:13:37 - ROBOTY.main - INFO - Запуск приложения ROBOTY
2025-09-20 09:13:37 - ROBOTY.main - INFO - Интерфейс инициализирован
2025-09-20 09:13:37 - ROBOTY.main - INFO - Приложение успешно запущено
2025-09-20 09:13:38 - ROBOTY.main - INFO - Начинаем загрузку файла
2025-09-20 09:13:42 - ROBOTY.main - INFO - Загружаем файл: //edu.local/public/studenthomes/22200847/Desktop/ROBOTY-main/ROBOTY/data/example_schedule.json
2025-09-20 09:13:42 - ROBOTY.parser - INFO - Начинаем загрузку файла: //edu.local/public/studenthomes/22200847/Desktop/ROBOTY-main/ROBOTY/data/example_schedule.json
2025-09-20 09:13:42 - ROBOTY.parser - INFO - Файл //edu.local/public/studenthomes/22200847/Desktop/ROBOTY-main/ROBOTY/data/example_schedule.json успешно загружен
2025-09-20 09:13:42 - ROBOTY.parser - DEBUG - Робот 1 успешно загружен
2025-09-20 09:13:42 - ROBOTY.parser - DEBUG - Робот 2 успешно загружен
2025-09-20 09:13:42 - ROBOTY.parser - DEBUG - Операция 101 успешно загружена
2025-09-20 09:13:42 - ROBOTY.parser - DEBUG - Операция 102 успешно загружена
2025-09-20 09:13:42 - ROBOTY.parser - INFO - Загружено 2 роботов и 2 операций
2025-09-20 09:13:42 - ROBOTY.main - INFO - Файл успешно загружен и распарсен
2025-09-20 09:13:42 - ROBOTY.main - INFO - Запуск планировщика
2025-09-20 09:13:42 - ROBOTY.planner - INFO - Запуск планировщика траекторий
2025-09-20 09:13:42 - ROBOTY.assigner - INFO - Начинаем назначение операций методом: balanced
2025-09-20 09:13:42 - ROBOTY.assigner - DEBUG - Операция 0 назначена роботу 1 (нагрузка: 3.12)
2025-09-20 09:13:42 - ROBOTY.assigner - DEBUG - Операция 1 назначена роботу 0 (нагрузка: 4.66)
2025-09-20 09:13:42 - ROBOTY.assigner - INFO - Распределено 2 операций с балансировкой нагрузки
2025-09-20 09:13:42 - ROBOTY.assigner - INFO - Итоговые нагрузки роботов: ['4.66', '3.12']
2025-09-20 09:13:42 - ROBOTY.planner - INFO - Операции назначены методом: balanced
2025-09-20 09:13:42 - ROBOTY.planner - DEBUG - Планирование траектории для робота 1 с 1 операциями
2025-09-20 09:13:42 - ROBOTY.planner - DEBUG - Планирование траектории для робота с 1 операциями
2025-09-20 09:13:42 - ROBOTY.planner - DEBUG - Операция 1 запланирована, время завершения: 6.46
2025-09-20 09:13:42 - ROBOTY.planner - INFO - Траектория робота запланирована, общее время: 6.46
2025-09-20 09:13:42 - ROBOTY.planner - DEBUG - Планирование траектории для робота 2 с 1 операциями
2025-09-20 09:13:42 - ROBOTY.planner - DEBUG - Планирование траектории для робота с 1 операциями
2025-09-20 09:13:42 - ROBOTY.planner - DEBUG - Операция 1 запланирована, время завершения: 4.58
2025-09-20 09:13:42 - ROBOTY.planner - INFO - Траектория робота запланирована, общее время: 4.58
2025-09-20 09:13:42 - ROBOTY.planner - INFO - Планирование завершено. Makespan: 6.46
2025-09-20 09:13:42 - ROBOTY.main - INFO - Планировщик успешно завершил работу
2025-09-20 09:13:42 - ROBOTY.collision - INFO - Начинаем детальную проверку коллизий
2025-09-20 09:13:42 - ROBOTY.collision - DEBUG - Проверяем коллизии в диапазоне времени: 0.00 - 6.46
2025-09-20 09:13:42 - ROBOTY.collision - INFO - Коллизий не обнаружено
2025-09-20 09:13:42 - ROBOTY.main - INFO - Коллизий не обнаружено
2025-09-20 09:13:43 - ROBOTY.main - INFO - Открытие визуализатора
2025-09-20 09:13:43 - ROBOTY.visualizer - INFO - Запуск визуализации типа: 3d
2025-09-20 09:13:43 - ROBOTY.visualizer - INFO - Создание 3D визуализации траекторий
2025-09-20 09:13:43 - ROBOTY.visualizer - INFO - 3D визуализация создана
