2025-09-20 17:58:34 - ROBOTY.main - INFO - Запуск приложения ROBOTY
2025-09-20 17:58:34 - ROBOTY.main - INFO - Применена тема: light
2025-09-20 17:58:34 - ROBOTY.main - INFO - Интерфейс инициализирован
2025-09-20 17:58:34 - ROBOTY.main - INFO - Приложение успешно запущено
2025-09-20 17:58:44 - ROBOTY.main - INFO - Создан входной файл: /Users/maksimchernukha/Pictures/ROBOTY/data/input_20250920_175842.json
2025-09-20 17:58:44 - ROBOTY.parser - INFO - Начинаем загрузку файла: /Users/maksimchernukha/Pictures/ROBOTY/data/input_20250920_175842.json
2025-09-20 17:58:44 - ROBOTY.parser - INFO - Файл /Users/maksimchernukha/Pictures/ROBOTY/data/input_20250920_175842.json успешно загружен
2025-09-20 17:58:44 - ROBOTY.parser - DEBUG - Робот 1 успешно загружен
2025-09-20 17:58:44 - ROBOTY.parser - DEBUG - Робот 2 успешно загружен
2025-09-20 17:58:44 - ROBOTY.parser - DEBUG - Робот 3 успешно загружен
2025-09-20 17:58:44 - ROBOTY.parser - DEBUG - Робот 4 успешно загружен
2025-09-20 17:58:44 - ROBOTY.parser - DEBUG - Робот 5 успешно загружен
2025-09-20 17:58:44 - ROBOTY.parser - DEBUG - Робот 6 успешно загружен
2025-09-20 17:58:44 - ROBOTY.parser - DEBUG - Робот 7 успешно загружен
2025-09-20 17:58:44 - ROBOTY.parser - DEBUG - Робот 8 успешно загружен
2025-09-20 17:58:44 - ROBOTY.parser - DEBUG - Робот 9 успешно загружен
2025-09-20 17:58:44 - ROBOTY.parser - DEBUG - Робот 10 успешно загружен
2025-09-20 17:58:44 - ROBOTY.parser - DEBUG - Операция 1 успешно загружена
2025-09-20 17:58:44 - ROBOTY.parser - DEBUG - Операция 2 успешно загружена
2025-09-20 17:58:44 - ROBOTY.parser - DEBUG - Операция 3 успешно загружена
2025-09-20 17:58:44 - ROBOTY.parser - DEBUG - Операция 4 успешно загружена
2025-09-20 17:58:44 - ROBOTY.parser - DEBUG - Операция 5 успешно загружена
2025-09-20 17:58:44 - ROBOTY.parser - DEBUG - Операция 6 успешно загружена
2025-09-20 17:58:44 - ROBOTY.parser - DEBUG - Операция 7 успешно загружена
2025-09-20 17:58:44 - ROBOTY.parser - DEBUG - Операция 8 успешно загружена
2025-09-20 17:58:44 - ROBOTY.parser - DEBUG - Операция 9 успешно загружена
2025-09-20 17:58:44 - ROBOTY.parser - DEBUG - Операция 10 успешно загружена
2025-09-20 17:58:44 - ROBOTY.parser - DEBUG - Операция 11 успешно загружена
2025-09-20 17:58:44 - ROBOTY.parser - DEBUG - Операция 12 успешно загружена
2025-09-20 17:58:44 - ROBOTY.parser - DEBUG - Операция 13 успешно загружена
2025-09-20 17:58:44 - ROBOTY.parser - DEBUG - Операция 14 успешно загружена
2025-09-20 17:58:44 - ROBOTY.parser - DEBUG - Операция 15 успешно загружена
2025-09-20 17:58:44 - ROBOTY.parser - DEBUG - Операция 16 успешно загружена
2025-09-20 17:58:44 - ROBOTY.parser - DEBUG - Операция 17 успешно загружена
2025-09-20 17:58:44 - ROBOTY.parser - DEBUG - Операция 18 успешно загружена
2025-09-20 17:58:44 - ROBOTY.parser - DEBUG - Операция 19 успешно загружена
2025-09-20 17:58:44 - ROBOTY.parser - DEBUG - Операция 20 успешно загружена
2025-09-20 17:58:44 - ROBOTY.parser - DEBUG - Операция 21 успешно загружена
2025-09-20 17:58:44 - ROBOTY.parser - DEBUG - Операция 22 успешно загружена
2025-09-20 17:58:44 - ROBOTY.parser - DEBUG - Операция 23 успешно загружена
2025-09-20 17:58:44 - ROBOTY.parser - DEBUG - Операция 24 успешно загружена
2025-09-20 17:58:44 - ROBOTY.parser - DEBUG - Операция 25 успешно загружена
2025-09-20 17:58:44 - ROBOTY.parser - DEBUG - Операция 26 успешно загружена
2025-09-20 17:58:44 - ROBOTY.parser - DEBUG - Операция 27 успешно загружена
2025-09-20 17:58:44 - ROBOTY.parser - DEBUG - Операция 28 успешно загружена
2025-09-20 17:58:44 - ROBOTY.parser - DEBUG - Операция 29 успешно загружена
2025-09-20 17:58:44 - ROBOTY.parser - DEBUG - Операция 30 успешно загружена
2025-09-20 17:58:44 - ROBOTY.parser - INFO - Загружено 10 роботов и 30 операций
2025-09-20 17:58:45 - ROBOTY.main - INFO - Запуск планировщика
2025-09-20 17:58:45 - ROBOTY.planner - INFO - Запуск планировщика траекторий
2025-09-20 17:58:45 - ROBOTY.assigner - INFO - Начинаем назначение операций методом: balanced
2025-09-20 17:58:45 - ROBOTY.assigner - DEBUG - Операция 0 назначена роботу 0 (нагрузка: 1.32)
2025-09-20 17:58:45 - ROBOTY.assigner - DEBUG - Операция 1 назначена роботу 2 (нагрузка: 1.72)
2025-09-20 17:58:45 - ROBOTY.assigner - DEBUG - Операция 2 назначена роботу 3 (нагрузка: 2.59)
2025-09-20 17:58:45 - ROBOTY.assigner - DEBUG - Операция 3 назначена роботу 7 (нагрузка: 1.84)
2025-09-20 17:58:45 - ROBOTY.assigner - DEBUG - Операция 4 назначена роботу 4 (нагрузка: 2.21)
2025-09-20 17:58:45 - ROBOTY.assigner - DEBUG - Операция 5 назначена роботу 5 (нагрузка: 1.55)
2025-09-20 17:58:45 - ROBOTY.assigner - DEBUG - Операция 6 назначена роботу 6 (нагрузка: 2.17)
2025-09-20 17:58:45 - ROBOTY.assigner - DEBUG - Операция 7 назначена роботу 7 (нагрузка: 3.47)
2025-09-20 17:58:45 - ROBOTY.assigner - DEBUG - Операция 8 назначена роботу 8 (нагрузка: 1.82)
2025-09-20 17:58:45 - ROBOTY.assigner - DEBUG - Операция 9 назначена роботу 9 (нагрузка: 1.90)
2025-09-20 17:58:45 - ROBOTY.assigner - DEBUG - Операция 10 назначена роботу 0 (нагрузка: 3.20)
2025-09-20 17:58:45 - ROBOTY.assigner - DEBUG - Операция 11 назначена роботу 1 (нагрузка: 1.90)
2025-09-20 17:58:45 - ROBOTY.assigner - DEBUG - Операция 12 назначена роботу 2 (нагрузка: 3.00)
2025-09-20 17:58:45 - ROBOTY.assigner - DEBUG - Операция 13 назначена роботу 3 (нагрузка: 3.94)
2025-09-20 17:58:45 - ROBOTY.assigner - DEBUG - Операция 14 назначена роботу 4 (нагрузка: 3.67)
2025-09-20 17:58:45 - ROBOTY.assigner - DEBUG - Операция 15 назначена роботу 5 (нагрузка: 4.02)
2025-09-20 17:58:45 - ROBOTY.assigner - DEBUG - Операция 16 назначена роботу 6 (нагрузка: 4.26)
2025-09-20 17:58:45 - ROBOTY.assigner - DEBUG - Операция 17 назначена роботу 7 (нагрузка: 5.36)
2025-09-20 17:58:45 - ROBOTY.assigner - DEBUG - Операция 18 назначена роботу 8 (нагрузка: 3.68)
2025-09-20 17:58:45 - ROBOTY.assigner - DEBUG - Операция 19 назначена роботу 9 (нагрузка: 3.52)
2025-09-20 17:58:45 - ROBOTY.assigner - DEBUG - Операция 20 назначена роботу 0 (нагрузка: 5.76)
2025-09-20 17:58:45 - ROBOTY.assigner - DEBUG - Операция 21 назначена роботу 1 (нагрузка: 4.60)
2025-09-20 17:58:45 - ROBOTY.assigner - DEBUG - Операция 22 назначена роботу 2 (нагрузка: 5.14)
2025-09-20 17:58:45 - ROBOTY.assigner - DEBUG - Операция 23 назначена роботу 3 (нагрузка: 5.56)
2025-09-20 17:58:45 - ROBOTY.assigner - DEBUG - Операция 24 назначена роботу 4 (нагрузка: 5.11)
2025-09-20 17:58:45 - ROBOTY.assigner - DEBUG - Операция 25 назначена роботу 5 (нагрузка: 5.57)
2025-09-20 17:58:45 - ROBOTY.assigner - DEBUG - Операция 26 назначена роботу 6 (нагрузка: 5.90)
2025-09-20 17:58:45 - ROBOTY.assigner - DEBUG - Операция 27 назначена роботу 7 (нагрузка: 6.62)
2025-09-20 17:58:45 - ROBOTY.assigner - DEBUG - Операция 28 назначена роботу 8 (нагрузка: 5.86)
2025-09-20 17:58:45 - ROBOTY.assigner - DEBUG - Операция 29 назначена роботу 9 (нагрузка: 5.65)
2025-09-20 17:58:45 - ROBOTY.assigner - INFO - Распределено 30 операций с балансировкой нагрузки
2025-09-20 17:58:45 - ROBOTY.assigner - INFO - Итоговые нагрузки роботов: ['5.76', '4.60', '5.14', '5.56', '5.11', '5.57', '5.90', '6.62', '5.86', '5.65']
2025-09-20 17:58:45 - ROBOTY.assigner - INFO - Робот 0: 3 операций, нагрузка 5.76
2025-09-20 17:58:45 - ROBOTY.assigner - INFO - Робот 1: 2 операций, нагрузка 4.60
2025-09-20 17:58:45 - ROBOTY.assigner - INFO - Робот 2: 3 операций, нагрузка 5.14
2025-09-20 17:58:45 - ROBOTY.assigner - INFO - Робот 3: 3 операций, нагрузка 5.56
2025-09-20 17:58:45 - ROBOTY.assigner - INFO - Робот 4: 3 операций, нагрузка 5.11
2025-09-20 17:58:45 - ROBOTY.assigner - INFO - Робот 5: 3 операций, нагрузка 5.57
2025-09-20 17:58:45 - ROBOTY.assigner - INFO - Робот 6: 3 операций, нагрузка 5.90
2025-09-20 17:58:45 - ROBOTY.assigner - INFO - Робот 7: 4 операций, нагрузка 6.62
2025-09-20 17:58:45 - ROBOTY.assigner - INFO - Робот 8: 3 операций, нагрузка 5.86
2025-09-20 17:58:45 - ROBOTY.assigner - INFO - Робот 9: 3 операций, нагрузка 5.65
2025-09-20 17:58:45 - ROBOTY.planner - INFO - Операции назначены методом: balanced
2025-09-20 17:58:45 - ROBOTY.planner - INFO - Планирование траектории для робота 1 (ID: 1) с 3 операциями
2025-09-20 17:58:45 - ROBOTY.planner - DEBUG - Планирование траектории для робота с 3 операциями
2025-09-20 17:58:45 - ROBOTY.planner - DEBUG - Операция 1 запланирована, время завершения: 2.88
2025-09-20 17:58:45 - ROBOTY.planner - DEBUG - Операция 2 запланирована, время завершения: 6.83
2025-09-20 17:58:45 - ROBOTY.planner - DEBUG - Операция 3 запланирована, время завершения: 11.62
2025-09-20 17:58:45 - ROBOTY.planner - INFO - Траектория робота запланирована, общее время: 11.62
2025-09-20 17:58:45 - ROBOTY.planner - INFO - Робот 1: траектория содержит 72 точек
2025-09-20 17:58:45 - ROBOTY.planner - INFO - Планирование траектории для робота 2 (ID: 2) с 2 операциями
2025-09-20 17:58:45 - ROBOTY.planner - DEBUG - Планирование траектории для робота с 2 операциями
2025-09-20 17:58:45 - ROBOTY.planner - DEBUG - Операция 1 запланирована, время завершения: 3.43
2025-09-20 17:58:45 - ROBOTY.planner - DEBUG - Операция 2 запланирована, время завершения: 8.50
2025-09-20 17:58:45 - ROBOTY.planner - INFO - Траектория робота запланирована, общее время: 8.50
2025-09-20 17:58:45 - ROBOTY.planner - INFO - Робот 2: траектория содержит 48 точек
2025-09-20 17:58:45 - ROBOTY.planner - INFO - Планирование траектории для робота 3 (ID: 3) с 3 операциями
2025-09-20 17:58:45 - ROBOTY.planner - DEBUG - Планирование траектории для робота с 3 операциями
2025-09-20 17:58:45 - ROBOTY.planner - DEBUG - Операция 1 запланирована, время завершения: 3.53
2025-09-20 17:58:45 - ROBOTY.planner - DEBUG - Операция 2 запланирована, время завершения: 7.88
2025-09-20 17:58:45 - ROBOTY.planner - DEBUG - Операция 3 запланирована, время завершения: 11.99
2025-09-20 17:58:45 - ROBOTY.planner - INFO - Траектория робота запланирована, общее время: 11.99
2025-09-20 17:58:45 - ROBOTY.planner - INFO - Робот 3: траектория содержит 72 точек
2025-09-20 17:58:45 - ROBOTY.planner - INFO - Планирование траектории для робота 4 (ID: 4) с 3 операциями
2025-09-20 17:58:45 - ROBOTY.planner - DEBUG - Планирование траектории для робота с 3 операциями
2025-09-20 17:58:45 - ROBOTY.planner - DEBUG - Операция 1 запланирована, время завершения: 3.86
2025-09-20 17:58:45 - ROBOTY.planner - DEBUG - Операция 2 запланирована, время завершения: 8.30
2025-09-20 17:58:45 - ROBOTY.planner - DEBUG - Операция 3 запланирована, время завершения: 11.18
2025-09-20 17:58:45 - ROBOTY.planner - INFO - Траектория робота запланирована, общее время: 11.18
2025-09-20 17:58:45 - ROBOTY.planner - INFO - Робот 4: траектория содержит 72 точек
2025-09-20 17:58:45 - ROBOTY.planner - INFO - Планирование траектории для робота 5 (ID: 5) с 3 операциями
2025-09-20 17:58:45 - ROBOTY.planner - DEBUG - Планирование траектории для робота с 3 операциями
2025-09-20 17:58:45 - ROBOTY.planner - DEBUG - Операция 1 запланирована, время завершения: 4.36
2025-09-20 17:58:45 - ROBOTY.planner - DEBUG - Операция 2 запланирована, время завершения: 7.54
2025-09-20 17:58:45 - ROBOTY.planner - DEBUG - Операция 3 запланирована, время завершения: 10.67
2025-09-20 17:58:45 - ROBOTY.planner - INFO - Траектория робота запланирована, общее время: 10.67
2025-09-20 17:58:45 - ROBOTY.planner - INFO - Робот 5: траектория содержит 72 точек
2025-09-20 17:58:45 - ROBOTY.planner - INFO - Планирование траектории для робота 6 (ID: 6) с 3 операциями
2025-09-20 17:58:45 - ROBOTY.planner - DEBUG - Планирование траектории для робота с 3 операциями
2025-09-20 17:58:45 - ROBOTY.planner - DEBUG - Операция 1 запланирована, время завершения: 3.05
2025-09-20 17:58:45 - ROBOTY.planner - DEBUG - Операция 2 запланирована, время завершения: 7.00
2025-09-20 17:58:45 - ROBOTY.planner - DEBUG - Операция 3 запланирована, время завершения: 10.51
2025-09-20 17:58:45 - ROBOTY.planner - INFO - Траектория робота запланирована, общее время: 10.51
2025-09-20 17:58:45 - ROBOTY.planner - INFO - Робот 6: траектория содержит 72 точек
2025-09-20 17:58:45 - ROBOTY.planner - INFO - Планирование траектории для робота 7 (ID: 7) с 3 операциями
2025-09-20 17:58:45 - ROBOTY.planner - DEBUG - Планирование траектории для робота с 3 операциями
2025-09-20 17:58:45 - ROBOTY.planner - DEBUG - Операция 1 запланирована, время завершения: 3.44
2025-09-20 17:58:45 - ROBOTY.planner - DEBUG - Операция 2 запланирована, время завершения: 7.04
2025-09-20 17:58:45 - ROBOTY.planner - DEBUG - Операция 3 запланирована, время завершения: 10.25
2025-09-20 17:58:45 - ROBOTY.planner - INFO - Траектория робота запланирована, общее время: 10.25
2025-09-20 17:58:45 - ROBOTY.planner - INFO - Робот 7: траектория содержит 72 точек
2025-09-20 17:58:45 - ROBOTY.planner - INFO - Планирование траектории для робота 8 (ID: 8) с 4 операциями
2025-09-20 17:58:45 - ROBOTY.planner - DEBUG - Планирование траектории для робота с 4 операциями
2025-09-20 17:58:45 - ROBOTY.planner - DEBUG - Операция 1 запланирована, время завершения: 3.98
2025-09-20 17:58:45 - ROBOTY.planner - DEBUG - Операция 2 запланирована, время завершения: 9.02
2025-09-20 17:58:45 - ROBOTY.planner - DEBUG - Операция 3 запланирована, время завершения: 13.49
2025-09-20 17:58:45 - ROBOTY.planner - DEBUG - Операция 4 запланирована, время завершения: 16.74
2025-09-20 17:58:45 - ROBOTY.planner - INFO - Траектория робота запланирована, общее время: 16.74
2025-09-20 17:58:45 - ROBOTY.planner - INFO - Робот 8: траектория содержит 96 точек
2025-09-20 17:58:45 - ROBOTY.planner - INFO - Планирование траектории для робота 9 (ID: 9) с 3 операциями
2025-09-20 17:58:45 - ROBOTY.planner - DEBUG - Планирование траектории для робота с 3 операциями
2025-09-20 17:58:45 - ROBOTY.planner - DEBUG - Операция 1 запланирована, время завершения: 3.53
2025-09-20 17:58:45 - ROBOTY.planner - DEBUG - Операция 2 запланирована, время завершения: 6.98
2025-09-20 17:58:45 - ROBOTY.planner - DEBUG - Операция 3 запланирована, время завершения: 11.18
2025-09-20 17:58:45 - ROBOTY.planner - INFO - Траектория робота запланирована, общее время: 11.18
2025-09-20 17:58:45 - ROBOTY.planner - INFO - Робот 9: траектория содержит 72 точек
2025-09-20 17:58:45 - ROBOTY.planner - INFO - Планирование траектории для робота 10 (ID: 10) с 3 операциями
2025-09-20 17:58:45 - ROBOTY.planner - DEBUG - Планирование траектории для робота с 3 операциями
2025-09-20 17:58:45 - ROBOTY.planner - DEBUG - Операция 1 запланирована, время завершения: 4.09
2025-09-20 17:58:45 - ROBOTY.planner - DEBUG - Операция 2 запланирована, время завершения: 7.67
2025-09-20 17:58:45 - ROBOTY.planner - DEBUG - Операция 3 запланирована, время завершения: 12.05
2025-09-20 17:58:45 - ROBOTY.planner - INFO - Траектория робота запланирована, общее время: 12.05
2025-09-20 17:58:45 - ROBOTY.planner - INFO - Робот 10: траектория содержит 72 точек
2025-09-20 17:58:45 - ROBOTY.planner - INFO - Планирование завершено. Makespan: 16.74
2025-09-20 17:58:45 - ROBOTY.main - INFO - Планировщик успешно завершил работу
2025-09-20 17:58:45 - ROBOTY.collision - INFO - Начинаем детальную проверку коллизий
2025-09-20 17:58:45 - ROBOTY.collision - DEBUG - Проверяем коллизии в диапазоне времени: 0.00 - 16.74
2025-09-20 17:58:45 - ROBOTY.collision - WARNING - Коллизия: роботы 2 и 3 в 3.90s, расстояние: 0.441, требуется: 0.500
2025-09-20 17:58:45 - ROBOTY.collision - WARNING - Коллизия: роботы 2 и 3 в 4.00s, расстояние: 0.365, требуется: 0.500
2025-09-20 17:58:45 - ROBOTY.collision - WARNING - Коллизия: роботы 2 и 3 в 4.10s, расстояние: 0.362, требуется: 0.500
2025-09-20 17:58:45 - ROBOTY.collision - WARNING - Коллизия: роботы 2 и 3 в 4.20s, расстояние: 0.460, требуется: 0.500
2025-09-20 17:58:45 - ROBOTY.collision - ERROR - Обнаружено 4 коллизий
2025-09-20 17:58:45 - ROBOTY.main - WARNING - Обнаружено 4 коллизий
2025-09-20 17:58:47 - ROBOTY.main - INFO - Начинаем сохранение результата
2025-09-20 17:58:51 - ROBOTY.main - INFO - План сохранен в TXT: /Users/maksimchernukha/Pictures/ROBOTY/outputs/results/уапмукм.txt
