2025-09-27 09:21:24 - ROBOTY.main - INFO - Запуск приложения ROBOTY
2025-09-27 09:21:24 - ROBOTY.main - INFO - Применена тема: dark
2025-09-27 09:21:24 - ROBOTY.main - INFO - Интерфейс инициализирован
2025-09-27 09:21:25 - ROBOTY.main - INFO - Приложение успешно запущено
2025-09-27 09:21:37 - ROBOTY.main - INFO - Создан входной файл: C:\Users\22200490\.cursor\ROBOTY-main\data\input_20250927_092127.json
2025-09-27 09:21:37 - ROBOTY.parser - INFO - Начинаем загрузку файла: C:\Users\22200490\.cursor\ROBOTY-main\data\input_20250927_092127.json
2025-09-27 09:21:37 - ROBOTY.parser - INFO - Файл C:\Users\22200490\.cursor\ROBOTY-main\data\input_20250927_092127.json успешно загружен
2025-09-27 09:21:37 - ROBOTY.parser - DEBUG - Робот 1 успешно загружен
2025-09-27 09:21:37 - ROBOTY.parser - DEBUG - Робот 2 успешно загружен
2025-09-27 09:21:37 - ROBOTY.parser - DEBUG - Робот 3 успешно загружен
2025-09-27 09:21:37 - ROBOTY.parser - DEBUG - Операция 1 успешно загружена
2025-09-27 09:21:37 - ROBOTY.parser - DEBUG - Операция 2 успешно загружена
2025-09-27 09:21:37 - ROBOTY.parser - DEBUG - Операция 3 успешно загружена
2025-09-27 09:21:37 - ROBOTY.parser - DEBUG - Операция 4 успешно загружена
2025-09-27 09:21:37 - ROBOTY.parser - DEBUG - Операция 5 успешно загружена
2025-09-27 09:21:37 - ROBOTY.parser - DEBUG - Операция 6 успешно загружена
2025-09-27 09:21:37 - ROBOTY.parser - DEBUG - Операция 7 успешно загружена
2025-09-27 09:21:37 - ROBOTY.parser - DEBUG - Операция 8 успешно загружена
2025-09-27 09:21:37 - ROBOTY.parser - DEBUG - Операция 9 успешно загружена
2025-09-27 09:21:37 - ROBOTY.parser - DEBUG - Операция 10 успешно загружена
2025-09-27 09:21:37 - ROBOTY.parser - DEBUG - Операция 11 успешно загружена
2025-09-27 09:21:37 - ROBOTY.parser - DEBUG - Операция 12 успешно загружена
2025-09-27 09:21:37 - ROBOTY.parser - DEBUG - Операция 13 успешно загружена
2025-09-27 09:21:37 - ROBOTY.parser - DEBUG - Операция 14 успешно загружена
2025-09-27 09:21:37 - ROBOTY.parser - DEBUG - Операция 15 успешно загружена
2025-09-27 09:21:37 - ROBOTY.parser - DEBUG - Операция 16 успешно загружена
2025-09-27 09:21:37 - ROBOTY.parser - DEBUG - Операция 17 успешно загружена
2025-09-27 09:21:37 - ROBOTY.parser - DEBUG - Операция 18 успешно загружена
2025-09-27 09:21:37 - ROBOTY.parser - DEBUG - Операция 19 успешно загружена
2025-09-27 09:21:37 - ROBOTY.parser - DEBUG - Операция 20 успешно загружена
2025-09-27 09:21:37 - ROBOTY.parser - DEBUG - Операция 21 успешно загружена
2025-09-27 09:21:37 - ROBOTY.parser - DEBUG - Операция 22 успешно загружена
2025-09-27 09:21:37 - ROBOTY.parser - DEBUG - Операция 23 успешно загружена
2025-09-27 09:21:37 - ROBOTY.parser - DEBUG - Операция 24 успешно загружена
2025-09-27 09:21:37 - ROBOTY.parser - DEBUG - Операция 25 успешно загружена
2025-09-27 09:21:37 - ROBOTY.parser - DEBUG - Операция 26 успешно загружена
2025-09-27 09:21:37 - ROBOTY.parser - DEBUG - Операция 27 успешно загружена
2025-09-27 09:21:37 - ROBOTY.parser - DEBUG - Операция 28 успешно загружена
2025-09-27 09:21:37 - ROBOTY.parser - DEBUG - Операция 29 успешно загружена
2025-09-27 09:21:37 - ROBOTY.parser - DEBUG - Операция 30 успешно загружена
2025-09-27 09:21:37 - ROBOTY.parser - INFO - Загружено 3 роботов и 30 операций
2025-09-27 09:21:43 - ROBOTY.main - INFO - Запуск планировщика
2025-09-27 09:21:43 - ROBOTY.planner - INFO - Запуск планировщика траекторий
2025-09-27 09:21:43 - ROBOTY.assigner - INFO - Начинаем назначение операций методом: balanced
2025-09-27 09:21:43 - ROBOTY.assigner - DEBUG - Операция 0 назначена роботу 0 (нагрузка: 8.13)
2025-09-27 09:21:43 - ROBOTY.assigner - DEBUG - Операция 1 назначена роботу 2 (нагрузка: 8.41)
2025-09-27 09:21:43 - ROBOTY.assigner - DEBUG - Операция 2 назначена роботу 1 (нагрузка: 9.10)
2025-09-27 09:21:43 - ROBOTY.assigner - DEBUG - Операция 3 назначена роботу 0 (нагрузка: 15.32)
2025-09-27 09:21:43 - ROBOTY.assigner - DEBUG - Операция 4 назначена роботу 1 (нагрузка: 19.67)
2025-09-27 09:21:43 - ROBOTY.assigner - DEBUG - Операция 5 назначена роботу 2 (нагрузка: 18.69)
2025-09-27 09:21:43 - ROBOTY.assigner - DEBUG - Операция 6 назначена роботу 0 (нагрузка: 23.03)
2025-09-27 09:21:43 - ROBOTY.assigner - DEBUG - Операция 7 назначена роботу 1 (нагрузка: 24.25)
2025-09-27 09:21:43 - ROBOTY.assigner - DEBUG - Операция 8 назначена роботу 2 (нагрузка: 25.64)
2025-09-27 09:21:43 - ROBOTY.assigner - DEBUG - Операция 9 назначена роботу 0 (нагрузка: 30.11)
2025-09-27 09:21:43 - ROBOTY.assigner - DEBUG - Операция 10 назначена роботу 1 (нагрузка: 35.62)
2025-09-27 09:21:43 - ROBOTY.assigner - DEBUG - Операция 11 назначена роботу 2 (нагрузка: 39.45)
2025-09-27 09:21:43 - ROBOTY.assigner - DEBUG - Операция 12 назначена роботу 0 (нагрузка: 38.46)
2025-09-27 09:21:43 - ROBOTY.assigner - DEBUG - Операция 13 назначена роботу 1 (нагрузка: 44.36)
2025-09-27 09:21:43 - ROBOTY.assigner - DEBUG - Операция 14 назначена роботу 0 (нагрузка: 47.45)
2025-09-27 09:21:43 - ROBOTY.assigner - DEBUG - Операция 15 назначена роботу 2 (нагрузка: 43.66)
2025-09-27 09:21:43 - ROBOTY.assigner - DEBUG - Операция 16 назначена роботу 2 (нагрузка: 54.91)
2025-09-27 09:21:43 - ROBOTY.assigner - DEBUG - Операция 17 назначена роботу 1 (нагрузка: 51.66)
2025-09-27 09:21:43 - ROBOTY.assigner - DEBUG - Операция 18 назначена роботу 0 (нагрузка: 51.84)
2025-09-27 09:21:43 - ROBOTY.assigner - DEBUG - Операция 19 назначена роботу 1 (нагрузка: 59.37)
2025-09-27 09:21:43 - ROBOTY.assigner - DEBUG - Операция 20 назначена роботу 0 (нагрузка: 62.20)
2025-09-27 09:21:43 - ROBOTY.assigner - DEBUG - Операция 21 назначена роботу 2 (нагрузка: 62.54)
2025-09-27 09:21:43 - ROBOTY.assigner - DEBUG - Операция 22 назначена роботу 1 (нагрузка: 66.75)
2025-09-27 09:21:43 - ROBOTY.assigner - DEBUG - Операция 23 назначена роботу 0 (нагрузка: 70.05)
2025-09-27 09:21:43 - ROBOTY.assigner - DEBUG - Операция 24 назначена роботу 2 (нагрузка: 68.44)
2025-09-27 09:21:43 - ROBOTY.assigner - DEBUG - Операция 25 назначена роботу 1 (нагрузка: 76.78)
2025-09-27 09:21:43 - ROBOTY.assigner - DEBUG - Операция 26 назначена роботу 2 (нагрузка: 76.32)
2025-09-27 09:21:43 - ROBOTY.assigner - DEBUG - Операция 27 назначена роботу 0 (нагрузка: 79.99)
2025-09-27 09:21:43 - ROBOTY.assigner - DEBUG - Операция 28 назначена роботу 2 (нагрузка: 81.27)
2025-09-27 09:21:43 - ROBOTY.assigner - DEBUG - Операция 29 назначена роботу 1 (нагрузка: 85.78)
2025-09-27 09:21:43 - ROBOTY.assigner - INFO - Распределено 30 операций с балансировкой нагрузки
2025-09-27 09:21:43 - ROBOTY.assigner - INFO - Итоговые нагрузки роботов: ['79.99', '85.78', '81.27']
2025-09-27 09:21:43 - ROBOTY.assigner - INFO - Робот 0: 10 операций, нагрузка 79.99
2025-09-27 09:21:43 - ROBOTY.assigner - INFO - Робот 1: 10 операций, нагрузка 85.78
2025-09-27 09:21:43 - ROBOTY.assigner - INFO - Робот 2: 10 операций, нагрузка 81.27
2025-09-27 09:21:43 - ROBOTY.planner - INFO - Операции назначены методом: balanced
2025-09-27 09:21:43 - ROBOTY.planner - INFO - Планирование траектории для робота 1 (ID: 1) с 10 операциями
2025-09-27 09:21:43 - ROBOTY.planner - DEBUG - Планирование траектории для робота с 10 операциями
2025-09-27 09:21:43 - ROBOTY.planner - DEBUG - Операция 1 запланирована, время завершения: 9.52
2025-09-27 09:21:43 - ROBOTY.planner - DEBUG - Операция 2 запланирована, время завершения: 22.13
2025-09-27 09:21:43 - ROBOTY.planner - DEBUG - Операция 3 запланирована, время завершения: 31.26
2025-09-27 09:21:43 - ROBOTY.planner - DEBUG - Операция 4 запланирована, время завершения: 39.28
2025-09-27 09:21:43 - ROBOTY.planner - DEBUG - Операция 5 запланирована, время завершения: 51.81
2025-09-27 09:21:43 - ROBOTY.planner - DEBUG - Операция 6 запланирована, время завершения: 64.26
2025-09-27 09:21:43 - ROBOTY.planner - DEBUG - Операция 7 запланирована, время завершения: 70.98
2025-09-27 09:21:43 - ROBOTY.planner - DEBUG - Операция 8 запланирована, время завершения: 83.29
2025-09-27 09:21:43 - ROBOTY.planner - DEBUG - Операция 9 запланирована, время завершения: 91.65
2025-09-27 09:21:43 - ROBOTY.planner - DEBUG - Операция 10 запланирована, время завершения: 108.65
2025-09-27 09:21:43 - ROBOTY.planner - INFO - Траектория робота запланирована, общее время: 108.65
2025-09-27 09:21:43 - ROBOTY.planner - INFO - Робот 1: траектория содержит 240 точек
2025-09-27 09:21:43 - ROBOTY.planner - INFO - Планирование траектории для робота 2 (ID: 2) с 10 операциями
2025-09-27 09:21:43 - ROBOTY.planner - DEBUG - Планирование траектории для робота с 10 операциями
2025-09-27 09:21:43 - ROBOTY.planner - DEBUG - Операция 1 запланирована, время завершения: 10.62
2025-09-27 09:21:43 - ROBOTY.planner - DEBUG - Операция 2 запланирована, время завершения: 23.29
2025-09-27 09:21:43 - ROBOTY.planner - DEBUG - Операция 3 запланирована, время завершения: 30.46
2025-09-27 09:21:43 - ROBOTY.planner - DEBUG - Операция 4 запланирована, время завершения: 43.38
2025-09-27 09:21:43 - ROBOTY.planner - DEBUG - Операция 5 запланирована, время завершения: 53.60
2025-09-27 09:21:43 - ROBOTY.planner - DEBUG - Операция 6 запланирована, время завершения: 63.66
2025-09-27 09:21:43 - ROBOTY.planner - DEBUG - Операция 7 запланирована, время завершения: 71.87
2025-09-27 09:21:43 - ROBOTY.planner - DEBUG - Операция 8 запланирована, время завершения: 81.71
2025-09-27 09:21:43 - ROBOTY.planner - DEBUG - Операция 9 запланирована, время завершения: 94.68
2025-09-27 09:21:43 - ROBOTY.planner - DEBUG - Операция 10 запланирована, время завершения: 104.99
2025-09-27 09:21:43 - ROBOTY.planner - INFO - Траектория робота запланирована, общее время: 104.99
2025-09-27 09:21:43 - ROBOTY.planner - INFO - Робот 2: траектория содержит 240 точек
2025-09-27 09:21:43 - ROBOTY.planner - INFO - Планирование траектории для робота 3 (ID: 3) с 10 операциями
2025-09-27 09:21:43 - ROBOTY.planner - DEBUG - Планирование траектории для робота с 10 операциями
2025-09-27 09:21:43 - ROBOTY.planner - DEBUG - Операция 1 запланирована, время завершения: 10.46
2025-09-27 09:21:43 - ROBOTY.planner - DEBUG - Операция 2 запланирована, время завершения: 25.25
2025-09-27 09:21:43 - ROBOTY.planner - DEBUG - Операция 3 запланирована, время завершения: 34.88
2025-09-27 09:21:43 - ROBOTY.planner - DEBUG - Операция 4 запланирована, время завершения: 48.71
2025-09-27 09:21:43 - ROBOTY.planner - DEBUG - Операция 5 запланирована, время завершения: 58.41
2025-09-27 09:21:43 - ROBOTY.planner - DEBUG - Операция 6 запланирована, время завершения: 72.40
2025-09-27 09:21:43 - ROBOTY.planner - DEBUG - Операция 7 запланирована, время завершения: 82.67
2025-09-27 09:21:43 - ROBOTY.planner - DEBUG - Операция 8 запланирована, время завершения: 88.26
2025-09-27 09:21:43 - ROBOTY.planner - DEBUG - Операция 9 запланирована, время завершения: 102.24
2025-09-27 09:21:43 - ROBOTY.planner - DEBUG - Операция 10 запланирована, время завершения: 109.20
2025-09-27 09:21:43 - ROBOTY.planner - INFO - Траектория робота запланирована, общее время: 109.20
2025-09-27 09:21:43 - ROBOTY.planner - INFO - Робот 3: траектория содержит 240 точек
2025-09-27 09:21:43 - ROBOTY.planner - INFO - Планирование завершено. Makespan: 109.20
2025-09-27 09:21:43 - ROBOTY.main - INFO - Планировщик успешно завершил работу
2025-09-27 09:21:43 - ROBOTY.collision - INFO - Начинаем детальную проверку коллизий
2025-09-27 09:21:43 - ROBOTY.collision - DEBUG - Проверяем коллизии в диапазоне времени: 0.00 - 109.20
2025-09-27 09:21:43 - ROBOTY.collision - WARNING - Коллизия: роботы 2 и 3 в 55.60s, расстояние: 0.483, требуется: 0.500
2025-09-27 09:21:43 - ROBOTY.collision - WARNING - Коллизия: роботы 2 и 3 в 55.70s, расстояние: 0.469, требуется: 0.500
2025-09-27 09:21:43 - ROBOTY.collision - WARNING - Коллизия: роботы 2 и 3 в 55.80s, расстояние: 0.460, требуется: 0.500
2025-09-27 09:21:43 - ROBOTY.collision - WARNING - Коллизия: роботы 2 и 3 в 55.90s, расстояние: 0.457, требуется: 0.500
2025-09-27 09:21:43 - ROBOTY.collision - WARNING - Коллизия: роботы 2 и 3 в 56.00s, расстояние: 0.460, требуется: 0.500
2025-09-27 09:21:43 - ROBOTY.collision - WARNING - Коллизия: роботы 2 и 3 в 56.10s, расстояние: 0.468, требуется: 0.500
2025-09-27 09:21:43 - ROBOTY.collision - WARNING - Коллизия: роботы 2 и 3 в 56.20s, расстояние: 0.482, требуется: 0.500
2025-09-27 09:21:43 - ROBOTY.collision - WARNING - Коллизия: роботы 2 и 3 в 74.10s, расстояние: 0.479, требуется: 0.500
2025-09-27 09:21:43 - ROBOTY.collision - WARNING - Коллизия: роботы 2 и 3 в 74.20s, расстояние: 0.373, требуется: 0.500
2025-09-27 09:21:43 - ROBOTY.collision - WARNING - Коллизия: роботы 2 и 3 в 74.30s, расстояние: 0.282, требуется: 0.500
2025-09-27 09:21:43 - ROBOTY.collision - WARNING - Коллизия: роботы 2 и 3 в 74.40s, расстояние: 0.223, требуется: 0.500
2025-09-27 09:21:43 - ROBOTY.collision - WARNING - Коллизия: роботы 2 и 3 в 74.50s, расстояние: 0.225, требуется: 0.500
2025-09-27 09:21:43 - ROBOTY.collision - WARNING - Коллизия: роботы 2 и 3 в 74.60s, расстояние: 0.286, требуется: 0.500
2025-09-27 09:21:43 - ROBOTY.collision - WARNING - Коллизия: роботы 2 и 3 в 74.70s, расстояние: 0.378, требуется: 0.500
2025-09-27 09:21:43 - ROBOTY.collision - WARNING - Коллизия: роботы 2 и 3 в 74.80s, расстояние: 0.485, требуется: 0.500
2025-09-27 09:21:43 - ROBOTY.collision - ERROR - Обнаружено 15 коллизий
2025-09-27 09:21:43 - ROBOTY.main - WARNING - Обнаружено 15 коллизий, применяем онлайн-безопасность
2025-09-27 09:21:43 - ROBOTY.safety - INFO - Применяем онлайн-безопасность: вставка пауз при коллизиях
2025-09-27 09:21:43 - ROBOTY.collision - INFO - Начинаем детальную проверку коллизий
2025-09-27 09:21:43 - ROBOTY.collision - DEBUG - Проверяем коллизии в диапазоне времени: 0.00 - 109.20
2025-09-27 09:21:43 - ROBOTY.collision - WARNING - Коллизия: роботы 2 и 3 в 55.55s, расстояние: 0.493, требуется: 0.500
2025-09-27 09:21:43 - ROBOTY.collision - WARNING - Коллизия: роботы 2 и 3 в 55.60s, расстояние: 0.483, требуется: 0.500
2025-09-27 09:21:43 - ROBOTY.collision - WARNING - Коллизия: роботы 2 и 3 в 55.65s, расстояние: 0.475, требуется: 0.500
2025-09-27 09:21:43 - ROBOTY.collision - WARNING - Коллизия: роботы 2 и 3 в 55.70s, расстояние: 0.469, требуется: 0.500
2025-09-27 09:21:43 - ROBOTY.collision - WARNING - Коллизия: роботы 2 и 3 в 55.75s, расстояние: 0.464, требуется: 0.500
2025-09-27 09:21:43 - ROBOTY.collision - WARNING - Коллизия: роботы 2 и 3 в 55.80s, расстояние: 0.460, требуется: 0.500
2025-09-27 09:21:43 - ROBOTY.collision - WARNING - Коллизия: роботы 2 и 3 в 55.85s, расстояние: 0.458, требуется: 0.500
2025-09-27 09:21:43 - ROBOTY.collision - WARNING - Коллизия: роботы 2 и 3 в 55.90s, расстояние: 0.457, требуется: 0.500
2025-09-27 09:21:43 - ROBOTY.collision - WARNING - Коллизия: роботы 2 и 3 в 55.95s, расстояние: 0.457, требуется: 0.500
2025-09-27 09:21:43 - ROBOTY.collision - WARNING - Коллизия: роботы 2 и 3 в 56.00s, расстояние: 0.460, требуется: 0.500
2025-09-27 09:21:43 - ROBOTY.collision - WARNING - Коллизия: роботы 2 и 3 в 56.05s, расстояние: 0.463, требуется: 0.500
2025-09-27 09:21:43 - ROBOTY.collision - WARNING - Коллизия: роботы 2 и 3 в 56.10s, расстояние: 0.468, требуется: 0.500
2025-09-27 09:21:43 - ROBOTY.collision - WARNING - Коллизия: роботы 2 и 3 в 56.15s, расстояние: 0.474, требуется: 0.500
2025-09-27 09:21:43 - ROBOTY.collision - WARNING - Коллизия: роботы 2 и 3 в 56.20s, расстояние: 0.482, требуется: 0.500
2025-09-27 09:21:43 - ROBOTY.collision - WARNING - Коллизия: роботы 2 и 3 в 56.25s, расстояние: 0.490, требуется: 0.500
2025-09-27 09:21:43 - ROBOTY.collision - WARNING - Коллизия: роботы 2 и 3 в 74.10s, расстояние: 0.479, требуется: 0.500
2025-09-27 09:21:43 - ROBOTY.collision - WARNING - Коллизия: роботы 2 и 3 в 74.15s, расстояние: 0.425, требуется: 0.500
2025-09-27 09:21:43 - ROBOTY.collision - WARNING - Коллизия: роботы 2 и 3 в 74.20s, расстояние: 0.373, требуется: 0.500
2025-09-27 09:21:43 - ROBOTY.collision - WARNING - Коллизия: роботы 2 и 3 в 74.25s, расстояние: 0.325, требуется: 0.500
2025-09-27 09:21:43 - ROBOTY.collision - WARNING - Коллизия: роботы 2 и 3 в 74.30s, расстояние: 0.282, требуется: 0.500
2025-09-27 09:21:43 - ROBOTY.collision - WARNING - Коллизия: роботы 2 и 3 в 74.35s, расстояние: 0.247, требуется: 0.500
2025-09-27 09:21:43 - ROBOTY.collision - WARNING - Коллизия: роботы 2 и 3 в 74.40s, расстояние: 0.223, требуется: 0.500
2025-09-27 09:21:43 - ROBOTY.collision - WARNING - Коллизия: роботы 2 и 3 в 74.45s, расстояние: 0.215, требуется: 0.500
2025-09-27 09:21:43 - ROBOTY.collision - WARNING - Коллизия: роботы 2 и 3 в 74.50s, расстояние: 0.225, требуется: 0.500
2025-09-27 09:21:43 - ROBOTY.collision - WARNING - Коллизия: роботы 2 и 3 в 74.55s, расстояние: 0.250, требуется: 0.500
2025-09-27 09:21:43 - ROBOTY.collision - WARNING - Коллизия: роботы 2 и 3 в 74.60s, расстояние: 0.286, требуется: 0.500
2025-09-27 09:21:43 - ROBOTY.collision - WARNING - Коллизия: роботы 2 и 3 в 74.65s, расстояние: 0.329, требуется: 0.500
2025-09-27 09:21:43 - ROBOTY.collision - WARNING - Коллизия: роботы 2 и 3 в 74.70s, расстояние: 0.378, требуется: 0.500
2025-09-27 09:21:43 - ROBOTY.collision - WARNING - Коллизия: роботы 2 и 3 в 74.75s, расстояние: 0.430, требуется: 0.500
2025-09-27 09:21:43 - ROBOTY.collision - WARNING - Коллизия: роботы 2 и 3 в 74.80s, расстояние: 0.485, требуется: 0.500
2025-09-27 09:21:43 - ROBOTY.collision - ERROR - Обнаружено 30 коллизий
2025-09-27 09:21:43 - ROBOTY.safety - DEBUG - Добавлена пауза 0.60s роботу 2 в t=55.55s
2025-09-27 09:21:43 - ROBOTY.safety - DEBUG - Добавлена пауза 0.60s роботу 3 в t=55.55s
2025-09-27 09:21:43 - ROBOTY.safety - DEBUG - Добавлена пауза 0.60s роботу 2 в t=55.60s
2025-09-27 09:21:43 - ROBOTY.safety - DEBUG - Добавлена пауза 0.60s роботу 3 в t=55.60s
2025-09-27 09:21:43 - ROBOTY.safety - DEBUG - Добавлена пауза 0.60s роботу 2 в t=55.65s
2025-09-27 09:21:43 - ROBOTY.safety - DEBUG - Добавлена пауза 0.60s роботу 3 в t=55.65s
2025-09-27 09:21:43 - ROBOTY.safety - DEBUG - Добавлена пауза 0.60s роботу 2 в t=55.70s
2025-09-27 09:21:43 - ROBOTY.safety - DEBUG - Добавлена пауза 0.60s роботу 3 в t=55.70s
2025-09-27 09:21:43 - ROBOTY.safety - DEBUG - Добавлена пауза 0.60s роботу 2 в t=55.75s
2025-09-27 09:21:43 - ROBOTY.safety - DEBUG - Добавлена пауза 0.60s роботу 3 в t=55.75s
2025-09-27 09:21:43 - ROBOTY.safety - DEBUG - Добавлена пауза 0.60s роботу 2 в t=55.80s
2025-09-27 09:21:43 - ROBOTY.safety - DEBUG - Добавлена пауза 0.60s роботу 3 в t=55.80s
2025-09-27 09:21:43 - ROBOTY.safety - DEBUG - Добавлена пауза 0.60s роботу 2 в t=55.85s
2025-09-27 09:21:43 - ROBOTY.safety - DEBUG - Добавлена пауза 0.60s роботу 3 в t=55.85s
2025-09-27 09:21:43 - ROBOTY.safety - DEBUG - Добавлена пауза 0.60s роботу 2 в t=55.90s
2025-09-27 09:21:43 - ROBOTY.safety - DEBUG - Добавлена пауза 0.60s роботу 3 в t=55.90s
2025-09-27 09:21:43 - ROBOTY.safety - DEBUG - Добавлена пауза 0.60s роботу 2 в t=55.95s
2025-09-27 09:21:43 - ROBOTY.safety - DEBUG - Добавлена пауза 0.60s роботу 3 в t=55.95s
2025-09-27 09:21:43 - ROBOTY.safety - DEBUG - Добавлена пауза 0.60s роботу 2 в t=56.00s
2025-09-27 09:21:43 - ROBOTY.safety - DEBUG - Добавлена пауза 0.60s роботу 3 в t=56.00s
2025-09-27 09:21:43 - ROBOTY.safety - DEBUG - Добавлена пауза 0.60s роботу 2 в t=56.05s
2025-09-27 09:21:43 - ROBOTY.safety - DEBUG - Добавлена пауза 0.60s роботу 3 в t=56.05s
2025-09-27 09:21:43 - ROBOTY.safety - DEBUG - Добавлена пауза 0.60s роботу 2 в t=56.10s
2025-09-27 09:21:43 - ROBOTY.safety - DEBUG - Добавлена пауза 0.60s роботу 3 в t=56.10s
2025-09-27 09:21:43 - ROBOTY.safety - DEBUG - Добавлена пауза 0.60s роботу 2 в t=56.15s
2025-09-27 09:21:43 - ROBOTY.safety - DEBUG - Добавлена пауза 0.60s роботу 3 в t=56.15s
2025-09-27 09:21:43 - ROBOTY.safety - DEBUG - Добавлена пауза 0.60s роботу 2 в t=56.20s
2025-09-27 09:21:43 - ROBOTY.safety - DEBUG - Добавлена пауза 0.60s роботу 3 в t=56.20s
2025-09-27 09:21:43 - ROBOTY.safety - DEBUG - Добавлена пауза 0.60s роботу 2 в t=56.25s
2025-09-27 09:21:43 - ROBOTY.safety - DEBUG - Добавлена пауза 0.60s роботу 3 в t=56.25s
2025-09-27 09:21:43 - ROBOTY.safety - DEBUG - Добавлена пауза 0.60s роботу 2 в t=74.10s
2025-09-27 09:21:43 - ROBOTY.safety - DEBUG - Добавлена пауза 0.60s роботу 3 в t=74.10s
2025-09-27 09:21:43 - ROBOTY.safety - DEBUG - Добавлена пауза 0.60s роботу 2 в t=74.15s
2025-09-27 09:21:43 - ROBOTY.safety - DEBUG - Добавлена пауза 0.60s роботу 3 в t=74.15s
2025-09-27 09:21:43 - ROBOTY.safety - DEBUG - Добавлена пауза 0.60s роботу 2 в t=74.20s
2025-09-27 09:21:43 - ROBOTY.safety - DEBUG - Добавлена пауза 0.60s роботу 3 в t=74.20s
2025-09-27 09:21:43 - ROBOTY.safety - DEBUG - Добавлена пауза 0.60s роботу 2 в t=74.25s
2025-09-27 09:21:43 - ROBOTY.safety - DEBUG - Добавлена пауза 0.60s роботу 3 в t=74.25s
2025-09-27 09:21:43 - ROBOTY.safety - DEBUG - Добавлена пауза 0.60s роботу 2 в t=74.30s
2025-09-27 09:21:43 - ROBOTY.safety - DEBUG - Добавлена пауза 0.60s роботу 3 в t=74.30s
2025-09-27 09:21:43 - ROBOTY.safety - DEBUG - Добавлена пауза 0.60s роботу 2 в t=74.35s
2025-09-27 09:21:43 - ROBOTY.safety - DEBUG - Добавлена пауза 0.60s роботу 3 в t=74.35s
2025-09-27 09:21:43 - ROBOTY.safety - DEBUG - Добавлена пауза 0.60s роботу 2 в t=74.40s
2025-09-27 09:21:43 - ROBOTY.safety - DEBUG - Добавлена пауза 0.60s роботу 3 в t=74.40s
2025-09-27 09:21:43 - ROBOTY.safety - DEBUG - Добавлена пауза 0.60s роботу 2 в t=74.45s
2025-09-27 09:21:43 - ROBOTY.safety - DEBUG - Добавлена пауза 0.60s роботу 3 в t=74.45s
2025-09-27 09:21:43 - ROBOTY.safety - DEBUG - Добавлена пауза 0.60s роботу 2 в t=74.50s
2025-09-27 09:21:43 - ROBOTY.safety - DEBUG - Добавлена пауза 0.60s роботу 3 в t=74.50s
2025-09-27 09:21:43 - ROBOTY.safety - DEBUG - Добавлена пауза 0.60s роботу 2 в t=74.55s
2025-09-27 09:21:43 - ROBOTY.safety - DEBUG - Добавлена пауза 0.60s роботу 3 в t=74.55s
2025-09-27 09:21:43 - ROBOTY.safety - DEBUG - Добавлена пауза 0.60s роботу 2 в t=74.60s
2025-09-27 09:21:43 - ROBOTY.safety - DEBUG - Добавлена пауза 0.60s роботу 3 в t=74.60s
2025-09-27 09:21:43 - ROBOTY.safety - DEBUG - Добавлена пауза 0.60s роботу 2 в t=74.65s
2025-09-27 09:21:43 - ROBOTY.safety - DEBUG - Добавлена пауза 0.60s роботу 3 в t=74.65s
2025-09-27 09:21:43 - ROBOTY.safety - DEBUG - Добавлена пауза 0.60s роботу 2 в t=74.70s
2025-09-27 09:21:43 - ROBOTY.safety - DEBUG - Добавлена пауза 0.60s роботу 3 в t=74.70s
2025-09-27 09:21:43 - ROBOTY.safety - DEBUG - Добавлена пауза 0.60s роботу 2 в t=74.75s
2025-09-27 09:21:43 - ROBOTY.safety - DEBUG - Добавлена пауза 0.60s роботу 3 в t=74.75s
2025-09-27 09:21:43 - ROBOTY.safety - DEBUG - Добавлена пауза 0.60s роботу 2 в t=74.80s
2025-09-27 09:21:43 - ROBOTY.safety - DEBUG - Добавлена пауза 0.60s роботу 3 в t=74.80s
2025-09-27 09:21:43 - ROBOTY.safety - INFO - Онлайн-безопасность применена: паузы вставлены
2025-09-27 09:21:43 - ROBOTY.collision - INFO - Начинаем детальную проверку коллизий
2025-09-27 09:21:43 - ROBOTY.collision - DEBUG - Проверяем коллизии в диапазоне времени: 0.00 - 127.20
2025-09-27 09:21:43 - ROBOTY.collision - WARNING - Коллизия: роботы 2 и 3 в 55.60s, расстояние: 0.493, требуется: 0.500
2025-09-27 09:21:43 - ROBOTY.collision - WARNING - Коллизия: роботы 2 и 3 в 55.70s, расстояние: 0.493, требуется: 0.500
2025-09-27 09:21:43 - ROBOTY.collision - WARNING - Коллизия: роботы 2 и 3 в 55.80s, расстояние: 0.493, требуется: 0.500
2025-09-27 09:21:43 - ROBOTY.collision - WARNING - Коллизия: роботы 2 и 3 в 55.90s, расстояние: 0.493, требуется: 0.500
2025-09-27 09:21:43 - ROBOTY.collision - WARNING - Коллизия: роботы 2 и 3 в 56.00s, расстояние: 0.493, требуется: 0.500
2025-09-27 09:21:43 - ROBOTY.collision - WARNING - Коллизия: роботы 2 и 3 в 56.10s, расстояние: 0.493, требуется: 0.500
2025-09-27 09:21:43 - ROBOTY.collision - WARNING - Коллизия: роботы 2 и 3 в 56.20s, расстояние: 0.493, требуется: 0.500
2025-09-27 09:21:43 - ROBOTY.collision - WARNING - Коллизия: роботы 2 и 3 в 56.30s, расстояние: 0.493, требуется: 0.500
2025-09-27 09:21:43 - ROBOTY.collision - WARNING - Коллизия: роботы 2 и 3 в 56.40s, расстояние: 0.493, требуется: 0.500
2025-09-27 09:21:43 - ROBOTY.collision - WARNING - Коллизия: роботы 2 и 3 в 56.50s, расстояние: 0.493, требуется: 0.500
2025-09-27 09:21:43 - ROBOTY.collision - WARNING - Коллизия: роботы 2 и 3 в 56.60s, расстояние: 0.493, требуется: 0.500
2025-09-27 09:21:43 - ROBOTY.collision - WARNING - Коллизия: роботы 2 и 3 в 56.70s, расстояние: 0.493, требуется: 0.500
2025-09-27 09:21:43 - ROBOTY.collision - WARNING - Коллизия: роботы 2 и 3 в 56.80s, расстояние: 0.493, требуется: 0.500
2025-09-27 09:21:43 - ROBOTY.collision - WARNING - Коллизия: роботы 2 и 3 в 56.90s, расстояние: 0.493, требуется: 0.500
2025-09-27 09:21:43 - ROBOTY.collision - WARNING - Коллизия: роботы 2 и 3 в 57.00s, расстояние: 0.493, требуется: 0.500
2025-09-27 09:21:43 - ROBOTY.collision - WARNING - Коллизия: роботы 2 и 3 в 57.10s, расстояние: 0.493, требуется: 0.500
2025-09-27 09:21:43 - ROBOTY.collision - WARNING - Коллизия: роботы 2 и 3 в 57.20s, расстояние: 0.493, требуется: 0.500
2025-09-27 09:21:43 - ROBOTY.collision - WARNING - Коллизия: роботы 2 и 3 в 57.30s, расстояние: 0.493, требуется: 0.500
2025-09-27 09:21:43 - ROBOTY.collision - WARNING - Коллизия: роботы 2 и 3 в 57.40s, расстояние: 0.493, требуется: 0.500
2025-09-27 09:21:43 - ROBOTY.collision - WARNING - Коллизия: роботы 2 и 3 в 57.50s, расстояние: 0.493, требуется: 0.500
2025-09-27 09:21:43 - ROBOTY.collision - WARNING - Коллизия: роботы 2 и 3 в 57.60s, расстояние: 0.493, требуется: 0.500
2025-09-27 09:21:43 - ROBOTY.collision - WARNING - Коллизия: роботы 2 и 3 в 57.70s, расстояние: 0.493, требуется: 0.500
2025-09-27 09:21:43 - ROBOTY.collision - WARNING - Коллизия: роботы 2 и 3 в 57.80s, расстояние: 0.493, требуется: 0.500
2025-09-27 09:21:43 - ROBOTY.collision - WARNING - Коллизия: роботы 2 и 3 в 57.90s, расстояние: 0.493, требуется: 0.500
2025-09-27 09:21:43 - ROBOTY.collision - WARNING - Коллизия: роботы 2 и 3 в 58.00s, расстояние: 0.493, требуется: 0.500
2025-09-27 09:21:43 - ROBOTY.collision - WARNING - Коллизия: роботы 2 и 3 в 58.10s, расстояние: 0.493, требуется: 0.500
2025-09-27 09:21:43 - ROBOTY.collision - WARNING - Коллизия: роботы 2 и 3 в 58.20s, расстояние: 0.493, требуется: 0.500
2025-09-27 09:21:43 - ROBOTY.collision - WARNING - Коллизия: роботы 2 и 3 в 58.30s, расстояние: 0.493, требуется: 0.500
2025-09-27 09:21:43 - ROBOTY.collision - WARNING - Коллизия: роботы 2 и 3 в 58.40s, расстояние: 0.493, требуется: 0.500
2025-09-27 09:21:43 - ROBOTY.collision - WARNING - Коллизия: роботы 2 и 3 в 58.50s, расстояние: 0.493, требуется: 0.500
2025-09-27 09:21:43 - ROBOTY.collision - WARNING - Коллизия: роботы 2 и 3 в 58.60s, расстояние: 0.493, требуется: 0.500
2025-09-27 09:21:43 - ROBOTY.collision - WARNING - Коллизия: роботы 2 и 3 в 58.70s, расстояние: 0.493, требуется: 0.500
2025-09-27 09:21:43 - ROBOTY.collision - WARNING - Коллизия: роботы 2 и 3 в 58.80s, расстояние: 0.493, требуется: 0.500
2025-09-27 09:21:43 - ROBOTY.collision - WARNING - Коллизия: роботы 2 и 3 в 58.90s, расстояние: 0.493, требуется: 0.500
2025-09-27 09:21:43 - ROBOTY.collision - WARNING - Коллизия: роботы 2 и 3 в 59.00s, расстояние: 0.493, требуется: 0.500
2025-09-27 09:21:43 - ROBOTY.collision - WARNING - Коллизия: роботы 2 и 3 в 59.10s, расстояние: 0.493, требуется: 0.500
2025-09-27 09:21:43 - ROBOTY.collision - WARNING - Коллизия: роботы 2 и 3 в 59.20s, расстояние: 0.493, требуется: 0.500
2025-09-27 09:21:43 - ROBOTY.collision - WARNING - Коллизия: роботы 2 и 3 в 59.30s, расстояние: 0.493, требуется: 0.500
2025-09-27 09:21:43 - ROBOTY.collision - WARNING - Коллизия: роботы 2 и 3 в 59.40s, расстояние: 0.493, требуется: 0.500
2025-09-27 09:21:43 - ROBOTY.collision - WARNING - Коллизия: роботы 2 и 3 в 59.50s, расстояние: 0.493, требуется: 0.500
2025-09-27 09:21:43 - ROBOTY.collision - WARNING - Коллизия: роботы 2 и 3 в 59.60s, расстояние: 0.493, требуется: 0.500
2025-09-27 09:21:43 - ROBOTY.collision - WARNING - Коллизия: роботы 2 и 3 в 59.70s, расстояние: 0.493, требуется: 0.500
2025-09-27 09:21:43 - ROBOTY.collision - WARNING - Коллизия: роботы 2 и 3 в 59.80s, расстояние: 0.493, требуется: 0.500
2025-09-27 09:21:43 - ROBOTY.collision - WARNING - Коллизия: роботы 2 и 3 в 59.90s, расстояние: 0.493, требуется: 0.500
2025-09-27 09:21:43 - ROBOTY.collision - WARNING - Коллизия: роботы 2 и 3 в 60.00s, расстояние: 0.493, требуется: 0.500
2025-09-27 09:21:43 - ROBOTY.collision - WARNING - Коллизия: роботы 2 и 3 в 60.10s, расстояние: 0.493, требуется: 0.500
2025-09-27 09:21:43 - ROBOTY.collision - WARNING - Коллизия: роботы 2 и 3 в 60.20s, расстояние: 0.493, требуется: 0.500
2025-09-27 09:21:43 - ROBOTY.collision - WARNING - Коллизия: роботы 2 и 3 в 60.30s, расстояние: 0.493, требуется: 0.500
2025-09-27 09:21:43 - ROBOTY.collision - WARNING - Коллизия: роботы 2 и 3 в 60.40s, расстояние: 0.493, требуется: 0.500
2025-09-27 09:21:43 - ROBOTY.collision - WARNING - Коллизия: роботы 2 и 3 в 60.50s, расстояние: 0.493, требуется: 0.500
2025-09-27 09:21:43 - ROBOTY.collision - WARNING - Коллизия: роботы 2 и 3 в 60.60s, расстояние: 0.493, требуется: 0.500
2025-09-27 09:21:43 - ROBOTY.collision - WARNING - Коллизия: роботы 2 и 3 в 60.70s, расстояние: 0.493, требуется: 0.500
2025-09-27 09:21:43 - ROBOTY.collision - WARNING - Коллизия: роботы 2 и 3 в 60.80s, расстояние: 0.493, требуется: 0.500
2025-09-27 09:21:43 - ROBOTY.collision - WARNING - Коллизия: роботы 2 и 3 в 60.90s, расстояние: 0.493, требуется: 0.500
2025-09-27 09:21:43 - ROBOTY.collision - WARNING - Коллизия: роботы 2 и 3 в 61.00s, расстояние: 0.493, требуется: 0.500
2025-09-27 09:21:43 - ROBOTY.collision - WARNING - Коллизия: роботы 2 и 3 в 61.10s, расстояние: 0.493, требуется: 0.500
2025-09-27 09:21:43 - ROBOTY.collision - WARNING - Коллизия: роботы 2 и 3 в 61.20s, расстояние: 0.493, требуется: 0.500
2025-09-27 09:21:43 - ROBOTY.collision - WARNING - Коллизия: роботы 2 и 3 в 61.30s, расстояние: 0.493, требуется: 0.500
2025-09-27 09:21:43 - ROBOTY.collision - WARNING - Коллизия: роботы 2 и 3 в 61.40s, расстояние: 0.493, требуется: 0.500
2025-09-27 09:21:43 - ROBOTY.collision - WARNING - Коллизия: роботы 2 и 3 в 61.50s, расстояние: 0.493, требуется: 0.500
2025-09-27 09:21:43 - ROBOTY.collision - WARNING - Коллизия: роботы 2 и 3 в 61.60s, расстояние: 0.493, требуется: 0.500
2025-09-27 09:21:43 - ROBOTY.collision - WARNING - Коллизия: роботы 2 и 3 в 61.70s, расстояние: 0.493, требуется: 0.500
2025-09-27 09:21:43 - ROBOTY.collision - WARNING - Коллизия: роботы 2 и 3 в 61.80s, расстояние: 0.493, требуется: 0.500
2025-09-27 09:21:43 - ROBOTY.collision - WARNING - Коллизия: роботы 2 и 3 в 61.90s, расстояние: 0.493, требуется: 0.500
2025-09-27 09:21:43 - ROBOTY.collision - WARNING - Коллизия: роботы 2 и 3 в 62.00s, расстояние: 0.493, требуется: 0.500
2025-09-27 09:21:43 - ROBOTY.collision - WARNING - Коллизия: роботы 2 и 3 в 62.10s, расстояние: 0.493, требуется: 0.500
2025-09-27 09:21:43 - ROBOTY.collision - WARNING - Коллизия: роботы 2 и 3 в 62.20s, расстояние: 0.493, требуется: 0.500
2025-09-27 09:21:43 - ROBOTY.collision - WARNING - Коллизия: роботы 2 и 3 в 62.30s, расстояние: 0.493, требуется: 0.500
2025-09-27 09:21:43 - ROBOTY.collision - WARNING - Коллизия: роботы 2 и 3 в 62.40s, расстояние: 0.493, требуется: 0.500
2025-09-27 09:21:43 - ROBOTY.collision - WARNING - Коллизия: роботы 2 и 3 в 62.50s, расстояние: 0.493, требуется: 0.500
2025-09-27 09:21:43 - ROBOTY.collision - WARNING - Коллизия: роботы 2 и 3 в 62.60s, расстояние: 0.493, требуется: 0.500
2025-09-27 09:21:43 - ROBOTY.collision - WARNING - Коллизия: роботы 2 и 3 в 62.70s, расстояние: 0.493, требуется: 0.500
2025-09-27 09:21:43 - ROBOTY.collision - WARNING - Коллизия: роботы 2 и 3 в 62.80s, расстояние: 0.493, требуется: 0.500
2025-09-27 09:21:43 - ROBOTY.collision - WARNING - Коллизия: роботы 2 и 3 в 62.90s, расстояние: 0.493, требуется: 0.500
2025-09-27 09:21:43 - ROBOTY.collision - WARNING - Коллизия: роботы 2 и 3 в 63.00s, расстояние: 0.493, требуется: 0.500
2025-09-27 09:21:43 - ROBOTY.collision - WARNING - Коллизия: роботы 2 и 3 в 63.10s, расстояние: 0.493, требуется: 0.500
2025-09-27 09:21:43 - ROBOTY.collision - WARNING - Коллизия: роботы 2 и 3 в 63.20s, расстояние: 0.493, требуется: 0.500
2025-09-27 09:21:43 - ROBOTY.collision - WARNING - Коллизия: роботы 2 и 3 в 63.30s, расстояние: 0.493, требуется: 0.500
2025-09-27 09:21:43 - ROBOTY.collision - WARNING - Коллизия: роботы 2 и 3 в 63.40s, расстояние: 0.493, требуется: 0.500
2025-09-27 09:21:43 - ROBOTY.collision - WARNING - Коллизия: роботы 2 и 3 в 63.50s, расстояние: 0.493, требуется: 0.500
2025-09-27 09:21:43 - ROBOTY.collision - WARNING - Коллизия: роботы 2 и 3 в 63.60s, расстояние: 0.493, требуется: 0.500
2025-09-27 09:21:43 - ROBOTY.collision - WARNING - Коллизия: роботы 2 и 3 в 63.70s, расстояние: 0.493, требуется: 0.500
2025-09-27 09:21:43 - ROBOTY.collision - WARNING - Коллизия: роботы 2 и 3 в 63.80s, расстояние: 0.493, требуется: 0.500
2025-09-27 09:21:43 - ROBOTY.collision - WARNING - Коллизия: роботы 2 и 3 в 63.90s, расстояние: 0.493, требуется: 0.500
2025-09-27 09:21:43 - ROBOTY.collision - WARNING - Коллизия: роботы 2 и 3 в 64.00s, расстояние: 0.493, требуется: 0.500
2025-09-27 09:21:43 - ROBOTY.collision - WARNING - Коллизия: роботы 2 и 3 в 64.10s, расстояние: 0.493, требуется: 0.500
2025-09-27 09:21:43 - ROBOTY.collision - WARNING - Коллизия: роботы 2 и 3 в 64.20s, расстояние: 0.493, требуется: 0.500
2025-09-27 09:21:43 - ROBOTY.collision - WARNING - Коллизия: роботы 2 и 3 в 64.30s, расстояние: 0.493, требуется: 0.500
2025-09-27 09:21:43 - ROBOTY.collision - WARNING - Коллизия: роботы 2 и 3 в 64.40s, расстояние: 0.493, требуется: 0.500
2025-09-27 09:21:43 - ROBOTY.collision - WARNING - Коллизия: роботы 2 и 3 в 64.50s, расстояние: 0.493, требуется: 0.500
2025-09-27 09:21:43 - ROBOTY.collision - WARNING - Коллизия: роботы 2 и 3 в 64.60s, расстояние: 0.483, требуется: 0.500
2025-09-27 09:21:43 - ROBOTY.collision - WARNING - Коллизия: роботы 2 и 3 в 64.70s, расстояние: 0.469, требуется: 0.500
2025-09-27 09:21:43 - ROBOTY.collision - WARNING - Коллизия: роботы 2 и 3 в 64.80s, расстояние: 0.460, требуется: 0.500
2025-09-27 09:21:43 - ROBOTY.collision - WARNING - Коллизия: роботы 2 и 3 в 64.90s, расстояние: 0.457, требуется: 0.500
2025-09-27 09:21:43 - ROBOTY.collision - WARNING - Коллизия: роботы 2 и 3 в 65.00s, расстояние: 0.460, требуется: 0.500
2025-09-27 09:21:43 - ROBOTY.collision - WARNING - Коллизия: роботы 2 и 3 в 65.10s, расстояние: 0.468, требуется: 0.500
2025-09-27 09:21:43 - ROBOTY.collision - WARNING - Коллизия: роботы 2 и 3 в 65.20s, расстояние: 0.482, требуется: 0.500
2025-09-27 09:21:43 - ROBOTY.collision - WARNING - Коллизия: роботы 2 и 3 в 92.10s, расстояние: 0.479, требуется: 0.500
2025-09-27 09:21:43 - ROBOTY.collision - WARNING - Коллизия: роботы 2 и 3 в 92.20s, расстояние: 0.373, требуется: 0.500
2025-09-27 09:21:43 - ROBOTY.collision - WARNING - Коллизия: роботы 2 и 3 в 92.30s, расстояние: 0.282, требуется: 0.500
2025-09-27 09:21:43 - ROBOTY.collision - WARNING - Коллизия: роботы 2 и 3 в 92.40s, расстояние: 0.223, требуется: 0.500
2025-09-27 09:21:43 - ROBOTY.collision - WARNING - Коллизия: роботы 2 и 3 в 92.50s, расстояние: 0.225, требуется: 0.500
2025-09-27 09:21:43 - ROBOTY.collision - WARNING - Коллизия: роботы 2 и 3 в 92.60s, расстояние: 0.286, требуется: 0.500
2025-09-27 09:21:43 - ROBOTY.collision - WARNING - Коллизия: роботы 2 и 3 в 92.70s, расстояние: 0.378, требуется: 0.500
2025-09-27 09:21:43 - ROBOTY.collision - WARNING - Коллизия: роботы 2 и 3 в 92.80s, расстояние: 0.485, требуется: 0.500
2025-09-27 09:21:43 - ROBOTY.collision - ERROR - Обнаружено 105 коллизий
2025-09-27 09:21:43 - ROBOTY.main - WARNING - Коллизии сохраняются после вставки пауз
2025-09-27 09:21:45 - ROBOTY.main - INFO - Открытие визуализатора
2025-09-27 09:21:45 - ROBOTY.main - INFO - Визуализация успешно завершена
2025-09-27 09:21:45 - ROBOTY.visualizer - INFO - Запуск визуализации типа: 3d
2025-09-27 09:21:45 - ROBOTY.visualizer - INFO - Создание 3D визуализации траекторий
2025-09-27 09:21:45 - ROBOTY.visualizer - INFO - 3D визуализация создана
2025-09-27 09:21:45 - ROBOTY.visualizer - INFO - Визуализация записана во временный файл: C:\Users\22200490\AppData\Local\Temp\tmpgrlitzbp_viz_3d.html
2025-09-27 09:21:45 - ROBOTY.visualizer - INFO - Визуализация открыта в браузере из временного файла
2025-09-27 09:21:46 - ROBOTY.main - INFO - Визуализация успешно завершена (в фоне, временный файл будет удалён автоматически)
2025-09-27 09:22:38 - ROBOTY.visualizer - INFO - Временный файл визуализации удалён: C:\Users\22200490\AppData\Local\Temp\tmpgrlitzbp_viz_3d.html
