2025-09-23 16:47:37 - ROBOTY.main - INFO - Запуск приложения ROBOTY
2025-09-23 16:47:37 - ROBOTY.main - INFO - Применена тема: light
2025-09-23 16:47:37 - ROBOTY.main - INFO - Интерфейс инициализирован
2025-09-23 16:47:37 - ROBOTY.main - INFO - Приложение успешно запущено
2025-09-23 16:47:41 - ROBOTY.main - INFO - Применена тема: dark
2025-09-23 16:47:41 - ROBOTY.main - INFO - Переключение темы: dark -> dark
2025-09-23 16:48:04 - ROBOTY.main - INFO - Создан входной файл: C:\Users\22200490\.cursor\ROBOTY\data\input_20250923_164753.json
2025-09-23 16:48:04 - ROBOTY.parser - INFO - Начинаем загрузку файла: C:\Users\22200490\.cursor\ROBOTY\data\input_20250923_164753.json
2025-09-23 16:48:04 - ROBOTY.parser - INFO - Файл C:\Users\22200490\.cursor\ROBOTY\data\input_20250923_164753.json успешно загружен
2025-09-23 16:48:04 - ROBOTY.parser - DEBUG - Робот 1 успешно загружен
2025-09-23 16:48:04 - ROBOTY.parser - DEBUG - Робот 2 успешно загружен
2025-09-23 16:48:04 - ROBOTY.parser - DEBUG - Операция 1 успешно загружена
2025-09-23 16:48:04 - ROBOTY.parser - DEBUG - Операция 2 успешно загружена
2025-09-23 16:48:04 - ROBOTY.parser - DEBUG - Операция 3 успешно загружена
2025-09-23 16:48:04 - ROBOTY.parser - DEBUG - Операция 4 успешно загружена
2025-09-23 16:48:04 - ROBOTY.parser - DEBUG - Операция 5 успешно загружена
2025-09-23 16:48:04 - ROBOTY.parser - DEBUG - Операция 6 успешно загружена
2025-09-23 16:48:04 - ROBOTY.parser - DEBUG - Операция 7 успешно загружена
2025-09-23 16:48:04 - ROBOTY.parser - DEBUG - Операция 8 успешно загружена
2025-09-23 16:48:04 - ROBOTY.parser - DEBUG - Операция 9 успешно загружена
2025-09-23 16:48:04 - ROBOTY.parser - DEBUG - Операция 10 успешно загружена
2025-09-23 16:48:04 - ROBOTY.parser - DEBUG - Операция 11 успешно загружена
2025-09-23 16:48:04 - ROBOTY.parser - DEBUG - Операция 12 успешно загружена
2025-09-23 16:48:04 - ROBOTY.parser - DEBUG - Операция 13 успешно загружена
2025-09-23 16:48:04 - ROBOTY.parser - DEBUG - Операция 14 успешно загружена
2025-09-23 16:48:04 - ROBOTY.parser - DEBUG - Операция 15 успешно загружена
2025-09-23 16:48:04 - ROBOTY.parser - DEBUG - Операция 16 успешно загружена
2025-09-23 16:48:04 - ROBOTY.parser - DEBUG - Операция 17 успешно загружена
2025-09-23 16:48:04 - ROBOTY.parser - DEBUG - Операция 18 успешно загружена
2025-09-23 16:48:04 - ROBOTY.parser - DEBUG - Операция 19 успешно загружена
2025-09-23 16:48:04 - ROBOTY.parser - DEBUG - Операция 20 успешно загружена
2025-09-23 16:48:04 - ROBOTY.parser - INFO - Загружено 2 роботов и 20 операций
2025-09-23 16:48:07 - ROBOTY.main - INFO - Запуск планировщика
2025-09-23 16:48:07 - ROBOTY.planner - INFO - Запуск планировщика траекторий
2025-09-23 16:48:07 - ROBOTY.assigner - INFO - Начинаем назначение операций методом: balanced
2025-09-23 16:48:07 - ROBOTY.assigner - DEBUG - Операция 0 назначена роботу 0 (нагрузка: 9.75)
2025-09-23 16:48:07 - ROBOTY.assigner - DEBUG - Операция 1 назначена роботу 1 (нагрузка: 10.25)
2025-09-23 16:48:07 - ROBOTY.assigner - DEBUG - Операция 2 назначена роботу 0 (нагрузка: 22.89)
2025-09-23 16:48:07 - ROBOTY.assigner - DEBUG - Операция 3 назначена роботу 1 (нагрузка: 20.32)
2025-09-23 16:48:07 - ROBOTY.assigner - DEBUG - Операция 4 назначена роботу 1 (нагрузка: 29.12)
2025-09-23 16:48:07 - ROBOTY.assigner - DEBUG - Операция 5 назначена роботу 0 (нагрузка: 29.63)
2025-09-23 16:48:07 - ROBOTY.assigner - DEBUG - Операция 6 назначена роботу 1 (нагрузка: 35.89)
2025-09-23 16:48:07 - ROBOTY.assigner - DEBUG - Операция 7 назначена роботу 0 (нагрузка: 37.21)
2025-09-23 16:48:07 - ROBOTY.assigner - DEBUG - Операция 8 назначена роботу 1 (нагрузка: 45.23)
2025-09-23 16:48:07 - ROBOTY.assigner - DEBUG - Операция 9 назначена роботу 0 (нагрузка: 51.09)
2025-09-23 16:48:07 - ROBOTY.assigner - DEBUG - Операция 10 назначена роботу 1 (нагрузка: 55.94)
2025-09-23 16:48:07 - ROBOTY.assigner - DEBUG - Операция 11 назначена роботу 0 (нагрузка: 66.58)
2025-09-23 16:48:07 - ROBOTY.assigner - DEBUG - Операция 12 назначена роботу 1 (нагрузка: 73.76)
2025-09-23 16:48:07 - ROBOTY.assigner - DEBUG - Операция 13 назначена роботу 0 (нагрузка: 73.92)
2025-09-23 16:48:07 - ROBOTY.assigner - DEBUG - Операция 14 назначена роботу 1 (нагрузка: 82.75)
2025-09-23 16:48:07 - ROBOTY.assigner - DEBUG - Операция 15 назначена роботу 0 (нагрузка: 84.31)
2025-09-23 16:48:07 - ROBOTY.assigner - DEBUG - Операция 16 назначена роботу 1 (нагрузка: 93.43)
2025-09-23 16:48:07 - ROBOTY.assigner - DEBUG - Операция 17 назначена роботу 0 (нагрузка: 88.47)
2025-09-23 16:48:07 - ROBOTY.assigner - DEBUG - Операция 18 назначена роботу 0 (нагрузка: 98.69)
2025-09-23 16:48:07 - ROBOTY.assigner - DEBUG - Операция 19 назначена роботу 1 (нагрузка: 104.42)
2025-09-23 16:48:07 - ROBOTY.assigner - INFO - Распределено 20 операций с балансировкой нагрузки
2025-09-23 16:48:07 - ROBOTY.assigner - INFO - Итоговые нагрузки роботов: ['98.69', '104.42']
2025-09-23 16:48:07 - ROBOTY.assigner - INFO - Робот 0: 10 операций, нагрузка 98.69
2025-09-23 16:48:07 - ROBOTY.assigner - INFO - Робот 1: 10 операций, нагрузка 104.42
2025-09-23 16:48:07 - ROBOTY.planner - INFO - Операции назначены методом: balanced
2025-09-23 16:48:07 - ROBOTY.planner - INFO - Планирование траектории для робота 1 (ID: 1) с 10 операциями
2025-09-23 16:48:07 - ROBOTY.planner - DEBUG - Планирование траектории для робота с 10 операциями
2025-09-23 16:48:07 - ROBOTY.planner - DEBUG - Операция 1 запланирована, время завершения: 11.72
2025-09-23 16:48:07 - ROBOTY.planner - DEBUG - Операция 2 запланирована, время завершения: 21.84
2025-09-23 16:48:07 - ROBOTY.planner - DEBUG - Операция 3 запланирована, время завершения: 33.01
2025-09-23 16:48:07 - ROBOTY.planner - DEBUG - Операция 4 запланирована, время завершения: 40.76
2025-09-23 16:48:07 - ROBOTY.planner - DEBUG - Операция 5 запланирована, время завершения: 53.53
2025-09-23 16:48:07 - ROBOTY.planner - DEBUG - Операция 6 запланирована, время завершения: 66.85
2025-09-23 16:48:07 - ROBOTY.planner - DEBUG - Операция 7 запланирована, время завершения: 78.79
2025-09-23 16:48:07 - ROBOTY.planner - DEBUG - Операция 8 запланирована, время завершения: 90.85
2025-09-23 16:48:07 - ROBOTY.planner - DEBUG - Операция 9 запланирована, время завершения: 98.16
2025-09-23 16:48:07 - ROBOTY.planner - DEBUG - Операция 10 запланирована, время завершения: 108.64
2025-09-23 16:48:07 - ROBOTY.planner - INFO - Траектория робота запланирована, общее время: 108.64
2025-09-23 16:48:07 - ROBOTY.planner - INFO - Робот 1: траектория содержит 240 точек
2025-09-23 16:48:07 - ROBOTY.planner - INFO - Планирование траектории для робота 2 (ID: 2) с 10 операциями
2025-09-23 16:48:07 - ROBOTY.planner - DEBUG - Планирование траектории для робота с 10 операциями
2025-09-23 16:48:07 - ROBOTY.planner - DEBUG - Операция 1 запланирована, время завершения: 12.22
2025-09-23 16:48:07 - ROBOTY.planner - DEBUG - Операция 2 запланирована, время завершения: 25.01
2025-09-23 16:48:07 - ROBOTY.planner - DEBUG - Операция 3 запланирована, время завершения: 41.70
2025-09-23 16:48:07 - ROBOTY.planner - DEBUG - Операция 4 запланирована, время завершения: 51.77
2025-09-23 16:48:07 - ROBOTY.planner - DEBUG - Операция 5 запланирована, время завершения: 59.72
2025-09-23 16:48:07 - ROBOTY.planner - DEBUG - Операция 6 запланирована, время завершения: 77.45
2025-09-23 16:48:07 - ROBOTY.planner - DEBUG - Операция 7 запланирована, время завершения: 99.41
2025-09-23 16:48:07 - ROBOTY.planner - DEBUG - Операция 8 запланирована, время завершения: 106.08
2025-09-23 16:48:07 - ROBOTY.planner - DEBUG - Операция 9 запланирована, время завершения: 117.17
2025-09-23 16:48:07 - ROBOTY.planner - DEBUG - Операция 10 запланирована, время завершения: 134.77
2025-09-23 16:48:07 - ROBOTY.planner - INFO - Траектория робота запланирована, общее время: 134.77
2025-09-23 16:48:07 - ROBOTY.planner - INFO - Робот 2: траектория содержит 240 точек
2025-09-23 16:48:07 - ROBOTY.planner - INFO - Планирование завершено. Makespan: 134.77
2025-09-23 16:48:07 - ROBOTY.main - INFO - Планировщик успешно завершил работу
2025-09-23 16:48:07 - ROBOTY.collision - INFO - Начинаем детальную проверку коллизий
2025-09-23 16:48:07 - ROBOTY.collision - DEBUG - Проверяем коллизии в диапазоне времени: 0.00 - 134.77
2025-09-23 16:48:07 - ROBOTY.collision - INFO - Коллизий не обнаружено
2025-09-23 16:48:07 - ROBOTY.main - INFO - Коллизий не обнаружено
2025-09-23 16:48:10 - ROBOTY.main - INFO - Открытие визуализатора
2025-09-23 16:48:10 - ROBOTY.visualizer - INFO - Запуск визуализации типа: 3d_anim
2025-09-23 16:48:10 - ROBOTY.visualizer - INFO - Создание 3D анимации траекторий
2025-09-23 16:48:10 - ROBOTY.visualizer - INFO - Создание 3D визуализации траекторий
2025-09-23 16:48:10 - ROBOTY.visualizer - INFO - 3D визуализация создана
2025-09-23 16:48:10 - ROBOTY.mesh_loader - INFO - OBJ загружен: assets/robots/kuka/kr_360_fortec.obj, вершин=16, треугольников=24
2025-09-23 16:48:16 - ROBOTY.visualizer - INFO - Визуализация сохранена в файл: C:\Users\22200490\.cursor\ROBOTY\viz\..\outputs\visualizations\visualization_3d_anim_20250923_164816.html
2025-09-23 16:48:18 - ROBOTY.visualizer - INFO - Визуализация открыта в браузере
2025-09-23 16:48:18 - ROBOTY.main - INFO - Визуализация успешно завершена
2025-09-23 16:49:40 - ROBOTY.main - INFO - Запуск планировщика
2025-09-23 16:49:40 - ROBOTY.planner - INFO - Запуск планировщика траекторий
2025-09-23 16:49:40 - ROBOTY.assigner - INFO - Начинаем назначение операций методом: balanced
2025-09-23 16:49:40 - ROBOTY.assigner - DEBUG - Операция 0 назначена роботу 0 (нагрузка: 9.75)
2025-09-23 16:49:40 - ROBOTY.assigner - DEBUG - Операция 1 назначена роботу 1 (нагрузка: 10.25)
2025-09-23 16:49:40 - ROBOTY.assigner - DEBUG - Операция 2 назначена роботу 0 (нагрузка: 22.89)
2025-09-23 16:49:40 - ROBOTY.assigner - DEBUG - Операция 3 назначена роботу 1 (нагрузка: 20.32)
2025-09-23 16:49:40 - ROBOTY.assigner - DEBUG - Операция 4 назначена роботу 1 (нагрузка: 29.12)
2025-09-23 16:49:40 - ROBOTY.assigner - DEBUG - Операция 5 назначена роботу 0 (нагрузка: 29.63)
2025-09-23 16:49:40 - ROBOTY.assigner - DEBUG - Операция 6 назначена роботу 1 (нагрузка: 35.89)
2025-09-23 16:49:40 - ROBOTY.assigner - DEBUG - Операция 7 назначена роботу 0 (нагрузка: 37.21)
2025-09-23 16:49:40 - ROBOTY.assigner - DEBUG - Операция 8 назначена роботу 1 (нагрузка: 45.23)
2025-09-23 16:49:40 - ROBOTY.assigner - DEBUG - Операция 9 назначена роботу 0 (нагрузка: 51.09)
2025-09-23 16:49:40 - ROBOTY.assigner - DEBUG - Операция 10 назначена роботу 1 (нагрузка: 55.94)
2025-09-23 16:49:40 - ROBOTY.assigner - DEBUG - Операция 11 назначена роботу 0 (нагрузка: 66.58)
2025-09-23 16:49:40 - ROBOTY.assigner - DEBUG - Операция 12 назначена роботу 1 (нагрузка: 73.76)
2025-09-23 16:49:40 - ROBOTY.assigner - DEBUG - Операция 13 назначена роботу 0 (нагрузка: 73.92)
2025-09-23 16:49:40 - ROBOTY.assigner - DEBUG - Операция 14 назначена роботу 1 (нагрузка: 82.75)
2025-09-23 16:49:40 - ROBOTY.assigner - DEBUG - Операция 15 назначена роботу 0 (нагрузка: 84.31)
2025-09-23 16:49:40 - ROBOTY.assigner - DEBUG - Операция 16 назначена роботу 1 (нагрузка: 93.43)
2025-09-23 16:49:40 - ROBOTY.assigner - DEBUG - Операция 17 назначена роботу 0 (нагрузка: 88.47)
2025-09-23 16:49:40 - ROBOTY.assigner - DEBUG - Операция 18 назначена роботу 0 (нагрузка: 98.69)
2025-09-23 16:49:40 - ROBOTY.assigner - DEBUG - Операция 19 назначена роботу 1 (нагрузка: 104.42)
2025-09-23 16:49:40 - ROBOTY.assigner - INFO - Распределено 20 операций с балансировкой нагрузки
2025-09-23 16:49:40 - ROBOTY.assigner - INFO - Итоговые нагрузки роботов: ['98.69', '104.42']
2025-09-23 16:49:40 - ROBOTY.assigner - INFO - Робот 0: 10 операций, нагрузка 98.69
2025-09-23 16:49:40 - ROBOTY.assigner - INFO - Робот 1: 10 операций, нагрузка 104.42
2025-09-23 16:49:40 - ROBOTY.planner - INFO - Операции назначены методом: balanced
2025-09-23 16:49:40 - ROBOTY.planner - INFO - Планирование траектории для робота 1 (ID: 1) с 10 операциями
2025-09-23 16:49:40 - ROBOTY.planner - DEBUG - Планирование траектории для робота с 10 операциями
2025-09-23 16:49:40 - ROBOTY.planner - DEBUG - Операция 1 запланирована, время завершения: 11.72
2025-09-23 16:49:40 - ROBOTY.planner - DEBUG - Операция 2 запланирована, время завершения: 21.84
2025-09-23 16:49:40 - ROBOTY.planner - DEBUG - Операция 3 запланирована, время завершения: 33.01
2025-09-23 16:49:40 - ROBOTY.planner - DEBUG - Операция 4 запланирована, время завершения: 40.76
2025-09-23 16:49:40 - ROBOTY.planner - DEBUG - Операция 5 запланирована, время завершения: 53.53
2025-09-23 16:49:40 - ROBOTY.planner - DEBUG - Операция 6 запланирована, время завершения: 66.85
2025-09-23 16:49:40 - ROBOTY.planner - DEBUG - Операция 7 запланирована, время завершения: 78.79
2025-09-23 16:49:40 - ROBOTY.planner - DEBUG - Операция 8 запланирована, время завершения: 90.85
2025-09-23 16:49:40 - ROBOTY.planner - DEBUG - Операция 9 запланирована, время завершения: 98.16
2025-09-23 16:49:40 - ROBOTY.planner - DEBUG - Операция 10 запланирована, время завершения: 108.64
2025-09-23 16:49:40 - ROBOTY.planner - INFO - Траектория робота запланирована, общее время: 108.64
2025-09-23 16:49:40 - ROBOTY.planner - INFO - Робот 1: траектория содержит 240 точек
2025-09-23 16:49:40 - ROBOTY.planner - INFO - Планирование траектории для робота 2 (ID: 2) с 10 операциями
2025-09-23 16:49:40 - ROBOTY.planner - DEBUG - Планирование траектории для робота с 10 операциями
2025-09-23 16:49:40 - ROBOTY.planner - DEBUG - Операция 1 запланирована, время завершения: 12.22
2025-09-23 16:49:40 - ROBOTY.planner - DEBUG - Операция 2 запланирована, время завершения: 25.01
2025-09-23 16:49:40 - ROBOTY.planner - DEBUG - Операция 3 запланирована, время завершения: 41.70
2025-09-23 16:49:40 - ROBOTY.planner - DEBUG - Операция 4 запланирована, время завершения: 51.77
2025-09-23 16:49:40 - ROBOTY.planner - DEBUG - Операция 5 запланирована, время завершения: 59.72
2025-09-23 16:49:40 - ROBOTY.planner - DEBUG - Операция 6 запланирована, время завершения: 77.45
2025-09-23 16:49:40 - ROBOTY.planner - DEBUG - Операция 7 запланирована, время завершения: 99.41
2025-09-23 16:49:40 - ROBOTY.planner - DEBUG - Операция 8 запланирована, время завершения: 106.08
2025-09-23 16:49:40 - ROBOTY.planner - DEBUG - Операция 9 запланирована, время завершения: 117.17
2025-09-23 16:49:40 - ROBOTY.planner - DEBUG - Операция 10 запланирована, время завершения: 134.77
2025-09-23 16:49:40 - ROBOTY.planner - INFO - Траектория робота запланирована, общее время: 134.77
2025-09-23 16:49:40 - ROBOTY.planner - INFO - Робот 2: траектория содержит 240 точек
2025-09-23 16:49:40 - ROBOTY.planner - INFO - Планирование завершено. Makespan: 134.77
2025-09-23 16:49:40 - ROBOTY.main - INFO - Планировщик успешно завершил работу
2025-09-23 16:49:40 - ROBOTY.collision - INFO - Начинаем детальную проверку коллизий
2025-09-23 16:49:40 - ROBOTY.collision - DEBUG - Проверяем коллизии в диапазоне времени: 0.00 - 134.77
2025-09-23 16:49:40 - ROBOTY.collision - INFO - Коллизий не обнаружено
2025-09-23 16:49:40 - ROBOTY.main - INFO - Коллизий не обнаружено
2025-09-23 16:49:43 - ROBOTY.main - INFO - Открытие визуализатора
2025-09-23 16:49:43 - ROBOTY.visualizer - INFO - Запуск визуализации типа: 3d_anim
2025-09-23 16:49:43 - ROBOTY.visualizer - INFO - Создание 3D анимации траекторий
2025-09-23 16:49:43 - ROBOTY.visualizer - INFO - Создание 3D визуализации траекторий
2025-09-23 16:49:43 - ROBOTY.visualizer - INFO - 3D визуализация создана
2025-09-23 16:49:43 - ROBOTY.mesh_loader - INFO - OBJ загружен: assets/robots/kuka/kr_quantec.obj, вершин=16, треугольников=24
2025-09-23 16:49:49 - ROBOTY.visualizer - INFO - Визуализация сохранена в файл: C:\Users\22200490\.cursor\ROBOTY\viz\..\outputs\visualizations\visualization_3d_anim_20250923_164948.html
2025-09-23 16:49:50 - ROBOTY.visualizer - INFO - Визуализация открыта в браузере
2025-09-23 16:49:50 - ROBOTY.main - INFO - Визуализация успешно завершена
2025-09-23 16:50:47 - ROBOTY.main - INFO - Запуск планировщика
2025-09-23 16:50:47 - ROBOTY.planner - INFO - Запуск планировщика траекторий
2025-09-23 16:50:47 - ROBOTY.assigner - INFO - Начинаем назначение операций методом: balanced
2025-09-23 16:50:47 - ROBOTY.assigner - DEBUG - Операция 0 назначена роботу 0 (нагрузка: 9.75)
2025-09-23 16:50:47 - ROBOTY.assigner - DEBUG - Операция 1 назначена роботу 1 (нагрузка: 10.25)
2025-09-23 16:50:47 - ROBOTY.assigner - DEBUG - Операция 2 назначена роботу 0 (нагрузка: 22.89)
2025-09-23 16:50:47 - ROBOTY.assigner - DEBUG - Операция 3 назначена роботу 1 (нагрузка: 20.32)
2025-09-23 16:50:47 - ROBOTY.assigner - DEBUG - Операция 4 назначена роботу 1 (нагрузка: 29.12)
2025-09-23 16:50:47 - ROBOTY.assigner - DEBUG - Операция 5 назначена роботу 0 (нагрузка: 29.63)
2025-09-23 16:50:47 - ROBOTY.assigner - DEBUG - Операция 6 назначена роботу 1 (нагрузка: 35.89)
2025-09-23 16:50:47 - ROBOTY.assigner - DEBUG - Операция 7 назначена роботу 0 (нагрузка: 37.21)
2025-09-23 16:50:47 - ROBOTY.assigner - DEBUG - Операция 8 назначена роботу 1 (нагрузка: 45.23)
2025-09-23 16:50:47 - ROBOTY.assigner - DEBUG - Операция 9 назначена роботу 0 (нагрузка: 51.09)
2025-09-23 16:50:47 - ROBOTY.assigner - DEBUG - Операция 10 назначена роботу 1 (нагрузка: 55.94)
2025-09-23 16:50:47 - ROBOTY.assigner - DEBUG - Операция 11 назначена роботу 0 (нагрузка: 66.58)
2025-09-23 16:50:47 - ROBOTY.assigner - DEBUG - Операция 12 назначена роботу 1 (нагрузка: 73.76)
2025-09-23 16:50:47 - ROBOTY.assigner - DEBUG - Операция 13 назначена роботу 0 (нагрузка: 73.92)
2025-09-23 16:50:47 - ROBOTY.assigner - DEBUG - Операция 14 назначена роботу 1 (нагрузка: 82.75)
2025-09-23 16:50:47 - ROBOTY.assigner - DEBUG - Операция 15 назначена роботу 0 (нагрузка: 84.31)
2025-09-23 16:50:47 - ROBOTY.assigner - DEBUG - Операция 16 назначена роботу 1 (нагрузка: 93.43)
2025-09-23 16:50:47 - ROBOTY.assigner - DEBUG - Операция 17 назначена роботу 0 (нагрузка: 88.47)
2025-09-23 16:50:47 - ROBOTY.assigner - DEBUG - Операция 18 назначена роботу 0 (нагрузка: 98.69)
2025-09-23 16:50:47 - ROBOTY.assigner - DEBUG - Операция 19 назначена роботу 1 (нагрузка: 104.42)
2025-09-23 16:50:47 - ROBOTY.assigner - INFO - Распределено 20 операций с балансировкой нагрузки
2025-09-23 16:50:47 - ROBOTY.assigner - INFO - Итоговые нагрузки роботов: ['98.69', '104.42']
2025-09-23 16:50:47 - ROBOTY.assigner - INFO - Робот 0: 10 операций, нагрузка 98.69
2025-09-23 16:50:47 - ROBOTY.assigner - INFO - Робот 1: 10 операций, нагрузка 104.42
2025-09-23 16:50:47 - ROBOTY.planner - INFO - Операции назначены методом: balanced
2025-09-23 16:50:47 - ROBOTY.planner - INFO - Планирование траектории для робота 1 (ID: 1) с 10 операциями
2025-09-23 16:50:47 - ROBOTY.planner - DEBUG - Планирование траектории для робота с 10 операциями
2025-09-23 16:50:47 - ROBOTY.planner - DEBUG - Операция 1 запланирована, время завершения: 11.72
2025-09-23 16:50:47 - ROBOTY.planner - DEBUG - Операция 2 запланирована, время завершения: 21.84
2025-09-23 16:50:47 - ROBOTY.planner - DEBUG - Операция 3 запланирована, время завершения: 33.01
2025-09-23 16:50:47 - ROBOTY.planner - DEBUG - Операция 4 запланирована, время завершения: 40.76
2025-09-23 16:50:47 - ROBOTY.planner - DEBUG - Операция 5 запланирована, время завершения: 53.53
2025-09-23 16:50:47 - ROBOTY.planner - DEBUG - Операция 6 запланирована, время завершения: 66.85
2025-09-23 16:50:47 - ROBOTY.planner - DEBUG - Операция 7 запланирована, время завершения: 78.79
2025-09-23 16:50:47 - ROBOTY.planner - DEBUG - Операция 8 запланирована, время завершения: 90.85
2025-09-23 16:50:47 - ROBOTY.planner - DEBUG - Операция 9 запланирована, время завершения: 98.16
2025-09-23 16:50:47 - ROBOTY.planner - DEBUG - Операция 10 запланирована, время завершения: 108.64
2025-09-23 16:50:47 - ROBOTY.planner - INFO - Траектория робота запланирована, общее время: 108.64
2025-09-23 16:50:47 - ROBOTY.planner - INFO - Робот 1: траектория содержит 240 точек
2025-09-23 16:50:47 - ROBOTY.planner - INFO - Планирование траектории для робота 2 (ID: 2) с 10 операциями
2025-09-23 16:50:47 - ROBOTY.planner - DEBUG - Планирование траектории для робота с 10 операциями
2025-09-23 16:50:47 - ROBOTY.planner - DEBUG - Операция 1 запланирована, время завершения: 12.22
2025-09-23 16:50:47 - ROBOTY.planner - DEBUG - Операция 2 запланирована, время завершения: 25.01
2025-09-23 16:50:47 - ROBOTY.planner - DEBUG - Операция 3 запланирована, время завершения: 41.70
2025-09-23 16:50:47 - ROBOTY.planner - DEBUG - Операция 4 запланирована, время завершения: 51.77
2025-09-23 16:50:47 - ROBOTY.planner - DEBUG - Операция 5 запланирована, время завершения: 59.72
2025-09-23 16:50:47 - ROBOTY.planner - DEBUG - Операция 6 запланирована, время завершения: 77.45
2025-09-23 16:50:47 - ROBOTY.planner - DEBUG - Операция 7 запланирована, время завершения: 99.41
2025-09-23 16:50:47 - ROBOTY.planner - DEBUG - Операция 8 запланирована, время завершения: 106.08
2025-09-23 16:50:47 - ROBOTY.planner - DEBUG - Операция 9 запланирована, время завершения: 117.17
2025-09-23 16:50:47 - ROBOTY.planner - DEBUG - Операция 10 запланирована, время завершения: 134.77
2025-09-23 16:50:47 - ROBOTY.planner - INFO - Траектория робота запланирована, общее время: 134.77
2025-09-23 16:50:47 - ROBOTY.planner - INFO - Робот 2: траектория содержит 240 точек
2025-09-23 16:50:47 - ROBOTY.planner - INFO - Планирование завершено. Makespan: 134.77
2025-09-23 16:50:47 - ROBOTY.main - INFO - Планировщик успешно завершил работу
2025-09-23 16:50:47 - ROBOTY.collision - INFO - Начинаем детальную проверку коллизий
2025-09-23 16:50:47 - ROBOTY.collision - DEBUG - Проверяем коллизии в диапазоне времени: 0.00 - 134.77
2025-09-23 16:50:47 - ROBOTY.collision - INFO - Коллизий не обнаружено
2025-09-23 16:50:47 - ROBOTY.main - INFO - Коллизий не обнаружено
2025-09-23 16:50:48 - ROBOTY.main - INFO - Открытие визуализатора
2025-09-23 16:50:48 - ROBOTY.visualizer - INFO - Запуск визуализации типа: 3d_anim
2025-09-23 16:50:48 - ROBOTY.visualizer - INFO - Создание 3D анимации траекторий
2025-09-23 16:50:48 - ROBOTY.visualizer - INFO - Создание 3D визуализации траекторий
2025-09-23 16:50:48 - ROBOTY.visualizer - INFO - 3D визуализация создана
2025-09-23 16:50:48 - ROBOTY.mesh_loader - INFO - OBJ загружен: assets/robots/kuka/kr_300.obj, вершин=16, треугольников=24
2025-09-23 16:50:54 - ROBOTY.visualizer - INFO - Визуализация сохранена в файл: C:\Users\22200490\.cursor\ROBOTY\viz\..\outputs\visualizations\visualization_3d_anim_20250923_165053.html
2025-09-23 16:50:55 - ROBOTY.visualizer - INFO - Визуализация открыта в браузере
2025-09-23 16:50:55 - ROBOTY.main - INFO - Визуализация успешно завершена
