2025-09-27 10:45:58 - ROBOTY.main - INFO - Запуск приложения ROBOTY
2025-09-27 10:45:58 - ROBOTY.main - INFO - Применена тема: dark
2025-09-27 10:45:58 - ROBOTY.main - INFO - Интерфейс инициализирован
2025-09-27 10:45:58 - ROBOTY.main - INFO - Приложение успешно запущено
2025-09-27 10:46:15 - ROBOTY.main - INFO - Создан входной файл: C:\Users\22200490\.cursor\ROBOTY-main\data\input_20250927_104600.json
2025-09-27 10:46:15 - ROBOTY.parser - INFO - Начинаем загрузку файла: C:\Users\22200490\.cursor\ROBOTY-main\data\input_20250927_104600.json
2025-09-27 10:46:15 - ROBOTY.parser - INFO - Файл C:\Users\22200490\.cursor\ROBOTY-main\data\input_20250927_104600.json успешно загружен
2025-09-27 10:46:15 - ROBOTY.parser - DEBUG - Робот 1 успешно загружен
2025-09-27 10:46:15 - ROBOTY.parser - DEBUG - Робот 2 успешно загружен
2025-09-27 10:46:15 - ROBOTY.parser - DEBUG - Робот 3 успешно загружен
2025-09-27 10:46:15 - ROBOTY.parser - DEBUG - Робот 4 успешно загружен
2025-09-27 10:46:15 - ROBOTY.parser - DEBUG - Операция 1 успешно загружена
2025-09-27 10:46:15 - ROBOTY.parser - DEBUG - Операция 2 успешно загружена
2025-09-27 10:46:15 - ROBOTY.parser - DEBUG - Операция 3 успешно загружена
2025-09-27 10:46:15 - ROBOTY.parser - DEBUG - Операция 4 успешно загружена
2025-09-27 10:46:15 - ROBOTY.parser - DEBUG - Операция 5 успешно загружена
2025-09-27 10:46:15 - ROBOTY.parser - DEBUG - Операция 6 успешно загружена
2025-09-27 10:46:15 - ROBOTY.parser - DEBUG - Операция 7 успешно загружена
2025-09-27 10:46:15 - ROBOTY.parser - DEBUG - Операция 8 успешно загружена
2025-09-27 10:46:15 - ROBOTY.parser - DEBUG - Операция 9 успешно загружена
2025-09-27 10:46:15 - ROBOTY.parser - DEBUG - Операция 10 успешно загружена
2025-09-27 10:46:15 - ROBOTY.parser - DEBUG - Операция 11 успешно загружена
2025-09-27 10:46:15 - ROBOTY.parser - DEBUG - Операция 12 успешно загружена
2025-09-27 10:46:15 - ROBOTY.parser - DEBUG - Операция 13 успешно загружена
2025-09-27 10:46:15 - ROBOTY.parser - DEBUG - Операция 14 успешно загружена
2025-09-27 10:46:15 - ROBOTY.parser - DEBUG - Операция 15 успешно загружена
2025-09-27 10:46:15 - ROBOTY.parser - DEBUG - Операция 16 успешно загружена
2025-09-27 10:46:15 - ROBOTY.parser - DEBUG - Операция 17 успешно загружена
2025-09-27 10:46:15 - ROBOTY.parser - DEBUG - Операция 18 успешно загружена
2025-09-27 10:46:15 - ROBOTY.parser - DEBUG - Операция 19 успешно загружена
2025-09-27 10:46:15 - ROBOTY.parser - DEBUG - Операция 20 успешно загружена
2025-09-27 10:46:15 - ROBOTY.parser - DEBUG - Операция 21 успешно загружена
2025-09-27 10:46:15 - ROBOTY.parser - DEBUG - Операция 22 успешно загружена
2025-09-27 10:46:15 - ROBOTY.parser - DEBUG - Операция 23 успешно загружена
2025-09-27 10:46:15 - ROBOTY.parser - DEBUG - Операция 24 успешно загружена
2025-09-27 10:46:15 - ROBOTY.parser - DEBUG - Операция 25 успешно загружена
2025-09-27 10:46:15 - ROBOTY.parser - DEBUG - Операция 26 успешно загружена
2025-09-27 10:46:15 - ROBOTY.parser - DEBUG - Операция 27 успешно загружена
2025-09-27 10:46:15 - ROBOTY.parser - DEBUG - Операция 28 успешно загружена
2025-09-27 10:46:15 - ROBOTY.parser - DEBUG - Операция 29 успешно загружена
2025-09-27 10:46:15 - ROBOTY.parser - DEBUG - Операция 30 успешно загружена
2025-09-27 10:46:15 - ROBOTY.parser - INFO - Загружено 4 роботов и 30 операций
2025-09-27 10:46:21 - ROBOTY.main - INFO - Запуск планировщика
2025-09-27 10:46:21 - ROBOTY.planner - INFO - Запуск планировщика траекторий
2025-09-27 10:46:21 - ROBOTY.assigner - INFO - Начинаем назначение операций методом: balanced
2025-09-27 10:46:21 - ROBOTY.assigner - DEBUG - Операция 0 назначена роботу 2 (нагрузка: 7.73)
2025-09-27 10:46:21 - ROBOTY.assigner - DEBUG - Операция 1 назначена роботу 1 (нагрузка: 9.23)
2025-09-27 10:46:21 - ROBOTY.assigner - DEBUG - Операция 2 назначена роботу 3 (нагрузка: 7.99)
2025-09-27 10:46:21 - ROBOTY.assigner - DEBUG - Операция 3 назначена роботу 0 (нагрузка: 10.02)
2025-09-27 10:46:21 - ROBOTY.assigner - DEBUG - Операция 4 назначена роботу 1 (нагрузка: 18.36)
2025-09-27 10:46:21 - ROBOTY.assigner - DEBUG - Операция 5 назначена роботу 2 (нагрузка: 20.07)
2025-09-27 10:46:21 - ROBOTY.assigner - DEBUG - Операция 6 назначена роботу 3 (нагрузка: 20.32)
2025-09-27 10:46:21 - ROBOTY.assigner - DEBUG - Операция 7 назначена роботу 0 (нагрузка: 19.94)
2025-09-27 10:46:21 - ROBOTY.assigner - DEBUG - Операция 8 назначена роботу 1 (нагрузка: 25.60)
2025-09-27 10:46:21 - ROBOTY.assigner - DEBUG - Операция 9 назначена роботу 2 (нагрузка: 30.05)
2025-09-27 10:46:21 - ROBOTY.assigner - DEBUG - Операция 10 назначена роботу 3 (нагрузка: 32.41)
2025-09-27 10:46:21 - ROBOTY.assigner - DEBUG - Операция 11 назначена роботу 0 (нагрузка: 36.64)
2025-09-27 10:46:21 - ROBOTY.assigner - DEBUG - Операция 12 назначена роботу 1 (нагрузка: 34.01)
2025-09-27 10:46:21 - ROBOTY.assigner - DEBUG - Операция 13 назначена роботу 2 (нагрузка: 37.32)
2025-09-27 10:46:21 - ROBOTY.assigner - DEBUG - Операция 14 назначена роботу 1 (нагрузка: 43.76)
2025-09-27 10:46:21 - ROBOTY.assigner - DEBUG - Операция 15 назначена роботу 0 (нагрузка: 45.46)
2025-09-27 10:46:21 - ROBOTY.assigner - DEBUG - Операция 16 назначена роботу 2 (нагрузка: 47.03)
2025-09-27 10:46:21 - ROBOTY.assigner - DEBUG - Операция 17 назначена роботу 3 (нагрузка: 43.10)
2025-09-27 10:46:21 - ROBOTY.assigner - DEBUG - Операция 18 назначена роботу 1 (нагрузка: 54.74)
2025-09-27 10:46:21 - ROBOTY.assigner - DEBUG - Операция 19 назначена роботу 3 (нагрузка: 55.99)
2025-09-27 10:46:21 - ROBOTY.assigner - DEBUG - Операция 20 назначена роботу 2 (нагрузка: 53.56)
2025-09-27 10:46:21 - ROBOTY.assigner - DEBUG - Операция 21 назначена роботу 0 (нагрузка: 61.47)
2025-09-27 10:46:21 - ROBOTY.assigner - DEBUG - Операция 22 назначена роботу 2 (нагрузка: 61.36)
2025-09-27 10:46:21 - ROBOTY.assigner - DEBUG - Операция 23 назначена роботу 1 (нагрузка: 65.74)
2025-09-27 10:46:21 - ROBOTY.assigner - DEBUG - Операция 24 назначена роботу 2 (нагрузка: 69.76)
2025-09-27 10:46:21 - ROBOTY.assigner - DEBUG - Операция 25 назначена роботу 3 (нагрузка: 61.92)
2025-09-27 10:46:21 - ROBOTY.assigner - DEBUG - Операция 26 назначена роботу 0 (нагрузка: 69.99)
2025-09-27 10:46:21 - ROBOTY.assigner - DEBUG - Операция 27 назначена роботу 3 (нагрузка: 70.85)
2025-09-27 10:46:21 - ROBOTY.assigner - DEBUG - Операция 28 назначена роботу 1 (нагрузка: 74.28)
2025-09-27 10:46:21 - ROBOTY.assigner - DEBUG - Операция 29 назначена роботу 2 (нагрузка: 77.38)
2025-09-27 10:46:21 - ROBOTY.assigner - INFO - Распределено 30 операций с балансировкой нагрузки
2025-09-27 10:46:21 - ROBOTY.assigner - INFO - Итоговые нагрузки роботов: ['69.99', '74.28', '77.38', '70.85']
2025-09-27 10:46:21 - ROBOTY.assigner - INFO - Робот 0: 6 операций, нагрузка 69.99
2025-09-27 10:46:21 - ROBOTY.assigner - INFO - Робот 1: 8 операций, нагрузка 74.28
2025-09-27 10:46:21 - ROBOTY.assigner - INFO - Робот 2: 9 операций, нагрузка 77.38
2025-09-27 10:46:21 - ROBOTY.assigner - INFO - Робот 3: 7 операций, нагрузка 70.85
2025-09-27 10:46:21 - ROBOTY.planner - INFO - Операции назначены методом: balanced
2025-09-27 10:46:21 - ROBOTY.planner - INFO - Планирование траектории для робота 1 (ID: 1) с 6 операциями
2025-09-27 10:46:21 - ROBOTY.planner - DEBUG - Планирование траектории для робота с 6 операциями
2025-09-27 10:46:21 - ROBOTY.planner - DEBUG - Операция 1 запланирована, время завершения: 11.84
2025-09-27 10:46:21 - ROBOTY.planner - DEBUG - Операция 2 запланирована, время завершения: 21.63
2025-09-27 10:46:21 - ROBOTY.planner - DEBUG - Операция 3 запланирована, время завершения: 37.41
2025-09-27 10:46:21 - ROBOTY.planner - DEBUG - Операция 4 запланирована, время завершения: 44.17
2025-09-27 10:46:21 - ROBOTY.planner - DEBUG - Операция 5 запланирована, время завершения: 57.46
2025-09-27 10:46:21 - ROBOTY.planner - DEBUG - Операция 6 запланирована, время завершения: 69.47
2025-09-27 10:46:21 - ROBOTY.planner - INFO - Траектория робота запланирована, общее время: 69.47
2025-09-27 10:46:21 - ROBOTY.planner - INFO - Робот 1: траектория содержит 144 точек
2025-09-27 10:46:21 - ROBOTY.planner - INFO - Планирование траектории для робота 2 (ID: 2) с 8 операциями
2025-09-27 10:46:21 - ROBOTY.planner - DEBUG - Планирование траектории для робота с 8 операциями
2025-09-27 10:46:21 - ROBOTY.planner - DEBUG - Операция 1 запланирована, время завершения: 10.79
2025-09-27 10:46:21 - ROBOTY.planner - DEBUG - Операция 2 запланирована, время завершения: 25.02
2025-09-27 10:46:21 - ROBOTY.planner - DEBUG - Операция 3 запланирована, время завершения: 35.66
2025-09-27 10:46:21 - ROBOTY.planner - DEBUG - Операция 4 запланирована, время завершения: 44.88
2025-09-27 10:46:21 - ROBOTY.planner - DEBUG - Операция 5 запланирована, время завершения: 60.20
2025-09-27 10:46:21 - ROBOTY.planner - DEBUG - Операция 6 запланирована, время завершения: 73.37
2025-09-27 10:46:21 - ROBOTY.planner - DEBUG - Операция 7 запланирована, время завершения: 79.56
2025-09-27 10:46:21 - ROBOTY.planner - DEBUG - Операция 8 запланирована, время завершения: 87.52
2025-09-27 10:46:21 - ROBOTY.planner - INFO - Траектория робота запланирована, общее время: 87.52
2025-09-27 10:46:21 - ROBOTY.planner - INFO - Робот 2: траектория содержит 192 точек
2025-09-27 10:46:21 - ROBOTY.planner - INFO - Планирование траектории для робота 3 (ID: 3) с 9 операциями
2025-09-27 10:46:21 - ROBOTY.planner - DEBUG - Планирование траектории для робота с 9 операциями
2025-09-27 10:46:21 - ROBOTY.planner - DEBUG - Операция 1 запланирована, время завершения: 9.70
2025-09-27 10:46:21 - ROBOTY.planner - DEBUG - Операция 2 запланирована, время завершения: 21.40
2025-09-27 10:46:21 - ROBOTY.planner - DEBUG - Операция 3 запланирована, время завершения: 33.65
2025-09-27 10:46:21 - ROBOTY.planner - DEBUG - Операция 4 запланирована, время завершения: 45.35
2025-09-27 10:46:21 - ROBOTY.planner - DEBUG - Операция 5 запланирована, время завершения: 56.03
2025-09-27 10:46:21 - ROBOTY.planner - DEBUG - Операция 6 запланирована, время завершения: 62.08
2025-09-27 10:46:21 - ROBOTY.planner - DEBUG - Операция 7 запланирована, время завершения: 69.30
2025-09-27 10:46:21 - ROBOTY.planner - DEBUG - Операция 8 запланирована, время завершения: 80.39
2025-09-27 10:46:21 - ROBOTY.planner - DEBUG - Операция 9 запланирована, время завершения: 91.22
2025-09-27 10:46:21 - ROBOTY.planner - INFO - Траектория робота запланирована, общее время: 91.22
2025-09-27 10:46:21 - ROBOTY.planner - INFO - Робот 3: траектория содержит 216 точек
2025-09-27 10:46:21 - ROBOTY.planner - INFO - Планирование траектории для робота 4 (ID: 4) с 7 операциями
2025-09-27 10:46:21 - ROBOTY.planner - DEBUG - Планирование траектории для робота с 7 операциями
2025-09-27 10:46:21 - ROBOTY.planner - DEBUG - Операция 1 запланирована, время завершения: 9.75
2025-09-27 10:46:21 - ROBOTY.planner - DEBUG - Операция 2 запланирована, время завершения: 23.35
2025-09-27 10:46:21 - ROBOTY.planner - DEBUG - Операция 3 запланирована, время завершения: 45.66
2025-09-27 10:46:21 - ROBOTY.planner - DEBUG - Операция 4 запланирована, время завершения: 57.63
2025-09-27 10:46:21 - ROBOTY.planner - DEBUG - Операция 5 запланирована, время завершения: 73.23
2025-09-27 10:46:21 - ROBOTY.planner - DEBUG - Операция 6 запланирована, время завершения: 87.24
2025-09-27 10:46:21 - ROBOTY.planner - DEBUG - Операция 7 запланирована, время завершения: 95.74
2025-09-27 10:46:21 - ROBOTY.planner - INFO - Траектория робота запланирована, общее время: 95.74
2025-09-27 10:46:21 - ROBOTY.planner - INFO - Робот 4: траектория содержит 168 точек
2025-09-27 10:46:21 - ROBOTY.planner - INFO - Планирование завершено. Makespan: 95.74
2025-09-27 10:46:21 - ROBOTY.main - INFO - Планировщик успешно завершил работу
2025-09-27 10:46:21 - ROBOTY.collision - INFO - Начинаем детальную проверку коллизий
2025-09-27 10:46:21 - ROBOTY.collision - DEBUG - Проверяем коллизии в диапазоне времени: 0.00 - 95.74
2025-09-27 10:46:21 - ROBOTY.collision - WARNING - Коллизия: роботы 3 и 4 в 60.90s, расстояние: 0.423, требуется: 0.500
2025-09-27 10:46:21 - ROBOTY.collision - WARNING - Коллизия: роботы 3 и 4 в 61.00s, расстояние: 0.306, требуется: 0.500
2025-09-27 10:46:21 - ROBOTY.collision - WARNING - Коллизия: роботы 3 и 4 в 61.10s, расстояние: 0.229, требуется: 0.500
2025-09-27 10:46:21 - ROBOTY.collision - WARNING - Коллизия: роботы 3 и 4 в 61.20s, расстояние: 0.202, требуется: 0.500
2025-09-27 10:46:21 - ROBOTY.collision - WARNING - Коллизия: роботы 3 и 4 в 61.30s, расстояние: 0.224, требуется: 0.500
2025-09-27 10:46:21 - ROBOTY.collision - WARNING - Коллизия: роботы 3 и 4 в 61.40s, расстояние: 0.272, требуется: 0.500
2025-09-27 10:46:21 - ROBOTY.collision - WARNING - Коллизия: роботы 3 и 4 в 61.50s, расстояние: 0.331, требуется: 0.500
2025-09-27 10:46:21 - ROBOTY.collision - WARNING - Коллизия: роботы 3 и 4 в 61.60s, расстояние: 0.394, требуется: 0.500
2025-09-27 10:46:21 - ROBOTY.collision - WARNING - Коллизия: роботы 3 и 4 в 61.70s, расстояние: 0.460, требуется: 0.500
2025-09-27 10:46:21 - ROBOTY.collision - ERROR - Обнаружено 9 коллизий
2025-09-27 10:46:21 - ROBOTY.main - WARNING - Обнаружено 9 коллизий, применяем онлайн-безопасность
2025-09-27 10:46:21 - ROBOTY.safety - INFO - Применяем онлайн-безопасность: вставка пауз при коллизиях
2025-09-27 10:46:21 - ROBOTY.collision - INFO - Начинаем детальную проверку коллизий
2025-09-27 10:46:21 - ROBOTY.collision - DEBUG - Проверяем коллизии в диапазоне времени: 0.00 - 95.74
2025-09-27 10:46:21 - ROBOTY.collision - WARNING - Коллизия: роботы 3 и 4 в 60.85s, расстояние: 0.491, требуется: 0.500
2025-09-27 10:46:21 - ROBOTY.collision - WARNING - Коллизия: роботы 3 и 4 в 60.90s, расстояние: 0.423, требуется: 0.500
2025-09-27 10:46:21 - ROBOTY.collision - WARNING - Коллизия: роботы 3 и 4 в 60.95s, расстояние: 0.357, требуется: 0.500
2025-09-27 10:46:21 - ROBOTY.collision - WARNING - Коллизия: роботы 3 и 4 в 61.00s, расстояние: 0.306, требуется: 0.500
2025-09-27 10:46:21 - ROBOTY.collision - WARNING - Коллизия: роботы 3 и 4 в 61.05s, расстояние: 0.264, требуется: 0.500
2025-09-27 10:46:21 - ROBOTY.collision - WARNING - Коллизия: роботы 3 и 4 в 61.10s, расстояние: 0.229, требуется: 0.500
2025-09-27 10:46:21 - ROBOTY.collision - WARNING - Коллизия: роботы 3 и 4 в 61.15s, расстояние: 0.203, требуется: 0.500
2025-09-27 10:46:21 - ROBOTY.collision - WARNING - Коллизия: роботы 3 и 4 в 61.20s, расстояние: 0.202, требуется: 0.500
2025-09-27 10:46:21 - ROBOTY.collision - WARNING - Коллизия: роботы 3 и 4 в 61.25s, расстояние: 0.209, требуется: 0.500
2025-09-27 10:46:21 - ROBOTY.collision - WARNING - Коллизия: роботы 3 и 4 в 61.30s, расстояние: 0.224, требуется: 0.500
2025-09-27 10:46:21 - ROBOTY.collision - WARNING - Коллизия: роботы 3 и 4 в 61.35s, расстояние: 0.246, требуется: 0.500
2025-09-27 10:46:21 - ROBOTY.collision - WARNING - Коллизия: роботы 3 и 4 в 61.40s, расстояние: 0.272, требуется: 0.500
2025-09-27 10:46:21 - ROBOTY.collision - WARNING - Коллизия: роботы 3 и 4 в 61.45s, расстояние: 0.301, требуется: 0.500
2025-09-27 10:46:21 - ROBOTY.collision - WARNING - Коллизия: роботы 3 и 4 в 61.50s, расстояние: 0.331, требуется: 0.500
2025-09-27 10:46:21 - ROBOTY.collision - WARNING - Коллизия: роботы 3 и 4 в 61.55s, расстояние: 0.362, требуется: 0.500
2025-09-27 10:46:21 - ROBOTY.collision - WARNING - Коллизия: роботы 3 и 4 в 61.60s, расстояние: 0.394, требуется: 0.500
2025-09-27 10:46:21 - ROBOTY.collision - WARNING - Коллизия: роботы 3 и 4 в 61.65s, расстояние: 0.427, требуется: 0.500
2025-09-27 10:46:21 - ROBOTY.collision - WARNING - Коллизия: роботы 3 и 4 в 61.70s, расстояние: 0.460, требуется: 0.500
2025-09-27 10:46:21 - ROBOTY.collision - WARNING - Коллизия: роботы 3 и 4 в 61.75s, расстояние: 0.494, требуется: 0.500
2025-09-27 10:46:21 - ROBOTY.collision - ERROR - Обнаружено 19 коллизий
2025-09-27 10:46:21 - ROBOTY.safety - DEBUG - Добавлена пауза 0.60s роботу 3 в t=60.85s
2025-09-27 10:46:21 - ROBOTY.safety - DEBUG - Добавлена пауза 0.60s роботу 4 в t=60.85s
2025-09-27 10:46:21 - ROBOTY.safety - DEBUG - Добавлена пауза 0.60s роботу 3 в t=60.90s
2025-09-27 10:46:21 - ROBOTY.safety - DEBUG - Добавлена пауза 0.60s роботу 4 в t=60.90s
2025-09-27 10:46:21 - ROBOTY.safety - DEBUG - Добавлена пауза 0.60s роботу 3 в t=60.95s
2025-09-27 10:46:21 - ROBOTY.safety - DEBUG - Добавлена пауза 0.60s роботу 4 в t=60.95s
2025-09-27 10:46:21 - ROBOTY.safety - DEBUG - Добавлена пауза 0.60s роботу 3 в t=61.00s
2025-09-27 10:46:21 - ROBOTY.safety - DEBUG - Добавлена пауза 0.60s роботу 4 в t=61.00s
2025-09-27 10:46:21 - ROBOTY.safety - DEBUG - Добавлена пауза 0.60s роботу 3 в t=61.05s
2025-09-27 10:46:21 - ROBOTY.safety - DEBUG - Добавлена пауза 0.60s роботу 4 в t=61.05s
2025-09-27 10:46:21 - ROBOTY.safety - DEBUG - Добавлена пауза 0.60s роботу 3 в t=61.10s
2025-09-27 10:46:21 - ROBOTY.safety - DEBUG - Добавлена пауза 0.60s роботу 4 в t=61.10s
2025-09-27 10:46:21 - ROBOTY.safety - DEBUG - Добавлена пауза 0.60s роботу 3 в t=61.15s
2025-09-27 10:46:21 - ROBOTY.safety - DEBUG - Добавлена пауза 0.60s роботу 4 в t=61.15s
2025-09-27 10:46:21 - ROBOTY.safety - DEBUG - Добавлена пауза 0.60s роботу 3 в t=61.20s
2025-09-27 10:46:21 - ROBOTY.safety - DEBUG - Добавлена пауза 0.60s роботу 4 в t=61.20s
2025-09-27 10:46:21 - ROBOTY.safety - DEBUG - Добавлена пауза 0.60s роботу 3 в t=61.25s
2025-09-27 10:46:21 - ROBOTY.safety - DEBUG - Добавлена пауза 0.60s роботу 4 в t=61.25s
2025-09-27 10:46:21 - ROBOTY.safety - DEBUG - Добавлена пауза 0.60s роботу 3 в t=61.30s
2025-09-27 10:46:21 - ROBOTY.safety - DEBUG - Добавлена пауза 0.60s роботу 4 в t=61.30s
2025-09-27 10:46:21 - ROBOTY.safety - DEBUG - Добавлена пауза 0.60s роботу 3 в t=61.35s
2025-09-27 10:46:21 - ROBOTY.safety - DEBUG - Добавлена пауза 0.60s роботу 4 в t=61.35s
2025-09-27 10:46:21 - ROBOTY.safety - DEBUG - Добавлена пауза 0.60s роботу 3 в t=61.40s
2025-09-27 10:46:21 - ROBOTY.safety - DEBUG - Добавлена пауза 0.60s роботу 4 в t=61.40s
2025-09-27 10:46:21 - ROBOTY.safety - DEBUG - Добавлена пауза 0.60s роботу 3 в t=61.45s
2025-09-27 10:46:21 - ROBOTY.safety - DEBUG - Добавлена пауза 0.60s роботу 4 в t=61.45s
2025-09-27 10:46:21 - ROBOTY.safety - DEBUG - Добавлена пауза 0.60s роботу 3 в t=61.50s
2025-09-27 10:46:21 - ROBOTY.safety - DEBUG - Добавлена пауза 0.60s роботу 4 в t=61.50s
2025-09-27 10:46:21 - ROBOTY.safety - DEBUG - Добавлена пауза 0.60s роботу 3 в t=61.55s
2025-09-27 10:46:21 - ROBOTY.safety - DEBUG - Добавлена пауза 0.60s роботу 4 в t=61.55s
2025-09-27 10:46:21 - ROBOTY.safety - DEBUG - Добавлена пауза 0.60s роботу 3 в t=61.60s
2025-09-27 10:46:21 - ROBOTY.safety - DEBUG - Добавлена пауза 0.60s роботу 4 в t=61.60s
2025-09-27 10:46:21 - ROBOTY.safety - DEBUG - Добавлена пауза 0.60s роботу 3 в t=61.65s
2025-09-27 10:46:21 - ROBOTY.safety - DEBUG - Добавлена пауза 0.60s роботу 4 в t=61.65s
2025-09-27 10:46:21 - ROBOTY.safety - DEBUG - Добавлена пауза 0.60s роботу 3 в t=61.70s
2025-09-27 10:46:21 - ROBOTY.safety - DEBUG - Добавлена пауза 0.60s роботу 4 в t=61.70s
2025-09-27 10:46:21 - ROBOTY.safety - DEBUG - Добавлена пауза 0.60s роботу 3 в t=61.75s
2025-09-27 10:46:21 - ROBOTY.safety - DEBUG - Добавлена пауза 0.60s роботу 4 в t=61.75s
2025-09-27 10:46:21 - ROBOTY.safety - INFO - Онлайн-безопасность применена: паузы вставлены
2025-09-27 10:46:21 - ROBOTY.collision - INFO - Начинаем детальную проверку коллизий
2025-09-27 10:46:21 - ROBOTY.collision - DEBUG - Проверяем коллизии в диапазоне времени: 0.00 - 107.14
2025-09-27 10:46:21 - ROBOTY.collision - WARNING - Коллизия: роботы 3 и 4 в 60.90s, расстояние: 0.491, требуется: 0.500
2025-09-27 10:46:21 - ROBOTY.collision - WARNING - Коллизия: роботы 3 и 4 в 61.00s, расстояние: 0.491, требуется: 0.500
2025-09-27 10:46:21 - ROBOTY.collision - WARNING - Коллизия: роботы 3 и 4 в 61.10s, расстояние: 0.491, требуется: 0.500
2025-09-27 10:46:21 - ROBOTY.collision - WARNING - Коллизия: роботы 3 и 4 в 61.20s, расстояние: 0.491, требуется: 0.500
2025-09-27 10:46:21 - ROBOTY.collision - WARNING - Коллизия: роботы 3 и 4 в 61.30s, расстояние: 0.491, требуется: 0.500
2025-09-27 10:46:21 - ROBOTY.collision - WARNING - Коллизия: роботы 3 и 4 в 61.40s, расстояние: 0.491, требуется: 0.500
2025-09-27 10:46:21 - ROBOTY.collision - WARNING - Коллизия: роботы 3 и 4 в 61.50s, расстояние: 0.491, требуется: 0.500
2025-09-27 10:46:21 - ROBOTY.collision - WARNING - Коллизия: роботы 3 и 4 в 61.60s, расстояние: 0.491, требуется: 0.500
2025-09-27 10:46:21 - ROBOTY.collision - WARNING - Коллизия: роботы 3 и 4 в 61.70s, расстояние: 0.491, требуется: 0.500
2025-09-27 10:46:21 - ROBOTY.collision - WARNING - Коллизия: роботы 3 и 4 в 61.80s, расстояние: 0.491, требуется: 0.500
2025-09-27 10:46:21 - ROBOTY.collision - WARNING - Коллизия: роботы 3 и 4 в 61.90s, расстояние: 0.491, требуется: 0.500
2025-09-27 10:46:21 - ROBOTY.collision - WARNING - Коллизия: роботы 3 и 4 в 62.00s, расстояние: 0.491, требуется: 0.500
2025-09-27 10:46:21 - ROBOTY.collision - WARNING - Коллизия: роботы 3 и 4 в 62.10s, расстояние: 0.491, требуется: 0.500
2025-09-27 10:46:21 - ROBOTY.collision - WARNING - Коллизия: роботы 3 и 4 в 62.20s, расстояние: 0.491, требуется: 0.500
2025-09-27 10:46:21 - ROBOTY.collision - WARNING - Коллизия: роботы 3 и 4 в 62.30s, расстояние: 0.491, требуется: 0.500
2025-09-27 10:46:21 - ROBOTY.collision - WARNING - Коллизия: роботы 3 и 4 в 62.40s, расстояние: 0.491, требуется: 0.500
2025-09-27 10:46:21 - ROBOTY.collision - WARNING - Коллизия: роботы 3 и 4 в 62.50s, расстояние: 0.491, требуется: 0.500
2025-09-27 10:46:21 - ROBOTY.collision - WARNING - Коллизия: роботы 3 и 4 в 62.60s, расстояние: 0.491, требуется: 0.500
2025-09-27 10:46:21 - ROBOTY.collision - WARNING - Коллизия: роботы 1 и 4 в 62.70s, расстояние: 0.432, требуется: 0.500
2025-09-27 10:46:21 - ROBOTY.collision - WARNING - Коллизия: роботы 3 и 4 в 62.70s, расстояние: 0.491, требуется: 0.500
2025-09-27 10:46:21 - ROBOTY.collision - WARNING - Коллизия: роботы 1 и 4 в 62.80s, расстояние: 0.364, требуется: 0.500
2025-09-27 10:46:21 - ROBOTY.collision - WARNING - Коллизия: роботы 3 и 4 в 62.80s, расстояние: 0.491, требуется: 0.500
2025-09-27 10:46:21 - ROBOTY.collision - WARNING - Коллизия: роботы 1 и 4 в 62.90s, расстояние: 0.316, требуется: 0.500
2025-09-27 10:46:21 - ROBOTY.collision - WARNING - Коллизия: роботы 3 и 4 в 62.90s, расстояние: 0.491, требуется: 0.500
2025-09-27 10:46:21 - ROBOTY.collision - WARNING - Коллизия: роботы 1 и 4 в 63.00s, расстояние: 0.297, требуется: 0.500
2025-09-27 10:46:21 - ROBOTY.collision - WARNING - Коллизия: роботы 3 и 4 в 63.00s, расстояние: 0.491, требуется: 0.500
2025-09-27 10:46:21 - ROBOTY.collision - WARNING - Коллизия: роботы 1 и 4 в 63.10s, расстояние: 0.313, требуется: 0.500
2025-09-27 10:46:21 - ROBOTY.collision - WARNING - Коллизия: роботы 3 и 4 в 63.10s, расстояние: 0.491, требуется: 0.500
2025-09-27 10:46:21 - ROBOTY.collision - WARNING - Коллизия: роботы 1 и 4 в 63.20s, расстояние: 0.359, требуется: 0.500
2025-09-27 10:46:21 - ROBOTY.collision - WARNING - Коллизия: роботы 3 и 4 в 63.20s, расстояние: 0.491, требуется: 0.500
2025-09-27 10:46:21 - ROBOTY.collision - WARNING - Коллизия: роботы 1 и 4 в 63.30s, расстояние: 0.425, требуется: 0.500
2025-09-27 10:46:21 - ROBOTY.collision - WARNING - Коллизия: роботы 3 и 4 в 63.30s, расстояние: 0.491, требуется: 0.500
2025-09-27 10:46:21 - ROBOTY.collision - WARNING - Коллизия: роботы 3 и 4 в 63.40s, расстояние: 0.491, требуется: 0.500
2025-09-27 10:46:21 - ROBOTY.collision - WARNING - Коллизия: роботы 3 и 4 в 63.50s, расстояние: 0.491, требуется: 0.500
2025-09-27 10:46:21 - ROBOTY.collision - WARNING - Коллизия: роботы 3 и 4 в 63.60s, расстояние: 0.491, требуется: 0.500
2025-09-27 10:46:21 - ROBOTY.collision - WARNING - Коллизия: роботы 3 и 4 в 63.70s, расстояние: 0.491, требуется: 0.500
2025-09-27 10:46:21 - ROBOTY.collision - WARNING - Коллизия: роботы 3 и 4 в 63.80s, расстояние: 0.491, требуется: 0.500
2025-09-27 10:46:21 - ROBOTY.collision - WARNING - Коллизия: роботы 3 и 4 в 63.90s, расстояние: 0.491, требуется: 0.500
2025-09-27 10:46:21 - ROBOTY.collision - WARNING - Коллизия: роботы 3 и 4 в 64.00s, расстояние: 0.491, требуется: 0.500
2025-09-27 10:46:21 - ROBOTY.collision - WARNING - Коллизия: роботы 3 и 4 в 64.10s, расстояние: 0.491, требуется: 0.500
2025-09-27 10:46:21 - ROBOTY.collision - WARNING - Коллизия: роботы 3 и 4 в 64.20s, расстояние: 0.491, требуется: 0.500
2025-09-27 10:46:21 - ROBOTY.collision - WARNING - Коллизия: роботы 3 и 4 в 64.30s, расстояние: 0.491, требуется: 0.500
2025-09-27 10:46:21 - ROBOTY.collision - WARNING - Коллизия: роботы 3 и 4 в 64.40s, расстояние: 0.491, требуется: 0.500
2025-09-27 10:46:21 - ROBOTY.collision - WARNING - Коллизия: роботы 3 и 4 в 64.50s, расстояние: 0.491, требуется: 0.500
2025-09-27 10:46:21 - ROBOTY.collision - WARNING - Коллизия: роботы 3 и 4 в 64.60s, расстояние: 0.491, требуется: 0.500
2025-09-27 10:46:21 - ROBOTY.collision - WARNING - Коллизия: роботы 3 и 4 в 64.70s, расстояние: 0.491, требуется: 0.500
2025-09-27 10:46:21 - ROBOTY.collision - WARNING - Коллизия: роботы 3 и 4 в 64.80s, расстояние: 0.491, требуется: 0.500
2025-09-27 10:46:21 - ROBOTY.collision - WARNING - Коллизия: роботы 3 и 4 в 64.90s, расстояние: 0.491, требуется: 0.500
2025-09-27 10:46:21 - ROBOTY.collision - WARNING - Коллизия: роботы 3 и 4 в 65.00s, расстояние: 0.491, требуется: 0.500
2025-09-27 10:46:21 - ROBOTY.collision - WARNING - Коллизия: роботы 3 и 4 в 65.10s, расстояние: 0.491, требуется: 0.500
2025-09-27 10:46:21 - ROBOTY.collision - WARNING - Коллизия: роботы 3 и 4 в 65.20s, расстояние: 0.491, требуется: 0.500
2025-09-27 10:46:21 - ROBOTY.collision - WARNING - Коллизия: роботы 3 и 4 в 65.30s, расстояние: 0.491, требуется: 0.500
2025-09-27 10:46:21 - ROBOTY.collision - WARNING - Коллизия: роботы 3 и 4 в 65.40s, расстояние: 0.491, требуется: 0.500
2025-09-27 10:46:21 - ROBOTY.collision - WARNING - Коллизия: роботы 3 и 4 в 65.50s, расстояние: 0.491, требуется: 0.500
2025-09-27 10:46:21 - ROBOTY.collision - WARNING - Коллизия: роботы 3 и 4 в 65.60s, расстояние: 0.491, требуется: 0.500
2025-09-27 10:46:21 - ROBOTY.collision - WARNING - Коллизия: роботы 3 и 4 в 65.70s, расстояние: 0.491, требуется: 0.500
2025-09-27 10:46:21 - ROBOTY.collision - WARNING - Коллизия: роботы 3 и 4 в 65.80s, расстояние: 0.491, требуется: 0.500
2025-09-27 10:46:21 - ROBOTY.collision - WARNING - Коллизия: роботы 3 и 4 в 65.90s, расстояние: 0.491, требуется: 0.500
2025-09-27 10:46:21 - ROBOTY.collision - WARNING - Коллизия: роботы 3 и 4 в 66.00s, расстояние: 0.491, требуется: 0.500
2025-09-27 10:46:21 - ROBOTY.collision - WARNING - Коллизия: роботы 3 и 4 в 66.10s, расстояние: 0.491, требуется: 0.500
2025-09-27 10:46:21 - ROBOTY.collision - WARNING - Коллизия: роботы 3 и 4 в 66.20s, расстояние: 0.491, требуется: 0.500
2025-09-27 10:46:21 - ROBOTY.collision - WARNING - Коллизия: роботы 3 и 4 в 66.30s, расстояние: 0.491, требуется: 0.500
2025-09-27 10:46:21 - ROBOTY.collision - WARNING - Коллизия: роботы 3 и 4 в 66.40s, расстояние: 0.491, требуется: 0.500
2025-09-27 10:46:21 - ROBOTY.collision - WARNING - Коллизия: роботы 3 и 4 в 66.50s, расстояние: 0.491, требуется: 0.500
2025-09-27 10:46:21 - ROBOTY.collision - WARNING - Коллизия: роботы 3 и 4 в 66.60s, расстояние: 0.491, требуется: 0.500
2025-09-27 10:46:21 - ROBOTY.collision - WARNING - Коллизия: роботы 3 и 4 в 66.70s, расстояние: 0.491, требуется: 0.500
2025-09-27 10:46:21 - ROBOTY.collision - WARNING - Коллизия: роботы 3 и 4 в 66.80s, расстояние: 0.491, требуется: 0.500
2025-09-27 10:46:21 - ROBOTY.collision - WARNING - Коллизия: роботы 3 и 4 в 66.90s, расстояние: 0.491, требуется: 0.500
2025-09-27 10:46:21 - ROBOTY.collision - WARNING - Коллизия: роботы 3 и 4 в 67.00s, расстояние: 0.491, требуется: 0.500
2025-09-27 10:46:21 - ROBOTY.collision - WARNING - Коллизия: роботы 3 и 4 в 67.10s, расстояние: 0.491, требуется: 0.500
2025-09-27 10:46:21 - ROBOTY.collision - WARNING - Коллизия: роботы 3 и 4 в 67.20s, расстояние: 0.491, требуется: 0.500
2025-09-27 10:46:21 - ROBOTY.collision - WARNING - Коллизия: роботы 3 и 4 в 67.30s, расстояние: 0.491, требуется: 0.500
2025-09-27 10:46:21 - ROBOTY.collision - WARNING - Коллизия: роботы 3 и 4 в 67.40s, расстояние: 0.491, требуется: 0.500
2025-09-27 10:46:21 - ROBOTY.collision - WARNING - Коллизия: роботы 3 и 4 в 67.50s, расстояние: 0.491, требуется: 0.500
2025-09-27 10:46:21 - ROBOTY.collision - WARNING - Коллизия: роботы 3 и 4 в 67.60s, расстояние: 0.491, требуется: 0.500
2025-09-27 10:46:21 - ROBOTY.collision - WARNING - Коллизия: роботы 3 и 4 в 67.70s, расстояние: 0.491, требуется: 0.500
2025-09-27 10:46:21 - ROBOTY.collision - WARNING - Коллизия: роботы 3 и 4 в 67.80s, расстояние: 0.491, требуется: 0.500
2025-09-27 10:46:21 - ROBOTY.collision - WARNING - Коллизия: роботы 3 и 4 в 67.90s, расстояние: 0.491, требуется: 0.500
2025-09-27 10:46:21 - ROBOTY.collision - WARNING - Коллизия: роботы 3 и 4 в 68.00s, расстояние: 0.491, требуется: 0.500
2025-09-27 10:46:21 - ROBOTY.collision - WARNING - Коллизия: роботы 3 и 4 в 68.10s, расстояние: 0.491, требуется: 0.500
2025-09-27 10:46:21 - ROBOTY.collision - WARNING - Коллизия: роботы 3 и 4 в 68.20s, расстояние: 0.491, требуется: 0.500
2025-09-27 10:46:21 - ROBOTY.collision - WARNING - Коллизия: роботы 3 и 4 в 68.30s, расстояние: 0.491, требуется: 0.500
2025-09-27 10:46:21 - ROBOTY.collision - WARNING - Коллизия: роботы 3 и 4 в 68.40s, расстояние: 0.491, требуется: 0.500
2025-09-27 10:46:21 - ROBOTY.collision - WARNING - Коллизия: роботы 3 и 4 в 68.50s, расстояние: 0.491, требуется: 0.500
2025-09-27 10:46:21 - ROBOTY.collision - WARNING - Коллизия: роботы 3 и 4 в 68.60s, расстояние: 0.491, требуется: 0.500
2025-09-27 10:46:21 - ROBOTY.collision - WARNING - Коллизия: роботы 3 и 4 в 68.70s, расстояние: 0.491, требуется: 0.500
2025-09-27 10:46:21 - ROBOTY.collision - WARNING - Коллизия: роботы 3 и 4 в 68.80s, расстояние: 0.491, требуется: 0.500
2025-09-27 10:46:21 - ROBOTY.collision - WARNING - Коллизия: роботы 3 и 4 в 68.90s, расстояние: 0.491, требуется: 0.500
2025-09-27 10:46:21 - ROBOTY.collision - WARNING - Коллизия: роботы 3 и 4 в 69.00s, расстояние: 0.491, требуется: 0.500
2025-09-27 10:46:21 - ROBOTY.collision - WARNING - Коллизия: роботы 2 и 4 в 69.10s, расстояние: 0.496, требуется: 0.500
2025-09-27 10:46:21 - ROBOTY.collision - WARNING - Коллизия: роботы 3 и 4 в 69.10s, расстояние: 0.491, требуется: 0.500
2025-09-27 10:46:21 - ROBOTY.collision - WARNING - Коллизия: роботы 2 и 4 в 69.20s, расстояние: 0.416, требуется: 0.500
2025-09-27 10:46:21 - ROBOTY.collision - WARNING - Коллизия: роботы 3 и 4 в 69.20s, расстояние: 0.491, требуется: 0.500
2025-09-27 10:46:21 - ROBOTY.collision - WARNING - Коллизия: роботы 2 и 4 в 69.30s, расстояние: 0.364, требуется: 0.500
2025-09-27 10:46:21 - ROBOTY.collision - WARNING - Коллизия: роботы 3 и 4 в 69.30s, расстояние: 0.491, требуется: 0.500
2025-09-27 10:46:21 - ROBOTY.collision - WARNING - Коллизия: роботы 2 и 4 в 69.40s, расстояние: 0.353, требуется: 0.500
2025-09-27 10:46:21 - ROBOTY.collision - WARNING - Коллизия: роботы 3 и 4 в 69.40s, расстояние: 0.491, требуется: 0.500
2025-09-27 10:46:21 - ROBOTY.collision - WARNING - Коллизия: роботы 2 и 4 в 69.50s, расстояние: 0.387, требуется: 0.500
2025-09-27 10:46:21 - ROBOTY.collision - WARNING - Коллизия: роботы 3 и 4 в 69.50s, расстояние: 0.491, требуется: 0.500
2025-09-27 10:46:21 - ROBOTY.collision - WARNING - Коллизия: роботы 2 и 4 в 69.60s, расстояние: 0.455, требуется: 0.500
2025-09-27 10:46:21 - ROBOTY.collision - WARNING - Коллизия: роботы 3 и 4 в 69.60s, расстояние: 0.491, требуется: 0.500
2025-09-27 10:46:21 - ROBOTY.collision - WARNING - Коллизия: роботы 3 и 4 в 69.70s, расстояние: 0.491, требуется: 0.500
2025-09-27 10:46:21 - ROBOTY.collision - WARNING - Коллизия: роботы 3 и 4 в 69.80s, расстояние: 0.491, требуется: 0.500
2025-09-27 10:46:21 - ROBOTY.collision - WARNING - Коллизия: роботы 3 и 4 в 69.90s, расстояние: 0.491, требуется: 0.500
2025-09-27 10:46:21 - ROBOTY.collision - WARNING - Коллизия: роботы 3 и 4 в 70.00s, расстояние: 0.491, требуется: 0.500
2025-09-27 10:46:21 - ROBOTY.collision - WARNING - Коллизия: роботы 3 и 4 в 70.10s, расстояние: 0.491, требуется: 0.500
2025-09-27 10:46:21 - ROBOTY.collision - WARNING - Коллизия: роботы 3 и 4 в 70.20s, расстояние: 0.491, требуется: 0.500
2025-09-27 10:46:21 - ROBOTY.collision - WARNING - Коллизия: роботы 3 и 4 в 70.30s, расстояние: 0.491, требуется: 0.500
2025-09-27 10:46:21 - ROBOTY.collision - WARNING - Коллизия: роботы 3 и 4 в 70.40s, расстояние: 0.491, требуется: 0.500
2025-09-27 10:46:21 - ROBOTY.collision - WARNING - Коллизия: роботы 3 и 4 в 70.50s, расстояние: 0.491, требуется: 0.500
2025-09-27 10:46:21 - ROBOTY.collision - WARNING - Коллизия: роботы 3 и 4 в 70.60s, расстояние: 0.491, требуется: 0.500
2025-09-27 10:46:21 - ROBOTY.collision - WARNING - Коллизия: роботы 3 и 4 в 70.70s, расстояние: 0.491, требуется: 0.500
2025-09-27 10:46:21 - ROBOTY.collision - WARNING - Коллизия: роботы 3 и 4 в 70.80s, расстояние: 0.491, требуется: 0.500
2025-09-27 10:46:21 - ROBOTY.collision - WARNING - Коллизия: роботы 3 и 4 в 70.90s, расстояние: 0.491, требуется: 0.500
2025-09-27 10:46:21 - ROBOTY.collision - WARNING - Коллизия: роботы 3 и 4 в 71.00s, расстояние: 0.491, требуется: 0.500
2025-09-27 10:46:21 - ROBOTY.collision - WARNING - Коллизия: роботы 3 и 4 в 71.10s, расстояние: 0.491, требуется: 0.500
2025-09-27 10:46:21 - ROBOTY.collision - WARNING - Коллизия: роботы 3 и 4 в 71.20s, расстояние: 0.491, требуется: 0.500
2025-09-27 10:46:21 - ROBOTY.collision - WARNING - Коллизия: роботы 3 и 4 в 71.30s, расстояние: 0.491, требуется: 0.500
2025-09-27 10:46:21 - ROBOTY.collision - WARNING - Коллизия: роботы 3 и 4 в 71.40s, расстояние: 0.491, требуется: 0.500
2025-09-27 10:46:21 - ROBOTY.collision - WARNING - Коллизия: роботы 3 и 4 в 71.50s, расстояние: 0.491, требуется: 0.500
2025-09-27 10:46:21 - ROBOTY.collision - WARNING - Коллизия: роботы 3 и 4 в 71.60s, расстояние: 0.491, требуется: 0.500
2025-09-27 10:46:21 - ROBOTY.collision - WARNING - Коллизия: роботы 3 и 4 в 71.70s, расстояние: 0.491, требуется: 0.500
2025-09-27 10:46:21 - ROBOTY.collision - WARNING - Коллизия: роботы 3 и 4 в 71.80s, расстояние: 0.491, требуется: 0.500
2025-09-27 10:46:21 - ROBOTY.collision - WARNING - Коллизия: роботы 3 и 4 в 71.90s, расстояние: 0.491, требуется: 0.500
2025-09-27 10:46:21 - ROBOTY.collision - WARNING - Коллизия: роботы 3 и 4 в 72.00s, расстояние: 0.491, требуется: 0.500
2025-09-27 10:46:21 - ROBOTY.collision - WARNING - Коллизия: роботы 3 и 4 в 72.10s, расстояние: 0.491, требуется: 0.500
2025-09-27 10:46:21 - ROBOTY.collision - WARNING - Коллизия: роботы 3 и 4 в 72.20s, расстояние: 0.491, требуется: 0.500
2025-09-27 10:46:21 - ROBOTY.collision - WARNING - Коллизия: роботы 3 и 4 в 72.30s, расстояние: 0.423, требуется: 0.500
2025-09-27 10:46:21 - ROBOTY.collision - WARNING - Коллизия: роботы 3 и 4 в 72.40s, расстояние: 0.306, требуется: 0.500
2025-09-27 10:46:21 - ROBOTY.collision - WARNING - Коллизия: роботы 3 и 4 в 72.50s, расстояние: 0.229, требуется: 0.500
2025-09-27 10:46:21 - ROBOTY.collision - WARNING - Коллизия: роботы 3 и 4 в 72.60s, расстояние: 0.202, требуется: 0.500
2025-09-27 10:46:21 - ROBOTY.collision - WARNING - Коллизия: роботы 3 и 4 в 72.70s, расстояние: 0.224, требуется: 0.500
2025-09-27 10:46:21 - ROBOTY.collision - WARNING - Коллизия: роботы 3 и 4 в 72.80s, расстояние: 0.272, требуется: 0.500
2025-09-27 10:46:21 - ROBOTY.collision - WARNING - Коллизия: роботы 3 и 4 в 72.90s, расстояние: 0.331, требуется: 0.500
2025-09-27 10:46:21 - ROBOTY.collision - WARNING - Коллизия: роботы 3 и 4 в 73.00s, расстояние: 0.394, требуется: 0.500
2025-09-27 10:46:21 - ROBOTY.collision - WARNING - Коллизия: роботы 3 и 4 в 73.10s, расстояние: 0.460, требуется: 0.500
2025-09-27 10:46:21 - ROBOTY.collision - ERROR - Обнаружено 136 коллизий
2025-09-27 10:46:21 - ROBOTY.main - WARNING - Коллизии сохраняются после вставки пауз
2025-09-27 10:46:23 - ROBOTY.main - INFO - Открытие визуализатора
2025-09-27 10:46:23 - ROBOTY.main - INFO - Визуализация успешно завершена
2025-09-27 10:46:23 - ROBOTY.visualizer - INFO - Запуск визуализации типа: 3d
2025-09-27 10:46:23 - ROBOTY.visualizer - INFO - Создание 3D визуализации траекторий
2025-09-27 10:46:24 - ROBOTY.mesh_loader - INFO - OBJ загружен: 1758706684_68d3bbfcdbb32.obj, вершин=48087, треугольников=96202
2025-09-27 10:46:25 - ROBOTY.mesh_loader - INFO - OBJ загружен: 1758706684_68d3bbfcdbb32.obj, вершин=48087, треугольников=96202
2025-09-27 10:46:26 - ROBOTY.mesh_loader - INFO - OBJ загружен: 1758706684_68d3bbfcdbb32.obj, вершин=48087, треугольников=96202
2025-09-27 10:46:27 - ROBOTY.mesh_loader - INFO - OBJ загружен: 1758706684_68d3bbfcdbb32.obj, вершин=48087, треугольников=96202
2025-09-27 10:46:28 - ROBOTY.visualizer - INFO - 3D визуализация создана
2025-09-27 10:46:29 - ROBOTY.visualizer - INFO - Визуализация записана во временный файл: C:\Users\22200490\AppData\Local\Temp\tmpo56gzs7w_viz_3d.html
2025-09-27 10:46:30 - ROBOTY.visualizer - INFO - Визуализация открыта в браузере из временного файла
2025-09-27 10:46:30 - ROBOTY.main - INFO - Визуализация успешно завершена (в фоне, временный файл будет удалён автоматически)
2025-09-27 10:46:58 - ROBOTY.main - INFO - Логи очищены пользователем
2025-09-27 10:47:10 - ROBOTY.main - INFO - Создан входной файл: C:\Users\22200490\.cursor\ROBOTY-main\data\input_20250927_104659.json
2025-09-27 10:47:10 - ROBOTY.parser - INFO - Начинаем загрузку файла: C:\Users\22200490\.cursor\ROBOTY-main\data\input_20250927_104659.json
2025-09-27 10:47:10 - ROBOTY.parser - INFO - Файл C:\Users\22200490\.cursor\ROBOTY-main\data\input_20250927_104659.json успешно загружен
2025-09-27 10:47:10 - ROBOTY.parser - DEBUG - Робот 1 успешно загружен
2025-09-27 10:47:10 - ROBOTY.parser - DEBUG - Робот 2 успешно загружен
2025-09-27 10:47:10 - ROBOTY.parser - DEBUG - Робот 3 успешно загружен
2025-09-27 10:47:10 - ROBOTY.parser - DEBUG - Робот 4 успешно загружен
2025-09-27 10:47:10 - ROBOTY.parser - DEBUG - Операция 1 успешно загружена
2025-09-27 10:47:10 - ROBOTY.parser - DEBUG - Операция 2 успешно загружена
2025-09-27 10:47:10 - ROBOTY.parser - DEBUG - Операция 3 успешно загружена
2025-09-27 10:47:10 - ROBOTY.parser - DEBUG - Операция 4 успешно загружена
2025-09-27 10:47:10 - ROBOTY.parser - DEBUG - Операция 5 успешно загружена
2025-09-27 10:47:10 - ROBOTY.parser - DEBUG - Операция 6 успешно загружена
2025-09-27 10:47:10 - ROBOTY.parser - DEBUG - Операция 7 успешно загружена
2025-09-27 10:47:10 - ROBOTY.parser - DEBUG - Операция 8 успешно загружена
2025-09-27 10:47:10 - ROBOTY.parser - DEBUG - Операция 9 успешно загружена
2025-09-27 10:47:10 - ROBOTY.parser - DEBUG - Операция 10 успешно загружена
2025-09-27 10:47:10 - ROBOTY.parser - DEBUG - Операция 11 успешно загружена
2025-09-27 10:47:10 - ROBOTY.parser - DEBUG - Операция 12 успешно загружена
2025-09-27 10:47:10 - ROBOTY.parser - DEBUG - Операция 13 успешно загружена
2025-09-27 10:47:10 - ROBOTY.parser - DEBUG - Операция 14 успешно загружена
2025-09-27 10:47:10 - ROBOTY.parser - DEBUG - Операция 15 успешно загружена
2025-09-27 10:47:10 - ROBOTY.parser - DEBUG - Операция 16 успешно загружена
2025-09-27 10:47:10 - ROBOTY.parser - DEBUG - Операция 17 успешно загружена
2025-09-27 10:47:10 - ROBOTY.parser - DEBUG - Операция 18 успешно загружена
2025-09-27 10:47:10 - ROBOTY.parser - DEBUG - Операция 19 успешно загружена
2025-09-27 10:47:10 - ROBOTY.parser - DEBUG - Операция 20 успешно загружена
2025-09-27 10:47:10 - ROBOTY.parser - DEBUG - Операция 21 успешно загружена
2025-09-27 10:47:10 - ROBOTY.parser - DEBUG - Операция 22 успешно загружена
2025-09-27 10:47:10 - ROBOTY.parser - DEBUG - Операция 23 успешно загружена
2025-09-27 10:47:10 - ROBOTY.parser - DEBUG - Операция 24 успешно загружена
2025-09-27 10:47:10 - ROBOTY.parser - DEBUG - Операция 25 успешно загружена
2025-09-27 10:47:10 - ROBOTY.parser - DEBUG - Операция 26 успешно загружена
2025-09-27 10:47:10 - ROBOTY.parser - DEBUG - Операция 27 успешно загружена
2025-09-27 10:47:10 - ROBOTY.parser - DEBUG - Операция 28 успешно загружена
2025-09-27 10:47:10 - ROBOTY.parser - DEBUG - Операция 29 успешно загружена
2025-09-27 10:47:10 - ROBOTY.parser - DEBUG - Операция 30 успешно загружена
2025-09-27 10:47:10 - ROBOTY.parser - INFO - Загружено 4 роботов и 30 операций
2025-09-27 10:47:14 - ROBOTY.main - INFO - Запуск планировщика
2025-09-27 10:47:14 - ROBOTY.planner - INFO - Запуск планировщика траекторий
2025-09-27 10:47:14 - ROBOTY.assigner - INFO - Начинаем назначение операций методом: balanced
2025-09-27 10:47:14 - ROBOTY.assigner - DEBUG - Операция 0 назначена роботу 0 (нагрузка: 6.00)
2025-09-27 10:47:14 - ROBOTY.assigner - DEBUG - Операция 1 назначена роботу 1 (нагрузка: 10.74)
2025-09-27 10:47:14 - ROBOTY.assigner - DEBUG - Операция 2 назначена роботу 3 (нагрузка: 13.26)
2025-09-27 10:47:14 - ROBOTY.assigner - DEBUG - Операция 3 назначена роботу 2 (нагрузка: 10.43)
2025-09-27 10:47:14 - ROBOTY.assigner - DEBUG - Операция 4 назначена роботу 0 (нагрузка: 13.43)
2025-09-27 10:47:14 - ROBOTY.assigner - DEBUG - Операция 5 назначена роботу 2 (нагрузка: 22.08)
2025-09-27 10:47:14 - ROBOTY.assigner - DEBUG - Операция 6 назначена роботу 3 (нагрузка: 21.07)
2025-09-27 10:47:14 - ROBOTY.assigner - DEBUG - Операция 7 назначена роботу 0 (нагрузка: 19.19)
2025-09-27 10:47:14 - ROBOTY.assigner - DEBUG - Операция 8 назначена роботу 1 (нагрузка: 19.25)
2025-09-27 10:47:14 - ROBOTY.assigner - DEBUG - Операция 9 назначена роботу 0 (нагрузка: 26.45)
2025-09-27 10:47:14 - ROBOTY.assigner - DEBUG - Операция 10 назначена роботу 1 (нагрузка: 30.01)
2025-09-27 10:47:14 - ROBOTY.assigner - DEBUG - Операция 11 назначена роботу 3 (нагрузка: 33.94)
2025-09-27 10:47:14 - ROBOTY.assigner - DEBUG - Операция 12 назначена роботу 0 (нагрузка: 34.59)
2025-09-27 10:47:14 - ROBOTY.assigner - DEBUG - Операция 13 назначена роботу 2 (нагрузка: 40.23)
2025-09-27 10:47:14 - ROBOTY.assigner - DEBUG - Операция 14 назначена роботу 0 (нагрузка: 45.05)
2025-09-27 10:47:14 - ROBOTY.assigner - DEBUG - Операция 15 назначена роботу 3 (нагрузка: 44.82)
2025-09-27 10:47:14 - ROBOTY.assigner - DEBUG - Операция 16 назначена роботу 1 (нагрузка: 41.58)
2025-09-27 10:47:14 - ROBOTY.assigner - DEBUG - Операция 17 назначена роботу 0 (нагрузка: 50.32)
2025-09-27 10:47:14 - ROBOTY.assigner - DEBUG - Операция 18 назначена роботу 2 (нагрузка: 51.70)
2025-09-27 10:47:14 - ROBOTY.assigner - DEBUG - Операция 19 назначена роботу 3 (нагрузка: 54.52)
2025-09-27 10:47:14 - ROBOTY.assigner - DEBUG - Операция 20 назначена роботу 1 (нагрузка: 58.68)
2025-09-27 10:47:14 - ROBOTY.assigner - DEBUG - Операция 21 назначена роботу 0 (нагрузка: 59.01)
2025-09-27 10:47:14 - ROBOTY.assigner - DEBUG - Операция 22 назначена роботу 0 (нагрузка: 67.32)
2025-09-27 10:47:14 - ROBOTY.assigner - DEBUG - Операция 23 назначена роботу 2 (нагрузка: 64.94)
2025-09-27 10:47:14 - ROBOTY.assigner - DEBUG - Операция 24 назначена роботу 3 (нагрузка: 61.71)
2025-09-27 10:47:14 - ROBOTY.assigner - DEBUG - Операция 25 назначена роботу 1 (нагрузка: 68.94)
2025-09-27 10:47:14 - ROBOTY.assigner - DEBUG - Операция 26 назначена роботу 0 (нагрузка: 75.67)
2025-09-27 10:47:14 - ROBOTY.assigner - DEBUG - Операция 27 назначена роботу 3 (нагрузка: 73.40)
2025-09-27 10:47:14 - ROBOTY.assigner - DEBUG - Операция 28 назначена роботу 2 (нагрузка: 73.17)
2025-09-27 10:47:14 - ROBOTY.assigner - DEBUG - Операция 29 назначена роботу 1 (нагрузка: 80.29)
2025-09-27 10:47:14 - ROBOTY.assigner - INFO - Распределено 30 операций с балансировкой нагрузки
2025-09-27 10:47:14 - ROBOTY.assigner - INFO - Итоговые нагрузки роботов: ['75.67', '80.29', '73.17', '73.40']
2025-09-27 10:47:14 - ROBOTY.assigner - INFO - Робот 0: 10 операций, нагрузка 75.67
2025-09-27 10:47:14 - ROBOTY.assigner - INFO - Робот 1: 7 операций, нагрузка 80.29
2025-09-27 10:47:14 - ROBOTY.assigner - INFO - Робот 2: 6 операций, нагрузка 73.17
2025-09-27 10:47:14 - ROBOTY.assigner - INFO - Робот 3: 7 операций, нагрузка 73.40
2025-09-27 10:47:14 - ROBOTY.planner - INFO - Операции назначены методом: balanced
2025-09-27 10:47:14 - ROBOTY.planner - INFO - Планирование траектории для робота 1 (ID: 1) с 10 операциями
2025-09-27 10:47:14 - ROBOTY.planner - DEBUG - Планирование траектории для робота с 10 операциями
2025-09-27 10:47:14 - ROBOTY.planner - DEBUG - Операция 1 запланирована, время завершения: 7.88
2025-09-27 10:47:14 - ROBOTY.planner - DEBUG - Операция 2 запланирована, время завершения: 18.48
2025-09-27 10:47:14 - ROBOTY.planner - DEBUG - Операция 3 запланирована, время завершения: 26.71
2025-09-27 10:47:14 - ROBOTY.planner - DEBUG - Операция 4 запланирована, время завершения: 34.95
2025-09-27 10:47:14 - ROBOTY.planner - DEBUG - Операция 5 запланирована, время завершения: 42.70
2025-09-27 10:47:14 - ROBOTY.planner - DEBUG - Операция 6 запланирована, время завершения: 55.60
2025-09-27 10:47:14 - ROBOTY.planner - DEBUG - Операция 7 запланирована, время завершения: 67.10
2025-09-27 10:47:14 - ROBOTY.planner - DEBUG - Операция 8 запланирована, время завершения: 74.93
2025-09-27 10:47:14 - ROBOTY.planner - DEBUG - Операция 9 запланирована, время завершения: 89.08
2025-09-27 10:47:14 - ROBOTY.planner - DEBUG - Операция 10 запланирована, время завершения: 102.39
2025-09-27 10:47:14 - ROBOTY.planner - INFO - Траектория робота запланирована, общее время: 102.39
2025-09-27 10:47:14 - ROBOTY.planner - INFO - Робот 1: траектория содержит 240 точек
2025-09-27 10:47:14 - ROBOTY.planner - INFO - Планирование траектории для робота 2 (ID: 2) с 7 операциями
2025-09-27 10:47:14 - ROBOTY.planner - DEBUG - Планирование траектории для робота с 7 операциями
2025-09-27 10:47:14 - ROBOTY.planner - DEBUG - Операция 1 запланирована, время завершения: 12.08
2025-09-27 10:47:14 - ROBOTY.planner - DEBUG - Операция 2 запланирована, время завершения: 20.10
2025-09-27 10:47:14 - ROBOTY.planner - DEBUG - Операция 3 запланирована, время завершения: 31.04
2025-09-27 10:47:14 - ROBOTY.planner - DEBUG - Операция 4 запланирована, время завершения: 41.84
2025-09-27 10:47:14 - ROBOTY.planner - DEBUG - Операция 5 запланирована, время завершения: 61.35
2025-09-27 10:47:14 - ROBOTY.planner - DEBUG - Операция 6 запланирована, время завершения: 78.90
2025-09-27 10:47:14 - ROBOTY.planner - DEBUG - Операция 7 запланирована, время завершения: 92.12
2025-09-27 10:47:14 - ROBOTY.planner - INFO - Траектория робота запланирована, общее время: 92.12
2025-09-27 10:47:14 - ROBOTY.planner - INFO - Робот 2: траектория содержит 168 точек
2025-09-27 10:47:14 - ROBOTY.planner - INFO - Планирование траектории для робота 3 (ID: 3) с 6 операциями
2025-09-27 10:47:14 - ROBOTY.planner - DEBUG - Планирование траектории для робота с 6 операциями
2025-09-27 10:47:14 - ROBOTY.planner - DEBUG - Операция 1 запланирована, время завершения: 12.53
2025-09-27 10:47:14 - ROBOTY.planner - DEBUG - Операция 2 запланирована, время завершения: 26.79
2025-09-27 10:47:14 - ROBOTY.planner - DEBUG - Операция 3 запланирована, время завершения: 38.52
2025-09-27 10:47:14 - ROBOTY.planner - DEBUG - Операция 4 запланирована, время завершения: 51.95
2025-09-27 10:47:14 - ROBOTY.planner - DEBUG - Операция 5 запланирована, время завершения: 65.84
2025-09-27 10:47:14 - ROBOTY.planner - DEBUG - Операция 6 запланирована, время завершения: 80.71
2025-09-27 10:47:14 - ROBOTY.planner - INFO - Траектория робота запланирована, общее время: 80.71
2025-09-27 10:47:14 - ROBOTY.planner - INFO - Робот 3: траектория содержит 144 точек
2025-09-27 10:47:14 - ROBOTY.planner - INFO - Планирование траектории для робота 4 (ID: 4) с 7 операциями
2025-09-27 10:47:14 - ROBOTY.planner - DEBUG - Планирование траектории для робота с 7 операциями
2025-09-27 10:47:14 - ROBOTY.planner - DEBUG - Операция 1 запланирована, время завершения: 14.98
2025-09-27 10:47:14 - ROBOTY.planner - DEBUG - Операция 2 запланирована, время завершения: 23.04
2025-09-27 10:47:14 - ROBOTY.planner - DEBUG - Операция 3 запланирована, время завершения: 35.50
2025-09-27 10:47:14 - ROBOTY.planner - DEBUG - Операция 4 запланирована, время завершения: 47.63
2025-09-27 10:47:14 - ROBOTY.planner - DEBUG - Операция 5 запланирована, время завершения: 58.50
2025-09-27 10:47:14 - ROBOTY.planner - DEBUG - Операция 6 запланирована, время завершения: 69.59
2025-09-27 10:47:14 - ROBOTY.planner - DEBUG - Операция 7 запланирована, время завершения: 79.97
2025-09-27 10:47:14 - ROBOTY.planner - INFO - Траектория робота запланирована, общее время: 79.97
2025-09-27 10:47:14 - ROBOTY.planner - INFO - Робот 4: траектория содержит 168 точек
2025-09-27 10:47:14 - ROBOTY.planner - INFO - Планирование завершено. Makespan: 102.39
2025-09-27 10:47:14 - ROBOTY.main - INFO - Планировщик успешно завершил работу
2025-09-27 10:47:14 - ROBOTY.collision - INFO - Начинаем детальную проверку коллизий
2025-09-27 10:47:14 - ROBOTY.collision - DEBUG - Проверяем коллизии в диапазоне времени: 0.00 - 102.39
2025-09-27 10:47:14 - ROBOTY.collision - INFO - Коллизий не обнаружено
2025-09-27 10:47:14 - ROBOTY.main - INFO - Коллизий не обнаружено
2025-09-27 10:47:16 - ROBOTY.main - INFO - Открытие визуализатора
2025-09-27 10:47:16 - ROBOTY.main - INFO - Визуализация успешно завершена
2025-09-27 10:47:16 - ROBOTY.visualizer - INFO - Запуск визуализации типа: 3d_anim
2025-09-27 10:47:16 - ROBOTY.visualizer - INFO - Создание 3D анимации траекторий
2025-09-27 10:47:16 - ROBOTY.visualizer - INFO - Создание 3D визуализации траекторий
2025-09-27 10:47:16 - ROBOTY.visualizer - INFO - 3D визуализация создана
2025-09-27 10:47:16 - ROBOTY.mesh_loader - INFO - OBJ загружен: 1758706684_68d3bbfcdbb32.obj, вершин=48087, треугольников=96202
2025-09-27 10:47:43 - ROBOTY.main - INFO - Логи очищены пользователем
2025-09-27 10:47:46 - ROBOTY.visualizer - INFO - Временный файл визуализации удалён: C:\Users\22200490\AppData\Local\Temp\tmpo56gzs7w_viz_3d.html
