2025-09-24 16:03:28 - ROBOTY.main - INFO - Запуск приложения ROBOTY
2025-09-24 16:03:28 - ROBOTY.main - INFO - Применена тема: light
2025-09-24 16:03:28 - ROBOTY.main - INFO - Интерфейс инициализирован
2025-09-24 16:03:28 - ROBOTY.main - INFO - Приложение успешно запущено
2025-09-24 16:03:37 - ROBOTY.main - INFO - Создан входной файл: C:\Users\79518\.cursor\ROBOTY\data\input_20250924_160330.json
2025-09-24 16:03:37 - ROBOTY.parser - INFO - Начинаем загрузку файла: C:\Users\79518\.cursor\ROBOTY\data\input_20250924_160330.json
2025-09-24 16:03:37 - ROBOTY.parser - INFO - Файл C:\Users\79518\.cursor\ROBOTY\data\input_20250924_160330.json успешно загружен
2025-09-24 16:03:37 - ROBOTY.parser - DEBUG - Робот 1 успешно загружен
2025-09-24 16:03:37 - ROBOTY.parser - DEBUG - Операция 1 успешно загружена
2025-09-24 16:03:37 - ROBOTY.parser - DEBUG - Операция 2 успешно загружена
2025-09-24 16:03:37 - ROBOTY.parser - DEBUG - Операция 3 успешно загружена
2025-09-24 16:03:37 - ROBOTY.parser - DEBUG - Операция 4 успешно загружена
2025-09-24 16:03:37 - ROBOTY.parser - DEBUG - Операция 5 успешно загружена
2025-09-24 16:03:37 - ROBOTY.parser - DEBUG - Операция 6 успешно загружена
2025-09-24 16:03:37 - ROBOTY.parser - DEBUG - Операция 7 успешно загружена
2025-09-24 16:03:37 - ROBOTY.parser - DEBUG - Операция 8 успешно загружена
2025-09-24 16:03:37 - ROBOTY.parser - DEBUG - Операция 9 успешно загружена
2025-09-24 16:03:37 - ROBOTY.parser - DEBUG - Операция 10 успешно загружена
2025-09-24 16:03:37 - ROBOTY.parser - INFO - Загружено 1 роботов и 10 операций
2025-09-24 16:03:43 - ROBOTY.main - INFO - Запуск планировщика
2025-09-24 16:03:43 - ROBOTY.planner - INFO - Запуск планировщика траекторий
2025-09-24 16:03:43 - ROBOTY.assigner - INFO - Начинаем назначение операций методом: balanced
2025-09-24 16:03:43 - ROBOTY.assigner - DEBUG - Операция 0 назначена роботу 0 (нагрузка: 21.63)
2025-09-24 16:03:43 - ROBOTY.assigner - DEBUG - Операция 1 назначена роботу 0 (нагрузка: 40.84)
2025-09-24 16:03:43 - ROBOTY.assigner - DEBUG - Операция 2 назначена роботу 0 (нагрузка: 63.33)
2025-09-24 16:03:43 - ROBOTY.assigner - DEBUG - Операция 3 назначена роботу 0 (нагрузка: 82.64)
2025-09-24 16:03:43 - ROBOTY.assigner - DEBUG - Операция 4 назначена роботу 0 (нагрузка: 96.03)
2025-09-24 16:03:43 - ROBOTY.assigner - DEBUG - Операция 5 назначена роботу 0 (нагрузка: 109.34)
2025-09-24 16:03:43 - ROBOTY.assigner - DEBUG - Операция 6 назначена роботу 0 (нагрузка: 126.97)
2025-09-24 16:03:43 - ROBOTY.assigner - DEBUG - Операция 7 назначена роботу 0 (нагрузка: 149.96)
2025-09-24 16:03:43 - ROBOTY.assigner - DEBUG - Операция 8 назначена роботу 0 (нагрузка: 170.96)
2025-09-24 16:03:43 - ROBOTY.assigner - DEBUG - Операция 9 назначена роботу 0 (нагрузка: 182.57)
2025-09-24 16:03:43 - ROBOTY.assigner - INFO - Распределено 10 операций с балансировкой нагрузки
2025-09-24 16:03:43 - ROBOTY.assigner - INFO - Итоговые нагрузки роботов: ['182.57']
2025-09-24 16:03:43 - ROBOTY.assigner - INFO - Робот 0: 10 операций, нагрузка 182.57
2025-09-24 16:03:43 - ROBOTY.planner - INFO - Операции назначены методом: balanced
2025-09-24 16:03:43 - ROBOTY.planner - INFO - Планирование траектории для робота 1 (ID: 1) с 10 операциями
2025-09-24 16:03:43 - ROBOTY.planner - DEBUG - Планирование траектории для робота с 10 операциями
2025-09-24 16:03:43 - ROBOTY.planner - DEBUG - Операция 1 запланирована, время завершения: 23.28
2025-09-24 16:03:43 - ROBOTY.planner - DEBUG - Операция 2 запланирована, время завершения: 41.79
2025-09-24 16:03:43 - ROBOTY.planner - DEBUG - Операция 3 запланирована, время завершения: 58.93
2025-09-24 16:03:43 - ROBOTY.planner - DEBUG - Операция 4 запланирована, время завершения: 74.30
2025-09-24 16:03:43 - ROBOTY.planner - DEBUG - Операция 5 запланирована, время завершения: 89.93
2025-09-24 16:03:43 - ROBOTY.planner - DEBUG - Операция 6 запланирована, время завершения: 111.49
2025-09-24 16:03:43 - ROBOTY.planner - DEBUG - Операция 7 запланирована, время завершения: 124.31
2025-09-24 16:03:43 - ROBOTY.planner - DEBUG - Операция 8 запланирована, время завершения: 144.09
2025-09-24 16:03:43 - ROBOTY.planner - DEBUG - Операция 9 запланирована, время завершения: 165.99
2025-09-24 16:03:43 - ROBOTY.planner - DEBUG - Операция 10 запланирована, время завершения: 178.68
2025-09-24 16:03:43 - ROBOTY.planner - INFO - Траектория робота запланирована, общее время: 178.68
2025-09-24 16:03:43 - ROBOTY.planner - INFO - Робот 1: траектория содержит 240 точек
2025-09-24 16:03:43 - ROBOTY.planner - INFO - Планирование завершено. Makespan: 178.68
2025-09-24 16:03:43 - ROBOTY.main - INFO - Планировщик успешно завершил работу
2025-09-24 16:03:43 - ROBOTY.collision - INFO - Начинаем детальную проверку коллизий
2025-09-24 16:03:43 - ROBOTY.collision - INFO - Недостаточно роботов для проверки коллизий
2025-09-24 16:03:43 - ROBOTY.main - INFO - Коллизий не обнаружено
2025-09-24 16:03:45 - ROBOTY.main - INFO - Открытие визуализатора
2025-09-24 16:03:45 - ROBOTY.main - INFO - Визуализация успешно завершена
2025-09-24 16:03:45 - ROBOTY.visualizer - INFO - Запуск визуализации типа: 3d_anim
2025-09-24 16:03:45 - ROBOTY.visualizer - INFO - Создание 3D анимации траекторий
2025-09-24 16:03:45 - ROBOTY.visualizer - INFO - Создание 3D визуализации траекторий
2025-09-24 16:03:45 - ROBOTY.visualizer - INFO - 3D визуализация создана
2025-09-24 16:03:46 - ROBOTY.mesh_loader - INFO - OBJ загружен: 1758706684_68d3bbfcdbb32.obj, вершин=48087, треугольников=96202
2025-09-24 16:03:46 - ROBOTY.mesh_loader - INFO - Hand definition загружен: C:\Users\79518\OneDrive\Рабочий стол\Конкурс\Улучшения.txt, вершин=0, сегментов=0, точек=0
