2025-09-27 11:08:23 - ROBOTY.main - INFO - Запуск приложения ROBOTY
2025-09-27 11:08:23 - ROBOTY.main - INFO - Применена тема: dark
2025-09-27 11:08:23 - ROBOTY.main - INFO - Интерфейс инициализирован
2025-09-27 11:08:25 - ROBOTY.main - INFO - Приложение успешно запущено
2025-09-27 11:08:43 - ROBOTY.main - INFO - Создан входной файл: C:\Users\22200490\.cursor\ROBOTY-main\data\input_20250927_110828.json
2025-09-27 11:08:43 - ROBOTY.parser - INFO - Начинаем загрузку файла: C:\Users\22200490\.cursor\ROBOTY-main\data\input_20250927_110828.json
2025-09-27 11:08:43 - ROBOTY.parser - INFO - Файл C:\Users\22200490\.cursor\ROBOTY-main\data\input_20250927_110828.json успешно загружен
2025-09-27 11:08:43 - ROBOTY.parser - DEBUG - Робот 1 успешно загружен
2025-09-27 11:08:43 - ROBOTY.parser - DEBUG - Робот 2 успешно загружен
2025-09-27 11:08:43 - ROBOTY.parser - DEBUG - Робот 3 успешно загружен
2025-09-27 11:08:43 - ROBOTY.parser - DEBUG - Робот 4 успешно загружен
2025-09-27 11:08:43 - ROBOTY.parser - DEBUG - Операция 1 успешно загружена
2025-09-27 11:08:43 - ROBOTY.parser - DEBUG - Операция 2 успешно загружена
2025-09-27 11:08:43 - ROBOTY.parser - DEBUG - Операция 3 успешно загружена
2025-09-27 11:08:43 - ROBOTY.parser - DEBUG - Операция 4 успешно загружена
2025-09-27 11:08:43 - ROBOTY.parser - DEBUG - Операция 5 успешно загружена
2025-09-27 11:08:43 - ROBOTY.parser - DEBUG - Операция 6 успешно загружена
2025-09-27 11:08:43 - ROBOTY.parser - DEBUG - Операция 7 успешно загружена
2025-09-27 11:08:43 - ROBOTY.parser - DEBUG - Операция 8 успешно загружена
2025-09-27 11:08:43 - ROBOTY.parser - DEBUG - Операция 9 успешно загружена
2025-09-27 11:08:43 - ROBOTY.parser - DEBUG - Операция 10 успешно загружена
2025-09-27 11:08:43 - ROBOTY.parser - DEBUG - Операция 11 успешно загружена
2025-09-27 11:08:43 - ROBOTY.parser - DEBUG - Операция 12 успешно загружена
2025-09-27 11:08:43 - ROBOTY.parser - DEBUG - Операция 13 успешно загружена
2025-09-27 11:08:43 - ROBOTY.parser - DEBUG - Операция 14 успешно загружена
2025-09-27 11:08:43 - ROBOTY.parser - DEBUG - Операция 15 успешно загружена
2025-09-27 11:08:43 - ROBOTY.parser - DEBUG - Операция 16 успешно загружена
2025-09-27 11:08:43 - ROBOTY.parser - DEBUG - Операция 17 успешно загружена
2025-09-27 11:08:43 - ROBOTY.parser - DEBUG - Операция 18 успешно загружена
2025-09-27 11:08:43 - ROBOTY.parser - DEBUG - Операция 19 успешно загружена
2025-09-27 11:08:43 - ROBOTY.parser - DEBUG - Операция 20 успешно загружена
2025-09-27 11:08:43 - ROBOTY.parser - DEBUG - Операция 21 успешно загружена
2025-09-27 11:08:43 - ROBOTY.parser - DEBUG - Операция 22 успешно загружена
2025-09-27 11:08:43 - ROBOTY.parser - DEBUG - Операция 23 успешно загружена
2025-09-27 11:08:43 - ROBOTY.parser - DEBUG - Операция 24 успешно загружена
2025-09-27 11:08:43 - ROBOTY.parser - DEBUG - Операция 25 успешно загружена
2025-09-27 11:08:43 - ROBOTY.parser - DEBUG - Операция 26 успешно загружена
2025-09-27 11:08:43 - ROBOTY.parser - DEBUG - Операция 27 успешно загружена
2025-09-27 11:08:43 - ROBOTY.parser - DEBUG - Операция 28 успешно загружена
2025-09-27 11:08:43 - ROBOTY.parser - DEBUG - Операция 29 успешно загружена
2025-09-27 11:08:43 - ROBOTY.parser - DEBUG - Операция 30 успешно загружена
2025-09-27 11:08:43 - ROBOTY.parser - INFO - Загружено 4 роботов и 30 операций
2025-09-27 11:08:48 - ROBOTY.main - INFO - Запуск планировщика
2025-09-27 11:08:48 - ROBOTY.planner - INFO - Запуск планировщика траекторий
2025-09-27 11:08:48 - ROBOTY.assigner - INFO - Начинаем назначение операций методом: balanced
2025-09-27 11:08:48 - ROBOTY.assigner - DEBUG - Операция 0 назначена роботу 1 (нагрузка: 6.56)
2025-09-27 11:08:48 - ROBOTY.assigner - DEBUG - Операция 1 назначена роботу 3 (нагрузка: 7.67)
2025-09-27 11:08:48 - ROBOTY.assigner - DEBUG - Операция 2 назначена роботу 2 (нагрузка: 10.47)
2025-09-27 11:08:48 - ROBOTY.assigner - DEBUG - Операция 3 назначена роботу 3 (нагрузка: 16.37)
2025-09-27 11:08:48 - ROBOTY.assigner - DEBUG - Операция 4 назначена роботу 0 (нагрузка: 13.85)
2025-09-27 11:08:48 - ROBOTY.assigner - DEBUG - Операция 5 назначена роботу 2 (нагрузка: 17.61)
2025-09-27 11:08:48 - ROBOTY.assigner - DEBUG - Операция 6 назначена роботу 1 (нагрузка: 15.20)
2025-09-27 11:08:48 - ROBOTY.assigner - DEBUG - Операция 7 назначена роботу 1 (нагрузка: 22.72)
2025-09-27 11:08:48 - ROBOTY.assigner - DEBUG - Операция 8 назначена роботу 3 (нагрузка: 23.11)
2025-09-27 11:08:48 - ROBOTY.assigner - DEBUG - Операция 9 назначена роботу 0 (нагрузка: 25.91)
2025-09-27 11:08:48 - ROBOTY.assigner - DEBUG - Операция 10 назначена роботу 2 (нагрузка: 25.05)
2025-09-27 11:08:48 - ROBOTY.assigner - DEBUG - Операция 11 назначена роботу 1 (нагрузка: 30.54)
2025-09-27 11:08:48 - ROBOTY.assigner - DEBUG - Операция 12 назначена роботу 3 (нагрузка: 30.70)
2025-09-27 11:08:48 - ROBOTY.assigner - DEBUG - Операция 13 назначена роботу 2 (нагрузка: 31.50)
2025-09-27 11:08:48 - ROBOTY.assigner - DEBUG - Операция 14 назначена роботу 1 (нагрузка: 40.68)
2025-09-27 11:08:48 - ROBOTY.assigner - DEBUG - Операция 15 назначена роботу 3 (нагрузка: 36.82)
2025-09-27 11:08:48 - ROBOTY.assigner - DEBUG - Операция 16 назначена роботу 2 (нагрузка: 40.82)
2025-09-27 11:08:48 - ROBOTY.assigner - DEBUG - Операция 17 назначена роботу 0 (нагрузка: 34.59)
2025-09-27 11:08:48 - ROBOTY.assigner - DEBUG - Операция 18 назначена роботу 3 (нагрузка: 48.25)
2025-09-27 11:08:48 - ROBOTY.assigner - DEBUG - Операция 19 назначена роботу 0 (нагрузка: 47.06)
2025-09-27 11:08:48 - ROBOTY.assigner - DEBUG - Операция 20 назначена роботу 2 (нагрузка: 48.72)
2025-09-27 11:08:48 - ROBOTY.assigner - DEBUG - Операция 21 назначена роботу 1 (нагрузка: 46.95)
2025-09-27 11:08:48 - ROBOTY.assigner - DEBUG - Операция 22 назначена роботу 3 (нагрузка: 53.81)
2025-09-27 11:08:48 - ROBOTY.assigner - DEBUG - Операция 23 назначена роботу 1 (нагрузка: 53.24)
2025-09-27 11:08:48 - ROBOTY.assigner - DEBUG - Операция 24 назначена роботу 2 (нагрузка: 56.43)
2025-09-27 11:08:48 - ROBOTY.assigner - DEBUG - Операция 25 назначена роботу 1 (нагрузка: 56.71)
2025-09-27 11:08:48 - ROBOTY.assigner - DEBUG - Операция 26 назначена роботу 3 (нагрузка: 59.06)
2025-09-27 11:08:48 - ROBOTY.assigner - DEBUG - Операция 27 назначена роботу 0 (нагрузка: 59.90)
2025-09-27 11:08:48 - ROBOTY.assigner - DEBUG - Операция 28 назначена роботу 2 (нагрузка: 64.51)
2025-09-27 11:08:48 - ROBOTY.assigner - DEBUG - Операция 29 назначена роботу 1 (нагрузка: 65.11)
2025-09-27 11:08:48 - ROBOTY.assigner - INFO - Распределено 30 операций с балансировкой нагрузки
2025-09-27 11:08:48 - ROBOTY.assigner - INFO - Итоговые нагрузки роботов: ['59.90', '65.11', '64.51', '59.06']
2025-09-27 11:08:48 - ROBOTY.assigner - INFO - Робот 0: 5 операций, нагрузка 59.90
2025-09-27 11:08:48 - ROBOTY.assigner - INFO - Робот 1: 9 операций, нагрузка 65.11
2025-09-27 11:08:48 - ROBOTY.assigner - INFO - Робот 2: 8 операций, нагрузка 64.51
2025-09-27 11:08:48 - ROBOTY.assigner - INFO - Робот 3: 8 операций, нагрузка 59.06
2025-09-27 11:08:48 - ROBOTY.planner - INFO - Операции назначены методом: balanced
2025-09-27 11:08:48 - ROBOTY.planner - INFO - Планирование траектории для робота 1 (ID: 1) с 5 операциями
2025-09-27 11:08:48 - ROBOTY.planner - DEBUG - Планирование траектории для робота с 5 операциями
2025-09-27 11:08:48 - ROBOTY.planner - DEBUG - Операция 1 запланирована, время завершения: 15.72
2025-09-27 11:08:48 - ROBOTY.planner - DEBUG - Операция 2 запланирована, время завершения: 37.37
2025-09-27 11:08:48 - ROBOTY.planner - DEBUG - Операция 3 запланирована, время завершения: 56.42
2025-09-27 11:08:48 - ROBOTY.planner - DEBUG - Операция 4 запланирована, время завершения: 72.98
2025-09-27 11:08:48 - ROBOTY.planner - DEBUG - Операция 5 запланирована, время завершения: 85.19
2025-09-27 11:08:48 - ROBOTY.planner - INFO - Траектория робота запланирована, общее время: 85.19
2025-09-27 11:08:48 - ROBOTY.planner - INFO - Робот 1: траектория содержит 120 точек
2025-09-27 11:08:48 - ROBOTY.planner - INFO - Планирование траектории для робота 2 (ID: 2) с 9 операциями
2025-09-27 11:08:48 - ROBOTY.planner - DEBUG - Планирование траектории для робота с 9 операциями
2025-09-27 11:08:48 - ROBOTY.planner - DEBUG - Операция 1 запланирована, время завершения: 8.01
2025-09-27 11:08:48 - ROBOTY.planner - DEBUG - Операция 2 запланирована, время завершения: 19.03
2025-09-27 11:08:48 - ROBOTY.planner - DEBUG - Операция 3 запланирована, время завершения: 28.53
2025-09-27 11:08:48 - ROBOTY.planner - DEBUG - Операция 4 запланирована, время завершения: 43.01
2025-09-27 11:08:48 - ROBOTY.planner - DEBUG - Операция 5 запланирована, время завершения: 55.13
2025-09-27 11:08:48 - ROBOTY.planner - DEBUG - Операция 6 запланирована, время завершения: 64.25
2025-09-27 11:08:48 - ROBOTY.planner - DEBUG - Операция 7 запланирована, время завершения: 72.14
2025-09-27 11:08:48 - ROBOTY.planner - DEBUG - Операция 8 запланирована, время завершения: 79.48
2025-09-27 11:08:48 - ROBOTY.planner - DEBUG - Операция 9 запланирована, время завершения: 90.13
2025-09-27 11:08:48 - ROBOTY.planner - INFO - Траектория робота запланирована, общее время: 90.13
2025-09-27 11:08:48 - ROBOTY.planner - INFO - Робот 2: траектория содержит 216 точек
2025-09-27 11:08:48 - ROBOTY.planner - INFO - Планирование траектории для робота 3 (ID: 3) с 8 операциями
2025-09-27 11:08:48 - ROBOTY.planner - DEBUG - Планирование траектории для робота с 8 операциями
2025-09-27 11:08:48 - ROBOTY.planner - DEBUG - Операция 1 запланирована, время завершения: 12.90
2025-09-27 11:08:48 - ROBOTY.planner - DEBUG - Операция 2 запланирована, время завершения: 23.29
2025-09-27 11:08:48 - ROBOTY.planner - DEBUG - Операция 3 запланирована, время завершения: 31.42
2025-09-27 11:08:48 - ROBOTY.planner - DEBUG - Операция 4 запланирована, время завершения: 42.97
2025-09-27 11:08:48 - ROBOTY.planner - DEBUG - Операция 5 запланирована, время завершения: 55.44
2025-09-27 11:08:48 - ROBOTY.planner - DEBUG - Операция 6 запланирована, время завершения: 69.76
2025-09-27 11:08:48 - ROBOTY.planner - DEBUG - Операция 7 запланирована, время завершения: 82.55
2025-09-27 11:08:48 - ROBOTY.planner - DEBUG - Операция 8 запланирована, время завершения: 89.82
2025-09-27 11:08:48 - ROBOTY.planner - INFO - Траектория робота запланирована, общее время: 89.82
2025-09-27 11:08:48 - ROBOTY.planner - INFO - Робот 3: траектория содержит 192 точек
2025-09-27 11:08:48 - ROBOTY.planner - INFO - Планирование траектории для робота 4 (ID: 4) с 8 операциями
2025-09-27 11:08:48 - ROBOTY.planner - DEBUG - Планирование траектории для робота с 8 операциями
2025-09-27 11:08:48 - ROBOTY.planner - DEBUG - Операция 1 запланирована, время завершения: 10.09
2025-09-27 11:08:48 - ROBOTY.planner - DEBUG - Операция 2 запланирована, время завершения: 21.64
2025-09-27 11:08:48 - ROBOTY.planner - DEBUG - Операция 3 запланирована, время завершения: 32.01
2025-09-27 11:08:48 - ROBOTY.planner - DEBUG - Операция 4 запланирована, время завершения: 40.14
2025-09-27 11:08:48 - ROBOTY.planner - DEBUG - Операция 5 запланирована, время завершения: 46.79
2025-09-27 11:08:48 - ROBOTY.planner - DEBUG - Операция 6 запланирована, время завершения: 57.71
2025-09-27 11:08:48 - ROBOTY.planner - DEBUG - Операция 7 запланирована, время завершения: 63.82
2025-09-27 11:08:48 - ROBOTY.planner - DEBUG - Операция 8 запланирована, время завершения: 73.07
2025-09-27 11:08:48 - ROBOTY.planner - INFO - Траектория робота запланирована, общее время: 73.07
2025-09-27 11:08:48 - ROBOTY.planner - INFO - Робот 4: траектория содержит 192 точек
2025-09-27 11:08:48 - ROBOTY.planner - INFO - Планирование завершено. Makespan: 90.13
2025-09-27 11:08:48 - ROBOTY.main - INFO - Планировщик успешно завершил работу
2025-09-27 11:08:48 - ROBOTY.collision - INFO - Начинаем детальную проверку коллизий
2025-09-27 11:08:48 - ROBOTY.collision - DEBUG - Проверяем коллизии в диапазоне времени: 0.00 - 90.13
2025-09-27 11:08:48 - ROBOTY.collision - WARNING - Коллизия: роботы 1 и 3 в 4.40s, расстояние: 0.482, требуется: 0.500
2025-09-27 11:08:48 - ROBOTY.collision - WARNING - Коллизия: роботы 1 и 3 в 4.50s, расстояние: 0.434, требуется: 0.500
2025-09-27 11:08:48 - ROBOTY.collision - WARNING - Коллизия: роботы 1 и 3 в 4.60s, расстояние: 0.437, требуется: 0.500
2025-09-27 11:08:48 - ROBOTY.collision - WARNING - Коллизия: роботы 1 и 3 в 4.70s, расстояние: 0.489, требуется: 0.500
2025-09-27 11:08:48 - ROBOTY.collision - WARNING - Коллизия: роботы 1 и 3 в 34.40s, расстояние: 0.410, требуется: 0.500
2025-09-27 11:08:48 - ROBOTY.collision - WARNING - Коллизия: роботы 1 и 3 в 34.50s, расстояние: 0.345, требуется: 0.500
2025-09-27 11:08:48 - ROBOTY.collision - WARNING - Коллизия: роботы 1 и 3 в 34.60s, расстояние: 0.407, требуется: 0.500
2025-09-27 11:08:49 - ROBOTY.collision - WARNING - Коллизия: роботы 2 и 3 в 51.10s, расстояние: 0.424, требуется: 0.500
2025-09-27 11:08:49 - ROBOTY.collision - WARNING - Коллизия: роботы 2 и 3 в 51.20s, расстояние: 0.366, требуется: 0.500
2025-09-27 11:08:49 - ROBOTY.collision - WARNING - Коллизия: роботы 2 и 3 в 51.30s, расстояние: 0.468, требуется: 0.500
2025-09-27 11:08:49 - ROBOTY.collision - ERROR - Обнаружено 10 коллизий
2025-09-27 11:08:49 - ROBOTY.main - WARNING - Обнаружено 10 коллизий, применяем онлайн-безопасность
2025-09-27 11:08:49 - ROBOTY.safety - INFO - Применяем онлайн-безопасность: вставка пауз при коллизиях
2025-09-27 11:08:49 - ROBOTY.collision - INFO - Начинаем детальную проверку коллизий
2025-09-27 11:08:49 - ROBOTY.collision - DEBUG - Проверяем коллизии в диапазоне времени: 0.00 - 90.13
2025-09-27 11:08:49 - ROBOTY.collision - WARNING - Коллизия: роботы 1 и 3 в 4.40s, расстояние: 0.482, требуется: 0.500
2025-09-27 11:08:49 - ROBOTY.collision - WARNING - Коллизия: роботы 1 и 3 в 4.45s, расстояние: 0.452, требуется: 0.500
2025-09-27 11:08:49 - ROBOTY.collision - WARNING - Коллизия: роботы 1 и 3 в 4.50s, расстояние: 0.434, требуется: 0.500
2025-09-27 11:08:49 - ROBOTY.collision - WARNING - Коллизия: роботы 1 и 3 в 4.55s, расстояние: 0.429, требуется: 0.500
2025-09-27 11:08:49 - ROBOTY.collision - WARNING - Коллизия: роботы 1 и 3 в 4.60s, расстояние: 0.437, требуется: 0.500
2025-09-27 11:08:49 - ROBOTY.collision - WARNING - Коллизия: роботы 1 и 3 в 4.65s, расстояние: 0.457, требуется: 0.500
2025-09-27 11:08:49 - ROBOTY.collision - WARNING - Коллизия: роботы 1 и 3 в 4.70s, расстояние: 0.489, требуется: 0.500
2025-09-27 11:08:49 - ROBOTY.collision - WARNING - Коллизия: роботы 1 и 3 в 34.35s, расстояние: 0.478, требуется: 0.500
2025-09-27 11:08:49 - ROBOTY.collision - WARNING - Коллизия: роботы 1 и 3 в 34.40s, расстояние: 0.410, требуется: 0.500
2025-09-27 11:08:49 - ROBOTY.collision - WARNING - Коллизия: роботы 1 и 3 в 34.45s, расстояние: 0.362, требуется: 0.500
2025-09-27 11:08:49 - ROBOTY.collision - WARNING - Коллизия: роботы 1 и 3 в 34.50s, расстояние: 0.345, требуется: 0.500
2025-09-27 11:08:49 - ROBOTY.collision - WARNING - Коллизия: роботы 1 и 3 в 34.55s, расстояние: 0.361, требуется: 0.500
2025-09-27 11:08:49 - ROBOTY.collision - WARNING - Коллизия: роботы 1 и 3 в 34.60s, расстояние: 0.407, требуется: 0.500
2025-09-27 11:08:49 - ROBOTY.collision - WARNING - Коллизия: роботы 1 и 3 в 34.65s, расстояние: 0.474, требуется: 0.500
2025-09-27 11:08:49 - ROBOTY.collision - WARNING - Коллизия: роботы 2 и 3 в 51.10s, расстояние: 0.424, требуется: 0.500
2025-09-27 11:08:49 - ROBOTY.collision - WARNING - Коллизия: роботы 2 и 3 в 51.15s, расстояние: 0.375, требуется: 0.500
2025-09-27 11:08:49 - ROBOTY.collision - WARNING - Коллизия: роботы 2 и 3 в 51.20s, расстояние: 0.366, требуется: 0.500
2025-09-27 11:08:49 - ROBOTY.collision - WARNING - Коллизия: роботы 2 и 3 в 51.25s, расстояние: 0.400, требуется: 0.500
2025-09-27 11:08:49 - ROBOTY.collision - WARNING - Коллизия: роботы 2 и 3 в 51.30s, расстояние: 0.468, требуется: 0.500
2025-09-27 11:08:49 - ROBOTY.collision - ERROR - Обнаружено 19 коллизий
2025-09-27 11:08:49 - ROBOTY.safety - DEBUG - Добавлена пауза 0.60s роботу 1 в t=4.40s
2025-09-27 11:08:49 - ROBOTY.safety - DEBUG - Добавлена пауза 0.60s роботу 3 в t=4.40s
2025-09-27 11:08:49 - ROBOTY.safety - DEBUG - Добавлена пауза 0.60s роботу 1 в t=4.45s
2025-09-27 11:08:49 - ROBOTY.safety - DEBUG - Добавлена пауза 0.60s роботу 3 в t=4.45s
2025-09-27 11:08:49 - ROBOTY.safety - DEBUG - Добавлена пауза 0.60s роботу 1 в t=4.50s
2025-09-27 11:08:49 - ROBOTY.safety - DEBUG - Добавлена пауза 0.60s роботу 3 в t=4.50s
2025-09-27 11:08:49 - ROBOTY.safety - DEBUG - Добавлена пауза 0.60s роботу 1 в t=4.55s
2025-09-27 11:08:49 - ROBOTY.safety - DEBUG - Добавлена пауза 0.60s роботу 3 в t=4.55s
2025-09-27 11:08:49 - ROBOTY.safety - DEBUG - Добавлена пауза 0.60s роботу 1 в t=4.60s
2025-09-27 11:08:49 - ROBOTY.safety - DEBUG - Добавлена пауза 0.60s роботу 3 в t=4.60s
2025-09-27 11:08:49 - ROBOTY.safety - DEBUG - Добавлена пауза 0.60s роботу 1 в t=4.65s
2025-09-27 11:08:49 - ROBOTY.safety - DEBUG - Добавлена пауза 0.60s роботу 3 в t=4.65s
2025-09-27 11:08:49 - ROBOTY.safety - DEBUG - Добавлена пауза 0.60s роботу 1 в t=4.70s
2025-09-27 11:08:49 - ROBOTY.safety - DEBUG - Добавлена пауза 0.60s роботу 3 в t=4.70s
2025-09-27 11:08:49 - ROBOTY.safety - DEBUG - Добавлена пауза 0.60s роботу 1 в t=34.35s
2025-09-27 11:08:49 - ROBOTY.safety - DEBUG - Добавлена пауза 0.60s роботу 3 в t=34.35s
2025-09-27 11:08:49 - ROBOTY.safety - DEBUG - Добавлена пауза 0.60s роботу 1 в t=34.40s
2025-09-27 11:08:49 - ROBOTY.safety - DEBUG - Добавлена пауза 0.60s роботу 3 в t=34.40s
2025-09-27 11:08:49 - ROBOTY.safety - DEBUG - Добавлена пауза 0.60s роботу 1 в t=34.45s
2025-09-27 11:08:49 - ROBOTY.safety - DEBUG - Добавлена пауза 0.60s роботу 3 в t=34.45s
2025-09-27 11:08:49 - ROBOTY.safety - DEBUG - Добавлена пауза 0.60s роботу 1 в t=34.50s
2025-09-27 11:08:49 - ROBOTY.safety - DEBUG - Добавлена пауза 0.60s роботу 3 в t=34.50s
2025-09-27 11:08:49 - ROBOTY.safety - DEBUG - Добавлена пауза 0.60s роботу 1 в t=34.55s
2025-09-27 11:08:49 - ROBOTY.safety - DEBUG - Добавлена пауза 0.60s роботу 3 в t=34.55s
2025-09-27 11:08:49 - ROBOTY.safety - DEBUG - Добавлена пауза 0.60s роботу 1 в t=34.60s
2025-09-27 11:08:49 - ROBOTY.safety - DEBUG - Добавлена пауза 0.60s роботу 3 в t=34.60s
2025-09-27 11:08:49 - ROBOTY.safety - DEBUG - Добавлена пауза 0.60s роботу 1 в t=34.65s
2025-09-27 11:08:49 - ROBOTY.safety - DEBUG - Добавлена пауза 0.60s роботу 3 в t=34.65s
2025-09-27 11:08:49 - ROBOTY.safety - DEBUG - Добавлена пауза 0.60s роботу 2 в t=51.10s
2025-09-27 11:08:49 - ROBOTY.safety - DEBUG - Добавлена пауза 0.60s роботу 3 в t=51.10s
2025-09-27 11:08:49 - ROBOTY.safety - DEBUG - Добавлена пауза 0.60s роботу 2 в t=51.15s
2025-09-27 11:08:49 - ROBOTY.safety - DEBUG - Добавлена пауза 0.60s роботу 3 в t=51.15s
2025-09-27 11:08:49 - ROBOTY.safety - DEBUG - Добавлена пауза 0.60s роботу 2 в t=51.20s
2025-09-27 11:08:49 - ROBOTY.safety - DEBUG - Добавлена пауза 0.60s роботу 3 в t=51.20s
2025-09-27 11:08:49 - ROBOTY.safety - DEBUG - Добавлена пауза 0.60s роботу 2 в t=51.25s
2025-09-27 11:08:49 - ROBOTY.safety - DEBUG - Добавлена пауза 0.60s роботу 3 в t=51.25s
2025-09-27 11:08:49 - ROBOTY.safety - DEBUG - Добавлена пауза 0.60s роботу 2 в t=51.30s
2025-09-27 11:08:49 - ROBOTY.safety - DEBUG - Добавлена пауза 0.60s роботу 3 в t=51.30s
2025-09-27 11:08:49 - ROBOTY.safety - INFO - Онлайн-безопасность применена: паузы вставлены
2025-09-27 11:08:49 - ROBOTY.collision - INFO - Начинаем детальную проверку коллизий
2025-09-27 11:08:49 - ROBOTY.collision - DEBUG - Проверяем коллизии в диапазоне времени: 0.00 - 101.22
2025-09-27 11:08:49 - ROBOTY.collision - WARNING - Коллизия: роботы 1 и 3 в 4.40s, расстояние: 0.482, требуется: 0.500
2025-09-27 11:08:49 - ROBOTY.collision - WARNING - Коллизия: роботы 1 и 3 в 4.50s, расстояние: 0.482, требуется: 0.500
2025-09-27 11:08:49 - ROBOTY.collision - WARNING - Коллизия: роботы 1 и 3 в 4.60s, расстояние: 0.482, требуется: 0.500
2025-09-27 11:08:49 - ROBOTY.collision - WARNING - Коллизия: роботы 1 и 3 в 4.70s, расстояние: 0.482, требуется: 0.500
2025-09-27 11:08:49 - ROBOTY.collision - WARNING - Коллизия: роботы 1 и 3 в 4.80s, расстояние: 0.482, требуется: 0.500
2025-09-27 11:08:49 - ROBOTY.collision - WARNING - Коллизия: роботы 1 и 3 в 4.90s, расстояние: 0.482, требуется: 0.500
2025-09-27 11:08:49 - ROBOTY.collision - WARNING - Коллизия: роботы 1 и 3 в 5.00s, расстояние: 0.482, требуется: 0.500
2025-09-27 11:08:49 - ROBOTY.collision - WARNING - Коллизия: роботы 1 и 3 в 5.10s, расстояние: 0.482, требуется: 0.500
2025-09-27 11:08:49 - ROBOTY.collision - WARNING - Коллизия: роботы 1 и 3 в 5.20s, расстояние: 0.482, требуется: 0.500
2025-09-27 11:08:49 - ROBOTY.collision - WARNING - Коллизия: роботы 1 и 3 в 5.30s, расстояние: 0.482, требуется: 0.500
2025-09-27 11:08:49 - ROBOTY.collision - WARNING - Коллизия: роботы 1 и 3 в 5.40s, расстояние: 0.482, требуется: 0.500
2025-09-27 11:08:49 - ROBOTY.collision - WARNING - Коллизия: роботы 1 и 3 в 5.50s, расстояние: 0.482, требуется: 0.500
2025-09-27 11:08:49 - ROBOTY.collision - WARNING - Коллизия: роботы 1 и 3 в 5.60s, расстояние: 0.482, требуется: 0.500
2025-09-27 11:08:49 - ROBOTY.collision - WARNING - Коллизия: роботы 1 и 3 в 5.70s, расстояние: 0.482, требуется: 0.500
2025-09-27 11:08:49 - ROBOTY.collision - WARNING - Коллизия: роботы 1 и 3 в 5.80s, расстояние: 0.482, требуется: 0.500
2025-09-27 11:08:49 - ROBOTY.collision - WARNING - Коллизия: роботы 1 и 3 в 5.90s, расстояние: 0.482, требуется: 0.500
2025-09-27 11:08:49 - ROBOTY.collision - WARNING - Коллизия: роботы 1 и 3 в 6.00s, расстояние: 0.482, требуется: 0.500
2025-09-27 11:08:49 - ROBOTY.collision - WARNING - Коллизия: роботы 1 и 3 в 6.10s, расстояние: 0.482, требуется: 0.500
2025-09-27 11:08:49 - ROBOTY.collision - WARNING - Коллизия: роботы 1 и 3 в 6.20s, расстояние: 0.482, требуется: 0.500
2025-09-27 11:08:49 - ROBOTY.collision - WARNING - Коллизия: роботы 1 и 3 в 6.30s, расстояние: 0.482, требуется: 0.500
2025-09-27 11:08:49 - ROBOTY.collision - WARNING - Коллизия: роботы 1 и 3 в 6.40s, расстояние: 0.482, требуется: 0.500
2025-09-27 11:08:49 - ROBOTY.collision - WARNING - Коллизия: роботы 1 и 3 в 6.50s, расстояние: 0.482, требуется: 0.500
2025-09-27 11:08:49 - ROBOTY.collision - WARNING - Коллизия: роботы 1 и 3 в 6.60s, расстояние: 0.482, требуется: 0.500
2025-09-27 11:08:49 - ROBOTY.collision - WARNING - Коллизия: роботы 1 и 3 в 6.70s, расстояние: 0.482, требуется: 0.500
2025-09-27 11:08:49 - ROBOTY.collision - WARNING - Коллизия: роботы 1 и 3 в 6.80s, расстояние: 0.482, требуется: 0.500
2025-09-27 11:08:49 - ROBOTY.collision - WARNING - Коллизия: роботы 1 и 3 в 6.90s, расстояние: 0.482, требуется: 0.500
2025-09-27 11:08:49 - ROBOTY.collision - WARNING - Коллизия: роботы 1 и 3 в 7.00s, расстояние: 0.482, требуется: 0.500
2025-09-27 11:08:49 - ROBOTY.collision - WARNING - Коллизия: роботы 1 и 3 в 7.10s, расстояние: 0.482, требуется: 0.500
2025-09-27 11:08:49 - ROBOTY.collision - WARNING - Коллизия: роботы 1 и 3 в 7.20s, расстояние: 0.482, требуется: 0.500
2025-09-27 11:08:49 - ROBOTY.collision - WARNING - Коллизия: роботы 1 и 3 в 7.30s, расстояние: 0.482, требуется: 0.500
2025-09-27 11:08:49 - ROBOTY.collision - WARNING - Коллизия: роботы 1 и 3 в 7.40s, расстояние: 0.482, требуется: 0.500
2025-09-27 11:08:49 - ROBOTY.collision - WARNING - Коллизия: роботы 1 и 3 в 7.50s, расстояние: 0.482, требуется: 0.500
2025-09-27 11:08:49 - ROBOTY.collision - WARNING - Коллизия: роботы 1 и 3 в 7.60s, расстояние: 0.482, требуется: 0.500
2025-09-27 11:08:49 - ROBOTY.collision - WARNING - Коллизия: роботы 1 и 3 в 7.70s, расстояние: 0.482, требуется: 0.500
2025-09-27 11:08:49 - ROBOTY.collision - WARNING - Коллизия: роботы 1 и 3 в 7.80s, расстояние: 0.482, требуется: 0.500
2025-09-27 11:08:49 - ROBOTY.collision - WARNING - Коллизия: роботы 1 и 3 в 7.90s, расстояние: 0.482, требуется: 0.500
2025-09-27 11:08:49 - ROBOTY.collision - WARNING - Коллизия: роботы 1 и 3 в 8.00s, расстояние: 0.482, требуется: 0.500
2025-09-27 11:08:49 - ROBOTY.collision - WARNING - Коллизия: роботы 1 и 3 в 8.10s, расстояние: 0.482, требуется: 0.500
2025-09-27 11:08:49 - ROBOTY.collision - WARNING - Коллизия: роботы 1 и 3 в 8.20s, расстояние: 0.482, требуется: 0.500
2025-09-27 11:08:49 - ROBOTY.collision - WARNING - Коллизия: роботы 1 и 3 в 8.30s, расстояние: 0.482, требуется: 0.500
2025-09-27 11:08:49 - ROBOTY.collision - WARNING - Коллизия: роботы 1 и 3 в 8.40s, расстояние: 0.482, требуется: 0.500
2025-09-27 11:08:49 - ROBOTY.collision - WARNING - Коллизия: роботы 1 и 3 в 8.50s, расстояние: 0.482, требуется: 0.500
2025-09-27 11:08:49 - ROBOTY.collision - WARNING - Коллизия: роботы 1 и 3 в 8.60s, расстояние: 0.482, требуется: 0.500
2025-09-27 11:08:49 - ROBOTY.collision - WARNING - Коллизия: роботы 1 и 3 в 8.70s, расстояние: 0.434, требуется: 0.500
2025-09-27 11:08:49 - ROBOTY.collision - WARNING - Коллизия: роботы 1 и 3 в 8.80s, расстояние: 0.437, требуется: 0.500
2025-09-27 11:08:49 - ROBOTY.collision - WARNING - Коллизия: роботы 1 и 3 в 8.90s, расстояние: 0.489, требуется: 0.500
2025-09-27 11:08:49 - ROBOTY.collision - WARNING - Коллизия: роботы 3 и 4 в 24.70s, расстояние: 0.491, требуется: 0.500
2025-09-27 11:08:49 - ROBOTY.collision - WARNING - Коллизия: роботы 3 и 4 в 24.80s, расстояние: 0.361, требуется: 0.500
2025-09-27 11:08:49 - ROBOTY.collision - WARNING - Коллизия: роботы 3 и 4 в 24.90s, расстояние: 0.393, требуется: 0.500
2025-09-27 11:08:49 - ROBOTY.collision - WARNING - Коллизия: роботы 1 и 4 в 41.90s, расстояние: 0.484, требуется: 0.500
2025-09-27 11:08:49 - ROBOTY.collision - WARNING - Коллизия: роботы 1 и 3 в 42.80s, расстояние: 0.410, требуется: 0.500
2025-09-27 11:08:49 - ROBOTY.collision - WARNING - Коллизия: роботы 1 и 3 в 42.90s, расстояние: 0.345, требуется: 0.500
2025-09-27 11:08:49 - ROBOTY.collision - WARNING - Коллизия: роботы 1 и 3 в 43.00s, расстояние: 0.407, требуется: 0.500
2025-09-27 11:08:49 - ROBOTY.collision - WARNING - Коллизия: роботы 2 и 4 в 60.80s, расстояние: 0.382, требуется: 0.500
2025-09-27 11:08:49 - ROBOTY.collision - WARNING - Коллизия: роботы 2 и 4 в 60.90s, расстояние: 0.266, требуется: 0.500
2025-09-27 11:08:49 - ROBOTY.collision - WARNING - Коллизия: роботы 2 и 4 в 61.00s, расстояние: 0.230, требуется: 0.500
2025-09-27 11:08:49 - ROBOTY.collision - WARNING - Коллизия: роботы 2 и 4 в 61.10s, расстояние: 0.303, требуется: 0.500
2025-09-27 11:08:49 - ROBOTY.collision - WARNING - Коллизия: роботы 2 и 4 в 61.20s, расстояние: 0.434, требуется: 0.500
2025-09-27 11:08:49 - ROBOTY.collision - WARNING - Коллизия: роботы 3 и 4 в 62.70s, расстояние: 0.436, требуется: 0.500
2025-09-27 11:08:49 - ROBOTY.collision - WARNING - Коллизия: роботы 3 и 4 в 62.80s, расстояние: 0.371, требуется: 0.500
2025-09-27 11:08:49 - ROBOTY.collision - WARNING - Коллизия: роботы 3 и 4 в 62.90s, расстояние: 0.351, требуется: 0.500
2025-09-27 11:08:49 - ROBOTY.collision - WARNING - Коллизия: роботы 3 и 4 в 63.00s, расстояние: 0.347, требуется: 0.500
2025-09-27 11:08:49 - ROBOTY.collision - WARNING - Коллизия: роботы 3 и 4 в 63.10s, расстояние: 0.384, требуется: 0.500
2025-09-27 11:08:49 - ROBOTY.collision - WARNING - Коллизия: роботы 3 и 4 в 63.20s, расстояние: 0.459, требуется: 0.500
2025-09-27 11:08:49 - ROBOTY.collision - WARNING - Коллизия: роботы 1 и 3 в 80.50s, расстояние: 0.449, требуется: 0.500
2025-09-27 11:08:49 - ROBOTY.collision - WARNING - Коллизия: роботы 1 и 3 в 80.60s, расстояние: 0.380, требуется: 0.500
2025-09-27 11:08:49 - ROBOTY.collision - WARNING - Коллизия: роботы 1 и 3 в 80.70s, расстояние: 0.335, требуется: 0.500
2025-09-27 11:08:49 - ROBOTY.collision - WARNING - Коллизия: роботы 1 и 3 в 80.80s, расстояние: 0.335, требуется: 0.500
2025-09-27 11:08:49 - ROBOTY.collision - WARNING - Коллизия: роботы 1 и 3 в 80.90s, расстояние: 0.335, требуется: 0.500
2025-09-27 11:08:49 - ROBOTY.collision - WARNING - Коллизия: роботы 1 и 3 в 81.00s, расстояние: 0.335, требуется: 0.500
2025-09-27 11:08:49 - ROBOTY.collision - WARNING - Коллизия: роботы 1 и 3 в 81.10s, расстояние: 0.335, требуется: 0.500
2025-09-27 11:08:49 - ROBOTY.collision - WARNING - Коллизия: роботы 1 и 3 в 81.20s, расстояние: 0.359, требуется: 0.500
2025-09-27 11:08:49 - ROBOTY.collision - WARNING - Коллизия: роботы 1 и 3 в 81.30s, расстояние: 0.425, требуется: 0.500
2025-09-27 11:08:49 - ROBOTY.collision - WARNING - Коллизия: роботы 1 и 3 в 81.40s, расстояние: 0.478, требуется: 0.500
2025-09-27 11:08:49 - ROBOTY.collision - WARNING - Коллизия: роботы 1 и 3 в 81.50s, расстояние: 0.488, требуется: 0.500
2025-09-27 11:08:49 - ROBOTY.collision - WARNING - Коллизия: роботы 1 и 3 в 81.60s, расстояние: 0.499, требуется: 0.500
2025-09-27 11:08:49 - ROBOTY.collision - ERROR - Обнаружено 76 коллизий
2025-09-27 11:08:49 - ROBOTY.main - WARNING - Коллизии сохраняются после вставки пауз
2025-09-27 11:08:50 - ROBOTY.main - INFO - Открытие визуализатора
2025-09-27 11:08:50 - ROBOTY.main - INFO - Визуализация успешно завершена
2025-09-27 11:08:50 - ROBOTY.visualizer - INFO - Запуск визуализации типа: 3d_anim
2025-09-27 11:08:50 - ROBOTY.visualizer - INFO - Создание 3D анимации траекторий
2025-09-27 11:08:50 - ROBOTY.visualizer - INFO - Создание 3D визуализации траекторий
2025-09-27 11:08:51 - ROBOTY.visualizer - INFO - 3D визуализация создана
2025-09-27 11:08:51 - ROBOTY.visualizer - INFO - Ограничиваем анимацию: 73 кадров из 511
2025-09-27 11:09:02 - ROBOTY.visualizer - INFO - Визуализация записана во временный файл: C:\Users\22200490\AppData\Local\Temp\tmprsnv9z1w_viz_3d_anim.html
2025-09-27 11:09:03 - ROBOTY.visualizer - INFO - Визуализация открыта в браузере из временного файла
2025-09-27 11:09:03 - ROBOTY.mesh_loader - INFO - Кэш мешей очищен
2025-09-27 11:09:03 - ROBOTY.visualizer - INFO - Кэш мешей очищен для освобождения памяти
2025-09-27 11:09:03 - ROBOTY.main - INFO - Визуализация успешно завершена (в фоне, временный файл будет удалён автоматически)
2025-09-27 11:09:52 - ROBOTY.visualizer - INFO - Временный файл визуализации удалён: C:\Users\22200490\AppData\Local\Temp\tmprsnv9z1w_viz_3d_anim.html
