2025-09-27 09:17:24 - ROBOTY.main - INFO - Запуск приложения ROBOTY
2025-09-27 09:17:24 - ROBOTY.main - INFO - Применена тема: dark
2025-09-27 09:17:24 - ROBOTY.main - INFO - Интерфейс инициализирован
2025-09-27 09:17:24 - ROBOTY.main - INFO - Приложение успешно запущено
2025-09-27 09:17:42 - ROBOTY.main - INFO - Создан входной файл: C:\Users\22200490\.cursor\ROBOTY-main\data\input_20250927_091727.json
2025-09-27 09:17:42 - ROBOTY.parser - INFO - Начинаем загрузку файла: C:\Users\22200490\.cursor\ROBOTY-main\data\input_20250927_091727.json
2025-09-27 09:17:42 - ROBOTY.parser - INFO - Файл C:\Users\22200490\.cursor\ROBOTY-main\data\input_20250927_091727.json успешно загружен
2025-09-27 09:17:42 - ROBOTY.parser - DEBUG - Операция 1 успешно загружена
2025-09-27 09:17:42 - ROBOTY.parser - DEBUG - Операция 2 успешно загружена
2025-09-27 09:17:42 - ROBOTY.parser - DEBUG - Операция 3 успешно загружена
2025-09-27 09:17:42 - ROBOTY.parser - DEBUG - Операция 4 успешно загружена
2025-09-27 09:17:42 - ROBOTY.parser - DEBUG - Операция 5 успешно загружена
2025-09-27 09:17:42 - ROBOTY.parser - DEBUG - Операция 6 успешно загружена
2025-09-27 09:17:42 - ROBOTY.parser - DEBUG - Операция 7 успешно загружена
2025-09-27 09:17:42 - ROBOTY.parser - DEBUG - Операция 8 успешно загружена
2025-09-27 09:17:42 - ROBOTY.parser - DEBUG - Операция 9 успешно загружена
2025-09-27 09:17:42 - ROBOTY.parser - DEBUG - Операция 10 успешно загружена
2025-09-27 09:17:42 - ROBOTY.parser - DEBUG - Операция 11 успешно загружена
2025-09-27 09:17:42 - ROBOTY.parser - DEBUG - Операция 12 успешно загружена
2025-09-27 09:17:42 - ROBOTY.parser - DEBUG - Операция 13 успешно загружена
2025-09-27 09:17:42 - ROBOTY.parser - DEBUG - Операция 14 успешно загружена
2025-09-27 09:17:42 - ROBOTY.parser - DEBUG - Операция 15 успешно загружена
2025-09-27 09:17:42 - ROBOTY.parser - DEBUG - Операция 16 успешно загружена
2025-09-27 09:17:42 - ROBOTY.parser - DEBUG - Операция 17 успешно загружена
2025-09-27 09:17:42 - ROBOTY.parser - DEBUG - Операция 18 успешно загружена
2025-09-27 09:17:42 - ROBOTY.parser - DEBUG - Операция 19 успешно загружена
2025-09-27 09:17:42 - ROBOTY.parser - DEBUG - Операция 20 успешно загружена
2025-09-27 09:17:42 - ROBOTY.parser - DEBUG - Операция 21 успешно загружена
2025-09-27 09:17:42 - ROBOTY.parser - DEBUG - Операция 22 успешно загружена
2025-09-27 09:17:42 - ROBOTY.parser - DEBUG - Операция 23 успешно загружена
2025-09-27 09:17:42 - ROBOTY.parser - DEBUG - Операция 24 успешно загружена
2025-09-27 09:17:42 - ROBOTY.parser - DEBUG - Операция 25 успешно загружена
2025-09-27 09:17:42 - ROBOTY.parser - DEBUG - Операция 26 успешно загружена
2025-09-27 09:17:42 - ROBOTY.parser - DEBUG - Операция 27 успешно загружена
2025-09-27 09:17:42 - ROBOTY.parser - DEBUG - Операция 28 успешно загружена
2025-09-27 09:17:42 - ROBOTY.parser - DEBUG - Операция 29 успешно загружена
2025-09-27 09:17:42 - ROBOTY.parser - DEBUG - Операция 30 успешно загружена
2025-09-27 09:17:42 - ROBOTY.parser - INFO - Загружено 0 роботов и 30 операций
2025-09-27 09:17:55 - ROBOTY.main - INFO - Запуск планировщика
2025-09-27 09:17:55 - ROBOTY.planner - INFO - Запуск планировщика траекторий
2025-09-27 09:17:55 - ROBOTY.assigner - INFO - Начинаем назначение операций методом: balanced
2025-09-27 09:17:55 - ROBOTY.planner - ERROR - Ошибка в планировщике: min() iterable argument is empty
2025-09-27 09:17:55 - ROBOTY.main - ERROR - ❌ Ошибка планировщика: min() iterable argument is empty
Traceback (most recent call last):
  File "C:\Users\22200490\.cursor\ROBOTY-main\main.py", line 312, in run_planner
    self.plan = run_planner_algorithm(self.input_data, assignment_method)
                ~~~~~~~~~~~~~~~~~~~~~^^^^^^^^^^^^^^^^^^^^^^^^^^^^^^^^^^^^
  File "C:\Users\22200490\.cursor\ROBOTY-main\core\planner.py", line 182, in run_planner_algorithm
    assignments = assign_operations(input_data, assignment_method)
  File "C:\Users\22200490\.cursor\ROBOTY-main\core\assigner.py", line 212, in assign_operations
    return assign_operations_balanced(scenario)
  File "C:\Users\22200490\.cursor\ROBOTY-main\core\assigner.py", line 82, in assign_operations_balanced
    _, best_robot_idx = min(costs)
                        ~~~^^^^^^^
ValueError: min() iterable argument is empty
