2025-09-27 12:26:43 - ROBOTY.main - INFO - Запуск приложения ROBOTY
2025-09-27 12:26:43 - ROBOTY.main - INFO - Применена тема: dark
2025-09-27 12:26:43 - ROBOTY.main - INFO - Интерфейс инициализирован
2025-09-27 12:26:44 - ROBOTY.main - INFO - Приложение успешно запущено
2025-09-27 12:26:52 - ROBOTY.main - INFO - Создан входной файл: C:\Users\22200490\.cursor\ROBOTY-main\data\input_20250927_122645.txt
2025-09-27 12:26:52 - ROBOTY.parser_txt - INFO - Начинаем загрузку TXT файла: C:\Users\22200490\.cursor\ROBOTY-main\data\input_20250927_122645.txt
2025-09-27 12:26:52 - ROBOTY.parser_txt - DEBUG - Загружено 42 строк из файла
2025-09-27 12:26:52 - ROBOTY.parser_txt - DEBUG - Количество роботов: 4, операций: 30
2025-09-27 12:26:52 - ROBOTY.parser_txt - DEBUG - Основание робота 1: (1.5, 1.5, 0.0)
2025-09-27 12:26:52 - ROBOTY.parser_txt - DEBUG - Основание робота 2: (8.5, 1.5, 0.0)
2025-09-27 12:26:52 - ROBOTY.parser_txt - DEBUG - Основание робота 3: (1.5, 8.5, 0.0)
2025-09-27 12:26:52 - ROBOTY.parser_txt - DEBUG - Основание робота 4: (8.5, 8.5, 0.0)
2025-09-27 12:26:52 - ROBOTY.parser_txt - DEBUG - Сустав 1: limits=(-180.0, 180.0), vmax=1.28, amax=2.42
2025-09-27 12:26:52 - ROBOTY.parser_txt - DEBUG - Сустав 2: limits=(-90.0, 90.0), vmax=1.34, amax=2.77
2025-09-27 12:26:52 - ROBOTY.parser_txt - DEBUG - Сустав 3: limits=(-90.0, 90.0), vmax=0.76, amax=2.39
2025-09-27 12:26:52 - ROBOTY.parser_txt - DEBUG - Сустав 4: limits=(-180.0, 180.0), vmax=0.84, amax=1.76
2025-09-27 12:26:52 - ROBOTY.parser_txt - DEBUG - Сустав 5: limits=(-90.0, 90.0), vmax=0.84, amax=1.79
2025-09-27 12:26:52 - ROBOTY.parser_txt - DEBUG - Сустав 6: limits=(-90.0, 90.0), vmax=1.14, amax=2.06
2025-09-27 12:26:52 - ROBOTY.parser_txt - DEBUG - Tool_clearance: 0.1, Safe_dist: 0.3
2025-09-27 12:26:52 - ROBOTY.parser_txt - DEBUG - Операция 1: pick=(8.702, 1.842, 1.433), place=(3.001, 6.446, 3.004), t_hold=0.7
2025-09-27 12:26:52 - ROBOTY.parser_txt - DEBUG - Операция 2: pick=(5.659, 1.815, 2.599), place=(9.208, 6.002, 3.936), t_hold=1.19
2025-09-27 12:26:52 - ROBOTY.parser_txt - DEBUG - Операция 3: pick=(7.45, 6.592, 0.315), place=(2.297, 1.635, 0.173), t_hold=0.98
2025-09-27 12:26:52 - ROBOTY.parser_txt - DEBUG - Операция 4: pick=(6.259, 6.965, 2.095), place=(3.102, 3.676, 3.077), t_hold=0.6
2025-09-27 12:26:52 - ROBOTY.parser_txt - DEBUG - Операция 5: pick=(5.132, 4.313, 3.039), place=(7.767, 3.629, 2.219), t_hold=0.91
2025-09-27 12:26:52 - ROBOTY.parser_txt - DEBUG - Операция 6: pick=(3.326, 7.178, 3.131), place=(8.404, 8.399, 2.99), t_hold=0.55
2025-09-27 12:26:52 - ROBOTY.parser_txt - DEBUG - Операция 7: pick=(4.177, 7.133, 1.536), place=(6.984, 5.175, 3.406), t_hold=1.06
2025-09-27 12:26:52 - ROBOTY.parser_txt - DEBUG - Операция 8: pick=(4.454, 3.251, 2.54), place=(8.978, 2.73, 0.914), t_hold=0.43
2025-09-27 12:26:52 - ROBOTY.parser_txt - DEBUG - Операция 9: pick=(3.569, 8.338, 2.847), place=(3.519, 7.78, 0.603), t_hold=1.1
2025-09-27 12:26:52 - ROBOTY.parser_txt - DEBUG - Операция 10: pick=(8.323, 6.409, 0.623), place=(8.728, 4.792, 1.269), t_hold=0.61
2025-09-27 12:26:52 - ROBOTY.parser_txt - DEBUG - Операция 11: pick=(5.785, 7.85, 0.25), place=(1.181, 9.693, 1.705), t_hold=0.97
2025-09-27 12:26:52 - ROBOTY.parser_txt - DEBUG - Операция 12: pick=(3.331, 6.631, 2.115), place=(6.576, 1.569, 2.012), t_hold=1.08
2025-09-27 12:26:52 - ROBOTY.parser_txt - DEBUG - Операция 13: pick=(2.201, 2.341, 3.211), place=(5.617, 8.382, 0.768), t_hold=0.44
2025-09-27 12:26:52 - ROBOTY.parser_txt - DEBUG - Операция 14: pick=(8.186, 4.381, 0.22), place=(6.795, 2.238, 3.188), t_hold=1.07
2025-09-27 12:26:52 - ROBOTY.parser_txt - DEBUG - Операция 15: pick=(9.163, 9.836, 2.801), place=(1.591, 9.27, 2.798), t_hold=0.44
2025-09-27 12:26:52 - ROBOTY.parser_txt - DEBUG - Операция 16: pick=(4.329, 8.817, 2.113), place=(8.468, 2.446, 3.088), t_hold=1.17
2025-09-27 12:26:52 - ROBOTY.parser_txt - DEBUG - Операция 17: pick=(1.118, 7.224, 2.287), place=(1.046, 2.585, 0.879), t_hold=0.93
2025-09-27 12:26:52 - ROBOTY.parser_txt - DEBUG - Операция 18: pick=(3.27, 8.687, 1.111), place=(3.863, 7.784, 3.371), t_hold=1.02
2025-09-27 12:26:52 - ROBOTY.parser_txt - DEBUG - Операция 19: pick=(8.137, 5.299, 3.533), place=(7.369, 8.574, 1.731), t_hold=1.16
2025-09-27 12:26:52 - ROBOTY.parser_txt - DEBUG - Операция 20: pick=(5.446, 6.82, 1.376), place=(3.424, 2.477, 2.565), t_hold=1.0
2025-09-27 12:26:52 - ROBOTY.parser_txt - DEBUG - Операция 21: pick=(7.537, 9.778, 1.505), place=(2.541, 2.035, 0.893), t_hold=0.71
2025-09-27 12:26:52 - ROBOTY.parser_txt - DEBUG - Операция 22: pick=(1.956, 3.918, 3.931), place=(3.054, 6.487, 0.92), t_hold=0.58
2025-09-27 12:26:52 - ROBOTY.parser_txt - DEBUG - Операция 23: pick=(7.434, 7.482, 1.933), place=(3.549, 9.302, 3.258), t_hold=0.68
2025-09-27 12:26:52 - ROBOTY.parser_txt - DEBUG - Операция 24: pick=(1.542, 7.704, 3.11), place=(9.153, 2.722, 3.639), t_hold=1.04
2025-09-27 12:26:52 - ROBOTY.parser_txt - DEBUG - Операция 25: pick=(9.746, 6.1, 1.492), place=(1.444, 3.726, 3.77), t_hold=0.49
2025-09-27 12:26:52 - ROBOTY.parser_txt - DEBUG - Операция 26: pick=(8.088, 2.753, 0.619), place=(7.988, 7.641, 1.791), t_hold=0.9
2025-09-27 12:26:52 - ROBOTY.parser_txt - DEBUG - Операция 27: pick=(2.612, 5.793, 0.749), place=(7.282, 9.499, 0.523), t_hold=1.15
2025-09-27 12:26:52 - ROBOTY.parser_txt - DEBUG - Операция 28: pick=(4.539, 5.778, 1.885), place=(5.523, 5.529, 0.622), t_hold=0.62
2025-09-27 12:26:52 - ROBOTY.parser_txt - DEBUG - Операция 29: pick=(1.991, 9.683, 0.169), place=(5.396, 2.668, 3.933), t_hold=0.57
2025-09-27 12:26:52 - ROBOTY.parser_txt - DEBUG - Операция 30: pick=(1.59, 6.113, 2.154), place=(8.465, 1.591, 0.983), t_hold=0.45
2025-09-27 12:26:52 - ROBOTY.parser_txt - INFO - Успешно загружено 4 роботов и 30 операций из TXT файла
2025-09-27 12:27:11 - ROBOTY.main - INFO - Запуск планировщика
2025-09-27 12:27:11 - ROBOTY.planner - INFO - Запуск планировщика траекторий
2025-09-27 12:27:11 - ROBOTY.assigner - INFO - Начинаем назначение операций методом: balanced
2025-09-27 12:27:11 - ROBOTY.assigner - DEBUG - Операция 0 назначена роботу 1 (нагрузка: 12.52)
2025-09-27 12:27:11 - ROBOTY.assigner - DEBUG - Операция 1 назначена роботу 0 (нагрузка: 15.09)
2025-09-27 12:27:11 - ROBOTY.assigner - DEBUG - Операция 2 назначена роботу 3 (нагрузка: 13.29)
2025-09-27 12:27:11 - ROBOTY.assigner - DEBUG - Операция 3 назначена роботу 2 (нагрузка: 13.87)
2025-09-27 12:27:11 - ROBOTY.assigner - DEBUG - Операция 4 назначена роботу 1 (нагрузка: 24.19)
2025-09-27 12:27:11 - ROBOTY.assigner - DEBUG - Операция 5 назначена роботу 2 (нагрузка: 26.37)
2025-09-27 12:27:11 - ROBOTY.assigner - DEBUG - Операция 6 назначена роботу 3 (нагрузка: 25.78)
2025-09-27 12:27:11 - ROBOTY.assigner - DEBUG - Операция 7 назначена роботу 0 (нагрузка: 27.50)
2025-09-27 12:27:11 - ROBOTY.assigner - DEBUG - Операция 8 назначена роботу 2 (нагрузка: 35.15)
2025-09-27 12:27:11 - ROBOTY.assigner - DEBUG - Операция 9 назначена роботу 3 (нагрузка: 31.62)
2025-09-27 12:27:11 - ROBOTY.assigner - DEBUG - Операция 10 назначена роботу 1 (нагрузка: 41.06)
2025-09-27 12:27:11 - ROBOTY.assigner - DEBUG - Операция 11 назначена роботу 0 (нагрузка: 44.18)
2025-09-27 12:27:11 - ROBOTY.assigner - DEBUG - Операция 12 назначена роботу 3 (нагрузка: 54.08)
2025-09-27 12:27:11 - ROBOTY.assigner - DEBUG - Операция 13 назначена роботу 1 (нагрузка: 51.10)
2025-09-27 12:27:11 - ROBOTY.assigner - DEBUG - Операция 14 назначена роботу 2 (нагрузка: 56.46)
2025-09-27 12:27:11 - ROBOTY.assigner - DEBUG - Операция 15 назначена роботу 0 (нагрузка: 66.12)
2025-09-27 12:27:11 - ROBOTY.assigner - DEBUG - Операция 16 назначена роботу 2 (нагрузка: 67.25)
2025-09-27 12:27:11 - ROBOTY.assigner - DEBUG - Операция 17 назначена роботу 3 (нагрузка: 65.43)
2025-09-27 12:27:11 - ROBOTY.assigner - DEBUG - Операция 18 назначена роботу 1 (нагрузка: 64.13)
2025-09-27 12:27:11 - ROBOTY.assigner - DEBUG - Операция 19 назначена роботу 3 (нагрузка: 77.86)
2025-09-27 12:27:11 - ROBOTY.assigner - DEBUG - Операция 20 назначена роботу 1 (нагрузка: 88.13)
2025-09-27 12:27:11 - ROBOTY.assigner - DEBUG - Операция 21 назначена роботу 0 (нагрузка: 78.21)
2025-09-27 12:27:11 - ROBOTY.assigner - DEBUG - Операция 22 назначена роботу 2 (нагрузка: 82.16)
2025-09-27 12:27:11 - ROBOTY.assigner - DEBUG - Операция 23 назначена роботу 2 (нагрузка: 99.41)
2025-09-27 12:27:11 - ROBOTY.assigner - DEBUG - Операция 24 назначена роботу 3 (нагрузка: 94.16)
2025-09-27 12:27:11 - ROBOTY.assigner - DEBUG - Операция 25 назначена роботу 0 (нагрузка: 94.59)
2025-09-27 12:27:11 - ROBOTY.assigner - DEBUG - Операция 26 назначена роботу 1 (нагрузка: 106.77)
2025-09-27 12:27:11 - ROBOTY.assigner - DEBUG - Операция 27 назначена роботу 3 (нагрузка: 103.71)
2025-09-27 12:27:11 - ROBOTY.assigner - DEBUG - Операция 28 назначена роботу 2 (нагрузка: 113.08)
2025-09-27 12:27:11 - ROBOTY.assigner - DEBUG - Операция 29 назначена роботу 0 (нагрузка: 112.67)
2025-09-27 12:27:11 - ROBOTY.assigner - INFO - Распределено 30 операций с балансировкой нагрузки
2025-09-27 12:27:11 - ROBOTY.assigner - INFO - Итоговые нагрузки роботов: ['112.67', '106.77', '113.08', '103.71']
2025-09-27 12:27:11 - ROBOTY.assigner - INFO - Робот 0: 7 операций, нагрузка 112.67
2025-09-27 12:27:11 - ROBOTY.assigner - INFO - Робот 1: 7 операций, нагрузка 106.77
2025-09-27 12:27:11 - ROBOTY.assigner - INFO - Робот 2: 8 операций, нагрузка 113.08
2025-09-27 12:27:11 - ROBOTY.assigner - INFO - Робот 3: 8 операций, нагрузка 103.71
2025-09-27 12:27:11 - ROBOTY.planner - INFO - Операции назначены методом: balanced
2025-09-27 12:27:11 - ROBOTY.planner - INFO - Планирование траектории для робота 1 (ID: 1) с 7 операциями
2025-09-27 12:27:11 - ROBOTY.planner - DEBUG - Планирование траектории для робота с 7 операциями
2025-09-27 12:27:11 - ROBOTY.planner - DEBUG - Операция 1 запланирована, время завершения: 17.14
2025-09-27 12:27:11 - ROBOTY.planner - DEBUG - Операция 2 запланирована, время завершения: 32.69
2025-09-27 12:27:11 - ROBOTY.planner - DEBUG - Операция 3 запланирована, время завершения: 52.79
2025-09-27 12:27:11 - ROBOTY.planner - DEBUG - Операция 4 запланирована, время завершения: 76.06
2025-09-27 12:27:11 - ROBOTY.planner - DEBUG - Операция 5 запланирована, время завершения: 92.34
2025-09-27 12:27:11 - ROBOTY.planner - DEBUG - Операция 6 запланирована, время завершения: 109.88
2025-09-27 12:27:11 - ROBOTY.planner - DEBUG - Операция 7 запланирована, время завершения: 131.24
2025-09-27 12:27:11 - ROBOTY.planner - INFO - Траектория робота запланирована, общее время: 131.24
2025-09-27 12:27:11 - ROBOTY.planner - INFO - Робот 1: траектория содержит 168 точек
2025-09-27 12:27:11 - ROBOTY.planner - INFO - Планирование траектории для робота 2 (ID: 2) с 7 операциями
2025-09-27 12:27:11 - ROBOTY.planner - DEBUG - Планирование траектории для робота с 7 операциями
2025-09-27 12:27:11 - ROBOTY.planner - DEBUG - Операция 1 запланирована, время завершения: 14.08
2025-09-27 12:27:11 - ROBOTY.planner - DEBUG - Операция 2 запланирована, время завершения: 24.47
2025-09-27 12:27:11 - ROBOTY.planner - DEBUG - Операция 3 запланирована, время завершения: 40.74
2025-09-27 12:27:11 - ROBOTY.planner - DEBUG - Операция 4 запланирована, время завершения: 60.63
2025-09-27 12:27:11 - ROBOTY.planner - DEBUG - Операция 5 запланирована, время завершения: 73.25
2025-09-27 12:27:11 - ROBOTY.planner - DEBUG - Операция 6 запланирована, время завершения: 89.31
2025-09-27 12:27:11 - ROBOTY.planner - DEBUG - Операция 7 запланирована, время завершения: 105.28
2025-09-27 12:27:11 - ROBOTY.planner - INFO - Траектория робота запланирована, общее время: 105.28
2025-09-27 12:27:11 - ROBOTY.planner - INFO - Робот 2: траектория содержит 168 точек
2025-09-27 12:27:11 - ROBOTY.planner - INFO - Планирование траектории для робота 3 (ID: 3) с 8 операциями
2025-09-27 12:27:11 - ROBOTY.planner - DEBUG - Планирование траектории для робота с 8 операциями
2025-09-27 12:27:11 - ROBOTY.planner - DEBUG - Операция 1 запланирована, время завершения: 15.33
2025-09-27 12:27:11 - ROBOTY.planner - DEBUG - Операция 2 запланирована, время завершения: 28.79
2025-09-27 12:27:11 - ROBOTY.planner - DEBUG - Операция 3 запланирована, время завершения: 41.26
2025-09-27 12:27:11 - ROBOTY.planner - DEBUG - Операция 4 запланирована, время завершения: 61.41
2025-09-27 12:27:11 - ROBOTY.planner - DEBUG - Операция 5 запланирована, время завершения: 73.36
2025-09-27 12:27:11 - ROBOTY.planner - DEBUG - Операция 6 запланирована, время завершения: 92.17
2025-09-27 12:27:11 - ROBOTY.planner - DEBUG - Операция 7 запланирована, время завершения: 110.49
2025-09-27 12:27:11 - ROBOTY.planner - DEBUG - Операция 8 запланирована, время завершения: 137.80
2025-09-27 12:27:11 - ROBOTY.planner - INFO - Траектория робота запланирована, общее время: 137.80
2025-09-27 12:27:11 - ROBOTY.planner - INFO - Робот 3: траектория содержит 192 точек
2025-09-27 12:27:11 - ROBOTY.planner - INFO - Планирование траектории для робота 4 (ID: 4) с 8 операциями
2025-09-27 12:27:11 - ROBOTY.planner - DEBUG - Планирование траектории для робота с 8 операциями
2025-09-27 12:27:11 - ROBOTY.planner - DEBUG - Операция 1 запланирована, время завершения: 15.13
2025-09-27 12:27:11 - ROBOTY.planner - DEBUG - Операция 2 запланирована, время завершения: 31.10
2025-09-27 12:27:11 - ROBOTY.planner - DEBUG - Операция 3 запланирована, время завершения: 39.91
2025-09-27 12:27:11 - ROBOTY.planner - DEBUG - Операция 4 запланирована, время завершения: 60.86
2025-09-27 12:27:11 - ROBOTY.planner - DEBUG - Операция 5 запланирована, время завершения: 70.20
2025-09-27 12:27:11 - ROBOTY.planner - DEBUG - Операция 6 запланирована, время завершения: 83.14
2025-09-27 12:27:11 - ROBOTY.planner - DEBUG - Операция 7 запланирована, время завершения: 106.43
2025-09-27 12:27:11 - ROBOTY.planner - DEBUG - Операция 8 запланирована, время завершения: 116.14
2025-09-27 12:27:11 - ROBOTY.planner - INFO - Траектория робота запланирована, общее время: 116.14
2025-09-27 12:27:11 - ROBOTY.planner - INFO - Робот 4: траектория содержит 192 точек
2025-09-27 12:27:11 - ROBOTY.planner - INFO - Планирование завершено. Makespan: 137.80
2025-09-27 12:27:11 - ROBOTY.main - INFO - Планировщик успешно завершил работу
2025-09-27 12:27:11 - ROBOTY.collision - INFO - Начинаем детальную проверку коллизий
2025-09-27 12:27:11 - ROBOTY.collision - DEBUG - Проверяем коллизии в диапазоне времени: 0.00 - 137.80
2025-09-27 12:27:11 - ROBOTY.collision - INFO - Коллизий не обнаружено
2025-09-27 12:27:11 - ROBOTY.main - INFO - Коллизий не обнаружено
2025-09-27 12:27:13 - ROBOTY.main - INFO - Запуск десктопного приложения
2025-09-27 12:27:13 - ROBOTY.desktop - INFO - Запуск упрощенного десктопного приложения
2025-09-27 12:27:13 - ROBOTY.desktop - INFO - Применена тема: dark
2025-09-27 12:27:13 - ROBOTY.desktop - INFO - Десктопное приложение инициализировано
2025-09-27 12:27:13 - ROBOTY.main - INFO - Десктопное приложение успешно запущено
2025-09-27 12:27:28 - ROBOTY.parser - INFO - Начинаем загрузку файла: C:\Users\22200490\.cursor\ROBOTY-main\data\input_20250927_122722.json
2025-09-27 12:27:28 - ROBOTY.parser - INFO - Файл C:\Users\22200490\.cursor\ROBOTY-main\data\input_20250927_122722.json успешно загружен
2025-09-27 12:27:28 - ROBOTY.parser - DEBUG - Робот 1 успешно загружен
2025-09-27 12:27:28 - ROBOTY.parser - DEBUG - Робот 2 успешно загружен
2025-09-27 12:27:28 - ROBOTY.parser - DEBUG - Робот 3 успешно загружен
2025-09-27 12:27:28 - ROBOTY.parser - DEBUG - Робот 4 успешно загружен
2025-09-27 12:27:28 - ROBOTY.parser - DEBUG - Операция 1 успешно загружена
2025-09-27 12:27:28 - ROBOTY.parser - DEBUG - Операция 2 успешно загружена
2025-09-27 12:27:28 - ROBOTY.parser - DEBUG - Операция 3 успешно загружена
2025-09-27 12:27:28 - ROBOTY.parser - DEBUG - Операция 4 успешно загружена
2025-09-27 12:27:28 - ROBOTY.parser - DEBUG - Операция 5 успешно загружена
2025-09-27 12:27:28 - ROBOTY.parser - DEBUG - Операция 6 успешно загружена
2025-09-27 12:27:28 - ROBOTY.parser - DEBUG - Операция 7 успешно загружена
2025-09-27 12:27:28 - ROBOTY.parser - DEBUG - Операция 8 успешно загружена
2025-09-27 12:27:28 - ROBOTY.parser - DEBUG - Операция 9 успешно загружена
2025-09-27 12:27:28 - ROBOTY.parser - DEBUG - Операция 10 успешно загружена
2025-09-27 12:27:28 - ROBOTY.parser - DEBUG - Операция 11 успешно загружена
2025-09-27 12:27:28 - ROBOTY.parser - DEBUG - Операция 12 успешно загружена
2025-09-27 12:27:28 - ROBOTY.parser - DEBUG - Операция 13 успешно загружена
2025-09-27 12:27:28 - ROBOTY.parser - DEBUG - Операция 14 успешно загружена
2025-09-27 12:27:28 - ROBOTY.parser - DEBUG - Операция 15 успешно загружена
2025-09-27 12:27:28 - ROBOTY.parser - DEBUG - Операция 16 успешно загружена
2025-09-27 12:27:28 - ROBOTY.parser - DEBUG - Операция 17 успешно загружена
2025-09-27 12:27:28 - ROBOTY.parser - DEBUG - Операция 18 успешно загружена
2025-09-27 12:27:28 - ROBOTY.parser - DEBUG - Операция 19 успешно загружена
2025-09-27 12:27:28 - ROBOTY.parser - DEBUG - Операция 20 успешно загружена
2025-09-27 12:27:28 - ROBOTY.parser - DEBUG - Операция 21 успешно загружена
2025-09-27 12:27:28 - ROBOTY.parser - DEBUG - Операция 22 успешно загружена
2025-09-27 12:27:28 - ROBOTY.parser - DEBUG - Операция 23 успешно загружена
2025-09-27 12:27:28 - ROBOTY.parser - DEBUG - Операция 24 успешно загружена
2025-09-27 12:27:28 - ROBOTY.parser - DEBUG - Операция 25 успешно загружена
2025-09-27 12:27:28 - ROBOTY.parser - DEBUG - Операция 26 успешно загружена
2025-09-27 12:27:28 - ROBOTY.parser - DEBUG - Операция 27 успешно загружена
2025-09-27 12:27:28 - ROBOTY.parser - DEBUG - Операция 28 успешно загружена
2025-09-27 12:27:28 - ROBOTY.parser - DEBUG - Операция 29 успешно загружена
2025-09-27 12:27:28 - ROBOTY.parser - DEBUG - Операция 30 успешно загружена
2025-09-27 12:27:28 - ROBOTY.parser - INFO - Загружено 4 роботов и 30 операций
2025-09-27 12:27:31 - ROBOTY.desktop - INFO - Запуск оптимизированного планировщика
2025-09-27 12:27:31 - ROBOTY.planner - INFO - Запуск планировщика траекторий
2025-09-27 12:27:31 - ROBOTY.assigner - INFO - Начинаем назначение операций методом: balanced
2025-09-27 12:27:31 - ROBOTY.assigner - DEBUG - Операция 0 назначена роботу 0 (нагрузка: 12.05)
2025-09-27 12:27:31 - ROBOTY.assigner - DEBUG - Операция 1 назначена роботу 2 (нагрузка: 12.53)
2025-09-27 12:27:31 - ROBOTY.assigner - DEBUG - Операция 2 назначена роботу 1 (нагрузка: 14.72)
2025-09-27 12:27:31 - ROBOTY.assigner - DEBUG - Операция 3 назначена роботу 3 (нагрузка: 18.18)
2025-09-27 12:27:31 - ROBOTY.assigner - DEBUG - Операция 4 назначена роботу 2 (нагрузка: 22.09)
2025-09-27 12:27:31 - ROBOTY.assigner - DEBUG - Операция 5 назначена роботу 0 (нагрузка: 15.70)
2025-09-27 12:27:31 - ROBOTY.assigner - DEBUG - Операция 6 назначена роботу 0 (нагрузка: 28.02)
2025-09-27 12:27:31 - ROBOTY.assigner - DEBUG - Операция 7 назначена роботу 2 (нагрузка: 33.06)
2025-09-27 12:27:31 - ROBOTY.assigner - DEBUG - Операция 8 назначена роботу 1 (нагрузка: 27.91)
2025-09-27 12:27:31 - ROBOTY.assigner - DEBUG - Операция 9 назначена роботу 3 (нагрузка: 27.35)
2025-09-27 12:27:31 - ROBOTY.assigner - DEBUG - Операция 10 назначена роботу 3 (нагрузка: 39.10)
2025-09-27 12:27:31 - ROBOTY.assigner - DEBUG - Операция 11 назначена роботу 0 (нагрузка: 37.71)
2025-09-27 12:27:31 - ROBOTY.assigner - DEBUG - Операция 12 назначена роботу 2 (нагрузка: 41.71)
2025-09-27 12:27:31 - ROBOTY.assigner - DEBUG - Операция 13 назначена роботу 1 (нагрузка: 44.15)
2025-09-27 12:27:31 - ROBOTY.assigner - DEBUG - Операция 14 назначена роботу 3 (нагрузка: 45.34)
2025-09-27 12:27:31 - ROBOTY.assigner - DEBUG - Операция 15 назначена роботу 0 (нагрузка: 49.63)
2025-09-27 12:27:31 - ROBOTY.assigner - DEBUG - Операция 16 назначена роботу 2 (нагрузка: 52.54)
2025-09-27 12:27:31 - ROBOTY.assigner - DEBUG - Операция 17 назначена роботу 0 (нагрузка: 54.82)
2025-09-27 12:27:31 - ROBOTY.assigner - DEBUG - Операция 18 назначена роботу 3 (нагрузка: 60.36)
2025-09-27 12:27:31 - ROBOTY.assigner - DEBUG - Операция 19 назначена роботу 1 (нагрузка: 59.47)
2025-09-27 12:27:31 - ROBOTY.assigner - DEBUG - Операция 20 назначена роботу 2 (нагрузка: 61.47)
2025-09-27 12:27:31 - ROBOTY.assigner - DEBUG - Операция 21 назначена роботу 0 (нагрузка: 59.98)
2025-09-27 12:27:31 - ROBOTY.assigner - DEBUG - Операция 22 назначена роботу 2 (нагрузка: 70.11)
2025-09-27 12:27:31 - ROBOTY.assigner - DEBUG - Операция 23 назначена роботу 0 (нагрузка: 75.26)
2025-09-27 12:27:31 - ROBOTY.assigner - DEBUG - Операция 24 назначена роботу 1 (нагрузка: 78.45)
2025-09-27 12:27:31 - ROBOTY.assigner - DEBUG - Операция 25 назначена роботу 3 (нагрузка: 76.69)
2025-09-27 12:27:31 - ROBOTY.assigner - DEBUG - Операция 26 назначена роботу 2 (нагрузка: 80.76)
2025-09-27 12:27:31 - ROBOTY.assigner - DEBUG - Операция 27 назначена роботу 0 (нагрузка: 83.45)
2025-09-27 12:27:31 - ROBOTY.assigner - DEBUG - Операция 28 назначена роботу 1 (нагрузка: 89.83)
2025-09-27 12:27:31 - ROBOTY.assigner - DEBUG - Операция 29 назначена роботу 2 (нагрузка: 92.41)
2025-09-27 12:27:31 - ROBOTY.assigner - INFO - Распределено 30 операций с балансировкой нагрузки
2025-09-27 12:27:31 - ROBOTY.assigner - INFO - Итоговые нагрузки роботов: ['83.45', '89.83', '92.41', '76.69']
2025-09-27 12:27:31 - ROBOTY.assigner - INFO - Робот 0: 9 операций, нагрузка 83.45
2025-09-27 12:27:31 - ROBOTY.assigner - INFO - Робот 1: 6 операций, нагрузка 89.83
2025-09-27 12:27:31 - ROBOTY.assigner - INFO - Робот 2: 9 операций, нагрузка 92.41
2025-09-27 12:27:31 - ROBOTY.assigner - INFO - Робот 3: 6 операций, нагрузка 76.69
2025-09-27 12:27:31 - ROBOTY.planner - INFO - Операции назначены методом: balanced
2025-09-27 12:27:31 - ROBOTY.planner - INFO - Планирование траектории для робота 1 (ID: 1) с 9 операциями
2025-09-27 12:27:31 - ROBOTY.planner - DEBUG - Планирование траектории для робота с 9 операциями
2025-09-27 12:27:31 - ROBOTY.planner - DEBUG - Операция 1 запланирована, время завершения: 13.57
2025-09-27 12:27:31 - ROBOTY.planner - DEBUG - Операция 2 запланирована, время завершения: 24.48
2025-09-27 12:27:31 - ROBOTY.planner - DEBUG - Операция 3 запланирована, время завершения: 38.24
2025-09-27 12:27:31 - ROBOTY.planner - DEBUG - Операция 4 запланирована, время завершения: 50.61
2025-09-27 12:27:31 - ROBOTY.planner - DEBUG - Операция 5 запланирована, время завершения: 61.94
2025-09-27 12:27:31 - ROBOTY.planner - DEBUG - Операция 6 запланирована, время завершения: 72.02
2025-09-27 12:27:31 - ROBOTY.planner - DEBUG - Операция 7 запланирована, время завершения: 78.80
2025-09-27 12:27:31 - ROBOTY.planner - DEBUG - Операция 8 запланирована, время завершения: 93.66
2025-09-27 12:27:31 - ROBOTY.planner - DEBUG - Операция 9 запланирована, время завершения: 100.70
2025-09-27 12:27:31 - ROBOTY.planner - INFO - Траектория робота запланирована, общее время: 100.70
2025-09-27 12:27:31 - ROBOTY.planner - INFO - Робот 1: траектория содержит 216 точек
2025-09-27 12:27:31 - ROBOTY.planner - INFO - Планирование траектории для робота 2 (ID: 2) с 6 операциями
2025-09-27 12:27:31 - ROBOTY.planner - DEBUG - Планирование траектории для робота с 6 операциями
2025-09-27 12:27:31 - ROBOTY.planner - DEBUG - Операция 1 запланирована, время завершения: 16.38
2025-09-27 12:27:31 - ROBOTY.planner - DEBUG - Операция 2 запланирована, время завершения: 27.50
2025-09-27 12:27:31 - ROBOTY.planner - DEBUG - Операция 3 запланирована, время завершения: 42.00
2025-09-27 12:27:31 - ROBOTY.planner - DEBUG - Операция 4 запланирована, время завершения: 59.33
2025-09-27 12:27:31 - ROBOTY.planner - DEBUG - Операция 5 запланирована, время завершения: 76.44
2025-09-27 12:27:31 - ROBOTY.planner - DEBUG - Операция 6 запланирована, время завершения: 91.29
2025-09-27 12:27:31 - ROBOTY.planner - INFO - Траектория робота запланирована, общее время: 91.29
2025-09-27 12:27:31 - ROBOTY.planner - INFO - Робот 2: траектория содержит 144 точек
2025-09-27 12:27:31 - ROBOTY.planner - INFO - Планирование траектории для робота 3 (ID: 3) с 9 операциями
2025-09-27 12:27:31 - ROBOTY.planner - DEBUG - Планирование траектории для робота с 9 операциями
2025-09-27 12:27:31 - ROBOTY.planner - DEBUG - Операция 1 запланирована, время завершения: 14.29
2025-09-27 12:27:31 - ROBOTY.planner - DEBUG - Операция 2 запланирована, время завершения: 27.89
2025-09-27 12:27:31 - ROBOTY.planner - DEBUG - Операция 3 запланирована, время завершения: 43.70
2025-09-27 12:27:31 - ROBOTY.planner - DEBUG - Операция 4 запланирована, время завершения: 54.15
2025-09-27 12:27:31 - ROBOTY.planner - DEBUG - Операция 5 запланирована, время завершения: 65.14
2025-09-27 12:27:31 - ROBOTY.planner - DEBUG - Операция 6 запланирована, время завершения: 80.11
2025-09-27 12:27:31 - ROBOTY.planner - DEBUG - Операция 7 запланирована, время завершения: 94.04
2025-09-27 12:27:31 - ROBOTY.planner - DEBUG - Операция 8 запланирована, время завершения: 104.30
2025-09-27 12:27:31 - ROBOTY.planner - DEBUG - Операция 9 запланирована, время завершения: 117.07
2025-09-27 12:27:31 - ROBOTY.planner - INFO - Траектория робота запланирована, общее время: 117.07
2025-09-27 12:27:31 - ROBOTY.planner - INFO - Робот 3: траектория содержит 216 точек
2025-09-27 12:27:31 - ROBOTY.planner - INFO - Планирование траектории для робота 4 (ID: 4) с 6 операциями
2025-09-27 12:27:31 - ROBOTY.planner - DEBUG - Планирование траектории для робота с 6 операциями
2025-09-27 12:27:31 - ROBOTY.planner - DEBUG - Операция 1 запланирована, время завершения: 19.67
2025-09-27 12:27:31 - ROBOTY.planner - DEBUG - Операция 2 запланирована, время завершения: 33.06
2025-09-27 12:27:31 - ROBOTY.planner - DEBUG - Операция 3 запланирована, время завершения: 45.45
2025-09-27 12:27:31 - ROBOTY.planner - DEBUG - Операция 4 запланирована, время завершения: 53.95
2025-09-27 12:27:31 - ROBOTY.planner - DEBUG - Операция 5 запланирована, время завершения: 68.99
2025-09-27 12:27:31 - ROBOTY.planner - DEBUG - Операция 6 запланирована, время завершения: 87.76
2025-09-27 12:27:31 - ROBOTY.planner - INFO - Траектория робота запланирована, общее время: 87.76
2025-09-27 12:27:31 - ROBOTY.planner - INFO - Робот 4: траектория содержит 144 точек
2025-09-27 12:27:31 - ROBOTY.planner - INFO - Планирование завершено. Makespan: 117.07
2025-09-27 12:27:31 - ROBOTY.collision - INFO - Начинаем детальную проверку коллизий
2025-09-27 12:27:31 - ROBOTY.collision - DEBUG - Проверяем коллизии в диапазоне времени: 0.00 - 117.07
2025-09-27 12:27:31 - ROBOTY.collision - WARNING - Коллизия: роботы 1 и 4 в 31.90s, расстояние: 0.498, требуется: 0.500
2025-09-27 12:27:31 - ROBOTY.collision - WARNING - Коллизия: роботы 1 и 4 в 32.00s, расстояние: 0.417, требуется: 0.500
2025-09-27 12:27:31 - ROBOTY.collision - WARNING - Коллизия: роботы 1 и 4 в 32.10s, расстояние: 0.357, требуется: 0.500
2025-09-27 12:27:31 - ROBOTY.collision - WARNING - Коллизия: роботы 1 и 4 в 32.20s, расстояние: 0.329, требуется: 0.500
2025-09-27 12:27:31 - ROBOTY.collision - WARNING - Коллизия: роботы 1 и 4 в 32.30s, расстояние: 0.341, требуется: 0.500
2025-09-27 12:27:31 - ROBOTY.collision - WARNING - Коллизия: роботы 1 и 4 в 32.40s, расстояние: 0.390, требуется: 0.500
2025-09-27 12:27:31 - ROBOTY.collision - WARNING - Коллизия: роботы 1 и 4 в 32.50s, расстояние: 0.434, требуется: 0.500
2025-09-27 12:27:31 - ROBOTY.collision - WARNING - Коллизия: роботы 2 и 3 в 45.70s, расстояние: 0.454, требуется: 0.500
2025-09-27 12:27:31 - ROBOTY.collision - WARNING - Коллизия: роботы 2 и 3 в 45.80s, расстояние: 0.405, требуется: 0.500
2025-09-27 12:27:31 - ROBOTY.collision - WARNING - Коллизия: роботы 2 и 3 в 45.90s, расстояние: 0.379, требуется: 0.500
2025-09-27 12:27:31 - ROBOTY.collision - WARNING - Коллизия: роботы 2 и 3 в 46.00s, расстояние: 0.381, требуется: 0.500
2025-09-27 12:27:31 - ROBOTY.collision - WARNING - Коллизия: роботы 2 и 3 в 46.10s, расстояние: 0.411, требуется: 0.500
2025-09-27 12:27:31 - ROBOTY.collision - WARNING - Коллизия: роботы 2 и 3 в 46.20s, расстояние: 0.463, требуется: 0.500
2025-09-27 12:27:31 - ROBOTY.collision - WARNING - Коллизия: роботы 3 и 4 в 82.90s, расстояние: 0.470, требуется: 0.500
2025-09-27 12:27:31 - ROBOTY.collision - WARNING - Коллизия: роботы 3 и 4 в 83.00s, расстояние: 0.408, требуется: 0.500
2025-09-27 12:27:31 - ROBOTY.collision - WARNING - Коллизия: роботы 3 и 4 в 83.10s, расстояние: 0.369, требуется: 0.500
2025-09-27 12:27:31 - ROBOTY.collision - WARNING - Коллизия: роботы 3 и 4 в 83.20s, расстояние: 0.361, требуется: 0.500
2025-09-27 12:27:31 - ROBOTY.collision - WARNING - Коллизия: роботы 3 и 4 в 83.30s, расстояние: 0.385, требуется: 0.500
2025-09-27 12:27:31 - ROBOTY.collision - WARNING - Коллизия: роботы 3 и 4 в 83.40s, расстояние: 0.436, требуется: 0.500
2025-09-27 12:27:31 - ROBOTY.collision - ERROR - Обнаружено 19 коллизий
2025-09-27 12:27:31 - ROBOTY.safety - INFO - Применяем онлайн-безопасность: вставка пауз при коллизиях
2025-09-27 12:27:31 - ROBOTY.collision - INFO - Начинаем детальную проверку коллизий
2025-09-27 12:27:31 - ROBOTY.collision - DEBUG - Проверяем коллизии в диапазоне времени: 0.00 - 117.07
2025-09-27 12:27:31 - ROBOTY.collision - WARNING - Коллизия: роботы 1 и 4 в 31.90s, расстояние: 0.498, требуется: 0.500
2025-09-27 12:27:31 - ROBOTY.collision - WARNING - Коллизия: роботы 1 и 4 в 31.95s, расстояние: 0.456, требуется: 0.500
2025-09-27 12:27:31 - ROBOTY.collision - WARNING - Коллизия: роботы 1 и 4 в 32.00s, расстояние: 0.417, требуется: 0.500
2025-09-27 12:27:31 - ROBOTY.collision - WARNING - Коллизия: роботы 1 и 4 в 32.05s, расстояние: 0.384, требуется: 0.500
2025-09-27 12:27:31 - ROBOTY.collision - WARNING - Коллизия: роботы 1 и 4 в 32.10s, расстояние: 0.357, требуется: 0.500
2025-09-27 12:27:31 - ROBOTY.collision - WARNING - Коллизия: роботы 1 и 4 в 32.15s, расстояние: 0.338, требуется: 0.500
2025-09-27 12:27:31 - ROBOTY.collision - WARNING - Коллизия: роботы 1 и 4 в 32.20s, расстояние: 0.329, требуется: 0.500
2025-09-27 12:27:31 - ROBOTY.collision - WARNING - Коллизия: роботы 1 и 4 в 32.25s, расстояние: 0.330, требуется: 0.500
2025-09-27 12:27:31 - ROBOTY.collision - WARNING - Коллизия: роботы 1 и 4 в 32.30s, расстояние: 0.341, требуется: 0.500
2025-09-27 12:27:31 - ROBOTY.collision - WARNING - Коллизия: роботы 1 и 4 в 32.35s, расстояние: 0.362, требуется: 0.500
2025-09-27 12:27:31 - ROBOTY.collision - WARNING - Коллизия: роботы 1 и 4 в 32.40s, расстояние: 0.390, требуется: 0.500
2025-09-27 12:27:31 - ROBOTY.collision - WARNING - Коллизия: роботы 1 и 4 в 32.45s, расстояние: 0.408, требуется: 0.500
2025-09-27 12:27:31 - ROBOTY.collision - WARNING - Коллизия: роботы 1 и 4 в 32.50s, расстояние: 0.434, требуется: 0.500
2025-09-27 12:27:31 - ROBOTY.collision - WARNING - Коллизия: роботы 1 и 4 в 32.55s, расстояние: 0.470, требуется: 0.500
2025-09-27 12:27:31 - ROBOTY.collision - WARNING - Коллизия: роботы 2 и 3 в 45.65s, расстояние: 0.485, требуется: 0.500
2025-09-27 12:27:31 - ROBOTY.collision - WARNING - Коллизия: роботы 2 и 3 в 45.70s, расстояние: 0.454, требуется: 0.500
2025-09-27 12:27:31 - ROBOTY.collision - WARNING - Коллизия: роботы 2 и 3 в 45.75s, расстояние: 0.427, требуется: 0.500
2025-09-27 12:27:31 - ROBOTY.collision - WARNING - Коллизия: роботы 2 и 3 в 45.80s, расстояние: 0.405, требуется: 0.500
2025-09-27 12:27:31 - ROBOTY.collision - WARNING - Коллизия: роботы 2 и 3 в 45.85s, расстояние: 0.389, требуется: 0.500
2025-09-27 12:27:31 - ROBOTY.collision - WARNING - Коллизия: роботы 2 и 3 в 45.90s, расстояние: 0.379, требуется: 0.500
2025-09-27 12:27:31 - ROBOTY.collision - WARNING - Коллизия: роботы 2 и 3 в 45.95s, расстояние: 0.376, требуется: 0.500
2025-09-27 12:27:31 - ROBOTY.collision - WARNING - Коллизия: роботы 2 и 3 в 46.00s, расстояние: 0.381, требуется: 0.500
2025-09-27 12:27:31 - ROBOTY.collision - WARNING - Коллизия: роботы 2 и 3 в 46.05s, расстояние: 0.393, требуется: 0.500
2025-09-27 12:27:31 - ROBOTY.collision - WARNING - Коллизия: роботы 2 и 3 в 46.10s, расстояние: 0.411, требуется: 0.500
2025-09-27 12:27:31 - ROBOTY.collision - WARNING - Коллизия: роботы 2 и 3 в 46.15s, расстояние: 0.434, требуется: 0.500
2025-09-27 12:27:31 - ROBOTY.collision - WARNING - Коллизия: роботы 2 и 3 в 46.20s, расстояние: 0.463, требуется: 0.500
2025-09-27 12:27:31 - ROBOTY.collision - WARNING - Коллизия: роботы 2 и 3 в 46.25s, расстояние: 0.495, требуется: 0.500
2025-09-27 12:27:31 - ROBOTY.collision - WARNING - Коллизия: роботы 3 и 4 в 82.90s, расстояние: 0.470, требуется: 0.500
2025-09-27 12:27:31 - ROBOTY.collision - WARNING - Коллизия: роботы 3 и 4 в 82.95s, расстояние: 0.437, требуется: 0.500
2025-09-27 12:27:31 - ROBOTY.collision - WARNING - Коллизия: роботы 3 и 4 в 83.00s, расстояние: 0.408, требуется: 0.500
2025-09-27 12:27:31 - ROBOTY.collision - WARNING - Коллизия: роботы 3 и 4 в 83.05s, расстояние: 0.385, требуется: 0.500
2025-09-27 12:27:31 - ROBOTY.collision - WARNING - Коллизия: роботы 3 и 4 в 83.10s, расстояние: 0.369, требуется: 0.500
2025-09-27 12:27:31 - ROBOTY.collision - WARNING - Коллизия: роботы 3 и 4 в 83.15s, расстояние: 0.361, требуется: 0.500
2025-09-27 12:27:31 - ROBOTY.collision - WARNING - Коллизия: роботы 3 и 4 в 83.20s, расстояние: 0.361, требуется: 0.500
2025-09-27 12:27:31 - ROBOTY.collision - WARNING - Коллизия: роботы 3 и 4 в 83.25s, расстояние: 0.369, требуется: 0.500
2025-09-27 12:27:31 - ROBOTY.collision - WARNING - Коллизия: роботы 3 и 4 в 83.30s, расстояние: 0.385, требуется: 0.500
2025-09-27 12:27:31 - ROBOTY.collision - WARNING - Коллизия: роботы 3 и 4 в 83.35s, расстояние: 0.407, требуется: 0.500
2025-09-27 12:27:31 - ROBOTY.collision - WARNING - Коллизия: роботы 3 и 4 в 83.40s, расстояние: 0.436, требуется: 0.500
2025-09-27 12:27:31 - ROBOTY.collision - WARNING - Коллизия: роботы 3 и 4 в 83.45s, расстояние: 0.469, требуется: 0.500
2025-09-27 12:27:31 - ROBOTY.collision - ERROR - Обнаружено 39 коллизий
2025-09-27 12:27:31 - ROBOTY.safety - DEBUG - Добавлена пауза 0.60s роботу 1 в t=31.90s
2025-09-27 12:27:31 - ROBOTY.safety - DEBUG - Добавлена пауза 0.60s роботу 4 в t=31.90s
2025-09-27 12:27:31 - ROBOTY.safety - DEBUG - Добавлена пауза 0.60s роботу 1 в t=31.95s
2025-09-27 12:27:31 - ROBOTY.safety - DEBUG - Добавлена пауза 0.60s роботу 4 в t=31.95s
2025-09-27 12:27:31 - ROBOTY.safety - DEBUG - Добавлена пауза 0.60s роботу 1 в t=32.00s
2025-09-27 12:27:31 - ROBOTY.safety - DEBUG - Добавлена пауза 0.60s роботу 4 в t=32.00s
2025-09-27 12:27:31 - ROBOTY.safety - DEBUG - Добавлена пауза 0.60s роботу 1 в t=32.05s
2025-09-27 12:27:31 - ROBOTY.safety - DEBUG - Добавлена пауза 0.60s роботу 4 в t=32.05s
2025-09-27 12:27:31 - ROBOTY.safety - DEBUG - Добавлена пауза 0.60s роботу 1 в t=32.10s
2025-09-27 12:27:31 - ROBOTY.safety - DEBUG - Добавлена пауза 0.60s роботу 4 в t=32.10s
2025-09-27 12:27:31 - ROBOTY.safety - DEBUG - Добавлена пауза 0.60s роботу 1 в t=32.15s
2025-09-27 12:27:31 - ROBOTY.safety - DEBUG - Добавлена пауза 0.60s роботу 4 в t=32.15s
2025-09-27 12:27:31 - ROBOTY.safety - DEBUG - Добавлена пауза 0.60s роботу 1 в t=32.20s
2025-09-27 12:27:31 - ROBOTY.safety - DEBUG - Добавлена пауза 0.60s роботу 4 в t=32.20s
2025-09-27 12:27:31 - ROBOTY.safety - DEBUG - Добавлена пауза 0.60s роботу 1 в t=32.25s
2025-09-27 12:27:31 - ROBOTY.safety - DEBUG - Добавлена пауза 0.60s роботу 4 в t=32.25s
2025-09-27 12:27:31 - ROBOTY.safety - DEBUG - Добавлена пауза 0.60s роботу 1 в t=32.30s
2025-09-27 12:27:31 - ROBOTY.safety - DEBUG - Добавлена пауза 0.60s роботу 4 в t=32.30s
2025-09-27 12:27:31 - ROBOTY.safety - DEBUG - Добавлена пауза 0.60s роботу 1 в t=32.35s
2025-09-27 12:27:31 - ROBOTY.safety - DEBUG - Добавлена пауза 0.60s роботу 4 в t=32.35s
2025-09-27 12:27:31 - ROBOTY.safety - DEBUG - Добавлена пауза 0.60s роботу 1 в t=32.40s
2025-09-27 12:27:31 - ROBOTY.safety - DEBUG - Добавлена пауза 0.60s роботу 4 в t=32.40s
2025-09-27 12:27:31 - ROBOTY.safety - DEBUG - Добавлена пауза 0.60s роботу 1 в t=32.45s
2025-09-27 12:27:31 - ROBOTY.safety - DEBUG - Добавлена пауза 0.60s роботу 4 в t=32.45s
2025-09-27 12:27:31 - ROBOTY.safety - DEBUG - Добавлена пауза 0.60s роботу 1 в t=32.50s
2025-09-27 12:27:31 - ROBOTY.safety - DEBUG - Добавлена пауза 0.60s роботу 4 в t=32.50s
2025-09-27 12:27:31 - ROBOTY.safety - DEBUG - Добавлена пауза 0.60s роботу 1 в t=32.55s
2025-09-27 12:27:31 - ROBOTY.safety - DEBUG - Добавлена пауза 0.60s роботу 4 в t=32.55s
2025-09-27 12:27:31 - ROBOTY.safety - DEBUG - Добавлена пауза 0.60s роботу 2 в t=45.65s
2025-09-27 12:27:31 - ROBOTY.safety - DEBUG - Добавлена пауза 0.60s роботу 3 в t=45.65s
2025-09-27 12:27:31 - ROBOTY.safety - DEBUG - Добавлена пауза 0.60s роботу 2 в t=45.70s
2025-09-27 12:27:31 - ROBOTY.safety - DEBUG - Добавлена пауза 0.60s роботу 3 в t=45.70s
2025-09-27 12:27:31 - ROBOTY.safety - DEBUG - Добавлена пауза 0.60s роботу 2 в t=45.75s
2025-09-27 12:27:31 - ROBOTY.safety - DEBUG - Добавлена пауза 0.60s роботу 3 в t=45.75s
2025-09-27 12:27:31 - ROBOTY.safety - DEBUG - Добавлена пауза 0.60s роботу 2 в t=45.80s
2025-09-27 12:27:31 - ROBOTY.safety - DEBUG - Добавлена пауза 0.60s роботу 3 в t=45.80s
2025-09-27 12:27:31 - ROBOTY.safety - DEBUG - Добавлена пауза 0.60s роботу 2 в t=45.85s
2025-09-27 12:27:31 - ROBOTY.safety - DEBUG - Добавлена пауза 0.60s роботу 3 в t=45.85s
2025-09-27 12:27:31 - ROBOTY.safety - DEBUG - Добавлена пауза 0.60s роботу 2 в t=45.90s
2025-09-27 12:27:31 - ROBOTY.safety - DEBUG - Добавлена пауза 0.60s роботу 3 в t=45.90s
2025-09-27 12:27:31 - ROBOTY.safety - DEBUG - Добавлена пауза 0.60s роботу 2 в t=45.95s
2025-09-27 12:27:31 - ROBOTY.safety - DEBUG - Добавлена пауза 0.60s роботу 3 в t=45.95s
2025-09-27 12:27:31 - ROBOTY.safety - DEBUG - Добавлена пауза 0.60s роботу 2 в t=46.00s
2025-09-27 12:27:31 - ROBOTY.safety - DEBUG - Добавлена пауза 0.60s роботу 3 в t=46.00s
2025-09-27 12:27:31 - ROBOTY.safety - DEBUG - Добавлена пауза 0.60s роботу 2 в t=46.05s
2025-09-27 12:27:31 - ROBOTY.safety - DEBUG - Добавлена пауза 0.60s роботу 3 в t=46.05s
2025-09-27 12:27:31 - ROBOTY.safety - DEBUG - Добавлена пауза 0.60s роботу 2 в t=46.10s
2025-09-27 12:27:31 - ROBOTY.safety - DEBUG - Добавлена пауза 0.60s роботу 3 в t=46.10s
2025-09-27 12:27:31 - ROBOTY.safety - DEBUG - Добавлена пауза 0.60s роботу 2 в t=46.15s
2025-09-27 12:27:31 - ROBOTY.safety - DEBUG - Добавлена пауза 0.60s роботу 3 в t=46.15s
2025-09-27 12:27:31 - ROBOTY.safety - DEBUG - Добавлена пауза 0.60s роботу 2 в t=46.20s
2025-09-27 12:27:31 - ROBOTY.safety - DEBUG - Добавлена пауза 0.60s роботу 3 в t=46.20s
2025-09-27 12:27:31 - ROBOTY.safety - DEBUG - Добавлена пауза 0.60s роботу 2 в t=46.25s
2025-09-27 12:27:31 - ROBOTY.safety - DEBUG - Добавлена пауза 0.60s роботу 3 в t=46.25s
2025-09-27 12:27:31 - ROBOTY.safety - DEBUG - Добавлена пауза 0.60s роботу 3 в t=82.90s
2025-09-27 12:27:31 - ROBOTY.safety - DEBUG - Добавлена пауза 0.60s роботу 4 в t=82.90s
2025-09-27 12:27:31 - ROBOTY.safety - DEBUG - Добавлена пауза 0.60s роботу 3 в t=82.95s
2025-09-27 12:27:31 - ROBOTY.safety - DEBUG - Добавлена пауза 0.60s роботу 4 в t=82.95s
2025-09-27 12:27:31 - ROBOTY.safety - DEBUG - Добавлена пауза 0.60s роботу 3 в t=83.00s
2025-09-27 12:27:31 - ROBOTY.safety - DEBUG - Добавлена пауза 0.60s роботу 4 в t=83.00s
2025-09-27 12:27:31 - ROBOTY.safety - DEBUG - Добавлена пауза 0.60s роботу 3 в t=83.05s
2025-09-27 12:27:31 - ROBOTY.safety - DEBUG - Добавлена пауза 0.60s роботу 4 в t=83.05s
2025-09-27 12:27:31 - ROBOTY.safety - DEBUG - Добавлена пауза 0.60s роботу 3 в t=83.10s
2025-09-27 12:27:31 - ROBOTY.safety - DEBUG - Добавлена пауза 0.60s роботу 4 в t=83.10s
2025-09-27 12:27:31 - ROBOTY.safety - DEBUG - Добавлена пауза 0.60s роботу 3 в t=83.15s
2025-09-27 12:27:31 - ROBOTY.safety - DEBUG - Добавлена пауза 0.60s роботу 4 в t=83.15s
2025-09-27 12:27:31 - ROBOTY.safety - DEBUG - Добавлена пауза 0.60s роботу 3 в t=83.20s
2025-09-27 12:27:31 - ROBOTY.safety - DEBUG - Добавлена пауза 0.60s роботу 4 в t=83.20s
2025-09-27 12:27:31 - ROBOTY.safety - DEBUG - Добавлена пауза 0.60s роботу 3 в t=83.25s
2025-09-27 12:27:31 - ROBOTY.safety - DEBUG - Добавлена пауза 0.60s роботу 4 в t=83.25s
2025-09-27 12:27:31 - ROBOTY.safety - DEBUG - Добавлена пауза 0.60s роботу 3 в t=83.30s
2025-09-27 12:27:31 - ROBOTY.safety - DEBUG - Добавлена пауза 0.60s роботу 4 в t=83.30s
2025-09-27 12:27:31 - ROBOTY.safety - DEBUG - Добавлена пауза 0.60s роботу 3 в t=83.35s
2025-09-27 12:27:31 - ROBOTY.safety - DEBUG - Добавлена пауза 0.60s роботу 4 в t=83.35s
2025-09-27 12:27:31 - ROBOTY.safety - DEBUG - Добавлена пауза 0.60s роботу 3 в t=83.40s
2025-09-27 12:27:31 - ROBOTY.safety - DEBUG - Добавлена пауза 0.60s роботу 4 в t=83.40s
2025-09-27 12:27:31 - ROBOTY.safety - DEBUG - Добавлена пауза 0.60s роботу 3 в t=83.45s
2025-09-27 12:27:31 - ROBOTY.safety - DEBUG - Добавлена пауза 0.60s роботу 4 в t=83.45s
2025-09-27 12:27:31 - ROBOTY.safety - INFO - Онлайн-безопасность применена: паузы вставлены
2025-09-27 12:27:31 - ROBOTY.desktop - INFO - Планирование успешно завершено
2025-09-27 12:27:44 - ROBOTY.desktop - INFO - Открытие оптимизированного визуализатора
2025-09-27 12:27:44 - ROBOTY.visualizer - INFO - Запуск визуализации типа: 3d_anim
2025-09-27 12:27:44 - ROBOTY.visualizer - INFO - Создание 3D анимации траекторий
2025-09-27 12:27:44 - ROBOTY.visualizer - INFO - Создание 3D визуализации траекторий
2025-09-27 12:27:45 - ROBOTY.visualizer - INFO - 3D визуализация создана
2025-09-27 12:27:45 - ROBOTY.visualizer - INFO - Ограничиваем анимацию: 56 кадров из 672
2025-09-27 12:27:52 - ROBOTY.visualizer - INFO - Визуализация записана во временный файл: C:\Users\22200490\AppData\Local\Temp\tmpnxraiwk2_viz_3d_anim.html
2025-09-27 12:27:52 - ROBOTY.visualizer - INFO - Визуализация открыта в браузере из временного файла
2025-09-27 12:27:52 - ROBOTY.mesh_loader - INFO - Кэш мешей очищен
2025-09-27 12:27:52 - ROBOTY.visualizer - INFO - Кэш мешей очищен для освобождения памяти
2025-09-27 12:27:52 - ROBOTY.desktop - INFO - Визуализация успешно завершена
2025-09-27 12:28:03 - ROBOTY.main - INFO - Открытие визуализатора
2025-09-27 12:28:03 - ROBOTY.main - INFO - Визуализация успешно завершена
2025-09-27 12:28:03 - ROBOTY.visualizer - INFO - Запуск визуализации типа: 3d_anim
2025-09-27 12:28:03 - ROBOTY.visualizer - INFO - Создание 3D анимации траекторий
2025-09-27 12:28:03 - ROBOTY.visualizer - INFO - Создание 3D визуализации траекторий
2025-09-27 12:28:03 - ROBOTY.visualizer - INFO - 3D визуализация создана
2025-09-27 12:28:03 - ROBOTY.visualizer - INFO - Ограничиваем анимацию: 77 кадров из 693
2025-09-27 12:28:14 - ROBOTY.visualizer - INFO - Визуализация записана во временный файл: C:\Users\22200490\AppData\Local\Temp\tmpvshfnu_s_viz_3d_anim.html
2025-09-27 12:28:15 - ROBOTY.visualizer - INFO - Визуализация открыта в браузере из временного файла
2025-09-27 12:28:15 - ROBOTY.mesh_loader - INFO - Кэш мешей очищен
2025-09-27 12:28:15 - ROBOTY.visualizer - INFO - Кэш мешей очищен для освобождения памяти
2025-09-27 12:28:15 - ROBOTY.main - INFO - Визуализация успешно завершена (в фоне, временный файл будет удалён автоматически)
2025-09-27 12:32:52 - ROBOTY.visualizer - INFO - Временный файл визуализации удалён: C:\Users\22200490\AppData\Local\Temp\tmpnxraiwk2_viz_3d_anim.html
2025-09-27 12:32:52 - ROBOTY.visualizer - INFO - Временный файл визуализации удалён: C:\Users\22200490\AppData\Local\Temp\tmpvshfnu_s_viz_3d_anim.html
