2025-09-26 13:39:11 - ROBOTY.main - INFO - Запуск приложения ROBOTY
2025-09-26 13:39:11 - ROBOTY.main - INFO - Применена тема: dark
2025-09-26 13:39:11 - ROBOTY.main - INFO - Интерфейс инициализирован
2025-09-26 13:39:11 - ROBOTY.main - INFO - Приложение успешно запущено
2025-09-26 13:39:13 - ROBOTY.main - INFO - Открытие визуализатора
2025-09-26 13:39:13 - ROBOTY.main - WARNING - Попытка визуализации без плана
2025-09-26 13:39:15 - ROBOTY.main - INFO - Запуск планировщика
2025-09-26 13:39:15 - ROBOTY.main - WARNING - Попытка запуска планировщика без данных
2025-09-26 13:39:16 - ROBOTY.main - INFO - Начинаем загрузку файла
2025-09-26 13:39:19 - ROBOTY.main - INFO - Загружаем файл: /Users/maksimchernukha/Documents/ROBOTY/data/input_20250923_154612.json
2025-09-26 13:39:19 - ROBOTY.parser - INFO - Начинаем загрузку файла: /Users/maksimchernukha/Documents/ROBOTY/data/input_20250923_154612.json
2025-09-26 13:39:19 - ROBOTY.parser - INFO - Файл /Users/maksimchernukha/Documents/ROBOTY/data/input_20250923_154612.json успешно загружен
2025-09-26 13:39:19 - ROBOTY.parser - DEBUG - Робот 1 успешно загружен
2025-09-26 13:39:19 - ROBOTY.parser - DEBUG - Робот 2 успешно загружен
2025-09-26 13:39:19 - ROBOTY.parser - DEBUG - Робот 3 успешно загружен
2025-09-26 13:39:19 - ROBOTY.parser - DEBUG - Робот 4 успешно загружен
2025-09-26 13:39:19 - ROBOTY.parser - DEBUG - Робот 5 успешно загружен
2025-09-26 13:39:19 - ROBOTY.parser - DEBUG - Робот 6 успешно загружен
2025-09-26 13:39:19 - ROBOTY.parser - DEBUG - Робот 7 успешно загружен
2025-09-26 13:39:19 - ROBOTY.parser - DEBUG - Робот 8 успешно загружен
2025-09-26 13:39:19 - ROBOTY.parser - DEBUG - Робот 9 успешно загружен
2025-09-26 13:39:19 - ROBOTY.parser - DEBUG - Робот 10 успешно загружен
2025-09-26 13:39:19 - ROBOTY.parser - DEBUG - Операция 1 успешно загружена
2025-09-26 13:39:19 - ROBOTY.parser - DEBUG - Операция 2 успешно загружена
2025-09-26 13:39:19 - ROBOTY.parser - DEBUG - Операция 3 успешно загружена
2025-09-26 13:39:19 - ROBOTY.parser - DEBUG - Операция 4 успешно загружена
2025-09-26 13:39:19 - ROBOTY.parser - DEBUG - Операция 5 успешно загружена
2025-09-26 13:39:19 - ROBOTY.parser - DEBUG - Операция 6 успешно загружена
2025-09-26 13:39:19 - ROBOTY.parser - DEBUG - Операция 7 успешно загружена
2025-09-26 13:39:19 - ROBOTY.parser - DEBUG - Операция 8 успешно загружена
2025-09-26 13:39:19 - ROBOTY.parser - DEBUG - Операция 9 успешно загружена
2025-09-26 13:39:19 - ROBOTY.parser - DEBUG - Операция 10 успешно загружена
2025-09-26 13:39:19 - ROBOTY.parser - DEBUG - Операция 11 успешно загружена
2025-09-26 13:39:19 - ROBOTY.parser - DEBUG - Операция 12 успешно загружена
2025-09-26 13:39:19 - ROBOTY.parser - DEBUG - Операция 13 успешно загружена
2025-09-26 13:39:19 - ROBOTY.parser - DEBUG - Операция 14 успешно загружена
2025-09-26 13:39:19 - ROBOTY.parser - DEBUG - Операция 15 успешно загружена
2025-09-26 13:39:19 - ROBOTY.parser - DEBUG - Операция 16 успешно загружена
2025-09-26 13:39:19 - ROBOTY.parser - DEBUG - Операция 17 успешно загружена
2025-09-26 13:39:19 - ROBOTY.parser - DEBUG - Операция 18 успешно загружена
2025-09-26 13:39:19 - ROBOTY.parser - DEBUG - Операция 19 успешно загружена
2025-09-26 13:39:19 - ROBOTY.parser - DEBUG - Операция 20 успешно загружена
2025-09-26 13:39:19 - ROBOTY.parser - DEBUG - Операция 21 успешно загружена
2025-09-26 13:39:19 - ROBOTY.parser - DEBUG - Операция 22 успешно загружена
2025-09-26 13:39:19 - ROBOTY.parser - DEBUG - Операция 23 успешно загружена
2025-09-26 13:39:19 - ROBOTY.parser - DEBUG - Операция 24 успешно загружена
2025-09-26 13:39:19 - ROBOTY.parser - DEBUG - Операция 25 успешно загружена
2025-09-26 13:39:19 - ROBOTY.parser - DEBUG - Операция 26 успешно загружена
2025-09-26 13:39:19 - ROBOTY.parser - DEBUG - Операция 27 успешно загружена
2025-09-26 13:39:19 - ROBOTY.parser - DEBUG - Операция 28 успешно загружена
2025-09-26 13:39:19 - ROBOTY.parser - DEBUG - Операция 29 успешно загружена
2025-09-26 13:39:19 - ROBOTY.parser - DEBUG - Операция 30 успешно загружена
2025-09-26 13:39:19 - ROBOTY.parser - INFO - Загружено 10 роботов и 30 операций
2025-09-26 13:39:19 - ROBOTY.main - INFO - Файл успешно загружен и распарсен
2025-09-26 13:39:19 - ROBOTY.main - INFO - Запуск планировщика
2025-09-26 13:39:19 - ROBOTY.planner - INFO - Запуск планировщика траекторий
2025-09-26 13:39:19 - ROBOTY.assigner - INFO - Начинаем назначение операций методом: balanced
2025-09-26 13:39:19 - ROBOTY.assigner - DEBUG - Операция 0 назначена роботу 8 (нагрузка: 8.29)
2025-09-26 13:39:19 - ROBOTY.assigner - DEBUG - Операция 1 назначена роботу 3 (нагрузка: 8.19)
2025-09-26 13:39:19 - ROBOTY.assigner - DEBUG - Операция 2 назначена роботу 0 (нагрузка: 10.03)
2025-09-26 13:39:19 - ROBOTY.assigner - DEBUG - Операция 3 назначена роботу 7 (нагрузка: 6.80)
2025-09-26 13:39:19 - ROBOTY.assigner - DEBUG - Операция 4 назначена роботу 5 (нагрузка: 8.87)
2025-09-26 13:39:19 - ROBOTY.assigner - DEBUG - Операция 5 назначена роботу 1 (нагрузка: 10.44)
2025-09-26 13:39:19 - ROBOTY.assigner - DEBUG - Операция 6 назначена роботу 2 (нагрузка: 10.90)
2025-09-26 13:39:19 - ROBOTY.assigner - DEBUG - Операция 7 назначена роботу 6 (нагрузка: 11.98)
2025-09-26 13:39:19 - ROBOTY.assigner - DEBUG - Операция 8 назначена роботу 4 (нагрузка: 10.92)
2025-09-26 13:39:19 - ROBOTY.assigner - DEBUG - Операция 9 назначена роботу 9 (нагрузка: 6.19)
2025-09-26 13:39:19 - ROBOTY.assigner - DEBUG - Операция 10 назначена роботу 9 (нагрузка: 16.34)
2025-09-26 13:39:19 - ROBOTY.assigner - DEBUG - Операция 11 назначена роботу 3 (нагрузка: 13.01)
2025-09-26 13:39:19 - ROBOTY.assigner - DEBUG - Операция 12 назначена роботу 8 (нагрузка: 14.77)
2025-09-26 13:39:19 - ROBOTY.assigner - DEBUG - Операция 13 назначена роботу 7 (нагрузка: 19.07)
2025-09-26 13:39:19 - ROBOTY.assigner - DEBUG - Операция 14 назначена роботу 5 (нагрузка: 14.27)
2025-09-26 13:39:19 - ROBOTY.assigner - DEBUG - Операция 15 назначена роботу 1 (нагрузка: 18.42)
2025-09-26 13:39:19 - ROBOTY.assigner - DEBUG - Операция 16 назначена роботу 0 (нагрузка: 18.88)
2025-09-26 13:39:19 - ROBOTY.assigner - DEBUG - Операция 17 назначена роботу 4 (нагрузка: 20.01)
2025-09-26 13:39:19 - ROBOTY.assigner - DEBUG - Операция 18 назначена роботу 3 (нагрузка: 21.83)
2025-09-26 13:39:19 - ROBOTY.assigner - DEBUG - Операция 19 назначена роботу 2 (нагрузка: 15.77)
2025-09-26 13:39:19 - ROBOTY.assigner - DEBUG - Операция 20 назначена роботу 8 (нагрузка: 24.01)
2025-09-26 13:39:19 - ROBOTY.assigner - DEBUG - Операция 21 назначена роботу 6 (нагрузка: 26.40)
2025-09-26 13:39:19 - ROBOTY.assigner - DEBUG - Операция 22 назначена роботу 5 (нагрузка: 27.25)
2025-09-26 13:39:19 - ROBOTY.assigner - DEBUG - Операция 23 назначена роботу 1 (нагрузка: 26.06)
2025-09-26 13:39:19 - ROBOTY.assigner - DEBUG - Операция 24 назначена роботу 9 (нагрузка: 26.55)
2025-09-26 13:39:19 - ROBOTY.assigner - DEBUG - Операция 25 назначена роботу 0 (нагрузка: 27.71)
2025-09-26 13:39:19 - ROBOTY.assigner - DEBUG - Операция 26 назначена роботу 4 (нагрузка: 31.04)
2025-09-26 13:39:19 - ROBOTY.assigner - DEBUG - Операция 27 назначена роботу 2 (нагрузка: 27.12)
2025-09-26 13:39:19 - ROBOTY.assigner - DEBUG - Операция 28 назначена роботу 3 (нагрузка: 29.68)
2025-09-26 13:39:19 - ROBOTY.assigner - DEBUG - Операция 29 назначена роботу 7 (нагрузка: 33.27)
2025-09-26 13:39:19 - ROBOTY.assigner - INFO - Распределено 30 операций с балансировкой нагрузки
2025-09-26 13:39:19 - ROBOTY.assigner - INFO - Итоговые нагрузки роботов: ['27.71', '26.06', '27.12', '29.68', '31.04', '27.25', '26.40', '33.27', '24.01', '26.55']
2025-09-26 13:39:19 - ROBOTY.assigner - INFO - Робот 0: 3 операций, нагрузка 27.71
2025-09-26 13:39:19 - ROBOTY.assigner - INFO - Робот 1: 3 операций, нагрузка 26.06
2025-09-26 13:39:19 - ROBOTY.assigner - INFO - Робот 2: 3 операций, нагрузка 27.12
2025-09-26 13:39:19 - ROBOTY.assigner - INFO - Робот 3: 4 операций, нагрузка 29.68
2025-09-26 13:39:19 - ROBOTY.assigner - INFO - Робот 4: 3 операций, нагрузка 31.04
2025-09-26 13:39:19 - ROBOTY.assigner - INFO - Робот 5: 3 операций, нагрузка 27.25
2025-09-26 13:39:19 - ROBOTY.assigner - INFO - Робот 6: 2 операций, нагрузка 26.40
2025-09-26 13:39:19 - ROBOTY.assigner - INFO - Робот 7: 3 операций, нагрузка 33.27
2025-09-26 13:39:19 - ROBOTY.assigner - INFO - Робот 8: 3 операций, нагрузка 24.01
2025-09-26 13:39:19 - ROBOTY.assigner - INFO - Робот 9: 3 операций, нагрузка 26.55
2025-09-26 13:39:19 - ROBOTY.planner - INFO - Операции назначены методом: balanced
2025-09-26 13:39:19 - ROBOTY.planner - INFO - Планирование траектории для робота 1 (ID: 1) с 3 операциями
2025-09-26 13:39:19 - ROBOTY.planner - DEBUG - Планирование траектории для робота с 3 операциями
2025-09-26 13:39:19 - ROBOTY.planner - DEBUG - Операция 1 запланирована, время завершения: 11.78
2025-09-26 13:39:19 - ROBOTY.planner - DEBUG - Операция 2 запланирована, время завершения: 20.39
2025-09-26 13:39:19 - ROBOTY.planner - DEBUG - Операция 3 запланирована, время завершения: 29.94
2025-09-26 13:39:19 - ROBOTY.planner - INFO - Траектория робота запланирована, общее время: 29.94
2025-09-26 13:39:19 - ROBOTY.planner - INFO - Робот 1: траектория содержит 72 точек
2025-09-26 13:39:19 - ROBOTY.planner - INFO - Планирование траектории для робота 2 (ID: 2) с 3 операциями
2025-09-26 13:39:19 - ROBOTY.planner - DEBUG - Планирование траектории для робота с 3 операциями
2025-09-26 13:39:19 - ROBOTY.planner - DEBUG - Операция 1 запланирована, время завершения: 12.80
2025-09-26 13:39:19 - ROBOTY.planner - DEBUG - Операция 2 запланирована, время завершения: 23.95
2025-09-26 13:39:19 - ROBOTY.planner - DEBUG - Операция 3 запланирована, время завершения: 38.56
2025-09-26 13:39:19 - ROBOTY.planner - INFO - Траектория робота запланирована, общее время: 38.56
2025-09-26 13:39:19 - ROBOTY.planner - INFO - Робот 2: траектория содержит 72 точек
2025-09-26 13:39:19 - ROBOTY.planner - INFO - Планирование траектории для робота 3 (ID: 3) с 3 операциями
2025-09-26 13:39:19 - ROBOTY.planner - DEBUG - Планирование траектории для робота с 3 операциями
2025-09-26 13:39:19 - ROBOTY.planner - DEBUG - Операция 1 запланирована, время завершения: 13.06
2025-09-26 13:39:19 - ROBOTY.planner - DEBUG - Операция 2 запланирована, время завершения: 26.10
2025-09-26 13:39:19 - ROBOTY.planner - DEBUG - Операция 3 запланирована, время завершения: 40.76
2025-09-26 13:39:19 - ROBOTY.planner - INFO - Траектория робота запланирована, общее время: 40.76
2025-09-26 13:39:19 - ROBOTY.planner - INFO - Робот 3: траектория содержит 72 точек
2025-09-26 13:39:19 - ROBOTY.planner - INFO - Планирование траектории для робота 4 (ID: 4) с 4 операциями
2025-09-26 13:39:19 - ROBOTY.planner - DEBUG - Планирование траектории для робота с 4 операциями
2025-09-26 13:39:19 - ROBOTY.planner - DEBUG - Операция 1 запланирована, время завершения: 10.32
2025-09-26 13:39:19 - ROBOTY.planner - DEBUG - Операция 2 запланирована, время завершения: 21.76
2025-09-26 13:39:19 - ROBOTY.planner - DEBUG - Операция 3 запланирована, время завершения: 32.54
2025-09-26 13:39:19 - ROBOTY.planner - DEBUG - Операция 4 запланирована, время завершения: 44.84
2025-09-26 13:39:19 - ROBOTY.planner - INFO - Траектория робота запланирована, общее время: 44.84
2025-09-26 13:39:19 - ROBOTY.planner - INFO - Робот 4: траектория содержит 96 точек
2025-09-26 13:39:19 - ROBOTY.planner - INFO - Планирование траектории для робота 5 (ID: 5) с 3 операциями
2025-09-26 13:39:19 - ROBOTY.planner - DEBUG - Планирование траектории для робота с 3 операциями
2025-09-26 13:39:19 - ROBOTY.planner - DEBUG - Операция 1 запланирована, время завершения: 13.27
2025-09-26 13:39:19 - ROBOTY.planner - DEBUG - Операция 2 запланирована, время завершения: 28.46
2025-09-26 13:39:19 - ROBOTY.planner - DEBUG - Операция 3 запланирована, время завершения: 43.76
2025-09-26 13:39:19 - ROBOTY.planner - INFO - Траектория робота запланирована, общее время: 43.76
2025-09-26 13:39:19 - ROBOTY.planner - INFO - Робот 5: траектория содержит 72 точек
2025-09-26 13:39:19 - ROBOTY.planner - INFO - Планирование траектории для робота 6 (ID: 6) с 3 операциями
2025-09-26 13:39:19 - ROBOTY.planner - DEBUG - Планирование траектории для робота с 3 операциями
2025-09-26 13:39:19 - ROBOTY.planner - DEBUG - Операция 1 запланирована, время завершения: 10.74
2025-09-26 13:39:19 - ROBOTY.planner - DEBUG - Операция 2 запланирована, время завершения: 24.19
2025-09-26 13:39:19 - ROBOTY.planner - DEBUG - Операция 3 запланирована, время завершения: 40.30
2025-09-26 13:39:19 - ROBOTY.planner - INFO - Траектория робота запланирована, общее время: 40.30
2025-09-26 13:39:19 - ROBOTY.planner - INFO - Робот 6: траектория содержит 72 точек
2025-09-26 13:39:19 - ROBOTY.planner - INFO - Планирование траектории для робота 7 (ID: 7) с 2 операциями
2025-09-26 13:39:19 - ROBOTY.planner - DEBUG - Планирование траектории для робота с 2 операциями
2025-09-26 13:39:19 - ROBOTY.planner - DEBUG - Операция 1 запланирована, время завершения: 13.81
2025-09-26 13:39:19 - ROBOTY.planner - DEBUG - Операция 2 запланирована, время завершения: 25.98
2025-09-26 13:39:19 - ROBOTY.planner - INFO - Траектория робота запланирована, общее время: 25.98
2025-09-26 13:39:19 - ROBOTY.planner - INFO - Робот 7: траектория содержит 48 точек
2025-09-26 13:39:19 - ROBOTY.planner - INFO - Планирование траектории для робота 8 (ID: 8) с 3 операциями
2025-09-26 13:39:19 - ROBOTY.planner - DEBUG - Планирование траектории для робота с 3 операциями
2025-09-26 13:39:19 - ROBOTY.planner - DEBUG - Операция 1 запланирована, время завершения: 8.69
2025-09-26 13:39:19 - ROBOTY.planner - DEBUG - Операция 2 запланирована, время завершения: 24.12
2025-09-26 13:39:19 - ROBOTY.planner - DEBUG - Операция 3 запланирована, время завершения: 40.00
2025-09-26 13:39:19 - ROBOTY.planner - INFO - Траектория робота запланирована, общее время: 40.00
2025-09-26 13:39:19 - ROBOTY.planner - INFO - Робот 8: траектория содержит 72 точек
2025-09-26 13:39:19 - ROBOTY.planner - INFO - Планирование траектории для робота 9 (ID: 9) с 3 операциями
2025-09-26 13:39:19 - ROBOTY.planner - DEBUG - Планирование траектории для робота с 3 операциями
2025-09-26 13:39:19 - ROBOTY.planner - DEBUG - Операция 1 запланирована, время завершения: 9.62
2025-09-26 13:39:19 - ROBOTY.planner - DEBUG - Операция 2 запланирована, время завершения: 21.61
2025-09-26 13:39:19 - ROBOTY.planner - DEBUG - Операция 3 запланирована, время завершения: 32.83
2025-09-26 13:39:19 - ROBOTY.planner - INFO - Траектория робота запланирована, общее время: 32.83
2025-09-26 13:39:19 - ROBOTY.planner - INFO - Робот 9: траектория содержит 72 точек
2025-09-26 13:39:19 - ROBOTY.planner - INFO - Планирование траектории для робота 10 (ID: 10) с 3 операциями
2025-09-26 13:39:19 - ROBOTY.planner - DEBUG - Планирование траектории для робота с 3 операциями
2025-09-26 13:39:19 - ROBOTY.planner - DEBUG - Операция 1 запланирована, время завершения: 7.88
2025-09-26 13:39:19 - ROBOTY.planner - DEBUG - Операция 2 запланирована, время завершения: 20.33
2025-09-26 13:39:19 - ROBOTY.planner - DEBUG - Операция 3 запланирована, время завершения: 38.56
2025-09-26 13:39:19 - ROBOTY.planner - INFO - Траектория робота запланирована, общее время: 38.56
2025-09-26 13:39:19 - ROBOTY.planner - INFO - Робот 10: траектория содержит 72 точек
2025-09-26 13:39:19 - ROBOTY.planner - INFO - Планирование завершено. Makespan: 44.84
2025-09-26 13:39:19 - ROBOTY.main - INFO - Планировщик успешно завершил работу
2025-09-26 13:39:19 - ROBOTY.collision - INFO - Начинаем детальную проверку коллизий
2025-09-26 13:39:19 - ROBOTY.collision - DEBUG - Проверяем коллизии в диапазоне времени: 0.00 - 44.84
2025-09-26 13:39:19 - ROBOTY.collision - WARNING - Коллизия: роботы 3 и 7 в 7.00s, расстояние: 0.496, требуется: 0.500
2025-09-26 13:39:19 - ROBOTY.collision - WARNING - Коллизия: роботы 3 и 7 в 7.10s, расстояние: 0.471, требуется: 0.500
2025-09-26 13:39:19 - ROBOTY.collision - WARNING - Коллизия: роботы 3 и 7 в 7.20s, расстояние: 0.450, требуется: 0.500
2025-09-26 13:39:19 - ROBOTY.collision - WARNING - Коллизия: роботы 3 и 7 в 7.30s, расстояние: 0.435, требуется: 0.500
2025-09-26 13:39:19 - ROBOTY.collision - WARNING - Коллизия: роботы 3 и 7 в 7.40s, расстояние: 0.426, требуется: 0.500
2025-09-26 13:39:19 - ROBOTY.collision - WARNING - Коллизия: роботы 3 и 7 в 7.50s, расстояние: 0.423, требуется: 0.500
2025-09-26 13:39:19 - ROBOTY.collision - WARNING - Коллизия: роботы 3 и 7 в 7.60s, расстояние: 0.428, требуется: 0.500
2025-09-26 13:39:19 - ROBOTY.collision - WARNING - Коллизия: роботы 3 и 7 в 7.70s, расстояние: 0.438, требуется: 0.500
2025-09-26 13:39:19 - ROBOTY.collision - WARNING - Коллизия: роботы 3 и 7 в 7.80s, расстояние: 0.455, требуется: 0.500
2025-09-26 13:39:19 - ROBOTY.collision - WARNING - Коллизия: роботы 3 и 7 в 7.90s, расстояние: 0.477, требуется: 0.500
2025-09-26 13:39:19 - ROBOTY.collision - WARNING - Коллизия: роботы 4 и 10 в 9.00s, расстояние: 0.475, требуется: 0.500
2025-09-26 13:39:19 - ROBOTY.collision - WARNING - Коллизия: роботы 4 и 10 в 9.10s, расстояние: 0.464, требуется: 0.500
2025-09-26 13:39:19 - ROBOTY.collision - WARNING - Коллизия: роботы 4 и 10 в 9.20s, расстояние: 0.497, требуется: 0.500
2025-09-26 13:39:19 - ROBOTY.collision - WARNING - Коллизия: роботы 3 и 5 в 23.40s, расстояние: 0.427, требуется: 0.500
2025-09-26 13:39:19 - ROBOTY.collision - WARNING - Коллизия: роботы 3 и 5 в 23.50s, расстояние: 0.382, требуется: 0.500
2025-09-26 13:39:19 - ROBOTY.collision - WARNING - Коллизия: роботы 3 и 5 в 23.60s, расстояние: 0.423, требуется: 0.500
2025-09-26 13:39:19 - ROBOTY.collision - WARNING - Коллизия: роботы 6 и 9 в 23.80s, расстояние: 0.449, требуется: 0.500
2025-09-26 13:39:19 - ROBOTY.collision - WARNING - Коллизия: роботы 6 и 9 в 23.90s, расстояние: 0.383, требуется: 0.500
2025-09-26 13:39:19 - ROBOTY.collision - WARNING - Коллизия: роботы 6 и 9 в 24.00s, расстояние: 0.339, требуется: 0.500
2025-09-26 13:39:19 - ROBOTY.collision - WARNING - Коллизия: роботы 6 и 9 в 24.10s, расстояние: 0.324, требуется: 0.500
2025-09-26 13:39:19 - ROBOTY.collision - WARNING - Коллизия: роботы 6 и 9 в 24.20s, расстояние: 0.341, требуется: 0.500
2025-09-26 13:39:19 - ROBOTY.collision - WARNING - Коллизия: роботы 6 и 9 в 24.30s, расстояние: 0.366, требуется: 0.500
2025-09-26 13:39:19 - ROBOTY.collision - WARNING - Коллизия: роботы 6 и 9 в 24.40s, расстояние: 0.402, требуется: 0.500
2025-09-26 13:39:19 - ROBOTY.collision - WARNING - Коллизия: роботы 6 и 9 в 24.50s, расстояние: 0.453, требуется: 0.500
2025-09-26 13:39:19 - ROBOTY.collision - WARNING - Коллизия: роботы 6 и 9 в 24.60s, расстояние: 0.498, требуется: 0.500
2025-09-26 13:39:19 - ROBOTY.collision - WARNING - Коллизия: роботы 5 и 8 в 35.60s, расстояние: 0.496, требуется: 0.500
2025-09-26 13:39:19 - ROBOTY.collision - WARNING - Коллизия: роботы 5 и 8 в 35.70s, расстояние: 0.393, требуется: 0.500
2025-09-26 13:39:19 - ROBOTY.collision - WARNING - Коллизия: роботы 5 и 8 в 35.80s, расстояние: 0.346, требуется: 0.500
2025-09-26 13:39:19 - ROBOTY.collision - WARNING - Коллизия: роботы 5 и 8 в 35.90s, расстояние: 0.376, требуется: 0.500
2025-09-26 13:39:19 - ROBOTY.collision - WARNING - Коллизия: роботы 5 и 8 в 36.00s, расстояние: 0.469, требуется: 0.500
2025-09-26 13:39:19 - ROBOTY.collision - ERROR - Обнаружено 30 коллизий
2025-09-26 13:39:19 - ROBOTY.main - WARNING - Обнаружено 30 коллизий, применяем онлайн-безопасность
2025-09-26 13:39:19 - ROBOTY.safety - INFO - Применяем онлайн-безопасность: вставка пауз при коллизиях
2025-09-26 13:39:19 - ROBOTY.collision - INFO - Начинаем детальную проверку коллизий
2025-09-26 13:39:19 - ROBOTY.collision - DEBUG - Проверяем коллизии в диапазоне времени: 0.00 - 44.84
2025-09-26 13:39:19 - ROBOTY.collision - WARNING - Коллизия: роботы 3 и 7 в 7.00s, расстояние: 0.496, требуется: 0.500
2025-09-26 13:39:19 - ROBOTY.collision - WARNING - Коллизия: роботы 3 и 7 в 7.05s, расстояние: 0.483, требуется: 0.500
2025-09-26 13:39:19 - ROBOTY.collision - WARNING - Коллизия: роботы 3 и 7 в 7.10s, расстояние: 0.471, требуется: 0.500
2025-09-26 13:39:19 - ROBOTY.collision - WARNING - Коллизия: роботы 3 и 7 в 7.15s, расстояние: 0.460, требуется: 0.500
2025-09-26 13:39:19 - ROBOTY.collision - WARNING - Коллизия: роботы 3 и 7 в 7.20s, расстояние: 0.450, требуется: 0.500
2025-09-26 13:39:19 - ROBOTY.collision - WARNING - Коллизия: роботы 3 и 7 в 7.25s, расстояние: 0.442, требуется: 0.500
2025-09-26 13:39:19 - ROBOTY.collision - WARNING - Коллизия: роботы 3 и 7 в 7.30s, расстояние: 0.435, требуется: 0.500
2025-09-26 13:39:19 - ROBOTY.collision - WARNING - Коллизия: роботы 3 и 7 в 7.35s, расстояние: 0.429, требуется: 0.500
2025-09-26 13:39:19 - ROBOTY.collision - WARNING - Коллизия: роботы 3 и 7 в 7.40s, расстояние: 0.426, требуется: 0.500
2025-09-26 13:39:19 - ROBOTY.collision - WARNING - Коллизия: роботы 3 и 7 в 7.45s, расстояние: 0.424, требуется: 0.500
2025-09-26 13:39:19 - ROBOTY.collision - WARNING - Коллизия: роботы 3 и 7 в 7.50s, расстояние: 0.423, требуется: 0.500
2025-09-26 13:39:19 - ROBOTY.collision - WARNING - Коллизия: роботы 3 и 7 в 7.55s, расстояние: 0.425, требуется: 0.500
2025-09-26 13:39:19 - ROBOTY.collision - WARNING - Коллизия: роботы 3 и 7 в 7.60s, расстояние: 0.428, требуется: 0.500
2025-09-26 13:39:19 - ROBOTY.collision - WARNING - Коллизия: роботы 3 и 7 в 7.65s, расстояние: 0.432, требуется: 0.500
2025-09-26 13:39:19 - ROBOTY.collision - WARNING - Коллизия: роботы 3 и 7 в 7.70s, расстояние: 0.438, требуется: 0.500
2025-09-26 13:39:19 - ROBOTY.collision - WARNING - Коллизия: роботы 3 и 7 в 7.75s, расстояние: 0.446, требуется: 0.500
2025-09-26 13:39:19 - ROBOTY.collision - WARNING - Коллизия: роботы 3 и 7 в 7.80s, расстояние: 0.455, требуется: 0.500
2025-09-26 13:39:19 - ROBOTY.collision - WARNING - Коллизия: роботы 3 и 7 в 7.85s, расстояние: 0.465, требуется: 0.500
2025-09-26 13:39:19 - ROBOTY.collision - WARNING - Коллизия: роботы 3 и 7 в 7.90s, расстояние: 0.477, требуется: 0.500
2025-09-26 13:39:19 - ROBOTY.collision - WARNING - Коллизия: роботы 3 и 7 в 7.95s, расстояние: 0.490, требуется: 0.500
2025-09-26 13:39:20 - ROBOTY.collision - WARNING - Коллизия: роботы 4 и 10 в 9.00s, расстояние: 0.475, требуется: 0.500
2025-09-26 13:39:20 - ROBOTY.collision - WARNING - Коллизия: роботы 4 и 10 в 9.05s, расстояние: 0.459, требуется: 0.500
2025-09-26 13:39:20 - ROBOTY.collision - WARNING - Коллизия: роботы 4 и 10 в 9.10s, расстояние: 0.464, требуется: 0.500
2025-09-26 13:39:20 - ROBOTY.collision - WARNING - Коллизия: роботы 4 и 10 в 9.15s, расстояние: 0.477, требуется: 0.500
2025-09-26 13:39:20 - ROBOTY.collision - WARNING - Коллизия: роботы 4 и 10 в 9.20s, расстояние: 0.497, требуется: 0.500
2025-09-26 13:39:20 - ROBOTY.collision - WARNING - Коллизия: роботы 3 и 5 в 23.35s, расстояние: 0.475, требуется: 0.500
2025-09-26 13:39:20 - ROBOTY.collision - WARNING - Коллизия: роботы 3 и 5 в 23.40s, расстояние: 0.427, требуется: 0.500
2025-09-26 13:39:20 - ROBOTY.collision - WARNING - Коллизия: роботы 3 и 5 в 23.45s, расстояние: 0.394, требуется: 0.500
2025-09-26 13:39:20 - ROBOTY.collision - WARNING - Коллизия: роботы 3 и 5 в 23.50s, расстояние: 0.382, требуется: 0.500
2025-09-26 13:39:20 - ROBOTY.collision - WARNING - Коллизия: роботы 3 и 5 в 23.55s, расстояние: 0.393, требуется: 0.500
2025-09-26 13:39:20 - ROBOTY.collision - WARNING - Коллизия: роботы 3 и 5 в 23.60s, расстояние: 0.423, требуется: 0.500
2025-09-26 13:39:20 - ROBOTY.collision - WARNING - Коллизия: роботы 3 и 5 в 23.65s, расстояние: 0.471, требуется: 0.500
2025-09-26 13:39:20 - ROBOTY.collision - WARNING - Коллизия: роботы 6 и 9 в 23.75s, расстояние: 0.488, требуется: 0.500
2025-09-26 13:39:20 - ROBOTY.collision - WARNING - Коллизия: роботы 6 и 9 в 23.80s, расстояние: 0.449, требуется: 0.500
2025-09-26 13:39:20 - ROBOTY.collision - WARNING - Коллизия: роботы 6 и 9 в 23.85s, расстояние: 0.414, требуется: 0.500
2025-09-26 13:39:20 - ROBOTY.collision - WARNING - Коллизия: роботы 6 и 9 в 23.90s, расстояние: 0.383, требуется: 0.500
2025-09-26 13:39:20 - ROBOTY.collision - WARNING - Коллизия: роботы 6 и 9 в 23.95s, расстояние: 0.357, требуется: 0.500
2025-09-26 13:39:20 - ROBOTY.collision - WARNING - Коллизия: роботы 6 и 9 в 24.00s, расстояние: 0.339, требуется: 0.500
2025-09-26 13:39:20 - ROBOTY.collision - WARNING - Коллизия: роботы 6 и 9 в 24.05s, расстояние: 0.328, требуется: 0.500
2025-09-26 13:39:20 - ROBOTY.collision - WARNING - Коллизия: роботы 6 и 9 в 24.10s, расстояние: 0.324, требуется: 0.500
2025-09-26 13:39:20 - ROBOTY.collision - WARNING - Коллизия: роботы 6 и 9 в 24.15s, расстояние: 0.330, требуется: 0.500
2025-09-26 13:39:20 - ROBOTY.collision - WARNING - Коллизия: роботы 6 и 9 в 24.20s, расстояние: 0.341, требуется: 0.500
2025-09-26 13:39:20 - ROBOTY.collision - WARNING - Коллизия: роботы 6 и 9 в 24.25s, расстояние: 0.356, требуется: 0.500
2025-09-26 13:39:20 - ROBOTY.collision - WARNING - Коллизия: роботы 6 и 9 в 24.30s, расстояние: 0.366, требуется: 0.500
2025-09-26 13:39:20 - ROBOTY.collision - WARNING - Коллизия: роботы 6 и 9 в 24.35s, расстояние: 0.382, требуется: 0.500
2025-09-26 13:39:20 - ROBOTY.collision - WARNING - Коллизия: роботы 6 и 9 в 24.40s, расстояние: 0.402, требуется: 0.500
2025-09-26 13:39:20 - ROBOTY.collision - WARNING - Коллизия: роботы 6 и 9 в 24.45s, расстояние: 0.426, требуется: 0.500
2025-09-26 13:39:20 - ROBOTY.collision - WARNING - Коллизия: роботы 6 и 9 в 24.50s, расстояние: 0.453, требуется: 0.500
2025-09-26 13:39:20 - ROBOTY.collision - WARNING - Коллизия: роботы 6 и 9 в 24.55s, расстояние: 0.482, требуется: 0.500
2025-09-26 13:39:20 - ROBOTY.collision - WARNING - Коллизия: роботы 6 и 9 в 24.60s, расстояние: 0.498, требуется: 0.500
2025-09-26 13:39:20 - ROBOTY.collision - WARNING - Коллизия: роботы 5 и 8 в 35.60s, расстояние: 0.496, требуется: 0.500
2025-09-26 13:39:20 - ROBOTY.collision - WARNING - Коллизия: роботы 5 и 8 в 35.65s, расстояние: 0.439, требуется: 0.500
2025-09-26 13:39:20 - ROBOTY.collision - WARNING - Коллизия: роботы 5 и 8 в 35.70s, расстояние: 0.393, требуется: 0.500
2025-09-26 13:39:20 - ROBOTY.collision - WARNING - Коллизия: роботы 5 и 8 в 35.75s, расстояние: 0.361, требуется: 0.500
2025-09-26 13:39:20 - ROBOTY.collision - WARNING - Коллизия: роботы 5 и 8 в 35.80s, расстояние: 0.346, требуется: 0.500
2025-09-26 13:39:20 - ROBOTY.collision - WARNING - Коллизия: роботы 5 и 8 в 35.85s, расстояние: 0.352, требуется: 0.500
2025-09-26 13:39:20 - ROBOTY.collision - WARNING - Коллизия: роботы 5 и 8 в 35.90s, расстояние: 0.376, требуется: 0.500
2025-09-26 13:39:20 - ROBOTY.collision - WARNING - Коллизия: роботы 5 и 8 в 35.95s, расстояние: 0.417, требуется: 0.500
2025-09-26 13:39:20 - ROBOTY.collision - WARNING - Коллизия: роботы 5 и 8 в 36.00s, расстояние: 0.469, требуется: 0.500
2025-09-26 13:39:20 - ROBOTY.collision - ERROR - Обнаружено 59 коллизий
2025-09-26 13:39:20 - ROBOTY.safety - DEBUG - Добавлена пауза 0.60s роботу 3 в t=7.00s
2025-09-26 13:39:20 - ROBOTY.safety - DEBUG - Добавлена пауза 0.60s роботу 7 в t=7.00s
2025-09-26 13:39:20 - ROBOTY.safety - DEBUG - Добавлена пауза 0.60s роботу 3 в t=7.05s
2025-09-26 13:39:20 - ROBOTY.safety - DEBUG - Добавлена пауза 0.60s роботу 7 в t=7.05s
2025-09-26 13:39:20 - ROBOTY.safety - DEBUG - Добавлена пауза 0.60s роботу 3 в t=7.10s
2025-09-26 13:39:20 - ROBOTY.safety - DEBUG - Добавлена пауза 0.60s роботу 7 в t=7.10s
2025-09-26 13:39:20 - ROBOTY.safety - DEBUG - Добавлена пауза 0.60s роботу 3 в t=7.15s
2025-09-26 13:39:20 - ROBOTY.safety - DEBUG - Добавлена пауза 0.60s роботу 7 в t=7.15s
2025-09-26 13:39:20 - ROBOTY.safety - DEBUG - Добавлена пауза 0.60s роботу 3 в t=7.20s
2025-09-26 13:39:20 - ROBOTY.safety - DEBUG - Добавлена пауза 0.60s роботу 7 в t=7.20s
2025-09-26 13:39:20 - ROBOTY.safety - DEBUG - Добавлена пауза 0.60s роботу 3 в t=7.25s
2025-09-26 13:39:20 - ROBOTY.safety - DEBUG - Добавлена пауза 0.60s роботу 7 в t=7.25s
2025-09-26 13:39:20 - ROBOTY.safety - DEBUG - Добавлена пауза 0.60s роботу 3 в t=7.30s
2025-09-26 13:39:20 - ROBOTY.safety - DEBUG - Добавлена пауза 0.60s роботу 7 в t=7.30s
2025-09-26 13:39:20 - ROBOTY.safety - DEBUG - Добавлена пауза 0.60s роботу 3 в t=7.35s
2025-09-26 13:39:20 - ROBOTY.safety - DEBUG - Добавлена пауза 0.60s роботу 7 в t=7.35s
2025-09-26 13:39:20 - ROBOTY.safety - DEBUG - Добавлена пауза 0.60s роботу 3 в t=7.40s
2025-09-26 13:39:20 - ROBOTY.safety - DEBUG - Добавлена пауза 0.60s роботу 7 в t=7.40s
2025-09-26 13:39:20 - ROBOTY.safety - DEBUG - Добавлена пауза 0.60s роботу 3 в t=7.45s
2025-09-26 13:39:20 - ROBOTY.safety - DEBUG - Добавлена пауза 0.60s роботу 7 в t=7.45s
2025-09-26 13:39:20 - ROBOTY.safety - DEBUG - Добавлена пауза 0.60s роботу 3 в t=7.50s
2025-09-26 13:39:20 - ROBOTY.safety - DEBUG - Добавлена пауза 0.60s роботу 7 в t=7.50s
2025-09-26 13:39:20 - ROBOTY.safety - DEBUG - Добавлена пауза 0.60s роботу 3 в t=7.55s
2025-09-26 13:39:20 - ROBOTY.safety - DEBUG - Добавлена пауза 0.60s роботу 7 в t=7.55s
2025-09-26 13:39:20 - ROBOTY.safety - DEBUG - Добавлена пауза 0.60s роботу 3 в t=7.60s
2025-09-26 13:39:20 - ROBOTY.safety - DEBUG - Добавлена пауза 0.60s роботу 7 в t=7.60s
2025-09-26 13:39:20 - ROBOTY.safety - DEBUG - Добавлена пауза 0.60s роботу 3 в t=7.65s
2025-09-26 13:39:20 - ROBOTY.safety - DEBUG - Добавлена пауза 0.60s роботу 7 в t=7.65s
2025-09-26 13:39:20 - ROBOTY.safety - DEBUG - Добавлена пауза 0.60s роботу 3 в t=7.70s
2025-09-26 13:39:20 - ROBOTY.safety - DEBUG - Добавлена пауза 0.60s роботу 7 в t=7.70s
2025-09-26 13:39:20 - ROBOTY.safety - DEBUG - Добавлена пауза 0.60s роботу 3 в t=7.75s
2025-09-26 13:39:20 - ROBOTY.safety - DEBUG - Добавлена пауза 0.60s роботу 7 в t=7.75s
2025-09-26 13:39:20 - ROBOTY.safety - DEBUG - Добавлена пауза 0.60s роботу 3 в t=7.80s
2025-09-26 13:39:20 - ROBOTY.safety - DEBUG - Добавлена пауза 0.60s роботу 7 в t=7.80s
2025-09-26 13:39:20 - ROBOTY.safety - DEBUG - Добавлена пауза 0.60s роботу 3 в t=7.85s
2025-09-26 13:39:20 - ROBOTY.safety - DEBUG - Добавлена пауза 0.60s роботу 7 в t=7.85s
2025-09-26 13:39:20 - ROBOTY.safety - DEBUG - Добавлена пауза 0.60s роботу 3 в t=7.90s
2025-09-26 13:39:20 - ROBOTY.safety - DEBUG - Добавлена пауза 0.60s роботу 7 в t=7.90s
2025-09-26 13:39:20 - ROBOTY.safety - DEBUG - Добавлена пауза 0.60s роботу 3 в t=7.95s
2025-09-26 13:39:20 - ROBOTY.safety - DEBUG - Добавлена пауза 0.60s роботу 7 в t=7.95s
2025-09-26 13:39:20 - ROBOTY.safety - DEBUG - Добавлена пауза 0.60s роботу 4 в t=9.00s
2025-09-26 13:39:20 - ROBOTY.safety - DEBUG - Добавлена пауза 0.60s роботу 10 в t=9.00s
2025-09-26 13:39:20 - ROBOTY.safety - DEBUG - Добавлена пауза 0.60s роботу 4 в t=9.05s
2025-09-26 13:39:20 - ROBOTY.safety - DEBUG - Добавлена пауза 0.60s роботу 10 в t=9.05s
2025-09-26 13:39:20 - ROBOTY.safety - DEBUG - Добавлена пауза 0.60s роботу 4 в t=9.10s
2025-09-26 13:39:20 - ROBOTY.safety - DEBUG - Добавлена пауза 0.60s роботу 10 в t=9.10s
2025-09-26 13:39:20 - ROBOTY.safety - DEBUG - Добавлена пауза 0.60s роботу 4 в t=9.15s
2025-09-26 13:39:20 - ROBOTY.safety - DEBUG - Добавлена пауза 0.60s роботу 10 в t=9.15s
2025-09-26 13:39:20 - ROBOTY.safety - DEBUG - Добавлена пауза 0.60s роботу 4 в t=9.20s
2025-09-26 13:39:20 - ROBOTY.safety - DEBUG - Добавлена пауза 0.60s роботу 10 в t=9.20s
2025-09-26 13:39:20 - ROBOTY.safety - DEBUG - Добавлена пауза 0.60s роботу 3 в t=23.35s
2025-09-26 13:39:20 - ROBOTY.safety - DEBUG - Добавлена пауза 0.60s роботу 5 в t=23.35s
2025-09-26 13:39:20 - ROBOTY.safety - DEBUG - Добавлена пауза 0.60s роботу 3 в t=23.40s
2025-09-26 13:39:20 - ROBOTY.safety - DEBUG - Добавлена пауза 0.60s роботу 5 в t=23.40s
2025-09-26 13:39:20 - ROBOTY.safety - DEBUG - Добавлена пауза 0.60s роботу 3 в t=23.45s
2025-09-26 13:39:20 - ROBOTY.safety - DEBUG - Добавлена пауза 0.60s роботу 5 в t=23.45s
2025-09-26 13:39:20 - ROBOTY.safety - DEBUG - Добавлена пауза 0.60s роботу 3 в t=23.50s
2025-09-26 13:39:20 - ROBOTY.safety - DEBUG - Добавлена пауза 0.60s роботу 5 в t=23.50s
2025-09-26 13:39:20 - ROBOTY.safety - DEBUG - Добавлена пауза 0.60s роботу 3 в t=23.55s
2025-09-26 13:39:20 - ROBOTY.safety - DEBUG - Добавлена пауза 0.60s роботу 5 в t=23.55s
2025-09-26 13:39:20 - ROBOTY.safety - DEBUG - Добавлена пауза 0.60s роботу 3 в t=23.60s
2025-09-26 13:39:20 - ROBOTY.safety - DEBUG - Добавлена пауза 0.60s роботу 5 в t=23.60s
2025-09-26 13:39:20 - ROBOTY.safety - DEBUG - Добавлена пауза 0.60s роботу 3 в t=23.65s
2025-09-26 13:39:20 - ROBOTY.safety - DEBUG - Добавлена пауза 0.60s роботу 5 в t=23.65s
2025-09-26 13:39:20 - ROBOTY.safety - DEBUG - Добавлена пауза 0.60s роботу 6 в t=23.75s
2025-09-26 13:39:20 - ROBOTY.safety - DEBUG - Добавлена пауза 0.60s роботу 9 в t=23.75s
2025-09-26 13:39:20 - ROBOTY.safety - DEBUG - Добавлена пауза 0.60s роботу 6 в t=23.80s
2025-09-26 13:39:20 - ROBOTY.safety - DEBUG - Добавлена пауза 0.60s роботу 9 в t=23.80s
2025-09-26 13:39:20 - ROBOTY.safety - DEBUG - Добавлена пауза 0.60s роботу 6 в t=23.85s
2025-09-26 13:39:20 - ROBOTY.safety - DEBUG - Добавлена пауза 0.60s роботу 9 в t=23.85s
2025-09-26 13:39:20 - ROBOTY.safety - DEBUG - Добавлена пауза 0.60s роботу 6 в t=23.90s
2025-09-26 13:39:20 - ROBOTY.safety - DEBUG - Добавлена пауза 0.60s роботу 9 в t=23.90s
2025-09-26 13:39:20 - ROBOTY.safety - DEBUG - Добавлена пауза 0.60s роботу 6 в t=23.95s
2025-09-26 13:39:20 - ROBOTY.safety - DEBUG - Добавлена пауза 0.60s роботу 9 в t=23.95s
2025-09-26 13:39:20 - ROBOTY.safety - DEBUG - Добавлена пауза 0.60s роботу 6 в t=24.00s
2025-09-26 13:39:20 - ROBOTY.safety - DEBUG - Добавлена пауза 0.60s роботу 9 в t=24.00s
2025-09-26 13:39:20 - ROBOTY.safety - DEBUG - Добавлена пауза 0.60s роботу 6 в t=24.05s
2025-09-26 13:39:20 - ROBOTY.safety - DEBUG - Добавлена пауза 0.60s роботу 9 в t=24.05s
2025-09-26 13:39:20 - ROBOTY.safety - DEBUG - Добавлена пауза 0.60s роботу 6 в t=24.10s
2025-09-26 13:39:20 - ROBOTY.safety - DEBUG - Добавлена пауза 0.60s роботу 9 в t=24.10s
2025-09-26 13:39:20 - ROBOTY.safety - DEBUG - Добавлена пауза 0.60s роботу 6 в t=24.15s
2025-09-26 13:39:20 - ROBOTY.safety - DEBUG - Добавлена пауза 0.60s роботу 9 в t=24.15s
2025-09-26 13:39:20 - ROBOTY.safety - DEBUG - Добавлена пауза 0.60s роботу 6 в t=24.20s
2025-09-26 13:39:20 - ROBOTY.safety - DEBUG - Добавлена пауза 0.60s роботу 9 в t=24.20s
2025-09-26 13:39:20 - ROBOTY.safety - DEBUG - Добавлена пауза 0.60s роботу 6 в t=24.25s
2025-09-26 13:39:20 - ROBOTY.safety - DEBUG - Добавлена пауза 0.60s роботу 9 в t=24.25s
2025-09-26 13:39:20 - ROBOTY.safety - DEBUG - Добавлена пауза 0.60s роботу 6 в t=24.30s
2025-09-26 13:39:20 - ROBOTY.safety - DEBUG - Добавлена пауза 0.60s роботу 9 в t=24.30s
2025-09-26 13:39:20 - ROBOTY.safety - DEBUG - Добавлена пауза 0.60s роботу 6 в t=24.35s
2025-09-26 13:39:20 - ROBOTY.safety - DEBUG - Добавлена пауза 0.60s роботу 9 в t=24.35s
2025-09-26 13:39:20 - ROBOTY.safety - DEBUG - Добавлена пауза 0.60s роботу 6 в t=24.40s
2025-09-26 13:39:20 - ROBOTY.safety - DEBUG - Добавлена пауза 0.60s роботу 9 в t=24.40s
2025-09-26 13:39:20 - ROBOTY.safety - DEBUG - Добавлена пауза 0.60s роботу 6 в t=24.45s
2025-09-26 13:39:20 - ROBOTY.safety - DEBUG - Добавлена пауза 0.60s роботу 9 в t=24.45s
2025-09-26 13:39:20 - ROBOTY.safety - DEBUG - Добавлена пауза 0.60s роботу 6 в t=24.50s
2025-09-26 13:39:20 - ROBOTY.safety - DEBUG - Добавлена пауза 0.60s роботу 9 в t=24.50s
2025-09-26 13:39:20 - ROBOTY.safety - DEBUG - Добавлена пауза 0.60s роботу 6 в t=24.55s
2025-09-26 13:39:20 - ROBOTY.safety - DEBUG - Добавлена пауза 0.60s роботу 9 в t=24.55s
2025-09-26 13:39:20 - ROBOTY.safety - DEBUG - Добавлена пауза 0.60s роботу 6 в t=24.60s
2025-09-26 13:39:20 - ROBOTY.safety - DEBUG - Добавлена пауза 0.60s роботу 9 в t=24.60s
2025-09-26 13:39:20 - ROBOTY.safety - DEBUG - Добавлена пауза 0.60s роботу 5 в t=35.60s
2025-09-26 13:39:20 - ROBOTY.safety - DEBUG - Добавлена пауза 0.60s роботу 8 в t=35.60s
2025-09-26 13:39:20 - ROBOTY.safety - DEBUG - Добавлена пауза 0.60s роботу 5 в t=35.65s
2025-09-26 13:39:20 - ROBOTY.safety - DEBUG - Добавлена пауза 0.60s роботу 8 в t=35.65s
2025-09-26 13:39:20 - ROBOTY.safety - DEBUG - Добавлена пауза 0.60s роботу 5 в t=35.70s
2025-09-26 13:39:20 - ROBOTY.safety - DEBUG - Добавлена пауза 0.60s роботу 8 в t=35.70s
2025-09-26 13:39:20 - ROBOTY.safety - DEBUG - Добавлена пауза 0.60s роботу 5 в t=35.75s
2025-09-26 13:39:20 - ROBOTY.safety - DEBUG - Добавлена пауза 0.60s роботу 8 в t=35.75s
2025-09-26 13:39:20 - ROBOTY.safety - DEBUG - Добавлена пауза 0.60s роботу 5 в t=35.80s
2025-09-26 13:39:20 - ROBOTY.safety - DEBUG - Добавлена пауза 0.60s роботу 8 в t=35.80s
2025-09-26 13:39:20 - ROBOTY.safety - DEBUG - Добавлена пауза 0.60s роботу 5 в t=35.85s
2025-09-26 13:39:20 - ROBOTY.safety - DEBUG - Добавлена пауза 0.60s роботу 8 в t=35.85s
2025-09-26 13:39:20 - ROBOTY.safety - DEBUG - Добавлена пауза 0.60s роботу 5 в t=35.90s
2025-09-26 13:39:20 - ROBOTY.safety - DEBUG - Добавлена пауза 0.60s роботу 8 в t=35.90s
2025-09-26 13:39:20 - ROBOTY.safety - DEBUG - Добавлена пауза 0.60s роботу 5 в t=35.95s
2025-09-26 13:39:20 - ROBOTY.safety - DEBUG - Добавлена пауза 0.60s роботу 8 в t=35.95s
2025-09-26 13:39:20 - ROBOTY.safety - DEBUG - Добавлена пауза 0.60s роботу 5 в t=36.00s
2025-09-26 13:39:20 - ROBOTY.safety - DEBUG - Добавлена пауза 0.60s роботу 8 в t=36.00s
2025-09-26 13:39:20 - ROBOTY.safety - INFO - Онлайн-безопасность применена: паузы вставлены
2025-09-26 13:39:20 - ROBOTY.collision - INFO - Начинаем детальную проверку коллизий
2025-09-26 13:39:20 - ROBOTY.collision - DEBUG - Проверяем коллизии в диапазоне времени: 0.00 - 56.96
2025-09-26 13:39:20 - ROBOTY.collision - WARNING - Коллизия: роботы 3 и 7 в 7.00s, расстояние: 0.496, требуется: 0.500
2025-09-26 13:39:20 - ROBOTY.collision - WARNING - Коллизия: роботы 3 и 7 в 7.10s, расстояние: 0.496, требуется: 0.500
2025-09-26 13:39:20 - ROBOTY.collision - WARNING - Коллизия: роботы 3 и 7 в 7.20s, расстояние: 0.496, требуется: 0.500
2025-09-26 13:39:20 - ROBOTY.collision - WARNING - Коллизия: роботы 3 и 7 в 7.30s, расстояние: 0.496, требуется: 0.500
2025-09-26 13:39:20 - ROBOTY.collision - WARNING - Коллизия: роботы 3 и 7 в 7.40s, расстояние: 0.496, требуется: 0.500
2025-09-26 13:39:20 - ROBOTY.collision - WARNING - Коллизия: роботы 3 и 7 в 7.50s, расстояние: 0.496, требуется: 0.500
2025-09-26 13:39:20 - ROBOTY.collision - WARNING - Коллизия: роботы 3 и 7 в 7.60s, расстояние: 0.496, требуется: 0.500
2025-09-26 13:39:20 - ROBOTY.collision - WARNING - Коллизия: роботы 3 и 7 в 7.70s, расстояние: 0.496, требуется: 0.500
2025-09-26 13:39:20 - ROBOTY.collision - WARNING - Коллизия: роботы 3 и 7 в 7.80s, расстояние: 0.496, требуется: 0.500
2025-09-26 13:39:20 - ROBOTY.collision - WARNING - Коллизия: роботы 3 и 7 в 7.90s, расстояние: 0.496, требуется: 0.500
2025-09-26 13:39:20 - ROBOTY.collision - WARNING - Коллизия: роботы 3 и 7 в 8.00s, расстояние: 0.496, требуется: 0.500
2025-09-26 13:39:20 - ROBOTY.collision - WARNING - Коллизия: роботы 3 и 7 в 8.10s, расстояние: 0.496, требуется: 0.500
2025-09-26 13:39:20 - ROBOTY.collision - WARNING - Коллизия: роботы 3 и 7 в 8.20s, расстояние: 0.496, требуется: 0.500
2025-09-26 13:39:20 - ROBOTY.collision - WARNING - Коллизия: роботы 3 и 7 в 8.30s, расстояние: 0.496, требуется: 0.500
2025-09-26 13:39:20 - ROBOTY.collision - WARNING - Коллизия: роботы 3 и 7 в 8.40s, расстояние: 0.496, требуется: 0.500
2025-09-26 13:39:20 - ROBOTY.collision - WARNING - Коллизия: роботы 3 и 7 в 8.50s, расстояние: 0.496, требуется: 0.500
2025-09-26 13:39:20 - ROBOTY.collision - WARNING - Коллизия: роботы 3 и 7 в 8.60s, расстояние: 0.496, требуется: 0.500
2025-09-26 13:39:20 - ROBOTY.collision - WARNING - Коллизия: роботы 3 и 7 в 8.70s, расстояние: 0.496, требуется: 0.500
2025-09-26 13:39:20 - ROBOTY.collision - WARNING - Коллизия: роботы 3 и 7 в 8.80s, расстояние: 0.496, требуется: 0.500
2025-09-26 13:39:20 - ROBOTY.collision - WARNING - Коллизия: роботы 3 и 7 в 8.90s, расстояние: 0.496, требуется: 0.500
2025-09-26 13:39:20 - ROBOTY.collision - WARNING - Коллизия: роботы 3 и 7 в 9.00s, расстояние: 0.496, требуется: 0.500
2025-09-26 13:39:20 - ROBOTY.collision - WARNING - Коллизия: роботы 4 и 10 в 9.00s, расстояние: 0.475, требуется: 0.500
2025-09-26 13:39:20 - ROBOTY.collision - WARNING - Коллизия: роботы 3 и 7 в 9.10s, расстояние: 0.496, требуется: 0.500
2025-09-26 13:39:20 - ROBOTY.collision - WARNING - Коллизия: роботы 4 и 10 в 9.10s, расстояние: 0.475, требуется: 0.500
2025-09-26 13:39:20 - ROBOTY.collision - WARNING - Коллизия: роботы 3 и 7 в 9.20s, расстояние: 0.496, требуется: 0.500
2025-09-26 13:39:20 - ROBOTY.collision - WARNING - Коллизия: роботы 4 и 10 в 9.20s, расстояние: 0.475, требуется: 0.500
2025-09-26 13:39:20 - ROBOTY.collision - WARNING - Коллизия: роботы 3 и 7 в 9.30s, расстояние: 0.496, требуется: 0.500
2025-09-26 13:39:20 - ROBOTY.collision - WARNING - Коллизия: роботы 4 и 10 в 9.30s, расстояние: 0.475, требуется: 0.500
2025-09-26 13:39:20 - ROBOTY.collision - WARNING - Коллизия: роботы 3 и 7 в 9.40s, расстояние: 0.496, требуется: 0.500
2025-09-26 13:39:20 - ROBOTY.collision - WARNING - Коллизия: роботы 4 и 10 в 9.40s, расстояние: 0.475, требуется: 0.500
2025-09-26 13:39:20 - ROBOTY.collision - WARNING - Коллизия: роботы 3 и 7 в 9.50s, расстояние: 0.496, требуется: 0.500
2025-09-26 13:39:20 - ROBOTY.collision - WARNING - Коллизия: роботы 4 и 10 в 9.50s, расстояние: 0.475, требуется: 0.500
2025-09-26 13:39:20 - ROBOTY.collision - WARNING - Коллизия: роботы 3 и 7 в 9.60s, расстояние: 0.496, требуется: 0.500
2025-09-26 13:39:20 - ROBOTY.collision - WARNING - Коллизия: роботы 4 и 10 в 9.60s, расстояние: 0.475, требуется: 0.500
2025-09-26 13:39:20 - ROBOTY.collision - WARNING - Коллизия: роботы 3 и 7 в 9.70s, расстояние: 0.496, требуется: 0.500
2025-09-26 13:39:20 - ROBOTY.collision - WARNING - Коллизия: роботы 4 и 10 в 9.70s, расстояние: 0.475, требуется: 0.500
2025-09-26 13:39:20 - ROBOTY.collision - WARNING - Коллизия: роботы 3 и 7 в 9.80s, расстояние: 0.496, требуется: 0.500
2025-09-26 13:39:20 - ROBOTY.collision - WARNING - Коллизия: роботы 4 и 10 в 9.80s, расстояние: 0.475, требуется: 0.500
2025-09-26 13:39:20 - ROBOTY.collision - WARNING - Коллизия: роботы 3 и 7 в 9.90s, расстояние: 0.496, требуется: 0.500
2025-09-26 13:39:20 - ROBOTY.collision - WARNING - Коллизия: роботы 4 и 10 в 9.90s, расстояние: 0.475, требуется: 0.500
2025-09-26 13:39:20 - ROBOTY.collision - WARNING - Коллизия: роботы 3 и 7 в 10.00s, расстояние: 0.496, требуется: 0.500
2025-09-26 13:39:20 - ROBOTY.collision - WARNING - Коллизия: роботы 4 и 10 в 10.00s, расстояние: 0.475, требуется: 0.500
2025-09-26 13:39:20 - ROBOTY.collision - WARNING - Коллизия: роботы 3 и 7 в 10.10s, расстояние: 0.496, требуется: 0.500
2025-09-26 13:39:20 - ROBOTY.collision - WARNING - Коллизия: роботы 4 и 10 в 10.10s, расстояние: 0.475, требуется: 0.500
2025-09-26 13:39:20 - ROBOTY.collision - WARNING - Коллизия: роботы 3 и 7 в 10.20s, расстояние: 0.496, требуется: 0.500
2025-09-26 13:39:20 - ROBOTY.collision - WARNING - Коллизия: роботы 4 и 10 в 10.20s, расстояние: 0.475, требуется: 0.500
2025-09-26 13:39:20 - ROBOTY.collision - WARNING - Коллизия: роботы 3 и 7 в 10.30s, расстояние: 0.496, требуется: 0.500
2025-09-26 13:39:20 - ROBOTY.collision - WARNING - Коллизия: роботы 4 и 10 в 10.30s, расстояние: 0.475, требуется: 0.500
2025-09-26 13:39:20 - ROBOTY.collision - WARNING - Коллизия: роботы 3 и 7 в 10.40s, расстояние: 0.496, требуется: 0.500
2025-09-26 13:39:20 - ROBOTY.collision - WARNING - Коллизия: роботы 4 и 10 в 10.40s, расстояние: 0.475, требуется: 0.500
2025-09-26 13:39:20 - ROBOTY.collision - WARNING - Коллизия: роботы 3 и 7 в 10.50s, расстояние: 0.496, требуется: 0.500
2025-09-26 13:39:20 - ROBOTY.collision - WARNING - Коллизия: роботы 4 и 10 в 10.50s, расстояние: 0.475, требуется: 0.500
2025-09-26 13:39:20 - ROBOTY.collision - WARNING - Коллизия: роботы 3 и 7 в 10.60s, расстояние: 0.496, требуется: 0.500
2025-09-26 13:39:20 - ROBOTY.collision - WARNING - Коллизия: роботы 4 и 10 в 10.60s, расстояние: 0.475, требуется: 0.500
2025-09-26 13:39:20 - ROBOTY.collision - WARNING - Коллизия: роботы 3 и 7 в 10.70s, расстояние: 0.496, требуется: 0.500
2025-09-26 13:39:20 - ROBOTY.collision - WARNING - Коллизия: роботы 4 и 10 в 10.70s, расстояние: 0.475, требуется: 0.500
2025-09-26 13:39:20 - ROBOTY.collision - WARNING - Коллизия: роботы 3 и 7 в 10.80s, расстояние: 0.496, требуется: 0.500
2025-09-26 13:39:20 - ROBOTY.collision - WARNING - Коллизия: роботы 4 и 10 в 10.80s, расстояние: 0.475, требуется: 0.500
2025-09-26 13:39:20 - ROBOTY.collision - WARNING - Коллизия: роботы 3 и 7 в 10.90s, расстояние: 0.496, требуется: 0.500
2025-09-26 13:39:20 - ROBOTY.collision - WARNING - Коллизия: роботы 4 и 10 в 10.90s, расстояние: 0.475, требуется: 0.500
2025-09-26 13:39:20 - ROBOTY.collision - WARNING - Коллизия: роботы 3 и 7 в 11.00s, расстояние: 0.496, требуется: 0.500
2025-09-26 13:39:20 - ROBOTY.collision - WARNING - Коллизия: роботы 4 и 10 в 11.00s, расстояние: 0.475, требуется: 0.500
2025-09-26 13:39:20 - ROBOTY.collision - WARNING - Коллизия: роботы 3 и 7 в 11.10s, расстояние: 0.496, требуется: 0.500
2025-09-26 13:39:20 - ROBOTY.collision - WARNING - Коллизия: роботы 4 и 10 в 11.10s, расстояние: 0.475, требуется: 0.500
2025-09-26 13:39:20 - ROBOTY.collision - WARNING - Коллизия: роботы 3 и 7 в 11.20s, расстояние: 0.496, требуется: 0.500
2025-09-26 13:39:20 - ROBOTY.collision - WARNING - Коллизия: роботы 4 и 10 в 11.20s, расстояние: 0.475, требуется: 0.500
2025-09-26 13:39:20 - ROBOTY.collision - WARNING - Коллизия: роботы 3 и 7 в 11.30s, расстояние: 0.496, требуется: 0.500
2025-09-26 13:39:20 - ROBOTY.collision - WARNING - Коллизия: роботы 4 и 10 в 11.30s, расстояние: 0.475, требуется: 0.500
2025-09-26 13:39:20 - ROBOTY.collision - WARNING - Коллизия: роботы 3 и 7 в 11.40s, расстояние: 0.496, требуется: 0.500
2025-09-26 13:39:20 - ROBOTY.collision - WARNING - Коллизия: роботы 4 и 10 в 11.40s, расстояние: 0.475, требуется: 0.500
2025-09-26 13:39:20 - ROBOTY.collision - WARNING - Коллизия: роботы 3 и 7 в 11.50s, расстояние: 0.496, требуется: 0.500
2025-09-26 13:39:20 - ROBOTY.collision - WARNING - Коллизия: роботы 4 и 10 в 11.50s, расстояние: 0.475, требуется: 0.500
2025-09-26 13:39:20 - ROBOTY.collision - WARNING - Коллизия: роботы 3 и 7 в 11.60s, расстояние: 0.496, требуется: 0.500
2025-09-26 13:39:20 - ROBOTY.collision - WARNING - Коллизия: роботы 4 и 10 в 11.60s, расстояние: 0.475, требуется: 0.500
2025-09-26 13:39:20 - ROBOTY.collision - WARNING - Коллизия: роботы 3 и 7 в 11.70s, расстояние: 0.496, требуется: 0.500
2025-09-26 13:39:20 - ROBOTY.collision - WARNING - Коллизия: роботы 4 и 10 в 11.70s, расстояние: 0.475, требуется: 0.500
2025-09-26 13:39:20 - ROBOTY.collision - WARNING - Коллизия: роботы 3 и 7 в 11.80s, расстояние: 0.496, требуется: 0.500
2025-09-26 13:39:20 - ROBOTY.collision - WARNING - Коллизия: роботы 4 и 10 в 11.80s, расстояние: 0.475, требуется: 0.500
2025-09-26 13:39:20 - ROBOTY.collision - WARNING - Коллизия: роботы 3 и 7 в 11.90s, расстояние: 0.496, требуется: 0.500
2025-09-26 13:39:20 - ROBOTY.collision - WARNING - Коллизия: роботы 4 и 10 в 11.90s, расстояние: 0.475, требуется: 0.500
2025-09-26 13:39:20 - ROBOTY.collision - WARNING - Коллизия: роботы 3 и 7 в 12.00s, расстояние: 0.496, требуется: 0.500
2025-09-26 13:39:20 - ROBOTY.collision - WARNING - Коллизия: роботы 4 и 10 в 12.00s, расстояние: 0.475, требуется: 0.500
2025-09-26 13:39:20 - ROBOTY.collision - WARNING - Коллизия: роботы 3 и 7 в 12.10s, расстояние: 0.496, требуется: 0.500
2025-09-26 13:39:20 - ROBOTY.collision - WARNING - Коллизия: роботы 4 и 10 в 12.10s, расстояние: 0.464, требуется: 0.500
2025-09-26 13:39:20 - ROBOTY.collision - WARNING - Коллизия: роботы 3 и 7 в 12.20s, расстояние: 0.496, требуется: 0.500
2025-09-26 13:39:20 - ROBOTY.collision - WARNING - Коллизия: роботы 4 и 10 в 12.20s, расстояние: 0.497, требуется: 0.500
2025-09-26 13:39:20 - ROBOTY.collision - WARNING - Коллизия: роботы 3 и 7 в 12.30s, расстояние: 0.496, требуется: 0.500
2025-09-26 13:39:20 - ROBOTY.collision - WARNING - Коллизия: роботы 3 и 7 в 12.40s, расстояние: 0.496, требуется: 0.500
2025-09-26 13:39:20 - ROBOTY.collision - WARNING - Коллизия: роботы 3 и 7 в 12.50s, расстояние: 0.496, требуется: 0.500
2025-09-26 13:39:20 - ROBOTY.collision - WARNING - Коллизия: роботы 3 и 7 в 12.60s, расстояние: 0.496, требуется: 0.500
2025-09-26 13:39:20 - ROBOTY.collision - WARNING - Коллизия: роботы 3 и 7 в 12.70s, расстояние: 0.496, требуется: 0.500
2025-09-26 13:39:20 - ROBOTY.collision - WARNING - Коллизия: роботы 3 и 7 в 12.80s, расстояние: 0.496, требуется: 0.500
2025-09-26 13:39:20 - ROBOTY.collision - WARNING - Коллизия: роботы 3 и 7 в 12.90s, расстояние: 0.496, требуется: 0.500
2025-09-26 13:39:20 - ROBOTY.collision - WARNING - Коллизия: роботы 3 и 7 в 13.00s, расстояние: 0.496, требуется: 0.500
2025-09-26 13:39:20 - ROBOTY.collision - WARNING - Коллизия: роботы 3 и 7 в 13.10s, расстояние: 0.496, требуется: 0.500
2025-09-26 13:39:20 - ROBOTY.collision - WARNING - Коллизия: роботы 3 и 7 в 13.20s, расстояние: 0.496, требуется: 0.500
2025-09-26 13:39:20 - ROBOTY.collision - WARNING - Коллизия: роботы 3 и 7 в 13.30s, расстояние: 0.496, требуется: 0.500
2025-09-26 13:39:20 - ROBOTY.collision - WARNING - Коллизия: роботы 3 и 7 в 13.40s, расстояние: 0.496, требуется: 0.500
2025-09-26 13:39:20 - ROBOTY.collision - WARNING - Коллизия: роботы 3 и 7 в 13.50s, расстояние: 0.496, требуется: 0.500
2025-09-26 13:39:20 - ROBOTY.collision - WARNING - Коллизия: роботы 3 и 7 в 13.60s, расстояние: 0.496, требуется: 0.500
2025-09-26 13:39:20 - ROBOTY.collision - WARNING - Коллизия: роботы 3 и 7 в 13.70s, расстояние: 0.496, требуется: 0.500
2025-09-26 13:39:20 - ROBOTY.collision - WARNING - Коллизия: роботы 3 и 7 в 13.80s, расстояние: 0.496, требуется: 0.500
2025-09-26 13:39:20 - ROBOTY.collision - WARNING - Коллизия: роботы 3 и 7 в 13.90s, расстояние: 0.496, требуется: 0.500
2025-09-26 13:39:20 - ROBOTY.collision - WARNING - Коллизия: роботы 3 и 7 в 14.00s, расстояние: 0.496, требуется: 0.500
2025-09-26 13:39:20 - ROBOTY.collision - WARNING - Коллизия: роботы 3 и 7 в 14.10s, расстояние: 0.496, требуется: 0.500
2025-09-26 13:39:20 - ROBOTY.collision - WARNING - Коллизия: роботы 3 и 7 в 14.20s, расстояние: 0.496, требуется: 0.500
2025-09-26 13:39:20 - ROBOTY.collision - WARNING - Коллизия: роботы 3 и 7 в 14.30s, расстояние: 0.496, требуется: 0.500
2025-09-26 13:39:20 - ROBOTY.collision - WARNING - Коллизия: роботы 3 и 7 в 14.40s, расстояние: 0.496, требуется: 0.500
2025-09-26 13:39:20 - ROBOTY.collision - WARNING - Коллизия: роботы 3 и 7 в 14.50s, расстояние: 0.496, требуется: 0.500
2025-09-26 13:39:20 - ROBOTY.collision - WARNING - Коллизия: роботы 3 и 7 в 14.60s, расстояние: 0.496, требуется: 0.500
2025-09-26 13:39:20 - ROBOTY.collision - WARNING - Коллизия: роботы 3 и 7 в 14.70s, расстояние: 0.496, требуется: 0.500
2025-09-26 13:39:20 - ROBOTY.collision - WARNING - Коллизия: роботы 3 и 7 в 14.80s, расстояние: 0.496, требуется: 0.500
2025-09-26 13:39:20 - ROBOTY.collision - WARNING - Коллизия: роботы 3 и 7 в 14.90s, расстояние: 0.496, требуется: 0.500
2025-09-26 13:39:20 - ROBOTY.collision - WARNING - Коллизия: роботы 3 и 7 в 15.00s, расстояние: 0.496, требуется: 0.500
2025-09-26 13:39:20 - ROBOTY.collision - WARNING - Коллизия: роботы 3 и 7 в 15.10s, расстояние: 0.496, требуется: 0.500
2025-09-26 13:39:20 - ROBOTY.collision - WARNING - Коллизия: роботы 3 и 7 в 15.20s, расстояние: 0.496, требуется: 0.500
2025-09-26 13:39:20 - ROBOTY.collision - WARNING - Коллизия: роботы 3 и 7 в 15.30s, расстояние: 0.496, требуется: 0.500
2025-09-26 13:39:20 - ROBOTY.collision - WARNING - Коллизия: роботы 3 и 7 в 15.40s, расстояние: 0.496, требуется: 0.500
2025-09-26 13:39:20 - ROBOTY.collision - WARNING - Коллизия: роботы 3 и 7 в 15.50s, расстояние: 0.496, требуется: 0.500
2025-09-26 13:39:20 - ROBOTY.collision - WARNING - Коллизия: роботы 3 и 7 в 15.60s, расстояние: 0.496, требуется: 0.500
2025-09-26 13:39:20 - ROBOTY.collision - WARNING - Коллизия: роботы 3 и 7 в 15.70s, расстояние: 0.496, требуется: 0.500
2025-09-26 13:39:20 - ROBOTY.collision - WARNING - Коллизия: роботы 3 и 7 в 15.80s, расстояние: 0.496, требуется: 0.500
2025-09-26 13:39:20 - ROBOTY.collision - WARNING - Коллизия: роботы 3 и 7 в 15.90s, расстояние: 0.496, требуется: 0.500
2025-09-26 13:39:20 - ROBOTY.collision - WARNING - Коллизия: роботы 3 и 7 в 16.00s, расстояние: 0.496, требуется: 0.500
2025-09-26 13:39:20 - ROBOTY.collision - WARNING - Коллизия: роботы 3 и 7 в 16.10s, расстояние: 0.496, требуется: 0.500
2025-09-26 13:39:20 - ROBOTY.collision - WARNING - Коллизия: роботы 3 и 7 в 16.20s, расстояние: 0.496, требуется: 0.500
2025-09-26 13:39:20 - ROBOTY.collision - WARNING - Коллизия: роботы 3 и 7 в 16.30s, расстояние: 0.496, требуется: 0.500
2025-09-26 13:39:20 - ROBOTY.collision - WARNING - Коллизия: роботы 3 и 7 в 16.40s, расстояние: 0.496, требуется: 0.500
2025-09-26 13:39:20 - ROBOTY.collision - WARNING - Коллизия: роботы 3 и 7 в 16.50s, расстояние: 0.496, требуется: 0.500
2025-09-26 13:39:20 - ROBOTY.collision - WARNING - Коллизия: роботы 3 и 7 в 16.60s, расстояние: 0.496, требуется: 0.500
2025-09-26 13:39:20 - ROBOTY.collision - WARNING - Коллизия: роботы 3 и 7 в 16.70s, расстояние: 0.496, требуется: 0.500
2025-09-26 13:39:20 - ROBOTY.collision - WARNING - Коллизия: роботы 3 и 7 в 16.80s, расстояние: 0.496, требуется: 0.500
2025-09-26 13:39:20 - ROBOTY.collision - WARNING - Коллизия: роботы 3 и 7 в 16.90s, расстояние: 0.496, требуется: 0.500
2025-09-26 13:39:20 - ROBOTY.collision - WARNING - Коллизия: роботы 3 и 7 в 17.00s, расстояние: 0.496, требуется: 0.500
2025-09-26 13:39:20 - ROBOTY.collision - WARNING - Коллизия: роботы 4 и 8 в 17.00s, расстояние: 0.484, требуется: 0.500
2025-09-26 13:39:20 - ROBOTY.collision - WARNING - Коллизия: роботы 3 и 7 в 17.10s, расстояние: 0.496, требуется: 0.500
2025-09-26 13:39:20 - ROBOTY.collision - WARNING - Коллизия: роботы 3 и 7 в 17.20s, расстояние: 0.496, требуется: 0.500
2025-09-26 13:39:20 - ROBOTY.collision - WARNING - Коллизия: роботы 3 и 7 в 17.30s, расстояние: 0.496, требуется: 0.500
2025-09-26 13:39:20 - ROBOTY.collision - WARNING - Коллизия: роботы 3 и 7 в 17.40s, расстояние: 0.496, требуется: 0.500
2025-09-26 13:39:20 - ROBOTY.collision - WARNING - Коллизия: роботы 3 и 7 в 17.50s, расстояние: 0.496, требуется: 0.500
2025-09-26 13:39:20 - ROBOTY.collision - WARNING - Коллизия: роботы 3 и 7 в 17.60s, расстояние: 0.496, требуется: 0.500
2025-09-26 13:39:20 - ROBOTY.collision - WARNING - Коллизия: роботы 3 и 7 в 17.70s, расстояние: 0.496, требуется: 0.500
2025-09-26 13:39:20 - ROBOTY.collision - WARNING - Коллизия: роботы 3 и 7 в 17.80s, расстояние: 0.496, требуется: 0.500
2025-09-26 13:39:20 - ROBOTY.collision - WARNING - Коллизия: роботы 3 и 7 в 17.90s, расстояние: 0.496, требуется: 0.500
2025-09-26 13:39:20 - ROBOTY.collision - WARNING - Коллизия: роботы 3 и 7 в 18.00s, расстояние: 0.496, требуется: 0.500
2025-09-26 13:39:20 - ROBOTY.collision - WARNING - Коллизия: роботы 3 и 7 в 18.10s, расстояние: 0.496, требуется: 0.500
2025-09-26 13:39:20 - ROBOTY.collision - WARNING - Коллизия: роботы 3 и 7 в 18.20s, расстояние: 0.496, требуется: 0.500
2025-09-26 13:39:20 - ROBOTY.collision - WARNING - Коллизия: роботы 3 и 7 в 18.30s, расстояние: 0.496, требуется: 0.500
2025-09-26 13:39:20 - ROBOTY.collision - WARNING - Коллизия: роботы 3 и 7 в 18.40s, расстояние: 0.496, требуется: 0.500
2025-09-26 13:39:20 - ROBOTY.collision - WARNING - Коллизия: роботы 3 и 7 в 18.50s, расстояние: 0.496, требуется: 0.500
2025-09-26 13:39:20 - ROBOTY.collision - WARNING - Коллизия: роботы 3 и 7 в 18.60s, расстояние: 0.496, требуется: 0.500
2025-09-26 13:39:20 - ROBOTY.collision - WARNING - Коллизия: роботы 3 и 7 в 18.70s, расстояние: 0.496, требуется: 0.500
2025-09-26 13:39:20 - ROBOTY.collision - WARNING - Коллизия: роботы 3 и 7 в 18.80s, расстояние: 0.496, требуется: 0.500
2025-09-26 13:39:20 - ROBOTY.collision - WARNING - Коллизия: роботы 3 и 7 в 18.90s, расстояние: 0.496, требуется: 0.500
2025-09-26 13:39:20 - ROBOTY.collision - WARNING - Коллизия: роботы 3 и 7 в 19.00s, расстояние: 0.496, требуется: 0.500
2025-09-26 13:39:20 - ROBOTY.collision - WARNING - Коллизия: роботы 3 и 7 в 19.10s, расстояние: 0.471, требуется: 0.500
2025-09-26 13:39:20 - ROBOTY.collision - WARNING - Коллизия: роботы 3 и 7 в 19.20s, расстояние: 0.450, требуется: 0.500
2025-09-26 13:39:20 - ROBOTY.collision - WARNING - Коллизия: роботы 3 и 7 в 19.30s, расстояние: 0.435, требуется: 0.500
2025-09-26 13:39:20 - ROBOTY.collision - WARNING - Коллизия: роботы 3 и 7 в 19.40s, расстояние: 0.426, требуется: 0.500
2025-09-26 13:39:20 - ROBOTY.collision - WARNING - Коллизия: роботы 3 и 7 в 19.50s, расстояние: 0.423, требуется: 0.500
2025-09-26 13:39:20 - ROBOTY.collision - WARNING - Коллизия: роботы 3 и 7 в 19.60s, расстояние: 0.428, требуется: 0.500
2025-09-26 13:39:20 - ROBOTY.collision - WARNING - Коллизия: роботы 3 и 7 в 19.70s, расстояние: 0.438, требуется: 0.500
2025-09-26 13:39:20 - ROBOTY.collision - WARNING - Коллизия: роботы 3 и 7 в 19.80s, расстояние: 0.455, требуется: 0.500
2025-09-26 13:39:20 - ROBOTY.collision - WARNING - Коллизия: роботы 3 и 7 в 19.90s, расстояние: 0.477, требуется: 0.500
2025-09-26 13:39:20 - ROBOTY.collision - WARNING - Коллизия: роботы 6 и 9 в 23.80s, расстояние: 0.488, требуется: 0.500
2025-09-26 13:39:20 - ROBOTY.collision - WARNING - Коллизия: роботы 6 и 9 в 23.90s, расстояние: 0.488, требуется: 0.500
2025-09-26 13:39:20 - ROBOTY.collision - WARNING - Коллизия: роботы 6 и 9 в 24.00s, расстояние: 0.488, требуется: 0.500
2025-09-26 13:39:20 - ROBOTY.collision - WARNING - Коллизия: роботы 6 и 9 в 24.10s, расстояние: 0.488, требуется: 0.500
2025-09-26 13:39:20 - ROBOTY.collision - WARNING - Коллизия: роботы 6 и 9 в 24.20s, расстояние: 0.488, требуется: 0.500
2025-09-26 13:39:20 - ROBOTY.collision - WARNING - Коллизия: роботы 6 и 9 в 24.30s, расстояние: 0.488, требуется: 0.500
2025-09-26 13:39:20 - ROBOTY.collision - WARNING - Коллизия: роботы 6 и 9 в 24.40s, расстояние: 0.488, требуется: 0.500
2025-09-26 13:39:20 - ROBOTY.collision - WARNING - Коллизия: роботы 6 и 9 в 24.50s, расстояние: 0.488, требуется: 0.500
2025-09-26 13:39:20 - ROBOTY.collision - WARNING - Коллизия: роботы 6 и 9 в 24.60s, расстояние: 0.488, требуется: 0.500
2025-09-26 13:39:20 - ROBOTY.collision - WARNING - Коллизия: роботы 6 и 9 в 24.70s, расстояние: 0.488, требуется: 0.500
2025-09-26 13:39:20 - ROBOTY.collision - WARNING - Коллизия: роботы 6 и 9 в 24.80s, расстояние: 0.488, требуется: 0.500
2025-09-26 13:39:20 - ROBOTY.collision - WARNING - Коллизия: роботы 6 и 9 в 24.90s, расстояние: 0.488, требуется: 0.500
2025-09-26 13:39:20 - ROBOTY.collision - WARNING - Коллизия: роботы 6 и 9 в 25.00s, расстояние: 0.488, требуется: 0.500
2025-09-26 13:39:20 - ROBOTY.collision - WARNING - Коллизия: роботы 6 и 9 в 25.10s, расстояние: 0.488, требуется: 0.500
2025-09-26 13:39:20 - ROBOTY.collision - WARNING - Коллизия: роботы 6 и 9 в 25.20s, расстояние: 0.488, требуется: 0.500
2025-09-26 13:39:20 - ROBOTY.collision - WARNING - Коллизия: роботы 6 и 9 в 25.30s, расстояние: 0.488, требуется: 0.500
2025-09-26 13:39:20 - ROBOTY.collision - WARNING - Коллизия: роботы 6 и 9 в 25.40s, расстояние: 0.488, требуется: 0.500
2025-09-26 13:39:20 - ROBOTY.collision - WARNING - Коллизия: роботы 6 и 9 в 25.50s, расстояние: 0.488, требуется: 0.500
2025-09-26 13:39:20 - ROBOTY.collision - WARNING - Коллизия: роботы 6 и 9 в 25.60s, расстояние: 0.488, требуется: 0.500
2025-09-26 13:39:20 - ROBOTY.collision - WARNING - Коллизия: роботы 6 и 9 в 25.70s, расстояние: 0.488, требуется: 0.500
2025-09-26 13:39:20 - ROBOTY.collision - WARNING - Коллизия: роботы 6 и 9 в 25.80s, расстояние: 0.488, требуется: 0.500
2025-09-26 13:39:20 - ROBOTY.collision - WARNING - Коллизия: роботы 6 и 9 в 25.90s, расстояние: 0.488, требуется: 0.500
2025-09-26 13:39:20 - ROBOTY.collision - WARNING - Коллизия: роботы 6 и 9 в 26.00s, расстояние: 0.488, требуется: 0.500
2025-09-26 13:39:20 - ROBOTY.collision - WARNING - Коллизия: роботы 6 и 9 в 26.10s, расстояние: 0.488, требуется: 0.500
2025-09-26 13:39:20 - ROBOTY.collision - WARNING - Коллизия: роботы 6 и 9 в 26.20s, расстояние: 0.488, требуется: 0.500
2025-09-26 13:39:20 - ROBOTY.collision - WARNING - Коллизия: роботы 6 и 9 в 26.30s, расстояние: 0.488, требуется: 0.500
2025-09-26 13:39:20 - ROBOTY.collision - WARNING - Коллизия: роботы 6 и 9 в 26.40s, расстояние: 0.488, требуется: 0.500
2025-09-26 13:39:20 - ROBOTY.collision - WARNING - Коллизия: роботы 6 и 9 в 26.50s, расстояние: 0.488, требуется: 0.500
2025-09-26 13:39:20 - ROBOTY.collision - WARNING - Коллизия: роботы 6 и 9 в 26.60s, расстояние: 0.488, требуется: 0.500
2025-09-26 13:39:20 - ROBOTY.collision - WARNING - Коллизия: роботы 6 и 9 в 26.70s, расстояние: 0.488, требуется: 0.500
2025-09-26 13:39:20 - ROBOTY.collision - WARNING - Коллизия: роботы 6 и 9 в 26.80s, расстояние: 0.488, требуется: 0.500
2025-09-26 13:39:20 - ROBOTY.collision - WARNING - Коллизия: роботы 6 и 9 в 26.90s, расстояние: 0.488, требуется: 0.500
2025-09-26 13:39:20 - ROBOTY.collision - WARNING - Коллизия: роботы 6 и 9 в 27.00s, расстояние: 0.488, требуется: 0.500
2025-09-26 13:39:20 - ROBOTY.collision - WARNING - Коллизия: роботы 6 и 9 в 27.10s, расстояние: 0.488, требуется: 0.500
2025-09-26 13:39:20 - ROBOTY.collision - WARNING - Коллизия: роботы 6 и 9 в 27.20s, расстояние: 0.488, требуется: 0.500
2025-09-26 13:39:20 - ROBOTY.collision - WARNING - Коллизия: роботы 6 и 9 в 27.30s, расстояние: 0.488, требуется: 0.500
2025-09-26 13:39:20 - ROBOTY.collision - WARNING - Коллизия: роботы 6 и 9 в 27.40s, расстояние: 0.488, требуется: 0.500
2025-09-26 13:39:20 - ROBOTY.collision - WARNING - Коллизия: роботы 6 и 9 в 27.50s, расстояние: 0.488, требуется: 0.500
2025-09-26 13:39:20 - ROBOTY.collision - WARNING - Коллизия: роботы 6 и 9 в 27.60s, расстояние: 0.488, требуется: 0.500
2025-09-26 13:39:20 - ROBOTY.collision - WARNING - Коллизия: роботы 6 и 9 в 27.70s, расстояние: 0.488, требуется: 0.500
2025-09-26 13:39:20 - ROBOTY.collision - WARNING - Коллизия: роботы 6 и 9 в 27.80s, расстояние: 0.488, требуется: 0.500
2025-09-26 13:39:20 - ROBOTY.collision - WARNING - Коллизия: роботы 6 и 9 в 27.90s, расстояние: 0.488, требуется: 0.500
2025-09-26 13:39:20 - ROBOTY.collision - WARNING - Коллизия: роботы 6 и 9 в 28.00s, расстояние: 0.488, требуется: 0.500
2025-09-26 13:39:20 - ROBOTY.collision - WARNING - Коллизия: роботы 6 и 9 в 28.10s, расстояние: 0.488, требуется: 0.500
2025-09-26 13:39:20 - ROBOTY.collision - WARNING - Коллизия: роботы 6 и 9 в 28.20s, расстояние: 0.488, требуется: 0.500
2025-09-26 13:39:20 - ROBOTY.collision - WARNING - Коллизия: роботы 6 и 9 в 28.30s, расстояние: 0.488, требуется: 0.500
2025-09-26 13:39:20 - ROBOTY.collision - WARNING - Коллизия: роботы 6 и 9 в 28.40s, расстояние: 0.488, требуется: 0.500
2025-09-26 13:39:20 - ROBOTY.collision - WARNING - Коллизия: роботы 6 и 9 в 28.50s, расстояние: 0.488, требуется: 0.500
2025-09-26 13:39:20 - ROBOTY.collision - WARNING - Коллизия: роботы 6 и 9 в 28.60s, расстояние: 0.488, требуется: 0.500
2025-09-26 13:39:20 - ROBOTY.collision - WARNING - Коллизия: роботы 6 и 9 в 28.70s, расстояние: 0.488, требуется: 0.500
2025-09-26 13:39:20 - ROBOTY.collision - WARNING - Коллизия: роботы 6 и 9 в 28.80s, расстояние: 0.488, требуется: 0.500
2025-09-26 13:39:20 - ROBOTY.collision - WARNING - Коллизия: роботы 6 и 9 в 28.90s, расстояние: 0.488, требуется: 0.500
2025-09-26 13:39:20 - ROBOTY.collision - WARNING - Коллизия: роботы 6 и 9 в 29.00s, расстояние: 0.488, требуется: 0.500
2025-09-26 13:39:20 - ROBOTY.collision - WARNING - Коллизия: роботы 6 и 9 в 29.10s, расстояние: 0.488, требуется: 0.500
2025-09-26 13:39:20 - ROBOTY.collision - WARNING - Коллизия: роботы 6 и 9 в 29.20s, расстояние: 0.488, требуется: 0.500
2025-09-26 13:39:20 - ROBOTY.collision - WARNING - Коллизия: роботы 6 и 9 в 29.30s, расстояние: 0.488, требуется: 0.500
2025-09-26 13:39:20 - ROBOTY.collision - WARNING - Коллизия: роботы 6 и 9 в 29.40s, расстояние: 0.488, требуется: 0.500
2025-09-26 13:39:20 - ROBOTY.collision - WARNING - Коллизия: роботы 6 и 9 в 29.50s, расстояние: 0.488, требуется: 0.500
2025-09-26 13:39:20 - ROBOTY.collision - WARNING - Коллизия: роботы 6 и 9 в 29.60s, расстояние: 0.488, требуется: 0.500
2025-09-26 13:39:20 - ROBOTY.collision - WARNING - Коллизия: роботы 6 и 9 в 29.70s, расстояние: 0.488, требуется: 0.500
2025-09-26 13:39:20 - ROBOTY.collision - WARNING - Коллизия: роботы 6 и 9 в 29.80s, расстояние: 0.488, требуется: 0.500
2025-09-26 13:39:20 - ROBOTY.collision - WARNING - Коллизия: роботы 6 и 9 в 29.90s, расстояние: 0.488, требуется: 0.500
2025-09-26 13:39:20 - ROBOTY.collision - WARNING - Коллизия: роботы 6 и 9 в 30.00s, расстояние: 0.488, требуется: 0.500
2025-09-26 13:39:20 - ROBOTY.collision - WARNING - Коллизия: роботы 6 и 9 в 30.10s, расстояние: 0.488, требуется: 0.500
2025-09-26 13:39:20 - ROBOTY.collision - WARNING - Коллизия: роботы 6 и 9 в 30.20s, расстояние: 0.488, требуется: 0.500
2025-09-26 13:39:20 - ROBOTY.collision - WARNING - Коллизия: роботы 6 и 9 в 30.30s, расстояние: 0.488, требуется: 0.500
2025-09-26 13:39:20 - ROBOTY.collision - WARNING - Коллизия: роботы 6 и 9 в 30.40s, расстояние: 0.488, требуется: 0.500
2025-09-26 13:39:20 - ROBOTY.collision - WARNING - Коллизия: роботы 6 и 9 в 30.50s, расстояние: 0.488, требуется: 0.500
2025-09-26 13:39:20 - ROBOTY.collision - WARNING - Коллизия: роботы 6 и 9 в 30.60s, расстояние: 0.488, требуется: 0.500
2025-09-26 13:39:20 - ROBOTY.collision - WARNING - Коллизия: роботы 6 и 9 в 30.70s, расстояние: 0.488, требуется: 0.500
2025-09-26 13:39:20 - ROBOTY.collision - WARNING - Коллизия: роботы 6 и 9 в 30.80s, расстояние: 0.488, требуется: 0.500
2025-09-26 13:39:20 - ROBOTY.collision - WARNING - Коллизия: роботы 6 и 9 в 30.90s, расстояние: 0.488, требуется: 0.500
2025-09-26 13:39:20 - ROBOTY.collision - WARNING - Коллизия: роботы 6 и 9 в 31.00s, расстояние: 0.488, требуется: 0.500
2025-09-26 13:39:20 - ROBOTY.collision - WARNING - Коллизия: роботы 6 и 9 в 31.10s, расстояние: 0.488, требуется: 0.500
2025-09-26 13:39:20 - ROBOTY.collision - WARNING - Коллизия: роботы 6 и 9 в 31.20s, расстояние: 0.488, требуется: 0.500
2025-09-26 13:39:20 - ROBOTY.collision - WARNING - Коллизия: роботы 6 и 9 в 31.30s, расстояние: 0.488, требуется: 0.500
2025-09-26 13:39:20 - ROBOTY.collision - WARNING - Коллизия: роботы 6 и 9 в 31.40s, расстояние: 0.488, требуется: 0.500
2025-09-26 13:39:20 - ROBOTY.collision - WARNING - Коллизия: роботы 6 и 9 в 31.50s, расстояние: 0.488, требуется: 0.500
2025-09-26 13:39:20 - ROBOTY.collision - WARNING - Коллизия: роботы 6 и 9 в 31.60s, расстояние: 0.488, требуется: 0.500
2025-09-26 13:39:20 - ROBOTY.collision - WARNING - Коллизия: роботы 6 и 9 в 31.70s, расстояние: 0.488, требуется: 0.500
2025-09-26 13:39:20 - ROBOTY.collision - WARNING - Коллизия: роботы 6 и 9 в 31.80s, расстояние: 0.488, требуется: 0.500
2025-09-26 13:39:20 - ROBOTY.collision - WARNING - Коллизия: роботы 6 и 9 в 31.90s, расстояние: 0.488, требуется: 0.500
2025-09-26 13:39:20 - ROBOTY.collision - WARNING - Коллизия: роботы 6 и 9 в 32.00s, расстояние: 0.488, требуется: 0.500
2025-09-26 13:39:20 - ROBOTY.collision - WARNING - Коллизия: роботы 4 и 7 в 32.10s, расстояние: 0.332, требуется: 0.500
2025-09-26 13:39:20 - ROBOTY.collision - WARNING - Коллизия: роботы 6 и 9 в 32.10s, расстояние: 0.488, требуется: 0.500
2025-09-26 13:39:20 - ROBOTY.collision - WARNING - Коллизия: роботы 4 и 7 в 32.20s, расстояние: 0.184, требуется: 0.500
2025-09-26 13:39:20 - ROBOTY.collision - WARNING - Коллизия: роботы 6 и 9 в 32.20s, расстояние: 0.488, требуется: 0.500
2025-09-26 13:39:20 - ROBOTY.collision - WARNING - Коллизия: роботы 4 и 7 в 32.30s, расстояние: 0.175, требуется: 0.500
2025-09-26 13:39:20 - ROBOTY.collision - WARNING - Коллизия: роботы 6 и 9 в 32.30s, расстояние: 0.488, требуется: 0.500
2025-09-26 13:39:20 - ROBOTY.collision - WARNING - Коллизия: роботы 4 и 7 в 32.40s, расстояние: 0.317, требуется: 0.500
2025-09-26 13:39:20 - ROBOTY.collision - WARNING - Коллизия: роботы 6 и 9 в 32.40s, расстояние: 0.488, требуется: 0.500
2025-09-26 13:39:20 - ROBOTY.collision - WARNING - Коллизия: роботы 4 и 7 в 32.50s, расстояние: 0.494, требуется: 0.500
2025-09-26 13:39:20 - ROBOTY.collision - WARNING - Коллизия: роботы 6 и 9 в 32.50s, расстояние: 0.488, требуется: 0.500
2025-09-26 13:39:20 - ROBOTY.collision - WARNING - Коллизия: роботы 6 и 9 в 32.60s, расстояние: 0.488, требуется: 0.500
2025-09-26 13:39:20 - ROBOTY.collision - WARNING - Коллизия: роботы 6 и 9 в 32.70s, расстояние: 0.488, требуется: 0.500
2025-09-26 13:39:20 - ROBOTY.collision - WARNING - Коллизия: роботы 6 и 9 в 32.80s, расстояние: 0.488, требуется: 0.500
2025-09-26 13:39:20 - ROBOTY.collision - WARNING - Коллизия: роботы 6 и 9 в 32.90s, расстояние: 0.488, требуется: 0.500
2025-09-26 13:39:20 - ROBOTY.collision - WARNING - Коллизия: роботы 6 и 9 в 33.00s, расстояние: 0.488, требуется: 0.500
2025-09-26 13:39:20 - ROBOTY.collision - WARNING - Коллизия: роботы 6 и 9 в 33.10s, расстояние: 0.488, требуется: 0.500
2025-09-26 13:39:20 - ROBOTY.collision - WARNING - Коллизия: роботы 6 и 9 в 33.20s, расстояние: 0.488, требуется: 0.500
2025-09-26 13:39:20 - ROBOTY.collision - WARNING - Коллизия: роботы 6 и 9 в 33.30s, расстояние: 0.488, требуется: 0.500
2025-09-26 13:39:20 - ROBOTY.collision - WARNING - Коллизия: роботы 6 и 9 в 33.40s, расстояние: 0.488, требуется: 0.500
2025-09-26 13:39:20 - ROBOTY.collision - WARNING - Коллизия: роботы 6 и 9 в 33.50s, расстояние: 0.488, требуется: 0.500
2025-09-26 13:39:20 - ROBOTY.collision - WARNING - Коллизия: роботы 6 и 9 в 33.60s, расстояние: 0.488, требуется: 0.500
2025-09-26 13:39:20 - ROBOTY.collision - WARNING - Коллизия: роботы 6 и 9 в 33.70s, расстояние: 0.488, требуется: 0.500
2025-09-26 13:39:20 - ROBOTY.collision - WARNING - Коллизия: роботы 6 и 9 в 33.80s, расстояние: 0.488, требуется: 0.500
2025-09-26 13:39:20 - ROBOTY.collision - WARNING - Коллизия: роботы 6 и 9 в 33.90s, расстояние: 0.488, требуется: 0.500
2025-09-26 13:39:20 - ROBOTY.collision - WARNING - Коллизия: роботы 6 и 9 в 34.00s, расстояние: 0.488, требуется: 0.500
2025-09-26 13:39:20 - ROBOTY.collision - WARNING - Коллизия: роботы 6 и 9 в 34.10s, расстояние: 0.488, требуется: 0.500
2025-09-26 13:39:20 - ROBOTY.collision - WARNING - Коллизия: роботы 6 и 9 в 34.20s, расстояние: 0.488, требуется: 0.500
2025-09-26 13:39:20 - ROBOTY.collision - WARNING - Коллизия: роботы 6 и 9 в 34.30s, расстояние: 0.488, требуется: 0.500
2025-09-26 13:39:20 - ROBOTY.collision - WARNING - Коллизия: роботы 6 и 9 в 34.40s, расстояние: 0.488, требуется: 0.500
2025-09-26 13:39:20 - ROBOTY.collision - WARNING - Коллизия: роботы 6 и 9 в 34.50s, расстояние: 0.488, требуется: 0.500
2025-09-26 13:39:20 - ROBOTY.collision - WARNING - Коллизия: роботы 6 и 9 в 34.60s, расстояние: 0.449, требуется: 0.500
2025-09-26 13:39:20 - ROBOTY.collision - WARNING - Коллизия: роботы 6 и 9 в 34.70s, расстояние: 0.383, требуется: 0.500
2025-09-26 13:39:20 - ROBOTY.collision - WARNING - Коллизия: роботы 6 и 9 в 34.80s, расстояние: 0.339, требуется: 0.500
2025-09-26 13:39:20 - ROBOTY.collision - WARNING - Коллизия: роботы 6 и 9 в 34.90s, расстояние: 0.324, требуется: 0.500
2025-09-26 13:39:20 - ROBOTY.collision - WARNING - Коллизия: роботы 6 и 9 в 35.00s, расстояние: 0.341, требуется: 0.500
2025-09-26 13:39:20 - ROBOTY.collision - WARNING - Коллизия: роботы 6 и 9 в 35.10s, расстояние: 0.366, требуется: 0.500
2025-09-26 13:39:20 - ROBOTY.collision - WARNING - Коллизия: роботы 6 и 9 в 35.20s, расстояние: 0.402, требуется: 0.500
2025-09-26 13:39:20 - ROBOTY.collision - WARNING - Коллизия: роботы 6 и 9 в 35.30s, расстояние: 0.453, требуется: 0.500
2025-09-26 13:39:20 - ROBOTY.collision - WARNING - Коллизия: роботы 2 и 7 в 35.40s, расстояние: 0.496, требуется: 0.500
2025-09-26 13:39:20 - ROBOTY.collision - WARNING - Коллизия: роботы 6 и 9 в 35.40s, расстояние: 0.498, требуется: 0.500
2025-09-26 13:39:20 - ROBOTY.collision - WARNING - Коллизия: роботы 3 и 10 в 51.90s, расстояние: 0.478, требуется: 0.500
2025-09-26 13:39:20 - ROBOTY.collision - WARNING - Коллизия: роботы 3 и 10 в 52.00s, расстояние: 0.391, требуется: 0.500
2025-09-26 13:39:20 - ROBOTY.collision - WARNING - Коллизия: роботы 3 и 10 в 52.10s, расстояние: 0.304, требуется: 0.500
2025-09-26 13:39:20 - ROBOTY.collision - WARNING - Коллизия: роботы 3 и 10 в 52.20s, расстояние: 0.221, требуется: 0.500
2025-09-26 13:39:20 - ROBOTY.collision - WARNING - Коллизия: роботы 3 и 10 в 52.30s, расстояние: 0.146, требуется: 0.500
2025-09-26 13:39:20 - ROBOTY.collision - WARNING - Коллизия: роботы 3 и 10 в 52.40s, расстояние: 0.099, требуется: 0.500
2025-09-26 13:39:20 - ROBOTY.collision - WARNING - Коллизия: роботы 3 и 10 в 52.50s, расстояние: 0.121, требуется: 0.500
2025-09-26 13:39:20 - ROBOTY.collision - WARNING - Коллизия: роботы 3 и 10 в 52.60s, расстояние: 0.189, требуется: 0.500
2025-09-26 13:39:20 - ROBOTY.collision - WARNING - Коллизия: роботы 3 и 10 в 52.70s, расстояние: 0.270, требуется: 0.500
2025-09-26 13:39:20 - ROBOTY.collision - WARNING - Коллизия: роботы 3 и 10 в 52.80s, расстояние: 0.355, требуется: 0.500
2025-09-26 13:39:20 - ROBOTY.collision - WARNING - Коллизия: роботы 3 и 10 в 52.90s, расстояние: 0.443, требуется: 0.500
2025-09-26 13:39:20 - ROBOTY.collision - ERROR - Обнаружено 298 коллизий
2025-09-26 13:39:20 - ROBOTY.main - WARNING - Коллизии сохраняются после вставки пауз
2025-09-26 13:39:22 - ROBOTY.main - INFO - Открытие визуализатора
2025-09-26 13:39:33 - ROBOTY.main - INFO - Визуализация успешно завершена
2025-09-26 13:39:33 - ROBOTY.visualizer - INFO - Запуск визуализации типа: 3d_anim
2025-09-26 13:39:33 - ROBOTY.visualizer - INFO - Создание 3D анимации траекторий
2025-09-26 13:39:33 - ROBOTY.visualizer - INFO - Создание 3D визуализации траекторий
2025-09-26 13:39:33 - ROBOTY.visualizer - INFO - 3D визуализация создана
