2025-09-23 16:22:37 - ROBOTY.main - INFO - Запуск приложения ROBOTY
2025-09-23 16:22:37 - ROBOTY.main - INFO - Применена тема: light
2025-09-23 16:22:37 - ROBOTY.main - INFO - Интерфейс инициализирован
2025-09-23 16:22:38 - ROBOTY.main - INFO - Приложение успешно запущено
2025-09-23 16:22:43 - ROBOTY.main - INFO - Применена тема: dark
2025-09-23 16:22:43 - ROBOTY.main - INFO - Переключение темы: dark -> dark
2025-09-23 16:22:44 - ROBOTY.main - INFO - Начинаем загрузку файла
2025-09-23 16:23:07 - ROBOTY.main - INFO - Загружаем файл: C:/Users/22200490/.cursor/ROBOTY/data/example_schedule2.json
2025-09-23 16:23:07 - ROBOTY.parser - INFO - Начинаем загрузку файла: C:/Users/22200490/.cursor/ROBOTY/data/example_schedule2.json
2025-09-23 16:23:07 - ROBOTY.parser - INFO - Файл C:/Users/22200490/.cursor/ROBOTY/data/example_schedule2.json успешно загружен
2025-09-23 16:23:07 - ROBOTY.parser - DEBUG - Робот 1 успешно загружен
2025-09-23 16:23:07 - ROBOTY.parser - DEBUG - Робот 2 успешно загружен
2025-09-23 16:23:07 - ROBOTY.parser - DEBUG - Робот 3 успешно загружен
2025-09-23 16:23:07 - ROBOTY.parser - DEBUG - Робот 4 успешно загружен
2025-09-23 16:23:07 - ROBOTY.parser - DEBUG - Робот 5 успешно загружен
2025-09-23 16:23:07 - ROBOTY.parser - DEBUG - Робот 6 успешно загружен
2025-09-23 16:23:07 - ROBOTY.parser - DEBUG - Робот 7 успешно загружен
2025-09-23 16:23:07 - ROBOTY.parser - DEBUG - Робот 8 успешно загружен
2025-09-23 16:23:07 - ROBOTY.parser - DEBUG - Робот 9 успешно загружен
2025-09-23 16:23:07 - ROBOTY.parser - DEBUG - Робот 10 успешно загружен
2025-09-23 16:23:07 - ROBOTY.parser - DEBUG - Операция 101 успешно загружена
2025-09-23 16:23:07 - ROBOTY.parser - DEBUG - Операция 102 успешно загружена
2025-09-23 16:23:07 - ROBOTY.parser - INFO - Загружено 10 роботов и 2 операций
2025-09-23 16:23:07 - ROBOTY.main - INFO - Файл успешно загружен и распарсен
2025-09-23 16:23:09 - ROBOTY.main - INFO - Запуск планировщика
2025-09-23 16:23:09 - ROBOTY.planner - INFO - Запуск планировщика траекторий
2025-09-23 16:23:09 - ROBOTY.assigner - INFO - Начинаем назначение операций методом: balanced
2025-09-23 16:23:09 - ROBOTY.assigner - WARNING - Операций (2) меньше или равно количеству роботов (10)
2025-09-23 16:23:09 - ROBOTY.assigner - DEBUG - Операция 0 назначена роботу 0 (принудительное назначение)
2025-09-23 16:23:09 - ROBOTY.assigner - DEBUG - Операция 1 назначена роботу 1 (принудительное назначение)
2025-09-23 16:23:09 - ROBOTY.planner - INFO - Операции назначены методом: balanced
2025-09-23 16:23:09 - ROBOTY.planner - INFO - Планирование траектории для робота 1 (ID: 1) с 1 операциями
2025-09-23 16:23:09 - ROBOTY.planner - DEBUG - Планирование траектории для робота с 1 операциями
2025-09-23 16:23:09 - ROBOTY.planner - DEBUG - Операция 1 запланирована, время завершения: 4.97
2025-09-23 16:23:09 - ROBOTY.planner - INFO - Траектория робота запланирована, общее время: 4.97
2025-09-23 16:23:09 - ROBOTY.planner - INFO - Робот 1: траектория содержит 22 точек
2025-09-23 16:23:09 - ROBOTY.planner - INFO - Планирование траектории для робота 2 (ID: 2) с 1 операциями
2025-09-23 16:23:09 - ROBOTY.planner - DEBUG - Планирование траектории для робота с 1 операциями
2025-09-23 16:23:09 - ROBOTY.planner - DEBUG - Операция 1 запланирована, время завершения: 2.98
2025-09-23 16:23:09 - ROBOTY.planner - INFO - Траектория робота запланирована, общее время: 2.98
2025-09-23 16:23:09 - ROBOTY.planner - INFO - Робот 2: траектория содержит 12 точек
2025-09-23 16:23:09 - ROBOTY.planner - INFO - Планирование траектории для робота 3 (ID: 3) с 0 операциями
2025-09-23 16:23:09 - ROBOTY.planner - WARNING - Робот 3 (ID: 3) не получил операций - создаем статическую траекторию
2025-09-23 16:23:09 - ROBOTY.planner - INFO - Робот 3: траектория содержит 1 точек
2025-09-23 16:23:09 - ROBOTY.planner - INFO - Планирование траектории для робота 4 (ID: 4) с 0 операциями
2025-09-23 16:23:09 - ROBOTY.planner - WARNING - Робот 4 (ID: 4) не получил операций - создаем статическую траекторию
2025-09-23 16:23:09 - ROBOTY.planner - INFO - Робот 4: траектория содержит 1 точек
2025-09-23 16:23:09 - ROBOTY.planner - INFO - Планирование траектории для робота 5 (ID: 5) с 0 операциями
2025-09-23 16:23:09 - ROBOTY.planner - WARNING - Робот 5 (ID: 5) не получил операций - создаем статическую траекторию
2025-09-23 16:23:09 - ROBOTY.planner - INFO - Робот 5: траектория содержит 1 точек
2025-09-23 16:23:09 - ROBOTY.planner - INFO - Планирование траектории для робота 6 (ID: 6) с 0 операциями
2025-09-23 16:23:09 - ROBOTY.planner - WARNING - Робот 6 (ID: 6) не получил операций - создаем статическую траекторию
2025-09-23 16:23:09 - ROBOTY.planner - INFO - Робот 6: траектория содержит 1 точек
2025-09-23 16:23:09 - ROBOTY.planner - INFO - Планирование траектории для робота 7 (ID: 7) с 0 операциями
2025-09-23 16:23:09 - ROBOTY.planner - WARNING - Робот 7 (ID: 7) не получил операций - создаем статическую траекторию
2025-09-23 16:23:09 - ROBOTY.planner - INFO - Робот 7: траектория содержит 1 точек
2025-09-23 16:23:09 - ROBOTY.planner - INFO - Планирование траектории для робота 8 (ID: 8) с 0 операциями
2025-09-23 16:23:09 - ROBOTY.planner - WARNING - Робот 8 (ID: 8) не получил операций - создаем статическую траекторию
2025-09-23 16:23:09 - ROBOTY.planner - INFO - Робот 8: траектория содержит 1 точек
2025-09-23 16:23:09 - ROBOTY.planner - INFO - Планирование траектории для робота 9 (ID: 9) с 0 операциями
2025-09-23 16:23:09 - ROBOTY.planner - WARNING - Робот 9 (ID: 9) не получил операций - создаем статическую траекторию
2025-09-23 16:23:09 - ROBOTY.planner - INFO - Робот 9: траектория содержит 1 точек
2025-09-23 16:23:09 - ROBOTY.planner - INFO - Планирование траектории для робота 10 (ID: 10) с 0 операциями
2025-09-23 16:23:09 - ROBOTY.planner - WARNING - Робот 10 (ID: 10) не получил операций - создаем статическую траекторию
2025-09-23 16:23:09 - ROBOTY.planner - INFO - Робот 10: траектория содержит 1 точек
2025-09-23 16:23:09 - ROBOTY.planner - INFO - Планирование завершено. Makespan: 4.97
2025-09-23 16:23:09 - ROBOTY.main - INFO - Планировщик успешно завершил работу
2025-09-23 16:23:09 - ROBOTY.collision - INFO - Начинаем детальную проверку коллизий
2025-09-23 16:23:09 - ROBOTY.collision - DEBUG - Проверяем коллизии в диапазоне времени: 0.00 - 4.97
2025-09-23 16:23:09 - ROBOTY.collision - WARNING - Коллизия: роботы 1 и 8 в 2.40s, расстояние: 0.126, требуется: 0.200
2025-09-23 16:23:09 - ROBOTY.collision - WARNING - Коллизия: роботы 1 и 8 в 2.50s, расстояние: 0.065, требуется: 0.200
2025-09-23 16:23:09 - ROBOTY.collision - WARNING - Коллизия: роботы 1 и 8 в 2.60s, расстояние: 0.037, требуется: 0.200
2025-09-23 16:23:09 - ROBOTY.collision - WARNING - Коллизия: роботы 1 и 8 в 2.70s, расстояние: 0.010, требуется: 0.200
2025-09-23 16:23:09 - ROBOTY.collision - WARNING - Коллизия: роботы 1 и 8 в 2.80s, расстояние: 0.014, требуется: 0.200
2025-09-23 16:23:09 - ROBOTY.collision - WARNING - Коллизия: роботы 1 и 8 в 2.90s, расстояние: 0.037, требуется: 0.200
2025-09-23 16:23:09 - ROBOTY.collision - WARNING - Коллизия: роботы 1 и 8 в 3.00s, расстояние: 0.077, требуется: 0.200
2025-09-23 16:23:09 - ROBOTY.collision - WARNING - Коллизия: роботы 1 и 8 в 3.10s, расстояние: 0.144, требуется: 0.200
2025-09-23 16:23:09 - ROBOTY.collision - ERROR - Обнаружено 8 коллизий
2025-09-23 16:23:09 - ROBOTY.main - WARNING - Обнаружено 8 коллизий, применяем онлайн-безопасность
2025-09-23 16:23:09 - ROBOTY.safety - INFO - Применяем онлайн-безопасность: вставка пауз при коллизиях
2025-09-23 16:23:09 - ROBOTY.collision - INFO - Начинаем детальную проверку коллизий
2025-09-23 16:23:09 - ROBOTY.collision - DEBUG - Проверяем коллизии в диапазоне времени: 0.00 - 4.97
2025-09-23 16:23:09 - ROBOTY.collision - WARNING - Коллизия: роботы 1 и 8 в 2.35s, расстояние: 0.166, требуется: 0.200
2025-09-23 16:23:09 - ROBOTY.collision - WARNING - Коллизия: роботы 1 и 8 в 2.40s, расстояние: 0.126, требуется: 0.200
2025-09-23 16:23:09 - ROBOTY.collision - WARNING - Коллизия: роботы 1 и 8 в 2.45s, расстояние: 0.085, требуется: 0.200
2025-09-23 16:23:09 - ROBOTY.collision - WARNING - Коллизия: роботы 1 и 8 в 2.50s, расстояние: 0.065, требуется: 0.200
2025-09-23 16:23:09 - ROBOTY.collision - WARNING - Коллизия: роботы 1 и 8 в 2.55s, расстояние: 0.051, требуется: 0.200
2025-09-23 16:23:09 - ROBOTY.collision - WARNING - Коллизия: роботы 1 и 8 в 2.60s, расстояние: 0.037, требуется: 0.200
2025-09-23 16:23:09 - ROBOTY.collision - WARNING - Коллизия: роботы 1 и 8 в 2.65s, расстояние: 0.024, требуется: 0.200
2025-09-23 16:23:09 - ROBOTY.collision - WARNING - Коллизия: роботы 1 и 8 в 2.70s, расстояние: 0.010, требуется: 0.200
2025-09-23 16:23:09 - ROBOTY.collision - WARNING - Коллизия: роботы 1 и 8 в 2.75s, расстояние: 0.003, требуется: 0.200
2025-09-23 16:23:09 - ROBOTY.collision - WARNING - Коллизия: роботы 1 и 8 в 2.80s, расстояние: 0.014, требуется: 0.200
2025-09-23 16:23:09 - ROBOTY.collision - WARNING - Коллизия: роботы 1 и 8 в 2.85s, расстояние: 0.025, требуется: 0.200
2025-09-23 16:23:09 - ROBOTY.collision - WARNING - Коллизия: роботы 1 и 8 в 2.90s, расстояние: 0.037, требуется: 0.200
2025-09-23 16:23:09 - ROBOTY.collision - WARNING - Коллизия: роботы 1 и 8 в 2.95s, расстояние: 0.048, требуется: 0.200
2025-09-23 16:23:09 - ROBOTY.collision - WARNING - Коллизия: роботы 1 и 8 в 3.00s, расстояние: 0.077, требуется: 0.200
2025-09-23 16:23:09 - ROBOTY.collision - WARNING - Коллизия: роботы 1 и 8 в 3.05s, расстояние: 0.111, требуется: 0.200
2025-09-23 16:23:09 - ROBOTY.collision - WARNING - Коллизия: роботы 1 и 8 в 3.10s, расстояние: 0.144, требуется: 0.200
2025-09-23 16:23:09 - ROBOTY.collision - WARNING - Коллизия: роботы 1 и 8 в 3.15s, расстояние: 0.178, требуется: 0.200
2025-09-23 16:23:09 - ROBOTY.collision - ERROR - Обнаружено 17 коллизий
2025-09-23 16:23:09 - ROBOTY.safety - DEBUG - Добавлена пауза 0.60s роботу 1 в t=2.35s
2025-09-23 16:23:09 - ROBOTY.safety - DEBUG - Добавлена пауза 0.60s роботу 8 в t=2.35s
2025-09-23 16:23:09 - ROBOTY.safety - DEBUG - Добавлена пауза 0.60s роботу 1 в t=2.40s
2025-09-23 16:23:09 - ROBOTY.safety - DEBUG - Добавлена пауза 0.60s роботу 8 в t=2.40s
2025-09-23 16:23:09 - ROBOTY.safety - DEBUG - Добавлена пауза 0.60s роботу 1 в t=2.45s
2025-09-23 16:23:09 - ROBOTY.safety - DEBUG - Добавлена пауза 0.60s роботу 8 в t=2.45s
2025-09-23 16:23:09 - ROBOTY.safety - DEBUG - Добавлена пауза 0.60s роботу 1 в t=2.50s
2025-09-23 16:23:09 - ROBOTY.safety - DEBUG - Добавлена пауза 0.60s роботу 8 в t=2.50s
2025-09-23 16:23:09 - ROBOTY.safety - DEBUG - Добавлена пауза 0.60s роботу 1 в t=2.55s
2025-09-23 16:23:09 - ROBOTY.safety - DEBUG - Добавлена пауза 0.60s роботу 8 в t=2.55s
2025-09-23 16:23:09 - ROBOTY.safety - DEBUG - Добавлена пауза 0.60s роботу 1 в t=2.60s
2025-09-23 16:23:09 - ROBOTY.safety - DEBUG - Добавлена пауза 0.60s роботу 8 в t=2.60s
2025-09-23 16:23:09 - ROBOTY.safety - DEBUG - Добавлена пауза 0.60s роботу 1 в t=2.65s
2025-09-23 16:23:09 - ROBOTY.safety - DEBUG - Добавлена пауза 0.60s роботу 8 в t=2.65s
2025-09-23 16:23:09 - ROBOTY.safety - DEBUG - Добавлена пауза 0.60s роботу 1 в t=2.70s
2025-09-23 16:23:09 - ROBOTY.safety - DEBUG - Добавлена пауза 0.60s роботу 8 в t=2.70s
2025-09-23 16:23:09 - ROBOTY.safety - DEBUG - Добавлена пауза 0.60s роботу 1 в t=2.75s
2025-09-23 16:23:09 - ROBOTY.safety - DEBUG - Добавлена пауза 0.60s роботу 8 в t=2.75s
2025-09-23 16:23:09 - ROBOTY.safety - DEBUG - Добавлена пауза 0.60s роботу 1 в t=2.80s
2025-09-23 16:23:09 - ROBOTY.safety - DEBUG - Добавлена пауза 0.60s роботу 8 в t=2.80s
2025-09-23 16:23:09 - ROBOTY.safety - DEBUG - Добавлена пауза 0.60s роботу 1 в t=2.85s
2025-09-23 16:23:09 - ROBOTY.safety - DEBUG - Добавлена пауза 0.60s роботу 8 в t=2.85s
2025-09-23 16:23:09 - ROBOTY.safety - DEBUG - Добавлена пауза 0.60s роботу 1 в t=2.90s
2025-09-23 16:23:09 - ROBOTY.safety - DEBUG - Добавлена пауза 0.60s роботу 8 в t=2.90s
2025-09-23 16:23:09 - ROBOTY.safety - DEBUG - Добавлена пауза 0.60s роботу 1 в t=2.95s
2025-09-23 16:23:09 - ROBOTY.safety - DEBUG - Добавлена пауза 0.60s роботу 8 в t=2.95s
2025-09-23 16:23:09 - ROBOTY.safety - DEBUG - Добавлена пауза 0.60s роботу 1 в t=3.00s
2025-09-23 16:23:09 - ROBOTY.safety - DEBUG - Добавлена пауза 0.60s роботу 8 в t=3.00s
2025-09-23 16:23:09 - ROBOTY.safety - DEBUG - Добавлена пауза 0.60s роботу 1 в t=3.05s
2025-09-23 16:23:09 - ROBOTY.safety - DEBUG - Добавлена пауза 0.60s роботу 8 в t=3.05s
2025-09-23 16:23:09 - ROBOTY.safety - DEBUG - Добавлена пауза 0.60s роботу 1 в t=3.10s
2025-09-23 16:23:09 - ROBOTY.safety - DEBUG - Добавлена пауза 0.60s роботу 8 в t=3.10s
2025-09-23 16:23:09 - ROBOTY.safety - DEBUG - Добавлена пауза 0.60s роботу 1 в t=3.15s
2025-09-23 16:23:09 - ROBOTY.safety - DEBUG - Добавлена пауза 0.60s роботу 8 в t=3.15s
2025-09-23 16:23:09 - ROBOTY.safety - INFO - Онлайн-безопасность применена: паузы вставлены
2025-09-23 16:23:09 - ROBOTY.collision - INFO - Начинаем детальную проверку коллизий
2025-09-23 16:23:09 - ROBOTY.collision - DEBUG - Проверяем коллизии в диапазоне времени: 0.00 - 15.17
2025-09-23 16:23:09 - ROBOTY.collision - WARNING - Коллизия: роботы 1 и 8 в 2.40s, расстояние: 0.166, требуется: 0.200
2025-09-23 16:23:09 - ROBOTY.collision - WARNING - Коллизия: роботы 1 и 8 в 2.50s, расстояние: 0.166, требуется: 0.200
2025-09-23 16:23:09 - ROBOTY.collision - WARNING - Коллизия: роботы 1 и 8 в 2.60s, расстояние: 0.166, требуется: 0.200
2025-09-23 16:23:09 - ROBOTY.collision - WARNING - Коллизия: роботы 1 и 8 в 2.70s, расстояние: 0.166, требуется: 0.200
2025-09-23 16:23:09 - ROBOTY.collision - WARNING - Коллизия: роботы 1 и 8 в 2.80s, расстояние: 0.166, требуется: 0.200
2025-09-23 16:23:09 - ROBOTY.collision - WARNING - Коллизия: роботы 1 и 8 в 2.90s, расстояние: 0.166, требуется: 0.200
2025-09-23 16:23:09 - ROBOTY.collision - WARNING - Коллизия: роботы 1 и 8 в 3.00s, расстояние: 0.166, требуется: 0.200
2025-09-23 16:23:09 - ROBOTY.collision - WARNING - Коллизия: роботы 1 и 8 в 3.10s, расстояние: 0.166, требуется: 0.200
2025-09-23 16:23:09 - ROBOTY.collision - WARNING - Коллизия: роботы 1 и 8 в 3.20s, расстояние: 0.166, требуется: 0.200
2025-09-23 16:23:09 - ROBOTY.collision - WARNING - Коллизия: роботы 1 и 8 в 3.30s, расстояние: 0.166, требуется: 0.200
2025-09-23 16:23:09 - ROBOTY.collision - WARNING - Коллизия: роботы 1 и 8 в 3.40s, расстояние: 0.166, требуется: 0.200
2025-09-23 16:23:09 - ROBOTY.collision - WARNING - Коллизия: роботы 1 и 8 в 3.50s, расстояние: 0.166, требуется: 0.200
2025-09-23 16:23:09 - ROBOTY.collision - WARNING - Коллизия: роботы 1 и 8 в 3.60s, расстояние: 0.166, требуется: 0.200
2025-09-23 16:23:09 - ROBOTY.collision - WARNING - Коллизия: роботы 1 и 8 в 3.70s, расстояние: 0.166, требуется: 0.200
2025-09-23 16:23:09 - ROBOTY.collision - WARNING - Коллизия: роботы 1 и 8 в 3.80s, расстояние: 0.166, требуется: 0.200
2025-09-23 16:23:09 - ROBOTY.collision - WARNING - Коллизия: роботы 1 и 8 в 3.90s, расстояние: 0.166, требуется: 0.200
2025-09-23 16:23:09 - ROBOTY.collision - WARNING - Коллизия: роботы 1 и 8 в 4.00s, расстояние: 0.166, требуется: 0.200
2025-09-23 16:23:09 - ROBOTY.collision - WARNING - Коллизия: роботы 1 и 8 в 4.10s, расстояние: 0.166, требуется: 0.200
2025-09-23 16:23:09 - ROBOTY.collision - WARNING - Коллизия: роботы 1 и 8 в 4.20s, расстояние: 0.166, требуется: 0.200
2025-09-23 16:23:09 - ROBOTY.collision - WARNING - Коллизия: роботы 1 и 8 в 4.30s, расстояние: 0.166, требуется: 0.200
2025-09-23 16:23:09 - ROBOTY.collision - WARNING - Коллизия: роботы 1 и 8 в 4.40s, расстояние: 0.166, требуется: 0.200
2025-09-23 16:23:09 - ROBOTY.collision - WARNING - Коллизия: роботы 1 и 8 в 4.50s, расстояние: 0.166, требуется: 0.200
2025-09-23 16:23:09 - ROBOTY.collision - WARNING - Коллизия: роботы 1 и 8 в 4.60s, расстояние: 0.166, требуется: 0.200
2025-09-23 16:23:09 - ROBOTY.collision - WARNING - Коллизия: роботы 1 и 8 в 4.70s, расстояние: 0.166, требуется: 0.200
2025-09-23 16:23:09 - ROBOTY.collision - WARNING - Коллизия: роботы 1 и 8 в 4.80s, расстояние: 0.166, требуется: 0.200
2025-09-23 16:23:09 - ROBOTY.collision - WARNING - Коллизия: роботы 1 и 8 в 4.90s, расстояние: 0.166, требуется: 0.200
2025-09-23 16:23:09 - ROBOTY.collision - WARNING - Коллизия: роботы 1 и 8 в 5.00s, расстояние: 0.166, требуется: 0.200
2025-09-23 16:23:09 - ROBOTY.collision - WARNING - Коллизия: роботы 1 и 8 в 5.10s, расстояние: 0.166, требуется: 0.200
2025-09-23 16:23:09 - ROBOTY.collision - WARNING - Коллизия: роботы 1 и 8 в 5.20s, расстояние: 0.166, требуется: 0.200
2025-09-23 16:23:09 - ROBOTY.collision - WARNING - Коллизия: роботы 1 и 8 в 5.30s, расстояние: 0.166, требуется: 0.200
2025-09-23 16:23:09 - ROBOTY.collision - WARNING - Коллизия: роботы 1 и 8 в 5.40s, расстояние: 0.166, требуется: 0.200
2025-09-23 16:23:09 - ROBOTY.collision - WARNING - Коллизия: роботы 1 и 8 в 5.50s, расстояние: 0.166, требуется: 0.200
2025-09-23 16:23:09 - ROBOTY.collision - WARNING - Коллизия: роботы 1 и 8 в 5.60s, расстояние: 0.166, требуется: 0.200
2025-09-23 16:23:09 - ROBOTY.collision - WARNING - Коллизия: роботы 1 и 8 в 5.70s, расстояние: 0.166, требуется: 0.200
2025-09-23 16:23:09 - ROBOTY.collision - WARNING - Коллизия: роботы 1 и 8 в 5.80s, расстояние: 0.166, требуется: 0.200
2025-09-23 16:23:09 - ROBOTY.collision - WARNING - Коллизия: роботы 1 и 8 в 5.90s, расстояние: 0.166, требуется: 0.200
2025-09-23 16:23:09 - ROBOTY.collision - WARNING - Коллизия: роботы 1 и 8 в 6.00s, расстояние: 0.166, требуется: 0.200
2025-09-23 16:23:09 - ROBOTY.collision - WARNING - Коллизия: роботы 1 и 8 в 6.10s, расстояние: 0.166, требуется: 0.200
2025-09-23 16:23:09 - ROBOTY.collision - WARNING - Коллизия: роботы 1 и 8 в 6.20s, расстояние: 0.166, требуется: 0.200
2025-09-23 16:23:09 - ROBOTY.collision - WARNING - Коллизия: роботы 1 и 8 в 6.30s, расстояние: 0.166, требуется: 0.200
2025-09-23 16:23:09 - ROBOTY.collision - WARNING - Коллизия: роботы 1 и 8 в 6.40s, расстояние: 0.166, требуется: 0.200
2025-09-23 16:23:09 - ROBOTY.collision - WARNING - Коллизия: роботы 1 и 8 в 6.50s, расстояние: 0.166, требуется: 0.200
2025-09-23 16:23:09 - ROBOTY.collision - WARNING - Коллизия: роботы 1 и 8 в 6.60s, расстояние: 0.166, требуется: 0.200
2025-09-23 16:23:09 - ROBOTY.collision - WARNING - Коллизия: роботы 1 и 8 в 6.70s, расстояние: 0.166, требуется: 0.200
2025-09-23 16:23:09 - ROBOTY.collision - WARNING - Коллизия: роботы 1 и 8 в 6.80s, расстояние: 0.166, требуется: 0.200
2025-09-23 16:23:09 - ROBOTY.collision - WARNING - Коллизия: роботы 1 и 8 в 6.90s, расстояние: 0.166, требуется: 0.200
2025-09-23 16:23:09 - ROBOTY.collision - WARNING - Коллизия: роботы 1 и 8 в 7.00s, расстояние: 0.166, требуется: 0.200
2025-09-23 16:23:09 - ROBOTY.collision - WARNING - Коллизия: роботы 1 и 8 в 7.10s, расстояние: 0.166, требуется: 0.200
2025-09-23 16:23:09 - ROBOTY.collision - WARNING - Коллизия: роботы 1 и 8 в 7.20s, расстояние: 0.166, требуется: 0.200
2025-09-23 16:23:09 - ROBOTY.collision - WARNING - Коллизия: роботы 1 и 8 в 7.30s, расстояние: 0.166, требуется: 0.200
2025-09-23 16:23:09 - ROBOTY.collision - WARNING - Коллизия: роботы 1 и 8 в 7.40s, расстояние: 0.166, требуется: 0.200
2025-09-23 16:23:09 - ROBOTY.collision - WARNING - Коллизия: роботы 1 и 8 в 7.50s, расстояние: 0.166, требуется: 0.200
2025-09-23 16:23:09 - ROBOTY.collision - WARNING - Коллизия: роботы 1 и 8 в 7.60s, расстояние: 0.166, требуется: 0.200
2025-09-23 16:23:09 - ROBOTY.collision - WARNING - Коллизия: роботы 1 и 8 в 7.70s, расстояние: 0.166, требуется: 0.200
2025-09-23 16:23:09 - ROBOTY.collision - WARNING - Коллизия: роботы 1 и 8 в 7.80s, расстояние: 0.166, требуется: 0.200
2025-09-23 16:23:09 - ROBOTY.collision - WARNING - Коллизия: роботы 1 и 8 в 7.90s, расстояние: 0.166, требуется: 0.200
2025-09-23 16:23:09 - ROBOTY.collision - WARNING - Коллизия: роботы 1 и 8 в 8.00s, расстояние: 0.166, требуется: 0.200
2025-09-23 16:23:09 - ROBOTY.collision - WARNING - Коллизия: роботы 1 и 8 в 8.10s, расстояние: 0.166, требуется: 0.200
2025-09-23 16:23:09 - ROBOTY.collision - WARNING - Коллизия: роботы 1 и 8 в 8.20s, расстояние: 0.166, требуется: 0.200
2025-09-23 16:23:09 - ROBOTY.collision - WARNING - Коллизия: роботы 1 и 8 в 8.30s, расстояние: 0.166, требуется: 0.200
2025-09-23 16:23:09 - ROBOTY.collision - WARNING - Коллизия: роботы 1 и 8 в 8.40s, расстояние: 0.166, требуется: 0.200
2025-09-23 16:23:09 - ROBOTY.collision - WARNING - Коллизия: роботы 1 и 8 в 8.50s, расстояние: 0.166, требуется: 0.200
2025-09-23 16:23:09 - ROBOTY.collision - WARNING - Коллизия: роботы 1 и 8 в 8.60s, расстояние: 0.166, требуется: 0.200
2025-09-23 16:23:09 - ROBOTY.collision - WARNING - Коллизия: роботы 1 и 8 в 8.70s, расстояние: 0.166, требуется: 0.200
2025-09-23 16:23:09 - ROBOTY.collision - WARNING - Коллизия: роботы 1 и 8 в 8.80s, расстояние: 0.166, требуется: 0.200
2025-09-23 16:23:09 - ROBOTY.collision - WARNING - Коллизия: роботы 1 и 8 в 8.90s, расстояние: 0.166, требуется: 0.200
2025-09-23 16:23:09 - ROBOTY.collision - WARNING - Коллизия: роботы 1 и 8 в 9.00s, расстояние: 0.166, требуется: 0.200
2025-09-23 16:23:09 - ROBOTY.collision - WARNING - Коллизия: роботы 1 и 8 в 9.10s, расстояние: 0.166, требуется: 0.200
2025-09-23 16:23:09 - ROBOTY.collision - WARNING - Коллизия: роботы 1 и 8 в 9.20s, расстояние: 0.166, требуется: 0.200
2025-09-23 16:23:09 - ROBOTY.collision - WARNING - Коллизия: роботы 1 и 8 в 9.30s, расстояние: 0.166, требуется: 0.200
2025-09-23 16:23:09 - ROBOTY.collision - WARNING - Коллизия: роботы 1 и 8 в 9.40s, расстояние: 0.166, требуется: 0.200
2025-09-23 16:23:09 - ROBOTY.collision - WARNING - Коллизия: роботы 1 и 8 в 9.50s, расстояние: 0.166, требуется: 0.200
2025-09-23 16:23:09 - ROBOTY.collision - WARNING - Коллизия: роботы 1 и 8 в 9.60s, расстояние: 0.166, требуется: 0.200
2025-09-23 16:23:09 - ROBOTY.collision - WARNING - Коллизия: роботы 1 и 8 в 9.70s, расстояние: 0.166, требуется: 0.200
2025-09-23 16:23:09 - ROBOTY.collision - WARNING - Коллизия: роботы 1 и 8 в 9.80s, расстояние: 0.166, требуется: 0.200
2025-09-23 16:23:09 - ROBOTY.collision - WARNING - Коллизия: роботы 1 и 8 в 9.90s, расстояние: 0.166, требуется: 0.200
2025-09-23 16:23:09 - ROBOTY.collision - WARNING - Коллизия: роботы 1 и 8 в 10.00s, расстояние: 0.166, требуется: 0.200
2025-09-23 16:23:09 - ROBOTY.collision - WARNING - Коллизия: роботы 1 и 8 в 10.10s, расстояние: 0.166, требуется: 0.200
2025-09-23 16:23:09 - ROBOTY.collision - WARNING - Коллизия: роботы 1 и 8 в 10.20s, расстояние: 0.166, требуется: 0.200
2025-09-23 16:23:09 - ROBOTY.collision - WARNING - Коллизия: роботы 1 и 8 в 10.30s, расстояние: 0.166, требуется: 0.200
2025-09-23 16:23:09 - ROBOTY.collision - WARNING - Коллизия: роботы 1 и 8 в 10.40s, расстояние: 0.166, требуется: 0.200
2025-09-23 16:23:09 - ROBOTY.collision - WARNING - Коллизия: роботы 1 и 8 в 10.50s, расстояние: 0.166, требуется: 0.200
2025-09-23 16:23:09 - ROBOTY.collision - WARNING - Коллизия: роботы 1 и 8 в 10.60s, расстояние: 0.166, требуется: 0.200
2025-09-23 16:23:09 - ROBOTY.collision - WARNING - Коллизия: роботы 1 и 8 в 10.70s, расстояние: 0.166, требуется: 0.200
2025-09-23 16:23:09 - ROBOTY.collision - WARNING - Коллизия: роботы 1 и 8 в 10.80s, расстояние: 0.166, требуется: 0.200
2025-09-23 16:23:09 - ROBOTY.collision - WARNING - Коллизия: роботы 1 и 8 в 10.90s, расстояние: 0.166, требуется: 0.200
2025-09-23 16:23:09 - ROBOTY.collision - WARNING - Коллизия: роботы 1 и 8 в 11.00s, расстояние: 0.166, требуется: 0.200
2025-09-23 16:23:09 - ROBOTY.collision - WARNING - Коллизия: роботы 1 и 8 в 11.10s, расстояние: 0.166, требуется: 0.200
2025-09-23 16:23:09 - ROBOTY.collision - WARNING - Коллизия: роботы 1 и 8 в 11.20s, расстояние: 0.166, требуется: 0.200
2025-09-23 16:23:09 - ROBOTY.collision - WARNING - Коллизия: роботы 1 и 8 в 11.30s, расстояние: 0.166, требуется: 0.200
2025-09-23 16:23:09 - ROBOTY.collision - WARNING - Коллизия: роботы 1 и 8 в 11.40s, расстояние: 0.166, требуется: 0.200
2025-09-23 16:23:09 - ROBOTY.collision - WARNING - Коллизия: роботы 1 и 8 в 11.50s, расстояние: 0.166, требуется: 0.200
2025-09-23 16:23:09 - ROBOTY.collision - WARNING - Коллизия: роботы 1 и 8 в 11.60s, расстояние: 0.166, требуется: 0.200
2025-09-23 16:23:09 - ROBOTY.collision - WARNING - Коллизия: роботы 1 и 8 в 11.70s, расстояние: 0.166, требуется: 0.200
2025-09-23 16:23:09 - ROBOTY.collision - WARNING - Коллизия: роботы 1 и 8 в 11.80s, расстояние: 0.166, требуется: 0.200
2025-09-23 16:23:09 - ROBOTY.collision - WARNING - Коллизия: роботы 1 и 8 в 11.90s, расстояние: 0.166, требуется: 0.200
2025-09-23 16:23:09 - ROBOTY.collision - WARNING - Коллизия: роботы 1 и 8 в 12.00s, расстояние: 0.166, требуется: 0.200
2025-09-23 16:23:09 - ROBOTY.collision - WARNING - Коллизия: роботы 1 и 8 в 12.10s, расстояние: 0.166, требуется: 0.200
2025-09-23 16:23:09 - ROBOTY.collision - WARNING - Коллизия: роботы 1 и 8 в 12.20s, расстояние: 0.166, требуется: 0.200
2025-09-23 16:23:09 - ROBOTY.collision - WARNING - Коллизия: роботы 1 и 8 в 12.30s, расстояние: 0.166, требуется: 0.200
2025-09-23 16:23:09 - ROBOTY.collision - WARNING - Коллизия: роботы 1 и 8 в 12.40s, расстояние: 0.166, требуется: 0.200
2025-09-23 16:23:09 - ROBOTY.collision - WARNING - Коллизия: роботы 1 и 8 в 12.50s, расстояние: 0.166, требуется: 0.200
2025-09-23 16:23:09 - ROBOTY.collision - WARNING - Коллизия: роботы 1 и 8 в 12.60s, расстояние: 0.126, требуется: 0.200
2025-09-23 16:23:09 - ROBOTY.collision - WARNING - Коллизия: роботы 1 и 8 в 12.70s, расстояние: 0.065, требуется: 0.200
2025-09-23 16:23:09 - ROBOTY.collision - WARNING - Коллизия: роботы 1 и 8 в 12.80s, расстояние: 0.037, требуется: 0.200
2025-09-23 16:23:09 - ROBOTY.collision - WARNING - Коллизия: роботы 1 и 8 в 12.90s, расстояние: 0.010, требуется: 0.200
2025-09-23 16:23:09 - ROBOTY.collision - WARNING - Коллизия: роботы 1 и 8 в 13.00s, расстояние: 0.014, требуется: 0.200
2025-09-23 16:23:09 - ROBOTY.collision - WARNING - Коллизия: роботы 1 и 8 в 13.10s, расстояние: 0.037, требуется: 0.200
2025-09-23 16:23:09 - ROBOTY.collision - WARNING - Коллизия: роботы 1 и 8 в 13.20s, расстояние: 0.077, требуется: 0.200
2025-09-23 16:23:09 - ROBOTY.collision - WARNING - Коллизия: роботы 1 и 8 в 13.30s, расстояние: 0.144, требуется: 0.200
2025-09-23 16:23:09 - ROBOTY.collision - ERROR - Обнаружено 110 коллизий
2025-09-23 16:23:09 - ROBOTY.main - WARNING - Коллизии сохраняются после вставки пауз
2025-09-23 16:23:12 - ROBOTY.main - INFO - Открытие визуализатора
2025-09-23 16:23:12 - ROBOTY.visualizer - INFO - Запуск визуализации типа: 3d_anim
2025-09-23 16:23:12 - ROBOTY.visualizer - INFO - Создание 3D анимации траекторий
2025-09-23 16:23:12 - ROBOTY.visualizer - INFO - Создание 3D визуализации траекторий
2025-09-23 16:23:12 - ROBOTY.visualizer - INFO - 3D визуализация создана
2025-09-23 16:23:15 - ROBOTY.visualizer - INFO - Визуализация сохранена в файл: C:\Users\22200490\.cursor\ROBOTY\viz\..\outputs\visualizations\visualization_3d_anim_20250923_162315.html
2025-09-23 16:23:16 - ROBOTY.visualizer - INFO - Визуализация открыта в браузере
2025-09-23 16:23:16 - ROBOTY.main - INFO - Визуализация успешно завершена
