2025-09-27 09:38:23 - ROBOTY.main - INFO - Запуск приложения ROBOTY
2025-09-27 09:38:23 - ROBOTY.main - INFO - Применена тема: dark
2025-09-27 09:38:23 - ROBOTY.main - INFO - Интерфейс инициализирован
2025-09-27 09:38:23 - ROBOTY.main - INFO - Приложение успешно запущено
2025-09-27 09:40:21 - ROBOTY.main - INFO - Создан входной файл: C:\Users\22200490\.cursor\ROBOTY-main\data\input_20250927_094010.json
2025-09-27 09:40:21 - ROBOTY.parser - INFO - Начинаем загрузку файла: C:\Users\22200490\.cursor\ROBOTY-main\data\input_20250927_094010.json
2025-09-27 09:40:21 - ROBOTY.parser - INFO - Файл C:\Users\22200490\.cursor\ROBOTY-main\data\input_20250927_094010.json успешно загружен
2025-09-27 09:40:21 - ROBOTY.parser - DEBUG - Робот 1 успешно загружен
2025-09-27 09:40:21 - ROBOTY.parser - DEBUG - Робот 2 успешно загружен
2025-09-27 09:40:21 - ROBOTY.parser - DEBUG - Операция 1 успешно загружена
2025-09-27 09:40:21 - ROBOTY.parser - DEBUG - Операция 2 успешно загружена
2025-09-27 09:40:21 - ROBOTY.parser - DEBUG - Операция 3 успешно загружена
2025-09-27 09:40:21 - ROBOTY.parser - DEBUG - Операция 4 успешно загружена
2025-09-27 09:40:21 - ROBOTY.parser - DEBUG - Операция 5 успешно загружена
2025-09-27 09:40:21 - ROBOTY.parser - DEBUG - Операция 6 успешно загружена
2025-09-27 09:40:21 - ROBOTY.parser - DEBUG - Операция 7 успешно загружена
2025-09-27 09:40:21 - ROBOTY.parser - DEBUG - Операция 8 успешно загружена
2025-09-27 09:40:21 - ROBOTY.parser - DEBUG - Операция 9 успешно загружена
2025-09-27 09:40:21 - ROBOTY.parser - DEBUG - Операция 10 успешно загружена
2025-09-27 09:40:21 - ROBOTY.parser - DEBUG - Операция 11 успешно загружена
2025-09-27 09:40:21 - ROBOTY.parser - DEBUG - Операция 12 успешно загружена
2025-09-27 09:40:21 - ROBOTY.parser - DEBUG - Операция 13 успешно загружена
2025-09-27 09:40:21 - ROBOTY.parser - DEBUG - Операция 14 успешно загружена
2025-09-27 09:40:21 - ROBOTY.parser - DEBUG - Операция 15 успешно загружена
2025-09-27 09:40:21 - ROBOTY.parser - DEBUG - Операция 16 успешно загружена
2025-09-27 09:40:21 - ROBOTY.parser - DEBUG - Операция 17 успешно загружена
2025-09-27 09:40:21 - ROBOTY.parser - DEBUG - Операция 18 успешно загружена
2025-09-27 09:40:21 - ROBOTY.parser - DEBUG - Операция 19 успешно загружена
2025-09-27 09:40:21 - ROBOTY.parser - DEBUG - Операция 20 успешно загружена
2025-09-27 09:40:21 - ROBOTY.parser - DEBUG - Операция 21 успешно загружена
2025-09-27 09:40:21 - ROBOTY.parser - DEBUG - Операция 22 успешно загружена
2025-09-27 09:40:21 - ROBOTY.parser - DEBUG - Операция 23 успешно загружена
2025-09-27 09:40:21 - ROBOTY.parser - DEBUG - Операция 24 успешно загружена
2025-09-27 09:40:21 - ROBOTY.parser - DEBUG - Операция 25 успешно загружена
2025-09-27 09:40:21 - ROBOTY.parser - DEBUG - Операция 26 успешно загружена
2025-09-27 09:40:21 - ROBOTY.parser - DEBUG - Операция 27 успешно загружена
2025-09-27 09:40:21 - ROBOTY.parser - DEBUG - Операция 28 успешно загружена
2025-09-27 09:40:21 - ROBOTY.parser - DEBUG - Операция 29 успешно загружена
2025-09-27 09:40:21 - ROBOTY.parser - DEBUG - Операция 30 успешно загружена
2025-09-27 09:40:21 - ROBOTY.parser - INFO - Загружено 2 роботов и 30 операций
2025-09-27 09:40:26 - ROBOTY.main - INFO - Запуск планировщика
2025-09-27 09:40:26 - ROBOTY.planner - INFO - Запуск планировщика траекторий
2025-09-27 09:40:26 - ROBOTY.assigner - INFO - Начинаем назначение операций методом: balanced
2025-09-27 09:40:26 - ROBOTY.assigner - DEBUG - Операция 0 назначена роботу 1 (нагрузка: 5.94)
2025-09-27 09:40:26 - ROBOTY.assigner - DEBUG - Операция 1 назначена роботу 0 (нагрузка: 10.26)
2025-09-27 09:40:26 - ROBOTY.assigner - DEBUG - Операция 2 назначена роботу 1 (нагрузка: 13.18)
2025-09-27 09:40:26 - ROBOTY.assigner - DEBUG - Операция 3 назначена роботу 0 (нагрузка: 16.63)
2025-09-27 09:40:26 - ROBOTY.assigner - DEBUG - Операция 4 назначена роботу 1 (нагрузка: 23.96)
2025-09-27 09:40:26 - ROBOTY.assigner - DEBUG - Операция 5 назначена роботу 0 (нагрузка: 24.86)
2025-09-27 09:40:26 - ROBOTY.assigner - DEBUG - Операция 6 назначена роботу 1 (нагрузка: 30.83)
2025-09-27 09:40:26 - ROBOTY.assigner - DEBUG - Операция 7 назначена роботу 0 (нагрузка: 34.30)
2025-09-27 09:40:26 - ROBOTY.assigner - DEBUG - Операция 8 назначена роботу 0 (нагрузка: 42.04)
2025-09-27 09:40:26 - ROBOTY.assigner - DEBUG - Операция 9 назначена роботу 1 (нагрузка: 41.96)
2025-09-27 09:40:26 - ROBOTY.assigner - DEBUG - Операция 10 назначена роботу 1 (нагрузка: 52.01)
2025-09-27 09:40:26 - ROBOTY.assigner - DEBUG - Операция 11 назначена роботу 0 (нагрузка: 54.89)
2025-09-27 09:40:26 - ROBOTY.assigner - DEBUG - Операция 12 назначена роботу 1 (нагрузка: 61.44)
2025-09-27 09:40:26 - ROBOTY.assigner - DEBUG - Операция 13 назначена роботу 0 (нагрузка: 67.47)
2025-09-27 09:40:26 - ROBOTY.assigner - DEBUG - Операция 14 назначена роботу 1 (нагрузка: 69.99)
2025-09-27 09:40:26 - ROBOTY.assigner - DEBUG - Операция 15 назначена роботу 0 (нагрузка: 75.27)
2025-09-27 09:40:26 - ROBOTY.assigner - DEBUG - Операция 16 назначена роботу 1 (нагрузка: 78.66)
2025-09-27 09:40:26 - ROBOTY.assigner - DEBUG - Операция 17 назначена роботу 0 (нагрузка: 81.56)
2025-09-27 09:40:26 - ROBOTY.assigner - DEBUG - Операция 18 назначена роботу 1 (нагрузка: 85.58)
2025-09-27 09:40:26 - ROBOTY.assigner - DEBUG - Операция 19 назначена роботу 1 (нагрузка: 91.81)
2025-09-27 09:40:26 - ROBOTY.assigner - DEBUG - Операция 20 назначена роботу 0 (нагрузка: 90.54)
2025-09-27 09:40:26 - ROBOTY.assigner - DEBUG - Операция 21 назначена роботу 0 (нагрузка: 100.82)
2025-09-27 09:40:26 - ROBOTY.assigner - DEBUG - Операция 22 назначена роботу 1 (нагрузка: 105.57)
2025-09-27 09:40:26 - ROBOTY.assigner - DEBUG - Операция 23 назначена роботу 0 (нагрузка: 106.83)
2025-09-27 09:40:26 - ROBOTY.assigner - DEBUG - Операция 24 назначена роботу 1 (нагрузка: 112.43)
2025-09-27 09:40:26 - ROBOTY.assigner - DEBUG - Операция 25 назначена роботу 0 (нагрузка: 115.56)
2025-09-27 09:40:26 - ROBOTY.assigner - DEBUG - Операция 26 назначена роботу 1 (нагрузка: 118.97)
2025-09-27 09:40:26 - ROBOTY.assigner - DEBUG - Операция 27 назначена роботу 0 (нагрузка: 126.99)
2025-09-27 09:40:26 - ROBOTY.assigner - DEBUG - Операция 28 назначена роботу 1 (нагрузка: 126.74)
2025-09-27 09:40:26 - ROBOTY.assigner - DEBUG - Операция 29 назначена роботу 1 (нагрузка: 139.48)
2025-09-27 09:40:26 - ROBOTY.assigner - INFO - Распределено 30 операций с балансировкой нагрузки
2025-09-27 09:40:26 - ROBOTY.assigner - INFO - Итоговые нагрузки роботов: ['126.99', '139.48']
2025-09-27 09:40:26 - ROBOTY.assigner - INFO - Робот 0: 14 операций, нагрузка 126.99
2025-09-27 09:40:26 - ROBOTY.assigner - INFO - Робот 1: 16 операций, нагрузка 139.48
2025-09-27 09:40:26 - ROBOTY.planner - INFO - Операции назначены методом: balanced
2025-09-27 09:40:26 - ROBOTY.planner - INFO - Планирование траектории для робота 1 (ID: 1) с 14 операциями
2025-09-27 09:40:26 - ROBOTY.planner - DEBUG - Планирование траектории для робота с 14 операциями
2025-09-27 09:40:26 - ROBOTY.planner - DEBUG - Операция 1 запланирована, время завершения: 12.65
2025-09-27 09:40:26 - ROBOTY.planner - DEBUG - Операция 2 запланирована, время завершения: 23.49
2025-09-27 09:40:26 - ROBOTY.planner - DEBUG - Операция 3 запланирована, время завершения: 32.07
2025-09-27 09:40:26 - ROBOTY.planner - DEBUG - Операция 4 запланирована, время завершения: 42.96
2025-09-27 09:40:26 - ROBOTY.planner - DEBUG - Операция 5 запланирована, время завершения: 53.41
2025-09-27 09:40:26 - ROBOTY.planner - DEBUG - Операция 6 запланирована, время завершения: 61.74
2025-09-27 09:40:26 - ROBOTY.planner - DEBUG - Операция 7 запланирована, время завершения: 73.97
2025-09-27 09:40:26 - ROBOTY.planner - DEBUG - Операция 8 запланирована, время завершения: 80.51
2025-09-27 09:40:26 - ROBOTY.planner - DEBUG - Операция 9 запланирована, время завершения: 87.27
2025-09-27 09:40:26 - ROBOTY.planner - DEBUG - Операция 10 запланирована, время завершения: 95.72
2025-09-27 09:40:26 - ROBOTY.planner - DEBUG - Операция 11 запланирована, время завершения: 109.46
2025-09-27 09:40:26 - ROBOTY.planner - DEBUG - Операция 12 запланирована, время завершения: 121.74
2025-09-27 09:40:26 - ROBOTY.planner - DEBUG - Операция 13 запланирована, время завершения: 134.26
2025-09-27 09:40:26 - ROBOTY.planner - DEBUG - Операция 14 запланирована, время завершения: 146.31
2025-09-27 09:40:26 - ROBOTY.planner - INFO - Траектория робота запланирована, общее время: 146.31
2025-09-27 09:40:26 - ROBOTY.planner - INFO - Робот 1: траектория содержит 336 точек
2025-09-27 09:40:26 - ROBOTY.planner - INFO - Планирование траектории для робота 2 (ID: 2) с 16 операциями
2025-09-27 09:40:26 - ROBOTY.planner - DEBUG - Планирование траектории для робота с 16 операциями
2025-09-27 09:40:26 - ROBOTY.planner - DEBUG - Операция 1 запланирована, время завершения: 8.18
2025-09-27 09:40:26 - ROBOTY.planner - DEBUG - Операция 2 запланирована, время завершения: 21.63
2025-09-27 09:40:26 - ROBOTY.planner - DEBUG - Операция 3 запланирована, время завершения: 35.64
2025-09-27 09:40:26 - ROBOTY.planner - DEBUG - Операция 4 запланирована, время завершения: 50.04
2025-09-27 09:40:26 - ROBOTY.planner - DEBUG - Операция 5 запланирована, время завершения: 62.39
2025-09-27 09:40:26 - ROBOTY.planner - DEBUG - Операция 6 запланирована, время завершения: 73.95
2025-09-27 09:40:26 - ROBOTY.planner - DEBUG - Операция 7 запланирована, время завершения: 86.17
2025-09-27 09:40:26 - ROBOTY.planner - DEBUG - Операция 8 запланирована, время завершения: 95.72
2025-09-27 09:40:26 - ROBOTY.planner - DEBUG - Операция 9 запланирована, время завершения: 105.17
2025-09-27 09:40:26 - ROBOTY.planner - DEBUG - Операция 10 запланирована, время завершения: 112.14
2025-09-27 09:40:26 - ROBOTY.planner - DEBUG - Операция 11 запланирована, время завершения: 121.73
2025-09-27 09:40:26 - ROBOTY.planner - DEBUG - Операция 12 запланирована, время завершения: 133.65
2025-09-27 09:40:26 - ROBOTY.planner - DEBUG - Операция 13 запланирована, время завершения: 143.84
2025-09-27 09:40:26 - ROBOTY.planner - DEBUG - Операция 14 запланирована, время завершения: 154.71
2025-09-27 09:40:26 - ROBOTY.planner - DEBUG - Операция 15 запланирована, время завершения: 164.63
2025-09-27 09:40:26 - ROBOTY.planner - DEBUG - Операция 16 запланирована, время завершения: 178.27
2025-09-27 09:40:26 - ROBOTY.planner - INFO - Траектория робота запланирована, общее время: 178.27
2025-09-27 09:40:26 - ROBOTY.planner - INFO - Робот 2: траектория содержит 384 точек
2025-09-27 09:40:26 - ROBOTY.planner - INFO - Планирование завершено. Makespan: 178.27
2025-09-27 09:40:26 - ROBOTY.main - INFO - Планировщик успешно завершил работу
2025-09-27 09:40:26 - ROBOTY.collision - INFO - Начинаем детальную проверку коллизий
2025-09-27 09:40:26 - ROBOTY.collision - DEBUG - Проверяем коллизии в диапазоне времени: 0.00 - 178.27
2025-09-27 09:40:27 - ROBOTY.collision - INFO - Коллизий не обнаружено
2025-09-27 09:40:27 - ROBOTY.main - INFO - Коллизий не обнаружено
2025-09-27 09:40:28 - ROBOTY.main - INFO - Открытие визуализатора
2025-09-27 09:40:28 - ROBOTY.main - INFO - Визуализация успешно завершена
2025-09-27 09:40:28 - ROBOTY.visualizer - INFO - Запуск визуализации типа: 3d
2025-09-27 09:40:28 - ROBOTY.visualizer - INFO - Создание 3D визуализации траекторий
2025-09-27 09:40:28 - ROBOTY.visualizer - INFO - 3D визуализация создана
2025-09-27 09:40:28 - ROBOTY.visualizer - INFO - Визуализация записана во временный файл: C:\Users\22200490\AppData\Local\Temp\tmpmtpzzs4l_viz_3d.html
2025-09-27 09:40:28 - ROBOTY.visualizer - INFO - Визуализация открыта в браузере из временного файла
2025-09-27 09:40:28 - ROBOTY.main - INFO - Визуализация успешно завершена (в фоне, временный файл будет удалён автоматически)
2025-09-27 09:40:38 - ROBOTY.main - INFO - Логи очищены пользователем
2025-09-27 09:40:49 - ROBOTY.main - INFO - Создан входной файл: C:\Users\22200490\.cursor\ROBOTY-main\data\input_20250927_094041.json
2025-09-27 09:40:49 - ROBOTY.parser - INFO - Начинаем загрузку файла: C:\Users\22200490\.cursor\ROBOTY-main\data\input_20250927_094041.json
2025-09-27 09:40:49 - ROBOTY.parser - INFO - Файл C:\Users\22200490\.cursor\ROBOTY-main\data\input_20250927_094041.json успешно загружен
2025-09-27 09:40:49 - ROBOTY.parser - DEBUG - Робот 1 успешно загружен
2025-09-27 09:40:49 - ROBOTY.parser - DEBUG - Робот 2 успешно загружен
2025-09-27 09:40:49 - ROBOTY.parser - DEBUG - Робот 3 успешно загружен
2025-09-27 09:40:49 - ROBOTY.parser - DEBUG - Операция 1 успешно загружена
2025-09-27 09:40:49 - ROBOTY.parser - DEBUG - Операция 2 успешно загружена
2025-09-27 09:40:49 - ROBOTY.parser - DEBUG - Операция 3 успешно загружена
2025-09-27 09:40:49 - ROBOTY.parser - DEBUG - Операция 4 успешно загружена
2025-09-27 09:40:49 - ROBOTY.parser - DEBUG - Операция 5 успешно загружена
2025-09-27 09:40:49 - ROBOTY.parser - DEBUG - Операция 6 успешно загружена
2025-09-27 09:40:49 - ROBOTY.parser - DEBUG - Операция 7 успешно загружена
2025-09-27 09:40:49 - ROBOTY.parser - DEBUG - Операция 8 успешно загружена
2025-09-27 09:40:49 - ROBOTY.parser - DEBUG - Операция 9 успешно загружена
2025-09-27 09:40:49 - ROBOTY.parser - DEBUG - Операция 10 успешно загружена
2025-09-27 09:40:49 - ROBOTY.parser - DEBUG - Операция 11 успешно загружена
2025-09-27 09:40:49 - ROBOTY.parser - DEBUG - Операция 12 успешно загружена
2025-09-27 09:40:49 - ROBOTY.parser - DEBUG - Операция 13 успешно загружена
2025-09-27 09:40:49 - ROBOTY.parser - DEBUG - Операция 14 успешно загружена
2025-09-27 09:40:49 - ROBOTY.parser - DEBUG - Операция 15 успешно загружена
2025-09-27 09:40:49 - ROBOTY.parser - DEBUG - Операция 16 успешно загружена
2025-09-27 09:40:49 - ROBOTY.parser - DEBUG - Операция 17 успешно загружена
2025-09-27 09:40:49 - ROBOTY.parser - DEBUG - Операция 18 успешно загружена
2025-09-27 09:40:49 - ROBOTY.parser - DEBUG - Операция 19 успешно загружена
2025-09-27 09:40:49 - ROBOTY.parser - DEBUG - Операция 20 успешно загружена
2025-09-27 09:40:49 - ROBOTY.parser - DEBUG - Операция 21 успешно загружена
2025-09-27 09:40:49 - ROBOTY.parser - DEBUG - Операция 22 успешно загружена
2025-09-27 09:40:49 - ROBOTY.parser - DEBUG - Операция 23 успешно загружена
2025-09-27 09:40:49 - ROBOTY.parser - DEBUG - Операция 24 успешно загружена
2025-09-27 09:40:49 - ROBOTY.parser - DEBUG - Операция 25 успешно загружена
2025-09-27 09:40:49 - ROBOTY.parser - DEBUG - Операция 26 успешно загружена
2025-09-27 09:40:49 - ROBOTY.parser - DEBUG - Операция 27 успешно загружена
2025-09-27 09:40:49 - ROBOTY.parser - DEBUG - Операция 28 успешно загружена
2025-09-27 09:40:49 - ROBOTY.parser - DEBUG - Операция 29 успешно загружена
2025-09-27 09:40:49 - ROBOTY.parser - DEBUG - Операция 30 успешно загружена
2025-09-27 09:40:49 - ROBOTY.parser - INFO - Загружено 3 роботов и 30 операций
2025-09-27 09:40:56 - ROBOTY.main - INFO - Запуск планировщика
2025-09-27 09:40:56 - ROBOTY.planner - INFO - Запуск планировщика траекторий
2025-09-27 09:40:56 - ROBOTY.assigner - INFO - Начинаем назначение операций методом: balanced
2025-09-27 09:40:56 - ROBOTY.assigner - DEBUG - Операция 0 назначена роботу 0 (нагрузка: 7.50)
2025-09-27 09:40:56 - ROBOTY.assigner - DEBUG - Операция 1 назначена роботу 2 (нагрузка: 5.95)
2025-09-27 09:40:56 - ROBOTY.assigner - DEBUG - Операция 2 назначена роботу 2 (нагрузка: 11.20)
2025-09-27 09:40:56 - ROBOTY.assigner - DEBUG - Операция 3 назначена роботу 1 (нагрузка: 7.68)
2025-09-27 09:40:56 - ROBOTY.assigner - DEBUG - Операция 4 назначена роботу 0 (нагрузка: 17.73)
2025-09-27 09:40:56 - ROBOTY.assigner - DEBUG - Операция 5 назначена роботу 2 (нагрузка: 20.19)
2025-09-27 09:40:56 - ROBOTY.assigner - DEBUG - Операция 6 назначена роботу 1 (нагрузка: 18.44)
2025-09-27 09:40:56 - ROBOTY.assigner - DEBUG - Операция 7 назначена роботу 2 (нагрузка: 28.63)
2025-09-27 09:40:56 - ROBOTY.assigner - DEBUG - Операция 8 назначена роботу 1 (нагрузка: 31.11)
2025-09-27 09:40:56 - ROBOTY.assigner - DEBUG - Операция 9 назначена роботу 0 (нагрузка: 30.97)
2025-09-27 09:40:56 - ROBOTY.assigner - DEBUG - Операция 10 назначена роботу 2 (нагрузка: 34.20)
2025-09-27 09:40:56 - ROBOTY.assigner - DEBUG - Операция 11 назначена роботу 2 (нагрузка: 43.56)
2025-09-27 09:40:56 - ROBOTY.assigner - DEBUG - Операция 12 назначена роботу 1 (нагрузка: 39.45)
2025-09-27 09:40:56 - ROBOTY.assigner - DEBUG - Операция 13 назначена роботу 0 (нагрузка: 44.23)
2025-09-27 09:40:56 - ROBOTY.assigner - DEBUG - Операция 14 назначена роботу 2 (нагрузка: 52.36)
2025-09-27 09:40:56 - ROBOTY.assigner - DEBUG - Операция 15 назначена роботу 1 (нагрузка: 48.89)
2025-09-27 09:40:56 - ROBOTY.assigner - DEBUG - Операция 16 назначена роботу 2 (нагрузка: 56.08)
2025-09-27 09:40:56 - ROBOTY.assigner - DEBUG - Операция 17 назначена роботу 0 (нагрузка: 59.60)
2025-09-27 09:40:56 - ROBOTY.assigner - DEBUG - Операция 18 назначена роботу 1 (нагрузка: 60.39)
2025-09-27 09:40:56 - ROBOTY.assigner - DEBUG - Операция 19 назначена роботу 2 (нагрузка: 63.65)
2025-09-27 09:40:56 - ROBOTY.assigner - DEBUG - Операция 20 назначена роботу 2 (нагрузка: 70.37)
2025-09-27 09:40:56 - ROBOTY.assigner - DEBUG - Операция 21 назначена роботу 0 (нагрузка: 71.76)
2025-09-27 09:40:56 - ROBOTY.assigner - DEBUG - Операция 22 назначена роботу 1 (нагрузка: 77.74)
2025-09-27 09:40:56 - ROBOTY.assigner - DEBUG - Операция 23 назначена роботу 2 (нагрузка: 74.31)
2025-09-27 09:40:56 - ROBOTY.assigner - DEBUG - Операция 24 назначена роботу 0 (нагрузка: 84.27)
2025-09-27 09:40:56 - ROBOTY.assigner - DEBUG - Операция 25 назначена роботу 2 (нагрузка: 85.30)
2025-09-27 09:40:56 - ROBOTY.assigner - DEBUG - Операция 26 назначена роботу 1 (нагрузка: 88.60)
2025-09-27 09:40:56 - ROBOTY.assigner - DEBUG - Операция 27 назначена роботу 2 (нагрузка: 96.90)
2025-09-27 09:40:56 - ROBOTY.assigner - DEBUG - Операция 28 назначена роботу 0 (нагрузка: 93.41)
2025-09-27 09:40:56 - ROBOTY.assigner - DEBUG - Операция 29 назначена роботу 1 (нагрузка: 96.37)
2025-09-27 09:40:56 - ROBOTY.assigner - INFO - Распределено 30 операций с балансировкой нагрузки
2025-09-27 09:40:56 - ROBOTY.assigner - INFO - Итоговые нагрузки роботов: ['93.41', '96.37', '96.90']
2025-09-27 09:40:56 - ROBOTY.assigner - INFO - Робот 0: 8 операций, нагрузка 93.41
2025-09-27 09:40:56 - ROBOTY.assigner - INFO - Робот 1: 9 операций, нагрузка 96.37
2025-09-27 09:40:56 - ROBOTY.assigner - INFO - Робот 2: 13 операций, нагрузка 96.90
2025-09-27 09:40:56 - ROBOTY.planner - INFO - Операции назначены методом: balanced
2025-09-27 09:40:56 - ROBOTY.planner - INFO - Планирование траектории для робота 1 (ID: 1) с 8 операциями
2025-09-27 09:40:56 - ROBOTY.planner - DEBUG - Планирование траектории для робота с 8 операциями
2025-09-27 09:40:56 - ROBOTY.planner - DEBUG - Операция 1 запланирована, время завершения: 9.38
2025-09-27 09:40:56 - ROBOTY.planner - DEBUG - Операция 2 запланирована, время завершения: 18.80
2025-09-27 09:40:56 - ROBOTY.planner - DEBUG - Операция 3 запланирована, время завершения: 32.24
2025-09-27 09:40:56 - ROBOTY.planner - DEBUG - Операция 4 запланирована, время завершения: 41.28
2025-09-27 09:40:56 - ROBOTY.planner - DEBUG - Операция 5 запланирована, время завершения: 55.84
2025-09-27 09:40:56 - ROBOTY.planner - DEBUG - Операция 6 запланирована, время завершения: 77.73
2025-09-27 09:40:56 - ROBOTY.planner - DEBUG - Операция 7 запланирована, время завершения: 94.82
2025-09-27 09:40:56 - ROBOTY.planner - DEBUG - Операция 8 запланирована, время завершения: 102.78
2025-09-27 09:40:56 - ROBOTY.planner - INFO - Траектория робота запланирована, общее время: 102.78
2025-09-27 09:40:56 - ROBOTY.planner - INFO - Робот 1: траектория содержит 192 точек
2025-09-27 09:40:56 - ROBOTY.planner - INFO - Планирование траектории для робота 2 (ID: 2) с 9 операциями
2025-09-27 09:40:56 - ROBOTY.planner - DEBUG - Планирование траектории для робота с 9 операциями
2025-09-27 09:40:56 - ROBOTY.planner - DEBUG - Операция 1 запланирована, время завершения: 10.03
2025-09-27 09:40:56 - ROBOTY.planner - DEBUG - Операция 2 запланирована, время завершения: 20.53
2025-09-27 09:40:56 - ROBOTY.planner - DEBUG - Операция 3 запланирована, время завершения: 31.53
2025-09-27 09:40:56 - ROBOTY.planner - DEBUG - Операция 4 запланирована, время завершения: 44.35
2025-09-27 09:40:56 - ROBOTY.planner - DEBUG - Операция 5 запланирована, время завершения: 56.20
2025-09-27 09:40:56 - ROBOTY.planner - DEBUG - Операция 6 запланирована, время завершения: 67.76
2025-09-27 09:40:56 - ROBOTY.planner - DEBUG - Операция 7 запланирована, время завершения: 85.82
2025-09-27 09:40:56 - ROBOTY.planner - DEBUG - Операция 8 запланирована, время завершения: 95.38
2025-09-27 09:40:56 - ROBOTY.planner - DEBUG - Операция 9 запланирована, время завершения: 111.31
2025-09-27 09:40:56 - ROBOTY.planner - INFO - Траектория робота запланирована, общее время: 111.31
2025-09-27 09:40:56 - ROBOTY.planner - INFO - Робот 2: траектория содержит 216 точек
2025-09-27 09:40:56 - ROBOTY.planner - INFO - Планирование траектории для робота 3 (ID: 3) с 13 операциями
2025-09-27 09:40:56 - ROBOTY.planner - DEBUG - Планирование траектории для робота с 13 операциями
2025-09-27 09:40:56 - ROBOTY.planner - DEBUG - Операция 1 запланирована, время завершения: 8.31
2025-09-27 09:40:56 - ROBOTY.planner - DEBUG - Операция 2 запланирована, время завершения: 17.79
2025-09-27 09:40:56 - ROBOTY.planner - DEBUG - Операция 3 запланирована, время завершения: 29.01
2025-09-27 09:40:56 - ROBOTY.planner - DEBUG - Операция 4 запланирована, время завершения: 40.48
2025-09-27 09:40:56 - ROBOTY.planner - DEBUG - Операция 5 запланирована, время завершения: 50.63
2025-09-27 09:40:56 - ROBOTY.planner - DEBUG - Операция 6 запланирована, время завершения: 62.52
2025-09-27 09:40:56 - ROBOTY.planner - DEBUG - Операция 7 запланирована, время завершения: 77.71
2025-09-27 09:40:56 - ROBOTY.planner - DEBUG - Операция 8 запланирована, время завершения: 89.97
2025-09-27 09:40:56 - ROBOTY.planner - DEBUG - Операция 9 запланирована, время завершения: 99.97
2025-09-27 09:40:56 - ROBOTY.planner - DEBUG - Операция 10 запланирована, время завершения: 109.31
2025-09-27 09:40:56 - ROBOTY.planner - DEBUG - Операция 11 запланирована, время завершения: 119.53
2025-09-27 09:40:56 - ROBOTY.planner - DEBUG - Операция 12 запланирована, время завершения: 133.71
2025-09-27 09:40:56 - ROBOTY.planner - DEBUG - Операция 13 запланирована, время завершения: 148.42
2025-09-27 09:40:56 - ROBOTY.planner - INFO - Траектория робота запланирована, общее время: 148.42
2025-09-27 09:40:56 - ROBOTY.planner - INFO - Робот 3: траектория содержит 312 точек
2025-09-27 09:40:56 - ROBOTY.planner - INFO - Планирование завершено. Makespan: 148.42
2025-09-27 09:40:56 - ROBOTY.main - INFO - Планировщик успешно завершил работу
2025-09-27 09:40:56 - ROBOTY.collision - INFO - Начинаем детальную проверку коллизий
2025-09-27 09:40:56 - ROBOTY.collision - DEBUG - Проверяем коллизии в диапазоне времени: 0.00 - 148.42
2025-09-27 09:40:56 - ROBOTY.collision - WARNING - Коллизия: роботы 1 и 2 в 4.30s, расстояние: 0.492, требуется: 0.500
2025-09-27 09:40:56 - ROBOTY.collision - WARNING - Коллизия: роботы 1 и 2 в 4.40s, расстояние: 0.498, требуется: 0.500
2025-09-27 09:40:56 - ROBOTY.collision - ERROR - Обнаружено 2 коллизий
2025-09-27 09:40:56 - ROBOTY.main - WARNING - Обнаружено 2 коллизий, применяем онлайн-безопасность
2025-09-27 09:40:56 - ROBOTY.safety - INFO - Применяем онлайн-безопасность: вставка пауз при коллизиях
2025-09-27 09:40:56 - ROBOTY.collision - INFO - Начинаем детальную проверку коллизий
2025-09-27 09:40:56 - ROBOTY.collision - DEBUG - Проверяем коллизии в диапазоне времени: 0.00 - 148.42
2025-09-27 09:40:56 - ROBOTY.collision - WARNING - Коллизия: роботы 1 и 2 в 4.25s, расстояние: 0.500, требуется: 0.500
2025-09-27 09:40:56 - ROBOTY.collision - WARNING - Коллизия: роботы 1 и 2 в 4.30s, расстояние: 0.492, требуется: 0.500
2025-09-27 09:40:56 - ROBOTY.collision - WARNING - Коллизия: роботы 1 и 2 в 4.35s, расстояние: 0.491, требуется: 0.500
2025-09-27 09:40:56 - ROBOTY.collision - WARNING - Коллизия: роботы 1 и 2 в 4.40s, расстояние: 0.498, требуется: 0.500
2025-09-27 09:40:57 - ROBOTY.collision - ERROR - Обнаружено 4 коллизий
2025-09-27 09:40:57 - ROBOTY.safety - DEBUG - Добавлена пауза 0.60s роботу 1 в t=4.25s
2025-09-27 09:40:57 - ROBOTY.safety - DEBUG - Добавлена пауза 0.60s роботу 2 в t=4.25s
2025-09-27 09:40:57 - ROBOTY.safety - DEBUG - Добавлена пауза 0.60s роботу 1 в t=4.30s
2025-09-27 09:40:57 - ROBOTY.safety - DEBUG - Добавлена пауза 0.60s роботу 2 в t=4.30s
2025-09-27 09:40:57 - ROBOTY.safety - DEBUG - Добавлена пауза 0.60s роботу 1 в t=4.35s
2025-09-27 09:40:57 - ROBOTY.safety - DEBUG - Добавлена пауза 0.60s роботу 2 в t=4.35s
2025-09-27 09:40:57 - ROBOTY.safety - DEBUG - Добавлена пауза 0.60s роботу 1 в t=4.40s
2025-09-27 09:40:57 - ROBOTY.safety - DEBUG - Добавлена пауза 0.60s роботу 2 в t=4.40s
2025-09-27 09:40:57 - ROBOTY.safety - INFO - Онлайн-безопасность применена: паузы вставлены
2025-09-27 09:40:57 - ROBOTY.collision - INFO - Начинаем детальную проверку коллизий
2025-09-27 09:40:57 - ROBOTY.collision - DEBUG - Проверяем коллизии в диапазоне времени: 0.00 - 148.42
2025-09-27 09:40:57 - ROBOTY.collision - WARNING - Коллизия: роботы 1 и 2 в 4.30s, расстояние: 0.500, требуется: 0.500
2025-09-27 09:40:57 - ROBOTY.collision - WARNING - Коллизия: роботы 1 и 2 в 4.40s, расстояние: 0.500, требуется: 0.500
2025-09-27 09:40:57 - ROBOTY.collision - WARNING - Коллизия: роботы 1 и 2 в 4.50s, расстояние: 0.500, требуется: 0.500
2025-09-27 09:40:57 - ROBOTY.collision - WARNING - Коллизия: роботы 1 и 2 в 4.60s, расстояние: 0.500, требуется: 0.500
2025-09-27 09:40:57 - ROBOTY.collision - WARNING - Коллизия: роботы 1 и 2 в 4.70s, расстояние: 0.500, требуется: 0.500
2025-09-27 09:40:57 - ROBOTY.collision - WARNING - Коллизия: роботы 1 и 2 в 4.80s, расстояние: 0.500, требуется: 0.500
2025-09-27 09:40:57 - ROBOTY.collision - WARNING - Коллизия: роботы 1 и 2 в 4.90s, расстояние: 0.500, требуется: 0.500
2025-09-27 09:40:57 - ROBOTY.collision - WARNING - Коллизия: роботы 1 и 2 в 5.00s, расстояние: 0.500, требуется: 0.500
2025-09-27 09:40:57 - ROBOTY.collision - WARNING - Коллизия: роботы 1 и 2 в 5.10s, расстояние: 0.500, требуется: 0.500
2025-09-27 09:40:57 - ROBOTY.collision - WARNING - Коллизия: роботы 1 и 2 в 5.20s, расстояние: 0.500, требуется: 0.500
2025-09-27 09:40:57 - ROBOTY.collision - WARNING - Коллизия: роботы 1 и 2 в 5.30s, расстояние: 0.500, требуется: 0.500
2025-09-27 09:40:57 - ROBOTY.collision - WARNING - Коллизия: роботы 1 и 2 в 5.40s, расстояние: 0.500, требуется: 0.500
2025-09-27 09:40:57 - ROBOTY.collision - WARNING - Коллизия: роботы 1 и 2 в 5.50s, расстояние: 0.500, требуется: 0.500
2025-09-27 09:40:57 - ROBOTY.collision - WARNING - Коллизия: роботы 1 и 2 в 5.60s, расстояние: 0.500, требуется: 0.500
2025-09-27 09:40:57 - ROBOTY.collision - WARNING - Коллизия: роботы 1 и 2 в 5.70s, расстояние: 0.500, требуется: 0.500
2025-09-27 09:40:57 - ROBOTY.collision - WARNING - Коллизия: роботы 1 и 2 в 5.80s, расстояние: 0.500, требуется: 0.500
2025-09-27 09:40:57 - ROBOTY.collision - WARNING - Коллизия: роботы 1 и 2 в 5.90s, расстояние: 0.500, требуется: 0.500
2025-09-27 09:40:57 - ROBOTY.collision - WARNING - Коллизия: роботы 1 и 2 в 6.00s, расстояние: 0.500, требуется: 0.500
2025-09-27 09:40:57 - ROBOTY.collision - WARNING - Коллизия: роботы 1 и 2 в 6.10s, расстояние: 0.500, требуется: 0.500
2025-09-27 09:40:57 - ROBOTY.collision - WARNING - Коллизия: роботы 1 и 2 в 6.20s, расстояние: 0.500, требуется: 0.500
2025-09-27 09:40:57 - ROBOTY.collision - WARNING - Коллизия: роботы 1 и 2 в 6.30s, расстояние: 0.500, требуется: 0.500
2025-09-27 09:40:57 - ROBOTY.collision - WARNING - Коллизия: роботы 1 и 2 в 6.40s, расстояние: 0.500, требуется: 0.500
2025-09-27 09:40:57 - ROBOTY.collision - WARNING - Коллизия: роботы 1 и 2 в 6.50s, расстояние: 0.500, требуется: 0.500
2025-09-27 09:40:57 - ROBOTY.collision - WARNING - Коллизия: роботы 1 и 2 в 6.60s, расстояние: 0.500, требуется: 0.500
2025-09-27 09:40:57 - ROBOTY.collision - WARNING - Коллизия: роботы 1 и 2 в 6.70s, расстояние: 0.492, требуется: 0.500
2025-09-27 09:40:57 - ROBOTY.collision - WARNING - Коллизия: роботы 1 и 2 в 6.80s, расстояние: 0.498, требуется: 0.500
2025-09-27 09:40:57 - ROBOTY.collision - ERROR - Обнаружено 26 коллизий
2025-09-27 09:40:57 - ROBOTY.main - WARNING - Коллизии сохраняются после вставки пауз
2025-09-27 09:40:57 - ROBOTY.main - INFO - Открытие визуализатора
2025-09-27 09:40:57 - ROBOTY.main - INFO - Визуализация успешно завершена
2025-09-27 09:40:57 - ROBOTY.visualizer - INFO - Запуск визуализации типа: 3d_anim
2025-09-27 09:40:57 - ROBOTY.visualizer - INFO - Создание 3D анимации траекторий
2025-09-27 09:40:57 - ROBOTY.visualizer - INFO - Создание 3D визуализации траекторий
2025-09-27 09:40:57 - ROBOTY.visualizer - INFO - 3D визуализация создана
2025-09-27 09:40:57 - ROBOTY.mesh_loader - INFO - OBJ загружен: 1758706684_68d3bbfcdbb32.obj, вершин=48087, треугольников=96202
2025-09-27 09:41:13 - ROBOTY.visualizer - INFO - Временный файл визуализации удалён: C:\Users\22200490\AppData\Local\Temp\tmpmtpzzs4l_viz_3d.html
