2025-09-24 17:05:37 - ROBOTY.main - INFO - Запуск приложения ROBOTY
2025-09-24 17:05:37 - ROBOTY.main - INFO - Применена тема: light
2025-09-24 17:05:37 - ROBOTY.main - INFO - Интерфейс инициализирован
2025-09-24 17:05:37 - ROBOTY.main - INFO - Приложение успешно запущено
2025-09-24 17:05:57 - ROBOTY.main - INFO - Применена тема: dark
2025-09-24 17:05:57 - ROBOTY.main - INFO - Переключение темы: dark -> dark
2025-09-24 17:06:10 - ROBOTY.main - INFO - Создан входной файл: /Users/maksimchernukha/Documents/ROBOTY/data/input_20250924_170603.json
2025-09-24 17:06:10 - ROBOTY.parser - INFO - Начинаем загрузку файла: /Users/maksimchernukha/Documents/ROBOTY/data/input_20250924_170603.json
2025-09-24 17:06:10 - ROBOTY.parser - INFO - Файл /Users/maksimchernukha/Documents/ROBOTY/data/input_20250924_170603.json успешно загружен
2025-09-24 17:06:10 - ROBOTY.parser - DEBUG - Робот 1 успешно загружен
2025-09-24 17:06:10 - ROBOTY.parser - DEBUG - Робот 2 успешно загружен
2025-09-24 17:06:10 - ROBOTY.parser - DEBUG - Операция 1 успешно загружена
2025-09-24 17:06:10 - ROBOTY.parser - DEBUG - Операция 2 успешно загружена
2025-09-24 17:06:10 - ROBOTY.parser - DEBUG - Операция 3 успешно загружена
2025-09-24 17:06:10 - ROBOTY.parser - DEBUG - Операция 4 успешно загружена
2025-09-24 17:06:10 - ROBOTY.parser - DEBUG - Операция 5 успешно загружена
2025-09-24 17:06:10 - ROBOTY.parser - DEBUG - Операция 6 успешно загружена
2025-09-24 17:06:10 - ROBOTY.parser - DEBUG - Операция 7 успешно загружена
2025-09-24 17:06:10 - ROBOTY.parser - DEBUG - Операция 8 успешно загружена
2025-09-24 17:06:10 - ROBOTY.parser - DEBUG - Операция 9 успешно загружена
2025-09-24 17:06:10 - ROBOTY.parser - DEBUG - Операция 10 успешно загружена
2025-09-24 17:06:10 - ROBOTY.parser - DEBUG - Операция 11 успешно загружена
2025-09-24 17:06:10 - ROBOTY.parser - DEBUG - Операция 12 успешно загружена
2025-09-24 17:06:10 - ROBOTY.parser - DEBUG - Операция 13 успешно загружена
2025-09-24 17:06:10 - ROBOTY.parser - DEBUG - Операция 14 успешно загружена
2025-09-24 17:06:10 - ROBOTY.parser - DEBUG - Операция 15 успешно загружена
2025-09-24 17:06:10 - ROBOTY.parser - DEBUG - Операция 16 успешно загружена
2025-09-24 17:06:10 - ROBOTY.parser - DEBUG - Операция 17 успешно загружена
2025-09-24 17:06:10 - ROBOTY.parser - DEBUG - Операция 18 успешно загружена
2025-09-24 17:06:10 - ROBOTY.parser - DEBUG - Операция 19 успешно загружена
2025-09-24 17:06:10 - ROBOTY.parser - DEBUG - Операция 20 успешно загружена
2025-09-24 17:06:10 - ROBOTY.parser - DEBUG - Операция 21 успешно загружена
2025-09-24 17:06:10 - ROBOTY.parser - DEBUG - Операция 22 успешно загружена
2025-09-24 17:06:10 - ROBOTY.parser - DEBUG - Операция 23 успешно загружена
2025-09-24 17:06:10 - ROBOTY.parser - DEBUG - Операция 24 успешно загружена
2025-09-24 17:06:10 - ROBOTY.parser - DEBUG - Операция 25 успешно загружена
2025-09-24 17:06:10 - ROBOTY.parser - DEBUG - Операция 26 успешно загружена
2025-09-24 17:06:10 - ROBOTY.parser - DEBUG - Операция 27 успешно загружена
2025-09-24 17:06:10 - ROBOTY.parser - DEBUG - Операция 28 успешно загружена
2025-09-24 17:06:10 - ROBOTY.parser - DEBUG - Операция 29 успешно загружена
2025-09-24 17:06:10 - ROBOTY.parser - DEBUG - Операция 30 успешно загружена
2025-09-24 17:06:10 - ROBOTY.parser - INFO - Загружено 2 роботов и 30 операций
2025-09-24 17:06:12 - ROBOTY.main - INFO - Запуск планировщика
2025-09-24 17:06:12 - ROBOTY.planner - INFO - Запуск планировщика траекторий
2025-09-24 17:06:12 - ROBOTY.assigner - INFO - Начинаем назначение операций методом: balanced
2025-09-24 17:06:12 - ROBOTY.assigner - DEBUG - Операция 0 назначена роботу 1 (нагрузка: 16.14)
2025-09-24 17:06:12 - ROBOTY.assigner - DEBUG - Операция 1 назначена роботу 0 (нагрузка: 17.55)
2025-09-24 17:06:12 - ROBOTY.assigner - DEBUG - Операция 2 назначена роботу 1 (нагрузка: 25.99)
2025-09-24 17:06:12 - ROBOTY.assigner - DEBUG - Операция 3 назначена роботу 0 (нагрузка: 31.57)
2025-09-24 17:06:12 - ROBOTY.assigner - DEBUG - Операция 4 назначена роботу 1 (нагрузка: 41.74)
2025-09-24 17:06:12 - ROBOTY.assigner - DEBUG - Операция 5 назначена роботу 0 (нагрузка: 45.38)
2025-09-24 17:06:12 - ROBOTY.assigner - DEBUG - Операция 6 назначена роботу 1 (нагрузка: 63.58)
2025-09-24 17:06:12 - ROBOTY.assigner - DEBUG - Операция 7 назначена роботу 0 (нагрузка: 62.94)
2025-09-24 17:06:12 - ROBOTY.assigner - DEBUG - Операция 8 назначена роботу 1 (нагрузка: 75.29)
2025-09-24 17:06:12 - ROBOTY.assigner - DEBUG - Операция 9 назначена роботу 0 (нагрузка: 90.69)
2025-09-24 17:06:12 - ROBOTY.assigner - DEBUG - Операция 10 назначена роботу 1 (нагрузка: 86.61)
2025-09-24 17:06:12 - ROBOTY.assigner - DEBUG - Операция 11 назначена роботу 1 (нагрузка: 97.48)
2025-09-24 17:06:12 - ROBOTY.assigner - DEBUG - Операция 12 назначена роботу 0 (нагрузка: 106.48)
2025-09-24 17:06:12 - ROBOTY.assigner - DEBUG - Операция 13 назначена роботу 1 (нагрузка: 120.41)
2025-09-24 17:06:12 - ROBOTY.assigner - DEBUG - Операция 14 назначена роботу 0 (нагрузка: 122.51)
2025-09-24 17:06:12 - ROBOTY.assigner - DEBUG - Операция 15 назначена роботу 0 (нагрузка: 131.11)
2025-09-24 17:06:12 - ROBOTY.assigner - DEBUG - Операция 16 назначена роботу 1 (нагрузка: 145.30)
2025-09-24 17:06:12 - ROBOTY.assigner - DEBUG - Операция 17 назначена роботу 0 (нагрузка: 140.10)
2025-09-24 17:06:12 - ROBOTY.assigner - DEBUG - Операция 18 назначена роботу 0 (нагрузка: 159.38)
2025-09-24 17:06:12 - ROBOTY.assigner - DEBUG - Операция 19 назначена роботу 1 (нагрузка: 162.97)
2025-09-24 17:06:12 - ROBOTY.assigner - DEBUG - Операция 20 назначена роботу 0 (нагрузка: 169.59)
2025-09-24 17:06:12 - ROBOTY.assigner - DEBUG - Операция 21 назначена роботу 1 (нагрузка: 181.95)
2025-09-24 17:06:12 - ROBOTY.assigner - DEBUG - Операция 22 назначена роботу 0 (нагрузка: 184.61)
2025-09-24 17:06:12 - ROBOTY.assigner - DEBUG - Операция 23 назначена роботу 1 (нагрузка: 205.40)
2025-09-24 17:06:12 - ROBOTY.assigner - DEBUG - Операция 24 назначена роботу 0 (нагрузка: 195.59)
2025-09-24 17:06:12 - ROBOTY.assigner - DEBUG - Операция 25 назначена роботу 0 (нагрузка: 209.96)
2025-09-24 17:06:12 - ROBOTY.assigner - DEBUG - Операция 26 назначена роботу 1 (нагрузка: 217.16)
2025-09-24 17:06:12 - ROBOTY.assigner - DEBUG - Операция 27 назначена роботу 1 (нагрузка: 224.82)
2025-09-24 17:06:12 - ROBOTY.assigner - DEBUG - Операция 28 назначена роботу 0 (нагрузка: 222.65)
2025-09-24 17:06:12 - ROBOTY.assigner - DEBUG - Операция 29 назначена роботу 0 (нагрузка: 235.50)
2025-09-24 17:06:12 - ROBOTY.assigner - INFO - Распределено 30 операций с балансировкой нагрузки
2025-09-24 17:06:12 - ROBOTY.assigner - INFO - Итоговые нагрузки роботов: ['235.50', '224.82']
2025-09-24 17:06:12 - ROBOTY.assigner - INFO - Робот 0: 16 операций, нагрузка 235.50
2025-09-24 17:06:12 - ROBOTY.assigner - INFO - Робот 1: 14 операций, нагрузка 224.82
2025-09-24 17:06:12 - ROBOTY.planner - INFO - Операции назначены методом: balanced
2025-09-24 17:06:12 - ROBOTY.planner - INFO - Планирование траектории для робота 1 (ID: 1) с 16 операциями
2025-09-24 17:06:12 - ROBOTY.planner - DEBUG - Планирование траектории для робота с 16 операциями
2025-09-24 17:06:12 - ROBOTY.planner - DEBUG - Операция 1 запланирована, время завершения: 18.58
2025-09-24 17:06:12 - ROBOTY.planner - DEBUG - Операция 2 запланирована, время завершения: 35.13
2025-09-24 17:06:12 - ROBOTY.planner - DEBUG - Операция 3 запланирована, время завершения: 52.34
2025-09-24 17:06:12 - ROBOTY.planner - DEBUG - Операция 4 запланирована, время завершения: 72.08
2025-09-24 17:06:12 - ROBOTY.planner - DEBUG - Операция 5 запланирована, время завершения: 94.24
2025-09-24 17:06:12 - ROBOTY.planner - DEBUG - Операция 6 запланирована, время завершения: 108.34
2025-09-24 17:06:12 - ROBOTY.planner - DEBUG - Операция 7 запланирована, время завершения: 122.52
2025-09-24 17:06:12 - ROBOTY.planner - DEBUG - Операция 8 запланирована, время завершения: 138.31
2025-09-24 17:06:12 - ROBOTY.planner - DEBUG - Операция 9 запланирована, время завершения: 151.73
2025-09-24 17:06:12 - ROBOTY.planner - DEBUG - Операция 10 запланирована, время завершения: 170.15
2025-09-24 17:06:12 - ROBOTY.planner - DEBUG - Операция 11 запланирована, время завершения: 184.46
2025-09-24 17:06:12 - ROBOTY.planner - DEBUG - Операция 12 запланирована, время завершения: 197.03
2025-09-24 17:06:12 - ROBOTY.planner - DEBUG - Операция 13 запланирована, время завершения: 214.15
2025-09-24 17:06:12 - ROBOTY.planner - DEBUG - Операция 14 запланирована, время завершения: 226.64
2025-09-24 17:06:12 - ROBOTY.planner - DEBUG - Операция 15 запланирована, время завершения: 234.08
2025-09-24 17:06:12 - ROBOTY.planner - DEBUG - Операция 16 запланирована, время завершения: 252.89
2025-09-24 17:06:12 - ROBOTY.planner - INFO - Траектория робота запланирована, общее время: 252.89
2025-09-24 17:06:12 - ROBOTY.planner - INFO - Робот 1: траектория содержит 384 точек
2025-09-24 17:06:12 - ROBOTY.planner - INFO - Планирование траектории для робота 2 (ID: 2) с 14 операциями
2025-09-24 17:06:12 - ROBOTY.planner - DEBUG - Планирование траектории для робота с 14 операциями
2025-09-24 17:06:12 - ROBOTY.planner - DEBUG - Операция 1 запланирована, время завершения: 17.47
2025-09-24 17:06:12 - ROBOTY.planner - DEBUG - Операция 2 запланирована, время завершения: 29.53
2025-09-24 17:06:12 - ROBOTY.planner - DEBUG - Операция 3 запланирована, время завершения: 41.32
2025-09-24 17:06:12 - ROBOTY.planner - DEBUG - Операция 4 запланирована, время завершения: 61.32
2025-09-24 17:06:12 - ROBOTY.planner - DEBUG - Операция 5 запланирована, время завершения: 79.26
2025-09-24 17:06:12 - ROBOTY.planner - DEBUG - Операция 6 запланирована, время завершения: 95.95
2025-09-24 17:06:12 - ROBOTY.planner - DEBUG - Операция 7 запланирована, время завершения: 107.72
2025-09-24 17:06:12 - ROBOTY.planner - DEBUG - Операция 8 запланирована, время завершения: 124.86
2025-09-24 17:06:12 - ROBOTY.planner - DEBUG - Операция 9 запланирована, время завершения: 145.95
2025-09-24 17:06:12 - ROBOTY.planner - DEBUG - Операция 10 запланирована, время завершения: 164.10
2025-09-24 17:06:12 - ROBOTY.planner - DEBUG - Операция 11 запланирована, время завершения: 183.21
2025-09-24 17:06:12 - ROBOTY.planner - DEBUG - Операция 12 запланирована, время завершения: 201.04
2025-09-24 17:06:12 - ROBOTY.planner - DEBUG - Операция 13 запланирована, время завершения: 214.84
2025-09-24 17:06:12 - ROBOTY.planner - DEBUG - Операция 14 запланирована, время завершения: 229.80
2025-09-24 17:06:12 - ROBOTY.planner - INFO - Траектория робота запланирована, общее время: 229.80
2025-09-24 17:06:12 - ROBOTY.planner - INFO - Робот 2: траектория содержит 336 точек
2025-09-24 17:06:12 - ROBOTY.planner - INFO - Планирование завершено. Makespan: 252.89
2025-09-24 17:06:12 - ROBOTY.main - INFO - Планировщик успешно завершил работу
2025-09-24 17:06:12 - ROBOTY.collision - INFO - Начинаем детальную проверку коллизий
2025-09-24 17:06:12 - ROBOTY.collision - DEBUG - Проверяем коллизии в диапазоне времени: 0.00 - 252.89
2025-09-24 17:06:12 - ROBOTY.collision - WARNING - Коллизия: роботы 1 и 2 в 23.30s, расстояние: 0.353, требуется: 0.500
2025-09-24 17:06:12 - ROBOTY.collision - WARNING - Коллизия: роботы 1 и 2 в 23.40s, расстояние: 0.209, требуется: 0.500
2025-09-24 17:06:12 - ROBOTY.collision - WARNING - Коллизия: роботы 1 и 2 в 23.50s, расстояние: 0.118, требуется: 0.500
2025-09-24 17:06:12 - ROBOTY.collision - WARNING - Коллизия: роботы 1 и 2 в 23.60s, расстояние: 0.187, требуется: 0.500
2025-09-24 17:06:12 - ROBOTY.collision - WARNING - Коллизия: роботы 1 и 2 в 23.70s, расстояние: 0.328, требуется: 0.500
2025-09-24 17:06:12 - ROBOTY.collision - WARNING - Коллизия: роботы 1 и 2 в 23.80s, расстояние: 0.480, требуется: 0.500
2025-09-24 17:06:12 - ROBOTY.collision - WARNING - Коллизия: роботы 1 и 2 в 103.80s, расстояние: 0.482, требуется: 0.500
2025-09-24 17:06:12 - ROBOTY.collision - WARNING - Коллизия: роботы 1 и 2 в 103.90s, расстояние: 0.410, требуется: 0.500
2025-09-24 17:06:12 - ROBOTY.collision - WARNING - Коллизия: роботы 1 и 2 в 104.00s, расстояние: 0.393, требуется: 0.500
2025-09-24 17:06:12 - ROBOTY.collision - WARNING - Коллизия: роботы 1 и 2 в 104.10s, расстояние: 0.435, требуется: 0.500
2025-09-24 17:06:12 - ROBOTY.collision - ERROR - Обнаружено 10 коллизий
2025-09-24 17:06:12 - ROBOTY.main - WARNING - Обнаружено 10 коллизий, применяем онлайн-безопасность
2025-09-24 17:06:12 - ROBOTY.safety - INFO - Применяем онлайн-безопасность: вставка пауз при коллизиях
2025-09-24 17:06:12 - ROBOTY.collision - INFO - Начинаем детальную проверку коллизий
2025-09-24 17:06:12 - ROBOTY.collision - DEBUG - Проверяем коллизии в диапазоне времени: 0.00 - 252.89
2025-09-24 17:06:12 - ROBOTY.collision - WARNING - Коллизия: роботы 1 и 2 в 23.25s, расстояние: 0.429, требуется: 0.500
2025-09-24 17:06:12 - ROBOTY.collision - WARNING - Коллизия: роботы 1 и 2 в 23.30s, расстояние: 0.353, требуется: 0.500
2025-09-24 17:06:12 - ROBOTY.collision - WARNING - Коллизия: роботы 1 и 2 в 23.35s, расстояние: 0.279, требуется: 0.500
2025-09-24 17:06:12 - ROBOTY.collision - WARNING - Коллизия: роботы 1 и 2 в 23.40s, расстояние: 0.209, требуется: 0.500
2025-09-24 17:06:12 - ROBOTY.collision - WARNING - Коллизия: роботы 1 и 2 в 23.45s, расстояние: 0.150, требуется: 0.500
2025-09-24 17:06:12 - ROBOTY.collision - WARNING - Коллизия: роботы 1 и 2 в 23.50s, расстояние: 0.118, требуется: 0.500
2025-09-24 17:06:12 - ROBOTY.collision - WARNING - Коллизия: роботы 1 и 2 в 23.55s, расстояние: 0.135, требуется: 0.500
2025-09-24 17:06:12 - ROBOTY.collision - WARNING - Коллизия: роботы 1 и 2 в 23.60s, расстояние: 0.187, требуется: 0.500
2025-09-24 17:06:12 - ROBOTY.collision - WARNING - Коллизия: роботы 1 и 2 в 23.65s, расстояние: 0.255, требуется: 0.500
2025-09-24 17:06:12 - ROBOTY.collision - WARNING - Коллизия: роботы 1 и 2 в 23.70s, расстояние: 0.328, требуется: 0.500
2025-09-24 17:06:12 - ROBOTY.collision - WARNING - Коллизия: роботы 1 и 2 в 23.75s, расстояние: 0.403, требуется: 0.500
2025-09-24 17:06:12 - ROBOTY.collision - WARNING - Коллизия: роботы 1 и 2 в 23.80s, расстояние: 0.480, требуется: 0.500
2025-09-24 17:06:12 - ROBOTY.collision - WARNING - Коллизия: роботы 1 и 2 в 103.80s, расстояние: 0.482, требуется: 0.500
2025-09-24 17:06:12 - ROBOTY.collision - WARNING - Коллизия: роботы 1 и 2 в 103.85s, расстояние: 0.440, требуется: 0.500
2025-09-24 17:06:12 - ROBOTY.collision - WARNING - Коллизия: роботы 1 и 2 в 103.90s, расстояние: 0.410, требуется: 0.500
2025-09-24 17:06:12 - ROBOTY.collision - WARNING - Коллизия: роботы 1 и 2 в 103.95s, расстояние: 0.394, требуется: 0.500
2025-09-24 17:06:12 - ROBOTY.collision - WARNING - Коллизия: роботы 1 и 2 в 104.00s, расстояние: 0.393, требуется: 0.500
2025-09-24 17:06:12 - ROBOTY.collision - WARNING - Коллизия: роботы 1 и 2 в 104.05s, расстояние: 0.407, требуется: 0.500
2025-09-24 17:06:12 - ROBOTY.collision - WARNING - Коллизия: роботы 1 и 2 в 104.10s, расстояние: 0.435, требуется: 0.500
2025-09-24 17:06:12 - ROBOTY.collision - WARNING - Коллизия: роботы 1 и 2 в 104.15s, расстояние: 0.475, требуется: 0.500
2025-09-24 17:06:12 - ROBOTY.collision - ERROR - Обнаружено 20 коллизий
2025-09-24 17:06:12 - ROBOTY.safety - DEBUG - Добавлена пауза 0.60s роботу 1 в t=23.25s
2025-09-24 17:06:12 - ROBOTY.safety - DEBUG - Добавлена пауза 0.60s роботу 2 в t=23.25s
2025-09-24 17:06:12 - ROBOTY.safety - DEBUG - Добавлена пауза 0.60s роботу 1 в t=23.30s
2025-09-24 17:06:12 - ROBOTY.safety - DEBUG - Добавлена пауза 0.60s роботу 2 в t=23.30s
2025-09-24 17:06:12 - ROBOTY.safety - DEBUG - Добавлена пауза 0.60s роботу 1 в t=23.35s
2025-09-24 17:06:12 - ROBOTY.safety - DEBUG - Добавлена пауза 0.60s роботу 2 в t=23.35s
2025-09-24 17:06:12 - ROBOTY.safety - DEBUG - Добавлена пауза 0.60s роботу 1 в t=23.40s
2025-09-24 17:06:12 - ROBOTY.safety - DEBUG - Добавлена пауза 0.60s роботу 2 в t=23.40s
2025-09-24 17:06:12 - ROBOTY.safety - DEBUG - Добавлена пауза 0.60s роботу 1 в t=23.45s
2025-09-24 17:06:12 - ROBOTY.safety - DEBUG - Добавлена пауза 0.60s роботу 2 в t=23.45s
2025-09-24 17:06:12 - ROBOTY.safety - DEBUG - Добавлена пауза 0.60s роботу 1 в t=23.50s
2025-09-24 17:06:12 - ROBOTY.safety - DEBUG - Добавлена пауза 0.60s роботу 2 в t=23.50s
2025-09-24 17:06:12 - ROBOTY.safety - DEBUG - Добавлена пауза 0.60s роботу 1 в t=23.55s
2025-09-24 17:06:12 - ROBOTY.safety - DEBUG - Добавлена пауза 0.60s роботу 2 в t=23.55s
2025-09-24 17:06:12 - ROBOTY.safety - DEBUG - Добавлена пауза 0.60s роботу 1 в t=23.60s
2025-09-24 17:06:12 - ROBOTY.safety - DEBUG - Добавлена пауза 0.60s роботу 2 в t=23.60s
2025-09-24 17:06:12 - ROBOTY.safety - DEBUG - Добавлена пауза 0.60s роботу 1 в t=23.65s
2025-09-24 17:06:12 - ROBOTY.safety - DEBUG - Добавлена пауза 0.60s роботу 2 в t=23.65s
2025-09-24 17:06:12 - ROBOTY.safety - DEBUG - Добавлена пауза 0.60s роботу 1 в t=23.70s
2025-09-24 17:06:12 - ROBOTY.safety - DEBUG - Добавлена пауза 0.60s роботу 2 в t=23.70s
2025-09-24 17:06:12 - ROBOTY.safety - DEBUG - Добавлена пауза 0.60s роботу 1 в t=23.75s
2025-09-24 17:06:12 - ROBOTY.safety - DEBUG - Добавлена пауза 0.60s роботу 2 в t=23.75s
2025-09-24 17:06:12 - ROBOTY.safety - DEBUG - Добавлена пауза 0.60s роботу 1 в t=23.80s
2025-09-24 17:06:12 - ROBOTY.safety - DEBUG - Добавлена пауза 0.60s роботу 2 в t=23.80s
2025-09-24 17:06:12 - ROBOTY.safety - DEBUG - Добавлена пауза 0.60s роботу 1 в t=103.80s
2025-09-24 17:06:12 - ROBOTY.safety - DEBUG - Добавлена пауза 0.60s роботу 2 в t=103.80s
2025-09-24 17:06:12 - ROBOTY.safety - DEBUG - Добавлена пауза 0.60s роботу 1 в t=103.85s
2025-09-24 17:06:12 - ROBOTY.safety - DEBUG - Добавлена пауза 0.60s роботу 2 в t=103.85s
2025-09-24 17:06:12 - ROBOTY.safety - DEBUG - Добавлена пауза 0.60s роботу 1 в t=103.90s
2025-09-24 17:06:12 - ROBOTY.safety - DEBUG - Добавлена пауза 0.60s роботу 2 в t=103.90s
2025-09-24 17:06:12 - ROBOTY.safety - DEBUG - Добавлена пауза 0.60s роботу 1 в t=103.95s
2025-09-24 17:06:12 - ROBOTY.safety - DEBUG - Добавлена пауза 0.60s роботу 2 в t=103.95s
2025-09-24 17:06:12 - ROBOTY.safety - DEBUG - Добавлена пауза 0.60s роботу 1 в t=104.00s
2025-09-24 17:06:12 - ROBOTY.safety - DEBUG - Добавлена пауза 0.60s роботу 2 в t=104.00s
2025-09-24 17:06:12 - ROBOTY.safety - DEBUG - Добавлена пауза 0.60s роботу 1 в t=104.05s
2025-09-24 17:06:12 - ROBOTY.safety - DEBUG - Добавлена пауза 0.60s роботу 2 в t=104.05s
2025-09-24 17:06:12 - ROBOTY.safety - DEBUG - Добавлена пауза 0.60s роботу 1 в t=104.10s
2025-09-24 17:06:12 - ROBOTY.safety - DEBUG - Добавлена пауза 0.60s роботу 2 в t=104.10s
2025-09-24 17:06:12 - ROBOTY.safety - DEBUG - Добавлена пауза 0.60s роботу 1 в t=104.15s
2025-09-24 17:06:12 - ROBOTY.safety - DEBUG - Добавлена пауза 0.60s роботу 2 в t=104.15s
2025-09-24 17:06:12 - ROBOTY.safety - INFO - Онлайн-безопасность применена: паузы вставлены
2025-09-24 17:06:12 - ROBOTY.collision - INFO - Начинаем детальную проверку коллизий
2025-09-24 17:06:12 - ROBOTY.collision - DEBUG - Проверяем коллизии в диапазоне времени: 0.00 - 264.89
2025-09-24 17:06:12 - ROBOTY.collision - WARNING - Коллизия: роботы 1 и 2 в 23.30s, расстояние: 0.429, требуется: 0.500
2025-09-24 17:06:12 - ROBOTY.collision - WARNING - Коллизия: роботы 1 и 2 в 23.40s, расстояние: 0.429, требуется: 0.500
2025-09-24 17:06:12 - ROBOTY.collision - WARNING - Коллизия: роботы 1 и 2 в 23.50s, расстояние: 0.429, требуется: 0.500
2025-09-24 17:06:12 - ROBOTY.collision - WARNING - Коллизия: роботы 1 и 2 в 23.60s, расстояние: 0.429, требуется: 0.500
2025-09-24 17:06:12 - ROBOTY.collision - WARNING - Коллизия: роботы 1 и 2 в 23.70s, расстояние: 0.429, требуется: 0.500
2025-09-24 17:06:12 - ROBOTY.collision - WARNING - Коллизия: роботы 1 и 2 в 23.80s, расстояние: 0.429, требуется: 0.500
2025-09-24 17:06:12 - ROBOTY.collision - WARNING - Коллизия: роботы 1 и 2 в 23.90s, расстояние: 0.429, требуется: 0.500
2025-09-24 17:06:12 - ROBOTY.collision - WARNING - Коллизия: роботы 1 и 2 в 24.00s, расстояние: 0.429, требуется: 0.500
2025-09-24 17:06:12 - ROBOTY.collision - WARNING - Коллизия: роботы 1 и 2 в 24.10s, расстояние: 0.429, требуется: 0.500
2025-09-24 17:06:12 - ROBOTY.collision - WARNING - Коллизия: роботы 1 и 2 в 24.20s, расстояние: 0.429, требуется: 0.500
2025-09-24 17:06:12 - ROBOTY.collision - WARNING - Коллизия: роботы 1 и 2 в 24.30s, расстояние: 0.429, требуется: 0.500
2025-09-24 17:06:12 - ROBOTY.collision - WARNING - Коллизия: роботы 1 и 2 в 24.40s, расстояние: 0.429, требуется: 0.500
2025-09-24 17:06:12 - ROBOTY.collision - WARNING - Коллизия: роботы 1 и 2 в 24.50s, расстояние: 0.429, требуется: 0.500
2025-09-24 17:06:12 - ROBOTY.collision - WARNING - Коллизия: роботы 1 и 2 в 24.60s, расстояние: 0.429, требуется: 0.500
2025-09-24 17:06:12 - ROBOTY.collision - WARNING - Коллизия: роботы 1 и 2 в 24.70s, расстояние: 0.429, требуется: 0.500
2025-09-24 17:06:12 - ROBOTY.collision - WARNING - Коллизия: роботы 1 и 2 в 24.80s, расстояние: 0.429, требуется: 0.500
2025-09-24 17:06:12 - ROBOTY.collision - WARNING - Коллизия: роботы 1 и 2 в 24.90s, расстояние: 0.429, требуется: 0.500
2025-09-24 17:06:12 - ROBOTY.collision - WARNING - Коллизия: роботы 1 и 2 в 25.00s, расстояние: 0.429, требуется: 0.500
2025-09-24 17:06:12 - ROBOTY.collision - WARNING - Коллизия: роботы 1 и 2 в 25.10s, расстояние: 0.429, требуется: 0.500
2025-09-24 17:06:12 - ROBOTY.collision - WARNING - Коллизия: роботы 1 и 2 в 25.20s, расстояние: 0.429, требуется: 0.500
2025-09-24 17:06:12 - ROBOTY.collision - WARNING - Коллизия: роботы 1 и 2 в 25.30s, расстояние: 0.429, требуется: 0.500
2025-09-24 17:06:12 - ROBOTY.collision - WARNING - Коллизия: роботы 1 и 2 в 25.40s, расстояние: 0.429, требуется: 0.500
2025-09-24 17:06:12 - ROBOTY.collision - WARNING - Коллизия: роботы 1 и 2 в 25.50s, расстояние: 0.429, требуется: 0.500
2025-09-24 17:06:12 - ROBOTY.collision - WARNING - Коллизия: роботы 1 и 2 в 25.60s, расстояние: 0.429, требуется: 0.500
2025-09-24 17:06:12 - ROBOTY.collision - WARNING - Коллизия: роботы 1 и 2 в 25.70s, расстояние: 0.429, требуется: 0.500
2025-09-24 17:06:12 - ROBOTY.collision - WARNING - Коллизия: роботы 1 и 2 в 25.80s, расстояние: 0.429, требуется: 0.500
2025-09-24 17:06:12 - ROBOTY.collision - WARNING - Коллизия: роботы 1 и 2 в 25.90s, расстояние: 0.429, требуется: 0.500
2025-09-24 17:06:12 - ROBOTY.collision - WARNING - Коллизия: роботы 1 и 2 в 26.00s, расстояние: 0.429, требуется: 0.500
2025-09-24 17:06:12 - ROBOTY.collision - WARNING - Коллизия: роботы 1 и 2 в 26.10s, расстояние: 0.429, требуется: 0.500
2025-09-24 17:06:12 - ROBOTY.collision - WARNING - Коллизия: роботы 1 и 2 в 26.20s, расстояние: 0.429, требуется: 0.500
2025-09-24 17:06:12 - ROBOTY.collision - WARNING - Коллизия: роботы 1 и 2 в 26.30s, расстояние: 0.429, требуется: 0.500
2025-09-24 17:06:12 - ROBOTY.collision - WARNING - Коллизия: роботы 1 и 2 в 26.40s, расстояние: 0.429, требуется: 0.500
2025-09-24 17:06:12 - ROBOTY.collision - WARNING - Коллизия: роботы 1 и 2 в 26.50s, расстояние: 0.429, требуется: 0.500
2025-09-24 17:06:12 - ROBOTY.collision - WARNING - Коллизия: роботы 1 и 2 в 26.60s, расстояние: 0.429, требуется: 0.500
2025-09-24 17:06:12 - ROBOTY.collision - WARNING - Коллизия: роботы 1 и 2 в 26.70s, расстояние: 0.429, требуется: 0.500
2025-09-24 17:06:12 - ROBOTY.collision - WARNING - Коллизия: роботы 1 и 2 в 26.80s, расстояние: 0.429, требуется: 0.500
2025-09-24 17:06:12 - ROBOTY.collision - WARNING - Коллизия: роботы 1 и 2 в 26.90s, расстояние: 0.429, требуется: 0.500
2025-09-24 17:06:12 - ROBOTY.collision - WARNING - Коллизия: роботы 1 и 2 в 27.00s, расстояние: 0.429, требуется: 0.500
2025-09-24 17:06:12 - ROBOTY.collision - WARNING - Коллизия: роботы 1 и 2 в 27.10s, расстояние: 0.429, требуется: 0.500
2025-09-24 17:06:12 - ROBOTY.collision - WARNING - Коллизия: роботы 1 и 2 в 27.20s, расстояние: 0.429, требуется: 0.500
2025-09-24 17:06:12 - ROBOTY.collision - WARNING - Коллизия: роботы 1 и 2 в 27.30s, расстояние: 0.429, требуется: 0.500
2025-09-24 17:06:12 - ROBOTY.collision - WARNING - Коллизия: роботы 1 и 2 в 27.40s, расстояние: 0.429, требуется: 0.500
2025-09-24 17:06:12 - ROBOTY.collision - WARNING - Коллизия: роботы 1 и 2 в 27.50s, расстояние: 0.429, требуется: 0.500
2025-09-24 17:06:12 - ROBOTY.collision - WARNING - Коллизия: роботы 1 и 2 в 27.60s, расстояние: 0.429, требуется: 0.500
2025-09-24 17:06:12 - ROBOTY.collision - WARNING - Коллизия: роботы 1 и 2 в 27.70s, расстояние: 0.429, требуется: 0.500
2025-09-24 17:06:12 - ROBOTY.collision - WARNING - Коллизия: роботы 1 и 2 в 27.80s, расстояние: 0.429, требуется: 0.500
2025-09-24 17:06:12 - ROBOTY.collision - WARNING - Коллизия: роботы 1 и 2 в 27.90s, расстояние: 0.429, требуется: 0.500
2025-09-24 17:06:12 - ROBOTY.collision - WARNING - Коллизия: роботы 1 и 2 в 28.00s, расстояние: 0.429, требуется: 0.500
2025-09-24 17:06:12 - ROBOTY.collision - WARNING - Коллизия: роботы 1 и 2 в 28.10s, расстояние: 0.429, требуется: 0.500
2025-09-24 17:06:12 - ROBOTY.collision - WARNING - Коллизия: роботы 1 и 2 в 28.20s, расстояние: 0.429, требуется: 0.500
2025-09-24 17:06:12 - ROBOTY.collision - WARNING - Коллизия: роботы 1 и 2 в 28.30s, расстояние: 0.429, требуется: 0.500
2025-09-24 17:06:12 - ROBOTY.collision - WARNING - Коллизия: роботы 1 и 2 в 28.40s, расстояние: 0.429, требуется: 0.500
2025-09-24 17:06:12 - ROBOTY.collision - WARNING - Коллизия: роботы 1 и 2 в 28.50s, расстояние: 0.429, требуется: 0.500
2025-09-24 17:06:12 - ROBOTY.collision - WARNING - Коллизия: роботы 1 и 2 в 28.60s, расстояние: 0.429, требуется: 0.500
2025-09-24 17:06:12 - ROBOTY.collision - WARNING - Коллизия: роботы 1 и 2 в 28.70s, расстояние: 0.429, требуется: 0.500
2025-09-24 17:06:12 - ROBOTY.collision - WARNING - Коллизия: роботы 1 и 2 в 28.80s, расстояние: 0.429, требуется: 0.500
2025-09-24 17:06:12 - ROBOTY.collision - WARNING - Коллизия: роботы 1 и 2 в 28.90s, расстояние: 0.429, требуется: 0.500
2025-09-24 17:06:12 - ROBOTY.collision - WARNING - Коллизия: роботы 1 и 2 в 29.00s, расстояние: 0.429, требуется: 0.500
2025-09-24 17:06:12 - ROBOTY.collision - WARNING - Коллизия: роботы 1 и 2 в 29.10s, расстояние: 0.429, требуется: 0.500
2025-09-24 17:06:12 - ROBOTY.collision - WARNING - Коллизия: роботы 1 и 2 в 29.20s, расстояние: 0.429, требуется: 0.500
2025-09-24 17:06:12 - ROBOTY.collision - WARNING - Коллизия: роботы 1 и 2 в 29.30s, расстояние: 0.429, требуется: 0.500
2025-09-24 17:06:12 - ROBOTY.collision - WARNING - Коллизия: роботы 1 и 2 в 29.40s, расстояние: 0.429, требуется: 0.500
2025-09-24 17:06:12 - ROBOTY.collision - WARNING - Коллизия: роботы 1 и 2 в 29.50s, расстояние: 0.429, требуется: 0.500
2025-09-24 17:06:12 - ROBOTY.collision - WARNING - Коллизия: роботы 1 и 2 в 29.60s, расстояние: 0.429, требуется: 0.500
2025-09-24 17:06:12 - ROBOTY.collision - WARNING - Коллизия: роботы 1 и 2 в 29.70s, расстояние: 0.429, требуется: 0.500
2025-09-24 17:06:12 - ROBOTY.collision - WARNING - Коллизия: роботы 1 и 2 в 29.80s, расстояние: 0.429, требуется: 0.500
2025-09-24 17:06:12 - ROBOTY.collision - WARNING - Коллизия: роботы 1 и 2 в 29.90s, расстояние: 0.429, требуется: 0.500
2025-09-24 17:06:12 - ROBOTY.collision - WARNING - Коллизия: роботы 1 и 2 в 30.00s, расстояние: 0.429, требуется: 0.500
2025-09-24 17:06:12 - ROBOTY.collision - WARNING - Коллизия: роботы 1 и 2 в 30.10s, расстояние: 0.429, требуется: 0.500
2025-09-24 17:06:12 - ROBOTY.collision - WARNING - Коллизия: роботы 1 и 2 в 30.20s, расстояние: 0.429, требуется: 0.500
2025-09-24 17:06:12 - ROBOTY.collision - WARNING - Коллизия: роботы 1 и 2 в 30.30s, расстояние: 0.429, требуется: 0.500
2025-09-24 17:06:12 - ROBOTY.collision - WARNING - Коллизия: роботы 1 и 2 в 30.40s, расстояние: 0.429, требуется: 0.500
2025-09-24 17:06:12 - ROBOTY.collision - WARNING - Коллизия: роботы 1 и 2 в 30.50s, расстояние: 0.353, требуется: 0.500
2025-09-24 17:06:12 - ROBOTY.collision - WARNING - Коллизия: роботы 1 и 2 в 30.60s, расстояние: 0.209, требуется: 0.500
2025-09-24 17:06:12 - ROBOTY.collision - WARNING - Коллизия: роботы 1 и 2 в 30.70s, расстояние: 0.118, требуется: 0.500
2025-09-24 17:06:12 - ROBOTY.collision - WARNING - Коллизия: роботы 1 и 2 в 30.80s, расстояние: 0.187, требуется: 0.500
2025-09-24 17:06:12 - ROBOTY.collision - WARNING - Коллизия: роботы 1 и 2 в 30.90s, расстояние: 0.328, требуется: 0.500
2025-09-24 17:06:12 - ROBOTY.collision - WARNING - Коллизия: роботы 1 и 2 в 31.00s, расстояние: 0.480, требуется: 0.500
2025-09-24 17:06:12 - ROBOTY.collision - WARNING - Коллизия: роботы 1 и 2 в 115.80s, расстояние: 0.482, требуется: 0.500
2025-09-24 17:06:12 - ROBOTY.collision - WARNING - Коллизия: роботы 1 и 2 в 115.90s, расстояние: 0.410, требуется: 0.500
2025-09-24 17:06:12 - ROBOTY.collision - WARNING - Коллизия: роботы 1 и 2 в 116.00s, расстояние: 0.393, требуется: 0.500
2025-09-24 17:06:12 - ROBOTY.collision - WARNING - Коллизия: роботы 1 и 2 в 116.10s, расстояние: 0.435, требуется: 0.500
2025-09-24 17:06:12 - ROBOTY.collision - ERROR - Обнаружено 82 коллизий
2025-09-24 17:06:12 - ROBOTY.main - WARNING - Коллизии сохраняются после вставки пауз
2025-09-24 17:06:17 - ROBOTY.main - INFO - Открытие визуализатора
2025-09-24 17:06:17 - ROBOTY.main - INFO - Визуализация успешно завершена
2025-09-24 17:06:17 - ROBOTY.visualizer - INFO - Запуск визуализации типа: 3d_anim
2025-09-24 17:06:17 - ROBOTY.visualizer - INFO - Создание 3D анимации траекторий
2025-09-24 17:06:17 - ROBOTY.visualizer - INFO - Создание 3D визуализации траекторий
2025-09-24 17:06:17 - ROBOTY.visualizer - INFO - 3D визуализация создана
2025-09-24 17:06:17 - ROBOTY.mesh_loader - INFO - OBJ загружен: 1758706684_68d3bbfcdbb32.obj, вершин=48087, треугольников=96202
