2025-09-23 22:43:00 - ROBOTY.main - INFO - Запуск приложения ROBOTY
2025-09-23 22:43:00 - ROBOTY.main - INFO - Применена тема: light
2025-09-23 22:43:00 - ROBOTY.main - INFO - Интерфейс инициализирован
2025-09-23 22:43:01 - ROBOTY.main - INFO - Приложение успешно запущено
2025-09-23 22:43:04 - ROBOTY.main - INFO - Применена тема: dark
2025-09-23 22:43:04 - ROBOTY.main - INFO - Переключение темы: dark -> dark
2025-09-23 22:43:39 - ROBOTY.main - INFO - Создан входной файл: C:\Users\79518\.cursor\ROBOTY\data\input_20250923_224327.json
2025-09-23 22:43:39 - ROBOTY.parser - INFO - Начинаем загрузку файла: C:\Users\79518\.cursor\ROBOTY\data\input_20250923_224327.json
2025-09-23 22:43:39 - ROBOTY.parser - INFO - Файл C:\Users\79518\.cursor\ROBOTY\data\input_20250923_224327.json успешно загружен
2025-09-23 22:43:39 - ROBOTY.parser - DEBUG - Робот 1 успешно загружен
2025-09-23 22:43:39 - ROBOTY.parser - DEBUG - Робот 2 успешно загружен
2025-09-23 22:43:39 - ROBOTY.parser - DEBUG - Робот 3 успешно загружен
2025-09-23 22:43:39 - ROBOTY.parser - DEBUG - Робот 4 успешно загружен
2025-09-23 22:43:39 - ROBOTY.parser - DEBUG - Операция 1 успешно загружена
2025-09-23 22:43:39 - ROBOTY.parser - DEBUG - Операция 2 успешно загружена
2025-09-23 22:43:39 - ROBOTY.parser - DEBUG - Операция 3 успешно загружена
2025-09-23 22:43:39 - ROBOTY.parser - DEBUG - Операция 4 успешно загружена
2025-09-23 22:43:39 - ROBOTY.parser - DEBUG - Операция 5 успешно загружена
2025-09-23 22:43:39 - ROBOTY.parser - DEBUG - Операция 6 успешно загружена
2025-09-23 22:43:39 - ROBOTY.parser - DEBUG - Операция 7 успешно загружена
2025-09-23 22:43:39 - ROBOTY.parser - DEBUG - Операция 8 успешно загружена
2025-09-23 22:43:39 - ROBOTY.parser - DEBUG - Операция 9 успешно загружена
2025-09-23 22:43:39 - ROBOTY.parser - DEBUG - Операция 10 успешно загружена
2025-09-23 22:43:39 - ROBOTY.parser - DEBUG - Операция 11 успешно загружена
2025-09-23 22:43:39 - ROBOTY.parser - DEBUG - Операция 12 успешно загружена
2025-09-23 22:43:39 - ROBOTY.parser - DEBUG - Операция 13 успешно загружена
2025-09-23 22:43:39 - ROBOTY.parser - DEBUG - Операция 14 успешно загружена
2025-09-23 22:43:39 - ROBOTY.parser - DEBUG - Операция 15 успешно загружена
2025-09-23 22:43:39 - ROBOTY.parser - DEBUG - Операция 16 успешно загружена
2025-09-23 22:43:39 - ROBOTY.parser - DEBUG - Операция 17 успешно загружена
2025-09-23 22:43:39 - ROBOTY.parser - DEBUG - Операция 18 успешно загружена
2025-09-23 22:43:39 - ROBOTY.parser - DEBUG - Операция 19 успешно загружена
2025-09-23 22:43:39 - ROBOTY.parser - DEBUG - Операция 20 успешно загружена
2025-09-23 22:43:39 - ROBOTY.parser - DEBUG - Операция 21 успешно загружена
2025-09-23 22:43:39 - ROBOTY.parser - DEBUG - Операция 22 успешно загружена
2025-09-23 22:43:39 - ROBOTY.parser - DEBUG - Операция 23 успешно загружена
2025-09-23 22:43:39 - ROBOTY.parser - DEBUG - Операция 24 успешно загружена
2025-09-23 22:43:39 - ROBOTY.parser - DEBUG - Операция 25 успешно загружена
2025-09-23 22:43:39 - ROBOTY.parser - INFO - Загружено 4 роботов и 25 операций
2025-09-23 22:43:40 - ROBOTY.main - INFO - Запуск планировщика
2025-09-23 22:43:40 - ROBOTY.planner - INFO - Запуск планировщика траекторий
2025-09-23 22:43:40 - ROBOTY.assigner - INFO - Начинаем назначение операций методом: distance_based
2025-09-23 22:43:40 - ROBOTY.assigner - DEBUG - Операция 0 назначена роботу 3 (расстояние: 2.35)
2025-09-23 22:43:40 - ROBOTY.assigner - DEBUG - Операция 1 назначена роботу 0 (расстояние: 3.71)
2025-09-23 22:43:40 - ROBOTY.assigner - DEBUG - Операция 2 назначена роботу 0 (расстояние: 2.61)
2025-09-23 22:43:40 - ROBOTY.assigner - DEBUG - Операция 3 назначена роботу 2 (расстояние: 2.28)
2025-09-23 22:43:40 - ROBOTY.assigner - DEBUG - Операция 4 назначена роботу 2 (расстояние: 4.06)
2025-09-23 22:43:40 - ROBOTY.assigner - DEBUG - Операция 5 назначена роботу 3 (расстояние: 2.16)
2025-09-23 22:43:40 - ROBOTY.assigner - DEBUG - Операция 6 назначена роботу 2 (расстояние: 4.18)
2025-09-23 22:43:40 - ROBOTY.assigner - DEBUG - Операция 7 назначена роботу 2 (расстояние: 1.82)
2025-09-23 22:43:40 - ROBOTY.assigner - DEBUG - Операция 8 назначена роботу 2 (расстояние: 5.73)
2025-09-23 22:43:40 - ROBOTY.assigner - DEBUG - Операция 9 назначена роботу 3 (расстояние: 2.93)
2025-09-23 22:43:40 - ROBOTY.assigner - DEBUG - Операция 10 назначена роботу 3 (расстояние: 0.69)
2025-09-23 22:43:40 - ROBOTY.assigner - DEBUG - Операция 11 назначена роботу 3 (расстояние: 5.36)
2025-09-23 22:43:40 - ROBOTY.assigner - DEBUG - Операция 12 назначена роботу 2 (расстояние: 3.17)
2025-09-23 22:43:40 - ROBOTY.assigner - DEBUG - Операция 13 назначена роботу 3 (расстояние: 1.11)
2025-09-23 22:43:40 - ROBOTY.assigner - DEBUG - Операция 14 назначена роботу 3 (расстояние: 4.98)
2025-09-23 22:43:40 - ROBOTY.assigner - DEBUG - Операция 15 назначена роботу 2 (расстояние: 3.60)
2025-09-23 22:43:40 - ROBOTY.assigner - DEBUG - Операция 16 назначена роботу 3 (расстояние: 7.96)
2025-09-23 22:43:40 - ROBOTY.assigner - DEBUG - Операция 17 назначена роботу 2 (расстояние: 5.65)
2025-09-23 22:43:40 - ROBOTY.assigner - DEBUG - Операция 18 назначена роботу 3 (расстояние: 2.29)
2025-09-23 22:43:40 - ROBOTY.assigner - DEBUG - Операция 19 назначена роботу 2 (расстояние: 5.61)
2025-09-23 22:43:40 - ROBOTY.assigner - DEBUG - Операция 20 назначена роботу 2 (расстояние: 5.35)
2025-09-23 22:43:40 - ROBOTY.assigner - DEBUG - Операция 21 назначена роботу 3 (расстояние: 1.94)
2025-09-23 22:43:40 - ROBOTY.assigner - DEBUG - Операция 22 назначена роботу 2 (расстояние: 1.47)
2025-09-23 22:43:40 - ROBOTY.assigner - DEBUG - Операция 23 назначена роботу 3 (расстояние: 4.62)
2025-09-23 22:43:40 - ROBOTY.assigner - DEBUG - Операция 24 назначена роботу 3 (расстояние: 3.73)
2025-09-23 22:43:40 - ROBOTY.assigner - WARNING - Роботы [1] не получили операций. Применяем дополнительное распределение.
2025-09-23 22:43:40 - ROBOTY.assigner - DEBUG - Операция перемещена от робота 3 к роботу 1
2025-09-23 22:43:40 - ROBOTY.assigner - INFO - Распределено 25 операций на основе расстояния
2025-09-23 22:43:40 - ROBOTY.assigner - INFO - Робот 0: 2 операций
2025-09-23 22:43:40 - ROBOTY.assigner - INFO - Робот 1: 1 операций
2025-09-23 22:43:40 - ROBOTY.assigner - INFO - Робот 2: 11 операций
2025-09-23 22:43:40 - ROBOTY.assigner - INFO - Робот 3: 11 операций
2025-09-23 22:43:40 - ROBOTY.planner - INFO - Операции назначены методом: distance_based
2025-09-23 22:43:40 - ROBOTY.planner - INFO - Планирование траектории для робота 1 (ID: 1) с 2 операциями
2025-09-23 22:43:40 - ROBOTY.planner - DEBUG - Планирование траектории для робота с 2 операциями
2025-09-23 22:43:40 - ROBOTY.planner - DEBUG - Операция 1 запланирована, время завершения: 10.78
2025-09-23 22:43:40 - ROBOTY.planner - DEBUG - Операция 2 запланирована, время завершения: 19.08
2025-09-23 22:43:40 - ROBOTY.planner - INFO - Траектория робота запланирована, общее время: 19.08
2025-09-23 22:43:40 - ROBOTY.planner - INFO - Робот 1: траектория содержит 48 точек
2025-09-23 22:43:40 - ROBOTY.planner - INFO - Планирование траектории для робота 2 (ID: 2) с 1 операциями
2025-09-23 22:43:40 - ROBOTY.planner - DEBUG - Планирование траектории для робота с 1 операциями
2025-09-23 22:43:40 - ROBOTY.planner - DEBUG - Операция 1 запланирована, время завершения: 11.46
2025-09-23 22:43:40 - ROBOTY.planner - INFO - Траектория робота запланирована, общее время: 11.46
2025-09-23 22:43:40 - ROBOTY.planner - INFO - Робот 2: траектория содержит 24 точек
2025-09-23 22:43:40 - ROBOTY.planner - INFO - Планирование траектории для робота 3 (ID: 3) с 11 операциями
2025-09-23 22:43:40 - ROBOTY.planner - DEBUG - Планирование траектории для робота с 11 операциями
2025-09-23 22:43:40 - ROBOTY.planner - DEBUG - Операция 1 запланирована, время завершения: 10.98
2025-09-23 22:43:40 - ROBOTY.planner - DEBUG - Операция 2 запланирована, время завершения: 20.80
2025-09-23 22:43:40 - ROBOTY.planner - DEBUG - Операция 3 запланирована, время завершения: 29.78
2025-09-23 22:43:40 - ROBOTY.planner - DEBUG - Операция 4 запланирована, время завершения: 36.85
2025-09-23 22:43:40 - ROBOTY.planner - DEBUG - Операция 5 запланирована, время завершения: 49.16
2025-09-23 22:43:40 - ROBOTY.planner - DEBUG - Операция 6 запланирована, время завершения: 58.60
2025-09-23 22:43:40 - ROBOTY.planner - DEBUG - Операция 7 запланирована, время завершения: 71.60
2025-09-23 22:43:40 - ROBOTY.planner - DEBUG - Операция 8 запланирована, время завершения: 83.46
2025-09-23 22:43:40 - ROBOTY.planner - DEBUG - Операция 9 запланирована, время завершения: 95.42
2025-09-23 22:43:40 - ROBOTY.planner - DEBUG - Операция 10 запланирована, время завершения: 106.22
2025-09-23 22:43:40 - ROBOTY.planner - DEBUG - Операция 11 запланирована, время завершения: 115.48
2025-09-23 22:43:40 - ROBOTY.planner - INFO - Траектория робота запланирована, общее время: 115.48
2025-09-23 22:43:40 - ROBOTY.planner - INFO - Робот 3: траектория содержит 264 точек
2025-09-23 22:43:40 - ROBOTY.planner - INFO - Планирование траектории для робота 4 (ID: 4) с 11 операциями
2025-09-23 22:43:40 - ROBOTY.planner - DEBUG - Планирование траектории для робота с 11 операциями
2025-09-23 22:43:40 - ROBOTY.planner - DEBUG - Операция 1 запланирована, время завершения: 7.90
2025-09-23 22:43:40 - ROBOTY.planner - DEBUG - Операция 2 запланирована, время завершения: 17.24
2025-09-23 22:43:40 - ROBOTY.planner - DEBUG - Операция 3 запланирована, время завершения: 25.75
2025-09-23 22:43:40 - ROBOTY.planner - DEBUG - Операция 4 запланирована, время завершения: 32.94
2025-09-23 22:43:40 - ROBOTY.planner - DEBUG - Операция 5 запланирована, время завершения: 42.90
2025-09-23 22:43:40 - ROBOTY.planner - DEBUG - Операция 6 запланирована, время завершения: 48.50
2025-09-23 22:43:40 - ROBOTY.planner - DEBUG - Операция 7 запланирована, время завершения: 58.03
2025-09-23 22:43:40 - ROBOTY.planner - DEBUG - Операция 8 запланирована, время завершения: 72.65
2025-09-23 22:43:40 - ROBOTY.planner - DEBUG - Операция 9 запланирована, время завершения: 82.82
2025-09-23 22:43:40 - ROBOTY.planner - DEBUG - Операция 10 запланирована, время завершения: 92.82
2025-09-23 22:43:40 - ROBOTY.planner - DEBUG - Операция 11 запланирована, время завершения: 100.00
2025-09-23 22:43:40 - ROBOTY.planner - INFO - Траектория робота запланирована, общее время: 100.00
2025-09-23 22:43:40 - ROBOTY.planner - INFO - Робот 4: траектория содержит 264 точек
2025-09-23 22:43:40 - ROBOTY.planner - INFO - Планирование завершено. Makespan: 115.48
2025-09-23 22:43:40 - ROBOTY.main - INFO - Планировщик успешно завершил работу
2025-09-23 22:43:40 - ROBOTY.collision - INFO - Начинаем детальную проверку коллизий
2025-09-23 22:43:40 - ROBOTY.collision - DEBUG - Проверяем коллизии в диапазоне времени: 0.00 - 115.48
2025-09-23 22:43:40 - ROBOTY.collision - WARNING - Коллизия: роботы 2 и 3 в 10.10s, расстояние: 0.455, требуется: 0.500
2025-09-23 22:43:40 - ROBOTY.collision - WARNING - Коллизия: роботы 2 и 3 в 10.20s, расстояние: 0.380, требуется: 0.500
2025-09-23 22:43:40 - ROBOTY.collision - WARNING - Коллизия: роботы 2 и 3 в 10.30s, расстояние: 0.355, требуется: 0.500
2025-09-23 22:43:40 - ROBOTY.collision - WARNING - Коллизия: роботы 2 и 3 в 10.40s, расстояние: 0.335, требуется: 0.500
2025-09-23 22:43:40 - ROBOTY.collision - WARNING - Коллизия: роботы 2 и 3 в 10.50s, расстояние: 0.322, требуется: 0.500
2025-09-23 22:43:40 - ROBOTY.collision - WARNING - Коллизия: роботы 2 и 3 в 10.60s, расстояние: 0.318, требуется: 0.500
2025-09-23 22:43:40 - ROBOTY.collision - WARNING - Коллизия: роботы 2 и 3 в 10.70s, расстояние: 0.318, требуется: 0.500
2025-09-23 22:43:40 - ROBOTY.collision - WARNING - Коллизия: роботы 2 и 3 в 10.80s, расстояние: 0.318, требуется: 0.500
2025-09-23 22:43:40 - ROBOTY.collision - WARNING - Коллизия: роботы 2 и 3 в 10.90s, расстояние: 0.318, требуется: 0.500
2025-09-23 22:43:40 - ROBOTY.collision - WARNING - Коллизия: роботы 2 и 3 в 11.00s, расстояние: 0.310, требуется: 0.500
2025-09-23 22:43:40 - ROBOTY.collision - WARNING - Коллизия: роботы 2 и 3 в 11.10s, расстояние: 0.273, требуется: 0.500
2025-09-23 22:43:40 - ROBOTY.collision - WARNING - Коллизия: роботы 2 и 3 в 11.20s, расстояние: 0.241, требуется: 0.500
2025-09-23 22:43:40 - ROBOTY.collision - WARNING - Коллизия: роботы 2 и 3 в 11.30s, расстояние: 0.214, требуется: 0.500
2025-09-23 22:43:40 - ROBOTY.collision - WARNING - Коллизия: роботы 2 и 3 в 11.40s, расстояние: 0.190, требуется: 0.500
2025-09-23 22:43:40 - ROBOTY.collision - WARNING - Коллизия: роботы 2 и 3 в 11.50s, расстояние: 0.214, требуется: 0.500
2025-09-23 22:43:40 - ROBOTY.collision - WARNING - Коллизия: роботы 2 и 3 в 11.60s, расстояние: 0.291, требуется: 0.500
2025-09-23 22:43:40 - ROBOTY.collision - WARNING - Коллизия: роботы 2 и 3 в 11.70s, расстояние: 0.391, требуется: 0.500
2025-09-23 22:43:40 - ROBOTY.collision - WARNING - Коллизия: роботы 1 и 3 в 70.20s, расстояние: 0.457, требуется: 0.500
2025-09-23 22:43:40 - ROBOTY.collision - WARNING - Коллизия: роботы 1 и 3 в 70.30s, расстояние: 0.395, требуется: 0.500
2025-09-23 22:43:40 - ROBOTY.collision - WARNING - Коллизия: роботы 1 и 3 в 70.40s, расстояние: 0.344, требуется: 0.500
2025-09-23 22:43:40 - ROBOTY.collision - WARNING - Коллизия: роботы 1 и 3 в 70.50s, расстояние: 0.308, требуется: 0.500
2025-09-23 22:43:40 - ROBOTY.collision - WARNING - Коллизия: роботы 1 и 3 в 70.60s, расстояние: 0.294, требуется: 0.500
2025-09-23 22:43:40 - ROBOTY.collision - WARNING - Коллизия: роботы 1 и 3 в 70.70s, расстояние: 0.295, требуется: 0.500
2025-09-23 22:43:40 - ROBOTY.collision - WARNING - Коллизия: роботы 1 и 3 в 70.80s, расстояние: 0.295, требуется: 0.500
2025-09-23 22:43:40 - ROBOTY.collision - WARNING - Коллизия: роботы 1 и 3 в 70.90s, расстояние: 0.295, требуется: 0.500
2025-09-23 22:43:40 - ROBOTY.collision - WARNING - Коллизия: роботы 1 и 3 в 71.00s, расстояние: 0.295, требуется: 0.500
2025-09-23 22:43:40 - ROBOTY.collision - WARNING - Коллизия: роботы 1 и 3 в 71.10s, расстояние: 0.295, требуется: 0.500
2025-09-23 22:43:40 - ROBOTY.collision - WARNING - Коллизия: роботы 1 и 3 в 71.20s, расстояние: 0.295, требуется: 0.500
2025-09-23 22:43:40 - ROBOTY.collision - WARNING - Коллизия: роботы 1 и 3 в 71.30s, расстояние: 0.295, требуется: 0.500
2025-09-23 22:43:40 - ROBOTY.collision - WARNING - Коллизия: роботы 1 и 3 в 71.40s, расстояние: 0.295, требуется: 0.500
2025-09-23 22:43:40 - ROBOTY.collision - WARNING - Коллизия: роботы 1 и 3 в 71.50s, расстояние: 0.295, требуется: 0.500
2025-09-23 22:43:40 - ROBOTY.collision - WARNING - Коллизия: роботы 1 и 3 в 71.60s, расстояние: 0.295, требуется: 0.500
2025-09-23 22:43:40 - ROBOTY.collision - WARNING - Коллизия: роботы 1 и 3 в 71.70s, расстояние: 0.333, требуется: 0.500
2025-09-23 22:43:40 - ROBOTY.collision - WARNING - Коллизия: роботы 1 и 3 в 71.80s, расстояние: 0.379, требуется: 0.500
2025-09-23 22:43:40 - ROBOTY.collision - WARNING - Коллизия: роботы 1 и 3 в 71.90s, расстояние: 0.430, требуется: 0.500
2025-09-23 22:43:40 - ROBOTY.collision - WARNING - Коллизия: роботы 1 и 3 в 72.00s, расстояние: 0.484, требуется: 0.500
2025-09-23 22:43:40 - ROBOTY.collision - ERROR - Обнаружено 36 коллизий
2025-09-23 22:43:40 - ROBOTY.main - WARNING - Обнаружено 36 коллизий, применяем онлайн-безопасность
2025-09-23 22:43:40 - ROBOTY.safety - INFO - Применяем онлайн-безопасность: вставка пауз при коллизиях
2025-09-23 22:43:40 - ROBOTY.collision - INFO - Начинаем детальную проверку коллизий
2025-09-23 22:43:40 - ROBOTY.collision - DEBUG - Проверяем коллизии в диапазоне времени: 0.00 - 115.48
2025-09-23 22:43:40 - ROBOTY.collision - WARNING - Коллизия: роботы 2 и 3 в 10.05s, расстояние: 0.479, требуется: 0.500
2025-09-23 22:43:40 - ROBOTY.collision - WARNING - Коллизия: роботы 2 и 3 в 10.10s, расстояние: 0.455, требуется: 0.500
2025-09-23 22:43:40 - ROBOTY.collision - WARNING - Коллизия: роботы 2 и 3 в 10.15s, расстояние: 0.415, требуется: 0.500
2025-09-23 22:43:40 - ROBOTY.collision - WARNING - Коллизия: роботы 2 и 3 в 10.20s, расстояние: 0.380, требуется: 0.500
2025-09-23 22:43:40 - ROBOTY.collision - WARNING - Коллизия: роботы 2 и 3 в 10.25s, расстояние: 0.367, требуется: 0.500
2025-09-23 22:43:40 - ROBOTY.collision - WARNING - Коллизия: роботы 2 и 3 в 10.30s, расстояние: 0.355, требуется: 0.500
2025-09-23 22:43:40 - ROBOTY.collision - WARNING - Коллизия: роботы 2 и 3 в 10.35s, расстояние: 0.344, требуется: 0.500
2025-09-23 22:43:40 - ROBOTY.collision - WARNING - Коллизия: роботы 2 и 3 в 10.40s, расстояние: 0.335, требуется: 0.500
2025-09-23 22:43:40 - ROBOTY.collision - WARNING - Коллизия: роботы 2 и 3 в 10.45s, расстояние: 0.328, требуется: 0.500
2025-09-23 22:43:40 - ROBOTY.collision - WARNING - Коллизия: роботы 2 и 3 в 10.50s, расстояние: 0.322, требуется: 0.500
2025-09-23 22:43:40 - ROBOTY.collision - WARNING - Коллизия: роботы 2 и 3 в 10.55s, расстояние: 0.319, требуется: 0.500
2025-09-23 22:43:40 - ROBOTY.collision - WARNING - Коллизия: роботы 2 и 3 в 10.60s, расстояние: 0.318, требуется: 0.500
2025-09-23 22:43:40 - ROBOTY.collision - WARNING - Коллизия: роботы 2 и 3 в 10.65s, расстояние: 0.318, требуется: 0.500
2025-09-23 22:43:40 - ROBOTY.collision - WARNING - Коллизия: роботы 2 и 3 в 10.70s, расстояние: 0.318, требуется: 0.500
2025-09-23 22:43:40 - ROBOTY.collision - WARNING - Коллизия: роботы 2 и 3 в 10.75s, расстояние: 0.318, требуется: 0.500
2025-09-23 22:43:40 - ROBOTY.collision - WARNING - Коллизия: роботы 2 и 3 в 10.80s, расстояние: 0.318, требуется: 0.500
2025-09-23 22:43:40 - ROBOTY.collision - WARNING - Коллизия: роботы 2 и 3 в 10.85s, расстояние: 0.318, требуется: 0.500
2025-09-23 22:43:40 - ROBOTY.collision - WARNING - Коллизия: роботы 2 и 3 в 10.90s, расстояние: 0.318, требуется: 0.500
2025-09-23 22:43:40 - ROBOTY.collision - WARNING - Коллизия: роботы 2 и 3 в 10.95s, расстояние: 0.318, требуется: 0.500
2025-09-23 22:43:40 - ROBOTY.collision - WARNING - Коллизия: роботы 2 и 3 в 11.00s, расстояние: 0.310, требуется: 0.500
2025-09-23 22:43:40 - ROBOTY.collision - WARNING - Коллизия: роботы 2 и 3 в 11.05s, расстояние: 0.291, требуется: 0.500
2025-09-23 22:43:40 - ROBOTY.collision - WARNING - Коллизия: роботы 2 и 3 в 11.10s, расстояние: 0.273, требуется: 0.500
2025-09-23 22:43:40 - ROBOTY.collision - WARNING - Коллизия: роботы 2 и 3 в 11.15s, расстояние: 0.256, требуется: 0.500
2025-09-23 22:43:40 - ROBOTY.collision - WARNING - Коллизия: роботы 2 и 3 в 11.20s, расстояние: 0.241, требуется: 0.500
2025-09-23 22:43:40 - ROBOTY.collision - WARNING - Коллизия: роботы 2 и 3 в 11.25s, расстояние: 0.227, требуется: 0.500
2025-09-23 22:43:40 - ROBOTY.collision - WARNING - Коллизия: роботы 2 и 3 в 11.30s, расстояние: 0.214, требуется: 0.500
2025-09-23 22:43:40 - ROBOTY.collision - WARNING - Коллизия: роботы 2 и 3 в 11.35s, расстояние: 0.204, требуется: 0.500
2025-09-23 22:43:40 - ROBOTY.collision - WARNING - Коллизия: роботы 2 и 3 в 11.40s, расстояние: 0.190, требуется: 0.500
2025-09-23 22:43:40 - ROBOTY.collision - WARNING - Коллизия: роботы 2 и 3 в 11.45s, расстояние: 0.193, требуется: 0.500
2025-09-23 22:43:40 - ROBOTY.collision - WARNING - Коллизия: роботы 2 и 3 в 11.50s, расстояние: 0.214, требуется: 0.500
2025-09-23 22:43:40 - ROBOTY.collision - WARNING - Коллизия: роботы 2 и 3 в 11.55s, расстояние: 0.248, требуется: 0.500
2025-09-23 22:43:40 - ROBOTY.collision - WARNING - Коллизия: роботы 2 и 3 в 11.60s, расстояние: 0.291, требуется: 0.500
2025-09-23 22:43:40 - ROBOTY.collision - WARNING - Коллизия: роботы 2 и 3 в 11.65s, расстояние: 0.339, требуется: 0.500
2025-09-23 22:43:40 - ROBOTY.collision - WARNING - Коллизия: роботы 2 и 3 в 11.70s, расстояние: 0.391, требуется: 0.500
2025-09-23 22:43:40 - ROBOTY.collision - WARNING - Коллизия: роботы 2 и 3 в 11.75s, расстояние: 0.445, требуется: 0.500
2025-09-23 22:43:40 - ROBOTY.collision - WARNING - Коллизия: роботы 1 и 3 в 70.15s, расстояние: 0.491, требуется: 0.500
2025-09-23 22:43:40 - ROBOTY.collision - WARNING - Коллизия: роботы 1 и 3 в 70.20s, расстояние: 0.457, требуется: 0.500
2025-09-23 22:43:40 - ROBOTY.collision - WARNING - Коллизия: роботы 1 и 3 в 70.25s, расстояние: 0.425, требуется: 0.500
2025-09-23 22:43:40 - ROBOTY.collision - WARNING - Коллизия: роботы 1 и 3 в 70.30s, расстояние: 0.395, требуется: 0.500
2025-09-23 22:43:40 - ROBOTY.collision - WARNING - Коллизия: роботы 1 и 3 в 70.35s, расстояние: 0.368, требуется: 0.500
2025-09-23 22:43:40 - ROBOTY.collision - WARNING - Коллизия: роботы 1 и 3 в 70.40s, расстояние: 0.344, требуется: 0.500
2025-09-23 22:43:40 - ROBOTY.collision - WARNING - Коллизия: роботы 1 и 3 в 70.45s, расстояние: 0.324, требуется: 0.500
2025-09-23 22:43:40 - ROBOTY.collision - WARNING - Коллизия: роботы 1 и 3 в 70.50s, расстояние: 0.308, требуется: 0.500
2025-09-23 22:43:40 - ROBOTY.collision - WARNING - Коллизия: роботы 1 и 3 в 70.55s, расстояние: 0.298, требуется: 0.500
2025-09-23 22:43:40 - ROBOTY.collision - WARNING - Коллизия: роботы 1 и 3 в 70.60s, расстояние: 0.294, требуется: 0.500
2025-09-23 22:43:40 - ROBOTY.collision - WARNING - Коллизия: роботы 1 и 3 в 70.65s, расстояние: 0.295, требуется: 0.500
2025-09-23 22:43:40 - ROBOTY.collision - WARNING - Коллизия: роботы 1 и 3 в 70.70s, расстояние: 0.295, требуется: 0.500
2025-09-23 22:43:40 - ROBOTY.collision - WARNING - Коллизия: роботы 1 и 3 в 70.75s, расстояние: 0.295, требуется: 0.500
2025-09-23 22:43:40 - ROBOTY.collision - WARNING - Коллизия: роботы 1 и 3 в 70.80s, расстояние: 0.295, требуется: 0.500
2025-09-23 22:43:40 - ROBOTY.collision - WARNING - Коллизия: роботы 1 и 3 в 70.85s, расстояние: 0.295, требуется: 0.500
2025-09-23 22:43:40 - ROBOTY.collision - WARNING - Коллизия: роботы 1 и 3 в 70.90s, расстояние: 0.295, требуется: 0.500
2025-09-23 22:43:40 - ROBOTY.collision - WARNING - Коллизия: роботы 1 и 3 в 70.95s, расстояние: 0.295, требуется: 0.500
2025-09-23 22:43:40 - ROBOTY.collision - WARNING - Коллизия: роботы 1 и 3 в 71.00s, расстояние: 0.295, требуется: 0.500
2025-09-23 22:43:40 - ROBOTY.collision - WARNING - Коллизия: роботы 1 и 3 в 71.05s, расстояние: 0.295, требуется: 0.500
2025-09-23 22:43:40 - ROBOTY.collision - WARNING - Коллизия: роботы 1 и 3 в 71.10s, расстояние: 0.295, требуется: 0.500
2025-09-23 22:43:40 - ROBOTY.collision - WARNING - Коллизия: роботы 1 и 3 в 71.15s, расстояние: 0.295, требуется: 0.500
2025-09-23 22:43:40 - ROBOTY.collision - WARNING - Коллизия: роботы 1 и 3 в 71.20s, расстояние: 0.295, требуется: 0.500
2025-09-23 22:43:40 - ROBOTY.collision - WARNING - Коллизия: роботы 1 и 3 в 71.25s, расстояние: 0.295, требуется: 0.500
2025-09-23 22:43:40 - ROBOTY.collision - WARNING - Коллизия: роботы 1 и 3 в 71.30s, расстояние: 0.295, требуется: 0.500
2025-09-23 22:43:40 - ROBOTY.collision - WARNING - Коллизия: роботы 1 и 3 в 71.35s, расстояние: 0.295, требуется: 0.500
2025-09-23 22:43:40 - ROBOTY.collision - WARNING - Коллизия: роботы 1 и 3 в 71.40s, расстояние: 0.295, требуется: 0.500
2025-09-23 22:43:40 - ROBOTY.collision - WARNING - Коллизия: роботы 1 и 3 в 71.45s, расстояние: 0.295, требуется: 0.500
2025-09-23 22:43:40 - ROBOTY.collision - WARNING - Коллизия: роботы 1 и 3 в 71.50s, расстояние: 0.295, требуется: 0.500
2025-09-23 22:43:40 - ROBOTY.collision - WARNING - Коллизия: роботы 1 и 3 в 71.55s, расстояние: 0.295, требуется: 0.500
2025-09-23 22:43:40 - ROBOTY.collision - WARNING - Коллизия: роботы 1 и 3 в 71.60s, расстояние: 0.295, требуется: 0.500
2025-09-23 22:43:40 - ROBOTY.collision - WARNING - Коллизия: роботы 1 и 3 в 71.65s, расстояние: 0.313, требуется: 0.500
2025-09-23 22:43:40 - ROBOTY.collision - WARNING - Коллизия: роботы 1 и 3 в 71.70s, расстояние: 0.333, требуется: 0.500
2025-09-23 22:43:40 - ROBOTY.collision - WARNING - Коллизия: роботы 1 и 3 в 71.75s, расстояние: 0.355, требуется: 0.500
2025-09-23 22:43:40 - ROBOTY.collision - WARNING - Коллизия: роботы 1 и 3 в 71.80s, расстояние: 0.379, требуется: 0.500
2025-09-23 22:43:40 - ROBOTY.collision - WARNING - Коллизия: роботы 1 и 3 в 71.85s, расстояние: 0.404, требуется: 0.500
2025-09-23 22:43:40 - ROBOTY.collision - WARNING - Коллизия: роботы 1 и 3 в 71.90s, расстояние: 0.430, требуется: 0.500
2025-09-23 22:43:40 - ROBOTY.collision - WARNING - Коллизия: роботы 1 и 3 в 71.95s, расстояние: 0.456, требуется: 0.500
2025-09-23 22:43:40 - ROBOTY.collision - WARNING - Коллизия: роботы 1 и 3 в 72.00s, расстояние: 0.484, требуется: 0.500
2025-09-23 22:43:40 - ROBOTY.collision - ERROR - Обнаружено 73 коллизий
2025-09-23 22:43:40 - ROBOTY.safety - DEBUG - Добавлена пауза 0.60s роботу 2 в t=10.05s
2025-09-23 22:43:40 - ROBOTY.safety - DEBUG - Добавлена пауза 0.60s роботу 3 в t=10.05s
2025-09-23 22:43:40 - ROBOTY.safety - DEBUG - Добавлена пауза 0.60s роботу 2 в t=10.10s
2025-09-23 22:43:40 - ROBOTY.safety - DEBUG - Добавлена пауза 0.60s роботу 3 в t=10.10s
2025-09-23 22:43:40 - ROBOTY.safety - DEBUG - Добавлена пауза 0.60s роботу 2 в t=10.15s
2025-09-23 22:43:40 - ROBOTY.safety - DEBUG - Добавлена пауза 0.60s роботу 3 в t=10.15s
2025-09-23 22:43:40 - ROBOTY.safety - DEBUG - Добавлена пауза 0.60s роботу 2 в t=10.20s
2025-09-23 22:43:40 - ROBOTY.safety - DEBUG - Добавлена пауза 0.60s роботу 3 в t=10.20s
2025-09-23 22:43:40 - ROBOTY.safety - DEBUG - Добавлена пауза 0.60s роботу 2 в t=10.25s
2025-09-23 22:43:40 - ROBOTY.safety - DEBUG - Добавлена пауза 0.60s роботу 3 в t=10.25s
2025-09-23 22:43:40 - ROBOTY.safety - DEBUG - Добавлена пауза 0.60s роботу 2 в t=10.30s
2025-09-23 22:43:40 - ROBOTY.safety - DEBUG - Добавлена пауза 0.60s роботу 3 в t=10.30s
2025-09-23 22:43:40 - ROBOTY.safety - DEBUG - Добавлена пауза 0.60s роботу 2 в t=10.35s
2025-09-23 22:43:40 - ROBOTY.safety - DEBUG - Добавлена пауза 0.60s роботу 3 в t=10.35s
2025-09-23 22:43:40 - ROBOTY.safety - DEBUG - Добавлена пауза 0.60s роботу 2 в t=10.40s
2025-09-23 22:43:40 - ROBOTY.safety - DEBUG - Добавлена пауза 0.60s роботу 3 в t=10.40s
2025-09-23 22:43:40 - ROBOTY.safety - DEBUG - Добавлена пауза 0.60s роботу 2 в t=10.45s
2025-09-23 22:43:40 - ROBOTY.safety - DEBUG - Добавлена пауза 0.60s роботу 3 в t=10.45s
2025-09-23 22:43:40 - ROBOTY.safety - DEBUG - Добавлена пауза 0.60s роботу 2 в t=10.50s
2025-09-23 22:43:40 - ROBOTY.safety - DEBUG - Добавлена пауза 0.60s роботу 3 в t=10.50s
2025-09-23 22:43:40 - ROBOTY.safety - DEBUG - Добавлена пауза 0.60s роботу 2 в t=10.55s
2025-09-23 22:43:40 - ROBOTY.safety - DEBUG - Добавлена пауза 0.60s роботу 3 в t=10.55s
2025-09-23 22:43:40 - ROBOTY.safety - DEBUG - Добавлена пауза 0.60s роботу 2 в t=10.60s
2025-09-23 22:43:40 - ROBOTY.safety - DEBUG - Добавлена пауза 0.60s роботу 3 в t=10.60s
2025-09-23 22:43:40 - ROBOTY.safety - DEBUG - Добавлена пауза 0.60s роботу 2 в t=10.65s
2025-09-23 22:43:40 - ROBOTY.safety - DEBUG - Добавлена пауза 0.60s роботу 3 в t=10.65s
2025-09-23 22:43:40 - ROBOTY.safety - DEBUG - Добавлена пауза 0.60s роботу 2 в t=10.70s
2025-09-23 22:43:40 - ROBOTY.safety - DEBUG - Добавлена пауза 0.60s роботу 3 в t=10.70s
2025-09-23 22:43:40 - ROBOTY.safety - DEBUG - Добавлена пауза 0.60s роботу 2 в t=10.75s
2025-09-23 22:43:40 - ROBOTY.safety - DEBUG - Добавлена пауза 0.60s роботу 3 в t=10.75s
2025-09-23 22:43:40 - ROBOTY.safety - DEBUG - Добавлена пауза 0.60s роботу 2 в t=10.80s
2025-09-23 22:43:40 - ROBOTY.safety - DEBUG - Добавлена пауза 0.60s роботу 3 в t=10.80s
2025-09-23 22:43:40 - ROBOTY.safety - DEBUG - Добавлена пауза 0.60s роботу 2 в t=10.85s
2025-09-23 22:43:40 - ROBOTY.safety - DEBUG - Добавлена пауза 0.60s роботу 3 в t=10.85s
2025-09-23 22:43:40 - ROBOTY.safety - DEBUG - Добавлена пауза 0.60s роботу 2 в t=10.90s
2025-09-23 22:43:40 - ROBOTY.safety - DEBUG - Добавлена пауза 0.60s роботу 3 в t=10.90s
2025-09-23 22:43:40 - ROBOTY.safety - DEBUG - Добавлена пауза 0.60s роботу 2 в t=10.95s
2025-09-23 22:43:40 - ROBOTY.safety - DEBUG - Добавлена пауза 0.60s роботу 3 в t=10.95s
2025-09-23 22:43:40 - ROBOTY.safety - DEBUG - Добавлена пауза 0.60s роботу 2 в t=11.00s
2025-09-23 22:43:40 - ROBOTY.safety - DEBUG - Добавлена пауза 0.60s роботу 3 в t=11.00s
2025-09-23 22:43:40 - ROBOTY.safety - DEBUG - Добавлена пауза 0.60s роботу 2 в t=11.05s
2025-09-23 22:43:40 - ROBOTY.safety - DEBUG - Добавлена пауза 0.60s роботу 3 в t=11.05s
2025-09-23 22:43:40 - ROBOTY.safety - DEBUG - Добавлена пауза 0.60s роботу 2 в t=11.10s
2025-09-23 22:43:40 - ROBOTY.safety - DEBUG - Добавлена пауза 0.60s роботу 3 в t=11.10s
2025-09-23 22:43:40 - ROBOTY.safety - DEBUG - Добавлена пауза 0.60s роботу 2 в t=11.15s
2025-09-23 22:43:40 - ROBOTY.safety - DEBUG - Добавлена пауза 0.60s роботу 3 в t=11.15s
2025-09-23 22:43:40 - ROBOTY.safety - DEBUG - Добавлена пауза 0.60s роботу 2 в t=11.20s
2025-09-23 22:43:40 - ROBOTY.safety - DEBUG - Добавлена пауза 0.60s роботу 3 в t=11.20s
2025-09-23 22:43:40 - ROBOTY.safety - DEBUG - Добавлена пауза 0.60s роботу 2 в t=11.25s
2025-09-23 22:43:40 - ROBOTY.safety - DEBUG - Добавлена пауза 0.60s роботу 3 в t=11.25s
2025-09-23 22:43:40 - ROBOTY.safety - DEBUG - Добавлена пауза 0.60s роботу 2 в t=11.30s
2025-09-23 22:43:40 - ROBOTY.safety - DEBUG - Добавлена пауза 0.60s роботу 3 в t=11.30s
2025-09-23 22:43:40 - ROBOTY.safety - DEBUG - Добавлена пауза 0.60s роботу 2 в t=11.35s
2025-09-23 22:43:40 - ROBOTY.safety - DEBUG - Добавлена пауза 0.60s роботу 3 в t=11.35s
2025-09-23 22:43:40 - ROBOTY.safety - DEBUG - Добавлена пауза 0.60s роботу 2 в t=11.40s
2025-09-23 22:43:40 - ROBOTY.safety - DEBUG - Добавлена пауза 0.60s роботу 3 в t=11.40s
2025-09-23 22:43:40 - ROBOTY.safety - DEBUG - Добавлена пауза 0.60s роботу 2 в t=11.45s
2025-09-23 22:43:40 - ROBOTY.safety - DEBUG - Добавлена пауза 0.60s роботу 3 в t=11.45s
2025-09-23 22:43:40 - ROBOTY.safety - DEBUG - Добавлена пауза 0.60s роботу 2 в t=11.50s
2025-09-23 22:43:40 - ROBOTY.safety - DEBUG - Добавлена пауза 0.60s роботу 3 в t=11.50s
2025-09-23 22:43:40 - ROBOTY.safety - DEBUG - Добавлена пауза 0.60s роботу 2 в t=11.55s
2025-09-23 22:43:40 - ROBOTY.safety - DEBUG - Добавлена пауза 0.60s роботу 3 в t=11.55s
2025-09-23 22:43:40 - ROBOTY.safety - DEBUG - Добавлена пауза 0.60s роботу 2 в t=11.60s
2025-09-23 22:43:40 - ROBOTY.safety - DEBUG - Добавлена пауза 0.60s роботу 3 в t=11.60s
2025-09-23 22:43:40 - ROBOTY.safety - DEBUG - Добавлена пауза 0.60s роботу 2 в t=11.65s
2025-09-23 22:43:40 - ROBOTY.safety - DEBUG - Добавлена пауза 0.60s роботу 3 в t=11.65s
2025-09-23 22:43:40 - ROBOTY.safety - DEBUG - Добавлена пауза 0.60s роботу 2 в t=11.70s
2025-09-23 22:43:40 - ROBOTY.safety - DEBUG - Добавлена пауза 0.60s роботу 3 в t=11.70s
2025-09-23 22:43:40 - ROBOTY.safety - DEBUG - Добавлена пауза 0.60s роботу 2 в t=11.75s
2025-09-23 22:43:40 - ROBOTY.safety - DEBUG - Добавлена пауза 0.60s роботу 3 в t=11.75s
2025-09-23 22:43:40 - ROBOTY.safety - DEBUG - Добавлена пауза 0.60s роботу 1 в t=70.15s
2025-09-23 22:43:40 - ROBOTY.safety - DEBUG - Добавлена пауза 0.60s роботу 3 в t=70.15s
2025-09-23 22:43:40 - ROBOTY.safety - DEBUG - Добавлена пауза 0.60s роботу 1 в t=70.20s
2025-09-23 22:43:40 - ROBOTY.safety - DEBUG - Добавлена пауза 0.60s роботу 3 в t=70.20s
2025-09-23 22:43:40 - ROBOTY.safety - DEBUG - Добавлена пауза 0.60s роботу 1 в t=70.25s
2025-09-23 22:43:40 - ROBOTY.safety - DEBUG - Добавлена пауза 0.60s роботу 3 в t=70.25s
2025-09-23 22:43:40 - ROBOTY.safety - DEBUG - Добавлена пауза 0.60s роботу 1 в t=70.30s
2025-09-23 22:43:40 - ROBOTY.safety - DEBUG - Добавлена пауза 0.60s роботу 3 в t=70.30s
2025-09-23 22:43:40 - ROBOTY.safety - DEBUG - Добавлена пауза 0.60s роботу 1 в t=70.35s
2025-09-23 22:43:40 - ROBOTY.safety - DEBUG - Добавлена пауза 0.60s роботу 3 в t=70.35s
2025-09-23 22:43:40 - ROBOTY.safety - DEBUG - Добавлена пауза 0.60s роботу 1 в t=70.40s
2025-09-23 22:43:40 - ROBOTY.safety - DEBUG - Добавлена пауза 0.60s роботу 3 в t=70.40s
2025-09-23 22:43:40 - ROBOTY.safety - DEBUG - Добавлена пауза 0.60s роботу 1 в t=70.45s
2025-09-23 22:43:40 - ROBOTY.safety - DEBUG - Добавлена пауза 0.60s роботу 3 в t=70.45s
2025-09-23 22:43:40 - ROBOTY.safety - DEBUG - Добавлена пауза 0.60s роботу 1 в t=70.50s
2025-09-23 22:43:40 - ROBOTY.safety - DEBUG - Добавлена пауза 0.60s роботу 3 в t=70.50s
2025-09-23 22:43:40 - ROBOTY.safety - DEBUG - Добавлена пауза 0.60s роботу 1 в t=70.55s
2025-09-23 22:43:40 - ROBOTY.safety - DEBUG - Добавлена пауза 0.60s роботу 3 в t=70.55s
2025-09-23 22:43:40 - ROBOTY.safety - DEBUG - Добавлена пауза 0.60s роботу 1 в t=70.60s
2025-09-23 22:43:40 - ROBOTY.safety - DEBUG - Добавлена пауза 0.60s роботу 3 в t=70.60s
2025-09-23 22:43:40 - ROBOTY.safety - DEBUG - Добавлена пауза 0.60s роботу 1 в t=70.65s
2025-09-23 22:43:40 - ROBOTY.safety - DEBUG - Добавлена пауза 0.60s роботу 3 в t=70.65s
2025-09-23 22:43:40 - ROBOTY.safety - DEBUG - Добавлена пауза 0.60s роботу 1 в t=70.70s
2025-09-23 22:43:40 - ROBOTY.safety - DEBUG - Добавлена пауза 0.60s роботу 3 в t=70.70s
2025-09-23 22:43:40 - ROBOTY.safety - DEBUG - Добавлена пауза 0.60s роботу 1 в t=70.75s
2025-09-23 22:43:40 - ROBOTY.safety - DEBUG - Добавлена пауза 0.60s роботу 3 в t=70.75s
2025-09-23 22:43:40 - ROBOTY.safety - DEBUG - Добавлена пауза 0.60s роботу 1 в t=70.80s
2025-09-23 22:43:40 - ROBOTY.safety - DEBUG - Добавлена пауза 0.60s роботу 3 в t=70.80s
2025-09-23 22:43:40 - ROBOTY.safety - DEBUG - Добавлена пауза 0.60s роботу 1 в t=70.85s
2025-09-23 22:43:40 - ROBOTY.safety - DEBUG - Добавлена пауза 0.60s роботу 3 в t=70.85s
2025-09-23 22:43:40 - ROBOTY.safety - DEBUG - Добавлена пауза 0.60s роботу 1 в t=70.90s
2025-09-23 22:43:40 - ROBOTY.safety - DEBUG - Добавлена пауза 0.60s роботу 3 в t=70.90s
2025-09-23 22:43:40 - ROBOTY.safety - DEBUG - Добавлена пауза 0.60s роботу 1 в t=70.95s
2025-09-23 22:43:40 - ROBOTY.safety - DEBUG - Добавлена пауза 0.60s роботу 3 в t=70.95s
2025-09-23 22:43:40 - ROBOTY.safety - DEBUG - Добавлена пауза 0.60s роботу 1 в t=71.00s
2025-09-23 22:43:40 - ROBOTY.safety - DEBUG - Добавлена пауза 0.60s роботу 3 в t=71.00s
2025-09-23 22:43:40 - ROBOTY.safety - DEBUG - Добавлена пауза 0.60s роботу 1 в t=71.05s
2025-09-23 22:43:40 - ROBOTY.safety - DEBUG - Добавлена пауза 0.60s роботу 3 в t=71.05s
2025-09-23 22:43:40 - ROBOTY.safety - DEBUG - Добавлена пауза 0.60s роботу 1 в t=71.10s
2025-09-23 22:43:40 - ROBOTY.safety - DEBUG - Добавлена пауза 0.60s роботу 3 в t=71.10s
2025-09-23 22:43:40 - ROBOTY.safety - DEBUG - Добавлена пауза 0.60s роботу 1 в t=71.15s
2025-09-23 22:43:40 - ROBOTY.safety - DEBUG - Добавлена пауза 0.60s роботу 3 в t=71.15s
2025-09-23 22:43:40 - ROBOTY.safety - DEBUG - Добавлена пауза 0.60s роботу 1 в t=71.20s
2025-09-23 22:43:40 - ROBOTY.safety - DEBUG - Добавлена пауза 0.60s роботу 3 в t=71.20s
2025-09-23 22:43:40 - ROBOTY.safety - DEBUG - Добавлена пауза 0.60s роботу 1 в t=71.25s
2025-09-23 22:43:40 - ROBOTY.safety - DEBUG - Добавлена пауза 0.60s роботу 3 в t=71.25s
2025-09-23 22:43:40 - ROBOTY.safety - DEBUG - Добавлена пауза 0.60s роботу 1 в t=71.30s
2025-09-23 22:43:40 - ROBOTY.safety - DEBUG - Добавлена пауза 0.60s роботу 3 в t=71.30s
2025-09-23 22:43:40 - ROBOTY.safety - DEBUG - Добавлена пауза 0.60s роботу 1 в t=71.35s
2025-09-23 22:43:40 - ROBOTY.safety - DEBUG - Добавлена пауза 0.60s роботу 3 в t=71.35s
2025-09-23 22:43:40 - ROBOTY.safety - DEBUG - Добавлена пауза 0.60s роботу 1 в t=71.40s
2025-09-23 22:43:40 - ROBOTY.safety - DEBUG - Добавлена пауза 0.60s роботу 3 в t=71.40s
2025-09-23 22:43:40 - ROBOTY.safety - DEBUG - Добавлена пауза 0.60s роботу 1 в t=71.45s
2025-09-23 22:43:40 - ROBOTY.safety - DEBUG - Добавлена пауза 0.60s роботу 3 в t=71.45s
2025-09-23 22:43:40 - ROBOTY.safety - DEBUG - Добавлена пауза 0.60s роботу 1 в t=71.50s
2025-09-23 22:43:40 - ROBOTY.safety - DEBUG - Добавлена пауза 0.60s роботу 3 в t=71.50s
2025-09-23 22:43:40 - ROBOTY.safety - DEBUG - Добавлена пауза 0.60s роботу 1 в t=71.55s
2025-09-23 22:43:40 - ROBOTY.safety - DEBUG - Добавлена пауза 0.60s роботу 3 в t=71.55s
2025-09-23 22:43:40 - ROBOTY.safety - DEBUG - Добавлена пауза 0.60s роботу 1 в t=71.60s
2025-09-23 22:43:40 - ROBOTY.safety - DEBUG - Добавлена пауза 0.60s роботу 3 в t=71.60s
2025-09-23 22:43:40 - ROBOTY.safety - DEBUG - Добавлена пауза 0.60s роботу 1 в t=71.65s
2025-09-23 22:43:40 - ROBOTY.safety - DEBUG - Добавлена пауза 0.60s роботу 3 в t=71.65s
2025-09-23 22:43:40 - ROBOTY.safety - DEBUG - Добавлена пауза 0.60s роботу 1 в t=71.70s
2025-09-23 22:43:40 - ROBOTY.safety - DEBUG - Добавлена пауза 0.60s роботу 3 в t=71.70s
2025-09-23 22:43:40 - ROBOTY.safety - DEBUG - Добавлена пауза 0.60s роботу 1 в t=71.75s
2025-09-23 22:43:40 - ROBOTY.safety - DEBUG - Добавлена пауза 0.60s роботу 3 в t=71.75s
2025-09-23 22:43:40 - ROBOTY.safety - DEBUG - Добавлена пауза 0.60s роботу 1 в t=71.80s
2025-09-23 22:43:40 - ROBOTY.safety - DEBUG - Добавлена пауза 0.60s роботу 3 в t=71.80s
2025-09-23 22:43:40 - ROBOTY.safety - DEBUG - Добавлена пауза 0.60s роботу 1 в t=71.85s
2025-09-23 22:43:40 - ROBOTY.safety - DEBUG - Добавлена пауза 0.60s роботу 3 в t=71.85s
2025-09-23 22:43:40 - ROBOTY.safety - DEBUG - Добавлена пауза 0.60s роботу 1 в t=71.90s
2025-09-23 22:43:40 - ROBOTY.safety - DEBUG - Добавлена пауза 0.60s роботу 3 в t=71.90s
2025-09-23 22:43:40 - ROBOTY.safety - DEBUG - Добавлена пауза 0.60s роботу 1 в t=71.95s
2025-09-23 22:43:40 - ROBOTY.safety - DEBUG - Добавлена пауза 0.60s роботу 3 в t=71.95s
2025-09-23 22:43:40 - ROBOTY.safety - DEBUG - Добавлена пауза 0.60s роботу 1 в t=72.00s
2025-09-23 22:43:40 - ROBOTY.safety - DEBUG - Добавлена пауза 0.60s роботу 3 в t=72.00s
2025-09-23 22:43:40 - ROBOTY.safety - INFO - Онлайн-безопасность применена: паузы вставлены
2025-09-23 22:43:40 - ROBOTY.collision - INFO - Начинаем детальную проверку коллизий
2025-09-23 22:43:40 - ROBOTY.collision - DEBUG - Проверяем коллизии в диапазоне времени: 0.00 - 159.28
2025-09-23 22:43:40 - ROBOTY.collision - WARNING - Коллизия: роботы 2 и 3 в 10.10s, расстояние: 0.479, требуется: 0.500
2025-09-23 22:43:40 - ROBOTY.collision - WARNING - Коллизия: роботы 2 и 3 в 10.20s, расстояние: 0.479, требуется: 0.500
2025-09-23 22:43:40 - ROBOTY.collision - WARNING - Коллизия: роботы 2 и 3 в 10.30s, расстояние: 0.479, требуется: 0.500
2025-09-23 22:43:40 - ROBOTY.collision - WARNING - Коллизия: роботы 2 и 3 в 10.40s, расстояние: 0.479, требуется: 0.500
2025-09-23 22:43:40 - ROBOTY.collision - WARNING - Коллизия: роботы 2 и 3 в 10.50s, расстояние: 0.479, требуется: 0.500
2025-09-23 22:43:40 - ROBOTY.collision - WARNING - Коллизия: роботы 2 и 3 в 10.60s, расстояние: 0.479, требуется: 0.500
2025-09-23 22:43:40 - ROBOTY.collision - WARNING - Коллизия: роботы 2 и 3 в 10.70s, расстояние: 0.479, требуется: 0.500
2025-09-23 22:43:40 - ROBOTY.collision - WARNING - Коллизия: роботы 2 и 3 в 10.80s, расстояние: 0.479, требуется: 0.500
2025-09-23 22:43:40 - ROBOTY.collision - WARNING - Коллизия: роботы 2 и 3 в 10.90s, расстояние: 0.479, требуется: 0.500
2025-09-23 22:43:40 - ROBOTY.collision - WARNING - Коллизия: роботы 2 и 3 в 11.00s, расстояние: 0.479, требуется: 0.500
2025-09-23 22:43:40 - ROBOTY.collision - WARNING - Коллизия: роботы 2 и 3 в 11.10s, расстояние: 0.479, требуется: 0.500
2025-09-23 22:43:40 - ROBOTY.collision - WARNING - Коллизия: роботы 2 и 3 в 11.20s, расстояние: 0.479, требуется: 0.500
2025-09-23 22:43:40 - ROBOTY.collision - WARNING - Коллизия: роботы 2 и 3 в 11.30s, расстояние: 0.479, требуется: 0.500
2025-09-23 22:43:40 - ROBOTY.collision - WARNING - Коллизия: роботы 2 и 3 в 11.40s, расстояние: 0.479, требуется: 0.500
2025-09-23 22:43:40 - ROBOTY.collision - WARNING - Коллизия: роботы 2 и 3 в 11.50s, расстояние: 0.479, требуется: 0.500
2025-09-23 22:43:40 - ROBOTY.collision - WARNING - Коллизия: роботы 2 и 3 в 11.60s, расстояние: 0.479, требуется: 0.500
2025-09-23 22:43:40 - ROBOTY.collision - WARNING - Коллизия: роботы 2 и 3 в 11.70s, расстояние: 0.479, требуется: 0.500
2025-09-23 22:43:40 - ROBOTY.collision - WARNING - Коллизия: роботы 2 и 3 в 11.80s, расстояние: 0.479, требуется: 0.500
2025-09-23 22:43:40 - ROBOTY.collision - WARNING - Коллизия: роботы 2 и 3 в 11.90s, расстояние: 0.479, требуется: 0.500
2025-09-23 22:43:40 - ROBOTY.collision - WARNING - Коллизия: роботы 2 и 3 в 12.00s, расстояние: 0.479, требуется: 0.500
2025-09-23 22:43:40 - ROBOTY.collision - WARNING - Коллизия: роботы 2 и 3 в 12.10s, расстояние: 0.479, требуется: 0.500
2025-09-23 22:43:40 - ROBOTY.collision - WARNING - Коллизия: роботы 2 и 3 в 12.20s, расстояние: 0.479, требуется: 0.500
2025-09-23 22:43:40 - ROBOTY.collision - WARNING - Коллизия: роботы 2 и 3 в 12.30s, расстояние: 0.479, требуется: 0.500
2025-09-23 22:43:40 - ROBOTY.collision - WARNING - Коллизия: роботы 2 и 3 в 12.40s, расстояние: 0.479, требуется: 0.500
2025-09-23 22:43:40 - ROBOTY.collision - WARNING - Коллизия: роботы 2 и 3 в 12.50s, расстояние: 0.479, требуется: 0.500
2025-09-23 22:43:40 - ROBOTY.collision - WARNING - Коллизия: роботы 2 и 3 в 12.60s, расстояние: 0.479, требуется: 0.500
2025-09-23 22:43:40 - ROBOTY.collision - WARNING - Коллизия: роботы 2 и 3 в 12.70s, расстояние: 0.479, требуется: 0.500
2025-09-23 22:43:40 - ROBOTY.collision - WARNING - Коллизия: роботы 2 и 3 в 12.80s, расстояние: 0.479, требуется: 0.500
2025-09-23 22:43:40 - ROBOTY.collision - WARNING - Коллизия: роботы 2 и 3 в 12.90s, расстояние: 0.479, требуется: 0.500
2025-09-23 22:43:40 - ROBOTY.collision - WARNING - Коллизия: роботы 2 и 3 в 13.00s, расстояние: 0.479, требуется: 0.500
2025-09-23 22:43:40 - ROBOTY.collision - WARNING - Коллизия: роботы 2 и 3 в 13.10s, расстояние: 0.479, требуется: 0.500
2025-09-23 22:43:40 - ROBOTY.collision - WARNING - Коллизия: роботы 2 и 3 в 13.20s, расстояние: 0.479, требуется: 0.500
2025-09-23 22:43:40 - ROBOTY.collision - WARNING - Коллизия: роботы 2 и 3 в 13.30s, расстояние: 0.479, требуется: 0.500
2025-09-23 22:43:40 - ROBOTY.collision - WARNING - Коллизия: роботы 2 и 3 в 13.40s, расстояние: 0.479, требуется: 0.500
2025-09-23 22:43:40 - ROBOTY.collision - WARNING - Коллизия: роботы 2 и 3 в 13.50s, расстояние: 0.479, требуется: 0.500
2025-09-23 22:43:40 - ROBOTY.collision - WARNING - Коллизия: роботы 2 и 3 в 13.60s, расстояние: 0.479, требуется: 0.500
2025-09-23 22:43:40 - ROBOTY.collision - WARNING - Коллизия: роботы 2 и 3 в 13.70s, расстояние: 0.479, требуется: 0.500
2025-09-23 22:43:40 - ROBOTY.collision - WARNING - Коллизия: роботы 2 и 3 в 13.80s, расстояние: 0.479, требуется: 0.500
2025-09-23 22:43:40 - ROBOTY.collision - WARNING - Коллизия: роботы 2 и 3 в 13.90s, расстояние: 0.479, требуется: 0.500
2025-09-23 22:43:40 - ROBOTY.collision - WARNING - Коллизия: роботы 2 и 3 в 14.00s, расстояние: 0.479, требуется: 0.500
2025-09-23 22:43:40 - ROBOTY.collision - WARNING - Коллизия: роботы 2 и 3 в 14.10s, расстояние: 0.479, требуется: 0.500
2025-09-23 22:43:40 - ROBOTY.collision - WARNING - Коллизия: роботы 2 и 3 в 14.20s, расстояние: 0.479, требуется: 0.500
2025-09-23 22:43:40 - ROBOTY.collision - WARNING - Коллизия: роботы 2 и 3 в 14.30s, расстояние: 0.479, требуется: 0.500
2025-09-23 22:43:40 - ROBOTY.collision - WARNING - Коллизия: роботы 2 и 3 в 14.40s, расстояние: 0.479, требуется: 0.500
2025-09-23 22:43:40 - ROBOTY.collision - WARNING - Коллизия: роботы 2 и 3 в 14.50s, расстояние: 0.479, требуется: 0.500
2025-09-23 22:43:40 - ROBOTY.collision - WARNING - Коллизия: роботы 2 и 3 в 14.60s, расстояние: 0.479, требуется: 0.500
2025-09-23 22:43:40 - ROBOTY.collision - WARNING - Коллизия: роботы 2 и 3 в 14.70s, расстояние: 0.479, требуется: 0.500
2025-09-23 22:43:40 - ROBOTY.collision - WARNING - Коллизия: роботы 2 и 3 в 14.80s, расстояние: 0.479, требуется: 0.500
2025-09-23 22:43:40 - ROBOTY.collision - WARNING - Коллизия: роботы 2 и 3 в 14.90s, расстояние: 0.479, требуется: 0.500
2025-09-23 22:43:40 - ROBOTY.collision - WARNING - Коллизия: роботы 2 и 3 в 15.00s, расстояние: 0.479, требуется: 0.500
2025-09-23 22:43:40 - ROBOTY.collision - WARNING - Коллизия: роботы 2 и 3 в 15.10s, расстояние: 0.479, требуется: 0.500
2025-09-23 22:43:40 - ROBOTY.collision - WARNING - Коллизия: роботы 2 и 3 в 15.20s, расстояние: 0.479, требуется: 0.500
2025-09-23 22:43:40 - ROBOTY.collision - WARNING - Коллизия: роботы 2 и 3 в 15.30s, расстояние: 0.479, требуется: 0.500
2025-09-23 22:43:40 - ROBOTY.collision - WARNING - Коллизия: роботы 2 и 3 в 15.40s, расстояние: 0.479, требуется: 0.500
2025-09-23 22:43:40 - ROBOTY.collision - WARNING - Коллизия: роботы 2 и 3 в 15.50s, расстояние: 0.479, требуется: 0.500
2025-09-23 22:43:40 - ROBOTY.collision - WARNING - Коллизия: роботы 2 и 3 в 15.60s, расстояние: 0.479, требуется: 0.500
2025-09-23 22:43:40 - ROBOTY.collision - WARNING - Коллизия: роботы 2 и 3 в 15.70s, расстояние: 0.479, требуется: 0.500
2025-09-23 22:43:40 - ROBOTY.collision - WARNING - Коллизия: роботы 2 и 3 в 15.80s, расстояние: 0.479, требуется: 0.500
2025-09-23 22:43:40 - ROBOTY.collision - WARNING - Коллизия: роботы 2 и 3 в 15.90s, расстояние: 0.479, требуется: 0.500
2025-09-23 22:43:40 - ROBOTY.collision - WARNING - Коллизия: роботы 2 и 3 в 16.00s, расстояние: 0.479, требуется: 0.500
2025-09-23 22:43:40 - ROBOTY.collision - WARNING - Коллизия: роботы 2 и 3 в 16.10s, расстояние: 0.479, требуется: 0.500
2025-09-23 22:43:40 - ROBOTY.collision - WARNING - Коллизия: роботы 2 и 3 в 16.20s, расстояние: 0.479, требуется: 0.500
2025-09-23 22:43:40 - ROBOTY.collision - WARNING - Коллизия: роботы 2 и 3 в 16.30s, расстояние: 0.479, требуется: 0.500
2025-09-23 22:43:40 - ROBOTY.collision - WARNING - Коллизия: роботы 2 и 3 в 16.40s, расстояние: 0.479, требуется: 0.500
2025-09-23 22:43:40 - ROBOTY.collision - WARNING - Коллизия: роботы 2 и 3 в 16.50s, расстояние: 0.479, требуется: 0.500
2025-09-23 22:43:40 - ROBOTY.collision - WARNING - Коллизия: роботы 2 и 3 в 16.60s, расстояние: 0.479, требуется: 0.500
2025-09-23 22:43:40 - ROBOTY.collision - WARNING - Коллизия: роботы 2 и 3 в 16.70s, расстояние: 0.479, требуется: 0.500
2025-09-23 22:43:40 - ROBOTY.collision - WARNING - Коллизия: роботы 2 и 3 в 16.80s, расстояние: 0.479, требуется: 0.500
2025-09-23 22:43:40 - ROBOTY.collision - WARNING - Коллизия: роботы 2 и 3 в 16.90s, расстояние: 0.479, требуется: 0.500
2025-09-23 22:43:40 - ROBOTY.collision - WARNING - Коллизия: роботы 2 и 3 в 17.00s, расстояние: 0.479, требуется: 0.500
2025-09-23 22:43:40 - ROBOTY.collision - WARNING - Коллизия: роботы 2 и 3 в 17.10s, расстояние: 0.479, требуется: 0.500
2025-09-23 22:43:40 - ROBOTY.collision - WARNING - Коллизия: роботы 2 и 3 в 17.20s, расстояние: 0.479, требуется: 0.500
2025-09-23 22:43:40 - ROBOTY.collision - WARNING - Коллизия: роботы 2 и 3 в 17.30s, расстояние: 0.479, требуется: 0.500
2025-09-23 22:43:40 - ROBOTY.collision - WARNING - Коллизия: роботы 2 и 3 в 17.40s, расстояние: 0.479, требуется: 0.500
2025-09-23 22:43:40 - ROBOTY.collision - WARNING - Коллизия: роботы 2 и 3 в 17.50s, расстояние: 0.479, требуется: 0.500
2025-09-23 22:43:40 - ROBOTY.collision - WARNING - Коллизия: роботы 2 и 3 в 17.60s, расстояние: 0.479, требуется: 0.500
2025-09-23 22:43:40 - ROBOTY.collision - WARNING - Коллизия: роботы 2 и 3 в 17.70s, расстояние: 0.479, требуется: 0.500
2025-09-23 22:43:40 - ROBOTY.collision - WARNING - Коллизия: роботы 2 и 3 в 17.80s, расстояние: 0.479, требуется: 0.500
2025-09-23 22:43:40 - ROBOTY.collision - WARNING - Коллизия: роботы 2 и 3 в 17.90s, расстояние: 0.479, требуется: 0.500
2025-09-23 22:43:40 - ROBOTY.collision - WARNING - Коллизия: роботы 2 и 3 в 18.00s, расстояние: 0.479, требуется: 0.500
2025-09-23 22:43:40 - ROBOTY.collision - WARNING - Коллизия: роботы 2 и 3 в 18.10s, расстояние: 0.479, требуется: 0.500
2025-09-23 22:43:40 - ROBOTY.collision - WARNING - Коллизия: роботы 2 и 3 в 18.20s, расстояние: 0.479, требуется: 0.500
2025-09-23 22:43:40 - ROBOTY.collision - WARNING - Коллизия: роботы 2 и 3 в 18.30s, расстояние: 0.479, требуется: 0.500
2025-09-23 22:43:40 - ROBOTY.collision - WARNING - Коллизия: роботы 2 и 3 в 18.40s, расстояние: 0.479, требуется: 0.500
2025-09-23 22:43:40 - ROBOTY.collision - WARNING - Коллизия: роботы 2 и 3 в 18.50s, расстояние: 0.479, требуется: 0.500
2025-09-23 22:43:40 - ROBOTY.collision - WARNING - Коллизия: роботы 2 и 3 в 18.60s, расстояние: 0.479, требуется: 0.500
2025-09-23 22:43:40 - ROBOTY.collision - WARNING - Коллизия: роботы 2 и 3 в 18.70s, расстояние: 0.479, требуется: 0.500
2025-09-23 22:43:40 - ROBOTY.collision - WARNING - Коллизия: роботы 2 и 3 в 18.80s, расстояние: 0.479, требуется: 0.500
2025-09-23 22:43:40 - ROBOTY.collision - WARNING - Коллизия: роботы 2 и 3 в 18.90s, расстояние: 0.479, требуется: 0.500
2025-09-23 22:43:40 - ROBOTY.collision - WARNING - Коллизия: роботы 2 и 3 в 19.00s, расстояние: 0.479, требуется: 0.500
2025-09-23 22:43:40 - ROBOTY.collision - WARNING - Коллизия: роботы 2 и 3 в 19.10s, расстояние: 0.479, требуется: 0.500
2025-09-23 22:43:40 - ROBOTY.collision - WARNING - Коллизия: роботы 2 и 3 в 19.20s, расстояние: 0.479, требуется: 0.500
2025-09-23 22:43:40 - ROBOTY.collision - WARNING - Коллизия: роботы 2 и 3 в 19.30s, расстояние: 0.479, требуется: 0.500
2025-09-23 22:43:40 - ROBOTY.collision - WARNING - Коллизия: роботы 2 и 3 в 19.40s, расстояние: 0.479, требуется: 0.500
2025-09-23 22:43:40 - ROBOTY.collision - WARNING - Коллизия: роботы 2 и 3 в 19.50s, расстояние: 0.479, требуется: 0.500
2025-09-23 22:43:40 - ROBOTY.collision - WARNING - Коллизия: роботы 2 и 3 в 19.60s, расстояние: 0.479, требуется: 0.500
2025-09-23 22:43:40 - ROBOTY.collision - WARNING - Коллизия: роботы 2 и 3 в 19.70s, расстояние: 0.479, требуется: 0.500
2025-09-23 22:43:40 - ROBOTY.collision - WARNING - Коллизия: роботы 2 и 3 в 19.80s, расстояние: 0.479, требуется: 0.500
2025-09-23 22:43:40 - ROBOTY.collision - WARNING - Коллизия: роботы 2 и 3 в 19.90s, расстояние: 0.479, требуется: 0.500
2025-09-23 22:43:40 - ROBOTY.collision - WARNING - Коллизия: роботы 2 и 3 в 20.00s, расстояние: 0.479, требуется: 0.500
2025-09-23 22:43:40 - ROBOTY.collision - WARNING - Коллизия: роботы 2 и 3 в 20.10s, расстояние: 0.479, требуется: 0.500
2025-09-23 22:43:40 - ROBOTY.collision - WARNING - Коллизия: роботы 2 и 3 в 20.20s, расстояние: 0.479, требуется: 0.500
2025-09-23 22:43:40 - ROBOTY.collision - WARNING - Коллизия: роботы 2 и 3 в 20.30s, расстояние: 0.479, требуется: 0.500
2025-09-23 22:43:40 - ROBOTY.collision - WARNING - Коллизия: роботы 2 и 3 в 20.40s, расстояние: 0.479, требуется: 0.500
2025-09-23 22:43:40 - ROBOTY.collision - WARNING - Коллизия: роботы 2 и 3 в 20.50s, расстояние: 0.479, требуется: 0.500
2025-09-23 22:43:40 - ROBOTY.collision - WARNING - Коллизия: роботы 2 и 3 в 20.60s, расстояние: 0.479, требуется: 0.500
2025-09-23 22:43:40 - ROBOTY.collision - WARNING - Коллизия: роботы 2 и 3 в 20.70s, расстояние: 0.479, требуется: 0.500
2025-09-23 22:43:40 - ROBOTY.collision - WARNING - Коллизия: роботы 2 и 3 в 20.80s, расстояние: 0.479, требуется: 0.500
2025-09-23 22:43:40 - ROBOTY.collision - WARNING - Коллизия: роботы 2 и 3 в 20.90s, расстояние: 0.479, требуется: 0.500
2025-09-23 22:43:40 - ROBOTY.collision - WARNING - Коллизия: роботы 2 и 3 в 21.00s, расстояние: 0.479, требуется: 0.500
2025-09-23 22:43:40 - ROBOTY.collision - WARNING - Коллизия: роботы 2 и 3 в 21.10s, расстояние: 0.479, требуется: 0.500
2025-09-23 22:43:40 - ROBOTY.collision - WARNING - Коллизия: роботы 2 и 3 в 21.20s, расстояние: 0.479, требуется: 0.500
2025-09-23 22:43:40 - ROBOTY.collision - WARNING - Коллизия: роботы 2 и 3 в 21.30s, расстояние: 0.479, требуется: 0.500
2025-09-23 22:43:40 - ROBOTY.collision - WARNING - Коллизия: роботы 2 и 3 в 21.40s, расстояние: 0.479, требуется: 0.500
2025-09-23 22:43:40 - ROBOTY.collision - WARNING - Коллизия: роботы 2 и 3 в 21.50s, расстояние: 0.479, требуется: 0.500
2025-09-23 22:43:40 - ROBOTY.collision - WARNING - Коллизия: роботы 2 и 3 в 21.60s, расстояние: 0.479, требуется: 0.500
2025-09-23 22:43:40 - ROBOTY.collision - WARNING - Коллизия: роботы 2 и 3 в 21.70s, расстояние: 0.479, требуется: 0.500
2025-09-23 22:43:40 - ROBOTY.collision - WARNING - Коллизия: роботы 2 и 3 в 21.80s, расстояние: 0.479, требуется: 0.500
2025-09-23 22:43:40 - ROBOTY.collision - WARNING - Коллизия: роботы 2 и 3 в 21.90s, расстояние: 0.479, требуется: 0.500
2025-09-23 22:43:40 - ROBOTY.collision - WARNING - Коллизия: роботы 2 и 3 в 22.00s, расстояние: 0.479, требуется: 0.500
2025-09-23 22:43:40 - ROBOTY.collision - WARNING - Коллизия: роботы 2 и 3 в 22.10s, расстояние: 0.479, требуется: 0.500
2025-09-23 22:43:40 - ROBOTY.collision - WARNING - Коллизия: роботы 2 и 3 в 22.20s, расстояние: 0.479, требуется: 0.500
2025-09-23 22:43:40 - ROBOTY.collision - WARNING - Коллизия: роботы 2 и 3 в 22.30s, расстояние: 0.479, требуется: 0.500
2025-09-23 22:43:40 - ROBOTY.collision - WARNING - Коллизия: роботы 2 и 3 в 22.40s, расстояние: 0.479, требуется: 0.500
2025-09-23 22:43:40 - ROBOTY.collision - WARNING - Коллизия: роботы 2 и 3 в 22.50s, расстояние: 0.479, требуется: 0.500
2025-09-23 22:43:40 - ROBOTY.collision - WARNING - Коллизия: роботы 2 и 3 в 22.60s, расстояние: 0.479, требуется: 0.500
2025-09-23 22:43:40 - ROBOTY.collision - WARNING - Коллизия: роботы 2 и 3 в 22.70s, расстояние: 0.479, требуется: 0.500
2025-09-23 22:43:40 - ROBOTY.collision - WARNING - Коллизия: роботы 2 и 3 в 22.80s, расстояние: 0.479, требуется: 0.500
2025-09-23 22:43:40 - ROBOTY.collision - WARNING - Коллизия: роботы 2 и 3 в 22.90s, расстояние: 0.479, требуется: 0.500
2025-09-23 22:43:40 - ROBOTY.collision - WARNING - Коллизия: роботы 2 и 3 в 23.00s, расстояние: 0.479, требуется: 0.500
2025-09-23 22:43:40 - ROBOTY.collision - WARNING - Коллизия: роботы 2 и 3 в 23.10s, расстояние: 0.479, требуется: 0.500
2025-09-23 22:43:40 - ROBOTY.collision - WARNING - Коллизия: роботы 2 и 3 в 23.20s, расстояние: 0.479, требуется: 0.500
2025-09-23 22:43:40 - ROBOTY.collision - WARNING - Коллизия: роботы 2 и 3 в 23.30s, расстояние: 0.479, требуется: 0.500
2025-09-23 22:43:40 - ROBOTY.collision - WARNING - Коллизия: роботы 2 и 3 в 23.40s, расстояние: 0.479, требуется: 0.500
2025-09-23 22:43:40 - ROBOTY.collision - WARNING - Коллизия: роботы 2 и 3 в 23.50s, расстояние: 0.479, требуется: 0.500
2025-09-23 22:43:40 - ROBOTY.collision - WARNING - Коллизия: роботы 2 и 3 в 23.60s, расстояние: 0.479, требуется: 0.500
2025-09-23 22:43:40 - ROBOTY.collision - WARNING - Коллизия: роботы 2 и 3 в 23.70s, расстояние: 0.479, требуется: 0.500
2025-09-23 22:43:40 - ROBOTY.collision - WARNING - Коллизия: роботы 2 и 3 в 23.80s, расстояние: 0.479, требуется: 0.500
2025-09-23 22:43:40 - ROBOTY.collision - WARNING - Коллизия: роботы 2 и 3 в 23.90s, расстояние: 0.479, требуется: 0.500
2025-09-23 22:43:40 - ROBOTY.collision - WARNING - Коллизия: роботы 2 и 3 в 24.00s, расстояние: 0.479, требуется: 0.500
2025-09-23 22:43:40 - ROBOTY.collision - WARNING - Коллизия: роботы 2 и 3 в 24.10s, расстояние: 0.479, требуется: 0.500
2025-09-23 22:43:40 - ROBOTY.collision - WARNING - Коллизия: роботы 2 и 3 в 24.20s, расстояние: 0.479, требуется: 0.500
2025-09-23 22:43:40 - ROBOTY.collision - WARNING - Коллизия: роботы 2 и 3 в 24.30s, расстояние: 0.479, требуется: 0.500
2025-09-23 22:43:40 - ROBOTY.collision - WARNING - Коллизия: роботы 2 и 3 в 24.40s, расстояние: 0.479, требуется: 0.500
2025-09-23 22:43:40 - ROBOTY.collision - WARNING - Коллизия: роботы 2 и 3 в 24.50s, расстояние: 0.479, требуется: 0.500
2025-09-23 22:43:41 - ROBOTY.collision - WARNING - Коллизия: роботы 2 и 3 в 24.60s, расстояние: 0.479, требуется: 0.500
2025-09-23 22:43:41 - ROBOTY.collision - WARNING - Коллизия: роботы 2 и 3 в 24.70s, расстояние: 0.479, требуется: 0.500
2025-09-23 22:43:41 - ROBOTY.collision - WARNING - Коллизия: роботы 2 и 3 в 24.80s, расстояние: 0.479, требуется: 0.500
2025-09-23 22:43:41 - ROBOTY.collision - WARNING - Коллизия: роботы 2 и 3 в 24.90s, расстояние: 0.479, требуется: 0.500
2025-09-23 22:43:41 - ROBOTY.collision - WARNING - Коллизия: роботы 2 и 3 в 25.00s, расстояние: 0.479, требуется: 0.500
2025-09-23 22:43:41 - ROBOTY.collision - WARNING - Коллизия: роботы 2 и 3 в 25.10s, расстояние: 0.479, требуется: 0.500
2025-09-23 22:43:41 - ROBOTY.collision - WARNING - Коллизия: роботы 2 и 3 в 25.20s, расстояние: 0.479, требуется: 0.500
2025-09-23 22:43:41 - ROBOTY.collision - WARNING - Коллизия: роботы 2 и 3 в 25.30s, расстояние: 0.479, требуется: 0.500
2025-09-23 22:43:41 - ROBOTY.collision - WARNING - Коллизия: роботы 2 и 3 в 25.40s, расстояние: 0.479, требуется: 0.500
2025-09-23 22:43:41 - ROBOTY.collision - WARNING - Коллизия: роботы 2 и 3 в 25.50s, расстояние: 0.479, требуется: 0.500
2025-09-23 22:43:41 - ROBOTY.collision - WARNING - Коллизия: роботы 2 и 3 в 25.60s, расстояние: 0.479, требуется: 0.500
2025-09-23 22:43:41 - ROBOTY.collision - WARNING - Коллизия: роботы 2 и 3 в 25.70s, расстояние: 0.479, требуется: 0.500
2025-09-23 22:43:41 - ROBOTY.collision - WARNING - Коллизия: роботы 2 и 3 в 25.80s, расстояние: 0.479, требуется: 0.500
2025-09-23 22:43:41 - ROBOTY.collision - WARNING - Коллизия: роботы 2 и 3 в 25.90s, расстояние: 0.479, требуется: 0.500
2025-09-23 22:43:41 - ROBOTY.collision - WARNING - Коллизия: роботы 2 и 3 в 26.00s, расстояние: 0.479, требуется: 0.500
2025-09-23 22:43:41 - ROBOTY.collision - WARNING - Коллизия: роботы 2 и 3 в 26.10s, расстояние: 0.479, требуется: 0.500
2025-09-23 22:43:41 - ROBOTY.collision - WARNING - Коллизия: роботы 2 и 3 в 26.20s, расстояние: 0.479, требуется: 0.500
2025-09-23 22:43:41 - ROBOTY.collision - WARNING - Коллизия: роботы 2 и 3 в 26.30s, расстояние: 0.479, требуется: 0.500
2025-09-23 22:43:41 - ROBOTY.collision - WARNING - Коллизия: роботы 2 и 3 в 26.40s, расстояние: 0.479, требуется: 0.500
2025-09-23 22:43:41 - ROBOTY.collision - WARNING - Коллизия: роботы 2 и 3 в 26.50s, расстояние: 0.479, требуется: 0.500
2025-09-23 22:43:41 - ROBOTY.collision - WARNING - Коллизия: роботы 2 и 3 в 26.60s, расстояние: 0.479, требуется: 0.500
2025-09-23 22:43:41 - ROBOTY.collision - WARNING - Коллизия: роботы 2 и 3 в 26.70s, расстояние: 0.479, требуется: 0.500
2025-09-23 22:43:41 - ROBOTY.collision - WARNING - Коллизия: роботы 2 и 3 в 26.80s, расстояние: 0.479, требуется: 0.500
2025-09-23 22:43:41 - ROBOTY.collision - WARNING - Коллизия: роботы 2 и 3 в 26.90s, расстояние: 0.479, требуется: 0.500
2025-09-23 22:43:41 - ROBOTY.collision - WARNING - Коллизия: роботы 2 и 3 в 27.00s, расстояние: 0.479, требуется: 0.500
2025-09-23 22:43:41 - ROBOTY.collision - WARNING - Коллизия: роботы 2 и 3 в 27.10s, расстояние: 0.479, требуется: 0.500
2025-09-23 22:43:41 - ROBOTY.collision - WARNING - Коллизия: роботы 2 и 3 в 27.20s, расстояние: 0.479, требуется: 0.500
2025-09-23 22:43:41 - ROBOTY.collision - WARNING - Коллизия: роботы 2 и 3 в 27.30s, расстояние: 0.479, требуется: 0.500
2025-09-23 22:43:41 - ROBOTY.collision - WARNING - Коллизия: роботы 2 и 3 в 27.40s, расстояние: 0.479, требуется: 0.500
2025-09-23 22:43:41 - ROBOTY.collision - WARNING - Коллизия: роботы 2 и 3 в 27.50s, расстояние: 0.479, требуется: 0.500
2025-09-23 22:43:41 - ROBOTY.collision - WARNING - Коллизия: роботы 2 и 3 в 27.60s, расстояние: 0.479, требуется: 0.500
2025-09-23 22:43:41 - ROBOTY.collision - WARNING - Коллизия: роботы 2 и 3 в 27.70s, расстояние: 0.479, требуется: 0.500
2025-09-23 22:43:41 - ROBOTY.collision - WARNING - Коллизия: роботы 2 и 3 в 27.80s, расстояние: 0.479, требуется: 0.500
2025-09-23 22:43:41 - ROBOTY.collision - WARNING - Коллизия: роботы 2 и 3 в 27.90s, расстояние: 0.479, требуется: 0.500
2025-09-23 22:43:41 - ROBOTY.collision - WARNING - Коллизия: роботы 2 и 3 в 28.00s, расстояние: 0.479, требуется: 0.500
2025-09-23 22:43:41 - ROBOTY.collision - WARNING - Коллизия: роботы 2 и 3 в 28.10s, расстояние: 0.479, требуется: 0.500
2025-09-23 22:43:41 - ROBOTY.collision - WARNING - Коллизия: роботы 2 и 3 в 28.20s, расстояние: 0.479, требуется: 0.500
2025-09-23 22:43:41 - ROBOTY.collision - WARNING - Коллизия: роботы 2 и 3 в 28.30s, расстояние: 0.479, требуется: 0.500
2025-09-23 22:43:41 - ROBOTY.collision - WARNING - Коллизия: роботы 2 и 3 в 28.40s, расстояние: 0.479, требуется: 0.500
2025-09-23 22:43:41 - ROBOTY.collision - WARNING - Коллизия: роботы 2 и 3 в 28.50s, расстояние: 0.479, требуется: 0.500
2025-09-23 22:43:41 - ROBOTY.collision - WARNING - Коллизия: роботы 2 и 3 в 28.60s, расстояние: 0.479, требуется: 0.500
2025-09-23 22:43:41 - ROBOTY.collision - WARNING - Коллизия: роботы 2 и 3 в 28.70s, расстояние: 0.479, требуется: 0.500
2025-09-23 22:43:41 - ROBOTY.collision - WARNING - Коллизия: роботы 2 и 3 в 28.80s, расстояние: 0.479, требуется: 0.500
2025-09-23 22:43:41 - ROBOTY.collision - WARNING - Коллизия: роботы 2 и 3 в 28.90s, расстояние: 0.479, требуется: 0.500
2025-09-23 22:43:41 - ROBOTY.collision - WARNING - Коллизия: роботы 2 и 3 в 29.00s, расстояние: 0.479, требуется: 0.500
2025-09-23 22:43:41 - ROBOTY.collision - WARNING - Коллизия: роботы 2 и 3 в 29.10s, расстояние: 0.479, требуется: 0.500
2025-09-23 22:43:41 - ROBOTY.collision - WARNING - Коллизия: роботы 2 и 3 в 29.20s, расстояние: 0.479, требуется: 0.500
2025-09-23 22:43:41 - ROBOTY.collision - WARNING - Коллизия: роботы 2 и 3 в 29.30s, расстояние: 0.479, требуется: 0.500
2025-09-23 22:43:41 - ROBOTY.collision - WARNING - Коллизия: роботы 2 и 3 в 29.40s, расстояние: 0.479, требуется: 0.500
2025-09-23 22:43:41 - ROBOTY.collision - WARNING - Коллизия: роботы 2 и 3 в 29.50s, расстояние: 0.479, требуется: 0.500
2025-09-23 22:43:41 - ROBOTY.collision - WARNING - Коллизия: роботы 2 и 3 в 29.60s, расстояние: 0.479, требуется: 0.500
2025-09-23 22:43:41 - ROBOTY.collision - WARNING - Коллизия: роботы 2 и 3 в 29.70s, расстояние: 0.479, требуется: 0.500
2025-09-23 22:43:41 - ROBOTY.collision - WARNING - Коллизия: роботы 2 и 3 в 29.80s, расстояние: 0.479, требуется: 0.500
2025-09-23 22:43:41 - ROBOTY.collision - WARNING - Коллизия: роботы 2 и 3 в 29.90s, расстояние: 0.479, требуется: 0.500
2025-09-23 22:43:41 - ROBOTY.collision - WARNING - Коллизия: роботы 2 и 3 в 30.00s, расстояние: 0.479, требуется: 0.500
2025-09-23 22:43:41 - ROBOTY.collision - WARNING - Коллизия: роботы 2 и 3 в 30.10s, расстояние: 0.479, требуется: 0.500
2025-09-23 22:43:41 - ROBOTY.collision - WARNING - Коллизия: роботы 2 и 3 в 30.20s, расстояние: 0.479, требуется: 0.500
2025-09-23 22:43:41 - ROBOTY.collision - WARNING - Коллизия: роботы 2 и 3 в 30.30s, расстояние: 0.479, требуется: 0.500
2025-09-23 22:43:41 - ROBOTY.collision - WARNING - Коллизия: роботы 2 и 3 в 30.40s, расстояние: 0.479, требуется: 0.500
2025-09-23 22:43:41 - ROBOTY.collision - WARNING - Коллизия: роботы 2 и 3 в 30.50s, расстояние: 0.479, требуется: 0.500
2025-09-23 22:43:41 - ROBOTY.collision - WARNING - Коллизия: роботы 2 и 3 в 30.60s, расстояние: 0.479, требуется: 0.500
2025-09-23 22:43:41 - ROBOTY.collision - WARNING - Коллизия: роботы 2 и 3 в 30.70s, расстояние: 0.479, требуется: 0.500
2025-09-23 22:43:41 - ROBOTY.collision - WARNING - Коллизия: роботы 2 и 3 в 30.80s, расстояние: 0.479, требуется: 0.500
2025-09-23 22:43:41 - ROBOTY.collision - WARNING - Коллизия: роботы 2 и 3 в 30.90s, расстояние: 0.479, требуется: 0.500
2025-09-23 22:43:41 - ROBOTY.collision - WARNING - Коллизия: роботы 2 и 3 в 31.00s, расстояние: 0.479, требуется: 0.500
2025-09-23 22:43:41 - ROBOTY.collision - WARNING - Коллизия: роботы 2 и 3 в 31.10s, расстояние: 0.455, требуется: 0.500
2025-09-23 22:43:41 - ROBOTY.collision - WARNING - Коллизия: роботы 2 и 3 в 31.20s, расстояние: 0.380, требуется: 0.500
2025-09-23 22:43:41 - ROBOTY.collision - WARNING - Коллизия: роботы 2 и 3 в 31.30s, расстояние: 0.355, требуется: 0.500
2025-09-23 22:43:41 - ROBOTY.collision - WARNING - Коллизия: роботы 2 и 3 в 31.40s, расстояние: 0.335, требуется: 0.500
2025-09-23 22:43:41 - ROBOTY.collision - WARNING - Коллизия: роботы 2 и 3 в 31.50s, расстояние: 0.322, требуется: 0.500
2025-09-23 22:43:41 - ROBOTY.collision - WARNING - Коллизия: роботы 2 и 3 в 31.60s, расстояние: 0.318, требуется: 0.500
2025-09-23 22:43:41 - ROBOTY.collision - WARNING - Коллизия: роботы 2 и 3 в 31.70s, расстояние: 0.318, требуется: 0.500
2025-09-23 22:43:41 - ROBOTY.collision - WARNING - Коллизия: роботы 2 и 3 в 31.80s, расстояние: 0.318, требуется: 0.500
2025-09-23 22:43:41 - ROBOTY.collision - WARNING - Коллизия: роботы 2 и 3 в 31.90s, расстояние: 0.318, требуется: 0.500
2025-09-23 22:43:41 - ROBOTY.collision - WARNING - Коллизия: роботы 2 и 3 в 32.00s, расстояние: 0.310, требуется: 0.500
2025-09-23 22:43:41 - ROBOTY.collision - WARNING - Коллизия: роботы 2 и 3 в 32.10s, расстояние: 0.273, требуется: 0.500
2025-09-23 22:43:41 - ROBOTY.collision - WARNING - Коллизия: роботы 2 и 3 в 32.20s, расстояние: 0.241, требуется: 0.500
2025-09-23 22:43:41 - ROBOTY.collision - WARNING - Коллизия: роботы 2 и 3 в 32.30s, расстояние: 0.214, требуется: 0.500
2025-09-23 22:43:41 - ROBOTY.collision - WARNING - Коллизия: роботы 2 и 3 в 32.40s, расстояние: 0.190, требуется: 0.500
2025-09-23 22:43:41 - ROBOTY.collision - WARNING - Коллизия: роботы 2 и 3 в 32.50s, расстояние: 0.214, требуется: 0.500
2025-09-23 22:43:41 - ROBOTY.collision - WARNING - Коллизия: роботы 2 и 3 в 32.60s, расстояние: 0.291, требуется: 0.500
2025-09-23 22:43:41 - ROBOTY.collision - WARNING - Коллизия: роботы 2 и 3 в 32.70s, расстояние: 0.391, требуется: 0.500
2025-09-23 22:43:41 - ROBOTY.collision - WARNING - Коллизия: роботы 1 и 3 в 114.00s, расстояние: 0.457, требуется: 0.500
2025-09-23 22:43:41 - ROBOTY.collision - WARNING - Коллизия: роботы 1 и 3 в 114.10s, расстояние: 0.395, требуется: 0.500
2025-09-23 22:43:41 - ROBOTY.collision - WARNING - Коллизия: роботы 1 и 3 в 114.20s, расстояние: 0.344, требуется: 0.500
2025-09-23 22:43:41 - ROBOTY.collision - WARNING - Коллизия: роботы 1 и 3 в 114.30s, расстояние: 0.308, требуется: 0.500
2025-09-23 22:43:41 - ROBOTY.collision - WARNING - Коллизия: роботы 1 и 3 в 114.40s, расстояние: 0.294, требуется: 0.500
2025-09-23 22:43:41 - ROBOTY.collision - WARNING - Коллизия: роботы 1 и 3 в 114.50s, расстояние: 0.295, требуется: 0.500
2025-09-23 22:43:41 - ROBOTY.collision - WARNING - Коллизия: роботы 1 и 3 в 114.60s, расстояние: 0.295, требуется: 0.500
2025-09-23 22:43:41 - ROBOTY.collision - WARNING - Коллизия: роботы 1 и 3 в 114.70s, расстояние: 0.295, требуется: 0.500
2025-09-23 22:43:41 - ROBOTY.collision - WARNING - Коллизия: роботы 1 и 3 в 114.80s, расстояние: 0.295, требуется: 0.500
2025-09-23 22:43:41 - ROBOTY.collision - WARNING - Коллизия: роботы 1 и 3 в 114.90s, расстояние: 0.295, требуется: 0.500
2025-09-23 22:43:41 - ROBOTY.collision - WARNING - Коллизия: роботы 1 и 3 в 115.00s, расстояние: 0.295, требуется: 0.500
2025-09-23 22:43:41 - ROBOTY.collision - WARNING - Коллизия: роботы 1 и 3 в 115.10s, расстояние: 0.295, требуется: 0.500
2025-09-23 22:43:41 - ROBOTY.collision - WARNING - Коллизия: роботы 1 и 3 в 115.20s, расстояние: 0.295, требуется: 0.500
2025-09-23 22:43:41 - ROBOTY.collision - WARNING - Коллизия: роботы 1 и 3 в 115.30s, расстояние: 0.295, требуется: 0.500
2025-09-23 22:43:41 - ROBOTY.collision - WARNING - Коллизия: роботы 1 и 3 в 115.40s, расстояние: 0.295, требуется: 0.500
2025-09-23 22:43:41 - ROBOTY.collision - WARNING - Коллизия: роботы 1 и 3 в 115.50s, расстояние: 0.333, требуется: 0.500
2025-09-23 22:43:41 - ROBOTY.collision - WARNING - Коллизия: роботы 1 и 3 в 115.60s, расстояние: 0.379, требуется: 0.500
2025-09-23 22:43:41 - ROBOTY.collision - WARNING - Коллизия: роботы 1 и 3 в 115.70s, расстояние: 0.430, требуется: 0.500
2025-09-23 22:43:41 - ROBOTY.collision - WARNING - Коллизия: роботы 1 и 3 в 115.80s, расстояние: 0.484, требуется: 0.500
2025-09-23 22:43:41 - ROBOTY.collision - ERROR - Обнаружено 246 коллизий
2025-09-23 22:43:41 - ROBOTY.main - WARNING - Коллизии сохраняются после вставки пауз
2025-09-23 22:43:43 - ROBOTY.main - INFO - Открытие визуализатора
2025-09-23 22:43:43 - ROBOTY.visualizer - INFO - Запуск визуализации типа: 3d_anim
2025-09-23 22:43:43 - ROBOTY.visualizer - INFO - Создание 3D анимации траекторий
2025-09-23 22:43:43 - ROBOTY.visualizer - INFO - Создание 3D визуализации траекторий
2025-09-23 22:43:44 - ROBOTY.visualizer - INFO - 3D визуализация создана
2025-09-23 22:43:44 - ROBOTY.mesh_loader - INFO - OBJ загружен: assets/robots/kuka/kr_360_fortec.obj, вершин=16, треугольников=24
2025-09-23 22:43:56 - ROBOTY.visualizer - INFO - Визуализация сохранена в файл: C:\Users\79518\.cursor\ROBOTY\viz\..\outputs\visualizations\visualization_3d_anim_20250923_224353.html
2025-09-23 22:43:58 - ROBOTY.visualizer - INFO - Визуализация открыта в браузере
2025-09-23 22:43:58 - ROBOTY.main - INFO - Визуализация успешно завершена
