2025-09-25 18:32:42 - ROBOTY.main - INFO - Запуск приложения ROBOTY
2025-09-25 18:32:42 - ROBOTY.main - INFO - Применена тема: dark
2025-09-25 18:32:42 - ROBOTY.main - INFO - Интерфейс инициализирован
2025-09-25 18:32:42 - ROBOTY.main - INFO - Приложение успешно запущено
2025-09-25 18:32:47 - ROBOTY.main - INFO - Создан входной файл: /Users/maksimchernukha/Documents/ROBOTY/data/input_20250925_183245.json
2025-09-25 18:32:47 - ROBOTY.parser - INFO - Начинаем загрузку файла: /Users/maksimchernukha/Documents/ROBOTY/data/input_20250925_183245.json
2025-09-25 18:32:47 - ROBOTY.parser - INFO - Файл /Users/maksimchernukha/Documents/ROBOTY/data/input_20250925_183245.json успешно загружен
2025-09-25 18:32:47 - ROBOTY.parser - DEBUG - Робот 1 успешно загружен
2025-09-25 18:32:47 - ROBOTY.parser - DEBUG - Робот 2 успешно загружен
2025-09-25 18:32:47 - ROBOTY.parser - DEBUG - Робот 3 успешно загружен
2025-09-25 18:32:47 - ROBOTY.parser - DEBUG - Робот 4 успешно загружен
2025-09-25 18:32:47 - ROBOTY.parser - DEBUG - Робот 5 успешно загружен
2025-09-25 18:32:47 - ROBOTY.parser - DEBUG - Робот 6 успешно загружен
2025-09-25 18:32:47 - ROBOTY.parser - DEBUG - Робот 7 успешно загружен
2025-09-25 18:32:47 - ROBOTY.parser - DEBUG - Робот 8 успешно загружен
2025-09-25 18:32:47 - ROBOTY.parser - DEBUG - Робот 9 успешно загружен
2025-09-25 18:32:47 - ROBOTY.parser - DEBUG - Робот 10 успешно загружен
2025-09-25 18:32:47 - ROBOTY.parser - DEBUG - Операция 1 успешно загружена
2025-09-25 18:32:47 - ROBOTY.parser - DEBUG - Операция 2 успешно загружена
2025-09-25 18:32:47 - ROBOTY.parser - DEBUG - Операция 3 успешно загружена
2025-09-25 18:32:47 - ROBOTY.parser - DEBUG - Операция 4 успешно загружена
2025-09-25 18:32:47 - ROBOTY.parser - DEBUG - Операция 5 успешно загружена
2025-09-25 18:32:47 - ROBOTY.parser - DEBUG - Операция 6 успешно загружена
2025-09-25 18:32:47 - ROBOTY.parser - DEBUG - Операция 7 успешно загружена
2025-09-25 18:32:47 - ROBOTY.parser - DEBUG - Операция 8 успешно загружена
2025-09-25 18:32:47 - ROBOTY.parser - DEBUG - Операция 9 успешно загружена
2025-09-25 18:32:47 - ROBOTY.parser - DEBUG - Операция 10 успешно загружена
2025-09-25 18:32:47 - ROBOTY.parser - DEBUG - Операция 11 успешно загружена
2025-09-25 18:32:47 - ROBOTY.parser - DEBUG - Операция 12 успешно загружена
2025-09-25 18:32:47 - ROBOTY.parser - DEBUG - Операция 13 успешно загружена
2025-09-25 18:32:47 - ROBOTY.parser - DEBUG - Операция 14 успешно загружена
2025-09-25 18:32:47 - ROBOTY.parser - DEBUG - Операция 15 успешно загружена
2025-09-25 18:32:47 - ROBOTY.parser - DEBUG - Операция 16 успешно загружена
2025-09-25 18:32:47 - ROBOTY.parser - DEBUG - Операция 17 успешно загружена
2025-09-25 18:32:47 - ROBOTY.parser - DEBUG - Операция 18 успешно загружена
2025-09-25 18:32:47 - ROBOTY.parser - DEBUG - Операция 19 успешно загружена
2025-09-25 18:32:47 - ROBOTY.parser - DEBUG - Операция 20 успешно загружена
2025-09-25 18:32:47 - ROBOTY.parser - DEBUG - Операция 21 успешно загружена
2025-09-25 18:32:47 - ROBOTY.parser - DEBUG - Операция 22 успешно загружена
2025-09-25 18:32:47 - ROBOTY.parser - DEBUG - Операция 23 успешно загружена
2025-09-25 18:32:47 - ROBOTY.parser - DEBUG - Операция 24 успешно загружена
2025-09-25 18:32:47 - ROBOTY.parser - DEBUG - Операция 25 успешно загружена
2025-09-25 18:32:47 - ROBOTY.parser - DEBUG - Операция 26 успешно загружена
2025-09-25 18:32:47 - ROBOTY.parser - DEBUG - Операция 27 успешно загружена
2025-09-25 18:32:47 - ROBOTY.parser - DEBUG - Операция 28 успешно загружена
2025-09-25 18:32:47 - ROBOTY.parser - DEBUG - Операция 29 успешно загружена
2025-09-25 18:32:47 - ROBOTY.parser - DEBUG - Операция 30 успешно загружена
2025-09-25 18:32:47 - ROBOTY.parser - INFO - Загружено 10 роботов и 30 операций
2025-09-25 18:32:48 - ROBOTY.main - INFO - Запуск планировщика
2025-09-25 18:32:48 - ROBOTY.planner - INFO - Запуск планировщика траекторий
2025-09-25 18:32:48 - ROBOTY.assigner - INFO - Начинаем назначение операций методом: balanced
2025-09-25 18:32:48 - ROBOTY.assigner - DEBUG - Операция 0 назначена роботу 8 (нагрузка: 8.79)
2025-09-25 18:32:48 - ROBOTY.assigner - DEBUG - Операция 1 назначена роботу 4 (нагрузка: 5.30)
2025-09-25 18:32:48 - ROBOTY.assigner - DEBUG - Операция 2 назначена роботу 7 (нагрузка: 8.61)
2025-09-25 18:32:48 - ROBOTY.assigner - DEBUG - Операция 3 назначена роботу 3 (нагрузка: 6.23)
2025-09-25 18:32:48 - ROBOTY.assigner - DEBUG - Операция 4 назначена роботу 9 (нагрузка: 12.09)
2025-09-25 18:32:48 - ROBOTY.assigner - DEBUG - Операция 5 назначена роботу 6 (нагрузка: 6.61)
2025-09-25 18:32:48 - ROBOTY.assigner - DEBUG - Операция 6 назначена роботу 5 (нагрузка: 7.61)
2025-09-25 18:32:48 - ROBOTY.assigner - DEBUG - Операция 7 назначена роботу 0 (нагрузка: 9.67)
2025-09-25 18:32:48 - ROBOTY.assigner - DEBUG - Операция 8 назначена роботу 1 (нагрузка: 13.17)
2025-09-25 18:32:48 - ROBOTY.assigner - DEBUG - Операция 9 назначена роботу 4 (нагрузка: 16.93)
2025-09-25 18:32:48 - ROBOTY.assigner - DEBUG - Операция 10 назначена роботу 2 (нагрузка: 15.01)
2025-09-25 18:32:48 - ROBOTY.assigner - DEBUG - Операция 11 назначена роботу 8 (нагрузка: 16.67)
2025-09-25 18:32:48 - ROBOTY.assigner - DEBUG - Операция 12 назначена роботу 0 (нагрузка: 15.02)
2025-09-25 18:32:48 - ROBOTY.assigner - DEBUG - Операция 13 назначена роботу 3 (нагрузка: 19.59)
2025-09-25 18:32:48 - ROBOTY.assigner - DEBUG - Операция 14 назначена роботу 6 (нагрузка: 18.01)
2025-09-25 18:32:48 - ROBOTY.assigner - DEBUG - Операция 15 назначена роботу 5 (нагрузка: 22.05)
2025-09-25 18:32:48 - ROBOTY.assigner - DEBUG - Операция 16 назначена роботу 7 (нагрузка: 14.46)
2025-09-25 18:32:48 - ROBOTY.assigner - DEBUG - Операция 17 назначена роботу 7 (нагрузка: 20.12)
2025-09-25 18:32:48 - ROBOTY.assigner - DEBUG - Операция 18 назначена роботу 9 (нагрузка: 25.80)
2025-09-25 18:32:48 - ROBOTY.assigner - DEBUG - Операция 19 назначена роботу 8 (нагрузка: 25.42)
2025-09-25 18:32:48 - ROBOTY.assigner - DEBUG - Операция 20 назначена роботу 1 (нагрузка: 23.40)
2025-09-25 18:32:48 - ROBOTY.assigner - DEBUG - Операция 21 назначена роботу 4 (нагрузка: 26.64)
2025-09-25 18:32:48 - ROBOTY.assigner - DEBUG - Операция 22 назначена роботу 2 (нагрузка: 23.96)
2025-09-25 18:32:48 - ROBOTY.assigner - DEBUG - Операция 23 назначена роботу 6 (нагрузка: 22.59)
2025-09-25 18:32:48 - ROBOTY.assigner - DEBUG - Операция 24 назначена роботу 0 (нагрузка: 28.41)
2025-09-25 18:32:48 - ROBOTY.assigner - DEBUG - Операция 25 назначена роботу 3 (нагрузка: 30.85)
2025-09-25 18:32:48 - ROBOTY.assigner - DEBUG - Операция 26 назначена роботу 7 (нагрузка: 28.40)
2025-09-25 18:32:48 - ROBOTY.assigner - DEBUG - Операция 27 назначена роботу 5 (нагрузка: 32.84)
2025-09-25 18:32:48 - ROBOTY.assigner - DEBUG - Операция 28 назначена роботу 8 (нагрузка: 36.37)
2025-09-25 18:32:48 - ROBOTY.assigner - DEBUG - Операция 29 назначена роботу 6 (нагрузка: 27.88)
2025-09-25 18:32:48 - ROBOTY.assigner - INFO - Распределено 30 операций с балансировкой нагрузки
2025-09-25 18:32:48 - ROBOTY.assigner - INFO - Итоговые нагрузки роботов: ['28.41', '23.40', '23.96', '30.85', '26.64', '32.84', '27.88', '28.40', '36.37', '25.80']
2025-09-25 18:32:48 - ROBOTY.assigner - INFO - Робот 0: 3 операций, нагрузка 28.41
2025-09-25 18:32:48 - ROBOTY.assigner - INFO - Робот 1: 2 операций, нагрузка 23.40
2025-09-25 18:32:48 - ROBOTY.assigner - INFO - Робот 2: 2 операций, нагрузка 23.96
2025-09-25 18:32:48 - ROBOTY.assigner - INFO - Робот 3: 3 операций, нагрузка 30.85
2025-09-25 18:32:48 - ROBOTY.assigner - INFO - Робот 4: 3 операций, нагрузка 26.64
2025-09-25 18:32:48 - ROBOTY.assigner - INFO - Робот 5: 3 операций, нагрузка 32.84
2025-09-25 18:32:48 - ROBOTY.assigner - INFO - Робот 6: 4 операций, нагрузка 27.88
2025-09-25 18:32:48 - ROBOTY.assigner - INFO - Робот 7: 4 операций, нагрузка 28.40
2025-09-25 18:32:48 - ROBOTY.assigner - INFO - Робот 8: 4 операций, нагрузка 36.37
2025-09-25 18:32:48 - ROBOTY.assigner - INFO - Робот 9: 2 операций, нагрузка 25.80
2025-09-25 18:32:48 - ROBOTY.planner - INFO - Операции назначены методом: balanced
2025-09-25 18:32:48 - ROBOTY.planner - INFO - Планирование траектории для робота 1 (ID: 1) с 3 операциями
2025-09-25 18:32:48 - ROBOTY.planner - DEBUG - Планирование траектории для робота с 3 операциями
2025-09-25 18:32:48 - ROBOTY.planner - DEBUG - Операция 1 запланирована, время завершения: 11.86
2025-09-25 18:32:48 - ROBOTY.planner - DEBUG - Операция 2 запланирована, время завершения: 24.24
2025-09-25 18:32:48 - ROBOTY.planner - DEBUG - Операция 3 запланирована, время завершения: 37.15
2025-09-25 18:32:48 - ROBOTY.planner - INFO - Траектория робота запланирована, общее время: 37.15
2025-09-25 18:32:48 - ROBOTY.planner - INFO - Робот 1: траектория содержит 72 точек
2025-09-25 18:32:48 - ROBOTY.planner - INFO - Планирование траектории для робота 2 (ID: 2) с 2 операциями
2025-09-25 18:32:48 - ROBOTY.planner - DEBUG - Планирование траектории для робота с 2 операциями
2025-09-25 18:32:48 - ROBOTY.planner - DEBUG - Операция 1 запланирована, время завершения: 14.82
2025-09-25 18:32:48 - ROBOTY.planner - DEBUG - Операция 2 запланирована, время завершения: 31.71
2025-09-25 18:32:48 - ROBOTY.planner - INFO - Траектория робота запланирована, общее время: 31.71
2025-09-25 18:32:48 - ROBOTY.planner - INFO - Робот 2: траектория содержит 48 точек
2025-09-25 18:32:48 - ROBOTY.planner - INFO - Планирование траектории для робота 3 (ID: 3) с 2 операциями
2025-09-25 18:32:48 - ROBOTY.planner - DEBUG - Планирование траектории для робота с 2 операциями
2025-09-25 18:32:48 - ROBOTY.planner - DEBUG - Операция 1 запланирована, время завершения: 16.30
2025-09-25 18:32:48 - ROBOTY.planner - DEBUG - Операция 2 запланирована, время завершения: 24.61
2025-09-25 18:32:48 - ROBOTY.planner - INFO - Траектория робота запланирована, общее время: 24.61
2025-09-25 18:32:48 - ROBOTY.planner - INFO - Робот 3: траектория содержит 48 точек
2025-09-25 18:32:48 - ROBOTY.planner - INFO - Планирование траектории для робота 4 (ID: 4) с 3 операциями
2025-09-25 18:32:48 - ROBOTY.planner - DEBUG - Планирование траектории для робота с 3 операциями
2025-09-25 18:32:48 - ROBOTY.planner - DEBUG - Операция 1 запланирована, время завершения: 8.02
2025-09-25 18:32:48 - ROBOTY.planner - DEBUG - Операция 2 запланирована, время завершения: 21.62
2025-09-25 18:32:48 - ROBOTY.planner - DEBUG - Операция 3 запланирована, время завершения: 35.04
2025-09-25 18:32:48 - ROBOTY.planner - INFO - Траектория робота запланирована, общее время: 35.04
2025-09-25 18:32:48 - ROBOTY.planner - INFO - Робот 4: траектория содержит 72 точек
2025-09-25 18:32:48 - ROBOTY.planner - INFO - Планирование траектории для робота 5 (ID: 5) с 3 операциями
2025-09-25 18:32:48 - ROBOTY.planner - DEBUG - Планирование траектории для робота с 3 операциями
2025-09-25 18:32:48 - ROBOTY.planner - DEBUG - Операция 1 запланирована, время завершения: 7.64
2025-09-25 18:32:48 - ROBOTY.planner - DEBUG - Операция 2 запланирована, время завершения: 22.92
2025-09-25 18:32:48 - ROBOTY.planner - DEBUG - Операция 3 запланирована, время завершения: 37.22
2025-09-25 18:32:48 - ROBOTY.planner - INFO - Траектория робота запланирована, общее время: 37.22
2025-09-25 18:32:48 - ROBOTY.planner - INFO - Робот 5: траектория содержит 72 точек
2025-09-25 18:32:48 - ROBOTY.planner - INFO - Планирование траектории для робота 6 (ID: 6) с 3 операциями
2025-09-25 18:32:48 - ROBOTY.planner - DEBUG - Планирование траектории для робота с 3 операциями
2025-09-25 18:32:48 - ROBOTY.planner - DEBUG - Операция 1 запланирована, время завершения: 9.53
2025-09-25 18:32:48 - ROBOTY.planner - DEBUG - Операция 2 запланирована, время завершения: 26.87
2025-09-25 18:32:48 - ROBOTY.planner - DEBUG - Операция 3 запланирована, время завершения: 46.62
2025-09-25 18:32:48 - ROBOTY.planner - INFO - Траектория робота запланирована, общее время: 46.62
2025-09-25 18:32:48 - ROBOTY.planner - INFO - Робот 6: траектория содержит 72 точек
2025-09-25 18:32:48 - ROBOTY.planner - INFO - Планирование траектории для робота 7 (ID: 7) с 4 операциями
2025-09-25 18:32:48 - ROBOTY.planner - DEBUG - Планирование траектории для робота с 4 операциями
2025-09-25 18:32:48 - ROBOTY.planner - DEBUG - Операция 1 запланирована, время завершения: 8.37
2025-09-25 18:32:48 - ROBOTY.planner - DEBUG - Операция 2 запланирована, время завершения: 18.37
2025-09-25 18:32:48 - ROBOTY.planner - DEBUG - Операция 3 запланирована, время завершения: 26.35
2025-09-25 18:32:48 - ROBOTY.planner - DEBUG - Операция 4 запланирована, время завершения: 34.61
2025-09-25 18:32:48 - ROBOTY.planner - INFO - Траектория робота запланирована, общее время: 34.61
2025-09-25 18:32:48 - ROBOTY.planner - INFO - Робот 7: траектория содержит 96 точек
2025-09-25 18:32:48 - ROBOTY.planner - INFO - Планирование траектории для робота 8 (ID: 8) с 4 операциями
2025-09-25 18:32:48 - ROBOTY.planner - DEBUG - Планирование траектории для робота с 4 операциями
2025-09-25 18:32:48 - ROBOTY.planner - DEBUG - Операция 1 запланирована, время завершения: 10.90
2025-09-25 18:32:48 - ROBOTY.planner - DEBUG - Операция 2 запланирована, время завершения: 17.96
2025-09-25 18:32:48 - ROBOTY.planner - DEBUG - Операция 3 запланирована, время завершения: 27.17
2025-09-25 18:32:48 - ROBOTY.planner - DEBUG - Операция 4 запланирована, время завершения: 35.91
2025-09-25 18:32:48 - ROBOTY.planner - INFO - Траектория робота запланирована, общее время: 35.91
2025-09-25 18:32:48 - ROBOTY.planner - INFO - Робот 8: траектория содержит 96 точек
2025-09-25 18:32:48 - ROBOTY.planner - INFO - Планирование траектории для робота 9 (ID: 9) с 4 операциями
2025-09-25 18:32:48 - ROBOTY.planner - DEBUG - Планирование траектории для робота с 4 операциями
2025-09-25 18:32:48 - ROBOTY.planner - DEBUG - Операция 1 запланирована, время завершения: 10.51
2025-09-25 18:32:48 - ROBOTY.planner - DEBUG - Операция 2 запланирована, время завершения: 25.88
2025-09-25 18:32:48 - ROBOTY.planner - DEBUG - Операция 3 запланирована, время завершения: 36.29
2025-09-25 18:32:48 - ROBOTY.planner - DEBUG - Операция 4 запланирована, время завершения: 48.67
2025-09-25 18:32:48 - ROBOTY.planner - INFO - Траектория робота запланирована, общее время: 48.67
2025-09-25 18:32:48 - ROBOTY.planner - INFO - Робот 9: траектория содержит 96 точек
2025-09-25 18:32:48 - ROBOTY.planner - INFO - Планирование траектории для робота 10 (ID: 10) с 2 операциями
2025-09-25 18:32:48 - ROBOTY.planner - DEBUG - Планирование траектории для робота с 2 операциями
2025-09-25 18:32:48 - ROBOTY.planner - DEBUG - Операция 1 запланирована, время завершения: 13.57
2025-09-25 18:32:48 - ROBOTY.planner - DEBUG - Операция 2 запланирована, время завершения: 30.51
2025-09-25 18:32:48 - ROBOTY.planner - INFO - Траектория робота запланирована, общее время: 30.51
2025-09-25 18:32:48 - ROBOTY.planner - INFO - Робот 10: траектория содержит 48 точек
2025-09-25 18:32:48 - ROBOTY.planner - INFO - Планирование завершено. Makespan: 48.67
2025-09-25 18:32:48 - ROBOTY.main - INFO - Планировщик успешно завершил работу
2025-09-25 18:32:48 - ROBOTY.collision - INFO - Начинаем детальную проверку коллизий
2025-09-25 18:32:48 - ROBOTY.collision - DEBUG - Проверяем коллизии в диапазоне времени: 0.00 - 48.67
2025-09-25 18:32:48 - ROBOTY.collision - WARNING - Коллизия: роботы 2 и 3 в 3.10s, расстояние: 0.463, требуется: 0.500
2025-09-25 18:32:48 - ROBOTY.collision - WARNING - Коллизия: роботы 2 и 3 в 3.20s, расстояние: 0.397, требуется: 0.500
2025-09-25 18:32:48 - ROBOTY.collision - WARNING - Коллизия: роботы 2 и 3 в 3.30s, расстояние: 0.338, требуется: 0.500
2025-09-25 18:32:48 - ROBOTY.collision - WARNING - Коллизия: роботы 2 и 3 в 3.40s, расстояние: 0.288, требуется: 0.500
2025-09-25 18:32:48 - ROBOTY.collision - WARNING - Коллизия: роботы 2 и 3 в 3.50s, расстояние: 0.253, требуется: 0.500
2025-09-25 18:32:48 - ROBOTY.collision - WARNING - Коллизия: роботы 2 и 3 в 3.60s, расстояние: 0.241, требуется: 0.500
2025-09-25 18:32:48 - ROBOTY.collision - WARNING - Коллизия: роботы 2 и 3 в 3.70s, расстояние: 0.254, требуется: 0.500
2025-09-25 18:32:48 - ROBOTY.collision - WARNING - Коллизия: роботы 2 и 3 в 3.80s, расстояние: 0.289, требуется: 0.500
2025-09-25 18:32:48 - ROBOTY.collision - WARNING - Коллизия: роботы 2 и 3 в 3.90s, расстояние: 0.339, требуется: 0.500
2025-09-25 18:32:48 - ROBOTY.collision - WARNING - Коллизия: роботы 2 и 3 в 4.00s, расстояние: 0.399, требуется: 0.500
2025-09-25 18:32:48 - ROBOTY.collision - WARNING - Коллизия: роботы 2 и 3 в 4.10s, расстояние: 0.464, требуется: 0.500
2025-09-25 18:32:48 - ROBOTY.collision - WARNING - Коллизия: роботы 7 и 10 в 8.60s, расстояние: 0.469, требуется: 0.500
2025-09-25 18:32:48 - ROBOTY.collision - WARNING - Коллизия: роботы 7 и 10 в 8.70s, расстояние: 0.418, требуется: 0.500
2025-09-25 18:32:48 - ROBOTY.collision - WARNING - Коллизия: роботы 7 и 10 в 8.80s, расстояние: 0.399, требуется: 0.500
2025-09-25 18:32:48 - ROBOTY.collision - WARNING - Коллизия: роботы 7 и 10 в 8.90s, расстояние: 0.415, требуется: 0.500
2025-09-25 18:32:48 - ROBOTY.collision - WARNING - Коллизия: роботы 7 и 10 в 9.00s, расстояние: 0.463, требуется: 0.500
2025-09-25 18:32:48 - ROBOTY.collision - WARNING - Коллизия: роботы 4 и 6 в 18.10s, расстояние: 0.445, требуется: 0.500
2025-09-25 18:32:48 - ROBOTY.collision - WARNING - Коллизия: роботы 4 и 6 в 18.20s, расстояние: 0.375, требуется: 0.500
2025-09-25 18:32:48 - ROBOTY.collision - WARNING - Коллизия: роботы 4 и 6 в 18.30s, расстояние: 0.316, требуется: 0.500
2025-09-25 18:32:48 - ROBOTY.collision - WARNING - Коллизия: роботы 4 и 6 в 18.40s, расстояние: 0.274, требуется: 0.500
2025-09-25 18:32:48 - ROBOTY.collision - WARNING - Коллизия: роботы 4 и 6 в 18.50s, расстояние: 0.259, требуется: 0.500
2025-09-25 18:32:48 - ROBOTY.collision - WARNING - Коллизия: роботы 4 и 6 в 18.60s, расстояние: 0.274, требуется: 0.500
2025-09-25 18:32:48 - ROBOTY.collision - WARNING - Коллизия: роботы 4 и 6 в 18.70s, расстояние: 0.316, требуется: 0.500
2025-09-25 18:32:48 - ROBOTY.collision - WARNING - Коллизия: роботы 4 и 6 в 18.80s, расстояние: 0.375, требуется: 0.500
2025-09-25 18:32:48 - ROBOTY.collision - WARNING - Коллизия: роботы 4 и 6 в 18.90s, расстояние: 0.444, требуется: 0.500
2025-09-25 18:32:48 - ROBOTY.collision - WARNING - Коллизия: роботы 2 и 9 в 35.40s, расстояние: 0.488, требуется: 0.500
2025-09-25 18:32:48 - ROBOTY.collision - WARNING - Коллизия: роботы 2 и 9 в 35.50s, расстояние: 0.465, требуется: 0.500
2025-09-25 18:32:48 - ROBOTY.collision - WARNING - Коллизия: роботы 2 и 9 в 35.60s, расстояние: 0.462, требуется: 0.500
2025-09-25 18:32:48 - ROBOTY.collision - WARNING - Коллизия: роботы 2 и 9 в 35.70s, расстояние: 0.463, требуется: 0.500
2025-09-25 18:32:48 - ROBOTY.collision - WARNING - Коллизия: роботы 2 и 9 в 35.80s, расстояние: 0.469, требуется: 0.500
2025-09-25 18:32:48 - ROBOTY.collision - WARNING - Коллизия: роботы 2 и 9 в 35.90s, расстояние: 0.471, требуется: 0.500
2025-09-25 18:32:48 - ROBOTY.collision - WARNING - Коллизия: роботы 2 и 9 в 36.00s, расстояние: 0.471, требуется: 0.500
2025-09-25 18:32:48 - ROBOTY.collision - WARNING - Коллизия: роботы 2 и 9 в 36.10s, расстояние: 0.471, требуется: 0.500
2025-09-25 18:32:48 - ROBOTY.collision - WARNING - Коллизия: роботы 2 и 9 в 36.20s, расстояние: 0.471, требуется: 0.500
2025-09-25 18:32:48 - ROBOTY.collision - WARNING - Коллизия: роботы 2 и 9 в 36.30s, расстояние: 0.467, требуется: 0.500
2025-09-25 18:32:48 - ROBOTY.collision - WARNING - Коллизия: роботы 2 и 9 в 36.40s, расстояние: 0.436, требуется: 0.500
2025-09-25 18:32:48 - ROBOTY.collision - WARNING - Коллизия: роботы 2 и 9 в 36.50s, расстояние: 0.409, требуется: 0.500
2025-09-25 18:32:48 - ROBOTY.collision - WARNING - Коллизия: роботы 2 и 9 в 36.60s, расстояние: 0.387, требуется: 0.500
2025-09-25 18:32:48 - ROBOTY.collision - WARNING - Коллизия: роботы 2 и 9 в 36.70s, расстояние: 0.367, требуется: 0.500
2025-09-25 18:32:48 - ROBOTY.collision - WARNING - Коллизия: роботы 2 и 9 в 36.80s, расстояние: 0.366, требуется: 0.500
2025-09-25 18:32:48 - ROBOTY.collision - WARNING - Коллизия: роботы 2 и 9 в 36.90s, расстояние: 0.406, требуется: 0.500
2025-09-25 18:32:48 - ROBOTY.collision - WARNING - Коллизия: роботы 2 и 9 в 37.00s, расстояние: 0.478, требуется: 0.500
2025-09-25 18:32:48 - ROBOTY.collision - ERROR - Обнаружено 42 коллизий
2025-09-25 18:32:48 - ROBOTY.main - WARNING - Обнаружено 42 коллизий, применяем онлайн-безопасность
2025-09-25 18:32:48 - ROBOTY.safety - INFO - Применяем онлайн-безопасность: вставка пауз при коллизиях
2025-09-25 18:32:48 - ROBOTY.collision - INFO - Начинаем детальную проверку коллизий
2025-09-25 18:32:48 - ROBOTY.collision - DEBUG - Проверяем коллизии в диапазоне времени: 0.00 - 48.67
2025-09-25 18:32:48 - ROBOTY.collision - WARNING - Коллизия: роботы 2 и 3 в 3.05s, расстояние: 0.497, требуется: 0.500
2025-09-25 18:32:48 - ROBOTY.collision - WARNING - Коллизия: роботы 2 и 3 в 3.10s, расстояние: 0.463, требуется: 0.500
2025-09-25 18:32:48 - ROBOTY.collision - WARNING - Коллизия: роботы 2 и 3 в 3.15s, расстояние: 0.430, требуется: 0.500
2025-09-25 18:32:48 - ROBOTY.collision - WARNING - Коллизия: роботы 2 и 3 в 3.20s, расстояние: 0.397, требуется: 0.500
2025-09-25 18:32:48 - ROBOTY.collision - WARNING - Коллизия: роботы 2 и 3 в 3.25s, расстояние: 0.367, требуется: 0.500
2025-09-25 18:32:48 - ROBOTY.collision - WARNING - Коллизия: роботы 2 и 3 в 3.30s, расстояние: 0.338, требуется: 0.500
2025-09-25 18:32:48 - ROBOTY.collision - WARNING - Коллизия: роботы 2 и 3 в 3.35s, расстояние: 0.311, требуется: 0.500
2025-09-25 18:32:48 - ROBOTY.collision - WARNING - Коллизия: роботы 2 и 3 в 3.40s, расстояние: 0.288, требуется: 0.500
2025-09-25 18:32:48 - ROBOTY.collision - WARNING - Коллизия: роботы 2 и 3 в 3.45s, расстояние: 0.268, требуется: 0.500
2025-09-25 18:32:48 - ROBOTY.collision - WARNING - Коллизия: роботы 2 и 3 в 3.50s, расстояние: 0.253, требуется: 0.500
2025-09-25 18:32:48 - ROBOTY.collision - WARNING - Коллизия: роботы 2 и 3 в 3.55s, расстояние: 0.244, требуется: 0.500
2025-09-25 18:32:48 - ROBOTY.collision - WARNING - Коллизия: роботы 2 и 3 в 3.60s, расстояние: 0.241, требуется: 0.500
2025-09-25 18:32:48 - ROBOTY.collision - WARNING - Коллизия: роботы 2 и 3 в 3.65s, расстояние: 0.244, требуется: 0.500
2025-09-25 18:32:48 - ROBOTY.collision - WARNING - Коллизия: роботы 2 и 3 в 3.70s, расстояние: 0.254, требуется: 0.500
2025-09-25 18:32:48 - ROBOTY.collision - WARNING - Коллизия: роботы 2 и 3 в 3.75s, расстояние: 0.269, требуется: 0.500
2025-09-25 18:32:48 - ROBOTY.collision - WARNING - Коллизия: роботы 2 и 3 в 3.80s, расстояние: 0.289, требуется: 0.500
2025-09-25 18:32:48 - ROBOTY.collision - WARNING - Коллизия: роботы 2 и 3 в 3.85s, расстояние: 0.312, требуется: 0.500
2025-09-25 18:32:48 - ROBOTY.collision - WARNING - Коллизия: роботы 2 и 3 в 3.90s, расстояние: 0.339, требуется: 0.500
2025-09-25 18:32:48 - ROBOTY.collision - WARNING - Коллизия: роботы 2 и 3 в 3.95s, расстояние: 0.368, требуется: 0.500
2025-09-25 18:32:48 - ROBOTY.collision - WARNING - Коллизия: роботы 2 и 3 в 4.00s, расстояние: 0.399, требуется: 0.500
2025-09-25 18:32:48 - ROBOTY.collision - WARNING - Коллизия: роботы 2 и 3 в 4.05s, расстояние: 0.431, требуется: 0.500
2025-09-25 18:32:48 - ROBOTY.collision - WARNING - Коллизия: роботы 2 и 3 в 4.10s, расстояние: 0.464, требуется: 0.500
2025-09-25 18:32:48 - ROBOTY.collision - WARNING - Коллизия: роботы 2 и 3 в 4.15s, расстояние: 0.498, требуется: 0.500
2025-09-25 18:32:48 - ROBOTY.collision - WARNING - Коллизия: роботы 7 и 10 в 8.60s, расстояние: 0.469, требуется: 0.500
2025-09-25 18:32:48 - ROBOTY.collision - WARNING - Коллизия: роботы 7 и 10 в 8.65s, расстояние: 0.439, требуется: 0.500
2025-09-25 18:32:48 - ROBOTY.collision - WARNING - Коллизия: роботы 7 и 10 в 8.70s, расстояние: 0.418, требуется: 0.500
2025-09-25 18:32:48 - ROBOTY.collision - WARNING - Коллизия: роботы 7 и 10 в 8.75s, расстояние: 0.404, требуется: 0.500
2025-09-25 18:32:48 - ROBOTY.collision - WARNING - Коллизия: роботы 7 и 10 в 8.80s, расстояние: 0.399, требуется: 0.500
2025-09-25 18:32:48 - ROBOTY.collision - WARNING - Коллизия: роботы 7 и 10 в 8.85s, расстояние: 0.402, требуется: 0.500
2025-09-25 18:32:48 - ROBOTY.collision - WARNING - Коллизия: роботы 7 и 10 в 8.90s, расстояние: 0.415, требуется: 0.500
2025-09-25 18:32:48 - ROBOTY.collision - WARNING - Коллизия: роботы 7 и 10 в 8.95s, расстояние: 0.435, требуется: 0.500
2025-09-25 18:32:48 - ROBOTY.collision - WARNING - Коллизия: роботы 7 и 10 в 9.00s, расстояние: 0.463, требуется: 0.500
2025-09-25 18:32:48 - ROBOTY.collision - WARNING - Коллизия: роботы 7 и 10 в 9.05s, расстояние: 0.497, требуется: 0.500
2025-09-25 18:32:48 - ROBOTY.collision - WARNING - Коллизия: роботы 4 и 6 в 18.05s, расстояние: 0.482, требуется: 0.500
2025-09-25 18:32:48 - ROBOTY.collision - WARNING - Коллизия: роботы 4 и 6 в 18.10s, расстояние: 0.445, требуется: 0.500
2025-09-25 18:32:48 - ROBOTY.collision - WARNING - Коллизия: роботы 4 и 6 в 18.15s, расстояние: 0.409, требуется: 0.500
2025-09-25 18:32:48 - ROBOTY.collision - WARNING - Коллизия: роботы 4 и 6 в 18.20s, расстояние: 0.375, требуется: 0.500
2025-09-25 18:32:48 - ROBOTY.collision - WARNING - Коллизия: роботы 4 и 6 в 18.25s, расстояние: 0.344, требуется: 0.500
2025-09-25 18:32:48 - ROBOTY.collision - WARNING - Коллизия: роботы 4 и 6 в 18.30s, расстояние: 0.316, требуется: 0.500
2025-09-25 18:32:48 - ROBOTY.collision - WARNING - Коллизия: роботы 4 и 6 в 18.35s, расстояние: 0.292, требуется: 0.500
2025-09-25 18:32:48 - ROBOTY.collision - WARNING - Коллизия: роботы 4 и 6 в 18.40s, расстояние: 0.274, требуется: 0.500
2025-09-25 18:32:48 - ROBOTY.collision - WARNING - Коллизия: роботы 4 и 6 в 18.45s, расстояние: 0.263, требуется: 0.500
2025-09-25 18:32:48 - ROBOTY.collision - WARNING - Коллизия: роботы 4 и 6 в 18.50s, расстояние: 0.259, требуется: 0.500
2025-09-25 18:32:48 - ROBOTY.collision - WARNING - Коллизия: роботы 4 и 6 в 18.55s, расстояние: 0.263, требуется: 0.500
2025-09-25 18:32:48 - ROBOTY.collision - WARNING - Коллизия: роботы 4 и 6 в 18.60s, расстояние: 0.274, требуется: 0.500
2025-09-25 18:32:48 - ROBOTY.collision - WARNING - Коллизия: роботы 4 и 6 в 18.65s, расстояние: 0.292, требуется: 0.500
2025-09-25 18:32:48 - ROBOTY.collision - WARNING - Коллизия: роботы 4 и 6 в 18.70s, расстояние: 0.316, требуется: 0.500
2025-09-25 18:32:48 - ROBOTY.collision - WARNING - Коллизия: роботы 4 и 6 в 18.75s, расстояние: 0.343, требуется: 0.500
2025-09-25 18:32:48 - ROBOTY.collision - WARNING - Коллизия: роботы 4 и 6 в 18.80s, расстояние: 0.375, требуется: 0.500
2025-09-25 18:32:48 - ROBOTY.collision - WARNING - Коллизия: роботы 4 и 6 в 18.85s, расстояние: 0.408, требуется: 0.500
2025-09-25 18:32:48 - ROBOTY.collision - WARNING - Коллизия: роботы 4 и 6 в 18.90s, расстояние: 0.444, требуется: 0.500
2025-09-25 18:32:48 - ROBOTY.collision - WARNING - Коллизия: роботы 4 и 6 в 18.95s, расстояние: 0.482, требуется: 0.500
2025-09-25 18:32:48 - ROBOTY.collision - WARNING - Коллизия: роботы 2 и 9 в 35.40s, расстояние: 0.488, требуется: 0.500
2025-09-25 18:32:48 - ROBOTY.collision - WARNING - Коллизия: роботы 2 и 9 в 35.45s, расстояние: 0.472, требуется: 0.500
2025-09-25 18:32:48 - ROBOTY.collision - WARNING - Коллизия: роботы 2 и 9 в 35.50s, расстояние: 0.465, требуется: 0.500
2025-09-25 18:32:48 - ROBOTY.collision - WARNING - Коллизия: роботы 2 и 9 в 35.55s, расстояние: 0.463, требуется: 0.500
2025-09-25 18:32:48 - ROBOTY.collision - WARNING - Коллизия: роботы 2 и 9 в 35.60s, расстояние: 0.462, требуется: 0.500
2025-09-25 18:32:48 - ROBOTY.collision - WARNING - Коллизия: роботы 2 и 9 в 35.65s, расстояние: 0.462, требуется: 0.500
2025-09-25 18:32:48 - ROBOTY.collision - WARNING - Коллизия: роботы 2 и 9 в 35.70s, расстояние: 0.463, требуется: 0.500
2025-09-25 18:32:48 - ROBOTY.collision - WARNING - Коллизия: роботы 2 и 9 в 35.75s, расстояние: 0.465, требуется: 0.500
2025-09-25 18:32:48 - ROBOTY.collision - WARNING - Коллизия: роботы 2 и 9 в 35.80s, расстояние: 0.469, требуется: 0.500
2025-09-25 18:32:48 - ROBOTY.collision - WARNING - Коллизия: роботы 2 и 9 в 35.85s, расстояние: 0.471, требуется: 0.500
2025-09-25 18:32:48 - ROBOTY.collision - WARNING - Коллизия: роботы 2 и 9 в 35.90s, расстояние: 0.471, требуется: 0.500
2025-09-25 18:32:48 - ROBOTY.collision - WARNING - Коллизия: роботы 2 и 9 в 35.95s, расстояние: 0.471, требуется: 0.500
2025-09-25 18:32:48 - ROBOTY.collision - WARNING - Коллизия: роботы 2 и 9 в 36.00s, расстояние: 0.471, требуется: 0.500
2025-09-25 18:32:48 - ROBOTY.collision - WARNING - Коллизия: роботы 2 и 9 в 36.05s, расстояние: 0.471, требуется: 0.500
2025-09-25 18:32:48 - ROBOTY.collision - WARNING - Коллизия: роботы 2 и 9 в 36.10s, расстояние: 0.471, требуется: 0.500
2025-09-25 18:32:48 - ROBOTY.collision - WARNING - Коллизия: роботы 2 и 9 в 36.15s, расстояние: 0.471, требуется: 0.500
2025-09-25 18:32:48 - ROBOTY.collision - WARNING - Коллизия: роботы 2 и 9 в 36.20s, расстояние: 0.471, требуется: 0.500
2025-09-25 18:32:48 - ROBOTY.collision - WARNING - Коллизия: роботы 2 и 9 в 36.25s, расстояние: 0.471, требуется: 0.500
2025-09-25 18:32:48 - ROBOTY.collision - WARNING - Коллизия: роботы 2 и 9 в 36.30s, расстояние: 0.467, требуется: 0.500
2025-09-25 18:32:48 - ROBOTY.collision - WARNING - Коллизия: роботы 2 и 9 в 36.35s, расстояние: 0.451, требуется: 0.500
2025-09-25 18:32:48 - ROBOTY.collision - WARNING - Коллизия: роботы 2 и 9 в 36.40s, расстояние: 0.436, требуется: 0.500
2025-09-25 18:32:48 - ROBOTY.collision - WARNING - Коллизия: роботы 2 и 9 в 36.45s, расстояние: 0.422, требуется: 0.500
2025-09-25 18:32:48 - ROBOTY.collision - WARNING - Коллизия: роботы 2 и 9 в 36.50s, расстояние: 0.409, требуется: 0.500
2025-09-25 18:32:48 - ROBOTY.collision - WARNING - Коллизия: роботы 2 и 9 в 36.55s, расстояние: 0.397, требуется: 0.500
2025-09-25 18:32:48 - ROBOTY.collision - WARNING - Коллизия: роботы 2 и 9 в 36.60s, расстояние: 0.387, требуется: 0.500
2025-09-25 18:32:48 - ROBOTY.collision - WARNING - Коллизия: роботы 2 и 9 в 36.65s, расстояние: 0.378, требуется: 0.500
2025-09-25 18:32:48 - ROBOTY.collision - WARNING - Коллизия: роботы 2 и 9 в 36.70s, расстояние: 0.367, требуется: 0.500
2025-09-25 18:32:48 - ROBOTY.collision - WARNING - Коллизия: роботы 2 и 9 в 36.75s, расстояние: 0.361, требуется: 0.500
2025-09-25 18:32:48 - ROBOTY.collision - WARNING - Коллизия: роботы 2 и 9 в 36.80s, расстояние: 0.366, требуется: 0.500
2025-09-25 18:32:48 - ROBOTY.collision - WARNING - Коллизия: роботы 2 и 9 в 36.85s, расстояние: 0.381, требуется: 0.500
2025-09-25 18:32:48 - ROBOTY.collision - WARNING - Коллизия: роботы 2 и 9 в 36.90s, расстояние: 0.406, требуется: 0.500
2025-09-25 18:32:48 - ROBOTY.collision - WARNING - Коллизия: роботы 2 и 9 в 36.95s, расстояние: 0.439, требуется: 0.500
2025-09-25 18:32:48 - ROBOTY.collision - WARNING - Коллизия: роботы 2 и 9 в 37.00s, расстояние: 0.478, требуется: 0.500
2025-09-25 18:32:48 - ROBOTY.collision - WARNING - Коллизия: роботы 4 и 9 в 41.65s, расстояние: 0.499, требуется: 0.500
2025-09-25 18:32:48 - ROBOTY.collision - ERROR - Обнаружено 86 коллизий
2025-09-25 18:32:48 - ROBOTY.safety - DEBUG - Добавлена пауза 0.60s роботу 2 в t=3.05s
2025-09-25 18:32:48 - ROBOTY.safety - DEBUG - Добавлена пауза 0.60s роботу 3 в t=3.05s
2025-09-25 18:32:48 - ROBOTY.safety - DEBUG - Добавлена пауза 0.60s роботу 2 в t=3.10s
2025-09-25 18:32:48 - ROBOTY.safety - DEBUG - Добавлена пауза 0.60s роботу 3 в t=3.10s
2025-09-25 18:32:48 - ROBOTY.safety - DEBUG - Добавлена пауза 0.60s роботу 2 в t=3.15s
2025-09-25 18:32:48 - ROBOTY.safety - DEBUG - Добавлена пауза 0.60s роботу 3 в t=3.15s
2025-09-25 18:32:48 - ROBOTY.safety - DEBUG - Добавлена пауза 0.60s роботу 2 в t=3.20s
2025-09-25 18:32:48 - ROBOTY.safety - DEBUG - Добавлена пауза 0.60s роботу 3 в t=3.20s
2025-09-25 18:32:48 - ROBOTY.safety - DEBUG - Добавлена пауза 0.60s роботу 2 в t=3.25s
2025-09-25 18:32:48 - ROBOTY.safety - DEBUG - Добавлена пауза 0.60s роботу 3 в t=3.25s
2025-09-25 18:32:48 - ROBOTY.safety - DEBUG - Добавлена пауза 0.60s роботу 2 в t=3.30s
2025-09-25 18:32:48 - ROBOTY.safety - DEBUG - Добавлена пауза 0.60s роботу 3 в t=3.30s
2025-09-25 18:32:48 - ROBOTY.safety - DEBUG - Добавлена пауза 0.60s роботу 2 в t=3.35s
2025-09-25 18:32:48 - ROBOTY.safety - DEBUG - Добавлена пауза 0.60s роботу 3 в t=3.35s
2025-09-25 18:32:48 - ROBOTY.safety - DEBUG - Добавлена пауза 0.60s роботу 2 в t=3.40s
2025-09-25 18:32:48 - ROBOTY.safety - DEBUG - Добавлена пауза 0.60s роботу 3 в t=3.40s
2025-09-25 18:32:48 - ROBOTY.safety - DEBUG - Добавлена пауза 0.60s роботу 2 в t=3.45s
2025-09-25 18:32:48 - ROBOTY.safety - DEBUG - Добавлена пауза 0.60s роботу 3 в t=3.45s
2025-09-25 18:32:48 - ROBOTY.safety - DEBUG - Добавлена пауза 0.60s роботу 2 в t=3.50s
2025-09-25 18:32:48 - ROBOTY.safety - DEBUG - Добавлена пауза 0.60s роботу 3 в t=3.50s
2025-09-25 18:32:48 - ROBOTY.safety - DEBUG - Добавлена пауза 0.60s роботу 2 в t=3.55s
2025-09-25 18:32:48 - ROBOTY.safety - DEBUG - Добавлена пауза 0.60s роботу 3 в t=3.55s
2025-09-25 18:32:48 - ROBOTY.safety - DEBUG - Добавлена пауза 0.60s роботу 2 в t=3.60s
2025-09-25 18:32:48 - ROBOTY.safety - DEBUG - Добавлена пауза 0.60s роботу 3 в t=3.60s
2025-09-25 18:32:48 - ROBOTY.safety - DEBUG - Добавлена пауза 0.60s роботу 2 в t=3.65s
2025-09-25 18:32:48 - ROBOTY.safety - DEBUG - Добавлена пауза 0.60s роботу 3 в t=3.65s
2025-09-25 18:32:48 - ROBOTY.safety - DEBUG - Добавлена пауза 0.60s роботу 2 в t=3.70s
2025-09-25 18:32:48 - ROBOTY.safety - DEBUG - Добавлена пауза 0.60s роботу 3 в t=3.70s
2025-09-25 18:32:48 - ROBOTY.safety - DEBUG - Добавлена пауза 0.60s роботу 2 в t=3.75s
2025-09-25 18:32:48 - ROBOTY.safety - DEBUG - Добавлена пауза 0.60s роботу 3 в t=3.75s
2025-09-25 18:32:48 - ROBOTY.safety - DEBUG - Добавлена пауза 0.60s роботу 2 в t=3.80s
2025-09-25 18:32:48 - ROBOTY.safety - DEBUG - Добавлена пауза 0.60s роботу 3 в t=3.80s
2025-09-25 18:32:48 - ROBOTY.safety - DEBUG - Добавлена пауза 0.60s роботу 2 в t=3.85s
2025-09-25 18:32:48 - ROBOTY.safety - DEBUG - Добавлена пауза 0.60s роботу 3 в t=3.85s
2025-09-25 18:32:48 - ROBOTY.safety - DEBUG - Добавлена пауза 0.60s роботу 2 в t=3.90s
2025-09-25 18:32:48 - ROBOTY.safety - DEBUG - Добавлена пауза 0.60s роботу 3 в t=3.90s
2025-09-25 18:32:48 - ROBOTY.safety - DEBUG - Добавлена пауза 0.60s роботу 2 в t=3.95s
2025-09-25 18:32:48 - ROBOTY.safety - DEBUG - Добавлена пауза 0.60s роботу 3 в t=3.95s
2025-09-25 18:32:48 - ROBOTY.safety - DEBUG - Добавлена пауза 0.60s роботу 2 в t=4.00s
2025-09-25 18:32:48 - ROBOTY.safety - DEBUG - Добавлена пауза 0.60s роботу 3 в t=4.00s
2025-09-25 18:32:48 - ROBOTY.safety - DEBUG - Добавлена пауза 0.60s роботу 2 в t=4.05s
2025-09-25 18:32:48 - ROBOTY.safety - DEBUG - Добавлена пауза 0.60s роботу 3 в t=4.05s
2025-09-25 18:32:48 - ROBOTY.safety - DEBUG - Добавлена пауза 0.60s роботу 2 в t=4.10s
2025-09-25 18:32:48 - ROBOTY.safety - DEBUG - Добавлена пауза 0.60s роботу 3 в t=4.10s
2025-09-25 18:32:48 - ROBOTY.safety - DEBUG - Добавлена пауза 0.60s роботу 2 в t=4.15s
2025-09-25 18:32:48 - ROBOTY.safety - DEBUG - Добавлена пауза 0.60s роботу 3 в t=4.15s
2025-09-25 18:32:48 - ROBOTY.safety - DEBUG - Добавлена пауза 0.60s роботу 7 в t=8.60s
2025-09-25 18:32:48 - ROBOTY.safety - DEBUG - Добавлена пауза 0.60s роботу 10 в t=8.60s
2025-09-25 18:32:48 - ROBOTY.safety - DEBUG - Добавлена пауза 0.60s роботу 7 в t=8.65s
2025-09-25 18:32:48 - ROBOTY.safety - DEBUG - Добавлена пауза 0.60s роботу 10 в t=8.65s
2025-09-25 18:32:48 - ROBOTY.safety - DEBUG - Добавлена пауза 0.60s роботу 7 в t=8.70s
2025-09-25 18:32:48 - ROBOTY.safety - DEBUG - Добавлена пауза 0.60s роботу 10 в t=8.70s
2025-09-25 18:32:48 - ROBOTY.safety - DEBUG - Добавлена пауза 0.60s роботу 7 в t=8.75s
2025-09-25 18:32:48 - ROBOTY.safety - DEBUG - Добавлена пауза 0.60s роботу 10 в t=8.75s
2025-09-25 18:32:48 - ROBOTY.safety - DEBUG - Добавлена пауза 0.60s роботу 7 в t=8.80s
2025-09-25 18:32:48 - ROBOTY.safety - DEBUG - Добавлена пауза 0.60s роботу 10 в t=8.80s
2025-09-25 18:32:48 - ROBOTY.safety - DEBUG - Добавлена пауза 0.60s роботу 7 в t=8.85s
2025-09-25 18:32:48 - ROBOTY.safety - DEBUG - Добавлена пауза 0.60s роботу 10 в t=8.85s
2025-09-25 18:32:48 - ROBOTY.safety - DEBUG - Добавлена пауза 0.60s роботу 7 в t=8.90s
2025-09-25 18:32:48 - ROBOTY.safety - DEBUG - Добавлена пауза 0.60s роботу 10 в t=8.90s
2025-09-25 18:32:48 - ROBOTY.safety - DEBUG - Добавлена пауза 0.60s роботу 7 в t=8.95s
2025-09-25 18:32:48 - ROBOTY.safety - DEBUG - Добавлена пауза 0.60s роботу 10 в t=8.95s
2025-09-25 18:32:48 - ROBOTY.safety - DEBUG - Добавлена пауза 0.60s роботу 7 в t=9.00s
2025-09-25 18:32:48 - ROBOTY.safety - DEBUG - Добавлена пауза 0.60s роботу 10 в t=9.00s
2025-09-25 18:32:48 - ROBOTY.safety - DEBUG - Добавлена пауза 0.60s роботу 7 в t=9.05s
2025-09-25 18:32:48 - ROBOTY.safety - DEBUG - Добавлена пауза 0.60s роботу 10 в t=9.05s
2025-09-25 18:32:48 - ROBOTY.safety - DEBUG - Добавлена пауза 0.60s роботу 4 в t=18.05s
2025-09-25 18:32:48 - ROBOTY.safety - DEBUG - Добавлена пауза 0.60s роботу 6 в t=18.05s
2025-09-25 18:32:48 - ROBOTY.safety - DEBUG - Добавлена пауза 0.60s роботу 4 в t=18.10s
2025-09-25 18:32:48 - ROBOTY.safety - DEBUG - Добавлена пауза 0.60s роботу 6 в t=18.10s
2025-09-25 18:32:48 - ROBOTY.safety - DEBUG - Добавлена пауза 0.60s роботу 4 в t=18.15s
2025-09-25 18:32:48 - ROBOTY.safety - DEBUG - Добавлена пауза 0.60s роботу 6 в t=18.15s
2025-09-25 18:32:48 - ROBOTY.safety - DEBUG - Добавлена пауза 0.60s роботу 4 в t=18.20s
2025-09-25 18:32:48 - ROBOTY.safety - DEBUG - Добавлена пауза 0.60s роботу 6 в t=18.20s
2025-09-25 18:32:48 - ROBOTY.safety - DEBUG - Добавлена пауза 0.60s роботу 4 в t=18.25s
2025-09-25 18:32:48 - ROBOTY.safety - DEBUG - Добавлена пауза 0.60s роботу 6 в t=18.25s
2025-09-25 18:32:48 - ROBOTY.safety - DEBUG - Добавлена пауза 0.60s роботу 4 в t=18.30s
2025-09-25 18:32:48 - ROBOTY.safety - DEBUG - Добавлена пауза 0.60s роботу 6 в t=18.30s
2025-09-25 18:32:48 - ROBOTY.safety - DEBUG - Добавлена пауза 0.60s роботу 4 в t=18.35s
2025-09-25 18:32:48 - ROBOTY.safety - DEBUG - Добавлена пауза 0.60s роботу 6 в t=18.35s
2025-09-25 18:32:48 - ROBOTY.safety - DEBUG - Добавлена пауза 0.60s роботу 4 в t=18.40s
2025-09-25 18:32:48 - ROBOTY.safety - DEBUG - Добавлена пауза 0.60s роботу 6 в t=18.40s
2025-09-25 18:32:48 - ROBOTY.safety - DEBUG - Добавлена пауза 0.60s роботу 4 в t=18.45s
2025-09-25 18:32:48 - ROBOTY.safety - DEBUG - Добавлена пауза 0.60s роботу 6 в t=18.45s
2025-09-25 18:32:48 - ROBOTY.safety - DEBUG - Добавлена пауза 0.60s роботу 4 в t=18.50s
2025-09-25 18:32:48 - ROBOTY.safety - DEBUG - Добавлена пауза 0.60s роботу 6 в t=18.50s
2025-09-25 18:32:48 - ROBOTY.safety - DEBUG - Добавлена пауза 0.60s роботу 4 в t=18.55s
2025-09-25 18:32:48 - ROBOTY.safety - DEBUG - Добавлена пауза 0.60s роботу 6 в t=18.55s
2025-09-25 18:32:48 - ROBOTY.safety - DEBUG - Добавлена пауза 0.60s роботу 4 в t=18.60s
2025-09-25 18:32:48 - ROBOTY.safety - DEBUG - Добавлена пауза 0.60s роботу 6 в t=18.60s
2025-09-25 18:32:48 - ROBOTY.safety - DEBUG - Добавлена пауза 0.60s роботу 4 в t=18.65s
2025-09-25 18:32:48 - ROBOTY.safety - DEBUG - Добавлена пауза 0.60s роботу 6 в t=18.65s
2025-09-25 18:32:48 - ROBOTY.safety - DEBUG - Добавлена пауза 0.60s роботу 4 в t=18.70s
2025-09-25 18:32:48 - ROBOTY.safety - DEBUG - Добавлена пауза 0.60s роботу 6 в t=18.70s
2025-09-25 18:32:48 - ROBOTY.safety - DEBUG - Добавлена пауза 0.60s роботу 4 в t=18.75s
2025-09-25 18:32:48 - ROBOTY.safety - DEBUG - Добавлена пауза 0.60s роботу 6 в t=18.75s
2025-09-25 18:32:48 - ROBOTY.safety - DEBUG - Добавлена пауза 0.60s роботу 4 в t=18.80s
2025-09-25 18:32:48 - ROBOTY.safety - DEBUG - Добавлена пауза 0.60s роботу 6 в t=18.80s
2025-09-25 18:32:48 - ROBOTY.safety - DEBUG - Добавлена пауза 0.60s роботу 4 в t=18.85s
2025-09-25 18:32:48 - ROBOTY.safety - DEBUG - Добавлена пауза 0.60s роботу 6 в t=18.85s
2025-09-25 18:32:48 - ROBOTY.safety - DEBUG - Добавлена пауза 0.60s роботу 4 в t=18.90s
2025-09-25 18:32:48 - ROBOTY.safety - DEBUG - Добавлена пауза 0.60s роботу 6 в t=18.90s
2025-09-25 18:32:48 - ROBOTY.safety - DEBUG - Добавлена пауза 0.60s роботу 4 в t=18.95s
2025-09-25 18:32:48 - ROBOTY.safety - DEBUG - Добавлена пауза 0.60s роботу 6 в t=18.95s
2025-09-25 18:32:48 - ROBOTY.safety - DEBUG - Добавлена пауза 0.60s роботу 2 в t=35.40s
2025-09-25 18:32:48 - ROBOTY.safety - DEBUG - Добавлена пауза 0.60s роботу 9 в t=35.40s
2025-09-25 18:32:48 - ROBOTY.safety - DEBUG - Добавлена пауза 0.60s роботу 2 в t=35.45s
2025-09-25 18:32:48 - ROBOTY.safety - DEBUG - Добавлена пауза 0.60s роботу 9 в t=35.45s
2025-09-25 18:32:48 - ROBOTY.safety - DEBUG - Добавлена пауза 0.60s роботу 2 в t=35.50s
2025-09-25 18:32:48 - ROBOTY.safety - DEBUG - Добавлена пауза 0.60s роботу 9 в t=35.50s
2025-09-25 18:32:48 - ROBOTY.safety - DEBUG - Добавлена пауза 0.60s роботу 2 в t=35.55s
2025-09-25 18:32:48 - ROBOTY.safety - DEBUG - Добавлена пауза 0.60s роботу 9 в t=35.55s
2025-09-25 18:32:48 - ROBOTY.safety - DEBUG - Добавлена пауза 0.60s роботу 2 в t=35.60s
2025-09-25 18:32:48 - ROBOTY.safety - DEBUG - Добавлена пауза 0.60s роботу 9 в t=35.60s
2025-09-25 18:32:48 - ROBOTY.safety - DEBUG - Добавлена пауза 0.60s роботу 2 в t=35.65s
2025-09-25 18:32:48 - ROBOTY.safety - DEBUG - Добавлена пауза 0.60s роботу 9 в t=35.65s
2025-09-25 18:32:48 - ROBOTY.safety - DEBUG - Добавлена пауза 0.60s роботу 2 в t=35.70s
2025-09-25 18:32:48 - ROBOTY.safety - DEBUG - Добавлена пауза 0.60s роботу 9 в t=35.70s
2025-09-25 18:32:48 - ROBOTY.safety - DEBUG - Добавлена пауза 0.60s роботу 2 в t=35.75s
2025-09-25 18:32:48 - ROBOTY.safety - DEBUG - Добавлена пауза 0.60s роботу 9 в t=35.75s
2025-09-25 18:32:48 - ROBOTY.safety - DEBUG - Добавлена пауза 0.60s роботу 2 в t=35.80s
2025-09-25 18:32:48 - ROBOTY.safety - DEBUG - Добавлена пауза 0.60s роботу 9 в t=35.80s
2025-09-25 18:32:48 - ROBOTY.safety - DEBUG - Добавлена пауза 0.60s роботу 2 в t=35.85s
2025-09-25 18:32:48 - ROBOTY.safety - DEBUG - Добавлена пауза 0.60s роботу 9 в t=35.85s
2025-09-25 18:32:48 - ROBOTY.safety - DEBUG - Добавлена пауза 0.60s роботу 2 в t=35.90s
2025-09-25 18:32:48 - ROBOTY.safety - DEBUG - Добавлена пауза 0.60s роботу 9 в t=35.90s
2025-09-25 18:32:48 - ROBOTY.safety - DEBUG - Добавлена пауза 0.60s роботу 2 в t=35.95s
2025-09-25 18:32:48 - ROBOTY.safety - DEBUG - Добавлена пауза 0.60s роботу 9 в t=35.95s
2025-09-25 18:32:48 - ROBOTY.safety - DEBUG - Добавлена пауза 0.60s роботу 2 в t=36.00s
2025-09-25 18:32:48 - ROBOTY.safety - DEBUG - Добавлена пауза 0.60s роботу 9 в t=36.00s
2025-09-25 18:32:48 - ROBOTY.safety - DEBUG - Добавлена пауза 0.60s роботу 2 в t=36.05s
2025-09-25 18:32:48 - ROBOTY.safety - DEBUG - Добавлена пауза 0.60s роботу 9 в t=36.05s
2025-09-25 18:32:48 - ROBOTY.safety - DEBUG - Добавлена пауза 0.60s роботу 2 в t=36.10s
2025-09-25 18:32:48 - ROBOTY.safety - DEBUG - Добавлена пауза 0.60s роботу 9 в t=36.10s
2025-09-25 18:32:48 - ROBOTY.safety - DEBUG - Добавлена пауза 0.60s роботу 2 в t=36.15s
2025-09-25 18:32:48 - ROBOTY.safety - DEBUG - Добавлена пауза 0.60s роботу 9 в t=36.15s
2025-09-25 18:32:48 - ROBOTY.safety - DEBUG - Добавлена пауза 0.60s роботу 2 в t=36.20s
2025-09-25 18:32:48 - ROBOTY.safety - DEBUG - Добавлена пауза 0.60s роботу 9 в t=36.20s
2025-09-25 18:32:48 - ROBOTY.safety - DEBUG - Добавлена пауза 0.60s роботу 2 в t=36.25s
2025-09-25 18:32:48 - ROBOTY.safety - DEBUG - Добавлена пауза 0.60s роботу 9 в t=36.25s
2025-09-25 18:32:48 - ROBOTY.safety - DEBUG - Добавлена пауза 0.60s роботу 2 в t=36.30s
2025-09-25 18:32:48 - ROBOTY.safety - DEBUG - Добавлена пауза 0.60s роботу 9 в t=36.30s
2025-09-25 18:32:48 - ROBOTY.safety - DEBUG - Добавлена пауза 0.60s роботу 2 в t=36.35s
2025-09-25 18:32:48 - ROBOTY.safety - DEBUG - Добавлена пауза 0.60s роботу 9 в t=36.35s
2025-09-25 18:32:48 - ROBOTY.safety - DEBUG - Добавлена пауза 0.60s роботу 2 в t=36.40s
2025-09-25 18:32:48 - ROBOTY.safety - DEBUG - Добавлена пауза 0.60s роботу 9 в t=36.40s
2025-09-25 18:32:48 - ROBOTY.safety - DEBUG - Добавлена пауза 0.60s роботу 2 в t=36.45s
2025-09-25 18:32:48 - ROBOTY.safety - DEBUG - Добавлена пауза 0.60s роботу 9 в t=36.45s
2025-09-25 18:32:48 - ROBOTY.safety - DEBUG - Добавлена пауза 0.60s роботу 2 в t=36.50s
2025-09-25 18:32:48 - ROBOTY.safety - DEBUG - Добавлена пауза 0.60s роботу 9 в t=36.50s
2025-09-25 18:32:48 - ROBOTY.safety - DEBUG - Добавлена пауза 0.60s роботу 2 в t=36.55s
2025-09-25 18:32:48 - ROBOTY.safety - DEBUG - Добавлена пауза 0.60s роботу 9 в t=36.55s
2025-09-25 18:32:48 - ROBOTY.safety - DEBUG - Добавлена пауза 0.60s роботу 2 в t=36.60s
2025-09-25 18:32:48 - ROBOTY.safety - DEBUG - Добавлена пауза 0.60s роботу 9 в t=36.60s
2025-09-25 18:32:48 - ROBOTY.safety - DEBUG - Добавлена пауза 0.60s роботу 2 в t=36.65s
2025-09-25 18:32:48 - ROBOTY.safety - DEBUG - Добавлена пауза 0.60s роботу 9 в t=36.65s
2025-09-25 18:32:48 - ROBOTY.safety - DEBUG - Добавлена пауза 0.60s роботу 2 в t=36.70s
2025-09-25 18:32:48 - ROBOTY.safety - DEBUG - Добавлена пауза 0.60s роботу 9 в t=36.70s
2025-09-25 18:32:48 - ROBOTY.safety - DEBUG - Добавлена пауза 0.60s роботу 2 в t=36.75s
2025-09-25 18:32:48 - ROBOTY.safety - DEBUG - Добавлена пауза 0.60s роботу 9 в t=36.75s
2025-09-25 18:32:48 - ROBOTY.safety - DEBUG - Добавлена пауза 0.60s роботу 2 в t=36.80s
2025-09-25 18:32:48 - ROBOTY.safety - DEBUG - Добавлена пауза 0.60s роботу 9 в t=36.80s
2025-09-25 18:32:48 - ROBOTY.safety - DEBUG - Добавлена пауза 0.60s роботу 2 в t=36.85s
2025-09-25 18:32:48 - ROBOTY.safety - DEBUG - Добавлена пауза 0.60s роботу 9 в t=36.85s
2025-09-25 18:32:48 - ROBOTY.safety - DEBUG - Добавлена пауза 0.60s роботу 2 в t=36.90s
2025-09-25 18:32:48 - ROBOTY.safety - DEBUG - Добавлена пауза 0.60s роботу 9 в t=36.90s
2025-09-25 18:32:48 - ROBOTY.safety - DEBUG - Добавлена пауза 0.60s роботу 2 в t=36.95s
2025-09-25 18:32:48 - ROBOTY.safety - DEBUG - Добавлена пауза 0.60s роботу 9 в t=36.95s
2025-09-25 18:32:48 - ROBOTY.safety - DEBUG - Добавлена пауза 0.60s роботу 2 в t=37.00s
2025-09-25 18:32:48 - ROBOTY.safety - DEBUG - Добавлена пауза 0.60s роботу 9 в t=37.00s
2025-09-25 18:32:48 - ROBOTY.safety - DEBUG - Добавлена пауза 0.60s роботу 4 в t=41.65s
2025-09-25 18:32:48 - ROBOTY.safety - DEBUG - Добавлена пауза 0.60s роботу 9 в t=41.65s
2025-09-25 18:32:48 - ROBOTY.safety - INFO - Онлайн-безопасность применена: паузы вставлены
2025-09-25 18:32:48 - ROBOTY.collision - INFO - Начинаем детальную проверку коллизий
2025-09-25 18:32:48 - ROBOTY.collision - DEBUG - Проверяем коллизии в диапазоне времени: 0.00 - 69.07
2025-09-25 18:32:48 - ROBOTY.collision - WARNING - Коллизия: роботы 2 и 3 в 3.10s, расстояние: 0.497, требуется: 0.500
2025-09-25 18:32:48 - ROBOTY.collision - WARNING - Коллизия: роботы 2 и 3 в 3.20s, расстояние: 0.497, требуется: 0.500
2025-09-25 18:32:48 - ROBOTY.collision - WARNING - Коллизия: роботы 2 и 3 в 3.30s, расстояние: 0.497, требуется: 0.500
2025-09-25 18:32:48 - ROBOTY.collision - WARNING - Коллизия: роботы 2 и 3 в 3.40s, расстояние: 0.497, требуется: 0.500
2025-09-25 18:32:48 - ROBOTY.collision - WARNING - Коллизия: роботы 2 и 3 в 3.50s, расстояние: 0.497, требуется: 0.500
2025-09-25 18:32:48 - ROBOTY.collision - WARNING - Коллизия: роботы 2 и 3 в 3.60s, расстояние: 0.497, требуется: 0.500
2025-09-25 18:32:48 - ROBOTY.collision - WARNING - Коллизия: роботы 2 и 3 в 3.70s, расстояние: 0.497, требуется: 0.500
2025-09-25 18:32:48 - ROBOTY.collision - WARNING - Коллизия: роботы 2 и 3 в 3.80s, расстояние: 0.497, требуется: 0.500
2025-09-25 18:32:48 - ROBOTY.collision - WARNING - Коллизия: роботы 2 и 3 в 3.90s, расстояние: 0.497, требуется: 0.500
2025-09-25 18:32:48 - ROBOTY.collision - WARNING - Коллизия: роботы 2 и 3 в 4.00s, расстояние: 0.497, требуется: 0.500
2025-09-25 18:32:48 - ROBOTY.collision - WARNING - Коллизия: роботы 2 и 3 в 4.10s, расстояние: 0.497, требуется: 0.500
2025-09-25 18:32:48 - ROBOTY.collision - WARNING - Коллизия: роботы 2 и 3 в 4.20s, расстояние: 0.497, требуется: 0.500
2025-09-25 18:32:48 - ROBOTY.collision - WARNING - Коллизия: роботы 2 и 3 в 4.30s, расстояние: 0.497, требуется: 0.500
2025-09-25 18:32:48 - ROBOTY.collision - WARNING - Коллизия: роботы 2 и 3 в 4.40s, расстояние: 0.497, требуется: 0.500
2025-09-25 18:32:48 - ROBOTY.collision - WARNING - Коллизия: роботы 2 и 3 в 4.50s, расстояние: 0.497, требуется: 0.500
2025-09-25 18:32:48 - ROBOTY.collision - WARNING - Коллизия: роботы 2 и 3 в 4.60s, расстояние: 0.497, требуется: 0.500
2025-09-25 18:32:48 - ROBOTY.collision - WARNING - Коллизия: роботы 2 и 3 в 4.70s, расстояние: 0.497, требуется: 0.500
2025-09-25 18:32:48 - ROBOTY.collision - WARNING - Коллизия: роботы 2 и 3 в 4.80s, расстояние: 0.497, требуется: 0.500
2025-09-25 18:32:48 - ROBOTY.collision - WARNING - Коллизия: роботы 2 и 3 в 4.90s, расстояние: 0.497, требуется: 0.500
2025-09-25 18:32:48 - ROBOTY.collision - WARNING - Коллизия: роботы 2 и 3 в 5.00s, расстояние: 0.497, требуется: 0.500
2025-09-25 18:32:48 - ROBOTY.collision - WARNING - Коллизия: роботы 2 и 3 в 5.10s, расстояние: 0.497, требуется: 0.500
2025-09-25 18:32:48 - ROBOTY.collision - WARNING - Коллизия: роботы 2 и 3 в 5.20s, расстояние: 0.497, требуется: 0.500
2025-09-25 18:32:48 - ROBOTY.collision - WARNING - Коллизия: роботы 2 и 3 в 5.30s, расстояние: 0.497, требуется: 0.500
2025-09-25 18:32:48 - ROBOTY.collision - WARNING - Коллизия: роботы 2 и 3 в 5.40s, расстояние: 0.497, требуется: 0.500
2025-09-25 18:32:48 - ROBOTY.collision - WARNING - Коллизия: роботы 2 и 3 в 5.50s, расстояние: 0.497, требуется: 0.500
2025-09-25 18:32:48 - ROBOTY.collision - WARNING - Коллизия: роботы 2 и 3 в 5.60s, расстояние: 0.497, требуется: 0.500
2025-09-25 18:32:48 - ROBOTY.collision - WARNING - Коллизия: роботы 2 и 3 в 5.70s, расстояние: 0.497, требуется: 0.500
2025-09-25 18:32:48 - ROBOTY.collision - WARNING - Коллизия: роботы 2 и 3 в 5.80s, расстояние: 0.497, требуется: 0.500
2025-09-25 18:32:48 - ROBOTY.collision - WARNING - Коллизия: роботы 2 и 3 в 5.90s, расстояние: 0.497, требуется: 0.500
2025-09-25 18:32:48 - ROBOTY.collision - WARNING - Коллизия: роботы 2 и 3 в 6.00s, расстояние: 0.497, требуется: 0.500
2025-09-25 18:32:48 - ROBOTY.collision - WARNING - Коллизия: роботы 2 и 3 в 6.10s, расстояние: 0.497, требуется: 0.500
2025-09-25 18:32:48 - ROBOTY.collision - WARNING - Коллизия: роботы 2 и 3 в 6.20s, расстояние: 0.497, требуется: 0.500
2025-09-25 18:32:48 - ROBOTY.collision - WARNING - Коллизия: роботы 2 и 3 в 6.30s, расстояние: 0.497, требуется: 0.500
2025-09-25 18:32:48 - ROBOTY.collision - WARNING - Коллизия: роботы 2 и 3 в 6.40s, расстояние: 0.497, требуется: 0.500
2025-09-25 18:32:48 - ROBOTY.collision - WARNING - Коллизия: роботы 2 и 3 в 6.50s, расстояние: 0.497, требуется: 0.500
2025-09-25 18:32:48 - ROBOTY.collision - WARNING - Коллизия: роботы 2 и 3 в 6.60s, расстояние: 0.497, требуется: 0.500
2025-09-25 18:32:48 - ROBOTY.collision - WARNING - Коллизия: роботы 2 и 3 в 6.70s, расстояние: 0.497, требуется: 0.500
2025-09-25 18:32:48 - ROBOTY.collision - WARNING - Коллизия: роботы 2 и 3 в 6.80s, расстояние: 0.497, требуется: 0.500
2025-09-25 18:32:48 - ROBOTY.collision - WARNING - Коллизия: роботы 2 и 3 в 6.90s, расстояние: 0.497, требуется: 0.500
2025-09-25 18:32:48 - ROBOTY.collision - WARNING - Коллизия: роботы 2 и 3 в 7.00s, расстояние: 0.497, требуется: 0.500
2025-09-25 18:32:48 - ROBOTY.collision - WARNING - Коллизия: роботы 2 и 3 в 7.10s, расстояние: 0.497, требуется: 0.500
2025-09-25 18:32:48 - ROBOTY.collision - WARNING - Коллизия: роботы 2 и 3 в 7.20s, расстояние: 0.497, требуется: 0.500
2025-09-25 18:32:48 - ROBOTY.collision - WARNING - Коллизия: роботы 2 и 3 в 7.30s, расстояние: 0.497, требуется: 0.500
2025-09-25 18:32:48 - ROBOTY.collision - WARNING - Коллизия: роботы 2 и 3 в 7.40s, расстояние: 0.497, требуется: 0.500
2025-09-25 18:32:48 - ROBOTY.collision - WARNING - Коллизия: роботы 2 и 3 в 7.50s, расстояние: 0.497, требуется: 0.500
2025-09-25 18:32:48 - ROBOTY.collision - WARNING - Коллизия: роботы 2 и 3 в 7.60s, расстояние: 0.497, требуется: 0.500
2025-09-25 18:32:48 - ROBOTY.collision - WARNING - Коллизия: роботы 2 и 3 в 7.70s, расстояние: 0.497, требуется: 0.500
2025-09-25 18:32:48 - ROBOTY.collision - WARNING - Коллизия: роботы 2 и 3 в 7.80s, расстояние: 0.497, требуется: 0.500
2025-09-25 18:32:48 - ROBOTY.collision - WARNING - Коллизия: роботы 2 и 3 в 7.90s, расстояние: 0.497, требуется: 0.500
2025-09-25 18:32:48 - ROBOTY.collision - WARNING - Коллизия: роботы 2 и 3 в 8.00s, расстояние: 0.497, требуется: 0.500
2025-09-25 18:32:48 - ROBOTY.collision - WARNING - Коллизия: роботы 2 и 3 в 8.10s, расстояние: 0.497, требуется: 0.500
2025-09-25 18:32:48 - ROBOTY.collision - WARNING - Коллизия: роботы 2 и 3 в 8.20s, расстояние: 0.497, требуется: 0.500
2025-09-25 18:32:48 - ROBOTY.collision - WARNING - Коллизия: роботы 2 и 3 в 8.30s, расстояние: 0.497, требуется: 0.500
2025-09-25 18:32:48 - ROBOTY.collision - WARNING - Коллизия: роботы 2 и 3 в 8.40s, расстояние: 0.497, требуется: 0.500
2025-09-25 18:32:48 - ROBOTY.collision - WARNING - Коллизия: роботы 2 и 3 в 8.50s, расстояние: 0.497, требуется: 0.500
2025-09-25 18:32:48 - ROBOTY.collision - WARNING - Коллизия: роботы 2 и 3 в 8.60s, расстояние: 0.497, требуется: 0.500
2025-09-25 18:32:48 - ROBOTY.collision - WARNING - Коллизия: роботы 7 и 10 в 8.60s, расстояние: 0.469, требуется: 0.500
2025-09-25 18:32:48 - ROBOTY.collision - WARNING - Коллизия: роботы 2 и 3 в 8.70s, расстояние: 0.497, требуется: 0.500
2025-09-25 18:32:48 - ROBOTY.collision - WARNING - Коллизия: роботы 7 и 10 в 8.70s, расстояние: 0.469, требуется: 0.500
2025-09-25 18:32:48 - ROBOTY.collision - WARNING - Коллизия: роботы 2 и 3 в 8.80s, расстояние: 0.497, требуется: 0.500
2025-09-25 18:32:48 - ROBOTY.collision - WARNING - Коллизия: роботы 7 и 10 в 8.80s, расстояние: 0.469, требуется: 0.500
2025-09-25 18:32:48 - ROBOTY.collision - WARNING - Коллизия: роботы 2 и 3 в 8.90s, расстояние: 0.497, требуется: 0.500
2025-09-25 18:32:48 - ROBOTY.collision - WARNING - Коллизия: роботы 7 и 10 в 8.90s, расстояние: 0.469, требуется: 0.500
2025-09-25 18:32:48 - ROBOTY.collision - WARNING - Коллизия: роботы 2 и 3 в 9.00s, расстояние: 0.497, требуется: 0.500
2025-09-25 18:32:48 - ROBOTY.collision - WARNING - Коллизия: роботы 7 и 10 в 9.00s, расстояние: 0.469, требуется: 0.500
2025-09-25 18:32:48 - ROBOTY.collision - WARNING - Коллизия: роботы 2 и 3 в 9.10s, расстояние: 0.497, требуется: 0.500
2025-09-25 18:32:48 - ROBOTY.collision - WARNING - Коллизия: роботы 7 и 10 в 9.10s, расстояние: 0.469, требуется: 0.500
2025-09-25 18:32:48 - ROBOTY.collision - WARNING - Коллизия: роботы 2 и 3 в 9.20s, расстояние: 0.497, требуется: 0.500
2025-09-25 18:32:48 - ROBOTY.collision - WARNING - Коллизия: роботы 7 и 10 в 9.20s, расстояние: 0.469, требуется: 0.500
2025-09-25 18:32:48 - ROBOTY.collision - WARNING - Коллизия: роботы 2 и 3 в 9.30s, расстояние: 0.497, требуется: 0.500
2025-09-25 18:32:48 - ROBOTY.collision - WARNING - Коллизия: роботы 7 и 10 в 9.30s, расстояние: 0.469, требуется: 0.500
2025-09-25 18:32:48 - ROBOTY.collision - WARNING - Коллизия: роботы 2 и 3 в 9.40s, расстояние: 0.497, требуется: 0.500
2025-09-25 18:32:48 - ROBOTY.collision - WARNING - Коллизия: роботы 7 и 10 в 9.40s, расстояние: 0.469, требуется: 0.500
2025-09-25 18:32:48 - ROBOTY.collision - WARNING - Коллизия: роботы 2 и 3 в 9.50s, расстояние: 0.497, требуется: 0.500
2025-09-25 18:32:48 - ROBOTY.collision - WARNING - Коллизия: роботы 7 и 10 в 9.50s, расстояние: 0.469, требуется: 0.500
2025-09-25 18:32:48 - ROBOTY.collision - WARNING - Коллизия: роботы 2 и 3 в 9.60s, расстояние: 0.497, требуется: 0.500
2025-09-25 18:32:48 - ROBOTY.collision - WARNING - Коллизия: роботы 7 и 10 в 9.60s, расстояние: 0.469, требуется: 0.500
2025-09-25 18:32:48 - ROBOTY.collision - WARNING - Коллизия: роботы 2 и 3 в 9.70s, расстояние: 0.497, требуется: 0.500
2025-09-25 18:32:48 - ROBOTY.collision - WARNING - Коллизия: роботы 7 и 10 в 9.70s, расстояние: 0.469, требуется: 0.500
2025-09-25 18:32:48 - ROBOTY.collision - WARNING - Коллизия: роботы 2 и 3 в 9.80s, расстояние: 0.497, требуется: 0.500
2025-09-25 18:32:48 - ROBOTY.collision - WARNING - Коллизия: роботы 7 и 10 в 9.80s, расстояние: 0.469, требуется: 0.500
2025-09-25 18:32:48 - ROBOTY.collision - WARNING - Коллизия: роботы 2 и 3 в 9.90s, расстояние: 0.497, требуется: 0.500
2025-09-25 18:32:48 - ROBOTY.collision - WARNING - Коллизия: роботы 7 и 10 в 9.90s, расстояние: 0.469, требуется: 0.500
2025-09-25 18:32:48 - ROBOTY.collision - WARNING - Коллизия: роботы 2 и 3 в 10.00s, расстояние: 0.497, требуется: 0.500
2025-09-25 18:32:48 - ROBOTY.collision - WARNING - Коллизия: роботы 7 и 10 в 10.00s, расстояние: 0.469, требуется: 0.500
2025-09-25 18:32:48 - ROBOTY.collision - WARNING - Коллизия: роботы 2 и 3 в 10.10s, расстояние: 0.497, требуется: 0.500
2025-09-25 18:32:48 - ROBOTY.collision - WARNING - Коллизия: роботы 7 и 10 в 10.10s, расстояние: 0.469, требуется: 0.500
2025-09-25 18:32:48 - ROBOTY.collision - WARNING - Коллизия: роботы 2 и 3 в 10.20s, расстояние: 0.497, требуется: 0.500
2025-09-25 18:32:48 - ROBOTY.collision - WARNING - Коллизия: роботы 7 и 10 в 10.20s, расстояние: 0.469, требуется: 0.500
2025-09-25 18:32:48 - ROBOTY.collision - WARNING - Коллизия: роботы 2 и 3 в 10.30s, расстояние: 0.497, требуется: 0.500
2025-09-25 18:32:48 - ROBOTY.collision - WARNING - Коллизия: роботы 7 и 10 в 10.30s, расстояние: 0.469, требуется: 0.500
2025-09-25 18:32:48 - ROBOTY.collision - WARNING - Коллизия: роботы 2 и 3 в 10.40s, расстояние: 0.497, требуется: 0.500
2025-09-25 18:32:48 - ROBOTY.collision - WARNING - Коллизия: роботы 7 и 10 в 10.40s, расстояние: 0.469, требуется: 0.500
2025-09-25 18:32:48 - ROBOTY.collision - WARNING - Коллизия: роботы 2 и 3 в 10.50s, расстояние: 0.497, требуется: 0.500
2025-09-25 18:32:48 - ROBOTY.collision - WARNING - Коллизия: роботы 7 и 10 в 10.50s, расстояние: 0.469, требуется: 0.500
2025-09-25 18:32:48 - ROBOTY.collision - WARNING - Коллизия: роботы 2 и 3 в 10.60s, расстояние: 0.497, требуется: 0.500
2025-09-25 18:32:48 - ROBOTY.collision - WARNING - Коллизия: роботы 7 и 10 в 10.60s, расстояние: 0.469, требуется: 0.500
2025-09-25 18:32:48 - ROBOTY.collision - WARNING - Коллизия: роботы 2 и 3 в 10.70s, расстояние: 0.497, требуется: 0.500
2025-09-25 18:32:48 - ROBOTY.collision - WARNING - Коллизия: роботы 7 и 10 в 10.70s, расстояние: 0.469, требуется: 0.500
2025-09-25 18:32:48 - ROBOTY.collision - WARNING - Коллизия: роботы 2 и 3 в 10.80s, расстояние: 0.497, требуется: 0.500
2025-09-25 18:32:48 - ROBOTY.collision - WARNING - Коллизия: роботы 7 и 10 в 10.80s, расстояние: 0.469, требуется: 0.500
2025-09-25 18:32:48 - ROBOTY.collision - WARNING - Коллизия: роботы 2 и 3 в 10.90s, расстояние: 0.497, требуется: 0.500
2025-09-25 18:32:48 - ROBOTY.collision - WARNING - Коллизия: роботы 7 и 10 в 10.90s, расстояние: 0.469, требуется: 0.500
2025-09-25 18:32:48 - ROBOTY.collision - WARNING - Коллизия: роботы 2 и 3 в 11.00s, расстояние: 0.497, требуется: 0.500
2025-09-25 18:32:48 - ROBOTY.collision - WARNING - Коллизия: роботы 7 и 10 в 11.00s, расстояние: 0.469, требуется: 0.500
2025-09-25 18:32:48 - ROBOTY.collision - WARNING - Коллизия: роботы 2 и 3 в 11.10s, расстояние: 0.497, требуется: 0.500
2025-09-25 18:32:48 - ROBOTY.collision - WARNING - Коллизия: роботы 7 и 10 в 11.10s, расстояние: 0.469, требуется: 0.500
2025-09-25 18:32:48 - ROBOTY.collision - WARNING - Коллизия: роботы 2 и 3 в 11.20s, расстояние: 0.497, требуется: 0.500
2025-09-25 18:32:48 - ROBOTY.collision - WARNING - Коллизия: роботы 7 и 10 в 11.20s, расстояние: 0.469, требуется: 0.500
2025-09-25 18:32:48 - ROBOTY.collision - WARNING - Коллизия: роботы 2 и 3 в 11.30s, расстояние: 0.497, требуется: 0.500
2025-09-25 18:32:48 - ROBOTY.collision - WARNING - Коллизия: роботы 7 и 10 в 11.30s, расстояние: 0.469, требуется: 0.500
2025-09-25 18:32:48 - ROBOTY.collision - WARNING - Коллизия: роботы 2 и 3 в 11.40s, расстояние: 0.497, требуется: 0.500
2025-09-25 18:32:48 - ROBOTY.collision - WARNING - Коллизия: роботы 7 и 10 в 11.40s, расстояние: 0.469, требуется: 0.500
2025-09-25 18:32:48 - ROBOTY.collision - WARNING - Коллизия: роботы 2 и 3 в 11.50s, расстояние: 0.497, требуется: 0.500
2025-09-25 18:32:48 - ROBOTY.collision - WARNING - Коллизия: роботы 7 и 10 в 11.50s, расстояние: 0.469, требуется: 0.500
2025-09-25 18:32:48 - ROBOTY.collision - WARNING - Коллизия: роботы 2 и 3 в 11.60s, расстояние: 0.497, требуется: 0.500
2025-09-25 18:32:48 - ROBOTY.collision - WARNING - Коллизия: роботы 7 и 10 в 11.60s, расстояние: 0.469, требуется: 0.500
2025-09-25 18:32:48 - ROBOTY.collision - WARNING - Коллизия: роботы 2 и 3 в 11.70s, расстояние: 0.497, требуется: 0.500
2025-09-25 18:32:48 - ROBOTY.collision - WARNING - Коллизия: роботы 7 и 10 в 11.70s, расстояние: 0.469, требуется: 0.500
2025-09-25 18:32:48 - ROBOTY.collision - WARNING - Коллизия: роботы 2 и 3 в 11.80s, расстояние: 0.497, требуется: 0.500
2025-09-25 18:32:48 - ROBOTY.collision - WARNING - Коллизия: роботы 7 и 10 в 11.80s, расстояние: 0.469, требуется: 0.500
2025-09-25 18:32:48 - ROBOTY.collision - WARNING - Коллизия: роботы 2 и 3 в 11.90s, расстояние: 0.497, требуется: 0.500
2025-09-25 18:32:48 - ROBOTY.collision - WARNING - Коллизия: роботы 7 и 10 в 11.90s, расстояние: 0.469, требуется: 0.500
2025-09-25 18:32:48 - ROBOTY.collision - WARNING - Коллизия: роботы 2 и 3 в 12.00s, расстояние: 0.497, требуется: 0.500
2025-09-25 18:32:48 - ROBOTY.collision - WARNING - Коллизия: роботы 7 и 10 в 12.00s, расстояние: 0.469, требуется: 0.500
2025-09-25 18:32:48 - ROBOTY.collision - WARNING - Коллизия: роботы 2 и 3 в 12.10s, расстояние: 0.497, требуется: 0.500
2025-09-25 18:32:48 - ROBOTY.collision - WARNING - Коллизия: роботы 7 и 10 в 12.10s, расстояние: 0.469, требуется: 0.500
2025-09-25 18:32:48 - ROBOTY.collision - WARNING - Коллизия: роботы 2 и 3 в 12.20s, расстояние: 0.497, требуется: 0.500
2025-09-25 18:32:48 - ROBOTY.collision - WARNING - Коллизия: роботы 7 и 10 в 12.20s, расстояние: 0.469, требуется: 0.500
2025-09-25 18:32:48 - ROBOTY.collision - WARNING - Коллизия: роботы 2 и 3 в 12.30s, расстояние: 0.497, требуется: 0.500
2025-09-25 18:32:48 - ROBOTY.collision - WARNING - Коллизия: роботы 7 и 10 в 12.30s, расстояние: 0.469, требуется: 0.500
2025-09-25 18:32:48 - ROBOTY.collision - WARNING - Коллизия: роботы 2 и 3 в 12.40s, расстояние: 0.497, требуется: 0.500
2025-09-25 18:32:48 - ROBOTY.collision - WARNING - Коллизия: роботы 7 и 10 в 12.40s, расстояние: 0.469, требуется: 0.500
2025-09-25 18:32:48 - ROBOTY.collision - WARNING - Коллизия: роботы 2 и 3 в 12.50s, расстояние: 0.497, требуется: 0.500
2025-09-25 18:32:48 - ROBOTY.collision - WARNING - Коллизия: роботы 7 и 10 в 12.50s, расстояние: 0.469, требуется: 0.500
2025-09-25 18:32:48 - ROBOTY.collision - WARNING - Коллизия: роботы 2 и 3 в 12.60s, расстояние: 0.497, требуется: 0.500
2025-09-25 18:32:48 - ROBOTY.collision - WARNING - Коллизия: роботы 7 и 10 в 12.60s, расстояние: 0.469, требуется: 0.500
2025-09-25 18:32:48 - ROBOTY.collision - WARNING - Коллизия: роботы 2 и 3 в 12.70s, расстояние: 0.497, требуется: 0.500
2025-09-25 18:32:48 - ROBOTY.collision - WARNING - Коллизия: роботы 7 и 10 в 12.70s, расстояние: 0.469, требуется: 0.500
2025-09-25 18:32:48 - ROBOTY.collision - WARNING - Коллизия: роботы 2 и 3 в 12.80s, расстояние: 0.497, требуется: 0.500
2025-09-25 18:32:48 - ROBOTY.collision - WARNING - Коллизия: роботы 7 и 10 в 12.80s, расстояние: 0.469, требуется: 0.500
2025-09-25 18:32:48 - ROBOTY.collision - WARNING - Коллизия: роботы 2 и 3 в 12.90s, расстояние: 0.497, требуется: 0.500
2025-09-25 18:32:48 - ROBOTY.collision - WARNING - Коллизия: роботы 7 и 10 в 12.90s, расстояние: 0.469, требуется: 0.500
2025-09-25 18:32:48 - ROBOTY.collision - WARNING - Коллизия: роботы 2 и 3 в 13.00s, расстояние: 0.497, требуется: 0.500
2025-09-25 18:32:48 - ROBOTY.collision - WARNING - Коллизия: роботы 7 и 10 в 13.00s, расстояние: 0.469, требуется: 0.500
2025-09-25 18:32:48 - ROBOTY.collision - WARNING - Коллизия: роботы 2 и 3 в 13.10s, расстояние: 0.497, требуется: 0.500
2025-09-25 18:32:48 - ROBOTY.collision - WARNING - Коллизия: роботы 7 и 10 в 13.10s, расстояние: 0.469, требуется: 0.500
2025-09-25 18:32:48 - ROBOTY.collision - WARNING - Коллизия: роботы 2 и 3 в 13.20s, расстояние: 0.497, требуется: 0.500
2025-09-25 18:32:48 - ROBOTY.collision - WARNING - Коллизия: роботы 7 и 10 в 13.20s, расстояние: 0.469, требуется: 0.500
2025-09-25 18:32:48 - ROBOTY.collision - WARNING - Коллизия: роботы 2 и 3 в 13.30s, расстояние: 0.497, требуется: 0.500
2025-09-25 18:32:48 - ROBOTY.collision - WARNING - Коллизия: роботы 7 и 10 в 13.30s, расстояние: 0.469, требуется: 0.500
2025-09-25 18:32:48 - ROBOTY.collision - WARNING - Коллизия: роботы 2 и 3 в 13.40s, расстояние: 0.497, требуется: 0.500
2025-09-25 18:32:48 - ROBOTY.collision - WARNING - Коллизия: роботы 7 и 10 в 13.40s, расстояние: 0.469, требуется: 0.500
2025-09-25 18:32:48 - ROBOTY.collision - WARNING - Коллизия: роботы 2 и 3 в 13.50s, расстояние: 0.497, требуется: 0.500
2025-09-25 18:32:48 - ROBOTY.collision - WARNING - Коллизия: роботы 7 и 10 в 13.50s, расстояние: 0.469, требуется: 0.500
2025-09-25 18:32:48 - ROBOTY.collision - WARNING - Коллизия: роботы 2 и 3 в 13.60s, расстояние: 0.497, требуется: 0.500
2025-09-25 18:32:48 - ROBOTY.collision - WARNING - Коллизия: роботы 7 и 10 в 13.60s, расстояние: 0.469, требуется: 0.500
2025-09-25 18:32:48 - ROBOTY.collision - WARNING - Коллизия: роботы 2 и 3 в 13.70s, расстояние: 0.497, требуется: 0.500
2025-09-25 18:32:48 - ROBOTY.collision - WARNING - Коллизия: роботы 7 и 10 в 13.70s, расстояние: 0.469, требуется: 0.500
2025-09-25 18:32:48 - ROBOTY.collision - WARNING - Коллизия: роботы 2 и 3 в 13.80s, расстояние: 0.497, требуется: 0.500
2025-09-25 18:32:48 - ROBOTY.collision - WARNING - Коллизия: роботы 7 и 10 в 13.80s, расстояние: 0.469, требуется: 0.500
2025-09-25 18:32:48 - ROBOTY.collision - WARNING - Коллизия: роботы 2 и 3 в 13.90s, расстояние: 0.497, требуется: 0.500
2025-09-25 18:32:48 - ROBOTY.collision - WARNING - Коллизия: роботы 7 и 10 в 13.90s, расстояние: 0.469, требуется: 0.500
2025-09-25 18:32:48 - ROBOTY.collision - WARNING - Коллизия: роботы 2 и 3 в 14.00s, расстояние: 0.497, требуется: 0.500
2025-09-25 18:32:48 - ROBOTY.collision - WARNING - Коллизия: роботы 7 и 10 в 14.00s, расстояние: 0.469, требуется: 0.500
2025-09-25 18:32:48 - ROBOTY.collision - WARNING - Коллизия: роботы 2 и 3 в 14.10s, расстояние: 0.497, требуется: 0.500
2025-09-25 18:32:48 - ROBOTY.collision - WARNING - Коллизия: роботы 7 и 10 в 14.10s, расстояние: 0.469, требуется: 0.500
2025-09-25 18:32:48 - ROBOTY.collision - WARNING - Коллизия: роботы 2 и 3 в 14.20s, расстояние: 0.497, требуется: 0.500
2025-09-25 18:32:48 - ROBOTY.collision - WARNING - Коллизия: роботы 7 и 10 в 14.20s, расстояние: 0.469, требуется: 0.500
2025-09-25 18:32:48 - ROBOTY.collision - WARNING - Коллизия: роботы 2 и 3 в 14.30s, расстояние: 0.497, требуется: 0.500
2025-09-25 18:32:48 - ROBOTY.collision - WARNING - Коллизия: роботы 7 и 10 в 14.30s, расстояние: 0.469, требуется: 0.500
2025-09-25 18:32:48 - ROBOTY.collision - WARNING - Коллизия: роботы 2 и 3 в 14.40s, расстояние: 0.497, требуется: 0.500
2025-09-25 18:32:48 - ROBOTY.collision - WARNING - Коллизия: роботы 7 и 10 в 14.40s, расстояние: 0.469, требуется: 0.500
2025-09-25 18:32:48 - ROBOTY.collision - WARNING - Коллизия: роботы 2 и 3 в 14.50s, расстояние: 0.497, требуется: 0.500
2025-09-25 18:32:48 - ROBOTY.collision - WARNING - Коллизия: роботы 7 и 10 в 14.50s, расстояние: 0.469, требуется: 0.500
2025-09-25 18:32:48 - ROBOTY.collision - WARNING - Коллизия: роботы 2 и 3 в 14.60s, расстояние: 0.497, требуется: 0.500
2025-09-25 18:32:48 - ROBOTY.collision - WARNING - Коллизия: роботы 7 и 10 в 14.60s, расстояние: 0.469, требуется: 0.500
2025-09-25 18:32:48 - ROBOTY.collision - WARNING - Коллизия: роботы 2 и 3 в 14.70s, расстояние: 0.497, требуется: 0.500
2025-09-25 18:32:48 - ROBOTY.collision - WARNING - Коллизия: роботы 7 и 10 в 14.70s, расстояние: 0.418, требуется: 0.500
2025-09-25 18:32:48 - ROBOTY.collision - WARNING - Коллизия: роботы 2 и 3 в 14.80s, расстояние: 0.497, требуется: 0.500
2025-09-25 18:32:48 - ROBOTY.collision - WARNING - Коллизия: роботы 7 и 10 в 14.80s, расстояние: 0.399, требуется: 0.500
2025-09-25 18:32:48 - ROBOTY.collision - WARNING - Коллизия: роботы 2 и 3 в 14.90s, расстояние: 0.497, требуется: 0.500
2025-09-25 18:32:48 - ROBOTY.collision - WARNING - Коллизия: роботы 7 и 10 в 14.90s, расстояние: 0.415, требуется: 0.500
2025-09-25 18:32:48 - ROBOTY.collision - WARNING - Коллизия: роботы 2 и 3 в 15.00s, расстояние: 0.497, требуется: 0.500
2025-09-25 18:32:48 - ROBOTY.collision - WARNING - Коллизия: роботы 7 и 10 в 15.00s, расстояние: 0.463, требуется: 0.500
2025-09-25 18:32:48 - ROBOTY.collision - WARNING - Коллизия: роботы 2 и 3 в 15.10s, расстояние: 0.497, требуется: 0.500
2025-09-25 18:32:48 - ROBOTY.collision - WARNING - Коллизия: роботы 2 и 3 в 15.20s, расстояние: 0.497, требуется: 0.500
2025-09-25 18:32:48 - ROBOTY.collision - WARNING - Коллизия: роботы 2 и 3 в 15.30s, расстояние: 0.497, требуется: 0.500
2025-09-25 18:32:48 - ROBOTY.collision - WARNING - Коллизия: роботы 2 и 3 в 15.40s, расстояние: 0.497, требуется: 0.500
2025-09-25 18:32:48 - ROBOTY.collision - WARNING - Коллизия: роботы 2 и 3 в 15.50s, расстояние: 0.497, требуется: 0.500
2025-09-25 18:32:48 - ROBOTY.collision - WARNING - Коллизия: роботы 2 и 3 в 15.60s, расстояние: 0.497, требуется: 0.500
2025-09-25 18:32:48 - ROBOTY.collision - WARNING - Коллизия: роботы 2 и 3 в 15.70s, расстояние: 0.497, требуется: 0.500
2025-09-25 18:32:48 - ROBOTY.collision - WARNING - Коллизия: роботы 2 и 3 в 15.80s, расстояние: 0.497, требуется: 0.500
2025-09-25 18:32:48 - ROBOTY.collision - WARNING - Коллизия: роботы 2 и 3 в 15.90s, расстояние: 0.497, требуется: 0.500
2025-09-25 18:32:48 - ROBOTY.collision - WARNING - Коллизия: роботы 2 и 3 в 16.00s, расстояние: 0.497, требуется: 0.500
2025-09-25 18:32:48 - ROBOTY.collision - WARNING - Коллизия: роботы 2 и 3 в 16.10s, расстояние: 0.497, требуется: 0.500
2025-09-25 18:32:48 - ROBOTY.collision - WARNING - Коллизия: роботы 2 и 3 в 16.20s, расстояние: 0.497, требуется: 0.500
2025-09-25 18:32:48 - ROBOTY.collision - WARNING - Коллизия: роботы 2 и 3 в 16.30s, расстояние: 0.497, требуется: 0.500
2025-09-25 18:32:48 - ROBOTY.collision - WARNING - Коллизия: роботы 2 и 3 в 16.40s, расстояние: 0.497, требуется: 0.500
2025-09-25 18:32:48 - ROBOTY.collision - WARNING - Коллизия: роботы 2 и 3 в 16.50s, расстояние: 0.497, требуется: 0.500
2025-09-25 18:32:48 - ROBOTY.collision - WARNING - Коллизия: роботы 2 и 3 в 16.60s, расстояние: 0.497, требуется: 0.500
2025-09-25 18:32:48 - ROBOTY.collision - WARNING - Коллизия: роботы 2 и 3 в 16.70s, расстояние: 0.497, требуется: 0.500
2025-09-25 18:32:48 - ROBOTY.collision - WARNING - Коллизия: роботы 2 и 3 в 16.80s, расстояние: 0.497, требуется: 0.500
2025-09-25 18:32:48 - ROBOTY.collision - WARNING - Коллизия: роботы 2 и 3 в 16.90s, расстояние: 0.463, требуется: 0.500
2025-09-25 18:32:48 - ROBOTY.collision - WARNING - Коллизия: роботы 2 и 3 в 17.00s, расстояние: 0.397, требуется: 0.500
2025-09-25 18:32:48 - ROBOTY.collision - WARNING - Коллизия: роботы 2 и 3 в 17.10s, расстояние: 0.338, требуется: 0.500
2025-09-25 18:32:48 - ROBOTY.collision - WARNING - Коллизия: роботы 2 и 3 в 17.20s, расстояние: 0.288, требуется: 0.500
2025-09-25 18:32:48 - ROBOTY.collision - WARNING - Коллизия: роботы 2 и 3 в 17.30s, расстояние: 0.253, требуется: 0.500
2025-09-25 18:32:48 - ROBOTY.collision - WARNING - Коллизия: роботы 2 и 3 в 17.40s, расстояние: 0.241, требуется: 0.500
2025-09-25 18:32:48 - ROBOTY.collision - WARNING - Коллизия: роботы 2 и 3 в 17.50s, расстояние: 0.254, требуется: 0.500
2025-09-25 18:32:48 - ROBOTY.collision - WARNING - Коллизия: роботы 2 и 3 в 17.60s, расстояние: 0.289, требуется: 0.500
2025-09-25 18:32:48 - ROBOTY.collision - WARNING - Коллизия: роботы 2 и 3 в 17.70s, расстояние: 0.339, требуется: 0.500
2025-09-25 18:32:48 - ROBOTY.collision - WARNING - Коллизия: роботы 2 и 3 в 17.80s, расстояние: 0.399, требуется: 0.500
2025-09-25 18:32:48 - ROBOTY.collision - WARNING - Коллизия: роботы 2 и 3 в 17.90s, расстояние: 0.464, требуется: 0.500
2025-09-25 18:32:48 - ROBOTY.collision - WARNING - Коллизия: роботы 4 и 6 в 18.10s, расстояние: 0.482, требуется: 0.500
2025-09-25 18:32:48 - ROBOTY.collision - WARNING - Коллизия: роботы 4 и 6 в 18.20s, расстояние: 0.482, требуется: 0.500
2025-09-25 18:32:48 - ROBOTY.collision - WARNING - Коллизия: роботы 4 и 6 в 18.30s, расстояние: 0.482, требуется: 0.500
2025-09-25 18:32:48 - ROBOTY.collision - WARNING - Коллизия: роботы 4 и 6 в 18.40s, расстояние: 0.482, требуется: 0.500
2025-09-25 18:32:48 - ROBOTY.collision - WARNING - Коллизия: роботы 4 и 6 в 18.50s, расстояние: 0.482, требуется: 0.500
2025-09-25 18:32:48 - ROBOTY.collision - WARNING - Коллизия: роботы 4 и 6 в 18.60s, расстояние: 0.482, требуется: 0.500
2025-09-25 18:32:48 - ROBOTY.collision - WARNING - Коллизия: роботы 4 и 6 в 18.70s, расстояние: 0.482, требуется: 0.500
2025-09-25 18:32:48 - ROBOTY.collision - WARNING - Коллизия: роботы 4 и 6 в 18.80s, расстояние: 0.482, требуется: 0.500
2025-09-25 18:32:48 - ROBOTY.collision - WARNING - Коллизия: роботы 4 и 6 в 18.90s, расстояние: 0.482, требуется: 0.500
2025-09-25 18:32:48 - ROBOTY.collision - WARNING - Коллизия: роботы 4 и 6 в 19.00s, расстояние: 0.482, требуется: 0.500
2025-09-25 18:32:48 - ROBOTY.collision - WARNING - Коллизия: роботы 4 и 6 в 19.10s, расстояние: 0.482, требуется: 0.500
2025-09-25 18:32:48 - ROBOTY.collision - WARNING - Коллизия: роботы 4 и 6 в 19.20s, расстояние: 0.482, требуется: 0.500
2025-09-25 18:32:48 - ROBOTY.collision - WARNING - Коллизия: роботы 4 и 6 в 19.30s, расстояние: 0.482, требуется: 0.500
2025-09-25 18:32:48 - ROBOTY.collision - WARNING - Коллизия: роботы 4 и 6 в 19.40s, расстояние: 0.482, требуется: 0.500
2025-09-25 18:32:48 - ROBOTY.collision - WARNING - Коллизия: роботы 4 и 6 в 19.50s, расстояние: 0.482, требуется: 0.500
2025-09-25 18:32:48 - ROBOTY.collision - WARNING - Коллизия: роботы 4 и 6 в 19.60s, расстояние: 0.482, требуется: 0.500
2025-09-25 18:32:48 - ROBOTY.collision - WARNING - Коллизия: роботы 4 и 6 в 19.70s, расстояние: 0.482, требуется: 0.500
2025-09-25 18:32:48 - ROBOTY.collision - WARNING - Коллизия: роботы 4 и 6 в 19.80s, расстояние: 0.482, требуется: 0.500
2025-09-25 18:32:48 - ROBOTY.collision - WARNING - Коллизия: роботы 4 и 6 в 19.90s, расстояние: 0.482, требуется: 0.500
2025-09-25 18:32:48 - ROBOTY.collision - WARNING - Коллизия: роботы 4 и 6 в 20.00s, расстояние: 0.482, требуется: 0.500
2025-09-25 18:32:48 - ROBOTY.collision - WARNING - Коллизия: роботы 4 и 6 в 20.10s, расстояние: 0.482, требуется: 0.500
2025-09-25 18:32:48 - ROBOTY.collision - WARNING - Коллизия: роботы 4 и 6 в 20.20s, расстояние: 0.482, требуется: 0.500
2025-09-25 18:32:48 - ROBOTY.collision - WARNING - Коллизия: роботы 4 и 6 в 20.30s, расстояние: 0.482, требуется: 0.500
2025-09-25 18:32:48 - ROBOTY.collision - WARNING - Коллизия: роботы 4 и 6 в 20.40s, расстояние: 0.482, требуется: 0.500
2025-09-25 18:32:48 - ROBOTY.collision - WARNING - Коллизия: роботы 4 и 6 в 20.50s, расстояние: 0.482, требуется: 0.500
2025-09-25 18:32:48 - ROBOTY.collision - WARNING - Коллизия: роботы 4 и 6 в 20.60s, расстояние: 0.482, требуется: 0.500
2025-09-25 18:32:48 - ROBOTY.collision - WARNING - Коллизия: роботы 4 и 6 в 20.70s, расстояние: 0.482, требуется: 0.500
2025-09-25 18:32:48 - ROBOTY.collision - WARNING - Коллизия: роботы 4 и 6 в 20.80s, расстояние: 0.482, требуется: 0.500
2025-09-25 18:32:48 - ROBOTY.collision - WARNING - Коллизия: роботы 4 и 6 в 20.90s, расстояние: 0.482, требуется: 0.500
2025-09-25 18:32:48 - ROBOTY.collision - WARNING - Коллизия: роботы 4 и 6 в 21.00s, расстояние: 0.482, требуется: 0.500
2025-09-25 18:32:48 - ROBOTY.collision - WARNING - Коллизия: роботы 4 и 6 в 21.10s, расстояние: 0.482, требуется: 0.500
2025-09-25 18:32:48 - ROBOTY.collision - WARNING - Коллизия: роботы 4 и 6 в 21.20s, расстояние: 0.482, требуется: 0.500
2025-09-25 18:32:48 - ROBOTY.collision - WARNING - Коллизия: роботы 4 и 6 в 21.30s, расстояние: 0.482, требуется: 0.500
2025-09-25 18:32:48 - ROBOTY.collision - WARNING - Коллизия: роботы 4 и 6 в 21.40s, расстояние: 0.482, требуется: 0.500
2025-09-25 18:32:48 - ROBOTY.collision - WARNING - Коллизия: роботы 4 и 6 в 21.50s, расстояние: 0.482, требуется: 0.500
2025-09-25 18:32:48 - ROBOTY.collision - WARNING - Коллизия: роботы 4 и 6 в 21.60s, расстояние: 0.482, требуется: 0.500
2025-09-25 18:32:48 - ROBOTY.collision - WARNING - Коллизия: роботы 4 и 6 в 21.70s, расстояние: 0.482, требуется: 0.500
2025-09-25 18:32:48 - ROBOTY.collision - WARNING - Коллизия: роботы 4 и 6 в 21.80s, расстояние: 0.482, требуется: 0.500
2025-09-25 18:32:48 - ROBOTY.collision - WARNING - Коллизия: роботы 4 и 6 в 21.90s, расстояние: 0.482, требуется: 0.500
2025-09-25 18:32:48 - ROBOTY.collision - WARNING - Коллизия: роботы 4 и 6 в 22.00s, расстояние: 0.482, требуется: 0.500
2025-09-25 18:32:48 - ROBOTY.collision - WARNING - Коллизия: роботы 4 и 6 в 22.10s, расстояние: 0.482, требуется: 0.500
2025-09-25 18:32:48 - ROBOTY.collision - WARNING - Коллизия: роботы 4 и 6 в 22.20s, расстояние: 0.482, требуется: 0.500
2025-09-25 18:32:48 - ROBOTY.collision - WARNING - Коллизия: роботы 4 и 6 в 22.30s, расстояние: 0.482, требуется: 0.500
2025-09-25 18:32:48 - ROBOTY.collision - WARNING - Коллизия: роботы 4 и 6 в 22.40s, расстояние: 0.482, требуется: 0.500
2025-09-25 18:32:48 - ROBOTY.collision - WARNING - Коллизия: роботы 4 и 6 в 22.50s, расстояние: 0.482, требуется: 0.500
2025-09-25 18:32:48 - ROBOTY.collision - WARNING - Коллизия: роботы 4 и 6 в 22.60s, расстояние: 0.482, требуется: 0.500
2025-09-25 18:32:48 - ROBOTY.collision - WARNING - Коллизия: роботы 4 и 6 в 22.70s, расстояние: 0.482, требуется: 0.500
2025-09-25 18:32:48 - ROBOTY.collision - WARNING - Коллизия: роботы 4 и 6 в 22.80s, расстояние: 0.482, требуется: 0.500
2025-09-25 18:32:48 - ROBOTY.collision - WARNING - Коллизия: роботы 4 и 6 в 22.90s, расстояние: 0.482, требуется: 0.500
2025-09-25 18:32:48 - ROBOTY.collision - WARNING - Коллизия: роботы 4 и 6 в 23.00s, расстояние: 0.482, требуется: 0.500
2025-09-25 18:32:48 - ROBOTY.collision - WARNING - Коллизия: роботы 4 и 6 в 23.10s, расстояние: 0.482, требуется: 0.500
2025-09-25 18:32:48 - ROBOTY.collision - WARNING - Коллизия: роботы 4 и 6 в 23.20s, расстояние: 0.482, требуется: 0.500
2025-09-25 18:32:48 - ROBOTY.collision - WARNING - Коллизия: роботы 4 и 6 в 23.30s, расстояние: 0.482, требуется: 0.500
2025-09-25 18:32:48 - ROBOTY.collision - WARNING - Коллизия: роботы 4 и 6 в 23.40s, расстояние: 0.482, требуется: 0.500
2025-09-25 18:32:48 - ROBOTY.collision - WARNING - Коллизия: роботы 4 и 6 в 23.50s, расстояние: 0.482, требуется: 0.500
2025-09-25 18:32:48 - ROBOTY.collision - WARNING - Коллизия: роботы 4 и 6 в 23.60s, расстояние: 0.482, требуется: 0.500
2025-09-25 18:32:48 - ROBOTY.collision - WARNING - Коллизия: роботы 4 и 6 в 23.70s, расстояние: 0.482, требуется: 0.500
2025-09-25 18:32:48 - ROBOTY.collision - WARNING - Коллизия: роботы 4 и 6 в 23.80s, расстояние: 0.482, требуется: 0.500
2025-09-25 18:32:48 - ROBOTY.collision - WARNING - Коллизия: роботы 4 и 6 в 23.90s, расстояние: 0.482, требуется: 0.500
2025-09-25 18:32:48 - ROBOTY.collision - WARNING - Коллизия: роботы 4 и 6 в 24.00s, расстояние: 0.482, требуется: 0.500
2025-09-25 18:32:48 - ROBOTY.collision - WARNING - Коллизия: роботы 4 и 6 в 24.10s, расстояние: 0.482, требуется: 0.500
2025-09-25 18:32:48 - ROBOTY.collision - WARNING - Коллизия: роботы 4 и 6 в 24.20s, расстояние: 0.482, требуется: 0.500
2025-09-25 18:32:48 - ROBOTY.collision - WARNING - Коллизия: роботы 4 и 6 в 24.30s, расстояние: 0.482, требуется: 0.500
2025-09-25 18:32:48 - ROBOTY.collision - WARNING - Коллизия: роботы 4 и 6 в 24.40s, расстояние: 0.482, требуется: 0.500
2025-09-25 18:32:48 - ROBOTY.collision - WARNING - Коллизия: роботы 4 и 6 в 24.50s, расстояние: 0.482, требуется: 0.500
2025-09-25 18:32:48 - ROBOTY.collision - WARNING - Коллизия: роботы 4 и 6 в 24.60s, расстояние: 0.482, требуется: 0.500
2025-09-25 18:32:48 - ROBOTY.collision - WARNING - Коллизия: роботы 4 и 6 в 24.70s, расстояние: 0.482, требуется: 0.500
2025-09-25 18:32:48 - ROBOTY.collision - WARNING - Коллизия: роботы 4 и 6 в 24.80s, расстояние: 0.482, требуется: 0.500
2025-09-25 18:32:48 - ROBOTY.collision - WARNING - Коллизия: роботы 4 и 6 в 24.90s, расстояние: 0.482, требуется: 0.500
2025-09-25 18:32:48 - ROBOTY.collision - WARNING - Коллизия: роботы 4 и 6 в 25.00s, расстояние: 0.482, требуется: 0.500
2025-09-25 18:32:48 - ROBOTY.collision - WARNING - Коллизия: роботы 4 и 6 в 25.10s, расстояние: 0.482, требуется: 0.500
2025-09-25 18:32:48 - ROBOTY.collision - WARNING - Коллизия: роботы 4 и 6 в 25.20s, расстояние: 0.482, требуется: 0.500
2025-09-25 18:32:48 - ROBOTY.collision - WARNING - Коллизия: роботы 4 и 6 в 25.30s, расстояние: 0.482, требуется: 0.500
2025-09-25 18:32:48 - ROBOTY.collision - WARNING - Коллизия: роботы 4 и 6 в 25.40s, расстояние: 0.482, требуется: 0.500
2025-09-25 18:32:48 - ROBOTY.collision - WARNING - Коллизия: роботы 4 и 6 в 25.50s, расстояние: 0.482, требуется: 0.500
2025-09-25 18:32:48 - ROBOTY.collision - WARNING - Коллизия: роботы 4 и 6 в 25.60s, расстояние: 0.482, требуется: 0.500
2025-09-25 18:32:48 - ROBOTY.collision - WARNING - Коллизия: роботы 4 и 6 в 25.70s, расстояние: 0.482, требуется: 0.500
2025-09-25 18:32:48 - ROBOTY.collision - WARNING - Коллизия: роботы 4 и 6 в 25.80s, расстояние: 0.482, требуется: 0.500
2025-09-25 18:32:48 - ROBOTY.collision - WARNING - Коллизия: роботы 4 и 6 в 25.90s, расстояние: 0.482, требуется: 0.500
2025-09-25 18:32:48 - ROBOTY.collision - WARNING - Коллизия: роботы 4 и 6 в 26.00s, расстояние: 0.482, требуется: 0.500
2025-09-25 18:32:48 - ROBOTY.collision - WARNING - Коллизия: роботы 4 и 6 в 26.10s, расстояние: 0.482, требуется: 0.500
2025-09-25 18:32:48 - ROBOTY.collision - WARNING - Коллизия: роботы 4 и 6 в 26.20s, расстояние: 0.482, требуется: 0.500
2025-09-25 18:32:48 - ROBOTY.collision - WARNING - Коллизия: роботы 4 и 6 в 26.30s, расстояние: 0.482, требуется: 0.500
2025-09-25 18:32:48 - ROBOTY.collision - WARNING - Коллизия: роботы 4 и 6 в 26.40s, расстояние: 0.482, требуется: 0.500
2025-09-25 18:32:48 - ROBOTY.collision - WARNING - Коллизия: роботы 4 и 6 в 26.50s, расстояние: 0.482, требуется: 0.500
2025-09-25 18:32:48 - ROBOTY.collision - WARNING - Коллизия: роботы 4 и 6 в 26.60s, расстояние: 0.482, требуется: 0.500
2025-09-25 18:32:48 - ROBOTY.collision - WARNING - Коллизия: роботы 4 и 6 в 26.70s, расстояние: 0.482, требуется: 0.500
2025-09-25 18:32:48 - ROBOTY.collision - WARNING - Коллизия: роботы 4 и 6 в 26.80s, расстояние: 0.482, требуется: 0.500
2025-09-25 18:32:48 - ROBOTY.collision - WARNING - Коллизия: роботы 4 и 6 в 26.90s, расстояние: 0.482, требуется: 0.500
2025-09-25 18:32:48 - ROBOTY.collision - WARNING - Коллизия: роботы 4 и 6 в 27.00s, расстояние: 0.482, требуется: 0.500
2025-09-25 18:32:48 - ROBOTY.collision - WARNING - Коллизия: роботы 4 и 6 в 27.10s, расстояние: 0.482, требуется: 0.500
2025-09-25 18:32:48 - ROBOTY.collision - WARNING - Коллизия: роботы 4 и 6 в 27.20s, расстояние: 0.482, требуется: 0.500
2025-09-25 18:32:48 - ROBOTY.collision - WARNING - Коллизия: роботы 4 и 6 в 27.30s, расстояние: 0.482, требуется: 0.500
2025-09-25 18:32:48 - ROBOTY.collision - WARNING - Коллизия: роботы 4 и 6 в 27.40s, расстояние: 0.482, требуется: 0.500
2025-09-25 18:32:48 - ROBOTY.collision - WARNING - Коллизия: роботы 4 и 6 в 27.50s, расстояние: 0.482, требуется: 0.500
2025-09-25 18:32:48 - ROBOTY.collision - WARNING - Коллизия: роботы 4 и 6 в 27.60s, расстояние: 0.482, требуется: 0.500
2025-09-25 18:32:48 - ROBOTY.collision - WARNING - Коллизия: роботы 4 и 6 в 27.70s, расстояние: 0.482, требуется: 0.500
2025-09-25 18:32:48 - ROBOTY.collision - WARNING - Коллизия: роботы 4 и 6 в 27.80s, расстояние: 0.482, требуется: 0.500
2025-09-25 18:32:48 - ROBOTY.collision - WARNING - Коллизия: роботы 4 и 6 в 27.90s, расстояние: 0.482, требуется: 0.500
2025-09-25 18:32:48 - ROBOTY.collision - WARNING - Коллизия: роботы 4 и 6 в 28.00s, расстояние: 0.482, требуется: 0.500
2025-09-25 18:32:48 - ROBOTY.collision - WARNING - Коллизия: роботы 4 и 6 в 28.10s, расстояние: 0.482, требуется: 0.500
2025-09-25 18:32:48 - ROBOTY.collision - WARNING - Коллизия: роботы 4 и 6 в 28.20s, расстояние: 0.482, требуется: 0.500
2025-09-25 18:32:48 - ROBOTY.collision - WARNING - Коллизия: роботы 4 и 6 в 28.30s, расстояние: 0.482, требуется: 0.500
2025-09-25 18:32:48 - ROBOTY.collision - WARNING - Коллизия: роботы 4 и 6 в 28.40s, расстояние: 0.482, требуется: 0.500
2025-09-25 18:32:48 - ROBOTY.collision - WARNING - Коллизия: роботы 4 и 6 в 28.50s, расстояние: 0.482, требуется: 0.500
2025-09-25 18:32:48 - ROBOTY.collision - WARNING - Коллизия: роботы 4 и 6 в 28.60s, расстояние: 0.482, требуется: 0.500
2025-09-25 18:32:48 - ROBOTY.collision - WARNING - Коллизия: роботы 4 и 6 в 28.70s, расстояние: 0.482, требуется: 0.500
2025-09-25 18:32:48 - ROBOTY.collision - WARNING - Коллизия: роботы 4 и 6 в 28.80s, расстояние: 0.482, требуется: 0.500
2025-09-25 18:32:48 - ROBOTY.collision - WARNING - Коллизия: роботы 4 и 6 в 28.90s, расстояние: 0.482, требуется: 0.500
2025-09-25 18:32:48 - ROBOTY.collision - WARNING - Коллизия: роботы 4 и 6 в 29.00s, расстояние: 0.482, требуется: 0.500
2025-09-25 18:32:48 - ROBOTY.collision - WARNING - Коллизия: роботы 4 и 6 в 29.10s, расстояние: 0.482, требуется: 0.500
2025-09-25 18:32:48 - ROBOTY.collision - WARNING - Коллизия: роботы 4 и 6 в 29.20s, расстояние: 0.482, требуется: 0.500
2025-09-25 18:32:48 - ROBOTY.collision - WARNING - Коллизия: роботы 4 и 6 в 29.30s, расстояние: 0.482, требуется: 0.500
2025-09-25 18:32:48 - ROBOTY.collision - WARNING - Коллизия: роботы 4 и 6 в 29.40s, расстояние: 0.482, требуется: 0.500
2025-09-25 18:32:48 - ROBOTY.collision - WARNING - Коллизия: роботы 4 и 6 в 29.50s, расстояние: 0.445, требуется: 0.500
2025-09-25 18:32:48 - ROBOTY.collision - WARNING - Коллизия: роботы 4 и 6 в 29.60s, расстояние: 0.375, требуется: 0.500
2025-09-25 18:32:48 - ROBOTY.collision - WARNING - Коллизия: роботы 4 и 6 в 29.70s, расстояние: 0.316, требуется: 0.500
2025-09-25 18:32:48 - ROBOTY.collision - WARNING - Коллизия: роботы 4 и 6 в 29.80s, расстояние: 0.274, требуется: 0.500
2025-09-25 18:32:48 - ROBOTY.collision - WARNING - Коллизия: роботы 4 и 6 в 29.90s, расстояние: 0.259, требуется: 0.500
2025-09-25 18:32:48 - ROBOTY.collision - WARNING - Коллизия: роботы 4 и 6 в 30.00s, расстояние: 0.274, требуется: 0.500
2025-09-25 18:32:48 - ROBOTY.collision - WARNING - Коллизия: роботы 4 и 6 в 30.10s, расстояние: 0.316, требуется: 0.500
2025-09-25 18:32:48 - ROBOTY.collision - WARNING - Коллизия: роботы 4 и 6 в 30.20s, расстояние: 0.375, требуется: 0.500
2025-09-25 18:32:48 - ROBOTY.collision - WARNING - Коллизия: роботы 4 и 6 в 30.30s, расстояние: 0.444, требуется: 0.500
2025-09-25 18:32:48 - ROBOTY.collision - WARNING - Коллизия: роботы 4 и 5 в 38.30s, расстояние: 0.481, требуется: 0.500
2025-09-25 18:32:48 - ROBOTY.collision - WARNING - Коллизия: роботы 4 и 5 в 38.40s, расстояние: 0.429, требуется: 0.500
2025-09-25 18:32:48 - ROBOTY.collision - WARNING - Коллизия: роботы 4 и 5 в 38.50s, расстояние: 0.380, требуется: 0.500
2025-09-25 18:32:48 - ROBOTY.collision - WARNING - Коллизия: роботы 4 и 5 в 38.60s, расстояние: 0.368, требуется: 0.500
2025-09-25 18:32:48 - ROBOTY.collision - WARNING - Коллизия: роботы 4 и 5 в 38.70s, расстояние: 0.368, требуется: 0.500
2025-09-25 18:32:48 - ROBOTY.collision - WARNING - Коллизия: роботы 4 и 5 в 38.80s, расстояние: 0.368, требуется: 0.500
2025-09-25 18:32:48 - ROBOTY.collision - WARNING - Коллизия: роботы 4 и 5 в 38.90s, расстояние: 0.368, требуется: 0.500
2025-09-25 18:32:48 - ROBOTY.collision - WARNING - Коллизия: роботы 4 и 5 в 39.00s, расстояние: 0.368, требуется: 0.500
2025-09-25 18:32:48 - ROBOTY.collision - WARNING - Коллизия: роботы 4 и 5 в 39.10s, расстояние: 0.368, требуется: 0.500
2025-09-25 18:32:48 - ROBOTY.collision - WARNING - Коллизия: роботы 4 и 5 в 39.20s, расстояние: 0.368, требуется: 0.500
2025-09-25 18:32:48 - ROBOTY.collision - WARNING - Коллизия: роботы 4 и 5 в 39.30s, расстояние: 0.368, требуется: 0.500
2025-09-25 18:32:48 - ROBOTY.collision - WARNING - Коллизия: роботы 4 и 5 в 39.40s, расстояние: 0.368, требуется: 0.500
2025-09-25 18:32:48 - ROBOTY.collision - WARNING - Коллизия: роботы 4 и 5 в 39.50s, расстояние: 0.368, требуется: 0.500
2025-09-25 18:32:48 - ROBOTY.collision - WARNING - Коллизия: роботы 4 и 5 в 39.60s, расстояние: 0.368, требуется: 0.500
2025-09-25 18:32:48 - ROBOTY.collision - WARNING - Коллизия: роботы 4 и 5 в 39.70s, расстояние: 0.379, требуется: 0.500
2025-09-25 18:32:48 - ROBOTY.collision - WARNING - Коллизия: роботы 4 и 5 в 39.80s, расстояние: 0.425, требуется: 0.500
2025-09-25 18:32:48 - ROBOTY.collision - WARNING - Коллизия: роботы 4 и 5 в 39.90s, расстояние: 0.477, требуется: 0.500
2025-09-25 18:32:48 - ROBOTY.collision - ERROR - Обнаружено 354 коллизий
2025-09-25 18:32:48 - ROBOTY.main - WARNING - Коллизии сохраняются после вставки пауз
2025-09-25 18:32:50 - ROBOTY.main - INFO - Открытие визуализатора
2025-09-25 18:32:50 - ROBOTY.main - INFO - Визуализация успешно завершена
2025-09-25 18:32:50 - ROBOTY.visualizer - INFO - Запуск визуализации типа: 3d_anim
2025-09-25 18:32:50 - ROBOTY.visualizer - INFO - Создание 3D анимации траекторий
2025-09-25 18:32:50 - ROBOTY.visualizer - INFO - Создание 3D визуализации траекторий
2025-09-25 18:32:50 - ROBOTY.visualizer - INFO - 3D визуализация создана
2025-09-25 18:32:55 - ROBOTY.visualizer - INFO - Визуализация записана во временный файл: /var/folders/4m/3pf4f4ds7g3b39tkt544gftr0000gn/T/tmpj01q7nsc_viz_3d_anim.html
2025-09-25 18:32:55 - ROBOTY.visualizer - INFO - Визуализация открыта в браузере из временного файла
2025-09-25 18:32:55 - ROBOTY.main - INFO - Визуализация успешно завершена (в фоне, временный файл будет удалён автоматически)
2025-09-25 18:33:19 - ROBOTY.visualizer - INFO - Временный файл визуализации удалён: /var/folders/4m/3pf4f4ds7g3b39tkt544gftr0000gn/T/tmpj01q7nsc_viz_3d_anim.html
