2025-09-24 00:14:26 - ROBOTY.main - INFO - Запуск приложения ROBOTY
2025-09-24 00:14:26 - ROBOTY.main - INFO - Применена тема: light
2025-09-24 00:14:26 - ROBOTY.main - INFO - Интерфейс инициализирован
2025-09-24 00:14:26 - ROBOTY.main - INFO - Приложение успешно запущено
2025-09-24 00:14:50 - ROBOTY.main - INFO - Создан входной файл: C:\Users\79518\.cursor\ROBOTY\data\input_20250924_001443.json
2025-09-24 00:14:50 - ROBOTY.parser - INFO - Начинаем загрузку файла: C:\Users\79518\.cursor\ROBOTY\data\input_20250924_001443.json
2025-09-24 00:14:50 - ROBOTY.parser - INFO - Файл C:\Users\79518\.cursor\ROBOTY\data\input_20250924_001443.json успешно загружен
2025-09-24 00:14:50 - ROBOTY.parser - DEBUG - Робот 1 успешно загружен
2025-09-24 00:14:50 - ROBOTY.parser - DEBUG - Операция 1 успешно загружена
2025-09-24 00:14:50 - ROBOTY.parser - DEBUG - Операция 2 успешно загружена
2025-09-24 00:14:50 - ROBOTY.parser - DEBUG - Операция 3 успешно загружена
2025-09-24 00:14:50 - ROBOTY.parser - DEBUG - Операция 4 успешно загружена
2025-09-24 00:14:50 - ROBOTY.parser - DEBUG - Операция 5 успешно загружена
2025-09-24 00:14:50 - ROBOTY.parser - DEBUG - Операция 6 успешно загружена
2025-09-24 00:14:50 - ROBOTY.parser - DEBUG - Операция 7 успешно загружена
2025-09-24 00:14:50 - ROBOTY.parser - DEBUG - Операция 8 успешно загружена
2025-09-24 00:14:50 - ROBOTY.parser - DEBUG - Операция 9 успешно загружена
2025-09-24 00:14:50 - ROBOTY.parser - DEBUG - Операция 10 успешно загружена
2025-09-24 00:14:50 - ROBOTY.parser - DEBUG - Операция 11 успешно загружена
2025-09-24 00:14:50 - ROBOTY.parser - DEBUG - Операция 12 успешно загружена
2025-09-24 00:14:50 - ROBOTY.parser - DEBUG - Операция 13 успешно загружена
2025-09-24 00:14:50 - ROBOTY.parser - INFO - Загружено 1 роботов и 13 операций
2025-09-24 00:14:56 - ROBOTY.main - INFO - Запуск планировщика
2025-09-24 00:14:56 - ROBOTY.planner - INFO - Запуск планировщика траекторий
2025-09-24 00:14:56 - ROBOTY.assigner - INFO - Начинаем назначение операций методом: balanced
2025-09-24 00:14:56 - ROBOTY.assigner - DEBUG - Операция 0 назначена роботу 0 (нагрузка: 11.12)
2025-09-24 00:14:56 - ROBOTY.assigner - DEBUG - Операция 1 назначена роботу 0 (нагрузка: 19.19)
2025-09-24 00:14:56 - ROBOTY.assigner - DEBUG - Операция 2 назначена роботу 0 (нагрузка: 27.86)
2025-09-24 00:14:56 - ROBOTY.assigner - DEBUG - Операция 3 назначена роботу 0 (нагрузка: 39.06)
2025-09-24 00:14:56 - ROBOTY.assigner - DEBUG - Операция 4 назначена роботу 0 (нагрузка: 48.33)
2025-09-24 00:14:56 - ROBOTY.assigner - DEBUG - Операция 5 назначена роботу 0 (нагрузка: 55.14)
2025-09-24 00:14:56 - ROBOTY.assigner - DEBUG - Операция 6 назначена роботу 0 (нагрузка: 62.82)
2025-09-24 00:14:56 - ROBOTY.assigner - DEBUG - Операция 7 назначена роботу 0 (нагрузка: 74.78)
2025-09-24 00:14:56 - ROBOTY.assigner - DEBUG - Операция 8 назначена роботу 0 (нагрузка: 83.94)
2025-09-24 00:14:56 - ROBOTY.assigner - DEBUG - Операция 9 назначена роботу 0 (нагрузка: 92.74)
2025-09-24 00:14:56 - ROBOTY.assigner - DEBUG - Операция 10 назначена роботу 0 (нагрузка: 98.79)
2025-09-24 00:14:56 - ROBOTY.assigner - DEBUG - Операция 11 назначена роботу 0 (нагрузка: 105.67)
2025-09-24 00:14:56 - ROBOTY.assigner - DEBUG - Операция 12 назначена роботу 0 (нагрузка: 113.31)
2025-09-24 00:14:56 - ROBOTY.assigner - INFO - Распределено 13 операций с балансировкой нагрузки
2025-09-24 00:14:56 - ROBOTY.assigner - INFO - Итоговые нагрузки роботов: ['113.31']
2025-09-24 00:14:56 - ROBOTY.assigner - INFO - Робот 0: 13 операций, нагрузка 113.31
2025-09-24 00:14:56 - ROBOTY.planner - INFO - Операции назначены методом: balanced
2025-09-24 00:14:56 - ROBOTY.planner - INFO - Планирование траектории для робота 1 (ID: 1) с 13 операциями
2025-09-24 00:14:56 - ROBOTY.planner - DEBUG - Планирование траектории для робота с 13 операциями
2025-09-24 00:14:56 - ROBOTY.planner - DEBUG - Операция 1 запланирована, время завершения: 13.41
2025-09-24 00:14:56 - ROBOTY.planner - DEBUG - Операция 2 запланирована, время завершения: 21.18
2025-09-24 00:14:56 - ROBOTY.planner - DEBUG - Операция 3 запланирована, время завершения: 29.60
2025-09-24 00:14:56 - ROBOTY.planner - DEBUG - Операция 4 запланирована, время завершения: 43.60
2025-09-24 00:14:56 - ROBOTY.planner - DEBUG - Операция 5 запланирована, время завершения: 55.49
2025-09-24 00:14:56 - ROBOTY.planner - DEBUG - Операция 6 запланирована, время завершения: 64.30
2025-09-24 00:14:56 - ROBOTY.planner - DEBUG - Операция 7 запланирована, время завершения: 76.34
2025-09-24 00:14:56 - ROBOTY.planner - DEBUG - Операция 8 запланирована, время завершения: 86.86
2025-09-24 00:14:56 - ROBOTY.planner - DEBUG - Операция 9 запланирована, время завершения: 96.41
2025-09-24 00:14:56 - ROBOTY.planner - DEBUG - Операция 10 запланирована, время завершения: 104.50
2025-09-24 00:14:56 - ROBOTY.planner - DEBUG - Операция 11 запланирована, время завершения: 112.42
2025-09-24 00:14:56 - ROBOTY.planner - DEBUG - Операция 12 запланирована, время завершения: 121.92
2025-09-24 00:14:56 - ROBOTY.planner - DEBUG - Операция 13 запланирована, время завершения: 129.79
2025-09-24 00:14:56 - ROBOTY.planner - INFO - Траектория робота запланирована, общее время: 129.79
2025-09-24 00:14:56 - ROBOTY.planner - INFO - Робот 1: траектория содержит 312 точек
2025-09-24 00:14:56 - ROBOTY.planner - INFO - Планирование завершено. Makespan: 129.79
2025-09-24 00:14:56 - ROBOTY.main - INFO - Планировщик успешно завершил работу
2025-09-24 00:14:56 - ROBOTY.collision - INFO - Начинаем детальную проверку коллизий
2025-09-24 00:14:56 - ROBOTY.collision - INFO - Недостаточно роботов для проверки коллизий
2025-09-24 00:14:56 - ROBOTY.main - INFO - Коллизий не обнаружено
2025-09-24 00:15:08 - ROBOTY.main - INFO - Применена тема: dark
2025-09-24 00:15:08 - ROBOTY.main - INFO - Переключение темы: dark -> dark
2025-09-24 00:15:37 - ROBOTY.main - INFO - Открытие визуализатора
2025-09-24 00:15:37 - ROBOTY.main - INFO - Визуализация успешно завершена
2025-09-24 00:15:37 - ROBOTY.visualizer - INFO - Запуск визуализации типа: 3d_anim
2025-09-24 00:15:37 - ROBOTY.visualizer - INFO - Создание 3D анимации траекторий
2025-09-24 00:15:37 - ROBOTY.visualizer - INFO - Создание 3D визуализации траекторий
2025-09-24 00:15:37 - ROBOTY.visualizer - INFO - 3D визуализация создана
2025-09-24 00:15:37 - ROBOTY.mesh_loader - INFO - OBJ загружен: assets/robots/kuka/kr_360_fortec.obj, вершин=16, треугольников=24
2025-09-24 00:15:37 - ROBOTY.mesh_loader - ERROR - Ошибка чтения hand definition C:\Users\79518\OneDrive\Рабочий стол\Конкурс\Улучшения.txt: could not convert string to float: 'x1'
2025-09-24 00:16:20 - ROBOTY.visualizer - INFO - Визуализация сохранена в файл: C:\Users\79518\.cursor\ROBOTY\viz\..\outputs\visualizations\visualization_3d_anim_20250924_001614.html
2025-09-24 00:16:23 - ROBOTY.visualizer - INFO - Визуализация открыта в браузере
2025-09-24 00:16:23 - ROBOTY.main - INFO - Визуализация успешно завершена (в фоне)
