2025-09-24 15:42:15 - ROBOTY.main - INFO - Запуск приложения ROBOTY
2025-09-24 15:42:15 - ROBOTY.main - INFO - Применена тема: light
2025-09-24 15:42:15 - ROBOTY.main - INFO - Интерфейс инициализирован
2025-09-24 15:42:15 - ROBOTY.main - INFO - Приложение успешно запущено
2025-09-24 15:42:28 - ROBOTY.main - INFO - Создан входной файл: C:\Users\79518\.cursor\ROBOTY\data\input_20250924_154219.json
2025-09-24 15:42:28 - ROBOTY.parser - INFO - Начинаем загрузку файла: C:\Users\79518\.cursor\ROBOTY\data\input_20250924_154219.json
2025-09-24 15:42:28 - ROBOTY.parser - INFO - Файл C:\Users\79518\.cursor\ROBOTY\data\input_20250924_154219.json успешно загружен
2025-09-24 15:42:28 - ROBOTY.parser - DEBUG - Робот 1 успешно загружен
2025-09-24 15:42:28 - ROBOTY.parser - DEBUG - Операция 1 успешно загружена
2025-09-24 15:42:28 - ROBOTY.parser - DEBUG - Операция 2 успешно загружена
2025-09-24 15:42:28 - ROBOTY.parser - DEBUG - Операция 3 успешно загружена
2025-09-24 15:42:28 - ROBOTY.parser - DEBUG - Операция 4 успешно загружена
2025-09-24 15:42:28 - ROBOTY.parser - DEBUG - Операция 5 успешно загружена
2025-09-24 15:42:28 - ROBOTY.parser - DEBUG - Операция 6 успешно загружена
2025-09-24 15:42:28 - ROBOTY.parser - DEBUG - Операция 7 успешно загружена
2025-09-24 15:42:28 - ROBOTY.parser - DEBUG - Операция 8 успешно загружена
2025-09-24 15:42:28 - ROBOTY.parser - DEBUG - Операция 9 успешно загружена
2025-09-24 15:42:28 - ROBOTY.parser - DEBUG - Операция 10 успешно загружена
2025-09-24 15:42:28 - ROBOTY.parser - INFO - Загружено 1 роботов и 10 операций
2025-09-24 15:42:32 - ROBOTY.main - INFO - Запуск планировщика
2025-09-24 15:42:32 - ROBOTY.planner - INFO - Запуск планировщика траекторий
2025-09-24 15:42:32 - ROBOTY.assigner - INFO - Начинаем назначение операций методом: balanced
2025-09-24 15:42:32 - ROBOTY.assigner - DEBUG - Операция 0 назначена роботу 0 (нагрузка: 8.28)
2025-09-24 15:42:32 - ROBOTY.assigner - DEBUG - Операция 1 назначена роботу 0 (нагрузка: 15.90)
2025-09-24 15:42:32 - ROBOTY.assigner - DEBUG - Операция 2 назначена роботу 0 (нагрузка: 26.23)
2025-09-24 15:42:32 - ROBOTY.assigner - DEBUG - Операция 3 назначена роботу 0 (нагрузка: 36.77)
2025-09-24 15:42:32 - ROBOTY.assigner - DEBUG - Операция 4 назначена роботу 0 (нагрузка: 45.54)
2025-09-24 15:42:32 - ROBOTY.assigner - DEBUG - Операция 5 назначена роботу 0 (нагрузка: 57.53)
2025-09-24 15:42:32 - ROBOTY.assigner - DEBUG - Операция 6 назначена роботу 0 (нагрузка: 70.35)
2025-09-24 15:42:32 - ROBOTY.assigner - DEBUG - Операция 7 назначена роботу 0 (нагрузка: 81.86)
2025-09-24 15:42:32 - ROBOTY.assigner - DEBUG - Операция 8 назначена роботу 0 (нагрузка: 90.57)
2025-09-24 15:42:32 - ROBOTY.assigner - DEBUG - Операция 9 назначена роботу 0 (нагрузка: 103.47)
2025-09-24 15:42:32 - ROBOTY.assigner - INFO - Распределено 10 операций с балансировкой нагрузки
2025-09-24 15:42:32 - ROBOTY.assigner - INFO - Итоговые нагрузки роботов: ['103.47']
2025-09-24 15:42:32 - ROBOTY.assigner - INFO - Робот 0: 10 операций, нагрузка 103.47
2025-09-24 15:42:32 - ROBOTY.planner - INFO - Операции назначены методом: balanced
2025-09-24 15:42:32 - ROBOTY.planner - INFO - Планирование траектории для робота 1 (ID: 1) с 10 операциями
2025-09-24 15:42:32 - ROBOTY.planner - DEBUG - Планирование траектории для робота с 10 операциями
2025-09-24 15:42:32 - ROBOTY.planner - DEBUG - Операция 1 запланирована, время завершения: 10.68
2025-09-24 15:42:32 - ROBOTY.planner - DEBUG - Операция 2 запланирована, время завершения: 17.76
2025-09-24 15:42:32 - ROBOTY.planner - DEBUG - Операция 3 запланирована, время завершения: 25.78
2025-09-24 15:42:32 - ROBOTY.planner - DEBUG - Операция 4 запланирована, время завершения: 36.77
2025-09-24 15:42:32 - ROBOTY.planner - DEBUG - Операция 5 запланирована, время завершения: 44.64
2025-09-24 15:42:32 - ROBOTY.planner - DEBUG - Операция 6 запланирована, время завершения: 54.04
2025-09-24 15:42:32 - ROBOTY.planner - DEBUG - Операция 7 запланирована, время завершения: 66.33
2025-09-24 15:42:32 - ROBOTY.planner - DEBUG - Операция 8 запланирована, время завершения: 77.17
2025-09-24 15:42:32 - ROBOTY.planner - DEBUG - Операция 9 запланирована, время завершения: 84.28
2025-09-24 15:42:32 - ROBOTY.planner - DEBUG - Операция 10 запланирована, время завершения: 94.51
2025-09-24 15:42:32 - ROBOTY.planner - INFO - Траектория робота запланирована, общее время: 94.51
2025-09-24 15:42:32 - ROBOTY.planner - INFO - Робот 1: траектория содержит 240 точек
2025-09-24 15:42:32 - ROBOTY.planner - INFO - Планирование завершено. Makespan: 94.51
2025-09-24 15:42:32 - ROBOTY.main - INFO - Планировщик успешно завершил работу
2025-09-24 15:42:32 - ROBOTY.collision - INFO - Начинаем детальную проверку коллизий
2025-09-24 15:42:32 - ROBOTY.collision - INFO - Недостаточно роботов для проверки коллизий
2025-09-24 15:42:32 - ROBOTY.main - INFO - Коллизий не обнаружено
2025-09-24 15:42:35 - ROBOTY.main - INFO - Открытие визуализатора
2025-09-24 15:42:35 - ROBOTY.main - INFO - Визуализация успешно завершена
2025-09-24 15:42:35 - ROBOTY.visualizer - INFO - Запуск визуализации типа: 3d_anim
2025-09-24 15:42:35 - ROBOTY.visualizer - INFO - Создание 3D анимации траекторий
2025-09-24 15:42:35 - ROBOTY.visualizer - INFO - Создание 3D визуализации траекторий
2025-09-24 15:42:35 - ROBOTY.visualizer - INFO - 3D визуализация создана
2025-09-24 15:42:35 - ROBOTY.mesh_loader - INFO - OBJ загружен: 1758706684_68d3bbfcdbb32.obj, вершин=48087, треугольников=96202
2025-09-24 15:42:35 - ROBOTY.mesh_loader - INFO - Hand definition загружен: C:\Users\79518\OneDrive\Рабочий стол\Конкурс\Улучшения.txt, вершин=0, сегментов=0, точек=0
