2025-09-27 13:45:36 - ROBOTY.main - INFO - Запуск приложения ROBOTY
2025-09-27 13:45:36 - ROBOTY.main - INFO - Применена тема: dark
2025-09-27 13:45:36 - ROBOTY.main - INFO - Интерфейс инициализирован
2025-09-27 13:45:37 - ROBOTY.main - INFO - Приложение успешно запущено
2025-09-27 13:45:48 - ROBOTY.main - INFO - Создан входной файл: C:\Users\22200490\.cursor\ROBOTY-main\data\input_20250927_134540.json
2025-09-27 13:45:48 - ROBOTY.parser - INFO - Начинаем загрузку файла: C:\Users\22200490\.cursor\ROBOTY-main\data\input_20250927_134540.json
2025-09-27 13:45:48 - ROBOTY.parser - INFO - Файл C:\Users\22200490\.cursor\ROBOTY-main\data\input_20250927_134540.json успешно загружен
2025-09-27 13:45:48 - ROBOTY.parser - DEBUG - Робот 1 успешно загружен
2025-09-27 13:45:48 - ROBOTY.parser - DEBUG - Робот 2 успешно загружен
2025-09-27 13:45:48 - ROBOTY.parser - DEBUG - Робот 3 успешно загружен
2025-09-27 13:45:48 - ROBOTY.parser - DEBUG - Робот 4 успешно загружен
2025-09-27 13:45:48 - ROBOTY.parser - DEBUG - Операция 1 успешно загружена
2025-09-27 13:45:48 - ROBOTY.parser - DEBUG - Операция 2 успешно загружена
2025-09-27 13:45:48 - ROBOTY.parser - DEBUG - Операция 3 успешно загружена
2025-09-27 13:45:48 - ROBOTY.parser - DEBUG - Операция 4 успешно загружена
2025-09-27 13:45:48 - ROBOTY.parser - DEBUG - Операция 5 успешно загружена
2025-09-27 13:45:48 - ROBOTY.parser - DEBUG - Операция 6 успешно загружена
2025-09-27 13:45:48 - ROBOTY.parser - DEBUG - Операция 7 успешно загружена
2025-09-27 13:45:48 - ROBOTY.parser - DEBUG - Операция 8 успешно загружена
2025-09-27 13:45:48 - ROBOTY.parser - DEBUG - Операция 9 успешно загружена
2025-09-27 13:45:48 - ROBOTY.parser - DEBUG - Операция 10 успешно загружена
2025-09-27 13:45:48 - ROBOTY.parser - DEBUG - Операция 11 успешно загружена
2025-09-27 13:45:48 - ROBOTY.parser - DEBUG - Операция 12 успешно загружена
2025-09-27 13:45:48 - ROBOTY.parser - DEBUG - Операция 13 успешно загружена
2025-09-27 13:45:48 - ROBOTY.parser - DEBUG - Операция 14 успешно загружена
2025-09-27 13:45:48 - ROBOTY.parser - DEBUG - Операция 15 успешно загружена
2025-09-27 13:45:48 - ROBOTY.parser - DEBUG - Операция 16 успешно загружена
2025-09-27 13:45:48 - ROBOTY.parser - DEBUG - Операция 17 успешно загружена
2025-09-27 13:45:48 - ROBOTY.parser - DEBUG - Операция 18 успешно загружена
2025-09-27 13:45:48 - ROBOTY.parser - DEBUG - Операция 19 успешно загружена
2025-09-27 13:45:48 - ROBOTY.parser - DEBUG - Операция 20 успешно загружена
2025-09-27 13:45:48 - ROBOTY.parser - DEBUG - Операция 21 успешно загружена
2025-09-27 13:45:48 - ROBOTY.parser - DEBUG - Операция 22 успешно загружена
2025-09-27 13:45:48 - ROBOTY.parser - DEBUG - Операция 23 успешно загружена
2025-09-27 13:45:48 - ROBOTY.parser - DEBUG - Операция 24 успешно загружена
2025-09-27 13:45:48 - ROBOTY.parser - DEBUG - Операция 25 успешно загружена
2025-09-27 13:45:48 - ROBOTY.parser - DEBUG - Операция 26 успешно загружена
2025-09-27 13:45:48 - ROBOTY.parser - DEBUG - Операция 27 успешно загружена
2025-09-27 13:45:48 - ROBOTY.parser - DEBUG - Операция 28 успешно загружена
2025-09-27 13:45:48 - ROBOTY.parser - DEBUG - Операция 29 успешно загружена
2025-09-27 13:45:48 - ROBOTY.parser - DEBUG - Операция 30 успешно загружена
2025-09-27 13:45:48 - ROBOTY.parser - INFO - Загружено 4 роботов и 30 операций
2025-09-27 13:45:52 - ROBOTY.main - INFO - Запуск планировщика
2025-09-27 13:45:52 - ROBOTY.planner - INFO - Запуск планировщика траекторий
2025-09-27 13:45:52 - ROBOTY.assigner - INFO - Начинаем назначение операций методом: balanced
2025-09-27 13:45:52 - ROBOTY.assigner - DEBUG - Операция 0 назначена роботу 2 (нагрузка: 7.18)
2025-09-27 13:45:52 - ROBOTY.assigner - DEBUG - Операция 1 назначена роботу 1 (нагрузка: 12.08)
2025-09-27 13:45:52 - ROBOTY.assigner - DEBUG - Операция 2 назначена роботу 0 (нагрузка: 17.46)
2025-09-27 13:45:52 - ROBOTY.assigner - DEBUG - Операция 3 назначена роботу 3 (нагрузка: 19.59)
2025-09-27 13:45:52 - ROBOTY.assigner - DEBUG - Операция 4 назначена роботу 2 (нагрузка: 17.49)
2025-09-27 13:45:52 - ROBOTY.assigner - DEBUG - Операция 5 назначена роботу 1 (нагрузка: 19.46)
2025-09-27 13:45:52 - ROBOTY.assigner - DEBUG - Операция 6 назначена роботу 1 (нагрузка: 28.66)
2025-09-27 13:45:52 - ROBOTY.assigner - DEBUG - Операция 7 назначена роботу 2 (нагрузка: 27.26)
2025-09-27 13:45:52 - ROBOTY.assigner - DEBUG - Операция 8 назначена роботу 3 (нагрузка: 31.18)
2025-09-27 13:45:52 - ROBOTY.assigner - DEBUG - Операция 9 назначена роботу 2 (нагрузка: 38.66)
2025-09-27 13:45:52 - ROBOTY.assigner - DEBUG - Операция 10 назначена роботу 0 (нагрузка: 25.45)
2025-09-27 13:45:52 - ROBOTY.assigner - DEBUG - Операция 11 назначена роботу 1 (нагрузка: 40.12)
2025-09-27 13:45:52 - ROBOTY.assigner - DEBUG - Операция 12 назначена роботу 3 (нагрузка: 40.06)
2025-09-27 13:45:52 - ROBOTY.assigner - DEBUG - Операция 13 назначена роботу 0 (нагрузка: 41.08)
2025-09-27 13:45:52 - ROBOTY.assigner - DEBUG - Операция 14 назначена роботу 2 (нагрузка: 47.63)
2025-09-27 13:45:52 - ROBOTY.assigner - DEBUG - Операция 15 назначена роботу 0 (нагрузка: 48.71)
2025-09-27 13:45:52 - ROBOTY.assigner - DEBUG - Операция 16 назначена роботу 1 (нагрузка: 52.74)
2025-09-27 13:45:52 - ROBOTY.assigner - DEBUG - Операция 17 назначена роботу 3 (нагрузка: 48.73)
2025-09-27 13:45:52 - ROBOTY.assigner - DEBUG - Операция 18 назначена роботу 2 (нагрузка: 54.37)
2025-09-27 13:45:52 - ROBOTY.assigner - DEBUG - Операция 19 назначена роботу 1 (нагрузка: 61.31)
2025-09-27 13:45:52 - ROBOTY.assigner - DEBUG - Операция 20 назначена роботу 2 (нагрузка: 63.19)
2025-09-27 13:45:52 - ROBOTY.assigner - DEBUG - Операция 21 назначена роботу 0 (нагрузка: 60.40)
2025-09-27 13:45:52 - ROBOTY.assigner - DEBUG - Операция 22 назначена роботу 3 (нагрузка: 63.95)
2025-09-27 13:45:52 - ROBOTY.assigner - DEBUG - Операция 23 назначена роботу 2 (нагрузка: 70.06)
2025-09-27 13:45:52 - ROBOTY.assigner - DEBUG - Операция 24 назначена роботу 1 (нагрузка: 72.36)
2025-09-27 13:45:52 - ROBOTY.assigner - DEBUG - Операция 25 назначена роботу 0 (нагрузка: 68.99)
2025-09-27 13:45:52 - ROBOTY.assigner - DEBUG - Операция 26 назначена роботу 3 (нагрузка: 74.50)
2025-09-27 13:45:52 - ROBOTY.assigner - DEBUG - Операция 27 назначена роботу 2 (нагрузка: 82.43)
2025-09-27 13:45:52 - ROBOTY.assigner - DEBUG - Операция 28 назначена роботу 1 (нагрузка: 84.09)
2025-09-27 13:45:52 - ROBOTY.assigner - DEBUG - Операция 29 назначена роботу 0 (нагрузка: 78.37)
2025-09-27 13:45:52 - ROBOTY.assigner - INFO - Распределено 30 операций с балансировкой нагрузки
2025-09-27 13:45:52 - ROBOTY.assigner - INFO - Итоговые нагрузки роботов: ['78.37', '84.09', '82.43', '74.50']
2025-09-27 13:45:52 - ROBOTY.assigner - INFO - Робот 0: 7 операций, нагрузка 78.37
2025-09-27 13:45:52 - ROBOTY.assigner - INFO - Робот 1: 8 операций, нагрузка 84.09
2025-09-27 13:45:52 - ROBOTY.assigner - INFO - Робот 2: 9 операций, нагрузка 82.43
2025-09-27 13:45:52 - ROBOTY.assigner - INFO - Робот 3: 6 операций, нагрузка 74.50
2025-09-27 13:45:52 - ROBOTY.planner - INFO - Операции назначены методом: balanced
2025-09-27 13:45:52 - ROBOTY.planner - INFO - Планирование траектории для робота 1 (ID: 1) с 7 операциями
2025-09-27 13:45:52 - ROBOTY.planner - DEBUG - Планирование траектории для робота с 7 операциями
2025-09-27 13:45:52 - ROBOTY.planner - DEBUG - Операция 1 запланирована, время завершения: 18.56
2025-09-27 13:45:52 - ROBOTY.planner - DEBUG - Операция 2 запланирована, время завершения: 32.93
2025-09-27 13:45:52 - ROBOTY.planner - DEBUG - Операция 3 запланирована, время завершения: 43.94
2025-09-27 13:45:52 - ROBOTY.planner - DEBUG - Операция 4 запланирована, время завершения: 58.96
2025-09-27 13:45:52 - ROBOTY.planner - DEBUG - Операция 5 запланирована, время завершения: 71.70
2025-09-27 13:45:52 - ROBOTY.planner - DEBUG - Операция 6 запланирована, время завершения: 80.11
2025-09-27 13:45:52 - ROBOTY.planner - DEBUG - Операция 7 запланирована, время завершения: 94.13
2025-09-27 13:45:52 - ROBOTY.planner - INFO - Траектория робота запланирована, общее время: 94.13
2025-09-27 13:45:52 - ROBOTY.planner - INFO - Робот 1: траектория содержит 168 точек
2025-09-27 13:45:52 - ROBOTY.planner - INFO - Планирование траектории для робота 2 (ID: 2) с 8 операциями
2025-09-27 13:45:52 - ROBOTY.planner - DEBUG - Планирование траектории для робота с 8 операциями
2025-09-27 13:45:52 - ROBOTY.planner - DEBUG - Операция 1 запланирована, время завершения: 13.71
2025-09-27 13:45:52 - ROBOTY.planner - DEBUG - Операция 2 запланирована, время завершения: 24.16
2025-09-27 13:45:52 - ROBOTY.planner - DEBUG - Операция 3 запланирована, время завершения: 37.43
2025-09-27 13:45:52 - ROBOTY.planner - DEBUG - Операция 4 запланирована, время завершения: 44.52
2025-09-27 13:45:52 - ROBOTY.planner - DEBUG - Операция 5 запланирована, время завершения: 53.58
2025-09-27 13:45:52 - ROBOTY.planner - DEBUG - Операция 6 запланирована, время завершения: 65.80
2025-09-27 13:45:52 - ROBOTY.planner - DEBUG - Операция 7 запланирована, время завершения: 75.93
2025-09-27 13:45:52 - ROBOTY.planner - DEBUG - Операция 8 запланирована, время завершения: 87.86
2025-09-27 13:45:52 - ROBOTY.planner - INFO - Траектория робота запланирована, общее время: 87.86
2025-09-27 13:45:52 - ROBOTY.planner - INFO - Робот 2: траектория содержит 192 точек
2025-09-27 13:45:52 - ROBOTY.planner - INFO - Планирование траектории для робота 3 (ID: 3) с 9 операциями
2025-09-27 13:45:52 - ROBOTY.planner - DEBUG - Планирование траектории для робота с 9 операциями
2025-09-27 13:45:52 - ROBOTY.planner - DEBUG - Операция 1 запланирована, время завершения: 9.61
2025-09-27 13:45:52 - ROBOTY.planner - DEBUG - Операция 2 запланирована, время завершения: 18.32
2025-09-27 13:45:52 - ROBOTY.planner - DEBUG - Операция 3 запланирована, время завершения: 29.34
2025-09-27 13:45:52 - ROBOTY.planner - DEBUG - Операция 4 запланирована, время завершения: 42.38
2025-09-27 13:45:52 - ROBOTY.planner - DEBUG - Операция 5 запланирована, время завершения: 55.35
2025-09-27 13:45:52 - ROBOTY.planner - DEBUG - Операция 6 запланирована, время завершения: 65.20
2025-09-27 13:45:52 - ROBOTY.planner - DEBUG - Операция 7 запланирована, время завершения: 76.74
2025-09-27 13:45:52 - ROBOTY.planner - DEBUG - Операция 8 запланирована, время завершения: 87.52
2025-09-27 13:45:52 - ROBOTY.planner - DEBUG - Операция 9 запланирована, время завершения: 100.48
2025-09-27 13:45:52 - ROBOTY.planner - INFO - Траектория робота запланирована, общее время: 100.48
2025-09-27 13:45:52 - ROBOTY.planner - INFO - Робот 3: траектория содержит 216 точек
2025-09-27 13:45:52 - ROBOTY.planner - INFO - Планирование траектории для робота 4 (ID: 4) с 6 операциями
2025-09-27 13:45:52 - ROBOTY.planner - DEBUG - Планирование траектории для робота с 6 операциями
2025-09-27 13:45:52 - ROBOTY.planner - DEBUG - Операция 1 запланирована, время завершения: 20.82
2025-09-27 13:45:52 - ROBOTY.planner - DEBUG - Операция 2 запланирована, время завершения: 34.48
2025-09-27 13:45:52 - ROBOTY.planner - DEBUG - Операция 3 запланирована, время завершения: 50.99
2025-09-27 13:45:52 - ROBOTY.planner - DEBUG - Операция 4 запланирована, время завершения: 62.25
2025-09-27 13:45:52 - ROBOTY.planner - DEBUG - Операция 5 запланирована, время завершения: 77.29
2025-09-27 13:45:52 - ROBOTY.planner - DEBUG - Операция 6 запланирована, время завершения: 92.33
2025-09-27 13:45:52 - ROBOTY.planner - INFO - Траектория робота запланирована, общее время: 92.33
2025-09-27 13:45:52 - ROBOTY.planner - INFO - Робот 4: траектория содержит 144 точек
2025-09-27 13:45:52 - ROBOTY.planner - INFO - Планирование завершено. Makespan: 100.48
2025-09-27 13:45:52 - ROBOTY.main - INFO - Планировщик успешно завершил работу
2025-09-27 13:45:52 - ROBOTY.collision - INFO - Начинаем детальную проверку коллизий
2025-09-27 13:45:52 - ROBOTY.collision - DEBUG - Проверяем коллизии в диапазоне времени: 0.00 - 100.48
2025-09-27 13:45:52 - ROBOTY.collision - WARNING - Коллизия: роботы 1 и 4 в 68.70s, расстояние: 0.483, требуется: 0.500
2025-09-27 13:45:52 - ROBOTY.collision - WARNING - Коллизия: роботы 1 и 4 в 68.80s, расстояние: 0.444, требуется: 0.500
2025-09-27 13:45:52 - ROBOTY.collision - WARNING - Коллизия: роботы 1 и 4 в 68.90s, расстояние: 0.444, требуется: 0.500
2025-09-27 13:45:52 - ROBOTY.collision - WARNING - Коллизия: роботы 1 и 4 в 69.00s, расстояние: 0.485, требуется: 0.500
2025-09-27 13:45:52 - ROBOTY.collision - WARNING - Коллизия: роботы 2 и 3 в 84.30s, расстояние: 0.397, требуется: 0.500
2025-09-27 13:45:52 - ROBOTY.collision - WARNING - Коллизия: роботы 2 и 3 в 84.40s, расстояние: 0.307, требуется: 0.500
2025-09-27 13:45:52 - ROBOTY.collision - WARNING - Коллизия: роботы 2 и 3 в 84.50s, расстояние: 0.383, требуется: 0.500
2025-09-27 13:45:52 - ROBOTY.collision - ERROR - Обнаружено 7 коллизий
2025-09-27 13:45:52 - ROBOTY.main - WARNING - Обнаружено 7 коллизий, применяем онлайн-безопасность
2025-09-27 13:45:52 - ROBOTY.safety - INFO - Применяем онлайн-безопасность: вставка пауз при коллизиях
2025-09-27 13:45:52 - ROBOTY.collision - INFO - Начинаем детальную проверку коллизий
2025-09-27 13:45:52 - ROBOTY.collision - DEBUG - Проверяем коллизии в диапазоне времени: 0.00 - 100.48
2025-09-27 13:45:52 - ROBOTY.collision - WARNING - Коллизия: роботы 1 и 4 в 68.70s, расстояние: 0.483, требуется: 0.500
2025-09-27 13:45:52 - ROBOTY.collision - WARNING - Коллизия: роботы 1 и 4 в 68.75s, расстояние: 0.459, требуется: 0.500
2025-09-27 13:45:52 - ROBOTY.collision - WARNING - Коллизия: роботы 1 и 4 в 68.80s, расстояние: 0.444, требуется: 0.500
2025-09-27 13:45:52 - ROBOTY.collision - WARNING - Коллизия: роботы 1 и 4 в 68.85s, расстояние: 0.439, требуется: 0.500
2025-09-27 13:45:52 - ROBOTY.collision - WARNING - Коллизия: роботы 1 и 4 в 68.90s, расстояние: 0.444, требуется: 0.500
2025-09-27 13:45:52 - ROBOTY.collision - WARNING - Коллизия: роботы 1 и 4 в 68.95s, расстояние: 0.460, требуется: 0.500
2025-09-27 13:45:52 - ROBOTY.collision - WARNING - Коллизия: роботы 1 и 4 в 69.00s, расстояние: 0.485, требуется: 0.500
2025-09-27 13:45:52 - ROBOTY.collision - WARNING - Коллизия: роботы 2 и 3 в 84.25s, расстояние: 0.482, требуется: 0.500
2025-09-27 13:45:52 - ROBOTY.collision - WARNING - Коллизия: роботы 2 и 3 в 84.30s, расстояние: 0.397, требуется: 0.500
2025-09-27 13:45:52 - ROBOTY.collision - WARNING - Коллизия: роботы 2 и 3 в 84.35s, расстояние: 0.334, требуется: 0.500
2025-09-27 13:45:52 - ROBOTY.collision - WARNING - Коллизия: роботы 2 и 3 в 84.40s, расстояние: 0.307, требуется: 0.500
2025-09-27 13:45:52 - ROBOTY.collision - WARNING - Коллизия: роботы 2 и 3 в 84.45s, расстояние: 0.326, требуется: 0.500
2025-09-27 13:45:52 - ROBOTY.collision - WARNING - Коллизия: роботы 2 и 3 в 84.50s, расстояние: 0.383, требуется: 0.500
2025-09-27 13:45:52 - ROBOTY.collision - WARNING - Коллизия: роботы 2 и 3 в 84.55s, расстояние: 0.465, требуется: 0.500
2025-09-27 13:45:53 - ROBOTY.collision - ERROR - Обнаружено 14 коллизий
2025-09-27 13:45:53 - ROBOTY.safety - DEBUG - Добавлена пауза 0.60s роботу 1 в t=68.70s
2025-09-27 13:45:53 - ROBOTY.safety - DEBUG - Добавлена пауза 0.60s роботу 4 в t=68.70s
2025-09-27 13:45:53 - ROBOTY.safety - DEBUG - Добавлена пауза 0.60s роботу 1 в t=68.75s
2025-09-27 13:45:53 - ROBOTY.safety - DEBUG - Добавлена пауза 0.60s роботу 4 в t=68.75s
2025-09-27 13:45:53 - ROBOTY.safety - DEBUG - Добавлена пауза 0.60s роботу 1 в t=68.80s
2025-09-27 13:45:53 - ROBOTY.safety - DEBUG - Добавлена пауза 0.60s роботу 4 в t=68.80s
2025-09-27 13:45:53 - ROBOTY.safety - DEBUG - Добавлена пауза 0.60s роботу 1 в t=68.85s
2025-09-27 13:45:53 - ROBOTY.safety - DEBUG - Добавлена пауза 0.60s роботу 4 в t=68.85s
2025-09-27 13:45:53 - ROBOTY.safety - DEBUG - Добавлена пауза 0.60s роботу 1 в t=68.90s
2025-09-27 13:45:53 - ROBOTY.safety - DEBUG - Добавлена пауза 0.60s роботу 4 в t=68.90s
2025-09-27 13:45:53 - ROBOTY.safety - DEBUG - Добавлена пауза 0.60s роботу 1 в t=68.95s
2025-09-27 13:45:53 - ROBOTY.safety - DEBUG - Добавлена пауза 0.60s роботу 4 в t=68.95s
2025-09-27 13:45:53 - ROBOTY.safety - DEBUG - Добавлена пауза 0.60s роботу 1 в t=69.00s
2025-09-27 13:45:53 - ROBOTY.safety - DEBUG - Добавлена пауза 0.60s роботу 4 в t=69.00s
2025-09-27 13:45:53 - ROBOTY.safety - DEBUG - Добавлена пауза 0.60s роботу 2 в t=84.25s
2025-09-27 13:45:53 - ROBOTY.safety - DEBUG - Добавлена пауза 0.60s роботу 3 в t=84.25s
2025-09-27 13:45:53 - ROBOTY.safety - DEBUG - Добавлена пауза 0.60s роботу 2 в t=84.30s
2025-09-27 13:45:53 - ROBOTY.safety - DEBUG - Добавлена пауза 0.60s роботу 3 в t=84.30s
2025-09-27 13:45:53 - ROBOTY.safety - DEBUG - Добавлена пауза 0.60s роботу 2 в t=84.35s
2025-09-27 13:45:53 - ROBOTY.safety - DEBUG - Добавлена пауза 0.60s роботу 3 в t=84.35s
2025-09-27 13:45:53 - ROBOTY.safety - DEBUG - Добавлена пауза 0.60s роботу 2 в t=84.40s
2025-09-27 13:45:53 - ROBOTY.safety - DEBUG - Добавлена пауза 0.60s роботу 3 в t=84.40s
2025-09-27 13:45:53 - ROBOTY.safety - DEBUG - Добавлена пауза 0.60s роботу 2 в t=84.45s
2025-09-27 13:45:53 - ROBOTY.safety - DEBUG - Добавлена пауза 0.60s роботу 3 в t=84.45s
2025-09-27 13:45:53 - ROBOTY.safety - DEBUG - Добавлена пауза 0.60s роботу 2 в t=84.50s
2025-09-27 13:45:53 - ROBOTY.safety - DEBUG - Добавлена пауза 0.60s роботу 3 в t=84.50s
2025-09-27 13:45:53 - ROBOTY.safety - DEBUG - Добавлена пауза 0.60s роботу 2 в t=84.55s
2025-09-27 13:45:53 - ROBOTY.safety - DEBUG - Добавлена пауза 0.60s роботу 3 в t=84.55s
2025-09-27 13:45:53 - ROBOTY.safety - INFO - Онлайн-безопасность применена: паузы вставлены
2025-09-27 13:45:53 - ROBOTY.collision - INFO - Начинаем детальную проверку коллизий
2025-09-27 13:45:53 - ROBOTY.collision - DEBUG - Проверяем коллизии в диапазоне времени: 0.00 - 104.68
2025-09-27 13:45:53 - ROBOTY.collision - WARNING - Коллизия: роботы 1 и 4 в 68.70s, расстояние: 0.483, требуется: 0.500
2025-09-27 13:45:53 - ROBOTY.collision - WARNING - Коллизия: роботы 1 и 4 в 68.80s, расстояние: 0.483, требуется: 0.500
2025-09-27 13:45:53 - ROBOTY.collision - WARNING - Коллизия: роботы 1 и 4 в 68.90s, расстояние: 0.483, требуется: 0.500
2025-09-27 13:45:53 - ROBOTY.collision - WARNING - Коллизия: роботы 1 и 4 в 69.00s, расстояние: 0.483, требуется: 0.500
2025-09-27 13:45:53 - ROBOTY.collision - WARNING - Коллизия: роботы 1 и 4 в 69.10s, расстояние: 0.483, требуется: 0.500
2025-09-27 13:45:53 - ROBOTY.collision - WARNING - Коллизия: роботы 1 и 4 в 69.20s, расстояние: 0.483, требуется: 0.500
2025-09-27 13:45:53 - ROBOTY.collision - WARNING - Коллизия: роботы 1 и 4 в 69.30s, расстояние: 0.483, требуется: 0.500
2025-09-27 13:45:53 - ROBOTY.collision - WARNING - Коллизия: роботы 1 и 4 в 69.40s, расстояние: 0.483, требуется: 0.500
2025-09-27 13:45:53 - ROBOTY.collision - WARNING - Коллизия: роботы 1 и 4 в 69.50s, расстояние: 0.483, требуется: 0.500
2025-09-27 13:45:53 - ROBOTY.collision - WARNING - Коллизия: роботы 1 и 4 в 69.60s, расстояние: 0.483, требуется: 0.500
2025-09-27 13:45:53 - ROBOTY.collision - WARNING - Коллизия: роботы 1 и 4 в 69.70s, расстояние: 0.483, требуется: 0.500
2025-09-27 13:45:53 - ROBOTY.collision - WARNING - Коллизия: роботы 1 и 4 в 69.80s, расстояние: 0.483, требуется: 0.500
2025-09-27 13:45:53 - ROBOTY.collision - WARNING - Коллизия: роботы 1 и 4 в 69.90s, расстояние: 0.483, требуется: 0.500
2025-09-27 13:45:53 - ROBOTY.collision - WARNING - Коллизия: роботы 1 и 4 в 70.00s, расстояние: 0.483, требуется: 0.500
2025-09-27 13:45:53 - ROBOTY.collision - WARNING - Коллизия: роботы 1 и 4 в 70.10s, расстояние: 0.483, требуется: 0.500
2025-09-27 13:45:53 - ROBOTY.collision - WARNING - Коллизия: роботы 1 и 4 в 70.20s, расстояние: 0.483, требуется: 0.500
2025-09-27 13:45:53 - ROBOTY.collision - WARNING - Коллизия: роботы 1 и 4 в 70.30s, расстояние: 0.483, требуется: 0.500
2025-09-27 13:45:53 - ROBOTY.collision - WARNING - Коллизия: роботы 1 и 4 в 70.40s, расстояние: 0.483, требуется: 0.500
2025-09-27 13:45:53 - ROBOTY.collision - WARNING - Коллизия: роботы 1 и 4 в 70.50s, расстояние: 0.483, требуется: 0.500
2025-09-27 13:45:53 - ROBOTY.collision - WARNING - Коллизия: роботы 1 и 4 в 70.60s, расстояние: 0.483, требуется: 0.500
2025-09-27 13:45:53 - ROBOTY.collision - WARNING - Коллизия: роботы 1 и 4 в 70.70s, расстояние: 0.483, требуется: 0.500
2025-09-27 13:45:53 - ROBOTY.collision - WARNING - Коллизия: роботы 1 и 4 в 70.80s, расстояние: 0.483, требуется: 0.500
2025-09-27 13:45:53 - ROBOTY.collision - WARNING - Коллизия: роботы 1 и 4 в 70.90s, расстояние: 0.483, требуется: 0.500
2025-09-27 13:45:53 - ROBOTY.collision - WARNING - Коллизия: роботы 1 и 4 в 71.00s, расстояние: 0.483, требуется: 0.500
2025-09-27 13:45:53 - ROBOTY.collision - WARNING - Коллизия: роботы 1 и 4 в 71.10s, расстояние: 0.483, требуется: 0.500
2025-09-27 13:45:53 - ROBOTY.collision - WARNING - Коллизия: роботы 1 и 4 в 71.20s, расстояние: 0.483, требуется: 0.500
2025-09-27 13:45:53 - ROBOTY.collision - WARNING - Коллизия: роботы 1 и 4 в 71.30s, расстояние: 0.483, требуется: 0.500
2025-09-27 13:45:53 - ROBOTY.collision - WARNING - Коллизия: роботы 1 и 4 в 71.40s, расстояние: 0.483, требуется: 0.500
2025-09-27 13:45:53 - ROBOTY.collision - WARNING - Коллизия: роботы 1 и 4 в 71.50s, расстояние: 0.483, требуется: 0.500
2025-09-27 13:45:53 - ROBOTY.collision - WARNING - Коллизия: роботы 1 и 4 в 71.60s, расстояние: 0.483, требуется: 0.500
2025-09-27 13:45:53 - ROBOTY.collision - WARNING - Коллизия: роботы 1 и 4 в 71.70s, расстояние: 0.483, требуется: 0.500
2025-09-27 13:45:53 - ROBOTY.collision - WARNING - Коллизия: роботы 1 и 4 в 71.80s, расстояние: 0.483, требуется: 0.500
2025-09-27 13:45:53 - ROBOTY.collision - WARNING - Коллизия: роботы 1 и 4 в 71.90s, расстояние: 0.483, требуется: 0.500
2025-09-27 13:45:53 - ROBOTY.collision - WARNING - Коллизия: роботы 1 и 4 в 72.00s, расстояние: 0.483, требуется: 0.500
2025-09-27 13:45:53 - ROBOTY.collision - WARNING - Коллизия: роботы 1 и 4 в 72.10s, расстояние: 0.483, требуется: 0.500
2025-09-27 13:45:53 - ROBOTY.collision - WARNING - Коллизия: роботы 1 и 4 в 72.20s, расстояние: 0.483, требуется: 0.500
2025-09-27 13:45:53 - ROBOTY.collision - WARNING - Коллизия: роботы 1 и 4 в 72.30s, расстояние: 0.483, требуется: 0.500
2025-09-27 13:45:53 - ROBOTY.collision - WARNING - Коллизия: роботы 1 и 4 в 72.40s, расстояние: 0.483, требуется: 0.500
2025-09-27 13:45:53 - ROBOTY.collision - WARNING - Коллизия: роботы 1 и 4 в 72.50s, расстояние: 0.483, требуется: 0.500
2025-09-27 13:45:53 - ROBOTY.collision - WARNING - Коллизия: роботы 1 и 4 в 72.60s, расстояние: 0.483, требуется: 0.500
2025-09-27 13:45:53 - ROBOTY.collision - WARNING - Коллизия: роботы 1 и 4 в 72.70s, расстояние: 0.483, требуется: 0.500
2025-09-27 13:45:53 - ROBOTY.collision - WARNING - Коллизия: роботы 1 и 4 в 72.80s, расстояние: 0.483, требуется: 0.500
2025-09-27 13:45:53 - ROBOTY.collision - WARNING - Коллизия: роботы 1 и 4 в 72.90s, расстояние: 0.483, требуется: 0.500
2025-09-27 13:45:53 - ROBOTY.collision - WARNING - Коллизия: роботы 1 и 4 в 73.00s, расстояние: 0.444, требуется: 0.500
2025-09-27 13:45:53 - ROBOTY.collision - WARNING - Коллизия: роботы 1 и 4 в 73.10s, расстояние: 0.444, требуется: 0.500
2025-09-27 13:45:53 - ROBOTY.collision - WARNING - Коллизия: роботы 1 и 4 в 73.20s, расстояние: 0.485, требуется: 0.500
2025-09-27 13:45:53 - ROBOTY.collision - WARNING - Коллизия: роботы 2 и 3 в 84.30s, расстояние: 0.482, требуется: 0.500
2025-09-27 13:45:53 - ROBOTY.collision - WARNING - Коллизия: роботы 2 и 3 в 84.40s, расстояние: 0.482, требуется: 0.500
2025-09-27 13:45:53 - ROBOTY.collision - WARNING - Коллизия: роботы 2 и 3 в 84.50s, расстояние: 0.482, требуется: 0.500
2025-09-27 13:45:53 - ROBOTY.collision - WARNING - Коллизия: роботы 2 и 3 в 84.60s, расстояние: 0.482, требуется: 0.500
2025-09-27 13:45:53 - ROBOTY.collision - WARNING - Коллизия: роботы 2 и 3 в 84.70s, расстояние: 0.482, требуется: 0.500
2025-09-27 13:45:53 - ROBOTY.collision - WARNING - Коллизия: роботы 2 и 3 в 84.80s, расстояние: 0.482, требуется: 0.500
2025-09-27 13:45:53 - ROBOTY.collision - WARNING - Коллизия: роботы 2 и 3 в 84.90s, расстояние: 0.482, требуется: 0.500
2025-09-27 13:45:53 - ROBOTY.collision - WARNING - Коллизия: роботы 2 и 3 в 85.00s, расстояние: 0.482, требуется: 0.500
2025-09-27 13:45:53 - ROBOTY.collision - WARNING - Коллизия: роботы 2 и 3 в 85.10s, расстояние: 0.482, требуется: 0.500
2025-09-27 13:45:53 - ROBOTY.collision - WARNING - Коллизия: роботы 2 и 3 в 85.20s, расстояние: 0.482, требуется: 0.500
2025-09-27 13:45:53 - ROBOTY.collision - WARNING - Коллизия: роботы 2 и 3 в 85.30s, расстояние: 0.482, требуется: 0.500
2025-09-27 13:45:53 - ROBOTY.collision - WARNING - Коллизия: роботы 2 и 3 в 85.40s, расстояние: 0.482, требуется: 0.500
2025-09-27 13:45:53 - ROBOTY.collision - WARNING - Коллизия: роботы 2 и 3 в 85.50s, расстояние: 0.482, требуется: 0.500
2025-09-27 13:45:53 - ROBOTY.collision - WARNING - Коллизия: роботы 2 и 3 в 85.60s, расстояние: 0.482, требуется: 0.500
2025-09-27 13:45:53 - ROBOTY.collision - WARNING - Коллизия: роботы 2 и 3 в 85.70s, расстояние: 0.482, требуется: 0.500
2025-09-27 13:45:53 - ROBOTY.collision - WARNING - Коллизия: роботы 2 и 3 в 85.80s, расстояние: 0.482, требуется: 0.500
2025-09-27 13:45:53 - ROBOTY.collision - WARNING - Коллизия: роботы 2 и 3 в 85.90s, расстояние: 0.482, требуется: 0.500
2025-09-27 13:45:53 - ROBOTY.collision - WARNING - Коллизия: роботы 2 и 3 в 86.00s, расстояние: 0.482, требуется: 0.500
2025-09-27 13:45:53 - ROBOTY.collision - WARNING - Коллизия: роботы 2 и 3 в 86.10s, расстояние: 0.482, требуется: 0.500
2025-09-27 13:45:53 - ROBOTY.collision - WARNING - Коллизия: роботы 2 и 3 в 86.20s, расстояние: 0.482, требуется: 0.500
2025-09-27 13:45:53 - ROBOTY.collision - WARNING - Коллизия: роботы 2 и 3 в 86.30s, расстояние: 0.482, требуется: 0.500
2025-09-27 13:45:53 - ROBOTY.collision - WARNING - Коллизия: роботы 2 и 3 в 86.40s, расстояние: 0.482, требуется: 0.500
2025-09-27 13:45:53 - ROBOTY.collision - WARNING - Коллизия: роботы 2 и 3 в 86.50s, расстояние: 0.482, требуется: 0.500
2025-09-27 13:45:53 - ROBOTY.collision - WARNING - Коллизия: роботы 2 и 3 в 86.60s, расстояние: 0.482, требуется: 0.500
2025-09-27 13:45:53 - ROBOTY.collision - WARNING - Коллизия: роботы 2 и 3 в 86.70s, расстояние: 0.482, требуется: 0.500
2025-09-27 13:45:53 - ROBOTY.collision - WARNING - Коллизия: роботы 2 и 3 в 86.80s, расстояние: 0.482, требуется: 0.500
2025-09-27 13:45:53 - ROBOTY.collision - WARNING - Коллизия: роботы 2 и 3 в 86.90s, расстояние: 0.482, требуется: 0.500
2025-09-27 13:45:53 - ROBOTY.collision - WARNING - Коллизия: роботы 2 и 3 в 87.00s, расстояние: 0.482, требуется: 0.500
2025-09-27 13:45:53 - ROBOTY.collision - WARNING - Коллизия: роботы 2 и 3 в 87.10s, расстояние: 0.482, требуется: 0.500
2025-09-27 13:45:53 - ROBOTY.collision - WARNING - Коллизия: роботы 2 и 3 в 87.20s, расстояние: 0.482, требуется: 0.500
2025-09-27 13:45:53 - ROBOTY.collision - WARNING - Коллизия: роботы 2 и 3 в 87.30s, расстояние: 0.482, требуется: 0.500
2025-09-27 13:45:53 - ROBOTY.collision - WARNING - Коллизия: роботы 2 и 3 в 87.40s, расстояние: 0.482, требуется: 0.500
2025-09-27 13:45:53 - ROBOTY.collision - WARNING - Коллизия: роботы 2 и 3 в 87.50s, расстояние: 0.482, требуется: 0.500
2025-09-27 13:45:53 - ROBOTY.collision - WARNING - Коллизия: роботы 2 и 3 в 87.60s, расстояние: 0.482, требуется: 0.500
2025-09-27 13:45:53 - ROBOTY.collision - WARNING - Коллизия: роботы 2 и 3 в 87.70s, расстояние: 0.482, требуется: 0.500
2025-09-27 13:45:53 - ROBOTY.collision - WARNING - Коллизия: роботы 2 и 3 в 87.80s, расстояние: 0.482, требуется: 0.500
2025-09-27 13:45:53 - ROBOTY.collision - WARNING - Коллизия: роботы 2 и 3 в 87.90s, расстояние: 0.482, требуется: 0.500
2025-09-27 13:45:53 - ROBOTY.collision - WARNING - Коллизия: роботы 2 и 3 в 88.00s, расстояние: 0.482, требуется: 0.500
2025-09-27 13:45:53 - ROBOTY.collision - WARNING - Коллизия: роботы 2 и 3 в 88.10s, расстояние: 0.482, требуется: 0.500
2025-09-27 13:45:53 - ROBOTY.collision - WARNING - Коллизия: роботы 2 и 3 в 88.20s, расстояние: 0.482, требуется: 0.500
2025-09-27 13:45:53 - ROBOTY.collision - WARNING - Коллизия: роботы 2 и 3 в 88.30s, расстояние: 0.482, требуется: 0.500
2025-09-27 13:45:53 - ROBOTY.collision - WARNING - Коллизия: роботы 2 и 3 в 88.40s, расстояние: 0.482, требуется: 0.500
2025-09-27 13:45:53 - ROBOTY.collision - WARNING - Коллизия: роботы 2 и 3 в 88.50s, расстояние: 0.397, требуется: 0.500
2025-09-27 13:45:53 - ROBOTY.collision - WARNING - Коллизия: роботы 2 и 3 в 88.60s, расстояние: 0.307, требуется: 0.500
2025-09-27 13:45:53 - ROBOTY.collision - WARNING - Коллизия: роботы 2 и 3 в 88.70s, расстояние: 0.383, требуется: 0.500
2025-09-27 13:45:53 - ROBOTY.collision - ERROR - Обнаружено 91 коллизий
2025-09-27 13:45:53 - ROBOTY.main - WARNING - Коллизии сохраняются после вставки пауз
2025-09-27 13:45:54 - ROBOTY.main - INFO - Запуск десктопного 3D Viewer
2025-09-27 13:45:57 - ROBOTY.native_3d - INFO - Парсинг завершен: 4 роботов
2025-09-27 13:45:57 - ROBOTY.native_3d - INFO - Native 3D Viewer инициализирован
2025-09-27 13:45:58 - ROBOTY.main - INFO - Десктопный 3D Viewer успешно запущен
2025-09-27 13:46:20 - ROBOTY.native_3d - INFO - Закрытие Native 3D Viewer
