2025-09-24 15:15:08 - ROBOTY.main - INFO - Запуск приложения ROBOTY
2025-09-24 15:15:08 - ROBOTY.main - INFO - Применена тема: light
2025-09-24 15:15:08 - ROBOTY.main - INFO - Интерфейс инициализирован
2025-09-24 15:15:09 - ROBOTY.main - INFO - Приложение успешно запущено
2025-09-24 15:15:19 - ROBOTY.main - INFO - Создан входной файл: C:\Users\79518\.cursor\ROBOTY\data\input_20250924_151514.json
2025-09-24 15:15:19 - ROBOTY.parser - INFO - Начинаем загрузку файла: C:\Users\79518\.cursor\ROBOTY\data\input_20250924_151514.json
2025-09-24 15:15:19 - ROBOTY.parser - INFO - Файл C:\Users\79518\.cursor\ROBOTY\data\input_20250924_151514.json успешно загружен
2025-09-24 15:15:19 - ROBOTY.parser - DEBUG - Робот 1 успешно загружен
2025-09-24 15:15:19 - ROBOTY.parser - DEBUG - Робот 2 успешно загружен
2025-09-24 15:15:19 - ROBOTY.parser - DEBUG - Операция 1 успешно загружена
2025-09-24 15:15:19 - ROBOTY.parser - DEBUG - Операция 2 успешно загружена
2025-09-24 15:15:19 - ROBOTY.parser - DEBUG - Операция 3 успешно загружена
2025-09-24 15:15:19 - ROBOTY.parser - DEBUG - Операция 4 успешно загружена
2025-09-24 15:15:19 - ROBOTY.parser - DEBUG - Операция 5 успешно загружена
2025-09-24 15:15:19 - ROBOTY.parser - DEBUG - Операция 6 успешно загружена
2025-09-24 15:15:19 - ROBOTY.parser - DEBUG - Операция 7 успешно загружена
2025-09-24 15:15:19 - ROBOTY.parser - DEBUG - Операция 8 успешно загружена
2025-09-24 15:15:19 - ROBOTY.parser - DEBUG - Операция 9 успешно загружена
2025-09-24 15:15:19 - ROBOTY.parser - DEBUG - Операция 10 успешно загружена
2025-09-24 15:15:19 - ROBOTY.parser - DEBUG - Операция 11 успешно загружена
2025-09-24 15:15:19 - ROBOTY.parser - DEBUG - Операция 12 успешно загружена
2025-09-24 15:15:19 - ROBOTY.parser - DEBUG - Операция 13 успешно загружена
2025-09-24 15:15:19 - ROBOTY.parser - DEBUG - Операция 14 успешно загружена
2025-09-24 15:15:19 - ROBOTY.parser - DEBUG - Операция 15 успешно загружена
2025-09-24 15:15:19 - ROBOTY.parser - DEBUG - Операция 16 успешно загружена
2025-09-24 15:15:19 - ROBOTY.parser - DEBUG - Операция 17 успешно загружена
2025-09-24 15:15:19 - ROBOTY.parser - DEBUG - Операция 18 успешно загружена
2025-09-24 15:15:19 - ROBOTY.parser - DEBUG - Операция 19 успешно загружена
2025-09-24 15:15:19 - ROBOTY.parser - DEBUG - Операция 20 успешно загружена
2025-09-24 15:15:19 - ROBOTY.parser - DEBUG - Операция 21 успешно загружена
2025-09-24 15:15:19 - ROBOTY.parser - DEBUG - Операция 22 успешно загружена
2025-09-24 15:15:19 - ROBOTY.parser - DEBUG - Операция 23 успешно загружена
2025-09-24 15:15:19 - ROBOTY.parser - DEBUG - Операция 24 успешно загружена
2025-09-24 15:15:19 - ROBOTY.parser - DEBUG - Операция 25 успешно загружена
2025-09-24 15:15:19 - ROBOTY.parser - DEBUG - Операция 26 успешно загружена
2025-09-24 15:15:19 - ROBOTY.parser - DEBUG - Операция 27 успешно загружена
2025-09-24 15:15:19 - ROBOTY.parser - DEBUG - Операция 28 успешно загружена
2025-09-24 15:15:19 - ROBOTY.parser - DEBUG - Операция 29 успешно загружена
2025-09-24 15:15:19 - ROBOTY.parser - DEBUG - Операция 30 успешно загружена
2025-09-24 15:15:19 - ROBOTY.parser - INFO - Загружено 2 роботов и 30 операций
2025-09-24 15:15:21 - ROBOTY.main - INFO - Запуск планировщика
2025-09-24 15:15:21 - ROBOTY.planner - INFO - Запуск планировщика траекторий
2025-09-24 15:15:21 - ROBOTY.assigner - INFO - Начинаем назначение операций методом: balanced
2025-09-24 15:15:21 - ROBOTY.assigner - DEBUG - Операция 0 назначена роботу 1 (нагрузка: 5.94)
2025-09-24 15:15:21 - ROBOTY.assigner - DEBUG - Операция 1 назначена роботу 1 (нагрузка: 16.07)
2025-09-24 15:15:21 - ROBOTY.assigner - DEBUG - Операция 2 назначена роботу 0 (нагрузка: 16.86)
2025-09-24 15:15:21 - ROBOTY.assigner - DEBUG - Операция 3 назначена роботу 1 (нагрузка: 25.48)
2025-09-24 15:15:21 - ROBOTY.assigner - DEBUG - Операция 4 назначена роботу 0 (нагрузка: 30.20)
2025-09-24 15:15:21 - ROBOTY.assigner - DEBUG - Операция 5 назначена роботу 1 (нагрузка: 31.46)
2025-09-24 15:15:21 - ROBOTY.assigner - DEBUG - Операция 6 назначена роботу 1 (нагрузка: 38.49)
2025-09-24 15:15:21 - ROBOTY.assigner - DEBUG - Операция 7 назначена роботу 0 (нагрузка: 37.26)
2025-09-24 15:15:21 - ROBOTY.assigner - DEBUG - Операция 8 назначена роботу 1 (нагрузка: 43.33)
2025-09-24 15:15:21 - ROBOTY.assigner - DEBUG - Операция 9 назначена роботу 1 (нагрузка: 53.33)
2025-09-24 15:15:21 - ROBOTY.assigner - DEBUG - Операция 10 назначена роботу 0 (нагрузка: 49.97)
2025-09-24 15:15:21 - ROBOTY.assigner - DEBUG - Операция 11 назначена роботу 1 (нагрузка: 61.06)
2025-09-24 15:15:21 - ROBOTY.assigner - DEBUG - Операция 12 назначена роботу 0 (нагрузка: 62.14)
2025-09-24 15:15:21 - ROBOTY.assigner - DEBUG - Операция 13 назначена роботу 1 (нагрузка: 69.49)
2025-09-24 15:15:21 - ROBOTY.assigner - DEBUG - Операция 14 назначена роботу 1 (нагрузка: 79.83)
2025-09-24 15:15:21 - ROBOTY.assigner - DEBUG - Операция 15 назначена роботу 0 (нагрузка: 74.04)
2025-09-24 15:15:21 - ROBOTY.assigner - DEBUG - Операция 16 назначена роботу 0 (нагрузка: 85.75)
2025-09-24 15:15:21 - ROBOTY.assigner - DEBUG - Операция 17 назначена роботу 1 (нагрузка: 89.49)
2025-09-24 15:15:21 - ROBOTY.assigner - DEBUG - Операция 18 назначена роботу 0 (нагрузка: 95.35)
2025-09-24 15:15:21 - ROBOTY.assigner - DEBUG - Операция 19 назначена роботу 1 (нагрузка: 97.59)
2025-09-24 15:15:21 - ROBOTY.assigner - DEBUG - Операция 20 назначена роботу 0 (нагрузка: 104.97)
2025-09-24 15:15:21 - ROBOTY.assigner - DEBUG - Операция 21 назначена роботу 1 (нагрузка: 105.46)
2025-09-24 15:15:21 - ROBOTY.assigner - DEBUG - Операция 22 назначена роботу 1 (нагрузка: 118.62)
2025-09-24 15:15:21 - ROBOTY.assigner - DEBUG - Операция 23 назначена роботу 0 (нагрузка: 113.22)
2025-09-24 15:15:21 - ROBOTY.assigner - DEBUG - Операция 24 назначена роботу 0 (нагрузка: 121.82)
2025-09-24 15:15:21 - ROBOTY.assigner - DEBUG - Операция 25 назначена роботу 1 (нагрузка: 127.26)
2025-09-24 15:15:21 - ROBOTY.assigner - DEBUG - Операция 26 назначена роботу 0 (нагрузка: 140.19)
2025-09-24 15:15:21 - ROBOTY.assigner - DEBUG - Операция 27 назначена роботу 1 (нагрузка: 134.78)
2025-09-24 15:15:21 - ROBOTY.assigner - DEBUG - Операция 28 назначена роботу 1 (нагрузка: 143.80)
2025-09-24 15:15:21 - ROBOTY.assigner - DEBUG - Операция 29 назначена роботу 1 (нагрузка: 147.89)
2025-09-24 15:15:21 - ROBOTY.assigner - INFO - Распределено 30 операций с балансировкой нагрузки
2025-09-24 15:15:21 - ROBOTY.assigner - INFO - Итоговые нагрузки роботов: ['140.19', '147.89']
2025-09-24 15:15:21 - ROBOTY.assigner - INFO - Робот 0: 12 операций, нагрузка 140.19
2025-09-24 15:15:21 - ROBOTY.assigner - INFO - Робот 1: 18 операций, нагрузка 147.89
2025-09-24 15:15:21 - ROBOTY.planner - INFO - Операции назначены методом: balanced
2025-09-24 15:15:21 - ROBOTY.planner - INFO - Планирование траектории для робота 1 (ID: 1) с 12 операциями
2025-09-24 15:15:21 - ROBOTY.planner - DEBUG - Планирование траектории для робота с 12 операциями
2025-09-24 15:15:21 - ROBOTY.planner - DEBUG - Операция 1 запланирована, время завершения: 18.21
2025-09-24 15:15:21 - ROBOTY.planner - DEBUG - Операция 2 запланирована, время завершения: 34.82
2025-09-24 15:15:21 - ROBOTY.planner - DEBUG - Операция 3 запланирована, время завершения: 49.18
2025-09-24 15:15:21 - ROBOTY.planner - DEBUG - Операция 4 запланирована, время завершения: 59.48
2025-09-24 15:15:21 - ROBOTY.planner - DEBUG - Операция 5 запланирована, время завершения: 79.45
2025-09-24 15:15:21 - ROBOTY.planner - DEBUG - Операция 6 запланирована, время завершения: 89.80
2025-09-24 15:15:21 - ROBOTY.planner - DEBUG - Операция 7 запланирована, время завершения: 98.98
2025-09-24 15:15:21 - ROBOTY.planner - DEBUG - Операция 8 запланирована, время завершения: 109.44
2025-09-24 15:15:21 - ROBOTY.planner - DEBUG - Операция 9 запланирована, время завершения: 119.03
2025-09-24 15:15:21 - ROBOTY.planner - DEBUG - Операция 10 запланирована, время завершения: 128.58
2025-09-24 15:15:21 - ROBOTY.planner - DEBUG - Операция 11 запланирована, время завершения: 134.44
2025-09-24 15:15:21 - ROBOTY.planner - DEBUG - Операция 12 запланирована, время завершения: 150.76
2025-09-24 15:15:21 - ROBOTY.planner - INFO - Траектория робота запланирована, общее время: 150.76
2025-09-24 15:15:21 - ROBOTY.planner - INFO - Робот 1: траектория содержит 288 точек
2025-09-24 15:15:21 - ROBOTY.planner - INFO - Планирование траектории для робота 2 (ID: 2) с 18 операциями
2025-09-24 15:15:21 - ROBOTY.planner - DEBUG - Планирование траектории для робота с 18 операциями
2025-09-24 15:15:21 - ROBOTY.planner - DEBUG - Операция 1 запланирована, время завершения: 7.51
2025-09-24 15:15:21 - ROBOTY.planner - DEBUG - Операция 2 запланирована, время завершения: 17.38
2025-09-24 15:15:21 - ROBOTY.planner - DEBUG - Операция 3 запланирована, время завершения: 28.56
2025-09-24 15:15:21 - ROBOTY.planner - DEBUG - Операция 4 запланирована, время завершения: 36.05
2025-09-24 15:15:21 - ROBOTY.planner - DEBUG - Операция 5 запланирована, время завершения: 46.22
2025-09-24 15:15:21 - ROBOTY.planner - DEBUG - Операция 6 запланирована, время завершения: 52.23
2025-09-24 15:15:21 - ROBOTY.planner - DEBUG - Операция 7 запланирована, время завершения: 62.09
2025-09-24 15:15:21 - ROBOTY.planner - DEBUG - Операция 8 запланирована, время завершения: 69.40
2025-09-24 15:15:21 - ROBOTY.planner - DEBUG - Операция 9 запланирована, время завершения: 77.39
2025-09-24 15:15:21 - ROBOTY.planner - DEBUG - Операция 10 запланирована, время завершения: 90.54
2025-09-24 15:15:21 - ROBOTY.planner - DEBUG - Операция 11 запланирована, время завершения: 99.30
2025-09-24 15:15:21 - ROBOTY.planner - DEBUG - Операция 12 запланирована, время завершения: 105.85
2025-09-24 15:15:21 - ROBOTY.planner - DEBUG - Операция 13 запланирована, время завершения: 114.46
2025-09-24 15:15:21 - ROBOTY.planner - DEBUG - Операция 14 запланирована, время завершения: 128.68
2025-09-24 15:15:21 - ROBOTY.planner - DEBUG - Операция 15 запланирована, время завершения: 136.07
2025-09-24 15:15:21 - ROBOTY.planner - DEBUG - Операция 16 запланирована, время завершения: 145.56
2025-09-24 15:15:21 - ROBOTY.planner - DEBUG - Операция 17 запланирована, время завершения: 156.01
2025-09-24 15:15:21 - ROBOTY.planner - DEBUG - Операция 18 запланирована, время завершения: 161.57
2025-09-24 15:15:21 - ROBOTY.planner - INFO - Траектория робота запланирована, общее время: 161.57
2025-09-24 15:15:21 - ROBOTY.planner - INFO - Робот 2: траектория содержит 432 точек
2025-09-24 15:15:21 - ROBOTY.planner - INFO - Планирование завершено. Makespan: 161.57
2025-09-24 15:15:21 - ROBOTY.main - INFO - Планировщик успешно завершил работу
2025-09-24 15:15:21 - ROBOTY.collision - INFO - Начинаем детальную проверку коллизий
2025-09-24 15:15:21 - ROBOTY.collision - DEBUG - Проверяем коллизии в диапазоне времени: 0.00 - 161.57
2025-09-24 15:15:21 - ROBOTY.collision - INFO - Коллизий не обнаружено
2025-09-24 15:15:21 - ROBOTY.main - INFO - Коллизий не обнаружено
2025-09-24 15:15:22 - ROBOTY.main - INFO - Открытие визуализатора
2025-09-24 15:15:22 - ROBOTY.main - INFO - Визуализация успешно завершена
2025-09-24 15:15:22 - ROBOTY.visualizer - INFO - Запуск визуализации типа: 3d_anim
2025-09-24 15:15:22 - ROBOTY.visualizer - INFO - Создание 3D анимации траекторий
2025-09-24 15:15:22 - ROBOTY.visualizer - INFO - Создание 3D визуализации траекторий
2025-09-24 15:15:23 - ROBOTY.visualizer - INFO - 3D визуализация создана
2025-09-24 15:15:23 - ROBOTY.mesh_loader - INFO - OBJ загружен: 1758706684_68d3bbfcdbb32.obj, вершин=48087, треугольников=96202
2025-09-24 15:15:23 - ROBOTY.mesh_loader - INFO - Hand definition загружен: C:\Users\79518\OneDrive\Рабочий стол\Конкурс\Улучшения.txt, вершин=0, сегментов=0, точек=0
