2025-09-27 14:09:31 - ROBOTY.main - INFO - Запуск приложения ROBOTY
2025-09-27 14:09:31 - ROBOTY.main - INFO - Применена тема: dark
2025-09-27 14:09:31 - ROBOTY.main - INFO - Интерфейс инициализирован
2025-09-27 14:09:31 - ROBOTY.main - INFO - Приложение успешно запущено
2025-09-27 14:09:36 - ROBOTY.main - INFO - Создан входной файл: C:\Users\22200490\.cursor\ROBOTY-main\data\input_20250927_140932.json
2025-09-27 14:09:36 - ROBOTY.parser - INFO - Начинаем загрузку файла: C:\Users\22200490\.cursor\ROBOTY-main\data\input_20250927_140932.json
2025-09-27 14:09:36 - ROBOTY.parser - INFO - Файл C:\Users\22200490\.cursor\ROBOTY-main\data\input_20250927_140932.json успешно загружен
2025-09-27 14:09:36 - ROBOTY.parser - DEBUG - Робот 1 успешно загружен
2025-09-27 14:09:36 - ROBOTY.parser - DEBUG - Робот 2 успешно загружен
2025-09-27 14:09:36 - ROBOTY.parser - DEBUG - Робот 3 успешно загружен
2025-09-27 14:09:36 - ROBOTY.parser - DEBUG - Робот 4 успешно загружен
2025-09-27 14:09:36 - ROBOTY.parser - DEBUG - Робот 5 успешно загружен
2025-09-27 14:09:36 - ROBOTY.parser - DEBUG - Робот 6 успешно загружен
2025-09-27 14:09:36 - ROBOTY.parser - DEBUG - Робот 7 успешно загружен
2025-09-27 14:09:36 - ROBOTY.parser - DEBUG - Робот 8 успешно загружен
2025-09-27 14:09:36 - ROBOTY.parser - DEBUG - Робот 9 успешно загружен
2025-09-27 14:09:36 - ROBOTY.parser - DEBUG - Робот 10 успешно загружен
2025-09-27 14:09:36 - ROBOTY.parser - DEBUG - Операция 1 успешно загружена
2025-09-27 14:09:36 - ROBOTY.parser - DEBUG - Операция 2 успешно загружена
2025-09-27 14:09:36 - ROBOTY.parser - DEBUG - Операция 3 успешно загружена
2025-09-27 14:09:36 - ROBOTY.parser - DEBUG - Операция 4 успешно загружена
2025-09-27 14:09:36 - ROBOTY.parser - DEBUG - Операция 5 успешно загружена
2025-09-27 14:09:36 - ROBOTY.parser - DEBUG - Операция 6 успешно загружена
2025-09-27 14:09:36 - ROBOTY.parser - DEBUG - Операция 7 успешно загружена
2025-09-27 14:09:36 - ROBOTY.parser - DEBUG - Операция 8 успешно загружена
2025-09-27 14:09:36 - ROBOTY.parser - DEBUG - Операция 9 успешно загружена
2025-09-27 14:09:36 - ROBOTY.parser - DEBUG - Операция 10 успешно загружена
2025-09-27 14:09:36 - ROBOTY.parser - DEBUG - Операция 11 успешно загружена
2025-09-27 14:09:36 - ROBOTY.parser - DEBUG - Операция 12 успешно загружена
2025-09-27 14:09:36 - ROBOTY.parser - DEBUG - Операция 13 успешно загружена
2025-09-27 14:09:36 - ROBOTY.parser - DEBUG - Операция 14 успешно загружена
2025-09-27 14:09:36 - ROBOTY.parser - DEBUG - Операция 15 успешно загружена
2025-09-27 14:09:36 - ROBOTY.parser - DEBUG - Операция 16 успешно загружена
2025-09-27 14:09:36 - ROBOTY.parser - DEBUG - Операция 17 успешно загружена
2025-09-27 14:09:36 - ROBOTY.parser - DEBUG - Операция 18 успешно загружена
2025-09-27 14:09:36 - ROBOTY.parser - DEBUG - Операция 19 успешно загружена
2025-09-27 14:09:36 - ROBOTY.parser - DEBUG - Операция 20 успешно загружена
2025-09-27 14:09:36 - ROBOTY.parser - DEBUG - Операция 21 успешно загружена
2025-09-27 14:09:36 - ROBOTY.parser - DEBUG - Операция 22 успешно загружена
2025-09-27 14:09:36 - ROBOTY.parser - DEBUG - Операция 23 успешно загружена
2025-09-27 14:09:36 - ROBOTY.parser - DEBUG - Операция 24 успешно загружена
2025-09-27 14:09:36 - ROBOTY.parser - DEBUG - Операция 25 успешно загружена
2025-09-27 14:09:36 - ROBOTY.parser - DEBUG - Операция 26 успешно загружена
2025-09-27 14:09:36 - ROBOTY.parser - DEBUG - Операция 27 успешно загружена
2025-09-27 14:09:36 - ROBOTY.parser - DEBUG - Операция 28 успешно загружена
2025-09-27 14:09:36 - ROBOTY.parser - DEBUG - Операция 29 успешно загружена
2025-09-27 14:09:36 - ROBOTY.parser - DEBUG - Операция 30 успешно загружена
2025-09-27 14:09:36 - ROBOTY.parser - INFO - Загружено 10 роботов и 30 операций
2025-09-27 14:09:40 - ROBOTY.main - INFO - Запуск планировщика
2025-09-27 14:09:40 - ROBOTY.planner - INFO - Запуск планировщика траекторий
2025-09-27 14:09:40 - ROBOTY.assigner - INFO - Начинаем назначение операций методом: balanced
2025-09-27 14:09:40 - ROBOTY.assigner - DEBUG - Операция 0 назначена роботу 4 (нагрузка: 5.31)
2025-09-27 14:09:40 - ROBOTY.assigner - DEBUG - Операция 1 назначена роботу 0 (нагрузка: 4.70)
2025-09-27 14:09:40 - ROBOTY.assigner - DEBUG - Операция 2 назначена роботу 9 (нагрузка: 10.89)
2025-09-27 14:09:40 - ROBOTY.assigner - DEBUG - Операция 3 назначена роботу 8 (нагрузка: 4.93)
2025-09-27 14:09:40 - ROBOTY.assigner - DEBUG - Операция 4 назначена роботу 3 (нагрузка: 10.25)
2025-09-27 14:09:40 - ROBOTY.assigner - DEBUG - Операция 5 назначена роботу 2 (нагрузка: 6.13)
2025-09-27 14:09:40 - ROBOTY.assigner - DEBUG - Операция 6 назначена роботу 1 (нагрузка: 5.01)
2025-09-27 14:09:40 - ROBOTY.assigner - DEBUG - Операция 7 назначена роботу 5 (нагрузка: 7.29)
2025-09-27 14:09:40 - ROBOTY.assigner - DEBUG - Операция 8 назначена роботу 6 (нагрузка: 11.49)
2025-09-27 14:09:40 - ROBOTY.assigner - DEBUG - Операция 9 назначена роботу 7 (нагрузка: 11.31)
2025-09-27 14:09:40 - ROBOTY.assigner - DEBUG - Операция 10 назначена роботу 0 (нагрузка: 11.93)
2025-09-27 14:09:40 - ROBOTY.assigner - DEBUG - Операция 11 назначена роботу 8 (нагрузка: 8.40)
2025-09-27 14:09:40 - ROBOTY.assigner - DEBUG - Операция 12 назначена роботу 1 (нагрузка: 11.85)
2025-09-27 14:09:40 - ROBOTY.assigner - DEBUG - Операция 13 назначена роботу 5 (нагрузка: 10.69)
2025-09-27 14:09:40 - ROBOTY.assigner - DEBUG - Операция 14 назначена роботу 8 (нагрузка: 17.63)
2025-09-27 14:09:40 - ROBOTY.assigner - DEBUG - Операция 15 назначена роботу 4 (нагрузка: 12.73)
2025-09-27 14:09:40 - ROBOTY.assigner - DEBUG - Операция 16 назначена роботу 3 (нагрузка: 15.83)
2025-09-27 14:09:40 - ROBOTY.assigner - DEBUG - Операция 17 назначена роботу 9 (нагрузка: 18.22)
2025-09-27 14:09:40 - ROBOTY.assigner - DEBUG - Операция 18 назначена роботу 0 (нагрузка: 23.19)
2025-09-27 14:09:40 - ROBOTY.assigner - DEBUG - Операция 19 назначена роботу 2 (нагрузка: 15.68)
2025-09-27 14:09:40 - ROBOTY.assigner - DEBUG - Операция 20 назначена роботу 5 (нагрузка: 16.21)
2025-09-27 14:09:40 - ROBOTY.assigner - DEBUG - Операция 21 назначена роботу 1 (нагрузка: 21.43)
2025-09-27 14:09:40 - ROBOTY.assigner - DEBUG - Операция 22 назначена роботу 3 (нагрузка: 24.88)
2025-09-27 14:09:40 - ROBOTY.assigner - DEBUG - Операция 23 назначена роботу 6 (нагрузка: 23.91)
2025-09-27 14:09:40 - ROBOTY.assigner - DEBUG - Операция 24 назначена роботу 7 (нагрузка: 22.75)
2025-09-27 14:09:40 - ROBOTY.assigner - DEBUG - Операция 25 назначена роботу 5 (нагрузка: 22.27)
2025-09-27 14:09:40 - ROBOTY.assigner - DEBUG - Операция 26 назначена роботу 4 (нагрузка: 22.68)
2025-09-27 14:09:40 - ROBOTY.assigner - DEBUG - Операция 27 назначена роботу 9 (нагрузка: 24.43)
2025-09-27 14:09:40 - ROBOTY.assigner - DEBUG - Операция 28 назначена роботу 8 (нагрузка: 25.74)
2025-09-27 14:09:40 - ROBOTY.assigner - DEBUG - Операция 29 назначена роботу 2 (нагрузка: 29.59)
2025-09-27 14:09:40 - ROBOTY.assigner - INFO - Распределено 30 операций с балансировкой нагрузки
2025-09-27 14:09:40 - ROBOTY.assigner - INFO - Итоговые нагрузки роботов: ['23.19', '21.43', '29.59', '24.88', '22.68', '22.27', '23.91', '22.75', '25.74', '24.43']
2025-09-27 14:09:40 - ROBOTY.assigner - INFO - Робот 0: 3 операций, нагрузка 23.19
2025-09-27 14:09:40 - ROBOTY.assigner - INFO - Робот 1: 3 операций, нагрузка 21.43
2025-09-27 14:09:40 - ROBOTY.assigner - INFO - Робот 2: 3 операций, нагрузка 29.59
2025-09-27 14:09:40 - ROBOTY.assigner - INFO - Робот 3: 3 операций, нагрузка 24.88
2025-09-27 14:09:40 - ROBOTY.assigner - INFO - Робот 4: 3 операций, нагрузка 22.68
2025-09-27 14:09:40 - ROBOTY.assigner - INFO - Робот 5: 4 операций, нагрузка 22.27
2025-09-27 14:09:40 - ROBOTY.assigner - INFO - Робот 6: 2 операций, нагрузка 23.91
2025-09-27 14:09:40 - ROBOTY.assigner - INFO - Робот 7: 2 операций, нагрузка 22.75
2025-09-27 14:09:40 - ROBOTY.assigner - INFO - Робот 8: 4 операций, нагрузка 25.74
2025-09-27 14:09:40 - ROBOTY.assigner - INFO - Робот 9: 3 операций, нагрузка 24.43
2025-09-27 14:09:40 - ROBOTY.planner - INFO - Операции назначены методом: balanced
2025-09-27 14:09:40 - ROBOTY.planner - INFO - Планирование траектории для робота 1 (ID: 1) с 3 операциями
2025-09-27 14:09:40 - ROBOTY.planner - DEBUG - Планирование траектории для робота с 3 операциями
2025-09-27 14:09:40 - ROBOTY.planner - DEBUG - Операция 1 запланирована, время завершения: 6.81
2025-09-27 14:09:40 - ROBOTY.planner - DEBUG - Операция 2 запланирована, время завершения: 17.19
2025-09-27 14:09:40 - ROBOTY.planner - DEBUG - Операция 3 запланирована, время завершения: 30.71
2025-09-27 14:09:40 - ROBOTY.planner - INFO - Траектория робота запланирована, общее время: 30.71
2025-09-27 14:09:40 - ROBOTY.planner - INFO - Робот 1: траектория содержит 72 точек
2025-09-27 14:09:40 - ROBOTY.planner - INFO - Планирование траектории для робота 2 (ID: 2) с 3 операциями
2025-09-27 14:09:40 - ROBOTY.planner - DEBUG - Планирование траектории для робота с 3 операциями
2025-09-27 14:09:40 - ROBOTY.planner - DEBUG - Операция 1 запланирована, время завершения: 6.63
2025-09-27 14:09:40 - ROBOTY.planner - DEBUG - Операция 2 запланирована, время завершения: 15.57
2025-09-27 14:09:40 - ROBOTY.planner - DEBUG - Операция 3 запланирована, время завершения: 24.01
2025-09-27 14:09:40 - ROBOTY.planner - INFO - Траектория робота запланирована, общее время: 24.01
2025-09-27 14:09:40 - ROBOTY.planner - INFO - Робот 2: траектория содержит 72 точек
2025-09-27 14:09:40 - ROBOTY.planner - INFO - Планирование траектории для робота 3 (ID: 3) с 3 операциями
2025-09-27 14:09:40 - ROBOTY.planner - DEBUG - Планирование траектории для робота с 3 операциями
2025-09-27 14:09:40 - ROBOTY.planner - DEBUG - Операция 1 запланирована, время завершения: 7.65
2025-09-27 14:09:40 - ROBOTY.planner - DEBUG - Операция 2 запланирована, время завершения: 18.52
2025-09-27 14:09:40 - ROBOTY.planner - DEBUG - Операция 3 запланирована, время завершения: 32.07
2025-09-27 14:09:40 - ROBOTY.planner - INFO - Траектория робота запланирована, общее время: 32.07
2025-09-27 14:09:40 - ROBOTY.planner - INFO - Робот 3: траектория содержит 72 точек
2025-09-27 14:09:40 - ROBOTY.planner - INFO - Планирование траектории для робота 4 (ID: 4) с 3 операциями
2025-09-27 14:09:40 - ROBOTY.planner - DEBUG - Планирование траектории для робота с 3 операциями
2025-09-27 14:09:40 - ROBOTY.planner - DEBUG - Операция 1 запланирована, время завершения: 13.08
2025-09-27 14:09:40 - ROBOTY.planner - DEBUG - Операция 2 запланирована, время завершения: 21.20
2025-09-27 14:09:40 - ROBOTY.planner - DEBUG - Операция 3 запланирована, время завершения: 32.93
2025-09-27 14:09:40 - ROBOTY.planner - INFO - Траектория робота запланирована, общее время: 32.93
2025-09-27 14:09:40 - ROBOTY.planner - INFO - Робот 4: траектория содержит 72 точек
2025-09-27 14:09:40 - ROBOTY.planner - INFO - Планирование траектории для робота 5 (ID: 5) с 3 операциями
2025-09-27 14:09:40 - ROBOTY.planner - DEBUG - Планирование траектории для робота с 3 операциями
2025-09-27 14:09:40 - ROBOTY.planner - DEBUG - Операция 1 запланирована, время завершения: 6.61
2025-09-27 14:09:40 - ROBOTY.planner - DEBUG - Операция 2 запланирована, время завершения: 15.90
2025-09-27 14:09:40 - ROBOTY.planner - DEBUG - Операция 3 запланирована, время завершения: 23.50
2025-09-27 14:09:40 - ROBOTY.planner - INFO - Траектория робота запланирована, общее время: 23.50
2025-09-27 14:09:40 - ROBOTY.planner - INFO - Робот 5: траектория содержит 72 точек
2025-09-27 14:09:40 - ROBOTY.planner - INFO - Планирование траектории для робота 6 (ID: 6) с 4 операциями
2025-09-27 14:09:40 - ROBOTY.planner - DEBUG - Планирование траектории для робота с 4 операциями
2025-09-27 14:09:40 - ROBOTY.planner - DEBUG - Операция 1 запланирована, время завершения: 9.42
2025-09-27 14:09:40 - ROBOTY.planner - DEBUG - Операция 2 запланирована, время завершения: 17.87
2025-09-27 14:09:40 - ROBOTY.planner - DEBUG - Операция 3 запланирована, время завершения: 24.28
2025-09-27 14:09:40 - ROBOTY.planner - DEBUG - Операция 4 запланирована, время завершения: 32.63
2025-09-27 14:09:40 - ROBOTY.planner - INFO - Траектория робота запланирована, общее время: 32.63
2025-09-27 14:09:40 - ROBOTY.planner - INFO - Робот 6: траектория содержит 96 точек
2025-09-27 14:09:40 - ROBOTY.planner - INFO - Планирование траектории для робота 7 (ID: 7) с 2 операциями
2025-09-27 14:09:40 - ROBOTY.planner - DEBUG - Планирование траектории для робота с 2 операциями
2025-09-27 14:09:40 - ROBOTY.planner - DEBUG - Операция 1 запланирована, время завершения: 13.10
2025-09-27 14:09:40 - ROBOTY.planner - DEBUG - Операция 2 запланирована, время завершения: 30.97
2025-09-27 14:09:40 - ROBOTY.planner - INFO - Траектория робота запланирована, общее время: 30.97
2025-09-27 14:09:40 - ROBOTY.planner - INFO - Робот 7: траектория содержит 48 точек
2025-09-27 14:09:40 - ROBOTY.planner - INFO - Планирование траектории для робота 8 (ID: 8) с 2 операциями
2025-09-27 14:09:40 - ROBOTY.planner - DEBUG - Планирование траектории для робота с 2 операциями
2025-09-27 14:09:40 - ROBOTY.planner - DEBUG - Операция 1 запланирована, время завершения: 12.42
2025-09-27 14:09:40 - ROBOTY.planner - DEBUG - Операция 2 запланирована, время завершения: 19.67
2025-09-27 14:09:40 - ROBOTY.planner - INFO - Траектория робота запланирована, общее время: 19.67
2025-09-27 14:09:40 - ROBOTY.planner - INFO - Робот 8: траектория содержит 48 точек
2025-09-27 14:09:40 - ROBOTY.planner - INFO - Планирование траектории для робота 9 (ID: 9) с 4 операциями
2025-09-27 14:09:40 - ROBOTY.planner - DEBUG - Планирование траектории для робота с 4 операциями
2025-09-27 14:09:40 - ROBOTY.planner - DEBUG - Операция 1 запланирована, время завершения: 7.11
2025-09-27 14:09:40 - ROBOTY.planner - DEBUG - Операция 2 запланирована, время завершения: 12.49
2025-09-27 14:09:40 - ROBOTY.planner - DEBUG - Операция 3 запланирована, время завершения: 23.54
2025-09-27 14:09:40 - ROBOTY.planner - DEBUG - Операция 4 запланирована, время завершения: 36.60
2025-09-27 14:09:40 - ROBOTY.planner - INFO - Траектория робота запланирована, общее время: 36.60
2025-09-27 14:09:40 - ROBOTY.planner - INFO - Робот 9: траектория содержит 96 точек
2025-09-27 14:09:40 - ROBOTY.planner - INFO - Планирование траектории для робота 10 (ID: 10) с 3 операциями
2025-09-27 14:09:40 - ROBOTY.planner - DEBUG - Планирование траектории для робота с 3 операциями
2025-09-27 14:09:40 - ROBOTY.planner - DEBUG - Операция 1 запланирована, время завершения: 12.76
2025-09-27 14:09:40 - ROBOTY.planner - DEBUG - Операция 2 запланирована, время завершения: 25.24
2025-09-27 14:09:40 - ROBOTY.planner - DEBUG - Операция 3 запланирована, время завершения: 33.10
2025-09-27 14:09:40 - ROBOTY.planner - INFO - Траектория робота запланирована, общее время: 33.10
2025-09-27 14:09:40 - ROBOTY.planner - INFO - Робот 10: траектория содержит 72 точек
2025-09-27 14:09:40 - ROBOTY.planner - INFO - Планирование завершено. Makespan: 36.60
2025-09-27 14:09:40 - ROBOTY.main - INFO - Планировщик успешно завершил работу
2025-09-27 14:09:40 - ROBOTY.collision - INFO - Начинаем детальную проверку коллизий
2025-09-27 14:09:40 - ROBOTY.collision - DEBUG - Проверяем коллизии в диапазоне времени: 0.00 - 36.60
2025-09-27 14:09:40 - ROBOTY.collision - WARNING - Коллизия: роботы 4 и 6 в 16.10s, расстояние: 0.471, требуется: 0.500
2025-09-27 14:09:40 - ROBOTY.collision - WARNING - Коллизия: роботы 4 и 6 в 16.20s, расстояние: 0.446, требуется: 0.500
2025-09-27 14:09:40 - ROBOTY.collision - WARNING - Коллизия: роботы 4 и 6 в 16.30s, расстояние: 0.470, требуется: 0.500
2025-09-27 14:09:40 - ROBOTY.collision - ERROR - Обнаружено 3 коллизий
2025-09-27 14:09:40 - ROBOTY.main - WARNING - Обнаружено 3 коллизий, применяем онлайн-безопасность
2025-09-27 14:09:40 - ROBOTY.safety - INFO - Применяем онлайн-безопасность: вставка пауз при коллизиях
2025-09-27 14:09:40 - ROBOTY.collision - INFO - Начинаем детальную проверку коллизий
2025-09-27 14:09:40 - ROBOTY.collision - DEBUG - Проверяем коллизии в диапазоне времени: 0.00 - 36.60
2025-09-27 14:09:40 - ROBOTY.collision - WARNING - Коллизия: роботы 4 и 6 в 16.05s, расстояние: 0.496, требуется: 0.500
2025-09-27 14:09:40 - ROBOTY.collision - WARNING - Коллизия: роботы 4 и 6 в 16.10s, расстояние: 0.471, требуется: 0.500
2025-09-27 14:09:40 - ROBOTY.collision - WARNING - Коллизия: роботы 4 и 6 в 16.15s, расстояние: 0.454, требуется: 0.500
2025-09-27 14:09:40 - ROBOTY.collision - WARNING - Коллизия: роботы 4 и 6 в 16.20s, расстояние: 0.446, требуется: 0.500
2025-09-27 14:09:40 - ROBOTY.collision - WARNING - Коллизия: роботы 4 и 6 в 16.25s, расстояние: 0.454, требуется: 0.500
2025-09-27 14:09:40 - ROBOTY.collision - WARNING - Коллизия: роботы 4 и 6 в 16.30s, расстояние: 0.470, требуется: 0.500
2025-09-27 14:09:40 - ROBOTY.collision - WARNING - Коллизия: роботы 4 и 6 в 16.35s, расстояние: 0.495, требуется: 0.500
2025-09-27 14:09:40 - ROBOTY.collision - ERROR - Обнаружено 7 коллизий
2025-09-27 14:09:40 - ROBOTY.safety - DEBUG - Добавлена пауза 0.60s роботу 4 в t=16.05s
2025-09-27 14:09:40 - ROBOTY.safety - DEBUG - Добавлена пауза 0.60s роботу 6 в t=16.05s
2025-09-27 14:09:40 - ROBOTY.safety - DEBUG - Добавлена пауза 0.60s роботу 4 в t=16.10s
2025-09-27 14:09:40 - ROBOTY.safety - DEBUG - Добавлена пауза 0.60s роботу 6 в t=16.10s
2025-09-27 14:09:40 - ROBOTY.safety - DEBUG - Добавлена пауза 0.60s роботу 4 в t=16.15s
2025-09-27 14:09:40 - ROBOTY.safety - DEBUG - Добавлена пауза 0.60s роботу 6 в t=16.15s
2025-09-27 14:09:40 - ROBOTY.safety - DEBUG - Добавлена пауза 0.60s роботу 4 в t=16.20s
2025-09-27 14:09:40 - ROBOTY.safety - DEBUG - Добавлена пауза 0.60s роботу 6 в t=16.20s
2025-09-27 14:09:40 - ROBOTY.safety - DEBUG - Добавлена пауза 0.60s роботу 4 в t=16.25s
2025-09-27 14:09:40 - ROBOTY.safety - DEBUG - Добавлена пауза 0.60s роботу 6 в t=16.25s
2025-09-27 14:09:40 - ROBOTY.safety - DEBUG - Добавлена пауза 0.60s роботу 4 в t=16.30s
2025-09-27 14:09:40 - ROBOTY.safety - DEBUG - Добавлена пауза 0.60s роботу 6 в t=16.30s
2025-09-27 14:09:40 - ROBOTY.safety - DEBUG - Добавлена пауза 0.60s роботу 4 в t=16.35s
2025-09-27 14:09:40 - ROBOTY.safety - DEBUG - Добавлена пауза 0.60s роботу 6 в t=16.35s
2025-09-27 14:09:40 - ROBOTY.safety - INFO - Онлайн-безопасность применена: паузы вставлены
2025-09-27 14:09:40 - ROBOTY.collision - INFO - Начинаем детальную проверку коллизий
2025-09-27 14:09:40 - ROBOTY.collision - DEBUG - Проверяем коллизии в диапазоне времени: 0.00 - 37.13
2025-09-27 14:09:40 - ROBOTY.collision - WARNING - Коллизия: роботы 4 и 6 в 16.10s, расстояние: 0.496, требуется: 0.500
2025-09-27 14:09:40 - ROBOTY.collision - WARNING - Коллизия: роботы 4 и 6 в 16.20s, расстояние: 0.496, требуется: 0.500
2025-09-27 14:09:40 - ROBOTY.collision - WARNING - Коллизия: роботы 4 и 6 в 16.30s, расстояние: 0.496, требуется: 0.500
2025-09-27 14:09:40 - ROBOTY.collision - WARNING - Коллизия: роботы 4 и 6 в 16.40s, расстояние: 0.496, требуется: 0.500
2025-09-27 14:09:40 - ROBOTY.collision - WARNING - Коллизия: роботы 4 и 6 в 16.50s, расстояние: 0.496, требуется: 0.500
2025-09-27 14:09:40 - ROBOTY.collision - WARNING - Коллизия: роботы 4 и 6 в 16.60s, расстояние: 0.496, требуется: 0.500
2025-09-27 14:09:40 - ROBOTY.collision - WARNING - Коллизия: роботы 4 и 6 в 16.70s, расстояние: 0.496, требуется: 0.500
2025-09-27 14:09:40 - ROBOTY.collision - WARNING - Коллизия: роботы 4 и 6 в 16.80s, расстояние: 0.496, требуется: 0.500
2025-09-27 14:09:40 - ROBOTY.collision - WARNING - Коллизия: роботы 4 и 6 в 16.90s, расстояние: 0.496, требуется: 0.500
2025-09-27 14:09:40 - ROBOTY.collision - WARNING - Коллизия: роботы 4 и 6 в 17.00s, расстояние: 0.496, требуется: 0.500
2025-09-27 14:09:40 - ROBOTY.collision - WARNING - Коллизия: роботы 4 и 6 в 17.10s, расстояние: 0.496, требуется: 0.500
2025-09-27 14:09:40 - ROBOTY.collision - WARNING - Коллизия: роботы 4 и 6 в 17.20s, расстояние: 0.496, требуется: 0.500
2025-09-27 14:09:40 - ROBOTY.collision - WARNING - Коллизия: роботы 4 и 6 в 17.30s, расстояние: 0.496, требуется: 0.500
2025-09-27 14:09:40 - ROBOTY.collision - WARNING - Коллизия: роботы 4 и 6 в 17.40s, расстояние: 0.496, требуется: 0.500
2025-09-27 14:09:40 - ROBOTY.collision - WARNING - Коллизия: роботы 4 и 6 в 17.50s, расстояние: 0.496, требуется: 0.500
2025-09-27 14:09:40 - ROBOTY.collision - WARNING - Коллизия: роботы 4 и 6 в 17.60s, расстояние: 0.496, требуется: 0.500
2025-09-27 14:09:40 - ROBOTY.collision - WARNING - Коллизия: роботы 4 и 6 в 17.70s, расстояние: 0.496, требуется: 0.500
2025-09-27 14:09:40 - ROBOTY.collision - WARNING - Коллизия: роботы 4 и 6 в 17.80s, расстояние: 0.496, требуется: 0.500
2025-09-27 14:09:40 - ROBOTY.collision - WARNING - Коллизия: роботы 4 и 6 в 17.90s, расстояние: 0.496, требуется: 0.500
2025-09-27 14:09:40 - ROBOTY.collision - WARNING - Коллизия: роботы 4 и 6 в 18.00s, расстояние: 0.496, требуется: 0.500
2025-09-27 14:09:40 - ROBOTY.collision - WARNING - Коллизия: роботы 4 и 6 в 18.10s, расстояние: 0.496, требуется: 0.500
2025-09-27 14:09:40 - ROBOTY.collision - WARNING - Коллизия: роботы 4 и 6 в 18.20s, расстояние: 0.496, требуется: 0.500
2025-09-27 14:09:40 - ROBOTY.collision - WARNING - Коллизия: роботы 4 и 6 в 18.30s, расстояние: 0.496, требуется: 0.500
2025-09-27 14:09:40 - ROBOTY.collision - WARNING - Коллизия: роботы 4 и 6 в 18.40s, расстояние: 0.496, требуется: 0.500
2025-09-27 14:09:40 - ROBOTY.collision - WARNING - Коллизия: роботы 4 и 6 в 18.50s, расстояние: 0.496, требуется: 0.500
2025-09-27 14:09:40 - ROBOTY.collision - WARNING - Коллизия: роботы 4 и 6 в 18.60s, расстояние: 0.496, требуется: 0.500
2025-09-27 14:09:40 - ROBOTY.collision - WARNING - Коллизия: роботы 4 и 6 в 18.70s, расстояние: 0.496, требуется: 0.500
2025-09-27 14:09:40 - ROBOTY.collision - WARNING - Коллизия: роботы 4 и 6 в 18.80s, расстояние: 0.496, требуется: 0.500
2025-09-27 14:09:40 - ROBOTY.collision - WARNING - Коллизия: роботы 4 и 6 в 18.90s, расстояние: 0.496, требуется: 0.500
2025-09-27 14:09:40 - ROBOTY.collision - WARNING - Коллизия: роботы 4 и 6 в 19.00s, расстояние: 0.496, требуется: 0.500
2025-09-27 14:09:40 - ROBOTY.collision - WARNING - Коллизия: роботы 4 и 6 в 19.10s, расстояние: 0.496, требуется: 0.500
2025-09-27 14:09:40 - ROBOTY.collision - WARNING - Коллизия: роботы 4 и 6 в 19.20s, расстояние: 0.496, требуется: 0.500
2025-09-27 14:09:40 - ROBOTY.collision - WARNING - Коллизия: роботы 4 и 6 в 19.30s, расстояние: 0.496, требуется: 0.500
2025-09-27 14:09:40 - ROBOTY.collision - WARNING - Коллизия: роботы 4 и 6 в 19.40s, расстояние: 0.496, требуется: 0.500
2025-09-27 14:09:40 - ROBOTY.collision - WARNING - Коллизия: роботы 4 и 6 в 19.50s, расстояние: 0.496, требуется: 0.500
2025-09-27 14:09:40 - ROBOTY.collision - WARNING - Коллизия: роботы 4 и 6 в 19.60s, расстояние: 0.496, требуется: 0.500
2025-09-27 14:09:40 - ROBOTY.collision - WARNING - Коллизия: роботы 4 и 6 в 19.70s, расстояние: 0.496, требуется: 0.500
2025-09-27 14:09:40 - ROBOTY.collision - WARNING - Коллизия: роботы 4 и 6 в 19.80s, расстояние: 0.496, требуется: 0.500
2025-09-27 14:09:40 - ROBOTY.collision - WARNING - Коллизия: роботы 4 и 6 в 19.90s, расстояние: 0.496, требуется: 0.500
2025-09-27 14:09:40 - ROBOTY.collision - WARNING - Коллизия: роботы 4 и 6 в 20.00s, расстояние: 0.496, требуется: 0.500
2025-09-27 14:09:40 - ROBOTY.collision - WARNING - Коллизия: роботы 4 и 6 в 20.10s, расстояние: 0.496, требуется: 0.500
2025-09-27 14:09:40 - ROBOTY.collision - WARNING - Коллизия: роботы 4 и 6 в 20.20s, расстояние: 0.496, требуется: 0.500
2025-09-27 14:09:40 - ROBOTY.collision - WARNING - Коллизия: роботы 4 и 6 в 20.30s, расстояние: 0.471, требуется: 0.500
2025-09-27 14:09:40 - ROBOTY.collision - WARNING - Коллизия: роботы 4 и 6 в 20.40s, расстояние: 0.446, требуется: 0.500
2025-09-27 14:09:40 - ROBOTY.collision - WARNING - Коллизия: роботы 4 и 6 в 20.50s, расстояние: 0.470, требуется: 0.500
2025-09-27 14:09:40 - ROBOTY.collision - ERROR - Обнаружено 45 коллизий
2025-09-27 14:09:40 - ROBOTY.main - WARNING - Коллизии сохраняются после вставки пауз
2025-09-27 14:09:43 - ROBOTY.main - INFO - Запуск десктопного 3D Viewer
2025-09-27 14:09:43 - ROBOTY.3d_viewer - ERROR - Ошибка создания WebView: module 'PySide6.QtWebEngineWidgets' has no attribute 'QWebEngineSettings'
2025-09-27 14:09:43 - ROBOTY.3d_viewer - INFO - Получены данные плана: 10 роботов
2025-09-27 14:09:43 - ROBOTY.3d_viewer - INFO - Начинаем генерацию 3D визуализации
2025-09-27 14:09:43 - ROBOTY.3d_viewer - INFO - Тип визуализации: 3d_desktop
2025-09-27 14:09:43 - ROBOTY.3d_viewer - INFO - Количество роботов: 10
2025-09-27 14:09:43 - ROBOTY.3d_viewer - INFO - Применены агрессивные оптимизации для большой сцены
2025-09-27 14:09:43 - ROBOTY.3d_viewer - INFO - Применены максимальные оптимизации для очень большой сцены
2025-09-27 14:09:43 - ROBOTY.visualizer - INFO - Запуск визуализации типа: 3d_desktop
2025-09-27 14:09:43 - ROBOTY.visualizer - INFO - Создание 3D визуализации траекторий
2025-09-27 14:09:43 - ROBOTY.visualizer - INFO - Создание десктопной 3D визуализации с точечным воспроизведением
2025-09-27 14:09:43 - ROBOTY.mesh_loader - INFO - Hand definition загружен: assets/robots/hand_ultra_simple_hand_def.txt, вершин=85, сегментов=247, точек=0
2025-09-27 14:09:43 - ROBOTY.mesh_loader - INFO - Hand definition загружен: assets/robots/hand_ultra_simple_hand_def.txt, вершин=85, сегментов=247, точек=0
2025-09-27 14:09:44 - ROBOTY.mesh_loader - INFO - Hand definition загружен: assets/robots/hand_ultra_simple_hand_def.txt, вершин=85, сегментов=247, точек=0
2025-09-27 14:09:44 - ROBOTY.mesh_loader - INFO - Hand definition загружен: assets/robots/hand_ultra_simple_hand_def.txt, вершин=85, сегментов=247, точек=0
2025-09-27 14:09:44 - ROBOTY.mesh_loader - INFO - Hand definition загружен: assets/robots/hand_ultra_simple_hand_def.txt, вершин=85, сегментов=247, точек=0
2025-09-27 14:09:44 - ROBOTY.mesh_loader - INFO - Hand definition загружен: assets/robots/hand_ultra_simple_hand_def.txt, вершин=85, сегментов=247, точек=0
2025-09-27 14:09:44 - ROBOTY.mesh_loader - INFO - Hand definition загружен: assets/robots/hand_ultra_simple_hand_def.txt, вершин=85, сегментов=247, точек=0
2025-09-27 14:09:44 - ROBOTY.mesh_loader - INFO - Hand definition загружен: assets/robots/hand_ultra_simple_hand_def.txt, вершин=85, сегментов=247, точек=0
2025-09-27 14:09:44 - ROBOTY.mesh_loader - INFO - Hand definition загружен: assets/robots/hand_ultra_simple_hand_def.txt, вершин=85, сегментов=247, точек=0
2025-09-27 14:09:44 - ROBOTY.mesh_loader - INFO - Hand definition загружен: assets/robots/hand_ultra_simple_hand_def.txt, вершин=85, сегментов=247, точек=0
2025-09-27 14:09:44 - ROBOTY.visualizer - INFO - Десктопная 3D визуализация создана
2025-09-27 14:09:44 - ROBOTY.3d_viewer - INFO - 3D визуализация успешно сгенерирована
2025-09-27 14:09:44 - ROBOTY.3d_viewer - INFO - 3D Viewer инициализирован
2025-09-27 14:09:44 - ROBOTY.main - INFO - Десктопный 3D Viewer успешно запущен
2025-09-27 14:09:46 - ROBOTY.3d_viewer - INFO - Закрытие 3D Viewer
2025-09-27 14:09:46 - ROBOTY.3d_viewer - INFO - Временный HTML файл удален
