2025-09-27 13:08:00 - ROBOTY.main - INFO - Запуск приложения ROBOTY
2025-09-27 13:08:00 - ROBOTY.main - INFO - Применена тема: dark
2025-09-27 13:08:00 - ROBOTY.main - INFO - Интерфейс инициализирован
2025-09-27 13:08:00 - ROBOTY.main - INFO - Приложение успешно запущено
2025-09-27 13:08:04 - ROBOTY.main - INFO - Запуск десктопного 3D Viewer
2025-09-27 13:08:04 - ROBOTY.main - WARNING - Попытка запуска 3D Viewer без плана
2025-09-27 13:08:12 - ROBOTY.main - INFO - Создан входной файл: C:\Users\22200490\.cursor\ROBOTY-main\data\input_20250927_130806.json
2025-09-27 13:08:13 - ROBOTY.parser - INFO - Начинаем загрузку файла: C:\Users\22200490\.cursor\ROBOTY-main\data\input_20250927_130806.json
2025-09-27 13:08:13 - ROBOTY.parser - INFO - Файл C:\Users\22200490\.cursor\ROBOTY-main\data\input_20250927_130806.json успешно загружен
2025-09-27 13:08:13 - ROBOTY.parser - DEBUG - Робот 1 успешно загружен
2025-09-27 13:08:13 - ROBOTY.parser - DEBUG - Робот 2 успешно загружен
2025-09-27 13:08:13 - ROBOTY.parser - DEBUG - Робот 3 успешно загружен
2025-09-27 13:08:13 - ROBOTY.parser - DEBUG - Робот 4 успешно загружен
2025-09-27 13:08:13 - ROBOTY.parser - DEBUG - Операция 1 успешно загружена
2025-09-27 13:08:13 - ROBOTY.parser - DEBUG - Операция 2 успешно загружена
2025-09-27 13:08:13 - ROBOTY.parser - DEBUG - Операция 3 успешно загружена
2025-09-27 13:08:13 - ROBOTY.parser - DEBUG - Операция 4 успешно загружена
2025-09-27 13:08:13 - ROBOTY.parser - DEBUG - Операция 5 успешно загружена
2025-09-27 13:08:13 - ROBOTY.parser - DEBUG - Операция 6 успешно загружена
2025-09-27 13:08:13 - ROBOTY.parser - DEBUG - Операция 7 успешно загружена
2025-09-27 13:08:13 - ROBOTY.parser - DEBUG - Операция 8 успешно загружена
2025-09-27 13:08:13 - ROBOTY.parser - DEBUG - Операция 9 успешно загружена
2025-09-27 13:08:13 - ROBOTY.parser - DEBUG - Операция 10 успешно загружена
2025-09-27 13:08:13 - ROBOTY.parser - DEBUG - Операция 11 успешно загружена
2025-09-27 13:08:13 - ROBOTY.parser - DEBUG - Операция 12 успешно загружена
2025-09-27 13:08:13 - ROBOTY.parser - DEBUG - Операция 13 успешно загружена
2025-09-27 13:08:13 - ROBOTY.parser - DEBUG - Операция 14 успешно загружена
2025-09-27 13:08:13 - ROBOTY.parser - DEBUG - Операция 15 успешно загружена
2025-09-27 13:08:13 - ROBOTY.parser - DEBUG - Операция 16 успешно загружена
2025-09-27 13:08:13 - ROBOTY.parser - DEBUG - Операция 17 успешно загружена
2025-09-27 13:08:13 - ROBOTY.parser - DEBUG - Операция 18 успешно загружена
2025-09-27 13:08:13 - ROBOTY.parser - DEBUG - Операция 19 успешно загружена
2025-09-27 13:08:13 - ROBOTY.parser - DEBUG - Операция 20 успешно загружена
2025-09-27 13:08:13 - ROBOTY.parser - DEBUG - Операция 21 успешно загружена
2025-09-27 13:08:13 - ROBOTY.parser - DEBUG - Операция 22 успешно загружена
2025-09-27 13:08:13 - ROBOTY.parser - DEBUG - Операция 23 успешно загружена
2025-09-27 13:08:13 - ROBOTY.parser - DEBUG - Операция 24 успешно загружена
2025-09-27 13:08:13 - ROBOTY.parser - DEBUG - Операция 25 успешно загружена
2025-09-27 13:08:13 - ROBOTY.parser - DEBUG - Операция 26 успешно загружена
2025-09-27 13:08:13 - ROBOTY.parser - DEBUG - Операция 27 успешно загружена
2025-09-27 13:08:13 - ROBOTY.parser - DEBUG - Операция 28 успешно загружена
2025-09-27 13:08:13 - ROBOTY.parser - DEBUG - Операция 29 успешно загружена
2025-09-27 13:08:13 - ROBOTY.parser - DEBUG - Операция 30 успешно загружена
2025-09-27 13:08:13 - ROBOTY.parser - INFO - Загружено 4 роботов и 30 операций
2025-09-27 13:08:17 - ROBOTY.main - INFO - Запуск планировщика
2025-09-27 13:08:17 - ROBOTY.planner - INFO - Запуск планировщика траекторий
2025-09-27 13:08:17 - ROBOTY.assigner - INFO - Начинаем назначение операций методом: balanced
2025-09-27 13:08:17 - ROBOTY.assigner - DEBUG - Операция 0 назначена роботу 1 (нагрузка: 9.75)
2025-09-27 13:08:17 - ROBOTY.assigner - DEBUG - Операция 1 назначена роботу 3 (нагрузка: 8.00)
2025-09-27 13:08:17 - ROBOTY.assigner - DEBUG - Операция 2 назначена роботу 0 (нагрузка: 7.65)
2025-09-27 13:08:17 - ROBOTY.assigner - DEBUG - Операция 3 назначена роботу 2 (нагрузка: 7.37)
2025-09-27 13:08:17 - ROBOTY.assigner - DEBUG - Операция 4 назначена роботу 2 (нагрузка: 18.63)
2025-09-27 13:08:17 - ROBOTY.assigner - DEBUG - Операция 5 назначена роботу 3 (нагрузка: 16.45)
2025-09-27 13:08:17 - ROBOTY.assigner - DEBUG - Операция 6 назначена роботу 1 (нагрузка: 16.76)
2025-09-27 13:08:17 - ROBOTY.assigner - DEBUG - Операция 7 назначена роботу 0 (нагрузка: 18.48)
2025-09-27 13:08:17 - ROBOTY.assigner - DEBUG - Операция 8 назначена роботу 2 (нагрузка: 26.08)
2025-09-27 13:08:17 - ROBOTY.assigner - DEBUG - Операция 9 назначена роботу 3 (нагрузка: 27.53)
2025-09-27 13:08:17 - ROBOTY.assigner - DEBUG - Операция 10 назначена роботу 1 (нагрузка: 26.83)
2025-09-27 13:08:17 - ROBOTY.assigner - DEBUG - Операция 11 назначена роботу 0 (нагрузка: 28.41)
2025-09-27 13:08:17 - ROBOTY.assigner - DEBUG - Операция 12 назначена роботу 1 (нагрузка: 38.35)
2025-09-27 13:08:17 - ROBOTY.assigner - DEBUG - Операция 13 назначена роботу 0 (нагрузка: 39.09)
2025-09-27 13:08:17 - ROBOTY.assigner - DEBUG - Операция 14 назначена роботу 2 (нагрузка: 36.76)
2025-09-27 13:08:17 - ROBOTY.assigner - DEBUG - Операция 15 назначена роботу 3 (нагрузка: 36.39)
2025-09-27 13:08:17 - ROBOTY.assigner - DEBUG - Операция 16 назначена роботу 2 (нагрузка: 48.97)
2025-09-27 13:08:17 - ROBOTY.assigner - DEBUG - Операция 17 назначена роботу 1 (нагрузка: 46.09)
2025-09-27 13:08:17 - ROBOTY.assigner - DEBUG - Операция 18 назначена роботу 3 (нагрузка: 47.53)
2025-09-27 13:08:17 - ROBOTY.assigner - DEBUG - Операция 19 назначена роботу 0 (нагрузка: 53.17)
2025-09-27 13:08:17 - ROBOTY.assigner - DEBUG - Операция 20 назначена роботу 1 (нагрузка: 56.43)
2025-09-27 13:08:17 - ROBOTY.assigner - DEBUG - Операция 21 назначена роботу 3 (нагрузка: 59.42)
2025-09-27 13:08:17 - ROBOTY.assigner - DEBUG - Операция 22 назначена роботу 2 (нагрузка: 62.58)
2025-09-27 13:08:17 - ROBOTY.assigner - DEBUG - Операция 23 назначена роботу 0 (нагрузка: 67.12)
2025-09-27 13:08:17 - ROBOTY.assigner - DEBUG - Операция 24 назначена роботу 3 (нагрузка: 65.89)
2025-09-27 13:08:17 - ROBOTY.assigner - DEBUG - Операция 25 назначена роботу 1 (нагрузка: 71.17)
2025-09-27 13:08:17 - ROBOTY.assigner - DEBUG - Операция 26 назначена роботу 2 (нагрузка: 66.95)
2025-09-27 13:08:17 - ROBOTY.assigner - DEBUG - Операция 27 назначена роботу 3 (нагрузка: 77.75)
2025-09-27 13:08:17 - ROBOTY.assigner - DEBUG - Операция 28 назначена роботу 1 (нагрузка: 75.58)
2025-09-27 13:08:17 - ROBOTY.assigner - DEBUG - Операция 29 назначена роботу 0 (нагрузка: 73.52)
2025-09-27 13:08:17 - ROBOTY.assigner - INFO - Распределено 30 операций с балансировкой нагрузки
2025-09-27 13:08:17 - ROBOTY.assigner - INFO - Итоговые нагрузки роботов: ['73.52', '75.58', '66.95', '77.75']
2025-09-27 13:08:17 - ROBOTY.assigner - INFO - Робот 0: 7 операций, нагрузка 73.52
2025-09-27 13:08:17 - ROBOTY.assigner - INFO - Робот 1: 8 операций, нагрузка 75.58
2025-09-27 13:08:17 - ROBOTY.assigner - INFO - Робот 2: 7 операций, нагрузка 66.95
2025-09-27 13:08:17 - ROBOTY.assigner - INFO - Робот 3: 8 операций, нагрузка 77.75
2025-09-27 13:08:17 - ROBOTY.planner - INFO - Операции назначены методом: balanced
2025-09-27 13:08:17 - ROBOTY.planner - INFO - Планирование траектории для робота 1 (ID: 1) с 7 операциями
2025-09-27 13:08:17 - ROBOTY.planner - DEBUG - Планирование траектории для робота с 7 операциями
2025-09-27 13:08:17 - ROBOTY.planner - DEBUG - Операция 1 запланирована, время завершения: 9.30
2025-09-27 13:08:17 - ROBOTY.planner - DEBUG - Операция 2 запланирована, время завершения: 19.33
2025-09-27 13:08:17 - ROBOTY.planner - DEBUG - Операция 3 запланирована, время завершения: 29.05
2025-09-27 13:08:17 - ROBOTY.planner - DEBUG - Операция 4 запланирована, время завершения: 42.03
2025-09-27 13:08:17 - ROBOTY.planner - DEBUG - Операция 5 запланирована, время завершения: 53.57
2025-09-27 13:08:17 - ROBOTY.planner - DEBUG - Операция 6 запланирована, время завершения: 67.55
2025-09-27 13:08:17 - ROBOTY.planner - DEBUG - Операция 7 запланирована, время завершения: 75.91
2025-09-27 13:08:17 - ROBOTY.planner - INFO - Траектория робота запланирована, общее время: 75.91
2025-09-27 13:08:17 - ROBOTY.planner - INFO - Робот 1: траектория содержит 168 точек
2025-09-27 13:08:17 - ROBOTY.planner - INFO - Планирование траектории для робота 2 (ID: 2) с 8 операциями
2025-09-27 13:08:17 - ROBOTY.planner - DEBUG - Планирование траектории для робота с 8 операциями
2025-09-27 13:08:17 - ROBOTY.planner - DEBUG - Операция 1 запланирована, время завершения: 12.08
2025-09-27 13:08:17 - ROBOTY.planner - DEBUG - Операция 2 запланирована, время завершения: 23.25
2025-09-27 13:08:17 - ROBOTY.planner - DEBUG - Операция 3 запланирована, время завершения: 40.32
2025-09-27 13:08:17 - ROBOTY.planner - DEBUG - Операция 4 запланирована, время завершения: 57.24
2025-09-27 13:08:17 - ROBOTY.planner - DEBUG - Операция 5 запланирована, время завершения: 67.29
2025-09-27 13:08:17 - ROBOTY.planner - DEBUG - Операция 6 запланирована, время завершения: 78.95
2025-09-27 13:08:17 - ROBOTY.planner - DEBUG - Операция 7 запланирована, время завершения: 93.94
2025-09-27 13:08:17 - ROBOTY.planner - DEBUG - Операция 8 запланирована, время завершения: 105.02
2025-09-27 13:08:17 - ROBOTY.planner - INFO - Траектория робота запланирована, общее время: 105.02
2025-09-27 13:08:18 - ROBOTY.planner - INFO - Робот 2: траектория содержит 192 точек
2025-09-27 13:08:18 - ROBOTY.planner - INFO - Планирование траектории для робота 3 (ID: 3) с 7 операциями
2025-09-27 13:08:18 - ROBOTY.planner - DEBUG - Планирование траектории для робота с 7 операциями
2025-09-27 13:08:18 - ROBOTY.planner - DEBUG - Операция 1 запланирована, время завершения: 9.18
2025-09-27 13:08:18 - ROBOTY.planner - DEBUG - Операция 2 запланирована, время завершения: 25.35
2025-09-27 13:08:18 - ROBOTY.planner - DEBUG - Операция 3 запланирована, время завершения: 38.68
2025-09-27 13:08:18 - ROBOTY.planner - DEBUG - Операция 4 запланирована, время завершения: 52.75
2025-09-27 13:08:18 - ROBOTY.planner - DEBUG - Операция 5 запланирована, время завершения: 68.33
2025-09-27 13:08:18 - ROBOTY.planner - DEBUG - Операция 6 запланирована, время завершения: 78.45
2025-09-27 13:08:18 - ROBOTY.planner - DEBUG - Операция 7 запланирована, время завершения: 89.19
2025-09-27 13:08:18 - ROBOTY.planner - INFO - Траектория робота запланирована, общее время: 89.19
2025-09-27 13:08:18 - ROBOTY.planner - INFO - Робот 3: траектория содержит 168 точек
2025-09-27 13:08:18 - ROBOTY.planner - INFO - Планирование траектории для робота 4 (ID: 4) с 8 операциями
2025-09-27 13:08:18 - ROBOTY.planner - DEBUG - Планирование траектории для робота с 8 операциями
2025-09-27 13:08:18 - ROBOTY.planner - DEBUG - Операция 1 запланирована, время завершения: 9.71
2025-09-27 13:08:18 - ROBOTY.planner - DEBUG - Операция 2 запланирована, время завершения: 22.14
2025-09-27 13:08:18 - ROBOTY.planner - DEBUG - Операция 3 запланирована, время завершения: 32.78
2025-09-27 13:08:18 - ROBOTY.planner - DEBUG - Операция 4 запланирована, время завершения: 45.13
2025-09-27 13:08:18 - ROBOTY.planner - DEBUG - Операция 5 запланирована, время завершения: 56.10
2025-09-27 13:08:18 - ROBOTY.planner - DEBUG - Операция 6 запланирована, время завершения: 69.89
2025-09-27 13:08:18 - ROBOTY.planner - DEBUG - Операция 7 запланирована, время завершения: 81.63
2025-09-27 13:08:18 - ROBOTY.planner - DEBUG - Операция 8 запланирована, время завершения: 93.03
2025-09-27 13:08:18 - ROBOTY.planner - INFO - Траектория робота запланирована, общее время: 93.03
2025-09-27 13:08:18 - ROBOTY.planner - INFO - Робот 4: траектория содержит 192 точек
2025-09-27 13:08:18 - ROBOTY.planner - INFO - Планирование завершено. Makespan: 105.02
2025-09-27 13:08:18 - ROBOTY.main - INFO - Планировщик успешно завершил работу
2025-09-27 13:08:18 - ROBOTY.collision - INFO - Начинаем детальную проверку коллизий
2025-09-27 13:08:18 - ROBOTY.collision - DEBUG - Проверяем коллизии в диапазоне времени: 0.00 - 105.02
2025-09-27 13:08:18 - ROBOTY.collision - WARNING - Коллизия: роботы 2 и 3 в 67.90s, расстояние: 0.450, требуется: 0.500
2025-09-27 13:08:18 - ROBOTY.collision - WARNING - Коллизия: роботы 2 и 3 в 68.00s, расстояние: 0.369, требуется: 0.500
2025-09-27 13:08:18 - ROBOTY.collision - WARNING - Коллизия: роботы 2 и 3 в 68.10s, расстояние: 0.298, требуется: 0.500
2025-09-27 13:08:18 - ROBOTY.collision - WARNING - Коллизия: роботы 2 и 3 в 68.20s, расстояние: 0.238, требуется: 0.500
2025-09-27 13:08:18 - ROBOTY.collision - WARNING - Коллизия: роботы 2 и 3 в 68.30s, расстояние: 0.217, требуется: 0.500
2025-09-27 13:08:18 - ROBOTY.collision - WARNING - Коллизия: роботы 2 и 3 в 68.40s, расстояние: 0.240, требуется: 0.500
2025-09-27 13:08:18 - ROBOTY.collision - WARNING - Коллизия: роботы 2 и 3 в 68.50s, расстояние: 0.281, требуется: 0.500
2025-09-27 13:08:18 - ROBOTY.collision - WARNING - Коллизия: роботы 2 и 3 в 68.60s, расстояние: 0.332, требуется: 0.500
2025-09-27 13:08:18 - ROBOTY.collision - WARNING - Коллизия: роботы 2 и 3 в 68.70s, расстояние: 0.389, требуется: 0.500
2025-09-27 13:08:18 - ROBOTY.collision - WARNING - Коллизия: роботы 2 и 3 в 68.80s, расстояние: 0.450, требуется: 0.500
2025-09-27 13:08:18 - ROBOTY.collision - WARNING - Коллизия: роботы 2 и 3 в 68.90s, расстояние: 0.497, требуется: 0.500
2025-09-27 13:08:18 - ROBOTY.collision - WARNING - Коллизия: роботы 3 и 4 в 77.30s, расстояние: 0.483, требуется: 0.500
2025-09-27 13:08:18 - ROBOTY.collision - WARNING - Коллизия: роботы 3 и 4 в 77.40s, расстояние: 0.351, требуется: 0.500
2025-09-27 13:08:18 - ROBOTY.collision - WARNING - Коллизия: роботы 3 и 4 в 77.50s, расстояние: 0.238, требуется: 0.500
2025-09-27 13:08:18 - ROBOTY.collision - WARNING - Коллизия: роботы 3 и 4 в 77.60s, расстояние: 0.154, требуется: 0.500
2025-09-27 13:08:18 - ROBOTY.collision - WARNING - Коллизия: роботы 3 и 4 в 77.70s, расстояние: 0.053, требуется: 0.500
2025-09-27 13:08:18 - ROBOTY.collision - WARNING - Коллизия: роботы 3 и 4 в 77.80s, расстояние: 0.130, требуется: 0.500
2025-09-27 13:08:18 - ROBOTY.collision - WARNING - Коллизия: роботы 3 и 4 в 77.90s, расстояние: 0.256, требуется: 0.500
2025-09-27 13:08:18 - ROBOTY.collision - WARNING - Коллизия: роботы 3 и 4 в 78.00s, расстояние: 0.343, требуется: 0.500
2025-09-27 13:08:18 - ROBOTY.collision - WARNING - Коллизия: роботы 3 и 4 в 78.10s, расстояние: 0.435, требуется: 0.500
2025-09-27 13:08:18 - ROBOTY.collision - ERROR - Обнаружено 20 коллизий
2025-09-27 13:08:18 - ROBOTY.main - WARNING - Обнаружено 20 коллизий, применяем онлайн-безопасность
2025-09-27 13:08:18 - ROBOTY.safety - INFO - Применяем онлайн-безопасность: вставка пауз при коллизиях
2025-09-27 13:08:18 - ROBOTY.collision - INFO - Начинаем детальную проверку коллизий
2025-09-27 13:08:18 - ROBOTY.collision - DEBUG - Проверяем коллизии в диапазоне времени: 0.00 - 105.02
2025-09-27 13:08:18 - ROBOTY.collision - WARNING - Коллизия: роботы 2 и 3 в 67.85s, расстояние: 0.491, требуется: 0.500
2025-09-27 13:08:18 - ROBOTY.collision - WARNING - Коллизия: роботы 2 и 3 в 67.90s, расстояние: 0.450, требуется: 0.500
2025-09-27 13:08:18 - ROBOTY.collision - WARNING - Коллизия: роботы 2 и 3 в 67.95s, расстояние: 0.409, требуется: 0.500
2025-09-27 13:08:18 - ROBOTY.collision - WARNING - Коллизия: роботы 2 и 3 в 68.00s, расстояние: 0.369, требуется: 0.500
2025-09-27 13:08:18 - ROBOTY.collision - WARNING - Коллизия: роботы 2 и 3 в 68.05s, расстояние: 0.332, требуется: 0.500
2025-09-27 13:08:18 - ROBOTY.collision - WARNING - Коллизия: роботы 2 и 3 в 68.10s, расстояние: 0.298, требуется: 0.500
2025-09-27 13:08:18 - ROBOTY.collision - WARNING - Коллизия: роботы 2 и 3 в 68.15s, расстояние: 0.265, требуется: 0.500
2025-09-27 13:08:18 - ROBOTY.collision - WARNING - Коллизия: роботы 2 и 3 в 68.20s, расстояние: 0.238, требуется: 0.500
2025-09-27 13:08:18 - ROBOTY.collision - WARNING - Коллизия: роботы 2 и 3 в 68.25s, расстояние: 0.221, требуется: 0.500
2025-09-27 13:08:18 - ROBOTY.collision - WARNING - Коллизия: роботы 2 и 3 в 68.30s, расстояние: 0.217, требуется: 0.500
2025-09-27 13:08:18 - ROBOTY.collision - WARNING - Коллизия: роботы 2 и 3 в 68.35s, расстояние: 0.226, требуется: 0.500
2025-09-27 13:08:18 - ROBOTY.collision - WARNING - Коллизия: роботы 2 и 3 в 68.40s, расстояние: 0.240, требуется: 0.500
2025-09-27 13:08:18 - ROBOTY.collision - WARNING - Коллизия: роботы 2 и 3 в 68.45s, расстояние: 0.259, требуется: 0.500
2025-09-27 13:08:18 - ROBOTY.collision - WARNING - Коллизия: роботы 2 и 3 в 68.50s, расстояние: 0.281, требуется: 0.500
2025-09-27 13:08:18 - ROBOTY.collision - WARNING - Коллизия: роботы 2 и 3 в 68.55s, расстояние: 0.305, требуется: 0.500
2025-09-27 13:08:18 - ROBOTY.collision - WARNING - Коллизия: роботы 2 и 3 в 68.60s, расстояние: 0.332, требуется: 0.500
2025-09-27 13:08:18 - ROBOTY.collision - WARNING - Коллизия: роботы 2 и 3 в 68.65s, расстояние: 0.360, требуется: 0.500
2025-09-27 13:08:18 - ROBOTY.collision - WARNING - Коллизия: роботы 2 и 3 в 68.70s, расстояние: 0.389, требуется: 0.500
2025-09-27 13:08:18 - ROBOTY.collision - WARNING - Коллизия: роботы 2 и 3 в 68.75s, расстояние: 0.419, требуется: 0.500
2025-09-27 13:08:18 - ROBOTY.collision - WARNING - Коллизия: роботы 2 и 3 в 68.80s, расстояние: 0.450, требуется: 0.500
2025-09-27 13:08:18 - ROBOTY.collision - WARNING - Коллизия: роботы 2 и 3 в 68.85s, расстояние: 0.473, требуется: 0.500
2025-09-27 13:08:18 - ROBOTY.collision - WARNING - Коллизия: роботы 2 и 3 в 68.90s, расстояние: 0.497, требуется: 0.500
2025-09-27 13:08:18 - ROBOTY.collision - WARNING - Коллизия: роботы 3 и 4 в 77.30s, расстояние: 0.483, требуется: 0.500
2025-09-27 13:08:18 - ROBOTY.collision - WARNING - Коллизия: роботы 3 и 4 в 77.35s, расстояние: 0.416, требуется: 0.500
2025-09-27 13:08:18 - ROBOTY.collision - WARNING - Коллизия: роботы 3 и 4 в 77.40s, расстояние: 0.351, требуется: 0.500
2025-09-27 13:08:18 - ROBOTY.collision - WARNING - Коллизия: роботы 3 и 4 в 77.45s, расстояние: 0.286, требуется: 0.500
2025-09-27 13:08:18 - ROBOTY.collision - WARNING - Коллизия: роботы 3 и 4 в 77.50s, расстояние: 0.238, требуется: 0.500
2025-09-27 13:08:18 - ROBOTY.collision - WARNING - Коллизия: роботы 3 и 4 в 77.55s, расстояние: 0.197, требуется: 0.500
2025-09-27 13:08:18 - ROBOTY.collision - WARNING - Коллизия: роботы 3 и 4 в 77.60s, расстояние: 0.154, требуется: 0.500
2025-09-27 13:08:18 - ROBOTY.collision - WARNING - Коллизия: роботы 3 и 4 в 77.65s, расстояние: 0.094, требуется: 0.500
2025-09-27 13:08:18 - ROBOTY.collision - WARNING - Коллизия: роботы 3 и 4 в 77.70s, расстояние: 0.053, требуется: 0.500
2025-09-27 13:08:18 - ROBOTY.collision - WARNING - Коллизия: роботы 3 и 4 в 77.75s, расстояние: 0.074, требуется: 0.500
2025-09-27 13:08:18 - ROBOTY.collision - WARNING - Коллизия: роботы 3 и 4 в 77.80s, расстояние: 0.130, требуется: 0.500
2025-09-27 13:08:18 - ROBOTY.collision - WARNING - Коллизия: роботы 3 и 4 в 77.85s, расстояние: 0.192, требуется: 0.500
2025-09-27 13:08:18 - ROBOTY.collision - WARNING - Коллизия: роботы 3 и 4 в 77.90s, расстояние: 0.256, требуется: 0.500
2025-09-27 13:08:18 - ROBOTY.collision - WARNING - Коллизия: роботы 3 и 4 в 77.95s, расстояние: 0.299, требуется: 0.500
2025-09-27 13:08:18 - ROBOTY.collision - WARNING - Коллизия: роботы 3 и 4 в 78.00s, расстояние: 0.343, требуется: 0.500
2025-09-27 13:08:18 - ROBOTY.collision - WARNING - Коллизия: роботы 3 и 4 в 78.05s, расстояние: 0.389, требуется: 0.500
2025-09-27 13:08:18 - ROBOTY.collision - WARNING - Коллизия: роботы 3 и 4 в 78.10s, расстояние: 0.435, требуется: 0.500
2025-09-27 13:08:18 - ROBOTY.collision - WARNING - Коллизия: роботы 3 и 4 в 78.15s, расстояние: 0.482, требуется: 0.500
2025-09-27 13:08:18 - ROBOTY.collision - ERROR - Обнаружено 40 коллизий
2025-09-27 13:08:18 - ROBOTY.safety - DEBUG - Добавлена пауза 0.60s роботу 2 в t=67.85s
2025-09-27 13:08:18 - ROBOTY.safety - DEBUG - Добавлена пауза 0.60s роботу 3 в t=67.85s
2025-09-27 13:08:18 - ROBOTY.safety - DEBUG - Добавлена пауза 0.60s роботу 2 в t=67.90s
2025-09-27 13:08:18 - ROBOTY.safety - DEBUG - Добавлена пауза 0.60s роботу 3 в t=67.90s
2025-09-27 13:08:18 - ROBOTY.safety - DEBUG - Добавлена пауза 0.60s роботу 2 в t=67.95s
2025-09-27 13:08:18 - ROBOTY.safety - DEBUG - Добавлена пауза 0.60s роботу 3 в t=67.95s
2025-09-27 13:08:18 - ROBOTY.safety - DEBUG - Добавлена пауза 0.60s роботу 2 в t=68.00s
2025-09-27 13:08:18 - ROBOTY.safety - DEBUG - Добавлена пауза 0.60s роботу 3 в t=68.00s
2025-09-27 13:08:18 - ROBOTY.safety - DEBUG - Добавлена пауза 0.60s роботу 2 в t=68.05s
2025-09-27 13:08:18 - ROBOTY.safety - DEBUG - Добавлена пауза 0.60s роботу 3 в t=68.05s
2025-09-27 13:08:18 - ROBOTY.safety - DEBUG - Добавлена пауза 0.60s роботу 2 в t=68.10s
2025-09-27 13:08:18 - ROBOTY.safety - DEBUG - Добавлена пауза 0.60s роботу 3 в t=68.10s
2025-09-27 13:08:18 - ROBOTY.safety - DEBUG - Добавлена пауза 0.60s роботу 2 в t=68.15s
2025-09-27 13:08:18 - ROBOTY.safety - DEBUG - Добавлена пауза 0.60s роботу 3 в t=68.15s
2025-09-27 13:08:18 - ROBOTY.safety - DEBUG - Добавлена пауза 0.60s роботу 2 в t=68.20s
2025-09-27 13:08:18 - ROBOTY.safety - DEBUG - Добавлена пауза 0.60s роботу 3 в t=68.20s
2025-09-27 13:08:18 - ROBOTY.safety - DEBUG - Добавлена пауза 0.60s роботу 2 в t=68.25s
2025-09-27 13:08:18 - ROBOTY.safety - DEBUG - Добавлена пауза 0.60s роботу 3 в t=68.25s
2025-09-27 13:08:18 - ROBOTY.safety - DEBUG - Добавлена пауза 0.60s роботу 2 в t=68.30s
2025-09-27 13:08:18 - ROBOTY.safety - DEBUG - Добавлена пауза 0.60s роботу 3 в t=68.30s
2025-09-27 13:08:18 - ROBOTY.safety - DEBUG - Добавлена пауза 0.60s роботу 2 в t=68.35s
2025-09-27 13:08:18 - ROBOTY.safety - DEBUG - Добавлена пауза 0.60s роботу 3 в t=68.35s
2025-09-27 13:08:18 - ROBOTY.safety - DEBUG - Добавлена пауза 0.60s роботу 2 в t=68.40s
2025-09-27 13:08:18 - ROBOTY.safety - DEBUG - Добавлена пауза 0.60s роботу 3 в t=68.40s
2025-09-27 13:08:18 - ROBOTY.safety - DEBUG - Добавлена пауза 0.60s роботу 2 в t=68.45s
2025-09-27 13:08:18 - ROBOTY.safety - DEBUG - Добавлена пауза 0.60s роботу 3 в t=68.45s
2025-09-27 13:08:18 - ROBOTY.safety - DEBUG - Добавлена пауза 0.60s роботу 2 в t=68.50s
2025-09-27 13:08:18 - ROBOTY.safety - DEBUG - Добавлена пауза 0.60s роботу 3 в t=68.50s
2025-09-27 13:08:18 - ROBOTY.safety - DEBUG - Добавлена пауза 0.60s роботу 2 в t=68.55s
2025-09-27 13:08:18 - ROBOTY.safety - DEBUG - Добавлена пауза 0.60s роботу 3 в t=68.55s
2025-09-27 13:08:18 - ROBOTY.safety - DEBUG - Добавлена пауза 0.60s роботу 2 в t=68.60s
2025-09-27 13:08:18 - ROBOTY.safety - DEBUG - Добавлена пауза 0.60s роботу 3 в t=68.60s
2025-09-27 13:08:18 - ROBOTY.safety - DEBUG - Добавлена пауза 0.60s роботу 2 в t=68.65s
2025-09-27 13:08:18 - ROBOTY.safety - DEBUG - Добавлена пауза 0.60s роботу 3 в t=68.65s
2025-09-27 13:08:18 - ROBOTY.safety - DEBUG - Добавлена пауза 0.60s роботу 2 в t=68.70s
2025-09-27 13:08:18 - ROBOTY.safety - DEBUG - Добавлена пауза 0.60s роботу 3 в t=68.70s
2025-09-27 13:08:18 - ROBOTY.safety - DEBUG - Добавлена пауза 0.60s роботу 2 в t=68.75s
2025-09-27 13:08:18 - ROBOTY.safety - DEBUG - Добавлена пауза 0.60s роботу 3 в t=68.75s
2025-09-27 13:08:18 - ROBOTY.safety - DEBUG - Добавлена пауза 0.60s роботу 2 в t=68.80s
2025-09-27 13:08:18 - ROBOTY.safety - DEBUG - Добавлена пауза 0.60s роботу 3 в t=68.80s
2025-09-27 13:08:18 - ROBOTY.safety - DEBUG - Добавлена пауза 0.60s роботу 2 в t=68.85s
2025-09-27 13:08:18 - ROBOTY.safety - DEBUG - Добавлена пауза 0.60s роботу 3 в t=68.85s
2025-09-27 13:08:18 - ROBOTY.safety - DEBUG - Добавлена пауза 0.60s роботу 2 в t=68.90s
2025-09-27 13:08:18 - ROBOTY.safety - DEBUG - Добавлена пауза 0.60s роботу 3 в t=68.90s
2025-09-27 13:08:18 - ROBOTY.safety - DEBUG - Добавлена пауза 0.60s роботу 3 в t=77.30s
2025-09-27 13:08:18 - ROBOTY.safety - DEBUG - Добавлена пауза 0.60s роботу 4 в t=77.30s
2025-09-27 13:08:18 - ROBOTY.safety - DEBUG - Добавлена пауза 0.60s роботу 3 в t=77.35s
2025-09-27 13:08:18 - ROBOTY.safety - DEBUG - Добавлена пауза 0.60s роботу 4 в t=77.35s
2025-09-27 13:08:18 - ROBOTY.safety - DEBUG - Добавлена пауза 0.60s роботу 3 в t=77.40s
2025-09-27 13:08:18 - ROBOTY.safety - DEBUG - Добавлена пауза 0.60s роботу 4 в t=77.40s
2025-09-27 13:08:18 - ROBOTY.safety - DEBUG - Добавлена пауза 0.60s роботу 3 в t=77.45s
2025-09-27 13:08:18 - ROBOTY.safety - DEBUG - Добавлена пауза 0.60s роботу 4 в t=77.45s
2025-09-27 13:08:18 - ROBOTY.safety - DEBUG - Добавлена пауза 0.60s роботу 3 в t=77.50s
2025-09-27 13:08:18 - ROBOTY.safety - DEBUG - Добавлена пауза 0.60s роботу 4 в t=77.50s
2025-09-27 13:08:18 - ROBOTY.safety - DEBUG - Добавлена пауза 0.60s роботу 3 в t=77.55s
2025-09-27 13:08:18 - ROBOTY.safety - DEBUG - Добавлена пауза 0.60s роботу 4 в t=77.55s
2025-09-27 13:08:18 - ROBOTY.safety - DEBUG - Добавлена пауза 0.60s роботу 3 в t=77.60s
2025-09-27 13:08:18 - ROBOTY.safety - DEBUG - Добавлена пауза 0.60s роботу 4 в t=77.60s
2025-09-27 13:08:18 - ROBOTY.safety - DEBUG - Добавлена пауза 0.60s роботу 3 в t=77.65s
2025-09-27 13:08:18 - ROBOTY.safety - DEBUG - Добавлена пауза 0.60s роботу 4 в t=77.65s
2025-09-27 13:08:18 - ROBOTY.safety - DEBUG - Добавлена пауза 0.60s роботу 3 в t=77.70s
2025-09-27 13:08:18 - ROBOTY.safety - DEBUG - Добавлена пауза 0.60s роботу 4 в t=77.70s
2025-09-27 13:08:18 - ROBOTY.safety - DEBUG - Добавлена пауза 0.60s роботу 3 в t=77.75s
2025-09-27 13:08:18 - ROBOTY.safety - DEBUG - Добавлена пауза 0.60s роботу 4 в t=77.75s
2025-09-27 13:08:18 - ROBOTY.safety - DEBUG - Добавлена пауза 0.60s роботу 3 в t=77.80s
2025-09-27 13:08:18 - ROBOTY.safety - DEBUG - Добавлена пауза 0.60s роботу 4 в t=77.80s
2025-09-27 13:08:18 - ROBOTY.safety - DEBUG - Добавлена пауза 0.60s роботу 3 в t=77.85s
2025-09-27 13:08:18 - ROBOTY.safety - DEBUG - Добавлена пауза 0.60s роботу 4 в t=77.85s
2025-09-27 13:08:18 - ROBOTY.safety - DEBUG - Добавлена пауза 0.60s роботу 3 в t=77.90s
2025-09-27 13:08:18 - ROBOTY.safety - DEBUG - Добавлена пауза 0.60s роботу 4 в t=77.90s
2025-09-27 13:08:18 - ROBOTY.safety - DEBUG - Добавлена пауза 0.60s роботу 3 в t=77.95s
2025-09-27 13:08:18 - ROBOTY.safety - DEBUG - Добавлена пауза 0.60s роботу 4 в t=77.95s
2025-09-27 13:08:18 - ROBOTY.safety - DEBUG - Добавлена пауза 0.60s роботу 3 в t=78.00s
2025-09-27 13:08:18 - ROBOTY.safety - DEBUG - Добавлена пауза 0.60s роботу 4 в t=78.00s
2025-09-27 13:08:18 - ROBOTY.safety - DEBUG - Добавлена пауза 0.60s роботу 3 в t=78.05s
2025-09-27 13:08:18 - ROBOTY.safety - DEBUG - Добавлена пауза 0.60s роботу 4 в t=78.05s
2025-09-27 13:08:18 - ROBOTY.safety - DEBUG - Добавлена пауза 0.60s роботу 3 в t=78.10s
2025-09-27 13:08:18 - ROBOTY.safety - DEBUG - Добавлена пауза 0.60s роботу 4 в t=78.10s
2025-09-27 13:08:18 - ROBOTY.safety - DEBUG - Добавлена пауза 0.60s роботу 3 в t=78.15s
2025-09-27 13:08:18 - ROBOTY.safety - DEBUG - Добавлена пауза 0.60s роботу 4 в t=78.15s
2025-09-27 13:08:18 - ROBOTY.safety - INFO - Онлайн-безопасность применена: паузы вставлены
2025-09-27 13:08:18 - ROBOTY.collision - INFO - Начинаем детальную проверку коллизий
2025-09-27 13:08:18 - ROBOTY.collision - DEBUG - Проверяем коллизии в диапазоне времени: 0.00 - 118.22
2025-09-27 13:08:18 - ROBOTY.collision - WARNING - Коллизия: роботы 2 и 3 в 67.90s, расстояние: 0.491, требуется: 0.500
2025-09-27 13:08:18 - ROBOTY.collision - WARNING - Коллизия: роботы 2 и 3 в 68.00s, расстояние: 0.491, требуется: 0.500
2025-09-27 13:08:18 - ROBOTY.collision - WARNING - Коллизия: роботы 2 и 3 в 68.10s, расстояние: 0.491, требуется: 0.500
2025-09-27 13:08:18 - ROBOTY.collision - WARNING - Коллизия: роботы 2 и 3 в 68.20s, расстояние: 0.491, требуется: 0.500
2025-09-27 13:08:18 - ROBOTY.collision - WARNING - Коллизия: роботы 2 и 3 в 68.30s, расстояние: 0.491, требуется: 0.500
2025-09-27 13:08:18 - ROBOTY.collision - WARNING - Коллизия: роботы 2 и 3 в 68.40s, расстояние: 0.491, требуется: 0.500
2025-09-27 13:08:18 - ROBOTY.collision - WARNING - Коллизия: роботы 2 и 3 в 68.50s, расстояние: 0.491, требуется: 0.500
2025-09-27 13:08:18 - ROBOTY.collision - WARNING - Коллизия: роботы 2 и 3 в 68.60s, расстояние: 0.491, требуется: 0.500
2025-09-27 13:08:18 - ROBOTY.collision - WARNING - Коллизия: роботы 2 и 3 в 68.70s, расстояние: 0.491, требуется: 0.500
2025-09-27 13:08:18 - ROBOTY.collision - WARNING - Коллизия: роботы 2 и 3 в 68.80s, расстояние: 0.491, требуется: 0.500
2025-09-27 13:08:18 - ROBOTY.collision - WARNING - Коллизия: роботы 2 и 3 в 68.90s, расстояние: 0.491, требуется: 0.500
2025-09-27 13:08:18 - ROBOTY.collision - WARNING - Коллизия: роботы 2 и 3 в 69.00s, расстояние: 0.491, требуется: 0.500
2025-09-27 13:08:18 - ROBOTY.collision - WARNING - Коллизия: роботы 2 и 3 в 69.10s, расстояние: 0.491, требуется: 0.500
2025-09-27 13:08:18 - ROBOTY.collision - WARNING - Коллизия: роботы 2 и 3 в 69.20s, расстояние: 0.491, требуется: 0.500
2025-09-27 13:08:18 - ROBOTY.collision - WARNING - Коллизия: роботы 2 и 3 в 69.30s, расстояние: 0.491, требуется: 0.500
2025-09-27 13:08:18 - ROBOTY.collision - WARNING - Коллизия: роботы 2 и 3 в 69.40s, расстояние: 0.491, требуется: 0.500
2025-09-27 13:08:18 - ROBOTY.collision - WARNING - Коллизия: роботы 2 и 3 в 69.50s, расстояние: 0.491, требуется: 0.500
2025-09-27 13:08:18 - ROBOTY.collision - WARNING - Коллизия: роботы 2 и 3 в 69.60s, расстояние: 0.491, требуется: 0.500
2025-09-27 13:08:18 - ROBOTY.collision - WARNING - Коллизия: роботы 2 и 3 в 69.70s, расстояние: 0.491, требуется: 0.500
2025-09-27 13:08:18 - ROBOTY.collision - WARNING - Коллизия: роботы 2 и 3 в 69.80s, расстояние: 0.491, требуется: 0.500
2025-09-27 13:08:18 - ROBOTY.collision - WARNING - Коллизия: роботы 2 и 3 в 69.90s, расстояние: 0.491, требуется: 0.500
2025-09-27 13:08:18 - ROBOTY.collision - WARNING - Коллизия: роботы 2 и 3 в 70.00s, расстояние: 0.491, требуется: 0.500
2025-09-27 13:08:18 - ROBOTY.collision - WARNING - Коллизия: роботы 2 и 3 в 70.10s, расстояние: 0.491, требуется: 0.500
2025-09-27 13:08:18 - ROBOTY.collision - WARNING - Коллизия: роботы 2 и 3 в 70.20s, расстояние: 0.491, требуется: 0.500
2025-09-27 13:08:18 - ROBOTY.collision - WARNING - Коллизия: роботы 2 и 3 в 70.30s, расстояние: 0.491, требуется: 0.500
2025-09-27 13:08:18 - ROBOTY.collision - WARNING - Коллизия: роботы 2 и 3 в 70.40s, расстояние: 0.491, требуется: 0.500
2025-09-27 13:08:18 - ROBOTY.collision - WARNING - Коллизия: роботы 2 и 3 в 70.50s, расстояние: 0.491, требуется: 0.500
2025-09-27 13:08:18 - ROBOTY.collision - WARNING - Коллизия: роботы 2 и 3 в 70.60s, расстояние: 0.491, требуется: 0.500
2025-09-27 13:08:18 - ROBOTY.collision - WARNING - Коллизия: роботы 2 и 3 в 70.70s, расстояние: 0.491, требуется: 0.500
2025-09-27 13:08:18 - ROBOTY.collision - WARNING - Коллизия: роботы 2 и 3 в 70.80s, расстояние: 0.491, требуется: 0.500
2025-09-27 13:08:18 - ROBOTY.collision - WARNING - Коллизия: роботы 2 и 3 в 70.90s, расстояние: 0.491, требуется: 0.500
2025-09-27 13:08:18 - ROBOTY.collision - WARNING - Коллизия: роботы 2 и 3 в 71.00s, расстояние: 0.491, требуется: 0.500
2025-09-27 13:08:18 - ROBOTY.collision - WARNING - Коллизия: роботы 2 и 3 в 71.10s, расстояние: 0.491, требуется: 0.500
2025-09-27 13:08:18 - ROBOTY.collision - WARNING - Коллизия: роботы 2 и 3 в 71.20s, расстояние: 0.491, требуется: 0.500
2025-09-27 13:08:18 - ROBOTY.collision - WARNING - Коллизия: роботы 2 и 3 в 71.30s, расстояние: 0.491, требуется: 0.500
2025-09-27 13:08:18 - ROBOTY.collision - WARNING - Коллизия: роботы 2 и 3 в 71.40s, расстояние: 0.491, требуется: 0.500
2025-09-27 13:08:18 - ROBOTY.collision - WARNING - Коллизия: роботы 2 и 3 в 71.50s, расстояние: 0.491, требуется: 0.500
2025-09-27 13:08:18 - ROBOTY.collision - WARNING - Коллизия: роботы 2 и 3 в 71.60s, расстояние: 0.491, требуется: 0.500
2025-09-27 13:08:18 - ROBOTY.collision - WARNING - Коллизия: роботы 2 и 3 в 71.70s, расстояние: 0.491, требуется: 0.500
2025-09-27 13:08:18 - ROBOTY.collision - WARNING - Коллизия: роботы 2 и 3 в 71.80s, расстояние: 0.491, требуется: 0.500
2025-09-27 13:08:18 - ROBOTY.collision - WARNING - Коллизия: роботы 2 и 3 в 71.90s, расстояние: 0.491, требуется: 0.500
2025-09-27 13:08:18 - ROBOTY.collision - WARNING - Коллизия: роботы 2 и 3 в 72.00s, расстояние: 0.491, требуется: 0.500
2025-09-27 13:08:18 - ROBOTY.collision - WARNING - Коллизия: роботы 2 и 3 в 72.10s, расстояние: 0.491, требуется: 0.500
2025-09-27 13:08:18 - ROBOTY.collision - WARNING - Коллизия: роботы 2 и 3 в 72.20s, расстояние: 0.491, требуется: 0.500
2025-09-27 13:08:18 - ROBOTY.collision - WARNING - Коллизия: роботы 2 и 3 в 72.30s, расстояние: 0.491, требуется: 0.500
2025-09-27 13:08:18 - ROBOTY.collision - WARNING - Коллизия: роботы 2 и 3 в 72.40s, расстояние: 0.491, требуется: 0.500
2025-09-27 13:08:18 - ROBOTY.collision - WARNING - Коллизия: роботы 2 и 3 в 72.50s, расстояние: 0.491, требуется: 0.500
2025-09-27 13:08:18 - ROBOTY.collision - WARNING - Коллизия: роботы 2 и 3 в 72.60s, расстояние: 0.491, требуется: 0.500
2025-09-27 13:08:18 - ROBOTY.collision - WARNING - Коллизия: роботы 2 и 3 в 72.70s, расстояние: 0.491, требуется: 0.500
2025-09-27 13:08:18 - ROBOTY.collision - WARNING - Коллизия: роботы 2 и 3 в 72.80s, расстояние: 0.491, требуется: 0.500
2025-09-27 13:08:18 - ROBOTY.collision - WARNING - Коллизия: роботы 2 и 3 в 72.90s, расстояние: 0.491, требуется: 0.500
2025-09-27 13:08:18 - ROBOTY.collision - WARNING - Коллизия: роботы 2 и 3 в 73.00s, расстояние: 0.491, требуется: 0.500
2025-09-27 13:08:18 - ROBOTY.collision - WARNING - Коллизия: роботы 2 и 3 в 73.10s, расстояние: 0.491, требуется: 0.500
2025-09-27 13:08:18 - ROBOTY.collision - WARNING - Коллизия: роботы 2 и 3 в 73.20s, расстояние: 0.491, требуется: 0.500
2025-09-27 13:08:18 - ROBOTY.collision - WARNING - Коллизия: роботы 2 и 3 в 73.30s, расстояние: 0.491, требуется: 0.500
2025-09-27 13:08:18 - ROBOTY.collision - WARNING - Коллизия: роботы 2 и 3 в 73.40s, расстояние: 0.491, требуется: 0.500
2025-09-27 13:08:18 - ROBOTY.collision - WARNING - Коллизия: роботы 2 и 3 в 73.50s, расстояние: 0.491, требуется: 0.500
2025-09-27 13:08:18 - ROBOTY.collision - WARNING - Коллизия: роботы 2 и 3 в 73.60s, расстояние: 0.491, требуется: 0.500
2025-09-27 13:08:18 - ROBOTY.collision - WARNING - Коллизия: роботы 2 и 3 в 73.70s, расстояние: 0.491, требуется: 0.500
2025-09-27 13:08:18 - ROBOTY.collision - WARNING - Коллизия: роботы 2 и 3 в 73.80s, расстояние: 0.491, требуется: 0.500
2025-09-27 13:08:18 - ROBOTY.collision - WARNING - Коллизия: роботы 2 и 3 в 73.90s, расстояние: 0.491, требуется: 0.500
2025-09-27 13:08:18 - ROBOTY.collision - WARNING - Коллизия: роботы 2 и 3 в 74.00s, расстояние: 0.491, требуется: 0.500
2025-09-27 13:08:18 - ROBOTY.collision - WARNING - Коллизия: роботы 2 и 3 в 74.10s, расстояние: 0.491, требуется: 0.500
2025-09-27 13:08:18 - ROBOTY.collision - WARNING - Коллизия: роботы 2 и 3 в 74.20s, расстояние: 0.491, требуется: 0.500
2025-09-27 13:08:18 - ROBOTY.collision - WARNING - Коллизия: роботы 2 и 3 в 74.30s, расстояние: 0.491, требуется: 0.500
2025-09-27 13:08:18 - ROBOTY.collision - WARNING - Коллизия: роботы 2 и 3 в 74.40s, расстояние: 0.491, требуется: 0.500
2025-09-27 13:08:18 - ROBOTY.collision - WARNING - Коллизия: роботы 2 и 3 в 74.50s, расстояние: 0.491, требуется: 0.500
2025-09-27 13:08:18 - ROBOTY.collision - WARNING - Коллизия: роботы 2 и 3 в 74.60s, расстояние: 0.491, требуется: 0.500
2025-09-27 13:08:18 - ROBOTY.collision - WARNING - Коллизия: роботы 2 и 3 в 74.70s, расстояние: 0.491, требуется: 0.500
2025-09-27 13:08:18 - ROBOTY.collision - WARNING - Коллизия: роботы 2 и 3 в 74.80s, расстояние: 0.491, требуется: 0.500
2025-09-27 13:08:18 - ROBOTY.collision - WARNING - Коллизия: роботы 2 и 3 в 74.90s, расстояние: 0.491, требуется: 0.500
2025-09-27 13:08:18 - ROBOTY.collision - WARNING - Коллизия: роботы 2 и 3 в 75.00s, расстояние: 0.491, требуется: 0.500
2025-09-27 13:08:18 - ROBOTY.collision - WARNING - Коллизия: роботы 2 и 3 в 75.10s, расстояние: 0.491, требуется: 0.500
2025-09-27 13:08:18 - ROBOTY.collision - WARNING - Коллизия: роботы 2 и 3 в 75.20s, расстояние: 0.491, требуется: 0.500
2025-09-27 13:08:18 - ROBOTY.collision - WARNING - Коллизия: роботы 2 и 3 в 75.30s, расстояние: 0.491, требуется: 0.500
2025-09-27 13:08:18 - ROBOTY.collision - WARNING - Коллизия: роботы 2 и 3 в 75.40s, расстояние: 0.491, требуется: 0.500
2025-09-27 13:08:18 - ROBOTY.collision - WARNING - Коллизия: роботы 2 и 3 в 75.50s, расстояние: 0.491, требуется: 0.500
2025-09-27 13:08:18 - ROBOTY.collision - WARNING - Коллизия: роботы 2 и 3 в 75.60s, расстояние: 0.491, требуется: 0.500
2025-09-27 13:08:18 - ROBOTY.collision - WARNING - Коллизия: роботы 2 и 3 в 75.70s, расстояние: 0.491, требуется: 0.500
2025-09-27 13:08:18 - ROBOTY.collision - WARNING - Коллизия: роботы 2 и 3 в 75.80s, расстояние: 0.491, требуется: 0.500
2025-09-27 13:08:18 - ROBOTY.collision - WARNING - Коллизия: роботы 2 и 3 в 75.90s, расстояние: 0.491, требуется: 0.500
2025-09-27 13:08:18 - ROBOTY.collision - WARNING - Коллизия: роботы 2 и 3 в 76.00s, расстояние: 0.491, требуется: 0.500
2025-09-27 13:08:18 - ROBOTY.collision - WARNING - Коллизия: роботы 2 и 3 в 76.10s, расстояние: 0.491, требуется: 0.500
2025-09-27 13:08:18 - ROBOTY.collision - WARNING - Коллизия: роботы 2 и 3 в 76.20s, расстояние: 0.491, требуется: 0.500
2025-09-27 13:08:18 - ROBOTY.collision - WARNING - Коллизия: роботы 2 и 3 в 76.30s, расстояние: 0.491, требуется: 0.500
2025-09-27 13:08:18 - ROBOTY.collision - WARNING - Коллизия: роботы 2 и 3 в 76.40s, расстояние: 0.491, требуется: 0.500
2025-09-27 13:08:18 - ROBOTY.collision - WARNING - Коллизия: роботы 2 и 3 в 76.50s, расстояние: 0.491, требуется: 0.500
2025-09-27 13:08:18 - ROBOTY.collision - WARNING - Коллизия: роботы 2 и 3 в 76.60s, расстояние: 0.491, требуется: 0.500
2025-09-27 13:08:18 - ROBOTY.collision - WARNING - Коллизия: роботы 2 и 3 в 76.70s, расстояние: 0.491, требуется: 0.500
2025-09-27 13:08:18 - ROBOTY.collision - WARNING - Коллизия: роботы 2 и 3 в 76.80s, расстояние: 0.491, требуется: 0.500
2025-09-27 13:08:18 - ROBOTY.collision - WARNING - Коллизия: роботы 2 и 3 в 76.90s, расстояние: 0.491, требуется: 0.500
2025-09-27 13:08:18 - ROBOTY.collision - WARNING - Коллизия: роботы 2 и 3 в 77.00s, расстояние: 0.491, требуется: 0.500
2025-09-27 13:08:18 - ROBOTY.collision - WARNING - Коллизия: роботы 2 и 3 в 77.10s, расстояние: 0.491, требуется: 0.500
2025-09-27 13:08:18 - ROBOTY.collision - WARNING - Коллизия: роботы 2 и 3 в 77.20s, расстояние: 0.491, требуется: 0.500
2025-09-27 13:08:18 - ROBOTY.collision - WARNING - Коллизия: роботы 2 и 3 в 77.30s, расстояние: 0.491, требуется: 0.500
2025-09-27 13:08:18 - ROBOTY.collision - WARNING - Коллизия: роботы 2 и 3 в 77.40s, расстояние: 0.491, требуется: 0.500
2025-09-27 13:08:18 - ROBOTY.collision - WARNING - Коллизия: роботы 2 и 3 в 77.50s, расстояние: 0.491, требуется: 0.500
2025-09-27 13:08:18 - ROBOTY.collision - WARNING - Коллизия: роботы 2 и 3 в 77.60s, расстояние: 0.491, требуется: 0.500
2025-09-27 13:08:18 - ROBOTY.collision - WARNING - Коллизия: роботы 2 и 3 в 77.70s, расстояние: 0.491, требуется: 0.500
2025-09-27 13:08:18 - ROBOTY.collision - WARNING - Коллизия: роботы 2 и 3 в 77.80s, расстояние: 0.491, требуется: 0.500
2025-09-27 13:08:18 - ROBOTY.collision - WARNING - Коллизия: роботы 2 и 3 в 77.90s, расстояние: 0.491, требуется: 0.500
2025-09-27 13:08:18 - ROBOTY.collision - WARNING - Коллизия: роботы 2 и 3 в 78.00s, расстояние: 0.491, требуется: 0.500
2025-09-27 13:08:18 - ROBOTY.collision - WARNING - Коллизия: роботы 2 и 3 в 78.10s, расстояние: 0.491, требуется: 0.500
2025-09-27 13:08:18 - ROBOTY.collision - WARNING - Коллизия: роботы 2 и 3 в 78.20s, расстояние: 0.491, требуется: 0.500
2025-09-27 13:08:18 - ROBOTY.collision - WARNING - Коллизия: роботы 2 и 3 в 78.30s, расстояние: 0.491, требуется: 0.500
2025-09-27 13:08:18 - ROBOTY.collision - WARNING - Коллизия: роботы 2 и 3 в 78.40s, расстояние: 0.491, требуется: 0.500
2025-09-27 13:08:18 - ROBOTY.collision - WARNING - Коллизия: роботы 2 и 3 в 78.50s, расстояние: 0.491, требуется: 0.500
2025-09-27 13:08:18 - ROBOTY.collision - WARNING - Коллизия: роботы 2 и 3 в 78.60s, расстояние: 0.491, требуется: 0.500
2025-09-27 13:08:18 - ROBOTY.collision - WARNING - Коллизия: роботы 2 и 3 в 78.70s, расстояние: 0.491, требуется: 0.500
2025-09-27 13:08:18 - ROBOTY.collision - WARNING - Коллизия: роботы 2 и 3 в 78.80s, расстояние: 0.491, требуется: 0.500
2025-09-27 13:08:18 - ROBOTY.collision - WARNING - Коллизия: роботы 2 и 3 в 78.90s, расстояние: 0.491, требуется: 0.500
2025-09-27 13:08:18 - ROBOTY.collision - WARNING - Коллизия: роботы 2 и 3 в 79.00s, расстояние: 0.491, требуется: 0.500
2025-09-27 13:08:18 - ROBOTY.collision - WARNING - Коллизия: роботы 2 и 3 в 79.10s, расстояние: 0.491, требуется: 0.500
2025-09-27 13:08:18 - ROBOTY.collision - WARNING - Коллизия: роботы 2 и 3 в 79.20s, расстояние: 0.491, требуется: 0.500
2025-09-27 13:08:18 - ROBOTY.collision - WARNING - Коллизия: роботы 2 и 3 в 79.30s, расстояние: 0.491, требуется: 0.500
2025-09-27 13:08:18 - ROBOTY.collision - WARNING - Коллизия: роботы 2 и 3 в 79.40s, расстояние: 0.491, требуется: 0.500
2025-09-27 13:08:18 - ROBOTY.collision - WARNING - Коллизия: роботы 2 и 3 в 79.50s, расстояние: 0.491, требуется: 0.500
2025-09-27 13:08:18 - ROBOTY.collision - WARNING - Коллизия: роботы 2 и 3 в 79.60s, расстояние: 0.491, требуется: 0.500
2025-09-27 13:08:18 - ROBOTY.collision - WARNING - Коллизия: роботы 2 и 3 в 79.70s, расстояние: 0.491, требуется: 0.500
2025-09-27 13:08:18 - ROBOTY.collision - WARNING - Коллизия: роботы 2 и 3 в 79.80s, расстояние: 0.491, требуется: 0.500
2025-09-27 13:08:18 - ROBOTY.collision - WARNING - Коллизия: роботы 2 и 3 в 79.90s, расстояние: 0.491, требуется: 0.500
2025-09-27 13:08:18 - ROBOTY.collision - WARNING - Коллизия: роботы 2 и 3 в 80.00s, расстояние: 0.491, требуется: 0.500
2025-09-27 13:08:18 - ROBOTY.collision - WARNING - Коллизия: роботы 2 и 3 в 80.10s, расстояние: 0.491, требуется: 0.500
2025-09-27 13:08:18 - ROBOTY.collision - WARNING - Коллизия: роботы 2 и 3 в 80.20s, расстояние: 0.491, требуется: 0.500
2025-09-27 13:08:18 - ROBOTY.collision - WARNING - Коллизия: роботы 2 и 3 в 80.30s, расстояние: 0.491, требуется: 0.500
2025-09-27 13:08:18 - ROBOTY.collision - WARNING - Коллизия: роботы 2 и 3 в 80.40s, расстояние: 0.491, требуется: 0.500
2025-09-27 13:08:18 - ROBOTY.collision - WARNING - Коллизия: роботы 2 и 3 в 80.50s, расстояние: 0.491, требуется: 0.500
2025-09-27 13:08:18 - ROBOTY.collision - WARNING - Коллизия: роботы 2 и 3 в 80.60s, расстояние: 0.491, требуется: 0.500
2025-09-27 13:08:18 - ROBOTY.collision - WARNING - Коллизия: роботы 2 и 3 в 80.70s, расстояние: 0.491, требуется: 0.500
2025-09-27 13:08:18 - ROBOTY.collision - WARNING - Коллизия: роботы 2 и 3 в 80.80s, расстояние: 0.491, требуется: 0.500
2025-09-27 13:08:18 - ROBOTY.collision - WARNING - Коллизия: роботы 2 и 3 в 80.90s, расстояние: 0.491, требуется: 0.500
2025-09-27 13:08:18 - ROBOTY.collision - WARNING - Коллизия: роботы 2 и 3 в 81.00s, расстояние: 0.491, требуется: 0.500
2025-09-27 13:08:18 - ROBOTY.collision - WARNING - Коллизия: роботы 2 и 3 в 81.10s, расстояние: 0.450, требуется: 0.500
2025-09-27 13:08:18 - ROBOTY.collision - WARNING - Коллизия: роботы 2 и 3 в 81.20s, расстояние: 0.369, требуется: 0.500
2025-09-27 13:08:18 - ROBOTY.collision - WARNING - Коллизия: роботы 2 и 3 в 81.30s, расстояние: 0.298, требуется: 0.500
2025-09-27 13:08:18 - ROBOTY.collision - WARNING - Коллизия: роботы 2 и 3 в 81.40s, расстояние: 0.238, требуется: 0.500
2025-09-27 13:08:18 - ROBOTY.collision - WARNING - Коллизия: роботы 2 и 3 в 81.50s, расстояние: 0.217, требуется: 0.500
2025-09-27 13:08:18 - ROBOTY.collision - WARNING - Коллизия: роботы 2 и 3 в 81.60s, расстояние: 0.248, требуется: 0.500
2025-09-27 13:08:18 - ROBOTY.collision - WARNING - Коллизия: роботы 2 и 3 в 81.70s, расстояние: 0.316, требуется: 0.500
2025-09-27 13:08:18 - ROBOTY.collision - WARNING - Коллизия: роботы 2 и 3 в 81.80s, расстояние: 0.402, требуется: 0.500
2025-09-27 13:08:18 - ROBOTY.collision - WARNING - Коллизия: роботы 2 и 3 в 81.90s, расстояние: 0.497, требуется: 0.500
2025-09-27 13:08:18 - ROBOTY.collision - ERROR - Обнаружено 141 коллизий
2025-09-27 13:08:18 - ROBOTY.main - WARNING - Коллизии сохраняются после вставки пауз
2025-09-27 13:08:19 - ROBOTY.main - INFO - Запуск десктопного 3D Viewer
2025-09-27 13:08:20 - ROBOTY.native_3d - INFO - Парсинг завершен: 4 роботов
2025-09-27 13:08:20 - ROBOTY.native_3d - INFO - Native 3D Viewer инициализирован
2025-09-27 13:08:20 - ROBOTY.main - INFO - Десктопный 3D Viewer успешно запущен
2025-09-27 13:09:49 - ROBOTY.native_3d - INFO - Закрытие Native 3D Viewer
