2025-09-27 13:10:29 - ROBOTY.main - INFO - Запуск приложения ROBOTY
2025-09-27 13:10:29 - ROBOTY.main - INFO - Применена тема: dark
2025-09-27 13:10:29 - ROBOTY.main - INFO - Интерфейс инициализирован
2025-09-27 13:10:29 - ROBOTY.main - INFO - Приложение успешно запущено
2025-09-27 13:10:38 - ROBOTY.main - INFO - Создан входной файл: C:\Users\22200490\.cursor\ROBOTY-main\data\input_20250927_131031.json
2025-09-27 13:10:38 - ROBOTY.parser - INFO - Начинаем загрузку файла: C:\Users\22200490\.cursor\ROBOTY-main\data\input_20250927_131031.json
2025-09-27 13:10:38 - ROBOTY.parser - INFO - Файл C:\Users\22200490\.cursor\ROBOTY-main\data\input_20250927_131031.json успешно загружен
2025-09-27 13:10:38 - ROBOTY.parser - DEBUG - Робот 1 успешно загружен
2025-09-27 13:10:38 - ROBOTY.parser - DEBUG - Робот 2 успешно загружен
2025-09-27 13:10:38 - ROBOTY.parser - DEBUG - Робот 3 успешно загружен
2025-09-27 13:10:38 - ROBOTY.parser - DEBUG - Робот 4 успешно загружен
2025-09-27 13:10:38 - ROBOTY.parser - DEBUG - Операция 1 успешно загружена
2025-09-27 13:10:38 - ROBOTY.parser - DEBUG - Операция 2 успешно загружена
2025-09-27 13:10:38 - ROBOTY.parser - DEBUG - Операция 3 успешно загружена
2025-09-27 13:10:38 - ROBOTY.parser - DEBUG - Операция 4 успешно загружена
2025-09-27 13:10:38 - ROBOTY.parser - DEBUG - Операция 5 успешно загружена
2025-09-27 13:10:38 - ROBOTY.parser - DEBUG - Операция 6 успешно загружена
2025-09-27 13:10:38 - ROBOTY.parser - DEBUG - Операция 7 успешно загружена
2025-09-27 13:10:38 - ROBOTY.parser - DEBUG - Операция 8 успешно загружена
2025-09-27 13:10:38 - ROBOTY.parser - DEBUG - Операция 9 успешно загружена
2025-09-27 13:10:38 - ROBOTY.parser - DEBUG - Операция 10 успешно загружена
2025-09-27 13:10:38 - ROBOTY.parser - DEBUG - Операция 11 успешно загружена
2025-09-27 13:10:38 - ROBOTY.parser - DEBUG - Операция 12 успешно загружена
2025-09-27 13:10:38 - ROBOTY.parser - DEBUG - Операция 13 успешно загружена
2025-09-27 13:10:38 - ROBOTY.parser - DEBUG - Операция 14 успешно загружена
2025-09-27 13:10:38 - ROBOTY.parser - DEBUG - Операция 15 успешно загружена
2025-09-27 13:10:38 - ROBOTY.parser - DEBUG - Операция 16 успешно загружена
2025-09-27 13:10:38 - ROBOTY.parser - DEBUG - Операция 17 успешно загружена
2025-09-27 13:10:38 - ROBOTY.parser - DEBUG - Операция 18 успешно загружена
2025-09-27 13:10:38 - ROBOTY.parser - DEBUG - Операция 19 успешно загружена
2025-09-27 13:10:38 - ROBOTY.parser - DEBUG - Операция 20 успешно загружена
2025-09-27 13:10:38 - ROBOTY.parser - DEBUG - Операция 21 успешно загружена
2025-09-27 13:10:38 - ROBOTY.parser - DEBUG - Операция 22 успешно загружена
2025-09-27 13:10:38 - ROBOTY.parser - DEBUG - Операция 23 успешно загружена
2025-09-27 13:10:38 - ROBOTY.parser - DEBUG - Операция 24 успешно загружена
2025-09-27 13:10:38 - ROBOTY.parser - DEBUG - Операция 25 успешно загружена
2025-09-27 13:10:38 - ROBOTY.parser - DEBUG - Операция 26 успешно загружена
2025-09-27 13:10:38 - ROBOTY.parser - DEBUG - Операция 27 успешно загружена
2025-09-27 13:10:38 - ROBOTY.parser - DEBUG - Операция 28 успешно загружена
2025-09-27 13:10:38 - ROBOTY.parser - DEBUG - Операция 29 успешно загружена
2025-09-27 13:10:38 - ROBOTY.parser - DEBUG - Операция 30 успешно загружена
2025-09-27 13:10:38 - ROBOTY.parser - INFO - Загружено 4 роботов и 30 операций
2025-09-27 13:10:40 - ROBOTY.main - INFO - Запуск планировщика
2025-09-27 13:10:40 - ROBOTY.planner - INFO - Запуск планировщика траекторий
2025-09-27 13:10:40 - ROBOTY.assigner - INFO - Начинаем назначение операций методом: balanced
2025-09-27 13:10:40 - ROBOTY.assigner - DEBUG - Операция 0 назначена роботу 2 (нагрузка: 4.77)
2025-09-27 13:10:40 - ROBOTY.assigner - DEBUG - Операция 1 назначена роботу 3 (нагрузка: 4.92)
2025-09-27 13:10:40 - ROBOTY.assigner - DEBUG - Операция 2 назначена роботу 0 (нагрузка: 7.37)
2025-09-27 13:10:40 - ROBOTY.assigner - DEBUG - Операция 3 назначена роботу 1 (нагрузка: 10.96)
2025-09-27 13:10:40 - ROBOTY.assigner - DEBUG - Операция 4 назначена роботу 3 (нагрузка: 17.94)
2025-09-27 13:10:40 - ROBOTY.assigner - DEBUG - Операция 5 назначена роботу 0 (нагрузка: 16.78)
2025-09-27 13:10:40 - ROBOTY.assigner - DEBUG - Операция 6 назначена роботу 2 (нагрузка: 16.31)
2025-09-27 13:10:40 - ROBOTY.assigner - DEBUG - Операция 7 назначена роботу 1 (нагрузка: 21.67)
2025-09-27 13:10:40 - ROBOTY.assigner - DEBUG - Операция 8 назначена роботу 3 (нагрузка: 22.49)
2025-09-27 13:10:40 - ROBOTY.assigner - DEBUG - Операция 9 назначена роботу 0 (нагрузка: 27.55)
2025-09-27 13:10:40 - ROBOTY.assigner - DEBUG - Операция 10 назначена роботу 2 (нагрузка: 27.53)
2025-09-27 13:10:40 - ROBOTY.assigner - DEBUG - Операция 11 назначена роботу 1 (нагрузка: 29.28)
2025-09-27 13:10:40 - ROBOTY.assigner - DEBUG - Операция 12 назначена роботу 3 (нагрузка: 28.84)
2025-09-27 13:10:40 - ROBOTY.assigner - DEBUG - Операция 13 назначена роботу 3 (нагрузка: 35.80)
2025-09-27 13:10:40 - ROBOTY.assigner - DEBUG - Операция 14 назначена роботу 0 (нагрузка: 40.84)
2025-09-27 13:10:40 - ROBOTY.assigner - DEBUG - Операция 15 назначена роботу 2 (нагрузка: 37.70)
2025-09-27 13:10:40 - ROBOTY.assigner - DEBUG - Операция 16 назначена роботу 1 (нагрузка: 35.77)
2025-09-27 13:10:40 - ROBOTY.assigner - DEBUG - Операция 17 назначена роботу 3 (нагрузка: 46.98)
2025-09-27 13:10:40 - ROBOTY.assigner - DEBUG - Операция 18 назначена роботу 1 (нагрузка: 42.43)
2025-09-27 13:10:40 - ROBOTY.assigner - DEBUG - Операция 19 назначена роботу 1 (нагрузка: 48.04)
2025-09-27 13:10:40 - ROBOTY.assigner - DEBUG - Операция 20 назначена роботу 0 (нагрузка: 48.06)
2025-09-27 13:10:40 - ROBOTY.assigner - DEBUG - Операция 21 назначена роботу 2 (нагрузка: 53.37)
2025-09-27 13:10:40 - ROBOTY.assigner - DEBUG - Операция 22 назначена роботу 0 (нагрузка: 54.73)
2025-09-27 13:10:40 - ROBOTY.assigner - DEBUG - Операция 23 назначена роботу 1 (нагрузка: 53.01)
2025-09-27 13:10:40 - ROBOTY.assigner - DEBUG - Операция 24 назначена роботу 3 (нагрузка: 53.95)
2025-09-27 13:10:40 - ROBOTY.assigner - DEBUG - Операция 25 назначена роботу 1 (нагрузка: 61.55)
2025-09-27 13:10:40 - ROBOTY.assigner - DEBUG - Операция 26 назначена роботу 3 (нагрузка: 62.43)
2025-09-27 13:10:40 - ROBOTY.assigner - DEBUG - Операция 27 назначена роботу 0 (нагрузка: 61.59)
2025-09-27 13:10:40 - ROBOTY.assigner - DEBUG - Операция 28 назначена роботу 2 (нагрузка: 67.15)
2025-09-27 13:10:40 - ROBOTY.assigner - DEBUG - Операция 29 назначена роботу 3 (нагрузка: 67.98)
2025-09-27 13:10:40 - ROBOTY.assigner - INFO - Распределено 30 операций с балансировкой нагрузки
2025-09-27 13:10:40 - ROBOTY.assigner - INFO - Итоговые нагрузки роботов: ['61.59', '61.55', '67.15', '67.98']
2025-09-27 13:10:40 - ROBOTY.assigner - INFO - Робот 0: 7 операций, нагрузка 61.59
2025-09-27 13:10:40 - ROBOTY.assigner - INFO - Робот 1: 8 операций, нагрузка 61.55
2025-09-27 13:10:40 - ROBOTY.assigner - INFO - Робот 2: 6 операций, нагрузка 67.15
2025-09-27 13:10:40 - ROBOTY.assigner - INFO - Робот 3: 9 операций, нагрузка 67.98
2025-09-27 13:10:40 - ROBOTY.planner - INFO - Операции назначены методом: balanced
2025-09-27 13:10:40 - ROBOTY.planner - INFO - Планирование траектории для робота 1 (ID: 1) с 7 операциями
2025-09-27 13:10:40 - ROBOTY.planner - DEBUG - Планирование траектории для робота с 7 операциями
2025-09-27 13:10:40 - ROBOTY.planner - DEBUG - Операция 1 запланирована, время завершения: 9.32
2025-09-27 13:10:40 - ROBOTY.planner - DEBUG - Операция 2 запланирована, время завершения: 20.49
2025-09-27 13:10:40 - ROBOTY.planner - DEBUG - Операция 3 запланирована, время завершения: 31.47
2025-09-27 13:10:40 - ROBOTY.planner - DEBUG - Операция 4 запланирована, время завершения: 42.85
2025-09-27 13:10:40 - ROBOTY.planner - DEBUG - Операция 5 запланирована, время завершения: 50.90
2025-09-27 13:10:40 - ROBOTY.planner - DEBUG - Операция 6 запланирована, время завершения: 62.67
2025-09-27 13:10:40 - ROBOTY.planner - DEBUG - Операция 7 запланирована, время завершения: 72.30
2025-09-27 13:10:40 - ROBOTY.planner - INFO - Траектория робота запланирована, общее время: 72.30
2025-09-27 13:10:40 - ROBOTY.planner - INFO - Робот 1: траектория содержит 168 точек
2025-09-27 13:10:40 - ROBOTY.planner - INFO - Планирование траектории для робота 2 (ID: 2) с 8 операциями
2025-09-27 13:10:40 - ROBOTY.planner - DEBUG - Планирование траектории для робота с 8 операциями
2025-09-27 13:10:40 - ROBOTY.planner - DEBUG - Операция 1 запланирована, время завершения: 12.96
2025-09-27 13:10:40 - ROBOTY.planner - DEBUG - Операция 2 запланирована, время завершения: 21.63
2025-09-27 13:10:40 - ROBOTY.planner - DEBUG - Операция 3 запланирована, время завершения: 33.18
2025-09-27 13:10:40 - ROBOTY.planner - DEBUG - Операция 4 запланирована, время завершения: 40.50
2025-09-27 13:10:40 - ROBOTY.planner - DEBUG - Операция 5 запланирована, время завершения: 47.55
2025-09-27 13:10:40 - ROBOTY.planner - DEBUG - Операция 6 запланирована, время завершения: 58.76
2025-09-27 13:10:40 - ROBOTY.planner - DEBUG - Операция 7 запланирована, время завершения: 66.36
2025-09-27 13:10:40 - ROBOTY.planner - DEBUG - Операция 8 запланирована, время завершения: 74.63
2025-09-27 13:10:40 - ROBOTY.planner - INFO - Траектория робота запланирована, общее время: 74.63
2025-09-27 13:10:40 - ROBOTY.planner - INFO - Робот 2: траектория содержит 192 точек
2025-09-27 13:10:40 - ROBOTY.planner - INFO - Планирование траектории для робота 3 (ID: 3) с 6 операциями
2025-09-27 13:10:40 - ROBOTY.planner - DEBUG - Планирование траектории для робота с 6 операциями
2025-09-27 13:10:40 - ROBOTY.planner - DEBUG - Операция 1 запланирована, время завершения: 6.61
2025-09-27 13:10:40 - ROBOTY.planner - DEBUG - Операция 2 запланирована, время завершения: 18.48
2025-09-27 13:10:40 - ROBOTY.planner - DEBUG - Операция 3 запланирована, время завершения: 29.53
2025-09-27 13:10:40 - ROBOTY.planner - DEBUG - Операция 4 запланирована, время завершения: 45.28
2025-09-27 13:10:40 - ROBOTY.planner - DEBUG - Операция 5 запланирована, время завершения: 57.29
2025-09-27 13:10:40 - ROBOTY.planner - DEBUG - Операция 6 запланирована, время завершения: 68.82
2025-09-27 13:10:40 - ROBOTY.planner - INFO - Траектория робота запланирована, общее время: 68.82
2025-09-27 13:10:40 - ROBOTY.planner - INFO - Робот 3: траектория содержит 144 точек
2025-09-27 13:10:40 - ROBOTY.planner - INFO - Планирование траектории для робота 4 (ID: 4) с 9 операциями
2025-09-27 13:10:40 - ROBOTY.planner - DEBUG - Планирование траектории для робота с 9 операциями
2025-09-27 13:10:40 - ROBOTY.planner - DEBUG - Операция 1 запланирована, время завершения: 6.40
2025-09-27 13:10:40 - ROBOTY.planner - DEBUG - Операция 2 запланирована, время завершения: 22.00
2025-09-27 13:10:40 - ROBOTY.planner - DEBUG - Операция 3 запланирована, время завершения: 30.35
2025-09-27 13:10:40 - ROBOTY.planner - DEBUG - Операция 4 запланирована, время завершения: 35.85
2025-09-27 13:10:40 - ROBOTY.planner - DEBUG - Операция 5 запланирована, время завершения: 44.59
2025-09-27 13:10:40 - ROBOTY.planner - DEBUG - Операция 6 запланирована, время завершения: 54.13
2025-09-27 13:10:40 - ROBOTY.planner - DEBUG - Операция 7 запланирована, время завершения: 65.04
2025-09-27 13:10:40 - ROBOTY.planner - DEBUG - Операция 8 запланирована, время завершения: 75.45
2025-09-27 13:10:40 - ROBOTY.planner - DEBUG - Операция 9 запланирована, время завершения: 82.02
2025-09-27 13:10:40 - ROBOTY.planner - INFO - Траектория робота запланирована, общее время: 82.02
2025-09-27 13:10:40 - ROBOTY.planner - INFO - Робот 4: траектория содержит 216 точек
2025-09-27 13:10:40 - ROBOTY.planner - INFO - Планирование завершено. Makespan: 82.02
2025-09-27 13:10:40 - ROBOTY.main - INFO - Планировщик успешно завершил работу
2025-09-27 13:10:40 - ROBOTY.collision - INFO - Начинаем детальную проверку коллизий
2025-09-27 13:10:40 - ROBOTY.collision - DEBUG - Проверяем коллизии в диапазоне времени: 0.00 - 82.02
2025-09-27 13:10:40 - ROBOTY.collision - WARNING - Коллизия: роботы 1 и 3 в 13.30s, расстояние: 0.496, требуется: 0.500
2025-09-27 13:10:40 - ROBOTY.collision - WARNING - Коллизия: роботы 1 и 3 в 13.40s, расстояние: 0.488, требуется: 0.500
2025-09-27 13:10:40 - ROBOTY.collision - WARNING - Коллизия: роботы 1 и 4 в 43.30s, расстояние: 0.403, требуется: 0.500
2025-09-27 13:10:40 - ROBOTY.collision - WARNING - Коллизия: роботы 1 и 4 в 43.40s, расстояние: 0.310, требуется: 0.500
2025-09-27 13:10:40 - ROBOTY.collision - WARNING - Коллизия: роботы 1 и 4 в 43.50s, расстояние: 0.271, требуется: 0.500
2025-09-27 13:10:40 - ROBOTY.collision - WARNING - Коллизия: роботы 1 и 4 в 43.60s, расстояние: 0.297, требуется: 0.500
2025-09-27 13:10:40 - ROBOTY.collision - WARNING - Коллизия: роботы 1 и 4 в 43.70s, расстояние: 0.378, требуется: 0.500
2025-09-27 13:10:40 - ROBOTY.collision - WARNING - Коллизия: роботы 1 и 4 в 43.80s, расстояние: 0.480, требуется: 0.500
2025-09-27 13:10:40 - ROBOTY.collision - ERROR - Обнаружено 8 коллизий
2025-09-27 13:10:40 - ROBOTY.main - WARNING - Обнаружено 8 коллизий, применяем онлайн-безопасность
2025-09-27 13:10:40 - ROBOTY.safety - INFO - Применяем онлайн-безопасность: вставка пауз при коллизиях
2025-09-27 13:10:40 - ROBOTY.collision - INFO - Начинаем детальную проверку коллизий
2025-09-27 13:10:40 - ROBOTY.collision - DEBUG - Проверяем коллизии в диапазоне времени: 0.00 - 82.02
2025-09-27 13:10:40 - ROBOTY.collision - WARNING - Коллизия: роботы 1 и 3 в 13.30s, расстояние: 0.496, требуется: 0.500
2025-09-27 13:10:40 - ROBOTY.collision - WARNING - Коллизия: роботы 1 и 3 в 13.35s, расстояние: 0.485, требуется: 0.500
2025-09-27 13:10:40 - ROBOTY.collision - WARNING - Коллизия: роботы 1 и 3 в 13.40s, расстояние: 0.488, требуется: 0.500
2025-09-27 13:10:40 - ROBOTY.collision - WARNING - Коллизия: роботы 1 и 4 в 43.25s, расстояние: 0.465, требуется: 0.500
2025-09-27 13:10:40 - ROBOTY.collision - WARNING - Коллизия: роботы 1 и 4 в 43.30s, расстояние: 0.403, требуется: 0.500
2025-09-27 13:10:40 - ROBOTY.collision - WARNING - Коллизия: роботы 1 и 4 в 43.35s, расстояние: 0.349, требуется: 0.500
2025-09-27 13:10:40 - ROBOTY.collision - WARNING - Коллизия: роботы 1 и 4 в 43.40s, расстояние: 0.310, требуется: 0.500
2025-09-27 13:10:40 - ROBOTY.collision - WARNING - Коллизия: роботы 1 и 4 в 43.45s, расстояние: 0.284, требуется: 0.500
2025-09-27 13:10:40 - ROBOTY.collision - WARNING - Коллизия: роботы 1 и 4 в 43.50s, расстояние: 0.271, требуется: 0.500
2025-09-27 13:10:40 - ROBOTY.collision - WARNING - Коллизия: роботы 1 и 4 в 43.55s, расстояние: 0.275, требуется: 0.500
2025-09-27 13:10:40 - ROBOTY.collision - WARNING - Коллизия: роботы 1 и 4 в 43.60s, расстояние: 0.297, требуется: 0.500
2025-09-27 13:10:40 - ROBOTY.collision - WARNING - Коллизия: роботы 1 и 4 в 43.65s, расстояние: 0.333, требуется: 0.500
2025-09-27 13:10:40 - ROBOTY.collision - WARNING - Коллизия: роботы 1 и 4 в 43.70s, расстояние: 0.378, требуется: 0.500
2025-09-27 13:10:40 - ROBOTY.collision - WARNING - Коллизия: роботы 1 и 4 в 43.75s, расстояние: 0.429, требуется: 0.500
2025-09-27 13:10:40 - ROBOTY.collision - WARNING - Коллизия: роботы 1 и 4 в 43.80s, расстояние: 0.480, требуется: 0.500
2025-09-27 13:10:40 - ROBOTY.collision - ERROR - Обнаружено 15 коллизий
2025-09-27 13:10:40 - ROBOTY.safety - DEBUG - Добавлена пауза 0.60s роботу 1 в t=13.30s
2025-09-27 13:10:40 - ROBOTY.safety - DEBUG - Добавлена пауза 0.60s роботу 3 в t=13.30s
2025-09-27 13:10:40 - ROBOTY.safety - DEBUG - Добавлена пауза 0.60s роботу 1 в t=13.35s
2025-09-27 13:10:40 - ROBOTY.safety - DEBUG - Добавлена пауза 0.60s роботу 3 в t=13.35s
2025-09-27 13:10:40 - ROBOTY.safety - DEBUG - Добавлена пауза 0.60s роботу 1 в t=13.40s
2025-09-27 13:10:40 - ROBOTY.safety - DEBUG - Добавлена пауза 0.60s роботу 3 в t=13.40s
2025-09-27 13:10:40 - ROBOTY.safety - DEBUG - Добавлена пауза 0.60s роботу 1 в t=43.25s
2025-09-27 13:10:40 - ROBOTY.safety - DEBUG - Добавлена пауза 0.60s роботу 4 в t=43.25s
2025-09-27 13:10:40 - ROBOTY.safety - DEBUG - Добавлена пауза 0.60s роботу 1 в t=43.30s
2025-09-27 13:10:40 - ROBOTY.safety - DEBUG - Добавлена пауза 0.60s роботу 4 в t=43.30s
2025-09-27 13:10:40 - ROBOTY.safety - DEBUG - Добавлена пауза 0.60s роботу 1 в t=43.35s
2025-09-27 13:10:40 - ROBOTY.safety - DEBUG - Добавлена пауза 0.60s роботу 4 в t=43.35s
2025-09-27 13:10:40 - ROBOTY.safety - DEBUG - Добавлена пауза 0.60s роботу 1 в t=43.40s
2025-09-27 13:10:40 - ROBOTY.safety - DEBUG - Добавлена пауза 0.60s роботу 4 в t=43.40s
2025-09-27 13:10:40 - ROBOTY.safety - DEBUG - Добавлена пауза 0.60s роботу 1 в t=43.45s
2025-09-27 13:10:40 - ROBOTY.safety - DEBUG - Добавлена пауза 0.60s роботу 4 в t=43.45s
2025-09-27 13:10:40 - ROBOTY.safety - DEBUG - Добавлена пауза 0.60s роботу 1 в t=43.50s
2025-09-27 13:10:40 - ROBOTY.safety - DEBUG - Добавлена пауза 0.60s роботу 4 в t=43.50s
2025-09-27 13:10:40 - ROBOTY.safety - DEBUG - Добавлена пауза 0.60s роботу 1 в t=43.55s
2025-09-27 13:10:40 - ROBOTY.safety - DEBUG - Добавлена пауза 0.60s роботу 4 в t=43.55s
2025-09-27 13:10:40 - ROBOTY.safety - DEBUG - Добавлена пауза 0.60s роботу 1 в t=43.60s
2025-09-27 13:10:40 - ROBOTY.safety - DEBUG - Добавлена пауза 0.60s роботу 4 в t=43.60s
2025-09-27 13:10:40 - ROBOTY.safety - DEBUG - Добавлена пауза 0.60s роботу 1 в t=43.65s
2025-09-27 13:10:40 - ROBOTY.safety - DEBUG - Добавлена пауза 0.60s роботу 4 в t=43.65s
2025-09-27 13:10:40 - ROBOTY.safety - DEBUG - Добавлена пауза 0.60s роботу 1 в t=43.70s
2025-09-27 13:10:40 - ROBOTY.safety - DEBUG - Добавлена пауза 0.60s роботу 4 в t=43.70s
2025-09-27 13:10:40 - ROBOTY.safety - DEBUG - Добавлена пауза 0.60s роботу 1 в t=43.75s
2025-09-27 13:10:40 - ROBOTY.safety - DEBUG - Добавлена пауза 0.60s роботу 4 в t=43.75s
2025-09-27 13:10:40 - ROBOTY.safety - DEBUG - Добавлена пауза 0.60s роботу 1 в t=43.80s
2025-09-27 13:10:40 - ROBOTY.safety - DEBUG - Добавлена пауза 0.60s роботу 4 в t=43.80s
2025-09-27 13:10:40 - ROBOTY.safety - INFO - Онлайн-безопасность применена: паузы вставлены
2025-09-27 13:10:40 - ROBOTY.collision - INFO - Начинаем детальную проверку коллизий
2025-09-27 13:10:40 - ROBOTY.collision - DEBUG - Проверяем коллизии в диапазоне времени: 0.00 - 89.22
2025-09-27 13:10:40 - ROBOTY.collision - WARNING - Коллизия: роботы 1 и 3 в 13.30s, расстояние: 0.496, требуется: 0.500
2025-09-27 13:10:40 - ROBOTY.collision - WARNING - Коллизия: роботы 1 и 3 в 13.40s, расстояние: 0.496, требуется: 0.500
2025-09-27 13:10:40 - ROBOTY.collision - WARNING - Коллизия: роботы 1 и 3 в 13.50s, расстояние: 0.496, требуется: 0.500
2025-09-27 13:10:40 - ROBOTY.collision - WARNING - Коллизия: роботы 1 и 3 в 13.60s, расстояние: 0.496, требуется: 0.500
2025-09-27 13:10:40 - ROBOTY.collision - WARNING - Коллизия: роботы 1 и 3 в 13.70s, расстояние: 0.496, требуется: 0.500
2025-09-27 13:10:40 - ROBOTY.collision - WARNING - Коллизия: роботы 1 и 3 в 13.80s, расстояние: 0.496, требуется: 0.500
2025-09-27 13:10:40 - ROBOTY.collision - WARNING - Коллизия: роботы 1 и 3 в 13.90s, расстояние: 0.496, требуется: 0.500
2025-09-27 13:10:40 - ROBOTY.collision - WARNING - Коллизия: роботы 1 и 3 в 14.00s, расстояние: 0.496, требуется: 0.500
2025-09-27 13:10:40 - ROBOTY.collision - WARNING - Коллизия: роботы 1 и 3 в 14.10s, расстояние: 0.496, требуется: 0.500
2025-09-27 13:10:40 - ROBOTY.collision - WARNING - Коллизия: роботы 1 и 3 в 14.20s, расстояние: 0.496, требуется: 0.500
2025-09-27 13:10:40 - ROBOTY.collision - WARNING - Коллизия: роботы 1 и 3 в 14.30s, расстояние: 0.496, требуется: 0.500
2025-09-27 13:10:40 - ROBOTY.collision - WARNING - Коллизия: роботы 1 и 3 в 14.40s, расстояние: 0.496, требуется: 0.500
2025-09-27 13:10:40 - ROBOTY.collision - WARNING - Коллизия: роботы 1 и 3 в 14.50s, расстояние: 0.496, требуется: 0.500
2025-09-27 13:10:40 - ROBOTY.collision - WARNING - Коллизия: роботы 1 и 3 в 14.60s, расстояние: 0.496, требуется: 0.500
2025-09-27 13:10:40 - ROBOTY.collision - WARNING - Коллизия: роботы 1 и 3 в 14.70s, расстояние: 0.496, требуется: 0.500
2025-09-27 13:10:40 - ROBOTY.collision - WARNING - Коллизия: роботы 1 и 3 в 14.80s, расстояние: 0.496, требуется: 0.500
2025-09-27 13:10:40 - ROBOTY.collision - WARNING - Коллизия: роботы 1 и 3 в 14.90s, расстояние: 0.496, требуется: 0.500
2025-09-27 13:10:40 - ROBOTY.collision - WARNING - Коллизия: роботы 1 и 3 в 15.00s, расстояние: 0.496, требуется: 0.500
2025-09-27 13:10:40 - ROBOTY.collision - WARNING - Коллизия: роботы 1 и 3 в 15.10s, расстояние: 0.496, требуется: 0.500
2025-09-27 13:10:40 - ROBOTY.collision - WARNING - Коллизия: роботы 1 и 3 в 15.20s, расстояние: 0.488, требуется: 0.500
2025-09-27 13:10:40 - ROBOTY.collision - WARNING - Коллизия: роботы 1 и 4 в 17.60s, расстояние: 0.428, требуется: 0.500
2025-09-27 13:10:40 - ROBOTY.collision - WARNING - Коллизия: роботы 1 и 4 в 17.70s, расстояние: 0.374, требуется: 0.500
2025-09-27 13:10:40 - ROBOTY.collision - WARNING - Коллизия: роботы 1 и 4 в 17.80s, расстояние: 0.455, требуется: 0.500
2025-09-27 13:10:40 - ROBOTY.collision - WARNING - Коллизия: роботы 1 и 4 в 51.90s, расстояние: 0.489, требуется: 0.500
2025-09-27 13:10:40 - ROBOTY.collision - WARNING - Коллизия: роботы 1 и 4 в 52.00s, расстояние: 0.428, требуется: 0.500
2025-09-27 13:10:40 - ROBOTY.collision - WARNING - Коллизия: роботы 1 и 4 в 52.10s, расстояние: 0.355, требуется: 0.500
2025-09-27 13:10:40 - ROBOTY.collision - WARNING - Коллизия: роботы 1 и 4 в 52.20s, расстояние: 0.197, требуется: 0.500
2025-09-27 13:10:40 - ROBOTY.collision - WARNING - Коллизия: роботы 1 и 4 в 52.30s, расстояние: 0.093, требуется: 0.500
2025-09-27 13:10:40 - ROBOTY.collision - WARNING - Коллизия: роботы 1 и 4 в 52.40s, расстояние: 0.224, требуется: 0.500
2025-09-27 13:10:40 - ROBOTY.collision - WARNING - Коллизия: роботы 1 и 4 в 52.50s, расстояние: 0.451, требуется: 0.500
2025-09-27 13:10:40 - ROBOTY.collision - ERROR - Обнаружено 30 коллизий
2025-09-27 13:10:40 - ROBOTY.main - WARNING - Коллизии сохраняются после вставки пауз
2025-09-27 13:10:42 - ROBOTY.main - INFO - Запуск десктопного 3D Viewer
2025-09-27 13:10:42 - ROBOTY.native_3d - INFO - Парсинг завершен: 4 роботов
2025-09-27 13:10:42 - ROBOTY.native_3d - INFO - Native 3D Viewer инициализирован
2025-09-27 13:10:42 - ROBOTY.main - INFO - Десктопный 3D Viewer успешно запущен
2025-09-27 13:11:26 - ROBOTY.native_3d - INFO - Закрытие Native 3D Viewer
