2025-09-24 15:29:41 - ROBOTY.main - INFO - Запуск приложения ROBOTY
2025-09-24 15:29:41 - ROBOTY.main - INFO - Применена тема: light
2025-09-24 15:29:41 - ROBOTY.main - INFO - Интерфейс инициализирован
2025-09-24 15:29:41 - ROBOTY.main - INFO - Приложение успешно запущено
2025-09-24 15:29:47 - ROBOTY.main - INFO - Создан входной файл: C:\Users\79518\.cursor\ROBOTY\data\input_20250924_152944.json
2025-09-24 15:29:47 - ROBOTY.parser - INFO - Начинаем загрузку файла: C:\Users\79518\.cursor\ROBOTY\data\input_20250924_152944.json
2025-09-24 15:29:47 - ROBOTY.parser - INFO - Файл C:\Users\79518\.cursor\ROBOTY\data\input_20250924_152944.json успешно загружен
2025-09-24 15:29:47 - ROBOTY.parser - DEBUG - Робот 1 успешно загружен
2025-09-24 15:29:47 - ROBOTY.parser - DEBUG - Операция 1 успешно загружена
2025-09-24 15:29:47 - ROBOTY.parser - DEBUG - Операция 2 успешно загружена
2025-09-24 15:29:47 - ROBOTY.parser - DEBUG - Операция 3 успешно загружена
2025-09-24 15:29:47 - ROBOTY.parser - DEBUG - Операция 4 успешно загружена
2025-09-24 15:29:47 - ROBOTY.parser - DEBUG - Операция 5 успешно загружена
2025-09-24 15:29:47 - ROBOTY.parser - DEBUG - Операция 6 успешно загружена
2025-09-24 15:29:47 - ROBOTY.parser - DEBUG - Операция 7 успешно загружена
2025-09-24 15:29:47 - ROBOTY.parser - DEBUG - Операция 8 успешно загружена
2025-09-24 15:29:47 - ROBOTY.parser - DEBUG - Операция 9 успешно загружена
2025-09-24 15:29:47 - ROBOTY.parser - DEBUG - Операция 10 успешно загружена
2025-09-24 15:29:47 - ROBOTY.parser - DEBUG - Операция 11 успешно загружена
2025-09-24 15:29:47 - ROBOTY.parser - DEBUG - Операция 12 успешно загружена
2025-09-24 15:29:47 - ROBOTY.parser - DEBUG - Операция 13 успешно загружена
2025-09-24 15:29:47 - ROBOTY.parser - DEBUG - Операция 14 успешно загружена
2025-09-24 15:29:47 - ROBOTY.parser - DEBUG - Операция 15 успешно загружена
2025-09-24 15:29:47 - ROBOTY.parser - DEBUG - Операция 16 успешно загружена
2025-09-24 15:29:47 - ROBOTY.parser - DEBUG - Операция 17 успешно загружена
2025-09-24 15:29:47 - ROBOTY.parser - DEBUG - Операция 18 успешно загружена
2025-09-24 15:29:47 - ROBOTY.parser - DEBUG - Операция 19 успешно загружена
2025-09-24 15:29:47 - ROBOTY.parser - DEBUG - Операция 20 успешно загружена
2025-09-24 15:29:47 - ROBOTY.parser - DEBUG - Операция 21 успешно загружена
2025-09-24 15:29:47 - ROBOTY.parser - DEBUG - Операция 22 успешно загружена
2025-09-24 15:29:47 - ROBOTY.parser - DEBUG - Операция 23 успешно загружена
2025-09-24 15:29:47 - ROBOTY.parser - DEBUG - Операция 24 успешно загружена
2025-09-24 15:29:47 - ROBOTY.parser - DEBUG - Операция 25 успешно загружена
2025-09-24 15:29:47 - ROBOTY.parser - DEBUG - Операция 26 успешно загружена
2025-09-24 15:29:47 - ROBOTY.parser - DEBUG - Операция 27 успешно загружена
2025-09-24 15:29:47 - ROBOTY.parser - DEBUG - Операция 28 успешно загружена
2025-09-24 15:29:47 - ROBOTY.parser - DEBUG - Операция 29 успешно загружена
2025-09-24 15:29:47 - ROBOTY.parser - DEBUG - Операция 30 успешно загружена
2025-09-24 15:29:47 - ROBOTY.parser - INFO - Загружено 1 роботов и 30 операций
2025-09-24 15:29:53 - ROBOTY.main - INFO - Запуск планировщика
2025-09-24 15:29:53 - ROBOTY.planner - INFO - Запуск планировщика траекторий
2025-09-24 15:29:53 - ROBOTY.assigner - INFO - Начинаем назначение операций методом: balanced
2025-09-24 15:29:53 - ROBOTY.assigner - DEBUG - Операция 0 назначена роботу 0 (нагрузка: 14.71)
2025-09-24 15:29:53 - ROBOTY.assigner - DEBUG - Операция 1 назначена роботу 0 (нагрузка: 38.45)
2025-09-24 15:29:53 - ROBOTY.assigner - DEBUG - Операция 2 назначена роботу 0 (нагрузка: 61.80)
2025-09-24 15:29:53 - ROBOTY.assigner - DEBUG - Операция 3 назначена роботу 0 (нагрузка: 78.63)
2025-09-24 15:29:53 - ROBOTY.assigner - DEBUG - Операция 4 назначена роботу 0 (нагрузка: 95.31)
2025-09-24 15:29:53 - ROBOTY.assigner - DEBUG - Операция 5 назначена роботу 0 (нагрузка: 121.90)
2025-09-24 15:29:53 - ROBOTY.assigner - DEBUG - Операция 6 назначена роботу 0 (нагрузка: 151.13)
2025-09-24 15:29:53 - ROBOTY.assigner - DEBUG - Операция 7 назначена роботу 0 (нагрузка: 169.68)
2025-09-24 15:29:53 - ROBOTY.assigner - DEBUG - Операция 8 назначена роботу 0 (нагрузка: 186.92)
2025-09-24 15:29:53 - ROBOTY.assigner - DEBUG - Операция 9 назначена роботу 0 (нагрузка: 210.85)
2025-09-24 15:29:53 - ROBOTY.assigner - DEBUG - Операция 10 назначена роботу 0 (нагрузка: 219.64)
2025-09-24 15:29:53 - ROBOTY.assigner - DEBUG - Операция 11 назначена роботу 0 (нагрузка: 238.49)
2025-09-24 15:29:53 - ROBOTY.assigner - DEBUG - Операция 12 назначена роботу 0 (нагрузка: 262.46)
2025-09-24 15:29:53 - ROBOTY.assigner - DEBUG - Операция 13 назначена роботу 0 (нагрузка: 280.64)
2025-09-24 15:29:53 - ROBOTY.assigner - DEBUG - Операция 14 назначена роботу 0 (нагрузка: 298.38)
2025-09-24 15:29:53 - ROBOTY.assigner - DEBUG - Операция 15 назначена роботу 0 (нагрузка: 311.22)
2025-09-24 15:29:53 - ROBOTY.assigner - DEBUG - Операция 16 назначена роботу 0 (нагрузка: 326.61)
2025-09-24 15:29:53 - ROBOTY.assigner - DEBUG - Операция 17 назначена роботу 0 (нагрузка: 346.66)
2025-09-24 15:29:53 - ROBOTY.assigner - DEBUG - Операция 18 назначена роботу 0 (нагрузка: 361.12)
2025-09-24 15:29:53 - ROBOTY.assigner - DEBUG - Операция 19 назначена роботу 0 (нагрузка: 376.98)
2025-09-24 15:29:53 - ROBOTY.assigner - DEBUG - Операция 20 назначена роботу 0 (нагрузка: 402.16)
2025-09-24 15:29:53 - ROBOTY.assigner - DEBUG - Операция 21 назначена роботу 0 (нагрузка: 416.15)
2025-09-24 15:29:53 - ROBOTY.assigner - DEBUG - Операция 22 назначена роботу 0 (нагрузка: 432.46)
2025-09-24 15:29:53 - ROBOTY.assigner - DEBUG - Операция 23 назначена роботу 0 (нагрузка: 450.01)
2025-09-24 15:29:53 - ROBOTY.assigner - DEBUG - Операция 24 назначена роботу 0 (нагрузка: 465.93)
2025-09-24 15:29:53 - ROBOTY.assigner - DEBUG - Операция 25 назначена роботу 0 (нагрузка: 479.19)
2025-09-24 15:29:53 - ROBOTY.assigner - DEBUG - Операция 26 назначена роботу 0 (нагрузка: 495.37)
2025-09-24 15:29:53 - ROBOTY.assigner - DEBUG - Операция 27 назначена роботу 0 (нагрузка: 503.11)
2025-09-24 15:29:53 - ROBOTY.assigner - DEBUG - Операция 28 назначена роботу 0 (нагрузка: 519.01)
2025-09-24 15:29:53 - ROBOTY.assigner - DEBUG - Операция 29 назначена роботу 0 (нагрузка: 532.00)
2025-09-24 15:29:53 - ROBOTY.assigner - INFO - Распределено 30 операций с балансировкой нагрузки
2025-09-24 15:29:53 - ROBOTY.assigner - INFO - Итоговые нагрузки роботов: ['532.00']
2025-09-24 15:29:53 - ROBOTY.assigner - INFO - Робот 0: 30 операций, нагрузка 532.00
2025-09-24 15:29:53 - ROBOTY.planner - INFO - Операции назначены методом: balanced
2025-09-24 15:29:53 - ROBOTY.planner - INFO - Планирование траектории для робота 1 (ID: 1) с 30 операциями
2025-09-24 15:29:53 - ROBOTY.planner - DEBUG - Планирование траектории для робота с 30 операциями
2025-09-24 15:29:53 - ROBOTY.planner - DEBUG - Операция 1 запланирована, время завершения: 16.35
2025-09-24 15:29:53 - ROBOTY.planner - DEBUG - Операция 2 запланирована, время завершения: 29.37
2025-09-24 15:29:53 - ROBOTY.planner - DEBUG - Операция 3 запланирована, время завершения: 48.82
2025-09-24 15:29:53 - ROBOTY.planner - DEBUG - Операция 4 запланирована, время завершения: 66.48
2025-09-24 15:29:53 - ROBOTY.planner - DEBUG - Операция 5 запланирована, время завершения: 79.83
2025-09-24 15:29:53 - ROBOTY.planner - DEBUG - Операция 6 запланирована, время завершения: 103.10
2025-09-24 15:29:53 - ROBOTY.planner - DEBUG - Операция 7 запланирована, время завершения: 127.34
2025-09-24 15:29:53 - ROBOTY.planner - DEBUG - Операция 8 запланирована, время завершения: 147.90
2025-09-24 15:29:53 - ROBOTY.planner - DEBUG - Операция 9 запланирована, время завершения: 162.81
2025-09-24 15:29:53 - ROBOTY.planner - DEBUG - Операция 10 запланирована, время завершения: 189.91
2025-09-24 15:29:53 - ROBOTY.planner - DEBUG - Операция 11 запланирована, время завершения: 204.40
2025-09-24 15:29:53 - ROBOTY.planner - DEBUG - Операция 12 запланирована, время завершения: 224.36
2025-09-24 15:29:53 - ROBOTY.planner - DEBUG - Операция 13 запланирована, время завершения: 242.17
2025-09-24 15:29:53 - ROBOTY.planner - DEBUG - Операция 14 запланирована, время завершения: 262.34
2025-09-24 15:29:53 - ROBOTY.planner - DEBUG - Операция 15 запланирована, время завершения: 279.57
2025-09-24 15:29:53 - ROBOTY.planner - DEBUG - Операция 16 запланирована, время завершения: 292.90
2025-09-24 15:29:53 - ROBOTY.planner - DEBUG - Операция 17 запланирована, время завершения: 305.48
2025-09-24 15:29:53 - ROBOTY.planner - DEBUG - Операция 18 запланирована, время завершения: 318.49
2025-09-24 15:29:53 - ROBOTY.planner - DEBUG - Операция 19 запланирована, время завершения: 335.56
2025-09-24 15:29:53 - ROBOTY.planner - DEBUG - Операция 20 запланирована, время завершения: 353.57
2025-09-24 15:29:53 - ROBOTY.planner - DEBUG - Операция 21 запланирована, время завершения: 378.64
2025-09-24 15:29:53 - ROBOTY.planner - DEBUG - Операция 22 запланирована, время завершения: 389.24
2025-09-24 15:29:53 - ROBOTY.planner - DEBUG - Операция 23 запланирована, время завершения: 404.43
2025-09-24 15:29:53 - ROBOTY.planner - DEBUG - Операция 24 запланирована, время завершения: 416.82
2025-09-24 15:29:53 - ROBOTY.planner - DEBUG - Операция 25 запланирована, время завершения: 436.81
2025-09-24 15:29:53 - ROBOTY.planner - DEBUG - Операция 26 запланирована, время завершения: 463.50
2025-09-24 15:29:53 - ROBOTY.planner - DEBUG - Операция 27 запланирована, время завершения: 474.25
2025-09-24 15:29:53 - ROBOTY.planner - DEBUG - Операция 28 запланирована, время завершения: 491.63
2025-09-24 15:29:53 - ROBOTY.planner - DEBUG - Операция 29 запланирована, время завершения: 504.82
2025-09-24 15:29:53 - ROBOTY.planner - DEBUG - Операция 30 запланирована, время завершения: 516.42
2025-09-24 15:29:53 - ROBOTY.planner - INFO - Траектория робота запланирована, общее время: 516.42
2025-09-24 15:29:53 - ROBOTY.planner - INFO - Робот 1: траектория содержит 720 точек
2025-09-24 15:29:53 - ROBOTY.planner - INFO - Планирование завершено. Makespan: 516.42
2025-09-24 15:29:53 - ROBOTY.main - INFO - Планировщик успешно завершил работу
2025-09-24 15:29:53 - ROBOTY.collision - INFO - Начинаем детальную проверку коллизий
2025-09-24 15:29:53 - ROBOTY.collision - INFO - Недостаточно роботов для проверки коллизий
2025-09-24 15:29:53 - ROBOTY.main - INFO - Коллизий не обнаружено
2025-09-24 15:29:54 - ROBOTY.main - INFO - Открытие визуализатора
2025-09-24 15:29:55 - ROBOTY.main - INFO - Визуализация успешно завершена
2025-09-24 15:29:55 - ROBOTY.visualizer - INFO - Запуск визуализации типа: 3d_anim
2025-09-24 15:29:55 - ROBOTY.visualizer - INFO - Создание 3D анимации траекторий
2025-09-24 15:29:55 - ROBOTY.visualizer - INFO - Создание 3D визуализации траекторий
2025-09-24 15:29:55 - ROBOTY.visualizer - INFO - 3D визуализация создана
2025-09-24 15:29:55 - ROBOTY.mesh_loader - INFO - OBJ загружен: 1758706684_68d3bbfcdbb32.obj, вершин=48087, треугольников=96202
2025-09-24 15:29:55 - ROBOTY.mesh_loader - INFO - Hand definition загружен: C:\Users\79518\OneDrive\Рабочий стол\Конкурс\Улучшения.txt, вершин=0, сегментов=0, точек=0
2025-09-24 15:30:29 - ROBOTY.visualizer - INFO - Визуализация сохранена в файл: C:\Users\79518\.cursor\ROBOTY\viz\..\outputs\visualizations\visualization_3d_anim_20250924_153023.html
2025-09-24 15:30:31 - ROBOTY.visualizer - INFO - Визуализация открыта в браузере
2025-09-24 15:30:31 - ROBOTY.main - INFO - Визуализация успешно завершена (в фоне)
