2025-09-26 13:42:55 - ROBOTY.main - INFO - Запуск приложения ROBOTY
2025-09-26 13:42:55 - ROBOTY.main - INFO - Применена тема: dark
2025-09-26 13:42:55 - ROBOTY.main - INFO - Интерфейс инициализирован
2025-09-26 13:42:56 - ROBOTY.main - INFO - Приложение успешно запущено
2025-09-26 13:42:59 - ROBOTY.main - INFO - Начинаем загрузку файла
2025-09-26 13:43:02 - ROBOTY.main - INFO - Загружаем файл: /Users/maksimchernukha/Documents/ROBOTY/data/input_20250923_225752.json
2025-09-26 13:43:02 - ROBOTY.parser - INFO - Начинаем загрузку файла: /Users/maksimchernukha/Documents/ROBOTY/data/input_20250923_225752.json
2025-09-26 13:43:02 - ROBOTY.parser - INFO - Файл /Users/maksimchernukha/Documents/ROBOTY/data/input_20250923_225752.json успешно загружен
2025-09-26 13:43:02 - ROBOTY.parser - DEBUG - Робот 1 успешно загружен
2025-09-26 13:43:02 - ROBOTY.parser - DEBUG - Робот 2 успешно загружен
2025-09-26 13:43:02 - ROBOTY.parser - DEBUG - Робот 3 успешно загружен
2025-09-26 13:43:02 - ROBOTY.parser - DEBUG - Робот 4 успешно загружен
2025-09-26 13:43:02 - ROBOTY.parser - DEBUG - Робот 5 успешно загружен
2025-09-26 13:43:02 - ROBOTY.parser - DEBUG - Робот 6 успешно загружен
2025-09-26 13:43:02 - ROBOTY.parser - DEBUG - Робот 7 успешно загружен
2025-09-26 13:43:02 - ROBOTY.parser - DEBUG - Робот 8 успешно загружен
2025-09-26 13:43:02 - ROBOTY.parser - DEBUG - Робот 9 успешно загружен
2025-09-26 13:43:02 - ROBOTY.parser - DEBUG - Робот 10 успешно загружен
2025-09-26 13:43:02 - ROBOTY.parser - DEBUG - Операция 1 успешно загружена
2025-09-26 13:43:02 - ROBOTY.parser - DEBUG - Операция 2 успешно загружена
2025-09-26 13:43:02 - ROBOTY.parser - DEBUG - Операция 3 успешно загружена
2025-09-26 13:43:02 - ROBOTY.parser - DEBUG - Операция 4 успешно загружена
2025-09-26 13:43:02 - ROBOTY.parser - DEBUG - Операция 5 успешно загружена
2025-09-26 13:43:02 - ROBOTY.parser - DEBUG - Операция 6 успешно загружена
2025-09-26 13:43:02 - ROBOTY.parser - DEBUG - Операция 7 успешно загружена
2025-09-26 13:43:02 - ROBOTY.parser - DEBUG - Операция 8 успешно загружена
2025-09-26 13:43:02 - ROBOTY.parser - DEBUG - Операция 9 успешно загружена
2025-09-26 13:43:02 - ROBOTY.parser - DEBUG - Операция 10 успешно загружена
2025-09-26 13:43:02 - ROBOTY.parser - DEBUG - Операция 11 успешно загружена
2025-09-26 13:43:02 - ROBOTY.parser - DEBUG - Операция 12 успешно загружена
2025-09-26 13:43:02 - ROBOTY.parser - DEBUG - Операция 13 успешно загружена
2025-09-26 13:43:02 - ROBOTY.parser - DEBUG - Операция 14 успешно загружена
2025-09-26 13:43:02 - ROBOTY.parser - DEBUG - Операция 15 успешно загружена
2025-09-26 13:43:02 - ROBOTY.parser - DEBUG - Операция 16 успешно загружена
2025-09-26 13:43:02 - ROBOTY.parser - DEBUG - Операция 17 успешно загружена
2025-09-26 13:43:02 - ROBOTY.parser - DEBUG - Операция 18 успешно загружена
2025-09-26 13:43:02 - ROBOTY.parser - DEBUG - Операция 19 успешно загружена
2025-09-26 13:43:02 - ROBOTY.parser - DEBUG - Операция 20 успешно загружена
2025-09-26 13:43:02 - ROBOTY.parser - DEBUG - Операция 21 успешно загружена
2025-09-26 13:43:02 - ROBOTY.parser - DEBUG - Операция 22 успешно загружена
2025-09-26 13:43:02 - ROBOTY.parser - DEBUG - Операция 23 успешно загружена
2025-09-26 13:43:02 - ROBOTY.parser - DEBUG - Операция 24 успешно загружена
2025-09-26 13:43:02 - ROBOTY.parser - DEBUG - Операция 25 успешно загружена
2025-09-26 13:43:02 - ROBOTY.parser - DEBUG - Операция 26 успешно загружена
2025-09-26 13:43:02 - ROBOTY.parser - DEBUG - Операция 27 успешно загружена
2025-09-26 13:43:02 - ROBOTY.parser - DEBUG - Операция 28 успешно загружена
2025-09-26 13:43:02 - ROBOTY.parser - DEBUG - Операция 29 успешно загружена
2025-09-26 13:43:02 - ROBOTY.parser - DEBUG - Операция 30 успешно загружена
2025-09-26 13:43:02 - ROBOTY.parser - INFO - Загружено 10 роботов и 30 операций
2025-09-26 13:43:02 - ROBOTY.main - INFO - Файл успешно загружен и распарсен
2025-09-26 13:43:03 - ROBOTY.main - INFO - Запуск планировщика
2025-09-26 13:43:03 - ROBOTY.planner - INFO - Запуск планировщика траекторий
2025-09-26 13:43:03 - ROBOTY.assigner - INFO - Начинаем назначение операций методом: balanced
2025-09-26 13:43:03 - ROBOTY.assigner - DEBUG - Операция 0 назначена роботу 4 (нагрузка: 2.42)
2025-09-26 13:43:03 - ROBOTY.assigner - DEBUG - Операция 1 назначена роботу 2 (нагрузка: 5.32)
2025-09-26 13:43:03 - ROBOTY.assigner - DEBUG - Операция 2 назначена роботу 6 (нагрузка: 7.32)
2025-09-26 13:43:03 - ROBOTY.assigner - DEBUG - Операция 3 назначена роботу 5 (нагрузка: 5.49)
2025-09-26 13:43:03 - ROBOTY.assigner - DEBUG - Операция 4 назначена роботу 0 (нагрузка: 8.33)
2025-09-26 13:43:03 - ROBOTY.assigner - DEBUG - Операция 5 назначена роботу 7 (нагрузка: 6.11)
2025-09-26 13:43:03 - ROBOTY.assigner - DEBUG - Операция 6 назначена роботу 3 (нагрузка: 10.51)
2025-09-26 13:43:03 - ROBOTY.assigner - DEBUG - Операция 7 назначена роботу 7 (нагрузка: 14.88)
2025-09-26 13:43:03 - ROBOTY.assigner - DEBUG - Операция 8 назначена роботу 2 (нагрузка: 11.55)
2025-09-26 13:43:03 - ROBOTY.assigner - DEBUG - Операция 9 назначена роботу 9 (нагрузка: 12.78)
2025-09-26 13:43:03 - ROBOTY.assigner - DEBUG - Операция 10 назначена роботу 4 (нагрузка: 9.32)
2025-09-26 13:43:03 - ROBOTY.assigner - DEBUG - Операция 11 назначена роботу 8 (нагрузка: 11.22)
2025-09-26 13:43:03 - ROBOTY.assigner - DEBUG - Операция 12 назначена роботу 1 (нагрузка: 18.08)
2025-09-26 13:43:03 - ROBOTY.assigner - DEBUG - Операция 13 назначена роботу 5 (нагрузка: 13.24)
2025-09-26 13:43:03 - ROBOTY.assigner - DEBUG - Операция 14 назначена роботу 4 (нагрузка: 19.89)
2025-09-26 13:43:03 - ROBOTY.assigner - DEBUG - Операция 15 назначена роботу 0 (нагрузка: 15.28)
2025-09-26 13:43:03 - ROBOTY.assigner - DEBUG - Операция 16 назначена роботу 2 (нагрузка: 19.32)
2025-09-26 13:43:03 - ROBOTY.assigner - DEBUG - Операция 17 назначена роботу 6 (нагрузка: 21.09)
2025-09-26 13:43:03 - ROBOTY.assigner - DEBUG - Операция 18 назначена роботу 3 (нагрузка: 24.21)
2025-09-26 13:43:03 - ROBOTY.assigner - DEBUG - Операция 19 назначена роботу 7 (нагрузка: 18.32)
2025-09-26 13:43:03 - ROBOTY.assigner - DEBUG - Операция 20 назначена роботу 0 (нагрузка: 23.34)
2025-09-26 13:43:03 - ROBOTY.assigner - DEBUG - Операция 21 назначена роботу 5 (нагрузка: 24.38)
2025-09-26 13:43:03 - ROBOTY.assigner - DEBUG - Операция 22 назначена роботу 7 (нагрузка: 23.31)
2025-09-26 13:43:03 - ROBOTY.assigner - DEBUG - Операция 23 назначена роботу 9 (нагрузка: 26.05)
2025-09-26 13:43:03 - ROBOTY.assigner - DEBUG - Операция 24 назначена роботу 8 (нагрузка: 17.03)
2025-09-26 13:43:03 - ROBOTY.assigner - DEBUG - Операция 25 назначена роботу 2 (нагрузка: 25.07)
2025-09-26 13:43:03 - ROBOTY.assigner - DEBUG - Операция 26 назначена роботу 1 (нагрузка: 26.68)
2025-09-26 13:43:03 - ROBOTY.assigner - DEBUG - Операция 27 назначена роботу 8 (нагрузка: 28.45)
2025-09-26 13:43:03 - ROBOTY.assigner - DEBUG - Операция 28 назначена роботу 4 (нагрузка: 26.76)
2025-09-26 13:43:03 - ROBOTY.assigner - DEBUG - Операция 29 назначена роботу 3 (нагрузка: 27.40)
2025-09-26 13:43:03 - ROBOTY.assigner - INFO - Распределено 30 операций с балансировкой нагрузки
2025-09-26 13:43:03 - ROBOTY.assigner - INFO - Итоговые нагрузки роботов: ['23.34', '26.68', '25.07', '27.40', '26.76', '24.38', '21.09', '23.31', '28.45', '26.05']
2025-09-26 13:43:03 - ROBOTY.assigner - INFO - Робот 0: 3 операций, нагрузка 23.34
2025-09-26 13:43:03 - ROBOTY.assigner - INFO - Робот 1: 2 операций, нагрузка 26.68
2025-09-26 13:43:03 - ROBOTY.assigner - INFO - Робот 2: 4 операций, нагрузка 25.07
2025-09-26 13:43:03 - ROBOTY.assigner - INFO - Робот 3: 3 операций, нагрузка 27.40
2025-09-26 13:43:03 - ROBOTY.assigner - INFO - Робот 4: 4 операций, нагрузка 26.76
2025-09-26 13:43:03 - ROBOTY.assigner - INFO - Робот 5: 3 операций, нагрузка 24.38
2025-09-26 13:43:03 - ROBOTY.assigner - INFO - Робот 6: 2 операций, нагрузка 21.09
2025-09-26 13:43:03 - ROBOTY.assigner - INFO - Робот 7: 4 операций, нагрузка 23.31
2025-09-26 13:43:03 - ROBOTY.assigner - INFO - Робот 8: 3 операций, нагрузка 28.45
2025-09-26 13:43:03 - ROBOTY.assigner - INFO - Робот 9: 2 операций, нагрузка 26.05
2025-09-26 13:43:03 - ROBOTY.planner - INFO - Операции назначены методом: balanced
2025-09-26 13:43:03 - ROBOTY.planner - INFO - Планирование траектории для робота 1 (ID: 1) с 3 операциями
2025-09-26 13:43:03 - ROBOTY.planner - DEBUG - Планирование траектории для робота с 3 операциями
2025-09-26 13:43:03 - ROBOTY.planner - DEBUG - Операция 1 запланирована, время завершения: 9.88
2025-09-26 13:43:03 - ROBOTY.planner - DEBUG - Операция 2 запланирована, время завершения: 21.35
2025-09-26 13:43:03 - ROBOTY.planner - DEBUG - Операция 3 запланирована, время завершения: 30.23
2025-09-26 13:43:03 - ROBOTY.planner - INFO - Траектория робота запланирована, общее время: 30.23
2025-09-26 13:43:03 - ROBOTY.planner - INFO - Робот 1: траектория содержит 72 точек
2025-09-26 13:43:03 - ROBOTY.planner - INFO - Планирование траектории для робота 2 (ID: 2) с 2 операциями
2025-09-26 13:43:03 - ROBOTY.planner - DEBUG - Планирование траектории для робота с 2 операциями
2025-09-26 13:43:03 - ROBOTY.planner - DEBUG - Операция 1 запланирована, время завершения: 19.41
2025-09-26 13:43:03 - ROBOTY.planner - DEBUG - Операция 2 запланирована, время завершения: 31.40
2025-09-26 13:43:03 - ROBOTY.planner - INFO - Траектория робота запланирована, общее время: 31.40
2025-09-26 13:43:03 - ROBOTY.planner - INFO - Робот 2: траектория содержит 48 точек
2025-09-26 13:43:03 - ROBOTY.planner - INFO - Планирование траектории для робота 3 (ID: 3) с 4 операциями
2025-09-26 13:43:03 - ROBOTY.planner - DEBUG - Планирование траектории для робота с 4 операциями
2025-09-26 13:43:03 - ROBOTY.planner - DEBUG - Операция 1 запланирована, время завершения: 7.02
2025-09-26 13:43:03 - ROBOTY.planner - DEBUG - Операция 2 запланирована, время завершения: 16.44
2025-09-26 13:43:03 - ROBOTY.planner - DEBUG - Операция 3 запланирована, время завершения: 29.74
2025-09-26 13:43:03 - ROBOTY.planner - DEBUG - Операция 4 запланирована, время завершения: 38.24
2025-09-26 13:43:03 - ROBOTY.planner - INFO - Траектория робота запланирована, общее время: 38.24
2025-09-26 13:43:03 - ROBOTY.planner - INFO - Робот 3: траектория содержит 96 точек
2025-09-26 13:43:03 - ROBOTY.planner - INFO - Планирование траектории для робота 4 (ID: 4) с 3 операциями
2025-09-26 13:43:03 - ROBOTY.planner - DEBUG - Планирование траектории для робота с 3 операциями
2025-09-26 13:43:03 - ROBOTY.planner - DEBUG - Операция 1 запланирована, время завершения: 12.84
2025-09-26 13:43:03 - ROBOTY.planner - DEBUG - Операция 2 запланирована, время завершения: 29.96
2025-09-26 13:43:03 - ROBOTY.planner - DEBUG - Операция 3 запланирована, время завершения: 42.13
2025-09-26 13:43:03 - ROBOTY.planner - INFO - Траектория робота запланирована, общее время: 42.13
2025-09-26 13:43:03 - ROBOTY.planner - INFO - Робот 4: траектория содержит 72 точек
2025-09-26 13:43:03 - ROBOTY.planner - INFO - Планирование траектории для робота 5 (ID: 5) с 4 операциями
2025-09-26 13:43:03 - ROBOTY.planner - DEBUG - Планирование траектории для робота с 4 операциями
2025-09-26 13:43:03 - ROBOTY.planner - DEBUG - Операция 1 запланирована, время завершения: 4.64
2025-09-26 13:43:03 - ROBOTY.planner - DEBUG - Операция 2 запланирована, время завершения: 13.69
2025-09-26 13:43:03 - ROBOTY.planner - DEBUG - Операция 3 запланирована, время завершения: 26.14
2025-09-26 13:43:03 - ROBOTY.planner - DEBUG - Операция 4 запланирована, время завершения: 38.49
2025-09-26 13:43:03 - ROBOTY.planner - INFO - Траектория робота запланирована, общее время: 38.49
2025-09-26 13:43:03 - ROBOTY.planner - INFO - Робот 5: траектория содержит 96 точек
2025-09-26 13:43:03 - ROBOTY.planner - INFO - Планирование траектории для робота 6 (ID: 6) с 3 операциями
2025-09-26 13:43:03 - ROBOTY.planner - DEBUG - Планирование траектории для робота с 3 операциями
2025-09-26 13:43:03 - ROBOTY.planner - DEBUG - Операция 1 запланирована, время завершения: 7.45
2025-09-26 13:43:03 - ROBOTY.planner - DEBUG - Операция 2 запланирована, время завершения: 14.63
2025-09-26 13:43:03 - ROBOTY.planner - DEBUG - Операция 3 запланирована, время завершения: 27.81
2025-09-26 13:43:03 - ROBOTY.planner - INFO - Траектория робота запланирована, общее время: 27.81
2025-09-26 13:43:03 - ROBOTY.planner - INFO - Робот 6: траектория содержит 72 точек
2025-09-26 13:43:03 - ROBOTY.planner - INFO - Планирование траектории для робота 7 (ID: 7) с 2 операциями
2025-09-26 13:43:03 - ROBOTY.planner - DEBUG - Планирование траектории для робота с 2 операциями
2025-09-26 13:43:03 - ROBOTY.planner - DEBUG - Операция 1 запланирована, время завершения: 8.87
2025-09-26 13:43:03 - ROBOTY.planner - DEBUG - Операция 2 запланирована, время завершения: 25.14
2025-09-26 13:43:03 - ROBOTY.planner - INFO - Траектория робота запланирована, общее время: 25.14
2025-09-26 13:43:03 - ROBOTY.planner - INFO - Робот 7: траектория содержит 48 точек
2025-09-26 13:43:03 - ROBOTY.planner - INFO - Планирование траектории для робота 8 (ID: 8) с 4 операциями
2025-09-26 13:43:03 - ROBOTY.planner - DEBUG - Планирование траектории для робота с 4 операциями
2025-09-26 13:43:03 - ROBOTY.planner - DEBUG - Операция 1 запланирована, время завершения: 8.33
2025-09-26 13:43:03 - ROBOTY.planner - DEBUG - Операция 2 запланирована, время завершения: 20.64
2025-09-26 13:43:03 - ROBOTY.planner - DEBUG - Операция 3 запланирована, время завершения: 29.58
2025-09-26 13:43:03 - ROBOTY.planner - DEBUG - Операция 4 запланирована, время завершения: 36.89
2025-09-26 13:43:03 - ROBOTY.planner - INFO - Траектория робота запланирована, общее время: 36.89
2025-09-26 13:43:03 - ROBOTY.planner - INFO - Робот 8: траектория содержит 96 точек
2025-09-26 13:43:03 - ROBOTY.planner - INFO - Планирование траектории для робота 9 (ID: 9) с 3 операциями
2025-09-26 13:43:03 - ROBOTY.planner - DEBUG - Планирование траектории для робота с 3 операциями
2025-09-26 13:43:03 - ROBOTY.planner - DEBUG - Операция 1 запланирована, время завершения: 12.31
2025-09-26 13:43:03 - ROBOTY.planner - DEBUG - Операция 2 запланирована, время завершения: 23.42
2025-09-26 13:43:03 - ROBOTY.planner - DEBUG - Операция 3 запланирована, время завершения: 35.50
2025-09-26 13:43:03 - ROBOTY.planner - INFO - Траектория робота запланирована, общее время: 35.50
2025-09-26 13:43:03 - ROBOTY.planner - INFO - Робот 9: траектория содержит 72 точек
2025-09-26 13:43:03 - ROBOTY.planner - INFO - Планирование траектории для робота 10 (ID: 10) с 2 операциями
2025-09-26 13:43:03 - ROBOTY.planner - DEBUG - Планирование траектории для робота с 2 операциями
2025-09-26 13:43:03 - ROBOTY.planner - DEBUG - Операция 1 запланирована, время завершения: 14.72
2025-09-26 13:43:03 - ROBOTY.planner - DEBUG - Операция 2 запланирована, время завершения: 29.21
2025-09-26 13:43:03 - ROBOTY.planner - INFO - Траектория робота запланирована, общее время: 29.21
2025-09-26 13:43:03 - ROBOTY.planner - INFO - Робот 10: траектория содержит 48 точек
2025-09-26 13:43:03 - ROBOTY.planner - INFO - Планирование завершено. Makespan: 42.13
2025-09-26 13:43:03 - ROBOTY.main - INFO - Планировщик успешно завершил работу
2025-09-26 13:43:03 - ROBOTY.collision - INFO - Начинаем детальную проверку коллизий
2025-09-26 13:43:03 - ROBOTY.collision - DEBUG - Проверяем коллизии в диапазоне времени: 0.00 - 42.13
2025-09-26 13:43:03 - ROBOTY.collision - WARNING - Коллизия: роботы 4 и 8 в 2.40s, расстояние: 0.467, требуется: 0.500
2025-09-26 13:43:03 - ROBOTY.collision - WARNING - Коллизия: роботы 4 и 8 в 2.50s, расстояние: 0.373, требуется: 0.500
2025-09-26 13:43:03 - ROBOTY.collision - WARNING - Коллизия: роботы 4 и 8 в 2.60s, расстояние: 0.370, требуется: 0.500
2025-09-26 13:43:03 - ROBOTY.collision - WARNING - Коллизия: роботы 4 и 8 в 2.70s, расстояние: 0.445, требуется: 0.500
2025-09-26 13:43:03 - ROBOTY.collision - WARNING - Коллизия: роботы 3 и 8 в 3.60s, расстояние: 0.422, требуется: 0.500
2025-09-26 13:43:03 - ROBOTY.collision - WARNING - Коллизия: роботы 3 и 8 в 3.70s, расстояние: 0.288, требуется: 0.500
2025-09-26 13:43:03 - ROBOTY.collision - WARNING - Коллизия: роботы 3 и 8 в 3.80s, расстояние: 0.159, требуется: 0.500
2025-09-26 13:43:03 - ROBOTY.collision - WARNING - Коллизия: роботы 3 и 8 в 3.90s, расстояние: 0.073, требуется: 0.500
2025-09-26 13:43:03 - ROBOTY.collision - WARNING - Коллизия: роботы 3 и 8 в 4.00s, расстояние: 0.151, требуется: 0.500
2025-09-26 13:43:03 - ROBOTY.collision - WARNING - Коллизия: роботы 3 и 8 в 4.10s, расстояние: 0.279, требуется: 0.500
2025-09-26 13:43:03 - ROBOTY.collision - WARNING - Коллизия: роботы 3 и 8 в 4.20s, расстояние: 0.413, требуется: 0.500
2025-09-26 13:43:03 - ROBOTY.collision - WARNING - Коллизия: роботы 2 и 3 в 7.50s, расстояние: 0.498, требуется: 0.500
2025-09-26 13:43:03 - ROBOTY.collision - WARNING - Коллизия: роботы 2 и 3 в 7.60s, расстояние: 0.386, требуется: 0.500
2025-09-26 13:43:03 - ROBOTY.collision - WARNING - Коллизия: роботы 2 и 3 в 7.70s, расстояние: 0.324, требуется: 0.500
2025-09-26 13:43:03 - ROBOTY.collision - WARNING - Коллизия: роботы 2 и 3 в 7.80s, расстояние: 0.356, требуется: 0.500
2025-09-26 13:43:03 - ROBOTY.collision - WARNING - Коллизия: роботы 4 и 5 в 7.80s, расстояние: 0.431, требуется: 0.500
2025-09-26 13:43:03 - ROBOTY.collision - WARNING - Коллизия: роботы 2 и 3 в 7.90s, расстояние: 0.466, требуется: 0.500
2025-09-26 13:43:03 - ROBOTY.collision - WARNING - Коллизия: роботы 4 и 5 в 7.90s, расстояние: 0.398, требуется: 0.500
2025-09-26 13:43:03 - ROBOTY.collision - WARNING - Коллизия: роботы 4 и 5 в 8.00s, расстояние: 0.459, требуется: 0.500
2025-09-26 13:43:03 - ROBOTY.collision - WARNING - Коллизия: роботы 1 и 2 в 12.50s, расстояние: 0.499, требуется: 0.500
2025-09-26 13:43:03 - ROBOTY.collision - WARNING - Коллизия: роботы 1 и 2 в 12.60s, расстояние: 0.438, требуется: 0.500
2025-09-26 13:43:03 - ROBOTY.collision - WARNING - Коллизия: роботы 1 и 2 в 12.70s, расстояние: 0.382, требуется: 0.500
2025-09-26 13:43:03 - ROBOTY.collision - WARNING - Коллизия: роботы 1 и 2 в 12.80s, расстояние: 0.336, требуется: 0.500
2025-09-26 13:43:03 - ROBOTY.collision - WARNING - Коллизия: роботы 1 и 2 в 12.90s, расстояние: 0.302, требуется: 0.500
2025-09-26 13:43:03 - ROBOTY.collision - WARNING - Коллизия: роботы 1 и 2 в 13.00s, расстояние: 0.285, требуется: 0.500
2025-09-26 13:43:03 - ROBOTY.collision - WARNING - Коллизия: роботы 1 и 2 в 13.10s, расстояние: 0.288, требуется: 0.500
2025-09-26 13:43:03 - ROBOTY.collision - WARNING - Коллизия: роботы 1 и 2 в 13.20s, расстояние: 0.311, требуется: 0.500
2025-09-26 13:43:03 - ROBOTY.collision - WARNING - Коллизия: роботы 1 и 2 в 13.30s, расстояние: 0.350, требуется: 0.500
2025-09-26 13:43:03 - ROBOTY.collision - WARNING - Коллизия: роботы 1 и 2 в 13.40s, расстояние: 0.400, требуется: 0.500
2025-09-26 13:43:03 - ROBOTY.collision - WARNING - Коллизия: роботы 1 и 2 в 13.50s, расстояние: 0.457, требуется: 0.500
2025-09-26 13:43:03 - ROBOTY.collision - WARNING - Коллизия: роботы 1 и 4 в 20.00s, расстояние: 0.453, требуется: 0.500
2025-09-26 13:43:03 - ROBOTY.collision - WARNING - Коллизия: роботы 1 и 4 в 20.10s, расстояние: 0.362, требуется: 0.500
2025-09-26 13:43:03 - ROBOTY.collision - WARNING - Коллизия: роботы 1 и 4 в 20.20s, расстояние: 0.312, требуется: 0.500
2025-09-26 13:43:03 - ROBOTY.collision - WARNING - Коллизия: роботы 1 и 4 в 20.30s, расстояние: 0.285, требуется: 0.500
2025-09-26 13:43:03 - ROBOTY.collision - WARNING - Коллизия: роботы 1 и 4 в 20.40s, расстояние: 0.261, требуется: 0.500
2025-09-26 13:43:03 - ROBOTY.collision - WARNING - Коллизия: роботы 1 и 4 в 20.50s, расстояние: 0.248, требуется: 0.500
2025-09-26 13:43:03 - ROBOTY.collision - WARNING - Коллизия: роботы 1 и 4 в 20.60s, расстояние: 0.248, требуется: 0.500
2025-09-26 13:43:03 - ROBOTY.collision - WARNING - Коллизия: роботы 1 и 4 в 20.70s, расстояние: 0.253, требуется: 0.500
2025-09-26 13:43:03 - ROBOTY.collision - WARNING - Коллизия: роботы 1 и 4 в 20.80s, расстояние: 0.276, требуется: 0.500
2025-09-26 13:43:03 - ROBOTY.collision - WARNING - Коллизия: роботы 1 и 4 в 20.90s, расстояние: 0.311, требуется: 0.500
2025-09-26 13:43:03 - ROBOTY.collision - WARNING - Коллизия: роботы 1 и 4 в 21.00s, расстояние: 0.353, требуется: 0.500
2025-09-26 13:43:03 - ROBOTY.collision - WARNING - Коллизия: роботы 1 и 4 в 21.10s, расстояние: 0.401, требуется: 0.500
2025-09-26 13:43:03 - ROBOTY.collision - WARNING - Коллизия: роботы 1 и 4 в 21.20s, расстояние: 0.453, требуется: 0.500
2025-09-26 13:43:03 - ROBOTY.collision - WARNING - Коллизия: роботы 3 и 10 в 24.30s, расстояние: 0.423, требуется: 0.500
2025-09-26 13:43:03 - ROBOTY.collision - WARNING - Коллизия: роботы 3 и 10 в 24.40s, расстояние: 0.372, требуется: 0.500
2025-09-26 13:43:03 - ROBOTY.collision - WARNING - Коллизия: роботы 3 и 10 в 24.50s, расстояние: 0.431, требуется: 0.500
2025-09-26 13:43:03 - ROBOTY.collision - WARNING - Коллизия: роботы 5 и 8 в 26.00s, расстояние: 0.497, требуется: 0.500
2025-09-26 13:43:03 - ROBOTY.collision - WARNING - Коллизия: роботы 2 и 9 в 30.80s, расстояние: 0.478, требуется: 0.500
2025-09-26 13:43:03 - ROBOTY.collision - WARNING - Коллизия: роботы 2 и 9 в 30.90s, расстояние: 0.428, требуется: 0.500
2025-09-26 13:43:03 - ROBOTY.collision - WARNING - Коллизия: роботы 2 и 9 в 31.00s, расстояние: 0.387, требуется: 0.500
2025-09-26 13:43:03 - ROBOTY.collision - WARNING - Коллизия: роботы 2 и 9 в 31.10s, расстояние: 0.358, требуется: 0.500
2025-09-26 13:43:03 - ROBOTY.collision - WARNING - Коллизия: роботы 2 и 9 в 31.20s, расстояние: 0.345, требуется: 0.500
2025-09-26 13:43:03 - ROBOTY.collision - WARNING - Коллизия: роботы 2 и 9 в 31.30s, расстояние: 0.348, требуется: 0.500
2025-09-26 13:43:03 - ROBOTY.collision - WARNING - Коллизия: роботы 2 и 9 в 31.40s, расстояние: 0.368, требуется: 0.500
2025-09-26 13:43:03 - ROBOTY.collision - WARNING - Коллизия: роботы 2 и 9 в 31.50s, расстояние: 0.402, требуется: 0.500
2025-09-26 13:43:03 - ROBOTY.collision - WARNING - Коллизия: роботы 2 и 9 в 31.60s, расстояние: 0.447, требуется: 0.500
2025-09-26 13:43:03 - ROBOTY.collision - WARNING - Коллизия: роботы 2 и 9 в 31.70s, расстояние: 0.499, требуется: 0.500
2025-09-26 13:43:03 - ROBOTY.collision - WARNING - Коллизия: роботы 4 и 10 в 38.20s, расстояние: 0.469, требуется: 0.500
2025-09-26 13:43:03 - ROBOTY.collision - WARNING - Коллизия: роботы 4 и 10 в 38.30s, расстояние: 0.422, требуется: 0.500
2025-09-26 13:43:03 - ROBOTY.collision - WARNING - Коллизия: роботы 4 и 10 в 38.40s, расстояние: 0.379, требуется: 0.500
2025-09-26 13:43:03 - ROBOTY.collision - WARNING - Коллизия: роботы 4 и 10 в 38.50s, расстояние: 0.344, требуется: 0.500
2025-09-26 13:43:03 - ROBOTY.collision - WARNING - Коллизия: роботы 4 и 10 в 38.60s, расстояние: 0.344, требуется: 0.500
2025-09-26 13:43:03 - ROBOTY.collision - WARNING - Коллизия: роботы 4 и 10 в 38.70s, расстояние: 0.344, требуется: 0.500
2025-09-26 13:43:03 - ROBOTY.collision - WARNING - Коллизия: роботы 4 и 10 в 38.80s, расстояние: 0.344, требуется: 0.500
2025-09-26 13:43:03 - ROBOTY.collision - WARNING - Коллизия: роботы 4 и 10 в 38.90s, расстояние: 0.344, требуется: 0.500
2025-09-26 13:43:03 - ROBOTY.collision - WARNING - Коллизия: роботы 4 и 10 в 39.00s, расстояние: 0.344, требуется: 0.500
2025-09-26 13:43:03 - ROBOTY.collision - WARNING - Коллизия: роботы 4 и 10 в 39.10s, расстояние: 0.349, требуется: 0.500
2025-09-26 13:43:03 - ROBOTY.collision - WARNING - Коллизия: роботы 4 и 10 в 39.20s, расстояние: 0.355, требуется: 0.500
2025-09-26 13:43:03 - ROBOTY.collision - WARNING - Коллизия: роботы 4 и 10 в 39.30s, расстояние: 0.368, требуется: 0.500
2025-09-26 13:43:03 - ROBOTY.collision - WARNING - Коллизия: роботы 4 и 10 в 39.40s, расстояние: 0.398, требуется: 0.500
2025-09-26 13:43:03 - ROBOTY.collision - WARNING - Коллизия: роботы 4 и 10 в 39.50s, расстояние: 0.434, требуется: 0.500
2025-09-26 13:43:03 - ROBOTY.collision - WARNING - Коллизия: роботы 4 и 10 в 39.60s, расстояние: 0.496, требуется: 0.500
2025-09-26 13:43:03 - ROBOTY.collision - ERROR - Обнаружено 72 коллизий
2025-09-26 13:43:03 - ROBOTY.main - WARNING - Обнаружено 72 коллизий, применяем онлайн-безопасность
2025-09-26 13:43:03 - ROBOTY.safety - INFO - Применяем онлайн-безопасность: вставка пауз при коллизиях
2025-09-26 13:43:03 - ROBOTY.collision - INFO - Начинаем детальную проверку коллизий
2025-09-26 13:43:03 - ROBOTY.collision - DEBUG - Проверяем коллизии в диапазоне времени: 0.00 - 42.13
2025-09-26 13:43:03 - ROBOTY.collision - WARNING - Коллизия: роботы 4 и 8 в 2.40s, расстояние: 0.467, требуется: 0.500
2025-09-26 13:43:03 - ROBOTY.collision - WARNING - Коллизия: роботы 4 и 8 в 2.45s, расстояние: 0.411, требуется: 0.500
2025-09-26 13:43:03 - ROBOTY.collision - WARNING - Коллизия: роботы 4 и 8 в 2.50s, расстояние: 0.373, требуется: 0.500
2025-09-26 13:43:03 - ROBOTY.collision - WARNING - Коллизия: роботы 4 и 8 в 2.55s, расстояние: 0.359, требуется: 0.500
2025-09-26 13:43:03 - ROBOTY.collision - WARNING - Коллизия: роботы 4 и 8 в 2.60s, расстояние: 0.370, требуется: 0.500
2025-09-26 13:43:03 - ROBOTY.collision - WARNING - Коллизия: роботы 4 и 8 в 2.65s, расстояние: 0.399, требуется: 0.500
2025-09-26 13:43:03 - ROBOTY.collision - WARNING - Коллизия: роботы 4 и 8 в 2.70s, расстояние: 0.445, требуется: 0.500
2025-09-26 13:43:03 - ROBOTY.collision - WARNING - Коллизия: роботы 3 и 8 в 3.55s, расстояние: 0.489, требуется: 0.500
2025-09-26 13:43:03 - ROBOTY.collision - WARNING - Коллизия: роботы 3 и 8 в 3.60s, расстояние: 0.422, требуется: 0.500
2025-09-26 13:43:03 - ROBOTY.collision - WARNING - Коллизия: роботы 3 и 8 в 3.65s, расстояние: 0.354, требуется: 0.500
2025-09-26 13:43:03 - ROBOTY.collision - WARNING - Коллизия: роботы 3 и 8 в 3.70s, расстояние: 0.288, требуется: 0.500
2025-09-26 13:43:03 - ROBOTY.collision - WARNING - Коллизия: роботы 3 и 8 в 3.75s, расстояние: 0.222, требуется: 0.500
2025-09-26 13:43:03 - ROBOTY.collision - WARNING - Коллизия: роботы 3 и 8 в 3.80s, расстояние: 0.159, требуется: 0.500
2025-09-26 13:43:03 - ROBOTY.collision - WARNING - Коллизия: роботы 3 и 8 в 3.85s, расстояние: 0.103, требуется: 0.500
2025-09-26 13:43:03 - ROBOTY.collision - WARNING - Коллизия: роботы 3 и 8 в 3.90s, расстояние: 0.073, требуется: 0.500
2025-09-26 13:43:03 - ROBOTY.collision - WARNING - Коллизия: роботы 3 и 8 в 3.95s, расстояние: 0.097, требуется: 0.500
2025-09-26 13:43:03 - ROBOTY.collision - WARNING - Коллизия: роботы 3 и 8 в 4.00s, расстояние: 0.151, требуется: 0.500
2025-09-26 13:43:03 - ROBOTY.collision - WARNING - Коллизия: роботы 3 и 8 в 4.05s, расстояние: 0.214, требуется: 0.500
2025-09-26 13:43:03 - ROBOTY.collision - WARNING - Коллизия: роботы 3 и 8 в 4.10s, расстояние: 0.279, требуется: 0.500
2025-09-26 13:43:03 - ROBOTY.collision - WARNING - Коллизия: роботы 3 и 8 в 4.15s, расстояние: 0.346, требуется: 0.500
2025-09-26 13:43:03 - ROBOTY.collision - WARNING - Коллизия: роботы 3 и 8 в 4.20s, расстояние: 0.413, требуется: 0.500
2025-09-26 13:43:03 - ROBOTY.collision - WARNING - Коллизия: роботы 3 и 8 в 4.25s, расстояние: 0.481, требуется: 0.500
2025-09-26 13:43:03 - ROBOTY.collision - WARNING - Коллизия: роботы 2 и 3 в 7.50s, расстояние: 0.498, требуется: 0.500
2025-09-26 13:43:03 - ROBOTY.collision - WARNING - Коллизия: роботы 2 и 3 в 7.55s, расстояние: 0.438, требуется: 0.500
2025-09-26 13:43:03 - ROBOTY.collision - WARNING - Коллизия: роботы 2 и 3 в 7.60s, расстояние: 0.386, требуется: 0.500
2025-09-26 13:43:03 - ROBOTY.collision - WARNING - Коллизия: роботы 2 и 3 в 7.65s, расстояние: 0.346, требуется: 0.500
2025-09-26 13:43:03 - ROBOTY.collision - WARNING - Коллизия: роботы 2 и 3 в 7.70s, расстояние: 0.324, требуется: 0.500
2025-09-26 13:43:03 - ROBOTY.collision - WARNING - Коллизия: роботы 2 и 3 в 7.75s, расстояние: 0.328, требуется: 0.500
2025-09-26 13:43:03 - ROBOTY.collision - WARNING - Коллизия: роботы 4 и 5 в 7.75s, расстояние: 0.479, требуется: 0.500
2025-09-26 13:43:03 - ROBOTY.collision - WARNING - Коллизия: роботы 2 и 3 в 7.80s, расстояние: 0.356, требуется: 0.500
2025-09-26 13:43:03 - ROBOTY.collision - WARNING - Коллизия: роботы 4 и 5 в 7.80s, расстояние: 0.431, требуется: 0.500
2025-09-26 13:43:03 - ROBOTY.collision - WARNING - Коллизия: роботы 2 и 3 в 7.85s, расстояние: 0.404, требуется: 0.500
2025-09-26 13:43:03 - ROBOTY.collision - WARNING - Коллизия: роботы 4 и 5 в 7.85s, расстояние: 0.402, требуется: 0.500
2025-09-26 13:43:03 - ROBOTY.collision - WARNING - Коллизия: роботы 2 и 3 в 7.90s, расстояние: 0.466, требуется: 0.500
2025-09-26 13:43:03 - ROBOTY.collision - WARNING - Коллизия: роботы 4 и 5 в 7.90s, расстояние: 0.398, требуется: 0.500
2025-09-26 13:43:03 - ROBOTY.collision - WARNING - Коллизия: роботы 4 и 5 в 7.95s, расстояние: 0.418, требуется: 0.500
2025-09-26 13:43:03 - ROBOTY.collision - WARNING - Коллизия: роботы 4 и 5 в 8.00s, расстояние: 0.459, требуется: 0.500
2025-09-26 13:43:03 - ROBOTY.collision - WARNING - Коллизия: роботы 1 и 2 в 12.50s, расстояние: 0.499, требуется: 0.500
2025-09-26 13:43:03 - ROBOTY.collision - WARNING - Коллизия: роботы 1 и 2 в 12.55s, расстояние: 0.468, требуется: 0.500
2025-09-26 13:43:03 - ROBOTY.collision - WARNING - Коллизия: роботы 1 и 2 в 12.60s, расстояние: 0.438, требуется: 0.500
2025-09-26 13:43:03 - ROBOTY.collision - WARNING - Коллизия: роботы 1 и 2 в 12.65s, расстояние: 0.409, требуется: 0.500
2025-09-26 13:43:03 - ROBOTY.collision - WARNING - Коллизия: роботы 1 и 2 в 12.70s, расстояние: 0.382, требуется: 0.500
2025-09-26 13:43:03 - ROBOTY.collision - WARNING - Коллизия: роботы 1 и 2 в 12.75s, расстояние: 0.358, требуется: 0.500
2025-09-26 13:43:03 - ROBOTY.collision - WARNING - Коллизия: роботы 1 и 2 в 12.80s, расстояние: 0.336, требуется: 0.500
2025-09-26 13:43:03 - ROBOTY.collision - WARNING - Коллизия: роботы 1 и 2 в 12.85s, расстояние: 0.317, требуется: 0.500
2025-09-26 13:43:03 - ROBOTY.collision - WARNING - Коллизия: роботы 1 и 2 в 12.90s, расстояние: 0.302, требуется: 0.500
2025-09-26 13:43:03 - ROBOTY.collision - WARNING - Коллизия: роботы 1 и 2 в 12.95s, расстояние: 0.291, требуется: 0.500
2025-09-26 13:43:03 - ROBOTY.collision - WARNING - Коллизия: роботы 1 и 2 в 13.00s, расстояние: 0.285, требуется: 0.500
2025-09-26 13:43:03 - ROBOTY.collision - WARNING - Коллизия: роботы 1 и 2 в 13.05s, расстояние: 0.284, требуется: 0.500
2025-09-26 13:43:03 - ROBOTY.collision - WARNING - Коллизия: роботы 1 и 2 в 13.10s, расстояние: 0.288, требуется: 0.500
2025-09-26 13:43:03 - ROBOTY.collision - WARNING - Коллизия: роботы 1 и 2 в 13.15s, расстояние: 0.298, требуется: 0.500
2025-09-26 13:43:03 - ROBOTY.collision - WARNING - Коллизия: роботы 1 и 2 в 13.20s, расстояние: 0.311, требуется: 0.500
2025-09-26 13:43:03 - ROBOTY.collision - WARNING - Коллизия: роботы 1 и 2 в 13.25s, расстояние: 0.329, требуется: 0.500
2025-09-26 13:43:03 - ROBOTY.collision - WARNING - Коллизия: роботы 1 и 2 в 13.30s, расстояние: 0.350, требуется: 0.500
2025-09-26 13:43:03 - ROBOTY.collision - WARNING - Коллизия: роботы 1 и 2 в 13.35s, расстояние: 0.374, требуется: 0.500
2025-09-26 13:43:03 - ROBOTY.collision - WARNING - Коллизия: роботы 1 и 2 в 13.40s, расстояние: 0.400, требуется: 0.500
2025-09-26 13:43:03 - ROBOTY.collision - WARNING - Коллизия: роботы 1 и 2 в 13.45s, расстояние: 0.428, требуется: 0.500
2025-09-26 13:43:03 - ROBOTY.collision - WARNING - Коллизия: роботы 1 и 2 в 13.50s, расстояние: 0.457, требуется: 0.500
2025-09-26 13:43:03 - ROBOTY.collision - WARNING - Коллизия: роботы 1 и 2 в 13.55s, расстояние: 0.488, требуется: 0.500
2025-09-26 13:43:03 - ROBOTY.collision - WARNING - Коллизия: роботы 1 и 4 в 20.00s, расстояние: 0.453, требуется: 0.500
2025-09-26 13:43:03 - ROBOTY.collision - WARNING - Коллизия: роботы 1 и 4 в 20.05s, расстояние: 0.407, требуется: 0.500
2025-09-26 13:43:03 - ROBOTY.collision - WARNING - Коллизия: роботы 1 и 4 в 20.10s, расстояние: 0.362, требуется: 0.500
2025-09-26 13:43:03 - ROBOTY.collision - WARNING - Коллизия: роботы 1 и 4 в 20.15s, расстояние: 0.326, требуется: 0.500
2025-09-26 13:43:03 - ROBOTY.collision - WARNING - Коллизия: роботы 1 и 4 в 20.20s, расстояние: 0.312, требуется: 0.500
2025-09-26 13:43:03 - ROBOTY.collision - WARNING - Коллизия: роботы 1 и 4 в 20.25s, расстояние: 0.298, требуется: 0.500
2025-09-26 13:43:03 - ROBOTY.collision - WARNING - Коллизия: роботы 1 и 4 в 20.30s, расстояние: 0.285, требуется: 0.500
2025-09-26 13:43:03 - ROBOTY.collision - WARNING - Коллизия: роботы 1 и 4 в 20.35s, расстояние: 0.273, требуется: 0.500
2025-09-26 13:43:03 - ROBOTY.collision - WARNING - Коллизия: роботы 1 и 4 в 20.40s, расстояние: 0.261, требуется: 0.500
2025-09-26 13:43:03 - ROBOTY.collision - WARNING - Коллизия: роботы 1 и 4 в 20.45s, расстояние: 0.250, требуется: 0.500
2025-09-26 13:43:03 - ROBOTY.collision - WARNING - Коллизия: роботы 1 и 4 в 20.50s, расстояние: 0.248, требуется: 0.500
2025-09-26 13:43:03 - ROBOTY.collision - WARNING - Коллизия: роботы 1 и 4 в 20.55s, расстояние: 0.248, требуется: 0.500
2025-09-26 13:43:03 - ROBOTY.collision - WARNING - Коллизия: роботы 1 и 4 в 20.60s, расстояние: 0.248, требуется: 0.500
2025-09-26 13:43:03 - ROBOTY.collision - WARNING - Коллизия: роботы 1 и 4 в 20.65s, расстояние: 0.248, требуется: 0.500
2025-09-26 13:43:03 - ROBOTY.collision - WARNING - Коллизия: роботы 1 и 4 в 20.70s, расстояние: 0.253, требуется: 0.500
2025-09-26 13:43:03 - ROBOTY.collision - WARNING - Коллизия: роботы 1 и 4 в 20.75s, расстояние: 0.263, требуется: 0.500
2025-09-26 13:43:03 - ROBOTY.collision - WARNING - Коллизия: роботы 1 и 4 в 20.80s, расстояние: 0.276, требуется: 0.500
2025-09-26 13:43:03 - ROBOTY.collision - WARNING - Коллизия: роботы 1 и 4 в 20.85s, расстояние: 0.292, требуется: 0.500
2025-09-26 13:43:03 - ROBOTY.collision - WARNING - Коллизия: роботы 1 и 4 в 20.90s, расстояние: 0.311, требуется: 0.500
2025-09-26 13:43:03 - ROBOTY.collision - WARNING - Коллизия: роботы 1 и 4 в 20.95s, расстояние: 0.331, требуется: 0.500
2025-09-26 13:43:03 - ROBOTY.collision - WARNING - Коллизия: роботы 1 и 4 в 21.00s, расстояние: 0.353, требуется: 0.500
2025-09-26 13:43:03 - ROBOTY.collision - WARNING - Коллизия: роботы 1 и 4 в 21.05s, расстояние: 0.376, требуется: 0.500
2025-09-26 13:43:03 - ROBOTY.collision - WARNING - Коллизия: роботы 1 и 4 в 21.10s, расстояние: 0.401, требуется: 0.500
2025-09-26 13:43:03 - ROBOTY.collision - WARNING - Коллизия: роботы 1 и 4 в 21.15s, расстояние: 0.427, требуется: 0.500
2025-09-26 13:43:03 - ROBOTY.collision - WARNING - Коллизия: роботы 1 и 4 в 21.20s, расстояние: 0.453, требуется: 0.500
2025-09-26 13:43:03 - ROBOTY.collision - WARNING - Коллизия: роботы 1 и 4 в 21.25s, расстояние: 0.480, требуется: 0.500
2025-09-26 13:43:03 - ROBOTY.collision - WARNING - Коллизия: роботы 3 и 10 в 24.25s, расстояние: 0.482, требуется: 0.500
2025-09-26 13:43:03 - ROBOTY.collision - WARNING - Коллизия: роботы 3 и 10 в 24.30s, расстояние: 0.423, требуется: 0.500
2025-09-26 13:43:03 - ROBOTY.collision - WARNING - Коллизия: роботы 3 и 10 в 24.35s, расстояние: 0.384, требуется: 0.500
2025-09-26 13:43:03 - ROBOTY.collision - WARNING - Коллизия: роботы 3 и 10 в 24.40s, расстояние: 0.372, требуется: 0.500
2025-09-26 13:43:03 - ROBOTY.collision - WARNING - Коллизия: роботы 3 и 10 в 24.45s, расстояние: 0.389, требуется: 0.500
2025-09-26 13:43:03 - ROBOTY.collision - WARNING - Коллизия: роботы 3 и 10 в 24.50s, расстояние: 0.431, требуется: 0.500
2025-09-26 13:43:03 - ROBOTY.collision - WARNING - Коллизия: роботы 3 и 10 в 24.55s, расстояние: 0.493, требуется: 0.500
2025-09-26 13:43:03 - ROBOTY.collision - WARNING - Коллизия: роботы 5 и 8 в 25.95s, расстояние: 0.497, требуется: 0.500
2025-09-26 13:43:03 - ROBOTY.collision - WARNING - Коллизия: роботы 5 и 8 в 26.00s, расстояние: 0.497, требуется: 0.500
2025-09-26 13:43:03 - ROBOTY.collision - WARNING - Коллизия: роботы 5 и 8 в 26.05s, расстояние: 0.498, требуется: 0.500
2025-09-26 13:43:03 - ROBOTY.collision - WARNING - Коллизия: роботы 2 и 9 в 30.80s, расстояние: 0.478, требуется: 0.500
2025-09-26 13:43:03 - ROBOTY.collision - WARNING - Коллизия: роботы 2 и 9 в 30.85s, расстояние: 0.452, требуется: 0.500
2025-09-26 13:43:03 - ROBOTY.collision - WARNING - Коллизия: роботы 2 и 9 в 30.90s, расстояние: 0.428, требуется: 0.500
2025-09-26 13:43:03 - ROBOTY.collision - WARNING - Коллизия: роботы 2 и 9 в 30.95s, расстояние: 0.406, требуется: 0.500
2025-09-26 13:43:03 - ROBOTY.collision - WARNING - Коллизия: роботы 2 и 9 в 31.00s, расстояние: 0.387, требуется: 0.500
2025-09-26 13:43:03 - ROBOTY.collision - WARNING - Коллизия: роботы 2 и 9 в 31.05s, расстояние: 0.371, требуется: 0.500
2025-09-26 13:43:03 - ROBOTY.collision - WARNING - Коллизия: роботы 2 и 9 в 31.10s, расстояние: 0.358, требуется: 0.500
2025-09-26 13:43:03 - ROBOTY.collision - WARNING - Коллизия: роботы 2 и 9 в 31.15s, расстояние: 0.350, требуется: 0.500
2025-09-26 13:43:03 - ROBOTY.collision - WARNING - Коллизия: роботы 2 и 9 в 31.20s, расстояние: 0.345, требуется: 0.500
2025-09-26 13:43:03 - ROBOTY.collision - WARNING - Коллизия: роботы 2 и 9 в 31.25s, расстояние: 0.345, требуется: 0.500
2025-09-26 13:43:03 - ROBOTY.collision - WARNING - Коллизия: роботы 2 и 9 в 31.30s, расстояние: 0.348, требуется: 0.500
2025-09-26 13:43:03 - ROBOTY.collision - WARNING - Коллизия: роботы 2 и 9 в 31.35s, расстояние: 0.356, требуется: 0.500
2025-09-26 13:43:03 - ROBOTY.collision - WARNING - Коллизия: роботы 2 и 9 в 31.40s, расстояние: 0.368, требуется: 0.500
2025-09-26 13:43:03 - ROBOTY.collision - WARNING - Коллизия: роботы 2 и 9 в 31.45s, расстояние: 0.384, требуется: 0.500
2025-09-26 13:43:03 - ROBOTY.collision - WARNING - Коллизия: роботы 2 и 9 в 31.50s, расстояние: 0.402, требуется: 0.500
2025-09-26 13:43:03 - ROBOTY.collision - WARNING - Коллизия: роботы 2 и 9 в 31.55s, расстояние: 0.423, требуется: 0.500
2025-09-26 13:43:03 - ROBOTY.collision - WARNING - Коллизия: роботы 2 и 9 в 31.60s, расстояние: 0.447, требуется: 0.500
2025-09-26 13:43:03 - ROBOTY.collision - WARNING - Коллизия: роботы 2 и 9 в 31.65s, расстояние: 0.472, требуется: 0.500
2025-09-26 13:43:03 - ROBOTY.collision - WARNING - Коллизия: роботы 2 и 9 в 31.70s, расстояние: 0.499, требуется: 0.500
2025-09-26 13:43:03 - ROBOTY.collision - WARNING - Коллизия: роботы 4 и 10 в 38.15s, расстояние: 0.495, требуется: 0.500
2025-09-26 13:43:03 - ROBOTY.collision - WARNING - Коллизия: роботы 4 и 10 в 38.20s, расстояние: 0.469, требуется: 0.500
2025-09-26 13:43:03 - ROBOTY.collision - WARNING - Коллизия: роботы 4 и 10 в 38.25s, расстояние: 0.445, требуется: 0.500
2025-09-26 13:43:03 - ROBOTY.collision - WARNING - Коллизия: роботы 4 и 10 в 38.30s, расстояние: 0.422, требуется: 0.500
2025-09-26 13:43:03 - ROBOTY.collision - WARNING - Коллизия: роботы 4 и 10 в 38.35s, расстояние: 0.400, требуется: 0.500
2025-09-26 13:43:03 - ROBOTY.collision - WARNING - Коллизия: роботы 4 и 10 в 38.40s, расстояние: 0.379, требуется: 0.500
2025-09-26 13:43:03 - ROBOTY.collision - WARNING - Коллизия: роботы 4 и 10 в 38.45s, расстояние: 0.361, требуется: 0.500
2025-09-26 13:43:03 - ROBOTY.collision - WARNING - Коллизия: роботы 4 и 10 в 38.50s, расстояние: 0.344, требуется: 0.500
2025-09-26 13:43:03 - ROBOTY.collision - WARNING - Коллизия: роботы 4 и 10 в 38.55s, расстояние: 0.344, требуется: 0.500
2025-09-26 13:43:03 - ROBOTY.collision - WARNING - Коллизия: роботы 4 и 10 в 38.60s, расстояние: 0.344, требуется: 0.500
2025-09-26 13:43:03 - ROBOTY.collision - WARNING - Коллизия: роботы 4 и 10 в 38.65s, расстояние: 0.344, требуется: 0.500
2025-09-26 13:43:03 - ROBOTY.collision - WARNING - Коллизия: роботы 4 и 10 в 38.70s, расстояние: 0.344, требуется: 0.500
2025-09-26 13:43:03 - ROBOTY.collision - WARNING - Коллизия: роботы 4 и 10 в 38.75s, расстояние: 0.344, требуется: 0.500
2025-09-26 13:43:03 - ROBOTY.collision - WARNING - Коллизия: роботы 4 и 10 в 38.80s, расстояние: 0.344, требуется: 0.500
2025-09-26 13:43:03 - ROBOTY.collision - WARNING - Коллизия: роботы 4 и 10 в 38.85s, расстояние: 0.344, требуется: 0.500
2025-09-26 13:43:03 - ROBOTY.collision - WARNING - Коллизия: роботы 4 и 10 в 38.90s, расстояние: 0.344, требуется: 0.500
2025-09-26 13:43:03 - ROBOTY.collision - WARNING - Коллизия: роботы 4 и 10 в 38.95s, расстояние: 0.344, требуется: 0.500
2025-09-26 13:43:03 - ROBOTY.collision - WARNING - Коллизия: роботы 4 и 10 в 39.00s, расстояние: 0.344, требуется: 0.500
2025-09-26 13:43:03 - ROBOTY.collision - WARNING - Коллизия: роботы 4 и 10 в 39.05s, расстояние: 0.346, требуется: 0.500
2025-09-26 13:43:03 - ROBOTY.collision - WARNING - Коллизия: роботы 4 и 10 в 39.10s, расстояние: 0.349, требуется: 0.500
2025-09-26 13:43:03 - ROBOTY.collision - WARNING - Коллизия: роботы 4 и 10 в 39.15s, расстояние: 0.352, требуется: 0.500
2025-09-26 13:43:03 - ROBOTY.collision - WARNING - Коллизия: роботы 4 и 10 в 39.20s, расстояние: 0.355, требуется: 0.500
2025-09-26 13:43:03 - ROBOTY.collision - WARNING - Коллизия: роботы 4 и 10 в 39.25s, расстояние: 0.358, требуется: 0.500
2025-09-26 13:43:03 - ROBOTY.collision - WARNING - Коллизия: роботы 4 и 10 в 39.30s, расстояние: 0.368, требуется: 0.500
2025-09-26 13:43:03 - ROBOTY.collision - WARNING - Коллизия: роботы 4 и 10 в 39.35s, расстояние: 0.382, требуется: 0.500
2025-09-26 13:43:03 - ROBOTY.collision - WARNING - Коллизия: роботы 4 и 10 в 39.40s, расстояние: 0.398, требуется: 0.500
2025-09-26 13:43:03 - ROBOTY.collision - WARNING - Коллизия: роботы 4 и 10 в 39.45s, расстояние: 0.415, требуется: 0.500
2025-09-26 13:43:03 - ROBOTY.collision - WARNING - Коллизия: роботы 4 и 10 в 39.50s, расстояние: 0.434, требуется: 0.500
2025-09-26 13:43:03 - ROBOTY.collision - WARNING - Коллизия: роботы 4 и 10 в 39.55s, расстояние: 0.460, требуется: 0.500
2025-09-26 13:43:03 - ROBOTY.collision - WARNING - Коллизия: роботы 4 и 10 в 39.60s, расстояние: 0.496, требуется: 0.500
2025-09-26 13:43:03 - ROBOTY.collision - ERROR - Обнаружено 144 коллизий
2025-09-26 13:43:03 - ROBOTY.safety - DEBUG - Добавлена пауза 0.60s роботу 4 в t=2.40s
2025-09-26 13:43:03 - ROBOTY.safety - DEBUG - Добавлена пауза 0.60s роботу 8 в t=2.40s
2025-09-26 13:43:03 - ROBOTY.safety - DEBUG - Добавлена пауза 0.60s роботу 4 в t=2.45s
2025-09-26 13:43:03 - ROBOTY.safety - DEBUG - Добавлена пауза 0.60s роботу 8 в t=2.45s
2025-09-26 13:43:03 - ROBOTY.safety - DEBUG - Добавлена пауза 0.60s роботу 4 в t=2.50s
2025-09-26 13:43:03 - ROBOTY.safety - DEBUG - Добавлена пауза 0.60s роботу 8 в t=2.50s
2025-09-26 13:43:03 - ROBOTY.safety - DEBUG - Добавлена пауза 0.60s роботу 4 в t=2.55s
2025-09-26 13:43:03 - ROBOTY.safety - DEBUG - Добавлена пауза 0.60s роботу 8 в t=2.55s
2025-09-26 13:43:03 - ROBOTY.safety - DEBUG - Добавлена пауза 0.60s роботу 4 в t=2.60s
2025-09-26 13:43:03 - ROBOTY.safety - DEBUG - Добавлена пауза 0.60s роботу 8 в t=2.60s
2025-09-26 13:43:03 - ROBOTY.safety - DEBUG - Добавлена пауза 0.60s роботу 4 в t=2.65s
2025-09-26 13:43:03 - ROBOTY.safety - DEBUG - Добавлена пауза 0.60s роботу 8 в t=2.65s
2025-09-26 13:43:03 - ROBOTY.safety - DEBUG - Добавлена пауза 0.60s роботу 4 в t=2.70s
2025-09-26 13:43:03 - ROBOTY.safety - DEBUG - Добавлена пауза 0.60s роботу 8 в t=2.70s
2025-09-26 13:43:03 - ROBOTY.safety - DEBUG - Добавлена пауза 0.60s роботу 3 в t=3.55s
2025-09-26 13:43:03 - ROBOTY.safety - DEBUG - Добавлена пауза 0.60s роботу 8 в t=3.55s
2025-09-26 13:43:03 - ROBOTY.safety - DEBUG - Добавлена пауза 0.60s роботу 3 в t=3.60s
2025-09-26 13:43:03 - ROBOTY.safety - DEBUG - Добавлена пауза 0.60s роботу 8 в t=3.60s
2025-09-26 13:43:03 - ROBOTY.safety - DEBUG - Добавлена пауза 0.60s роботу 3 в t=3.65s
2025-09-26 13:43:03 - ROBOTY.safety - DEBUG - Добавлена пауза 0.60s роботу 8 в t=3.65s
2025-09-26 13:43:03 - ROBOTY.safety - DEBUG - Добавлена пауза 0.60s роботу 3 в t=3.70s
2025-09-26 13:43:03 - ROBOTY.safety - DEBUG - Добавлена пауза 0.60s роботу 8 в t=3.70s
2025-09-26 13:43:03 - ROBOTY.safety - DEBUG - Добавлена пауза 0.60s роботу 3 в t=3.75s
2025-09-26 13:43:03 - ROBOTY.safety - DEBUG - Добавлена пауза 0.60s роботу 8 в t=3.75s
2025-09-26 13:43:03 - ROBOTY.safety - DEBUG - Добавлена пауза 0.60s роботу 3 в t=3.80s
2025-09-26 13:43:03 - ROBOTY.safety - DEBUG - Добавлена пауза 0.60s роботу 8 в t=3.80s
2025-09-26 13:43:03 - ROBOTY.safety - DEBUG - Добавлена пауза 0.60s роботу 3 в t=3.85s
2025-09-26 13:43:03 - ROBOTY.safety - DEBUG - Добавлена пауза 0.60s роботу 8 в t=3.85s
2025-09-26 13:43:03 - ROBOTY.safety - DEBUG - Добавлена пауза 0.60s роботу 3 в t=3.90s
2025-09-26 13:43:03 - ROBOTY.safety - DEBUG - Добавлена пауза 0.60s роботу 8 в t=3.90s
2025-09-26 13:43:03 - ROBOTY.safety - DEBUG - Добавлена пауза 0.60s роботу 3 в t=3.95s
2025-09-26 13:43:03 - ROBOTY.safety - DEBUG - Добавлена пауза 0.60s роботу 8 в t=3.95s
2025-09-26 13:43:03 - ROBOTY.safety - DEBUG - Добавлена пауза 0.60s роботу 3 в t=4.00s
2025-09-26 13:43:03 - ROBOTY.safety - DEBUG - Добавлена пауза 0.60s роботу 8 в t=4.00s
2025-09-26 13:43:03 - ROBOTY.safety - DEBUG - Добавлена пауза 0.60s роботу 3 в t=4.05s
2025-09-26 13:43:03 - ROBOTY.safety - DEBUG - Добавлена пауза 0.60s роботу 8 в t=4.05s
2025-09-26 13:43:03 - ROBOTY.safety - DEBUG - Добавлена пауза 0.60s роботу 3 в t=4.10s
2025-09-26 13:43:03 - ROBOTY.safety - DEBUG - Добавлена пауза 0.60s роботу 8 в t=4.10s
2025-09-26 13:43:03 - ROBOTY.safety - DEBUG - Добавлена пауза 0.60s роботу 3 в t=4.15s
2025-09-26 13:43:03 - ROBOTY.safety - DEBUG - Добавлена пауза 0.60s роботу 8 в t=4.15s
2025-09-26 13:43:03 - ROBOTY.safety - DEBUG - Добавлена пауза 0.60s роботу 3 в t=4.20s
2025-09-26 13:43:03 - ROBOTY.safety - DEBUG - Добавлена пауза 0.60s роботу 8 в t=4.20s
2025-09-26 13:43:03 - ROBOTY.safety - DEBUG - Добавлена пауза 0.60s роботу 3 в t=4.25s
2025-09-26 13:43:03 - ROBOTY.safety - DEBUG - Добавлена пауза 0.60s роботу 8 в t=4.25s
2025-09-26 13:43:03 - ROBOTY.safety - DEBUG - Добавлена пауза 0.60s роботу 2 в t=7.50s
2025-09-26 13:43:03 - ROBOTY.safety - DEBUG - Добавлена пауза 0.60s роботу 3 в t=7.50s
2025-09-26 13:43:03 - ROBOTY.safety - DEBUG - Добавлена пауза 0.60s роботу 2 в t=7.55s
2025-09-26 13:43:03 - ROBOTY.safety - DEBUG - Добавлена пауза 0.60s роботу 3 в t=7.55s
2025-09-26 13:43:03 - ROBOTY.safety - DEBUG - Добавлена пауза 0.60s роботу 2 в t=7.60s
2025-09-26 13:43:03 - ROBOTY.safety - DEBUG - Добавлена пауза 0.60s роботу 3 в t=7.60s
2025-09-26 13:43:03 - ROBOTY.safety - DEBUG - Добавлена пауза 0.60s роботу 2 в t=7.65s
2025-09-26 13:43:03 - ROBOTY.safety - DEBUG - Добавлена пауза 0.60s роботу 3 в t=7.65s
2025-09-26 13:43:03 - ROBOTY.safety - DEBUG - Добавлена пауза 0.60s роботу 2 в t=7.70s
2025-09-26 13:43:03 - ROBOTY.safety - DEBUG - Добавлена пауза 0.60s роботу 3 в t=7.70s
2025-09-26 13:43:03 - ROBOTY.safety - DEBUG - Добавлена пауза 0.60s роботу 2 в t=7.75s
2025-09-26 13:43:03 - ROBOTY.safety - DEBUG - Добавлена пауза 0.60s роботу 3 в t=7.75s
2025-09-26 13:43:03 - ROBOTY.safety - DEBUG - Добавлена пауза 0.60s роботу 2 в t=7.80s
2025-09-26 13:43:03 - ROBOTY.safety - DEBUG - Добавлена пауза 0.60s роботу 3 в t=7.80s
2025-09-26 13:43:03 - ROBOTY.safety - DEBUG - Добавлена пауза 0.60s роботу 2 в t=7.85s
2025-09-26 13:43:03 - ROBOTY.safety - DEBUG - Добавлена пауза 0.60s роботу 3 в t=7.85s
2025-09-26 13:43:03 - ROBOTY.safety - DEBUG - Добавлена пауза 0.60s роботу 2 в t=7.90s
2025-09-26 13:43:03 - ROBOTY.safety - DEBUG - Добавлена пауза 0.60s роботу 3 в t=7.90s
2025-09-26 13:43:03 - ROBOTY.safety - DEBUG - Добавлена пауза 0.60s роботу 4 в t=7.95s
2025-09-26 13:43:03 - ROBOTY.safety - DEBUG - Добавлена пауза 0.60s роботу 5 в t=7.95s
2025-09-26 13:43:03 - ROBOTY.safety - DEBUG - Добавлена пауза 0.60s роботу 4 в t=8.00s
2025-09-26 13:43:03 - ROBOTY.safety - DEBUG - Добавлена пауза 0.60s роботу 5 в t=8.00s
2025-09-26 13:43:03 - ROBOTY.safety - DEBUG - Добавлена пауза 0.60s роботу 1 в t=12.50s
2025-09-26 13:43:03 - ROBOTY.safety - DEBUG - Добавлена пауза 0.60s роботу 2 в t=12.50s
2025-09-26 13:43:03 - ROBOTY.safety - DEBUG - Добавлена пауза 0.60s роботу 1 в t=12.55s
2025-09-26 13:43:03 - ROBOTY.safety - DEBUG - Добавлена пауза 0.60s роботу 2 в t=12.55s
2025-09-26 13:43:03 - ROBOTY.safety - DEBUG - Добавлена пауза 0.60s роботу 1 в t=12.60s
2025-09-26 13:43:03 - ROBOTY.safety - DEBUG - Добавлена пауза 0.60s роботу 2 в t=12.60s
2025-09-26 13:43:03 - ROBOTY.safety - DEBUG - Добавлена пауза 0.60s роботу 1 в t=12.65s
2025-09-26 13:43:03 - ROBOTY.safety - DEBUG - Добавлена пауза 0.60s роботу 2 в t=12.65s
2025-09-26 13:43:03 - ROBOTY.safety - DEBUG - Добавлена пауза 0.60s роботу 1 в t=12.70s
2025-09-26 13:43:03 - ROBOTY.safety - DEBUG - Добавлена пауза 0.60s роботу 2 в t=12.70s
2025-09-26 13:43:03 - ROBOTY.safety - DEBUG - Добавлена пауза 0.60s роботу 1 в t=12.75s
2025-09-26 13:43:03 - ROBOTY.safety - DEBUG - Добавлена пауза 0.60s роботу 2 в t=12.75s
2025-09-26 13:43:03 - ROBOTY.safety - DEBUG - Добавлена пауза 0.60s роботу 1 в t=12.80s
2025-09-26 13:43:03 - ROBOTY.safety - DEBUG - Добавлена пауза 0.60s роботу 2 в t=12.80s
2025-09-26 13:43:03 - ROBOTY.safety - DEBUG - Добавлена пауза 0.60s роботу 1 в t=12.85s
2025-09-26 13:43:03 - ROBOTY.safety - DEBUG - Добавлена пауза 0.60s роботу 2 в t=12.85s
2025-09-26 13:43:03 - ROBOTY.safety - DEBUG - Добавлена пауза 0.60s роботу 1 в t=12.90s
2025-09-26 13:43:03 - ROBOTY.safety - DEBUG - Добавлена пауза 0.60s роботу 2 в t=12.90s
2025-09-26 13:43:03 - ROBOTY.safety - DEBUG - Добавлена пауза 0.60s роботу 1 в t=12.95s
2025-09-26 13:43:03 - ROBOTY.safety - DEBUG - Добавлена пауза 0.60s роботу 2 в t=12.95s
2025-09-26 13:43:03 - ROBOTY.safety - DEBUG - Добавлена пауза 0.60s роботу 1 в t=13.00s
2025-09-26 13:43:03 - ROBOTY.safety - DEBUG - Добавлена пауза 0.60s роботу 2 в t=13.00s
2025-09-26 13:43:03 - ROBOTY.safety - DEBUG - Добавлена пауза 0.60s роботу 1 в t=13.05s
2025-09-26 13:43:03 - ROBOTY.safety - DEBUG - Добавлена пауза 0.60s роботу 2 в t=13.05s
2025-09-26 13:43:03 - ROBOTY.safety - DEBUG - Добавлена пауза 0.60s роботу 1 в t=13.10s
2025-09-26 13:43:03 - ROBOTY.safety - DEBUG - Добавлена пауза 0.60s роботу 2 в t=13.10s
2025-09-26 13:43:03 - ROBOTY.safety - DEBUG - Добавлена пауза 0.60s роботу 1 в t=13.15s
2025-09-26 13:43:03 - ROBOTY.safety - DEBUG - Добавлена пауза 0.60s роботу 2 в t=13.15s
2025-09-26 13:43:03 - ROBOTY.safety - DEBUG - Добавлена пауза 0.60s роботу 1 в t=13.20s
2025-09-26 13:43:03 - ROBOTY.safety - DEBUG - Добавлена пауза 0.60s роботу 2 в t=13.20s
2025-09-26 13:43:03 - ROBOTY.safety - DEBUG - Добавлена пауза 0.60s роботу 1 в t=13.25s
2025-09-26 13:43:03 - ROBOTY.safety - DEBUG - Добавлена пауза 0.60s роботу 2 в t=13.25s
2025-09-26 13:43:03 - ROBOTY.safety - DEBUG - Добавлена пауза 0.60s роботу 1 в t=13.30s
2025-09-26 13:43:03 - ROBOTY.safety - DEBUG - Добавлена пауза 0.60s роботу 2 в t=13.30s
2025-09-26 13:43:03 - ROBOTY.safety - DEBUG - Добавлена пауза 0.60s роботу 1 в t=13.35s
2025-09-26 13:43:03 - ROBOTY.safety - DEBUG - Добавлена пауза 0.60s роботу 2 в t=13.35s
2025-09-26 13:43:03 - ROBOTY.safety - DEBUG - Добавлена пауза 0.60s роботу 1 в t=13.40s
2025-09-26 13:43:03 - ROBOTY.safety - DEBUG - Добавлена пауза 0.60s роботу 2 в t=13.40s
2025-09-26 13:43:03 - ROBOTY.safety - DEBUG - Добавлена пауза 0.60s роботу 1 в t=13.45s
2025-09-26 13:43:03 - ROBOTY.safety - DEBUG - Добавлена пауза 0.60s роботу 2 в t=13.45s
2025-09-26 13:43:03 - ROBOTY.safety - DEBUG - Добавлена пауза 0.60s роботу 1 в t=13.50s
2025-09-26 13:43:03 - ROBOTY.safety - DEBUG - Добавлена пауза 0.60s роботу 2 в t=13.50s
2025-09-26 13:43:03 - ROBOTY.safety - DEBUG - Добавлена пауза 0.60s роботу 1 в t=13.55s
2025-09-26 13:43:03 - ROBOTY.safety - DEBUG - Добавлена пауза 0.60s роботу 2 в t=13.55s
2025-09-26 13:43:03 - ROBOTY.safety - DEBUG - Добавлена пауза 0.60s роботу 1 в t=20.00s
2025-09-26 13:43:03 - ROBOTY.safety - DEBUG - Добавлена пауза 0.60s роботу 4 в t=20.00s
2025-09-26 13:43:03 - ROBOTY.safety - DEBUG - Добавлена пауза 0.60s роботу 1 в t=20.05s
2025-09-26 13:43:03 - ROBOTY.safety - DEBUG - Добавлена пауза 0.60s роботу 4 в t=20.05s
2025-09-26 13:43:03 - ROBOTY.safety - DEBUG - Добавлена пауза 0.60s роботу 1 в t=20.10s
2025-09-26 13:43:03 - ROBOTY.safety - DEBUG - Добавлена пауза 0.60s роботу 4 в t=20.10s
2025-09-26 13:43:03 - ROBOTY.safety - DEBUG - Добавлена пауза 0.60s роботу 1 в t=20.15s
2025-09-26 13:43:03 - ROBOTY.safety - DEBUG - Добавлена пауза 0.60s роботу 4 в t=20.15s
2025-09-26 13:43:03 - ROBOTY.safety - DEBUG - Добавлена пауза 0.60s роботу 1 в t=20.20s
2025-09-26 13:43:03 - ROBOTY.safety - DEBUG - Добавлена пауза 0.60s роботу 4 в t=20.20s
2025-09-26 13:43:03 - ROBOTY.safety - DEBUG - Добавлена пауза 0.60s роботу 1 в t=20.25s
2025-09-26 13:43:03 - ROBOTY.safety - DEBUG - Добавлена пауза 0.60s роботу 4 в t=20.25s
2025-09-26 13:43:03 - ROBOTY.safety - DEBUG - Добавлена пауза 0.60s роботу 1 в t=20.30s
2025-09-26 13:43:03 - ROBOTY.safety - DEBUG - Добавлена пауза 0.60s роботу 4 в t=20.30s
2025-09-26 13:43:03 - ROBOTY.safety - DEBUG - Добавлена пауза 0.60s роботу 1 в t=20.35s
2025-09-26 13:43:03 - ROBOTY.safety - DEBUG - Добавлена пауза 0.60s роботу 4 в t=20.35s
2025-09-26 13:43:03 - ROBOTY.safety - DEBUG - Добавлена пауза 0.60s роботу 1 в t=20.40s
2025-09-26 13:43:03 - ROBOTY.safety - DEBUG - Добавлена пауза 0.60s роботу 4 в t=20.40s
2025-09-26 13:43:03 - ROBOTY.safety - DEBUG - Добавлена пауза 0.60s роботу 1 в t=20.45s
2025-09-26 13:43:03 - ROBOTY.safety - DEBUG - Добавлена пауза 0.60s роботу 4 в t=20.45s
2025-09-26 13:43:03 - ROBOTY.safety - DEBUG - Добавлена пауза 0.60s роботу 1 в t=20.50s
2025-09-26 13:43:03 - ROBOTY.safety - DEBUG - Добавлена пауза 0.60s роботу 4 в t=20.50s
2025-09-26 13:43:03 - ROBOTY.safety - DEBUG - Добавлена пауза 0.60s роботу 1 в t=20.55s
2025-09-26 13:43:03 - ROBOTY.safety - DEBUG - Добавлена пауза 0.60s роботу 4 в t=20.55s
2025-09-26 13:43:03 - ROBOTY.safety - DEBUG - Добавлена пауза 0.60s роботу 1 в t=20.60s
2025-09-26 13:43:03 - ROBOTY.safety - DEBUG - Добавлена пауза 0.60s роботу 4 в t=20.60s
2025-09-26 13:43:03 - ROBOTY.safety - DEBUG - Добавлена пауза 0.60s роботу 1 в t=20.65s
2025-09-26 13:43:03 - ROBOTY.safety - DEBUG - Добавлена пауза 0.60s роботу 4 в t=20.65s
2025-09-26 13:43:03 - ROBOTY.safety - DEBUG - Добавлена пауза 0.60s роботу 1 в t=20.70s
2025-09-26 13:43:03 - ROBOTY.safety - DEBUG - Добавлена пауза 0.60s роботу 4 в t=20.70s
2025-09-26 13:43:03 - ROBOTY.safety - DEBUG - Добавлена пауза 0.60s роботу 1 в t=20.75s
2025-09-26 13:43:03 - ROBOTY.safety - DEBUG - Добавлена пауза 0.60s роботу 4 в t=20.75s
2025-09-26 13:43:03 - ROBOTY.safety - DEBUG - Добавлена пауза 0.60s роботу 1 в t=20.80s
2025-09-26 13:43:03 - ROBOTY.safety - DEBUG - Добавлена пауза 0.60s роботу 4 в t=20.80s
2025-09-26 13:43:03 - ROBOTY.safety - DEBUG - Добавлена пауза 0.60s роботу 1 в t=20.85s
2025-09-26 13:43:03 - ROBOTY.safety - DEBUG - Добавлена пауза 0.60s роботу 4 в t=20.85s
2025-09-26 13:43:03 - ROBOTY.safety - DEBUG - Добавлена пауза 0.60s роботу 1 в t=20.90s
2025-09-26 13:43:03 - ROBOTY.safety - DEBUG - Добавлена пауза 0.60s роботу 4 в t=20.90s
2025-09-26 13:43:03 - ROBOTY.safety - DEBUG - Добавлена пауза 0.60s роботу 1 в t=20.95s
2025-09-26 13:43:03 - ROBOTY.safety - DEBUG - Добавлена пауза 0.60s роботу 4 в t=20.95s
2025-09-26 13:43:03 - ROBOTY.safety - DEBUG - Добавлена пауза 0.60s роботу 1 в t=21.00s
2025-09-26 13:43:03 - ROBOTY.safety - DEBUG - Добавлена пауза 0.60s роботу 4 в t=21.00s
2025-09-26 13:43:03 - ROBOTY.safety - DEBUG - Добавлена пауза 0.60s роботу 1 в t=21.05s
2025-09-26 13:43:03 - ROBOTY.safety - DEBUG - Добавлена пауза 0.60s роботу 4 в t=21.05s
2025-09-26 13:43:03 - ROBOTY.safety - DEBUG - Добавлена пауза 0.60s роботу 1 в t=21.10s
2025-09-26 13:43:03 - ROBOTY.safety - DEBUG - Добавлена пауза 0.60s роботу 4 в t=21.10s
2025-09-26 13:43:03 - ROBOTY.safety - DEBUG - Добавлена пауза 0.60s роботу 1 в t=21.15s
2025-09-26 13:43:03 - ROBOTY.safety - DEBUG - Добавлена пауза 0.60s роботу 4 в t=21.15s
2025-09-26 13:43:03 - ROBOTY.safety - DEBUG - Добавлена пауза 0.60s роботу 1 в t=21.20s
2025-09-26 13:43:03 - ROBOTY.safety - DEBUG - Добавлена пауза 0.60s роботу 4 в t=21.20s
2025-09-26 13:43:03 - ROBOTY.safety - DEBUG - Добавлена пауза 0.60s роботу 1 в t=21.25s
2025-09-26 13:43:03 - ROBOTY.safety - DEBUG - Добавлена пауза 0.60s роботу 4 в t=21.25s
2025-09-26 13:43:03 - ROBOTY.safety - DEBUG - Добавлена пауза 0.60s роботу 3 в t=24.25s
2025-09-26 13:43:03 - ROBOTY.safety - DEBUG - Добавлена пауза 0.60s роботу 10 в t=24.25s
2025-09-26 13:43:03 - ROBOTY.safety - DEBUG - Добавлена пауза 0.60s роботу 3 в t=24.30s
2025-09-26 13:43:03 - ROBOTY.safety - DEBUG - Добавлена пауза 0.60s роботу 10 в t=24.30s
2025-09-26 13:43:03 - ROBOTY.safety - DEBUG - Добавлена пауза 0.60s роботу 3 в t=24.35s
2025-09-26 13:43:03 - ROBOTY.safety - DEBUG - Добавлена пауза 0.60s роботу 10 в t=24.35s
2025-09-26 13:43:03 - ROBOTY.safety - DEBUG - Добавлена пауза 0.60s роботу 3 в t=24.40s
2025-09-26 13:43:03 - ROBOTY.safety - DEBUG - Добавлена пауза 0.60s роботу 10 в t=24.40s
2025-09-26 13:43:03 - ROBOTY.safety - DEBUG - Добавлена пауза 0.60s роботу 3 в t=24.45s
2025-09-26 13:43:03 - ROBOTY.safety - DEBUG - Добавлена пауза 0.60s роботу 10 в t=24.45s
2025-09-26 13:43:03 - ROBOTY.safety - DEBUG - Добавлена пауза 0.60s роботу 3 в t=24.50s
2025-09-26 13:43:03 - ROBOTY.safety - DEBUG - Добавлена пауза 0.60s роботу 10 в t=24.50s
2025-09-26 13:43:03 - ROBOTY.safety - DEBUG - Добавлена пауза 0.60s роботу 3 в t=24.55s
2025-09-26 13:43:03 - ROBOTY.safety - DEBUG - Добавлена пауза 0.60s роботу 10 в t=24.55s
2025-09-26 13:43:03 - ROBOTY.safety - DEBUG - Добавлена пауза 0.60s роботу 5 в t=25.95s
2025-09-26 13:43:03 - ROBOTY.safety - DEBUG - Добавлена пауза 0.60s роботу 8 в t=25.95s
2025-09-26 13:43:03 - ROBOTY.safety - DEBUG - Добавлена пауза 0.60s роботу 5 в t=26.00s
2025-09-26 13:43:03 - ROBOTY.safety - DEBUG - Добавлена пауза 0.60s роботу 8 в t=26.00s
2025-09-26 13:43:03 - ROBOTY.safety - DEBUG - Добавлена пауза 0.60s роботу 5 в t=26.05s
2025-09-26 13:43:03 - ROBOTY.safety - DEBUG - Добавлена пауза 0.60s роботу 8 в t=26.05s
2025-09-26 13:43:03 - ROBOTY.safety - DEBUG - Добавлена пауза 0.60s роботу 2 в t=30.80s
2025-09-26 13:43:03 - ROBOTY.safety - DEBUG - Добавлена пауза 0.60s роботу 9 в t=30.80s
2025-09-26 13:43:03 - ROBOTY.safety - DEBUG - Добавлена пауза 0.60s роботу 2 в t=30.85s
2025-09-26 13:43:03 - ROBOTY.safety - DEBUG - Добавлена пауза 0.60s роботу 9 в t=30.85s
2025-09-26 13:43:03 - ROBOTY.safety - DEBUG - Добавлена пауза 0.60s роботу 2 в t=30.90s
2025-09-26 13:43:03 - ROBOTY.safety - DEBUG - Добавлена пауза 0.60s роботу 9 в t=30.90s
2025-09-26 13:43:03 - ROBOTY.safety - DEBUG - Добавлена пауза 0.60s роботу 2 в t=30.95s
2025-09-26 13:43:03 - ROBOTY.safety - DEBUG - Добавлена пауза 0.60s роботу 9 в t=30.95s
2025-09-26 13:43:03 - ROBOTY.safety - DEBUG - Добавлена пауза 0.60s роботу 2 в t=31.00s
2025-09-26 13:43:03 - ROBOTY.safety - DEBUG - Добавлена пауза 0.60s роботу 9 в t=31.00s
2025-09-26 13:43:03 - ROBOTY.safety - DEBUG - Добавлена пауза 0.60s роботу 2 в t=31.05s
2025-09-26 13:43:03 - ROBOTY.safety - DEBUG - Добавлена пауза 0.60s роботу 9 в t=31.05s
2025-09-26 13:43:03 - ROBOTY.safety - DEBUG - Добавлена пауза 0.60s роботу 2 в t=31.10s
2025-09-26 13:43:03 - ROBOTY.safety - DEBUG - Добавлена пауза 0.60s роботу 9 в t=31.10s
2025-09-26 13:43:03 - ROBOTY.safety - DEBUG - Добавлена пауза 0.60s роботу 2 в t=31.15s
2025-09-26 13:43:03 - ROBOTY.safety - DEBUG - Добавлена пауза 0.60s роботу 9 в t=31.15s
2025-09-26 13:43:03 - ROBOTY.safety - DEBUG - Добавлена пауза 0.60s роботу 2 в t=31.20s
2025-09-26 13:43:03 - ROBOTY.safety - DEBUG - Добавлена пауза 0.60s роботу 9 в t=31.20s
2025-09-26 13:43:03 - ROBOTY.safety - DEBUG - Добавлена пауза 0.60s роботу 2 в t=31.25s
2025-09-26 13:43:03 - ROBOTY.safety - DEBUG - Добавлена пауза 0.60s роботу 9 в t=31.25s
2025-09-26 13:43:03 - ROBOTY.safety - DEBUG - Добавлена пауза 0.60s роботу 2 в t=31.30s
2025-09-26 13:43:03 - ROBOTY.safety - DEBUG - Добавлена пауза 0.60s роботу 9 в t=31.30s
2025-09-26 13:43:03 - ROBOTY.safety - DEBUG - Добавлена пауза 0.60s роботу 2 в t=31.35s
2025-09-26 13:43:03 - ROBOTY.safety - DEBUG - Добавлена пауза 0.60s роботу 9 в t=31.35s
2025-09-26 13:43:03 - ROBOTY.safety - DEBUG - Добавлена пауза 0.60s роботу 2 в t=31.40s
2025-09-26 13:43:03 - ROBOTY.safety - DEBUG - Добавлена пауза 0.60s роботу 9 в t=31.40s
2025-09-26 13:43:03 - ROBOTY.safety - DEBUG - Добавлена пауза 0.60s роботу 2 в t=31.45s
2025-09-26 13:43:03 - ROBOTY.safety - DEBUG - Добавлена пауза 0.60s роботу 9 в t=31.45s
2025-09-26 13:43:03 - ROBOTY.safety - DEBUG - Добавлена пауза 0.60s роботу 2 в t=31.50s
2025-09-26 13:43:03 - ROBOTY.safety - DEBUG - Добавлена пауза 0.60s роботу 9 в t=31.50s
2025-09-26 13:43:03 - ROBOTY.safety - DEBUG - Добавлена пауза 0.60s роботу 2 в t=31.55s
2025-09-26 13:43:03 - ROBOTY.safety - DEBUG - Добавлена пауза 0.60s роботу 9 в t=31.55s
2025-09-26 13:43:03 - ROBOTY.safety - DEBUG - Добавлена пауза 0.60s роботу 2 в t=31.60s
2025-09-26 13:43:03 - ROBOTY.safety - DEBUG - Добавлена пауза 0.60s роботу 9 в t=31.60s
2025-09-26 13:43:03 - ROBOTY.safety - DEBUG - Добавлена пауза 0.60s роботу 2 в t=31.65s
2025-09-26 13:43:03 - ROBOTY.safety - DEBUG - Добавлена пауза 0.60s роботу 9 в t=31.65s
2025-09-26 13:43:03 - ROBOTY.safety - DEBUG - Добавлена пауза 0.60s роботу 2 в t=31.70s
2025-09-26 13:43:03 - ROBOTY.safety - DEBUG - Добавлена пауза 0.60s роботу 9 в t=31.70s
2025-09-26 13:43:03 - ROBOTY.safety - DEBUG - Добавлена пауза 0.60s роботу 4 в t=38.15s
2025-09-26 13:43:03 - ROBOTY.safety - DEBUG - Добавлена пауза 0.60s роботу 10 в t=38.15s
2025-09-26 13:43:03 - ROBOTY.safety - DEBUG - Добавлена пауза 0.60s роботу 4 в t=38.20s
2025-09-26 13:43:03 - ROBOTY.safety - DEBUG - Добавлена пауза 0.60s роботу 10 в t=38.20s
2025-09-26 13:43:03 - ROBOTY.safety - DEBUG - Добавлена пауза 0.60s роботу 4 в t=38.25s
2025-09-26 13:43:03 - ROBOTY.safety - DEBUG - Добавлена пауза 0.60s роботу 10 в t=38.25s
2025-09-26 13:43:03 - ROBOTY.safety - DEBUG - Добавлена пауза 0.60s роботу 4 в t=38.30s
2025-09-26 13:43:03 - ROBOTY.safety - DEBUG - Добавлена пауза 0.60s роботу 10 в t=38.30s
2025-09-26 13:43:03 - ROBOTY.safety - DEBUG - Добавлена пауза 0.60s роботу 4 в t=38.35s
2025-09-26 13:43:03 - ROBOTY.safety - DEBUG - Добавлена пауза 0.60s роботу 10 в t=38.35s
2025-09-26 13:43:03 - ROBOTY.safety - DEBUG - Добавлена пауза 0.60s роботу 4 в t=38.40s
2025-09-26 13:43:03 - ROBOTY.safety - DEBUG - Добавлена пауза 0.60s роботу 10 в t=38.40s
2025-09-26 13:43:03 - ROBOTY.safety - DEBUG - Добавлена пауза 0.60s роботу 4 в t=38.45s
2025-09-26 13:43:03 - ROBOTY.safety - DEBUG - Добавлена пауза 0.60s роботу 10 в t=38.45s
2025-09-26 13:43:03 - ROBOTY.safety - DEBUG - Добавлена пауза 0.60s роботу 4 в t=38.50s
2025-09-26 13:43:03 - ROBOTY.safety - DEBUG - Добавлена пауза 0.60s роботу 10 в t=38.50s
2025-09-26 13:43:03 - ROBOTY.safety - DEBUG - Добавлена пауза 0.60s роботу 4 в t=38.55s
2025-09-26 13:43:03 - ROBOTY.safety - DEBUG - Добавлена пауза 0.60s роботу 10 в t=38.55s
2025-09-26 13:43:03 - ROBOTY.safety - DEBUG - Добавлена пауза 0.60s роботу 4 в t=38.60s
2025-09-26 13:43:03 - ROBOTY.safety - DEBUG - Добавлена пауза 0.60s роботу 10 в t=38.60s
2025-09-26 13:43:03 - ROBOTY.safety - DEBUG - Добавлена пауза 0.60s роботу 4 в t=38.65s
2025-09-26 13:43:03 - ROBOTY.safety - DEBUG - Добавлена пауза 0.60s роботу 10 в t=38.65s
2025-09-26 13:43:03 - ROBOTY.safety - DEBUG - Добавлена пауза 0.60s роботу 4 в t=38.70s
2025-09-26 13:43:03 - ROBOTY.safety - DEBUG - Добавлена пауза 0.60s роботу 10 в t=38.70s
2025-09-26 13:43:03 - ROBOTY.safety - DEBUG - Добавлена пауза 0.60s роботу 4 в t=38.75s
2025-09-26 13:43:03 - ROBOTY.safety - DEBUG - Добавлена пауза 0.60s роботу 10 в t=38.75s
2025-09-26 13:43:03 - ROBOTY.safety - DEBUG - Добавлена пауза 0.60s роботу 4 в t=38.80s
2025-09-26 13:43:03 - ROBOTY.safety - DEBUG - Добавлена пауза 0.60s роботу 10 в t=38.80s
2025-09-26 13:43:03 - ROBOTY.safety - DEBUG - Добавлена пауза 0.60s роботу 4 в t=38.85s
2025-09-26 13:43:03 - ROBOTY.safety - DEBUG - Добавлена пауза 0.60s роботу 10 в t=38.85s
2025-09-26 13:43:03 - ROBOTY.safety - DEBUG - Добавлена пауза 0.60s роботу 4 в t=38.90s
2025-09-26 13:43:03 - ROBOTY.safety - DEBUG - Добавлена пауза 0.60s роботу 10 в t=38.90s
2025-09-26 13:43:03 - ROBOTY.safety - DEBUG - Добавлена пауза 0.60s роботу 4 в t=38.95s
2025-09-26 13:43:03 - ROBOTY.safety - DEBUG - Добавлена пауза 0.60s роботу 10 в t=38.95s
2025-09-26 13:43:03 - ROBOTY.safety - DEBUG - Добавлена пауза 0.60s роботу 4 в t=39.00s
2025-09-26 13:43:03 - ROBOTY.safety - DEBUG - Добавлена пауза 0.60s роботу 10 в t=39.00s
2025-09-26 13:43:03 - ROBOTY.safety - DEBUG - Добавлена пауза 0.60s роботу 4 в t=39.05s
2025-09-26 13:43:03 - ROBOTY.safety - DEBUG - Добавлена пауза 0.60s роботу 10 в t=39.05s
2025-09-26 13:43:03 - ROBOTY.safety - DEBUG - Добавлена пауза 0.60s роботу 4 в t=39.10s
2025-09-26 13:43:03 - ROBOTY.safety - DEBUG - Добавлена пауза 0.60s роботу 10 в t=39.10s
2025-09-26 13:43:03 - ROBOTY.safety - DEBUG - Добавлена пауза 0.60s роботу 4 в t=39.15s
2025-09-26 13:43:03 - ROBOTY.safety - DEBUG - Добавлена пауза 0.60s роботу 10 в t=39.15s
2025-09-26 13:43:03 - ROBOTY.safety - DEBUG - Добавлена пауза 0.60s роботу 4 в t=39.20s
2025-09-26 13:43:03 - ROBOTY.safety - DEBUG - Добавлена пауза 0.60s роботу 10 в t=39.20s
2025-09-26 13:43:03 - ROBOTY.safety - DEBUG - Добавлена пауза 0.60s роботу 4 в t=39.25s
2025-09-26 13:43:03 - ROBOTY.safety - DEBUG - Добавлена пауза 0.60s роботу 10 в t=39.25s
2025-09-26 13:43:03 - ROBOTY.safety - DEBUG - Добавлена пауза 0.60s роботу 4 в t=39.30s
2025-09-26 13:43:03 - ROBOTY.safety - DEBUG - Добавлена пауза 0.60s роботу 10 в t=39.30s
2025-09-26 13:43:03 - ROBOTY.safety - DEBUG - Добавлена пауза 0.60s роботу 4 в t=39.35s
2025-09-26 13:43:03 - ROBOTY.safety - DEBUG - Добавлена пауза 0.60s роботу 10 в t=39.35s
2025-09-26 13:43:03 - ROBOTY.safety - DEBUG - Добавлена пауза 0.60s роботу 4 в t=39.40s
2025-09-26 13:43:03 - ROBOTY.safety - DEBUG - Добавлена пауза 0.60s роботу 10 в t=39.40s
2025-09-26 13:43:03 - ROBOTY.safety - DEBUG - Добавлена пауза 0.60s роботу 4 в t=39.45s
2025-09-26 13:43:03 - ROBOTY.safety - DEBUG - Добавлена пауза 0.60s роботу 10 в t=39.45s
2025-09-26 13:43:03 - ROBOTY.safety - DEBUG - Добавлена пауза 0.60s роботу 4 в t=39.50s
2025-09-26 13:43:03 - ROBOTY.safety - DEBUG - Добавлена пауза 0.60s роботу 10 в t=39.50s
2025-09-26 13:43:03 - ROBOTY.safety - DEBUG - Добавлена пауза 0.60s роботу 4 в t=39.55s
2025-09-26 13:43:03 - ROBOTY.safety - DEBUG - Добавлена пауза 0.60s роботу 10 в t=39.55s
2025-09-26 13:43:03 - ROBOTY.safety - DEBUG - Добавлена пауза 0.60s роботу 4 в t=39.60s
2025-09-26 13:43:03 - ROBOTY.safety - DEBUG - Добавлена пауза 0.60s роботу 10 в t=39.60s
2025-09-26 13:43:03 - ROBOTY.safety - INFO - Онлайн-безопасность применена: паузы вставлены
2025-09-26 13:43:03 - ROBOTY.collision - INFO - Начинаем детальную проверку коллизий
2025-09-26 13:43:03 - ROBOTY.collision - DEBUG - Проверяем коллизии в диапазоне времени: 0.00 - 81.13
2025-09-26 13:43:03 - ROBOTY.collision - WARNING - Коллизия: роботы 4 и 8 в 2.40s, расстояние: 0.467, требуется: 0.500
2025-09-26 13:43:03 - ROBOTY.collision - WARNING - Коллизия: роботы 4 и 8 в 2.50s, расстояние: 0.467, требуется: 0.500
2025-09-26 13:43:03 - ROBOTY.collision - WARNING - Коллизия: роботы 4 и 8 в 2.60s, расстояние: 0.467, требуется: 0.500
2025-09-26 13:43:03 - ROBOTY.collision - WARNING - Коллизия: роботы 4 и 8 в 2.70s, расстояние: 0.467, требуется: 0.500
2025-09-26 13:43:03 - ROBOTY.collision - WARNING - Коллизия: роботы 4 и 8 в 2.80s, расстояние: 0.467, требуется: 0.500
2025-09-26 13:43:03 - ROBOTY.collision - WARNING - Коллизия: роботы 4 и 8 в 2.90s, расстояние: 0.467, требуется: 0.500
2025-09-26 13:43:03 - ROBOTY.collision - WARNING - Коллизия: роботы 4 и 8 в 3.00s, расстояние: 0.467, требуется: 0.500
2025-09-26 13:43:03 - ROBOTY.collision - WARNING - Коллизия: роботы 4 и 8 в 3.10s, расстояние: 0.467, требуется: 0.500
2025-09-26 13:43:03 - ROBOTY.collision - WARNING - Коллизия: роботы 4 и 8 в 3.20s, расстояние: 0.467, требуется: 0.500
2025-09-26 13:43:03 - ROBOTY.collision - WARNING - Коллизия: роботы 4 и 8 в 3.30s, расстояние: 0.467, требуется: 0.500
2025-09-26 13:43:03 - ROBOTY.collision - WARNING - Коллизия: роботы 4 и 8 в 3.40s, расстояние: 0.467, требуется: 0.500
2025-09-26 13:43:03 - ROBOTY.collision - WARNING - Коллизия: роботы 4 и 8 в 3.50s, расстояние: 0.467, требуется: 0.500
2025-09-26 13:43:03 - ROBOTY.collision - WARNING - Коллизия: роботы 4 и 8 в 3.60s, расстояние: 0.467, требуется: 0.500
2025-09-26 13:43:03 - ROBOTY.collision - WARNING - Коллизия: роботы 4 и 8 в 3.70s, расстояние: 0.467, требуется: 0.500
2025-09-26 13:43:03 - ROBOTY.collision - WARNING - Коллизия: роботы 4 и 8 в 3.80s, расстояние: 0.467, требуется: 0.500
2025-09-26 13:43:03 - ROBOTY.collision - WARNING - Коллизия: роботы 4 и 8 в 3.90s, расстояние: 0.467, требуется: 0.500
2025-09-26 13:43:03 - ROBOTY.collision - WARNING - Коллизия: роботы 4 и 8 в 4.00s, расстояние: 0.467, требуется: 0.500
2025-09-26 13:43:03 - ROBOTY.collision - WARNING - Коллизия: роботы 4 и 8 в 4.10s, расстояние: 0.467, требуется: 0.500
2025-09-26 13:43:03 - ROBOTY.collision - WARNING - Коллизия: роботы 4 и 8 в 4.20s, расстояние: 0.467, требуется: 0.500
2025-09-26 13:43:03 - ROBOTY.collision - WARNING - Коллизия: роботы 4 и 8 в 4.30s, расстояние: 0.467, требуется: 0.500
2025-09-26 13:43:03 - ROBOTY.collision - WARNING - Коллизия: роботы 4 и 8 в 4.40s, расстояние: 0.467, требуется: 0.500
2025-09-26 13:43:03 - ROBOTY.collision - WARNING - Коллизия: роботы 4 и 8 в 4.50s, расстояние: 0.467, требуется: 0.500
2025-09-26 13:43:03 - ROBOTY.collision - WARNING - Коллизия: роботы 4 и 8 в 4.60s, расстояние: 0.467, требуется: 0.500
2025-09-26 13:43:03 - ROBOTY.collision - WARNING - Коллизия: роботы 4 и 8 в 4.70s, расстояние: 0.467, требуется: 0.500
2025-09-26 13:43:03 - ROBOTY.collision - WARNING - Коллизия: роботы 4 и 8 в 4.80s, расстояние: 0.467, требуется: 0.500
2025-09-26 13:43:03 - ROBOTY.collision - WARNING - Коллизия: роботы 4 и 8 в 4.90s, расстояние: 0.467, требуется: 0.500
2025-09-26 13:43:03 - ROBOTY.collision - WARNING - Коллизия: роботы 4 и 8 в 5.00s, расстояние: 0.467, требуется: 0.500
2025-09-26 13:43:03 - ROBOTY.collision - WARNING - Коллизия: роботы 4 и 8 в 5.10s, расстояние: 0.467, требуется: 0.500
2025-09-26 13:43:03 - ROBOTY.collision - WARNING - Коллизия: роботы 4 и 8 в 5.20s, расстояние: 0.467, требуется: 0.500
2025-09-26 13:43:03 - ROBOTY.collision - WARNING - Коллизия: роботы 4 и 8 в 5.30s, расстояние: 0.467, требуется: 0.500
2025-09-26 13:43:03 - ROBOTY.collision - WARNING - Коллизия: роботы 4 и 8 в 5.40s, расстояние: 0.467, требуется: 0.500
2025-09-26 13:43:03 - ROBOTY.collision - WARNING - Коллизия: роботы 4 и 8 в 5.50s, расстояние: 0.467, требуется: 0.500
2025-09-26 13:43:03 - ROBOTY.collision - WARNING - Коллизия: роботы 4 и 8 в 5.60s, расстояние: 0.467, требуется: 0.500
2025-09-26 13:43:03 - ROBOTY.collision - WARNING - Коллизия: роботы 4 и 8 в 5.70s, расстояние: 0.467, требуется: 0.500
2025-09-26 13:43:03 - ROBOTY.collision - WARNING - Коллизия: роботы 4 и 8 в 5.80s, расстояние: 0.467, требуется: 0.500
2025-09-26 13:43:03 - ROBOTY.collision - WARNING - Коллизия: роботы 4 и 8 в 5.90s, расстояние: 0.467, требуется: 0.500
2025-09-26 13:43:03 - ROBOTY.collision - WARNING - Коллизия: роботы 4 и 8 в 6.00s, расстояние: 0.467, требуется: 0.500
2025-09-26 13:43:03 - ROBOTY.collision - WARNING - Коллизия: роботы 4 и 8 в 6.10s, расстояние: 0.467, требуется: 0.500
2025-09-26 13:43:03 - ROBOTY.collision - WARNING - Коллизия: роботы 4 и 8 в 6.20s, расстояние: 0.467, требуется: 0.500
2025-09-26 13:43:03 - ROBOTY.collision - WARNING - Коллизия: роботы 4 и 8 в 6.30s, расстояние: 0.467, требуется: 0.500
2025-09-26 13:43:03 - ROBOTY.collision - WARNING - Коллизия: роботы 4 и 8 в 6.40s, расстояние: 0.467, требуется: 0.500
2025-09-26 13:43:03 - ROBOTY.collision - WARNING - Коллизия: роботы 4 и 8 в 6.50s, расстояние: 0.467, требуется: 0.500
2025-09-26 13:43:03 - ROBOTY.collision - WARNING - Коллизия: роботы 4 и 8 в 6.60s, расстояние: 0.467, требуется: 0.500
2025-09-26 13:43:03 - ROBOTY.collision - WARNING - Коллизия: роботы 1 и 3 в 6.70s, расстояние: 0.425, требуется: 0.500
2025-09-26 13:43:03 - ROBOTY.collision - WARNING - Коллизия: роботы 4 и 8 в 6.70s, расстояние: 0.366, требуется: 0.500
2025-09-26 13:43:03 - ROBOTY.collision - WARNING - Коллизия: роботы 1 и 3 в 6.80s, расстояние: 0.366, требуется: 0.500
2025-09-26 13:43:03 - ROBOTY.collision - WARNING - Коллизия: роботы 4 и 8 в 6.80s, расстояние: 0.273, требуется: 0.500
2025-09-26 13:43:03 - ROBOTY.collision - WARNING - Коллизия: роботы 1 и 3 в 6.90s, расстояние: 0.339, требуется: 0.500
2025-09-26 13:43:03 - ROBOTY.collision - WARNING - Коллизия: роботы 4 и 8 в 6.90s, расстояние: 0.201, требуется: 0.500
2025-09-26 13:43:03 - ROBOTY.collision - WARNING - Коллизия: роботы 1 и 3 в 7.00s, расстояние: 0.352, требуется: 0.500
2025-09-26 13:43:03 - ROBOTY.collision - WARNING - Коллизия: роботы 4 и 8 в 7.00s, расстояние: 0.176, требуется: 0.500
2025-09-26 13:43:03 - ROBOTY.collision - WARNING - Коллизия: роботы 1 и 3 в 7.10s, расстояние: 0.401, требуется: 0.500
2025-09-26 13:43:03 - ROBOTY.collision - WARNING - Коллизия: роботы 4 и 8 в 7.10s, расстояние: 0.217, требуется: 0.500
2025-09-26 13:43:03 - ROBOTY.collision - WARNING - Коллизия: роботы 1 и 3 в 7.20s, расстояние: 0.475, требуется: 0.500
2025-09-26 13:43:03 - ROBOTY.collision - WARNING - Коллизия: роботы 4 и 8 в 7.20s, расстояние: 0.297, требуется: 0.500
2025-09-26 13:43:03 - ROBOTY.collision - WARNING - Коллизия: роботы 4 и 8 в 7.30s, расстояние: 0.393, требуется: 0.500
2025-09-26 13:43:03 - ROBOTY.collision - WARNING - Коллизия: роботы 4 и 8 в 7.40s, расстояние: 0.495, требуется: 0.500
2025-09-26 13:43:03 - ROBOTY.collision - WARNING - Коллизия: роботы 3 и 8 в 16.50s, расстояние: 0.489, требуется: 0.500
2025-09-26 13:43:03 - ROBOTY.collision - WARNING - Коллизия: роботы 3 и 8 в 16.60s, расстояние: 0.489, требуется: 0.500
2025-09-26 13:43:03 - ROBOTY.collision - WARNING - Коллизия: роботы 3 и 8 в 16.70s, расстояние: 0.489, требуется: 0.500
2025-09-26 13:43:03 - ROBOTY.collision - WARNING - Коллизия: роботы 3 и 8 в 16.80s, расстояние: 0.489, требуется: 0.500
2025-09-26 13:43:03 - ROBOTY.collision - WARNING - Коллизия: роботы 3 и 8 в 16.90s, расстояние: 0.489, требуется: 0.500
2025-09-26 13:43:03 - ROBOTY.collision - WARNING - Коллизия: роботы 3 и 8 в 17.00s, расстояние: 0.489, требуется: 0.500
2025-09-26 13:43:03 - ROBOTY.collision - WARNING - Коллизия: роботы 3 и 8 в 17.10s, расстояние: 0.489, требуется: 0.500
2025-09-26 13:43:03 - ROBOTY.collision - WARNING - Коллизия: роботы 3 и 8 в 17.20s, расстояние: 0.489, требуется: 0.500
2025-09-26 13:43:03 - ROBOTY.collision - WARNING - Коллизия: роботы 3 и 8 в 17.30s, расстояние: 0.489, требуется: 0.500
2025-09-26 13:43:03 - ROBOTY.collision - WARNING - Коллизия: роботы 3 и 8 в 17.40s, расстояние: 0.489, требуется: 0.500
2025-09-26 13:43:03 - ROBOTY.collision - WARNING - Коллизия: роботы 3 и 8 в 17.50s, расстояние: 0.489, требуется: 0.500
2025-09-26 13:43:03 - ROBOTY.collision - WARNING - Коллизия: роботы 3 и 8 в 17.60s, расстояние: 0.477, требуется: 0.500
2025-09-26 13:43:03 - ROBOTY.collision - WARNING - Коллизия: роботы 3 и 8 в 17.70s, расстояние: 0.462, требуется: 0.500
2025-09-26 13:43:03 - ROBOTY.collision - WARNING - Коллизия: роботы 3 и 8 в 17.80s, расстояние: 0.449, требуется: 0.500
2025-09-26 13:43:03 - ROBOTY.collision - WARNING - Коллизия: роботы 3 и 8 в 17.90s, расстояние: 0.425, требуется: 0.500
2025-09-26 13:43:03 - ROBOTY.collision - WARNING - Коллизия: роботы 3 и 8 в 18.00s, расстояние: 0.370, требуется: 0.500
2025-09-26 13:43:03 - ROBOTY.collision - WARNING - Коллизия: роботы 3 и 8 в 18.10s, расстояние: 0.350, требуется: 0.500
2025-09-26 13:43:03 - ROBOTY.collision - WARNING - Коллизия: роботы 3 и 8 в 18.20s, расстояние: 0.470, требуется: 0.500
2025-09-26 13:43:03 - ROBOTY.collision - WARNING - Коллизия: роботы 2 и 3 в 19.80s, расстояние: 0.454, требуется: 0.500
2025-09-26 13:43:03 - ROBOTY.collision - WARNING - Коллизия: роботы 2 и 3 в 19.90s, расстояние: 0.386, требуется: 0.500
2025-09-26 13:43:03 - ROBOTY.collision - WARNING - Коллизия: роботы 2 и 3 в 20.00s, расстояние: 0.359, требуется: 0.500
2025-09-26 13:43:03 - ROBOTY.collision - WARNING - Коллизия: роботы 2 и 3 в 20.10s, расстояние: 0.382, требуется: 0.500
2025-09-26 13:43:03 - ROBOTY.collision - WARNING - Коллизия: роботы 2 и 3 в 20.20s, расстояние: 0.447, требуется: 0.500
2025-09-26 13:43:03 - ROBOTY.collision - WARNING - Коллизия: роботы 2 и 3 в 21.90s, расстояние: 0.498, требуется: 0.500
2025-09-26 13:43:03 - ROBOTY.collision - WARNING - Коллизия: роботы 2 и 3 в 22.00s, расстояние: 0.419, требуется: 0.500
2025-09-26 13:43:03 - ROBOTY.collision - WARNING - Коллизия: роботы 2 и 3 в 22.10s, расстояние: 0.358, требуется: 0.500
2025-09-26 13:43:03 - ROBOTY.collision - WARNING - Коллизия: роботы 2 и 3 в 22.20s, расстояние: 0.339, требуется: 0.500
2025-09-26 13:43:03 - ROBOTY.collision - WARNING - Коллизия: роботы 2 и 3 в 22.30s, расстояние: 0.374, требуется: 0.500
2025-09-26 13:43:03 - ROBOTY.collision - WARNING - Коллизия: роботы 2 и 3 в 22.40s, расстояние: 0.449, требуется: 0.500
2025-09-26 13:43:03 - ROBOTY.collision - WARNING - Коллизия: роботы 1 и 6 в 24.60s, расстояние: 0.461, требуется: 0.500
2025-09-26 13:43:03 - ROBOTY.collision - WARNING - Коллизия: роботы 1 и 6 в 24.70s, расстояние: 0.425, требуется: 0.500
2025-09-26 13:43:03 - ROBOTY.collision - WARNING - Коллизия: роботы 1 и 6 в 24.80s, расстояние: 0.399, требуется: 0.500
2025-09-26 13:43:03 - ROBOTY.collision - WARNING - Коллизия: роботы 1 и 6 в 24.90s, расстояние: 0.385, требуется: 0.500
2025-09-26 13:43:03 - ROBOTY.collision - WARNING - Коллизия: роботы 1 и 6 в 25.00s, расстояние: 0.385, требуется: 0.500
2025-09-26 13:43:03 - ROBOTY.collision - WARNING - Коллизия: роботы 1 и 6 в 25.10s, расстояние: 0.398, требуется: 0.500
2025-09-26 13:43:03 - ROBOTY.collision - WARNING - Коллизия: роботы 1 и 6 в 25.20s, расстояние: 0.424, требуется: 0.500
2025-09-26 13:43:03 - ROBOTY.collision - WARNING - Коллизия: роботы 1 и 6 в 25.30s, расстояние: 0.460, требуется: 0.500
2025-09-26 13:43:03 - ROBOTY.collision - WARNING - Коллизия: роботы 3 и 10 в 30.00s, расстояние: 0.419, требуется: 0.500
2025-09-26 13:43:03 - ROBOTY.collision - WARNING - Коллизия: роботы 3 и 10 в 30.10s, расстояние: 0.317, требуется: 0.500
2025-09-26 13:43:03 - ROBOTY.collision - WARNING - Коллизия: роботы 3 и 10 в 30.20s, расстояние: 0.322, требуется: 0.500
2025-09-26 13:43:03 - ROBOTY.collision - WARNING - Коллизия: роботы 3 и 10 в 30.30s, расстояние: 0.429, требуется: 0.500
2025-09-26 13:43:03 - ROBOTY.collision - WARNING - Коллизия: роботы 1 и 2 в 30.70s, расстояние: 0.483, требуется: 0.500
2025-09-26 13:43:03 - ROBOTY.collision - WARNING - Коллизия: роботы 1 и 2 в 30.80s, расстояние: 0.470, требуется: 0.500
2025-09-26 13:43:03 - ROBOTY.collision - WARNING - Коллизия: роботы 1 и 2 в 30.90s, расстояние: 0.470, требуется: 0.500
2025-09-26 13:43:03 - ROBOTY.collision - WARNING - Коллизия: роботы 1 и 2 в 31.00s, расстояние: 0.470, требуется: 0.500
2025-09-26 13:43:03 - ROBOTY.collision - WARNING - Коллизия: роботы 1 и 2 в 31.10s, расстояние: 0.470, требуется: 0.500
2025-09-26 13:43:03 - ROBOTY.collision - WARNING - Коллизия: роботы 1 и 2 в 31.20s, расстояние: 0.470, требуется: 0.500
2025-09-26 13:43:03 - ROBOTY.collision - WARNING - Коллизия: роботы 1 и 2 в 31.30s, расстояние: 0.470, требуется: 0.500
2025-09-26 13:43:03 - ROBOTY.collision - WARNING - Коллизия: роботы 1 и 2 в 31.40s, расстояние: 0.470, требуется: 0.500
2025-09-26 13:43:03 - ROBOTY.collision - WARNING - Коллизия: роботы 1 и 2 в 31.50s, расстояние: 0.470, требуется: 0.500
2025-09-26 13:43:03 - ROBOTY.collision - WARNING - Коллизия: роботы 1 и 2 в 31.60s, расстояние: 0.470, требуется: 0.500
2025-09-26 13:43:03 - ROBOTY.collision - WARNING - Коллизия: роботы 1 и 2 в 31.70s, расстояние: 0.470, требуется: 0.500
2025-09-26 13:43:03 - ROBOTY.collision - WARNING - Коллизия: роботы 1 и 2 в 31.80s, расстояние: 0.470, требуется: 0.500
2025-09-26 13:43:03 - ROBOTY.collision - WARNING - Коллизия: роботы 1 и 2 в 31.90s, расстояние: 0.470, требуется: 0.500
2025-09-26 13:43:03 - ROBOTY.collision - WARNING - Коллизия: роботы 1 и 2 в 32.00s, расстояние: 0.470, требуется: 0.500
2025-09-26 13:43:03 - ROBOTY.collision - WARNING - Коллизия: роботы 1 и 2 в 32.10s, расстояние: 0.470, требуется: 0.500
2025-09-26 13:43:03 - ROBOTY.collision - WARNING - Коллизия: роботы 1 и 2 в 32.20s, расстояние: 0.470, требуется: 0.500
2025-09-26 13:43:03 - ROBOTY.collision - WARNING - Коллизия: роботы 1 и 2 в 32.30s, расстояние: 0.470, требуется: 0.500
2025-09-26 13:43:03 - ROBOTY.collision - WARNING - Коллизия: роботы 1 и 2 в 32.40s, расстояние: 0.470, требуется: 0.500
2025-09-26 13:43:03 - ROBOTY.collision - WARNING - Коллизия: роботы 1 и 2 в 32.50s, расстояние: 0.470, требуется: 0.500
2025-09-26 13:43:03 - ROBOTY.collision - WARNING - Коллизия: роботы 1 и 2 в 32.60s, расстояние: 0.470, требуется: 0.500
2025-09-26 13:43:03 - ROBOTY.collision - WARNING - Коллизия: роботы 1 и 2 в 32.70s, расстояние: 0.470, требуется: 0.500
2025-09-26 13:43:03 - ROBOTY.collision - WARNING - Коллизия: роботы 1 и 2 в 32.80s, расстояние: 0.470, требуется: 0.500
2025-09-26 13:43:03 - ROBOTY.collision - WARNING - Коллизия: роботы 1 и 2 в 32.90s, расстояние: 0.470, требуется: 0.500
2025-09-26 13:43:03 - ROBOTY.collision - WARNING - Коллизия: роботы 1 и 2 в 33.00s, расстояние: 0.470, требуется: 0.500
2025-09-26 13:43:03 - ROBOTY.collision - WARNING - Коллизия: роботы 1 и 2 в 33.10s, расстояние: 0.470, требуется: 0.500
2025-09-26 13:43:03 - ROBOTY.collision - WARNING - Коллизия: роботы 1 и 2 в 33.20s, расстояние: 0.470, требуется: 0.500
2025-09-26 13:43:03 - ROBOTY.collision - WARNING - Коллизия: роботы 1 и 2 в 33.30s, расстояние: 0.470, требуется: 0.500
2025-09-26 13:43:03 - ROBOTY.collision - WARNING - Коллизия: роботы 1 и 2 в 33.40s, расстояние: 0.470, требуется: 0.500
2025-09-26 13:43:03 - ROBOTY.collision - WARNING - Коллизия: роботы 1 и 2 в 33.50s, расстояние: 0.470, требуется: 0.500
2025-09-26 13:43:03 - ROBOTY.collision - WARNING - Коллизия: роботы 1 и 2 в 33.60s, расстояние: 0.470, требуется: 0.500
2025-09-26 13:43:03 - ROBOTY.collision - WARNING - Коллизия: роботы 1 и 2 в 33.70s, расстояние: 0.470, требуется: 0.500
2025-09-26 13:43:03 - ROBOTY.collision - WARNING - Коллизия: роботы 1 и 2 в 33.80s, расстояние: 0.470, требуется: 0.500
2025-09-26 13:43:03 - ROBOTY.collision - WARNING - Коллизия: роботы 1 и 2 в 33.90s, расстояние: 0.470, требуется: 0.500
2025-09-26 13:43:03 - ROBOTY.collision - WARNING - Коллизия: роботы 1 и 2 в 34.00s, расстояние: 0.470, требуется: 0.500
2025-09-26 13:43:03 - ROBOTY.collision - WARNING - Коллизия: роботы 1 и 2 в 34.10s, расстояние: 0.470, требуется: 0.500
2025-09-26 13:43:03 - ROBOTY.collision - WARNING - Коллизия: роботы 1 и 2 в 34.20s, расстояние: 0.470, требуется: 0.500
2025-09-26 13:43:03 - ROBOTY.collision - WARNING - Коллизия: роботы 1 и 2 в 34.30s, расстояние: 0.470, требуется: 0.500
2025-09-26 13:43:03 - ROBOTY.collision - WARNING - Коллизия: роботы 1 и 2 в 34.40s, расстояние: 0.470, требуется: 0.500
2025-09-26 13:43:03 - ROBOTY.collision - WARNING - Коллизия: роботы 1 и 2 в 34.50s, расстояние: 0.470, требуется: 0.500
2025-09-26 13:43:03 - ROBOTY.collision - WARNING - Коллизия: роботы 1 и 2 в 34.60s, расстояние: 0.470, требуется: 0.500
2025-09-26 13:43:03 - ROBOTY.collision - WARNING - Коллизия: роботы 1 и 2 в 34.70s, расстояние: 0.470, требуется: 0.500
2025-09-26 13:43:03 - ROBOTY.collision - WARNING - Коллизия: роботы 1 и 2 в 34.80s, расстояние: 0.470, требуется: 0.500
2025-09-26 13:43:03 - ROBOTY.collision - WARNING - Коллизия: роботы 1 и 2 в 34.90s, расстояние: 0.470, требуется: 0.500
2025-09-26 13:43:03 - ROBOTY.collision - WARNING - Коллизия: роботы 1 и 2 в 35.00s, расстояние: 0.470, требуется: 0.500
2025-09-26 13:43:03 - ROBOTY.collision - WARNING - Коллизия: роботы 1 и 2 в 35.10s, расстояние: 0.470, требуется: 0.500
2025-09-26 13:43:03 - ROBOTY.collision - WARNING - Коллизия: роботы 1 и 2 в 35.20s, расстояние: 0.470, требуется: 0.500
2025-09-26 13:43:03 - ROBOTY.collision - WARNING - Коллизия: роботы 1 и 2 в 35.30s, расстояние: 0.470, требуется: 0.500
2025-09-26 13:43:03 - ROBOTY.collision - WARNING - Коллизия: роботы 1 и 2 в 35.40s, расстояние: 0.470, требуется: 0.500
2025-09-26 13:43:03 - ROBOTY.collision - WARNING - Коллизия: роботы 1 и 2 в 35.50s, расстояние: 0.470, требуется: 0.500
2025-09-26 13:43:03 - ROBOTY.collision - WARNING - Коллизия: роботы 1 и 2 в 35.60s, расстояние: 0.470, требуется: 0.500
2025-09-26 13:43:03 - ROBOTY.collision - WARNING - Коллизия: роботы 1 и 2 в 35.70s, расстояние: 0.470, требуется: 0.500
2025-09-26 13:43:03 - ROBOTY.collision - WARNING - Коллизия: роботы 1 и 2 в 35.80s, расстояние: 0.470, требуется: 0.500
2025-09-26 13:43:03 - ROBOTY.collision - WARNING - Коллизия: роботы 1 и 2 в 35.90s, расстояние: 0.470, требуется: 0.500
2025-09-26 13:43:03 - ROBOTY.collision - WARNING - Коллизия: роботы 1 и 2 в 36.00s, расстояние: 0.470, требуется: 0.500
2025-09-26 13:43:03 - ROBOTY.collision - WARNING - Коллизия: роботы 1 и 2 в 36.10s, расстояние: 0.470, требуется: 0.500
2025-09-26 13:43:03 - ROBOTY.collision - WARNING - Коллизия: роботы 1 и 2 в 36.20s, расстояние: 0.470, требуется: 0.500
2025-09-26 13:43:03 - ROBOTY.collision - WARNING - Коллизия: роботы 1 и 2 в 36.30s, расстояние: 0.470, требуется: 0.500
2025-09-26 13:43:03 - ROBOTY.collision - WARNING - Коллизия: роботы 1 и 2 в 36.40s, расстояние: 0.470, требуется: 0.500
2025-09-26 13:43:03 - ROBOTY.collision - WARNING - Коллизия: роботы 1 и 2 в 36.50s, расстояние: 0.470, требуется: 0.500
2025-09-26 13:43:03 - ROBOTY.collision - WARNING - Коллизия: роботы 1 и 2 в 36.60s, расстояние: 0.470, требуется: 0.500
2025-09-26 13:43:03 - ROBOTY.collision - WARNING - Коллизия: роботы 1 и 2 в 36.70s, расстояние: 0.470, требуется: 0.500
2025-09-26 13:43:03 - ROBOTY.collision - WARNING - Коллизия: роботы 1 и 2 в 36.80s, расстояние: 0.470, требуется: 0.500
2025-09-26 13:43:03 - ROBOTY.collision - WARNING - Коллизия: роботы 1 и 2 в 36.90s, расстояние: 0.470, требуется: 0.500
2025-09-26 13:43:03 - ROBOTY.collision - WARNING - Коллизия: роботы 1 и 2 в 37.00s, расстояние: 0.470, требуется: 0.500
2025-09-26 13:43:03 - ROBOTY.collision - WARNING - Коллизия: роботы 1 и 2 в 37.10s, расстояние: 0.470, требуется: 0.500
2025-09-26 13:43:03 - ROBOTY.collision - WARNING - Коллизия: роботы 1 и 2 в 37.20s, расстояние: 0.470, требуется: 0.500
2025-09-26 13:43:03 - ROBOTY.collision - WARNING - Коллизия: роботы 1 и 2 в 37.30s, расстояние: 0.470, требуется: 0.500
2025-09-26 13:43:03 - ROBOTY.collision - WARNING - Коллизия: роботы 1 и 2 в 37.40s, расстояние: 0.470, требуется: 0.500
2025-09-26 13:43:03 - ROBOTY.collision - WARNING - Коллизия: роботы 1 и 2 в 37.50s, расстояние: 0.470, требуется: 0.500
2025-09-26 13:43:03 - ROBOTY.collision - WARNING - Коллизия: роботы 1 и 2 в 37.60s, расстояние: 0.470, требуется: 0.500
2025-09-26 13:43:03 - ROBOTY.collision - WARNING - Коллизия: роботы 1 и 2 в 37.70s, расстояние: 0.470, требуется: 0.500
2025-09-26 13:43:03 - ROBOTY.collision - WARNING - Коллизия: роботы 1 и 2 в 37.80s, расстояние: 0.470, требуется: 0.500
2025-09-26 13:43:03 - ROBOTY.collision - WARNING - Коллизия: роботы 1 и 2 в 37.90s, расстояние: 0.470, требуется: 0.500
2025-09-26 13:43:03 - ROBOTY.collision - WARNING - Коллизия: роботы 1 и 2 в 38.00s, расстояние: 0.470, требуется: 0.500
2025-09-26 13:43:03 - ROBOTY.collision - WARNING - Коллизия: роботы 1 и 2 в 38.10s, расстояние: 0.470, требуется: 0.500
2025-09-26 13:43:03 - ROBOTY.collision - WARNING - Коллизия: роботы 1 и 2 в 38.20s, расстояние: 0.470, требуется: 0.500
2025-09-26 13:43:03 - ROBOTY.collision - WARNING - Коллизия: роботы 1 и 2 в 38.30s, расстояние: 0.470, требуется: 0.500
2025-09-26 13:43:03 - ROBOTY.collision - WARNING - Коллизия: роботы 1 и 2 в 38.40s, расстояние: 0.470, требуется: 0.500
2025-09-26 13:43:03 - ROBOTY.collision - WARNING - Коллизия: роботы 1 и 2 в 38.50s, расстояние: 0.470, требуется: 0.500
2025-09-26 13:43:03 - ROBOTY.collision - WARNING - Коллизия: роботы 1 и 2 в 38.60s, расстояние: 0.470, требуется: 0.500
2025-09-26 13:43:03 - ROBOTY.collision - WARNING - Коллизия: роботы 1 и 2 в 38.70s, расстояние: 0.470, требуется: 0.500
2025-09-26 13:43:03 - ROBOTY.collision - WARNING - Коллизия: роботы 1 и 2 в 38.80s, расстояние: 0.470, требуется: 0.500
2025-09-26 13:43:03 - ROBOTY.collision - WARNING - Коллизия: роботы 1 и 2 в 38.90s, расстояние: 0.470, требуется: 0.500
2025-09-26 13:43:03 - ROBOTY.collision - WARNING - Коллизия: роботы 1 и 2 в 39.00s, расстояние: 0.470, требуется: 0.500
2025-09-26 13:43:03 - ROBOTY.collision - WARNING - Коллизия: роботы 1 и 2 в 39.10s, расстояние: 0.470, требуется: 0.500
2025-09-26 13:43:03 - ROBOTY.collision - WARNING - Коллизия: роботы 1 и 2 в 39.20s, расстояние: 0.470, требуется: 0.500
2025-09-26 13:43:03 - ROBOTY.collision - WARNING - Коллизия: роботы 1 и 2 в 39.30s, расстояние: 0.470, требуется: 0.500
2025-09-26 13:43:03 - ROBOTY.collision - WARNING - Коллизия: роботы 1 и 2 в 39.40s, расстояние: 0.470, требуется: 0.500
2025-09-26 13:43:03 - ROBOTY.collision - WARNING - Коллизия: роботы 1 и 2 в 39.50s, расстояние: 0.470, требуется: 0.500
2025-09-26 13:43:03 - ROBOTY.collision - WARNING - Коллизия: роботы 1 и 2 в 39.60s, расстояние: 0.470, требуется: 0.500
2025-09-26 13:43:03 - ROBOTY.collision - WARNING - Коллизия: роботы 1 и 2 в 39.70s, расстояние: 0.470, требуется: 0.500
2025-09-26 13:43:03 - ROBOTY.collision - WARNING - Коллизия: роботы 1 и 2 в 39.80s, расстояние: 0.470, требуется: 0.500
2025-09-26 13:43:03 - ROBOTY.collision - WARNING - Коллизия: роботы 1 и 2 в 39.90s, расстояние: 0.470, требуется: 0.500
2025-09-26 13:43:03 - ROBOTY.collision - WARNING - Коллизия: роботы 1 и 2 в 40.00s, расстояние: 0.470, требуется: 0.500
2025-09-26 13:43:03 - ROBOTY.collision - WARNING - Коллизия: роботы 1 и 2 в 40.10s, расстояние: 0.470, требуется: 0.500
2025-09-26 13:43:03 - ROBOTY.collision - WARNING - Коллизия: роботы 1 и 2 в 40.20s, расстояние: 0.470, требуется: 0.500
2025-09-26 13:43:03 - ROBOTY.collision - WARNING - Коллизия: роботы 1 и 2 в 40.30s, расстояние: 0.470, требуется: 0.500
2025-09-26 13:43:03 - ROBOTY.collision - WARNING - Коллизия: роботы 1 и 2 в 40.40s, расстояние: 0.470, требуется: 0.500
2025-09-26 13:43:03 - ROBOTY.collision - WARNING - Коллизия: роботы 1 и 2 в 40.50s, расстояние: 0.470, требуется: 0.500
2025-09-26 13:43:03 - ROBOTY.collision - WARNING - Коллизия: роботы 1 и 2 в 40.60s, расстояние: 0.470, требуется: 0.500
2025-09-26 13:43:03 - ROBOTY.collision - WARNING - Коллизия: роботы 1 и 2 в 40.70s, расстояние: 0.470, требуется: 0.500
2025-09-26 13:43:03 - ROBOTY.collision - WARNING - Коллизия: роботы 1 и 2 в 40.80s, расстояние: 0.470, требуется: 0.500
2025-09-26 13:43:03 - ROBOTY.collision - WARNING - Коллизия: роботы 1 и 2 в 40.90s, расстояние: 0.470, требуется: 0.500
2025-09-26 13:43:03 - ROBOTY.collision - WARNING - Коллизия: роботы 1 и 2 в 41.00s, расстояние: 0.470, требуется: 0.500
2025-09-26 13:43:03 - ROBOTY.collision - WARNING - Коллизия: роботы 1 и 2 в 41.10s, расстояние: 0.470, требуется: 0.500
2025-09-26 13:43:03 - ROBOTY.collision - WARNING - Коллизия: роботы 1 и 2 в 41.20s, расстояние: 0.470, требуется: 0.500
2025-09-26 13:43:03 - ROBOTY.collision - WARNING - Коллизия: роботы 1 и 2 в 41.30s, расстояние: 0.470, требуется: 0.500
2025-09-26 13:43:03 - ROBOTY.collision - WARNING - Коллизия: роботы 1 и 2 в 41.40s, расстояние: 0.432, требуется: 0.500
2025-09-26 13:43:03 - ROBOTY.collision - WARNING - Коллизия: роботы 1 и 2 в 41.50s, расстояние: 0.424, требуется: 0.500
2025-09-26 13:43:03 - ROBOTY.collision - WARNING - Коллизия: роботы 1 и 2 в 41.60s, расстояние: 0.449, требуется: 0.500
2025-09-26 13:43:03 - ROBOTY.collision - WARNING - Коллизия: роботы 4 и 10 в 77.20s, расстояние: 0.469, требуется: 0.500
2025-09-26 13:43:03 - ROBOTY.collision - WARNING - Коллизия: роботы 4 и 10 в 77.30s, расстояние: 0.422, требуется: 0.500
2025-09-26 13:43:03 - ROBOTY.collision - WARNING - Коллизия: роботы 4 и 10 в 77.40s, расстояние: 0.379, требуется: 0.500
2025-09-26 13:43:03 - ROBOTY.collision - WARNING - Коллизия: роботы 4 и 10 в 77.50s, расстояние: 0.344, требуется: 0.500
2025-09-26 13:43:03 - ROBOTY.collision - WARNING - Коллизия: роботы 4 и 10 в 77.60s, расстояние: 0.344, требуется: 0.500
2025-09-26 13:43:03 - ROBOTY.collision - WARNING - Коллизия: роботы 4 и 10 в 77.70s, расстояние: 0.344, требуется: 0.500
2025-09-26 13:43:03 - ROBOTY.collision - WARNING - Коллизия: роботы 4 и 10 в 77.80s, расстояние: 0.344, требуется: 0.500
2025-09-26 13:43:03 - ROBOTY.collision - WARNING - Коллизия: роботы 4 и 10 в 77.90s, расстояние: 0.344, требуется: 0.500
2025-09-26 13:43:03 - ROBOTY.collision - WARNING - Коллизия: роботы 4 и 10 в 78.00s, расстояние: 0.344, требуется: 0.500
2025-09-26 13:43:03 - ROBOTY.collision - WARNING - Коллизия: роботы 4 и 10 в 78.10s, расстояние: 0.349, требуется: 0.500
2025-09-26 13:43:03 - ROBOTY.collision - WARNING - Коллизия: роботы 4 и 10 в 78.20s, расстояние: 0.355, требуется: 0.500
2025-09-26 13:43:03 - ROBOTY.collision - WARNING - Коллизия: роботы 4 и 10 в 78.30s, расстояние: 0.368, требуется: 0.500
2025-09-26 13:43:03 - ROBOTY.collision - WARNING - Коллизия: роботы 4 и 10 в 78.40s, расстояние: 0.398, требуется: 0.500
2025-09-26 13:43:03 - ROBOTY.collision - WARNING - Коллизия: роботы 4 и 10 в 78.50s, расстояние: 0.434, требуется: 0.500
2025-09-26 13:43:03 - ROBOTY.collision - WARNING - Коллизия: роботы 4 и 10 в 78.60s, расстояние: 0.496, требуется: 0.500
2025-09-26 13:43:03 - ROBOTY.collision - ERROR - Обнаружено 223 коллизий
2025-09-26 13:43:03 - ROBOTY.main - WARNING - Коллизии сохраняются после вставки пауз
2025-09-26 13:43:05 - ROBOTY.main - INFO - Открытие визуализатора
2025-09-26 13:43:22 - ROBOTY.main - INFO - Визуализация успешно завершена
2025-09-26 13:43:22 - ROBOTY.visualizer - INFO - Запуск визуализации типа: 3d_anim
2025-09-26 13:43:22 - ROBOTY.visualizer - INFO - Создание 3D анимации траекторий
2025-09-26 13:43:22 - ROBOTY.visualizer - INFO - Создание 3D визуализации траекторий
2025-09-26 13:43:22 - ROBOTY.visualizer - INFO - 3D визуализация создана
2025-09-26 13:43:27 - ROBOTY.visualizer - INFO - Визуализация записана во временный файл: /var/folders/4m/3pf4f4ds7g3b39tkt544gftr0000gn/T/tmpk1_m6ivy_viz_3d_anim.html
2025-09-26 13:43:27 - ROBOTY.visualizer - INFO - Визуализация открыта в браузере из временного файла
2025-09-26 13:43:27 - ROBOTY.main - INFO - Визуализация успешно завершена (в фоне, временный файл будет удалён автоматически)
2025-09-26 13:48:27 - ROBOTY.visualizer - INFO - Временный файл визуализации удалён: /var/folders/4m/3pf4f4ds7g3b39tkt544gftr0000gn/T/tmpk1_m6ivy_viz_3d_anim.html
