2025-09-23 23:19:28 - ROBOTY.main - INFO - Запуск приложения ROBOTY
2025-09-23 23:19:28 - ROBOTY.main - INFO - Применена тема: light
2025-09-23 23:19:28 - ROBOTY.main - INFO - Интерфейс инициализирован
2025-09-23 23:19:28 - ROBOTY.main - INFO - Приложение успешно запущено
2025-09-23 23:19:30 - ROBOTY.main - INFO - Применена тема: dark
2025-09-23 23:19:30 - ROBOTY.main - INFO - Переключение темы: dark -> dark
2025-09-23 23:19:56 - ROBOTY.main - INFO - Создан входной файл: C:\Users\79518\.cursor\ROBOTY\data\input_20250923_231941.json
2025-09-23 23:19:56 - ROBOTY.parser - INFO - Начинаем загрузку файла: C:\Users\79518\.cursor\ROBOTY\data\input_20250923_231941.json
2025-09-23 23:19:56 - ROBOTY.parser - INFO - Файл C:\Users\79518\.cursor\ROBOTY\data\input_20250923_231941.json успешно загружен
2025-09-23 23:19:56 - ROBOTY.parser - DEBUG - Робот 1 успешно загружен
2025-09-23 23:19:56 - ROBOTY.parser - DEBUG - Робот 2 успешно загружен
2025-09-23 23:19:56 - ROBOTY.parser - DEBUG - Робот 3 успешно загружен
2025-09-23 23:19:56 - ROBOTY.parser - DEBUG - Робот 4 успешно загружен
2025-09-23 23:19:56 - ROBOTY.parser - DEBUG - Операция 1 успешно загружена
2025-09-23 23:19:56 - ROBOTY.parser - DEBUG - Операция 2 успешно загружена
2025-09-23 23:19:56 - ROBOTY.parser - DEBUG - Операция 3 успешно загружена
2025-09-23 23:19:56 - ROBOTY.parser - DEBUG - Операция 4 успешно загружена
2025-09-23 23:19:56 - ROBOTY.parser - DEBUG - Операция 5 успешно загружена
2025-09-23 23:19:56 - ROBOTY.parser - DEBUG - Операция 6 успешно загружена
2025-09-23 23:19:56 - ROBOTY.parser - DEBUG - Операция 7 успешно загружена
2025-09-23 23:19:56 - ROBOTY.parser - DEBUG - Операция 8 успешно загружена
2025-09-23 23:19:56 - ROBOTY.parser - DEBUG - Операция 9 успешно загружена
2025-09-23 23:19:56 - ROBOTY.parser - DEBUG - Операция 10 успешно загружена
2025-09-23 23:19:56 - ROBOTY.parser - DEBUG - Операция 11 успешно загружена
2025-09-23 23:19:56 - ROBOTY.parser - DEBUG - Операция 12 успешно загружена
2025-09-23 23:19:56 - ROBOTY.parser - DEBUG - Операция 13 успешно загружена
2025-09-23 23:19:56 - ROBOTY.parser - DEBUG - Операция 14 успешно загружена
2025-09-23 23:19:56 - ROBOTY.parser - DEBUG - Операция 15 успешно загружена
2025-09-23 23:19:56 - ROBOTY.parser - DEBUG - Операция 16 успешно загружена
2025-09-23 23:19:56 - ROBOTY.parser - DEBUG - Операция 17 успешно загружена
2025-09-23 23:19:56 - ROBOTY.parser - DEBUG - Операция 18 успешно загружена
2025-09-23 23:19:56 - ROBOTY.parser - DEBUG - Операция 19 успешно загружена
2025-09-23 23:19:56 - ROBOTY.parser - DEBUG - Операция 20 успешно загружена
2025-09-23 23:19:56 - ROBOTY.parser - INFO - Загружено 4 роботов и 20 операций
2025-09-23 23:19:59 - ROBOTY.main - INFO - Запуск планировщика
2025-09-23 23:19:59 - ROBOTY.planner - INFO - Запуск планировщика траекторий
2025-09-23 23:19:59 - ROBOTY.assigner - INFO - Начинаем назначение операций методом: balanced
2025-09-23 23:19:59 - ROBOTY.assigner - DEBUG - Операция 0 назначена роботу 3 (нагрузка: 9.07)
2025-09-23 23:19:59 - ROBOTY.assigner - DEBUG - Операция 1 назначена роботу 2 (нагрузка: 5.79)
2025-09-23 23:19:59 - ROBOTY.assigner - DEBUG - Операция 2 назначена роботу 0 (нагрузка: 6.70)
2025-09-23 23:19:59 - ROBOTY.assigner - DEBUG - Операция 3 назначена роботу 1 (нагрузка: 12.16)
2025-09-23 23:19:59 - ROBOTY.assigner - DEBUG - Операция 4 назначена роботу 0 (нагрузка: 16.75)
2025-09-23 23:19:59 - ROBOTY.assigner - DEBUG - Операция 5 назначена роботу 3 (нагрузка: 16.34)
2025-09-23 23:19:59 - ROBOTY.assigner - DEBUG - Операция 6 назначена роботу 2 (нагрузка: 15.43)
2025-09-23 23:19:59 - ROBOTY.assigner - DEBUG - Операция 7 назначена роботу 1 (нагрузка: 21.02)
2025-09-23 23:19:59 - ROBOTY.assigner - DEBUG - Операция 8 назначена роботу 3 (нагрузка: 24.86)
2025-09-23 23:19:59 - ROBOTY.assigner - DEBUG - Операция 9 назначена роботу 2 (нагрузка: 24.34)
2025-09-23 23:19:59 - ROBOTY.assigner - DEBUG - Операция 10 назначена роботу 0 (нагрузка: 24.74)
2025-09-23 23:19:59 - ROBOTY.assigner - DEBUG - Операция 11 назначена роботу 1 (нагрузка: 28.27)
2025-09-23 23:19:59 - ROBOTY.assigner - DEBUG - Операция 12 назначена роботу 3 (нагрузка: 31.20)
2025-09-23 23:19:59 - ROBOTY.assigner - DEBUG - Операция 13 назначена роботу 0 (нагрузка: 38.69)
2025-09-23 23:19:59 - ROBOTY.assigner - DEBUG - Операция 14 назначена роботу 2 (нагрузка: 33.90)
2025-09-23 23:19:59 - ROBOTY.assigner - DEBUG - Операция 15 назначена роботу 3 (нагрузка: 37.05)
2025-09-23 23:19:59 - ROBOTY.assigner - DEBUG - Операция 16 назначена роботу 1 (нагрузка: 41.12)
2025-09-23 23:19:59 - ROBOTY.assigner - DEBUG - Операция 17 назначена роботу 2 (нагрузка: 46.12)
2025-09-23 23:19:59 - ROBOTY.assigner - DEBUG - Операция 18 назначена роботу 0 (нагрузка: 46.64)
2025-09-23 23:19:59 - ROBOTY.assigner - DEBUG - Операция 19 назначена роботу 3 (нагрузка: 45.06)
2025-09-23 23:19:59 - ROBOTY.assigner - INFO - Распределено 20 операций с балансировкой нагрузки
2025-09-23 23:19:59 - ROBOTY.assigner - INFO - Итоговые нагрузки роботов: ['46.64', '41.12', '46.12', '45.06']
2025-09-23 23:19:59 - ROBOTY.assigner - INFO - Робот 0: 5 операций, нагрузка 46.64
2025-09-23 23:19:59 - ROBOTY.assigner - INFO - Робот 1: 4 операций, нагрузка 41.12
2025-09-23 23:19:59 - ROBOTY.assigner - INFO - Робот 2: 5 операций, нагрузка 46.12
2025-09-23 23:19:59 - ROBOTY.assigner - INFO - Робот 3: 6 операций, нагрузка 45.06
2025-09-23 23:19:59 - ROBOTY.planner - INFO - Операции назначены методом: balanced
2025-09-23 23:19:59 - ROBOTY.planner - INFO - Планирование траектории для робота 1 (ID: 1) с 5 операциями
2025-09-23 23:19:59 - ROBOTY.planner - DEBUG - Планирование траектории для робота с 5 операциями
2025-09-23 23:19:59 - ROBOTY.planner - DEBUG - Операция 1 запланирована, время завершения: 9.06
2025-09-23 23:19:59 - ROBOTY.planner - DEBUG - Операция 2 запланирована, время завершения: 21.05
2025-09-23 23:19:59 - ROBOTY.planner - DEBUG - Операция 3 запланирована, время завершения: 28.43
2025-09-23 23:19:59 - ROBOTY.planner - DEBUG - Операция 4 запланирована, время завершения: 42.98
2025-09-23 23:19:59 - ROBOTY.planner - DEBUG - Операция 5 запланирована, время завершения: 54.48
2025-09-23 23:19:59 - ROBOTY.planner - INFO - Траектория робота запланирована, общее время: 54.48
2025-09-23 23:19:59 - ROBOTY.planner - INFO - Робот 1: траектория содержит 120 точек
2025-09-23 23:19:59 - ROBOTY.planner - INFO - Планирование траектории для робота 2 (ID: 2) с 4 операциями
2025-09-23 23:19:59 - ROBOTY.planner - DEBUG - Планирование траектории для робота с 4 операциями
2025-09-23 23:19:59 - ROBOTY.planner - DEBUG - Операция 1 запланирована, время завершения: 13.92
2025-09-23 23:19:59 - ROBOTY.planner - DEBUG - Операция 2 запланирована, время завершения: 27.94
2025-09-23 23:19:59 - ROBOTY.planner - DEBUG - Операция 3 запланирована, время завершения: 36.09
2025-09-23 23:19:59 - ROBOTY.planner - DEBUG - Операция 4 запланирована, время завершения: 48.68
2025-09-23 23:19:59 - ROBOTY.planner - INFO - Траектория робота запланирована, общее время: 48.68
2025-09-23 23:19:59 - ROBOTY.planner - INFO - Робот 2: траектория содержит 96 точек
2025-09-23 23:19:59 - ROBOTY.planner - INFO - Планирование траектории для робота 3 (ID: 3) с 5 операциями
2025-09-23 23:19:59 - ROBOTY.planner - DEBUG - Планирование траектории для робота с 5 операциями
2025-09-23 23:19:59 - ROBOTY.planner - DEBUG - Операция 1 запланирована, время завершения: 7.14
2025-09-23 23:19:59 - ROBOTY.planner - DEBUG - Операция 2 запланирована, время завершения: 15.12
2025-09-23 23:19:59 - ROBOTY.planner - DEBUG - Операция 3 запланирована, время завершения: 27.48
2025-09-23 23:19:59 - ROBOTY.planner - DEBUG - Операция 4 запланирована, время завершения: 38.60
2025-09-23 23:19:59 - ROBOTY.planner - DEBUG - Операция 5 запланирована, время завершения: 52.44
2025-09-23 23:19:59 - ROBOTY.planner - INFO - Траектория робота запланирована, общее время: 52.44
2025-09-23 23:19:59 - ROBOTY.planner - INFO - Робот 3: траектория содержит 120 точек
2025-09-23 23:19:59 - ROBOTY.planner - INFO - Планирование траектории для робота 4 (ID: 4) с 6 операциями
2025-09-23 23:19:59 - ROBOTY.planner - DEBUG - Планирование траектории для робота с 6 операциями
2025-09-23 23:19:59 - ROBOTY.planner - DEBUG - Операция 1 запланирована, время завершения: 10.86
2025-09-23 23:19:59 - ROBOTY.planner - DEBUG - Операция 2 запланирована, время завершения: 19.19
2025-09-23 23:19:59 - ROBOTY.planner - DEBUG - Операция 3 запланирована, время завершения: 28.01
2025-09-23 23:19:59 - ROBOTY.planner - DEBUG - Операция 4 запланирована, время завершения: 39.71
2025-09-23 23:19:59 - ROBOTY.planner - DEBUG - Операция 5 запланирована, время завершения: 50.31
2025-09-23 23:19:59 - ROBOTY.planner - DEBUG - Операция 6 запланирована, время завершения: 59.98
2025-09-23 23:19:59 - ROBOTY.planner - INFO - Траектория робота запланирована, общее время: 59.98
2025-09-23 23:19:59 - ROBOTY.planner - INFO - Робот 4: траектория содержит 144 точек
2025-09-23 23:19:59 - ROBOTY.planner - INFO - Планирование завершено. Makespan: 59.98
2025-09-23 23:19:59 - ROBOTY.main - INFO - Планировщик успешно завершил работу
2025-09-23 23:19:59 - ROBOTY.collision - INFO - Начинаем детальную проверку коллизий
2025-09-23 23:19:59 - ROBOTY.collision - DEBUG - Проверяем коллизии в диапазоне времени: 0.00 - 59.98
2025-09-23 23:19:59 - ROBOTY.collision - WARNING - Коллизия: роботы 1 и 4 в 40.70s, расстояние: 0.401, требуется: 0.500
2025-09-23 23:19:59 - ROBOTY.collision - WARNING - Коллизия: роботы 1 и 4 в 40.80s, расстояние: 0.274, требуется: 0.500
2025-09-23 23:19:59 - ROBOTY.collision - WARNING - Коллизия: роботы 1 и 4 в 40.90s, расстояние: 0.354, требуется: 0.500
2025-09-23 23:19:59 - ROBOTY.collision - ERROR - Обнаружено 3 коллизий
2025-09-23 23:19:59 - ROBOTY.main - WARNING - Обнаружено 3 коллизий, применяем онлайн-безопасность
2025-09-23 23:19:59 - ROBOTY.safety - INFO - Применяем онлайн-безопасность: вставка пауз при коллизиях
2025-09-23 23:19:59 - ROBOTY.collision - INFO - Начинаем детальную проверку коллизий
2025-09-23 23:19:59 - ROBOTY.collision - DEBUG - Проверяем коллизии в диапазоне времени: 0.00 - 59.98
2025-09-23 23:19:59 - ROBOTY.collision - WARNING - Коллизия: роботы 1 и 4 в 40.70s, расстояние: 0.401, требуется: 0.500
2025-09-23 23:19:59 - ROBOTY.collision - WARNING - Коллизия: роботы 1 и 4 в 40.75s, расстояние: 0.318, требуется: 0.500
2025-09-23 23:19:59 - ROBOTY.collision - WARNING - Коллизия: роботы 1 и 4 в 40.80s, расстояние: 0.274, требуется: 0.500
2025-09-23 23:19:59 - ROBOTY.collision - WARNING - Коллизия: роботы 1 и 4 в 40.85s, расстояние: 0.288, требуется: 0.500
2025-09-23 23:19:59 - ROBOTY.collision - WARNING - Коллизия: роботы 1 и 4 в 40.90s, расстояние: 0.354, требуется: 0.500
2025-09-23 23:19:59 - ROBOTY.collision - WARNING - Коллизия: роботы 1 и 4 в 40.95s, расстояние: 0.447, требуется: 0.500
2025-09-23 23:19:59 - ROBOTY.collision - ERROR - Обнаружено 6 коллизий
2025-09-23 23:19:59 - ROBOTY.safety - DEBUG - Добавлена пауза 0.60s роботу 1 в t=40.70s
2025-09-23 23:19:59 - ROBOTY.safety - DEBUG - Добавлена пауза 0.60s роботу 4 в t=40.70s
2025-09-23 23:19:59 - ROBOTY.safety - DEBUG - Добавлена пауза 0.60s роботу 1 в t=40.75s
2025-09-23 23:19:59 - ROBOTY.safety - DEBUG - Добавлена пауза 0.60s роботу 4 в t=40.75s
2025-09-23 23:19:59 - ROBOTY.safety - DEBUG - Добавлена пауза 0.60s роботу 1 в t=40.80s
2025-09-23 23:19:59 - ROBOTY.safety - DEBUG - Добавлена пауза 0.60s роботу 4 в t=40.80s
2025-09-23 23:19:59 - ROBOTY.safety - DEBUG - Добавлена пауза 0.60s роботу 1 в t=40.85s
2025-09-23 23:19:59 - ROBOTY.safety - DEBUG - Добавлена пауза 0.60s роботу 4 в t=40.85s
2025-09-23 23:19:59 - ROBOTY.safety - DEBUG - Добавлена пауза 0.60s роботу 1 в t=40.90s
2025-09-23 23:19:59 - ROBOTY.safety - DEBUG - Добавлена пауза 0.60s роботу 4 в t=40.90s
2025-09-23 23:19:59 - ROBOTY.safety - DEBUG - Добавлена пауза 0.60s роботу 1 в t=40.95s
2025-09-23 23:19:59 - ROBOTY.safety - DEBUG - Добавлена пауза 0.60s роботу 4 в t=40.95s
2025-09-23 23:19:59 - ROBOTY.safety - INFO - Онлайн-безопасность применена: паузы вставлены
2025-09-23 23:19:59 - ROBOTY.collision - INFO - Начинаем детальную проверку коллизий
2025-09-23 23:19:59 - ROBOTY.collision - DEBUG - Проверяем коллизии в диапазоне времени: 0.00 - 63.58
2025-09-23 23:19:59 - ROBOTY.collision - WARNING - Коллизия: роботы 1 и 4 в 40.70s, расстояние: 0.401, требуется: 0.500
2025-09-23 23:19:59 - ROBOTY.collision - WARNING - Коллизия: роботы 1 и 4 в 40.80s, расстояние: 0.401, требуется: 0.500
2025-09-23 23:19:59 - ROBOTY.collision - WARNING - Коллизия: роботы 1 и 4 в 40.90s, расстояние: 0.401, требуется: 0.500
2025-09-23 23:19:59 - ROBOTY.collision - WARNING - Коллизия: роботы 1 и 4 в 41.00s, расстояние: 0.401, требуется: 0.500
2025-09-23 23:19:59 - ROBOTY.collision - WARNING - Коллизия: роботы 1 и 4 в 41.10s, расстояние: 0.401, требуется: 0.500
2025-09-23 23:19:59 - ROBOTY.collision - WARNING - Коллизия: роботы 1 и 4 в 41.20s, расстояние: 0.401, требуется: 0.500
2025-09-23 23:19:59 - ROBOTY.collision - WARNING - Коллизия: роботы 1 и 4 в 41.30s, расстояние: 0.401, требуется: 0.500
2025-09-23 23:19:59 - ROBOTY.collision - WARNING - Коллизия: роботы 1 и 4 в 41.40s, расстояние: 0.401, требуется: 0.500
2025-09-23 23:19:59 - ROBOTY.collision - WARNING - Коллизия: роботы 1 и 4 в 41.50s, расстояние: 0.401, требуется: 0.500
2025-09-23 23:19:59 - ROBOTY.collision - WARNING - Коллизия: роботы 1 и 4 в 41.60s, расстояние: 0.401, требуется: 0.500
2025-09-23 23:19:59 - ROBOTY.collision - WARNING - Коллизия: роботы 1 и 4 в 41.70s, расстояние: 0.401, требуется: 0.500
2025-09-23 23:19:59 - ROBOTY.collision - WARNING - Коллизия: роботы 1 и 4 в 41.80s, расстояние: 0.401, требуется: 0.500
2025-09-23 23:19:59 - ROBOTY.collision - WARNING - Коллизия: роботы 1 и 4 в 41.90s, расстояние: 0.401, требуется: 0.500
2025-09-23 23:19:59 - ROBOTY.collision - WARNING - Коллизия: роботы 1 и 4 в 42.00s, расстояние: 0.401, требуется: 0.500
2025-09-23 23:19:59 - ROBOTY.collision - WARNING - Коллизия: роботы 1 и 4 в 42.10s, расстояние: 0.401, требуется: 0.500
2025-09-23 23:19:59 - ROBOTY.collision - WARNING - Коллизия: роботы 1 и 4 в 42.20s, расстояние: 0.401, требуется: 0.500
2025-09-23 23:19:59 - ROBOTY.collision - WARNING - Коллизия: роботы 1 и 4 в 42.30s, расстояние: 0.401, требуется: 0.500
2025-09-23 23:19:59 - ROBOTY.collision - WARNING - Коллизия: роботы 1 и 4 в 42.40s, расстояние: 0.401, требуется: 0.500
2025-09-23 23:19:59 - ROBOTY.collision - WARNING - Коллизия: роботы 1 и 4 в 42.50s, расстояние: 0.401, требуется: 0.500
2025-09-23 23:19:59 - ROBOTY.collision - WARNING - Коллизия: роботы 1 и 4 в 42.60s, расстояние: 0.401, требуется: 0.500
2025-09-23 23:19:59 - ROBOTY.collision - WARNING - Коллизия: роботы 1 и 4 в 42.70s, расстояние: 0.401, требуется: 0.500
2025-09-23 23:19:59 - ROBOTY.collision - WARNING - Коллизия: роботы 1 и 4 в 42.80s, расстояние: 0.401, требуется: 0.500
2025-09-23 23:19:59 - ROBOTY.collision - WARNING - Коллизия: роботы 1 и 4 в 42.90s, расстояние: 0.401, требуется: 0.500
2025-09-23 23:19:59 - ROBOTY.collision - WARNING - Коллизия: роботы 1 и 4 в 43.00s, расстояние: 0.401, требуется: 0.500
2025-09-23 23:19:59 - ROBOTY.collision - WARNING - Коллизия: роботы 1 и 4 в 43.10s, расстояние: 0.401, требуется: 0.500
2025-09-23 23:19:59 - ROBOTY.collision - WARNING - Коллизия: роботы 1 и 4 в 43.20s, расстояние: 0.401, требуется: 0.500
2025-09-23 23:19:59 - ROBOTY.collision - WARNING - Коллизия: роботы 1 и 4 в 43.30s, расстояние: 0.401, требуется: 0.500
2025-09-23 23:19:59 - ROBOTY.collision - WARNING - Коллизия: роботы 1 и 4 в 43.40s, расстояние: 0.401, требуется: 0.500
2025-09-23 23:19:59 - ROBOTY.collision - WARNING - Коллизия: роботы 1 и 4 в 43.50s, расстояние: 0.401, требуется: 0.500
2025-09-23 23:19:59 - ROBOTY.collision - WARNING - Коллизия: роботы 1 и 4 в 43.60s, расстояние: 0.401, требуется: 0.500
2025-09-23 23:19:59 - ROBOTY.collision - WARNING - Коллизия: роботы 1 и 4 в 43.70s, расстояние: 0.401, требуется: 0.500
2025-09-23 23:19:59 - ROBOTY.collision - WARNING - Коллизия: роботы 1 и 4 в 43.80s, расстояние: 0.401, требуется: 0.500
2025-09-23 23:19:59 - ROBOTY.collision - WARNING - Коллизия: роботы 1 и 4 в 43.90s, расстояние: 0.401, требуется: 0.500
2025-09-23 23:19:59 - ROBOTY.collision - WARNING - Коллизия: роботы 1 и 4 в 44.00s, расстояние: 0.401, требуется: 0.500
2025-09-23 23:19:59 - ROBOTY.collision - WARNING - Коллизия: роботы 1 и 4 в 44.10s, расстояние: 0.401, требуется: 0.500
2025-09-23 23:19:59 - ROBOTY.collision - WARNING - Коллизия: роботы 1 и 4 в 44.20s, расстояние: 0.401, требуется: 0.500
2025-09-23 23:19:59 - ROBOTY.collision - WARNING - Коллизия: роботы 1 и 4 в 44.30s, расстояние: 0.401, требуется: 0.500
2025-09-23 23:19:59 - ROBOTY.collision - WARNING - Коллизия: роботы 1 и 4 в 44.40s, расстояние: 0.274, требуется: 0.500
2025-09-23 23:19:59 - ROBOTY.collision - WARNING - Коллизия: роботы 1 и 4 в 44.50s, расстояние: 0.354, требуется: 0.500
2025-09-23 23:19:59 - ROBOTY.collision - ERROR - Обнаружено 39 коллизий
2025-09-23 23:19:59 - ROBOTY.main - WARNING - Коллизии сохраняются после вставки пауз
2025-09-23 23:20:02 - ROBOTY.main - INFO - Открытие визуализатора
2025-09-23 23:20:02 - ROBOTY.visualizer - INFO - Запуск визуализации типа: 3d_anim
2025-09-23 23:20:02 - ROBOTY.visualizer - INFO - Создание 3D анимации траекторий
2025-09-23 23:20:02 - ROBOTY.visualizer - INFO - Создание 3D визуализации траекторий
2025-09-23 23:20:02 - ROBOTY.visualizer - INFO - 3D визуализация создана
2025-09-23 23:20:02 - ROBOTY.mesh_loader - INFO - OBJ загружен: assets/robots/kuka/kr_360_fortec.obj, вершин=16, треугольников=24
2025-09-23 23:20:39 - ROBOTY.visualizer - INFO - Визуализация сохранена в файл: C:\Users\79518\.cursor\ROBOTY\viz\..\outputs\visualizations\visualization_3d_anim_20250923_232035.html
2025-09-23 23:20:41 - ROBOTY.visualizer - INFO - Визуализация открыта в браузере
2025-09-23 23:20:41 - ROBOTY.main - INFO - Визуализация успешно завершена
