2025-09-24 15:24:48 - ROBOTY.main - INFO - Запуск приложения ROBOTY
2025-09-24 15:24:48 - ROBOTY.main - INFO - Применена тема: light
2025-09-24 15:24:48 - ROBOTY.main - INFO - Интерфейс инициализирован
2025-09-24 15:24:49 - ROBOTY.main - INFO - Приложение успешно запущено
2025-09-24 15:24:58 - ROBOTY.main - INFO - Создан входной файл: C:\Users\79518\.cursor\ROBOTY\data\input_20250924_152453.json
2025-09-24 15:24:58 - ROBOTY.parser - INFO - Начинаем загрузку файла: C:\Users\79518\.cursor\ROBOTY\data\input_20250924_152453.json
2025-09-24 15:24:58 - ROBOTY.parser - INFO - Файл C:\Users\79518\.cursor\ROBOTY\data\input_20250924_152453.json успешно загружен
2025-09-24 15:24:58 - ROBOTY.parser - DEBUG - Робот 1 успешно загружен
2025-09-24 15:24:58 - ROBOTY.parser - DEBUG - Робот 2 успешно загружен
2025-09-24 15:24:58 - ROBOTY.parser - DEBUG - Операция 1 успешно загружена
2025-09-24 15:24:58 - ROBOTY.parser - DEBUG - Операция 2 успешно загружена
2025-09-24 15:24:58 - ROBOTY.parser - DEBUG - Операция 3 успешно загружена
2025-09-24 15:24:58 - ROBOTY.parser - DEBUG - Операция 4 успешно загружена
2025-09-24 15:24:58 - ROBOTY.parser - DEBUG - Операция 5 успешно загружена
2025-09-24 15:24:58 - ROBOTY.parser - DEBUG - Операция 6 успешно загружена
2025-09-24 15:24:58 - ROBOTY.parser - DEBUG - Операция 7 успешно загружена
2025-09-24 15:24:58 - ROBOTY.parser - DEBUG - Операция 8 успешно загружена
2025-09-24 15:24:58 - ROBOTY.parser - DEBUG - Операция 9 успешно загружена
2025-09-24 15:24:58 - ROBOTY.parser - DEBUG - Операция 10 успешно загружена
2025-09-24 15:24:58 - ROBOTY.parser - DEBUG - Операция 11 успешно загружена
2025-09-24 15:24:58 - ROBOTY.parser - DEBUG - Операция 12 успешно загружена
2025-09-24 15:24:58 - ROBOTY.parser - DEBUG - Операция 13 успешно загружена
2025-09-24 15:24:58 - ROBOTY.parser - DEBUG - Операция 14 успешно загружена
2025-09-24 15:24:58 - ROBOTY.parser - DEBUG - Операция 15 успешно загружена
2025-09-24 15:24:58 - ROBOTY.parser - DEBUG - Операция 16 успешно загружена
2025-09-24 15:24:58 - ROBOTY.parser - DEBUG - Операция 17 успешно загружена
2025-09-24 15:24:58 - ROBOTY.parser - DEBUG - Операция 18 успешно загружена
2025-09-24 15:24:58 - ROBOTY.parser - DEBUG - Операция 19 успешно загружена
2025-09-24 15:24:58 - ROBOTY.parser - DEBUG - Операция 20 успешно загружена
2025-09-24 15:24:58 - ROBOTY.parser - DEBUG - Операция 21 успешно загружена
2025-09-24 15:24:58 - ROBOTY.parser - DEBUG - Операция 22 успешно загружена
2025-09-24 15:24:58 - ROBOTY.parser - DEBUG - Операция 23 успешно загружена
2025-09-24 15:24:58 - ROBOTY.parser - DEBUG - Операция 24 успешно загружена
2025-09-24 15:24:58 - ROBOTY.parser - DEBUG - Операция 25 успешно загружена
2025-09-24 15:24:58 - ROBOTY.parser - DEBUG - Операция 26 успешно загружена
2025-09-24 15:24:58 - ROBOTY.parser - DEBUG - Операция 27 успешно загружена
2025-09-24 15:24:58 - ROBOTY.parser - DEBUG - Операция 28 успешно загружена
2025-09-24 15:24:58 - ROBOTY.parser - DEBUG - Операция 29 успешно загружена
2025-09-24 15:24:58 - ROBOTY.parser - DEBUG - Операция 30 успешно загружена
2025-09-24 15:24:58 - ROBOTY.parser - INFO - Загружено 2 роботов и 30 операций
2025-09-24 15:25:01 - ROBOTY.main - INFO - Запуск планировщика
2025-09-24 15:25:01 - ROBOTY.planner - INFO - Запуск планировщика траекторий
2025-09-24 15:25:01 - ROBOTY.assigner - INFO - Начинаем назначение операций методом: round_robin
2025-09-24 15:25:01 - ROBOTY.assigner - DEBUG - Операция 0 назначена роботу 0
2025-09-24 15:25:01 - ROBOTY.assigner - DEBUG - Операция 1 назначена роботу 1
2025-09-24 15:25:01 - ROBOTY.assigner - DEBUG - Операция 2 назначена роботу 0
2025-09-24 15:25:01 - ROBOTY.assigner - DEBUG - Операция 3 назначена роботу 1
2025-09-24 15:25:01 - ROBOTY.assigner - DEBUG - Операция 4 назначена роботу 0
2025-09-24 15:25:01 - ROBOTY.assigner - DEBUG - Операция 5 назначена роботу 1
2025-09-24 15:25:01 - ROBOTY.assigner - DEBUG - Операция 6 назначена роботу 0
2025-09-24 15:25:01 - ROBOTY.assigner - DEBUG - Операция 7 назначена роботу 1
2025-09-24 15:25:01 - ROBOTY.assigner - DEBUG - Операция 8 назначена роботу 0
2025-09-24 15:25:01 - ROBOTY.assigner - DEBUG - Операция 9 назначена роботу 1
2025-09-24 15:25:01 - ROBOTY.assigner - DEBUG - Операция 10 назначена роботу 0
2025-09-24 15:25:01 - ROBOTY.assigner - DEBUG - Операция 11 назначена роботу 1
2025-09-24 15:25:01 - ROBOTY.assigner - DEBUG - Операция 12 назначена роботу 0
2025-09-24 15:25:01 - ROBOTY.assigner - DEBUG - Операция 13 назначена роботу 1
2025-09-24 15:25:01 - ROBOTY.assigner - DEBUG - Операция 14 назначена роботу 0
2025-09-24 15:25:01 - ROBOTY.assigner - DEBUG - Операция 15 назначена роботу 1
2025-09-24 15:25:01 - ROBOTY.assigner - DEBUG - Операция 16 назначена роботу 0
2025-09-24 15:25:01 - ROBOTY.assigner - DEBUG - Операция 17 назначена роботу 1
2025-09-24 15:25:01 - ROBOTY.assigner - DEBUG - Операция 18 назначена роботу 0
2025-09-24 15:25:01 - ROBOTY.assigner - DEBUG - Операция 19 назначена роботу 1
2025-09-24 15:25:01 - ROBOTY.assigner - DEBUG - Операция 20 назначена роботу 0
2025-09-24 15:25:01 - ROBOTY.assigner - DEBUG - Операция 21 назначена роботу 1
2025-09-24 15:25:01 - ROBOTY.assigner - DEBUG - Операция 22 назначена роботу 0
2025-09-24 15:25:01 - ROBOTY.assigner - DEBUG - Операция 23 назначена роботу 1
2025-09-24 15:25:01 - ROBOTY.assigner - DEBUG - Операция 24 назначена роботу 0
2025-09-24 15:25:01 - ROBOTY.assigner - DEBUG - Операция 25 назначена роботу 1
2025-09-24 15:25:01 - ROBOTY.assigner - DEBUG - Операция 26 назначена роботу 0
2025-09-24 15:25:01 - ROBOTY.assigner - DEBUG - Операция 27 назначена роботу 1
2025-09-24 15:25:01 - ROBOTY.assigner - DEBUG - Операция 28 назначена роботу 0
2025-09-24 15:25:01 - ROBOTY.assigner - DEBUG - Операция 29 назначена роботу 1
2025-09-24 15:25:01 - ROBOTY.assigner - INFO - Распределено 30 операций между 2 роботами
2025-09-24 15:25:01 - ROBOTY.assigner - INFO - Робот 0: 15 операций
2025-09-24 15:25:01 - ROBOTY.assigner - INFO - Робот 1: 15 операций
2025-09-24 15:25:01 - ROBOTY.planner - INFO - Операции назначены методом: round_robin
2025-09-24 15:25:01 - ROBOTY.planner - INFO - Планирование траектории для робота 1 (ID: 1) с 15 операциями
2025-09-24 15:25:01 - ROBOTY.planner - DEBUG - Планирование траектории для робота с 15 операциями
2025-09-24 15:25:01 - ROBOTY.planner - DEBUG - Операция 1 запланирована, время завершения: 14.31
2025-09-24 15:25:01 - ROBOTY.planner - DEBUG - Операция 2 запланирована, время завершения: 28.00
2025-09-24 15:25:01 - ROBOTY.planner - DEBUG - Операция 3 запланирована, время завершения: 33.64
2025-09-24 15:25:01 - ROBOTY.planner - DEBUG - Операция 4 запланирована, время завершения: 42.33
2025-09-24 15:25:01 - ROBOTY.planner - DEBUG - Операция 5 запланирована, время завершения: 57.26
2025-09-24 15:25:01 - ROBOTY.planner - DEBUG - Операция 6 запланирована, время завершения: 69.39
2025-09-24 15:25:01 - ROBOTY.planner - DEBUG - Операция 7 запланирована, время завершения: 79.64
2025-09-24 15:25:01 - ROBOTY.planner - DEBUG - Операция 8 запланирована, время завершения: 92.06
2025-09-24 15:25:01 - ROBOTY.planner - DEBUG - Операция 9 запланирована, время завершения: 101.91
2025-09-24 15:25:01 - ROBOTY.planner - DEBUG - Операция 10 запланирована, время завершения: 112.29
2025-09-24 15:25:01 - ROBOTY.planner - DEBUG - Операция 11 запланирована, время завершения: 119.18
2025-09-24 15:25:01 - ROBOTY.planner - DEBUG - Операция 12 запланирована, время завершения: 130.27
2025-09-24 15:25:01 - ROBOTY.planner - DEBUG - Операция 13 запланирована, время завершения: 141.08
2025-09-24 15:25:01 - ROBOTY.planner - DEBUG - Операция 14 запланирована, время завершения: 148.72
2025-09-24 15:25:01 - ROBOTY.planner - DEBUG - Операция 15 запланирована, время завершения: 163.28
2025-09-24 15:25:01 - ROBOTY.planner - INFO - Траектория робота запланирована, общее время: 163.28
2025-09-24 15:25:01 - ROBOTY.planner - INFO - Робот 1: траектория содержит 360 точек
2025-09-24 15:25:01 - ROBOTY.planner - INFO - Планирование траектории для робота 2 (ID: 2) с 15 операциями
2025-09-24 15:25:01 - ROBOTY.planner - DEBUG - Планирование траектории для робота с 15 операциями
2025-09-24 15:25:01 - ROBOTY.planner - DEBUG - Операция 1 запланирована, время завершения: 15.22
2025-09-24 15:25:01 - ROBOTY.planner - DEBUG - Операция 2 запланирована, время завершения: 30.61
2025-09-24 15:25:01 - ROBOTY.planner - DEBUG - Операция 3 запланирована, время завершения: 45.32
2025-09-24 15:25:01 - ROBOTY.planner - DEBUG - Операция 4 запланирована, время завершения: 57.19
2025-09-24 15:25:01 - ROBOTY.planner - DEBUG - Операция 5 запланирована, время завершения: 73.04
2025-09-24 15:25:01 - ROBOTY.planner - DEBUG - Операция 6 запланирована, время завершения: 89.86
2025-09-24 15:25:01 - ROBOTY.planner - DEBUG - Операция 7 запланирована, время завершения: 101.72
2025-09-24 15:25:01 - ROBOTY.planner - DEBUG - Операция 8 запланирована, время завершения: 117.97
2025-09-24 15:25:01 - ROBOTY.planner - DEBUG - Операция 9 запланирована, время завершения: 129.71
2025-09-24 15:25:01 - ROBOTY.planner - DEBUG - Операция 10 запланирована, время завершения: 138.87
2025-09-24 15:25:01 - ROBOTY.planner - DEBUG - Операция 11 запланирована, время завершения: 150.03
2025-09-24 15:25:01 - ROBOTY.planner - DEBUG - Операция 12 запланирована, время завершения: 157.31
2025-09-24 15:25:01 - ROBOTY.planner - DEBUG - Операция 13 запланирована, время завершения: 168.74
2025-09-24 15:25:01 - ROBOTY.planner - DEBUG - Операция 14 запланирована, время завершения: 181.42
2025-09-24 15:25:01 - ROBOTY.planner - DEBUG - Операция 15 запланирована, время завершения: 191.63
2025-09-24 15:25:01 - ROBOTY.planner - INFO - Траектория робота запланирована, общее время: 191.63
2025-09-24 15:25:01 - ROBOTY.planner - INFO - Робот 2: траектория содержит 360 точек
2025-09-24 15:25:01 - ROBOTY.planner - INFO - Планирование завершено. Makespan: 191.63
2025-09-24 15:25:01 - ROBOTY.main - INFO - Планировщик успешно завершил работу
2025-09-24 15:25:01 - ROBOTY.collision - INFO - Начинаем детальную проверку коллизий
2025-09-24 15:25:01 - ROBOTY.collision - DEBUG - Проверяем коллизии в диапазоне времени: 0.00 - 191.63
2025-09-24 15:25:01 - ROBOTY.collision - WARNING - Коллизия: роботы 1 и 2 в 117.00s, расстояние: 0.476, требуется: 0.500
2025-09-24 15:25:01 - ROBOTY.collision - WARNING - Коллизия: роботы 1 и 2 в 117.10s, расстояние: 0.401, требуется: 0.500
2025-09-24 15:25:01 - ROBOTY.collision - WARNING - Коллизия: роботы 1 и 2 в 117.20s, расстояние: 0.345, требуется: 0.500
2025-09-24 15:25:01 - ROBOTY.collision - WARNING - Коллизия: роботы 1 и 2 в 117.30s, расстояние: 0.317, требуется: 0.500
2025-09-24 15:25:01 - ROBOTY.collision - WARNING - Коллизия: роботы 1 и 2 в 117.40s, расстояние: 0.326, требуется: 0.500
2025-09-24 15:25:01 - ROBOTY.collision - WARNING - Коллизия: роботы 1 и 2 в 117.50s, расстояние: 0.331, требуется: 0.500
2025-09-24 15:25:01 - ROBOTY.collision - WARNING - Коллизия: роботы 1 и 2 в 117.60s, расстояние: 0.380, требуется: 0.500
2025-09-24 15:25:01 - ROBOTY.collision - WARNING - Коллизия: роботы 1 и 2 в 117.70s, расстояние: 0.459, требуется: 0.500
2025-09-24 15:25:01 - ROBOTY.collision - WARNING - Коллизия: роботы 1 и 2 в 173.20s, расстояние: 0.496, требуется: 0.500
2025-09-24 15:25:01 - ROBOTY.collision - WARNING - Коллизия: роботы 1 и 2 в 173.30s, расстояние: 0.462, требуется: 0.500
2025-09-24 15:25:01 - ROBOTY.collision - WARNING - Коллизия: роботы 1 и 2 в 173.40s, расстояние: 0.432, требуется: 0.500
2025-09-24 15:25:01 - ROBOTY.collision - WARNING - Коллизия: роботы 1 и 2 в 173.50s, расстояние: 0.406, требуется: 0.500
2025-09-24 15:25:01 - ROBOTY.collision - WARNING - Коллизия: роботы 1 и 2 в 173.60s, расстояние: 0.401, требуется: 0.500
2025-09-24 15:25:01 - ROBOTY.collision - WARNING - Коллизия: роботы 1 и 2 в 173.70s, расстояние: 0.401, требуется: 0.500
2025-09-24 15:25:01 - ROBOTY.collision - WARNING - Коллизия: роботы 1 и 2 в 173.80s, расстояние: 0.401, требуется: 0.500
2025-09-24 15:25:01 - ROBOTY.collision - WARNING - Коллизия: роботы 1 и 2 в 173.90s, расстояние: 0.401, требуется: 0.500
2025-09-24 15:25:01 - ROBOTY.collision - WARNING - Коллизия: роботы 1 и 2 в 174.00s, расстояние: 0.401, требуется: 0.500
2025-09-24 15:25:01 - ROBOTY.collision - WARNING - Коллизия: роботы 1 и 2 в 174.10s, расстояние: 0.401, требуется: 0.500
2025-09-24 15:25:01 - ROBOTY.collision - WARNING - Коллизия: роботы 1 и 2 в 174.20s, расстояние: 0.401, требуется: 0.500
2025-09-24 15:25:01 - ROBOTY.collision - WARNING - Коллизия: роботы 1 и 2 в 174.30s, расстояние: 0.401, требуется: 0.500
2025-09-24 15:25:01 - ROBOTY.collision - WARNING - Коллизия: роботы 1 и 2 в 174.40s, расстояние: 0.401, требуется: 0.500
2025-09-24 15:25:01 - ROBOTY.collision - WARNING - Коллизия: роботы 1 и 2 в 174.50s, расстояние: 0.401, требуется: 0.500
2025-09-24 15:25:01 - ROBOTY.collision - WARNING - Коллизия: роботы 1 и 2 в 174.60s, расстояние: 0.391, требуется: 0.500
2025-09-24 15:25:01 - ROBOTY.collision - WARNING - Коллизия: роботы 1 и 2 в 174.70s, расстояние: 0.379, требуется: 0.500
2025-09-24 15:25:01 - ROBOTY.collision - WARNING - Коллизия: роботы 1 и 2 в 174.80s, расстояние: 0.377, требуется: 0.500
2025-09-24 15:25:01 - ROBOTY.collision - WARNING - Коллизия: роботы 1 и 2 в 174.90s, расстояние: 0.384, требуется: 0.500
2025-09-24 15:25:01 - ROBOTY.collision - WARNING - Коллизия: роботы 1 и 2 в 175.00s, расстояние: 0.399, требуется: 0.500
2025-09-24 15:25:01 - ROBOTY.collision - WARNING - Коллизия: роботы 1 и 2 в 175.10s, расстояние: 0.422, требуется: 0.500
2025-09-24 15:25:01 - ROBOTY.collision - WARNING - Коллизия: роботы 1 и 2 в 175.20s, расстояние: 0.465, требуется: 0.500
2025-09-24 15:25:01 - ROBOTY.collision - ERROR - Обнаружено 29 коллизий
2025-09-24 15:25:01 - ROBOTY.main - WARNING - Обнаружено 29 коллизий, применяем онлайн-безопасность
2025-09-24 15:25:01 - ROBOTY.safety - INFO - Применяем онлайн-безопасность: вставка пауз при коллизиях
2025-09-24 15:25:01 - ROBOTY.collision - INFO - Начинаем детальную проверку коллизий
2025-09-24 15:25:01 - ROBOTY.collision - DEBUG - Проверяем коллизии в диапазоне времени: 0.00 - 191.63
2025-09-24 15:25:01 - ROBOTY.collision - WARNING - Коллизия: роботы 1 и 2 в 117.00s, расстояние: 0.476, требуется: 0.500
2025-09-24 15:25:01 - ROBOTY.collision - WARNING - Коллизия: роботы 1 и 2 в 117.05s, расстояние: 0.436, требуется: 0.500
2025-09-24 15:25:01 - ROBOTY.collision - WARNING - Коллизия: роботы 1 и 2 в 117.10s, расстояние: 0.401, требуется: 0.500
2025-09-24 15:25:01 - ROBOTY.collision - WARNING - Коллизия: роботы 1 и 2 в 117.15s, расстояние: 0.370, требуется: 0.500
2025-09-24 15:25:01 - ROBOTY.collision - WARNING - Коллизия: роботы 1 и 2 в 117.20s, расстояние: 0.345, требуется: 0.500
2025-09-24 15:25:01 - ROBOTY.collision - WARNING - Коллизия: роботы 1 и 2 в 117.25s, расстояние: 0.327, требуется: 0.500
2025-09-24 15:25:01 - ROBOTY.collision - WARNING - Коллизия: роботы 1 и 2 в 117.30s, расстояние: 0.317, требуется: 0.500
2025-09-24 15:25:01 - ROBOTY.collision - WARNING - Коллизия: роботы 1 и 2 в 117.35s, расстояние: 0.317, требуется: 0.500
2025-09-24 15:25:01 - ROBOTY.collision - WARNING - Коллизия: роботы 1 и 2 в 117.40s, расстояние: 0.326, требуется: 0.500
2025-09-24 15:25:01 - ROBOTY.collision - WARNING - Коллизия: роботы 1 и 2 в 117.45s, расстояние: 0.324, требуется: 0.500
2025-09-24 15:25:01 - ROBOTY.collision - WARNING - Коллизия: роботы 1 и 2 в 117.50s, расстояние: 0.331, требуется: 0.500
2025-09-24 15:25:01 - ROBOTY.collision - WARNING - Коллизия: роботы 1 и 2 в 117.55s, расстояние: 0.351, требуется: 0.500
2025-09-24 15:25:01 - ROBOTY.collision - WARNING - Коллизия: роботы 1 и 2 в 117.60s, расстояние: 0.380, требуется: 0.500
2025-09-24 15:25:01 - ROBOTY.collision - WARNING - Коллизия: роботы 1 и 2 в 117.65s, расстояние: 0.417, требуется: 0.500
2025-09-24 15:25:01 - ROBOTY.collision - WARNING - Коллизия: роботы 1 и 2 в 117.70s, расстояние: 0.459, требуется: 0.500
2025-09-24 15:25:01 - ROBOTY.collision - WARNING - Коллизия: роботы 1 и 2 в 173.20s, расстояние: 0.496, требуется: 0.500
2025-09-24 15:25:01 - ROBOTY.collision - WARNING - Коллизия: роботы 1 и 2 в 173.25s, расстояние: 0.479, требуется: 0.500
2025-09-24 15:25:01 - ROBOTY.collision - WARNING - Коллизия: роботы 1 и 2 в 173.30s, расстояние: 0.462, требуется: 0.500
2025-09-24 15:25:01 - ROBOTY.collision - WARNING - Коллизия: роботы 1 и 2 в 173.35s, расстояние: 0.447, требуется: 0.500
2025-09-24 15:25:01 - ROBOTY.collision - WARNING - Коллизия: роботы 1 и 2 в 173.40s, расстояние: 0.432, требуется: 0.500
2025-09-24 15:25:01 - ROBOTY.collision - WARNING - Коллизия: роботы 1 и 2 в 173.45s, расстояние: 0.418, требуется: 0.500
2025-09-24 15:25:01 - ROBOTY.collision - WARNING - Коллизия: роботы 1 и 2 в 173.50s, расстояние: 0.406, требуется: 0.500
2025-09-24 15:25:01 - ROBOTY.collision - WARNING - Коллизия: роботы 1 и 2 в 173.55s, расстояние: 0.401, требуется: 0.500
2025-09-24 15:25:01 - ROBOTY.collision - WARNING - Коллизия: роботы 1 и 2 в 173.60s, расстояние: 0.401, требуется: 0.500
2025-09-24 15:25:01 - ROBOTY.collision - WARNING - Коллизия: роботы 1 и 2 в 173.65s, расстояние: 0.401, требуется: 0.500
2025-09-24 15:25:01 - ROBOTY.collision - WARNING - Коллизия: роботы 1 и 2 в 173.70s, расстояние: 0.401, требуется: 0.500
2025-09-24 15:25:01 - ROBOTY.collision - WARNING - Коллизия: роботы 1 и 2 в 173.75s, расстояние: 0.401, требуется: 0.500
2025-09-24 15:25:01 - ROBOTY.collision - WARNING - Коллизия: роботы 1 и 2 в 173.80s, расстояние: 0.401, требуется: 0.500
2025-09-24 15:25:01 - ROBOTY.collision - WARNING - Коллизия: роботы 1 и 2 в 173.85s, расстояние: 0.401, требуется: 0.500
2025-09-24 15:25:01 - ROBOTY.collision - WARNING - Коллизия: роботы 1 и 2 в 173.90s, расстояние: 0.401, требуется: 0.500
2025-09-24 15:25:01 - ROBOTY.collision - WARNING - Коллизия: роботы 1 и 2 в 173.95s, расстояние: 0.401, требуется: 0.500
2025-09-24 15:25:01 - ROBOTY.collision - WARNING - Коллизия: роботы 1 и 2 в 174.00s, расстояние: 0.401, требуется: 0.500
2025-09-24 15:25:01 - ROBOTY.collision - WARNING - Коллизия: роботы 1 и 2 в 174.05s, расстояние: 0.401, требуется: 0.500
2025-09-24 15:25:01 - ROBOTY.collision - WARNING - Коллизия: роботы 1 и 2 в 174.10s, расстояние: 0.401, требуется: 0.500
2025-09-24 15:25:01 - ROBOTY.collision - WARNING - Коллизия: роботы 1 и 2 в 174.15s, расстояние: 0.401, требуется: 0.500
2025-09-24 15:25:01 - ROBOTY.collision - WARNING - Коллизия: роботы 1 и 2 в 174.20s, расстояние: 0.401, требуется: 0.500
2025-09-24 15:25:01 - ROBOTY.collision - WARNING - Коллизия: роботы 1 и 2 в 174.25s, расстояние: 0.401, требуется: 0.500
2025-09-24 15:25:01 - ROBOTY.collision - WARNING - Коллизия: роботы 1 и 2 в 174.30s, расстояние: 0.401, требуется: 0.500
2025-09-24 15:25:01 - ROBOTY.collision - WARNING - Коллизия: роботы 1 и 2 в 174.35s, расстояние: 0.401, требуется: 0.500
2025-09-24 15:25:01 - ROBOTY.collision - WARNING - Коллизия: роботы 1 и 2 в 174.40s, расстояние: 0.401, требуется: 0.500
2025-09-24 15:25:01 - ROBOTY.collision - WARNING - Коллизия: роботы 1 и 2 в 174.45s, расстояние: 0.401, требуется: 0.500
2025-09-24 15:25:01 - ROBOTY.collision - WARNING - Коллизия: роботы 1 и 2 в 174.50s, расстояние: 0.401, требуется: 0.500
2025-09-24 15:25:01 - ROBOTY.collision - WARNING - Коллизия: роботы 1 и 2 в 174.55s, расстояние: 0.399, требуется: 0.500
2025-09-24 15:25:01 - ROBOTY.collision - WARNING - Коллизия: роботы 1 и 2 в 174.60s, расстояние: 0.391, требуется: 0.500
2025-09-24 15:25:01 - ROBOTY.collision - WARNING - Коллизия: роботы 1 и 2 в 174.65s, расстояние: 0.384, требуется: 0.500
2025-09-24 15:25:01 - ROBOTY.collision - WARNING - Коллизия: роботы 1 и 2 в 174.70s, расстояние: 0.379, требуется: 0.500
2025-09-24 15:25:01 - ROBOTY.collision - WARNING - Коллизия: роботы 1 и 2 в 174.75s, расстояние: 0.377, требуется: 0.500
2025-09-24 15:25:01 - ROBOTY.collision - WARNING - Коллизия: роботы 1 и 2 в 174.80s, расстояние: 0.377, требуется: 0.500
2025-09-24 15:25:01 - ROBOTY.collision - WARNING - Коллизия: роботы 1 и 2 в 174.85s, расстояние: 0.379, требуется: 0.500
2025-09-24 15:25:01 - ROBOTY.collision - WARNING - Коллизия: роботы 1 и 2 в 174.90s, расстояние: 0.384, требуется: 0.500
2025-09-24 15:25:01 - ROBOTY.collision - WARNING - Коллизия: роботы 1 и 2 в 174.95s, расстояние: 0.390, требуется: 0.500
2025-09-24 15:25:01 - ROBOTY.collision - WARNING - Коллизия: роботы 1 и 2 в 175.00s, расстояние: 0.399, требуется: 0.500
2025-09-24 15:25:01 - ROBOTY.collision - WARNING - Коллизия: роботы 1 и 2 в 175.05s, расстояние: 0.409, требуется: 0.500
2025-09-24 15:25:01 - ROBOTY.collision - WARNING - Коллизия: роботы 1 и 2 в 175.10s, расстояние: 0.422, требуется: 0.500
2025-09-24 15:25:01 - ROBOTY.collision - WARNING - Коллизия: роботы 1 и 2 в 175.15s, расстояние: 0.440, требуется: 0.500
2025-09-24 15:25:01 - ROBOTY.collision - WARNING - Коллизия: роботы 1 и 2 в 175.20s, расстояние: 0.465, требуется: 0.500
2025-09-24 15:25:01 - ROBOTY.collision - WARNING - Коллизия: роботы 1 и 2 в 175.25s, расстояние: 0.494, требуется: 0.500
2025-09-24 15:25:01 - ROBOTY.collision - ERROR - Обнаружено 57 коллизий
2025-09-24 15:25:01 - ROBOTY.safety - DEBUG - Добавлена пауза 0.60s роботу 1 в t=117.00s
2025-09-24 15:25:01 - ROBOTY.safety - DEBUG - Добавлена пауза 0.60s роботу 2 в t=117.00s
2025-09-24 15:25:01 - ROBOTY.safety - DEBUG - Добавлена пауза 0.60s роботу 1 в t=117.05s
2025-09-24 15:25:01 - ROBOTY.safety - DEBUG - Добавлена пауза 0.60s роботу 2 в t=117.05s
2025-09-24 15:25:01 - ROBOTY.safety - DEBUG - Добавлена пауза 0.60s роботу 1 в t=117.10s
2025-09-24 15:25:01 - ROBOTY.safety - DEBUG - Добавлена пауза 0.60s роботу 2 в t=117.10s
2025-09-24 15:25:01 - ROBOTY.safety - DEBUG - Добавлена пауза 0.60s роботу 1 в t=117.15s
2025-09-24 15:25:01 - ROBOTY.safety - DEBUG - Добавлена пауза 0.60s роботу 2 в t=117.15s
2025-09-24 15:25:01 - ROBOTY.safety - DEBUG - Добавлена пауза 0.60s роботу 1 в t=117.20s
2025-09-24 15:25:01 - ROBOTY.safety - DEBUG - Добавлена пауза 0.60s роботу 2 в t=117.20s
2025-09-24 15:25:01 - ROBOTY.safety - DEBUG - Добавлена пауза 0.60s роботу 1 в t=117.25s
2025-09-24 15:25:01 - ROBOTY.safety - DEBUG - Добавлена пауза 0.60s роботу 2 в t=117.25s
2025-09-24 15:25:01 - ROBOTY.safety - DEBUG - Добавлена пауза 0.60s роботу 1 в t=117.30s
2025-09-24 15:25:01 - ROBOTY.safety - DEBUG - Добавлена пауза 0.60s роботу 2 в t=117.30s
2025-09-24 15:25:01 - ROBOTY.safety - DEBUG - Добавлена пауза 0.60s роботу 1 в t=117.35s
2025-09-24 15:25:01 - ROBOTY.safety - DEBUG - Добавлена пауза 0.60s роботу 2 в t=117.35s
2025-09-24 15:25:01 - ROBOTY.safety - DEBUG - Добавлена пауза 0.60s роботу 1 в t=117.40s
2025-09-24 15:25:01 - ROBOTY.safety - DEBUG - Добавлена пауза 0.60s роботу 2 в t=117.40s
2025-09-24 15:25:01 - ROBOTY.safety - DEBUG - Добавлена пауза 0.60s роботу 1 в t=117.45s
2025-09-24 15:25:01 - ROBOTY.safety - DEBUG - Добавлена пауза 0.60s роботу 2 в t=117.45s
2025-09-24 15:25:01 - ROBOTY.safety - DEBUG - Добавлена пауза 0.60s роботу 1 в t=117.50s
2025-09-24 15:25:01 - ROBOTY.safety - DEBUG - Добавлена пауза 0.60s роботу 2 в t=117.50s
2025-09-24 15:25:01 - ROBOTY.safety - DEBUG - Добавлена пауза 0.60s роботу 1 в t=117.55s
2025-09-24 15:25:01 - ROBOTY.safety - DEBUG - Добавлена пауза 0.60s роботу 2 в t=117.55s
2025-09-24 15:25:01 - ROBOTY.safety - DEBUG - Добавлена пауза 0.60s роботу 1 в t=117.60s
2025-09-24 15:25:01 - ROBOTY.safety - DEBUG - Добавлена пауза 0.60s роботу 2 в t=117.60s
2025-09-24 15:25:01 - ROBOTY.safety - DEBUG - Добавлена пауза 0.60s роботу 1 в t=117.65s
2025-09-24 15:25:01 - ROBOTY.safety - DEBUG - Добавлена пауза 0.60s роботу 2 в t=117.65s
2025-09-24 15:25:01 - ROBOTY.safety - DEBUG - Добавлена пауза 0.60s роботу 1 в t=117.70s
2025-09-24 15:25:01 - ROBOTY.safety - DEBUG - Добавлена пауза 0.60s роботу 2 в t=117.70s
2025-09-24 15:25:01 - ROBOTY.safety - DEBUG - Добавлена пауза 0.60s роботу 1 в t=173.20s
2025-09-24 15:25:01 - ROBOTY.safety - DEBUG - Добавлена пауза 0.60s роботу 2 в t=173.20s
2025-09-24 15:25:01 - ROBOTY.safety - DEBUG - Добавлена пауза 0.60s роботу 1 в t=173.25s
2025-09-24 15:25:01 - ROBOTY.safety - DEBUG - Добавлена пауза 0.60s роботу 2 в t=173.25s
2025-09-24 15:25:01 - ROBOTY.safety - DEBUG - Добавлена пауза 0.60s роботу 1 в t=173.30s
2025-09-24 15:25:01 - ROBOTY.safety - DEBUG - Добавлена пауза 0.60s роботу 2 в t=173.30s
2025-09-24 15:25:01 - ROBOTY.safety - DEBUG - Добавлена пауза 0.60s роботу 1 в t=173.35s
2025-09-24 15:25:01 - ROBOTY.safety - DEBUG - Добавлена пауза 0.60s роботу 2 в t=173.35s
2025-09-24 15:25:01 - ROBOTY.safety - DEBUG - Добавлена пауза 0.60s роботу 1 в t=173.40s
2025-09-24 15:25:01 - ROBOTY.safety - DEBUG - Добавлена пауза 0.60s роботу 2 в t=173.40s
2025-09-24 15:25:01 - ROBOTY.safety - DEBUG - Добавлена пауза 0.60s роботу 1 в t=173.45s
2025-09-24 15:25:01 - ROBOTY.safety - DEBUG - Добавлена пауза 0.60s роботу 2 в t=173.45s
2025-09-24 15:25:01 - ROBOTY.safety - DEBUG - Добавлена пауза 0.60s роботу 1 в t=173.50s
2025-09-24 15:25:01 - ROBOTY.safety - DEBUG - Добавлена пауза 0.60s роботу 2 в t=173.50s
2025-09-24 15:25:01 - ROBOTY.safety - DEBUG - Добавлена пауза 0.60s роботу 1 в t=173.55s
2025-09-24 15:25:01 - ROBOTY.safety - DEBUG - Добавлена пауза 0.60s роботу 2 в t=173.55s
2025-09-24 15:25:01 - ROBOTY.safety - DEBUG - Добавлена пауза 0.60s роботу 1 в t=173.60s
2025-09-24 15:25:01 - ROBOTY.safety - DEBUG - Добавлена пауза 0.60s роботу 2 в t=173.60s
2025-09-24 15:25:01 - ROBOTY.safety - DEBUG - Добавлена пауза 0.60s роботу 1 в t=173.65s
2025-09-24 15:25:01 - ROBOTY.safety - DEBUG - Добавлена пауза 0.60s роботу 2 в t=173.65s
2025-09-24 15:25:01 - ROBOTY.safety - DEBUG - Добавлена пауза 0.60s роботу 1 в t=173.70s
2025-09-24 15:25:01 - ROBOTY.safety - DEBUG - Добавлена пауза 0.60s роботу 2 в t=173.70s
2025-09-24 15:25:01 - ROBOTY.safety - DEBUG - Добавлена пауза 0.60s роботу 1 в t=173.75s
2025-09-24 15:25:01 - ROBOTY.safety - DEBUG - Добавлена пауза 0.60s роботу 2 в t=173.75s
2025-09-24 15:25:01 - ROBOTY.safety - DEBUG - Добавлена пауза 0.60s роботу 1 в t=173.80s
2025-09-24 15:25:01 - ROBOTY.safety - DEBUG - Добавлена пауза 0.60s роботу 2 в t=173.80s
2025-09-24 15:25:01 - ROBOTY.safety - DEBUG - Добавлена пауза 0.60s роботу 1 в t=173.85s
2025-09-24 15:25:01 - ROBOTY.safety - DEBUG - Добавлена пауза 0.60s роботу 2 в t=173.85s
2025-09-24 15:25:01 - ROBOTY.safety - DEBUG - Добавлена пауза 0.60s роботу 1 в t=173.90s
2025-09-24 15:25:01 - ROBOTY.safety - DEBUG - Добавлена пауза 0.60s роботу 2 в t=173.90s
2025-09-24 15:25:01 - ROBOTY.safety - DEBUG - Добавлена пауза 0.60s роботу 1 в t=173.95s
2025-09-24 15:25:01 - ROBOTY.safety - DEBUG - Добавлена пауза 0.60s роботу 2 в t=173.95s
2025-09-24 15:25:01 - ROBOTY.safety - DEBUG - Добавлена пауза 0.60s роботу 1 в t=174.00s
2025-09-24 15:25:01 - ROBOTY.safety - DEBUG - Добавлена пауза 0.60s роботу 2 в t=174.00s
2025-09-24 15:25:01 - ROBOTY.safety - DEBUG - Добавлена пауза 0.60s роботу 1 в t=174.05s
2025-09-24 15:25:01 - ROBOTY.safety - DEBUG - Добавлена пауза 0.60s роботу 2 в t=174.05s
2025-09-24 15:25:01 - ROBOTY.safety - DEBUG - Добавлена пауза 0.60s роботу 1 в t=174.10s
2025-09-24 15:25:01 - ROBOTY.safety - DEBUG - Добавлена пауза 0.60s роботу 2 в t=174.10s
2025-09-24 15:25:01 - ROBOTY.safety - DEBUG - Добавлена пауза 0.60s роботу 1 в t=174.15s
2025-09-24 15:25:01 - ROBOTY.safety - DEBUG - Добавлена пауза 0.60s роботу 2 в t=174.15s
2025-09-24 15:25:01 - ROBOTY.safety - DEBUG - Добавлена пауза 0.60s роботу 1 в t=174.20s
2025-09-24 15:25:01 - ROBOTY.safety - DEBUG - Добавлена пауза 0.60s роботу 2 в t=174.20s
2025-09-24 15:25:01 - ROBOTY.safety - DEBUG - Добавлена пауза 0.60s роботу 1 в t=174.25s
2025-09-24 15:25:01 - ROBOTY.safety - DEBUG - Добавлена пауза 0.60s роботу 2 в t=174.25s
2025-09-24 15:25:01 - ROBOTY.safety - DEBUG - Добавлена пауза 0.60s роботу 1 в t=174.30s
2025-09-24 15:25:01 - ROBOTY.safety - DEBUG - Добавлена пауза 0.60s роботу 2 в t=174.30s
2025-09-24 15:25:01 - ROBOTY.safety - DEBUG - Добавлена пауза 0.60s роботу 1 в t=174.35s
2025-09-24 15:25:01 - ROBOTY.safety - DEBUG - Добавлена пауза 0.60s роботу 2 в t=174.35s
2025-09-24 15:25:01 - ROBOTY.safety - DEBUG - Добавлена пауза 0.60s роботу 1 в t=174.40s
2025-09-24 15:25:01 - ROBOTY.safety - DEBUG - Добавлена пауза 0.60s роботу 2 в t=174.40s
2025-09-24 15:25:01 - ROBOTY.safety - DEBUG - Добавлена пауза 0.60s роботу 1 в t=174.45s
2025-09-24 15:25:01 - ROBOTY.safety - DEBUG - Добавлена пауза 0.60s роботу 2 в t=174.45s
2025-09-24 15:25:01 - ROBOTY.safety - DEBUG - Добавлена пауза 0.60s роботу 1 в t=174.50s
2025-09-24 15:25:01 - ROBOTY.safety - DEBUG - Добавлена пауза 0.60s роботу 2 в t=174.50s
2025-09-24 15:25:01 - ROBOTY.safety - DEBUG - Добавлена пауза 0.60s роботу 1 в t=174.55s
2025-09-24 15:25:01 - ROBOTY.safety - DEBUG - Добавлена пауза 0.60s роботу 2 в t=174.55s
2025-09-24 15:25:01 - ROBOTY.safety - DEBUG - Добавлена пауза 0.60s роботу 1 в t=174.60s
2025-09-24 15:25:01 - ROBOTY.safety - DEBUG - Добавлена пауза 0.60s роботу 2 в t=174.60s
2025-09-24 15:25:01 - ROBOTY.safety - DEBUG - Добавлена пауза 0.60s роботу 1 в t=174.65s
2025-09-24 15:25:01 - ROBOTY.safety - DEBUG - Добавлена пауза 0.60s роботу 2 в t=174.65s
2025-09-24 15:25:01 - ROBOTY.safety - DEBUG - Добавлена пауза 0.60s роботу 1 в t=174.70s
2025-09-24 15:25:01 - ROBOTY.safety - DEBUG - Добавлена пауза 0.60s роботу 2 в t=174.70s
2025-09-24 15:25:01 - ROBOTY.safety - DEBUG - Добавлена пауза 0.60s роботу 1 в t=174.75s
2025-09-24 15:25:01 - ROBOTY.safety - DEBUG - Добавлена пауза 0.60s роботу 2 в t=174.75s
2025-09-24 15:25:01 - ROBOTY.safety - DEBUG - Добавлена пауза 0.60s роботу 1 в t=174.80s
2025-09-24 15:25:01 - ROBOTY.safety - DEBUG - Добавлена пауза 0.60s роботу 2 в t=174.80s
2025-09-24 15:25:01 - ROBOTY.safety - DEBUG - Добавлена пауза 0.60s роботу 1 в t=174.85s
2025-09-24 15:25:01 - ROBOTY.safety - DEBUG - Добавлена пауза 0.60s роботу 2 в t=174.85s
2025-09-24 15:25:01 - ROBOTY.safety - DEBUG - Добавлена пауза 0.60s роботу 1 в t=174.90s
2025-09-24 15:25:01 - ROBOTY.safety - DEBUG - Добавлена пауза 0.60s роботу 2 в t=174.90s
2025-09-24 15:25:01 - ROBOTY.safety - DEBUG - Добавлена пауза 0.60s роботу 1 в t=174.95s
2025-09-24 15:25:01 - ROBOTY.safety - DEBUG - Добавлена пауза 0.60s роботу 2 в t=174.95s
2025-09-24 15:25:01 - ROBOTY.safety - DEBUG - Добавлена пауза 0.60s роботу 1 в t=175.00s
2025-09-24 15:25:01 - ROBOTY.safety - DEBUG - Добавлена пауза 0.60s роботу 2 в t=175.00s
2025-09-24 15:25:01 - ROBOTY.safety - DEBUG - Добавлена пауза 0.60s роботу 1 в t=175.05s
2025-09-24 15:25:01 - ROBOTY.safety - DEBUG - Добавлена пауза 0.60s роботу 2 в t=175.05s
2025-09-24 15:25:01 - ROBOTY.safety - DEBUG - Добавлена пауза 0.60s роботу 1 в t=175.10s
2025-09-24 15:25:01 - ROBOTY.safety - DEBUG - Добавлена пауза 0.60s роботу 2 в t=175.10s
2025-09-24 15:25:01 - ROBOTY.safety - DEBUG - Добавлена пауза 0.60s роботу 1 в t=175.15s
2025-09-24 15:25:01 - ROBOTY.safety - DEBUG - Добавлена пауза 0.60s роботу 2 в t=175.15s
2025-09-24 15:25:01 - ROBOTY.safety - DEBUG - Добавлена пауза 0.60s роботу 1 в t=175.20s
2025-09-24 15:25:01 - ROBOTY.safety - DEBUG - Добавлена пауза 0.60s роботу 2 в t=175.20s
2025-09-24 15:25:01 - ROBOTY.safety - DEBUG - Добавлена пауза 0.60s роботу 1 в t=175.25s
2025-09-24 15:25:01 - ROBOTY.safety - DEBUG - Добавлена пауза 0.60s роботу 2 в t=175.25s
2025-09-24 15:25:01 - ROBOTY.safety - INFO - Онлайн-безопасность применена: паузы вставлены
2025-09-24 15:25:01 - ROBOTY.collision - INFO - Начинаем детальную проверку коллизий
2025-09-24 15:25:01 - ROBOTY.collision - DEBUG - Проверяем коллизии в диапазоне времени: 0.00 - 225.83
2025-09-24 15:25:01 - ROBOTY.collision - WARNING - Коллизия: роботы 1 и 2 в 117.00s, расстояние: 0.476, требуется: 0.500
2025-09-24 15:25:01 - ROBOTY.collision - WARNING - Коллизия: роботы 1 и 2 в 117.10s, расстояние: 0.476, требуется: 0.500
2025-09-24 15:25:01 - ROBOTY.collision - WARNING - Коллизия: роботы 1 и 2 в 117.20s, расстояние: 0.476, требуется: 0.500
2025-09-24 15:25:01 - ROBOTY.collision - WARNING - Коллизия: роботы 1 и 2 в 117.30s, расстояние: 0.476, требуется: 0.500
2025-09-24 15:25:01 - ROBOTY.collision - WARNING - Коллизия: роботы 1 и 2 в 117.40s, расстояние: 0.476, требуется: 0.500
2025-09-24 15:25:01 - ROBOTY.collision - WARNING - Коллизия: роботы 1 и 2 в 117.50s, расстояние: 0.476, требуется: 0.500
2025-09-24 15:25:01 - ROBOTY.collision - WARNING - Коллизия: роботы 1 и 2 в 117.60s, расстояние: 0.476, требуется: 0.500
2025-09-24 15:25:01 - ROBOTY.collision - WARNING - Коллизия: роботы 1 и 2 в 117.70s, расстояние: 0.476, требуется: 0.500
2025-09-24 15:25:01 - ROBOTY.collision - WARNING - Коллизия: роботы 1 и 2 в 117.80s, расстояние: 0.476, требуется: 0.500
2025-09-24 15:25:01 - ROBOTY.collision - WARNING - Коллизия: роботы 1 и 2 в 117.90s, расстояние: 0.476, требуется: 0.500
2025-09-24 15:25:01 - ROBOTY.collision - WARNING - Коллизия: роботы 1 и 2 в 118.00s, расстояние: 0.476, требуется: 0.500
2025-09-24 15:25:01 - ROBOTY.collision - WARNING - Коллизия: роботы 1 и 2 в 118.10s, расстояние: 0.476, требуется: 0.500
2025-09-24 15:25:01 - ROBOTY.collision - WARNING - Коллизия: роботы 1 и 2 в 118.20s, расстояние: 0.476, требуется: 0.500
2025-09-24 15:25:01 - ROBOTY.collision - WARNING - Коллизия: роботы 1 и 2 в 118.30s, расстояние: 0.476, требуется: 0.500
2025-09-24 15:25:01 - ROBOTY.collision - WARNING - Коллизия: роботы 1 и 2 в 118.40s, расстояние: 0.476, требуется: 0.500
2025-09-24 15:25:01 - ROBOTY.collision - WARNING - Коллизия: роботы 1 и 2 в 118.50s, расстояние: 0.476, требуется: 0.500
2025-09-24 15:25:01 - ROBOTY.collision - WARNING - Коллизия: роботы 1 и 2 в 118.60s, расстояние: 0.476, требуется: 0.500
2025-09-24 15:25:01 - ROBOTY.collision - WARNING - Коллизия: роботы 1 и 2 в 118.70s, расстояние: 0.476, требуется: 0.500
2025-09-24 15:25:01 - ROBOTY.collision - WARNING - Коллизия: роботы 1 и 2 в 118.80s, расстояние: 0.476, требуется: 0.500
2025-09-24 15:25:01 - ROBOTY.collision - WARNING - Коллизия: роботы 1 и 2 в 118.90s, расстояние: 0.476, требуется: 0.500
2025-09-24 15:25:01 - ROBOTY.collision - WARNING - Коллизия: роботы 1 и 2 в 119.00s, расстояние: 0.476, требуется: 0.500
2025-09-24 15:25:01 - ROBOTY.collision - WARNING - Коллизия: роботы 1 и 2 в 119.10s, расстояние: 0.476, требуется: 0.500
2025-09-24 15:25:01 - ROBOTY.collision - WARNING - Коллизия: роботы 1 и 2 в 119.20s, расстояние: 0.476, требуется: 0.500
2025-09-24 15:25:01 - ROBOTY.collision - WARNING - Коллизия: роботы 1 и 2 в 119.30s, расстояние: 0.476, требуется: 0.500
2025-09-24 15:25:01 - ROBOTY.collision - WARNING - Коллизия: роботы 1 и 2 в 119.40s, расстояние: 0.476, требуется: 0.500
2025-09-24 15:25:01 - ROBOTY.collision - WARNING - Коллизия: роботы 1 и 2 в 119.50s, расстояние: 0.476, требуется: 0.500
2025-09-24 15:25:01 - ROBOTY.collision - WARNING - Коллизия: роботы 1 и 2 в 119.60s, расстояние: 0.476, требуется: 0.500
2025-09-24 15:25:01 - ROBOTY.collision - WARNING - Коллизия: роботы 1 и 2 в 119.70s, расстояние: 0.476, требуется: 0.500
2025-09-24 15:25:01 - ROBOTY.collision - WARNING - Коллизия: роботы 1 и 2 в 119.80s, расстояние: 0.476, требуется: 0.500
2025-09-24 15:25:01 - ROBOTY.collision - WARNING - Коллизия: роботы 1 и 2 в 119.90s, расстояние: 0.476, требуется: 0.500
2025-09-24 15:25:01 - ROBOTY.collision - WARNING - Коллизия: роботы 1 и 2 в 120.00s, расстояние: 0.476, требуется: 0.500
2025-09-24 15:25:01 - ROBOTY.collision - WARNING - Коллизия: роботы 1 и 2 в 120.10s, расстояние: 0.476, требуется: 0.500
2025-09-24 15:25:01 - ROBOTY.collision - WARNING - Коллизия: роботы 1 и 2 в 120.20s, расстояние: 0.476, требуется: 0.500
2025-09-24 15:25:01 - ROBOTY.collision - WARNING - Коллизия: роботы 1 и 2 в 120.30s, расстояние: 0.476, требуется: 0.500
2025-09-24 15:25:01 - ROBOTY.collision - WARNING - Коллизия: роботы 1 и 2 в 120.40s, расстояние: 0.476, требуется: 0.500
2025-09-24 15:25:01 - ROBOTY.collision - WARNING - Коллизия: роботы 1 и 2 в 120.50s, расстояние: 0.476, требуется: 0.500
2025-09-24 15:25:01 - ROBOTY.collision - WARNING - Коллизия: роботы 1 и 2 в 120.60s, расстояние: 0.476, требуется: 0.500
2025-09-24 15:25:01 - ROBOTY.collision - WARNING - Коллизия: роботы 1 и 2 в 120.70s, расстояние: 0.476, требуется: 0.500
2025-09-24 15:25:01 - ROBOTY.collision - WARNING - Коллизия: роботы 1 и 2 в 120.80s, расстояние: 0.476, требуется: 0.500
2025-09-24 15:25:01 - ROBOTY.collision - WARNING - Коллизия: роботы 1 и 2 в 120.90s, расстояние: 0.476, требуется: 0.500
2025-09-24 15:25:01 - ROBOTY.collision - WARNING - Коллизия: роботы 1 и 2 в 121.00s, расстояние: 0.476, требуется: 0.500
2025-09-24 15:25:01 - ROBOTY.collision - WARNING - Коллизия: роботы 1 и 2 в 121.10s, расстояние: 0.476, требуется: 0.500
2025-09-24 15:25:01 - ROBOTY.collision - WARNING - Коллизия: роботы 1 и 2 в 121.20s, расстояние: 0.476, требуется: 0.500
2025-09-24 15:25:01 - ROBOTY.collision - WARNING - Коллизия: роботы 1 и 2 в 121.30s, расстояние: 0.476, требуется: 0.500
2025-09-24 15:25:01 - ROBOTY.collision - WARNING - Коллизия: роботы 1 и 2 в 121.40s, расстояние: 0.476, требуется: 0.500
2025-09-24 15:25:01 - ROBOTY.collision - WARNING - Коллизия: роботы 1 и 2 в 121.50s, расстояние: 0.476, требуется: 0.500
2025-09-24 15:25:01 - ROBOTY.collision - WARNING - Коллизия: роботы 1 и 2 в 121.60s, расстояние: 0.476, требуется: 0.500
2025-09-24 15:25:01 - ROBOTY.collision - WARNING - Коллизия: роботы 1 и 2 в 121.70s, расстояние: 0.476, требуется: 0.500
2025-09-24 15:25:01 - ROBOTY.collision - WARNING - Коллизия: роботы 1 и 2 в 121.80s, расстояние: 0.476, требуется: 0.500
2025-09-24 15:25:01 - ROBOTY.collision - WARNING - Коллизия: роботы 1 и 2 в 121.90s, расстояние: 0.476, требуется: 0.500
2025-09-24 15:25:01 - ROBOTY.collision - WARNING - Коллизия: роботы 1 и 2 в 122.00s, расстояние: 0.476, требуется: 0.500
2025-09-24 15:25:01 - ROBOTY.collision - WARNING - Коллизия: роботы 1 и 2 в 122.10s, расстояние: 0.476, требуется: 0.500
2025-09-24 15:25:01 - ROBOTY.collision - WARNING - Коллизия: роботы 1 и 2 в 122.20s, расстояние: 0.476, требуется: 0.500
2025-09-24 15:25:01 - ROBOTY.collision - WARNING - Коллизия: роботы 1 и 2 в 122.30s, расстояние: 0.476, требуется: 0.500
2025-09-24 15:25:01 - ROBOTY.collision - WARNING - Коллизия: роботы 1 и 2 в 122.40s, расстояние: 0.476, требуется: 0.500
2025-09-24 15:25:01 - ROBOTY.collision - WARNING - Коллизия: роботы 1 и 2 в 122.50s, расстояние: 0.476, требуется: 0.500
2025-09-24 15:25:01 - ROBOTY.collision - WARNING - Коллизия: роботы 1 и 2 в 122.60s, расстояние: 0.476, требуется: 0.500
2025-09-24 15:25:01 - ROBOTY.collision - WARNING - Коллизия: роботы 1 и 2 в 122.70s, расстояние: 0.476, требуется: 0.500
2025-09-24 15:25:01 - ROBOTY.collision - WARNING - Коллизия: роботы 1 и 2 в 122.80s, расстояние: 0.476, требуется: 0.500
2025-09-24 15:25:01 - ROBOTY.collision - WARNING - Коллизия: роботы 1 и 2 в 122.90s, расстояние: 0.476, требуется: 0.500
2025-09-24 15:25:01 - ROBOTY.collision - WARNING - Коллизия: роботы 1 и 2 в 123.00s, расстояние: 0.476, требуется: 0.500
2025-09-24 15:25:01 - ROBOTY.collision - WARNING - Коллизия: роботы 1 и 2 в 123.10s, расстояние: 0.476, требуется: 0.500
2025-09-24 15:25:01 - ROBOTY.collision - WARNING - Коллизия: роботы 1 и 2 в 123.20s, расстояние: 0.476, требуется: 0.500
2025-09-24 15:25:01 - ROBOTY.collision - WARNING - Коллизия: роботы 1 и 2 в 123.30s, расстояние: 0.476, требуется: 0.500
2025-09-24 15:25:01 - ROBOTY.collision - WARNING - Коллизия: роботы 1 и 2 в 123.40s, расстояние: 0.476, требуется: 0.500
2025-09-24 15:25:01 - ROBOTY.collision - WARNING - Коллизия: роботы 1 и 2 в 123.50s, расстояние: 0.476, требуется: 0.500
2025-09-24 15:25:01 - ROBOTY.collision - WARNING - Коллизия: роботы 1 и 2 в 123.60s, расстояние: 0.476, требуется: 0.500
2025-09-24 15:25:01 - ROBOTY.collision - WARNING - Коллизия: роботы 1 и 2 в 123.70s, расстояние: 0.476, требуется: 0.500
2025-09-24 15:25:01 - ROBOTY.collision - WARNING - Коллизия: роботы 1 и 2 в 123.80s, расстояние: 0.476, требуется: 0.500
2025-09-24 15:25:01 - ROBOTY.collision - WARNING - Коллизия: роботы 1 и 2 в 123.90s, расстояние: 0.476, требуется: 0.500
2025-09-24 15:25:01 - ROBOTY.collision - WARNING - Коллизия: роботы 1 и 2 в 124.00s, расстояние: 0.476, требуется: 0.500
2025-09-24 15:25:01 - ROBOTY.collision - WARNING - Коллизия: роботы 1 и 2 в 124.10s, расстояние: 0.476, требуется: 0.500
2025-09-24 15:25:01 - ROBOTY.collision - WARNING - Коллизия: роботы 1 и 2 в 124.20s, расстояние: 0.476, требуется: 0.500
2025-09-24 15:25:01 - ROBOTY.collision - WARNING - Коллизия: роботы 1 и 2 в 124.30s, расстояние: 0.476, требуется: 0.500
2025-09-24 15:25:01 - ROBOTY.collision - WARNING - Коллизия: роботы 1 и 2 в 124.40s, расстояние: 0.476, требуется: 0.500
2025-09-24 15:25:01 - ROBOTY.collision - WARNING - Коллизия: роботы 1 и 2 в 124.50s, расстояние: 0.476, требуется: 0.500
2025-09-24 15:25:01 - ROBOTY.collision - WARNING - Коллизия: роботы 1 и 2 в 124.60s, расстояние: 0.476, требуется: 0.500
2025-09-24 15:25:01 - ROBOTY.collision - WARNING - Коллизия: роботы 1 и 2 в 124.70s, расстояние: 0.476, требуется: 0.500
2025-09-24 15:25:01 - ROBOTY.collision - WARNING - Коллизия: роботы 1 и 2 в 124.80s, расстояние: 0.476, требуется: 0.500
2025-09-24 15:25:01 - ROBOTY.collision - WARNING - Коллизия: роботы 1 и 2 в 124.90s, расстояние: 0.476, требуется: 0.500
2025-09-24 15:25:01 - ROBOTY.collision - WARNING - Коллизия: роботы 1 и 2 в 125.00s, расстояние: 0.476, требуется: 0.500
2025-09-24 15:25:01 - ROBOTY.collision - WARNING - Коллизия: роботы 1 и 2 в 125.10s, расстояние: 0.476, требуется: 0.500
2025-09-24 15:25:01 - ROBOTY.collision - WARNING - Коллизия: роботы 1 и 2 в 125.20s, расстояние: 0.476, требуется: 0.500
2025-09-24 15:25:01 - ROBOTY.collision - WARNING - Коллизия: роботы 1 и 2 в 125.30s, расстояние: 0.476, требуется: 0.500
2025-09-24 15:25:01 - ROBOTY.collision - WARNING - Коллизия: роботы 1 и 2 в 125.40s, расстояние: 0.476, требуется: 0.500
2025-09-24 15:25:01 - ROBOTY.collision - WARNING - Коллизия: роботы 1 и 2 в 125.50s, расстояние: 0.476, требуется: 0.500
2025-09-24 15:25:01 - ROBOTY.collision - WARNING - Коллизия: роботы 1 и 2 в 125.60s, расстояние: 0.476, требуется: 0.500
2025-09-24 15:25:01 - ROBOTY.collision - WARNING - Коллизия: роботы 1 и 2 в 125.70s, расстояние: 0.476, требуется: 0.500
2025-09-24 15:25:01 - ROBOTY.collision - WARNING - Коллизия: роботы 1 и 2 в 125.80s, расстояние: 0.476, требуется: 0.500
2025-09-24 15:25:01 - ROBOTY.collision - WARNING - Коллизия: роботы 1 и 2 в 125.90s, расстояние: 0.476, требуется: 0.500
2025-09-24 15:25:01 - ROBOTY.collision - WARNING - Коллизия: роботы 1 и 2 в 126.00s, расстояние: 0.476, требуется: 0.500
2025-09-24 15:25:01 - ROBOTY.collision - WARNING - Коллизия: роботы 1 и 2 в 126.10s, расстояние: 0.401, требуется: 0.500
2025-09-24 15:25:01 - ROBOTY.collision - WARNING - Коллизия: роботы 1 и 2 в 126.20s, расстояние: 0.345, требуется: 0.500
2025-09-24 15:25:01 - ROBOTY.collision - WARNING - Коллизия: роботы 1 и 2 в 126.30s, расстояние: 0.317, требуется: 0.500
2025-09-24 15:25:01 - ROBOTY.collision - WARNING - Коллизия: роботы 1 и 2 в 126.40s, расстояние: 0.326, требуется: 0.500
2025-09-24 15:25:01 - ROBOTY.collision - WARNING - Коллизия: роботы 1 и 2 в 126.50s, расстояние: 0.331, требуется: 0.500
2025-09-24 15:25:01 - ROBOTY.collision - WARNING - Коллизия: роботы 1 и 2 в 126.60s, расстояние: 0.380, требуется: 0.500
2025-09-24 15:25:01 - ROBOTY.collision - WARNING - Коллизия: роботы 1 и 2 в 126.70s, расстояние: 0.459, требуется: 0.500
2025-09-24 15:25:01 - ROBOTY.collision - WARNING - Коллизия: роботы 1 и 2 в 207.40s, расстояние: 0.496, требуется: 0.500
2025-09-24 15:25:01 - ROBOTY.collision - WARNING - Коллизия: роботы 1 и 2 в 207.50s, расстояние: 0.462, требуется: 0.500
2025-09-24 15:25:01 - ROBOTY.collision - WARNING - Коллизия: роботы 1 и 2 в 207.60s, расстояние: 0.432, требуется: 0.500
2025-09-24 15:25:01 - ROBOTY.collision - WARNING - Коллизия: роботы 1 и 2 в 207.70s, расстояние: 0.406, требуется: 0.500
2025-09-24 15:25:01 - ROBOTY.collision - WARNING - Коллизия: роботы 1 и 2 в 207.80s, расстояние: 0.401, требуется: 0.500
2025-09-24 15:25:01 - ROBOTY.collision - WARNING - Коллизия: роботы 1 и 2 в 207.90s, расстояние: 0.401, требуется: 0.500
2025-09-24 15:25:01 - ROBOTY.collision - WARNING - Коллизия: роботы 1 и 2 в 208.00s, расстояние: 0.401, требуется: 0.500
2025-09-24 15:25:01 - ROBOTY.collision - WARNING - Коллизия: роботы 1 и 2 в 208.10s, расстояние: 0.401, требуется: 0.500
2025-09-24 15:25:01 - ROBOTY.collision - WARNING - Коллизия: роботы 1 и 2 в 208.20s, расстояние: 0.401, требуется: 0.500
2025-09-24 15:25:01 - ROBOTY.collision - WARNING - Коллизия: роботы 1 и 2 в 208.30s, расстояние: 0.401, требуется: 0.500
2025-09-24 15:25:01 - ROBOTY.collision - WARNING - Коллизия: роботы 1 и 2 в 208.40s, расстояние: 0.401, требуется: 0.500
2025-09-24 15:25:01 - ROBOTY.collision - WARNING - Коллизия: роботы 1 и 2 в 208.50s, расстояние: 0.401, требуется: 0.500
2025-09-24 15:25:01 - ROBOTY.collision - WARNING - Коллизия: роботы 1 и 2 в 208.60s, расстояние: 0.401, требуется: 0.500
2025-09-24 15:25:01 - ROBOTY.collision - WARNING - Коллизия: роботы 1 и 2 в 208.70s, расстояние: 0.401, требуется: 0.500
2025-09-24 15:25:01 - ROBOTY.collision - WARNING - Коллизия: роботы 1 и 2 в 208.80s, расстояние: 0.391, требуется: 0.500
2025-09-24 15:25:01 - ROBOTY.collision - WARNING - Коллизия: роботы 1 и 2 в 208.90s, расстояние: 0.379, требуется: 0.500
2025-09-24 15:25:01 - ROBOTY.collision - WARNING - Коллизия: роботы 1 и 2 в 209.00s, расстояние: 0.377, требуется: 0.500
2025-09-24 15:25:01 - ROBOTY.collision - WARNING - Коллизия: роботы 1 и 2 в 209.10s, расстояние: 0.384, требуется: 0.500
2025-09-24 15:25:01 - ROBOTY.collision - WARNING - Коллизия: роботы 1 и 2 в 209.20s, расстояние: 0.399, требуется: 0.500
2025-09-24 15:25:01 - ROBOTY.collision - WARNING - Коллизия: роботы 1 и 2 в 209.30s, расстояние: 0.422, требуется: 0.500
2025-09-24 15:25:01 - ROBOTY.collision - WARNING - Коллизия: роботы 1 и 2 в 209.40s, расстояние: 0.465, требуется: 0.500
2025-09-24 15:25:01 - ROBOTY.collision - ERROR - Обнаружено 119 коллизий
2025-09-24 15:25:01 - ROBOTY.main - WARNING - Коллизии сохраняются после вставки пауз
2025-09-24 15:25:02 - ROBOTY.main - INFO - Открытие визуализатора
2025-09-24 15:25:02 - ROBOTY.main - INFO - Визуализация успешно завершена
2025-09-24 15:25:02 - ROBOTY.visualizer - INFO - Запуск визуализации типа: 3d_anim
2025-09-24 15:25:02 - ROBOTY.visualizer - INFO - Создание 3D анимации траекторий
2025-09-24 15:25:02 - ROBOTY.visualizer - INFO - Создание 3D визуализации траекторий
2025-09-24 15:25:02 - ROBOTY.visualizer - INFO - 3D визуализация создана
2025-09-24 15:25:02 - ROBOTY.mesh_loader - INFO - OBJ загружен: assets/robots/kuka/kr_quantec.obj, вершин=16, треугольников=24
2025-09-24 15:25:02 - ROBOTY.mesh_loader - INFO - Hand definition загружен: C:\Users\79518\OneDrive\Рабочий стол\Конкурс\Улучшения.txt, вершин=0, сегментов=0, точек=0
2025-09-24 15:26:19 - ROBOTY.visualizer - INFO - Визуализация сохранена в файл: C:\Users\79518\.cursor\ROBOTY\viz\..\outputs\visualizations\visualization_3d_anim_20250924_152607.html
2025-09-24 15:26:22 - ROBOTY.visualizer - INFO - Визуализация открыта в браузере
2025-09-24 15:26:22 - ROBOTY.main - INFO - Визуализация успешно завершена (в фоне)
