2025-09-25 15:33:24 - ROBOTY.main - INFO - Запуск приложения ROBOTY
2025-09-25 15:33:24 - ROBOTY.main - INFO - Применена тема: light
2025-09-25 15:33:24 - ROBOTY.main - INFO - Интерфейс инициализирован
2025-09-25 15:33:24 - ROBOTY.main - INFO - Приложение успешно запущено
2025-09-25 15:33:35 - ROBOTY.main - INFO - Применена тема: dark
2025-09-25 15:33:35 - ROBOTY.main - INFO - Переключение темы: dark -> dark
2025-09-25 15:33:41 - ROBOTY.main - INFO - Создан входной файл: /Users/maksimchernukha/Documents/ROBOTY/data/input_20250925_153338.json
2025-09-25 15:33:41 - ROBOTY.parser - INFO - Начинаем загрузку файла: /Users/maksimchernukha/Documents/ROBOTY/data/input_20250925_153338.json
2025-09-25 15:33:41 - ROBOTY.parser - INFO - Файл /Users/maksimchernukha/Documents/ROBOTY/data/input_20250925_153338.json успешно загружен
2025-09-25 15:33:41 - ROBOTY.parser - DEBUG - Робот 1 успешно загружен
2025-09-25 15:33:41 - ROBOTY.parser - DEBUG - Робот 2 успешно загружен
2025-09-25 15:33:41 - ROBOTY.parser - DEBUG - Робот 3 успешно загружен
2025-09-25 15:33:41 - ROBOTY.parser - DEBUG - Робот 4 успешно загружен
2025-09-25 15:33:41 - ROBOTY.parser - DEBUG - Робот 5 успешно загружен
2025-09-25 15:33:41 - ROBOTY.parser - DEBUG - Робот 6 успешно загружен
2025-09-25 15:33:41 - ROBOTY.parser - DEBUG - Робот 7 успешно загружен
2025-09-25 15:33:41 - ROBOTY.parser - DEBUG - Робот 8 успешно загружен
2025-09-25 15:33:41 - ROBOTY.parser - DEBUG - Робот 9 успешно загружен
2025-09-25 15:33:41 - ROBOTY.parser - DEBUG - Робот 10 успешно загружен
2025-09-25 15:33:41 - ROBOTY.parser - DEBUG - Операция 1 успешно загружена
2025-09-25 15:33:41 - ROBOTY.parser - DEBUG - Операция 2 успешно загружена
2025-09-25 15:33:41 - ROBOTY.parser - DEBUG - Операция 3 успешно загружена
2025-09-25 15:33:41 - ROBOTY.parser - DEBUG - Операция 4 успешно загружена
2025-09-25 15:33:41 - ROBOTY.parser - DEBUG - Операция 5 успешно загружена
2025-09-25 15:33:41 - ROBOTY.parser - DEBUG - Операция 6 успешно загружена
2025-09-25 15:33:41 - ROBOTY.parser - DEBUG - Операция 7 успешно загружена
2025-09-25 15:33:41 - ROBOTY.parser - DEBUG - Операция 8 успешно загружена
2025-09-25 15:33:41 - ROBOTY.parser - DEBUG - Операция 9 успешно загружена
2025-09-25 15:33:41 - ROBOTY.parser - DEBUG - Операция 10 успешно загружена
2025-09-25 15:33:41 - ROBOTY.parser - DEBUG - Операция 11 успешно загружена
2025-09-25 15:33:41 - ROBOTY.parser - DEBUG - Операция 12 успешно загружена
2025-09-25 15:33:41 - ROBOTY.parser - DEBUG - Операция 13 успешно загружена
2025-09-25 15:33:41 - ROBOTY.parser - DEBUG - Операция 14 успешно загружена
2025-09-25 15:33:41 - ROBOTY.parser - DEBUG - Операция 15 успешно загружена
2025-09-25 15:33:41 - ROBOTY.parser - DEBUG - Операция 16 успешно загружена
2025-09-25 15:33:41 - ROBOTY.parser - DEBUG - Операция 17 успешно загружена
2025-09-25 15:33:41 - ROBOTY.parser - DEBUG - Операция 18 успешно загружена
2025-09-25 15:33:41 - ROBOTY.parser - DEBUG - Операция 19 успешно загружена
2025-09-25 15:33:41 - ROBOTY.parser - DEBUG - Операция 20 успешно загружена
2025-09-25 15:33:41 - ROBOTY.parser - DEBUG - Операция 21 успешно загружена
2025-09-25 15:33:41 - ROBOTY.parser - DEBUG - Операция 22 успешно загружена
2025-09-25 15:33:41 - ROBOTY.parser - DEBUG - Операция 23 успешно загружена
2025-09-25 15:33:41 - ROBOTY.parser - DEBUG - Операция 24 успешно загружена
2025-09-25 15:33:41 - ROBOTY.parser - DEBUG - Операция 25 успешно загружена
2025-09-25 15:33:41 - ROBOTY.parser - DEBUG - Операция 26 успешно загружена
2025-09-25 15:33:41 - ROBOTY.parser - DEBUG - Операция 27 успешно загружена
2025-09-25 15:33:41 - ROBOTY.parser - DEBUG - Операция 28 успешно загружена
2025-09-25 15:33:41 - ROBOTY.parser - DEBUG - Операция 29 успешно загружена
2025-09-25 15:33:41 - ROBOTY.parser - DEBUG - Операция 30 успешно загружена
2025-09-25 15:33:41 - ROBOTY.parser - INFO - Загружено 10 роботов и 30 операций
2025-09-25 15:33:42 - ROBOTY.main - INFO - Запуск планировщика
2025-09-25 15:33:43 - ROBOTY.planner - INFO - Запуск планировщика траекторий
2025-09-25 15:33:43 - ROBOTY.assigner - INFO - Начинаем назначение операций методом: balanced
2025-09-25 15:33:43 - ROBOTY.assigner - DEBUG - Операция 0 назначена роботу 7 (нагрузка: 8.91)
2025-09-25 15:33:43 - ROBOTY.assigner - DEBUG - Операция 1 назначена роботу 4 (нагрузка: 7.10)
2025-09-25 15:33:43 - ROBOTY.assigner - DEBUG - Операция 2 назначена роботу 0 (нагрузка: 9.12)
2025-09-25 15:33:43 - ROBOTY.assigner - DEBUG - Операция 3 назначена роботу 6 (нагрузка: 4.90)
2025-09-25 15:33:43 - ROBOTY.assigner - DEBUG - Операция 4 назначена роботу 3 (нагрузка: 10.66)
2025-09-25 15:33:43 - ROBOTY.assigner - DEBUG - Операция 5 назначена роботу 1 (нагрузка: 15.70)
2025-09-25 15:33:43 - ROBOTY.assigner - DEBUG - Операция 6 назначена роботу 5 (нагрузка: 7.46)
2025-09-25 15:33:43 - ROBOTY.assigner - DEBUG - Операция 7 назначена роботу 9 (нагрузка: 13.91)
2025-09-25 15:33:43 - ROBOTY.assigner - DEBUG - Операция 8 назначена роботу 8 (нагрузка: 8.64)
2025-09-25 15:33:43 - ROBOTY.assigner - DEBUG - Операция 9 назначена роботу 7 (нагрузка: 17.72)
2025-09-25 15:33:43 - ROBOTY.assigner - DEBUG - Операция 10 назначена роботу 2 (нагрузка: 14.43)
2025-09-25 15:33:43 - ROBOTY.assigner - DEBUG - Операция 11 назначена роботу 6 (нагрузка: 13.35)
2025-09-25 15:33:43 - ROBOTY.assigner - DEBUG - Операция 12 назначена роботу 4 (нагрузка: 17.57)
2025-09-25 15:33:43 - ROBOTY.assigner - DEBUG - Операция 13 назначена роботу 5 (нагрузка: 18.55)
2025-09-25 15:33:43 - ROBOTY.assigner - DEBUG - Операция 14 назначена роботу 0 (нагрузка: 13.96)
2025-09-25 15:33:43 - ROBOTY.assigner - DEBUG - Операция 15 назначена роботу 8 (нагрузка: 19.61)
2025-09-25 15:33:43 - ROBOTY.assigner - DEBUG - Операция 16 назначена роботу 0 (нагрузка: 19.10)
2025-09-25 15:33:43 - ROBOTY.assigner - DEBUG - Операция 17 назначена роботу 3 (нагрузка: 19.66)
2025-09-25 15:33:43 - ROBOTY.assigner - DEBUG - Операция 18 назначена роботу 9 (нагрузка: 23.14)
2025-09-25 15:33:43 - ROBOTY.assigner - DEBUG - Операция 19 назначена роботу 6 (нагрузка: 23.46)
2025-09-25 15:33:43 - ROBOTY.assigner - DEBUG - Операция 20 назначена роботу 7 (нагрузка: 25.35)
2025-09-25 15:33:43 - ROBOTY.assigner - DEBUG - Операция 21 назначена роботу 1 (нагрузка: 26.36)
2025-09-25 15:33:43 - ROBOTY.assigner - DEBUG - Операция 22 назначена роботу 5 (нагрузка: 25.03)
2025-09-25 15:33:43 - ROBOTY.assigner - DEBUG - Операция 23 назначена роботу 4 (нагрузка: 21.71)
2025-09-25 15:33:43 - ROBOTY.assigner - DEBUG - Операция 24 назначена роботу 3 (нагрузка: 29.04)
2025-09-25 15:33:43 - ROBOTY.assigner - DEBUG - Операция 25 назначена роботу 0 (нагрузка: 30.33)
2025-09-25 15:33:43 - ROBOTY.assigner - DEBUG - Операция 26 назначена роботу 2 (нагрузка: 29.58)
2025-09-25 15:33:43 - ROBOTY.assigner - DEBUG - Операция 27 назначена роботу 4 (нагрузка: 33.29)
2025-09-25 15:33:43 - ROBOTY.assigner - DEBUG - Операция 28 назначена роботу 9 (нагрузка: 29.45)
2025-09-25 15:33:43 - ROBOTY.assigner - DEBUG - Операция 29 назначена роботу 5 (нагрузка: 32.44)
2025-09-25 15:33:43 - ROBOTY.assigner - INFO - Распределено 30 операций с балансировкой нагрузки
2025-09-25 15:33:43 - ROBOTY.assigner - INFO - Итоговые нагрузки роботов: ['30.33', '26.36', '29.58', '29.04', '33.29', '32.44', '23.46', '25.35', '19.61', '29.45']
2025-09-25 15:33:43 - ROBOTY.assigner - INFO - Робот 0: 4 операций, нагрузка 30.33
2025-09-25 15:33:43 - ROBOTY.assigner - INFO - Робот 1: 2 операций, нагрузка 26.36
2025-09-25 15:33:43 - ROBOTY.assigner - INFO - Робот 2: 2 операций, нагрузка 29.58
2025-09-25 15:33:43 - ROBOTY.assigner - INFO - Робот 3: 3 операций, нагрузка 29.04
2025-09-25 15:33:43 - ROBOTY.assigner - INFO - Робот 4: 4 операций, нагрузка 33.29
2025-09-25 15:33:43 - ROBOTY.assigner - INFO - Робот 5: 4 операций, нагрузка 32.44
2025-09-25 15:33:43 - ROBOTY.assigner - INFO - Робот 6: 3 операций, нагрузка 23.46
2025-09-25 15:33:43 - ROBOTY.assigner - INFO - Робот 7: 3 операций, нагрузка 25.35
2025-09-25 15:33:43 - ROBOTY.assigner - INFO - Робот 8: 2 операций, нагрузка 19.61
2025-09-25 15:33:43 - ROBOTY.assigner - INFO - Робот 9: 3 операций, нагрузка 29.45
2025-09-25 15:33:43 - ROBOTY.planner - INFO - Операции назначены методом: balanced
2025-09-25 15:33:43 - ROBOTY.planner - INFO - Планирование траектории для робота 1 (ID: 1) с 4 операциями
2025-09-25 15:33:43 - ROBOTY.planner - DEBUG - Планирование траектории для робота с 4 операциями
2025-09-25 15:33:43 - ROBOTY.planner - DEBUG - Операция 1 запланирована, время завершения: 12.06
2025-09-25 15:33:43 - ROBOTY.planner - DEBUG - Операция 2 запланирована, время завершения: 20.52
2025-09-25 15:33:43 - ROBOTY.planner - DEBUG - Операция 3 запланирована, время завершения: 28.21
2025-09-25 15:33:43 - ROBOTY.planner - DEBUG - Операция 4 запланирована, время завершения: 38.14
2025-09-25 15:33:43 - ROBOTY.planner - INFO - Траектория робота запланирована, общее время: 38.14
2025-09-25 15:33:43 - ROBOTY.planner - INFO - Робот 1: траектория содержит 96 точек
2025-09-25 15:33:43 - ROBOTY.planner - INFO - Планирование траектории для робота 2 (ID: 2) с 2 операциями
2025-09-25 15:33:43 - ROBOTY.planner - DEBUG - Планирование траектории для робота с 2 операциями
2025-09-25 15:33:43 - ROBOTY.planner - DEBUG - Операция 1 запланирована, время завершения: 17.57
2025-09-25 15:33:43 - ROBOTY.planner - DEBUG - Операция 2 запланирована, время завершения: 32.04
2025-09-25 15:33:43 - ROBOTY.planner - INFO - Траектория робота запланирована, общее время: 32.04
2025-09-25 15:33:43 - ROBOTY.planner - INFO - Робот 2: траектория содержит 48 точек
2025-09-25 15:33:43 - ROBOTY.planner - INFO - Планирование траектории для робота 3 (ID: 3) с 2 операциями
2025-09-25 15:33:43 - ROBOTY.planner - DEBUG - Планирование траектории для робота с 2 операциями
2025-09-25 15:33:43 - ROBOTY.planner - DEBUG - Операция 1 запланирована, время завершения: 15.54
2025-09-25 15:33:43 - ROBOTY.planner - DEBUG - Операция 2 запланирована, время завершения: 25.41
2025-09-25 15:33:43 - ROBOTY.planner - INFO - Траектория робота запланирована, общее время: 25.41
2025-09-25 15:33:43 - ROBOTY.planner - INFO - Робот 3: траектория содержит 48 точек
2025-09-25 15:33:43 - ROBOTY.planner - INFO - Планирование траектории для робота 4 (ID: 4) с 3 операциями
2025-09-25 15:33:43 - ROBOTY.planner - DEBUG - Планирование траектории для робота с 3 операциями
2025-09-25 15:33:43 - ROBOTY.planner - DEBUG - Операция 1 запланирована, время завершения: 13.36
2025-09-25 15:33:43 - ROBOTY.planner - DEBUG - Операция 2 запланирована, время завершения: 23.52
2025-09-25 15:33:43 - ROBOTY.planner - DEBUG - Операция 3 запланирована, время завершения: 32.99
2025-09-25 15:33:43 - ROBOTY.planner - INFO - Траектория робота запланирована, общее время: 32.99
2025-09-25 15:33:43 - ROBOTY.planner - INFO - Робот 4: траектория содержит 72 точек
2025-09-25 15:33:43 - ROBOTY.planner - INFO - Планирование траектории для робота 5 (ID: 5) с 4 операциями
2025-09-25 15:33:43 - ROBOTY.planner - DEBUG - Планирование траектории для робота с 4 операциями
2025-09-25 15:33:43 - ROBOTY.planner - DEBUG - Операция 1 запланирована, время завершения: 9.66
2025-09-25 15:33:43 - ROBOTY.planner - DEBUG - Операция 2 запланирована, время завершения: 22.87
2025-09-25 15:33:43 - ROBOTY.planner - DEBUG - Операция 3 запланирована, время завершения: 33.86
2025-09-25 15:33:43 - ROBOTY.planner - DEBUG - Операция 4 запланирована, время завершения: 47.28
2025-09-25 15:33:43 - ROBOTY.planner - INFO - Траектория робота запланирована, общее время: 47.28
2025-09-25 15:33:43 - ROBOTY.planner - INFO - Робот 5: траектория содержит 96 точек
2025-09-25 15:33:43 - ROBOTY.planner - INFO - Планирование траектории для робота 6 (ID: 6) с 4 операциями
2025-09-25 15:33:43 - ROBOTY.planner - DEBUG - Планирование траектории для робота с 4 операциями
2025-09-25 15:33:43 - ROBOTY.planner - DEBUG - Операция 1 запланирована, время завершения: 9.34
2025-09-25 15:33:43 - ROBOTY.planner - DEBUG - Операция 2 запланирована, время завершения: 21.64
2025-09-25 15:33:43 - ROBOTY.planner - DEBUG - Операция 3 запланирована, время завершения: 32.03
2025-09-25 15:33:43 - ROBOTY.planner - DEBUG - Операция 4 запланирована, время завершения: 39.39
2025-09-25 15:33:43 - ROBOTY.planner - INFO - Траектория робота запланирована, общее время: 39.39
2025-09-25 15:33:43 - ROBOTY.planner - INFO - Робот 6: траектория содержит 96 точек
2025-09-25 15:33:43 - ROBOTY.planner - INFO - Планирование траектории для робота 7 (ID: 7) с 3 операциями
2025-09-25 15:33:43 - ROBOTY.planner - DEBUG - Планирование траектории для робота с 3 операциями
2025-09-25 15:33:43 - ROBOTY.planner - DEBUG - Операция 1 запланирована, время завершения: 6.40
2025-09-25 15:33:43 - ROBOTY.planner - DEBUG - Операция 2 запланирована, время завершения: 17.84
2025-09-25 15:33:43 - ROBOTY.planner - DEBUG - Операция 3 запланирована, время завершения: 31.40
2025-09-25 15:33:43 - ROBOTY.planner - INFO - Траектория робота запланирована, общее время: 31.40
2025-09-25 15:33:43 - ROBOTY.planner - INFO - Робот 7: траектория содержит 72 точек
2025-09-25 15:33:43 - ROBOTY.planner - INFO - Планирование траектории для робота 8 (ID: 8) с 3 операциями
2025-09-25 15:33:43 - ROBOTY.planner - DEBUG - Планирование траектории для робота с 3 операциями
2025-09-25 15:33:43 - ROBOTY.planner - DEBUG - Операция 1 запланирована, время завершения: 10.43
2025-09-25 15:33:43 - ROBOTY.planner - DEBUG - Операция 2 запланирована, время завершения: 22.76
2025-09-25 15:33:43 - ROBOTY.planner - DEBUG - Операция 3 запланирована, время завершения: 36.99
2025-09-25 15:33:43 - ROBOTY.planner - INFO - Траектория робота запланирована, общее время: 36.99
2025-09-25 15:33:43 - ROBOTY.planner - INFO - Робот 8: траектория содержит 72 точек
2025-09-25 15:33:43 - ROBOTY.planner - INFO - Планирование траектории для робота 9 (ID: 9) с 2 операциями
2025-09-25 15:33:43 - ROBOTY.planner - DEBUG - Планирование траектории для робота с 2 операциями
2025-09-25 15:33:43 - ROBOTY.planner - DEBUG - Операция 1 запланирована, время завершения: 9.87
2025-09-25 15:33:43 - ROBOTY.planner - DEBUG - Операция 2 запланирована, время завершения: 19.50
2025-09-25 15:33:43 - ROBOTY.planner - INFO - Траектория робота запланирована, общее время: 19.50
2025-09-25 15:33:43 - ROBOTY.planner - INFO - Робот 9: траектория содержит 48 точек
2025-09-25 15:33:43 - ROBOTY.planner - INFO - Планирование траектории для робота 10 (ID: 10) с 3 операциями
2025-09-25 15:33:43 - ROBOTY.planner - DEBUG - Планирование траектории для робота с 3 операциями
2025-09-25 15:33:43 - ROBOTY.planner - DEBUG - Операция 1 запланирована, время завершения: 16.41
2025-09-25 15:33:43 - ROBOTY.planner - DEBUG - Операция 2 запланирована, время завершения: 29.68
2025-09-25 15:33:43 - ROBOTY.planner - DEBUG - Операция 3 запланирована, время завершения: 43.40
2025-09-25 15:33:43 - ROBOTY.planner - INFO - Траектория робота запланирована, общее время: 43.40
2025-09-25 15:33:43 - ROBOTY.planner - INFO - Робот 10: траектория содержит 72 точек
2025-09-25 15:33:43 - ROBOTY.planner - INFO - Планирование завершено. Makespan: 47.28
2025-09-25 15:33:43 - ROBOTY.main - INFO - Планировщик успешно завершил работу
2025-09-25 15:33:43 - ROBOTY.collision - INFO - Начинаем детальную проверку коллизий
2025-09-25 15:33:43 - ROBOTY.collision - DEBUG - Проверяем коллизии в диапазоне времени: 0.00 - 47.28
2025-09-25 15:33:43 - ROBOTY.collision - WARNING - Коллизия: роботы 2 и 3 в 1.60s, расстояние: 0.464, требуется: 0.500
2025-09-25 15:33:43 - ROBOTY.collision - WARNING - Коллизия: роботы 2 и 3 в 1.70s, расстояние: 0.493, требуется: 0.500
2025-09-25 15:33:43 - ROBOTY.collision - WARNING - Коллизия: роботы 1 и 9 в 5.60s, расстояние: 0.455, требуется: 0.500
2025-09-25 15:33:43 - ROBOTY.collision - WARNING - Коллизия: роботы 1 и 9 в 5.70s, расстояние: 0.403, требуется: 0.500
2025-09-25 15:33:43 - ROBOTY.collision - WARNING - Коллизия: роботы 1 и 9 в 5.80s, расстояние: 0.354, требуется: 0.500
2025-09-25 15:33:43 - ROBOTY.collision - WARNING - Коллизия: роботы 1 и 9 в 5.90s, расстояние: 0.337, требуется: 0.500
2025-09-25 15:33:43 - ROBOTY.collision - WARNING - Коллизия: роботы 1 и 9 в 6.00s, расстояние: 0.353, требуется: 0.500
2025-09-25 15:33:43 - ROBOTY.collision - WARNING - Коллизия: роботы 1 и 9 в 6.10s, расстояние: 0.399, требуется: 0.500
2025-09-25 15:33:43 - ROBOTY.collision - WARNING - Коллизия: роботы 4 и 8 в 6.10s, расстояние: 0.494, требуется: 0.500
2025-09-25 15:33:43 - ROBOTY.collision - WARNING - Коллизия: роботы 1 и 9 в 6.20s, расстояние: 0.465, требуется: 0.500
2025-09-25 15:33:43 - ROBOTY.collision - WARNING - Коллизия: роботы 4 и 8 в 6.20s, расстояние: 0.382, требуется: 0.500
2025-09-25 15:33:43 - ROBOTY.collision - WARNING - Коллизия: роботы 4 и 8 в 6.30s, расстояние: 0.292, требуется: 0.500
2025-09-25 15:33:43 - ROBOTY.collision - WARNING - Коллизия: роботы 4 и 8 в 6.40s, расстояние: 0.251, требуется: 0.500
2025-09-25 15:33:43 - ROBOTY.collision - WARNING - Коллизия: роботы 4 и 8 в 6.50s, расстояние: 0.274, требуется: 0.500
2025-09-25 15:33:43 - ROBOTY.collision - WARNING - Коллизия: роботы 4 и 8 в 6.60s, расстояние: 0.342, требуется: 0.500
2025-09-25 15:33:43 - ROBOTY.collision - WARNING - Коллизия: роботы 4 и 8 в 6.70s, расстояние: 0.434, требуется: 0.500
2025-09-25 15:33:43 - ROBOTY.collision - WARNING - Коллизия: роботы 5 и 8 в 25.80s, расстояние: 0.470, требуется: 0.500
2025-09-25 15:33:43 - ROBOTY.collision - WARNING - Коллизия: роботы 5 и 8 в 25.90s, расстояние: 0.267, требуется: 0.500
2025-09-25 15:33:43 - ROBOTY.collision - WARNING - Коллизия: роботы 5 и 8 в 26.00s, расстояние: 0.165, требуется: 0.500
2025-09-25 15:33:43 - ROBOTY.collision - WARNING - Коллизия: роботы 5 и 8 в 26.10s, расстояние: 0.298, требуется: 0.500
2025-09-25 15:33:43 - ROBOTY.collision - WARNING - Коллизия: роботы 6 и 8 в 37.60s, расстояние: 0.488, требуется: 0.500
2025-09-25 15:33:43 - ROBOTY.collision - WARNING - Коллизия: роботы 6 и 8 в 37.70s, расстояние: 0.402, требуется: 0.500
2025-09-25 15:33:43 - ROBOTY.collision - WARNING - Коллизия: роботы 6 и 8 в 37.80s, расстояние: 0.325, требуется: 0.500
2025-09-25 15:33:43 - ROBOTY.collision - WARNING - Коллизия: роботы 6 и 8 в 37.90s, расстояние: 0.266, требуется: 0.500
2025-09-25 15:33:43 - ROBOTY.collision - WARNING - Коллизия: роботы 6 и 8 в 38.00s, расстояние: 0.238, требуется: 0.500
2025-09-25 15:33:43 - ROBOTY.collision - WARNING - Коллизия: роботы 6 и 8 в 38.10s, расстояние: 0.252, требуется: 0.500
2025-09-25 15:33:43 - ROBOTY.collision - WARNING - Коллизия: роботы 6 и 8 в 38.20s, расстояние: 0.302, требуется: 0.500
2025-09-25 15:33:43 - ROBOTY.collision - WARNING - Коллизия: роботы 6 и 8 в 38.30s, расстояние: 0.353, требуется: 0.500
2025-09-25 15:33:43 - ROBOTY.collision - WARNING - Коллизия: роботы 6 и 8 в 38.40s, расстояние: 0.398, требуется: 0.500
2025-09-25 15:33:43 - ROBOTY.collision - WARNING - Коллизия: роботы 6 и 8 в 38.50s, расстояние: 0.446, требуется: 0.500
2025-09-25 15:33:43 - ROBOTY.collision - WARNING - Коллизия: роботы 6 и 8 в 38.60s, расстояние: 0.496, требуется: 0.500
2025-09-25 15:33:43 - ROBOTY.collision - ERROR - Обнаружено 31 коллизий
2025-09-25 15:33:43 - ROBOTY.main - WARNING - Обнаружено 31 коллизий, применяем онлайн-безопасность
2025-09-25 15:33:43 - ROBOTY.safety - INFO - Применяем онлайн-безопасность: вставка пауз при коллизиях
2025-09-25 15:33:43 - ROBOTY.collision - INFO - Начинаем детальную проверку коллизий
2025-09-25 15:33:43 - ROBOTY.collision - DEBUG - Проверяем коллизии в диапазоне времени: 0.00 - 47.28
2025-09-25 15:33:43 - ROBOTY.collision - WARNING - Коллизия: роботы 2 и 3 в 1.55s, расстояние: 0.477, требуется: 0.500
2025-09-25 15:33:43 - ROBOTY.collision - WARNING - Коллизия: роботы 2 и 3 в 1.60s, расстояние: 0.464, требуется: 0.500
2025-09-25 15:33:43 - ROBOTY.collision - WARNING - Коллизия: роботы 2 и 3 в 1.65s, расстояние: 0.469, требуется: 0.500
2025-09-25 15:33:43 - ROBOTY.collision - WARNING - Коллизия: роботы 2 и 3 в 1.70s, расстояние: 0.493, требуется: 0.500
2025-09-25 15:33:43 - ROBOTY.collision - WARNING - Коллизия: роботы 1 и 9 в 5.55s, расстояние: 0.482, требуется: 0.500
2025-09-25 15:33:43 - ROBOTY.collision - WARNING - Коллизия: роботы 1 и 9 в 5.60s, расстояние: 0.455, требуется: 0.500
2025-09-25 15:33:43 - ROBOTY.collision - WARNING - Коллизия: роботы 1 и 9 в 5.65s, расстояние: 0.429, требуется: 0.500
2025-09-25 15:33:43 - ROBOTY.collision - WARNING - Коллизия: роботы 1 и 9 в 5.70s, расстояние: 0.403, требуется: 0.500
2025-09-25 15:33:43 - ROBOTY.collision - WARNING - Коллизия: роботы 1 и 9 в 5.75s, расстояние: 0.378, требуется: 0.500
2025-09-25 15:33:43 - ROBOTY.collision - WARNING - Коллизия: роботы 1 и 9 в 5.80s, расстояние: 0.354, требуется: 0.500
2025-09-25 15:33:43 - ROBOTY.collision - WARNING - Коллизия: роботы 1 и 9 в 5.85s, расстояние: 0.341, требуется: 0.500
2025-09-25 15:33:43 - ROBOTY.collision - WARNING - Коллизия: роботы 1 и 9 в 5.90s, расстояние: 0.337, требуется: 0.500
2025-09-25 15:33:43 - ROBOTY.collision - WARNING - Коллизия: роботы 1 и 9 в 5.95s, расстояние: 0.341, требуется: 0.500
2025-09-25 15:33:43 - ROBOTY.collision - WARNING - Коллизия: роботы 1 и 9 в 6.00s, расстояние: 0.353, требуется: 0.500
2025-09-25 15:33:43 - ROBOTY.collision - WARNING - Коллизия: роботы 1 и 9 в 6.05s, расстояние: 0.373, требуется: 0.500
2025-09-25 15:33:43 - ROBOTY.collision - WARNING - Коллизия: роботы 1 и 9 в 6.10s, расстояние: 0.399, требуется: 0.500
2025-09-25 15:33:43 - ROBOTY.collision - WARNING - Коллизия: роботы 4 и 8 в 6.10s, расстояние: 0.494, требуется: 0.500
2025-09-25 15:33:43 - ROBOTY.collision - WARNING - Коллизия: роботы 1 и 9 в 6.15s, расстояние: 0.430, требуется: 0.500
2025-09-25 15:33:43 - ROBOTY.collision - WARNING - Коллизия: роботы 4 и 8 в 6.15s, расстояние: 0.436, требуется: 0.500
2025-09-25 15:33:43 - ROBOTY.collision - WARNING - Коллизия: роботы 1 и 9 в 6.20s, расстояние: 0.465, требуется: 0.500
2025-09-25 15:33:43 - ROBOTY.collision - WARNING - Коллизия: роботы 4 и 8 в 6.20s, расстояние: 0.382, требуется: 0.500
2025-09-25 15:33:43 - ROBOTY.collision - WARNING - Коллизия: роботы 4 и 8 в 6.25s, расстояние: 0.333, требуется: 0.500
2025-09-25 15:33:43 - ROBOTY.collision - WARNING - Коллизия: роботы 4 и 8 в 6.30s, расстояние: 0.292, требуется: 0.500
2025-09-25 15:33:43 - ROBOTY.collision - WARNING - Коллизия: роботы 4 и 8 в 6.35s, расстояние: 0.263, требуется: 0.500
2025-09-25 15:33:43 - ROBOTY.collision - WARNING - Коллизия: роботы 4 и 8 в 6.40s, расстояние: 0.251, требуется: 0.500
2025-09-25 15:33:43 - ROBOTY.collision - WARNING - Коллизия: роботы 4 и 8 в 6.45s, расстояние: 0.255, требуется: 0.500
2025-09-25 15:33:43 - ROBOTY.collision - WARNING - Коллизия: роботы 4 и 8 в 6.50s, расстояние: 0.274, требуется: 0.500
2025-09-25 15:33:43 - ROBOTY.collision - WARNING - Коллизия: роботы 4 и 8 в 6.55s, расстояние: 0.304, требуется: 0.500
2025-09-25 15:33:43 - ROBOTY.collision - WARNING - Коллизия: роботы 4 и 8 в 6.60s, расстояние: 0.342, требуется: 0.500
2025-09-25 15:33:43 - ROBOTY.collision - WARNING - Коллизия: роботы 4 и 8 в 6.65s, расстояние: 0.386, требуется: 0.500
2025-09-25 15:33:43 - ROBOTY.collision - WARNING - Коллизия: роботы 4 и 8 в 6.70s, расстояние: 0.434, требуется: 0.500
2025-09-25 15:33:43 - ROBOTY.collision - WARNING - Коллизия: роботы 4 и 8 в 6.75s, расстояние: 0.485, требуется: 0.500
2025-09-25 15:33:43 - ROBOTY.collision - WARNING - Коллизия: роботы 5 и 8 в 25.80s, расстояние: 0.470, требуется: 0.500
2025-09-25 15:33:43 - ROBOTY.collision - WARNING - Коллизия: роботы 5 и 8 в 25.85s, расстояние: 0.365, требуется: 0.500
2025-09-25 15:33:43 - ROBOTY.collision - WARNING - Коллизия: роботы 5 и 8 в 25.90s, расстояние: 0.267, требуется: 0.500
2025-09-25 15:33:43 - ROBOTY.collision - WARNING - Коллизия: роботы 5 и 8 в 25.95s, расстояние: 0.190, требуется: 0.500
2025-09-25 15:33:43 - ROBOTY.collision - WARNING - Коллизия: роботы 5 и 8 в 26.00s, расстояние: 0.165, требуется: 0.500
2025-09-25 15:33:43 - ROBOTY.collision - WARNING - Коллизия: роботы 5 и 8 в 26.05s, расстояние: 0.211, требуется: 0.500
2025-09-25 15:33:43 - ROBOTY.collision - WARNING - Коллизия: роботы 5 и 8 в 26.10s, расстояние: 0.298, требуется: 0.500
2025-09-25 15:33:43 - ROBOTY.collision - WARNING - Коллизия: роботы 5 и 8 в 26.15s, расстояние: 0.398, требуется: 0.500
2025-09-25 15:33:43 - ROBOTY.collision - WARNING - Коллизия: роботы 6 и 8 в 37.60s, расстояние: 0.488, требуется: 0.500
2025-09-25 15:33:43 - ROBOTY.collision - WARNING - Коллизия: роботы 6 и 8 в 37.65s, расстояние: 0.444, требуется: 0.500
2025-09-25 15:33:43 - ROBOTY.collision - WARNING - Коллизия: роботы 6 и 8 в 37.70s, расстояние: 0.402, требуется: 0.500
2025-09-25 15:33:43 - ROBOTY.collision - WARNING - Коллизия: роботы 6 и 8 в 37.75s, расстояние: 0.362, требуется: 0.500
2025-09-25 15:33:43 - ROBOTY.collision - WARNING - Коллизия: роботы 6 и 8 в 37.80s, расстояние: 0.325, требуется: 0.500
2025-09-25 15:33:43 - ROBOTY.collision - WARNING - Коллизия: роботы 6 и 8 в 37.85s, расстояние: 0.293, требуется: 0.500
2025-09-25 15:33:43 - ROBOTY.collision - WARNING - Коллизия: роботы 6 и 8 в 37.90s, расстояние: 0.266, требуется: 0.500
2025-09-25 15:33:43 - ROBOTY.collision - WARNING - Коллизия: роботы 6 и 8 в 37.95s, расстояние: 0.247, требуется: 0.500
2025-09-25 15:33:43 - ROBOTY.collision - WARNING - Коллизия: роботы 6 и 8 в 38.00s, расстояние: 0.238, требуется: 0.500
2025-09-25 15:33:43 - ROBOTY.collision - WARNING - Коллизия: роботы 6 и 8 в 38.05s, расстояние: 0.240, требуется: 0.500
2025-09-25 15:33:43 - ROBOTY.collision - WARNING - Коллизия: роботы 6 и 8 в 38.10s, расстояние: 0.252, требуется: 0.500
2025-09-25 15:33:43 - ROBOTY.collision - WARNING - Коллизия: роботы 6 и 8 в 38.15s, расстояние: 0.273, требуется: 0.500
2025-09-25 15:33:43 - ROBOTY.collision - WARNING - Коллизия: роботы 6 и 8 в 38.20s, расстояние: 0.302, требуется: 0.500
2025-09-25 15:33:43 - ROBOTY.collision - WARNING - Коллизия: роботы 6 и 8 в 38.25s, расстояние: 0.333, требуется: 0.500
2025-09-25 15:33:43 - ROBOTY.collision - WARNING - Коллизия: роботы 6 и 8 в 38.30s, расстояние: 0.353, требуется: 0.500
2025-09-25 15:33:43 - ROBOTY.collision - WARNING - Коллизия: роботы 6 и 8 в 38.35s, расстояние: 0.375, требуется: 0.500
2025-09-25 15:33:43 - ROBOTY.collision - WARNING - Коллизия: роботы 6 и 8 в 38.40s, расстояние: 0.398, требуется: 0.500
2025-09-25 15:33:43 - ROBOTY.collision - WARNING - Коллизия: роботы 6 и 8 в 38.45s, расстояние: 0.422, требуется: 0.500
2025-09-25 15:33:43 - ROBOTY.collision - WARNING - Коллизия: роботы 6 и 8 в 38.50s, расстояние: 0.446, требуется: 0.500
2025-09-25 15:33:43 - ROBOTY.collision - WARNING - Коллизия: роботы 6 и 8 в 38.55s, расстояние: 0.471, требуется: 0.500
2025-09-25 15:33:43 - ROBOTY.collision - WARNING - Коллизия: роботы 6 и 8 в 38.60s, расстояние: 0.496, требуется: 0.500
2025-09-25 15:33:43 - ROBOTY.collision - ERROR - Обнаружено 61 коллизий
2025-09-25 15:33:43 - ROBOTY.safety - DEBUG - Добавлена пауза 0.60s роботу 2 в t=1.55s
2025-09-25 15:33:43 - ROBOTY.safety - DEBUG - Добавлена пауза 0.60s роботу 3 в t=1.55s
2025-09-25 15:33:43 - ROBOTY.safety - DEBUG - Добавлена пауза 0.60s роботу 2 в t=1.60s
2025-09-25 15:33:43 - ROBOTY.safety - DEBUG - Добавлена пауза 0.60s роботу 3 в t=1.60s
2025-09-25 15:33:43 - ROBOTY.safety - DEBUG - Добавлена пауза 0.60s роботу 2 в t=1.65s
2025-09-25 15:33:43 - ROBOTY.safety - DEBUG - Добавлена пауза 0.60s роботу 3 в t=1.65s
2025-09-25 15:33:43 - ROBOTY.safety - DEBUG - Добавлена пауза 0.60s роботу 2 в t=1.70s
2025-09-25 15:33:43 - ROBOTY.safety - DEBUG - Добавлена пауза 0.60s роботу 3 в t=1.70s
2025-09-25 15:33:43 - ROBOTY.safety - DEBUG - Добавлена пауза 0.60s роботу 1 в t=5.55s
2025-09-25 15:33:43 - ROBOTY.safety - DEBUG - Добавлена пауза 0.60s роботу 9 в t=5.55s
2025-09-25 15:33:43 - ROBOTY.safety - DEBUG - Добавлена пауза 0.60s роботу 1 в t=5.60s
2025-09-25 15:33:43 - ROBOTY.safety - DEBUG - Добавлена пауза 0.60s роботу 9 в t=5.60s
2025-09-25 15:33:43 - ROBOTY.safety - DEBUG - Добавлена пауза 0.60s роботу 1 в t=5.65s
2025-09-25 15:33:43 - ROBOTY.safety - DEBUG - Добавлена пауза 0.60s роботу 9 в t=5.65s
2025-09-25 15:33:43 - ROBOTY.safety - DEBUG - Добавлена пауза 0.60s роботу 1 в t=5.70s
2025-09-25 15:33:43 - ROBOTY.safety - DEBUG - Добавлена пауза 0.60s роботу 9 в t=5.70s
2025-09-25 15:33:43 - ROBOTY.safety - DEBUG - Добавлена пауза 0.60s роботу 1 в t=5.75s
2025-09-25 15:33:43 - ROBOTY.safety - DEBUG - Добавлена пауза 0.60s роботу 9 в t=5.75s
2025-09-25 15:33:43 - ROBOTY.safety - DEBUG - Добавлена пауза 0.60s роботу 1 в t=5.80s
2025-09-25 15:33:43 - ROBOTY.safety - DEBUG - Добавлена пауза 0.60s роботу 9 в t=5.80s
2025-09-25 15:33:43 - ROBOTY.safety - DEBUG - Добавлена пауза 0.60s роботу 1 в t=5.85s
2025-09-25 15:33:43 - ROBOTY.safety - DEBUG - Добавлена пауза 0.60s роботу 9 в t=5.85s
2025-09-25 15:33:43 - ROBOTY.safety - DEBUG - Добавлена пауза 0.60s роботу 1 в t=5.90s
2025-09-25 15:33:43 - ROBOTY.safety - DEBUG - Добавлена пауза 0.60s роботу 9 в t=5.90s
2025-09-25 15:33:43 - ROBOTY.safety - DEBUG - Добавлена пауза 0.60s роботу 1 в t=5.95s
2025-09-25 15:33:43 - ROBOTY.safety - DEBUG - Добавлена пауза 0.60s роботу 9 в t=5.95s
2025-09-25 15:33:43 - ROBOTY.safety - DEBUG - Добавлена пауза 0.60s роботу 1 в t=6.00s
2025-09-25 15:33:43 - ROBOTY.safety - DEBUG - Добавлена пауза 0.60s роботу 9 в t=6.00s
2025-09-25 15:33:43 - ROBOTY.safety - DEBUG - Добавлена пауза 0.60s роботу 1 в t=6.05s
2025-09-25 15:33:43 - ROBOTY.safety - DEBUG - Добавлена пауза 0.60s роботу 9 в t=6.05s
2025-09-25 15:33:43 - ROBOTY.safety - DEBUG - Добавлена пауза 0.60s роботу 1 в t=6.10s
2025-09-25 15:33:43 - ROBOTY.safety - DEBUG - Добавлена пауза 0.60s роботу 9 в t=6.10s
2025-09-25 15:33:43 - ROBOTY.safety - DEBUG - Добавлена пауза 0.60s роботу 1 в t=6.15s
2025-09-25 15:33:43 - ROBOTY.safety - DEBUG - Добавлена пауза 0.60s роботу 9 в t=6.15s
2025-09-25 15:33:43 - ROBOTY.safety - DEBUG - Добавлена пауза 0.60s роботу 1 в t=6.20s
2025-09-25 15:33:43 - ROBOTY.safety - DEBUG - Добавлена пауза 0.60s роботу 9 в t=6.20s
2025-09-25 15:33:43 - ROBOTY.safety - DEBUG - Добавлена пауза 0.60s роботу 4 в t=6.25s
2025-09-25 15:33:43 - ROBOTY.safety - DEBUG - Добавлена пауза 0.60s роботу 8 в t=6.25s
2025-09-25 15:33:43 - ROBOTY.safety - DEBUG - Добавлена пауза 0.60s роботу 4 в t=6.30s
2025-09-25 15:33:43 - ROBOTY.safety - DEBUG - Добавлена пауза 0.60s роботу 8 в t=6.30s
2025-09-25 15:33:43 - ROBOTY.safety - DEBUG - Добавлена пауза 0.60s роботу 4 в t=6.35s
2025-09-25 15:33:43 - ROBOTY.safety - DEBUG - Добавлена пауза 0.60s роботу 8 в t=6.35s
2025-09-25 15:33:43 - ROBOTY.safety - DEBUG - Добавлена пауза 0.60s роботу 4 в t=6.40s
2025-09-25 15:33:43 - ROBOTY.safety - DEBUG - Добавлена пауза 0.60s роботу 8 в t=6.40s
2025-09-25 15:33:43 - ROBOTY.safety - DEBUG - Добавлена пауза 0.60s роботу 4 в t=6.45s
2025-09-25 15:33:43 - ROBOTY.safety - DEBUG - Добавлена пауза 0.60s роботу 8 в t=6.45s
2025-09-25 15:33:43 - ROBOTY.safety - DEBUG - Добавлена пауза 0.60s роботу 4 в t=6.50s
2025-09-25 15:33:43 - ROBOTY.safety - DEBUG - Добавлена пауза 0.60s роботу 8 в t=6.50s
2025-09-25 15:33:43 - ROBOTY.safety - DEBUG - Добавлена пауза 0.60s роботу 4 в t=6.55s
2025-09-25 15:33:43 - ROBOTY.safety - DEBUG - Добавлена пауза 0.60s роботу 8 в t=6.55s
2025-09-25 15:33:43 - ROBOTY.safety - DEBUG - Добавлена пауза 0.60s роботу 4 в t=6.60s
2025-09-25 15:33:43 - ROBOTY.safety - DEBUG - Добавлена пауза 0.60s роботу 8 в t=6.60s
2025-09-25 15:33:43 - ROBOTY.safety - DEBUG - Добавлена пауза 0.60s роботу 4 в t=6.65s
2025-09-25 15:33:43 - ROBOTY.safety - DEBUG - Добавлена пауза 0.60s роботу 8 в t=6.65s
2025-09-25 15:33:43 - ROBOTY.safety - DEBUG - Добавлена пауза 0.60s роботу 4 в t=6.70s
2025-09-25 15:33:43 - ROBOTY.safety - DEBUG - Добавлена пауза 0.60s роботу 8 в t=6.70s
2025-09-25 15:33:43 - ROBOTY.safety - DEBUG - Добавлена пауза 0.60s роботу 4 в t=6.75s
2025-09-25 15:33:43 - ROBOTY.safety - DEBUG - Добавлена пауза 0.60s роботу 8 в t=6.75s
2025-09-25 15:33:43 - ROBOTY.safety - DEBUG - Добавлена пауза 0.60s роботу 5 в t=25.80s
2025-09-25 15:33:43 - ROBOTY.safety - DEBUG - Добавлена пауза 0.60s роботу 8 в t=25.80s
2025-09-25 15:33:43 - ROBOTY.safety - DEBUG - Добавлена пауза 0.60s роботу 5 в t=25.85s
2025-09-25 15:33:43 - ROBOTY.safety - DEBUG - Добавлена пауза 0.60s роботу 8 в t=25.85s
2025-09-25 15:33:43 - ROBOTY.safety - DEBUG - Добавлена пауза 0.60s роботу 5 в t=25.90s
2025-09-25 15:33:43 - ROBOTY.safety - DEBUG - Добавлена пауза 0.60s роботу 8 в t=25.90s
2025-09-25 15:33:43 - ROBOTY.safety - DEBUG - Добавлена пауза 0.60s роботу 5 в t=25.95s
2025-09-25 15:33:43 - ROBOTY.safety - DEBUG - Добавлена пауза 0.60s роботу 8 в t=25.95s
2025-09-25 15:33:43 - ROBOTY.safety - DEBUG - Добавлена пауза 0.60s роботу 5 в t=26.00s
2025-09-25 15:33:43 - ROBOTY.safety - DEBUG - Добавлена пауза 0.60s роботу 8 в t=26.00s
2025-09-25 15:33:43 - ROBOTY.safety - DEBUG - Добавлена пауза 0.60s роботу 5 в t=26.05s
2025-09-25 15:33:43 - ROBOTY.safety - DEBUG - Добавлена пауза 0.60s роботу 8 в t=26.05s
2025-09-25 15:33:43 - ROBOTY.safety - DEBUG - Добавлена пауза 0.60s роботу 5 в t=26.10s
2025-09-25 15:33:43 - ROBOTY.safety - DEBUG - Добавлена пауза 0.60s роботу 8 в t=26.10s
2025-09-25 15:33:43 - ROBOTY.safety - DEBUG - Добавлена пауза 0.60s роботу 5 в t=26.15s
2025-09-25 15:33:43 - ROBOTY.safety - DEBUG - Добавлена пауза 0.60s роботу 8 в t=26.15s
2025-09-25 15:33:43 - ROBOTY.safety - DEBUG - Добавлена пауза 0.60s роботу 6 в t=37.60s
2025-09-25 15:33:43 - ROBOTY.safety - DEBUG - Добавлена пауза 0.60s роботу 8 в t=37.60s
2025-09-25 15:33:43 - ROBOTY.safety - DEBUG - Добавлена пауза 0.60s роботу 6 в t=37.65s
2025-09-25 15:33:43 - ROBOTY.safety - DEBUG - Добавлена пауза 0.60s роботу 8 в t=37.65s
2025-09-25 15:33:43 - ROBOTY.safety - DEBUG - Добавлена пауза 0.60s роботу 6 в t=37.70s
2025-09-25 15:33:43 - ROBOTY.safety - DEBUG - Добавлена пауза 0.60s роботу 8 в t=37.70s
2025-09-25 15:33:43 - ROBOTY.safety - DEBUG - Добавлена пауза 0.60s роботу 6 в t=37.75s
2025-09-25 15:33:43 - ROBOTY.safety - DEBUG - Добавлена пауза 0.60s роботу 8 в t=37.75s
2025-09-25 15:33:43 - ROBOTY.safety - DEBUG - Добавлена пауза 0.60s роботу 6 в t=37.80s
2025-09-25 15:33:43 - ROBOTY.safety - DEBUG - Добавлена пауза 0.60s роботу 8 в t=37.80s
2025-09-25 15:33:43 - ROBOTY.safety - DEBUG - Добавлена пауза 0.60s роботу 6 в t=37.85s
2025-09-25 15:33:43 - ROBOTY.safety - DEBUG - Добавлена пауза 0.60s роботу 8 в t=37.85s
2025-09-25 15:33:43 - ROBOTY.safety - DEBUG - Добавлена пауза 0.60s роботу 6 в t=37.90s
2025-09-25 15:33:43 - ROBOTY.safety - DEBUG - Добавлена пауза 0.60s роботу 8 в t=37.90s
2025-09-25 15:33:43 - ROBOTY.safety - DEBUG - Добавлена пауза 0.60s роботу 6 в t=37.95s
2025-09-25 15:33:43 - ROBOTY.safety - DEBUG - Добавлена пауза 0.60s роботу 8 в t=37.95s
2025-09-25 15:33:43 - ROBOTY.safety - DEBUG - Добавлена пауза 0.60s роботу 6 в t=38.00s
2025-09-25 15:33:43 - ROBOTY.safety - DEBUG - Добавлена пауза 0.60s роботу 8 в t=38.00s
2025-09-25 15:33:43 - ROBOTY.safety - DEBUG - Добавлена пауза 0.60s роботу 6 в t=38.05s
2025-09-25 15:33:43 - ROBOTY.safety - DEBUG - Добавлена пауза 0.60s роботу 8 в t=38.05s
2025-09-25 15:33:43 - ROBOTY.safety - DEBUG - Добавлена пауза 0.60s роботу 6 в t=38.10s
2025-09-25 15:33:43 - ROBOTY.safety - DEBUG - Добавлена пауза 0.60s роботу 8 в t=38.10s
2025-09-25 15:33:43 - ROBOTY.safety - DEBUG - Добавлена пауза 0.60s роботу 6 в t=38.15s
2025-09-25 15:33:43 - ROBOTY.safety - DEBUG - Добавлена пауза 0.60s роботу 8 в t=38.15s
2025-09-25 15:33:43 - ROBOTY.safety - DEBUG - Добавлена пауза 0.60s роботу 6 в t=38.20s
2025-09-25 15:33:43 - ROBOTY.safety - DEBUG - Добавлена пауза 0.60s роботу 8 в t=38.20s
2025-09-25 15:33:43 - ROBOTY.safety - DEBUG - Добавлена пауза 0.60s роботу 6 в t=38.25s
2025-09-25 15:33:43 - ROBOTY.safety - DEBUG - Добавлена пауза 0.60s роботу 8 в t=38.25s
2025-09-25 15:33:43 - ROBOTY.safety - DEBUG - Добавлена пауза 0.60s роботу 6 в t=38.30s
2025-09-25 15:33:43 - ROBOTY.safety - DEBUG - Добавлена пауза 0.60s роботу 8 в t=38.30s
2025-09-25 15:33:43 - ROBOTY.safety - DEBUG - Добавлена пауза 0.60s роботу 6 в t=38.35s
2025-09-25 15:33:43 - ROBOTY.safety - DEBUG - Добавлена пауза 0.60s роботу 8 в t=38.35s
2025-09-25 15:33:43 - ROBOTY.safety - DEBUG - Добавлена пауза 0.60s роботу 6 в t=38.40s
2025-09-25 15:33:43 - ROBOTY.safety - DEBUG - Добавлена пауза 0.60s роботу 8 в t=38.40s
2025-09-25 15:33:43 - ROBOTY.safety - DEBUG - Добавлена пауза 0.60s роботу 6 в t=38.45s
2025-09-25 15:33:43 - ROBOTY.safety - DEBUG - Добавлена пауза 0.60s роботу 8 в t=38.45s
2025-09-25 15:33:43 - ROBOTY.safety - DEBUG - Добавлена пауза 0.60s роботу 6 в t=38.50s
2025-09-25 15:33:43 - ROBOTY.safety - DEBUG - Добавлена пауза 0.60s роботу 8 в t=38.50s
2025-09-25 15:33:43 - ROBOTY.safety - DEBUG - Добавлена пауза 0.60s роботу 6 в t=38.55s
2025-09-25 15:33:43 - ROBOTY.safety - DEBUG - Добавлена пауза 0.60s роботу 8 в t=38.55s
2025-09-25 15:33:43 - ROBOTY.safety - DEBUG - Добавлена пауза 0.60s роботу 6 в t=38.60s
2025-09-25 15:33:43 - ROBOTY.safety - DEBUG - Добавлена пауза 0.60s роботу 8 в t=38.60s
2025-09-25 15:33:43 - ROBOTY.safety - INFO - Онлайн-безопасность применена: паузы вставлены
2025-09-25 15:33:43 - ROBOTY.collision - INFO - Начинаем детальную проверку коллизий
2025-09-25 15:33:43 - ROBOTY.collision - DEBUG - Проверяем коллизии в диапазоне времени: 0.00 - 60.99
2025-09-25 15:33:43 - ROBOTY.collision - WARNING - Коллизия: роботы 2 и 3 в 1.60s, расстояние: 0.477, требуется: 0.500
2025-09-25 15:33:43 - ROBOTY.collision - WARNING - Коллизия: роботы 2 и 3 в 1.70s, расстояние: 0.477, требуется: 0.500
2025-09-25 15:33:43 - ROBOTY.collision - WARNING - Коллизия: роботы 2 и 3 в 1.80s, расстояние: 0.477, требуется: 0.500
2025-09-25 15:33:43 - ROBOTY.collision - WARNING - Коллизия: роботы 2 и 3 в 1.90s, расстояние: 0.477, требуется: 0.500
2025-09-25 15:33:43 - ROBOTY.collision - WARNING - Коллизия: роботы 2 и 3 в 2.00s, расстояние: 0.477, требуется: 0.500
2025-09-25 15:33:43 - ROBOTY.collision - WARNING - Коллизия: роботы 2 и 3 в 2.10s, расстояние: 0.477, требуется: 0.500
2025-09-25 15:33:43 - ROBOTY.collision - WARNING - Коллизия: роботы 2 и 3 в 2.20s, расстояние: 0.477, требуется: 0.500
2025-09-25 15:33:43 - ROBOTY.collision - WARNING - Коллизия: роботы 2 и 3 в 2.30s, расстояние: 0.477, требуется: 0.500
2025-09-25 15:33:43 - ROBOTY.collision - WARNING - Коллизия: роботы 2 и 3 в 2.40s, расстояние: 0.477, требуется: 0.500
2025-09-25 15:33:43 - ROBOTY.collision - WARNING - Коллизия: роботы 2 и 3 в 2.50s, расстояние: 0.477, требуется: 0.500
2025-09-25 15:33:43 - ROBOTY.collision - WARNING - Коллизия: роботы 2 и 3 в 2.60s, расстояние: 0.477, требуется: 0.500
2025-09-25 15:33:43 - ROBOTY.collision - WARNING - Коллизия: роботы 2 и 3 в 2.70s, расстояние: 0.477, требуется: 0.500
2025-09-25 15:33:43 - ROBOTY.collision - WARNING - Коллизия: роботы 2 и 3 в 2.80s, расстояние: 0.477, требуется: 0.500
2025-09-25 15:33:43 - ROBOTY.collision - WARNING - Коллизия: роботы 2 и 3 в 2.90s, расстояние: 0.477, требуется: 0.500
2025-09-25 15:33:43 - ROBOTY.collision - WARNING - Коллизия: роботы 2 и 3 в 3.00s, расстояние: 0.477, требуется: 0.500
2025-09-25 15:33:43 - ROBOTY.collision - WARNING - Коллизия: роботы 2 и 3 в 3.10s, расстояние: 0.477, требуется: 0.500
2025-09-25 15:33:43 - ROBOTY.collision - WARNING - Коллизия: роботы 2 и 3 в 3.20s, расстояние: 0.477, требуется: 0.500
2025-09-25 15:33:43 - ROBOTY.collision - WARNING - Коллизия: роботы 2 и 3 в 3.30s, расстояние: 0.477, требуется: 0.500
2025-09-25 15:33:43 - ROBOTY.collision - WARNING - Коллизия: роботы 2 и 3 в 3.40s, расстояние: 0.477, требуется: 0.500
2025-09-25 15:33:43 - ROBOTY.collision - WARNING - Коллизия: роботы 2 и 3 в 3.50s, расстояние: 0.477, требуется: 0.500
2025-09-25 15:33:43 - ROBOTY.collision - WARNING - Коллизия: роботы 2 и 3 в 3.60s, расстояние: 0.477, требуется: 0.500
2025-09-25 15:33:43 - ROBOTY.collision - WARNING - Коллизия: роботы 2 и 3 в 3.70s, расстояние: 0.477, требуется: 0.500
2025-09-25 15:33:43 - ROBOTY.collision - WARNING - Коллизия: роботы 2 и 3 в 3.80s, расстояние: 0.477, требуется: 0.500
2025-09-25 15:33:43 - ROBOTY.collision - WARNING - Коллизия: роботы 2 и 3 в 3.90s, расстояние: 0.477, требуется: 0.500
2025-09-25 15:33:43 - ROBOTY.collision - WARNING - Коллизия: роботы 2 и 3 в 4.00s, расстояние: 0.464, требуется: 0.500
2025-09-25 15:33:43 - ROBOTY.collision - WARNING - Коллизия: роботы 2 и 3 в 4.10s, расстояние: 0.493, требуется: 0.500
2025-09-25 15:33:43 - ROBOTY.collision - WARNING - Коллизия: роботы 1 и 9 в 5.60s, расстояние: 0.482, требуется: 0.500
2025-09-25 15:33:43 - ROBOTY.collision - WARNING - Коллизия: роботы 1 и 9 в 5.70s, расстояние: 0.482, требуется: 0.500
2025-09-25 15:33:43 - ROBOTY.collision - WARNING - Коллизия: роботы 1 и 9 в 5.80s, расстояние: 0.482, требуется: 0.500
2025-09-25 15:33:43 - ROBOTY.collision - WARNING - Коллизия: роботы 1 и 9 в 5.90s, расстояние: 0.482, требуется: 0.500
2025-09-25 15:33:43 - ROBOTY.collision - WARNING - Коллизия: роботы 1 и 9 в 6.00s, расстояние: 0.482, требуется: 0.500
2025-09-25 15:33:43 - ROBOTY.collision - WARNING - Коллизия: роботы 1 и 9 в 6.10s, расстояние: 0.482, требуется: 0.500
2025-09-25 15:33:43 - ROBOTY.collision - WARNING - Коллизия: роботы 4 и 8 в 6.10s, расстояние: 0.494, требуется: 0.500
2025-09-25 15:33:43 - ROBOTY.collision - WARNING - Коллизия: роботы 1 и 9 в 6.20s, расстояние: 0.482, требуется: 0.500
2025-09-25 15:33:43 - ROBOTY.collision - WARNING - Коллизия: роботы 4 и 8 в 6.20s, расстояние: 0.382, требуется: 0.500
2025-09-25 15:33:43 - ROBOTY.collision - WARNING - Коллизия: роботы 1 и 9 в 6.30s, расстояние: 0.482, требуется: 0.500
2025-09-25 15:33:43 - ROBOTY.collision - WARNING - Коллизия: роботы 4 и 8 в 6.30s, расстояние: 0.333, требуется: 0.500
2025-09-25 15:33:43 - ROBOTY.collision - WARNING - Коллизия: роботы 1 и 9 в 6.40s, расстояние: 0.482, требуется: 0.500
2025-09-25 15:33:43 - ROBOTY.collision - WARNING - Коллизия: роботы 4 и 8 в 6.40s, расстояние: 0.333, требуется: 0.500
2025-09-25 15:33:43 - ROBOTY.collision - WARNING - Коллизия: роботы 1 и 9 в 6.50s, расстояние: 0.482, требуется: 0.500
2025-09-25 15:33:43 - ROBOTY.collision - WARNING - Коллизия: роботы 4 и 8 в 6.50s, расстояние: 0.333, требуется: 0.500
2025-09-25 15:33:43 - ROBOTY.collision - WARNING - Коллизия: роботы 1 и 9 в 6.60s, расстояние: 0.482, требуется: 0.500
2025-09-25 15:33:43 - ROBOTY.collision - WARNING - Коллизия: роботы 4 и 8 в 6.60s, расстояние: 0.333, требуется: 0.500
2025-09-25 15:33:43 - ROBOTY.collision - WARNING - Коллизия: роботы 1 и 9 в 6.70s, расстояние: 0.482, требуется: 0.500
2025-09-25 15:33:43 - ROBOTY.collision - WARNING - Коллизия: роботы 4 и 8 в 6.70s, расстояние: 0.333, требуется: 0.500
2025-09-25 15:33:43 - ROBOTY.collision - WARNING - Коллизия: роботы 1 и 9 в 6.80s, расстояние: 0.482, требуется: 0.500
2025-09-25 15:33:43 - ROBOTY.collision - WARNING - Коллизия: роботы 4 и 8 в 6.80s, расстояние: 0.333, требуется: 0.500
2025-09-25 15:33:43 - ROBOTY.collision - WARNING - Коллизия: роботы 1 и 9 в 6.90s, расстояние: 0.482, требуется: 0.500
2025-09-25 15:33:43 - ROBOTY.collision - WARNING - Коллизия: роботы 4 и 8 в 6.90s, расстояние: 0.333, требуется: 0.500
2025-09-25 15:33:43 - ROBOTY.collision - WARNING - Коллизия: роботы 1 и 9 в 7.00s, расстояние: 0.482, требуется: 0.500
2025-09-25 15:33:43 - ROBOTY.collision - WARNING - Коллизия: роботы 4 и 8 в 7.00s, расстояние: 0.333, требуется: 0.500
2025-09-25 15:33:43 - ROBOTY.collision - WARNING - Коллизия: роботы 1 и 9 в 7.10s, расстояние: 0.482, требуется: 0.500
2025-09-25 15:33:43 - ROBOTY.collision - WARNING - Коллизия: роботы 4 и 8 в 7.10s, расстояние: 0.333, требуется: 0.500
2025-09-25 15:33:43 - ROBOTY.collision - WARNING - Коллизия: роботы 1 и 9 в 7.20s, расстояние: 0.482, требуется: 0.500
2025-09-25 15:33:43 - ROBOTY.collision - WARNING - Коллизия: роботы 4 и 8 в 7.20s, расстояние: 0.333, требуется: 0.500
2025-09-25 15:33:43 - ROBOTY.collision - WARNING - Коллизия: роботы 1 и 9 в 7.30s, расстояние: 0.482, требуется: 0.500
2025-09-25 15:33:43 - ROBOTY.collision - WARNING - Коллизия: роботы 4 и 8 в 7.30s, расстояние: 0.333, требуется: 0.500
2025-09-25 15:33:43 - ROBOTY.collision - WARNING - Коллизия: роботы 1 и 9 в 7.40s, расстояние: 0.482, требуется: 0.500
2025-09-25 15:33:43 - ROBOTY.collision - WARNING - Коллизия: роботы 4 и 8 в 7.40s, расстояние: 0.333, требуется: 0.500
2025-09-25 15:33:43 - ROBOTY.collision - WARNING - Коллизия: роботы 1 и 9 в 7.50s, расстояние: 0.482, требуется: 0.500
2025-09-25 15:33:43 - ROBOTY.collision - WARNING - Коллизия: роботы 4 и 8 в 7.50s, расстояние: 0.333, требуется: 0.500
2025-09-25 15:33:43 - ROBOTY.collision - WARNING - Коллизия: роботы 1 и 9 в 7.60s, расстояние: 0.482, требуется: 0.500
2025-09-25 15:33:43 - ROBOTY.collision - WARNING - Коллизия: роботы 4 и 8 в 7.60s, расстояние: 0.333, требуется: 0.500
2025-09-25 15:33:43 - ROBOTY.collision - WARNING - Коллизия: роботы 1 и 9 в 7.70s, расстояние: 0.482, требуется: 0.500
2025-09-25 15:33:43 - ROBOTY.collision - WARNING - Коллизия: роботы 4 и 8 в 7.70s, расстояние: 0.333, требуется: 0.500
2025-09-25 15:33:43 - ROBOTY.collision - WARNING - Коллизия: роботы 1 и 9 в 7.80s, расстояние: 0.482, требуется: 0.500
2025-09-25 15:33:43 - ROBOTY.collision - WARNING - Коллизия: роботы 4 и 8 в 7.80s, расстояние: 0.333, требуется: 0.500
2025-09-25 15:33:43 - ROBOTY.collision - WARNING - Коллизия: роботы 1 и 9 в 7.90s, расстояние: 0.482, требуется: 0.500
2025-09-25 15:33:43 - ROBOTY.collision - WARNING - Коллизия: роботы 4 и 8 в 7.90s, расстояние: 0.333, требуется: 0.500
2025-09-25 15:33:43 - ROBOTY.collision - WARNING - Коллизия: роботы 1 и 9 в 8.00s, расстояние: 0.482, требуется: 0.500
2025-09-25 15:33:43 - ROBOTY.collision - WARNING - Коллизия: роботы 4 и 8 в 8.00s, расстояние: 0.333, требуется: 0.500
2025-09-25 15:33:43 - ROBOTY.collision - WARNING - Коллизия: роботы 1 и 9 в 8.10s, расстояние: 0.482, требуется: 0.500
2025-09-25 15:33:43 - ROBOTY.collision - WARNING - Коллизия: роботы 4 и 8 в 8.10s, расстояние: 0.333, требуется: 0.500
2025-09-25 15:33:43 - ROBOTY.collision - WARNING - Коллизия: роботы 1 и 9 в 8.20s, расстояние: 0.482, требуется: 0.500
2025-09-25 15:33:43 - ROBOTY.collision - WARNING - Коллизия: роботы 4 и 8 в 8.20s, расстояние: 0.333, требуется: 0.500
2025-09-25 15:33:43 - ROBOTY.collision - WARNING - Коллизия: роботы 1 и 9 в 8.30s, расстояние: 0.482, требуется: 0.500
2025-09-25 15:33:43 - ROBOTY.collision - WARNING - Коллизия: роботы 4 и 8 в 8.30s, расстояние: 0.333, требуется: 0.500
2025-09-25 15:33:43 - ROBOTY.collision - WARNING - Коллизия: роботы 1 и 9 в 8.40s, расстояние: 0.482, требуется: 0.500
2025-09-25 15:33:43 - ROBOTY.collision - WARNING - Коллизия: роботы 4 и 8 в 8.40s, расстояние: 0.333, требуется: 0.500
2025-09-25 15:33:43 - ROBOTY.collision - WARNING - Коллизия: роботы 1 и 9 в 8.50s, расстояние: 0.482, требуется: 0.500
2025-09-25 15:33:43 - ROBOTY.collision - WARNING - Коллизия: роботы 4 и 8 в 8.50s, расстояние: 0.333, требуется: 0.500
2025-09-25 15:33:43 - ROBOTY.collision - WARNING - Коллизия: роботы 1 и 9 в 8.60s, расстояние: 0.482, требуется: 0.500
2025-09-25 15:33:43 - ROBOTY.collision - WARNING - Коллизия: роботы 4 и 8 в 8.60s, расстояние: 0.333, требуется: 0.500
2025-09-25 15:33:43 - ROBOTY.collision - WARNING - Коллизия: роботы 1 и 9 в 8.70s, расстояние: 0.482, требуется: 0.500
2025-09-25 15:33:43 - ROBOTY.collision - WARNING - Коллизия: роботы 4 и 8 в 8.70s, расстояние: 0.333, требуется: 0.500
2025-09-25 15:33:43 - ROBOTY.collision - WARNING - Коллизия: роботы 1 и 9 в 8.80s, расстояние: 0.482, требуется: 0.500
2025-09-25 15:33:43 - ROBOTY.collision - WARNING - Коллизия: роботы 4 и 8 в 8.80s, расстояние: 0.333, требуется: 0.500
2025-09-25 15:33:43 - ROBOTY.collision - WARNING - Коллизия: роботы 1 и 9 в 8.90s, расстояние: 0.482, требуется: 0.500
2025-09-25 15:33:43 - ROBOTY.collision - WARNING - Коллизия: роботы 4 и 8 в 8.90s, расстояние: 0.333, требуется: 0.500
2025-09-25 15:33:43 - ROBOTY.collision - WARNING - Коллизия: роботы 1 и 9 в 9.00s, расстояние: 0.482, требуется: 0.500
2025-09-25 15:33:43 - ROBOTY.collision - WARNING - Коллизия: роботы 4 и 8 в 9.00s, расстояние: 0.333, требуется: 0.500
2025-09-25 15:33:43 - ROBOTY.collision - WARNING - Коллизия: роботы 1 и 9 в 9.10s, расстояние: 0.482, требуется: 0.500
2025-09-25 15:33:43 - ROBOTY.collision - WARNING - Коллизия: роботы 4 и 8 в 9.10s, расстояние: 0.333, требуется: 0.500
2025-09-25 15:33:43 - ROBOTY.collision - WARNING - Коллизия: роботы 1 и 9 в 9.20s, расстояние: 0.482, требуется: 0.500
2025-09-25 15:33:43 - ROBOTY.collision - WARNING - Коллизия: роботы 4 и 8 в 9.20s, расстояние: 0.333, требуется: 0.500
2025-09-25 15:33:43 - ROBOTY.collision - WARNING - Коллизия: роботы 1 и 9 в 9.30s, расстояние: 0.482, требуется: 0.500
2025-09-25 15:33:43 - ROBOTY.collision - WARNING - Коллизия: роботы 4 и 8 в 9.30s, расстояние: 0.333, требуется: 0.500
2025-09-25 15:33:43 - ROBOTY.collision - WARNING - Коллизия: роботы 1 и 9 в 9.40s, расстояние: 0.482, требуется: 0.500
2025-09-25 15:33:43 - ROBOTY.collision - WARNING - Коллизия: роботы 4 и 8 в 9.40s, расстояние: 0.333, требуется: 0.500
2025-09-25 15:33:43 - ROBOTY.collision - WARNING - Коллизия: роботы 1 и 9 в 9.50s, расстояние: 0.482, требуется: 0.500
2025-09-25 15:33:43 - ROBOTY.collision - WARNING - Коллизия: роботы 4 и 8 в 9.50s, расстояние: 0.333, требуется: 0.500
2025-09-25 15:33:43 - ROBOTY.collision - WARNING - Коллизия: роботы 1 и 9 в 9.60s, расстояние: 0.482, требуется: 0.500
2025-09-25 15:33:43 - ROBOTY.collision - WARNING - Коллизия: роботы 4 и 8 в 9.60s, расстояние: 0.333, требуется: 0.500
2025-09-25 15:33:43 - ROBOTY.collision - WARNING - Коллизия: роботы 1 и 9 в 9.70s, расстояние: 0.482, требуется: 0.500
2025-09-25 15:33:43 - ROBOTY.collision - WARNING - Коллизия: роботы 4 и 8 в 9.70s, расстояние: 0.333, требуется: 0.500
2025-09-25 15:33:43 - ROBOTY.collision - WARNING - Коллизия: роботы 1 и 9 в 9.80s, расстояние: 0.482, требуется: 0.500
2025-09-25 15:33:43 - ROBOTY.collision - WARNING - Коллизия: роботы 4 и 8 в 9.80s, расстояние: 0.333, требуется: 0.500
2025-09-25 15:33:43 - ROBOTY.collision - WARNING - Коллизия: роботы 1 и 9 в 9.90s, расстояние: 0.482, требуется: 0.500
2025-09-25 15:33:43 - ROBOTY.collision - WARNING - Коллизия: роботы 4 и 8 в 9.90s, расстояние: 0.333, требуется: 0.500
2025-09-25 15:33:43 - ROBOTY.collision - WARNING - Коллизия: роботы 1 и 9 в 10.00s, расстояние: 0.482, требуется: 0.500
2025-09-25 15:33:43 - ROBOTY.collision - WARNING - Коллизия: роботы 4 и 8 в 10.00s, расстояние: 0.333, требуется: 0.500
2025-09-25 15:33:43 - ROBOTY.collision - WARNING - Коллизия: роботы 1 и 9 в 10.10s, расстояние: 0.482, требуется: 0.500
2025-09-25 15:33:43 - ROBOTY.collision - WARNING - Коллизия: роботы 4 и 8 в 10.10s, расстояние: 0.333, требуется: 0.500
2025-09-25 15:33:43 - ROBOTY.collision - WARNING - Коллизия: роботы 1 и 9 в 10.20s, расстояние: 0.482, требуется: 0.500
2025-09-25 15:33:43 - ROBOTY.collision - WARNING - Коллизия: роботы 4 и 8 в 10.20s, расстояние: 0.333, требуется: 0.500
2025-09-25 15:33:43 - ROBOTY.collision - WARNING - Коллизия: роботы 1 и 9 в 10.30s, расстояние: 0.482, требуется: 0.500
2025-09-25 15:33:43 - ROBOTY.collision - WARNING - Коллизия: роботы 4 и 8 в 10.30s, расстояние: 0.333, требуется: 0.500
2025-09-25 15:33:43 - ROBOTY.collision - WARNING - Коллизия: роботы 1 и 9 в 10.40s, расстояние: 0.482, требуется: 0.500
2025-09-25 15:33:43 - ROBOTY.collision - WARNING - Коллизия: роботы 4 и 8 в 10.40s, расстояние: 0.333, требуется: 0.500
2025-09-25 15:33:43 - ROBOTY.collision - WARNING - Коллизия: роботы 1 и 9 в 10.50s, расстояние: 0.482, требуется: 0.500
2025-09-25 15:33:43 - ROBOTY.collision - WARNING - Коллизия: роботы 4 и 8 в 10.50s, расстояние: 0.333, требуется: 0.500
2025-09-25 15:33:43 - ROBOTY.collision - WARNING - Коллизия: роботы 1 и 9 в 10.60s, расстояние: 0.482, требуется: 0.500
2025-09-25 15:33:43 - ROBOTY.collision - WARNING - Коллизия: роботы 4 и 8 в 10.60s, расстояние: 0.333, требуется: 0.500
2025-09-25 15:33:43 - ROBOTY.collision - WARNING - Коллизия: роботы 1 и 9 в 10.70s, расстояние: 0.482, требуется: 0.500
2025-09-25 15:33:43 - ROBOTY.collision - WARNING - Коллизия: роботы 4 и 8 в 10.70s, расстояние: 0.333, требуется: 0.500
2025-09-25 15:33:43 - ROBOTY.collision - WARNING - Коллизия: роботы 1 и 9 в 10.80s, расстояние: 0.482, требуется: 0.500
2025-09-25 15:33:43 - ROBOTY.collision - WARNING - Коллизия: роботы 4 и 8 в 10.80s, расстояние: 0.333, требуется: 0.500
2025-09-25 15:33:43 - ROBOTY.collision - WARNING - Коллизия: роботы 1 и 9 в 10.90s, расстояние: 0.482, требуется: 0.500
2025-09-25 15:33:43 - ROBOTY.collision - WARNING - Коллизия: роботы 4 и 8 в 10.90s, расстояние: 0.333, требуется: 0.500
2025-09-25 15:33:43 - ROBOTY.collision - WARNING - Коллизия: роботы 1 и 9 в 11.00s, расстояние: 0.482, требуется: 0.500
2025-09-25 15:33:43 - ROBOTY.collision - WARNING - Коллизия: роботы 4 и 8 в 11.00s, расстояние: 0.333, требуется: 0.500
2025-09-25 15:33:43 - ROBOTY.collision - WARNING - Коллизия: роботы 1 и 9 в 11.10s, расстояние: 0.482, требуется: 0.500
2025-09-25 15:33:43 - ROBOTY.collision - WARNING - Коллизия: роботы 4 и 8 в 11.10s, расстояние: 0.333, требуется: 0.500
2025-09-25 15:33:43 - ROBOTY.collision - WARNING - Коллизия: роботы 1 и 9 в 11.20s, расстояние: 0.482, требуется: 0.500
2025-09-25 15:33:43 - ROBOTY.collision - WARNING - Коллизия: роботы 4 и 8 в 11.20s, расстояние: 0.333, требуется: 0.500
2025-09-25 15:33:43 - ROBOTY.collision - WARNING - Коллизия: роботы 1 и 9 в 11.30s, расстояние: 0.482, требуется: 0.500
2025-09-25 15:33:43 - ROBOTY.collision - WARNING - Коллизия: роботы 4 и 8 в 11.30s, расстояние: 0.333, требуется: 0.500
2025-09-25 15:33:43 - ROBOTY.collision - WARNING - Коллизия: роботы 1 и 9 в 11.40s, расстояние: 0.482, требуется: 0.500
2025-09-25 15:33:43 - ROBOTY.collision - WARNING - Коллизия: роботы 4 и 8 в 11.40s, расстояние: 0.333, требуется: 0.500
2025-09-25 15:33:43 - ROBOTY.collision - WARNING - Коллизия: роботы 1 и 9 в 11.50s, расстояние: 0.482, требуется: 0.500
2025-09-25 15:33:43 - ROBOTY.collision - WARNING - Коллизия: роботы 4 и 8 в 11.50s, расстояние: 0.333, требуется: 0.500
2025-09-25 15:33:43 - ROBOTY.collision - WARNING - Коллизия: роботы 1 и 9 в 11.60s, расстояние: 0.482, требуется: 0.500
2025-09-25 15:33:43 - ROBOTY.collision - WARNING - Коллизия: роботы 4 и 8 в 11.60s, расстояние: 0.333, требуется: 0.500
2025-09-25 15:33:43 - ROBOTY.collision - WARNING - Коллизия: роботы 1 и 9 в 11.70s, расстояние: 0.482, требуется: 0.500
2025-09-25 15:33:43 - ROBOTY.collision - WARNING - Коллизия: роботы 4 и 8 в 11.70s, расстояние: 0.333, требуется: 0.500
2025-09-25 15:33:43 - ROBOTY.collision - WARNING - Коллизия: роботы 1 и 9 в 11.80s, расстояние: 0.482, требуется: 0.500
2025-09-25 15:33:43 - ROBOTY.collision - WARNING - Коллизия: роботы 4 и 8 в 11.80s, расстояние: 0.333, требуется: 0.500
2025-09-25 15:33:43 - ROBOTY.collision - WARNING - Коллизия: роботы 1 и 9 в 11.90s, расстояние: 0.482, требуется: 0.500
2025-09-25 15:33:43 - ROBOTY.collision - WARNING - Коллизия: роботы 4 и 8 в 11.90s, расстояние: 0.333, требуется: 0.500
2025-09-25 15:33:43 - ROBOTY.collision - WARNING - Коллизия: роботы 1 и 9 в 12.00s, расстояние: 0.482, требуется: 0.500
2025-09-25 15:33:43 - ROBOTY.collision - WARNING - Коллизия: роботы 4 и 8 в 12.00s, расстояние: 0.333, требуется: 0.500
2025-09-25 15:33:43 - ROBOTY.collision - WARNING - Коллизия: роботы 1 и 9 в 12.10s, расстояние: 0.482, требуется: 0.500
2025-09-25 15:33:43 - ROBOTY.collision - WARNING - Коллизия: роботы 4 и 8 в 12.10s, расстояние: 0.333, требуется: 0.500
2025-09-25 15:33:43 - ROBOTY.collision - WARNING - Коллизия: роботы 1 и 9 в 12.20s, расстояние: 0.482, требуется: 0.500
2025-09-25 15:33:43 - ROBOTY.collision - WARNING - Коллизия: роботы 4 и 8 в 12.20s, расстояние: 0.333, требуется: 0.500
2025-09-25 15:33:43 - ROBOTY.collision - WARNING - Коллизия: роботы 1 и 9 в 12.30s, расстояние: 0.482, требуется: 0.500
2025-09-25 15:33:43 - ROBOTY.collision - WARNING - Коллизия: роботы 4 и 8 в 12.30s, расстояние: 0.333, требуется: 0.500
2025-09-25 15:33:43 - ROBOTY.collision - WARNING - Коллизия: роботы 1 и 9 в 12.40s, расстояние: 0.482, требуется: 0.500
2025-09-25 15:33:43 - ROBOTY.collision - WARNING - Коллизия: роботы 4 и 8 в 12.40s, расстояние: 0.333, требуется: 0.500
2025-09-25 15:33:43 - ROBOTY.collision - WARNING - Коллизия: роботы 1 и 9 в 12.50s, расстояние: 0.482, требуется: 0.500
2025-09-25 15:33:43 - ROBOTY.collision - WARNING - Коллизия: роботы 4 и 8 в 12.50s, расстояние: 0.333, требуется: 0.500
2025-09-25 15:33:43 - ROBOTY.collision - WARNING - Коллизия: роботы 1 и 9 в 12.60s, расстояние: 0.482, требуется: 0.500
2025-09-25 15:33:43 - ROBOTY.collision - WARNING - Коллизия: роботы 4 и 8 в 12.60s, расстояние: 0.333, требуется: 0.500
2025-09-25 15:33:43 - ROBOTY.collision - WARNING - Коллизия: роботы 1 и 9 в 12.70s, расстояние: 0.482, требуется: 0.500
2025-09-25 15:33:43 - ROBOTY.collision - WARNING - Коллизия: роботы 4 и 8 в 12.70s, расстояние: 0.333, требуется: 0.500
2025-09-25 15:33:43 - ROBOTY.collision - WARNING - Коллизия: роботы 1 и 9 в 12.80s, расстояние: 0.482, требуется: 0.500
2025-09-25 15:33:43 - ROBOTY.collision - WARNING - Коллизия: роботы 4 и 8 в 12.80s, расстояние: 0.333, требуется: 0.500
2025-09-25 15:33:43 - ROBOTY.collision - WARNING - Коллизия: роботы 1 и 9 в 12.90s, расстояние: 0.482, требуется: 0.500
2025-09-25 15:33:43 - ROBOTY.collision - WARNING - Коллизия: роботы 4 и 8 в 12.90s, расстояние: 0.292, требуется: 0.500
2025-09-25 15:33:43 - ROBOTY.collision - WARNING - Коллизия: роботы 1 и 9 в 13.00s, расстояние: 0.482, требуется: 0.500
2025-09-25 15:33:43 - ROBOTY.collision - WARNING - Коллизия: роботы 4 и 8 в 13.00s, расстояние: 0.251, требуется: 0.500
2025-09-25 15:33:43 - ROBOTY.collision - WARNING - Коллизия: роботы 1 и 9 в 13.10s, расстояние: 0.482, требуется: 0.500
2025-09-25 15:33:43 - ROBOTY.collision - WARNING - Коллизия: роботы 4 и 8 в 13.10s, расстояние: 0.274, требуется: 0.500
2025-09-25 15:33:43 - ROBOTY.collision - WARNING - Коллизия: роботы 1 и 9 в 13.20s, расстояние: 0.482, требуется: 0.500
2025-09-25 15:33:43 - ROBOTY.collision - WARNING - Коллизия: роботы 4 и 8 в 13.20s, расстояние: 0.342, требуется: 0.500
2025-09-25 15:33:43 - ROBOTY.collision - WARNING - Коллизия: роботы 1 и 9 в 13.30s, расстояние: 0.482, требуется: 0.500
2025-09-25 15:33:43 - ROBOTY.collision - WARNING - Коллизия: роботы 4 и 8 в 13.30s, расстояние: 0.434, требуется: 0.500
2025-09-25 15:33:43 - ROBOTY.collision - WARNING - Коллизия: роботы 1 и 9 в 13.40s, расстояние: 0.482, требуется: 0.500
2025-09-25 15:33:43 - ROBOTY.collision - WARNING - Коллизия: роботы 1 и 9 в 13.50s, расстояние: 0.482, требуется: 0.500
2025-09-25 15:33:43 - ROBOTY.collision - WARNING - Коллизия: роботы 1 и 9 в 13.60s, расстояние: 0.482, требуется: 0.500
2025-09-25 15:33:43 - ROBOTY.collision - WARNING - Коллизия: роботы 1 и 9 в 13.70s, расстояние: 0.482, требуется: 0.500
2025-09-25 15:33:43 - ROBOTY.collision - WARNING - Коллизия: роботы 1 и 9 в 13.80s, расстояние: 0.482, требуется: 0.500
2025-09-25 15:33:43 - ROBOTY.collision - WARNING - Коллизия: роботы 1 и 9 в 13.90s, расстояние: 0.482, требуется: 0.500
2025-09-25 15:33:43 - ROBOTY.collision - WARNING - Коллизия: роботы 1 и 9 в 14.00s, расстояние: 0.455, требуется: 0.500
2025-09-25 15:33:43 - ROBOTY.collision - WARNING - Коллизия: роботы 1 и 9 в 14.10s, расстояние: 0.403, требуется: 0.500
2025-09-25 15:33:43 - ROBOTY.collision - WARNING - Коллизия: роботы 1 и 9 в 14.20s, расстояние: 0.354, требуется: 0.500
2025-09-25 15:33:43 - ROBOTY.collision - WARNING - Коллизия: роботы 1 и 9 в 14.30s, расстояние: 0.337, требуется: 0.500
2025-09-25 15:33:43 - ROBOTY.collision - WARNING - Коллизия: роботы 1 и 9 в 14.40s, расстояние: 0.353, требуется: 0.500
2025-09-25 15:33:43 - ROBOTY.collision - WARNING - Коллизия: роботы 1 и 9 в 14.50s, расстояние: 0.399, требуется: 0.500
2025-09-25 15:33:43 - ROBOTY.collision - WARNING - Коллизия: роботы 1 и 9 в 14.60s, расстояние: 0.465, требуется: 0.500
2025-09-25 15:33:43 - ROBOTY.collision - WARNING - Коллизия: роботы 6 и 8 в 19.80s, расстояние: 0.491, требуется: 0.500
2025-09-25 15:33:43 - ROBOTY.collision - WARNING - Коллизия: роботы 6 и 8 в 19.90s, расстояние: 0.392, требуется: 0.500
2025-09-25 15:33:43 - ROBOTY.collision - WARNING - Коллизия: роботы 6 и 8 в 20.00s, расстояние: 0.325, требуется: 0.500
2025-09-25 15:33:43 - ROBOTY.collision - WARNING - Коллизия: роботы 6 и 8 в 20.10s, расстояние: 0.315, требуется: 0.500
2025-09-25 15:33:43 - ROBOTY.collision - WARNING - Коллизия: роботы 6 и 8 в 20.20s, расстояние: 0.364, требуется: 0.500
2025-09-25 15:33:43 - ROBOTY.collision - WARNING - Коллизия: роботы 6 и 8 в 20.30s, расстояние: 0.455, требуется: 0.500
2025-09-25 15:33:43 - ROBOTY.collision - ERROR - Обнаружено 196 коллизий
2025-09-25 15:33:43 - ROBOTY.main - WARNING - Коллизии сохраняются после вставки пауз
2025-09-25 15:33:47 - ROBOTY.main - INFO - Открытие визуализатора
2025-09-25 15:33:47 - ROBOTY.main - INFO - Визуализация успешно завершена
2025-09-25 15:33:47 - ROBOTY.visualizer - INFO - Запуск визуализации типа: 3d
2025-09-25 15:33:47 - ROBOTY.visualizer - INFO - Создание 3D визуализации траекторий
2025-09-25 15:33:47 - ROBOTY.visualizer - INFO - 3D визуализация создана
2025-09-25 15:33:47 - ROBOTY.visualizer - INFO - Визуализация записана во временный файл: /var/folders/4m/3pf4f4ds7g3b39tkt544gftr0000gn/T/tmpeqfh5aon_viz_3d.html
2025-09-25 15:33:47 - ROBOTY.visualizer - INFO - Визуализация открыта в браузере из временного файла
2025-09-25 15:33:47 - ROBOTY.main - INFO - Визуализация успешно завершена (в фоне, временный файл будет удалён автоматически)
2025-09-25 15:34:04 - ROBOTY.main - INFO - Открытие визуализатора
2025-09-25 15:34:04 - ROBOTY.main - INFO - Визуализация успешно завершена
2025-09-25 15:34:04 - ROBOTY.visualizer - INFO - Запуск визуализации типа: 3d_anim
2025-09-25 15:34:04 - ROBOTY.visualizer - INFO - Создание 3D анимации траекторий
2025-09-25 15:34:04 - ROBOTY.visualizer - INFO - Создание 3D визуализации траекторий
2025-09-25 15:34:04 - ROBOTY.visualizer - INFO - 3D визуализация создана
2025-09-25 15:34:08 - ROBOTY.visualizer - INFO - Визуализация записана во временный файл: /var/folders/4m/3pf4f4ds7g3b39tkt544gftr0000gn/T/tmpiz8xf5y8_viz_3d_anim.html
2025-09-25 15:34:08 - ROBOTY.visualizer - INFO - Визуализация открыта в браузере из временного файла
2025-09-25 15:34:08 - ROBOTY.main - INFO - Визуализация успешно завершена (в фоне, временный файл будет удалён автоматически)
2025-09-25 15:37:39 - ROBOTY.visualizer - INFO - Временный файл визуализации удалён: /var/folders/4m/3pf4f4ds7g3b39tkt544gftr0000gn/T/tmpiz8xf5y8_viz_3d_anim.html
2025-09-25 15:37:39 - ROBOTY.visualizer - INFO - Временный файл визуализации удалён: /var/folders/4m/3pf4f4ds7g3b39tkt544gftr0000gn/T/tmpeqfh5aon_viz_3d.html
