2025-09-27 14:37:22 - ROBOTY.main - INFO - Запуск приложения ROBOTY
2025-09-27 14:37:22 - ROBOTY.main - INFO - Применена тема: dark
2025-09-27 14:37:22 - ROBOTY.main - INFO - Интерфейс инициализирован
2025-09-27 14:37:22 - ROBOTY.main - INFO - Приложение успешно запущено
2025-09-27 14:37:29 - ROBOTY.main - INFO - Создан входной файл: C:\Users\22200490\.cursor\ROBOTY-main\data\input_20250927_143724.json
2025-09-27 14:37:29 - ROBOTY.parser - INFO - Начинаем загрузку файла: C:\Users\22200490\.cursor\ROBOTY-main\data\input_20250927_143724.json
2025-09-27 14:37:29 - ROBOTY.parser - INFO - Файл C:\Users\22200490\.cursor\ROBOTY-main\data\input_20250927_143724.json успешно загружен
2025-09-27 14:37:29 - ROBOTY.parser - DEBUG - Робот 1 успешно загружен
2025-09-27 14:37:29 - ROBOTY.parser - DEBUG - Робот 2 успешно загружен
2025-09-27 14:37:29 - ROBOTY.parser - DEBUG - Робот 3 успешно загружен
2025-09-27 14:37:29 - ROBOTY.parser - DEBUG - Робот 4 успешно загружен
2025-09-27 14:37:29 - ROBOTY.parser - DEBUG - Робот 5 успешно загружен
2025-09-27 14:37:29 - ROBOTY.parser - DEBUG - Робот 6 успешно загружен
2025-09-27 14:37:29 - ROBOTY.parser - DEBUG - Робот 7 успешно загружен
2025-09-27 14:37:29 - ROBOTY.parser - DEBUG - Робот 8 успешно загружен
2025-09-27 14:37:29 - ROBOTY.parser - DEBUG - Робот 9 успешно загружен
2025-09-27 14:37:29 - ROBOTY.parser - DEBUG - Робот 10 успешно загружен
2025-09-27 14:37:29 - ROBOTY.parser - DEBUG - Операция 1 успешно загружена
2025-09-27 14:37:29 - ROBOTY.parser - DEBUG - Операция 2 успешно загружена
2025-09-27 14:37:29 - ROBOTY.parser - DEBUG - Операция 3 успешно загружена
2025-09-27 14:37:29 - ROBOTY.parser - DEBUG - Операция 4 успешно загружена
2025-09-27 14:37:29 - ROBOTY.parser - DEBUG - Операция 5 успешно загружена
2025-09-27 14:37:29 - ROBOTY.parser - DEBUG - Операция 6 успешно загружена
2025-09-27 14:37:29 - ROBOTY.parser - DEBUG - Операция 7 успешно загружена
2025-09-27 14:37:29 - ROBOTY.parser - DEBUG - Операция 8 успешно загружена
2025-09-27 14:37:29 - ROBOTY.parser - DEBUG - Операция 9 успешно загружена
2025-09-27 14:37:29 - ROBOTY.parser - DEBUG - Операция 10 успешно загружена
2025-09-27 14:37:29 - ROBOTY.parser - DEBUG - Операция 11 успешно загружена
2025-09-27 14:37:29 - ROBOTY.parser - DEBUG - Операция 12 успешно загружена
2025-09-27 14:37:29 - ROBOTY.parser - DEBUG - Операция 13 успешно загружена
2025-09-27 14:37:29 - ROBOTY.parser - DEBUG - Операция 14 успешно загружена
2025-09-27 14:37:29 - ROBOTY.parser - DEBUG - Операция 15 успешно загружена
2025-09-27 14:37:29 - ROBOTY.parser - DEBUG - Операция 16 успешно загружена
2025-09-27 14:37:29 - ROBOTY.parser - DEBUG - Операция 17 успешно загружена
2025-09-27 14:37:29 - ROBOTY.parser - DEBUG - Операция 18 успешно загружена
2025-09-27 14:37:29 - ROBOTY.parser - DEBUG - Операция 19 успешно загружена
2025-09-27 14:37:29 - ROBOTY.parser - DEBUG - Операция 20 успешно загружена
2025-09-27 14:37:29 - ROBOTY.parser - DEBUG - Операция 21 успешно загружена
2025-09-27 14:37:29 - ROBOTY.parser - DEBUG - Операция 22 успешно загружена
2025-09-27 14:37:29 - ROBOTY.parser - DEBUG - Операция 23 успешно загружена
2025-09-27 14:37:29 - ROBOTY.parser - DEBUG - Операция 24 успешно загружена
2025-09-27 14:37:29 - ROBOTY.parser - DEBUG - Операция 25 успешно загружена
2025-09-27 14:37:29 - ROBOTY.parser - DEBUG - Операция 26 успешно загружена
2025-09-27 14:37:29 - ROBOTY.parser - DEBUG - Операция 27 успешно загружена
2025-09-27 14:37:29 - ROBOTY.parser - DEBUG - Операция 28 успешно загружена
2025-09-27 14:37:29 - ROBOTY.parser - DEBUG - Операция 29 успешно загружена
2025-09-27 14:37:29 - ROBOTY.parser - DEBUG - Операция 30 успешно загружена
2025-09-27 14:37:29 - ROBOTY.parser - INFO - Загружено 10 роботов и 30 операций
2025-09-27 14:37:34 - ROBOTY.main - INFO - Запуск планировщика
2025-09-27 14:37:34 - ROBOTY.planner - INFO - Запуск планировщика траекторий
2025-09-27 14:37:34 - ROBOTY.assigner - INFO - Начинаем назначение операций методом: balanced
2025-09-27 14:37:34 - ROBOTY.assigner - DEBUG - Операция 0 назначена роботу 7 (нагрузка: 7.03)
2025-09-27 14:37:34 - ROBOTY.assigner - DEBUG - Операция 1 назначена роботу 1 (нагрузка: 12.50)
2025-09-27 14:37:34 - ROBOTY.assigner - DEBUG - Операция 2 назначена роботу 6 (нагрузка: 6.90)
2025-09-27 14:37:34 - ROBOTY.assigner - DEBUG - Операция 3 назначена роботу 3 (нагрузка: 4.83)
2025-09-27 14:37:34 - ROBOTY.assigner - DEBUG - Операция 4 назначена роботу 8 (нагрузка: 8.18)
2025-09-27 14:37:34 - ROBOTY.assigner - DEBUG - Операция 5 назначена роботу 0 (нагрузка: 13.53)
2025-09-27 14:37:34 - ROBOTY.assigner - DEBUG - Операция 6 назначена роботу 5 (нагрузка: 11.09)
2025-09-27 14:37:34 - ROBOTY.assigner - DEBUG - Операция 7 назначена роботу 2 (нагрузка: 16.52)
2025-09-27 14:37:34 - ROBOTY.assigner - DEBUG - Операция 8 назначена роботу 4 (нагрузка: 12.43)
2025-09-27 14:37:34 - ROBOTY.assigner - DEBUG - Операция 9 назначена роботу 9 (нагрузка: 15.15)
2025-09-27 14:37:34 - ROBOTY.assigner - DEBUG - Операция 10 назначена роботу 3 (нагрузка: 13.38)
2025-09-27 14:37:34 - ROBOTY.assigner - DEBUG - Операция 11 назначена роботу 6 (нагрузка: 20.60)
2025-09-27 14:37:34 - ROBOTY.assigner - DEBUG - Операция 12 назначена роботу 1 (нагрузка: 20.49)
2025-09-27 14:37:34 - ROBOTY.assigner - DEBUG - Операция 13 назначена роботу 7 (нагрузка: 17.16)
2025-09-27 14:37:34 - ROBOTY.assigner - DEBUG - Операция 14 назначена роботу 8 (нагрузка: 15.63)
2025-09-27 14:37:34 - ROBOTY.assigner - DEBUG - Операция 15 назначена роботу 5 (нагрузка: 21.64)
2025-09-27 14:37:34 - ROBOTY.assigner - DEBUG - Операция 16 назначена роботу 4 (нагрузка: 18.39)
2025-09-27 14:37:34 - ROBOTY.assigner - DEBUG - Операция 17 назначена роботу 9 (нагрузка: 24.14)
2025-09-27 14:37:34 - ROBOTY.assigner - DEBUG - Операция 18 назначена роботу 0 (нагрузка: 28.32)
2025-09-27 14:37:34 - ROBOTY.assigner - DEBUG - Операция 19 назначена роботу 1 (нагрузка: 30.13)
2025-09-27 14:37:34 - ROBOTY.assigner - DEBUG - Операция 20 назначена роботу 8 (нагрузка: 25.01)
2025-09-27 14:37:34 - ROBOTY.assigner - DEBUG - Операция 21 назначена роботу 3 (нагрузка: 26.36)
2025-09-27 14:37:34 - ROBOTY.assigner - DEBUG - Операция 22 назначена роботу 7 (нагрузка: 27.55)
2025-09-27 14:37:34 - ROBOTY.assigner - DEBUG - Операция 23 назначена роботу 2 (нагрузка: 28.98)
2025-09-27 14:37:34 - ROBOTY.assigner - DEBUG - Операция 24 назначена роботу 6 (нагрузка: 28.15)
2025-09-27 14:37:34 - ROBOTY.assigner - DEBUG - Операция 25 назначена роботу 5 (нагрузка: 30.59)
2025-09-27 14:37:34 - ROBOTY.assigner - DEBUG - Операция 26 назначена роботу 9 (нагрузка: 36.17)
2025-09-27 14:37:34 - ROBOTY.assigner - DEBUG - Операция 27 назначена роботу 4 (нагрузка: 35.06)
2025-09-27 14:37:34 - ROBOTY.assigner - DEBUG - Операция 28 назначена роботу 8 (нагрузка: 30.06)
2025-09-27 14:37:34 - ROBOTY.assigner - DEBUG - Операция 29 назначена роботу 6 (нагрузка: 38.09)
2025-09-27 14:37:34 - ROBOTY.assigner - INFO - Распределено 30 операций с балансировкой нагрузки
2025-09-27 14:37:34 - ROBOTY.assigner - INFO - Итоговые нагрузки роботов: ['28.32', '30.13', '28.98', '26.36', '35.06', '30.59', '38.09', '27.55', '30.06', '36.17']
2025-09-27 14:37:34 - ROBOTY.assigner - INFO - Робот 0: 2 операций, нагрузка 28.32
2025-09-27 14:37:34 - ROBOTY.assigner - INFO - Робот 1: 3 операций, нагрузка 30.13
2025-09-27 14:37:34 - ROBOTY.assigner - INFO - Робот 2: 2 операций, нагрузка 28.98
2025-09-27 14:37:34 - ROBOTY.assigner - INFO - Робот 3: 3 операций, нагрузка 26.36
2025-09-27 14:37:34 - ROBOTY.assigner - INFO - Робот 4: 3 операций, нагрузка 35.06
2025-09-27 14:37:34 - ROBOTY.assigner - INFO - Робот 5: 3 операций, нагрузка 30.59
2025-09-27 14:37:34 - ROBOTY.assigner - INFO - Робот 6: 4 операций, нагрузка 38.09
2025-09-27 14:37:34 - ROBOTY.assigner - INFO - Робот 7: 3 операций, нагрузка 27.55
2025-09-27 14:37:34 - ROBOTY.assigner - INFO - Робот 8: 4 операций, нагрузка 30.06
2025-09-27 14:37:34 - ROBOTY.assigner - INFO - Робот 9: 3 операций, нагрузка 36.17
2025-09-27 14:37:34 - ROBOTY.planner - INFO - Операции назначены методом: balanced
2025-09-27 14:37:34 - ROBOTY.planner - INFO - Планирование траектории для робота 1 (ID: 1) с 2 операциями
2025-09-27 14:37:34 - ROBOTY.planner - DEBUG - Планирование траектории для робота с 2 операциями
2025-09-27 14:37:34 - ROBOTY.planner - DEBUG - Операция 1 запланирована, время завершения: 15.54
2025-09-27 14:37:34 - ROBOTY.planner - DEBUG - Операция 2 запланирована, время завершения: 28.69
2025-09-27 14:37:34 - ROBOTY.planner - INFO - Траектория робота запланирована, общее время: 28.69
2025-09-27 14:37:34 - ROBOTY.planner - INFO - Робот 1: траектория содержит 48 точек
2025-09-27 14:37:34 - ROBOTY.planner - INFO - Планирование траектории для робота 2 (ID: 2) с 3 операциями
2025-09-27 14:37:34 - ROBOTY.planner - DEBUG - Планирование траектории для робота с 3 операциями
2025-09-27 14:37:34 - ROBOTY.planner - DEBUG - Операция 1 запланирована, время завершения: 14.23
2025-09-27 14:37:34 - ROBOTY.planner - DEBUG - Операция 2 запланирована, время завершения: 26.69
2025-09-27 14:37:34 - ROBOTY.planner - DEBUG - Операция 3 запланирована, время завершения: 40.18
2025-09-27 14:37:34 - ROBOTY.planner - INFO - Траектория робота запланирована, общее время: 40.18
2025-09-27 14:37:34 - ROBOTY.planner - INFO - Робот 2: траектория содержит 72 точек
2025-09-27 14:37:34 - ROBOTY.planner - INFO - Планирование траектории для робота 3 (ID: 3) с 2 операциями
2025-09-27 14:37:34 - ROBOTY.planner - DEBUG - Планирование траектории для робота с 2 операциями
2025-09-27 14:37:34 - ROBOTY.planner - DEBUG - Операция 1 запланирована, время завершения: 18.15
2025-09-27 14:37:34 - ROBOTY.planner - DEBUG - Операция 2 запланирована, время завершения: 31.23
2025-09-27 14:37:34 - ROBOTY.planner - INFO - Траектория робота запланирована, общее время: 31.23
2025-09-27 14:37:34 - ROBOTY.planner - INFO - Робот 3: траектория содержит 48 точек
2025-09-27 14:37:34 - ROBOTY.planner - INFO - Планирование траектории для робота 4 (ID: 4) с 3 операциями
2025-09-27 14:37:34 - ROBOTY.planner - DEBUG - Планирование траектории для робота с 3 операциями
2025-09-27 14:37:34 - ROBOTY.planner - DEBUG - Операция 1 запланирована, время завершения: 6.39
2025-09-27 14:37:34 - ROBOTY.planner - DEBUG - Операция 2 запланирована, время завершения: 15.93
2025-09-27 14:37:34 - ROBOTY.planner - DEBUG - Операция 3 запланирована, время завершения: 33.38
2025-09-27 14:37:34 - ROBOTY.planner - INFO - Траектория робота запланирована, общее время: 33.38
2025-09-27 14:37:34 - ROBOTY.planner - INFO - Робот 4: траектория содержит 72 точек
2025-09-27 14:37:34 - ROBOTY.planner - INFO - Планирование траектории для робота 5 (ID: 5) с 3 операциями
2025-09-27 14:37:34 - ROBOTY.planner - DEBUG - Планирование траектории для робота с 3 операциями
2025-09-27 14:37:34 - ROBOTY.planner - DEBUG - Операция 1 запланирована, время завершения: 14.14
2025-09-27 14:37:34 - ROBOTY.planner - DEBUG - Операция 2 запланирована, время завершения: 21.89
2025-09-27 14:37:34 - ROBOTY.planner - DEBUG - Операция 3 запланирована, время завершения: 37.20
2025-09-27 14:37:34 - ROBOTY.planner - INFO - Траектория робота запланирована, общее время: 37.20
2025-09-27 14:37:34 - ROBOTY.planner - INFO - Робот 5: траектория содержит 72 точек
2025-09-27 14:37:34 - ROBOTY.planner - INFO - Планирование траектории для робота 6 (ID: 6) с 3 операциями
2025-09-27 14:37:34 - ROBOTY.planner - DEBUG - Планирование траектории для робота с 3 операциями
2025-09-27 14:37:34 - ROBOTY.planner - DEBUG - Операция 1 запланирована, время завершения: 12.83
2025-09-27 14:37:34 - ROBOTY.planner - DEBUG - Операция 2 запланирована, время завершения: 21.02
2025-09-27 14:37:34 - ROBOTY.planner - DEBUG - Операция 3 запланирована, время завершения: 36.99
2025-09-27 14:37:34 - ROBOTY.planner - INFO - Траектория робота запланирована, общее время: 36.99
2025-09-27 14:37:34 - ROBOTY.planner - INFO - Робот 6: траектория содержит 72 точек
2025-09-27 14:37:34 - ROBOTY.planner - INFO - Планирование траектории для робота 7 (ID: 7) с 4 операциями
2025-09-27 14:37:34 - ROBOTY.planner - DEBUG - Планирование траектории для робота с 4 операциями
2025-09-27 14:37:34 - ROBOTY.planner - DEBUG - Операция 1 запланирована, время завершения: 8.04
2025-09-27 14:37:34 - ROBOTY.planner - DEBUG - Операция 2 запланирована, время завершения: 24.89
2025-09-27 14:37:34 - ROBOTY.planner - DEBUG - Операция 3 запланирована, время завершения: 36.00
2025-09-27 14:37:34 - ROBOTY.planner - DEBUG - Операция 4 запланирована, время завершения: 47.64
2025-09-27 14:37:34 - ROBOTY.planner - INFO - Траектория робота запланирована, общее время: 47.64
2025-09-27 14:37:34 - ROBOTY.planner - INFO - Робот 7: траектория содержит 96 точек
2025-09-27 14:37:34 - ROBOTY.planner - INFO - Планирование траектории для робота 8 (ID: 8) с 3 операциями
2025-09-27 14:37:34 - ROBOTY.planner - DEBUG - Планирование траектории для робота с 3 операциями
2025-09-27 14:37:34 - ROBOTY.planner - DEBUG - Операция 1 запланирована, время завершения: 8.41
2025-09-27 14:37:34 - ROBOTY.planner - DEBUG - Операция 2 запланирована, время завершения: 19.09
2025-09-27 14:37:34 - ROBOTY.planner - DEBUG - Операция 3 запланирована, время завершения: 29.96
2025-09-27 14:37:34 - ROBOTY.planner - INFO - Траектория робота запланирована, общее время: 29.96
2025-09-27 14:37:34 - ROBOTY.planner - INFO - Робот 8: траектория содержит 72 точек
2025-09-27 14:37:34 - ROBOTY.planner - INFO - Планирование траектории для робота 9 (ID: 9) с 4 операциями
2025-09-27 14:37:34 - ROBOTY.planner - DEBUG - Планирование траектории для робота с 4 операциями
2025-09-27 14:37:34 - ROBOTY.planner - DEBUG - Операция 1 запланирована, время завершения: 9.94
2025-09-27 14:37:34 - ROBOTY.planner - DEBUG - Операция 2 запланирована, время завершения: 18.36
2025-09-27 14:37:34 - ROBOTY.planner - DEBUG - Операция 3 запланирована, время завершения: 29.50
2025-09-27 14:37:34 - ROBOTY.planner - DEBUG - Операция 4 запланирована, время завершения: 39.97
2025-09-27 14:37:34 - ROBOTY.planner - INFO - Траектория робота запланирована, общее время: 39.97
2025-09-27 14:37:34 - ROBOTY.planner - INFO - Робот 9: траектория содержит 96 точек
2025-09-27 14:37:34 - ROBOTY.planner - INFO - Планирование траектории для робота 10 (ID: 10) с 3 операциями
2025-09-27 14:37:34 - ROBOTY.planner - DEBUG - Планирование траектории для робота с 3 операциями
2025-09-27 14:37:34 - ROBOTY.planner - DEBUG - Операция 1 запланирована, время завершения: 16.30
2025-09-27 14:37:34 - ROBOTY.planner - DEBUG - Операция 2 запланирована, время завершения: 31.90
2025-09-27 14:37:34 - ROBOTY.planner - DEBUG - Операция 3 запланирована, время завершения: 50.30
2025-09-27 14:37:34 - ROBOTY.planner - INFO - Траектория робота запланирована, общее время: 50.30
2025-09-27 14:37:34 - ROBOTY.planner - INFO - Робот 10: траектория содержит 72 точек
2025-09-27 14:37:34 - ROBOTY.planner - INFO - Планирование завершено. Makespan: 50.30
2025-09-27 14:37:34 - ROBOTY.main - INFO - Планировщик успешно завершил работу
2025-09-27 14:37:34 - ROBOTY.collision - INFO - Начинаем детальную проверку коллизий
2025-09-27 14:37:34 - ROBOTY.collision - DEBUG - Проверяем коллизии в диапазоне времени: 0.00 - 50.30
2025-09-27 14:37:34 - ROBOTY.collision - WARNING - Коллизия: роботы 3 и 8 в 13.70s, расстояние: 0.413, требуется: 0.500
2025-09-27 14:37:34 - ROBOTY.collision - WARNING - Коллизия: роботы 3 и 8 в 13.80s, расстояние: 0.332, требуется: 0.500
2025-09-27 14:37:34 - ROBOTY.collision - WARNING - Коллизия: роботы 3 и 8 в 13.90s, расстояние: 0.285, требуется: 0.500
2025-09-27 14:37:34 - ROBOTY.collision - WARNING - Коллизия: роботы 3 и 8 в 14.00s, расстояние: 0.286, требуется: 0.500
2025-09-27 14:37:34 - ROBOTY.collision - WARNING - Коллизия: роботы 3 и 8 в 14.10s, расстояние: 0.342, требуется: 0.500
2025-09-27 14:37:34 - ROBOTY.collision - WARNING - Коллизия: роботы 3 и 8 в 14.20s, расстояние: 0.447, требуется: 0.500
2025-09-27 14:37:35 - ROBOTY.collision - WARNING - Коллизия: роботы 1 и 5 в 21.10s, расстояние: 0.493, требуется: 0.500
2025-09-27 14:37:35 - ROBOTY.collision - WARNING - Коллизия: роботы 1 и 5 в 21.20s, расстояние: 0.439, требуется: 0.500
2025-09-27 14:37:35 - ROBOTY.collision - WARNING - Коллизия: роботы 1 и 5 в 21.30s, расстояние: 0.401, требуется: 0.500
2025-09-27 14:37:35 - ROBOTY.collision - WARNING - Коллизия: роботы 1 и 5 в 21.40s, расстояние: 0.383, требуется: 0.500
2025-09-27 14:37:35 - ROBOTY.collision - WARNING - Коллизия: роботы 1 и 5 в 21.50s, расстояние: 0.388, требуется: 0.500
2025-09-27 14:37:35 - ROBOTY.collision - WARNING - Коллизия: роботы 1 и 5 в 21.60s, расстояние: 0.416, требуется: 0.500
2025-09-27 14:37:35 - ROBOTY.collision - WARNING - Коллизия: роботы 1 и 5 в 21.70s, расстояние: 0.461, требуется: 0.500
2025-09-27 14:37:35 - ROBOTY.collision - WARNING - Коллизия: роботы 4 и 5 в 22.00s, расстояние: 0.480, требуется: 0.500
2025-09-27 14:37:35 - ROBOTY.collision - WARNING - Коллизия: роботы 4 и 5 в 22.10s, расстояние: 0.436, требуется: 0.500
2025-09-27 14:37:35 - ROBOTY.collision - WARNING - Коллизия: роботы 4 и 5 в 22.20s, расстояние: 0.417, требуется: 0.500
2025-09-27 14:37:35 - ROBOTY.collision - WARNING - Коллизия: роботы 4 и 5 в 22.30s, расстояние: 0.428, требуется: 0.500
2025-09-27 14:37:35 - ROBOTY.collision - WARNING - Коллизия: роботы 4 и 5 в 22.40s, расстояние: 0.466, требуется: 0.500
2025-09-27 14:37:35 - ROBOTY.collision - WARNING - Коллизия: роботы 1 и 8 в 23.80s, расстояние: 0.479, требуется: 0.500
2025-09-27 14:37:35 - ROBOTY.collision - WARNING - Коллизия: роботы 1 и 8 в 23.90s, расстояние: 0.409, требуется: 0.500
2025-09-27 14:37:35 - ROBOTY.collision - WARNING - Коллизия: роботы 1 и 8 в 24.00s, расстояние: 0.351, требуется: 0.500
2025-09-27 14:37:35 - ROBOTY.collision - WARNING - Коллизия: роботы 1 и 8 в 24.10s, расстояние: 0.311, требуется: 0.500
2025-09-27 14:37:35 - ROBOTY.collision - WARNING - Коллизия: роботы 1 и 8 в 24.20s, расстояние: 0.323, требуется: 0.500
2025-09-27 14:37:35 - ROBOTY.collision - WARNING - Коллизия: роботы 1 и 8 в 24.30s, расстояние: 0.364, требуется: 0.500
2025-09-27 14:37:35 - ROBOTY.collision - WARNING - Коллизия: роботы 1 и 8 в 24.40s, расстояние: 0.425, требуется: 0.500
2025-09-27 14:37:35 - ROBOTY.collision - WARNING - Коллизия: роботы 1 и 8 в 24.50s, расстояние: 0.499, требуется: 0.500
2025-09-27 14:37:35 - ROBOTY.collision - WARNING - Коллизия: роботы 1 и 10 в 25.60s, расстояние: 0.484, требуется: 0.500
2025-09-27 14:37:35 - ROBOTY.collision - WARNING - Коллизия: роботы 1 и 10 в 25.70s, расстояние: 0.455, требуется: 0.500
2025-09-27 14:37:35 - ROBOTY.collision - WARNING - Коллизия: роботы 9 и 10 в 25.70s, расстояние: 0.482, требуется: 0.500
2025-09-27 14:37:35 - ROBOTY.collision - WARNING - Коллизия: роботы 1 и 10 в 25.80s, расстояние: 0.434, требуется: 0.500
2025-09-27 14:37:35 - ROBOTY.collision - WARNING - Коллизия: роботы 9 и 10 в 25.80s, расстояние: 0.466, требуется: 0.500
2025-09-27 14:37:35 - ROBOTY.collision - WARNING - Коллизия: роботы 1 и 10 в 25.90s, расстояние: 0.423, требуется: 0.500
2025-09-27 14:37:35 - ROBOTY.collision - WARNING - Коллизия: роботы 9 и 10 в 25.90s, расстояние: 0.466, требуется: 0.500
2025-09-27 14:37:35 - ROBOTY.collision - WARNING - Коллизия: роботы 1 и 10 в 26.00s, расстояние: 0.421, требуется: 0.500
2025-09-27 14:37:35 - ROBOTY.collision - WARNING - Коллизия: роботы 9 и 10 в 26.00s, расстояние: 0.482, требуется: 0.500
2025-09-27 14:37:35 - ROBOTY.collision - WARNING - Коллизия: роботы 1 и 10 в 26.10s, расстояние: 0.430, требуется: 0.500
2025-09-27 14:37:35 - ROBOTY.collision - WARNING - Коллизия: роботы 1 и 10 в 26.20s, расстояние: 0.448, требуется: 0.500
2025-09-27 14:37:35 - ROBOTY.collision - WARNING - Коллизия: роботы 1 и 10 в 26.30s, расстояние: 0.473, требуется: 0.500
2025-09-27 14:37:35 - ROBOTY.collision - WARNING - Коллизия: роботы 1 и 10 в 26.40s, расстояние: 0.499, требуется: 0.500
2025-09-27 14:37:35 - ROBOTY.collision - WARNING - Коллизия: роботы 2 и 9 в 36.80s, расстояние: 0.467, требуется: 0.500
2025-09-27 14:37:35 - ROBOTY.collision - WARNING - Коллизия: роботы 2 и 9 в 36.90s, расстояние: 0.451, требуется: 0.500
2025-09-27 14:37:35 - ROBOTY.collision - ERROR - Обнаружено 41 коллизий
2025-09-27 14:37:35 - ROBOTY.main - WARNING - Обнаружено 41 коллизий, применяем онлайн-безопасность
2025-09-27 14:37:35 - ROBOTY.safety - INFO - Применяем онлайн-безопасность: вставка пауз при коллизиях
2025-09-27 14:37:35 - ROBOTY.collision - INFO - Начинаем детальную проверку коллизий
2025-09-27 14:37:35 - ROBOTY.collision - DEBUG - Проверяем коллизии в диапазоне времени: 0.00 - 50.30
2025-09-27 14:37:35 - ROBOTY.collision - WARNING - Коллизия: роботы 3 и 8 в 13.65s, расстояние: 0.460, требуется: 0.500
2025-09-27 14:37:35 - ROBOTY.collision - WARNING - Коллизия: роботы 3 и 8 в 13.70s, расстояние: 0.413, требуется: 0.500
2025-09-27 14:37:35 - ROBOTY.collision - WARNING - Коллизия: роботы 3 и 8 в 13.75s, расстояние: 0.370, требуется: 0.500
2025-09-27 14:37:35 - ROBOTY.collision - WARNING - Коллизия: роботы 3 и 8 в 13.80s, расстояние: 0.332, требуется: 0.500
2025-09-27 14:37:35 - ROBOTY.collision - WARNING - Коллизия: роботы 3 и 8 в 13.85s, расстояние: 0.303, требуется: 0.500
2025-09-27 14:37:35 - ROBOTY.collision - WARNING - Коллизия: роботы 3 и 8 в 13.90s, расстояние: 0.285, требуется: 0.500
2025-09-27 14:37:35 - ROBOTY.collision - WARNING - Коллизия: роботы 3 и 8 в 13.95s, расстояние: 0.279, требуется: 0.500
2025-09-27 14:37:35 - ROBOTY.collision - WARNING - Коллизия: роботы 3 и 8 в 14.00s, расстояние: 0.286, требуется: 0.500
2025-09-27 14:37:35 - ROBOTY.collision - WARNING - Коллизия: роботы 3 и 8 в 14.05s, расстояние: 0.306, требуется: 0.500
2025-09-27 14:37:35 - ROBOTY.collision - WARNING - Коллизия: роботы 3 и 8 в 14.10s, расстояние: 0.342, требуется: 0.500
2025-09-27 14:37:35 - ROBOTY.collision - WARNING - Коллизия: роботы 3 и 8 в 14.15s, расстояние: 0.390, требуется: 0.500
2025-09-27 14:37:35 - ROBOTY.collision - WARNING - Коллизия: роботы 3 и 8 в 14.20s, расстояние: 0.447, требуется: 0.500
2025-09-27 14:37:35 - ROBOTY.collision - WARNING - Коллизия: роботы 1 и 5 в 21.10s, расстояние: 0.493, требуется: 0.500
2025-09-27 14:37:35 - ROBOTY.collision - WARNING - Коллизия: роботы 1 и 5 в 21.15s, расстояние: 0.464, требуется: 0.500
2025-09-27 14:37:35 - ROBOTY.collision - WARNING - Коллизия: роботы 1 и 5 в 21.20s, расстояние: 0.439, требуется: 0.500
2025-09-27 14:37:35 - ROBOTY.collision - WARNING - Коллизия: роботы 1 и 5 в 21.25s, расстояние: 0.418, требуется: 0.500
2025-09-27 14:37:35 - ROBOTY.collision - WARNING - Коллизия: роботы 1 и 5 в 21.30s, расстояние: 0.401, требуется: 0.500
2025-09-27 14:37:35 - ROBOTY.collision - WARNING - Коллизия: роботы 1 и 5 в 21.35s, расстояние: 0.389, требуется: 0.500
2025-09-27 14:37:35 - ROBOTY.collision - WARNING - Коллизия: роботы 1 и 5 в 21.40s, расстояние: 0.383, требуется: 0.500
2025-09-27 14:37:35 - ROBOTY.collision - WARNING - Коллизия: роботы 1 и 5 в 21.45s, расстояние: 0.383, требуется: 0.500
2025-09-27 14:37:35 - ROBOTY.collision - WARNING - Коллизия: роботы 1 и 5 в 21.50s, расстояние: 0.388, требуется: 0.500
2025-09-27 14:37:35 - ROBOTY.collision - WARNING - Коллизия: роботы 1 и 5 в 21.55s, расстояние: 0.399, требуется: 0.500
2025-09-27 14:37:35 - ROBOTY.collision - WARNING - Коллизия: роботы 1 и 5 в 21.60s, расстояние: 0.416, требуется: 0.500
2025-09-27 14:37:35 - ROBOTY.collision - WARNING - Коллизия: роботы 1 и 5 в 21.65s, расстояние: 0.437, требуется: 0.500
2025-09-27 14:37:35 - ROBOTY.collision - WARNING - Коллизия: роботы 1 и 5 в 21.70s, расстояние: 0.461, требуется: 0.500
2025-09-27 14:37:35 - ROBOTY.collision - WARNING - Коллизия: роботы 1 и 5 в 21.75s, расстояние: 0.490, требуется: 0.500
2025-09-27 14:37:35 - ROBOTY.collision - WARNING - Коллизия: роботы 4 и 5 в 22.00s, расстояние: 0.480, требуется: 0.500
2025-09-27 14:37:35 - ROBOTY.collision - WARNING - Коллизия: роботы 4 и 5 в 22.05s, расстояние: 0.455, требуется: 0.500
2025-09-27 14:37:35 - ROBOTY.collision - WARNING - Коллизия: роботы 4 и 5 в 22.10s, расстояние: 0.436, требуется: 0.500
2025-09-27 14:37:35 - ROBOTY.collision - WARNING - Коллизия: роботы 4 и 5 в 22.15s, расстояние: 0.423, требуется: 0.500
2025-09-27 14:37:35 - ROBOTY.collision - WARNING - Коллизия: роботы 4 и 5 в 22.20s, расстояние: 0.417, требуется: 0.500
2025-09-27 14:37:35 - ROBOTY.collision - WARNING - Коллизия: роботы 4 и 5 в 22.25s, расстояние: 0.419, требуется: 0.500
2025-09-27 14:37:35 - ROBOTY.collision - WARNING - Коллизия: роботы 4 и 5 в 22.30s, расстояние: 0.428, требуется: 0.500
2025-09-27 14:37:35 - ROBOTY.collision - WARNING - Коллизия: роботы 4 и 5 в 22.35s, расстояние: 0.444, требуется: 0.500
2025-09-27 14:37:35 - ROBOTY.collision - WARNING - Коллизия: роботы 4 и 5 в 22.40s, расстояние: 0.466, требуется: 0.500
2025-09-27 14:37:35 - ROBOTY.collision - WARNING - Коллизия: роботы 4 и 5 в 22.45s, расстояние: 0.493, требуется: 0.500
2025-09-27 14:37:35 - ROBOTY.collision - WARNING - Коллизия: роботы 1 и 8 в 23.80s, расстояние: 0.479, требуется: 0.500
2025-09-27 14:37:35 - ROBOTY.collision - WARNING - Коллизия: роботы 1 и 8 в 23.85s, расстояние: 0.443, требуется: 0.500
2025-09-27 14:37:35 - ROBOTY.collision - WARNING - Коллизия: роботы 1 и 8 в 23.90s, расстояние: 0.409, требуется: 0.500
2025-09-27 14:37:35 - ROBOTY.collision - WARNING - Коллизия: роботы 1 и 8 в 23.95s, расстояние: 0.378, требуется: 0.500
2025-09-27 14:37:35 - ROBOTY.collision - WARNING - Коллизия: роботы 1 и 8 в 24.00s, расстояние: 0.351, требуется: 0.500
2025-09-27 14:37:35 - ROBOTY.collision - WARNING - Коллизия: роботы 1 и 8 в 24.05s, расстояние: 0.328, требуется: 0.500
2025-09-27 14:37:35 - ROBOTY.collision - WARNING - Коллизия: роботы 1 и 8 в 24.10s, расстояние: 0.311, требуется: 0.500
2025-09-27 14:37:35 - ROBOTY.collision - WARNING - Коллизия: роботы 1 и 8 в 24.15s, расстояние: 0.313, требуется: 0.500
2025-09-27 14:37:35 - ROBOTY.collision - WARNING - Коллизия: роботы 1 и 8 в 24.20s, расстояние: 0.323, требуется: 0.500
2025-09-27 14:37:35 - ROBOTY.collision - WARNING - Коллизия: роботы 1 и 8 в 24.25s, расстояние: 0.341, требуется: 0.500
2025-09-27 14:37:35 - ROBOTY.collision - WARNING - Коллизия: роботы 1 и 8 в 24.30s, расстояние: 0.364, требуется: 0.500
2025-09-27 14:37:35 - ROBOTY.collision - WARNING - Коллизия: роботы 1 и 8 в 24.35s, расстояние: 0.393, требуется: 0.500
2025-09-27 14:37:35 - ROBOTY.collision - WARNING - Коллизия: роботы 1 и 8 в 24.40s, расстояние: 0.425, требуется: 0.500
2025-09-27 14:37:35 - ROBOTY.collision - WARNING - Коллизия: роботы 1 и 8 в 24.45s, расстояние: 0.461, требуется: 0.500
2025-09-27 14:37:35 - ROBOTY.collision - WARNING - Коллизия: роботы 1 и 8 в 24.50s, расстояние: 0.499, требуется: 0.500
2025-09-27 14:37:35 - ROBOTY.collision - WARNING - Коллизия: роботы 1 и 10 в 25.60s, расстояние: 0.484, требуется: 0.500
2025-09-27 14:37:35 - ROBOTY.collision - WARNING - Коллизия: роботы 1 и 10 в 25.65s, расстояние: 0.468, требуется: 0.500
2025-09-27 14:37:35 - ROBOTY.collision - WARNING - Коллизия: роботы 9 и 10 в 25.65s, расстояние: 0.496, требуется: 0.500
2025-09-27 14:37:35 - ROBOTY.collision - WARNING - Коллизия: роботы 1 и 10 в 25.70s, расстояние: 0.455, требуется: 0.500
2025-09-27 14:37:35 - ROBOTY.collision - WARNING - Коллизия: роботы 9 и 10 в 25.70s, расстояние: 0.482, требуется: 0.500
2025-09-27 14:37:35 - ROBOTY.collision - WARNING - Коллизия: роботы 1 и 10 в 25.75s, расстояние: 0.444, требуется: 0.500
2025-09-27 14:37:35 - ROBOTY.collision - WARNING - Коллизия: роботы 9 и 10 в 25.75s, расстояние: 0.472, требуется: 0.500
2025-09-27 14:37:35 - ROBOTY.collision - WARNING - Коллизия: роботы 1 и 10 в 25.80s, расстояние: 0.434, требуется: 0.500
2025-09-27 14:37:35 - ROBOTY.collision - WARNING - Коллизия: роботы 9 и 10 в 25.80s, расстояние: 0.466, требуется: 0.500
2025-09-27 14:37:35 - ROBOTY.collision - WARNING - Коллизия: роботы 1 и 10 в 25.85s, расстояние: 0.427, требуется: 0.500
2025-09-27 14:37:35 - ROBOTY.collision - WARNING - Коллизия: роботы 9 и 10 в 25.85s, расстояние: 0.464, требуется: 0.500
2025-09-27 14:37:35 - ROBOTY.collision - WARNING - Коллизия: роботы 1 и 10 в 25.90s, расстояние: 0.423, требуется: 0.500
2025-09-27 14:37:35 - ROBOTY.collision - WARNING - Коллизия: роботы 9 и 10 в 25.90s, расстояние: 0.466, требуется: 0.500
2025-09-27 14:37:35 - ROBOTY.collision - WARNING - Коллизия: роботы 1 и 10 в 25.95s, расстояние: 0.421, требуется: 0.500
2025-09-27 14:37:35 - ROBOTY.collision - WARNING - Коллизия: роботы 9 и 10 в 25.95s, расстояние: 0.472, требуется: 0.500
2025-09-27 14:37:35 - ROBOTY.collision - WARNING - Коллизия: роботы 1 и 10 в 26.00s, расстояние: 0.421, требуется: 0.500
2025-09-27 14:37:35 - ROBOTY.collision - WARNING - Коллизия: роботы 9 и 10 в 26.00s, расстояние: 0.482, требуется: 0.500
2025-09-27 14:37:35 - ROBOTY.collision - WARNING - Коллизия: роботы 1 и 10 в 26.05s, расстояние: 0.424, требуется: 0.500
2025-09-27 14:37:35 - ROBOTY.collision - WARNING - Коллизия: роботы 9 и 10 в 26.05s, расстояние: 0.495, требуется: 0.500
2025-09-27 14:37:35 - ROBOTY.collision - WARNING - Коллизия: роботы 1 и 10 в 26.10s, расстояние: 0.430, требуется: 0.500
2025-09-27 14:37:35 - ROBOTY.collision - WARNING - Коллизия: роботы 1 и 10 в 26.15s, расстояние: 0.437, требуется: 0.500
2025-09-27 14:37:35 - ROBOTY.collision - WARNING - Коллизия: роботы 1 и 10 в 26.20s, расстояние: 0.448, требуется: 0.500
2025-09-27 14:37:35 - ROBOTY.collision - WARNING - Коллизия: роботы 1 и 10 в 26.25s, расстояние: 0.460, требуется: 0.500
2025-09-27 14:37:35 - ROBOTY.collision - WARNING - Коллизия: роботы 1 и 10 в 26.30s, расстояние: 0.473, требуется: 0.500
2025-09-27 14:37:35 - ROBOTY.collision - WARNING - Коллизия: роботы 1 и 10 в 26.35s, расстояние: 0.485, требуется: 0.500
2025-09-27 14:37:35 - ROBOTY.collision - WARNING - Коллизия: роботы 1 и 10 в 26.40s, расстояние: 0.499, требуется: 0.500
2025-09-27 14:37:35 - ROBOTY.collision - WARNING - Коллизия: роботы 2 и 9 в 36.80s, расстояние: 0.467, требуется: 0.500
2025-09-27 14:37:35 - ROBOTY.collision - WARNING - Коллизия: роботы 2 и 9 в 36.85s, расстояние: 0.449, требуется: 0.500
2025-09-27 14:37:35 - ROBOTY.collision - WARNING - Коллизия: роботы 2 и 9 в 36.90s, расстояние: 0.451, требуется: 0.500
2025-09-27 14:37:35 - ROBOTY.collision - WARNING - Коллизия: роботы 2 и 9 в 36.95s, расстояние: 0.472, требуется: 0.500
2025-09-27 14:37:35 - ROBOTY.collision - ERROR - Обнаружено 81 коллизий
2025-09-27 14:37:35 - ROBOTY.safety - DEBUG - Добавлена пауза 0.60s роботу 3 в t=13.65s
2025-09-27 14:37:35 - ROBOTY.safety - DEBUG - Добавлена пауза 0.60s роботу 8 в t=13.65s
2025-09-27 14:37:35 - ROBOTY.safety - DEBUG - Добавлена пауза 0.60s роботу 3 в t=13.70s
2025-09-27 14:37:35 - ROBOTY.safety - DEBUG - Добавлена пауза 0.60s роботу 8 в t=13.70s
2025-09-27 14:37:35 - ROBOTY.safety - DEBUG - Добавлена пауза 0.60s роботу 3 в t=13.75s
2025-09-27 14:37:35 - ROBOTY.safety - DEBUG - Добавлена пауза 0.60s роботу 8 в t=13.75s
2025-09-27 14:37:35 - ROBOTY.safety - DEBUG - Добавлена пауза 0.60s роботу 3 в t=13.80s
2025-09-27 14:37:35 - ROBOTY.safety - DEBUG - Добавлена пауза 0.60s роботу 8 в t=13.80s
2025-09-27 14:37:35 - ROBOTY.safety - DEBUG - Добавлена пауза 0.60s роботу 3 в t=13.85s
2025-09-27 14:37:35 - ROBOTY.safety - DEBUG - Добавлена пауза 0.60s роботу 8 в t=13.85s
2025-09-27 14:37:35 - ROBOTY.safety - DEBUG - Добавлена пауза 0.60s роботу 3 в t=13.90s
2025-09-27 14:37:35 - ROBOTY.safety - DEBUG - Добавлена пауза 0.60s роботу 8 в t=13.90s
2025-09-27 14:37:35 - ROBOTY.safety - DEBUG - Добавлена пауза 0.60s роботу 3 в t=13.95s
2025-09-27 14:37:35 - ROBOTY.safety - DEBUG - Добавлена пауза 0.60s роботу 8 в t=13.95s
2025-09-27 14:37:35 - ROBOTY.safety - DEBUG - Добавлена пауза 0.60s роботу 3 в t=14.00s
2025-09-27 14:37:35 - ROBOTY.safety - DEBUG - Добавлена пауза 0.60s роботу 8 в t=14.00s
2025-09-27 14:37:35 - ROBOTY.safety - DEBUG - Добавлена пауза 0.60s роботу 3 в t=14.05s
2025-09-27 14:37:35 - ROBOTY.safety - DEBUG - Добавлена пауза 0.60s роботу 8 в t=14.05s
2025-09-27 14:37:35 - ROBOTY.safety - DEBUG - Добавлена пауза 0.60s роботу 3 в t=14.10s
2025-09-27 14:37:35 - ROBOTY.safety - DEBUG - Добавлена пауза 0.60s роботу 8 в t=14.10s
2025-09-27 14:37:35 - ROBOTY.safety - DEBUG - Добавлена пауза 0.60s роботу 3 в t=14.15s
2025-09-27 14:37:35 - ROBOTY.safety - DEBUG - Добавлена пауза 0.60s роботу 8 в t=14.15s
2025-09-27 14:37:35 - ROBOTY.safety - DEBUG - Добавлена пауза 0.60s роботу 3 в t=14.20s
2025-09-27 14:37:35 - ROBOTY.safety - DEBUG - Добавлена пауза 0.60s роботу 8 в t=14.20s
2025-09-27 14:37:35 - ROBOTY.safety - DEBUG - Добавлена пауза 0.60s роботу 1 в t=21.10s
2025-09-27 14:37:35 - ROBOTY.safety - DEBUG - Добавлена пауза 0.60s роботу 5 в t=21.10s
2025-09-27 14:37:35 - ROBOTY.safety - DEBUG - Добавлена пауза 0.60s роботу 1 в t=21.15s
2025-09-27 14:37:35 - ROBOTY.safety - DEBUG - Добавлена пауза 0.60s роботу 5 в t=21.15s
2025-09-27 14:37:35 - ROBOTY.safety - DEBUG - Добавлена пауза 0.60s роботу 1 в t=21.20s
2025-09-27 14:37:35 - ROBOTY.safety - DEBUG - Добавлена пауза 0.60s роботу 5 в t=21.20s
2025-09-27 14:37:35 - ROBOTY.safety - DEBUG - Добавлена пауза 0.60s роботу 1 в t=21.25s
2025-09-27 14:37:35 - ROBOTY.safety - DEBUG - Добавлена пауза 0.60s роботу 5 в t=21.25s
2025-09-27 14:37:35 - ROBOTY.safety - DEBUG - Добавлена пауза 0.60s роботу 1 в t=21.30s
2025-09-27 14:37:35 - ROBOTY.safety - DEBUG - Добавлена пауза 0.60s роботу 5 в t=21.30s
2025-09-27 14:37:35 - ROBOTY.safety - DEBUG - Добавлена пауза 0.60s роботу 1 в t=21.35s
2025-09-27 14:37:35 - ROBOTY.safety - DEBUG - Добавлена пауза 0.60s роботу 5 в t=21.35s
2025-09-27 14:37:35 - ROBOTY.safety - DEBUG - Добавлена пауза 0.60s роботу 1 в t=21.40s
2025-09-27 14:37:35 - ROBOTY.safety - DEBUG - Добавлена пауза 0.60s роботу 5 в t=21.40s
2025-09-27 14:37:35 - ROBOTY.safety - DEBUG - Добавлена пауза 0.60s роботу 1 в t=21.45s
2025-09-27 14:37:35 - ROBOTY.safety - DEBUG - Добавлена пауза 0.60s роботу 5 в t=21.45s
2025-09-27 14:37:35 - ROBOTY.safety - DEBUG - Добавлена пауза 0.60s роботу 1 в t=21.50s
2025-09-27 14:37:35 - ROBOTY.safety - DEBUG - Добавлена пауза 0.60s роботу 5 в t=21.50s
2025-09-27 14:37:35 - ROBOTY.safety - DEBUG - Добавлена пауза 0.60s роботу 1 в t=21.55s
2025-09-27 14:37:35 - ROBOTY.safety - DEBUG - Добавлена пауза 0.60s роботу 5 в t=21.55s
2025-09-27 14:37:35 - ROBOTY.safety - DEBUG - Добавлена пауза 0.60s роботу 1 в t=21.60s
2025-09-27 14:37:35 - ROBOTY.safety - DEBUG - Добавлена пауза 0.60s роботу 5 в t=21.60s
2025-09-27 14:37:35 - ROBOTY.safety - DEBUG - Добавлена пауза 0.60s роботу 1 в t=21.65s
2025-09-27 14:37:35 - ROBOTY.safety - DEBUG - Добавлена пауза 0.60s роботу 5 в t=21.65s
2025-09-27 14:37:35 - ROBOTY.safety - DEBUG - Добавлена пауза 0.60s роботу 1 в t=21.70s
2025-09-27 14:37:35 - ROBOTY.safety - DEBUG - Добавлена пауза 0.60s роботу 5 в t=21.70s
2025-09-27 14:37:35 - ROBOTY.safety - DEBUG - Добавлена пауза 0.60s роботу 1 в t=21.75s
2025-09-27 14:37:35 - ROBOTY.safety - DEBUG - Добавлена пауза 0.60s роботу 5 в t=21.75s
2025-09-27 14:37:35 - ROBOTY.safety - DEBUG - Добавлена пауза 0.60s роботу 4 в t=22.00s
2025-09-27 14:37:35 - ROBOTY.safety - DEBUG - Добавлена пауза 0.60s роботу 5 в t=22.00s
2025-09-27 14:37:35 - ROBOTY.safety - DEBUG - Добавлена пауза 0.60s роботу 4 в t=22.05s
2025-09-27 14:37:35 - ROBOTY.safety - DEBUG - Добавлена пауза 0.60s роботу 5 в t=22.05s
2025-09-27 14:37:35 - ROBOTY.safety - DEBUG - Добавлена пауза 0.60s роботу 4 в t=22.10s
2025-09-27 14:37:35 - ROBOTY.safety - DEBUG - Добавлена пауза 0.60s роботу 5 в t=22.10s
2025-09-27 14:37:35 - ROBOTY.safety - DEBUG - Добавлена пауза 0.60s роботу 4 в t=22.15s
2025-09-27 14:37:35 - ROBOTY.safety - DEBUG - Добавлена пауза 0.60s роботу 5 в t=22.15s
2025-09-27 14:37:35 - ROBOTY.safety - DEBUG - Добавлена пауза 0.60s роботу 4 в t=22.20s
2025-09-27 14:37:35 - ROBOTY.safety - DEBUG - Добавлена пауза 0.60s роботу 5 в t=22.20s
2025-09-27 14:37:35 - ROBOTY.safety - DEBUG - Добавлена пауза 0.60s роботу 4 в t=22.25s
2025-09-27 14:37:35 - ROBOTY.safety - DEBUG - Добавлена пауза 0.60s роботу 5 в t=22.25s
2025-09-27 14:37:35 - ROBOTY.safety - DEBUG - Добавлена пауза 0.60s роботу 4 в t=22.30s
2025-09-27 14:37:35 - ROBOTY.safety - DEBUG - Добавлена пауза 0.60s роботу 5 в t=22.30s
2025-09-27 14:37:35 - ROBOTY.safety - DEBUG - Добавлена пауза 0.60s роботу 4 в t=22.35s
2025-09-27 14:37:35 - ROBOTY.safety - DEBUG - Добавлена пауза 0.60s роботу 5 в t=22.35s
2025-09-27 14:37:35 - ROBOTY.safety - DEBUG - Добавлена пауза 0.60s роботу 4 в t=22.40s
2025-09-27 14:37:35 - ROBOTY.safety - DEBUG - Добавлена пауза 0.60s роботу 5 в t=22.40s
2025-09-27 14:37:35 - ROBOTY.safety - DEBUG - Добавлена пауза 0.60s роботу 4 в t=22.45s
2025-09-27 14:37:35 - ROBOTY.safety - DEBUG - Добавлена пауза 0.60s роботу 5 в t=22.45s
2025-09-27 14:37:35 - ROBOTY.safety - DEBUG - Добавлена пауза 0.60s роботу 1 в t=23.80s
2025-09-27 14:37:35 - ROBOTY.safety - DEBUG - Добавлена пауза 0.60s роботу 8 в t=23.80s
2025-09-27 14:37:35 - ROBOTY.safety - DEBUG - Добавлена пауза 0.60s роботу 1 в t=23.85s
2025-09-27 14:37:35 - ROBOTY.safety - DEBUG - Добавлена пауза 0.60s роботу 8 в t=23.85s
2025-09-27 14:37:35 - ROBOTY.safety - DEBUG - Добавлена пауза 0.60s роботу 1 в t=23.90s
2025-09-27 14:37:35 - ROBOTY.safety - DEBUG - Добавлена пауза 0.60s роботу 8 в t=23.90s
2025-09-27 14:37:35 - ROBOTY.safety - DEBUG - Добавлена пауза 0.60s роботу 1 в t=23.95s
2025-09-27 14:37:35 - ROBOTY.safety - DEBUG - Добавлена пауза 0.60s роботу 8 в t=23.95s
2025-09-27 14:37:35 - ROBOTY.safety - DEBUG - Добавлена пауза 0.60s роботу 1 в t=24.00s
2025-09-27 14:37:35 - ROBOTY.safety - DEBUG - Добавлена пауза 0.60s роботу 8 в t=24.00s
2025-09-27 14:37:35 - ROBOTY.safety - DEBUG - Добавлена пауза 0.60s роботу 1 в t=24.05s
2025-09-27 14:37:35 - ROBOTY.safety - DEBUG - Добавлена пауза 0.60s роботу 8 в t=24.05s
2025-09-27 14:37:35 - ROBOTY.safety - DEBUG - Добавлена пауза 0.60s роботу 1 в t=24.10s
2025-09-27 14:37:35 - ROBOTY.safety - DEBUG - Добавлена пауза 0.60s роботу 8 в t=24.10s
2025-09-27 14:37:35 - ROBOTY.safety - DEBUG - Добавлена пауза 0.60s роботу 1 в t=24.15s
2025-09-27 14:37:35 - ROBOTY.safety - DEBUG - Добавлена пауза 0.60s роботу 8 в t=24.15s
2025-09-27 14:37:35 - ROBOTY.safety - DEBUG - Добавлена пауза 0.60s роботу 1 в t=24.20s
2025-09-27 14:37:35 - ROBOTY.safety - DEBUG - Добавлена пауза 0.60s роботу 8 в t=24.20s
2025-09-27 14:37:35 - ROBOTY.safety - DEBUG - Добавлена пауза 0.60s роботу 1 в t=24.25s
2025-09-27 14:37:35 - ROBOTY.safety - DEBUG - Добавлена пауза 0.60s роботу 8 в t=24.25s
2025-09-27 14:37:35 - ROBOTY.safety - DEBUG - Добавлена пауза 0.60s роботу 1 в t=24.30s
2025-09-27 14:37:35 - ROBOTY.safety - DEBUG - Добавлена пауза 0.60s роботу 8 в t=24.30s
2025-09-27 14:37:35 - ROBOTY.safety - DEBUG - Добавлена пауза 0.60s роботу 1 в t=24.35s
2025-09-27 14:37:35 - ROBOTY.safety - DEBUG - Добавлена пауза 0.60s роботу 8 в t=24.35s
2025-09-27 14:37:35 - ROBOTY.safety - DEBUG - Добавлена пауза 0.60s роботу 1 в t=24.40s
2025-09-27 14:37:35 - ROBOTY.safety - DEBUG - Добавлена пауза 0.60s роботу 8 в t=24.40s
2025-09-27 14:37:35 - ROBOTY.safety - DEBUG - Добавлена пауза 0.60s роботу 1 в t=24.45s
2025-09-27 14:37:35 - ROBOTY.safety - DEBUG - Добавлена пауза 0.60s роботу 8 в t=24.45s
2025-09-27 14:37:35 - ROBOTY.safety - DEBUG - Добавлена пауза 0.60s роботу 1 в t=24.50s
2025-09-27 14:37:35 - ROBOTY.safety - DEBUG - Добавлена пауза 0.60s роботу 8 в t=24.50s
2025-09-27 14:37:35 - ROBOTY.safety - DEBUG - Добавлена пауза 0.60s роботу 1 в t=25.60s
2025-09-27 14:37:35 - ROBOTY.safety - DEBUG - Добавлена пауза 0.60s роботу 10 в t=25.60s
2025-09-27 14:37:35 - ROBOTY.safety - DEBUG - Добавлена пауза 0.60s роботу 1 в t=25.65s
2025-09-27 14:37:35 - ROBOTY.safety - DEBUG - Добавлена пауза 0.60s роботу 10 в t=25.65s
2025-09-27 14:37:35 - ROBOTY.safety - DEBUG - Добавлена пауза 0.60s роботу 1 в t=25.70s
2025-09-27 14:37:35 - ROBOTY.safety - DEBUG - Добавлена пауза 0.60s роботу 10 в t=25.70s
2025-09-27 14:37:35 - ROBOTY.safety - DEBUG - Добавлена пауза 0.60s роботу 1 в t=25.75s
2025-09-27 14:37:35 - ROBOTY.safety - DEBUG - Добавлена пауза 0.60s роботу 10 в t=25.75s
2025-09-27 14:37:35 - ROBOTY.safety - DEBUG - Добавлена пауза 0.60s роботу 1 в t=25.80s
2025-09-27 14:37:35 - ROBOTY.safety - DEBUG - Добавлена пауза 0.60s роботу 10 в t=25.80s
2025-09-27 14:37:35 - ROBOTY.safety - DEBUG - Добавлена пауза 0.60s роботу 1 в t=25.85s
2025-09-27 14:37:35 - ROBOTY.safety - DEBUG - Добавлена пауза 0.60s роботу 10 в t=25.85s
2025-09-27 14:37:35 - ROBOTY.safety - DEBUG - Добавлена пауза 0.60s роботу 1 в t=25.90s
2025-09-27 14:37:35 - ROBOTY.safety - DEBUG - Добавлена пауза 0.60s роботу 10 в t=25.90s
2025-09-27 14:37:35 - ROBOTY.safety - DEBUG - Добавлена пауза 0.60s роботу 1 в t=25.95s
2025-09-27 14:37:35 - ROBOTY.safety - DEBUG - Добавлена пауза 0.60s роботу 10 в t=25.95s
2025-09-27 14:37:35 - ROBOTY.safety - DEBUG - Добавлена пауза 0.60s роботу 1 в t=26.00s
2025-09-27 14:37:35 - ROBOTY.safety - DEBUG - Добавлена пауза 0.60s роботу 10 в t=26.00s
2025-09-27 14:37:35 - ROBOTY.safety - DEBUG - Добавлена пауза 0.60s роботу 1 в t=26.05s
2025-09-27 14:37:35 - ROBOTY.safety - DEBUG - Добавлена пауза 0.60s роботу 10 в t=26.05s
2025-09-27 14:37:35 - ROBOTY.safety - DEBUG - Добавлена пауза 0.60s роботу 1 в t=26.10s
2025-09-27 14:37:35 - ROBOTY.safety - DEBUG - Добавлена пауза 0.60s роботу 10 в t=26.10s
2025-09-27 14:37:35 - ROBOTY.safety - DEBUG - Добавлена пауза 0.60s роботу 1 в t=26.15s
2025-09-27 14:37:35 - ROBOTY.safety - DEBUG - Добавлена пауза 0.60s роботу 10 в t=26.15s
2025-09-27 14:37:35 - ROBOTY.safety - DEBUG - Добавлена пауза 0.60s роботу 1 в t=26.20s
2025-09-27 14:37:35 - ROBOTY.safety - DEBUG - Добавлена пауза 0.60s роботу 10 в t=26.20s
2025-09-27 14:37:35 - ROBOTY.safety - DEBUG - Добавлена пауза 0.60s роботу 1 в t=26.25s
2025-09-27 14:37:35 - ROBOTY.safety - DEBUG - Добавлена пауза 0.60s роботу 10 в t=26.25s
2025-09-27 14:37:35 - ROBOTY.safety - DEBUG - Добавлена пауза 0.60s роботу 1 в t=26.30s
2025-09-27 14:37:35 - ROBOTY.safety - DEBUG - Добавлена пауза 0.60s роботу 10 в t=26.30s
2025-09-27 14:37:35 - ROBOTY.safety - DEBUG - Добавлена пауза 0.60s роботу 1 в t=26.35s
2025-09-27 14:37:35 - ROBOTY.safety - DEBUG - Добавлена пауза 0.60s роботу 10 в t=26.35s
2025-09-27 14:37:35 - ROBOTY.safety - DEBUG - Добавлена пауза 0.60s роботу 1 в t=26.40s
2025-09-27 14:37:35 - ROBOTY.safety - DEBUG - Добавлена пауза 0.60s роботу 10 в t=26.40s
2025-09-27 14:37:35 - ROBOTY.safety - DEBUG - Добавлена пауза 0.60s роботу 2 в t=36.80s
2025-09-27 14:37:35 - ROBOTY.safety - DEBUG - Добавлена пауза 0.60s роботу 9 в t=36.80s
2025-09-27 14:37:35 - ROBOTY.safety - DEBUG - Добавлена пауза 0.60s роботу 2 в t=36.85s
2025-09-27 14:37:35 - ROBOTY.safety - DEBUG - Добавлена пауза 0.60s роботу 9 в t=36.85s
2025-09-27 14:37:35 - ROBOTY.safety - DEBUG - Добавлена пауза 0.60s роботу 2 в t=36.90s
2025-09-27 14:37:35 - ROBOTY.safety - DEBUG - Добавлена пауза 0.60s роботу 9 в t=36.90s
2025-09-27 14:37:35 - ROBOTY.safety - DEBUG - Добавлена пауза 0.60s роботу 2 в t=36.95s
2025-09-27 14:37:35 - ROBOTY.safety - DEBUG - Добавлена пауза 0.60s роботу 9 в t=36.95s
2025-09-27 14:37:35 - ROBOTY.safety - INFO - Онлайн-безопасность применена: паузы вставлены
2025-09-27 14:37:35 - ROBOTY.collision - INFO - Начинаем детальную проверку коллизий
2025-09-27 14:37:35 - ROBOTY.collision - DEBUG - Проверяем коллизии в диапазоне времени: 0.00 - 60.50
2025-09-27 14:37:35 - ROBOTY.collision - WARNING - Коллизия: роботы 3 и 8 в 13.70s, расстояние: 0.460, требуется: 0.500
2025-09-27 14:37:35 - ROBOTY.collision - WARNING - Коллизия: роботы 3 и 8 в 13.80s, расстояние: 0.460, требуется: 0.500
2025-09-27 14:37:35 - ROBOTY.collision - WARNING - Коллизия: роботы 3 и 8 в 13.90s, расстояние: 0.460, требуется: 0.500
2025-09-27 14:37:35 - ROBOTY.collision - WARNING - Коллизия: роботы 3 и 8 в 14.00s, расстояние: 0.460, требуется: 0.500
2025-09-27 14:37:35 - ROBOTY.collision - WARNING - Коллизия: роботы 3 и 8 в 14.10s, расстояние: 0.460, требуется: 0.500
2025-09-27 14:37:35 - ROBOTY.collision - WARNING - Коллизия: роботы 3 и 8 в 14.20s, расстояние: 0.460, требуется: 0.500
2025-09-27 14:37:35 - ROBOTY.collision - WARNING - Коллизия: роботы 3 и 8 в 14.30s, расстояние: 0.460, требуется: 0.500
2025-09-27 14:37:35 - ROBOTY.collision - WARNING - Коллизия: роботы 3 и 8 в 14.40s, расстояние: 0.460, требуется: 0.500
2025-09-27 14:37:35 - ROBOTY.collision - WARNING - Коллизия: роботы 3 и 8 в 14.50s, расстояние: 0.460, требуется: 0.500
2025-09-27 14:37:35 - ROBOTY.collision - WARNING - Коллизия: роботы 3 и 8 в 14.60s, расстояние: 0.460, требуется: 0.500
2025-09-27 14:37:35 - ROBOTY.collision - WARNING - Коллизия: роботы 3 и 8 в 14.70s, расстояние: 0.460, требуется: 0.500
2025-09-27 14:37:35 - ROBOTY.collision - WARNING - Коллизия: роботы 3 и 8 в 14.80s, расстояние: 0.460, требуется: 0.500
2025-09-27 14:37:35 - ROBOTY.collision - WARNING - Коллизия: роботы 3 и 8 в 14.90s, расстояние: 0.460, требуется: 0.500
2025-09-27 14:37:35 - ROBOTY.collision - WARNING - Коллизия: роботы 3 и 8 в 15.00s, расстояние: 0.460, требуется: 0.500
2025-09-27 14:37:35 - ROBOTY.collision - WARNING - Коллизия: роботы 3 и 8 в 15.10s, расстояние: 0.460, требуется: 0.500
2025-09-27 14:37:35 - ROBOTY.collision - WARNING - Коллизия: роботы 3 и 8 в 15.20s, расстояние: 0.460, требуется: 0.500
2025-09-27 14:37:35 - ROBOTY.collision - WARNING - Коллизия: роботы 3 и 8 в 15.30s, расстояние: 0.460, требуется: 0.500
2025-09-27 14:37:35 - ROBOTY.collision - WARNING - Коллизия: роботы 3 и 8 в 15.40s, расстояние: 0.460, требуется: 0.500
2025-09-27 14:37:35 - ROBOTY.collision - WARNING - Коллизия: роботы 3 и 8 в 15.50s, расстояние: 0.460, требуется: 0.500
2025-09-27 14:37:35 - ROBOTY.collision - WARNING - Коллизия: роботы 3 и 8 в 15.60s, расстояние: 0.460, требуется: 0.500
2025-09-27 14:37:35 - ROBOTY.collision - WARNING - Коллизия: роботы 3 и 8 в 15.70s, расстояние: 0.460, требуется: 0.500
2025-09-27 14:37:35 - ROBOTY.collision - WARNING - Коллизия: роботы 3 и 8 в 15.80s, расстояние: 0.460, требуется: 0.500
2025-09-27 14:37:35 - ROBOTY.collision - WARNING - Коллизия: роботы 3 и 8 в 15.90s, расстояние: 0.460, требуется: 0.500
2025-09-27 14:37:35 - ROBOTY.collision - WARNING - Коллизия: роботы 2 и 3 в 16.00s, расстояние: 0.391, требуется: 0.500
2025-09-27 14:37:35 - ROBOTY.collision - WARNING - Коллизия: роботы 3 и 8 в 16.00s, расстояние: 0.460, требуется: 0.500
2025-09-27 14:37:35 - ROBOTY.collision - WARNING - Коллизия: роботы 2 и 3 в 16.10s, расстояние: 0.293, требуется: 0.500
2025-09-27 14:37:35 - ROBOTY.collision - WARNING - Коллизия: роботы 3 и 8 в 16.10s, расстояние: 0.460, требуется: 0.500
2025-09-27 14:37:35 - ROBOTY.collision - WARNING - Коллизия: роботы 2 и 3 в 16.20s, расстояние: 0.241, требуется: 0.500
2025-09-27 14:37:35 - ROBOTY.collision - WARNING - Коллизия: роботы 3 и 8 в 16.20s, расстояние: 0.460, требуется: 0.500
2025-09-27 14:37:35 - ROBOTY.collision - WARNING - Коллизия: роботы 2 и 3 в 16.30s, расстояние: 0.262, требуется: 0.500
2025-09-27 14:37:35 - ROBOTY.collision - WARNING - Коллизия: роботы 3 и 8 в 16.30s, расстояние: 0.460, требуется: 0.500
2025-09-27 14:37:35 - ROBOTY.collision - WARNING - Коллизия: роботы 2 и 3 в 16.40s, расстояние: 0.343, требуется: 0.500
2025-09-27 14:37:35 - ROBOTY.collision - WARNING - Коллизия: роботы 3 и 8 в 16.40s, расстояние: 0.460, требуется: 0.500
2025-09-27 14:37:35 - ROBOTY.collision - WARNING - Коллизия: роботы 2 и 3 в 16.50s, расстояние: 0.453, требуется: 0.500
2025-09-27 14:37:35 - ROBOTY.collision - WARNING - Коллизия: роботы 3 и 8 в 16.50s, расстояние: 0.460, требуется: 0.500
2025-09-27 14:37:35 - ROBOTY.collision - WARNING - Коллизия: роботы 3 и 8 в 16.60s, расстояние: 0.460, требуется: 0.500
2025-09-27 14:37:35 - ROBOTY.collision - WARNING - Коллизия: роботы 3 и 8 в 16.70s, расстояние: 0.460, требуется: 0.500
2025-09-27 14:37:35 - ROBOTY.collision - WARNING - Коллизия: роботы 3 и 8 в 16.80s, расстояние: 0.460, требуется: 0.500
2025-09-27 14:37:35 - ROBOTY.collision - WARNING - Коллизия: роботы 3 и 8 в 16.90s, расстояние: 0.460, требуется: 0.500
2025-09-27 14:37:35 - ROBOTY.collision - WARNING - Коллизия: роботы 3 и 8 в 17.00s, расстояние: 0.460, требуется: 0.500
2025-09-27 14:37:35 - ROBOTY.collision - WARNING - Коллизия: роботы 3 и 8 в 17.10s, расстояние: 0.460, требуется: 0.500
2025-09-27 14:37:35 - ROBOTY.collision - WARNING - Коллизия: роботы 3 и 8 в 17.20s, расстояние: 0.460, требуется: 0.500
2025-09-27 14:37:35 - ROBOTY.collision - WARNING - Коллизия: роботы 3 и 8 в 17.30s, расстояние: 0.460, требуется: 0.500
2025-09-27 14:37:35 - ROBOTY.collision - WARNING - Коллизия: роботы 3 и 8 в 17.40s, расстояние: 0.460, требуется: 0.500
2025-09-27 14:37:35 - ROBOTY.collision - WARNING - Коллизия: роботы 3 и 8 в 17.50s, расстояние: 0.460, требуется: 0.500
2025-09-27 14:37:35 - ROBOTY.collision - WARNING - Коллизия: роботы 3 и 8 в 17.60s, расстояние: 0.460, требуется: 0.500
2025-09-27 14:37:35 - ROBOTY.collision - WARNING - Коллизия: роботы 3 и 8 в 17.70s, расстояние: 0.460, требуется: 0.500
2025-09-27 14:37:35 - ROBOTY.collision - WARNING - Коллизия: роботы 3 и 8 в 17.80s, расстояние: 0.460, требуется: 0.500
2025-09-27 14:37:35 - ROBOTY.collision - WARNING - Коллизия: роботы 3 и 8 в 17.90s, расстояние: 0.460, требуется: 0.500
2025-09-27 14:37:35 - ROBOTY.collision - WARNING - Коллизия: роботы 3 и 8 в 18.00s, расстояние: 0.460, требуется: 0.500
2025-09-27 14:37:35 - ROBOTY.collision - WARNING - Коллизия: роботы 3 и 8 в 18.10s, расстояние: 0.460, требуется: 0.500
2025-09-27 14:37:35 - ROBOTY.collision - WARNING - Коллизия: роботы 3 и 8 в 18.20s, расстояние: 0.460, требуется: 0.500
2025-09-27 14:37:35 - ROBOTY.collision - WARNING - Коллизия: роботы 3 и 8 в 18.30s, расстояние: 0.460, требуется: 0.500
2025-09-27 14:37:35 - ROBOTY.collision - WARNING - Коллизия: роботы 3 и 8 в 18.40s, расстояние: 0.460, требуется: 0.500
2025-09-27 14:37:35 - ROBOTY.collision - WARNING - Коллизия: роботы 3 и 8 в 18.50s, расстояние: 0.460, требуется: 0.500
2025-09-27 14:37:35 - ROBOTY.collision - WARNING - Коллизия: роботы 3 и 8 в 18.60s, расстояние: 0.460, требуется: 0.500
2025-09-27 14:37:35 - ROBOTY.collision - WARNING - Коллизия: роботы 3 и 8 в 18.70s, расстояние: 0.460, требуется: 0.500
2025-09-27 14:37:35 - ROBOTY.collision - WARNING - Коллизия: роботы 3 и 8 в 18.80s, расстояние: 0.460, требуется: 0.500
2025-09-27 14:37:35 - ROBOTY.collision - WARNING - Коллизия: роботы 3 и 8 в 18.90s, расстояние: 0.460, требуется: 0.500
2025-09-27 14:37:35 - ROBOTY.collision - WARNING - Коллизия: роботы 3 и 8 в 19.00s, расстояние: 0.460, требуется: 0.500
2025-09-27 14:37:35 - ROBOTY.collision - WARNING - Коллизия: роботы 3 и 8 в 19.10s, расстояние: 0.460, требуется: 0.500
2025-09-27 14:37:35 - ROBOTY.collision - WARNING - Коллизия: роботы 3 и 8 в 19.20s, расстояние: 0.460, требуется: 0.500
2025-09-27 14:37:35 - ROBOTY.collision - WARNING - Коллизия: роботы 3 и 8 в 19.30s, расстояние: 0.460, требуется: 0.500
2025-09-27 14:37:35 - ROBOTY.collision - WARNING - Коллизия: роботы 3 и 8 в 19.40s, расстояние: 0.460, требуется: 0.500
2025-09-27 14:37:35 - ROBOTY.collision - WARNING - Коллизия: роботы 3 и 8 в 19.50s, расстояние: 0.460, требуется: 0.500
2025-09-27 14:37:35 - ROBOTY.collision - WARNING - Коллизия: роботы 3 и 8 в 19.60s, расстояние: 0.460, требуется: 0.500
2025-09-27 14:37:35 - ROBOTY.collision - WARNING - Коллизия: роботы 3 и 8 в 19.70s, расстояние: 0.460, требуется: 0.500
2025-09-27 14:37:35 - ROBOTY.collision - WARNING - Коллизия: роботы 3 и 8 в 19.80s, расстояние: 0.460, требуется: 0.500
2025-09-27 14:37:35 - ROBOTY.collision - WARNING - Коллизия: роботы 3 и 8 в 19.90s, расстояние: 0.460, требуется: 0.500
2025-09-27 14:37:35 - ROBOTY.collision - WARNING - Коллизия: роботы 3 и 8 в 20.00s, расстояние: 0.460, требуется: 0.500
2025-09-27 14:37:35 - ROBOTY.collision - WARNING - Коллизия: роботы 3 и 8 в 20.10s, расстояние: 0.460, требуется: 0.500
2025-09-27 14:37:35 - ROBOTY.collision - WARNING - Коллизия: роботы 3 и 8 в 20.20s, расстояние: 0.460, требуется: 0.500
2025-09-27 14:37:35 - ROBOTY.collision - WARNING - Коллизия: роботы 3 и 8 в 20.30s, расстояние: 0.460, требуется: 0.500
2025-09-27 14:37:35 - ROBOTY.collision - WARNING - Коллизия: роботы 3 и 8 в 20.40s, расстояние: 0.460, требуется: 0.500
2025-09-27 14:37:35 - ROBOTY.collision - WARNING - Коллизия: роботы 3 и 8 в 20.50s, расстояние: 0.460, требуется: 0.500
2025-09-27 14:37:35 - ROBOTY.collision - WARNING - Коллизия: роботы 3 и 8 в 20.60s, расстояние: 0.460, требуется: 0.500
2025-09-27 14:37:35 - ROBOTY.collision - WARNING - Коллизия: роботы 3 и 8 в 20.70s, расстояние: 0.460, требуется: 0.500
2025-09-27 14:37:35 - ROBOTY.collision - WARNING - Коллизия: роботы 3 и 8 в 20.80s, расстояние: 0.460, требуется: 0.500
2025-09-27 14:37:35 - ROBOTY.collision - WARNING - Коллизия: роботы 3 и 8 в 20.90s, расстояние: 0.413, требуется: 0.500
2025-09-27 14:37:35 - ROBOTY.collision - WARNING - Коллизия: роботы 3 и 8 в 21.00s, расстояние: 0.332, требуется: 0.500
2025-09-27 14:37:35 - ROBOTY.collision - WARNING - Коллизия: роботы 1 и 5 в 21.10s, расстояние: 0.493, требуется: 0.500
2025-09-27 14:37:35 - ROBOTY.collision - WARNING - Коллизия: роботы 3 и 8 в 21.10s, расстояние: 0.285, требуется: 0.500
2025-09-27 14:37:35 - ROBOTY.collision - WARNING - Коллизия: роботы 1 и 5 в 21.20s, расстояние: 0.493, требуется: 0.500
2025-09-27 14:37:35 - ROBOTY.collision - WARNING - Коллизия: роботы 3 и 8 в 21.20s, расстояние: 0.286, требуется: 0.500
2025-09-27 14:37:35 - ROBOTY.collision - WARNING - Коллизия: роботы 1 и 5 в 21.30s, расстояние: 0.493, требуется: 0.500
2025-09-27 14:37:35 - ROBOTY.collision - WARNING - Коллизия: роботы 3 и 8 в 21.30s, расстояние: 0.342, требуется: 0.500
2025-09-27 14:37:35 - ROBOTY.collision - WARNING - Коллизия: роботы 1 и 5 в 21.40s, расстояние: 0.493, требуется: 0.500
2025-09-27 14:37:35 - ROBOTY.collision - WARNING - Коллизия: роботы 3 и 8 в 21.40s, расстояние: 0.447, требуется: 0.500
2025-09-27 14:37:35 - ROBOTY.collision - WARNING - Коллизия: роботы 1 и 5 в 21.50s, расстояние: 0.493, требуется: 0.500
2025-09-27 14:37:35 - ROBOTY.collision - WARNING - Коллизия: роботы 1 и 5 в 21.60s, расстояние: 0.493, требуется: 0.500
2025-09-27 14:37:35 - ROBOTY.collision - WARNING - Коллизия: роботы 1 и 5 в 21.70s, расстояние: 0.493, требуется: 0.500
2025-09-27 14:37:35 - ROBOTY.collision - WARNING - Коллизия: роботы 1 и 5 в 21.80s, расстояние: 0.493, требуется: 0.500
2025-09-27 14:37:35 - ROBOTY.collision - WARNING - Коллизия: роботы 1 и 5 в 21.90s, расстояние: 0.493, требуется: 0.500
2025-09-27 14:37:35 - ROBOTY.collision - WARNING - Коллизия: роботы 1 и 5 в 22.00s, расстояние: 0.493, требуется: 0.500
2025-09-27 14:37:35 - ROBOTY.collision - WARNING - Коллизия: роботы 1 и 5 в 22.10s, расстояние: 0.493, требуется: 0.500
2025-09-27 14:37:35 - ROBOTY.collision - WARNING - Коллизия: роботы 1 и 5 в 22.20s, расстояние: 0.493, требуется: 0.500
2025-09-27 14:37:35 - ROBOTY.collision - WARNING - Коллизия: роботы 1 и 5 в 22.30s, расстояние: 0.493, требуется: 0.500
2025-09-27 14:37:35 - ROBOTY.collision - WARNING - Коллизия: роботы 1 и 5 в 22.40s, расстояние: 0.493, требуется: 0.500
2025-09-27 14:37:35 - ROBOTY.collision - WARNING - Коллизия: роботы 1 и 5 в 22.50s, расстояние: 0.493, требуется: 0.500
2025-09-27 14:37:35 - ROBOTY.collision - WARNING - Коллизия: роботы 1 и 5 в 22.60s, расстояние: 0.493, требуется: 0.500
2025-09-27 14:37:35 - ROBOTY.collision - WARNING - Коллизия: роботы 1 и 5 в 22.70s, расстояние: 0.493, требуется: 0.500
2025-09-27 14:37:35 - ROBOTY.collision - WARNING - Коллизия: роботы 1 и 5 в 22.80s, расстояние: 0.493, требуется: 0.500
2025-09-27 14:37:35 - ROBOTY.collision - WARNING - Коллизия: роботы 1 и 5 в 22.90s, расстояние: 0.493, требуется: 0.500
2025-09-27 14:37:35 - ROBOTY.collision - WARNING - Коллизия: роботы 1 и 5 в 23.00s, расстояние: 0.493, требуется: 0.500
2025-09-27 14:37:35 - ROBOTY.collision - WARNING - Коллизия: роботы 1 и 5 в 23.10s, расстояние: 0.493, требуется: 0.500
2025-09-27 14:37:35 - ROBOTY.collision - WARNING - Коллизия: роботы 1 и 5 в 23.20s, расстояние: 0.493, требуется: 0.500
2025-09-27 14:37:35 - ROBOTY.collision - WARNING - Коллизия: роботы 1 и 5 в 23.30s, расстояние: 0.493, требуется: 0.500
2025-09-27 14:37:35 - ROBOTY.collision - WARNING - Коллизия: роботы 1 и 5 в 23.40s, расстояние: 0.493, требуется: 0.500
2025-09-27 14:37:35 - ROBOTY.collision - WARNING - Коллизия: роботы 1 и 5 в 23.50s, расстояние: 0.493, требуется: 0.500
2025-09-27 14:37:35 - ROBOTY.collision - WARNING - Коллизия: роботы 1 и 5 в 23.60s, расстояние: 0.493, требуется: 0.500
2025-09-27 14:37:35 - ROBOTY.collision - WARNING - Коллизия: роботы 1 и 5 в 23.70s, расстояние: 0.493, требуется: 0.500
2025-09-27 14:37:35 - ROBOTY.collision - WARNING - Коллизия: роботы 1 и 5 в 23.80s, расстояние: 0.493, требуется: 0.500
2025-09-27 14:37:35 - ROBOTY.collision - WARNING - Коллизия: роботы 1 и 5 в 23.90s, расстояние: 0.493, требуется: 0.500
2025-09-27 14:37:35 - ROBOTY.collision - WARNING - Коллизия: роботы 1 и 5 в 24.00s, расстояние: 0.493, требуется: 0.500
2025-09-27 14:37:35 - ROBOTY.collision - WARNING - Коллизия: роботы 1 и 5 в 24.10s, расстояние: 0.493, требуется: 0.500
2025-09-27 14:37:35 - ROBOTY.collision - WARNING - Коллизия: роботы 1 и 5 в 24.20s, расстояние: 0.493, требуется: 0.500
2025-09-27 14:37:35 - ROBOTY.collision - WARNING - Коллизия: роботы 1 и 5 в 24.30s, расстояние: 0.493, требуется: 0.500
2025-09-27 14:37:35 - ROBOTY.collision - WARNING - Коллизия: роботы 1 и 5 в 24.40s, расстояние: 0.493, требуется: 0.500
2025-09-27 14:37:35 - ROBOTY.collision - WARNING - Коллизия: роботы 1 и 5 в 24.50s, расстояние: 0.493, требуется: 0.500
2025-09-27 14:37:35 - ROBOTY.collision - WARNING - Коллизия: роботы 1 и 5 в 24.60s, расстояние: 0.493, требуется: 0.500
2025-09-27 14:37:35 - ROBOTY.collision - WARNING - Коллизия: роботы 1 и 5 в 24.70s, расстояние: 0.493, требуется: 0.500
2025-09-27 14:37:35 - ROBOTY.collision - WARNING - Коллизия: роботы 1 и 5 в 24.80s, расстояние: 0.493, требуется: 0.500
2025-09-27 14:37:35 - ROBOTY.collision - WARNING - Коллизия: роботы 1 и 5 в 24.90s, расстояние: 0.493, требуется: 0.500
2025-09-27 14:37:35 - ROBOTY.collision - WARNING - Коллизия: роботы 1 и 5 в 25.00s, расстояние: 0.493, требуется: 0.500
2025-09-27 14:37:35 - ROBOTY.collision - WARNING - Коллизия: роботы 1 и 5 в 25.10s, расстояние: 0.493, требуется: 0.500
2025-09-27 14:37:35 - ROBOTY.collision - WARNING - Коллизия: роботы 1 и 5 в 25.20s, расстояние: 0.493, требуется: 0.500
2025-09-27 14:37:35 - ROBOTY.collision - WARNING - Коллизия: роботы 1 и 5 в 25.30s, расстояние: 0.493, требуется: 0.500
2025-09-27 14:37:35 - ROBOTY.collision - WARNING - Коллизия: роботы 1 и 5 в 25.40s, расстояние: 0.493, требуется: 0.500
2025-09-27 14:37:35 - ROBOTY.collision - WARNING - Коллизия: роботы 1 и 5 в 25.50s, расстояние: 0.493, требуется: 0.500
2025-09-27 14:37:35 - ROBOTY.collision - WARNING - Коллизия: роботы 1 и 5 в 25.60s, расстояние: 0.493, требуется: 0.500
2025-09-27 14:37:35 - ROBOTY.collision - WARNING - Коллизия: роботы 1 и 5 в 25.70s, расстояние: 0.493, требуется: 0.500
2025-09-27 14:37:35 - ROBOTY.collision - WARNING - Коллизия: роботы 1 и 5 в 25.80s, расстояние: 0.493, требуется: 0.500
2025-09-27 14:37:35 - ROBOTY.collision - WARNING - Коллизия: роботы 1 и 5 в 25.90s, расстояние: 0.493, требуется: 0.500
2025-09-27 14:37:35 - ROBOTY.collision - WARNING - Коллизия: роботы 1 и 5 в 26.00s, расстояние: 0.493, требуется: 0.500
2025-09-27 14:37:35 - ROBOTY.collision - WARNING - Коллизия: роботы 1 и 5 в 26.10s, расстояние: 0.493, требуется: 0.500
2025-09-27 14:37:35 - ROBOTY.collision - WARNING - Коллизия: роботы 1 и 5 в 26.20s, расстояние: 0.493, требуется: 0.500
2025-09-27 14:37:35 - ROBOTY.collision - WARNING - Коллизия: роботы 1 и 5 в 26.30s, расстояние: 0.493, требуется: 0.500
2025-09-27 14:37:35 - ROBOTY.collision - WARNING - Коллизия: роботы 1 и 5 в 26.40s, расстояние: 0.493, требуется: 0.500
2025-09-27 14:37:35 - ROBOTY.collision - WARNING - Коллизия: роботы 1 и 5 в 26.50s, расстояние: 0.493, требуется: 0.500
2025-09-27 14:37:35 - ROBOTY.collision - WARNING - Коллизия: роботы 1 и 5 в 26.60s, расстояние: 0.493, требуется: 0.500
2025-09-27 14:37:35 - ROBOTY.collision - WARNING - Коллизия: роботы 1 и 5 в 26.70s, расстояние: 0.493, требуется: 0.500
2025-09-27 14:37:35 - ROBOTY.collision - WARNING - Коллизия: роботы 1 и 5 в 26.80s, расстояние: 0.493, требуется: 0.500
2025-09-27 14:37:35 - ROBOTY.collision - WARNING - Коллизия: роботы 1 и 5 в 26.90s, расстояние: 0.493, требуется: 0.500
2025-09-27 14:37:35 - ROBOTY.collision - WARNING - Коллизия: роботы 1 и 5 в 27.00s, расстояние: 0.493, требуется: 0.500
2025-09-27 14:37:35 - ROBOTY.collision - WARNING - Коллизия: роботы 1 и 5 в 27.10s, расстояние: 0.493, требуется: 0.500
2025-09-27 14:37:35 - ROBOTY.collision - WARNING - Коллизия: роботы 1 и 5 в 27.20s, расстояние: 0.493, требуется: 0.500
2025-09-27 14:37:35 - ROBOTY.collision - WARNING - Коллизия: роботы 1 и 5 в 27.30s, расстояние: 0.493, требуется: 0.500
2025-09-27 14:37:35 - ROBOTY.collision - WARNING - Коллизия: роботы 1 и 5 в 27.40s, расстояние: 0.493, требуется: 0.500
2025-09-27 14:37:35 - ROBOTY.collision - WARNING - Коллизия: роботы 1 и 5 в 27.50s, расстояние: 0.493, требуется: 0.500
2025-09-27 14:37:35 - ROBOTY.collision - WARNING - Коллизия: роботы 1 и 5 в 27.60s, расстояние: 0.493, требуется: 0.500
2025-09-27 14:37:35 - ROBOTY.collision - WARNING - Коллизия: роботы 1 и 5 в 27.70s, расстояние: 0.493, требуется: 0.500
2025-09-27 14:37:35 - ROBOTY.collision - WARNING - Коллизия: роботы 1 и 5 в 27.80s, расстояние: 0.493, требуется: 0.500
2025-09-27 14:37:35 - ROBOTY.collision - WARNING - Коллизия: роботы 1 и 5 в 27.90s, расстояние: 0.493, требуется: 0.500
2025-09-27 14:37:35 - ROBOTY.collision - WARNING - Коллизия: роботы 1 и 5 в 28.00s, расстояние: 0.493, требуется: 0.500
2025-09-27 14:37:35 - ROBOTY.collision - WARNING - Коллизия: роботы 1 и 5 в 28.10s, расстояние: 0.493, требуется: 0.500
2025-09-27 14:37:35 - ROBOTY.collision - WARNING - Коллизия: роботы 1 и 5 в 28.20s, расстояние: 0.493, требуется: 0.500
2025-09-27 14:37:35 - ROBOTY.collision - WARNING - Коллизия: роботы 1 и 5 в 28.30s, расстояние: 0.493, требуется: 0.500
2025-09-27 14:37:35 - ROBOTY.collision - WARNING - Коллизия: роботы 1 и 5 в 28.40s, расстояние: 0.493, требуется: 0.500
2025-09-27 14:37:35 - ROBOTY.collision - WARNING - Коллизия: роботы 1 и 5 в 28.50s, расстояние: 0.493, требуется: 0.500
2025-09-27 14:37:35 - ROBOTY.collision - WARNING - Коллизия: роботы 1 и 5 в 28.60s, расстояние: 0.493, требуется: 0.500
2025-09-27 14:37:35 - ROBOTY.collision - WARNING - Коллизия: роботы 1 и 5 в 28.70s, расстояние: 0.493, требуется: 0.500
2025-09-27 14:37:35 - ROBOTY.collision - WARNING - Коллизия: роботы 1 и 5 в 28.80s, расстояние: 0.493, требуется: 0.500
2025-09-27 14:37:35 - ROBOTY.collision - WARNING - Коллизия: роботы 1 и 5 в 28.90s, расстояние: 0.493, требуется: 0.500
2025-09-27 14:37:35 - ROBOTY.collision - WARNING - Коллизия: роботы 1 и 5 в 29.00s, расстояние: 0.493, требуется: 0.500
2025-09-27 14:37:35 - ROBOTY.collision - WARNING - Коллизия: роботы 1 и 5 в 29.10s, расстояние: 0.493, требуется: 0.500
2025-09-27 14:37:35 - ROBOTY.collision - WARNING - Коллизия: роботы 1 и 5 в 29.20s, расстояние: 0.493, требуется: 0.500
2025-09-27 14:37:35 - ROBOTY.collision - WARNING - Коллизия: роботы 1 и 5 в 29.30s, расстояние: 0.493, требуется: 0.500
2025-09-27 14:37:35 - ROBOTY.collision - WARNING - Коллизия: роботы 1 и 5 в 29.40s, расстояние: 0.493, требуется: 0.500
2025-09-27 14:37:35 - ROBOTY.collision - WARNING - Коллизия: роботы 1 и 5 в 29.50s, расстояние: 0.493, требуется: 0.500
2025-09-27 14:37:35 - ROBOTY.collision - WARNING - Коллизия: роботы 1 и 5 в 29.60s, расстояние: 0.493, требуется: 0.500
2025-09-27 14:37:35 - ROBOTY.collision - WARNING - Коллизия: роботы 1 и 5 в 29.70s, расстояние: 0.493, требуется: 0.500
2025-09-27 14:37:35 - ROBOTY.collision - WARNING - Коллизия: роботы 1 и 5 в 29.80s, расстояние: 0.493, требуется: 0.500
2025-09-27 14:37:35 - ROBOTY.collision - WARNING - Коллизия: роботы 1 и 5 в 29.90s, расстояние: 0.493, требуется: 0.500
2025-09-27 14:37:35 - ROBOTY.collision - WARNING - Коллизия: роботы 6 и 8 в 29.90s, расстояние: 0.432, требуется: 0.500
2025-09-27 14:37:35 - ROBOTY.collision - WARNING - Коллизия: роботы 1 и 5 в 30.00s, расстояние: 0.493, требуется: 0.500
2025-09-27 14:37:35 - ROBOTY.collision - WARNING - Коллизия: роботы 6 и 8 в 30.00s, расстояние: 0.361, требуется: 0.500
2025-09-27 14:37:35 - ROBOTY.collision - WARNING - Коллизия: роботы 1 и 5 в 30.10s, расстояние: 0.493, требуется: 0.500
2025-09-27 14:37:35 - ROBOTY.collision - WARNING - Коллизия: роботы 6 и 8 в 30.10s, расстояние: 0.292, требуется: 0.500
2025-09-27 14:37:35 - ROBOTY.collision - WARNING - Коллизия: роботы 1 и 5 в 30.20s, расстояние: 0.493, требуется: 0.500
2025-09-27 14:37:35 - ROBOTY.collision - WARNING - Коллизия: роботы 6 и 8 в 30.20s, расстояние: 0.228, требуется: 0.500
2025-09-27 14:37:35 - ROBOTY.collision - WARNING - Коллизия: роботы 1 и 5 в 30.30s, расстояние: 0.493, требуется: 0.500
2025-09-27 14:37:35 - ROBOTY.collision - WARNING - Коллизия: роботы 6 и 8 в 30.30s, расстояние: 0.174, требуется: 0.500
2025-09-27 14:37:35 - ROBOTY.collision - WARNING - Коллизия: роботы 1 и 5 в 30.40s, расстояние: 0.493, требуется: 0.500
2025-09-27 14:37:35 - ROBOTY.collision - WARNING - Коллизия: роботы 6 и 8 в 30.40s, расстояние: 0.141, требуется: 0.500
2025-09-27 14:37:35 - ROBOTY.collision - WARNING - Коллизия: роботы 1 и 5 в 30.50s, расстояние: 0.493, требуется: 0.500
2025-09-27 14:37:35 - ROBOTY.collision - WARNING - Коллизия: роботы 6 и 8 в 30.50s, расстояние: 0.145, требуется: 0.500
2025-09-27 14:37:35 - ROBOTY.collision - WARNING - Коллизия: роботы 1 и 5 в 30.60s, расстояние: 0.493, требуется: 0.500
2025-09-27 14:37:35 - ROBOTY.collision - WARNING - Коллизия: роботы 6 и 8 в 30.60s, расстояние: 0.184, требуется: 0.500
2025-09-27 14:37:35 - ROBOTY.collision - WARNING - Коллизия: роботы 1 и 5 в 30.70s, расстояние: 0.493, требуется: 0.500
2025-09-27 14:37:35 - ROBOTY.collision - WARNING - Коллизия: роботы 6 и 8 в 30.70s, расстояние: 0.241, требуется: 0.500
2025-09-27 14:37:35 - ROBOTY.collision - WARNING - Коллизия: роботы 1 и 5 в 30.80s, расстояние: 0.493, требуется: 0.500
2025-09-27 14:37:35 - ROBOTY.collision - WARNING - Коллизия: роботы 6 и 8 в 30.80s, расстояние: 0.307, требуется: 0.500
2025-09-27 14:37:35 - ROBOTY.collision - WARNING - Коллизия: роботы 1 и 5 в 30.90s, расстояние: 0.493, требуется: 0.500
2025-09-27 14:37:35 - ROBOTY.collision - WARNING - Коллизия: роботы 6 и 8 в 30.90s, расстояние: 0.376, требуется: 0.500
2025-09-27 14:37:35 - ROBOTY.collision - WARNING - Коллизия: роботы 1 и 5 в 31.00s, расстояние: 0.493, требуется: 0.500
2025-09-27 14:37:35 - ROBOTY.collision - WARNING - Коллизия: роботы 6 и 8 в 31.00s, расстояние: 0.448, требуется: 0.500
2025-09-27 14:37:35 - ROBOTY.collision - WARNING - Коллизия: роботы 1 и 5 в 31.10s, расстояние: 0.493, требуется: 0.500
2025-09-27 14:37:35 - ROBOTY.collision - WARNING - Коллизия: роботы 1 и 5 в 31.20s, расстояние: 0.493, требуется: 0.500
2025-09-27 14:37:35 - ROBOTY.collision - WARNING - Коллизия: роботы 1 и 5 в 31.30s, расстояние: 0.493, требуется: 0.500
2025-09-27 14:37:35 - ROBOTY.collision - WARNING - Коллизия: роботы 1 и 5 в 31.40s, расстояние: 0.493, требуется: 0.500
2025-09-27 14:37:35 - ROBOTY.collision - WARNING - Коллизия: роботы 4 и 5 в 31.40s, расстояние: 0.485, требуется: 0.500
2025-09-27 14:37:35 - ROBOTY.collision - WARNING - Коллизия: роботы 1 и 5 в 31.50s, расстояние: 0.493, требуется: 0.500
2025-09-27 14:37:35 - ROBOTY.collision - WARNING - Коллизия: роботы 4 и 5 в 31.50s, расстояние: 0.453, требуется: 0.500
2025-09-27 14:37:35 - ROBOTY.collision - WARNING - Коллизия: роботы 1 и 5 в 31.60s, расстояние: 0.493, требуется: 0.500
2025-09-27 14:37:35 - ROBOTY.collision - WARNING - Коллизия: роботы 4 и 5 в 31.60s, расстояние: 0.431, требуется: 0.500
2025-09-27 14:37:35 - ROBOTY.collision - WARNING - Коллизия: роботы 1 и 5 в 31.70s, расстояние: 0.493, требуется: 0.500
2025-09-27 14:37:35 - ROBOTY.collision - WARNING - Коллизия: роботы 4 и 5 в 31.70s, расстояние: 0.421, требуется: 0.500
2025-09-27 14:37:35 - ROBOTY.collision - WARNING - Коллизия: роботы 1 и 5 в 31.80s, расстояние: 0.493, требуется: 0.500
2025-09-27 14:37:35 - ROBOTY.collision - WARNING - Коллизия: роботы 4 и 5 в 31.80s, расстояние: 0.424, требуется: 0.500
2025-09-27 14:37:35 - ROBOTY.collision - WARNING - Коллизия: роботы 1 и 5 в 31.90s, расстояние: 0.493, требуется: 0.500
2025-09-27 14:37:35 - ROBOTY.collision - WARNING - Коллизия: роботы 4 и 5 в 31.90s, расстояние: 0.440, требуется: 0.500
2025-09-27 14:37:35 - ROBOTY.collision - WARNING - Коллизия: роботы 1 и 5 в 32.00s, расстояние: 0.493, требуется: 0.500
2025-09-27 14:37:35 - ROBOTY.collision - WARNING - Коллизия: роботы 4 и 5 в 32.00s, расстояние: 0.467, требуется: 0.500
2025-09-27 14:37:35 - ROBOTY.collision - WARNING - Коллизия: роботы 1 и 5 в 32.10s, расстояние: 0.493, требуется: 0.500
2025-09-27 14:37:35 - ROBOTY.collision - WARNING - Коллизия: роботы 1 и 5 в 32.20s, расстояние: 0.493, требуется: 0.500
2025-09-27 14:37:35 - ROBOTY.collision - WARNING - Коллизия: роботы 1 и 5 в 32.30s, расстояние: 0.493, требуется: 0.500
2025-09-27 14:37:35 - ROBOTY.collision - WARNING - Коллизия: роботы 1 и 5 в 32.40s, расстояние: 0.493, требуется: 0.500
2025-09-27 14:37:35 - ROBOTY.collision - WARNING - Коллизия: роботы 1 и 5 в 32.50s, расстояние: 0.493, требуется: 0.500
2025-09-27 14:37:35 - ROBOTY.collision - WARNING - Коллизия: роботы 1 и 5 в 32.60s, расстояние: 0.493, требуется: 0.500
2025-09-27 14:37:35 - ROBOTY.collision - WARNING - Коллизия: роботы 1 и 5 в 32.70s, расстояние: 0.493, требуется: 0.500
2025-09-27 14:37:35 - ROBOTY.collision - WARNING - Коллизия: роботы 1 и 5 в 32.80s, расстояние: 0.493, требуется: 0.500
2025-09-27 14:37:35 - ROBOTY.collision - WARNING - Коллизия: роботы 1 и 5 в 32.90s, расстояние: 0.493, требуется: 0.500
2025-09-27 14:37:35 - ROBOTY.collision - WARNING - Коллизия: роботы 1 и 5 в 33.00s, расстояние: 0.493, требуется: 0.500
2025-09-27 14:37:35 - ROBOTY.collision - WARNING - Коллизия: роботы 1 и 5 в 33.10s, расстояние: 0.493, требуется: 0.500
2025-09-27 14:37:35 - ROBOTY.collision - WARNING - Коллизия: роботы 1 и 5 в 33.20s, расстояние: 0.493, требуется: 0.500
2025-09-27 14:37:35 - ROBOTY.collision - WARNING - Коллизия: роботы 1 и 5 в 33.30s, расстояние: 0.493, требуется: 0.500
2025-09-27 14:37:35 - ROBOTY.collision - WARNING - Коллизия: роботы 1 и 5 в 33.40s, расстояние: 0.493, требуется: 0.500
2025-09-27 14:37:35 - ROBOTY.collision - WARNING - Коллизия: роботы 1 и 5 в 33.50s, расстояние: 0.493, требуется: 0.500
2025-09-27 14:37:35 - ROBOTY.collision - WARNING - Коллизия: роботы 1 и 5 в 33.60s, расстояние: 0.493, требуется: 0.500
2025-09-27 14:37:35 - ROBOTY.collision - WARNING - Коллизия: роботы 1 и 5 в 33.70s, расстояние: 0.493, требуется: 0.500
2025-09-27 14:37:35 - ROBOTY.collision - WARNING - Коллизия: роботы 1 и 5 в 33.80s, расстояние: 0.493, требуется: 0.500
2025-09-27 14:37:35 - ROBOTY.collision - WARNING - Коллизия: роботы 1 и 5 в 33.90s, расстояние: 0.493, требуется: 0.500
2025-09-27 14:37:35 - ROBOTY.collision - WARNING - Коллизия: роботы 1 и 5 в 34.00s, расстояние: 0.493, требуется: 0.500
2025-09-27 14:37:35 - ROBOTY.collision - WARNING - Коллизия: роботы 1 и 5 в 34.10s, расстояние: 0.493, требуется: 0.500
2025-09-27 14:37:35 - ROBOTY.collision - WARNING - Коллизия: роботы 1 и 5 в 34.20s, расстояние: 0.493, требуется: 0.500
2025-09-27 14:37:35 - ROBOTY.collision - WARNING - Коллизия: роботы 1 и 5 в 34.30s, расстояние: 0.493, требуется: 0.500
2025-09-27 14:37:35 - ROBOTY.collision - WARNING - Коллизия: роботы 1 и 5 в 34.40s, расстояние: 0.493, требуется: 0.500
2025-09-27 14:37:35 - ROBOTY.collision - WARNING - Коллизия: роботы 1 и 5 в 34.50s, расстояние: 0.493, требуется: 0.500
2025-09-27 14:37:35 - ROBOTY.collision - WARNING - Коллизия: роботы 1 и 5 в 34.60s, расстояние: 0.493, требуется: 0.500
2025-09-27 14:37:35 - ROBOTY.collision - WARNING - Коллизия: роботы 1 и 5 в 34.70s, расстояние: 0.493, требуется: 0.500
2025-09-27 14:37:35 - ROBOTY.collision - WARNING - Коллизия: роботы 1 и 5 в 34.80s, расстояние: 0.493, требуется: 0.500
2025-09-27 14:37:35 - ROBOTY.collision - WARNING - Коллизия: роботы 1 и 5 в 34.90s, расстояние: 0.493, требуется: 0.500
2025-09-27 14:37:35 - ROBOTY.collision - WARNING - Коллизия: роботы 1 и 5 в 35.00s, расстояние: 0.493, требуется: 0.500
2025-09-27 14:37:35 - ROBOTY.collision - WARNING - Коллизия: роботы 1 и 5 в 35.10s, расстояние: 0.493, требуется: 0.500
2025-09-27 14:37:35 - ROBOTY.collision - WARNING - Коллизия: роботы 1 и 5 в 35.20s, расстояние: 0.493, требуется: 0.500
2025-09-27 14:37:35 - ROBOTY.collision - WARNING - Коллизия: роботы 1 и 5 в 35.30s, расстояние: 0.493, требуется: 0.500
2025-09-27 14:37:35 - ROBOTY.collision - WARNING - Коллизия: роботы 3 и 10 в 35.30s, расстояние: 0.491, требуется: 0.500
2025-09-27 14:37:35 - ROBOTY.collision - WARNING - Коллизия: роботы 1 и 5 в 35.40s, расстояние: 0.493, требуется: 0.500
2025-09-27 14:37:35 - ROBOTY.collision - WARNING - Коллизия: роботы 3 и 10 в 35.40s, расстояние: 0.451, требуется: 0.500
2025-09-27 14:37:35 - ROBOTY.collision - WARNING - Коллизия: роботы 1 и 5 в 35.50s, расстояние: 0.493, требуется: 0.500
2025-09-27 14:37:35 - ROBOTY.collision - WARNING - Коллизия: роботы 3 и 10 в 35.50s, расстояние: 0.422, требуется: 0.500
2025-09-27 14:37:35 - ROBOTY.collision - WARNING - Коллизия: роботы 1 и 5 в 35.60s, расстояние: 0.493, требуется: 0.500
2025-09-27 14:37:35 - ROBOTY.collision - WARNING - Коллизия: роботы 3 и 10 в 35.60s, расстояние: 0.409, требуется: 0.500
2025-09-27 14:37:35 - ROBOTY.collision - WARNING - Коллизия: роботы 1 и 5 в 35.70s, расстояние: 0.493, требуется: 0.500
2025-09-27 14:37:35 - ROBOTY.collision - WARNING - Коллизия: роботы 3 и 10 в 35.70s, расстояние: 0.411, требуется: 0.500
2025-09-27 14:37:35 - ROBOTY.collision - WARNING - Коллизия: роботы 1 и 5 в 35.80s, расстояние: 0.493, требуется: 0.500
2025-09-27 14:37:35 - ROBOTY.collision - WARNING - Коллизия: роботы 3 и 10 в 35.80s, расстояние: 0.430, требуется: 0.500
2025-09-27 14:37:35 - ROBOTY.collision - WARNING - Коллизия: роботы 1 и 5 в 35.90s, расстояние: 0.493, требуется: 0.500
2025-09-27 14:37:35 - ROBOTY.collision - WARNING - Коллизия: роботы 3 и 10 в 35.90s, расстояние: 0.441, требуется: 0.500
2025-09-27 14:37:35 - ROBOTY.collision - WARNING - Коллизия: роботы 1 и 5 в 36.00s, расстояние: 0.493, требуется: 0.500
2025-09-27 14:37:35 - ROBOTY.collision - WARNING - Коллизия: роботы 3 и 10 в 36.00s, расстояние: 0.453, требуется: 0.500
2025-09-27 14:37:35 - ROBOTY.collision - WARNING - Коллизия: роботы 1 и 5 в 36.10s, расстояние: 0.493, требуется: 0.500
2025-09-27 14:37:35 - ROBOTY.collision - WARNING - Коллизия: роботы 3 и 10 в 36.10s, расстояние: 0.465, требуется: 0.500
2025-09-27 14:37:35 - ROBOTY.collision - WARNING - Коллизия: роботы 1 и 5 в 36.20s, расстояние: 0.493, требуется: 0.500
2025-09-27 14:37:35 - ROBOTY.collision - WARNING - Коллизия: роботы 3 и 10 в 36.20s, расстояние: 0.478, требуется: 0.500
2025-09-27 14:37:35 - ROBOTY.collision - WARNING - Коллизия: роботы 1 и 5 в 36.30s, расстояние: 0.494, требуется: 0.500
2025-09-27 14:37:35 - ROBOTY.collision - WARNING - Коллизия: роботы 3 и 10 в 36.30s, расстояние: 0.492, требуется: 0.500
2025-09-27 14:37:35 - ROBOTY.collision - WARNING - Коллизия: роботы 2 и 9 в 36.80s, расстояние: 0.467, требуется: 0.500
2025-09-27 14:37:35 - ROBOTY.collision - WARNING - Коллизия: роботы 2 и 9 в 36.90s, расстояние: 0.467, требуется: 0.500
2025-09-27 14:37:35 - ROBOTY.collision - WARNING - Коллизия: роботы 2 и 9 в 37.00s, расстояние: 0.467, требуется: 0.500
2025-09-27 14:37:35 - ROBOTY.collision - WARNING - Коллизия: роботы 2 и 9 в 37.10s, расстояние: 0.467, требуется: 0.500
2025-09-27 14:37:35 - ROBOTY.collision - WARNING - Коллизия: роботы 2 и 9 в 37.20s, расстояние: 0.467, требуется: 0.500
2025-09-27 14:37:35 - ROBOTY.collision - WARNING - Коллизия: роботы 2 и 9 в 37.30s, расстояние: 0.467, требуется: 0.500
2025-09-27 14:37:35 - ROBOTY.collision - WARNING - Коллизия: роботы 2 и 9 в 37.40s, расстояние: 0.467, требуется: 0.500
2025-09-27 14:37:35 - ROBOTY.collision - WARNING - Коллизия: роботы 2 и 9 в 37.50s, расстояние: 0.467, требуется: 0.500
2025-09-27 14:37:35 - ROBOTY.collision - WARNING - Коллизия: роботы 2 и 9 в 37.60s, расстояние: 0.467, требуется: 0.500
2025-09-27 14:37:35 - ROBOTY.collision - WARNING - Коллизия: роботы 2 и 9 в 37.70s, расстояние: 0.467, требуется: 0.500
2025-09-27 14:37:35 - ROBOTY.collision - WARNING - Коллизия: роботы 2 и 9 в 37.80s, расстояние: 0.467, требуется: 0.500
2025-09-27 14:37:35 - ROBOTY.collision - WARNING - Коллизия: роботы 2 и 9 в 37.90s, расстояние: 0.467, требуется: 0.500
2025-09-27 14:37:35 - ROBOTY.collision - WARNING - Коллизия: роботы 2 и 9 в 38.00s, расстояние: 0.467, требуется: 0.500
2025-09-27 14:37:35 - ROBOTY.collision - WARNING - Коллизия: роботы 2 и 9 в 38.10s, расстояние: 0.467, требуется: 0.500
2025-09-27 14:37:35 - ROBOTY.collision - WARNING - Коллизия: роботы 2 и 9 в 38.20s, расстояние: 0.467, требуется: 0.500
2025-09-27 14:37:35 - ROBOTY.collision - WARNING - Коллизия: роботы 2 и 9 в 38.30s, расстояние: 0.467, требуется: 0.500
2025-09-27 14:37:35 - ROBOTY.collision - WARNING - Коллизия: роботы 2 и 9 в 38.40s, расстояние: 0.467, требуется: 0.500
2025-09-27 14:37:35 - ROBOTY.collision - WARNING - Коллизия: роботы 2 и 9 в 38.50s, расстояние: 0.467, требуется: 0.500
2025-09-27 14:37:35 - ROBOTY.collision - WARNING - Коллизия: роботы 2 и 9 в 38.60s, расстояние: 0.467, требуется: 0.500
2025-09-27 14:37:35 - ROBOTY.collision - WARNING - Коллизия: роботы 2 и 9 в 38.70s, расстояние: 0.467, требуется: 0.500
2025-09-27 14:37:35 - ROBOTY.collision - WARNING - Коллизия: роботы 2 и 9 в 38.80s, расстояние: 0.467, требуется: 0.500
2025-09-27 14:37:35 - ROBOTY.collision - WARNING - Коллизия: роботы 2 и 9 в 38.90s, расстояние: 0.467, требуется: 0.500
2025-09-27 14:37:35 - ROBOTY.collision - WARNING - Коллизия: роботы 2 и 9 в 39.00s, расстояние: 0.467, требуется: 0.500
2025-09-27 14:37:35 - ROBOTY.collision - WARNING - Коллизия: роботы 2 и 9 в 39.10s, расстояние: 0.467, требуется: 0.500
2025-09-27 14:37:35 - ROBOTY.collision - WARNING - Коллизия: роботы 2 и 9 в 39.20s, расстояние: 0.467, требуется: 0.500
2025-09-27 14:37:35 - ROBOTY.collision - WARNING - Коллизия: роботы 2 и 9 в 39.30s, расстояние: 0.451, требуется: 0.500
2025-09-27 14:37:35 - ROBOTY.collision - ERROR - Обнаружено 293 коллизий
2025-09-27 14:37:35 - ROBOTY.main - WARNING - Коллизии сохраняются после вставки пауз
2025-09-27 14:37:36 - ROBOTY.main - INFO - Запуск десктопного 3D Viewer
2025-09-27 14:37:36 - ROBOTY.3d_viewer - ERROR - Ошибка создания WebView: module 'PySide6.QtWebEngineWidgets' has no attribute 'QWebEngineSettings'
2025-09-27 14:37:37 - ROBOTY.3d_viewer - INFO - Создана встроенная 3D визуализация с matplotlib
2025-09-27 14:37:37 - ROBOTY.3d_viewer - INFO - Получены данные плана: 10 роботов
2025-09-27 14:37:37 - ROBOTY.3d_viewer - INFO - Начинаем генерацию 3D визуализации
2025-09-27 14:37:37 - ROBOTY.3d_viewer - INFO - Тип визуализации: 3d_desktop
2025-09-27 14:37:37 - ROBOTY.3d_viewer - INFO - Количество роботов: 10
2025-09-27 14:37:37 - ROBOTY.3d_viewer - INFO - Применены оптимизации для большой сцены (3D модели сохранены)
2025-09-27 14:37:37 - ROBOTY.3d_viewer - INFO - Применены максимальные оптимизации для очень большой сцены (3D модели сохранены)
2025-09-27 14:37:37 - ROBOTY.3d_viewer - INFO - Добавлена 3D модель робота KUKA KR 300
2025-09-27 14:37:37 - ROBOTY.3d_viewer - INFO - Добавлена модель руки
2025-09-27 14:37:37 - ROBOTY.3d_viewer - INFO - Используем matplotlib визуализацию
2025-09-27 14:37:38 - ROBOTY.3d_viewer - INFO - matplotlib визуализация создана
2025-09-27 14:37:38 - ROBOTY.3d_viewer - INFO - 3D визуализация успешно сгенерирована
2025-09-27 14:37:38 - ROBOTY.3d_viewer - INFO - 3D Viewer инициализирован
2025-09-27 14:37:38 - ROBOTY.main - INFO - Десктопный 3D Viewer успешно запущен
2025-09-27 14:38:26 - ROBOTY.3d_viewer - INFO - Закрытие 3D Viewer
